INFO: Running with entropic power schedule (0xFF, 100).
INFO: Seed: 3876758622
INFO: Loaded 1 modules   (70 inline 8-bit counters): 70 [0x562d6c240030, 0x562d6c240076), 
INFO: Loaded 1 PC tables (70 PCs): 70 [0xc000068000,0xc000068460), 
INFO:       10 files found in corpus
INFO: -max_len is not provided; libFuzzer will not generate inputs larger than 4096 bytes
INFO: seed corpus: files: 10 min: 1b max: 1900b total: 4313b rss: 30Mb
#11	INITED cov: 11 ft: 26 corp: 4/38b exec/s: 0 rss: 30Mb
#13	NEW    cov: 11 ft: 27 corp: 5/40b lim: 27 exec/s: 0 rss: 30Mb L: 2/27 MS: 2 ChangeBit-EraseBytes-
#17	NEW    cov: 11 ft: 29 corp: 6/65b lim: 27 exec/s: 0 rss: 30Mb L: 25/27 MS: 4 ChangeBinInt-ShuffleBytes-CopyPart-EraseBytes-
#20	NEW    cov: 11 ft: 30 corp: 7/79b lim: 27 exec/s: 0 rss: 30Mb L: 14/27 MS: 3 ChangeByte-CMP-EraseBytes- DE: "\000\000"-
#22	NEW    cov: 11 ft: 31 corp: 8/96b lim: 27 exec/s: 0 rss: 30Mb L: 17/27 MS: 2 CopyPart-InsertRepeatedBytes-
#46	NEW    cov: 11 ft: 32 corp: 9/107b lim: 27 exec/s: 0 rss: 30Mb L: 11/27 MS: 4 ChangeBit-PersAutoDict-ChangeBit-EraseBytes- DE: "\000\000"-
#82	NEW    cov: 11 ft: 33 corp: 10/119b lim: 27 exec/s: 0 rss: 30Mb L: 12/27 MS: 1 InsertByte-
#110	REDUCE cov: 11 ft: 33 corp: 10/118b lim: 27 exec/s: 0 rss: 30Mb L: 10/27 MS: 3 ShuffleBytes-ChangeBit-EraseBytes-
#123	REDUCE cov: 11 ft: 35 corp: 11/133b lim: 27 exec/s: 0 rss: 30Mb L: 15/27 MS: 3 ChangeByte-ChangeBinInt-CopyPart-
#142	REDUCE cov: 11 ft: 35 corp: 11/131b lim: 27 exec/s: 0 rss: 30Mb L: 8/27 MS: 4 InsertByte-PersAutoDict-ChangeByte-EraseBytes- DE: "\000\000"-
#165	NEW    cov: 11 ft: 36 corp: 12/147b lim: 27 exec/s: 0 rss: 30Mb L: 16/27 MS: 3 ChangeByte-ChangeByte-EraseBytes-
#348	REDUCE cov: 11 ft: 36 corp: 12/143b lim: 27 exec/s: 0 rss: 30Mb L: 21/27 MS: 3 ChangeBit-ChangeByte-EraseBytes-
#389	REDUCE cov: 13 ft: 42 corp: 13/164b lim: 27 exec/s: 0 rss: 30Mb L: 21/27 MS: 1 ChangeBinInt-
#470	NEW    cov: 13 ft: 44 corp: 14/185b lim: 27 exec/s: 0 rss: 30Mb L: 21/27 MS: 1 CopyPart-
#516	NEW    cov: 13 ft: 45 corp: 15/206b lim: 27 exec/s: 0 rss: 30Mb L: 21/27 MS: 1 ChangeByte-
#533	NEW    cov: 13 ft: 46 corp: 16/229b lim: 27 exec/s: 0 rss: 30Mb L: 23/27 MS: 2 CrossOver-PersAutoDict- DE: "\000\000"-
#544	NEW    cov: 13 ft: 47 corp: 17/253b lim: 27 exec/s: 0 rss: 30Mb L: 24/27 MS: 1 CrossOver-
#560	NEW    cov: 13 ft: 48 corp: 18/274b lim: 27 exec/s: 0 rss: 30Mb L: 21/27 MS: 1 ChangeByte-
#655	NEW    cov: 25 ft: 93 corp: 19/294b lim: 27 exec/s: 0 rss: 30Mb L: 20/27 MS: 5 CrossOver-InsertByte-ChangeBit-InsertRepeatedBytes-EraseBytes-
#694	NEW    cov: 25 ft: 94 corp: 20/312b lim: 27 exec/s: 0 rss: 30Mb L: 18/27 MS: 4 ShuffleBytes-ChangeBinInt-PersAutoDict-EraseBytes- DE: "\000\000"-
#770	NEW    cov: 25 ft: 95 corp: 21/331b lim: 27 exec/s: 0 rss: 30Mb L: 19/27 MS: 1 EraseBytes-
#842	NEW    cov: 25 ft: 102 corp: 22/353b lim: 27 exec/s: 0 rss: 30Mb L: 22/27 MS: 2 ChangeBit-CopyPart-
#879	REDUCE cov: 25 ft: 102 corp: 22/345b lim: 27 exec/s: 0 rss: 30Mb L: 15/27 MS: 2 EraseBytes-CrossOver-
#886	NEW    cov: 25 ft: 103 corp: 23/363b lim: 27 exec/s: 0 rss: 30Mb L: 18/27 MS: 2 ChangeByte-ChangeByte-
#913	NEW    cov: 25 ft: 104 corp: 24/383b lim: 27 exec/s: 0 rss: 30Mb L: 20/27 MS: 2 ChangeByte-PersAutoDict- DE: "\000\000"-
#994	NEW    cov: 25 ft: 105 corp: 25/401b lim: 27 exec/s: 0 rss: 30Mb L: 18/27 MS: 1 ChangeBinInt-
#995	NEW    cov: 25 ft: 106 corp: 26/421b lim: 27 exec/s: 0 rss: 30Mb L: 20/27 MS: 1 ChangeBit-
#1112	NEW    cov: 25 ft: 107 corp: 27/443b lim: 27 exec/s: 0 rss: 30Mb L: 22/27 MS: 2 CopyPart-InsertByte-
#1133	REDUCE cov: 25 ft: 107 corp: 27/439b lim: 27 exec/s: 0 rss: 30Mb L: 18/27 MS: 1 EraseBytes-
#1296	NEW    cov: 25 ft: 110 corp: 28/465b lim: 27 exec/s: 0 rss: 30Mb L: 26/27 MS: 3 PersAutoDict-ChangeByte-ChangeBinInt- DE: "\000\000"-
#1463	REDUCE cov: 25 ft: 110 corp: 28/463b lim: 27 exec/s: 0 rss: 30Mb L: 20/27 MS: 2 ChangeBinInt-EraseBytes-
#1500	NEW    cov: 25 ft: 111 corp: 29/485b lim: 27 exec/s: 0 rss: 30Mb L: 22/27 MS: 2 InsertRepeatedBytes-ChangeBit-
#1526	REDUCE cov: 25 ft: 111 corp: 29/483b lim: 27 exec/s: 0 rss: 30Mb L: 19/27 MS: 1 EraseBytes-
#1532	NEW    cov: 25 ft: 112 corp: 30/503b lim: 27 exec/s: 0 rss: 30Mb L: 20/27 MS: 1 ChangeBit-
#1570	REDUCE cov: 25 ft: 112 corp: 30/500b lim: 27 exec/s: 0 rss: 30Mb L: 15/27 MS: 3 ChangeByte-ChangeByte-EraseBytes-
#1587	REDUCE cov: 25 ft: 112 corp: 30/498b lim: 27 exec/s: 0 rss: 30Mb L: 19/27 MS: 2 ChangeBinInt-EraseBytes-
#1648	REDUCE cov: 25 ft: 112 corp: 30/494b lim: 27 exec/s: 0 rss: 30Mb L: 16/27 MS: 1 EraseBytes-
#1776	NEW    cov: 25 ft: 113 corp: 31/510b lim: 27 exec/s: 0 rss: 30Mb L: 16/27 MS: 3 ChangeBit-EraseBytes-ChangeBinInt-
#1901	REDUCE cov: 25 ft: 113 corp: 31/506b lim: 27 exec/s: 0 rss: 30Mb L: 15/27 MS: 5 ChangeBit-ChangeByte-CopyPart-InsertRepeatedBytes-EraseBytes-
#1915	REDUCE cov: 25 ft: 114 corp: 32/524b lim: 27 exec/s: 0 rss: 30Mb L: 18/27 MS: 4 EraseBytes-InsertByte-InsertRepeatedBytes-InsertByte-
#2076	REDUCE cov: 25 ft: 114 corp: 32/522b lim: 27 exec/s: 0 rss: 30Mb L: 24/27 MS: 1 EraseBytes-
#2368	REDUCE cov: 25 ft: 114 corp: 32/517b lim: 27 exec/s: 0 rss: 30Mb L: 17/27 MS: 2 ShuffleBytes-EraseBytes-
#2794	NEW    cov: 25 ft: 115 corp: 33/548b lim: 31 exec/s: 0 rss: 31Mb L: 31/31 MS: 1 CrossOver-
#2832	REDUCE cov: 25 ft: 116 corp: 34/577b lim: 31 exec/s: 0 rss: 31Mb L: 29/31 MS: 3 EraseBytes-InsertRepeatedBytes-InsertRepeatedBytes-
#3077	REDUCE cov: 25 ft: 116 corp: 34/575b lim: 31 exec/s: 0 rss: 31Mb L: 16/31 MS: 5 ShuffleBytes-ChangeByte-ChangeBit-InsertByte-EraseBytes-
#3168	REDUCE cov: 25 ft: 117 corp: 35/591b lim: 31 exec/s: 0 rss: 31Mb L: 16/31 MS: 1 ChangeBit-
#3608	NEW    cov: 25 ft: 119 corp: 36/625b lim: 35 exec/s: 0 rss: 31Mb L: 34/34 MS: 5 CopyPart-ShuffleBytes-InsertByte-CMP-InsertRepeatedBytes- DE: "\377\377"-
#3696	REDUCE cov: 25 ft: 120 corp: 37/658b lim: 35 exec/s: 0 rss: 31Mb L: 33/34 MS: 3 CrossOver-CopyPart-InsertByte-
#3709	NEW    cov: 25 ft: 121 corp: 38/680b lim: 35 exec/s: 0 rss: 31Mb L: 22/34 MS: 3 CopyPart-PersAutoDict-ChangeBinInt- DE: "\000\000"-
#3798	REDUCE cov: 25 ft: 121 corp: 38/679b lim: 35 exec/s: 0 rss: 31Mb L: 18/34 MS: 4 ChangeBinInt-CopyPart-CrossOver-InsertRepeatedBytes-
#4259	REDUCE cov: 25 ft: 121 corp: 38/678b lim: 35 exec/s: 0 rss: 31Mb L: 15/34 MS: 1 EraseBytes-
#4293	REDUCE cov: 25 ft: 121 corp: 38/672b lim: 35 exec/s: 0 rss: 31Mb L: 15/34 MS: 4 ChangeByte-ChangeBit-ChangeByte-EraseBytes-
#4713	REDUCE cov: 25 ft: 121 corp: 38/670b lim: 35 exec/s: 0 rss: 31Mb L: 16/34 MS: 5 ChangeBinInt-EraseBytes-ChangeBit-ChangeBit-InsertRepeatedBytes-
#5865	NEW    cov: 25 ft: 122 corp: 39/692b lim: 45 exec/s: 0 rss: 31Mb L: 22/34 MS: 2 CMP-ChangeBinInt- DE: "\031\000\000\000\000\000\000\000"-
#6456	NEW    cov: 25 ft: 123 corp: 40/712b lim: 50 exec/s: 0 rss: 31Mb L: 20/34 MS: 1 ChangeByte-
#6462	NEW    cov: 25 ft: 125 corp: 41/728b lim: 50 exec/s: 0 rss: 31Mb L: 16/34 MS: 1 ChangeByte-
#6579	REDUCE cov: 25 ft: 125 corp: 41/724b lim: 50 exec/s: 0 rss: 31Mb L: 20/34 MS: 2 ShuffleBytes-EraseBytes-
#6696	REDUCE cov: 25 ft: 125 corp: 41/722b lim: 50 exec/s: 0 rss: 31Mb L: 18/34 MS: 2 EraseBytes-InsertByte-
#7437	REDUCE cov: 25 ft: 125 corp: 41/721b lim: 55 exec/s: 0 rss: 32Mb L: 15/34 MS: 1 EraseBytes-
#7654	REDUCE cov: 25 ft: 125 corp: 41/720b lim: 55 exec/s: 0 rss: 32Mb L: 16/34 MS: 2 ShuffleBytes-EraseBytes-
#7670	REDUCE cov: 25 ft: 125 corp: 41/718b lim: 55 exec/s: 0 rss: 32Mb L: 16/34 MS: 1 EraseBytes-
#9046	NEW    cov: 25 ft: 126 corp: 42/740b lim: 65 exec/s: 0 rss: 32Mb L: 22/34 MS: 1 EraseBytes-
#10257	REDUCE cov: 25 ft: 126 corp: 42/739b lim: 77 exec/s: 0 rss: 32Mb L: 15/34 MS: 1 EraseBytes-
#11280	REDUCE cov: 25 ft: 126 corp: 42/737b lim: 83 exec/s: 0 rss: 32Mb L: 18/34 MS: 3 ShuffleBytes-ChangeBinInt-CrossOver-
#12376	NEW    cov: 25 ft: 127 corp: 43/759b lim: 89 exec/s: 0 rss: 33Mb L: 22/34 MS: 1 ChangeByte-
#13171	REDUCE cov: 25 ft: 127 corp: 43/757b lim: 95 exec/s: 0 rss: 33Mb L: 18/34 MS: 5 ChangeByte-InsertByte-ShuffleBytes-InsertByte-EraseBytes-
#13767	REDUCE cov: 25 ft: 127 corp: 43/755b lim: 95 exec/s: 0 rss: 33Mb L: 16/34 MS: 1 EraseBytes-
#15268	REDUCE cov: 25 ft: 127 corp: 43/753b lim: 107 exec/s: 0 rss: 33Mb L: 16/34 MS: 1 EraseBytes-
#17169	REDUCE cov: 25 ft: 127 corp: 43/752b lim: 125 exec/s: 0 rss: 34Mb L: 15/34 MS: 1 EraseBytes-
#17770	REDUCE cov: 25 ft: 127 corp: 43/750b lim: 125 exec/s: 0 rss: 34Mb L: 17/34 MS: 1 EraseBytes-
#18552	REDUCE cov: 25 ft: 127 corp: 43/748b lim: 131 exec/s: 0 rss: 34Mb L: 15/34 MS: 2 ShuffleBytes-EraseBytes-
#19950	REDUCE cov: 25 ft: 128 corp: 44/779b lim: 138 exec/s: 0 rss: 34Mb L: 31/34 MS: 3 EraseBytes-ShuffleBytes-CrossOver-
#20276	REDUCE cov: 25 ft: 128 corp: 44/772b lim: 138 exec/s: 0 rss: 34Mb L: 24/34 MS: 1 EraseBytes-
#20337	REDUCE cov: 25 ft: 128 corp: 44/770b lim: 138 exec/s: 0 rss: 34Mb L: 20/34 MS: 1 EraseBytes-
#20352	REDUCE cov: 25 ft: 128 corp: 44/768b lim: 138 exec/s: 0 rss: 34Mb L: 18/34 MS: 5 PersAutoDict-CopyPart-ShuffleBytes-InsertByte-EraseBytes- DE: "\031\000\000\000\000\000\000\000"-
#20613	REDUCE cov: 25 ft: 128 corp: 44/765b lim: 138 exec/s: 0 rss: 34Mb L: 21/34 MS: 1 EraseBytes-
#21816	REDUCE cov: 25 ft: 128 corp: 44/763b lim: 145 exec/s: 0 rss: 34Mb L: 20/34 MS: 3 InsertByte-PersAutoDict-EraseBytes- DE: "\377\377"-
#22638	REDUCE cov: 25 ft: 128 corp: 44/761b lim: 152 exec/s: 0 rss: 34Mb L: 18/34 MS: 2 PersAutoDict-EraseBytes- DE: "\031\000\000\000\000\000\000\000"-
#22979	REDUCE cov: 25 ft: 128 corp: 44/757b lim: 152 exec/s: 0 rss: 34Mb L: 17/34 MS: 1 EraseBytes-
#23298	REDUCE cov: 25 ft: 129 corp: 45/777b lim: 152 exec/s: 0 rss: 34Mb L: 20/34 MS: 4 ChangeBinInt-CrossOver-ChangeByte-EraseBytes-
#23418	REDUCE cov: 25 ft: 129 corp: 45/775b lim: 152 exec/s: 0 rss: 34Mb L: 18/34 MS: 5 ChangeByte-EraseBytes-ChangeBinInt-InsertByte-PersAutoDict- DE: "\000\000"-
#25824	REDUCE cov: 25 ft: 129 corp: 45/773b lim: 173 exec/s: 0 rss: 34Mb L: 16/34 MS: 1 EraseBytes-
#26276	REDUCE cov: 25 ft: 129 corp: 45/771b lim: 173 exec/s: 0 rss: 34Mb L: 15/34 MS: 2 ChangeBinInt-EraseBytes-
#26635	REDUCE cov: 25 ft: 129 corp: 45/767b lim: 173 exec/s: 0 rss: 34Mb L: 20/34 MS: 4 InsertByte-CrossOver-CopyPart-EraseBytes-
#31488	REDUCE cov: 25 ft: 129 corp: 45/765b lim: 215 exec/s: 0 rss: 34Mb L: 20/34 MS: 3 ShuffleBytes-EraseBytes-PersAutoDict- DE: "\000\000"-
#31923	REDUCE cov: 25 ft: 129 corp: 45/764b lim: 215 exec/s: 0 rss: 34Mb L: 17/34 MS: 5 CrossOver-ShuffleBytes-EraseBytes-ShuffleBytes-CrossOver-
#32284	REDUCE cov: 25 ft: 129 corp: 45/762b lim: 215 exec/s: 0 rss: 34Mb L: 19/34 MS: 1 EraseBytes-
#35258	REDUCE cov: 25 ft: 129 corp: 45/760b lim: 243 exec/s: 0 rss: 35Mb L: 18/34 MS: 4 InsertByte-ChangeBit-CrossOver-EraseBytes-
#40107	REDUCE cov: 25 ft: 130 corp: 46/786b lim: 289 exec/s: 0 rss: 35Mb L: 26/34 MS: 4 CrossOver-CMP-CopyPart-ChangeBinInt- DE: "\001\000\000\000\000\000\000\034"-
#45270	REDUCE cov: 25 ft: 130 corp: 46/784b lim: 337 exec/s: 0 rss: 35Mb L: 18/34 MS: 3 CrossOver-ShuffleBytes-EraseBytes-
#46443	NEW    cov: 25 ft: 131 corp: 47/810b lim: 345 exec/s: 0 rss: 35Mb L: 26/34 MS: 3 EraseBytes-InsertByte-ChangeByte-
#47395	REDUCE cov: 25 ft: 131 corp: 47/808b lim: 353 exec/s: 0 rss: 35Mb L: 16/34 MS: 2 CrossOver-EraseBytes-
#47604	REDUCE cov: 25 ft: 133 corp: 48/828b lim: 353 exec/s: 0 rss: 35Mb L: 20/34 MS: 4 InsertByte-EraseBytes-CrossOver-CopyPart-
#47612	NEW    cov: 25 ft: 134 corp: 49/855b lim: 353 exec/s: 0 rss: 35Mb L: 27/34 MS: 3 InsertByte-ShuffleBytes-ChangeBit-
#47723	REDUCE cov: 25 ft: 134 corp: 49/853b lim: 353 exec/s: 0 rss: 35Mb L: 17/34 MS: 1 EraseBytes-
#48799	REDUCE cov: 25 ft: 134 corp: 49/851b lim: 361 exec/s: 0 rss: 35Mb L: 16/34 MS: 1 EraseBytes-
#59556	REDUCE cov: 25 ft: 134 corp: 49/849b lim: 465 exec/s: 0 rss: 35Mb L: 16/34 MS: 2 EraseBytes-CrossOver-
#64716	REDUCE cov: 25 ft: 134 corp: 49/847b lim: 513 exec/s: 0 rss: 35Mb L: 18/34 MS: 5 PersAutoDict-EraseBytes-InsertByte-CopyPart-CrossOver- DE: "\001\000\000\000\000\000\000\034"-
#65342	REDUCE cov: 25 ft: 135 corp: 50/862b lim: 513 exec/s: 0 rss: 35Mb L: 15/34 MS: 1 CMP- DE: "\000\000\000\000\000\000\000\034"-
#67609	REDUCE cov: 25 ft: 135 corp: 50/860b lim: 531 exec/s: 0 rss: 35Mb L: 18/34 MS: 2 EraseBytes-InsertByte-
#73642	REDUCE cov: 25 ft: 135 corp: 50/859b lim: 585 exec/s: 0 rss: 35Mb L: 16/34 MS: 3 EraseBytes-ChangeByte-PersAutoDict- DE: "\377\377"-
#82913	REDUCE cov: 25 ft: 135 corp: 50/857b lim: 675 exec/s: 0 rss: 35Mb L: 16/34 MS: 1 EraseBytes-
#92135	REDUCE cov: 25 ft: 135 corp: 50/856b lim: 765 exec/s: 0 rss: 35Mb L: 15/34 MS: 2 InsertRepeatedBytes-EraseBytes-
#93771	REDUCE cov: 25 ft: 135 corp: 50/854b lim: 774 exec/s: 0 rss: 35Mb L: 18/34 MS: 1 EraseBytes-
#96929	REDUCE cov: 25 ft: 135 corp: 50/851b lim: 801 exec/s: 0 rss: 35Mb L: 24/34 MS: 3 InsertByte-ChangeBinInt-EraseBytes-
#111138	REDUCE cov: 30 ft: 156 corp: 51/871b lim: 936 exec/s: 0 rss: 35Mb L: 20/34 MS: 4 InsertRepeatedBytes-ChangeByte-EraseBytes-EraseBytes-
#114399	NEW    cov: 30 ft: 164 corp: 52/891b lim: 963 exec/s: 0 rss: 35Mb L: 20/34 MS: 1 ChangeByte-
#117572	NEW    cov: 30 ft: 167 corp: 53/911b lim: 990 exec/s: 0 rss: 35Mb L: 20/34 MS: 3 ChangeBinInt-ShuffleBytes-ChangeBit-
#118159	NEW    cov: 30 ft: 175 corp: 54/931b lim: 990 exec/s: 0 rss: 35Mb L: 20/34 MS: 2 ChangeByte-ShuffleBytes-
#118237	NEW    cov: 31 ft: 180 corp: 55/953b lim: 990 exec/s: 0 rss: 35Mb L: 22/34 MS: 3 InsertByte-ChangeBinInt-InsertByte-
#118503	NEW    cov: 31 ft: 182 corp: 56/973b lim: 990 exec/s: 0 rss: 35Mb L: 20/34 MS: 1 CrossOver-
#118599	NEW    cov: 31 ft: 183 corp: 57/993b lim: 990 exec/s: 0 rss: 35Mb L: 20/34 MS: 1 ShuffleBytes-
#119100	NEW    cov: 31 ft: 184 corp: 58/1013b lim: 990 exec/s: 0 rss: 35Mb L: 20/34 MS: 1 CopyPart-
#119151	NEW    cov: 31 ft: 186 corp: 59/1033b lim: 990 exec/s: 0 rss: 35Mb L: 20/34 MS: 1 ShuffleBytes-
#119653	NEW    cov: 31 ft: 187 corp: 60/1053b lim: 990 exec/s: 0 rss: 35Mb L: 20/34 MS: 2 ChangeBinInt-CopyPart-
#119794	NEW    cov: 31 ft: 188 corp: 61/1073b lim: 990 exec/s: 0 rss: 35Mb L: 20/34 MS: 1 ChangeByte-
#122205	NEW    cov: 31 ft: 189 corp: 62/1093b lim: 1008 exec/s: 0 rss: 35Mb L: 20/34 MS: 1 ChangeBit-
#123376	NEW    cov: 31 ft: 190 corp: 63/1113b lim: 1017 exec/s: 0 rss: 35Mb L: 20/34 MS: 1 ChangeBinInt-
#127572	NEW    cov: 32 ft: 193 corp: 64/1135b lim: 1056 exec/s: 0 rss: 35Mb L: 22/34 MS: 1 ChangeBinInt-
#127811	NEW    cov: 32 ft: 194 corp: 65/1153b lim: 1056 exec/s: 0 rss: 35Mb L: 18/34 MS: 4 ChangeByte-EraseBytes-CMP-ShuffleBytes- DE: "\000\000"-
#128112	NEW    cov: 32 ft: 195 corp: 66/1173b lim: 1056 exec/s: 0 rss: 35Mb L: 20/34 MS: 1 ChangeBinInt-
#128491	REDUCE cov: 32 ft: 195 corp: 66/1171b lim: 1056 exec/s: 0 rss: 35Mb L: 16/34 MS: 4 InsertByte-EraseBytes-CopyPart-CMP- DE: "\000\000\000\000"-
#128857	NEW    cov: 32 ft: 196 corp: 67/1193b lim: 1056 exec/s: 0 rss: 35Mb L: 22/34 MS: 1 ChangeBit-
#130263	NEW    cov: 32 ft: 197 corp: 68/1215b lim: 1066 exec/s: 0 rss: 35Mb L: 22/34 MS: 1 ShuffleBytes-
#130290	NEW    cov: 32 ft: 198 corp: 69/1237b lim: 1066 exec/s: 0 rss: 35Mb L: 22/34 MS: 2 ChangeByte-CopyPart-
#130997	REDUCE cov: 32 ft: 198 corp: 69/1236b lim: 1066 exec/s: 0 rss: 35Mb L: 15/34 MS: 2 InsertByte-EraseBytes-
#133198	NEW    cov: 32 ft: 199 corp: 70/1258b lim: 1086 exec/s: 0 rss: 35Mb L: 22/34 MS: 1 ShuffleBytes-
#133641	NEW    cov: 32 ft: 200 corp: 71/1278b lim: 1086 exec/s: 0 rss: 35Mb L: 20/34 MS: 3 ChangeBit-ShuffleBytes-CrossOver-
#134338	NEW    cov: 32 ft: 201 corp: 72/1300b lim: 1086 exec/s: 0 rss: 35Mb L: 22/34 MS: 2 CopyPart-ChangeBit-
#134431	NEW    cov: 32 ft: 203 corp: 73/1322b lim: 1086 exec/s: 0 rss: 35Mb L: 22/34 MS: 3 ShuffleBytes-ChangeBinInt-ChangeBit-
#135253	NEW    cov: 32 ft: 204 corp: 74/1344b lim: 1086 exec/s: 0 rss: 35Mb L: 22/34 MS: 2 ChangeBinInt-ChangeBinInt-
#137717	NEW    cov: 32 ft: 205 corp: 75/1370b lim: 1106 exec/s: 0 rss: 35Mb L: 26/34 MS: 4 CrossOver-ChangeBinInt-InsertByte-CopyPart-
#139065	NEW    cov: 32 ft: 209 corp: 76/1392b lim: 1116 exec/s: 0 rss: 35Mb L: 22/34 MS: 3 CrossOver-EraseBytes-CopyPart-
#142123	REDUCE cov: 32 ft: 209 corp: 76/1390b lim: 1146 exec/s: 0 rss: 35Mb L: 20/34 MS: 3 ChangeByte-InsertByte-EraseBytes-
#143471	NEW    cov: 34 ft: 214 corp: 77/1416b lim: 1156 exec/s: 0 rss: 35Mb L: 26/34 MS: 3 CrossOver-ShuffleBytes-CrossOver-
#143707	NEW    cov: 34 ft: 217 corp: 78/1442b lim: 1156 exec/s: 0 rss: 35Mb L: 26/34 MS: 1 ShuffleBytes-
#144013	NEW    cov: 34 ft: 218 corp: 79/1468b lim: 1156 exec/s: 0 rss: 35Mb L: 26/34 MS: 1 ShuffleBytes-
#144020	NEW    cov: 34 ft: 220 corp: 80/1494b lim: 1156 exec/s: 0 rss: 35Mb L: 26/34 MS: 2 ChangeByte-ChangeBinInt-
#144226	NEW    cov: 34 ft: 221 corp: 81/1520b lim: 1156 exec/s: 0 rss: 35Mb L: 26/34 MS: 1 ChangeBit-
#144267	NEW    cov: 34 ft: 222 corp: 82/1546b lim: 1156 exec/s: 0 rss: 35Mb L: 26/34 MS: 1 CrossOver-
#144283	NEW    cov: 34 ft: 223 corp: 83/1572b lim: 1156 exec/s: 0 rss: 35Mb L: 26/34 MS: 1 PersAutoDict- DE: "\000\000"-
#144359	NEW    cov: 34 ft: 224 corp: 84/1598b lim: 1156 exec/s: 0 rss: 35Mb L: 26/34 MS: 1 ShuffleBytes-
#144530	NEW    cov: 34 ft: 225 corp: 85/1624b lim: 1156 exec/s: 0 rss: 35Mb L: 26/34 MS: 1 ChangeBit-
#144701	NEW    cov: 35 ft: 226 corp: 86/1650b lim: 1156 exec/s: 0 rss: 35Mb L: 26/34 MS: 1 ChangeByte-
#145137	NEW    cov: 50 ft: 281 corp: 87/1676b lim: 1156 exec/s: 0 rss: 35Mb L: 26/34 MS: 1 ChangeByte-
#145340	NEW    cov: 50 ft: 282 corp: 88/1702b lim: 1156 exec/s: 0 rss: 35Mb L: 26/34 MS: 3 ChangeBit-ShuffleBytes-ChangeByte-
#145421	NEW    cov: 50 ft: 288 corp: 89/1728b lim: 1156 exec/s: 0 rss: 35Mb L: 26/34 MS: 1 ChangeBit-
#146742	NEW    cov: 50 ft: 289 corp: 90/1754b lim: 1166 exec/s: 0 rss: 35Mb L: 26/34 MS: 1 ChangeBit-
#148374	NEW    cov: 50 ft: 290 corp: 91/1780b lim: 1176 exec/s: 0 rss: 35Mb L: 26/34 MS: 2 CrossOver-EraseBytes-
#149465	NEW    cov: 50 ft: 291 corp: 92/1806b lim: 1186 exec/s: 0 rss: 35Mb L: 26/34 MS: 1 ShuffleBytes-
#150993	NEW    cov: 50 ft: 293 corp: 93/1832b lim: 1196 exec/s: 0 rss: 35Mb L: 26/34 MS: 3 ShuffleBytes-ChangeBit-CrossOver-
#151780	NEW    cov: 50 ft: 294 corp: 94/1858b lim: 1196 exec/s: 0 rss: 35Mb L: 26/34 MS: 2 ChangeBit-CopyPart-
#152894	NEW    cov: 50 ft: 296 corp: 95/1884b lim: 1206 exec/s: 0 rss: 35Mb L: 26/34 MS: 4 ChangeBit-ShuffleBytes-ShuffleBytes-ChangeBinInt-
#155010	NEW    cov: 50 ft: 297 corp: 96/1910b lim: 1226 exec/s: 0 rss: 35Mb L: 26/34 MS: 1 CopyPart-
#158327	NEW    cov: 50 ft: 298 corp: 97/1932b lim: 1256 exec/s: 0 rss: 35Mb L: 22/34 MS: 2 ChangeByte-ShuffleBytes-
#158405	NEW    cov: 50 ft: 299 corp: 98/1958b lim: 1256 exec/s: 0 rss: 35Mb L: 26/34 MS: 3 ChangeBit-ShuffleBytes-ShuffleBytes-
#163952	NEW    cov: 50 ft: 300 corp: 99/1984b lim: 1306 exec/s: 0 rss: 35Mb L: 26/34 MS: 2 CopyPart-EraseBytes-
#167283	NEW    cov: 50 ft: 301 corp: 100/2004b lim: 1336 exec/s: 0 rss: 35Mb L: 20/34 MS: 1 ChangeByte-
#169366	REDUCE cov: 50 ft: 301 corp: 100/2002b lim: 1356 exec/s: 0 rss: 35Mb L: 24/34 MS: 3 ChangeBit-ChangeByte-EraseBytes-
#174815	REDUCE cov: 50 ft: 301 corp: 100/1998b lim: 1406 exec/s: 0 rss: 35Mb L: 18/34 MS: 4 CrossOver-EraseBytes-ChangeBinInt-EraseBytes-
#174891	REDUCE cov: 50 ft: 302 corp: 101/2016b lim: 1406 exec/s: 0 rss: 35Mb L: 18/34 MS: 1 ChangeBit-
#177173	NEW    cov: 50 ft: 305 corp: 102/2042b lim: 1426 exec/s: 0 rss: 35Mb L: 26/34 MS: 2 ChangeByte-ChangeBinInt-
#178355	REDUCE cov: 50 ft: 305 corp: 102/2040b lim: 1436 exec/s: 0 rss: 35Mb L: 18/34 MS: 2 EraseBytes-InsertByte-
#179474	REDUCE cov: 50 ft: 305 corp: 102/2036b lim: 1446 exec/s: 0 rss: 35Mb L: 18/34 MS: 4 ShuffleBytes-ChangeByte-EraseBytes-ChangeBinInt-
#179500	NEW    cov: 50 ft: 306 corp: 103/2058b lim: 1446 exec/s: 0 rss: 35Mb L: 22/34 MS: 1 ChangeASCIIInt-
#181841	NEW    cov: 50 ft: 310 corp: 104/2084b lim: 1466 exec/s: 0 rss: 35Mb L: 26/34 MS: 1 ChangeBit-
#188522	NEW    cov: 50 ft: 311 corp: 105/2106b lim: 1526 exec/s: 0 rss: 35Mb L: 22/34 MS: 1 ChangeByte-
#191727	REDUCE cov: 50 ft: 311 corp: 105/2104b lim: 1556 exec/s: 0 rss: 35Mb L: 18/34 MS: 5 CMP-PersAutoDict-ChangeByte-EraseBytes-CrossOver- DE: "\001\000\000\000"-"\377\377"-
#197169	REDUCE cov: 50 ft: 311 corp: 105/2102b lim: 1606 exec/s: 0 rss: 35Mb L: 20/34 MS: 2 ChangeBit-EraseBytes-
#198975	NEW    cov: 50 ft: 313 corp: 106/2128b lim: 1616 exec/s: 0 rss: 35Mb L: 26/34 MS: 1 CopyPart-
#200141	NEW    cov: 50 ft: 314 corp: 107/2154b lim: 1626 exec/s: 0 rss: 35Mb L: 26/34 MS: 1 ChangeBit-
#201242	REDUCE cov: 50 ft: 315 corp: 108/2174b lim: 1636 exec/s: 0 rss: 35Mb L: 20/34 MS: 1 ShuffleBytes-
#203269	REDUCE cov: 50 ft: 315 corp: 108/2172b lim: 1656 exec/s: 0 rss: 35Mb L: 20/34 MS: 2 EraseBytes-ChangeBit-
#204836	NEW    cov: 50 ft: 316 corp: 109/2194b lim: 1666 exec/s: 0 rss: 35Mb L: 22/34 MS: 2 PersAutoDict-CrossOver- DE: "\001\000\000\000\000\000\000\034"-
#212667	NEW    cov: 50 ft: 317 corp: 110/2216b lim: 1736 exec/s: 0 rss: 35Mb L: 22/34 MS: 1 CrossOver-
#220583	NEW    cov: 50 ft: 318 corp: 111/2234b lim: 1806 exec/s: 0 rss: 35Mb L: 18/34 MS: 1 ChangeBit-
#223506	NEW    cov: 50 ft: 319 corp: 112/2254b lim: 1826 exec/s: 0 rss: 35Mb L: 20/34 MS: 3 ShuffleBytes-ChangeBinInt-ShuffleBytes-
#232397	NEW    cov: 50 ft: 321 corp: 113/2280b lim: 1906 exec/s: 0 rss: 35Mb L: 26/34 MS: 1 ChangeBit-
#237281	REDUCE cov: 50 ft: 321 corp: 113/2278b lim: 1946 exec/s: 0 rss: 35Mb L: 24/34 MS: 4 InsertByte-ChangeByte-ChangeBit-EraseBytes-
#245397	NEW    cov: 50 ft: 322 corp: 114/2298b lim: 2026 exec/s: 0 rss: 35Mb L: 20/34 MS: 1 ShuffleBytes-
#248192	REDUCE cov: 50 ft: 322 corp: 114/2296b lim: 2046 exec/s: 0 rss: 35Mb L: 18/34 MS: 5 InsertByte-PersAutoDict-CopyPart-CrossOver-EraseBytes- DE: "\377\377"-
#253434	REDUCE cov: 50 ft: 322 corp: 114/2294b lim: 2089 exec/s: 0 rss: 35Mb L: 20/34 MS: 2 InsertByte-EraseBytes-
#255505	NEW    cov: 50 ft: 323 corp: 115/2314b lim: 2100 exec/s: 0 rss: 35Mb L: 20/34 MS: 1 ChangeBit-
#258617	NEW    cov: 50 ft: 325 corp: 116/2340b lim: 2122 exec/s: 0 rss: 35Mb L: 26/34 MS: 2 ChangeBit-CrossOver-
#261138	REDUCE cov: 50 ft: 326 corp: 117/2356b lim: 2144 exec/s: 0 rss: 35Mb L: 16/34 MS: 1 ChangeBit-
#263018	NEW    cov: 50 ft: 329 corp: 118/2382b lim: 2155 exec/s: 0 rss: 35Mb L: 26/34 MS: 5 ChangeBit-ChangeByte-ShuffleBytes-ChangeBit-ChangeByte-
#276175	NEW    cov: 50 ft: 330 corp: 119/2408b lim: 2276 exec/s: 0 rss: 35Mb L: 26/34 MS: 2 CopyPart-ChangeByte-
#291454	REDUCE cov: 50 ft: 330 corp: 119/2405b lim: 2419 exec/s: 0 rss: 35Mb L: 19/34 MS: 4 CopyPart-EraseBytes-ChangeByte-ChangeBit-
#296516	REDUCE cov: 50 ft: 330 corp: 119/2403b lim: 2463 exec/s: 0 rss: 35Mb L: 17/34 MS: 2 EraseBytes-InsertByte-
#302263	REDUCE cov: 50 ft: 330 corp: 119/2401b lim: 2518 exec/s: 0 rss: 35Mb L: 16/34 MS: 2 EraseBytes-PersAutoDict- DE: "\377\377"-
#341426	REDUCE cov: 50 ft: 330 corp: 119/2398b lim: 2903 exec/s: 0 rss: 35Mb L: 17/34 MS: 3 ChangeBinInt-InsertByte-EraseBytes-
#361248	NEW    cov: 50 ft: 332 corp: 120/2424b lim: 3090 exec/s: 0 rss: 35Mb L: 26/34 MS: 2 CrossOver-ChangeBit-
#376414	NEW    cov: 50 ft: 333 corp: 121/2444b lim: 3233 exec/s: 0 rss: 35Mb L: 20/34 MS: 1 ChangeByte-
#377706	NEW    cov: 50 ft: 334 corp: 122/2470b lim: 3244 exec/s: 0 rss: 35Mb L: 26/34 MS: 2 ChangeBinInt-CopyPart-
#380484	REDUCE cov: 50 ft: 334 corp: 122/2468b lim: 3266 exec/s: 0 rss: 35Mb L: 15/34 MS: 3 EraseBytes-ChangeBit-ShuffleBytes-
#384806	REDUCE cov: 50 ft: 334 corp: 122/2466b lim: 3299 exec/s: 0 rss: 35Mb L: 16/34 MS: 2 EraseBytes-ChangeBinInt-
#386417	NEW    cov: 50 ft: 335 corp: 123/2484b lim: 3310 exec/s: 0 rss: 35Mb L: 18/34 MS: 1 ChangeBit-
#387850	REDUCE cov: 50 ft: 335 corp: 123/2480b lim: 3321 exec/s: 0 rss: 35Mb L: 16/34 MS: 3 InsertRepeatedBytes-ChangeBit-EraseBytes-
#389777	REDUCE cov: 50 ft: 335 corp: 123/2478b lim: 3332 exec/s: 0 rss: 35Mb L: 24/34 MS: 2 EraseBytes-ChangeByte-
#397681	REDUCE cov: 50 ft: 335 corp: 123/2476b lim: 3409 exec/s: 0 rss: 35Mb L: 22/34 MS: 4 ChangeBinInt-ChangeBit-ChangeByte-EraseBytes-
#430555	REDUCE cov: 50 ft: 335 corp: 123/2472b lim: 3728 exec/s: 430555 rss: 35Mb L: 18/34 MS: 3 EraseBytes-EraseBytes-PersAutoDict- DE: "\377\377"-
#447966	NEW    cov: 50 ft: 337 corp: 124/2498b lim: 3893 exec/s: 447966 rss: 35Mb L: 26/34 MS: 1 ChangeBit-
#451543	REDUCE cov: 50 ft: 337 corp: 124/2496b lim: 3926 exec/s: 451543 rss: 35Mb L: 16/34 MS: 2 EraseBytes-ChangeBinInt-
#459911	REDUCE cov: 50 ft: 337 corp: 124/2494b lim: 4003 exec/s: 459911 rss: 35Mb L: 20/34 MS: 3 ShuffleBytes-EraseBytes-ChangeByte-
#474331	REDUCE cov: 50 ft: 337 corp: 124/2492b lim: 4096 exec/s: 474331 rss: 35Mb L: 20/34 MS: 5 ChangeBit-ChangeBit-ChangeBinInt-EraseBytes-ChangeBit-
#495267	NEW    cov: 50 ft: 338 corp: 125/2510b lim: 4096 exec/s: 495267 rss: 35Mb L: 18/34 MS: 1 ChangeBinInt-
#495994	REDUCE cov: 50 ft: 338 corp: 125/2509b lim: 4096 exec/s: 495994 rss: 35Mb L: 16/34 MS: 2 EraseBytes-ChangeByte-
#499090	NEW    cov: 50 ft: 340 corp: 126/2535b lim: 4096 exec/s: 499090 rss: 35Mb L: 26/34 MS: 1 ChangeBit-
#504803	NEW    cov: 50 ft: 342 corp: 127/2561b lim: 4096 exec/s: 504803 rss: 35Mb L: 26/34 MS: 3 ChangeASCIIInt-CopyPart-CopyPart-
#539235	NEW    cov: 50 ft: 344 corp: 128/2587b lim: 4096 exec/s: 539235 rss: 35Mb L: 26/34 MS: 2 ChangeByte-CopyPart-
#539307	NEW    cov: 50 ft: 345 corp: 129/2613b lim: 4096 exec/s: 539307 rss: 35Mb L: 26/34 MS: 2 ChangeBit-ChangeBit-
#548857	REDUCE cov: 50 ft: 345 corp: 129/2611b lim: 4096 exec/s: 548857 rss: 35Mb L: 18/34 MS: 5 ChangeByte-CopyPart-InsertByte-ChangeBit-EraseBytes-
#560250	REDUCE cov: 50 ft: 345 corp: 129/2609b lim: 4096 exec/s: 560250 rss: 35Mb L: 18/34 MS: 3 PersAutoDict-ChangeBit-EraseBytes- DE: "\377\377"-
#565929	REDUCE cov: 50 ft: 345 corp: 129/2607b lim: 4096 exec/s: 565929 rss: 35Mb L: 18/34 MS: 4 ChangeByte-InsertByte-ShuffleBytes-EraseBytes-
#584971	REDUCE cov: 50 ft: 345 corp: 129/2605b lim: 4096 exec/s: 584971 rss: 35Mb L: 16/34 MS: 2 CrossOver-EraseBytes-
#609565	REDUCE cov: 50 ft: 345 corp: 129/2599b lim: 4096 exec/s: 609565 rss: 36Mb L: 16/34 MS: 4 CopyPart-ShuffleBytes-CMP-EraseBytes- DE: "\377\377\377R"-
#628202	REDUCE cov: 50 ft: 345 corp: 129/2597b lim: 4096 exec/s: 628202 rss: 36Mb L: 18/34 MS: 2 CopyPart-EraseBytes-
#658667	REDUCE cov: 50 ft: 345 corp: 129/2595b lim: 4096 exec/s: 658667 rss: 36Mb L: 16/34 MS: 5 ChangeBit-EraseBytes-ChangeBit-ShuffleBytes-ChangeBinInt-
#661084	REDUCE cov: 50 ft: 345 corp: 129/2593b lim: 4096 exec/s: 661084 rss: 36Mb L: 16/34 MS: 2 EraseBytes-InsertByte-
#665252	REDUCE cov: 50 ft: 345 corp: 129/2591b lim: 4096 exec/s: 665252 rss: 36Mb L: 20/34 MS: 3 InsertByte-EraseBytes-ChangeBinInt-
#717984	REDUCE cov: 50 ft: 345 corp: 129/2589b lim: 4096 exec/s: 717984 rss: 36Mb L: 20/34 MS: 2 EraseBytes-ChangeByte-
#758160	NEW    cov: 50 ft: 347 corp: 130/2615b lim: 4096 exec/s: 758160 rss: 36Mb L: 26/34 MS: 1 ChangeASCIIInt-
#780549	REDUCE cov: 50 ft: 347 corp: 130/2612b lim: 4096 exec/s: 780549 rss: 36Mb L: 17/34 MS: 4 ChangeBit-ChangeBinInt-ChangeByte-EraseBytes-
#825122	REDUCE cov: 50 ft: 347 corp: 130/2611b lim: 4096 exec/s: 825122 rss: 36Mb L: 21/34 MS: 3 ChangeBit-EraseBytes-ShuffleBytes-
#836734	REDUCE cov: 50 ft: 347 corp: 130/2608b lim: 4096 exec/s: 418367 rss: 36Mb L: 15/34 MS: 2 ChangeBit-EraseBytes-
#882771	REDUCE cov: 50 ft: 347 corp: 130/2606b lim: 4096 exec/s: 441385 rss: 36Mb L: 18/34 MS: 2 EraseBytes-ChangeByte-
#883555	REDUCE cov: 50 ft: 347 corp: 130/2599b lim: 4096 exec/s: 441777 rss: 36Mb L: 19/34 MS: 4 ChangeBit-CrossOver-CMP-EraseBytes- DE: "\001\000\000\000\000\000\000\000"-
#894708	NEW    cov: 50 ft: 348 corp: 131/2619b lim: 4096 exec/s: 447354 rss: 36Mb L: 20/34 MS: 3 ChangeByte-ChangeByte-CopyPart-
#895879	NEW    cov: 50 ft: 349 corp: 132/2639b lim: 4096 exec/s: 447939 rss: 36Mb L: 20/34 MS: 1 ChangeBit-
#937495	NEW    cov: 50 ft: 350 corp: 133/2659b lim: 4096 exec/s: 468747 rss: 36Mb L: 20/34 MS: 1 ChangeBit-
#940589	REDUCE cov: 50 ft: 350 corp: 133/2657b lim: 4096 exec/s: 470294 rss: 36Mb L: 16/34 MS: 4 PersAutoDict-ChangeBinInt-EraseBytes-EraseBytes- DE: "\377\377"-
#947581	NEW    cov: 50 ft: 351 corp: 134/2677b lim: 4096 exec/s: 473790 rss: 36Mb L: 20/34 MS: 2 ChangeByte-ShuffleBytes-
#970887	NEW    cov: 50 ft: 352 corp: 135/2697b lim: 4096 exec/s: 485443 rss: 36Mb L: 20/34 MS: 1 ChangeByte-
#973630	NEW    cov: 50 ft: 354 corp: 136/2717b lim: 4096 exec/s: 486815 rss: 36Mb L: 20/34 MS: 3 ChangeByte-ChangeBit-CopyPart-
#975789	REDUCE cov: 50 ft: 354 corp: 136/2715b lim: 4096 exec/s: 487894 rss: 36Mb L: 18/34 MS: 4 CMP-ShuffleBytes-ChangeByte-EraseBytes- DE: "u\000"-
#986555	NEW    cov: 50 ft: 355 corp: 137/2735b lim: 4096 exec/s: 493277 rss: 36Mb L: 20/34 MS: 1 ChangeByte-
#1008791	NEW    cov: 50 ft: 356 corp: 138/2755b lim: 4096 exec/s: 504395 rss: 36Mb L: 20/34 MS: 1 ChangeBit-
#1010172	NEW    cov: 50 ft: 357 corp: 139/2775b lim: 4096 exec/s: 505086 rss: 36Mb L: 20/34 MS: 1 ChangeByte-
#1016673	NEW    cov: 50 ft: 358 corp: 140/2795b lim: 4096 exec/s: 508336 rss: 36Mb L: 20/34 MS: 1 ChangeASCIIInt-
#1016934	NEW    cov: 50 ft: 359 corp: 141/2815b lim: 4096 exec/s: 508467 rss: 36Mb L: 20/34 MS: 1 ChangeByte-
#1019998	REDUCE cov: 50 ft: 359 corp: 141/2814b lim: 4096 exec/s: 509999 rss: 36Mb L: 19/34 MS: 4 ChangeByte-ChangeBit-EraseBytes-ChangeBit-
#1022434	REDUCE cov: 50 ft: 360 corp: 142/2833b lim: 4096 exec/s: 511217 rss: 36Mb L: 19/34 MS: 1 CopyPart-
#1023850	NEW    cov: 50 ft: 361 corp: 143/2852b lim: 4096 exec/s: 511925 rss: 36Mb L: 19/34 MS: 1 ChangeASCIIInt-
#1035511	NEW    cov: 50 ft: 362 corp: 144/2871b lim: 4096 exec/s: 517755 rss: 36Mb L: 19/34 MS: 1 ChangeBit-
#1042835	REDUCE cov: 50 ft: 362 corp: 144/2869b lim: 4096 exec/s: 521417 rss: 36Mb L: 18/34 MS: 4 ChangeByte-EraseBytes-InsertByte-InsertByte-
#1044556	NEW    cov: 50 ft: 363 corp: 145/2888b lim: 4096 exec/s: 522278 rss: 36Mb L: 19/34 MS: 1 ChangeBit-
#1048576	pulse  cov: 50 ft: 363 corp: 145/2888b lim: 4096 exec/s: 524288 rss: 36Mb
#1054737	NEW    cov: 50 ft: 364 corp: 146/2907b lim: 4096 exec/s: 527368 rss: 36Mb L: 19/34 MS: 1 ChangeBit-
#1056879	REDUCE cov: 50 ft: 364 corp: 146/2905b lim: 4096 exec/s: 528439 rss: 36Mb L: 18/34 MS: 2 EraseBytes-ChangeByte-
#1057487	REDUCE cov: 50 ft: 364 corp: 146/2903b lim: 4096 exec/s: 528743 rss: 36Mb L: 18/34 MS: 3 PersAutoDict-ChangeByte-EraseBytes- DE: "\000\000\000\000"-
#1058008	NEW    cov: 50 ft: 365 corp: 147/2922b lim: 4096 exec/s: 529004 rss: 36Mb L: 19/34 MS: 1 CopyPart-
#1058079	NEW    cov: 50 ft: 366 corp: 148/2941b lim: 4096 exec/s: 529039 rss: 36Mb L: 19/34 MS: 1 ShuffleBytes-
#1058176	NEW    cov: 50 ft: 367 corp: 149/2960b lim: 4096 exec/s: 529088 rss: 36Mb L: 19/34 MS: 2 ChangeBinInt-ChangeASCIIInt-
#1059602	NEW    cov: 50 ft: 369 corp: 150/2979b lim: 4096 exec/s: 529801 rss: 36Mb L: 19/34 MS: 1 ShuffleBytes-
#1060104	NEW    cov: 50 ft: 371 corp: 151/2998b lim: 4096 exec/s: 530052 rss: 36Mb L: 19/34 MS: 2 ChangeByte-ShuffleBytes-
#1060280	NEW    cov: 50 ft: 372 corp: 152/3017b lim: 4096 exec/s: 530140 rss: 36Mb L: 19/34 MS: 1 CrossOver-
#1060711	NEW    cov: 50 ft: 373 corp: 153/3036b lim: 4096 exec/s: 530355 rss: 36Mb L: 19/34 MS: 1 ShuffleBytes-
#1061562	NEW    cov: 50 ft: 374 corp: 154/3055b lim: 4096 exec/s: 530781 rss: 36Mb L: 19/34 MS: 1 CrossOver-
#1061958	NEW    cov: 50 ft: 375 corp: 155/3074b lim: 4096 exec/s: 530979 rss: 36Mb L: 19/34 MS: 1 CopyPart-
#1063168	NEW    cov: 50 ft: 376 corp: 156/3093b lim: 4096 exec/s: 531584 rss: 36Mb L: 19/34 MS: 5 ShuffleBytes-ChangeBinInt-ShuffleBytes-ChangeBit-ChangeBit-
#1063830	NEW    cov: 50 ft: 377 corp: 157/3112b lim: 4096 exec/s: 531915 rss: 36Mb L: 19/34 MS: 2 ShuffleBytes-CopyPart-
#1066761	NEW    cov: 50 ft: 378 corp: 158/3131b lim: 4096 exec/s: 533380 rss: 36Mb L: 19/34 MS: 1 ChangeBit-
#1081133	REDUCE cov: 50 ft: 378 corp: 158/3129b lim: 4096 exec/s: 540566 rss: 36Mb L: 18/34 MS: 2 EraseBytes-ChangeBinInt-
#1144396	REDUCE cov: 50 ft: 378 corp: 158/3127b lim: 4096 exec/s: 572198 rss: 36Mb L: 18/34 MS: 3 InsertByte-CrossOver-EraseBytes-
#1147888	REDUCE cov: 50 ft: 378 corp: 158/3124b lim: 4096 exec/s: 573944 rss: 36Mb L: 17/34 MS: 2 EraseBytes-ChangeBinInt-
#1177190	REDUCE cov: 50 ft: 378 corp: 158/3122b lim: 4096 exec/s: 588595 rss: 36Mb L: 16/34 MS: 2 ChangeBinInt-EraseBytes-
#1200707	REDUCE cov: 50 ft: 378 corp: 158/3120b lim: 4096 exec/s: 600353 rss: 36Mb L: 17/34 MS: 2 EraseBytes-PersAutoDict- DE: "\377\377"-
#1279324	REDUCE cov: 50 ft: 378 corp: 158/3118b lim: 4096 exec/s: 426441 rss: 36Mb L: 18/34 MS: 2 CrossOver-EraseBytes-
#1283591	REDUCE cov: 50 ft: 378 corp: 158/3116b lim: 4096 exec/s: 427863 rss: 36Mb L: 17/34 MS: 2 ChangeBinInt-EraseBytes-
#1293297	NEW    cov: 50 ft: 380 corp: 159/3142b lim: 4096 exec/s: 431099 rss: 36Mb L: 26/34 MS: 1 ChangeBit-
#1293399	REDUCE cov: 50 ft: 380 corp: 159/3140b lim: 4096 exec/s: 431133 rss: 36Mb L: 20/34 MS: 2 CrossOver-EraseBytes-
#1385446	REDUCE cov: 50 ft: 380 corp: 159/3138b lim: 4096 exec/s: 461815 rss: 36Mb L: 18/34 MS: 2 InsertByte-EraseBytes-
#1437194	REDUCE cov: 50 ft: 380 corp: 159/3136b lim: 4096 exec/s: 479064 rss: 36Mb L: 18/34 MS: 3 CrossOver-EraseBytes-CopyPart-
#1463731	NEW    cov: 50 ft: 381 corp: 160/3162b lim: 4096 exec/s: 487910 rss: 36Mb L: 26/34 MS: 2 ChangeBit-ChangeBinInt-
#1480303	REDUCE cov: 50 ft: 381 corp: 160/3160b lim: 4096 exec/s: 493434 rss: 36Mb L: 15/34 MS: 2 ChangeByte-EraseBytes-
#1511834	NEW    cov: 50 ft: 383 corp: 161/3186b lim: 4096 exec/s: 503944 rss: 36Mb L: 26/34 MS: 1 CrossOver-
#1527071	NEW    cov: 50 ft: 388 corp: 162/3212b lim: 4096 exec/s: 509023 rss: 36Mb L: 26/34 MS: 2 CopyPart-ChangeASCIIInt-
#1548588	REDUCE cov: 50 ft: 388 corp: 162/3210b lim: 4096 exec/s: 516196 rss: 36Mb L: 17/34 MS: 2 ChangeByte-EraseBytes-
#1617819	NEW    cov: 50 ft: 391 corp: 163/3236b lim: 4096 exec/s: 539273 rss: 36Mb L: 26/34 MS: 1 ChangeASCIIInt-
#1707176	REDUCE cov: 50 ft: 391 corp: 163/3234b lim: 4096 exec/s: 426794 rss: 36Mb L: 17/34 MS: 2 EraseBytes-PersAutoDict- DE: "\377\377"-
#1835965	REDUCE cov: 50 ft: 391 corp: 163/3232b lim: 4096 exec/s: 458991 rss: 36Mb L: 17/34 MS: 4 ChangeByte-ShuffleBytes-InsertByte-EraseBytes-
#1857078	REDUCE cov: 50 ft: 391 corp: 163/3230b lim: 4096 exec/s: 464269 rss: 36Mb L: 18/34 MS: 3 ShuffleBytes-ChangeBit-EraseBytes-
#1873535	REDUCE cov: 50 ft: 391 corp: 163/3228b lim: 4096 exec/s: 468383 rss: 36Mb L: 18/34 MS: 2 EraseBytes-ChangeByte-
#1916062	REDUCE cov: 50 ft: 391 corp: 163/3226b lim: 4096 exec/s: 479015 rss: 36Mb L: 18/34 MS: 2 CopyPart-EraseBytes-
#1924349	REDUCE cov: 50 ft: 391 corp: 163/3224b lim: 4096 exec/s: 481087 rss: 36Mb L: 22/34 MS: 2 EraseBytes-InsertByte-
#1999277	REDUCE cov: 50 ft: 391 corp: 163/3222b lim: 4096 exec/s: 499819 rss: 36Mb L: 17/34 MS: 3 CrossOver-EraseBytes-CopyPart-
#2025464	REDUCE cov: 50 ft: 391 corp: 163/3220b lim: 4096 exec/s: 506366 rss: 36Mb L: 16/34 MS: 2 InsertByte-EraseBytes-
#2028506	REDUCE cov: 50 ft: 391 corp: 163/3218b lim: 4096 exec/s: 507126 rss: 36Mb L: 20/34 MS: 2 CrossOver-EraseBytes-
#2040455	REDUCE cov: 50 ft: 391 corp: 163/3216b lim: 4096 exec/s: 510113 rss: 36Mb L: 18/34 MS: 4 CrossOver-CrossOver-EraseBytes-EraseBytes-
#2085067	REDUCE cov: 50 ft: 391 corp: 163/3212b lim: 4096 exec/s: 521266 rss: 36Mb L: 16/34 MS: 2 EraseBytes-PersAutoDict- DE: "\377\377\377R"-
#2097152	pulse  cov: 50 ft: 391 corp: 163/3212b lim: 4096 exec/s: 524288 rss: 36Mb
#2133815	REDUCE cov: 50 ft: 392 corp: 164/3230b lim: 4096 exec/s: 533453 rss: 36Mb L: 18/34 MS: 3 CopyPart-CrossOver-ShuffleBytes-
#2134076	REDUCE cov: 50 ft: 392 corp: 164/3228b lim: 4096 exec/s: 533519 rss: 36Mb L: 16/34 MS: 1 EraseBytes-
#2145513	REDUCE cov: 50 ft: 392 corp: 164/3227b lim: 4096 exec/s: 429102 rss: 36Mb L: 15/34 MS: 2 EraseBytes-ShuffleBytes-
#2156545	NEW    cov: 50 ft: 393 corp: 165/3253b lim: 4096 exec/s: 431309 rss: 36Mb L: 26/34 MS: 2 ChangeByte-ChangeASCIIInt-
#2204146	NEW    cov: 50 ft: 394 corp: 166/3279b lim: 4096 exec/s: 440829 rss: 36Mb L: 26/34 MS: 1 ChangeBinInt-
#2290386	NEW    cov: 50 ft: 398 corp: 167/3305b lim: 4096 exec/s: 458077 rss: 36Mb L: 26/34 MS: 5 ChangeBit-ChangeBinInt-ChangeBit-CopyPart-ChangeASCIIInt-
panic: found special char in iban [recovered]
	panic: found special char in iban

goroutine 17 [running, locked to thread]:
git.ultraware.nl/iddinkgroep/fundament-api.Fuzz.func1()
	git.ultraware.nl/iddinkgroep/fundament-api/fuzz.go:19 +0xa5
panic({0x562d6b80a760?, 0x562d6b81dc70?})
	runtime/panic.go:914 +0x21f
git.ultraware.nl/iddinkgroep/fundament-api.Fuzz({0xc0002e6020, 0x1a})
	git.ultraware.nl/iddinkgroep/fundament-api/fuzz.go:34 +0x2b9
git.ultraware.nl/iddinkgroep/fundament-api.Fuzz_(...)
	git.ultraware.nl/iddinkgroep/fundament-api/fuzz.1527825026.go:6
main.LLVMFuzzerTestOneInput(...)
	./main.170485750.go:21
==28624== ERROR: libFuzzer: deadly signal
    #0 0x562d6b72d630 in __sanitizer_print_stack_trace (/seedai/experiments/libfuzzer/source_iban/libfuzzer+0xaf630) (BuildId: 688cb25bec4564588da2a67f6a2b25148a0fd5d4)
    #1 0x562d6b6f9755 in fuzzer::PrintStackTrace() (/seedai/experiments/libfuzzer/source_iban/libfuzzer+0x7b755) (BuildId: 688cb25bec4564588da2a67f6a2b25148a0fd5d4)
    #2 0x562d6b6d83a9 in fuzzer::Fuzzer::CrashCallback() (.part.0) FuzzerLoop.cpp.o
    #3 0x562d6b6d846a in fuzzer::Fuzzer::StaticCrashSignalCallback() (/seedai/experiments/libfuzzer/source_iban/libfuzzer+0x5a46a) (BuildId: 688cb25bec4564588da2a67f6a2b25148a0fd5d4)
    #4 0x7f60ff3bb70f  (/usr/lib/libc.so.6+0x3e70f) (BuildId: 316d0d3666387f0e8fb98773f51aa1801027c5ab)
    #5 0x562d6b78d160 in runtime.raise.abi0 runtime/sys_linux_amd64.s:153

NOTE: libFuzzer has rudimentary signal handlers.
      Combine libFuzzer with AddressSanitizer or similar for better crash reports.
SUMMARY: libFuzzer: deadly signal
MS: 1 ChangeBinInt-; base unit: 7c9ce77b2148f6a5adbbe6e7f5115cdcaa441b0f
0x69,0x53,0x53,0x53,0x2d,0x30,0x30,0x30,0x30,0x30,0x30,0x30,0x30,0x30,0x30,0x30,0x35,0x32,0x37,0x31,0x37,0x36,0x36,0x34,0x31,0x53,
iSSS-00000000000527176641S
artifact_prefix='./'; Test unit written to ./crash-1bc6addb8018df6e5d9d30439146d5ccc24ed9bb
Base64: aVNTUy0wMDAwMDAwMDAwMDUyNzE3NjY0MVM=
