INFO: Running with entropic power schedule (0xFF, 100).
INFO: Seed: 20152571
INFO: Loaded 1 modules   (70 inline 8-bit counters): 70 [0x55c1170a7030, 0x55c1170a7076), 
INFO: Loaded 1 PC tables (70 PCs): 70 [0xc000068000,0xc000068460), 
INFO:       24 files found in corpus
INFO: -max_len is not provided; libFuzzer will not generate inputs larger than 4096 bytes
INFO: seed corpus: files: 24 min: 1b max: 21b total: 148b rss: 30Mb
#25	INITED cov: 11 ft: 29 corp: 7/71b exec/s: 0 rss: 30Mb
#28	NEW    cov: 11 ft: 30 corp: 8/83b lim: 21 exec/s: 0 rss: 30Mb L: 12/21 MS: 3 ChangeBit-ChangeBit-InsertRepeatedBytes-
#42	NEW    cov: 11 ft: 32 corp: 9/98b lim: 21 exec/s: 0 rss: 30Mb L: 15/21 MS: 4 ChangeBinInt-ChangeByte-ShuffleBytes-EraseBytes-
#43	NEW    cov: 11 ft: 33 corp: 10/100b lim: 21 exec/s: 0 rss: 30Mb L: 2/21 MS: 1 CopyPart-
#44	NEW    cov: 11 ft: 34 corp: 11/116b lim: 21 exec/s: 0 rss: 30Mb L: 16/21 MS: 1 InsertRepeatedBytes-
#53	NEW    cov: 11 ft: 35 corp: 12/136b lim: 21 exec/s: 0 rss: 30Mb L: 20/21 MS: 4 ChangeByte-CrossOver-CopyPart-EraseBytes-
#194	REDUCE cov: 11 ft: 35 corp: 12/128b lim: 21 exec/s: 0 rss: 30Mb L: 13/20 MS: 1 EraseBytes-
#797	REDUCE cov: 11 ft: 35 corp: 12/126b lim: 25 exec/s: 0 rss: 30Mb L: 18/19 MS: 3 ChangeByte-ShuffleBytes-EraseBytes-
#1172	NEW    cov: 29 ft: 100 corp: 13/142b lim: 25 exec/s: 0 rss: 30Mb L: 16/19 MS: 5 ShuffleBytes-ChangeBinInt-ChangeBinInt-ChangeASCIIInt-ChangeBit-
#1249	REDUCE cov: 29 ft: 100 corp: 13/141b lim: 25 exec/s: 0 rss: 30Mb L: 17/19 MS: 2 EraseBytes-CMP- DE: "\001\000\000\000"-
#1290	NEW    cov: 30 ft: 103 corp: 14/157b lim: 25 exec/s: 0 rss: 30Mb L: 16/19 MS: 1 CopyPart-
#1291	NEW    cov: 30 ft: 105 corp: 15/174b lim: 25 exec/s: 0 rss: 30Mb L: 17/19 MS: 1 InsertByte-
#1322	NEW    cov: 30 ft: 106 corp: 16/194b lim: 25 exec/s: 0 rss: 30Mb L: 20/20 MS: 1 InsertRepeatedBytes-
#1323	REDUCE cov: 30 ft: 106 corp: 16/191b lim: 25 exec/s: 0 rss: 30Mb L: 17/19 MS: 1 EraseBytes-
#1359	NEW    cov: 30 ft: 118 corp: 17/207b lim: 25 exec/s: 0 rss: 30Mb L: 16/19 MS: 1 CrossOver-
#1409	NEW    cov: 30 ft: 119 corp: 18/232b lim: 25 exec/s: 0 rss: 30Mb L: 25/25 MS: 5 PersAutoDict-ChangeASCIIInt-CMP-ChangeASCIIInt-InsertRepeatedBytes- DE: "\001\000\000\000"-"\001\000"-
#1475	NEW    cov: 30 ft: 124 corp: 19/248b lim: 25 exec/s: 0 rss: 30Mb L: 16/25 MS: 1 CMP- DE: "\035\000\000\000\000\000\000\000"-
#1496	NEW    cov: 30 ft: 126 corp: 20/264b lim: 25 exec/s: 0 rss: 30Mb L: 16/25 MS: 1 ChangeBit-
#1542	NEW    cov: 30 ft: 127 corp: 21/280b lim: 25 exec/s: 0 rss: 30Mb L: 16/25 MS: 1 CopyPart-
#1553	NEW    cov: 30 ft: 128 corp: 22/296b lim: 25 exec/s: 0 rss: 30Mb L: 16/25 MS: 1 ChangeBit-
#1554	NEW    cov: 30 ft: 130 corp: 23/312b lim: 25 exec/s: 0 rss: 30Mb L: 16/25 MS: 1 ChangeBinInt-
#1626	NEW    cov: 30 ft: 132 corp: 24/328b lim: 25 exec/s: 0 rss: 30Mb L: 16/25 MS: 2 ChangeASCIIInt-ChangeASCIIInt-
#1659	REDUCE cov: 30 ft: 133 corp: 25/352b lim: 25 exec/s: 0 rss: 30Mb L: 24/25 MS: 3 CMP-ChangeASCIIInt-CopyPart- DE: "\377\377"-
#1783	REDUCE cov: 30 ft: 134 corp: 26/375b lim: 25 exec/s: 0 rss: 30Mb L: 23/25 MS: 4 ChangeASCIIInt-ChangeBit-ChangeBit-InsertRepeatedBytes-
#1824	NEW    cov: 30 ft: 135 corp: 27/391b lim: 25 exec/s: 0 rss: 30Mb L: 16/25 MS: 1 ChangeBit-
#1836	NEW    cov: 30 ft: 136 corp: 28/408b lim: 25 exec/s: 0 rss: 30Mb L: 17/25 MS: 2 ShuffleBytes-CrossOver-
#1867	NEW    cov: 30 ft: 137 corp: 29/424b lim: 25 exec/s: 0 rss: 30Mb L: 16/25 MS: 1 ChangeBit-
#1928	NEW    cov: 30 ft: 138 corp: 30/440b lim: 25 exec/s: 0 rss: 30Mb L: 16/25 MS: 1 ShuffleBytes-
#1930	NEW    cov: 30 ft: 140 corp: 31/456b lim: 25 exec/s: 0 rss: 30Mb L: 16/25 MS: 2 ChangeBit-CrossOver-
#1946	NEW    cov: 30 ft: 141 corp: 32/472b lim: 25 exec/s: 0 rss: 30Mb L: 16/25 MS: 1 ChangeByte-
#1951	REDUCE cov: 30 ft: 141 corp: 32/467b lim: 25 exec/s: 0 rss: 30Mb L: 19/25 MS: 5 ChangeBit-InsertByte-EraseBytes-ChangeASCIIInt-EraseBytes-
#1991	NEW    cov: 30 ft: 145 corp: 33/487b lim: 25 exec/s: 0 rss: 30Mb L: 20/25 MS: 5 CopyPart-CopyPart-ChangeByte-ChangeASCIIInt-CopyPart-
#2132	NEW    cov: 30 ft: 149 corp: 34/504b lim: 25 exec/s: 0 rss: 30Mb L: 17/25 MS: 1 ShuffleBytes-
#2188	NEW    cov: 30 ft: 151 corp: 35/520b lim: 25 exec/s: 0 rss: 30Mb L: 16/25 MS: 1 CrossOver-
#2194	NEW    cov: 30 ft: 152 corp: 36/537b lim: 25 exec/s: 0 rss: 30Mb L: 17/25 MS: 1 ChangeByte-
#2242	NEW    cov: 30 ft: 153 corp: 37/557b lim: 25 exec/s: 0 rss: 30Mb L: 20/25 MS: 3 EraseBytes-ShuffleBytes-PersAutoDict- DE: "\035\000\000\000\000\000\000\000"-
#2448	NEW    cov: 30 ft: 155 corp: 38/573b lim: 25 exec/s: 0 rss: 30Mb L: 16/25 MS: 1 ShuffleBytes-
#2817	NEW    cov: 30 ft: 156 corp: 39/593b lim: 25 exec/s: 0 rss: 30Mb L: 20/25 MS: 4 PersAutoDict-EraseBytes-ChangeBit-CopyPart- DE: "\001\000"-
#2823	NEW    cov: 30 ft: 158 corp: 40/609b lim: 25 exec/s: 0 rss: 30Mb L: 16/25 MS: 1 ChangeByte-
#3089	NEW    cov: 30 ft: 159 corp: 41/629b lim: 25 exec/s: 0 rss: 30Mb L: 20/25 MS: 1 CrossOver-
#3179	NEW    cov: 30 ft: 160 corp: 42/649b lim: 25 exec/s: 0 rss: 30Mb L: 20/25 MS: 5 PersAutoDict-ChangeBit-ShuffleBytes-CopyPart-ChangeBit- DE: "\001\000\000\000"-
#3367	NEW    cov: 30 ft: 162 corp: 43/669b lim: 25 exec/s: 0 rss: 31Mb L: 20/25 MS: 3 ChangeBit-ShuffleBytes-CopyPart-
#3423	NEW    cov: 30 ft: 163 corp: 44/689b lim: 25 exec/s: 0 rss: 31Mb L: 20/25 MS: 1 ChangeBinInt-
#3834	NEW    cov: 30 ft: 165 corp: 45/705b lim: 29 exec/s: 0 rss: 31Mb L: 16/25 MS: 1 ChangeBit-
#3846	NEW    cov: 30 ft: 166 corp: 46/733b lim: 29 exec/s: 0 rss: 31Mb L: 28/28 MS: 2 PersAutoDict-InsertRepeatedBytes- DE: "\001\000"-
#3851	NEW    cov: 30 ft: 167 corp: 47/762b lim: 29 exec/s: 0 rss: 31Mb L: 29/29 MS: 5 ChangeASCIIInt-ChangeByte-CopyPart-ChangeASCIIInt-CopyPart-
#4287	NEW    cov: 30 ft: 168 corp: 48/794b lim: 33 exec/s: 0 rss: 31Mb L: 32/32 MS: 1 InsertRepeatedBytes-
#4291	NEW    cov: 30 ft: 169 corp: 49/827b lim: 33 exec/s: 0 rss: 31Mb L: 33/33 MS: 4 EraseBytes-ChangeBinInt-PersAutoDict-InsertRepeatedBytes- DE: "\001\000"-
#4302	NEW    cov: 30 ft: 170 corp: 50/843b lim: 33 exec/s: 0 rss: 31Mb L: 16/33 MS: 1 ChangeByte-
#4358	NEW    cov: 30 ft: 172 corp: 51/859b lim: 33 exec/s: 0 rss: 31Mb L: 16/33 MS: 1 ChangeASCIIInt-
#4802	REDUCE cov: 30 ft: 172 corp: 51/855b lim: 33 exec/s: 0 rss: 31Mb L: 21/33 MS: 4 ChangeByte-EraseBytes-InsertRepeatedBytes-EraseBytes-
#4883	NEW    cov: 31 ft: 177 corp: 52/872b lim: 33 exec/s: 0 rss: 31Mb L: 17/33 MS: 1 ChangeByte-
#4933	NEW    cov: 31 ft: 178 corp: 53/892b lim: 33 exec/s: 0 rss: 31Mb L: 20/33 MS: 5 ChangeBinInt-PersAutoDict-CrossOver-PersAutoDict-InsertByte- DE: "\377\377"-"\035\000\000\000\000\000\000\000"-
#5224	NEW    cov: 31 ft: 179 corp: 54/908b lim: 33 exec/s: 0 rss: 31Mb L: 16/33 MS: 1 ChangeBit-
#5355	NEW    cov: 31 ft: 180 corp: 55/924b lim: 33 exec/s: 0 rss: 31Mb L: 16/33 MS: 1 ChangeBinInt-
#5919	NEW    cov: 31 ft: 182 corp: 56/958b lim: 38 exec/s: 0 rss: 31Mb L: 34/34 MS: 4 ChangeBinInt-ChangeBit-EraseBytes-InsertRepeatedBytes-
#5995	NEW    cov: 31 ft: 183 corp: 57/974b lim: 38 exec/s: 0 rss: 31Mb L: 16/34 MS: 1 ChangeBit-
#6346	NEW    cov: 31 ft: 184 corp: 58/990b lim: 38 exec/s: 0 rss: 31Mb L: 16/34 MS: 1 CopyPart-
#6364	NEW    cov: 31 ft: 191 corp: 59/1008b lim: 38 exec/s: 0 rss: 31Mb L: 18/34 MS: 3 ChangeASCIIInt-CopyPart-EraseBytes-
#6532	NEW    cov: 31 ft: 193 corp: 60/1025b lim: 38 exec/s: 0 rss: 31Mb L: 17/34 MS: 3 ChangeBit-PersAutoDict-InsertByte- DE: "\001\000"-
#6778	NEW    cov: 31 ft: 194 corp: 61/1042b lim: 38 exec/s: 0 rss: 31Mb L: 17/34 MS: 1 ChangeBit-
#6837	REDUCE cov: 31 ft: 194 corp: 61/1041b lim: 38 exec/s: 0 rss: 31Mb L: 31/34 MS: 4 CrossOver-EraseBytes-InsertRepeatedBytes-CopyPart-
#7398	REDUCE cov: 31 ft: 194 corp: 61/1040b lim: 43 exec/s: 0 rss: 32Mb L: 15/34 MS: 1 EraseBytes-
#7602	NEW    cov: 31 ft: 195 corp: 62/1071b lim: 43 exec/s: 0 rss: 32Mb L: 31/34 MS: 4 ShuffleBytes-InsertRepeatedBytes-ChangeASCIIInt-ChangeBinInt-
#8334	NEW    cov: 31 ft: 196 corp: 63/1087b lim: 48 exec/s: 0 rss: 32Mb L: 16/34 MS: 2 ShuffleBytes-ChangeBinInt-
#8714	REDUCE cov: 31 ft: 196 corp: 63/1085b lim: 48 exec/s: 0 rss: 32Mb L: 15/34 MS: 5 ShuffleBytes-CopyPart-ShuffleBytes-ChangeBinInt-EraseBytes-
#8890	NEW    cov: 31 ft: 197 corp: 64/1105b lim: 48 exec/s: 0 rss: 32Mb L: 20/34 MS: 1 CopyPart-
#9562	REDUCE cov: 31 ft: 197 corp: 64/1104b lim: 53 exec/s: 0 rss: 32Mb L: 15/34 MS: 2 CrossOver-EraseBytes-
#9703	NEW    cov: 31 ft: 198 corp: 65/1121b lim: 53 exec/s: 0 rss: 32Mb L: 17/34 MS: 1 ShuffleBytes-
#9814	REDUCE cov: 31 ft: 198 corp: 65/1120b lim: 53 exec/s: 0 rss: 32Mb L: 15/34 MS: 1 EraseBytes-
#10124	REDUCE cov: 31 ft: 198 corp: 65/1118b lim: 53 exec/s: 0 rss: 32Mb L: 29/34 MS: 5 ChangeBinInt-CMP-InsertRepeatedBytes-CrossOver-EraseBytes- DE: "\036\000\000\000\000\000\000\000"-
#10333	REDUCE cov: 31 ft: 198 corp: 65/1117b lim: 53 exec/s: 0 rss: 32Mb L: 15/34 MS: 4 CopyPart-PersAutoDict-EraseBytes-CopyPart- DE: "\001\000"-
#10924	NEW    cov: 31 ft: 199 corp: 66/1134b lim: 58 exec/s: 0 rss: 32Mb L: 17/34 MS: 1 ChangeBit-
#10980	REDUCE cov: 31 ft: 199 corp: 66/1131b lim: 58 exec/s: 0 rss: 32Mb L: 26/34 MS: 1 EraseBytes-
#11099	NEW    cov: 33 ft: 208 corp: 67/1151b lim: 58 exec/s: 0 rss: 32Mb L: 20/34 MS: 4 CrossOver-ChangeBit-ChangeASCIIInt-CopyPart-
#11246	REDUCE cov: 33 ft: 208 corp: 67/1142b lim: 58 exec/s: 0 rss: 32Mb L: 17/34 MS: 2 ShuffleBytes-EraseBytes-
#11548	REDUCE cov: 33 ft: 208 corp: 67/1141b lim: 58 exec/s: 0 rss: 32Mb L: 16/34 MS: 2 ChangeBit-EraseBytes-
#11692	REDUCE cov: 33 ft: 208 corp: 67/1137b lim: 58 exec/s: 0 rss: 32Mb L: 16/34 MS: 4 PersAutoDict-InsertRepeatedBytes-CrossOver-EraseBytes- DE: "\377\377"-
#11950	REDUCE cov: 33 ft: 208 corp: 67/1136b lim: 58 exec/s: 0 rss: 33Mb L: 20/34 MS: 3 ShuffleBytes-ChangeByte-EraseBytes-
#12106	NEW    cov: 33 ft: 209 corp: 68/1153b lim: 58 exec/s: 0 rss: 33Mb L: 17/34 MS: 1 ChangeBit-
#12522	NEW    cov: 33 ft: 210 corp: 69/1173b lim: 58 exec/s: 0 rss: 33Mb L: 20/34 MS: 1 ChangeBit-
#12673	NEW    cov: 33 ft: 211 corp: 70/1193b lim: 58 exec/s: 0 rss: 33Mb L: 20/34 MS: 1 ChangeASCIIInt-
#12699	NEW    cov: 33 ft: 212 corp: 71/1213b lim: 58 exec/s: 0 rss: 33Mb L: 20/34 MS: 1 CrossOver-
#13730	NEW    cov: 33 ft: 213 corp: 72/1233b lim: 68 exec/s: 0 rss: 33Mb L: 20/34 MS: 1 ChangeBit-
#14003	REDUCE cov: 33 ft: 213 corp: 72/1231b lim: 68 exec/s: 0 rss: 33Mb L: 18/34 MS: 3 InsertByte-ChangeByte-EraseBytes-
#14304	REDUCE cov: 33 ft: 213 corp: 72/1230b lim: 68 exec/s: 0 rss: 33Mb L: 27/34 MS: 1 EraseBytes-
#14716	REDUCE cov: 33 ft: 214 corp: 73/1245b lim: 68 exec/s: 0 rss: 33Mb L: 15/34 MS: 2 ShuffleBytes-ChangeBinInt-
#15127	NEW    cov: 33 ft: 215 corp: 74/1265b lim: 68 exec/s: 0 rss: 33Mb L: 20/34 MS: 1 ChangeASCIIInt-
#17278	NEW    cov: 33 ft: 216 corp: 75/1282b lim: 86 exec/s: 0 rss: 34Mb L: 17/34 MS: 1 ChangeBinInt-
#17664	NEW    cov: 33 ft: 217 corp: 76/1302b lim: 86 exec/s: 0 rss: 34Mb L: 20/34 MS: 1 ChangeBinInt-
#18641	REDUCE cov: 33 ft: 217 corp: 76/1301b lim: 92 exec/s: 0 rss: 34Mb L: 15/34 MS: 2 ChangeASCIIInt-EraseBytes-
#18853	REDUCE cov: 33 ft: 217 corp: 76/1299b lim: 92 exec/s: 0 rss: 34Mb L: 18/34 MS: 2 EraseBytes-ChangeByte-
#18975	NEW    cov: 33 ft: 218 corp: 77/1319b lim: 92 exec/s: 0 rss: 34Mb L: 20/34 MS: 2 ShuffleBytes-ShuffleBytes-
#19706	NEW    cov: 33 ft: 221 corp: 78/1339b lim: 98 exec/s: 0 rss: 34Mb L: 20/34 MS: 1 ChangeByte-
#20292	NEW    cov: 33 ft: 222 corp: 79/1359b lim: 98 exec/s: 0 rss: 34Mb L: 20/34 MS: 1 ChangeBit-
#20305	REDUCE cov: 33 ft: 222 corp: 79/1357b lim: 98 exec/s: 0 rss: 34Mb L: 18/34 MS: 3 EraseBytes-ChangeBit-ChangeByte-
#21971	NEW    cov: 47 ft: 284 corp: 80/1377b lim: 110 exec/s: 0 rss: 35Mb L: 20/34 MS: 1 ChangeByte-
#22223	NEW    cov: 47 ft: 285 corp: 81/1397b lim: 110 exec/s: 0 rss: 35Mb L: 20/34 MS: 2 ChangeByte-ChangeBit-
#24651	NEW    cov: 48 ft: 288 corp: 82/1417b lim: 128 exec/s: 0 rss: 35Mb L: 20/34 MS: 3 EraseBytes-ShuffleBytes-InsertByte-
#26303	NEW    cov: 48 ft: 290 corp: 83/1438b lim: 142 exec/s: 0 rss: 35Mb L: 21/34 MS: 2 EraseBytes-InsertRepeatedBytes-
#26580	REDUCE cov: 48 ft: 290 corp: 83/1437b lim: 142 exec/s: 0 rss: 35Mb L: 17/34 MS: 2 EraseBytes-ChangeByte-
#26746	NEW    cov: 48 ft: 291 corp: 84/1457b lim: 142 exec/s: 0 rss: 35Mb L: 20/34 MS: 1 ChangeASCIIInt-
#28442	NEW    cov: 49 ft: 293 corp: 85/1477b lim: 156 exec/s: 0 rss: 35Mb L: 20/34 MS: 1 ChangeByte-
#28569	NEW    cov: 49 ft: 294 corp: 86/1497b lim: 156 exec/s: 0 rss: 35Mb L: 20/34 MS: 2 ShuffleBytes-ChangeBinInt-
#29695	NEW    cov: 49 ft: 295 corp: 87/1514b lim: 163 exec/s: 0 rss: 35Mb L: 17/34 MS: 1 ShuffleBytes-
#29931	NEW    cov: 49 ft: 296 corp: 88/1531b lim: 163 exec/s: 0 rss: 35Mb L: 17/34 MS: 1 ChangeBinInt-
#30022	NEW    cov: 49 ft: 297 corp: 89/1551b lim: 163 exec/s: 0 rss: 35Mb L: 20/34 MS: 1 ChangeBit-
#30218	REDUCE cov: 49 ft: 297 corp: 89/1550b lim: 163 exec/s: 0 rss: 35Mb L: 16/34 MS: 1 EraseBytes-
#32895	REDUCE cov: 49 ft: 298 corp: 90/1566b lim: 184 exec/s: 0 rss: 35Mb L: 16/34 MS: 2 ChangeBit-ShuffleBytes-
#33101	NEW    cov: 49 ft: 299 corp: 91/1581b lim: 184 exec/s: 0 rss: 35Mb L: 15/34 MS: 1 ChangeBit-
#38366	REDUCE cov: 49 ft: 299 corp: 91/1577b lim: 233 exec/s: 0 rss: 35Mb L: 16/34 MS: 5 ChangeByte-ChangeBit-ChangeBinInt-ShuffleBytes-EraseBytes-
#38924	NEW    cov: 49 ft: 300 corp: 92/1594b lim: 233 exec/s: 0 rss: 35Mb L: 17/34 MS: 3 ChangeByte-ShuffleBytes-ChangeByte-
#40121	REDUCE cov: 49 ft: 300 corp: 92/1592b lim: 240 exec/s: 0 rss: 35Mb L: 15/34 MS: 2 ChangeBit-EraseBytes-
#40758	NEW    cov: 49 ft: 301 corp: 93/1608b lim: 240 exec/s: 0 rss: 35Mb L: 16/34 MS: 2 InsertByte-ChangeBit-
#41024	NEW    cov: 49 ft: 302 corp: 94/1625b lim: 240 exec/s: 0 rss: 35Mb L: 17/34 MS: 1 ChangeBit-
#41056	NEW    cov: 49 ft: 307 corp: 95/1645b lim: 240 exec/s: 0 rss: 35Mb L: 20/34 MS: 2 ChangeBinInt-ChangeByte-
#41503	REDUCE cov: 49 ft: 307 corp: 95/1643b lim: 240 exec/s: 0 rss: 35Mb L: 15/34 MS: 2 InsertByte-EraseBytes-
#43015	REDUCE cov: 49 ft: 307 corp: 95/1642b lim: 254 exec/s: 0 rss: 35Mb L: 15/34 MS: 2 PersAutoDict-EraseBytes- DE: "\001\000"-
#44402	REDUCE cov: 49 ft: 307 corp: 95/1641b lim: 261 exec/s: 0 rss: 35Mb L: 15/34 MS: 2 CopyPart-EraseBytes-
#51323	NEW    cov: 49 ft: 308 corp: 96/1661b lim: 325 exec/s: 0 rss: 35Mb L: 20/34 MS: 1 ChangeByte-
#53100	REDUCE cov: 49 ft: 308 corp: 96/1659b lim: 341 exec/s: 0 rss: 35Mb L: 18/34 MS: 2 EraseBytes-InsertByte-
#54336	NEW    cov: 49 ft: 309 corp: 97/1679b lim: 349 exec/s: 0 rss: 35Mb L: 20/34 MS: 1 ShuffleBytes-
#57533	NEW    cov: 49 ft: 312 corp: 98/1699b lim: 373 exec/s: 0 rss: 35Mb L: 20/34 MS: 2 ChangeASCIIInt-ChangeASCIIInt-
#61075	NEW    cov: 49 ft: 319 corp: 99/1720b lim: 405 exec/s: 0 rss: 35Mb L: 21/34 MS: 2 ChangeBit-CopyPart-
#61891	NEW    cov: 49 ft: 322 corp: 100/1740b lim: 413 exec/s: 0 rss: 35Mb L: 20/34 MS: 1 ChangeBit-
#70477	NEW    cov: 49 ft: 324 corp: 101/1760b lim: 493 exec/s: 0 rss: 35Mb L: 20/34 MS: 1 ChangeBit-
#70989	NEW    cov: 49 ft: 325 corp: 102/1777b lim: 493 exec/s: 0 rss: 35Mb L: 17/34 MS: 2 ChangeBit-ChangeBit-
#72297	NEW    cov: 49 ft: 327 corp: 103/1797b lim: 501 exec/s: 0 rss: 35Mb L: 20/34 MS: 3 ChangeBit-ChangeByte-CrossOver-
#76008	REDUCE cov: 49 ft: 327 corp: 103/1796b lim: 535 exec/s: 0 rss: 35Mb L: 16/34 MS: 1 EraseBytes-
#77570	REDUCE cov: 49 ft: 327 corp: 103/1794b lim: 544 exec/s: 0 rss: 35Mb L: 16/34 MS: 2 ChangeBinInt-EraseBytes-
#78573	REDUCE cov: 49 ft: 327 corp: 103/1793b lim: 553 exec/s: 0 rss: 35Mb L: 16/34 MS: 3 ChangeByte-EraseBytes-CopyPart-
#81804	NEW    cov: 49 ft: 328 corp: 104/1813b lim: 580 exec/s: 0 rss: 35Mb L: 20/34 MS: 1 CrossOver-
#86370	REDUCE cov: 49 ft: 328 corp: 104/1812b lim: 625 exec/s: 0 rss: 35Mb L: 16/34 MS: 1 EraseBytes-
#86638	REDUCE cov: 49 ft: 328 corp: 104/1810b lim: 625 exec/s: 0 rss: 35Mb L: 15/34 MS: 3 PersAutoDict-CopyPart-EraseBytes- DE: "\377\377"-
#93349	REDUCE cov: 49 ft: 329 corp: 105/1826b lim: 688 exec/s: 0 rss: 35Mb L: 16/34 MS: 1 ChangeByte-
#98060	REDUCE cov: 49 ft: 329 corp: 105/1825b lim: 733 exec/s: 0 rss: 35Mb L: 16/34 MS: 1 EraseBytes-
#106322	NEW    cov: 49 ft: 331 corp: 106/1845b lim: 814 exec/s: 0 rss: 35Mb L: 20/34 MS: 2 ChangeASCIIInt-ChangeBit-
#108240	REDUCE cov: 49 ft: 331 corp: 106/1843b lim: 832 exec/s: 0 rss: 35Mb L: 19/34 MS: 3 ChangeBinInt-InsertByte-EraseBytes-
#116451	REDUCE cov: 49 ft: 331 corp: 106/1842b lim: 913 exec/s: 0 rss: 35Mb L: 16/34 MS: 1 EraseBytes-
#120477	NEW    cov: 49 ft: 332 corp: 107/1859b lim: 949 exec/s: 0 rss: 35Mb L: 17/34 MS: 1 ChangeByte-
#139848	NEW    cov: 49 ft: 333 corp: 108/1875b lim: 1140 exec/s: 0 rss: 35Mb L: 16/34 MS: 1 ChangeBit-
#160315	NEW    cov: 49 ft: 334 corp: 109/1895b lim: 1340 exec/s: 0 rss: 35Mb L: 20/34 MS: 2 ShuffleBytes-ChangeBit-
#161831	NEW    cov: 49 ft: 335 corp: 110/1911b lim: 1350 exec/s: 0 rss: 35Mb L: 16/34 MS: 1 ChangeByte-
#164977	NEW    cov: 49 ft: 336 corp: 111/1928b lim: 1380 exec/s: 0 rss: 35Mb L: 17/34 MS: 1 ChangeBinInt-
#171143	REDUCE cov: 49 ft: 336 corp: 111/1927b lim: 1440 exec/s: 0 rss: 35Mb L: 16/34 MS: 1 EraseBytes-
#180344	NEW    cov: 49 ft: 337 corp: 112/1943b lim: 1530 exec/s: 0 rss: 35Mb L: 16/34 MS: 1 CMP- DE: "b\000"-
#195935	NEW    cov: 49 ft: 339 corp: 113/1963b lim: 1680 exec/s: 0 rss: 35Mb L: 20/34 MS: 1 ChangeBit-
#197151	NEW    cov: 49 ft: 341 corp: 114/1983b lim: 1690 exec/s: 0 rss: 35Mb L: 20/34 MS: 1 CopyPart-
#200217	NEW    cov: 49 ft: 342 corp: 115/1999b lim: 1720 exec/s: 0 rss: 35Mb L: 16/34 MS: 1 ChangeBinInt-
#203599	REDUCE cov: 49 ft: 342 corp: 115/1997b lim: 1750 exec/s: 0 rss: 35Mb L: 15/34 MS: 2 EraseBytes-ChangeByte-
#205005	NEW    cov: 49 ft: 343 corp: 116/2017b lim: 1760 exec/s: 0 rss: 35Mb L: 20/34 MS: 1 ChangeBit-
#208232	REDUCE cov: 49 ft: 343 corp: 116/2015b lim: 1790 exec/s: 0 rss: 35Mb L: 15/34 MS: 2 ChangeBinInt-EraseBytes-
#242463	NEW    cov: 49 ft: 344 corp: 117/2031b lim: 2127 exec/s: 0 rss: 35Mb L: 16/34 MS: 1 CopyPart-
#256424	NEW    cov: 49 ft: 345 corp: 118/2047b lim: 2259 exec/s: 0 rss: 35Mb L: 16/34 MS: 1 ChangeByte-
#258800	NEW    cov: 49 ft: 346 corp: 119/2063b lim: 2281 exec/s: 0 rss: 35Mb L: 16/34 MS: 1 ChangeBit-
#262662	REDUCE cov: 49 ft: 346 corp: 119/2062b lim: 2314 exec/s: 0 rss: 35Mb L: 16/34 MS: 2 ChangeBit-EraseBytes-
#263673	NEW    cov: 49 ft: 347 corp: 120/2078b lim: 2314 exec/s: 0 rss: 35Mb L: 16/34 MS: 1 ChangeBit-
#267085	NEW    cov: 49 ft: 348 corp: 121/2094b lim: 2347 exec/s: 0 rss: 35Mb L: 16/34 MS: 2 ChangeByte-ChangeASCIIInt-
#274251	NEW    cov: 49 ft: 356 corp: 122/2114b lim: 2413 exec/s: 0 rss: 35Mb L: 20/34 MS: 1 CrossOver-
#275050	REDUCE cov: 49 ft: 356 corp: 122/2113b lim: 2413 exec/s: 0 rss: 35Mb L: 16/34 MS: 4 ChangeBit-ChangeBit-ChangeByte-EraseBytes-
#275283	NEW    cov: 49 ft: 357 corp: 123/2129b lim: 2413 exec/s: 0 rss: 35Mb L: 16/34 MS: 3 EraseBytes-InsertByte-CopyPart-
#284378	REDUCE cov: 49 ft: 357 corp: 123/2128b lim: 2501 exec/s: 0 rss: 35Mb L: 16/34 MS: 5 InsertByte-ChangeByte-InsertByte-EraseBytes-CrossOver-
#294964	NEW    cov: 49 ft: 358 corp: 124/2148b lim: 2600 exec/s: 0 rss: 35Mb L: 20/34 MS: 1 ChangeBit-
#306898	NEW    cov: 49 ft: 360 corp: 125/2168b lim: 2710 exec/s: 0 rss: 35Mb L: 20/34 MS: 4 ChangeByte-ShuffleBytes-ShuffleBytes-ChangeBit-
#334680	REDUCE cov: 49 ft: 361 corp: 126/2183b lim: 2985 exec/s: 0 rss: 35Mb L: 15/34 MS: 2 ChangeByte-CrossOver-
#340436	NEW    cov: 49 ft: 362 corp: 127/2199b lim: 3040 exec/s: 0 rss: 35Mb L: 16/34 MS: 1 CrossOver-
#344232	NEW    cov: 49 ft: 363 corp: 128/2215b lim: 3073 exec/s: 0 rss: 35Mb L: 16/34 MS: 1 ShuffleBytes-
#352364	NEW    cov: 49 ft: 364 corp: 129/2231b lim: 3150 exec/s: 0 rss: 35Mb L: 16/34 MS: 2 ChangeByte-ChangeASCIIInt-
#400840	NEW    cov: 49 ft: 365 corp: 130/2247b lim: 3623 exec/s: 0 rss: 35Mb L: 16/34 MS: 1 CopyPart-
#402043	REDUCE cov: 49 ft: 365 corp: 130/2243b lim: 3634 exec/s: 0 rss: 35Mb L: 16/34 MS: 3 CrossOver-PersAutoDict-EraseBytes- DE: "\377\377"-
#402849	NEW    cov: 49 ft: 366 corp: 131/2259b lim: 3634 exec/s: 0 rss: 35Mb L: 16/34 MS: 1 ChangeASCIIInt-
#403470	NEW    cov: 49 ft: 367 corp: 132/2275b lim: 3634 exec/s: 0 rss: 35Mb L: 16/34 MS: 1 ChangeBit-
#410343	REDUCE cov: 49 ft: 367 corp: 132/2273b lim: 3700 exec/s: 0 rss: 35Mb L: 21/34 MS: 3 ShuffleBytes-ChangeBit-EraseBytes-
#426443	NEW    cov: 49 ft: 368 corp: 133/2289b lim: 3854 exec/s: 426443 rss: 36Mb L: 16/34 MS: 2 CopyPart-ChangeBinInt-
#426684	NEW    cov: 49 ft: 369 corp: 134/2305b lim: 3854 exec/s: 426684 rss: 36Mb L: 16/34 MS: 1 CopyPart-
#426695	NEW    cov: 49 ft: 370 corp: 135/2321b lim: 3854 exec/s: 426695 rss: 36Mb L: 16/34 MS: 1 CopyPart-
#429022	NEW    cov: 49 ft: 371 corp: 136/2341b lim: 3876 exec/s: 429022 rss: 36Mb L: 20/34 MS: 2 CopyPart-CMP- DE: "a\000\000\000"-
#430393	NEW    cov: 49 ft: 372 corp: 137/2361b lim: 3887 exec/s: 430393 rss: 36Mb L: 20/34 MS: 1 ChangeBit-
#432894	NEW    cov: 49 ft: 373 corp: 138/2381b lim: 3909 exec/s: 432894 rss: 36Mb L: 20/34 MS: 1 ChangeByte-
#445630	NEW    cov: 49 ft: 374 corp: 139/2401b lim: 4030 exec/s: 445630 rss: 36Mb L: 20/34 MS: 1 CrossOver-
#445836	NEW    cov: 49 ft: 375 corp: 140/2421b lim: 4030 exec/s: 445836 rss: 36Mb L: 20/34 MS: 1 ChangeASCIIInt-
#446988	NEW    cov: 49 ft: 376 corp: 141/2441b lim: 4041 exec/s: 446988 rss: 36Mb L: 20/34 MS: 2 ShuffleBytes-CrossOver-
#447074	NEW    cov: 49 ft: 378 corp: 142/2461b lim: 4041 exec/s: 447074 rss: 36Mb L: 20/34 MS: 1 ChangeASCIIInt-
#447125	NEW    cov: 49 ft: 379 corp: 143/2481b lim: 4041 exec/s: 447125 rss: 36Mb L: 20/34 MS: 1 CopyPart-
#449412	REDUCE cov: 49 ft: 380 corp: 144/2497b lim: 4063 exec/s: 449412 rss: 36Mb L: 16/34 MS: 2 ShuffleBytes-CrossOver-
#449593	NEW    cov: 49 ft: 381 corp: 145/2517b lim: 4063 exec/s: 449593 rss: 36Mb L: 20/34 MS: 1 ChangeASCIIInt-
#449639	NEW    cov: 49 ft: 382 corp: 146/2533b lim: 4063 exec/s: 449639 rss: 36Mb L: 16/34 MS: 1 ChangeASCIIInt-
#450020	NEW    cov: 49 ft: 383 corp: 147/2549b lim: 4063 exec/s: 450020 rss: 36Mb L: 16/34 MS: 1 ChangeASCIIInt-
#450341	NEW    cov: 49 ft: 384 corp: 148/2569b lim: 4063 exec/s: 450341 rss: 36Mb L: 20/34 MS: 1 ChangeBinInt-
#451817	NEW    cov: 49 ft: 385 corp: 149/2589b lim: 4074 exec/s: 451817 rss: 36Mb L: 20/34 MS: 1 ChangeBit-
#453018	NEW    cov: 49 ft: 386 corp: 150/2609b lim: 4085 exec/s: 453018 rss: 36Mb L: 20/34 MS: 1 ChangeBit-
#465653	NEW    cov: 49 ft: 387 corp: 151/2629b lim: 4096 exec/s: 465653 rss: 36Mb L: 20/34 MS: 5 CopyPart-ShuffleBytes-CrossOver-EraseBytes-EraseBytes-
#466725	NEW    cov: 49 ft: 388 corp: 152/2649b lim: 4096 exec/s: 466725 rss: 36Mb L: 20/34 MS: 2 ChangeASCIIInt-ChangeBit-
#576868	REDUCE cov: 49 ft: 388 corp: 152/2647b lim: 4096 exec/s: 576868 rss: 36Mb L: 18/34 MS: 3 EraseBytes-CopyPart-ChangeByte-
#604642	REDUCE cov: 49 ft: 388 corp: 152/2645b lim: 4096 exec/s: 604642 rss: 36Mb L: 17/34 MS: 4 ChangeBit-ShuffleBytes-ChangeBinInt-EraseBytes-
#638879	NEW    cov: 49 ft: 389 corp: 153/2665b lim: 4096 exec/s: 638879 rss: 36Mb L: 20/34 MS: 2 ChangeByte-ChangeByte-
#728866	REDUCE cov: 49 ft: 389 corp: 153/2663b lim: 4096 exec/s: 728866 rss: 36Mb L: 18/34 MS: 2 EraseBytes-InsertByte-
#729999	NEW    cov: 49 ft: 391 corp: 154/2683b lim: 4096 exec/s: 729999 rss: 36Mb L: 20/34 MS: 3 ChangeASCIIInt-ChangeBinInt-CopyPart-
#787252	REDUCE cov: 49 ft: 391 corp: 154/2681b lim: 4096 exec/s: 787252 rss: 36Mb L: 18/34 MS: 3 ChangeBit-EraseBytes-CrossOver-
#880161	REDUCE cov: 49 ft: 391 corp: 154/2679b lim: 4096 exec/s: 440080 rss: 36Mb L: 16/34 MS: 4 ChangeByte-InsertByte-ChangeASCIIInt-EraseBytes-
#1019808	NEW    cov: 49 ft: 392 corp: 155/2699b lim: 4096 exec/s: 509904 rss: 36Mb L: 20/34 MS: 2 ChangeASCIIInt-ChangeBinInt-
#1027996	REDUCE cov: 49 ft: 392 corp: 155/2697b lim: 4096 exec/s: 513998 rss: 36Mb L: 18/34 MS: 3 ChangeBinInt-PersAutoDict-EraseBytes- DE: "\036\000\000\000\000\000\000\000"-
#1048576	pulse  cov: 49 ft: 392 corp: 155/2697b lim: 4096 exec/s: 524288 rss: 36Mb
#1053767	REDUCE cov: 49 ft: 392 corp: 155/2696b lim: 4096 exec/s: 526883 rss: 36Mb L: 16/34 MS: 1 EraseBytes-
#1109568	NEW    cov: 49 ft: 393 corp: 156/2716b lim: 4096 exec/s: 554784 rss: 36Mb L: 20/34 MS: 1 ChangeBit-
#1140570	REDUCE cov: 49 ft: 393 corp: 156/2714b lim: 4096 exec/s: 570285 rss: 36Mb L: 18/34 MS: 2 EraseBytes-InsertByte-
#1205612	REDUCE cov: 49 ft: 393 corp: 156/2712b lim: 4096 exec/s: 602806 rss: 36Mb L: 18/34 MS: 2 PersAutoDict-EraseBytes- DE: "\377\377"-
#1336579	REDUCE cov: 49 ft: 393 corp: 156/2710b lim: 4096 exec/s: 445526 rss: 36Mb L: 18/34 MS: 2 ChangeBit-EraseBytes-
#1439586	REDUCE cov: 49 ft: 393 corp: 156/2708b lim: 4096 exec/s: 479862 rss: 36Mb L: 17/34 MS: 2 EraseBytes-PersAutoDict- DE: "\377\377"-
#1454218	REDUCE cov: 49 ft: 393 corp: 156/2707b lim: 4096 exec/s: 484739 rss: 36Mb L: 16/34 MS: 2 ChangeBinInt-EraseBytes-
#1465152	REDUCE cov: 49 ft: 393 corp: 156/2705b lim: 4096 exec/s: 488384 rss: 36Mb L: 18/34 MS: 4 CMP-InsertByte-InsertByte-EraseBytes- DE: "\001\000\000D"-
#1473803	NEW    cov: 49 ft: 394 corp: 157/2726b lim: 4096 exec/s: 491267 rss: 36Mb L: 21/34 MS: 1 CopyPart-
#1573933	REDUCE cov: 49 ft: 394 corp: 157/2724b lim: 4096 exec/s: 524644 rss: 36Mb L: 18/34 MS: 5 CopyPart-CrossOver-CrossOver-ChangeASCIIInt-EraseBytes-
#1576539	NEW    cov: 49 ft: 395 corp: 158/2744b lim: 4096 exec/s: 525513 rss: 36Mb L: 20/34 MS: 1 CMP- DE: "R\000\000\000"-
#1647650	REDUCE cov: 49 ft: 395 corp: 158/2743b lim: 4096 exec/s: 549216 rss: 36Mb L: 20/34 MS: 1 EraseBytes-
#1648906	REDUCE cov: 49 ft: 395 corp: 158/2742b lim: 4096 exec/s: 549635 rss: 36Mb L: 20/34 MS: 1 EraseBytes-
#1714066	REDUCE cov: 49 ft: 395 corp: 158/2740b lim: 4096 exec/s: 571355 rss: 36Mb L: 16/34 MS: 5 ShuffleBytes-CrossOver-ChangeASCIIInt-EraseBytes-InsertByte-
#1731883	NEW    cov: 49 ft: 396 corp: 159/2767b lim: 4096 exec/s: 577294 rss: 36Mb L: 27/34 MS: 2 CopyPart-ChangeBit-
#1732639	NEW    cov: 50 ft: 402 corp: 160/2794b lim: 4096 exec/s: 577546 rss: 36Mb L: 27/34 MS: 1 ChangeBit-
#1934652	REDUCE cov: 50 ft: 403 corp: 161/2826b lim: 4096 exec/s: 483663 rss: 36Mb L: 32/34 MS: 3 InsertRepeatedBytes-ShuffleBytes-EraseBytes-
#2042521	REDUCE cov: 50 ft: 403 corp: 161/2824b lim: 4096 exec/s: 510630 rss: 36Mb L: 16/34 MS: 4 InsertByte-EraseBytes-EraseBytes-ChangeBit-
#2081140	REDUCE cov: 50 ft: 403 corp: 161/2823b lim: 4096 exec/s: 520285 rss: 36Mb L: 20/34 MS: 4 PersAutoDict-EraseBytes-ChangeByte-ChangeBit- DE: "b\000"-
#2097152	pulse  cov: 50 ft: 403 corp: 161/2823b lim: 4096 exec/s: 524288 rss: 36Mb
#2118243	REDUCE cov: 50 ft: 403 corp: 161/2821b lim: 4096 exec/s: 529560 rss: 36Mb L: 16/34 MS: 3 ChangeBit-ChangeByte-EraseBytes-
#2127371	REDUCE cov: 50 ft: 403 corp: 161/2819b lim: 4096 exec/s: 531842 rss: 36Mb L: 18/34 MS: 3 ShuffleBytes-EraseBytes-ChangeBit-
#2340614	REDUCE cov: 50 ft: 403 corp: 161/2818b lim: 4096 exec/s: 468122 rss: 36Mb L: 16/34 MS: 3 EraseBytes-ShuffleBytes-CopyPart-
#2386387	REDUCE cov: 50 ft: 403 corp: 161/2816b lim: 4096 exec/s: 477277 rss: 36Mb L: 18/34 MS: 3 InsertByte-CMP-EraseBytes- DE: "\000\000\000T"-
#2576821	REDUCE cov: 50 ft: 403 corp: 161/2814b lim: 4096 exec/s: 515364 rss: 36Mb L: 18/34 MS: 4 PersAutoDict-CopyPart-ChangeByte-EraseBytes- DE: "a\000\000\000"-
#2922054	REDUCE cov: 50 ft: 403 corp: 161/2812b lim: 4096 exec/s: 487009 rss: 36Mb L: 18/34 MS: 3 ChangeByte-ChangeBit-EraseBytes-
#3225087	REDUCE cov: 50 ft: 403 corp: 161/2810b lim: 4096 exec/s: 460726 rss: 36Mb L: 18/34 MS: 3 EraseBytes-ShuffleBytes-ChangeBinInt-
#3293070	NEW    cov: 50 ft: 404 corp: 162/2830b lim: 4096 exec/s: 470438 rss: 36Mb L: 20/34 MS: 3 PersAutoDict-ChangeBinInt-CopyPart- DE: "\000\000\000T"-
#3293195	REDUCE cov: 50 ft: 404 corp: 162/2826b lim: 4096 exec/s: 470456 rss: 36Mb L: 16/34 MS: 5 ShuffleBytes-ChangeBinInt-ChangeBinInt-ChangeBit-EraseBytes-
#3294567	REDUCE cov: 50 ft: 404 corp: 162/2825b lim: 4096 exec/s: 470652 rss: 36Mb L: 15/34 MS: 2 ShuffleBytes-EraseBytes-
#3296103	REDUCE cov: 50 ft: 406 corp: 163/2853b lim: 4096 exec/s: 470871 rss: 36Mb L: 28/34 MS: 1 CopyPart-
#3306637	REDUCE cov: 50 ft: 406 corp: 163/2849b lim: 4096 exec/s: 472376 rss: 36Mb L: 24/34 MS: 4 ChangeByte-ShuffleBytes-ChangeBit-EraseBytes-
#3338227	REDUCE cov: 50 ft: 406 corp: 163/2845b lim: 4096 exec/s: 476889 rss: 36Mb L: 20/34 MS: 5 CMP-CopyPart-PersAutoDict-InsertByte-EraseBytes- DE: "\377\377\377\377\377\377\377\035"-"\036\000\000\000\000\000\000\000"-
#3349240	REDUCE cov: 50 ft: 406 corp: 163/2843b lim: 4096 exec/s: 478462 rss: 36Mb L: 18/34 MS: 3 EraseBytes-ChangeByte-ChangeByte-
#3356632	REDUCE cov: 50 ft: 406 corp: 163/2841b lim: 4096 exec/s: 479518 rss: 36Mb L: 18/34 MS: 2 EraseBytes-PersAutoDict- DE: "\377\377\377\377\377\377\377\035"-
#3398079	REDUCE cov: 50 ft: 406 corp: 163/2839b lim: 4096 exec/s: 485439 rss: 36Mb L: 16/34 MS: 2 CopyPart-EraseBytes-
#3544623	REDUCE cov: 50 ft: 406 corp: 163/2837b lim: 4096 exec/s: 506374 rss: 36Mb L: 16/34 MS: 4 PersAutoDict-ChangeASCIIInt-EraseBytes-ChangeASCIIInt- DE: "\377\377"-
#3808907	REDUCE cov: 50 ft: 406 corp: 163/2835b lim: 4096 exec/s: 476113 rss: 36Mb L: 18/34 MS: 4 EraseBytes-CopyPart-ChangeASCIIInt-InsertByte-
#3965754	REDUCE cov: 50 ft: 406 corp: 163/2833b lim: 4096 exec/s: 495719 rss: 36Mb L: 16/34 MS: 2 EraseBytes-InsertByte-
#4194304	pulse  cov: 50 ft: 406 corp: 163/2833b lim: 4096 exec/s: 466033 rss: 36Mb
#4383761	REDUCE cov: 50 ft: 406 corp: 163/2831b lim: 4096 exec/s: 487084 rss: 36Mb L: 16/34 MS: 2 EraseBytes-ChangeByte-
#4931979	REDUCE cov: 50 ft: 406 corp: 163/2829b lim: 4096 exec/s: 493197 rss: 36Mb L: 16/34 MS: 3 PersAutoDict-ChangeByte-EraseBytes- DE: "\001\000"-
#5705088	REDUCE cov: 50 ft: 406 corp: 163/2825b lim: 4096 exec/s: 475424 rss: 36Mb L: 16/34 MS: 4 ShuffleBytes-PersAutoDict-ChangeASCIIInt-EraseBytes- DE: "\377\377"-
#5723651	REDUCE cov: 50 ft: 406 corp: 163/2823b lim: 4096 exec/s: 476970 rss: 36Mb L: 16/34 MS: 3 EraseBytes-ChangeBit-ChangeBinInt-
#6050043	REDUCE cov: 50 ft: 406 corp: 163/2821b lim: 4096 exec/s: 465387 rss: 36Mb L: 16/34 MS: 2 CMP-EraseBytes- DE: "\377\377\377\377\377\377\377\""-
#6473685	REDUCE cov: 50 ft: 406 corp: 163/2819b lim: 4096 exec/s: 462406 rss: 36Mb L: 16/34 MS: 2 ChangeByte-EraseBytes-
#7995767	REDUCE cov: 50 ft: 406 corp: 163/2817b lim: 4096 exec/s: 470339 rss: 36Mb L: 16/34 MS: 2 EraseBytes-ChangeBit-
#8388608	pulse  cov: 50 ft: 406 corp: 163/2817b lim: 4096 exec/s: 466033 rss: 36Mb
#8781152	REDUCE cov: 50 ft: 406 corp: 163/2815b lim: 4096 exec/s: 462165 rss: 36Mb L: 18/34 MS: 5 CMP-ShuffleBytes-ChangeBit-EraseBytes-InsertByte- DE: "\024\000\000\000\000\000\000\000"-
#9190394	REDUCE cov: 50 ft: 406 corp: 163/2813b lim: 4096 exec/s: 459519 rss: 36Mb L: 16/34 MS: 2 ChangeByte-EraseBytes-
#9216602	REDUCE cov: 50 ft: 407 corp: 164/2841b lim: 4096 exec/s: 460830 rss: 36Mb L: 28/34 MS: 3 InsertRepeatedBytes-EraseBytes-ChangeBinInt-
#9235216	REDUCE cov: 50 ft: 407 corp: 164/2839b lim: 4096 exec/s: 461760 rss: 36Mb L: 16/34 MS: 4 ShuffleBytes-EraseBytes-ChangeBit-CopyPart-
#9250900	REDUCE cov: 50 ft: 407 corp: 164/2833b lim: 4096 exec/s: 462545 rss: 36Mb L: 22/34 MS: 4 ChangeByte-ChangeBit-EraseBytes-ChangeBinInt-
#9259113	REDUCE cov: 50 ft: 407 corp: 164/2827b lim: 4096 exec/s: 462955 rss: 36Mb L: 16/34 MS: 3 EraseBytes-ChangeBinInt-ChangeByte-
#10012081	REDUCE cov: 50 ft: 407 corp: 164/2825b lim: 4096 exec/s: 455094 rss: 36Mb L: 16/34 MS: 3 ChangeASCIIInt-ChangeByte-EraseBytes-
#11130724	REDUCE cov: 50 ft: 407 corp: 164/2823b lim: 4096 exec/s: 463780 rss: 36Mb L: 15/34 MS: 3 ChangeBit-PersAutoDict-EraseBytes- DE: "\377\377\377\377\377\377\377\""-
#11303102	REDUCE cov: 50 ft: 407 corp: 164/2821b lim: 4096 exec/s: 470962 rss: 36Mb L: 18/34 MS: 3 EraseBytes-ChangeBinInt-InsertByte-
#11577846	REDUCE cov: 50 ft: 407 corp: 164/2819b lim: 4096 exec/s: 463113 rss: 36Mb L: 16/34 MS: 4 CrossOver-InsertByte-EraseBytes-EraseBytes-
#11733951	REDUCE cov: 50 ft: 407 corp: 164/2818b lim: 4096 exec/s: 469358 rss: 36Mb L: 15/34 MS: 5 CopyPart-ChangeBinInt-ChangeBit-ChangeByte-EraseBytes-
#12047403	REDUCE cov: 50 ft: 407 corp: 164/2816b lim: 4096 exec/s: 463361 rss: 36Mb L: 18/34 MS: 2 EraseBytes-InsertByte-
#12075713	REDUCE cov: 50 ft: 408 corp: 165/2850b lim: 4096 exec/s: 464450 rss: 36Mb L: 34/34 MS: 5 ChangeByte-ShuffleBytes-InsertRepeatedBytes-ChangeByte-EraseBytes-
#12280846	REDUCE cov: 50 ft: 408 corp: 165/2848b lim: 4096 exec/s: 454846 rss: 36Mb L: 16/34 MS: 3 ChangeBinInt-ChangeASCIIInt-EraseBytes-
#13360663	REDUCE cov: 50 ft: 408 corp: 165/2846b lim: 4096 exec/s: 460712 rss: 36Mb L: 16/34 MS: 2 ChangeBinInt-EraseBytes-
#13945517	NEW    cov: 50 ft: 414 corp: 166/2877b lim: 4096 exec/s: 464850 rss: 36Mb L: 31/34 MS: 4 InsertByte-ChangeBit-ChangeBit-CrossOver-
#13954144	NEW    cov: 50 ft: 416 corp: 167/2908b lim: 4096 exec/s: 465138 rss: 36Mb L: 31/34 MS: 2 ChangeBinInt-ChangeBit-
#14128712	REDUCE cov: 50 ft: 416 corp: 167/2906b lim: 4096 exec/s: 455764 rss: 36Mb L: 16/34 MS: 3 ChangeByte-ShuffleBytes-EraseBytes-
#14329700	REDUCE cov: 50 ft: 416 corp: 167/2904b lim: 4096 exec/s: 462248 rss: 36Mb L: 18/34 MS: 3 CopyPart-EraseBytes-ChangeByte-
#16777216	pulse  cov: 50 ft: 416 corp: 167/2904b lim: 4096 exec/s: 453438 rss: 36Mb
#19102638	REDUCE cov: 50 ft: 416 corp: 167/2903b lim: 4096 exec/s: 454824 rss: 36Mb L: 15/34 MS: 3 ChangeBit-EraseBytes-ChangeByte-
#19489172	REDUCE cov: 50 ft: 416 corp: 167/2902b lim: 4096 exec/s: 464027 rss: 36Mb L: 15/34 MS: 4 ChangeBit-ChangeBinInt-CopyPart-EraseBytes-
#19547743	NEW    cov: 50 ft: 419 corp: 168/2933b lim: 4096 exec/s: 454598 rss: 36Mb L: 31/34 MS: 1 CrossOver-
#20109624	NEW    cov: 50 ft: 420 corp: 169/2964b lim: 4096 exec/s: 457036 rss: 36Mb L: 31/34 MS: 1 CopyPart-
#20372525	NEW    cov: 50 ft: 421 corp: 170/2995b lim: 4096 exec/s: 463011 rss: 36Mb L: 31/34 MS: 1 CopyPart-
#20430906	NEW    cov: 50 ft: 422 corp: 171/3026b lim: 4096 exec/s: 454020 rss: 36Mb L: 31/34 MS: 1 ChangeBit-
#20831278	REDUCE cov: 50 ft: 422 corp: 171/3025b lim: 4096 exec/s: 462917 rss: 36Mb L: 30/34 MS: 2 EraseBytes-ChangeBit-
#20835979	REDUCE cov: 50 ft: 425 corp: 172/3055b lim: 4096 exec/s: 463021 rss: 36Mb L: 30/34 MS: 1 CrossOver-
#25239007	NEW    cov: 50 ft: 426 corp: 173/3080b lim: 4096 exec/s: 458891 rss: 36Mb L: 25/34 MS: 3 CopyPart-CrossOver-CopyPart-
#33554432	pulse  cov: 50 ft: 426 corp: 173/3080b lim: 4096 exec/s: 453438 rss: 37Mb
#52167429	REDUCE cov: 50 ft: 427 corp: 174/3096b lim: 4096 exec/s: 453629 rss: 37Mb L: 16/34 MS: 2 ChangeBit-ChangeASCIIInt-
#52170665	NEW    cov: 50 ft: 428 corp: 175/3112b lim: 4096 exec/s: 453657 rss: 37Mb L: 16/34 MS: 1 ChangeASCIIInt-
#59806593	NEW    cov: 50 ft: 429 corp: 176/3143b lim: 4096 exec/s: 453080 rss: 37Mb L: 31/34 MS: 3 ChangeByte-InsertRepeatedBytes-EraseBytes-
#65108727	REDUCE cov: 50 ft: 429 corp: 176/3141b lim: 4096 exec/s: 452143 rss: 37Mb L: 18/34 MS: 4 EraseBytes-CopyPart-ShuffleBytes-ChangeByte-
#67108864	pulse  cov: 50 ft: 429 corp: 176/3141b lim: 4096 exec/s: 453438 rss: 37Mb
#72936820	REDUCE cov: 50 ft: 429 corp: 176/3140b lim: 4096 exec/s: 453023 rss: 37Mb L: 30/34 MS: 3 ChangeBit-PersAutoDict-EraseBytes- DE: "\036\000\000\000\000\000\000\000"-
#76037299	REDUCE cov: 50 ft: 429 corp: 176/3139b lim: 4096 exec/s: 452602 rss: 37Mb L: 15/34 MS: 4 EraseBytes-ChangeBinInt-InsertByte-ChangeBinInt-
#81519157	REDUCE cov: 50 ft: 429 corp: 176/3137b lim: 4096 exec/s: 452884 rss: 37Mb L: 16/34 MS: 3 CrossOver-PersAutoDict-EraseBytes- DE: "\377\377"-
#87034171	REDUCE cov: 50 ft: 429 corp: 176/3136b lim: 4096 exec/s: 453302 rss: 37Mb L: 15/34 MS: 4 CrossOver-InsertByte-EraseBytes-InsertByte-
#98883073	REDUCE cov: 50 ft: 429 corp: 176/3133b lim: 4096 exec/s: 453592 rss: 37Mb L: 28/34 MS: 2 EraseBytes-ChangeBinInt-
#99443466	REDUCE cov: 50 ft: 430 corp: 177/3165b lim: 4096 exec/s: 452015 rss: 37Mb L: 32/34 MS: 3 CopyPart-CrossOver-CrossOver-
#99455167	NEW    cov: 50 ft: 433 corp: 178/3197b lim: 4096 exec/s: 452068 rss: 37Mb L: 32/34 MS: 1 CopyPart-
#100867176	REDUCE cov: 50 ft: 433 corp: 178/3196b lim: 4096 exec/s: 452319 rss: 37Mb L: 30/34 MS: 4 EraseBytes-CopyPart-ShuffleBytes-CopyPart-
#134217728	pulse  cov: 50 ft: 433 corp: 178/3196b lim: 4096 exec/s: 451911 rss: 37Mb
#155744801	REDUCE cov: 50 ft: 433 corp: 178/3194b lim: 4096 exec/s: 452746 rss: 37Mb L: 18/34 MS: 5 InsertByte-PersAutoDict-ChangeByte-EraseBytes-CrossOver- DE: "b\000"-
#157528046	REDUCE cov: 50 ft: 433 corp: 178/3183b lim: 4096 exec/s: 452666 rss: 37Mb L: 20/34 MS: 5 ChangeByte-EraseBytes-ChangeBit-ChangeASCIIInt-ChangeByte-
#157815588	REDUCE cov: 50 ft: 433 corp: 178/3181b lim: 4096 exec/s: 452193 rss: 37Mb L: 16/34 MS: 2 EraseBytes-ChangeBinInt-
#243760477	REDUCE cov: 50 ft: 433 corp: 178/3180b lim: 4096 exec/s: 452245 rss: 37Mb L: 15/34 MS: 4 ChangeBit-EraseBytes-ChangeByte-ChangeBit-
#256457555	REDUCE cov: 50 ft: 433 corp: 178/3179b lim: 4096 exec/s: 452306 rss: 37Mb L: 15/34 MS: 3 EraseBytes-ChangeByte-ChangeBit-
#268435456	pulse  cov: 50 ft: 433 corp: 178/3179b lim: 4096 exec/s: 451911 rss: 37Mb
==8252== libFuzzer: run interrupted; exiting
==8252== libFuzzer: run interrupted; exiting
