INFO: Running with entropic power schedule (0xFF, 100).
INFO: Seed: 1717103120
INFO: Loaded 1 modules   (70 inline 8-bit counters): 70 [0x55d989f10030, 0x55d989f10076), 
INFO: Loaded 1 PC tables (70 PCs): 70 [0xc000068000,0xc000068460), 
INFO:        4 files found in corpus
INFO: -max_len is not provided; libFuzzer will not generate inputs larger than 4096 bytes
INFO: seed corpus: files: 4 min: 17b max: 19b total: 72b rss: 30Mb
#5	INITED cov: 43 ft: 156 corp: 4/72b exec/s: 0 rss: 30Mb
#6	NEW    cov: 43 ft: 158 corp: 5/90b lim: 19 exec/s: 0 rss: 30Mb L: 18/19 MS: 1 ChangeASCIIInt-
#9	NEW    cov: 43 ft: 159 corp: 6/109b lim: 19 exec/s: 0 rss: 30Mb L: 19/19 MS: 3 ChangeByte-InsertByte-CrossOver-
#11	NEW    cov: 44 ft: 179 corp: 7/125b lim: 19 exec/s: 0 rss: 30Mb L: 16/19 MS: 2 ChangeASCIIInt-EraseBytes-
#15	NEW    cov: 45 ft: 182 corp: 8/135b lim: 19 exec/s: 0 rss: 30Mb L: 10/19 MS: 4 CopyPart-CrossOver-ChangeASCIIInt-EraseBytes-
#21	NEW    cov: 45 ft: 189 corp: 9/153b lim: 19 exec/s: 0 rss: 30Mb L: 18/19 MS: 1 ChangeBinInt-
#27	NEW    cov: 45 ft: 190 corp: 10/164b lim: 19 exec/s: 0 rss: 30Mb L: 11/19 MS: 1 CrossOver-
#34	NEW    cov: 46 ft: 193 corp: 11/183b lim: 19 exec/s: 0 rss: 30Mb L: 19/19 MS: 2 CrossOver-ChangeBit-
#43	NEW    cov: 46 ft: 194 corp: 12/188b lim: 19 exec/s: 0 rss: 30Mb L: 5/19 MS: 4 ChangeByte-InsertRepeatedBytes-ShuffleBytes-CrossOver-
#49	NEW    cov: 46 ft: 196 corp: 13/206b lim: 19 exec/s: 0 rss: 30Mb L: 18/19 MS: 1 ChangeByte-
#59	NEW    cov: 46 ft: 198 corp: 14/219b lim: 19 exec/s: 0 rss: 30Mb L: 13/19 MS: 5 ChangeBinInt-ShuffleBytes-CrossOver-ChangeBit-EraseBytes-
#60	NEW    cov: 46 ft: 199 corp: 15/233b lim: 19 exec/s: 0 rss: 30Mb L: 14/19 MS: 1 InsertByte-
#86	NEW    cov: 46 ft: 202 corp: 16/249b lim: 19 exec/s: 0 rss: 30Mb L: 16/19 MS: 1 ChangeBinInt-
#98	REDUCE cov: 46 ft: 202 corp: 16/247b lim: 19 exec/s: 0 rss: 30Mb L: 3/19 MS: 2 ChangeBit-EraseBytes-
#104	NEW    cov: 46 ft: 204 corp: 17/262b lim: 19 exec/s: 0 rss: 30Mb L: 15/19 MS: 1 InsertByte-
#120	NEW    cov: 46 ft: 206 corp: 18/278b lim: 19 exec/s: 0 rss: 30Mb L: 16/19 MS: 1 CrossOver-
#144	NEW    cov: 46 ft: 208 corp: 19/280b lim: 19 exec/s: 0 rss: 30Mb L: 2/19 MS: 4 InsertByte-ChangeByte-CrossOver-CrossOver-
#180	NEW    cov: 46 ft: 209 corp: 20/298b lim: 19 exec/s: 0 rss: 30Mb L: 18/19 MS: 1 ChangeByte-
#186	NEW    cov: 46 ft: 210 corp: 21/316b lim: 19 exec/s: 0 rss: 30Mb L: 18/19 MS: 1 ChangeASCIIInt-
#232	NEW    cov: 46 ft: 213 corp: 22/334b lim: 19 exec/s: 0 rss: 30Mb L: 18/19 MS: 1 ShuffleBytes-
#233	NEW    cov: 46 ft: 215 corp: 23/352b lim: 19 exec/s: 0 rss: 30Mb L: 18/19 MS: 1 ChangeASCIIInt-
#245	REDUCE cov: 46 ft: 215 corp: 23/350b lim: 19 exec/s: 0 rss: 30Mb L: 17/19 MS: 2 ChangeByte-EraseBytes-
#256	NEW    cov: 46 ft: 218 corp: 24/368b lim: 19 exec/s: 0 rss: 30Mb L: 18/19 MS: 1 CopyPart-
#259	NEW    cov: 46 ft: 220 corp: 25/383b lim: 19 exec/s: 0 rss: 30Mb L: 15/19 MS: 3 CrossOver-EraseBytes-InsertRepeatedBytes-
#260	NEW    cov: 46 ft: 223 corp: 26/401b lim: 19 exec/s: 0 rss: 30Mb L: 18/19 MS: 1 ChangeByte-
#272	NEW    cov: 46 ft: 224 corp: 27/420b lim: 19 exec/s: 0 rss: 30Mb L: 19/19 MS: 2 InsertByte-ChangeBinInt-
#303	NEW    cov: 46 ft: 230 corp: 28/438b lim: 19 exec/s: 0 rss: 30Mb L: 18/19 MS: 1 ChangeByte-
#350	NEW    cov: 46 ft: 232 corp: 29/456b lim: 19 exec/s: 0 rss: 30Mb L: 18/19 MS: 2 ShuffleBytes-ChangeByte-
#356	NEW    cov: 46 ft: 235 corp: 30/474b lim: 19 exec/s: 0 rss: 30Mb L: 18/19 MS: 1 CopyPart-
#382	NEW    cov: 46 ft: 237 corp: 31/490b lim: 19 exec/s: 0 rss: 30Mb L: 16/19 MS: 1 ShuffleBytes-
#398	NEW    cov: 46 ft: 239 corp: 32/508b lim: 19 exec/s: 0 rss: 30Mb L: 18/19 MS: 1 CopyPart-
#481	REDUCE cov: 46 ft: 239 corp: 32/506b lim: 19 exec/s: 0 rss: 30Mb L: 15/19 MS: 3 ShuffleBytes-ChangeASCIIInt-EraseBytes-
#553	NEW    cov: 46 ft: 240 corp: 33/524b lim: 19 exec/s: 0 rss: 30Mb L: 18/19 MS: 2 ChangeBinInt-CMP- DE: "\001\000\000\000\000\000\000\""-
#563	REDUCE cov: 46 ft: 240 corp: 33/523b lim: 19 exec/s: 0 rss: 30Mb L: 2/19 MS: 5 CopyPart-ChangeBinInt-CrossOver-ChangeBit-EraseBytes-
#590	NEW    cov: 46 ft: 241 corp: 34/539b lim: 19 exec/s: 0 rss: 30Mb L: 16/19 MS: 2 ChangeByte-ChangeByte-
#593	REDUCE cov: 46 ft: 241 corp: 34/538b lim: 19 exec/s: 0 rss: 30Mb L: 1/19 MS: 3 ShuffleBytes-ChangeByte-EraseBytes-
#655	NEW    cov: 46 ft: 244 corp: 35/556b lim: 19 exec/s: 0 rss: 30Mb L: 18/19 MS: 2 PersAutoDict-CMP- DE: "\001\000\000\000\000\000\000\""-"\024\000\000\000\000\000\000\000"-
#681	NEW    cov: 46 ft: 246 corp: 36/574b lim: 19 exec/s: 0 rss: 30Mb L: 18/19 MS: 1 PersAutoDict- DE: "\024\000\000\000\000\000\000\000"-
#695	NEW    cov: 46 ft: 248 corp: 37/592b lim: 19 exec/s: 0 rss: 30Mb L: 18/19 MS: 4 InsertByte-CrossOver-CrossOver-CopyPart-
#782	NEW    cov: 46 ft: 250 corp: 38/610b lim: 19 exec/s: 0 rss: 30Mb L: 18/19 MS: 2 CopyPart-ChangeASCIIInt-
#804	NEW    cov: 46 ft: 252 corp: 39/628b lim: 19 exec/s: 0 rss: 30Mb L: 18/19 MS: 2 ChangeBit-CopyPart-
#817	NEW    cov: 46 ft: 253 corp: 40/647b lim: 19 exec/s: 0 rss: 30Mb L: 19/19 MS: 3 ChangeByte-CMP-CopyPart- DE: "\377\377\377\377\377\377\377\021"-
#998	NEW    cov: 47 ft: 255 corp: 41/665b lim: 19 exec/s: 0 rss: 30Mb L: 18/19 MS: 1 ChangeByte-
#1011	NEW    cov: 47 ft: 256 corp: 42/683b lim: 19 exec/s: 0 rss: 30Mb L: 18/19 MS: 3 PersAutoDict-ChangeASCIIInt-ChangeBit- DE: "\001\000\000\000\000\000\000\""-
#1012	NEW    cov: 47 ft: 257 corp: 43/701b lim: 19 exec/s: 0 rss: 30Mb L: 18/19 MS: 1 CrossOver-
#1030	NEW    cov: 47 ft: 258 corp: 44/719b lim: 19 exec/s: 0 rss: 30Mb L: 18/19 MS: 3 ChangeASCIIInt-ChangeBinInt-ChangeByte-
#1193	REDUCE cov: 47 ft: 258 corp: 44/718b lim: 19 exec/s: 0 rss: 30Mb L: 9/19 MS: 3 CrossOver-ShuffleBytes-EraseBytes-
#1390	NEW    cov: 47 ft: 259 corp: 45/736b lim: 19 exec/s: 0 rss: 30Mb L: 18/19 MS: 2 CrossOver-ShuffleBytes-
#1476	NEW    cov: 47 ft: 261 corp: 46/754b lim: 19 exec/s: 0 rss: 30Mb L: 18/19 MS: 1 ChangeBit-
#1580	REDUCE cov: 47 ft: 261 corp: 46/750b lim: 19 exec/s: 0 rss: 30Mb L: 7/19 MS: 4 ChangeBit-ChangeBinInt-ChangeBit-EraseBytes-
#1641	NEW    cov: 47 ft: 262 corp: 47/768b lim: 19 exec/s: 0 rss: 30Mb L: 18/19 MS: 1 ChangeASCIIInt-
#1835	NEW    cov: 47 ft: 263 corp: 48/786b lim: 19 exec/s: 0 rss: 31Mb L: 18/19 MS: 4 ChangeASCIIInt-ShuffleBytes-CopyPart-ChangeBit-
#1839	NEW    cov: 47 ft: 264 corp: 49/802b lim: 19 exec/s: 0 rss: 31Mb L: 16/19 MS: 4 PersAutoDict-ChangeBinInt-EraseBytes-InsertRepeatedBytes- DE: "\377\377\377\377\377\377\377\021"-
#2253	NEW    cov: 47 ft: 266 corp: 50/820b lim: 23 exec/s: 0 rss: 31Mb L: 18/19 MS: 4 ShuffleBytes-EraseBytes-ChangeBit-InsertByte-
#2326	NEW    cov: 47 ft: 267 corp: 51/841b lim: 23 exec/s: 0 rss: 31Mb L: 21/21 MS: 3 InsertRepeatedBytes-ChangeByte-ChangeBinInt-
#2642	REDUCE cov: 47 ft: 267 corp: 51/837b lim: 23 exec/s: 0 rss: 31Mb L: 17/19 MS: 1 EraseBytes-
#2783	REDUCE cov: 47 ft: 267 corp: 51/836b lim: 23 exec/s: 0 rss: 31Mb L: 16/19 MS: 1 CrossOver-
#3210	NEW    cov: 47 ft: 268 corp: 52/863b lim: 27 exec/s: 0 rss: 31Mb L: 27/27 MS: 2 CMP-InsertByte- DE: "\377\377\377\377\377\377\377\021"-
#3617	NEW    cov: 47 ft: 269 corp: 53/894b lim: 31 exec/s: 0 rss: 31Mb L: 31/31 MS: 2 ChangeByte-InsertRepeatedBytes-
#3648	NEW    cov: 47 ft: 271 corp: 54/912b lim: 31 exec/s: 0 rss: 31Mb L: 18/31 MS: 1 ChangeBit-
#3666	NEW    cov: 47 ft: 272 corp: 55/941b lim: 31 exec/s: 0 rss: 31Mb L: 29/31 MS: 3 InsertByte-CMP-InsertRepeatedBytes- DE: "\001\000\000D"-
#3784	NEW    cov: 48 ft: 277 corp: 56/959b lim: 31 exec/s: 0 rss: 31Mb L: 18/31 MS: 3 ChangeASCIIInt-ChangeASCIIInt-ChangeByte-
#4201	NEW    cov: 48 ft: 278 corp: 57/992b lim: 35 exec/s: 0 rss: 31Mb L: 33/33 MS: 2 ChangeBit-InsertRepeatedBytes-
#4219	NEW    cov: 48 ft: 280 corp: 58/1026b lim: 35 exec/s: 0 rss: 31Mb L: 34/34 MS: 3 CMP-InsertRepeatedBytes-CMP- DE: "\"\000\000\000\000\000\000\000"-"\3777"-
#5028	REDUCE cov: 48 ft: 280 corp: 58/1025b lim: 40 exec/s: 0 rss: 31Mb L: 15/34 MS: 4 CrossOver-PersAutoDict-ChangeASCIIInt-CrossOver- DE: "\001\000\000D"-
#5509	NEW    cov: 48 ft: 282 corp: 59/1043b lim: 40 exec/s: 0 rss: 31Mb L: 18/34 MS: 1 CopyPart-
#6327	NEW    cov: 48 ft: 283 corp: 60/1059b lim: 45 exec/s: 0 rss: 32Mb L: 16/34 MS: 3 CopyPart-ChangeASCIIInt-ChangeByte-
#9329	NEW    cov: 48 ft: 284 corp: 61/1077b lim: 71 exec/s: 0 rss: 32Mb L: 18/34 MS: 2 ShuffleBytes-ChangeBit-
#14469	REDUCE cov: 48 ft: 284 corp: 61/1076b lim: 119 exec/s: 0 rss: 33Mb L: 15/34 MS: 5 ChangeBinInt-ChangeBinInt-EraseBytes-ChangeByte-PersAutoDict- DE: "\001\000\000D"-
#14630	NEW    cov: 48 ft: 285 corp: 62/1094b lim: 119 exec/s: 0 rss: 33Mb L: 18/34 MS: 1 ChangeByte-
#14813	REDUCE cov: 48 ft: 285 corp: 62/1093b lim: 119 exec/s: 0 rss: 33Mb L: 15/34 MS: 3 ShuffleBytes-InsertByte-EraseBytes-
#16457	NEW    cov: 48 ft: 286 corp: 63/1108b lim: 131 exec/s: 0 rss: 33Mb L: 15/34 MS: 4 ShuffleBytes-EraseBytes-ShuffleBytes-InsertByte-
#24581	NEW    cov: 48 ft: 288 corp: 64/1126b lim: 208 exec/s: 0 rss: 35Mb L: 18/34 MS: 4 ChangeBit-ChangeByte-ChangeByte-ShuffleBytes-
#25665	NEW    cov: 48 ft: 289 corp: 65/1144b lim: 215 exec/s: 0 rss: 35Mb L: 18/34 MS: 4 ChangeBit-ChangeBit-CrossOver-ChangeBinInt-
#26079	REDUCE cov: 48 ft: 289 corp: 65/1142b lim: 215 exec/s: 0 rss: 35Mb L: 16/34 MS: 4 CMP-ShuffleBytes-CMP-EraseBytes- DE: "\377/"-"\023\000\000\000\000\000\000\000"-
#27656	REDUCE cov: 48 ft: 289 corp: 65/1140b lim: 229 exec/s: 0 rss: 35Mb L: 17/34 MS: 2 EraseBytes-ChangeByte-
#28352	NEW    cov: 48 ft: 295 corp: 66/1158b lim: 229 exec/s: 0 rss: 35Mb L: 18/34 MS: 1 ChangeByte-
#31848	NEW    cov: 49 ft: 298 corp: 67/1176b lim: 257 exec/s: 0 rss: 35Mb L: 18/34 MS: 1 ChangeByte-
#34831	REDUCE cov: 49 ft: 298 corp: 67/1174b lim: 281 exec/s: 0 rss: 35Mb L: 16/34 MS: 3 ChangeASCIIInt-EraseBytes-ChangeBinInt-
#37308	NEW    cov: 49 ft: 305 corp: 68/1192b lim: 305 exec/s: 0 rss: 35Mb L: 18/34 MS: 2 CopyPart-ShuffleBytes-
#42444	NEW    cov: 49 ft: 307 corp: 69/1210b lim: 353 exec/s: 0 rss: 35Mb L: 18/34 MS: 1 ChangeByte-
#43435	NEW    cov: 49 ft: 308 corp: 70/1228b lim: 361 exec/s: 0 rss: 35Mb L: 18/34 MS: 1 ChangeBinInt-
#49074	NEW    cov: 50 ft: 313 corp: 71/1246b lim: 417 exec/s: 0 rss: 35Mb L: 18/34 MS: 4 ShuffleBytes-CopyPart-ChangeByte-ChangeByte-
#49101	NEW    cov: 50 ft: 314 corp: 72/1264b lim: 417 exec/s: 0 rss: 35Mb L: 18/34 MS: 2 ShuffleBytes-ChangeByte-
#51682	NEW    cov: 50 ft: 315 corp: 73/1282b lim: 441 exec/s: 0 rss: 35Mb L: 18/34 MS: 1 ChangeBit-
#52003	NEW    cov: 50 ft: 317 corp: 74/1300b lim: 441 exec/s: 0 rss: 35Mb L: 18/34 MS: 1 ShuffleBytes-
#53321	NEW    cov: 50 ft: 318 corp: 75/1318b lim: 449 exec/s: 0 rss: 35Mb L: 18/34 MS: 3 CopyPart-EraseBytes-EraseBytes-
#53518	NEW    cov: 50 ft: 319 corp: 76/1336b lim: 449 exec/s: 0 rss: 35Mb L: 18/34 MS: 2 ChangeBinInt-ChangeBinInt-
#53804	NEW    cov: 50 ft: 320 corp: 77/1354b lim: 449 exec/s: 0 rss: 35Mb L: 18/34 MS: 1 ShuffleBytes-
#53920	NEW    cov: 50 ft: 321 corp: 78/1372b lim: 449 exec/s: 0 rss: 35Mb L: 18/34 MS: 1 ChangeBinInt-
#54247	NEW    cov: 50 ft: 322 corp: 79/1390b lim: 449 exec/s: 0 rss: 35Mb L: 18/34 MS: 2 ChangeASCIIInt-ChangeBinInt-
#54644	NEW    cov: 50 ft: 325 corp: 80/1408b lim: 449 exec/s: 0 rss: 35Mb L: 18/34 MS: 2 ChangeBinInt-ChangeASCIIInt-
#54900	NEW    cov: 50 ft: 326 corp: 81/1426b lim: 449 exec/s: 0 rss: 35Mb L: 18/34 MS: 1 ChangeASCIIInt-
#54982	NEW    cov: 50 ft: 327 corp: 82/1444b lim: 449 exec/s: 0 rss: 35Mb L: 18/34 MS: 2 ShuffleBytes-ShuffleBytes-
#55503	NEW    cov: 50 ft: 328 corp: 83/1462b lim: 449 exec/s: 0 rss: 35Mb L: 18/34 MS: 1 ChangeASCIIInt-
#57369	NEW    cov: 50 ft: 329 corp: 84/1480b lim: 465 exec/s: 0 rss: 35Mb L: 18/34 MS: 1 ShuffleBytes-
#57445	NEW    cov: 50 ft: 330 corp: 85/1498b lim: 465 exec/s: 0 rss: 35Mb L: 18/34 MS: 1 ChangeASCIIInt-
#58066	NEW    cov: 50 ft: 331 corp: 86/1516b lim: 465 exec/s: 0 rss: 35Mb L: 18/34 MS: 1 ChangeBinInt-
#62552	NEW    cov: 50 ft: 332 corp: 87/1534b lim: 505 exec/s: 0 rss: 35Mb L: 18/34 MS: 1 ChangeBinInt-
#65958	NEW    cov: 50 ft: 333 corp: 88/1552b lim: 531 exec/s: 0 rss: 35Mb L: 18/34 MS: 1 ChangeBit-
#67124	NEW    cov: 50 ft: 334 corp: 89/1570b lim: 540 exec/s: 0 rss: 35Mb L: 18/34 MS: 1 ShuffleBytes-
#67160	NEW    cov: 50 ft: 335 corp: 90/1588b lim: 540 exec/s: 0 rss: 35Mb L: 18/34 MS: 1 CrossOver-
#72622	NEW    cov: 50 ft: 336 corp: 91/1606b lim: 594 exec/s: 0 rss: 35Mb L: 18/34 MS: 2 ChangeByte-ShuffleBytes-
#78413	NEW    cov: 50 ft: 339 corp: 92/1624b lim: 648 exec/s: 0 rss: 35Mb L: 18/34 MS: 1 ChangeBit-
#89085	NEW    cov: 50 ft: 340 corp: 93/1642b lim: 747 exec/s: 0 rss: 35Mb L: 18/34 MS: 2 ChangeBinInt-ShuffleBytes-
#89267	REDUCE cov: 50 ft: 340 corp: 93/1640b lim: 747 exec/s: 0 rss: 35Mb L: 16/34 MS: 2 EraseBytes-ChangeByte-
#93286	REDUCE cov: 50 ft: 340 corp: 93/1638b lim: 783 exec/s: 0 rss: 35Mb L: 15/34 MS: 4 CrossOver-ShuffleBytes-InsertByte-EraseBytes-
#94232	NEW    cov: 50 ft: 342 corp: 94/1656b lim: 792 exec/s: 0 rss: 35Mb L: 18/34 MS: 1 ShuffleBytes-
#94249	NEW    cov: 50 ft: 343 corp: 95/1671b lim: 792 exec/s: 0 rss: 35Mb L: 15/34 MS: 2 CopyPart-EraseBytes-
#100106	REDUCE cov: 50 ft: 343 corp: 95/1669b lim: 846 exec/s: 0 rss: 35Mb L: 16/34 MS: 2 EraseBytes-PersAutoDict- DE: "\377/"-
#100657	NEW    cov: 50 ft: 344 corp: 96/1687b lim: 846 exec/s: 0 rss: 35Mb L: 18/34 MS: 1 ChangeBit-
#109151	REDUCE cov: 50 ft: 344 corp: 96/1685b lim: 927 exec/s: 0 rss: 35Mb L: 16/34 MS: 4 InsertByte-CMP-EraseBytes-CrossOver- DE: "9\000\000\000"-
#110937	NEW    cov: 50 ft: 345 corp: 97/1703b lim: 936 exec/s: 0 rss: 35Mb L: 18/34 MS: 1 ChangeByte-
#112513	NEW    cov: 50 ft: 346 corp: 98/1721b lim: 945 exec/s: 0 rss: 35Mb L: 18/34 MS: 1 ChangeByte-
#114195	REDUCE cov: 50 ft: 346 corp: 98/1719b lim: 954 exec/s: 0 rss: 35Mb L: 16/34 MS: 2 ChangeBit-EraseBytes-
#126136	NEW    cov: 50 ft: 347 corp: 99/1737b lim: 1066 exec/s: 0 rss: 35Mb L: 18/34 MS: 1 ChangeASCIIInt-
#126785	REDUCE cov: 50 ft: 347 corp: 99/1735b lim: 1066 exec/s: 0 rss: 35Mb L: 16/34 MS: 4 InsertByte-InsertByte-EraseBytes-ChangeBit-
#129638	REDUCE cov: 50 ft: 347 corp: 99/1733b lim: 1086 exec/s: 0 rss: 35Mb L: 16/34 MS: 3 InsertByte-EraseBytes-PersAutoDict- DE: "\3777"-
#132669	NEW    cov: 50 ft: 348 corp: 100/1751b lim: 1116 exec/s: 0 rss: 35Mb L: 18/34 MS: 1 ChangeBit-
#135630	NEW    cov: 50 ft: 349 corp: 101/1769b lim: 1136 exec/s: 0 rss: 35Mb L: 18/34 MS: 1 CopyPart-
#141856	NEW    cov: 50 ft: 352 corp: 102/1787b lim: 1196 exec/s: 0 rss: 35Mb L: 18/34 MS: 1 ChangeBinInt-
#145758	NEW    cov: 50 ft: 353 corp: 103/1805b lim: 1226 exec/s: 0 rss: 35Mb L: 18/34 MS: 2 ChangeBit-CopyPart-
#146480	NEW    cov: 50 ft: 354 corp: 104/1823b lim: 1226 exec/s: 0 rss: 35Mb L: 18/34 MS: 2 ChangeBinInt-ChangeByte-
#146836	NEW    cov: 50 ft: 355 corp: 105/1841b lim: 1226 exec/s: 0 rss: 35Mb L: 18/34 MS: 1 ChangeBit-
#164829	NEW    cov: 50 ft: 356 corp: 106/1859b lim: 1396 exec/s: 0 rss: 35Mb L: 18/34 MS: 3 ShuffleBytes-ChangeASCIIInt-ChangeBit-
#168490	NEW    cov: 50 ft: 359 corp: 107/1877b lim: 1426 exec/s: 0 rss: 35Mb L: 18/34 MS: 1 ChangeBit-
#201576	NEW    cov: 50 ft: 360 corp: 108/1895b lim: 1746 exec/s: 0 rss: 35Mb L: 18/34 MS: 1 ChangeBit-
#205014	NEW    cov: 50 ft: 361 corp: 109/1913b lim: 1776 exec/s: 0 rss: 35Mb L: 18/34 MS: 3 ChangeByte-ChangeByte-ChangeASCIIInt-
#217668	REDUCE cov: 50 ft: 361 corp: 109/1911b lim: 1896 exec/s: 0 rss: 35Mb L: 16/34 MS: 4 ShuffleBytes-EraseBytes-ChangeASCIIInt-PersAutoDict- DE: "\377/"-
#219386	REDUCE cov: 50 ft: 361 corp: 109/1909b lim: 1906 exec/s: 0 rss: 35Mb L: 16/34 MS: 3 EraseBytes-ChangeBit-ChangeByte-
#233678	REDUCE cov: 50 ft: 361 corp: 109/1907b lim: 2046 exec/s: 0 rss: 35Mb L: 16/34 MS: 2 EraseBytes-ChangeByte-
#238514	REDUCE cov: 50 ft: 362 corp: 110/1923b lim: 2089 exec/s: 0 rss: 35Mb L: 16/34 MS: 1 CopyPart-
#241364	REDUCE cov: 50 ft: 362 corp: 110/1921b lim: 2111 exec/s: 0 rss: 35Mb L: 16/34 MS: 5 InsertByte-ChangeASCIIInt-CopyPart-ChangeByte-EraseBytes-
#245036	NEW    cov: 50 ft: 363 corp: 111/1937b lim: 2144 exec/s: 0 rss: 35Mb L: 16/34 MS: 2 ShuffleBytes-CopyPart-
#245784	NEW    cov: 50 ft: 364 corp: 112/1953b lim: 2144 exec/s: 0 rss: 35Mb L: 16/34 MS: 3 CopyPart-ChangeBit-CrossOver-
#248930	NEW    cov: 50 ft: 365 corp: 113/1969b lim: 2166 exec/s: 0 rss: 35Mb L: 16/34 MS: 1 CopyPart-
#249458	NEW    cov: 50 ft: 366 corp: 114/1985b lim: 2166 exec/s: 0 rss: 35Mb L: 16/34 MS: 3 ChangeBinInt-ChangeASCIIInt-ChangeBit-
#252673	REDUCE cov: 50 ft: 366 corp: 114/1983b lim: 2188 exec/s: 0 rss: 35Mb L: 16/34 MS: 5 CopyPart-PersAutoDict-ChangeASCIIInt-ChangeBit-EraseBytes- DE: "\3777"-
#263224	NEW    cov: 50 ft: 367 corp: 115/1999b lim: 2287 exec/s: 0 rss: 35Mb L: 16/34 MS: 1 ChangeBinInt-
#267036	NEW    cov: 50 ft: 368 corp: 116/2017b lim: 2320 exec/s: 0 rss: 35Mb L: 18/34 MS: 2 ShuffleBytes-ChangeASCIIInt-
#270897	NEW    cov: 50 ft: 369 corp: 117/2035b lim: 2353 exec/s: 0 rss: 35Mb L: 18/34 MS: 1 ChangeASCIIInt-
#272083	NEW    cov: 50 ft: 370 corp: 118/2053b lim: 2364 exec/s: 0 rss: 35Mb L: 18/34 MS: 1 ChangeByte-
#295225	NEW    cov: 50 ft: 371 corp: 119/2069b lim: 2584 exec/s: 0 rss: 35Mb L: 16/34 MS: 2 ChangeASCIIInt-CrossOver-
#297876	NEW    cov: 50 ft: 372 corp: 120/2085b lim: 2606 exec/s: 0 rss: 35Mb L: 16/34 MS: 1 ChangeASCIIInt-
#300472	NEW    cov: 50 ft: 373 corp: 121/2101b lim: 2628 exec/s: 0 rss: 35Mb L: 16/34 MS: 1 ChangeBit-
#303060	REDUCE cov: 50 ft: 373 corp: 121/2099b lim: 2650 exec/s: 0 rss: 35Mb L: 16/34 MS: 3 InsertByte-CopyPart-EraseBytes-
#304291	NEW    cov: 50 ft: 374 corp: 122/2115b lim: 2661 exec/s: 0 rss: 35Mb L: 16/34 MS: 1 CopyPart-
#305467	NEW    cov: 50 ft: 375 corp: 123/2131b lim: 2672 exec/s: 0 rss: 35Mb L: 16/34 MS: 1 CrossOver-
#305493	NEW    cov: 50 ft: 376 corp: 124/2147b lim: 2672 exec/s: 0 rss: 35Mb L: 16/34 MS: 1 ChangeASCIIInt-
#305744	NEW    cov: 50 ft: 377 corp: 125/2165b lim: 2672 exec/s: 0 rss: 35Mb L: 18/34 MS: 1 ChangeBit-
#307272	REDUCE cov: 50 ft: 377 corp: 125/2163b lim: 2683 exec/s: 0 rss: 35Mb L: 16/34 MS: 3 InsertByte-ChangeASCIIInt-EraseBytes-
#307658	NEW    cov: 50 ft: 378 corp: 126/2179b lim: 2683 exec/s: 0 rss: 36Mb L: 16/34 MS: 1 ChangeByte-
#312195	NEW    cov: 50 ft: 379 corp: 127/2195b lim: 2727 exec/s: 0 rss: 36Mb L: 16/34 MS: 2 ChangeBinInt-CrossOver-
#313341	NEW    cov: 50 ft: 380 corp: 128/2211b lim: 2738 exec/s: 0 rss: 36Mb L: 16/34 MS: 1 ChangeASCIIInt-
#314387	NEW    cov: 50 ft: 381 corp: 129/2227b lim: 2738 exec/s: 0 rss: 36Mb L: 16/34 MS: 1 ChangeASCIIInt-
#316348	NEW    cov: 50 ft: 382 corp: 130/2243b lim: 2749 exec/s: 0 rss: 36Mb L: 16/34 MS: 1 ChangeASCIIInt-
#318579	NEW    cov: 50 ft: 383 corp: 131/2259b lim: 2771 exec/s: 0 rss: 36Mb L: 16/34 MS: 1 CopyPart-
#318815	NEW    cov: 50 ft: 384 corp: 132/2275b lim: 2771 exec/s: 0 rss: 36Mb L: 16/34 MS: 1 CopyPart-
#322786	NEW    cov: 50 ft: 385 corp: 133/2291b lim: 2804 exec/s: 0 rss: 36Mb L: 16/34 MS: 1 ChangeASCIIInt-
#323837	NEW    cov: 50 ft: 386 corp: 134/2307b lim: 2804 exec/s: 0 rss: 36Mb L: 16/34 MS: 1 ChangeBinInt-
#326218	NEW    cov: 50 ft: 387 corp: 135/2323b lim: 2826 exec/s: 0 rss: 36Mb L: 16/34 MS: 1 ChangeBinInt-
#327809	NEW    cov: 50 ft: 388 corp: 136/2339b lim: 2837 exec/s: 0 rss: 36Mb L: 16/34 MS: 1 ChangeASCIIInt-
#328690	NEW    cov: 50 ft: 389 corp: 137/2355b lim: 2837 exec/s: 0 rss: 36Mb L: 16/34 MS: 1 ShuffleBytes-
#329496	NEW    cov: 50 ft: 390 corp: 138/2371b lim: 2837 exec/s: 0 rss: 36Mb L: 16/34 MS: 1 ChangeASCIIInt-
#336682	NEW    cov: 50 ft: 391 corp: 139/2387b lim: 2903 exec/s: 0 rss: 36Mb L: 16/34 MS: 1 ChangeASCIIInt-
#337054	NEW    cov: 50 ft: 392 corp: 140/2405b lim: 2903 exec/s: 0 rss: 36Mb L: 18/34 MS: 2 ShuffleBytes-ChangeBit-
#337585	NEW    cov: 50 ft: 393 corp: 141/2421b lim: 2903 exec/s: 0 rss: 36Mb L: 16/34 MS: 1 ChangeASCIIInt-
#347456	NEW    cov: 50 ft: 394 corp: 142/2437b lim: 2991 exec/s: 0 rss: 36Mb L: 16/34 MS: 1 CopyPart-
#406090	REDUCE cov: 50 ft: 394 corp: 142/2435b lim: 3574 exec/s: 0 rss: 36Mb L: 17/34 MS: 4 ShuffleBytes-CrossOver-ChangeBinInt-EraseBytes-
#422944	NEW    cov: 50 ft: 395 corp: 143/2453b lim: 3739 exec/s: 422944 rss: 36Mb L: 18/34 MS: 4 ShuffleBytes-CopyPart-ChangeByte-CrossOver-
#424906	REDUCE cov: 50 ft: 395 corp: 143/2451b lim: 3750 exec/s: 424906 rss: 36Mb L: 16/34 MS: 2 EraseBytes-ChangeBit-
#436597	NEW    cov: 50 ft: 397 corp: 144/2469b lim: 3860 exec/s: 436597 rss: 36Mb L: 18/34 MS: 1 ChangeBit-
#452379	NEW    cov: 50 ft: 398 corp: 145/2487b lim: 4014 exec/s: 452379 rss: 36Mb L: 18/34 MS: 2 ChangeBit-CopyPart-
#471559	REDUCE cov: 50 ft: 398 corp: 145/2485b lim: 4096 exec/s: 471559 rss: 36Mb L: 16/34 MS: 5 CrossOver-ChangeBinInt-EraseBytes-ChangeASCIIInt-InsertByte-
#506072	NEW    cov: 50 ft: 399 corp: 146/2503b lim: 4096 exec/s: 506072 rss: 36Mb L: 18/34 MS: 3 ChangeBinInt-CrossOver-ChangeASCIIInt-
#528938	NEW    cov: 50 ft: 400 corp: 147/2521b lim: 4096 exec/s: 528938 rss: 36Mb L: 18/34 MS: 1 ChangeBit-
#564345	REDUCE cov: 50 ft: 400 corp: 147/2519b lim: 4096 exec/s: 564345 rss: 36Mb L: 16/34 MS: 2 EraseBytes-InsertByte-
#566908	NEW    cov: 50 ft: 402 corp: 148/2549b lim: 4096 exec/s: 566908 rss: 36Mb L: 30/34 MS: 3 ShuffleBytes-CopyPart-ChangeByte-
#567251	NEW    cov: 50 ft: 403 corp: 149/2565b lim: 4096 exec/s: 567251 rss: 36Mb L: 16/34 MS: 3 EraseBytes-ChangeByte-ChangeBinInt-
#575129	REDUCE cov: 50 ft: 403 corp: 149/2564b lim: 4096 exec/s: 575129 rss: 36Mb L: 15/34 MS: 3 ShuffleBytes-ChangeASCIIInt-EraseBytes-
#577644	REDUCE cov: 50 ft: 403 corp: 149/2560b lim: 4096 exec/s: 577644 rss: 36Mb L: 26/34 MS: 5 ShuffleBytes-CMP-ChangeASCIIInt-EraseBytes-ChangeByte- DE: "\377`"-
#589938	REDUCE cov: 50 ft: 403 corp: 149/2558b lim: 4096 exec/s: 589938 rss: 36Mb L: 15/34 MS: 4 ShuffleBytes-CopyPart-EraseBytes-CopyPart-
#608626	REDUCE cov: 50 ft: 403 corp: 149/2556b lim: 4096 exec/s: 608626 rss: 36Mb L: 16/34 MS: 3 ChangeByte-CrossOver-EraseBytes-
#615809	NEW    cov: 50 ft: 404 corp: 150/2574b lim: 4096 exec/s: 615809 rss: 36Mb L: 18/34 MS: 3 ChangeASCIIInt-ShuffleBytes-ChangeASCIIInt-
#634500	NEW    cov: 50 ft: 406 corp: 151/2592b lim: 4096 exec/s: 634500 rss: 36Mb L: 18/34 MS: 1 ChangeByte-
#635468	REDUCE cov: 50 ft: 406 corp: 151/2590b lim: 4096 exec/s: 635468 rss: 36Mb L: 24/34 MS: 3 EraseBytes-ChangeByte-PersAutoDict- DE: "\3777"-
#651531	REDUCE cov: 50 ft: 406 corp: 151/2588b lim: 4096 exec/s: 651531 rss: 36Mb L: 22/34 MS: 3 EraseBytes-ChangeBit-CopyPart-
#665234	REDUCE cov: 50 ft: 406 corp: 151/2585b lim: 4096 exec/s: 665234 rss: 36Mb L: 15/34 MS: 3 CrossOver-EraseBytes-ChangeBinInt-
#675411	REDUCE cov: 50 ft: 406 corp: 151/2583b lim: 4096 exec/s: 675411 rss: 36Mb L: 17/34 MS: 2 EraseBytes-CrossOver-
#727670	NEW    cov: 50 ft: 414 corp: 152/2598b lim: 4096 exec/s: 727670 rss: 36Mb L: 15/34 MS: 4 CopyPart-ShuffleBytes-ChangeBit-ShuffleBytes-
#731868	REDUCE cov: 50 ft: 414 corp: 152/2596b lim: 4096 exec/s: 731868 rss: 36Mb L: 16/34 MS: 3 ChangeBit-EraseBytes-PersAutoDict- DE: "\377/"-
#740491	REDUCE cov: 50 ft: 414 corp: 152/2594b lim: 4096 exec/s: 740491 rss: 36Mb L: 16/34 MS: 3 ChangeByte-ChangeBit-EraseBytes-
#758805	REDUCE cov: 50 ft: 414 corp: 152/2590b lim: 4096 exec/s: 758805 rss: 36Mb L: 18/34 MS: 4 InsertByte-ChangeBinInt-ChangeASCIIInt-EraseBytes-
#773528	REDUCE cov: 50 ft: 414 corp: 152/2588b lim: 4096 exec/s: 773528 rss: 36Mb L: 16/34 MS: 3 ShuffleBytes-EraseBytes-ChangeBit-
#801074	NEW    cov: 50 ft: 416 corp: 153/2603b lim: 4096 exec/s: 801074 rss: 36Mb L: 15/34 MS: 1 ChangeBit-
#841740	REDUCE cov: 50 ft: 417 corp: 154/2618b lim: 4096 exec/s: 841740 rss: 36Mb L: 15/34 MS: 1 ChangeBinInt-
#877227	REDUCE cov: 50 ft: 417 corp: 154/2616b lim: 4096 exec/s: 438613 rss: 36Mb L: 16/34 MS: 2 EraseBytes-InsertByte-
#912529	REDUCE cov: 50 ft: 417 corp: 154/2614b lim: 4096 exec/s: 456264 rss: 36Mb L: 16/34 MS: 2 EraseBytes-PersAutoDict- DE: "\377/"-
#1048576	pulse  cov: 50 ft: 417 corp: 154/2614b lim: 4096 exec/s: 524288 rss: 36Mb
#1166011	REDUCE cov: 50 ft: 417 corp: 154/2612b lim: 4096 exec/s: 583005 rss: 36Mb L: 16/34 MS: 2 ChangeBit-EraseBytes-
#1202230	REDUCE cov: 50 ft: 417 corp: 154/2610b lim: 4096 exec/s: 601115 rss: 36Mb L: 15/34 MS: 4 EraseBytes-CopyPart-InsertByte-ChangeByte-
#1384483	NEW    cov: 50 ft: 419 corp: 155/2626b lim: 4096 exec/s: 461494 rss: 36Mb L: 16/34 MS: 3 InsertByte-ChangeBit-ChangeByte-
#1427636	REDUCE cov: 50 ft: 419 corp: 155/2624b lim: 4096 exec/s: 475878 rss: 36Mb L: 16/34 MS: 3 ChangeBinInt-ShuffleBytes-EraseBytes-
#1499678	REDUCE cov: 50 ft: 419 corp: 155/2622b lim: 4096 exec/s: 499892 rss: 36Mb L: 16/34 MS: 2 EraseBytes-ChangeByte-
#1535708	REDUCE cov: 50 ft: 419 corp: 155/2620b lim: 4096 exec/s: 511902 rss: 36Mb L: 16/34 MS: 5 PersAutoDict-ChangeByte-ChangeASCIIInt-PersAutoDict-EraseBytes- DE: "\377\377\377\377\377\377\377\021"-"\3777"-
#1571694	NEW    cov: 50 ft: 420 corp: 156/2638b lim: 4096 exec/s: 523898 rss: 36Mb L: 18/34 MS: 1 ChangeByte-
#1630186	REDUCE cov: 50 ft: 420 corp: 156/2636b lim: 4096 exec/s: 543395 rss: 36Mb L: 16/34 MS: 2 InsertByte-EraseBytes-
#1720001	REDUCE cov: 50 ft: 420 corp: 156/2634b lim: 4096 exec/s: 573333 rss: 36Mb L: 16/34 MS: 5 ShuffleBytes-CrossOver-EraseBytes-InsertByte-CrossOver-
#1799387	NEW    cov: 50 ft: 421 corp: 157/2652b lim: 4096 exec/s: 449846 rss: 36Mb L: 18/34 MS: 1 ChangeBit-
#1944448	NEW    cov: 50 ft: 424 corp: 158/2670b lim: 4096 exec/s: 486112 rss: 36Mb L: 18/34 MS: 1 CrossOver-
#2097152	pulse  cov: 50 ft: 424 corp: 158/2670b lim: 4096 exec/s: 524288 rss: 36Mb
#3003427	REDUCE cov: 50 ft: 424 corp: 158/2668b lim: 4096 exec/s: 500571 rss: 36Mb L: 16/34 MS: 4 ChangeASCIIInt-PersAutoDict-EraseBytes-InsertByte- DE: "9\000\000\000"-
#3321125	REDUCE cov: 50 ft: 424 corp: 158/2666b lim: 4096 exec/s: 474446 rss: 36Mb L: 16/34 MS: 3 InsertRepeatedBytes-EraseBytes-EraseBytes-
#3803678	REDUCE cov: 50 ft: 424 corp: 158/2664b lim: 4096 exec/s: 475459 rss: 36Mb L: 16/34 MS: 3 ShuffleBytes-EraseBytes-InsertByte-
#3962425	NEW    cov: 50 ft: 425 corp: 159/2682b lim: 4096 exec/s: 440269 rss: 37Mb L: 18/34 MS: 2 CopyPart-ChangeBinInt-
#3963130	REDUCE cov: 50 ft: 425 corp: 159/2680b lim: 4096 exec/s: 440347 rss: 37Mb L: 16/34 MS: 5 PersAutoDict-ShuffleBytes-ChangeByte-ChangeByte-EraseBytes- DE: "\377`"-
#4194304	pulse  cov: 50 ft: 425 corp: 159/2680b lim: 4096 exec/s: 466033 rss: 37Mb
#4779706	NEW    cov: 50 ft: 426 corp: 160/2714b lim: 4096 exec/s: 477970 rss: 37Mb L: 34/34 MS: 1 InsertRepeatedBytes-
#4791297	REDUCE cov: 50 ft: 426 corp: 160/2712b lim: 4096 exec/s: 479129 rss: 37Mb L: 32/34 MS: 1 EraseBytes-
#5043932	REDUCE cov: 50 ft: 426 corp: 160/2711b lim: 4096 exec/s: 458539 rss: 37Mb L: 15/34 MS: 5 ShuffleBytes-ChangeByte-EraseBytes-PersAutoDict-InsertByte- DE: "\3777"-
#5266655	REDUCE cov: 50 ft: 426 corp: 160/2709b lim: 4096 exec/s: 478786 rss: 37Mb L: 16/34 MS: 3 ChangeBit-CrossOver-EraseBytes-
#5733439	REDUCE cov: 50 ft: 426 corp: 160/2708b lim: 4096 exec/s: 477786 rss: 37Mb L: 15/34 MS: 4 ShuffleBytes-CopyPart-EraseBytes-CrossOver-
#6473323	REDUCE cov: 50 ft: 426 corp: 160/2707b lim: 4096 exec/s: 462380 rss: 37Mb L: 15/34 MS: 4 ChangeBit-ChangeByte-ChangeByte-EraseBytes-
#8388608	pulse  cov: 50 ft: 426 corp: 160/2707b lim: 4096 exec/s: 466033 rss: 37Mb
#8586432	REDUCE cov: 50 ft: 426 corp: 160/2706b lim: 4096 exec/s: 451917 rss: 37Mb L: 15/34 MS: 4 InsertByte-ChangeBinInt-EraseBytes-ChangeByte-
#10553616	REDUCE cov: 50 ft: 427 corp: 161/2722b lim: 4096 exec/s: 458852 rss: 37Mb L: 16/34 MS: 4 ShuffleBytes-ChangeByte-CrossOver-CopyPart-
#10749072	NEW    cov: 50 ft: 428 corp: 162/2738b lim: 4096 exec/s: 447878 rss: 37Mb L: 16/34 MS: 1 ChangeBit-
#11693520	REDUCE cov: 50 ft: 428 corp: 162/2736b lim: 4096 exec/s: 449750 rss: 37Mb L: 16/34 MS: 3 CMP-PersAutoDict-EraseBytes- DE: "\0009"-"\3777"-
#11954334	REDUCE cov: 50 ft: 429 corp: 163/2752b lim: 4096 exec/s: 459782 rss: 37Mb L: 16/34 MS: 4 ChangeBinInt-CrossOver-CrossOver-PersAutoDict- DE: "\377`"-
#15698287	NEW    cov: 50 ft: 430 corp: 164/2780b lim: 4096 exec/s: 448522 rss: 37Mb L: 28/34 MS: 3 ShuffleBytes-InsertByte-CopyPart-
#16100004	REDUCE cov: 50 ft: 430 corp: 164/2779b lim: 4096 exec/s: 460000 rss: 37Mb L: 15/34 MS: 2 EraseBytes-ChangeBit-
#16777216	pulse  cov: 50 ft: 430 corp: 164/2779b lim: 4096 exec/s: 453438 rss: 37Mb
#18857252	REDUCE cov: 50 ft: 431 corp: 165/2812b lim: 4096 exec/s: 448982 rss: 37Mb L: 33/34 MS: 3 EraseBytes-InsertRepeatedBytes-EraseBytes-
#19630298	NEW    cov: 50 ft: 432 corp: 166/2828b lim: 4096 exec/s: 456518 rss: 37Mb L: 16/34 MS: 1 ShuffleBytes-
#20118773	REDUCE cov: 50 ft: 432 corp: 166/2825b lim: 4096 exec/s: 457244 rss: 37Mb L: 15/34 MS: 5 ChangeByte-ShuffleBytes-ChangeBinInt-EraseBytes-ChangeBinInt-
#21788947	REDUCE cov: 50 ft: 432 corp: 166/2824b lim: 4096 exec/s: 453936 rss: 37Mb L: 15/34 MS: 4 ChangeByte-InsertByte-EraseBytes-InsertByte-
panic: found special char in iban [recovered]
	panic: found special char in iban

goroutine 17 [running, locked to thread]:
git.ultraware.nl/iddinkgroep/fundament-api.Fuzz.func1()
	git.ultraware.nl/iddinkgroep/fundament-api/fuzz.go:19 +0xa5
panic({0x55d9894da760?, 0x55d9894edc70?})
	runtime/panic.go:914 +0x21f
git.ultraware.nl/iddinkgroep/fundament-api.Fuzz({0xc00025b440, 0x12})
	git.ultraware.nl/iddinkgroep/fundament-api/fuzz.go:34 +0x2b9
git.ultraware.nl/iddinkgroep/fundament-api.Fuzz_(...)
	git.ultraware.nl/iddinkgroep/fundament-api/fuzz.1527825026.go:6
main.LLVMFuzzerTestOneInput(...)
	./main.170485750.go:21
==27852== ERROR: libFuzzer: deadly signal
    #0 0x55d9893fd630 in __sanitizer_print_stack_trace (/seedai/experiments/libfuzzer/source_iban/libfuzzer+0xaf630) (BuildId: 688cb25bec4564588da2a67f6a2b25148a0fd5d4)
    #1 0x55d9893c9755 in fuzzer::PrintStackTrace() (/seedai/experiments/libfuzzer/source_iban/libfuzzer+0x7b755) (BuildId: 688cb25bec4564588da2a67f6a2b25148a0fd5d4)
    #2 0x55d9893a83a9 in fuzzer::Fuzzer::CrashCallback() (.part.0) FuzzerLoop.cpp.o
    #3 0x55d9893a846a in fuzzer::Fuzzer::StaticCrashSignalCallback() (/seedai/experiments/libfuzzer/source_iban/libfuzzer+0x5a46a) (BuildId: 688cb25bec4564588da2a67f6a2b25148a0fd5d4)
    #4 0x7f9673a4f70f  (/usr/lib/libc.so.6+0x3e70f) (BuildId: 316d0d3666387f0e8fb98773f51aa1801027c5ab)
    #5 0x55d98945d160 in runtime.raise.abi0 runtime/sys_linux_amd64.s:153

NOTE: libFuzzer has rudimentary signal handlers.
      Combine libFuzzer with AddressSanitizer or similar for better crash reports.
SUMMARY: libFuzzer: deadly signal
MS: 1 CrossOver-; base unit: 51f71d1d55f048214d978c20c85b3ee5f3e4367f
0x4e,0x4c,0x4e,0x4c,0x2d,0x30,0x30,0x30,0x30,0x30,0x30,0x30,0x30,0x41,0x31,0x51,0x4c,0x4c,
NLNL-00000000A1QLL
artifact_prefix='./'; Test unit written to ./crash-4d2f309054ed3f547979f3f4bed69c842a491635
Base64: TkxOTC0wMDAwMDAwMEExUUxM
