INFO: Running with entropic power schedule (0xFF, 100).
INFO: Seed: 2552783451
INFO: Loaded 1 modules   (70 inline 8-bit counters): 70 [0x55b982a7c030, 0x55b982a7c076), 
INFO: Loaded 1 PC tables (70 PCs): 70 [0xc000068000,0xc000068460), 
INFO:       11 files found in corpus
INFO: -max_len is not provided; libFuzzer will not generate inputs larger than 4096 bytes
INFO: seed corpus: files: 11 min: 1b max: 4b total: 20b rss: 29Mb
#12	INITED cov: 9 ft: 19 corp: 3/6b exec/s: 0 rss: 29Mb
#226	NEW    cov: 9 ft: 20 corp: 4/11b lim: 6 exec/s: 0 rss: 29Mb L: 5/5 MS: 4 ChangeBit-InsertByte-ChangeASCIIInt-InsertByte-
#467	NEW    cov: 9 ft: 21 corp: 5/18b lim: 8 exec/s: 0 rss: 29Mb L: 7/7 MS: 1 InsertRepeatedBytes-
#468	NEW    cov: 9 ft: 22 corp: 6/26b lim: 8 exec/s: 0 rss: 29Mb L: 8/8 MS: 1 InsertByte-
#1089	NEW    cov: 9 ft: 23 corp: 7/40b lim: 14 exec/s: 0 rss: 30Mb L: 14/14 MS: 1 InsertRepeatedBytes-
#1093	NEW    cov: 9 ft: 25 corp: 8/53b lim: 14 exec/s: 0 rss: 30Mb L: 13/14 MS: 4 ShuffleBytes-CrossOver-EraseBytes-CopyPart-
#1419	NEW    cov: 11 ft: 31 corp: 9/68b lim: 17 exec/s: 0 rss: 30Mb L: 15/15 MS: 1 InsertByte-
#1434	NEW    cov: 11 ft: 33 corp: 10/85b lim: 17 exec/s: 0 rss: 30Mb L: 17/17 MS: 5 CrossOver-ChangeByte-ShuffleBytes-InsertRepeatedBytes-CopyPart-
#1451	NEW    cov: 11 ft: 34 corp: 11/101b lim: 17 exec/s: 0 rss: 30Mb L: 16/17 MS: 2 CrossOver-InsertByte-
#1857	NEW    cov: 11 ft: 35 corp: 12/122b lim: 21 exec/s: 0 rss: 30Mb L: 21/21 MS: 1 InsertRepeatedBytes-
#2199	REDUCE cov: 11 ft: 35 corp: 12/120b lim: 21 exec/s: 0 rss: 30Mb L: 19/19 MS: 2 CrossOver-CrossOver-
#2864	NEW    cov: 13 ft: 41 corp: 13/136b lim: 25 exec/s: 0 rss: 30Mb L: 16/19 MS: 5 InsertByte-ChangeByte-ShuffleBytes-ChangeBit-InsertRepeatedBytes-
#2928	NEW    cov: 13 ft: 42 corp: 14/151b lim: 25 exec/s: 0 rss: 30Mb L: 15/19 MS: 4 ChangeByte-ChangeByte-EraseBytes-CMP- DE: "\001\000\000\000"-
#2975	NEW    cov: 13 ft: 43 corp: 15/166b lim: 25 exec/s: 0 rss: 30Mb L: 15/19 MS: 2 ShuffleBytes-ChangeBit-
#2981	NEW    cov: 13 ft: 44 corp: 16/186b lim: 25 exec/s: 0 rss: 30Mb L: 20/20 MS: 1 PersAutoDict- DE: "\001\000\000\000"-
#3033	NEW    cov: 13 ft: 45 corp: 17/207b lim: 25 exec/s: 0 rss: 30Mb L: 21/21 MS: 2 ChangeBit-InsertByte-
#3141	NEW    cov: 13 ft: 46 corp: 18/229b lim: 25 exec/s: 0 rss: 30Mb L: 22/22 MS: 3 CrossOver-InsertByte-EraseBytes-
#3199	NEW    cov: 13 ft: 47 corp: 19/246b lim: 25 exec/s: 0 rss: 30Mb L: 17/22 MS: 3 ShuffleBytes-CopyPart-InsertRepeatedBytes-
#3482	REDUCE cov: 13 ft: 47 corp: 19/245b lim: 25 exec/s: 0 rss: 30Mb L: 15/22 MS: 3 EraseBytes-ChangeBit-ChangeBit-
#3888	NEW    cov: 13 ft: 48 corp: 20/272b lim: 29 exec/s: 0 rss: 30Mb L: 27/27 MS: 1 InsertRepeatedBytes-
#3893	NEW    cov: 13 ft: 49 corp: 21/301b lim: 29 exec/s: 0 rss: 30Mb L: 29/29 MS: 5 InsertRepeatedBytes-ShuffleBytes-CrossOver-InsertByte-CopyPart-
#4271	REDUCE cov: 13 ft: 49 corp: 21/300b lim: 29 exec/s: 0 rss: 30Mb L: 19/29 MS: 3 PersAutoDict-EraseBytes-ChangeByte- DE: "\001\000\000\000"-
#4684	REDUCE cov: 13 ft: 50 corp: 22/331b lim: 33 exec/s: 0 rss: 30Mb L: 31/31 MS: 3 InsertByte-CrossOver-InsertRepeatedBytes-
#4728	NEW    cov: 13 ft: 51 corp: 23/364b lim: 33 exec/s: 0 rss: 30Mb L: 33/33 MS: 4 ChangeBit-InsertRepeatedBytes-InsertByte-CopyPart-
#5264	NEW    cov: 13 ft: 53 corp: 24/398b lim: 38 exec/s: 0 rss: 31Mb L: 34/34 MS: 1 InsertByte-
#5613	NEW    cov: 25 ft: 98 corp: 25/413b lim: 38 exec/s: 0 rss: 31Mb L: 15/34 MS: 4 EraseBytes-ChangeBit-ChangeBinInt-CopyPart-
#5760	NEW    cov: 25 ft: 99 corp: 26/429b lim: 38 exec/s: 0 rss: 31Mb L: 16/34 MS: 2 InsertByte-ChangeBinInt-
#6051	NEW    cov: 25 ft: 100 corp: 27/444b lim: 38 exec/s: 0 rss: 31Mb L: 15/34 MS: 1 ChangeByte-
#6057	NEW    cov: 25 ft: 101 corp: 28/459b lim: 38 exec/s: 0 rss: 31Mb L: 15/34 MS: 1 ChangeBit-
#6160	NEW    cov: 25 ft: 102 corp: 29/474b lim: 38 exec/s: 0 rss: 31Mb L: 15/34 MS: 3 ChangeBinInt-ChangeBit-ChangeByte-
#6291	NEW    cov: 25 ft: 106 corp: 30/489b lim: 38 exec/s: 0 rss: 31Mb L: 15/34 MS: 1 ChangeByte-
#6695	REDUCE cov: 25 ft: 106 corp: 30/487b lim: 38 exec/s: 0 rss: 31Mb L: 17/34 MS: 4 CrossOver-ShuffleBytes-PersAutoDict-EraseBytes- DE: "\001\000\000\000"-
#6900	NEW    cov: 25 ft: 107 corp: 31/505b lim: 38 exec/s: 0 rss: 31Mb L: 18/34 MS: 5 CrossOver-ChangeASCIIInt-CrossOver-CopyPart-CrossOver-
#7032	NEW    cov: 25 ft: 109 corp: 32/522b lim: 38 exec/s: 0 rss: 31Mb L: 17/34 MS: 2 ChangeBit-CrossOver-
#7043	NEW    cov: 25 ft: 111 corp: 33/537b lim: 38 exec/s: 0 rss: 31Mb L: 15/34 MS: 1 CrossOver-
#7334	REDUCE cov: 25 ft: 111 corp: 33/535b lim: 38 exec/s: 0 rss: 31Mb L: 16/34 MS: 1 EraseBytes-
#7765	NEW    cov: 25 ft: 112 corp: 34/550b lim: 38 exec/s: 0 rss: 31Mb L: 15/34 MS: 1 CrossOver-
#8116	REDUCE cov: 25 ft: 112 corp: 34/549b lim: 38 exec/s: 0 rss: 31Mb L: 16/34 MS: 1 EraseBytes-
#8206	NEW    cov: 25 ft: 113 corp: 35/564b lim: 38 exec/s: 0 rss: 31Mb L: 15/34 MS: 5 CMP-ChangeByte-CopyPart-ChangeBinInt-ChangeBinInt- DE: "\001\000\000\000\000\000\000\034"-
#8352	NEW    cov: 25 ft: 115 corp: 36/579b lim: 38 exec/s: 0 rss: 31Mb L: 15/34 MS: 1 CrossOver-
#8648	NEW    cov: 25 ft: 117 corp: 37/594b lim: 38 exec/s: 0 rss: 32Mb L: 15/34 MS: 1 ChangeByte-
#9074	NEW    cov: 25 ft: 118 corp: 38/609b lim: 38 exec/s: 0 rss: 32Mb L: 15/34 MS: 1 ChangeBinInt-
#9185	NEW    cov: 25 ft: 119 corp: 39/624b lim: 38 exec/s: 0 rss: 32Mb L: 15/34 MS: 1 ChangeBit-
#9745	NEW    cov: 30 ft: 135 corp: 40/640b lim: 43 exec/s: 0 rss: 32Mb L: 16/34 MS: 5 CMP-ChangeBinInt-CopyPart-ChangeBit-InsertRepeatedBytes- DE: "\001\000\000\000"-
#10006	REDUCE cov: 30 ft: 135 corp: 40/638b lim: 43 exec/s: 0 rss: 32Mb L: 15/34 MS: 1 EraseBytes-
#10087	NEW    cov: 30 ft: 137 corp: 41/653b lim: 43 exec/s: 0 rss: 32Mb L: 15/34 MS: 1 ChangeByte-
#10233	NEW    cov: 30 ft: 138 corp: 42/668b lim: 43 exec/s: 0 rss: 32Mb L: 15/34 MS: 1 ChangeBit-
#10710	NEW    cov: 30 ft: 139 corp: 43/685b lim: 43 exec/s: 0 rss: 32Mb L: 17/34 MS: 2 CrossOver-EraseBytes-
#10726	NEW    cov: 30 ft: 141 corp: 44/701b lim: 43 exec/s: 0 rss: 32Mb L: 16/34 MS: 1 ChangeBit-
#11737	NEW    cov: 30 ft: 142 corp: 45/716b lim: 53 exec/s: 0 rss: 32Mb L: 15/34 MS: 1 ChangeByte-
#12984	NEW    cov: 30 ft: 145 corp: 46/732b lim: 63 exec/s: 0 rss: 32Mb L: 16/34 MS: 2 CrossOver-ChangeByte-
#13348	NEW    cov: 30 ft: 146 corp: 47/753b lim: 63 exec/s: 0 rss: 32Mb L: 21/34 MS: 4 ShuffleBytes-InsertByte-InsertRepeatedBytes-EraseBytes-
#14345	NEW    cov: 30 ft: 148 corp: 48/771b lim: 68 exec/s: 0 rss: 33Mb L: 18/34 MS: 2 CopyPart-CopyPart-
#14681	NEW    cov: 30 ft: 150 corp: 49/787b lim: 68 exec/s: 0 rss: 33Mb L: 16/34 MS: 1 ChangeByte-
#14738	NEW    cov: 30 ft: 160 corp: 50/803b lim: 68 exec/s: 0 rss: 33Mb L: 16/34 MS: 2 ChangeBit-CopyPart-
#14981	NEW    cov: 30 ft: 161 corp: 51/826b lim: 68 exec/s: 0 rss: 33Mb L: 23/34 MS: 3 PersAutoDict-ChangeByte-PersAutoDict- DE: "\001\000\000\000"-"\001\000\000\000\000\000\000\034"-
#16351	NEW    cov: 30 ft: 162 corp: 52/845b lim: 80 exec/s: 0 rss: 33Mb L: 19/34 MS: 5 ShuffleBytes-ShuffleBytes-CrossOver-CrossOver-CopyPart-
#16558	NEW    cov: 30 ft: 164 corp: 53/861b lim: 80 exec/s: 0 rss: 33Mb L: 16/34 MS: 2 ShuffleBytes-ChangeBinInt-
#16769	NEW    cov: 30 ft: 168 corp: 54/877b lim: 80 exec/s: 0 rss: 33Mb L: 16/34 MS: 1 CopyPart-
#16870	NEW    cov: 30 ft: 172 corp: 55/893b lim: 80 exec/s: 0 rss: 33Mb L: 16/34 MS: 1 ShuffleBytes-
#16888	NEW    cov: 30 ft: 173 corp: 56/917b lim: 80 exec/s: 0 rss: 33Mb L: 24/34 MS: 3 ChangeBit-PersAutoDict-InsertByte- DE: "\001\000\000\000\000\000\000\034"-
#17369	NEW    cov: 30 ft: 175 corp: 57/933b lim: 80 exec/s: 0 rss: 33Mb L: 16/34 MS: 1 ShuffleBytes-
#17710	NEW    cov: 30 ft: 176 corp: 58/949b lim: 80 exec/s: 0 rss: 33Mb L: 16/34 MS: 1 CopyPart-
#18855	NEW    cov: 30 ft: 178 corp: 59/964b lim: 86 exec/s: 0 rss: 34Mb L: 15/34 MS: 5 ShuffleBytes-ChangeBinInt-ChangeByte-ShuffleBytes-CrossOver-
#20131	NEW    cov: 30 ft: 179 corp: 60/980b lim: 98 exec/s: 0 rss: 34Mb L: 16/34 MS: 1 CopyPart-
#20861	NEW    cov: 32 ft: 195 corp: 61/998b lim: 104 exec/s: 0 rss: 34Mb L: 18/34 MS: 5 InsertByte-EraseBytes-CopyPart-EraseBytes-CopyPart-
#21087	NEW    cov: 32 ft: 196 corp: 62/1016b lim: 104 exec/s: 0 rss: 34Mb L: 18/34 MS: 1 ShuffleBytes-
#21348	NEW    cov: 32 ft: 197 corp: 63/1034b lim: 104 exec/s: 0 rss: 34Mb L: 18/34 MS: 1 CrossOver-
#21474	NEW    cov: 32 ft: 201 corp: 64/1052b lim: 104 exec/s: 0 rss: 34Mb L: 18/34 MS: 1 CopyPart-
#21605	NEW    cov: 32 ft: 202 corp: 65/1070b lim: 104 exec/s: 0 rss: 34Mb L: 18/34 MS: 1 ChangeBinInt-
#21643	NEW    cov: 32 ft: 203 corp: 66/1088b lim: 104 exec/s: 0 rss: 34Mb L: 18/34 MS: 3 ChangeBit-CopyPart-ChangeBit-
#22284	REDUCE cov: 32 ft: 203 corp: 66/1087b lim: 110 exec/s: 0 rss: 34Mb L: 15/34 MS: 1 EraseBytes-
#22540	NEW    cov: 33 ft: 206 corp: 67/1103b lim: 110 exec/s: 0 rss: 34Mb L: 16/34 MS: 1 ChangeByte-
#22601	NEW    cov: 33 ft: 207 corp: 68/1121b lim: 110 exec/s: 0 rss: 34Mb L: 18/34 MS: 1 CopyPart-
#22613	NEW    cov: 33 ft: 212 corp: 69/1139b lim: 110 exec/s: 0 rss: 34Mb L: 18/34 MS: 2 CopyPart-ChangeByte-
#23305	NEW    cov: 46 ft: 261 corp: 70/1157b lim: 116 exec/s: 0 rss: 34Mb L: 18/34 MS: 2 ChangeBit-ShuffleBytes-
#25616	NEW    cov: 47 ft: 262 corp: 71/1175b lim: 135 exec/s: 0 rss: 34Mb L: 18/34 MS: 1 ChangeBit-
#26612	NEW    cov: 47 ft: 263 corp: 72/1193b lim: 142 exec/s: 0 rss: 34Mb L: 18/34 MS: 1 CrossOver-
#27043	NEW    cov: 47 ft: 264 corp: 73/1211b lim: 142 exec/s: 0 rss: 34Mb L: 18/34 MS: 1 ChangeByte-
#29084	NEW    cov: 48 ft: 269 corp: 74/1229b lim: 156 exec/s: 0 rss: 34Mb L: 18/34 MS: 1 ChangeByte-
#30346	NEW    cov: 48 ft: 272 corp: 75/1247b lim: 163 exec/s: 0 rss: 35Mb L: 18/34 MS: 2 ShuffleBytes-ChangeBit-
#30765	REDUCE cov: 48 ft: 272 corp: 75/1246b lim: 163 exec/s: 0 rss: 35Mb L: 15/34 MS: 4 CrossOver-PersAutoDict-InsertByte-EraseBytes- DE: "\001\000\000\000"-
#31632	NEW    cov: 48 ft: 273 corp: 76/1268b lim: 170 exec/s: 0 rss: 35Mb L: 22/34 MS: 2 ChangeByte-CopyPart-
#35544	NEW    cov: 48 ft: 274 corp: 77/1286b lim: 205 exec/s: 0 rss: 35Mb L: 18/34 MS: 2 CopyPart-ChangeBinInt-
#41171	REDUCE cov: 48 ft: 274 corp: 77/1284b lim: 254 exec/s: 0 rss: 35Mb L: 20/34 MS: 2 CopyPart-EraseBytes-
#43783	NEW    cov: 48 ft: 276 corp: 78/1302b lim: 277 exec/s: 0 rss: 35Mb L: 18/34 MS: 2 ChangeBit-ShuffleBytes-
#44964	NEW    cov: 48 ft: 277 corp: 79/1320b lim: 285 exec/s: 0 rss: 35Mb L: 18/34 MS: 1 ChangeBinInt-
#48795	NEW    cov: 48 ft: 278 corp: 80/1338b lim: 317 exec/s: 0 rss: 35Mb L: 18/34 MS: 1 ChangeByte-
#48936	NEW    cov: 48 ft: 279 corp: 81/1356b lim: 317 exec/s: 0 rss: 35Mb L: 18/34 MS: 1 ChangeBit-
#50062	NEW    cov: 48 ft: 280 corp: 82/1374b lim: 325 exec/s: 0 rss: 35Mb L: 18/34 MS: 1 ChangeBit-
#50843	NEW    cov: 48 ft: 281 corp: 83/1392b lim: 325 exec/s: 0 rss: 35Mb L: 18/34 MS: 1 ChangeBit-
#51039	NEW    cov: 50 ft: 291 corp: 84/1410b lim: 325 exec/s: 0 rss: 35Mb L: 18/34 MS: 1 ChangeBinInt-
#53651	NEW    cov: 50 ft: 292 corp: 85/1428b lim: 349 exec/s: 0 rss: 35Mb L: 18/34 MS: 2 ChangeBit-ShuffleBytes-
#53668	NEW    cov: 50 ft: 293 corp: 86/1446b lim: 349 exec/s: 0 rss: 35Mb L: 18/34 MS: 2 ShuffleBytes-ChangeByte-
#55734	NEW    cov: 50 ft: 294 corp: 87/1464b lim: 365 exec/s: 0 rss: 35Mb L: 18/34 MS: 1 ChangeBit-
#56305	NEW    cov: 50 ft: 295 corp: 88/1482b lim: 365 exec/s: 0 rss: 35Mb L: 18/34 MS: 1 ChangeBit-
#57422	NEW    cov: 50 ft: 296 corp: 89/1498b lim: 373 exec/s: 0 rss: 35Mb L: 16/34 MS: 2 EraseBytes-InsertByte-
#57486	REDUCE cov: 50 ft: 296 corp: 89/1496b lim: 373 exec/s: 0 rss: 35Mb L: 16/34 MS: 4 ChangeByte-ShuffleBytes-ShuffleBytes-EraseBytes-
#59703	NEW    cov: 50 ft: 297 corp: 90/1514b lim: 389 exec/s: 0 rss: 35Mb L: 18/34 MS: 2 ChangeByte-ChangeBit-
#67289	NEW    cov: 50 ft: 298 corp: 91/1532b lim: 461 exec/s: 0 rss: 35Mb L: 18/34 MS: 1 ChangeBinInt-
#67530	NEW    cov: 50 ft: 299 corp: 92/1550b lim: 461 exec/s: 0 rss: 35Mb L: 18/34 MS: 1 ShuffleBytes-
#71761	NEW    cov: 50 ft: 300 corp: 93/1568b lim: 501 exec/s: 0 rss: 35Mb L: 18/34 MS: 1 ShuffleBytes-
#71858	REDUCE cov: 50 ft: 301 corp: 94/1584b lim: 501 exec/s: 0 rss: 35Mb L: 16/34 MS: 2 ChangeBit-ChangeBit-
#81885	NEW    cov: 50 ft: 303 corp: 95/1602b lim: 598 exec/s: 0 rss: 35Mb L: 18/34 MS: 2 ShuffleBytes-CrossOver-
#90756	NEW    cov: 50 ft: 304 corp: 96/1620b lim: 679 exec/s: 0 rss: 35Mb L: 18/34 MS: 1 ChangeBinInt-
#100012	NEW    cov: 50 ft: 305 corp: 97/1636b lim: 769 exec/s: 0 rss: 35Mb L: 16/34 MS: 1 ChangeByte-
#104592	NEW    cov: 50 ft: 307 corp: 98/1654b lim: 814 exec/s: 0 rss: 35Mb L: 18/34 MS: 5 InsertByte-InsertRepeatedBytes-EraseBytes-ChangeASCIIInt-EraseBytes-
#106104	NEW    cov: 50 ft: 309 corp: 99/1672b lim: 823 exec/s: 0 rss: 35Mb L: 18/34 MS: 2 ChangeByte-ShuffleBytes-
#108327	NEW    cov: 50 ft: 311 corp: 100/1690b lim: 841 exec/s: 0 rss: 35Mb L: 18/34 MS: 3 ShuffleBytes-ChangeByte-CopyPart-
#114897	REDUCE cov: 50 ft: 311 corp: 100/1688b lim: 904 exec/s: 0 rss: 35Mb L: 18/34 MS: 5 CrossOver-CrossOver-InsertByte-CopyPart-EraseBytes-
#119473	NEW    cov: 50 ft: 312 corp: 101/1706b lim: 949 exec/s: 0 rss: 35Mb L: 18/34 MS: 1 CopyPart-
#121781	REDUCE cov: 50 ft: 312 corp: 101/1704b lim: 967 exec/s: 0 rss: 35Mb L: 16/34 MS: 3 ShuffleBytes-CrossOver-EraseBytes-
#131551	NEW    cov: 50 ft: 313 corp: 102/1722b lim: 1060 exec/s: 0 rss: 35Mb L: 18/34 MS: 5 ChangeBinInt-EraseBytes-CopyPart-ChangeBit-InsertByte-
#132755	REDUCE cov: 50 ft: 313 corp: 102/1720b lim: 1070 exec/s: 0 rss: 35Mb L: 16/34 MS: 4 InsertByte-ChangeByte-EraseBytes-InsertByte-
#137887	NEW    cov: 50 ft: 314 corp: 103/1738b lim: 1120 exec/s: 0 rss: 35Mb L: 18/34 MS: 2 CopyPart-ChangeBit-
#139528	NEW    cov: 50 ft: 316 corp: 104/1756b lim: 1130 exec/s: 0 rss: 35Mb L: 18/34 MS: 1 ChangeBit-
#145326	REDUCE cov: 50 ft: 316 corp: 104/1754b lim: 1180 exec/s: 0 rss: 35Mb L: 16/34 MS: 3 ChangeBit-PersAutoDict-EraseBytes- DE: "\001\000\000\000"-
#150483	NEW    cov: 50 ft: 319 corp: 105/1772b lim: 1230 exec/s: 0 rss: 35Mb L: 18/34 MS: 2 ChangeBit-ChangeByte-
#160855	REDUCE cov: 50 ft: 319 corp: 105/1770b lim: 1330 exec/s: 0 rss: 35Mb L: 16/34 MS: 2 EraseBytes-ChangeByte-
#194481	NEW    cov: 50 ft: 321 corp: 106/1788b lim: 1660 exec/s: 0 rss: 35Mb L: 18/34 MS: 1 ChangeByte-
#204037	NEW    cov: 50 ft: 322 corp: 107/1806b lim: 1750 exec/s: 0 rss: 35Mb L: 18/34 MS: 1 ChangeBit-
#219977	REDUCE cov: 50 ft: 322 corp: 107/1801b lim: 1900 exec/s: 0 rss: 35Mb L: 17/34 MS: 5 PersAutoDict-EraseBytes-CrossOver-ChangeByte-ChangeByte- DE: "\001\000\000\000"-
#225168	NEW    cov: 50 ft: 323 corp: 108/1819b lim: 1950 exec/s: 0 rss: 35Mb L: 18/34 MS: 1 ChangeASCIIInt-
#233132	NEW    cov: 50 ft: 324 corp: 109/1837b lim: 2020 exec/s: 0 rss: 35Mb L: 18/34 MS: 4 CopyPart-ChangeBit-ChangeBinInt-ChangeBinInt-
#239389	NEW    cov: 50 ft: 325 corp: 110/1855b lim: 2072 exec/s: 0 rss: 35Mb L: 18/34 MS: 2 ChangeBinInt-CopyPart-
#245211	NEW    cov: 50 ft: 326 corp: 111/1873b lim: 2127 exec/s: 0 rss: 35Mb L: 18/34 MS: 2 ChangeByte-ChangeBinInt-
#246492	NEW    cov: 50 ft: 327 corp: 112/1891b lim: 2138 exec/s: 0 rss: 35Mb L: 18/34 MS: 1 ChangeBit-
#246575	REDUCE cov: 50 ft: 327 corp: 112/1889b lim: 2138 exec/s: 0 rss: 35Mb L: 16/34 MS: 3 InsertByte-EraseBytes-InsertByte-
#251907	NEW    cov: 50 ft: 328 corp: 113/1907b lim: 2182 exec/s: 0 rss: 35Mb L: 18/34 MS: 2 ChangeASCIIInt-CrossOver-
#261215	REDUCE cov: 50 ft: 328 corp: 113/1905b lim: 2270 exec/s: 0 rss: 35Mb L: 16/34 MS: 3 EraseBytes-ChangeByte-ChangeByte-
#270728	REDUCE cov: 50 ft: 329 corp: 114/1921b lim: 2358 exec/s: 0 rss: 35Mb L: 16/34 MS: 3 ChangeBit-CopyPart-ChangeBit-
#301665	REDUCE cov: 50 ft: 329 corp: 114/1919b lim: 2655 exec/s: 0 rss: 35Mb L: 16/34 MS: 2 ChangeBit-EraseBytes-
#313271	REDUCE cov: 50 ft: 329 corp: 114/1917b lim: 2765 exec/s: 0 rss: 35Mb L: 15/34 MS: 1 EraseBytes-
#314132	NEW    cov: 50 ft: 330 corp: 115/1935b lim: 2765 exec/s: 0 rss: 35Mb L: 18/34 MS: 1 ChangeBinInt-
#327765	REDUCE cov: 50 ft: 331 corp: 116/1951b lim: 2897 exec/s: 0 rss: 35Mb L: 16/34 MS: 3 ShuffleBytes-ChangeBit-ChangeByte-
#347344	REDUCE cov: 50 ft: 331 corp: 116/1949b lim: 3084 exec/s: 0 rss: 35Mb L: 15/34 MS: 4 CopyPart-ShuffleBytes-EraseBytes-CopyPart-
#357016	REDUCE cov: 50 ft: 331 corp: 116/1947b lim: 3172 exec/s: 0 rss: 35Mb L: 15/34 MS: 2 CMP-EraseBytes- DE: "\377\377\377\377\377\377\377!"-
#359437	NEW    cov: 50 ft: 333 corp: 117/1965b lim: 3194 exec/s: 0 rss: 35Mb L: 18/34 MS: 1 ChangeBit-
#376292	NEW    cov: 50 ft: 335 corp: 118/1983b lim: 3359 exec/s: 0 rss: 35Mb L: 18/34 MS: 5 ChangeBinInt-CopyPart-CrossOver-ChangeASCIIInt-ChangeASCIIInt-
#377324	REDUCE cov: 50 ft: 335 corp: 118/1981b lim: 3359 exec/s: 0 rss: 35Mb L: 16/34 MS: 2 ChangeBinInt-EraseBytes-
#390530	NEW    cov: 50 ft: 336 corp: 119/1999b lim: 3480 exec/s: 0 rss: 35Mb L: 18/34 MS: 1 ChangeByte-
#397866	REDUCE cov: 50 ft: 337 corp: 120/2015b lim: 3546 exec/s: 0 rss: 35Mb L: 16/34 MS: 1 ChangeBit-
#397928	REDUCE cov: 50 ft: 337 corp: 120/2013b lim: 3546 exec/s: 0 rss: 35Mb L: 16/34 MS: 2 EraseBytes-ChangeByte-
#404320	REDUCE cov: 50 ft: 338 corp: 121/2029b lim: 3601 exec/s: 0 rss: 35Mb L: 16/34 MS: 2 ChangeBinInt-ChangeByte-
#473086	REDUCE cov: 50 ft: 338 corp: 121/2028b lim: 4096 exec/s: 473086 rss: 35Mb L: 23/34 MS: 3 EraseBytes-ShuffleBytes-CMP- DE: "k\000\000\000"-
#497123	NEW    cov: 50 ft: 339 corp: 122/2044b lim: 4096 exec/s: 497123 rss: 35Mb L: 16/34 MS: 2 ChangeByte-ChangeBit-
#506655	REDUCE cov: 50 ft: 339 corp: 122/2042b lim: 4096 exec/s: 506655 rss: 35Mb L: 16/34 MS: 2 EraseBytes-ChangeByte-
#575739	REDUCE cov: 50 ft: 339 corp: 122/2040b lim: 4096 exec/s: 575739 rss: 35Mb L: 16/34 MS: 4 InsertByte-EraseBytes-InsertByte-ChangeByte-
#577705	NEW    cov: 50 ft: 340 corp: 123/2056b lim: 4096 exec/s: 577705 rss: 35Mb L: 16/34 MS: 1 ChangeByte-
#585881	NEW    cov: 50 ft: 341 corp: 124/2074b lim: 4096 exec/s: 585881 rss: 35Mb L: 18/34 MS: 1 ChangeByte-
#589238	NEW    cov: 50 ft: 344 corp: 125/2092b lim: 4096 exec/s: 589238 rss: 35Mb L: 18/34 MS: 2 ChangeBit-ChangeBit-
#599370	NEW    cov: 50 ft: 346 corp: 126/2110b lim: 4096 exec/s: 599370 rss: 35Mb L: 18/34 MS: 2 ShuffleBytes-ChangeByte-
#609022	REDUCE cov: 50 ft: 346 corp: 126/2108b lim: 4096 exec/s: 609022 rss: 35Mb L: 16/34 MS: 2 ChangeByte-EraseBytes-
#618373	NEW    cov: 50 ft: 348 corp: 127/2126b lim: 4096 exec/s: 618373 rss: 35Mb L: 18/34 MS: 1 ShuffleBytes-
#622539	NEW    cov: 50 ft: 350 corp: 128/2144b lim: 4096 exec/s: 622539 rss: 35Mb L: 18/34 MS: 1 ChangeBit-
#640178	NEW    cov: 50 ft: 351 corp: 129/2160b lim: 4096 exec/s: 640178 rss: 35Mb L: 16/34 MS: 4 ShuffleBytes-ChangeBit-ChangeASCIIInt-CopyPart-
#640394	NEW    cov: 50 ft: 354 corp: 130/2178b lim: 4096 exec/s: 640394 rss: 35Mb L: 18/34 MS: 1 ChangeBinInt-
#640920	NEW    cov: 50 ft: 355 corp: 131/2194b lim: 4096 exec/s: 640920 rss: 35Mb L: 16/34 MS: 1 ChangeASCIIInt-
#641341	NEW    cov: 50 ft: 356 corp: 132/2210b lim: 4096 exec/s: 641341 rss: 35Mb L: 16/34 MS: 1 ChangeASCIIInt-
#641677	NEW    cov: 50 ft: 357 corp: 133/2226b lim: 4096 exec/s: 641677 rss: 35Mb L: 16/34 MS: 1 ChangeASCIIInt-
#644423	NEW    cov: 50 ft: 358 corp: 134/2242b lim: 4096 exec/s: 644423 rss: 35Mb L: 16/34 MS: 1 ChangeASCIIInt-
#647614	NEW    cov: 50 ft: 360 corp: 135/2258b lim: 4096 exec/s: 647614 rss: 35Mb L: 16/34 MS: 1 CopyPart-
#649610	NEW    cov: 50 ft: 361 corp: 136/2274b lim: 4096 exec/s: 649610 rss: 35Mb L: 16/34 MS: 1 ShuffleBytes-
#653681	NEW    cov: 50 ft: 362 corp: 137/2290b lim: 4096 exec/s: 653681 rss: 35Mb L: 16/34 MS: 1 ChangeASCIIInt-
#657247	NEW    cov: 50 ft: 363 corp: 138/2306b lim: 4096 exec/s: 657247 rss: 35Mb L: 16/34 MS: 1 CrossOver-
#658803	NEW    cov: 50 ft: 364 corp: 139/2322b lim: 4096 exec/s: 658803 rss: 35Mb L: 16/34 MS: 1 ChangeBit-
#669044	NEW    cov: 50 ft: 365 corp: 140/2338b lim: 4096 exec/s: 669044 rss: 35Mb L: 16/34 MS: 1 CopyPart-
#669350	NEW    cov: 50 ft: 366 corp: 141/2354b lim: 4096 exec/s: 669350 rss: 35Mb L: 16/34 MS: 1 CopyPart-
#669541	NEW    cov: 50 ft: 367 corp: 142/2370b lim: 4096 exec/s: 669541 rss: 35Mb L: 16/34 MS: 1 ChangeASCIIInt-
#670507	NEW    cov: 50 ft: 368 corp: 143/2386b lim: 4096 exec/s: 670507 rss: 35Mb L: 16/34 MS: 1 CrossOver-
#670883	NEW    cov: 50 ft: 369 corp: 144/2402b lim: 4096 exec/s: 670883 rss: 35Mb L: 16/34 MS: 1 ChangeBit-
#673549	NEW    cov: 50 ft: 370 corp: 145/2418b lim: 4096 exec/s: 673549 rss: 35Mb L: 16/34 MS: 1 CopyPart-
#738205	NEW    cov: 50 ft: 371 corp: 146/2434b lim: 4096 exec/s: 738205 rss: 35Mb L: 16/34 MS: 1 ChangeByte-
#738816	NEW    cov: 50 ft: 372 corp: 147/2450b lim: 4096 exec/s: 738816 rss: 35Mb L: 16/34 MS: 1 CopyPart-
#762252	NEW    cov: 50 ft: 373 corp: 148/2466b lim: 4096 exec/s: 762252 rss: 35Mb L: 16/34 MS: 1 ChangeByte-
#771753	NEW    cov: 50 ft: 375 corp: 149/2482b lim: 4096 exec/s: 771753 rss: 35Mb L: 16/34 MS: 1 CopyPart-
#773284	NEW    cov: 50 ft: 376 corp: 150/2498b lim: 4096 exec/s: 773284 rss: 35Mb L: 16/34 MS: 1 ChangeASCIIInt-
#774325	NEW    cov: 50 ft: 377 corp: 151/2514b lim: 4096 exec/s: 774325 rss: 35Mb L: 16/34 MS: 1 ChangeASCIIInt-
#774521	NEW    cov: 50 ft: 378 corp: 152/2530b lim: 4096 exec/s: 774521 rss: 35Mb L: 16/34 MS: 1 ChangeByte-
#776287	NEW    cov: 50 ft: 379 corp: 153/2546b lim: 4096 exec/s: 776287 rss: 35Mb L: 16/34 MS: 1 CrossOver-
#783348	NEW    cov: 50 ft: 380 corp: 154/2562b lim: 4096 exec/s: 783348 rss: 35Mb L: 16/34 MS: 1 ChangeASCIIInt-
#784800	NEW    cov: 50 ft: 381 corp: 155/2578b lim: 4096 exec/s: 784800 rss: 35Mb L: 16/34 MS: 2 ChangeBit-ChangeASCIIInt-
#787261	NEW    cov: 50 ft: 382 corp: 156/2594b lim: 4096 exec/s: 787261 rss: 35Mb L: 16/34 MS: 1 ChangeASCIIInt-
#788812	NEW    cov: 50 ft: 383 corp: 157/2610b lim: 4096 exec/s: 788812 rss: 35Mb L: 16/34 MS: 1 ChangeBit-
#807674	NEW    cov: 50 ft: 385 corp: 158/2628b lim: 4096 exec/s: 807674 rss: 35Mb L: 18/34 MS: 2 ChangeBinInt-CrossOver-
#908180	NEW    cov: 50 ft: 387 corp: 159/2646b lim: 4096 exec/s: 454090 rss: 35Mb L: 18/34 MS: 1 CopyPart-
#993122	REDUCE cov: 50 ft: 387 corp: 159/2644b lim: 4096 exec/s: 496561 rss: 36Mb L: 16/34 MS: 2 ChangeByte-EraseBytes-
#1046258	REDUCE cov: 50 ft: 388 corp: 160/2660b lim: 4096 exec/s: 523129 rss: 36Mb L: 16/34 MS: 1 ChangeByte-
#1048576	pulse  cov: 50 ft: 388 corp: 160/2660b lim: 4096 exec/s: 524288 rss: 36Mb
#1086683	NEW    cov: 50 ft: 389 corp: 161/2676b lim: 4096 exec/s: 543341 rss: 36Mb L: 16/34 MS: 5 ChangeByte-ChangeBit-ChangeBit-ShuffleBytes-ChangeBinInt-
#1113557	NEW    cov: 50 ft: 391 corp: 162/2694b lim: 4096 exec/s: 556778 rss: 36Mb L: 18/34 MS: 4 ShuffleBytes-CrossOver-ChangeASCIIInt-CopyPart-
#1119405	NEW    cov: 50 ft: 392 corp: 163/2712b lim: 4096 exec/s: 559702 rss: 36Mb L: 18/34 MS: 3 ShuffleBytes-ChangeByte-ChangeBit-
#1172898	NEW    cov: 50 ft: 393 corp: 164/2728b lim: 4096 exec/s: 586449 rss: 36Mb L: 16/34 MS: 3 ChangeBinInt-ChangeByte-ChangeBit-
#1276091	NEW    cov: 50 ft: 394 corp: 165/2756b lim: 4096 exec/s: 638045 rss: 36Mb L: 28/34 MS: 3 EraseBytes-CopyPart-CopyPart-
#1293777	NEW    cov: 50 ft: 397 corp: 166/2784b lim: 4096 exec/s: 646888 rss: 36Mb L: 28/34 MS: 1 ChangeByte-
#1450524	REDUCE cov: 50 ft: 397 corp: 166/2783b lim: 4096 exec/s: 483508 rss: 36Mb L: 18/34 MS: 2 EraseBytes-ChangeBit-
#1640985	NEW    cov: 50 ft: 398 corp: 167/2801b lim: 4096 exec/s: 546995 rss: 36Mb L: 18/34 MS: 1 ChangeBit-
#1834469	REDUCE cov: 50 ft: 398 corp: 167/2799b lim: 4096 exec/s: 458617 rss: 36Mb L: 16/34 MS: 4 InsertByte-ChangeByte-ChangeASCIIInt-EraseBytes-
#2092355	NEW    cov: 50 ft: 399 corp: 168/2815b lim: 4096 exec/s: 523088 rss: 36Mb L: 16/34 MS: 1 ChangeByte-
#2097152	pulse  cov: 50 ft: 399 corp: 168/2815b lim: 4096 exec/s: 524288 rss: 36Mb
#2148849	REDUCE cov: 50 ft: 399 corp: 168/2813b lim: 4096 exec/s: 537212 rss: 36Mb L: 16/34 MS: 4 ChangeBinInt-CopyPart-ChangeBinInt-EraseBytes-
#2342235	NEW    cov: 50 ft: 400 corp: 169/2829b lim: 4096 exec/s: 468447 rss: 36Mb L: 16/34 MS: 1 ChangeBit-
#2597177	REDUCE cov: 50 ft: 400 corp: 169/2827b lim: 4096 exec/s: 519435 rss: 36Mb L: 16/34 MS: 2 InsertByte-EraseBytes-
#2720434	REDUCE cov: 50 ft: 400 corp: 169/2825b lim: 4096 exec/s: 453405 rss: 36Mb L: 16/34 MS: 2 InsertByte-EraseBytes-
#2919358	REDUCE cov: 50 ft: 400 corp: 169/2823b lim: 4096 exec/s: 486559 rss: 36Mb L: 19/34 MS: 4 CMP-ChangeBit-EraseBytes-CopyPart- DE: "\000\000\000s"-
#2979596	REDUCE cov: 50 ft: 400 corp: 169/2821b lim: 4096 exec/s: 496599 rss: 36Mb L: 16/34 MS: 3 EraseBytes-EraseBytes-CrossOver-
#4194304	pulse  cov: 50 ft: 400 corp: 169/2821b lim: 4096 exec/s: 466033 rss: 36Mb
#6652174	REDUCE cov: 50 ft: 400 corp: 169/2819b lim: 4096 exec/s: 475155 rss: 36Mb L: 17/34 MS: 3 InsertByte-EraseBytes-InsertRepeatedBytes-
#6760019	NEW    cov: 50 ft: 401 corp: 170/2840b lim: 4096 exec/s: 482858 rss: 36Mb L: 21/34 MS: 5 InsertByte-EraseBytes-ShuffleBytes-ChangeBit-CrossOver-
#6760053	REDUCE cov: 50 ft: 401 corp: 170/2836b lim: 4096 exec/s: 482860 rss: 36Mb L: 17/34 MS: 4 ChangeByte-ShuffleBytes-CrossOver-EraseBytes-
#6761021	REDUCE cov: 50 ft: 401 corp: 170/2835b lim: 4096 exec/s: 482930 rss: 36Mb L: 16/34 MS: 3 ChangeBinInt-ChangeBinInt-EraseBytes-
#6764111	REDUCE cov: 50 ft: 401 corp: 170/2834b lim: 4096 exec/s: 483150 rss: 36Mb L: 15/34 MS: 5 PersAutoDict-ShuffleBytes-InsertByte-EraseBytes-CrossOver- DE: "\377\377\377\377\377\377\377!"-
#6781702	REDUCE cov: 50 ft: 402 corp: 171/2849b lim: 4096 exec/s: 484407 rss: 36Mb L: 15/34 MS: 1 CrossOver-
#7213192	NEW    cov: 50 ft: 408 corp: 172/2880b lim: 4096 exec/s: 480879 rss: 36Mb L: 31/34 MS: 5 CrossOver-EraseBytes-ChangeByte-CrossOver-InsertRepeatedBytes-
#7237083	NEW    cov: 50 ft: 414 corp: 173/2911b lim: 4096 exec/s: 482472 rss: 36Mb L: 31/34 MS: 1 CrossOver-
#7456164	NEW    cov: 50 ft: 415 corp: 174/2943b lim: 4096 exec/s: 466010 rss: 36Mb L: 32/34 MS: 1 InsertByte-
#7741976	NEW    cov: 50 ft: 417 corp: 175/2961b lim: 4096 exec/s: 483873 rss: 36Mb L: 18/34 MS: 2 ChangeBit-CopyPart-
#7816232	NEW    cov: 50 ft: 418 corp: 176/2979b lim: 4096 exec/s: 459778 rss: 36Mb L: 18/34 MS: 1 ChangeBit-
#7861733	NEW    cov: 50 ft: 419 corp: 177/2997b lim: 4096 exec/s: 462454 rss: 36Mb L: 18/34 MS: 1 ChangeBit-
#7883022	REDUCE cov: 50 ft: 419 corp: 177/2995b lim: 4096 exec/s: 463707 rss: 36Mb L: 15/34 MS: 4 InsertByte-InsertByte-EraseBytes-CopyPart-
#8036913	NEW    cov: 50 ft: 422 corp: 178/3013b lim: 4096 exec/s: 472759 rss: 36Mb L: 18/34 MS: 1 ChangeByte-
#8640235	REDUCE cov: 50 ft: 423 corp: 179/3029b lim: 4096 exec/s: 480013 rss: 36Mb L: 16/34 MS: 2 ChangeBinInt-CrossOver-
#8744273	REDUCE cov: 50 ft: 423 corp: 179/3027b lim: 4096 exec/s: 460224 rss: 36Mb L: 16/34 MS: 3 ChangeBit-CMP-EraseBytes- DE: "\377y"-
#8866056	REDUCE cov: 50 ft: 423 corp: 179/3024b lim: 4096 exec/s: 466634 rss: 36Mb L: 20/34 MS: 3 ChangeBit-PersAutoDict-EraseBytes- DE: "\377y"-
#14376361	NEW    cov: 50 ft: 424 corp: 180/3042b lim: 4096 exec/s: 463753 rss: 36Mb L: 18/34 MS: 5 ShuffleBytes-PersAutoDict-InsertRepeatedBytes-CopyPart-EraseBytes- DE: "\000\000\000s"-
#16263108	REDUCE cov: 50 ft: 424 corp: 180/3039b lim: 4096 exec/s: 464660 rss: 36Mb L: 20/34 MS: 2 EraseBytes-ChangeBit-
#17670548	REDUCE cov: 50 ft: 424 corp: 180/3036b lim: 4096 exec/s: 465014 rss: 36Mb L: 18/34 MS: 5 CrossOver-PersAutoDict-ChangeBit-EraseBytes-CopyPart- DE: "\001\000\000\000\000\000\000\034"-
#17841139	NEW    cov: 50 ft: 425 corp: 181/3054b lim: 4096 exec/s: 469503 rss: 36Mb L: 18/34 MS: 1 CopyPart-
#17841305	NEW    cov: 50 ft: 426 corp: 182/3072b lim: 4096 exec/s: 469508 rss: 36Mb L: 18/34 MS: 1 ChangeBit-
#17908556	NEW    cov: 50 ft: 427 corp: 183/3090b lim: 4096 exec/s: 459193 rss: 36Mb L: 18/34 MS: 1 ChangeBit-
#19960190	REDUCE cov: 50 ft: 427 corp: 183/3088b lim: 4096 exec/s: 464190 rss: 36Mb L: 16/34 MS: 4 PersAutoDict-ChangeBit-ChangeBinInt-EraseBytes- DE: "\001\000\000\000"-
#21380738	REDUCE cov: 50 ft: 427 corp: 183/3087b lim: 4096 exec/s: 464798 rss: 36Mb L: 30/34 MS: 3 ChangeByte-EraseBytes-ChangeBit-
#23283498	REDUCE cov: 50 ft: 427 corp: 183/3086b lim: 4096 exec/s: 465669 rss: 36Mb L: 15/34 MS: 5 ChangeByte-EraseBytes-ChangeBinInt-InsertByte-ChangeBinInt-
#33554432	pulse  cov: 50 ft: 427 corp: 183/3086b lim: 4096 exec/s: 459649 rss: 37Mb
#37493993	NEW    cov: 50 ft: 428 corp: 184/3101b lim: 4096 exec/s: 457243 rss: 37Mb L: 15/34 MS: 5 CopyPart-ChangeBit-ChangeBinInt-ChangeBit-EraseBytes-
#39332606	NEW    cov: 50 ft: 431 corp: 185/3116b lim: 4096 exec/s: 457355 rss: 37Mb L: 15/34 MS: 3 ChangeASCIIInt-CrossOver-CopyPart-
#52584326	NEW    cov: 50 ft: 433 corp: 186/3149b lim: 4096 exec/s: 457255 rss: 37Mb L: 33/34 MS: 5 CrossOver-InsertByte-ChangeByte-ShuffleBytes-ChangeBit-
#52584395	REDUCE cov: 50 ft: 433 corp: 186/3147b lim: 4096 exec/s: 457255 rss: 37Mb L: 31/34 MS: 4 CopyPart-ChangeASCIIInt-EraseBytes-InsertByte-
#52587318	REDUCE cov: 50 ft: 433 corp: 186/3140b lim: 4096 exec/s: 457281 rss: 37Mb L: 24/34 MS: 3 EraseBytes-ChangeASCIIInt-ChangeBinInt-
#52592249	REDUCE cov: 50 ft: 433 corp: 186/3138b lim: 4096 exec/s: 457323 rss: 37Mb L: 22/34 MS: 1 EraseBytes-
#52596013	REDUCE cov: 50 ft: 433 corp: 186/3136b lim: 4096 exec/s: 457356 rss: 37Mb L: 20/34 MS: 4 ChangeByte-ChangeByte-CopyPart-EraseBytes-
#52614866	REDUCE cov: 50 ft: 433 corp: 186/3134b lim: 4096 exec/s: 457520 rss: 37Mb L: 18/34 MS: 3 ChangeASCIIInt-InsertByte-EraseBytes-
#52615262	REDUCE cov: 50 ft: 434 corp: 187/3152b lim: 4096 exec/s: 457524 rss: 37Mb L: 18/34 MS: 1 CopyPart-
#52721322	REDUCE cov: 50 ft: 434 corp: 187/3150b lim: 4096 exec/s: 458446 rss: 37Mb L: 16/34 MS: 5 ChangeBit-EraseBytes-CopyPart-ChangeASCIIInt-CMP- DE: "\377\377\377\377\377\377\377\030"-
#52779094	REDUCE cov: 50 ft: 434 corp: 187/3148b lim: 4096 exec/s: 458948 rss: 37Mb L: 16/34 MS: 2 CMP-EraseBytes- DE: "\377\377\377\377\377\377\377\015"-
#54039997	REDUCE cov: 50 ft: 434 corp: 187/3147b lim: 4096 exec/s: 457966 rss: 37Mb L: 15/34 MS: 3 ChangeByte-EraseBytes-InsertByte-
#56129431	REDUCE cov: 50 ft: 434 corp: 187/3146b lim: 4096 exec/s: 460077 rss: 37Mb L: 15/34 MS: 4 ChangeByte-EraseBytes-PersAutoDict-ChangeBit- DE: "\377\377\377\377\377\377\377!"-
#56203679	REDUCE cov: 50 ft: 435 corp: 188/3178b lim: 4096 exec/s: 456940 rss: 37Mb L: 32/34 MS: 3 PersAutoDict-InsertRepeatedBytes-EraseBytes- DE: "\001\000\000\000"-
#56218215	NEW    cov: 50 ft: 438 corp: 189/3210b lim: 4096 exec/s: 457058 rss: 37Mb L: 32/34 MS: 1 ChangeBit-
#56267562	NEW    cov: 50 ft: 440 corp: 190/3242b lim: 4096 exec/s: 457459 rss: 37Mb L: 32/34 MS: 2 ShuffleBytes-ChangeBinInt-
#58211561	REDUCE cov: 50 ft: 440 corp: 190/3241b lim: 4096 exec/s: 458358 rss: 37Mb L: 15/34 MS: 4 ChangeBit-CrossOver-EraseBytes-InsertByte-
#58821001	REDUCE cov: 50 ft: 440 corp: 190/3240b lim: 4096 exec/s: 459539 rss: 37Mb L: 15/34 MS: 5 CopyPart-CopyPart-CrossOver-ChangeASCIIInt-EraseBytes-
#60530558	REDUCE cov: 50 ft: 440 corp: 190/3239b lim: 4096 exec/s: 458564 rss: 37Mb L: 15/34 MS: 2 EraseBytes-CrossOver-
#61712091	REDUCE cov: 50 ft: 440 corp: 190/3238b lim: 4096 exec/s: 457126 rss: 37Mb L: 15/34 MS: 3 ChangeBit-InsertByte-EraseBytes-
#63673885	REDUCE cov: 50 ft: 440 corp: 190/3237b lim: 4096 exec/s: 458085 rss: 37Mb L: 15/34 MS: 4 ShuffleBytes-CMP-EraseBytes-ChangeByte- DE: "\377`"-
#67108864	pulse  cov: 50 ft: 440 corp: 190/3237b lim: 4096 exec/s: 456522 rss: 37Mb
#69668040	NEW    cov: 50 ft: 441 corp: 191/3271b lim: 4096 exec/s: 458342 rss: 37Mb L: 34/34 MS: 5 EraseBytes-InsertRepeatedBytes-ChangeByte-CopyPart-EraseBytes-
#99652660	REDUCE cov: 50 ft: 441 corp: 191/3270b lim: 4096 exec/s: 457122 rss: 37Mb L: 15/34 MS: 5 ChangeByte-ChangeByte-CMP-CMP-EraseBytes- DE: "\001\000\000\000\000\000\000 "-"\377\377\377\377\377\377\377\014"-
panic: found special char in iban [recovered]
	panic: found special char in iban

goroutine 17 [running, locked to thread]:
git.ultraware.nl/iddinkgroep/fundament-api.Fuzz.func1()
	git.ultraware.nl/iddinkgroep/fundament-api/fuzz.go:19 +0xa5
panic({0x55b982046760?, 0x55b982059c70?})
	runtime/panic.go:914 +0x21f
git.ultraware.nl/iddinkgroep/fundament-api.Fuzz({0xc0002d1140, 0x12})
	git.ultraware.nl/iddinkgroep/fundament-api/fuzz.go:34 +0x2b9
git.ultraware.nl/iddinkgroep/fundament-api.Fuzz_(...)
	git.ultraware.nl/iddinkgroep/fundament-api/fuzz.1527825026.go:6
main.LLVMFuzzerTestOneInput(...)
	./main.170485750.go:21
==29335== ERROR: libFuzzer: deadly signal
    #0 0x55b981f69630 in __sanitizer_print_stack_trace (/seedai/experiments/libfuzzer/source_iban/libfuzzer+0xaf630) (BuildId: 688cb25bec4564588da2a67f6a2b25148a0fd5d4)
    #1 0x55b981f35755 in fuzzer::PrintStackTrace() (/seedai/experiments/libfuzzer/source_iban/libfuzzer+0x7b755) (BuildId: 688cb25bec4564588da2a67f6a2b25148a0fd5d4)
    #2 0x55b981f143a9 in fuzzer::Fuzzer::CrashCallback() (.part.0) FuzzerLoop.cpp.o
    #3 0x55b981f1446a in fuzzer::Fuzzer::StaticCrashSignalCallback() (/seedai/experiments/libfuzzer/source_iban/libfuzzer+0x5a46a) (BuildId: 688cb25bec4564588da2a67f6a2b25148a0fd5d4)
    #4 0x7f749c40a70f  (/usr/lib/libc.so.6+0x3e70f) (BuildId: 316d0d3666387f0e8fb98773f51aa1801027c5ab)
    #5 0x55b981fc9160 in runtime.raise.abi0 runtime/sys_linux_amd64.s:153

NOTE: libFuzzer has rudimentary signal handlers.
      Combine libFuzzer with AddressSanitizer or similar for better crash reports.
SUMMARY: libFuzzer: deadly signal
MS: 2 CrossOver-CopyPart-; base unit: 6b4f9c2aebe79762d30292f47fa0521ff1481b77
0x44,0x6b,0x6b,0x6b,0x2d,0x30,0x30,0x30,0x30,0x30,0x30,0x30,0x30,0x30,0x31,0x6f,0x6b,0x65,
Dkkk-0000000001oke
artifact_prefix='./'; Test unit written to ./crash-9e9c9582736af84d3b5515831501c5a0e1a8e6c1
Base64: RGtray0wMDAwMDAwMDAxb2tl
