INFO: Running with entropic power schedule (0xFF, 100).
INFO: Seed: 2441465654
INFO: Loaded 1 modules   (70 inline 8-bit counters): 70 [0x5579af0c6030, 0x5579af0c6076), 
INFO: Loaded 1 PC tables (70 PCs): 70 [0xc000068000,0xc000068460), 
INFO:       10 files found in corpus
INFO: -max_len is not provided; libFuzzer will not generate inputs larger than 4096 bytes
INFO: seed corpus: files: 10 min: 34b max: 1159b total: 4343b rss: 29Mb
#11	INITED cov: 10 ft: 18 corp: 1/34b exec/s: 0 rss: 29Mb
#14	NEW    cov: 10 ft: 20 corp: 2/67b lim: 34 exec/s: 0 rss: 29Mb L: 33/34 MS: 3 ChangeASCIIInt-ChangeByte-EraseBytes-
#25	NEW    cov: 10 ft: 23 corp: 3/95b lim: 34 exec/s: 0 rss: 29Mb L: 28/34 MS: 1 EraseBytes-
#29	NEW    cov: 10 ft: 25 corp: 4/124b lim: 34 exec/s: 0 rss: 29Mb L: 29/34 MS: 4 ChangeASCIIInt-InsertByte-ChangeBit-EraseBytes-
#32	NEW    cov: 10 ft: 28 corp: 5/156b lim: 34 exec/s: 0 rss: 29Mb L: 32/34 MS: 3 InsertRepeatedBytes-ChangeBit-EraseBytes-
#37	NEW    cov: 10 ft: 29 corp: 6/177b lim: 34 exec/s: 0 rss: 29Mb L: 21/34 MS: 5 ChangeASCIIInt-EraseBytes-ChangeASCIIInt-ChangeByte-EraseBytes-
#38	NEW    cov: 10 ft: 30 corp: 7/195b lim: 34 exec/s: 0 rss: 29Mb L: 18/34 MS: 1 EraseBytes-
#39	NEW    cov: 10 ft: 31 corp: 8/222b lim: 34 exec/s: 0 rss: 29Mb L: 27/34 MS: 1 InsertRepeatedBytes-
#42	NEW    cov: 11 ft: 33 corp: 9/227b lim: 34 exec/s: 0 rss: 29Mb L: 5/34 MS: 3 ChangeASCIIInt-InsertRepeatedBytes-CrossOver-
#59	REDUCE cov: 11 ft: 33 corp: 9/226b lim: 34 exec/s: 0 rss: 29Mb L: 20/34 MS: 2 InsertRepeatedBytes-CrossOver-
#62	NEW    cov: 11 ft: 34 corp: 10/242b lim: 34 exec/s: 0 rss: 29Mb L: 16/34 MS: 3 InsertByte-EraseBytes-EraseBytes-
#77	NEW    cov: 11 ft: 35 corp: 11/273b lim: 34 exec/s: 0 rss: 29Mb L: 31/34 MS: 5 ChangeBit-ChangeASCIIInt-ShuffleBytes-CopyPart-CrossOver-
#87	REDUCE cov: 11 ft: 35 corp: 11/272b lim: 34 exec/s: 0 rss: 29Mb L: 4/34 MS: 5 ChangeByte-ChangeBinInt-ShuffleBytes-CrossOver-EraseBytes-
#95	NEW    cov: 13 ft: 41 corp: 12/305b lim: 34 exec/s: 0 rss: 29Mb L: 33/34 MS: 3 CrossOver-ChangeASCIIInt-ChangeBit-
#111	NEW    cov: 13 ft: 42 corp: 13/338b lim: 34 exec/s: 0 rss: 29Mb L: 33/34 MS: 1 ChangeBinInt-
#117	REDUCE cov: 13 ft: 42 corp: 13/324b lim: 34 exec/s: 0 rss: 29Mb L: 4/34 MS: 1 CrossOver-
#125	NEW    cov: 13 ft: 43 corp: 14/357b lim: 34 exec/s: 0 rss: 29Mb L: 33/34 MS: 3 CrossOver-ShuffleBytes-ChangeBinInt-
#126	NEW    cov: 13 ft: 44 corp: 15/375b lim: 34 exec/s: 0 rss: 29Mb L: 18/34 MS: 1 EraseBytes-
#136	NEW    cov: 13 ft: 45 corp: 16/406b lim: 34 exec/s: 0 rss: 29Mb L: 31/34 MS: 5 ChangeBit-CopyPart-CrossOver-ChangeBit-EraseBytes-
#148	REDUCE cov: 13 ft: 45 corp: 16/402b lim: 34 exec/s: 0 rss: 29Mb L: 29/34 MS: 2 EraseBytes-InsertRepeatedBytes-
#174	REDUCE cov: 13 ft: 46 corp: 17/424b lim: 34 exec/s: 0 rss: 29Mb L: 22/34 MS: 1 EraseBytes-
#239	NEW    cov: 13 ft: 47 corp: 18/435b lim: 34 exec/s: 0 rss: 29Mb L: 11/34 MS: 5 ChangeASCIIInt-EraseBytes-ChangeBinInt-ChangeBinInt-EraseBytes-
#259	NEW    cov: 13 ft: 48 corp: 19/436b lim: 34 exec/s: 0 rss: 30Mb L: 1/34 MS: 5 CrossOver-CrossOver-ChangeBit-InsertRepeatedBytes-CrossOver-
#296	REDUCE cov: 13 ft: 49 corp: 20/449b lim: 34 exec/s: 0 rss: 30Mb L: 13/34 MS: 2 ChangeByte-InsertRepeatedBytes-
#335	REDUCE cov: 13 ft: 50 corp: 21/463b lim: 34 exec/s: 0 rss: 30Mb L: 14/34 MS: 4 ShuffleBytes-ShuffleBytes-CMP-CMP- DE: "\377\377"-"\377\377\377\377\377\377\377!"-
#396	NEW    cov: 13 ft: 51 corp: 22/496b lim: 34 exec/s: 0 rss: 30Mb L: 33/34 MS: 1 ChangeBinInt-
#418	NEW    cov: 13 ft: 54 corp: 23/511b lim: 34 exec/s: 0 rss: 30Mb L: 15/34 MS: 2 ChangeBit-CrossOver-
#548	REDUCE cov: 13 ft: 54 corp: 23/509b lim: 34 exec/s: 0 rss: 30Mb L: 14/34 MS: 5 CrossOver-ChangeBit-ShuffleBytes-CrossOver-EraseBytes-
#555	REDUCE cov: 13 ft: 54 corp: 23/499b lim: 34 exec/s: 0 rss: 30Mb L: 4/34 MS: 2 ChangeBinInt-CrossOver-
#655	REDUCE cov: 13 ft: 54 corp: 23/493b lim: 34 exec/s: 0 rss: 30Mb L: 27/34 MS: 5 ChangeASCIIInt-InsertByte-ChangeByte-ChangeByte-EraseBytes-
#765	REDUCE cov: 13 ft: 54 corp: 23/492b lim: 34 exec/s: 0 rss: 30Mb L: 26/34 MS: 5 CMP-ChangeByte-InsertByte-ChangeBinInt-EraseBytes- DE: "\377\377"-
#774	REDUCE cov: 13 ft: 54 corp: 23/483b lim: 34 exec/s: 0 rss: 30Mb L: 17/34 MS: 4 CrossOver-InsertRepeatedBytes-ChangeBinInt-EraseBytes-
#916	REDUCE cov: 13 ft: 54 corp: 23/482b lim: 34 exec/s: 0 rss: 30Mb L: 12/34 MS: 2 InsertByte-EraseBytes-
#1019	NEW    cov: 13 ft: 55 corp: 24/499b lim: 34 exec/s: 0 rss: 30Mb L: 17/34 MS: 3 ChangeBinInt-InsertByte-InsertByte-
#1050	NEW    cov: 25 ft: 91 corp: 25/517b lim: 34 exec/s: 0 rss: 30Mb L: 18/34 MS: 1 ChangeBinInt-
#1151	NEW    cov: 25 ft: 101 corp: 26/535b lim: 34 exec/s: 0 rss: 30Mb L: 18/34 MS: 1 InsertByte-
#1199	REDUCE cov: 25 ft: 101 corp: 26/533b lim: 34 exec/s: 0 rss: 30Mb L: 2/34 MS: 3 CopyPart-ChangeByte-EraseBytes-
#1211	NEW    cov: 25 ft: 102 corp: 27/551b lim: 34 exec/s: 0 rss: 30Mb L: 18/34 MS: 2 ShuffleBytes-ChangeBinInt-
#1222	NEW    cov: 25 ft: 104 corp: 28/569b lim: 34 exec/s: 0 rss: 30Mb L: 18/34 MS: 1 CMP- DE: "\033\000\000\000\000\000\000\000"-
#1408	NEW    cov: 25 ft: 105 corp: 29/587b lim: 34 exec/s: 0 rss: 30Mb L: 18/34 MS: 1 CMP- DE: "#\000\000\000\000\000\000\000"-
#1511	REDUCE cov: 25 ft: 105 corp: 29/583b lim: 34 exec/s: 0 rss: 30Mb L: 23/34 MS: 3 ShuffleBytes-CrossOver-EraseBytes-
#1553	REDUCE cov: 25 ft: 105 corp: 29/581b lim: 34 exec/s: 0 rss: 30Mb L: 9/34 MS: 2 CopyPart-EraseBytes-
#1832	REDUCE cov: 25 ft: 105 corp: 29/571b lim: 34 exec/s: 0 rss: 30Mb L: 21/34 MS: 4 CopyPart-ShuffleBytes-PersAutoDict-CrossOver- DE: "#\000\000\000\000\000\000\000"-
#1871	REDUCE cov: 25 ft: 105 corp: 29/570b lim: 34 exec/s: 0 rss: 30Mb L: 3/34 MS: 4 ChangeByte-EraseBytes-ShuffleBytes-InsertByte-
#1977	REDUCE cov: 25 ft: 105 corp: 29/569b lim: 34 exec/s: 0 rss: 30Mb L: 1/34 MS: 1 EraseBytes-
#2114	REDUCE cov: 25 ft: 112 corp: 30/585b lim: 34 exec/s: 0 rss: 30Mb L: 16/34 MS: 2 InsertRepeatedBytes-EraseBytes-
#2140	NEW    cov: 25 ft: 116 corp: 31/603b lim: 34 exec/s: 0 rss: 30Mb L: 18/34 MS: 1 ChangeByte-
#2181	REDUCE cov: 25 ft: 116 corp: 31/592b lim: 34 exec/s: 0 rss: 30Mb L: 12/34 MS: 1 EraseBytes-
#2325	REDUCE cov: 25 ft: 116 corp: 31/590b lim: 34 exec/s: 0 rss: 30Mb L: 27/34 MS: 4 CrossOver-InsertByte-ChangeASCIIInt-EraseBytes-
#2450	REDUCE cov: 25 ft: 116 corp: 31/588b lim: 34 exec/s: 0 rss: 30Mb L: 31/34 MS: 5 ChangeASCIIInt-ChangeASCIIInt-ChangeBit-ShuffleBytes-EraseBytes-
#2684	REDUCE cov: 25 ft: 116 corp: 31/586b lim: 34 exec/s: 0 rss: 30Mb L: 31/34 MS: 4 ChangeBinInt-EraseBytes-ShuffleBytes-CopyPart-
#2729	NEW    cov: 25 ft: 117 corp: 32/602b lim: 34 exec/s: 0 rss: 30Mb L: 16/34 MS: 5 CrossOver-InsertByte-ChangeBinInt-ChangeBit-CopyPart-
#2745	NEW    cov: 25 ft: 118 corp: 33/620b lim: 34 exec/s: 0 rss: 31Mb L: 18/34 MS: 1 ChangeBinInt-
#2752	NEW    cov: 25 ft: 120 corp: 34/638b lim: 34 exec/s: 0 rss: 31Mb L: 18/34 MS: 2 CopyPart-ChangeBit-
#3613	NEW    cov: 25 ft: 121 corp: 35/656b lim: 39 exec/s: 0 rss: 31Mb L: 18/34 MS: 1 ChangeByte-
#3664	REDUCE cov: 25 ft: 121 corp: 35/655b lim: 39 exec/s: 0 rss: 31Mb L: 19/34 MS: 1 EraseBytes-
#3726	NEW    cov: 25 ft: 122 corp: 36/673b lim: 39 exec/s: 0 rss: 31Mb L: 18/34 MS: 2 ChangeBinInt-ChangeByte-
#3729	NEW    cov: 25 ft: 123 corp: 37/692b lim: 39 exec/s: 0 rss: 31Mb L: 19/34 MS: 3 CrossOver-ChangeBinInt-InsertByte-
#4005	NEW    cov: 25 ft: 124 corp: 38/710b lim: 39 exec/s: 0 rss: 31Mb L: 18/34 MS: 1 ChangeByte-
#4012	NEW    cov: 25 ft: 125 corp: 39/728b lim: 39 exec/s: 0 rss: 31Mb L: 18/34 MS: 2 ChangeASCIIInt-ChangeBinInt-
#4028	REDUCE cov: 25 ft: 125 corp: 39/727b lim: 39 exec/s: 0 rss: 31Mb L: 8/34 MS: 1 EraseBytes-
#4495	NEW    cov: 25 ft: 126 corp: 40/745b lim: 39 exec/s: 0 rss: 31Mb L: 18/34 MS: 2 ShuffleBytes-CrossOver-
#4519	NEW    cov: 25 ft: 128 corp: 41/773b lim: 39 exec/s: 0 rss: 31Mb L: 28/34 MS: 4 ChangeByte-InsertRepeatedBytes-CrossOver-CrossOver-
#4521	REDUCE cov: 25 ft: 128 corp: 41/771b lim: 39 exec/s: 0 rss: 31Mb L: 16/34 MS: 2 ChangeBinInt-EraseBytes-
#5574	NEW    cov: 25 ft: 129 corp: 42/789b lim: 49 exec/s: 0 rss: 31Mb L: 18/34 MS: 3 CMP-ChangeByte-ChangeByte- DE: "\001\000\000\000\000\000\000\022"-
#5652	REDUCE cov: 25 ft: 129 corp: 42/788b lim: 49 exec/s: 0 rss: 31Mb L: 16/34 MS: 3 ChangeASCIIInt-ChangeBinInt-EraseBytes-
#6091	NEW    cov: 30 ft: 143 corp: 43/806b lim: 49 exec/s: 0 rss: 31Mb L: 18/34 MS: 4 EraseBytes-InsertByte-InsertByte-CopyPart-
#6106	REDUCE cov: 30 ft: 143 corp: 43/803b lim: 49 exec/s: 0 rss: 31Mb L: 9/34 MS: 5 PersAutoDict-InsertByte-CopyPart-EraseBytes-EraseBytes- DE: "\001\000\000\000\000\000\000\022"-
#6227	REDUCE cov: 30 ft: 143 corp: 43/802b lim: 49 exec/s: 0 rss: 31Mb L: 15/34 MS: 1 EraseBytes-
#6776	NEW    cov: 30 ft: 147 corp: 44/820b lim: 54 exec/s: 0 rss: 31Mb L: 18/34 MS: 4 CrossOver-ShuffleBytes-EraseBytes-EraseBytes-
#6823	NEW    cov: 30 ft: 149 corp: 45/838b lim: 54 exec/s: 0 rss: 31Mb L: 18/34 MS: 2 ChangeBinInt-ShuffleBytes-
#7064	NEW    cov: 30 ft: 150 corp: 46/856b lim: 54 exec/s: 0 rss: 31Mb L: 18/34 MS: 1 CrossOver-
#8250	REDUCE cov: 30 ft: 150 corp: 46/855b lim: 64 exec/s: 0 rss: 32Mb L: 15/34 MS: 1 EraseBytes-
#8947	REDUCE cov: 30 ft: 150 corp: 46/852b lim: 70 exec/s: 0 rss: 32Mb L: 1/34 MS: 2 EraseBytes-EraseBytes-
#9724	NEW    cov: 30 ft: 151 corp: 47/880b lim: 76 exec/s: 0 rss: 32Mb L: 28/34 MS: 2 ShuffleBytes-ChangeBit-
#9735	REDUCE cov: 30 ft: 152 corp: 48/895b lim: 76 exec/s: 0 rss: 32Mb L: 15/34 MS: 1 ChangeBinInt-
#9831	NEW    cov: 30 ft: 154 corp: 49/913b lim: 76 exec/s: 0 rss: 32Mb L: 18/34 MS: 1 ChangeBit-
#10071	REDUCE cov: 30 ft: 154 corp: 49/907b lim: 76 exec/s: 0 rss: 32Mb L: 22/34 MS: 5 ChangeByte-PersAutoDict-ChangeBinInt-ShuffleBytes-EraseBytes- DE: "\377\377\377\377\377\377\377!"-
#10345	REDUCE cov: 30 ft: 154 corp: 49/904b lim: 76 exec/s: 0 rss: 32Mb L: 19/34 MS: 4 ChangeBit-ShuffleBytes-ChangeBit-EraseBytes-
#10806	REDUCE cov: 30 ft: 154 corp: 49/901b lim: 76 exec/s: 0 rss: 32Mb L: 16/34 MS: 1 EraseBytes-
#10867	NEW    cov: 30 ft: 156 corp: 50/919b lim: 76 exec/s: 0 rss: 32Mb L: 18/34 MS: 1 ChangeBit-
#10903	NEW    cov: 30 ft: 157 corp: 51/937b lim: 76 exec/s: 0 rss: 32Mb L: 18/34 MS: 1 CrossOver-
#11584	NEW    cov: 30 ft: 160 corp: 52/955b lim: 82 exec/s: 0 rss: 32Mb L: 18/34 MS: 1 CopyPart-
#11836	REDUCE cov: 30 ft: 160 corp: 52/950b lim: 82 exec/s: 0 rss: 32Mb L: 17/34 MS: 2 EraseBytes-CrossOver-
#12807	NEW    cov: 30 ft: 162 corp: 53/968b lim: 88 exec/s: 0 rss: 32Mb L: 18/34 MS: 1 ShuffleBytes-
#13073	REDUCE cov: 30 ft: 162 corp: 53/967b lim: 88 exec/s: 0 rss: 32Mb L: 15/34 MS: 1 EraseBytes-
#13826	REDUCE cov: 30 ft: 162 corp: 53/965b lim: 94 exec/s: 0 rss: 33Mb L: 16/34 MS: 3 EraseBytes-CopyPart-EraseBytes-
#13852	NEW    cov: 30 ft: 163 corp: 54/983b lim: 94 exec/s: 0 rss: 33Mb L: 18/34 MS: 1 CopyPart-
#15018	NEW    cov: 30 ft: 165 corp: 55/1001b lim: 100 exec/s: 0 rss: 33Mb L: 18/34 MS: 1 ChangeBinInt-
#15076	REDUCE cov: 30 ft: 166 corp: 56/1016b lim: 100 exec/s: 0 rss: 33Mb L: 15/34 MS: 3 ChangeBit-ChangeASCIIInt-PersAutoDict- DE: "#\000\000\000\000\000\000\000"-
#15201	REDUCE cov: 30 ft: 166 corp: 56/1012b lim: 100 exec/s: 0 rss: 33Mb L: 15/34 MS: 5 ChangeBinInt-EraseBytes-PersAutoDict-ShuffleBytes-InsertByte- DE: "\001\000\000\000\000\000\000\022"-
#15762	NEW    cov: 30 ft: 177 corp: 57/1030b lim: 100 exec/s: 0 rss: 33Mb L: 18/34 MS: 1 CopyPart-
#16349	NEW    cov: 32 ft: 189 corp: 58/1048b lim: 100 exec/s: 0 rss: 33Mb L: 18/34 MS: 2 ChangeBinInt-CopyPart-
#16381	NEW    cov: 32 ft: 191 corp: 59/1066b lim: 100 exec/s: 0 rss: 33Mb L: 18/34 MS: 2 CrossOver-ShuffleBytes-
#16599	NEW    cov: 33 ft: 195 corp: 60/1084b lim: 100 exec/s: 0 rss: 33Mb L: 18/34 MS: 3 ChangeByte-CopyPart-CrossOver-
#16946	REDUCE cov: 33 ft: 195 corp: 60/1080b lim: 100 exec/s: 0 rss: 33Mb L: 5/34 MS: 2 CMP-EraseBytes- DE: "\000\000"-
#17652	NEW    cov: 33 ft: 197 corp: 61/1098b lim: 106 exec/s: 0 rss: 33Mb L: 18/34 MS: 1 ChangeBinInt-
#18148	NEW    cov: 33 ft: 198 corp: 62/1116b lim: 106 exec/s: 0 rss: 33Mb L: 18/34 MS: 1 ChangeBit-
#18389	NEW    cov: 33 ft: 203 corp: 63/1134b lim: 106 exec/s: 0 rss: 33Mb L: 18/34 MS: 1 ChangeBit-
#18555	NEW    cov: 33 ft: 204 corp: 64/1152b lim: 106 exec/s: 0 rss: 33Mb L: 18/34 MS: 1 ChangeBit-
#18817	NEW    cov: 33 ft: 206 corp: 65/1170b lim: 106 exec/s: 0 rss: 33Mb L: 18/34 MS: 2 CopyPart-ShuffleBytes-
#18888	NEW    cov: 33 ft: 207 corp: 66/1188b lim: 106 exec/s: 0 rss: 34Mb L: 18/34 MS: 1 CopyPart-
#19244	NEW    cov: 46 ft: 267 corp: 67/1206b lim: 106 exec/s: 0 rss: 34Mb L: 18/34 MS: 1 ShuffleBytes-
#19585	NEW    cov: 46 ft: 268 corp: 68/1224b lim: 106 exec/s: 0 rss: 34Mb L: 18/34 MS: 1 CopyPart-
#20742	NEW    cov: 46 ft: 269 corp: 69/1242b lim: 112 exec/s: 0 rss: 34Mb L: 18/34 MS: 2 ShuffleBytes-CopyPart-
#20878	NEW    cov: 46 ft: 271 corp: 70/1260b lim: 112 exec/s: 0 rss: 34Mb L: 18/34 MS: 1 ShuffleBytes-
#21903	NEW    cov: 46 ft: 273 corp: 71/1278b lim: 118 exec/s: 0 rss: 34Mb L: 18/34 MS: 5 InsertByte-ShuffleBytes-EraseBytes-ChangeBit-CopyPart-
#21949	NEW    cov: 46 ft: 275 corp: 72/1296b lim: 118 exec/s: 0 rss: 34Mb L: 18/34 MS: 1 ChangeBinInt-
#22086	NEW    cov: 46 ft: 277 corp: 73/1314b lim: 118 exec/s: 0 rss: 34Mb L: 18/34 MS: 2 CopyPart-ChangeByte-
#23611	NEW    cov: 46 ft: 279 corp: 74/1346b lim: 130 exec/s: 0 rss: 34Mb L: 32/34 MS: 5 CrossOver-ShuffleBytes-CopyPart-ChangeBinInt-EraseBytes-
#23642	NEW    cov: 46 ft: 280 corp: 75/1364b lim: 130 exec/s: 0 rss: 34Mb L: 18/34 MS: 1 ShuffleBytes-
#23979	NEW    cov: 46 ft: 282 corp: 76/1382b lim: 130 exec/s: 0 rss: 34Mb L: 18/34 MS: 2 ShuffleBytes-ShuffleBytes-
#24455	NEW    cov: 46 ft: 283 corp: 77/1400b lim: 130 exec/s: 0 rss: 35Mb L: 18/34 MS: 1 ShuffleBytes-
#25166	NEW    cov: 46 ft: 285 corp: 78/1418b lim: 137 exec/s: 0 rss: 35Mb L: 18/34 MS: 1 ShuffleBytes-
#25853	REDUCE cov: 46 ft: 285 corp: 78/1415b lim: 137 exec/s: 0 rss: 35Mb L: 15/34 MS: 2 EraseBytes-CrossOver-
#26068	NEW    cov: 46 ft: 286 corp: 79/1431b lim: 137 exec/s: 0 rss: 35Mb L: 16/34 MS: 5 CrossOver-ChangeBinInt-ChangeByte-ChangeBinInt-CMP- DE: "\000\000\000\000"-
#30057	REDUCE cov: 46 ft: 286 corp: 79/1429b lim: 172 exec/s: 0 rss: 35Mb L: 15/34 MS: 4 ChangeBit-EraseBytes-ChangeASCIIInt-PersAutoDict- DE: "\377\377"-
#35363	NEW    cov: 47 ft: 289 corp: 80/1447b lim: 221 exec/s: 0 rss: 35Mb L: 18/34 MS: 1 ChangeBit-
#36872	NEW    cov: 47 ft: 291 corp: 81/1465b lim: 235 exec/s: 0 rss: 35Mb L: 18/34 MS: 4 ChangeBit-ChangeBit-CopyPart-ChangeByte-
#40020	NEW    cov: 47 ft: 293 corp: 82/1483b lim: 264 exec/s: 0 rss: 35Mb L: 18/34 MS: 3 ShuffleBytes-ChangeBinInt-ChangeBit-
#44398	NEW    cov: 48 ft: 298 corp: 83/1501b lim: 304 exec/s: 0 rss: 35Mb L: 18/34 MS: 3 ChangeBit-CopyPart-ChangeByte-
#48969	NEW    cov: 48 ft: 299 corp: 84/1519b lim: 344 exec/s: 0 rss: 35Mb L: 18/34 MS: 1 ChangeBinInt-
#49055	NEW    cov: 48 ft: 301 corp: 85/1537b lim: 344 exec/s: 0 rss: 35Mb L: 18/34 MS: 1 ShuffleBytes-
#49321	NEW    cov: 48 ft: 302 corp: 86/1555b lim: 344 exec/s: 0 rss: 35Mb L: 18/34 MS: 1 ShuffleBytes-
#49457	NEW    cov: 48 ft: 303 corp: 87/1571b lim: 344 exec/s: 0 rss: 35Mb L: 16/34 MS: 1 ChangeBit-
#50380	NEW    cov: 48 ft: 304 corp: 88/1589b lim: 352 exec/s: 0 rss: 35Mb L: 18/34 MS: 3 ShuffleBytes-ShuffleBytes-ShuffleBytes-
#51587	NEW    cov: 48 ft: 305 corp: 89/1607b lim: 360 exec/s: 0 rss: 35Mb L: 18/34 MS: 2 CMP-CopyPart- DE: "\001\000\000\000"-
#53008	NEW    cov: 48 ft: 306 corp: 90/1625b lim: 368 exec/s: 0 rss: 35Mb L: 18/34 MS: 1 ShuffleBytes-
#54299	NEW    cov: 48 ft: 307 corp: 91/1643b lim: 376 exec/s: 0 rss: 35Mb L: 18/34 MS: 1 ChangeByte-
#54718	REDUCE cov: 48 ft: 307 corp: 91/1625b lim: 376 exec/s: 0 rss: 35Mb L: 13/34 MS: 4 EraseBytes-ShuffleBytes-ChangeBit-EraseBytes-
#56626	REDUCE cov: 48 ft: 307 corp: 91/1623b lim: 392 exec/s: 0 rss: 35Mb L: 30/34 MS: 3 EraseBytes-ChangeBinInt-ChangeBinInt-
#57447	NEW    cov: 48 ft: 308 corp: 92/1641b lim: 400 exec/s: 0 rss: 35Mb L: 18/34 MS: 1 ChangeBit-
#58669	REDUCE cov: 48 ft: 308 corp: 92/1635b lim: 408 exec/s: 0 rss: 35Mb L: 7/34 MS: 2 CrossOver-EraseBytes-
#58730	NEW    cov: 48 ft: 309 corp: 93/1653b lim: 408 exec/s: 0 rss: 35Mb L: 18/34 MS: 1 ShuffleBytes-
#59901	NEW    cov: 48 ft: 310 corp: 94/1671b lim: 416 exec/s: 0 rss: 35Mb L: 18/34 MS: 1 ChangeBit-
#60349	NEW    cov: 48 ft: 311 corp: 95/1689b lim: 416 exec/s: 0 rss: 35Mb L: 18/34 MS: 3 CMP-InsertByte-EraseBytes- DE: "j\000"-
#62424	REDUCE cov: 48 ft: 311 corp: 95/1687b lim: 432 exec/s: 0 rss: 35Mb L: 29/34 MS: 5 ChangeBinInt-ChangeBinInt-EraseBytes-PersAutoDict-CMP- DE: "j\000"-"\010\000\000\000\000\000\000\000"-
#64535	NEW    cov: 48 ft: 312 corp: 96/1705b lim: 448 exec/s: 0 rss: 35Mb L: 18/34 MS: 1 ChangeByte-
#64758	NEW    cov: 48 ft: 313 corp: 97/1723b lim: 448 exec/s: 0 rss: 35Mb L: 18/34 MS: 3 ChangeBit-CMP-ChangeBinInt- DE: "\000\000\000z"-
#72349	NEW    cov: 48 ft: 314 corp: 98/1741b lim: 521 exec/s: 0 rss: 35Mb L: 18/34 MS: 1 CopyPart-
#74750	NEW    cov: 48 ft: 315 corp: 99/1759b lim: 539 exec/s: 0 rss: 35Mb L: 18/34 MS: 1 ShuffleBytes-
#74775	REDUCE cov: 48 ft: 316 corp: 100/1787b lim: 539 exec/s: 0 rss: 35Mb L: 28/34 MS: 5 ChangeASCIIInt-ShuffleBytes-ChangeBinInt-CrossOver-CopyPart-
#76847	NEW    cov: 48 ft: 317 corp: 101/1805b lim: 557 exec/s: 0 rss: 35Mb L: 18/34 MS: 2 ChangeByte-ChangeASCIIInt-
#77030	REDUCE cov: 48 ft: 317 corp: 101/1803b lim: 557 exec/s: 0 rss: 35Mb L: 16/34 MS: 3 CopyPart-InsertByte-EraseBytes-
#78096	NEW    cov: 48 ft: 318 corp: 102/1821b lim: 566 exec/s: 0 rss: 35Mb L: 18/34 MS: 1 ShuffleBytes-
#80208	NEW    cov: 48 ft: 319 corp: 103/1839b lim: 584 exec/s: 0 rss: 35Mb L: 18/34 MS: 2 ShuffleBytes-ChangeByte-
#88229	NEW    cov: 48 ft: 320 corp: 104/1857b lim: 656 exec/s: 0 rss: 35Mb L: 18/34 MS: 1 CrossOver-
#88367	REDUCE cov: 48 ft: 320 corp: 104/1855b lim: 656 exec/s: 0 rss: 35Mb L: 16/34 MS: 3 ChangeByte-InsertByte-EraseBytes-
#88803	NEW    cov: 48 ft: 321 corp: 105/1873b lim: 656 exec/s: 0 rss: 35Mb L: 18/34 MS: 1 ChangeBinInt-
#90944	NEW    cov: 48 ft: 322 corp: 106/1891b lim: 674 exec/s: 0 rss: 35Mb L: 18/34 MS: 1 ChangeBinInt-
#93556	NEW    cov: 48 ft: 323 corp: 107/1909b lim: 692 exec/s: 0 rss: 35Mb L: 18/34 MS: 2 ShuffleBytes-ShuffleBytes-
#98144	NEW    cov: 50 ft: 331 corp: 108/1927b lim: 737 exec/s: 0 rss: 35Mb L: 18/34 MS: 3 CopyPart-CopyPart-ChangeByte-
#114236	NEW    cov: 50 ft: 333 corp: 109/1945b lim: 890 exec/s: 0 rss: 35Mb L: 18/34 MS: 2 CrossOver-ChangeBinInt-
#114418	REDUCE cov: 50 ft: 333 corp: 109/1943b lim: 890 exec/s: 0 rss: 35Mb L: 16/34 MS: 2 ChangeByte-EraseBytes-
#114685	REDUCE cov: 50 ft: 333 corp: 109/1941b lim: 890 exec/s: 0 rss: 35Mb L: 16/34 MS: 2 EraseBytes-ChangeByte-
#116137	REDUCE cov: 50 ft: 333 corp: 109/1939b lim: 899 exec/s: 0 rss: 35Mb L: 16/34 MS: 2 EraseBytes-ChangeByte-
#122123	NEW    cov: 50 ft: 334 corp: 110/1957b lim: 953 exec/s: 0 rss: 35Mb L: 18/34 MS: 1 ChangeBit-
#124224	NEW    cov: 50 ft: 336 corp: 111/1975b lim: 971 exec/s: 0 rss: 35Mb L: 18/34 MS: 1 ChangeBinInt-
#124521	REDUCE cov: 50 ft: 336 corp: 111/1973b lim: 971 exec/s: 0 rss: 35Mb L: 16/34 MS: 2 EraseBytes-InsertByte-
#129351	REDUCE cov: 50 ft: 336 corp: 111/1969b lim: 1016 exec/s: 0 rss: 35Mb L: 27/34 MS: 5 CopyPart-ChangeBit-CrossOver-EraseBytes-EraseBytes-
#141946	REDUCE cov: 50 ft: 336 corp: 111/1967b lim: 1135 exec/s: 0 rss: 35Mb L: 16/34 MS: 5 EraseBytes-InsertByte-ChangeASCIIInt-ShuffleBytes-InsertByte-
#144238	REDUCE cov: 50 ft: 336 corp: 111/1965b lim: 1155 exec/s: 0 rss: 35Mb L: 26/34 MS: 2 EraseBytes-ChangeByte-
#151090	REDUCE cov: 50 ft: 336 corp: 111/1963b lim: 1215 exec/s: 0 rss: 35Mb L: 16/34 MS: 2 EraseBytes-ChangeByte-
#152122	REDUCE cov: 50 ft: 336 corp: 111/1961b lim: 1225 exec/s: 0 rss: 35Mb L: 16/34 MS: 2 EraseBytes-ChangeBit-
#159708	NEW    cov: 50 ft: 338 corp: 112/1979b lim: 1295 exec/s: 0 rss: 35Mb L: 18/34 MS: 1 ChangeByte-
#175859	NEW    cov: 50 ft: 339 corp: 113/1997b lim: 1455 exec/s: 0 rss: 35Mb L: 18/34 MS: 1 ChangeBit-
#177046	REDUCE cov: 50 ft: 339 corp: 113/1995b lim: 1465 exec/s: 0 rss: 35Mb L: 16/34 MS: 2 ChangeByte-EraseBytes-
#178978	REDUCE cov: 50 ft: 339 corp: 113/1993b lim: 1475 exec/s: 0 rss: 35Mb L: 16/34 MS: 2 EraseBytes-ChangeBinInt-
#182042	REDUCE cov: 50 ft: 339 corp: 113/1990b lim: 1505 exec/s: 0 rss: 35Mb L: 26/34 MS: 4 EraseBytes-PersAutoDict-PersAutoDict-EraseBytes- DE: "\377\377\377\377\377\377\377!"-"\001\000\000\000"-
#183698	REDUCE cov: 50 ft: 339 corp: 113/1987b lim: 1515 exec/s: 0 rss: 35Mb L: 23/34 MS: 1 EraseBytes-
#184990	REDUCE cov: 50 ft: 339 corp: 113/1985b lim: 1525 exec/s: 0 rss: 35Mb L: 16/34 MS: 2 ChangeBit-EraseBytes-
#185494	REDUCE cov: 50 ft: 339 corp: 113/1983b lim: 1525 exec/s: 0 rss: 35Mb L: 21/34 MS: 4 PersAutoDict-ChangeByte-InsertByte-EraseBytes- DE: "\001\000\000\000"-
#186015	NEW    cov: 50 ft: 340 corp: 114/2001b lim: 1525 exec/s: 0 rss: 35Mb L: 18/34 MS: 1 ChangeByte-
#188395	REDUCE cov: 50 ft: 340 corp: 114/1999b lim: 1545 exec/s: 0 rss: 35Mb L: 19/34 MS: 5 InsertByte-CMP-EraseBytes-EraseBytes-CopyPart- DE: "\377\377\377\377\377\377\377\017"-
#204475	REDUCE cov: 50 ft: 340 corp: 114/1997b lim: 1695 exec/s: 0 rss: 35Mb L: 25/34 MS: 5 EraseBytes-PersAutoDict-ChangeBinInt-ChangeBinInt-EraseBytes- DE: "\377\377\377\377\377\377\377\017"-
#217821	REDUCE cov: 50 ft: 340 corp: 114/1991b lim: 1825 exec/s: 0 rss: 36Mb L: 19/34 MS: 1 EraseBytes-
#220255	REDUCE cov: 50 ft: 340 corp: 114/1990b lim: 1845 exec/s: 0 rss: 36Mb L: 18/34 MS: 4 PersAutoDict-ShuffleBytes-ChangeBit-EraseBytes- DE: "\001\000\000\000\000\000\000\022"-
#227444	REDUCE cov: 50 ft: 340 corp: 114/1988b lim: 1915 exec/s: 0 rss: 36Mb L: 16/34 MS: 4 ShuffleBytes-ChangeByte-CopyPart-EraseBytes-
#234463	REDUCE cov: 50 ft: 340 corp: 114/1987b lim: 1975 exec/s: 0 rss: 36Mb L: 17/34 MS: 4 ChangeBit-EraseBytes-ChangeBinInt-ShuffleBytes-
#251803	REDUCE cov: 50 ft: 340 corp: 114/1986b lim: 2143 exec/s: 0 rss: 36Mb L: 16/34 MS: 5 InsertByte-InsertByte-EraseBytes-InsertByte-PersAutoDict- DE: "\000\000\000z"-
#255675	NEW    cov: 50 ft: 341 corp: 115/2004b lim: 2176 exec/s: 0 rss: 36Mb L: 18/34 MS: 2 ChangeBit-ChangeBit-
#257966	NEW    cov: 50 ft: 342 corp: 116/2022b lim: 2198 exec/s: 0 rss: 36Mb L: 18/34 MS: 1 CopyPart-
#258124	NEW    cov: 50 ft: 344 corp: 117/2040b lim: 2198 exec/s: 0 rss: 36Mb L: 18/34 MS: 3 ChangeBit-ChangeBit-ChangeBit-
#259645	NEW    cov: 50 ft: 345 corp: 118/2058b lim: 2209 exec/s: 0 rss: 36Mb L: 18/34 MS: 1 ShuffleBytes-
#266726	NEW    cov: 50 ft: 346 corp: 119/2076b lim: 2275 exec/s: 0 rss: 36Mb L: 18/34 MS: 1 CopyPart-
#268304	REDUCE cov: 50 ft: 346 corp: 119/2074b lim: 2286 exec/s: 0 rss: 36Mb L: 16/34 MS: 3 ChangeByte-CopyPart-EraseBytes-
#272460	NEW    cov: 50 ft: 347 corp: 120/2092b lim: 2319 exec/s: 0 rss: 36Mb L: 18/34 MS: 1 ChangeByte-
#274023	REDUCE cov: 50 ft: 347 corp: 120/2090b lim: 2330 exec/s: 0 rss: 36Mb L: 16/34 MS: 3 CopyPart-EraseBytes-InsertByte-
#277590	REDUCE cov: 50 ft: 347 corp: 120/2088b lim: 2363 exec/s: 0 rss: 36Mb L: 16/34 MS: 2 ChangeBit-EraseBytes-
#278031	REDUCE cov: 50 ft: 348 corp: 121/2104b lim: 2363 exec/s: 0 rss: 36Mb L: 16/34 MS: 1 ChangeASCIIInt-
#291649	REDUCE cov: 50 ft: 348 corp: 121/2102b lim: 2495 exec/s: 0 rss: 36Mb L: 28/34 MS: 3 EraseBytes-ChangeBinInt-CrossOver-
#292236	NEW    cov: 50 ft: 349 corp: 122/2120b lim: 2495 exec/s: 0 rss: 36Mb L: 18/34 MS: 2 ChangeBinInt-CopyPart-
#294157	NEW    cov: 50 ft: 350 corp: 123/2138b lim: 2506 exec/s: 0 rss: 36Mb L: 18/34 MS: 1 ChangeBit-
#299893	REDUCE cov: 50 ft: 350 corp: 123/2136b lim: 2561 exec/s: 0 rss: 36Mb L: 17/34 MS: 1 EraseBytes-
#303004	NEW    cov: 50 ft: 355 corp: 124/2154b lim: 2583 exec/s: 0 rss: 36Mb L: 18/34 MS: 1 ChangeBit-
#305095	NEW    cov: 50 ft: 356 corp: 125/2172b lim: 2594 exec/s: 0 rss: 36Mb L: 18/34 MS: 1 CopyPart-
#305888	REDUCE cov: 50 ft: 356 corp: 125/2170b lim: 2594 exec/s: 0 rss: 36Mb L: 26/34 MS: 3 InsertByte-EraseBytes-InsertByte-
#306284	NEW    cov: 50 ft: 358 corp: 126/2188b lim: 2594 exec/s: 0 rss: 36Mb L: 18/34 MS: 1 ShuffleBytes-
#307885	NEW    cov: 50 ft: 359 corp: 127/2206b lim: 2605 exec/s: 0 rss: 36Mb L: 18/34 MS: 1 ShuffleBytes-
#327307	NEW    cov: 50 ft: 361 corp: 128/2224b lim: 2792 exec/s: 0 rss: 36Mb L: 18/34 MS: 2 ChangeBinInt-CopyPart-
#327344	NEW    cov: 50 ft: 362 corp: 129/2242b lim: 2792 exec/s: 0 rss: 36Mb L: 18/34 MS: 2 CMP-CrossOver- DE: "{\000"-
#327435	NEW    cov: 50 ft: 364 corp: 130/2260b lim: 2792 exec/s: 0 rss: 36Mb L: 18/34 MS: 1 ChangeASCIIInt-
#327636	NEW    cov: 50 ft: 365 corp: 131/2278b lim: 2792 exec/s: 0 rss: 36Mb L: 18/34 MS: 1 CopyPart-
#327847	NEW    cov: 50 ft: 366 corp: 132/2296b lim: 2792 exec/s: 0 rss: 36Mb L: 18/34 MS: 1 ChangeBit-
#328808	NEW    cov: 50 ft: 367 corp: 133/2314b lim: 2792 exec/s: 0 rss: 36Mb L: 18/34 MS: 1 ShuffleBytes-
#328955	NEW    cov: 50 ft: 368 corp: 134/2332b lim: 2792 exec/s: 0 rss: 36Mb L: 18/34 MS: 2 CopyPart-CopyPart-
#329372	NEW    cov: 50 ft: 369 corp: 135/2350b lim: 2792 exec/s: 0 rss: 36Mb L: 18/34 MS: 2 ChangeBit-ChangeASCIIInt-
#330693	NEW    cov: 50 ft: 370 corp: 136/2368b lim: 2803 exec/s: 0 rss: 36Mb L: 18/34 MS: 1 ChangeASCIIInt-
#331339	NEW    cov: 50 ft: 371 corp: 137/2386b lim: 2803 exec/s: 0 rss: 36Mb L: 18/34 MS: 1 ChangeASCIIInt-
#333200	NEW    cov: 50 ft: 372 corp: 138/2404b lim: 2814 exec/s: 0 rss: 36Mb L: 18/34 MS: 1 ShuffleBytes-
#335243	NEW    cov: 50 ft: 373 corp: 139/2422b lim: 2825 exec/s: 0 rss: 36Mb L: 18/34 MS: 3 ShuffleBytes-ChangeASCIIInt-CrossOver-
#335339	NEW    cov: 50 ft: 374 corp: 140/2440b lim: 2825 exec/s: 0 rss: 36Mb L: 18/34 MS: 1 ChangeBinInt-
#337290	NEW    cov: 50 ft: 375 corp: 141/2458b lim: 2836 exec/s: 0 rss: 36Mb L: 18/34 MS: 1 CrossOver-
#337926	NEW    cov: 50 ft: 376 corp: 142/2476b lim: 2836 exec/s: 0 rss: 36Mb L: 18/34 MS: 1 ShuffleBytes-
#357184	REDUCE cov: 50 ft: 376 corp: 142/2470b lim: 3023 exec/s: 0 rss: 36Mb L: 15/34 MS: 3 EraseBytes-ChangeBinInt-PersAutoDict- DE: "\377\377\377\377\377\377\377!"-
#359710	NEW    cov: 50 ft: 377 corp: 143/2488b lim: 3045 exec/s: 0 rss: 36Mb L: 18/34 MS: 1 CopyPart-
#360641	NEW    cov: 50 ft: 378 corp: 144/2506b lim: 3045 exec/s: 0 rss: 36Mb L: 18/34 MS: 1 CopyPart-
#361916	REDUCE cov: 50 ft: 378 corp: 144/2505b lim: 3056 exec/s: 0 rss: 36Mb L: 15/34 MS: 5 EraseBytes-ChangeBit-EraseBytes-EraseBytes-CopyPart-
#372301	REDUCE cov: 50 ft: 378 corp: 144/2503b lim: 3155 exec/s: 0 rss: 36Mb L: 25/34 MS: 5 ShuffleBytes-EraseBytes-CopyPart-ChangeASCIIInt-ShuffleBytes-
#394408	REDUCE cov: 50 ft: 378 corp: 144/2501b lim: 3375 exec/s: 0 rss: 36Mb L: 16/34 MS: 2 EraseBytes-InsertByte-
#394911	REDUCE cov: 50 ft: 378 corp: 144/2499b lim: 3375 exec/s: 0 rss: 36Mb L: 16/34 MS: 3 EraseBytes-ChangeBinInt-ChangeByte-
#404632	NEW    cov: 50 ft: 379 corp: 145/2517b lim: 3463 exec/s: 0 rss: 36Mb L: 18/34 MS: 1 ChangeBit-
#405763	NEW    cov: 50 ft: 380 corp: 146/2535b lim: 3474 exec/s: 0 rss: 36Mb L: 18/34 MS: 1 CopyPart-
#412120	REDUCE cov: 50 ft: 380 corp: 146/2533b lim: 3529 exec/s: 0 rss: 36Mb L: 16/34 MS: 2 ChangeBit-EraseBytes-
#442466	REDUCE cov: 50 ft: 380 corp: 146/2531b lim: 3826 exec/s: 442466 rss: 36Mb L: 15/34 MS: 2 EraseBytes-InsertByte-
#552729	REDUCE cov: 50 ft: 380 corp: 146/2529b lim: 4096 exec/s: 552729 rss: 36Mb L: 15/34 MS: 3 CMP-EraseBytes-CMP- DE: "e\000\000\000"-"\377\377\377y"-
#567801	REDUCE cov: 50 ft: 380 corp: 146/2527b lim: 4096 exec/s: 567801 rss: 36Mb L: 16/34 MS: 2 EraseBytes-InsertByte-
#570213	REDUCE cov: 50 ft: 380 corp: 146/2525b lim: 4096 exec/s: 570213 rss: 36Mb L: 16/34 MS: 2 ChangeBinInt-EraseBytes-
#570641	REDUCE cov: 50 ft: 380 corp: 146/2523b lim: 4096 exec/s: 570641 rss: 36Mb L: 16/34 MS: 3 ShuffleBytes-EraseBytes-InsertByte-
#576168	REDUCE cov: 50 ft: 380 corp: 146/2521b lim: 4096 exec/s: 576168 rss: 36Mb L: 23/34 MS: 2 ChangeByte-EraseBytes-
panic: found special char in iban [recovered]
	panic: found special char in iban

goroutine 17 [running, locked to thread]:
git.ultraware.nl/iddinkgroep/fundament-api.Fuzz.func1()
	git.ultraware.nl/iddinkgroep/fundament-api/fuzz.go:19 +0xa5
panic({0x5579ae690760?, 0x5579ae6a3c70?})
	runtime/panic.go:914 +0x21f
git.ultraware.nl/iddinkgroep/fundament-api.Fuzz({0xc0003d7ce0, 0x12})
	git.ultraware.nl/iddinkgroep/fundament-api/fuzz.go:34 +0x2b9
git.ultraware.nl/iddinkgroep/fundament-api.Fuzz_(...)
	git.ultraware.nl/iddinkgroep/fundament-api/fuzz.1527825026.go:6
main.LLVMFuzzerTestOneInput(...)
	./main.170485750.go:21
==11011== ERROR: libFuzzer: deadly signal
    #0 0x5579ae5b3630 in __sanitizer_print_stack_trace (/seedai/experiments/libfuzzer/source_iban/libfuzzer+0xaf630) (BuildId: 688cb25bec4564588da2a67f6a2b25148a0fd5d4)
    #1 0x5579ae57f755 in fuzzer::PrintStackTrace() (/seedai/experiments/libfuzzer/source_iban/libfuzzer+0x7b755) (BuildId: 688cb25bec4564588da2a67f6a2b25148a0fd5d4)
    #2 0x5579ae55e3a9 in fuzzer::Fuzzer::CrashCallback() (.part.0) FuzzerLoop.cpp.o
    #3 0x5579ae55e46a in fuzzer::Fuzzer::StaticCrashSignalCallback() (/seedai/experiments/libfuzzer/source_iban/libfuzzer+0x5a46a) (BuildId: 688cb25bec4564588da2a67f6a2b25148a0fd5d4)
    #4 0x7faa0997070f  (/usr/lib/libc.so.6+0x3e70f) (BuildId: 316d0d3666387f0e8fb98773f51aa1801027c5ab)
    #5 0x5579ae613160 in runtime.raise.abi0 runtime/sys_linux_amd64.s:153

NOTE: libFuzzer has rudimentary signal handlers.
      Combine libFuzzer with AddressSanitizer or similar for better crash reports.
SUMMARY: libFuzzer: deadly signal
MS: 2 ChangeASCIIInt-ChangeBit-; base unit: 647ab3d6dfa3a9e4225f66491704d005265ccf38
0x66,0x6f,0x6c,0x75,0x2d,0x30,0x30,0x30,0x30,0x30,0x30,0x30,0x30,0x38,0x6c,0x30,0x78,0x63,
folu-000000008l0xc
artifact_prefix='./'; Test unit written to ./crash-5f95e698e63928aa878adc4aeeea1f2fe8a8e827
Base64: Zm9sdS0wMDAwMDAwMDhsMHhj
