INFO: Running with entropic power schedule (0xFF, 100).
INFO: Seed: 147435618
INFO: Loaded 1 modules   (70 inline 8-bit counters): 70 [0x5624df1b5030, 0x5624df1b5076), 
INFO: Loaded 1 PC tables (70 PCs): 70 [0xc000068000,0xc000068460), 
INFO:        2 files found in corpus
INFO: -max_len is not provided; libFuzzer will not generate inputs larger than 4096 bytes
INFO: seed corpus: files: 2 min: 24b max: 24b total: 48b rss: 30Mb
#3	INITED cov: 41 ft: 143 corp: 2/48b exec/s: 0 rss: 30Mb
#4	NEW    cov: 41 ft: 145 corp: 3/72b lim: 24 exec/s: 0 rss: 30Mb L: 24/24 MS: 1 ShuffleBytes-
#5	NEW    cov: 41 ft: 148 corp: 4/96b lim: 24 exec/s: 0 rss: 30Mb L: 24/24 MS: 1 CrossOver-
#6	NEW    cov: 42 ft: 153 corp: 5/117b lim: 24 exec/s: 0 rss: 30Mb L: 21/24 MS: 1 EraseBytes-
#8	NEW    cov: 43 ft: 156 corp: 6/141b lim: 24 exec/s: 0 rss: 30Mb L: 24/24 MS: 2 ShuffleBytes-ChangeBinInt-
#9	NEW    cov: 43 ft: 158 corp: 7/165b lim: 24 exec/s: 0 rss: 30Mb L: 24/24 MS: 1 ChangeBinInt-
#10	NEW    cov: 43 ft: 160 corp: 8/182b lim: 24 exec/s: 0 rss: 30Mb L: 17/24 MS: 1 EraseBytes-
#14	NEW    cov: 43 ft: 161 corp: 9/206b lim: 24 exec/s: 0 rss: 30Mb L: 24/24 MS: 4 ChangeBinInt-EraseBytes-ChangeBinInt-CopyPart-
#16	NEW    cov: 43 ft: 163 corp: 10/221b lim: 24 exec/s: 0 rss: 30Mb L: 15/24 MS: 2 CMP-EraseBytes- DE: "/\000\000\000"-
#17	NEW    cov: 43 ft: 164 corp: 11/245b lim: 24 exec/s: 0 rss: 30Mb L: 24/24 MS: 1 PersAutoDict- DE: "/\000\000\000"-
#21	NEW    cov: 43 ft: 165 corp: 12/269b lim: 24 exec/s: 0 rss: 30Mb L: 24/24 MS: 4 ChangeBinInt-ChangeASCIIInt-ChangeASCIIInt-CrossOver-
#42	NEW    cov: 43 ft: 167 corp: 13/285b lim: 24 exec/s: 0 rss: 30Mb L: 16/24 MS: 1 EraseBytes-
#43	NEW    cov: 44 ft: 170 corp: 14/298b lim: 24 exec/s: 0 rss: 30Mb L: 13/24 MS: 1 EraseBytes-
#44	NEW    cov: 44 ft: 171 corp: 15/302b lim: 24 exec/s: 0 rss: 30Mb L: 4/24 MS: 1 CrossOver-
#49	NEW    cov: 44 ft: 172 corp: 16/316b lim: 24 exec/s: 0 rss: 30Mb L: 14/24 MS: 5 ChangeBit-CrossOver-ShuffleBytes-EraseBytes-EraseBytes-
#50	NEW    cov: 44 ft: 174 corp: 17/325b lim: 24 exec/s: 0 rss: 30Mb L: 9/24 MS: 1 EraseBytes-
#52	NEW    cov: 44 ft: 175 corp: 18/331b lim: 24 exec/s: 0 rss: 30Mb L: 6/24 MS: 2 CrossOver-InsertByte-
#74	NEW    cov: 44 ft: 178 corp: 19/355b lim: 24 exec/s: 0 rss: 30Mb L: 24/24 MS: 2 ShuffleBytes-CopyPart-
#90	REDUCE cov: 44 ft: 178 corp: 19/350b lim: 24 exec/s: 0 rss: 30Mb L: 19/24 MS: 1 EraseBytes-
#95	REDUCE cov: 44 ft: 178 corp: 19/349b lim: 24 exec/s: 0 rss: 30Mb L: 18/24 MS: 5 CopyPart-PersAutoDict-ShuffleBytes-EraseBytes-PersAutoDict- DE: "/\000\000\000"-"/\000\000\000"-
#99	REDUCE cov: 44 ft: 178 corp: 19/343b lim: 24 exec/s: 0 rss: 30Mb L: 18/24 MS: 4 ChangeByte-ShuffleBytes-CopyPart-EraseBytes-
#109	NEW    cov: 44 ft: 179 corp: 20/344b lim: 24 exec/s: 0 rss: 30Mb L: 1/24 MS: 5 InsertByte-EraseBytes-ShuffleBytes-ChangeByte-CrossOver-
#116	NEW    cov: 44 ft: 180 corp: 21/368b lim: 24 exec/s: 0 rss: 30Mb L: 24/24 MS: 2 ShuffleBytes-ShuffleBytes-
#118	REDUCE cov: 44 ft: 180 corp: 21/365b lim: 24 exec/s: 0 rss: 30Mb L: 21/24 MS: 2 CopyPart-EraseBytes-
#120	NEW    cov: 45 ft: 194 corp: 22/383b lim: 24 exec/s: 0 rss: 30Mb L: 18/24 MS: 2 ChangeBinInt-InsertByte-
#131	REDUCE cov: 45 ft: 195 corp: 23/401b lim: 24 exec/s: 0 rss: 30Mb L: 18/24 MS: 1 PersAutoDict- DE: "/\000\000\000"-
#202	NEW    cov: 45 ft: 196 corp: 24/425b lim: 24 exec/s: 0 rss: 30Mb L: 24/24 MS: 1 CopyPart-
#210	NEW    cov: 45 ft: 198 corp: 25/449b lim: 24 exec/s: 0 rss: 30Mb L: 24/24 MS: 3 ChangeByte-ShuffleBytes-CrossOver-
#256	NEW    cov: 45 ft: 202 corp: 26/473b lim: 24 exec/s: 0 rss: 30Mb L: 24/24 MS: 1 CopyPart-
#272	NEW    cov: 45 ft: 204 corp: 27/497b lim: 24 exec/s: 0 rss: 30Mb L: 24/24 MS: 1 ChangeBit-
#312	NEW    cov: 45 ft: 205 corp: 28/499b lim: 24 exec/s: 0 rss: 30Mb L: 2/24 MS: 5 InsertRepeatedBytes-CopyPart-CrossOver-ChangeBinInt-CrossOver-
#337	REDUCE cov: 45 ft: 205 corp: 28/498b lim: 24 exec/s: 0 rss: 30Mb L: 17/24 MS: 5 ShuffleBytes-ChangeByte-CopyPart-ChangeBit-CrossOver-
#368	NEW    cov: 45 ft: 206 corp: 29/522b lim: 24 exec/s: 0 rss: 30Mb L: 24/24 MS: 1 ChangeBit-
#429	NEW    cov: 45 ft: 212 corp: 30/546b lim: 24 exec/s: 0 rss: 30Mb L: 24/24 MS: 1 ChangeBinInt-
#450	NEW    cov: 45 ft: 214 corp: 31/570b lim: 24 exec/s: 0 rss: 30Mb L: 24/24 MS: 1 ShuffleBytes-
#517	NEW    cov: 45 ft: 215 corp: 32/592b lim: 24 exec/s: 0 rss: 30Mb L: 22/24 MS: 2 CopyPart-InsertByte-
#553	NEW    cov: 45 ft: 217 corp: 33/616b lim: 24 exec/s: 0 rss: 30Mb L: 24/24 MS: 1 ChangeASCIIInt-
#564	NEW    cov: 45 ft: 227 corp: 34/640b lim: 24 exec/s: 0 rss: 30Mb L: 24/24 MS: 1 CopyPart-
#790	NEW    cov: 45 ft: 228 corp: 35/664b lim: 24 exec/s: 0 rss: 30Mb L: 24/24 MS: 1 CopyPart-
#791	NEW    cov: 45 ft: 229 corp: 36/688b lim: 24 exec/s: 0 rss: 30Mb L: 24/24 MS: 1 ChangeASCIIInt-
#800	REDUCE cov: 45 ft: 229 corp: 36/685b lim: 24 exec/s: 0 rss: 30Mb L: 3/24 MS: 4 ChangeASCIIInt-InsertRepeatedBytes-EraseBytes-CrossOver-
#805	NEW    cov: 46 ft: 232 corp: 37/709b lim: 24 exec/s: 0 rss: 30Mb L: 24/24 MS: 5 ChangeByte-ChangeASCIIInt-CopyPart-ChangeByte-CrossOver-
#956	NEW    cov: 46 ft: 234 corp: 38/733b lim: 24 exec/s: 0 rss: 30Mb L: 24/24 MS: 1 ChangeBit-
#999	NEW    cov: 47 ft: 237 corp: 39/757b lim: 24 exec/s: 0 rss: 30Mb L: 24/24 MS: 3 ShuffleBytes-ChangeBinInt-ChangeBinInt-
#1014	NEW    cov: 47 ft: 238 corp: 40/781b lim: 24 exec/s: 0 rss: 30Mb L: 24/24 MS: 5 ChangeBinInt-ChangeASCIIInt-CrossOver-ChangeBinInt-ChangeByte-
#1096	NEW    cov: 47 ft: 240 corp: 41/805b lim: 24 exec/s: 0 rss: 30Mb L: 24/24 MS: 2 ChangeBinInt-ShuffleBytes-
#1170	NEW    cov: 47 ft: 241 corp: 42/827b lim: 24 exec/s: 0 rss: 30Mb L: 22/24 MS: 4 CopyPart-ChangeASCIIInt-ChangeASCIIInt-ChangeBinInt-
#1285	NEW    cov: 47 ft: 243 corp: 43/843b lim: 24 exec/s: 0 rss: 30Mb L: 16/24 MS: 5 EraseBytes-EraseBytes-ChangeBit-PersAutoDict-PersAutoDict- DE: "/\000\000\000"-"/\000\000\000"-
#1391	NEW    cov: 47 ft: 245 corp: 44/867b lim: 24 exec/s: 0 rss: 30Mb L: 24/24 MS: 1 ChangeByte-
#1417	NEW    cov: 47 ft: 247 corp: 45/889b lim: 24 exec/s: 0 rss: 30Mb L: 22/24 MS: 1 ChangeByte-
#1440	REDUCE cov: 47 ft: 247 corp: 45/888b lim: 24 exec/s: 0 rss: 30Mb L: 23/24 MS: 3 ChangeBit-EraseBytes-CopyPart-
#1598	NEW    cov: 47 ft: 249 corp: 46/908b lim: 24 exec/s: 0 rss: 31Mb L: 20/24 MS: 3 ChangeByte-EraseBytes-InsertByte-
#1704	NEW    cov: 47 ft: 250 corp: 47/932b lim: 24 exec/s: 0 rss: 31Mb L: 24/24 MS: 1 ChangeASCIIInt-
#1943	REDUCE cov: 47 ft: 250 corp: 47/931b lim: 24 exec/s: 0 rss: 31Mb L: 20/24 MS: 4 InsertByte-ChangeByte-CrossOver-ChangeBinInt-
#2044	NEW    cov: 47 ft: 251 corp: 48/955b lim: 24 exec/s: 0 rss: 31Mb L: 24/24 MS: 1 ChangeBit-
#2140	NEW    cov: 47 ft: 253 corp: 49/979b lim: 24 exec/s: 0 rss: 31Mb L: 24/24 MS: 1 CrossOver-
#2147	NEW    cov: 48 ft: 263 corp: 50/1003b lim: 24 exec/s: 0 rss: 31Mb L: 24/24 MS: 2 ChangeASCIIInt-ChangeByte-
#2207	REDUCE cov: 48 ft: 265 corp: 51/1024b lim: 24 exec/s: 0 rss: 31Mb L: 21/24 MS: 5 ChangeASCIIInt-InsertByte-EraseBytes-ShuffleBytes-CrossOver-
#2238	NEW    cov: 48 ft: 267 corp: 52/1048b lim: 24 exec/s: 0 rss: 31Mb L: 24/24 MS: 1 CopyPart-
#2370	REDUCE cov: 48 ft: 267 corp: 52/1046b lim: 24 exec/s: 0 rss: 31Mb L: 15/24 MS: 2 ShuffleBytes-EraseBytes-
#2435	REDUCE cov: 48 ft: 267 corp: 52/1044b lim: 24 exec/s: 0 rss: 31Mb L: 22/24 MS: 5 CopyPart-CrossOver-ChangeASCIIInt-ChangeByte-ChangeByte-
#2464	REDUCE cov: 48 ft: 267 corp: 52/1043b lim: 24 exec/s: 0 rss: 31Mb L: 22/24 MS: 4 InsertByte-ChangeByte-ChangeByte-EraseBytes-
#2575	REDUCE cov: 48 ft: 267 corp: 52/1042b lim: 24 exec/s: 0 rss: 31Mb L: 23/24 MS: 1 EraseBytes-
#2626	NEW    cov: 48 ft: 268 corp: 53/1066b lim: 24 exec/s: 0 rss: 31Mb L: 24/24 MS: 1 ChangeByte-
#2672	NEW    cov: 48 ft: 269 corp: 54/1088b lim: 24 exec/s: 0 rss: 31Mb L: 22/24 MS: 1 CrossOver-
#2688	REDUCE cov: 48 ft: 269 corp: 54/1086b lim: 24 exec/s: 0 rss: 31Mb L: 2/24 MS: 1 EraseBytes-
#2700	REDUCE cov: 48 ft: 270 corp: 55/1110b lim: 24 exec/s: 0 rss: 31Mb L: 24/24 MS: 2 InsertRepeatedBytes-InsertByte-
#2746	NEW    cov: 49 ft: 275 corp: 56/1134b lim: 24 exec/s: 0 rss: 31Mb L: 24/24 MS: 1 ChangeByte-
#2757	REDUCE cov: 49 ft: 275 corp: 56/1133b lim: 24 exec/s: 0 rss: 31Mb L: 21/24 MS: 1 EraseBytes-
#3078	NEW    cov: 49 ft: 276 corp: 57/1157b lim: 24 exec/s: 0 rss: 31Mb L: 24/24 MS: 1 ShuffleBytes-
#3104	NEW    cov: 49 ft: 277 corp: 58/1181b lim: 24 exec/s: 0 rss: 31Mb L: 24/24 MS: 1 ShuffleBytes-
#3242	REDUCE cov: 49 ft: 277 corp: 58/1179b lim: 24 exec/s: 0 rss: 31Mb L: 22/24 MS: 3 PersAutoDict-ChangeBit-EraseBytes- DE: "/\000\000\000"-
#3271	REDUCE cov: 49 ft: 277 corp: 58/1177b lim: 24 exec/s: 0 rss: 31Mb L: 22/24 MS: 4 ChangeASCIIInt-CopyPart-ChangeBit-EraseBytes-
#3284	REDUCE cov: 49 ft: 277 corp: 58/1176b lim: 24 exec/s: 0 rss: 31Mb L: 1/24 MS: 3 ShuffleBytes-ChangeASCIIInt-EraseBytes-
#3331	NEW    cov: 49 ft: 278 corp: 59/1200b lim: 24 exec/s: 0 rss: 31Mb L: 24/24 MS: 2 CopyPart-ChangeBinInt-
#3384	NEW    cov: 49 ft: 279 corp: 60/1221b lim: 24 exec/s: 0 rss: 31Mb L: 21/24 MS: 3 ShuffleBytes-ChangeBit-InsertRepeatedBytes-
#3548	NEW    cov: 49 ft: 280 corp: 61/1245b lim: 24 exec/s: 0 rss: 31Mb L: 24/24 MS: 4 ChangeASCIIInt-ChangeByte-ChangeASCIIInt-ChangeASCIIInt-
#3556	NEW    cov: 49 ft: 281 corp: 62/1269b lim: 24 exec/s: 0 rss: 31Mb L: 24/24 MS: 3 ShuffleBytes-CrossOver-ChangeASCIIInt-
#3567	NEW    cov: 49 ft: 282 corp: 63/1285b lim: 24 exec/s: 0 rss: 31Mb L: 16/24 MS: 1 CrossOver-
#3703	NEW    cov: 49 ft: 283 corp: 64/1309b lim: 24 exec/s: 0 rss: 31Mb L: 24/24 MS: 1 ShuffleBytes-
#4044	NEW    cov: 49 ft: 284 corp: 65/1333b lim: 24 exec/s: 0 rss: 31Mb L: 24/24 MS: 1 ChangeBit-
#4107	NEW    cov: 49 ft: 285 corp: 66/1357b lim: 24 exec/s: 0 rss: 31Mb L: 24/24 MS: 3 ChangeASCIIInt-ChangeASCIIInt-CrossOver-
#4474	NEW    cov: 49 ft: 286 corp: 67/1381b lim: 24 exec/s: 0 rss: 31Mb L: 24/24 MS: 2 ShuffleBytes-ShuffleBytes-
#4601	NEW    cov: 49 ft: 288 corp: 68/1403b lim: 24 exec/s: 0 rss: 31Mb L: 22/24 MS: 2 ChangeByte-ChangeByte-
#4704	NEW    cov: 49 ft: 290 corp: 69/1427b lim: 24 exec/s: 0 rss: 31Mb L: 24/24 MS: 3 ChangeBit-ChangeBit-ShuffleBytes-
#4719	NEW    cov: 49 ft: 291 corp: 70/1451b lim: 24 exec/s: 0 rss: 31Mb L: 24/24 MS: 5 ChangeBit-CrossOver-ChangeASCIIInt-ChangeASCIIInt-ChangeBit-
#4956	REDUCE cov: 49 ft: 292 corp: 71/1474b lim: 24 exec/s: 0 rss: 31Mb L: 23/24 MS: 2 ChangeBit-InsertByte-
#5042	NEW    cov: 49 ft: 293 corp: 72/1498b lim: 24 exec/s: 0 rss: 31Mb L: 24/24 MS: 1 ChangeASCIIInt-
#5309	NEW    cov: 49 ft: 294 corp: 73/1522b lim: 24 exec/s: 0 rss: 32Mb L: 24/24 MS: 2 ChangeByte-ChangeBit-
#5470	REDUCE cov: 49 ft: 294 corp: 73/1521b lim: 24 exec/s: 0 rss: 32Mb L: 23/24 MS: 1 EraseBytes-
#5621	NEW    cov: 49 ft: 295 corp: 74/1545b lim: 24 exec/s: 0 rss: 32Mb L: 24/24 MS: 1 ChangeByte-
#5654	NEW    cov: 49 ft: 297 corp: 75/1569b lim: 24 exec/s: 0 rss: 32Mb L: 24/24 MS: 3 ChangeBit-ShuffleBytes-ShuffleBytes-
#5671	NEW    cov: 49 ft: 298 corp: 76/1593b lim: 24 exec/s: 0 rss: 32Mb L: 24/24 MS: 2 ChangeASCIIInt-CrossOver-
#5822	NEW    cov: 49 ft: 299 corp: 77/1617b lim: 24 exec/s: 0 rss: 32Mb L: 24/24 MS: 1 ChangeBit-
#6068	NEW    cov: 49 ft: 300 corp: 78/1641b lim: 24 exec/s: 0 rss: 32Mb L: 24/24 MS: 1 ShuffleBytes-
#6417	REDUCE cov: 49 ft: 300 corp: 78/1640b lim: 24 exec/s: 0 rss: 32Mb L: 21/24 MS: 4 CrossOver-ChangeASCIIInt-ChangeBit-EraseBytes-
#6834	NEW    cov: 49 ft: 301 corp: 79/1667b lim: 28 exec/s: 0 rss: 32Mb L: 27/27 MS: 2 ChangeBinInt-InsertRepeatedBytes-
#7243	REDUCE cov: 49 ft: 302 corp: 80/1699b lim: 32 exec/s: 0 rss: 32Mb L: 32/32 MS: 4 ChangeASCIIInt-InsertByte-EraseBytes-InsertRepeatedBytes-
#7277	REDUCE cov: 49 ft: 302 corp: 80/1698b lim: 32 exec/s: 0 rss: 32Mb L: 31/31 MS: 4 EraseBytes-CMP-ChangeBinInt-CrossOver- DE: "\023\000\000\000\000\000\000\000"-
#7385	NEW    cov: 49 ft: 303 corp: 81/1727b lim: 32 exec/s: 0 rss: 32Mb L: 29/31 MS: 3 CopyPart-CMP-InsertRepeatedBytes- DE: "\001\000"-
#7412	NEW    cov: 49 ft: 304 corp: 82/1751b lim: 32 exec/s: 0 rss: 32Mb L: 24/31 MS: 2 ShuffleBytes-ChangeBinInt-
#7528	NEW    cov: 49 ft: 305 corp: 83/1775b lim: 32 exec/s: 0 rss: 32Mb L: 24/31 MS: 1 ChangeBit-
#7616	REDUCE cov: 49 ft: 305 corp: 83/1771b lim: 32 exec/s: 0 rss: 32Mb L: 16/31 MS: 3 PersAutoDict-InsertByte-EraseBytes- DE: "\001\000"-
#7873	NEW    cov: 49 ft: 306 corp: 84/1795b lim: 32 exec/s: 0 rss: 32Mb L: 24/31 MS: 2 ChangeBit-CopyPart-
#7884	NEW    cov: 49 ft: 307 corp: 85/1819b lim: 32 exec/s: 0 rss: 32Mb L: 24/31 MS: 1 ShuffleBytes-
#8115	NEW    cov: 49 ft: 308 corp: 86/1843b lim: 32 exec/s: 0 rss: 32Mb L: 24/31 MS: 1 ChangeASCIIInt-
#8586	NEW    cov: 49 ft: 309 corp: 87/1865b lim: 32 exec/s: 0 rss: 32Mb L: 22/31 MS: 1 ChangeBinInt-
#8659	REDUCE cov: 49 ft: 309 corp: 87/1860b lim: 32 exec/s: 0 rss: 32Mb L: 18/31 MS: 3 PersAutoDict-ChangeASCIIInt-CrossOver- DE: "\001\000"-
#9194	NEW    cov: 49 ft: 310 corp: 88/1893b lim: 37 exec/s: 0 rss: 32Mb L: 33/33 MS: 5 CrossOver-ChangeBinInt-CopyPart-CopyPart-InsertRepeatedBytes-
#9283	NEW    cov: 49 ft: 312 corp: 89/1927b lim: 37 exec/s: 0 rss: 32Mb L: 34/34 MS: 4 ChangeASCIIInt-ChangeBit-CopyPart-CopyPart-
#9308	REDUCE cov: 49 ft: 312 corp: 89/1926b lim: 37 exec/s: 0 rss: 32Mb L: 16/34 MS: 5 InsertByte-EraseBytes-ShuffleBytes-PersAutoDict-CopyPart- DE: "\001\000"-
#9649	NEW    cov: 49 ft: 322 corp: 90/1960b lim: 37 exec/s: 0 rss: 33Mb L: 34/34 MS: 1 InsertRepeatedBytes-
#10120	NEW    cov: 49 ft: 323 corp: 91/1994b lim: 37 exec/s: 0 rss: 33Mb L: 34/34 MS: 1 ShuffleBytes-
#10211	REDUCE cov: 49 ft: 323 corp: 91/1993b lim: 37 exec/s: 0 rss: 33Mb L: 33/34 MS: 1 EraseBytes-
#10886	REDUCE cov: 49 ft: 323 corp: 91/1992b lim: 42 exec/s: 0 rss: 33Mb L: 21/34 MS: 5 InsertByte-ChangeASCIIInt-EraseBytes-ShuffleBytes-ChangeByte-
#11130	REDUCE cov: 49 ft: 323 corp: 91/1986b lim: 42 exec/s: 0 rss: 33Mb L: 16/34 MS: 4 ShuffleBytes-ChangeASCIIInt-EraseBytes-CMP- DE: "\377\377\3778"-
#11376	NEW    cov: 49 ft: 324 corp: 92/2010b lim: 42 exec/s: 0 rss: 33Mb L: 24/34 MS: 1 ShuffleBytes-
#11384	REDUCE cov: 49 ft: 324 corp: 92/2009b lim: 42 exec/s: 0 rss: 33Mb L: 15/34 MS: 3 ChangeASCIIInt-ShuffleBytes-EraseBytes-
#12770	REDUCE cov: 49 ft: 324 corp: 92/2008b lim: 52 exec/s: 0 rss: 33Mb L: 23/34 MS: 1 EraseBytes-
#13033	REDUCE cov: 49 ft: 324 corp: 92/2007b lim: 52 exec/s: 0 rss: 33Mb L: 15/34 MS: 3 InsertByte-CopyPart-EraseBytes-
#16075	REDUCE cov: 49 ft: 324 corp: 92/2006b lim: 79 exec/s: 0 rss: 34Mb L: 17/34 MS: 2 PersAutoDict-EraseBytes- DE: "/\000\000\000"-
#17089	REDUCE cov: 49 ft: 324 corp: 92/2004b lim: 85 exec/s: 0 rss: 34Mb L: 16/34 MS: 4 InsertByte-EraseBytes-InsertByte-ChangeByte-
#17938	REDUCE cov: 49 ft: 324 corp: 92/2002b lim: 91 exec/s: 0 rss: 34Mb L: 15/34 MS: 4 ChangeByte-EraseBytes-CMP-InsertByte- DE: "\001\000\000\000"-
#20505	NEW    cov: 49 ft: 325 corp: 93/2026b lim: 115 exec/s: 0 rss: 34Mb L: 24/34 MS: 2 ShuffleBytes-ShuffleBytes-
#20860	NEW    cov: 49 ft: 326 corp: 94/2041b lim: 115 exec/s: 0 rss: 34Mb L: 15/34 MS: 5 InsertByte-EraseBytes-ChangeASCIIInt-ChangeBit-ChangeBit-
#20926	NEW    cov: 49 ft: 327 corp: 95/2065b lim: 115 exec/s: 0 rss: 35Mb L: 24/34 MS: 1 ChangeASCIIInt-
#21955	REDUCE cov: 49 ft: 327 corp: 95/2062b lim: 121 exec/s: 0 rss: 35Mb L: 19/34 MS: 4 EraseBytes-InsertByte-ChangeASCIIInt-ChangeByte-
#22228	REDUCE cov: 49 ft: 327 corp: 95/2061b lim: 121 exec/s: 0 rss: 35Mb L: 18/34 MS: 3 CopyPart-ChangeBit-EraseBytes-
#22500	REDUCE cov: 49 ft: 327 corp: 95/2058b lim: 121 exec/s: 0 rss: 35Mb L: 15/34 MS: 2 EraseBytes-PersAutoDict- DE: "/\000\000\000"-
#22987	REDUCE cov: 49 ft: 327 corp: 95/2057b lim: 121 exec/s: 0 rss: 35Mb L: 23/34 MS: 2 ChangeBit-EraseBytes-
#23059	REDUCE cov: 49 ft: 327 corp: 95/2056b lim: 121 exec/s: 0 rss: 35Mb L: 20/34 MS: 2 ChangeBinInt-EraseBytes-
#23290	NEW    cov: 49 ft: 328 corp: 96/2080b lim: 121 exec/s: 0 rss: 35Mb L: 24/34 MS: 1 ShuffleBytes-
#23686	REDUCE cov: 49 ft: 328 corp: 96/2079b lim: 121 exec/s: 0 rss: 35Mb L: 23/34 MS: 1 EraseBytes-
#24065	REDUCE cov: 49 ft: 328 corp: 96/2076b lim: 121 exec/s: 0 rss: 35Mb L: 19/34 MS: 4 ChangeByte-ShuffleBytes-ChangeBit-EraseBytes-
#24151	REDUCE cov: 49 ft: 328 corp: 96/2075b lim: 121 exec/s: 0 rss: 35Mb L: 15/34 MS: 1 EraseBytes-
#25362	NEW    cov: 49 ft: 329 corp: 97/2099b lim: 133 exec/s: 0 rss: 35Mb L: 24/34 MS: 1 ChangeBit-
#25589	NEW    cov: 49 ft: 330 corp: 98/2123b lim: 133 exec/s: 0 rss: 35Mb L: 24/34 MS: 2 ChangeASCIIInt-CopyPart-
#25900	NEW    cov: 49 ft: 331 corp: 99/2147b lim: 133 exec/s: 0 rss: 35Mb L: 24/34 MS: 1 ShuffleBytes-
#27617	NEW    cov: 49 ft: 332 corp: 100/2171b lim: 147 exec/s: 0 rss: 35Mb L: 24/34 MS: 2 CrossOver-ChangeASCIIInt-
#30306	REDUCE cov: 49 ft: 332 corp: 100/2168b lim: 168 exec/s: 0 rss: 35Mb L: 17/34 MS: 4 InsertByte-InsertByte-CrossOver-EraseBytes-
#31672	REDUCE cov: 49 ft: 332 corp: 100/2167b lim: 175 exec/s: 0 rss: 35Mb L: 23/34 MS: 1 EraseBytes-
#32850	REDUCE cov: 49 ft: 332 corp: 100/2165b lim: 182 exec/s: 0 rss: 35Mb L: 20/34 MS: 3 InsertByte-ChangeBinInt-EraseBytes-
#34804	REDUCE cov: 49 ft: 332 corp: 100/2164b lim: 196 exec/s: 0 rss: 35Mb L: 22/34 MS: 4 ChangeASCIIInt-PersAutoDict-ShuffleBytes-EraseBytes- DE: "\001\000"-
#36430	NEW    cov: 49 ft: 335 corp: 101/2188b lim: 210 exec/s: 0 rss: 35Mb L: 24/34 MS: 1 CrossOver-
#36675	REDUCE cov: 49 ft: 335 corp: 101/2186b lim: 210 exec/s: 0 rss: 35Mb L: 22/34 MS: 5 ChangeASCIIInt-CrossOver-PersAutoDict-ChangeASCIIInt-EraseBytes- DE: "\377\377\3778"-
#36793	REDUCE cov: 49 ft: 335 corp: 101/2184b lim: 210 exec/s: 0 rss: 35Mb L: 16/34 MS: 3 EraseBytes-ShuffleBytes-InsertByte-
#40849	REDUCE cov: 49 ft: 336 corp: 102/2217b lim: 245 exec/s: 0 rss: 35Mb L: 33/34 MS: 1 CopyPart-
#42040	REDUCE cov: 49 ft: 336 corp: 102/2216b lim: 252 exec/s: 0 rss: 35Mb L: 23/34 MS: 1 EraseBytes-
#42826	NEW    cov: 49 ft: 337 corp: 103/2240b lim: 259 exec/s: 0 rss: 35Mb L: 24/34 MS: 1 ChangeASCIIInt-
#44102	NEW    cov: 49 ft: 338 corp: 104/2264b lim: 267 exec/s: 0 rss: 35Mb L: 24/34 MS: 1 CopyPart-
#47115	REDUCE cov: 49 ft: 338 corp: 104/2262b lim: 291 exec/s: 0 rss: 35Mb L: 20/34 MS: 3 ChangeBit-EraseBytes-CopyPart-
#49068	REDUCE cov: 49 ft: 338 corp: 104/2261b lim: 307 exec/s: 0 rss: 35Mb L: 17/34 MS: 3 ChangeByte-EraseBytes-CMP- DE: "\036\000\000\000\000\000\000\000"-
#49456	REDUCE cov: 49 ft: 338 corp: 104/2259b lim: 307 exec/s: 0 rss: 35Mb L: 15/34 MS: 3 ChangeBinInt-EraseBytes-ChangeBinInt-
#52692	REDUCE cov: 49 ft: 338 corp: 104/2258b lim: 339 exec/s: 0 rss: 35Mb L: 19/34 MS: 1 EraseBytes-
#54303	REDUCE cov: 49 ft: 345 corp: 105/2291b lim: 355 exec/s: 0 rss: 35Mb L: 33/34 MS: 1 CopyPart-
#54376	REDUCE cov: 49 ft: 345 corp: 105/2290b lim: 355 exec/s: 0 rss: 35Mb L: 18/34 MS: 3 ChangeBinInt-EraseBytes-ChangeBinInt-
#55479	REDUCE cov: 49 ft: 345 corp: 105/2289b lim: 363 exec/s: 0 rss: 35Mb L: 23/34 MS: 3 InsertByte-EraseBytes-CMP- DE: "a\000"-
#56390	NEW    cov: 49 ft: 346 corp: 106/2322b lim: 371 exec/s: 0 rss: 35Mb L: 33/34 MS: 1 CopyPart-
#56993	REDUCE cov: 49 ft: 346 corp: 106/2321b lim: 371 exec/s: 0 rss: 35Mb L: 23/34 MS: 3 EraseBytes-ShuffleBytes-InsertByte-
#57107	REDUCE cov: 49 ft: 346 corp: 106/2315b lim: 371 exec/s: 0 rss: 35Mb L: 15/34 MS: 4 ChangeASCIIInt-PersAutoDict-ChangeByte-EraseBytes- DE: "\377\377\3778"-
#58171	REDUCE cov: 49 ft: 346 corp: 106/2314b lim: 379 exec/s: 0 rss: 35Mb L: 32/34 MS: 4 EraseBytes-ChangeBinInt-ChangeBit-ChangeBinInt-
#58578	REDUCE cov: 49 ft: 346 corp: 106/2311b lim: 379 exec/s: 0 rss: 35Mb L: 21/34 MS: 2 EraseBytes-InsertByte-
#59580	REDUCE cov: 49 ft: 346 corp: 106/2310b lim: 387 exec/s: 0 rss: 35Mb L: 23/34 MS: 2 ShuffleBytes-EraseBytes-
#62911	REDUCE cov: 49 ft: 346 corp: 106/2309b lim: 419 exec/s: 0 rss: 35Mb L: 18/34 MS: 1 EraseBytes-
#65838	REDUCE cov: 49 ft: 346 corp: 106/2308b lim: 443 exec/s: 0 rss: 35Mb L: 23/34 MS: 2 EraseBytes-InsertByte-
#67319	REDUCE cov: 49 ft: 346 corp: 106/2307b lim: 451 exec/s: 0 rss: 35Mb L: 23/34 MS: 1 EraseBytes-
#71920	REDUCE cov: 49 ft: 346 corp: 106/2306b lim: 491 exec/s: 0 rss: 35Mb L: 22/34 MS: 1 EraseBytes-
#72390	REDUCE cov: 49 ft: 346 corp: 106/2305b lim: 491 exec/s: 0 rss: 35Mb L: 15/34 MS: 5 CMP-ChangeASCIIInt-ChangeASCIIInt-ChangeASCIIInt-EraseBytes- DE: "\015\000\000\000\000\000\000\000"-
#72502	REDUCE cov: 49 ft: 346 corp: 106/2304b lim: 491 exec/s: 0 rss: 35Mb L: 15/34 MS: 2 ChangeBinInt-EraseBytes-
#72599	REDUCE cov: 49 ft: 346 corp: 106/2303b lim: 491 exec/s: 0 rss: 35Mb L: 32/34 MS: 2 EraseBytes-CopyPart-
#72781	NEW    cov: 49 ft: 347 corp: 107/2327b lim: 491 exec/s: 0 rss: 35Mb L: 24/34 MS: 2 ShuffleBytes-ChangeBit-
#73027	NEW    cov: 49 ft: 348 corp: 108/2351b lim: 491 exec/s: 0 rss: 35Mb L: 24/34 MS: 1 ChangeASCIIInt-
#73636	REDUCE cov: 49 ft: 348 corp: 108/2350b lim: 491 exec/s: 0 rss: 35Mb L: 23/34 MS: 4 CrossOver-InsertByte-EraseBytes-ShuffleBytes-
#74613	NEW    cov: 49 ft: 349 corp: 109/2374b lim: 499 exec/s: 0 rss: 35Mb L: 24/34 MS: 2 CopyPart-ChangeASCIIInt-
#75197	REDUCE cov: 49 ft: 349 corp: 109/2373b lim: 499 exec/s: 0 rss: 35Mb L: 33/34 MS: 4 CMP-CopyPart-ChangeBit-EraseBytes- DE: "\016\000\000\000\000\000\000\000"-
#75694	REDUCE cov: 49 ft: 349 corp: 109/2369b lim: 499 exec/s: 0 rss: 35Mb L: 19/34 MS: 2 InsertByte-EraseBytes-
#77470	NEW    cov: 49 ft: 351 corp: 110/2393b lim: 515 exec/s: 0 rss: 35Mb L: 24/34 MS: 1 ShuffleBytes-
#77701	NEW    cov: 49 ft: 352 corp: 111/2417b lim: 515 exec/s: 0 rss: 35Mb L: 24/34 MS: 1 ChangeASCIIInt-
#79302	REDUCE cov: 49 ft: 353 corp: 112/2432b lim: 524 exec/s: 0 rss: 35Mb L: 15/34 MS: 1 ChangeBinInt-
#79408	NEW    cov: 49 ft: 354 corp: 113/2456b lim: 524 exec/s: 0 rss: 35Mb L: 24/34 MS: 1 ChangeASCIIInt-
#80274	NEW    cov: 49 ft: 356 corp: 114/2489b lim: 524 exec/s: 0 rss: 35Mb L: 33/34 MS: 1 ChangeBit-
#82815	NEW    cov: 49 ft: 357 corp: 115/2513b lim: 542 exec/s: 0 rss: 35Mb L: 24/34 MS: 1 ChangeByte-
#83011	REDUCE cov: 49 ft: 357 corp: 115/2512b lim: 542 exec/s: 0 rss: 35Mb L: 23/34 MS: 1 EraseBytes-
#83183	REDUCE cov: 49 ft: 357 corp: 115/2510b lim: 542 exec/s: 0 rss: 35Mb L: 22/34 MS: 2 EraseBytes-ChangeBinInt-
#83347	REDUCE cov: 49 ft: 357 corp: 115/2509b lim: 542 exec/s: 0 rss: 35Mb L: 32/34 MS: 4 ChangeBit-EraseBytes-PersAutoDict-CopyPart- DE: "\001\000"-
#84396	NEW    cov: 49 ft: 358 corp: 116/2534b lim: 551 exec/s: 0 rss: 35Mb L: 25/34 MS: 4 CopyPart-InsertByte-CrossOver-ChangeByte-
#84868	REDUCE cov: 49 ft: 358 corp: 116/2533b lim: 551 exec/s: 0 rss: 35Mb L: 23/34 MS: 2 ChangeBinInt-EraseBytes-
#84946	REDUCE cov: 49 ft: 358 corp: 116/2531b lim: 551 exec/s: 0 rss: 35Mb L: 20/34 MS: 3 EraseBytes-ChangeByte-ChangeBinInt-
#85042	NEW    cov: 49 ft: 360 corp: 117/2555b lim: 551 exec/s: 0 rss: 35Mb L: 24/34 MS: 1 CopyPart-
#85763	NEW    cov: 49 ft: 361 corp: 118/2579b lim: 551 exec/s: 0 rss: 35Mb L: 24/34 MS: 1 ChangeBinInt-
#86384	REDUCE cov: 49 ft: 361 corp: 118/2578b lim: 551 exec/s: 0 rss: 35Mb L: 23/34 MS: 1 EraseBytes-
#88100	NEW    cov: 49 ft: 362 corp: 119/2602b lim: 560 exec/s: 0 rss: 35Mb L: 24/34 MS: 1 ShuffleBytes-
#88552	REDUCE cov: 49 ft: 363 corp: 120/2624b lim: 560 exec/s: 0 rss: 35Mb L: 22/34 MS: 2 CrossOver-ChangeBinInt-
#88570	NEW    cov: 49 ft: 364 corp: 121/2648b lim: 560 exec/s: 0 rss: 35Mb L: 24/34 MS: 3 ChangeASCIIInt-InsertByte-EraseBytes-
#91746	NEW    cov: 49 ft: 365 corp: 122/2672b lim: 587 exec/s: 0 rss: 35Mb L: 24/34 MS: 1 ChangeASCIIInt-
#93117	NEW    cov: 49 ft: 366 corp: 123/2696b lim: 596 exec/s: 0 rss: 35Mb L: 24/34 MS: 1 ChangeBinInt-
#94384	NEW    cov: 49 ft: 367 corp: 124/2721b lim: 605 exec/s: 0 rss: 35Mb L: 25/34 MS: 2 CopyPart-ChangeASCIIInt-
#96084	REDUCE cov: 49 ft: 367 corp: 124/2720b lim: 614 exec/s: 0 rss: 35Mb L: 23/34 MS: 5 CrossOver-ChangeByte-PersAutoDict-EraseBytes-EraseBytes- DE: "\023\000\000\000\000\000\000\000"-
#97905	REDUCE cov: 49 ft: 367 corp: 124/2719b lim: 632 exec/s: 0 rss: 35Mb L: 23/34 MS: 1 EraseBytes-
#98007	REDUCE cov: 49 ft: 367 corp: 124/2718b lim: 632 exec/s: 0 rss: 35Mb L: 23/34 MS: 2 ChangeASCIIInt-EraseBytes-
#98099	REDUCE cov: 49 ft: 370 corp: 125/2750b lim: 632 exec/s: 0 rss: 35Mb L: 32/34 MS: 2 ChangeASCIIInt-CopyPart-
#98195	REDUCE cov: 49 ft: 370 corp: 125/2749b lim: 632 exec/s: 0 rss: 35Mb L: 21/34 MS: 1 EraseBytes-
#98605	REDUCE cov: 49 ft: 370 corp: 125/2747b lim: 632 exec/s: 0 rss: 35Mb L: 18/34 MS: 5 ShuffleBytes-InsertByte-ChangeByte-EraseBytes-InsertByte-
#98686	NEW    cov: 49 ft: 375 corp: 126/2779b lim: 632 exec/s: 0 rss: 35Mb L: 32/34 MS: 1 CopyPart-
#100226	NEW    cov: 49 ft: 376 corp: 127/2811b lim: 641 exec/s: 0 rss: 35Mb L: 32/34 MS: 5 ShuffleBytes-ChangeByte-ChangeBit-ShuffleBytes-ChangeBit-
#103927	NEW    cov: 49 ft: 377 corp: 128/2835b lim: 677 exec/s: 0 rss: 35Mb L: 24/34 MS: 1 ChangeASCIIInt-
#104191	NEW    cov: 49 ft: 378 corp: 129/2859b lim: 677 exec/s: 0 rss: 35Mb L: 24/34 MS: 4 ChangeASCIIInt-ChangeBinInt-ChangeBit-ShuffleBytes-
#104583	REDUCE cov: 49 ft: 379 corp: 130/2882b lim: 677 exec/s: 0 rss: 35Mb L: 23/34 MS: 2 ChangeASCIIInt-CopyPart-
#106026	REDUCE cov: 49 ft: 379 corp: 130/2881b lim: 686 exec/s: 0 rss: 35Mb L: 15/34 MS: 3 ChangeBinInt-ChangeBinInt-EraseBytes-
#106482	REDUCE cov: 49 ft: 379 corp: 130/2880b lim: 686 exec/s: 0 rss: 35Mb L: 23/34 MS: 1 EraseBytes-
#106733	REDUCE cov: 49 ft: 379 corp: 130/2879b lim: 686 exec/s: 0 rss: 35Mb L: 24/34 MS: 1 EraseBytes-
#107650	REDUCE cov: 49 ft: 379 corp: 130/2878b lim: 695 exec/s: 0 rss: 35Mb L: 22/34 MS: 2 EraseBytes-PersAutoDict- DE: "a\000"-
#110196	REDUCE cov: 49 ft: 379 corp: 130/2877b lim: 713 exec/s: 0 rss: 35Mb L: 23/34 MS: 1 EraseBytes-
#112232	REDUCE cov: 49 ft: 379 corp: 130/2876b lim: 731 exec/s: 0 rss: 35Mb L: 23/34 MS: 1 EraseBytes-
#114107	REDUCE cov: 49 ft: 379 corp: 130/2875b lim: 749 exec/s: 0 rss: 35Mb L: 21/34 MS: 5 ChangeASCIIInt-ChangeBit-ChangeBinInt-EraseBytes-CMP- DE: "K\000"-
#116756	REDUCE cov: 49 ft: 380 corp: 131/2893b lim: 767 exec/s: 0 rss: 35Mb L: 18/34 MS: 4 InsertByte-ChangeBit-PersAutoDict-CopyPart- DE: "K\000"-
#118068	REDUCE cov: 49 ft: 380 corp: 131/2891b lim: 776 exec/s: 0 rss: 35Mb L: 22/34 MS: 2 ChangeByte-EraseBytes-
#118397	REDUCE cov: 49 ft: 380 corp: 131/2889b lim: 776 exec/s: 0 rss: 35Mb L: 22/34 MS: 4 CopyPart-ChangeBinInt-EraseBytes-InsertByte-
#118677	REDUCE cov: 49 ft: 380 corp: 131/2888b lim: 776 exec/s: 0 rss: 35Mb L: 19/34 MS: 5 EraseBytes-CrossOver-ShuffleBytes-PersAutoDict-EraseBytes- DE: "K\000"-
#122174	NEW    cov: 49 ft: 381 corp: 132/2911b lim: 803 exec/s: 0 rss: 35Mb L: 23/34 MS: 2 CopyPart-InsertByte-
#125101	NEW    cov: 49 ft: 382 corp: 133/2926b lim: 830 exec/s: 0 rss: 35Mb L: 15/34 MS: 2 ChangeASCIIInt-ChangeBit-
#125747	REDUCE cov: 49 ft: 382 corp: 133/2925b lim: 830 exec/s: 0 rss: 35Mb L: 23/34 MS: 1 EraseBytes-
#126048	REDUCE cov: 49 ft: 385 corp: 134/2957b lim: 830 exec/s: 0 rss: 35Mb L: 32/34 MS: 1 CopyPart-
#131884	REDUCE cov: 49 ft: 385 corp: 134/2956b lim: 884 exec/s: 0 rss: 35Mb L: 23/34 MS: 1 EraseBytes-
#135145	REDUCE cov: 49 ft: 385 corp: 134/2955b lim: 911 exec/s: 0 rss: 35Mb L: 21/34 MS: 1 EraseBytes-
#136921	NEW    cov: 49 ft: 387 corp: 135/2987b lim: 920 exec/s: 0 rss: 35Mb L: 32/34 MS: 1 CopyPart-
#139777	REDUCE cov: 49 ft: 387 corp: 135/2986b lim: 947 exec/s: 0 rss: 35Mb L: 23/34 MS: 1 EraseBytes-
#140458	REDUCE cov: 49 ft: 387 corp: 135/2985b lim: 947 exec/s: 0 rss: 35Mb L: 23/34 MS: 1 EraseBytes-
#140535	NEW    cov: 49 ft: 388 corp: 136/3009b lim: 947 exec/s: 0 rss: 35Mb L: 24/34 MS: 2 ShuffleBytes-ChangeBit-
#141011	REDUCE cov: 49 ft: 389 corp: 137/3030b lim: 947 exec/s: 0 rss: 35Mb L: 21/34 MS: 1 ShuffleBytes-
#143498	REDUCE cov: 49 ft: 389 corp: 137/3027b lim: 965 exec/s: 0 rss: 35Mb L: 21/34 MS: 2 ChangeBinInt-EraseBytes-
#146584	REDUCE cov: 49 ft: 389 corp: 137/3026b lim: 992 exec/s: 0 rss: 35Mb L: 22/34 MS: 1 EraseBytes-
#150385	REDUCE cov: 49 ft: 389 corp: 137/3025b lim: 1028 exec/s: 0 rss: 35Mb L: 23/34 MS: 1 EraseBytes-
#155123	REDUCE cov: 49 ft: 389 corp: 137/3023b lim: 1068 exec/s: 0 rss: 35Mb L: 21/34 MS: 3 ShuffleBytes-ChangeBinInt-EraseBytes-
#161949	REDUCE cov: 49 ft: 389 corp: 137/3022b lim: 1128 exec/s: 0 rss: 35Mb L: 20/34 MS: 1 EraseBytes-
#162060	REDUCE cov: 49 ft: 389 corp: 137/3021b lim: 1128 exec/s: 0 rss: 35Mb L: 22/34 MS: 1 CrossOver-
#165610	REDUCE cov: 49 ft: 389 corp: 137/3020b lim: 1158 exec/s: 0 rss: 35Mb L: 19/34 MS: 5 EraseBytes-ChangeBit-ChangeASCIIInt-ChangeASCIIInt-ChangeBinInt-
#166768	REDUCE cov: 49 ft: 390 corp: 138/3043b lim: 1168 exec/s: 0 rss: 35Mb L: 23/34 MS: 3 ChangeBinInt-ChangeBit-ChangeBinInt-
#168199	NEW    cov: 49 ft: 391 corp: 139/3075b lim: 1178 exec/s: 0 rss: 35Mb L: 32/34 MS: 1 ChangeBit-
#171373	REDUCE cov: 49 ft: 391 corp: 139/3074b lim: 1208 exec/s: 0 rss: 35Mb L: 23/34 MS: 4 ChangeASCIIInt-InsertByte-EraseBytes-PersAutoDict- DE: "K\000"-
#171460	REDUCE cov: 49 ft: 391 corp: 139/3072b lim: 1208 exec/s: 0 rss: 35Mb L: 22/34 MS: 2 EraseBytes-InsertByte-
#175771	NEW    cov: 49 ft: 392 corp: 140/3104b lim: 1248 exec/s: 0 rss: 35Mb L: 32/34 MS: 1 CopyPart-
#178455	REDUCE cov: 49 ft: 392 corp: 140/3102b lim: 1268 exec/s: 0 rss: 35Mb L: 30/34 MS: 4 InsertByte-ChangeByte-ShuffleBytes-EraseBytes-
#180634	REDUCE cov: 49 ft: 392 corp: 140/3098b lim: 1288 exec/s: 0 rss: 36Mb L: 15/34 MS: 4 ChangeBit-InsertByte-CMP-EraseBytes- DE: "\001\000\000\000\000\000\000\035"-
#182503	REDUCE cov: 49 ft: 392 corp: 140/3097b lim: 1298 exec/s: 0 rss: 36Mb L: 21/34 MS: 4 EraseBytes-ChangeBinInt-InsertByte-ChangeBit-
#183131	REDUCE cov: 49 ft: 392 corp: 140/3095b lim: 1298 exec/s: 0 rss: 36Mb L: 31/34 MS: 3 CopyPart-ChangeByte-EraseBytes-
#186911	REDUCE cov: 49 ft: 392 corp: 140/3092b lim: 1328 exec/s: 0 rss: 36Mb L: 21/34 MS: 5 CMP-ChangeByte-ChangeASCIIInt-InsertByte-EraseBytes- DE: "\001\000\0000"-
#190177	REDUCE cov: 49 ft: 392 corp: 140/3091b lim: 1358 exec/s: 0 rss: 36Mb L: 23/34 MS: 1 EraseBytes-
#192809	REDUCE cov: 49 ft: 392 corp: 140/3089b lim: 1378 exec/s: 0 rss: 36Mb L: 17/34 MS: 2 CMP-EraseBytes- DE: "\377/"-
#198030	REDUCE cov: 49 ft: 392 corp: 140/3088b lim: 1428 exec/s: 0 rss: 36Mb L: 23/34 MS: 1 EraseBytes-
#198703	REDUCE cov: 49 ft: 392 corp: 140/3086b lim: 1428 exec/s: 0 rss: 36Mb L: 16/34 MS: 3 EraseBytes-ChangeBinInt-EraseBytes-
#199899	REDUCE cov: 49 ft: 393 corp: 141/3109b lim: 1438 exec/s: 0 rss: 36Mb L: 23/34 MS: 1 ChangeBit-
#207157	REDUCE cov: 49 ft: 393 corp: 141/3107b lim: 1508 exec/s: 0 rss: 36Mb L: 15/34 MS: 3 ChangeBit-ChangeBit-EraseBytes-
#208537	REDUCE cov: 49 ft: 393 corp: 141/3105b lim: 1518 exec/s: 0 rss: 36Mb L: 19/34 MS: 5 EraseBytes-ChangeByte-ChangeASCIIInt-ChangeBit-InsertByte-
#211263	REDUCE cov: 49 ft: 393 corp: 141/3104b lim: 1538 exec/s: 0 rss: 36Mb L: 21/34 MS: 1 EraseBytes-
#213224	REDUCE cov: 49 ft: 393 corp: 141/3103b lim: 1548 exec/s: 0 rss: 36Mb L: 22/34 MS: 1 EraseBytes-
#217098	REDUCE cov: 49 ft: 393 corp: 141/3101b lim: 1578 exec/s: 0 rss: 36Mb L: 21/34 MS: 4 InsertByte-CopyPart-ChangeBit-EraseBytes-
#219757	REDUCE cov: 49 ft: 393 corp: 141/3100b lim: 1598 exec/s: 0 rss: 36Mb L: 23/34 MS: 4 ChangeASCIIInt-InsertByte-PersAutoDict-EraseBytes- DE: "K\000"-
#221621	REDUCE cov: 49 ft: 393 corp: 141/3098b lim: 1608 exec/s: 0 rss: 36Mb L: 21/34 MS: 4 ChangeASCIIInt-ChangeByte-ChangeByte-EraseBytes-
#222143	REDUCE cov: 49 ft: 393 corp: 141/3096b lim: 1608 exec/s: 0 rss: 36Mb L: 21/34 MS: 2 EraseBytes-InsertByte-
#226546	REDUCE cov: 49 ft: 394 corp: 142/3119b lim: 1648 exec/s: 0 rss: 36Mb L: 23/34 MS: 3 ChangeBinInt-CrossOver-ChangeBinInt-
#228604	REDUCE cov: 49 ft: 394 corp: 142/3117b lim: 1668 exec/s: 0 rss: 36Mb L: 16/34 MS: 3 EraseBytes-ShuffleBytes-ChangeBit-
#231770	NEW    cov: 49 ft: 398 corp: 143/3149b lim: 1698 exec/s: 0 rss: 36Mb L: 32/34 MS: 1 ChangeBinInt-
#238086	REDUCE cov: 49 ft: 398 corp: 143/3148b lim: 1758 exec/s: 0 rss: 36Mb L: 23/34 MS: 1 EraseBytes-
#238524	REDUCE cov: 49 ft: 398 corp: 143/3146b lim: 1758 exec/s: 0 rss: 36Mb L: 15/34 MS: 3 ChangeBit-EraseBytes-ChangeBinInt-
#238850	REDUCE cov: 49 ft: 398 corp: 143/3145b lim: 1758 exec/s: 0 rss: 36Mb L: 22/34 MS: 1 EraseBytes-
#239079	REDUCE cov: 49 ft: 398 corp: 143/3144b lim: 1758 exec/s: 0 rss: 36Mb L: 22/34 MS: 4 ChangeBinInt-ShuffleBytes-CrossOver-EraseBytes-
#240216	REDUCE cov: 49 ft: 398 corp: 143/3142b lim: 1768 exec/s: 0 rss: 36Mb L: 30/34 MS: 2 ChangeBit-EraseBytes-
#242522	REDUCE cov: 49 ft: 398 corp: 143/3141b lim: 1788 exec/s: 0 rss: 36Mb L: 20/34 MS: 1 EraseBytes-
#242894	REDUCE cov: 49 ft: 398 corp: 143/3138b lim: 1788 exec/s: 0 rss: 36Mb L: 21/34 MS: 2 CrossOver-EraseBytes-
#248366	REDUCE cov: 49 ft: 398 corp: 143/3135b lim: 1838 exec/s: 0 rss: 36Mb L: 18/34 MS: 2 EraseBytes-ChangeByte-
#251997	REDUCE cov: 49 ft: 398 corp: 143/3134b lim: 1868 exec/s: 0 rss: 36Mb L: 22/34 MS: 1 EraseBytes-
#261810	REDUCE cov: 49 ft: 398 corp: 143/3131b lim: 1958 exec/s: 0 rss: 36Mb L: 20/34 MS: 3 PersAutoDict-EraseBytes-InsertByte- DE: "K\000"-
#262151	REDUCE cov: 49 ft: 398 corp: 143/3130b lim: 1958 exec/s: 0 rss: 36Mb L: 22/34 MS: 1 EraseBytes-
#263388	REDUCE cov: 49 ft: 398 corp: 143/3128b lim: 1968 exec/s: 0 rss: 36Mb L: 23/34 MS: 2 EraseBytes-ChangeBinInt-
#265351	REDUCE cov: 49 ft: 398 corp: 143/3127b lim: 1978 exec/s: 0 rss: 36Mb L: 20/34 MS: 3 EraseBytes-PersAutoDict-PersAutoDict- DE: "\001\000"-"/\000\000\000"-
#266397	REDUCE cov: 49 ft: 398 corp: 143/3126b lim: 1988 exec/s: 0 rss: 36Mb L: 21/34 MS: 1 EraseBytes-
#266749	REDUCE cov: 49 ft: 399 corp: 144/3147b lim: 1988 exec/s: 0 rss: 36Mb L: 21/34 MS: 2 ShuffleBytes-CopyPart-
#267820	REDUCE cov: 49 ft: 399 corp: 144/3146b lim: 1998 exec/s: 0 rss: 36Mb L: 21/34 MS: 1 EraseBytes-
#273031	NEW    cov: 49 ft: 400 corp: 145/3167b lim: 2048 exec/s: 0 rss: 36Mb L: 21/34 MS: 1 ChangeBit-
#283622	NEW    cov: 49 ft: 403 corp: 146/3191b lim: 2147 exec/s: 0 rss: 36Mb L: 24/34 MS: 1 ChangeByte-
#286900	REDUCE cov: 49 ft: 403 corp: 146/3190b lim: 2169 exec/s: 0 rss: 36Mb L: 23/34 MS: 3 EraseBytes-ChangeByte-InsertByte-
#288988	REDUCE cov: 49 ft: 403 corp: 146/3189b lim: 2180 exec/s: 0 rss: 36Mb L: 19/34 MS: 3 ChangeByte-PersAutoDict-EraseBytes- DE: "a\000"-
#289369	REDUCE cov: 49 ft: 403 corp: 146/3188b lim: 2180 exec/s: 0 rss: 36Mb L: 22/34 MS: 1 EraseBytes-
#290121	REDUCE cov: 49 ft: 403 corp: 146/3187b lim: 2180 exec/s: 0 rss: 36Mb L: 22/34 MS: 2 ShuffleBytes-EraseBytes-
#290132	REDUCE cov: 49 ft: 403 corp: 146/3186b lim: 2180 exec/s: 0 rss: 36Mb L: 22/34 MS: 1 EraseBytes-
#303278	REDUCE cov: 49 ft: 403 corp: 146/3185b lim: 2301 exec/s: 0 rss: 36Mb L: 22/34 MS: 1 EraseBytes-
#304724	REDUCE cov: 49 ft: 403 corp: 146/3184b lim: 2312 exec/s: 0 rss: 36Mb L: 20/34 MS: 1 EraseBytes-
#306450	REDUCE cov: 49 ft: 403 corp: 146/3183b lim: 2323 exec/s: 0 rss: 36Mb L: 23/34 MS: 1 EraseBytes-
#306751	NEW    cov: 49 ft: 404 corp: 147/3204b lim: 2323 exec/s: 0 rss: 36Mb L: 21/34 MS: 1 ChangeASCIIInt-
#317007	REDUCE cov: 49 ft: 404 corp: 147/3203b lim: 2422 exec/s: 0 rss: 36Mb L: 21/34 MS: 1 EraseBytes-
#317985	REDUCE cov: 49 ft: 404 corp: 147/3202b lim: 2422 exec/s: 0 rss: 36Mb L: 22/34 MS: 3 EraseBytes-ChangeASCIIInt-ChangeByte-
#318163	REDUCE cov: 49 ft: 404 corp: 147/3201b lim: 2422 exec/s: 0 rss: 36Mb L: 23/34 MS: 3 CrossOver-EraseBytes-CopyPart-
#335058	REDUCE cov: 49 ft: 404 corp: 147/3200b lim: 2587 exec/s: 0 rss: 36Mb L: 20/34 MS: 5 EraseBytes-CMP-ShuffleBytes-CrossOver-CrossOver- DE: "/\000"-
#340450	REDUCE cov: 49 ft: 404 corp: 147/3199b lim: 2631 exec/s: 0 rss: 36Mb L: 23/34 MS: 2 ChangeBit-EraseBytes-
#340456	REDUCE cov: 49 ft: 404 corp: 147/3198b lim: 2631 exec/s: 0 rss: 36Mb L: 22/34 MS: 1 EraseBytes-
#350969	REDUCE cov: 49 ft: 404 corp: 147/3194b lim: 2730 exec/s: 0 rss: 36Mb L: 19/34 MS: 3 ShuffleBytes-EraseBytes-ChangeByte-
#353595	REDUCE cov: 49 ft: 404 corp: 147/3193b lim: 2752 exec/s: 0 rss: 36Mb L: 23/34 MS: 1 EraseBytes-
#354057	REDUCE cov: 49 ft: 404 corp: 147/3191b lim: 2752 exec/s: 0 rss: 36Mb L: 21/34 MS: 2 EraseBytes-PersAutoDict- DE: "\377/"-
#359081	REDUCE cov: 49 ft: 404 corp: 147/3190b lim: 2796 exec/s: 0 rss: 36Mb L: 22/34 MS: 4 CMP-InsertByte-EraseBytes-InsertByte- DE: "3\000\000\000"-
#366497	REDUCE cov: 49 ft: 404 corp: 147/3189b lim: 2862 exec/s: 0 rss: 36Mb L: 20/34 MS: 1 EraseBytes-
#371330	REDUCE cov: 49 ft: 404 corp: 147/3187b lim: 2906 exec/s: 0 rss: 36Mb L: 22/34 MS: 3 ShuffleBytes-EraseBytes-ChangeByte-
panic: found special char in iban [recovered]
	panic: found special char in iban

goroutine 17 [running, locked to thread]:
git.ultraware.nl/iddinkgroep/fundament-api.Fuzz.func1()
	git.ultraware.nl/iddinkgroep/fundament-api/fuzz.go:19 +0xa5
panic({0x5624de77f760?, 0x5624de792c70?})
	runtime/panic.go:914 +0x21f
git.ultraware.nl/iddinkgroep/fundament-api.Fuzz({0xc0003aba28, 0x16})
	git.ultraware.nl/iddinkgroep/fundament-api/fuzz.go:34 +0x2b9
git.ultraware.nl/iddinkgroep/fundament-api.Fuzz_(...)
	git.ultraware.nl/iddinkgroep/fundament-api/fuzz.118480564.go:6
main.LLVMFuzzerTestOneInput(...)
	./main.2998056864.go:21
==1555== ERROR: libFuzzer: deadly signal
    #0 0x5624de6a2630 in __sanitizer_print_stack_trace (/seedai/experiments/libfuzzer/libfuzzer+0xaf630) (BuildId: 23115454fcc2d139f458d53fa43ce200a20c84b2)
    #1 0x5624de66e755 in fuzzer::PrintStackTrace() (/seedai/experiments/libfuzzer/libfuzzer+0x7b755) (BuildId: 23115454fcc2d139f458d53fa43ce200a20c84b2)
    #2 0x5624de64d3a9 in fuzzer::Fuzzer::CrashCallback() (.part.0) FuzzerLoop.cpp.o
    #3 0x5624de64d46a in fuzzer::Fuzzer::StaticCrashSignalCallback() (/seedai/experiments/libfuzzer/libfuzzer+0x5a46a) (BuildId: 23115454fcc2d139f458d53fa43ce200a20c84b2)
    #4 0x7f5fe112270f  (/usr/lib/libc.so.6+0x3e70f) (BuildId: 316d0d3666387f0e8fb98773f51aa1801027c5ab)
    #5 0x5624de702160 in runtime.raise.abi0 runtime/sys_linux_amd64.s:153

NOTE: libFuzzer has rudimentary signal handlers.
      Combine libFuzzer with AddressSanitizer or similar for better crash reports.
SUMMARY: libFuzzer: deadly signal
MS: 1 ShuffleBytes-; base unit: 016ff214fac5015a6f7f01a89a6c04c86f6f4c1d
0x4c,0x55,0x32,0x38,0x20,0x2d,0x30,0x30,0x30,0x30,0x30,0x30,0x30,0x30,0x34,0x6f,0x30,0x36,0x20,0x31,0x39,0x30,
LU28 -000000004o06 190
artifact_prefix='./'; Test unit written to ./crash-b07bebb274dc600e206c0f1e449f3e851a23351c
Base64: TFUyOCAtMDAwMDAwMDA0bzA2IDE5MA==
