INFO: Running with entropic power schedule (0xFF, 100).
INFO: Seed: 2179298221
INFO: Loaded 1 modules   (70 inline 8-bit counters): 70 [0x562f530e9030, 0x562f530e9076), 
INFO: Loaded 1 PC tables (70 PCs): 70 [0xc000068000,0xc000068460), 
INFO:       10 files found in corpus
INFO: -max_len is not provided; libFuzzer will not generate inputs larger than 4096 bytes
INFO: seed corpus: files: 10 min: 18b max: 796b total: 1261b rss: 30Mb
#11	INITED cov: 10 ft: 18 corp: 1/18b exec/s: 0 rss: 30Mb
#13	NEW    cov: 11 ft: 22 corp: 2/27b lim: 18 exec/s: 0 rss: 30Mb L: 9/18 MS: 2 CMP-EraseBytes- DE: "4\000\000\000\000\000\000\000"-
#16	NEW    cov: 11 ft: 24 corp: 3/35b lim: 18 exec/s: 0 rss: 30Mb L: 8/18 MS: 3 EraseBytes-PersAutoDict-EraseBytes- DE: "4\000\000\000\000\000\000\000"-
#22	NEW    cov: 11 ft: 26 corp: 4/42b lim: 18 exec/s: 0 rss: 30Mb L: 7/18 MS: 1 EraseBytes-
#25	NEW    cov: 11 ft: 27 corp: 5/54b lim: 18 exec/s: 0 rss: 30Mb L: 12/18 MS: 3 PersAutoDict-ChangeBinInt-InsertRepeatedBytes- DE: "4\000\000\000\000\000\000\000"-
#35	NEW    cov: 11 ft: 28 corp: 6/55b lim: 18 exec/s: 0 rss: 30Mb L: 1/18 MS: 5 ShuffleBytes-ChangeBit-ShuffleBytes-ChangeBit-CrossOver-
#37	NEW    cov: 11 ft: 30 corp: 7/70b lim: 18 exec/s: 0 rss: 30Mb L: 15/18 MS: 2 ChangeBinInt-CopyPart-
#46	NEW    cov: 11 ft: 31 corp: 8/83b lim: 18 exec/s: 0 rss: 30Mb L: 13/18 MS: 4 EraseBytes-CrossOver-ChangeBit-InsertByte-
#68	NEW    cov: 11 ft: 32 corp: 9/85b lim: 18 exec/s: 0 rss: 30Mb L: 2/18 MS: 2 ChangeByte-InsertByte-
#69	NEW    cov: 11 ft: 33 corp: 10/101b lim: 18 exec/s: 0 rss: 30Mb L: 16/18 MS: 1 InsertByte-
#92	REDUCE cov: 11 ft: 33 corp: 10/97b lim: 18 exec/s: 0 rss: 30Mb L: 4/18 MS: 3 ChangeBinInt-EraseBytes-EraseBytes-
#165	REDUCE cov: 11 ft: 34 corp: 11/111b lim: 18 exec/s: 0 rss: 30Mb L: 14/18 MS: 3 InsertByte-InsertByte-PersAutoDict- DE: "4\000\000\000\000\000\000\000"-
#577	NEW    cov: 11 ft: 35 corp: 12/133b lim: 22 exec/s: 0 rss: 30Mb L: 22/22 MS: 2 ChangeBit-CopyPart-
#680	REDUCE cov: 11 ft: 35 corp: 12/131b lim: 22 exec/s: 0 rss: 30Mb L: 20/20 MS: 3 ChangeByte-ChangeByte-EraseBytes-
#967	REDUCE cov: 11 ft: 35 corp: 12/128b lim: 22 exec/s: 0 rss: 30Mb L: 1/20 MS: 2 CopyPart-CrossOver-
#1784	NEW    cov: 11 ft: 36 corp: 13/155b lim: 30 exec/s: 0 rss: 30Mb L: 27/27 MS: 2 CMP-InsertRepeatedBytes- DE: "\377\377\377\377"-
#1845	REDUCE cov: 11 ft: 37 corp: 14/184b lim: 30 exec/s: 0 rss: 30Mb L: 29/29 MS: 1 InsertRepeatedBytes-
#2265	NEW    cov: 11 ft: 39 corp: 15/218b lim: 34 exec/s: 0 rss: 30Mb L: 34/34 MS: 5 CrossOver-InsertByte-InsertRepeatedBytes-ChangeBinInt-CrossOver-
#2284	NEW    cov: 11 ft: 40 corp: 16/250b lim: 34 exec/s: 0 rss: 30Mb L: 32/34 MS: 4 InsertByte-InsertByte-CMP-CrossOver- DE: "\000\000\000\000"-
#2382	NEW    cov: 11 ft: 41 corp: 17/283b lim: 34 exec/s: 0 rss: 30Mb L: 33/34 MS: 3 PersAutoDict-EraseBytes-CrossOver- DE: "\377\377\377\377"-
#2846	REDUCE cov: 11 ft: 41 corp: 17/282b lim: 34 exec/s: 0 rss: 30Mb L: 19/34 MS: 4 EraseBytes-CopyPart-InsertByte-InsertByte-
#3223	REDUCE cov: 11 ft: 41 corp: 17/281b lim: 34 exec/s: 0 rss: 30Mb L: 31/34 MS: 2 CrossOver-PersAutoDict- DE: "\377\377\377\377"-
#33155	NEW    cov: 13 ft: 47 corp: 18/307b lim: 328 exec/s: 0 rss: 34Mb L: 26/34 MS: 2 ChangeByte-InsertRepeatedBytes-
#33372	NEW    cov: 13 ft: 48 corp: 19/333b lim: 328 exec/s: 0 rss: 34Mb L: 26/34 MS: 2 ChangeASCIIInt-ChangeBinInt-
#33444	NEW    cov: 13 ft: 49 corp: 20/359b lim: 328 exec/s: 0 rss: 34Mb L: 26/34 MS: 2 ChangeBit-CMP- DE: "\377\377\377\377\377\377\3777"-
#33545	NEW    cov: 13 ft: 50 corp: 21/385b lim: 328 exec/s: 0 rss: 34Mb L: 26/34 MS: 1 ChangeBinInt-
#33549	NEW    cov: 13 ft: 51 corp: 22/411b lim: 328 exec/s: 0 rss: 34Mb L: 26/34 MS: 4 ChangeByte-CopyPart-ShuffleBytes-PersAutoDict- DE: "\377\377\377\377\377\377\3777"-
#33599	REDUCE cov: 13 ft: 51 corp: 22/403b lim: 328 exec/s: 0 rss: 34Mb L: 18/34 MS: 5 ChangeByte-ChangeByte-ChangeBinInt-ChangeBit-EraseBytes-
#33671	REDUCE cov: 13 ft: 51 corp: 22/401b lim: 328 exec/s: 0 rss: 34Mb L: 16/34 MS: 2 EraseBytes-ChangeByte-
#33822	REDUCE cov: 13 ft: 51 corp: 22/394b lim: 328 exec/s: 0 rss: 34Mb L: 19/34 MS: 1 EraseBytes-
#34047	NEW    cov: 13 ft: 52 corp: 23/416b lim: 328 exec/s: 0 rss: 34Mb L: 22/34 MS: 5 EraseBytes-ChangeBit-ChangeBinInt-InsertByte-CopyPart-
#34098	REDUCE cov: 13 ft: 52 corp: 23/409b lim: 328 exec/s: 0 rss: 34Mb L: 15/34 MS: 1 EraseBytes-
#34332	REDUCE cov: 13 ft: 52 corp: 23/404b lim: 328 exec/s: 0 rss: 34Mb L: 21/34 MS: 4 EraseBytes-CopyPart-PersAutoDict-CrossOver- DE: "\000\000\000\000"-
#34550	REDUCE cov: 13 ft: 53 corp: 24/427b lim: 328 exec/s: 0 rss: 34Mb L: 23/34 MS: 3 PersAutoDict-CrossOver-CopyPart- DE: "\000\000\000\000"-
#34635	REDUCE cov: 13 ft: 53 corp: 24/421b lim: 328 exec/s: 0 rss: 34Mb L: 20/34 MS: 5 CopyPart-EraseBytes-ChangeByte-ChangeBit-ChangeBinInt-
#35209	NEW    cov: 25 ft: 94 corp: 25/436b lim: 328 exec/s: 0 rss: 34Mb L: 15/34 MS: 4 InsertByte-PersAutoDict-ChangeBit-EraseBytes- DE: "\000\000\000\000"-
#35295	NEW    cov: 25 ft: 98 corp: 26/451b lim: 328 exec/s: 0 rss: 34Mb L: 15/34 MS: 1 ChangeBit-
#35302	NEW    cov: 25 ft: 99 corp: 27/466b lim: 328 exec/s: 0 rss: 34Mb L: 15/34 MS: 2 ChangeBit-PersAutoDict- DE: "4\000\000\000\000\000\000\000"-
#35328	REDUCE cov: 25 ft: 100 corp: 28/481b lim: 328 exec/s: 0 rss: 34Mb L: 15/34 MS: 1 CMP- DE: "\304\000\000\000\000\000\000\000"-
#35343	REDUCE cov: 25 ft: 100 corp: 28/480b lim: 328 exec/s: 0 rss: 34Mb L: 22/34 MS: 5 ChangeBit-ChangeBit-InsertByte-CopyPart-EraseBytes-
#35481	REDUCE cov: 25 ft: 100 corp: 28/471b lim: 328 exec/s: 0 rss: 34Mb L: 17/34 MS: 3 ChangeBinInt-EraseBytes-ChangeBinInt-
#35608	NEW    cov: 25 ft: 101 corp: 29/486b lim: 328 exec/s: 0 rss: 34Mb L: 15/34 MS: 2 ChangeBit-ChangeBinInt-
#35634	NEW    cov: 25 ft: 105 corp: 30/502b lim: 328 exec/s: 0 rss: 34Mb L: 16/34 MS: 1 InsertByte-
#35872	REDUCE cov: 25 ft: 107 corp: 31/518b lim: 328 exec/s: 0 rss: 34Mb L: 16/34 MS: 3 CopyPart-CopyPart-CopyPart-
#36625	REDUCE cov: 25 ft: 107 corp: 31/513b lim: 328 exec/s: 0 rss: 35Mb L: 15/34 MS: 3 ChangeASCIIInt-ChangeBinInt-EraseBytes-
#36930	REDUCE cov: 25 ft: 109 corp: 32/531b lim: 328 exec/s: 0 rss: 35Mb L: 18/34 MS: 5 EraseBytes-ShuffleBytes-CopyPart-ChangeBit-ChangeBinInt-
#37251	NEW    cov: 25 ft: 110 corp: 33/549b lim: 328 exec/s: 0 rss: 35Mb L: 18/34 MS: 1 ChangeBit-
#37483	NEW    cov: 25 ft: 112 corp: 34/565b lim: 328 exec/s: 0 rss: 35Mb L: 16/34 MS: 2 ChangeByte-InsertByte-
#37508	REDUCE cov: 25 ft: 112 corp: 34/562b lim: 328 exec/s: 0 rss: 35Mb L: 16/34 MS: 5 ChangeByte-EraseBytes-ShuffleBytes-ChangeByte-PersAutoDict- DE: "\377\377\377\377\377\377\3777"-
#37659	NEW    cov: 25 ft: 113 corp: 35/580b lim: 328 exec/s: 0 rss: 35Mb L: 18/34 MS: 1 ChangeBinInt-
#38313	REDUCE cov: 25 ft: 113 corp: 35/579b lim: 328 exec/s: 0 rss: 35Mb L: 15/34 MS: 4 CMP-EraseBytes-InsertByte-InsertByte- DE: "\000\000\000\000"-
#38522	NEW    cov: 25 ft: 115 corp: 36/595b lim: 328 exec/s: 0 rss: 35Mb L: 16/34 MS: 4 ChangeBit-InsertByte-ChangeBinInt-ChangeByte-
#38804	REDUCE cov: 25 ft: 116 corp: 37/611b lim: 328 exec/s: 0 rss: 35Mb L: 16/34 MS: 2 CopyPart-ChangeBit-
#38875	NEW    cov: 25 ft: 117 corp: 38/629b lim: 328 exec/s: 0 rss: 35Mb L: 18/34 MS: 1 ChangeBinInt-
#39757	REDUCE cov: 25 ft: 117 corp: 38/628b lim: 336 exec/s: 0 rss: 35Mb L: 15/34 MS: 2 CopyPart-EraseBytes-
#40605	NEW    cov: 25 ft: 118 corp: 39/646b lim: 344 exec/s: 0 rss: 35Mb L: 18/34 MS: 3 ChangeBinInt-CrossOver-ChangeByte-
#40860	NEW    cov: 25 ft: 120 corp: 40/666b lim: 344 exec/s: 0 rss: 35Mb L: 20/34 MS: 5 CMP-ChangeBit-PersAutoDict-EraseBytes-InsertByte- DE: "\015\000\000\000\000\000\000\000"-"4\000\000\000\000\000\000\000"-
#41506	NEW    cov: 25 ft: 121 corp: 41/686b lim: 344 exec/s: 0 rss: 35Mb L: 20/34 MS: 1 ChangeByte-
#41619	REDUCE cov: 25 ft: 121 corp: 41/684b lim: 344 exec/s: 0 rss: 35Mb L: 18/34 MS: 3 PersAutoDict-ChangeBinInt-EraseBytes- DE: "\015\000\000\000\000\000\000\000"-
#41796	REDUCE cov: 25 ft: 121 corp: 41/682b lim: 344 exec/s: 0 rss: 35Mb L: 16/34 MS: 2 EraseBytes-ChangeBinInt-
#44012	NEW    cov: 25 ft: 122 corp: 42/700b lim: 360 exec/s: 0 rss: 35Mb L: 18/34 MS: 1 ChangeByte-
#45184	NEW    cov: 25 ft: 123 corp: 43/715b lim: 368 exec/s: 0 rss: 35Mb L: 15/34 MS: 2 ChangeBit-ChangeBit-
#47796	NEW    cov: 25 ft: 124 corp: 44/733b lim: 392 exec/s: 0 rss: 35Mb L: 18/34 MS: 2 CopyPart-ChangeBinInt-
#47811	NEW    cov: 25 ft: 125 corp: 45/753b lim: 392 exec/s: 0 rss: 35Mb L: 20/34 MS: 5 ChangeBit-CMP-CopyPart-ShuffleBytes-EraseBytes- DE: "\001\000"-
#48192	NEW    cov: 25 ft: 126 corp: 46/768b lim: 392 exec/s: 0 rss: 35Mb L: 15/34 MS: 1 ChangeByte-
#48258	NEW    cov: 25 ft: 127 corp: 47/788b lim: 392 exec/s: 0 rss: 35Mb L: 20/34 MS: 1 ChangeBinInt-
#49827	REDUCE cov: 25 ft: 127 corp: 47/787b lim: 400 exec/s: 0 rss: 35Mb L: 16/34 MS: 4 ChangeBit-ChangeBinInt-ChangeBinInt-EraseBytes-
#49872	NEW    cov: 25 ft: 128 corp: 48/802b lim: 400 exec/s: 0 rss: 35Mb L: 15/34 MS: 5 ChangeBit-PersAutoDict-ChangeBit-ChangeBinInt-ChangeBinInt- DE: "\304\000\000\000\000\000\000\000"-
#57689	REDUCE cov: 25 ft: 128 corp: 48/801b lim: 472 exec/s: 0 rss: 35Mb L: 15/34 MS: 2 CopyPart-EraseBytes-
#61567	REDUCE cov: 25 ft: 128 corp: 48/800b lim: 504 exec/s: 0 rss: 35Mb L: 15/34 MS: 3 InsertByte-ChangeByte-EraseBytes-
#66312	REDUCE cov: 25 ft: 128 corp: 48/798b lim: 548 exec/s: 0 rss: 35Mb L: 16/34 MS: 5 ChangeByte-ChangeASCIIInt-InsertByte-ChangeASCIIInt-EraseBytes-
#71430	REDUCE cov: 25 ft: 129 corp: 49/820b lim: 593 exec/s: 0 rss: 35Mb L: 22/34 MS: 3 CopyPart-EraseBytes-ChangeBinInt-
#76702	REDUCE cov: 25 ft: 129 corp: 49/818b lim: 638 exec/s: 0 rss: 35Mb L: 18/34 MS: 2 ChangeBit-EraseBytes-
#78571	REDUCE cov: 25 ft: 129 corp: 49/816b lim: 656 exec/s: 0 rss: 35Mb L: 16/34 MS: 4 ChangeBinInt-CrossOver-InsertByte-EraseBytes-
#78797	NEW    cov: 25 ft: 130 corp: 50/838b lim: 656 exec/s: 0 rss: 35Mb L: 22/34 MS: 1 PersAutoDict- DE: "4\000\000\000\000\000\000\000"-
#83777	REDUCE cov: 25 ft: 130 corp: 50/836b lim: 701 exec/s: 0 rss: 35Mb L: 16/34 MS: 5 PersAutoDict-ChangeBit-PersAutoDict-ChangeBinInt-EraseBytes- DE: "\304\000\000\000\000\000\000\000"-"\000\000\000\000"-
#85568	NEW    cov: 25 ft: 131 corp: 51/851b lim: 710 exec/s: 0 rss: 35Mb L: 15/34 MS: 1 ChangeBit-
#94842	REDUCE cov: 25 ft: 131 corp: 51/847b lim: 800 exec/s: 0 rss: 35Mb L: 16/34 MS: 4 ChangeByte-EraseBytes-InsertByte-ChangeByte-
#105024	NEW    cov: 30 ft: 145 corp: 52/863b lim: 899 exec/s: 0 rss: 35Mb L: 16/34 MS: 2 ChangeASCIIInt-ShuffleBytes-
#110876	NEW    cov: 30 ft: 146 corp: 53/879b lim: 953 exec/s: 0 rss: 35Mb L: 16/34 MS: 2 ChangeBit-CrossOver-
#111097	NEW    cov: 30 ft: 148 corp: 54/895b lim: 953 exec/s: 0 rss: 35Mb L: 16/34 MS: 1 CopyPart-
#111574	NEW    cov: 30 ft: 150 corp: 55/911b lim: 953 exec/s: 0 rss: 35Mb L: 16/34 MS: 2 ShuffleBytes-ChangeBinInt-
#111900	NEW    cov: 30 ft: 152 corp: 56/927b lim: 953 exec/s: 0 rss: 35Mb L: 16/34 MS: 1 ChangeASCIIInt-
#112221	NEW    cov: 30 ft: 154 corp: 57/943b lim: 953 exec/s: 0 rss: 35Mb L: 16/34 MS: 1 ShuffleBytes-
#112697	NEW    cov: 30 ft: 156 corp: 58/959b lim: 953 exec/s: 0 rss: 35Mb L: 16/34 MS: 1 ChangeBit-
#113064	NEW    cov: 30 ft: 158 corp: 59/975b lim: 953 exec/s: 0 rss: 35Mb L: 16/34 MS: 2 ChangeByte-ShuffleBytes-
#113800	NEW    cov: 30 ft: 160 corp: 60/991b lim: 953 exec/s: 0 rss: 35Mb L: 16/34 MS: 1 ChangeByte-
#117221	NEW    cov: 30 ft: 162 corp: 61/1007b lim: 980 exec/s: 0 rss: 35Mb L: 16/34 MS: 1 ShuffleBytes-
#117608	REDUCE cov: 30 ft: 162 corp: 61/1005b lim: 980 exec/s: 0 rss: 35Mb L: 16/34 MS: 2 EraseBytes-ChangeByte-
#118515	NEW    cov: 30 ft: 164 corp: 62/1021b lim: 989 exec/s: 0 rss: 35Mb L: 16/34 MS: 2 ShuffleBytes-ShuffleBytes-
#119420	NEW    cov: 30 ft: 166 corp: 63/1037b lim: 989 exec/s: 0 rss: 35Mb L: 16/34 MS: 5 ShuffleBytes-PersAutoDict-EraseBytes-ChangeBinInt-InsertByte- DE: "\015\000\000\000\000\000\000\000"-
#123261	NEW    cov: 30 ft: 167 corp: 64/1053b lim: 1025 exec/s: 0 rss: 35Mb L: 16/34 MS: 1 ShuffleBytes-
#127315	REDUCE cov: 30 ft: 167 corp: 64/1051b lim: 1065 exec/s: 0 rss: 35Mb L: 16/34 MS: 4 ChangeByte-CMP-PersAutoDict-EraseBytes- DE: "\001\000\000\000"-"\377\377\377\377\377\377\3777"-
#128007	NEW    cov: 30 ft: 169 corp: 65/1067b lim: 1065 exec/s: 0 rss: 35Mb L: 16/34 MS: 2 CopyPart-ChangeBinInt-
#130553	NEW    cov: 30 ft: 170 corp: 66/1083b lim: 1085 exec/s: 0 rss: 35Mb L: 16/34 MS: 1 ChangeASCIIInt-
#132399	NEW    cov: 30 ft: 179 corp: 67/1099b lim: 1095 exec/s: 0 rss: 35Mb L: 16/34 MS: 1 CrossOver-
#137072	NEW    cov: 30 ft: 181 corp: 68/1115b lim: 1135 exec/s: 0 rss: 35Mb L: 16/34 MS: 3 ChangeBit-ChangeASCIIInt-ChangeBit-
#143079	NEW    cov: 30 ft: 183 corp: 69/1131b lim: 1185 exec/s: 0 rss: 35Mb L: 16/34 MS: 2 CrossOver-ChangeBit-
#143902	NEW    cov: 30 ft: 192 corp: 70/1149b lim: 1185 exec/s: 0 rss: 35Mb L: 18/34 MS: 3 CrossOver-InsertByte-CopyPart-
#157223	NEW    cov: 30 ft: 194 corp: 71/1165b lim: 1315 exec/s: 0 rss: 35Mb L: 16/34 MS: 1 ChangeBinInt-
#160575	NEW    cov: 30 ft: 195 corp: 72/1183b lim: 1345 exec/s: 0 rss: 35Mb L: 18/34 MS: 2 ChangeBit-CopyPart-
#161442	NEW    cov: 32 ft: 206 corp: 73/1203b lim: 1345 exec/s: 0 rss: 35Mb L: 20/34 MS: 2 ChangeBinInt-CopyPart-
#161988	NEW    cov: 32 ft: 207 corp: 74/1223b lim: 1345 exec/s: 0 rss: 35Mb L: 20/34 MS: 1 ChangeBit-
#162509	NEW    cov: 32 ft: 208 corp: 75/1243b lim: 1345 exec/s: 0 rss: 35Mb L: 20/34 MS: 1 ChangeByte-
#162595	NEW    cov: 32 ft: 211 corp: 76/1263b lim: 1345 exec/s: 0 rss: 35Mb L: 20/34 MS: 1 ChangeBinInt-
#162756	NEW    cov: 32 ft: 212 corp: 77/1283b lim: 1345 exec/s: 0 rss: 35Mb L: 20/34 MS: 1 ChangeBit-
#163547	NEW    cov: 32 ft: 213 corp: 78/1303b lim: 1345 exec/s: 0 rss: 35Mb L: 20/34 MS: 1 ChangeByte-
#163773	NEW    cov: 32 ft: 214 corp: 79/1323b lim: 1345 exec/s: 0 rss: 35Mb L: 20/34 MS: 1 ChangeBit-
#163955	NEW    cov: 33 ft: 215 corp: 80/1343b lim: 1345 exec/s: 0 rss: 35Mb L: 20/34 MS: 2 ShuffleBytes-ChangeBinInt-
#167036	NEW    cov: 46 ft: 265 corp: 81/1363b lim: 1375 exec/s: 0 rss: 35Mb L: 20/34 MS: 1 ChangeBit-
#167348	NEW    cov: 46 ft: 266 corp: 82/1383b lim: 1375 exec/s: 0 rss: 35Mb L: 20/34 MS: 2 ChangeByte-ShuffleBytes-
#168119	NEW    cov: 46 ft: 267 corp: 83/1403b lim: 1375 exec/s: 0 rss: 35Mb L: 20/34 MS: 1 ChangeBinInt-
#171311	NEW    cov: 46 ft: 268 corp: 84/1423b lim: 1405 exec/s: 0 rss: 35Mb L: 20/34 MS: 2 ChangeASCIIInt-ChangeBit-
#174122	NEW    cov: 46 ft: 270 corp: 85/1443b lim: 1425 exec/s: 0 rss: 35Mb L: 20/34 MS: 1 ChangeBinInt-
#175398	NEW    cov: 47 ft: 273 corp: 86/1463b lim: 1435 exec/s: 0 rss: 35Mb L: 20/34 MS: 1 ChangeByte-
#176159	NEW    cov: 47 ft: 275 corp: 87/1483b lim: 1435 exec/s: 0 rss: 35Mb L: 20/34 MS: 1 ShuffleBytes-
#177766	NEW    cov: 47 ft: 287 corp: 88/1503b lim: 1445 exec/s: 0 rss: 35Mb L: 20/34 MS: 2 CrossOver-CopyPart-
#177867	NEW    cov: 48 ft: 294 corp: 89/1523b lim: 1445 exec/s: 0 rss: 35Mb L: 20/34 MS: 1 ChangeBit-
#180304	NEW    cov: 48 ft: 299 corp: 90/1543b lim: 1465 exec/s: 0 rss: 35Mb L: 20/34 MS: 2 CopyPart-ChangeBit-
#182332	NEW    cov: 48 ft: 300 corp: 91/1563b lim: 1485 exec/s: 0 rss: 35Mb L: 20/34 MS: 3 ChangeASCIIInt-ShuffleBytes-ChangeASCIIInt-
#184588	NEW    cov: 48 ft: 301 corp: 92/1583b lim: 1505 exec/s: 0 rss: 35Mb L: 20/34 MS: 1 ChangeBit-
#185279	NEW    cov: 48 ft: 304 corp: 93/1603b lim: 1505 exec/s: 0 rss: 35Mb L: 20/34 MS: 1 ShuffleBytes-
#185986	REDUCE cov: 48 ft: 304 corp: 93/1601b lim: 1505 exec/s: 0 rss: 35Mb L: 18/34 MS: 2 EraseBytes-ChangeBinInt-
#186072	NEW    cov: 48 ft: 307 corp: 94/1621b lim: 1505 exec/s: 0 rss: 35Mb L: 20/34 MS: 1 ChangeBit-
#188248	NEW    cov: 48 ft: 310 corp: 95/1641b lim: 1525 exec/s: 0 rss: 35Mb L: 20/34 MS: 1 ChangeBit-
#189353	REDUCE cov: 48 ft: 310 corp: 95/1640b lim: 1535 exec/s: 0 rss: 35Mb L: 20/34 MS: 5 CopyPart-EraseBytes-ShuffleBytes-PersAutoDict-PersAutoDict- DE: "\377\377\377\377\377\377\3777"-"\377\377\377\377"-
#190164	NEW    cov: 48 ft: 311 corp: 96/1660b lim: 1535 exec/s: 0 rss: 35Mb L: 20/34 MS: 1 ChangeASCIIInt-
#191483	REDUCE cov: 48 ft: 311 corp: 96/1658b lim: 1545 exec/s: 0 rss: 35Mb L: 16/34 MS: 4 CrossOver-CopyPart-PersAutoDict-EraseBytes- DE: "\304\000\000\000\000\000\000\000"-
#196149	NEW    cov: 48 ft: 313 corp: 97/1678b lim: 1585 exec/s: 0 rss: 35Mb L: 20/34 MS: 1 ChangeBit-
#200350	NEW    cov: 48 ft: 314 corp: 98/1698b lim: 1625 exec/s: 0 rss: 35Mb L: 20/34 MS: 1 ChangeBit-
#200982	NEW    cov: 48 ft: 316 corp: 99/1718b lim: 1625 exec/s: 0 rss: 35Mb L: 20/34 MS: 2 CopyPart-CopyPart-
#202889	NEW    cov: 48 ft: 318 corp: 100/1738b lim: 1635 exec/s: 0 rss: 35Mb L: 20/34 MS: 2 ChangeByte-ShuffleBytes-
#211085	NEW    cov: 48 ft: 319 corp: 101/1758b lim: 1715 exec/s: 0 rss: 35Mb L: 20/34 MS: 1 ChangeBit-
#213732	NEW    cov: 48 ft: 320 corp: 102/1778b lim: 1735 exec/s: 0 rss: 35Mb L: 20/34 MS: 2 CrossOver-ShuffleBytes-
#215800	NEW    cov: 48 ft: 322 corp: 103/1798b lim: 1755 exec/s: 0 rss: 35Mb L: 20/34 MS: 3 ChangeASCIIInt-ChangeByte-ChangeBinInt-
#216842	REDUCE cov: 48 ft: 322 corp: 103/1795b lim: 1765 exec/s: 0 rss: 35Mb L: 19/34 MS: 2 EraseBytes-CopyPart-
#226398	NEW    cov: 48 ft: 324 corp: 104/1815b lim: 1855 exec/s: 0 rss: 35Mb L: 20/34 MS: 1 ChangeBit-
#236009	NEW    cov: 48 ft: 326 corp: 105/1835b lim: 1945 exec/s: 0 rss: 35Mb L: 20/34 MS: 1 ChangeByte-
#237542	NEW    cov: 48 ft: 327 corp: 106/1855b lim: 1955 exec/s: 0 rss: 35Mb L: 20/34 MS: 3 ChangeBit-ChangeBinInt-CrossOver-
#241998	NEW    cov: 49 ft: 332 corp: 107/1871b lim: 1995 exec/s: 0 rss: 35Mb L: 16/34 MS: 1 ChangeByte-
#242139	NEW    cov: 49 ft: 333 corp: 108/1887b lim: 1995 exec/s: 0 rss: 35Mb L: 16/34 MS: 1 ChangeBit-
#242576	NEW    cov: 49 ft: 335 corp: 109/1903b lim: 1995 exec/s: 0 rss: 35Mb L: 16/34 MS: 2 ChangeASCIIInt-ChangeBit-
#243377	NEW    cov: 49 ft: 336 corp: 110/1919b lim: 1995 exec/s: 0 rss: 35Mb L: 16/34 MS: 1 ChangeASCIIInt-
#244198	NEW    cov: 49 ft: 337 corp: 111/1935b lim: 1995 exec/s: 0 rss: 35Mb L: 16/34 MS: 1 ChangeASCIIInt-
#244754	NEW    cov: 49 ft: 338 corp: 112/1951b lim: 1995 exec/s: 0 rss: 35Mb L: 16/34 MS: 1 ChangeBit-
#245590	REDUCE cov: 49 ft: 338 corp: 112/1948b lim: 1995 exec/s: 0 rss: 35Mb L: 17/34 MS: 1 EraseBytes-
#247046	NEW    cov: 49 ft: 339 corp: 113/1964b lim: 2005 exec/s: 0 rss: 35Mb L: 16/34 MS: 1 ChangeBit-
#248222	NEW    cov: 49 ft: 340 corp: 114/1980b lim: 2015 exec/s: 0 rss: 35Mb L: 16/34 MS: 1 ChangeASCIIInt-
#254993	NEW    cov: 49 ft: 341 corp: 115/1996b lim: 2077 exec/s: 0 rss: 35Mb L: 16/34 MS: 1 ShuffleBytes-
#259794	NEW    cov: 49 ft: 342 corp: 116/2012b lim: 2121 exec/s: 0 rss: 35Mb L: 16/34 MS: 1 ShuffleBytes-
#260965	NEW    cov: 49 ft: 343 corp: 117/2032b lim: 2132 exec/s: 0 rss: 35Mb L: 20/34 MS: 1 CrossOver-
#261530	NEW    cov: 49 ft: 344 corp: 118/2048b lim: 2132 exec/s: 0 rss: 35Mb L: 16/34 MS: 5 ChangeBit-ChangeBit-ChangeByte-ChangeByte-ShuffleBytes-
#262681	NEW    cov: 49 ft: 345 corp: 119/2068b lim: 2143 exec/s: 0 rss: 35Mb L: 20/34 MS: 1 CopyPart-
#264202	NEW    cov: 49 ft: 346 corp: 120/2084b lim: 2154 exec/s: 0 rss: 35Mb L: 16/34 MS: 1 ChangeBinInt-
#264258	NEW    cov: 49 ft: 347 corp: 121/2104b lim: 2154 exec/s: 0 rss: 35Mb L: 20/34 MS: 1 ChangeBinInt-
#265734	NEW    cov: 49 ft: 348 corp: 122/2120b lim: 2165 exec/s: 0 rss: 35Mb L: 16/34 MS: 1 ShuffleBytes-
#265736	NEW    cov: 49 ft: 349 corp: 123/2140b lim: 2165 exec/s: 0 rss: 35Mb L: 20/34 MS: 2 ChangeByte-ShuffleBytes-
#267817	NEW    cov: 49 ft: 350 corp: 124/2160b lim: 2176 exec/s: 0 rss: 35Mb L: 20/34 MS: 1 ChangeBinInt-
#270413	NEW    cov: 49 ft: 351 corp: 125/2180b lim: 2198 exec/s: 0 rss: 35Mb L: 20/34 MS: 1 ChangeBinInt-
#283460	NEW    cov: 49 ft: 352 corp: 126/2200b lim: 2319 exec/s: 0 rss: 35Mb L: 20/34 MS: 2 CopyPart-ShuffleBytes-
#288106	NEW    cov: 49 ft: 353 corp: 127/2216b lim: 2363 exec/s: 0 rss: 35Mb L: 16/34 MS: 1 ChangeASCIIInt-
#288168	REDUCE cov: 49 ft: 353 corp: 127/2214b lim: 2363 exec/s: 0 rss: 35Mb L: 18/34 MS: 2 EraseBytes-ChangeByte-
#291427	REDUCE cov: 49 ft: 353 corp: 127/2212b lim: 2385 exec/s: 0 rss: 35Mb L: 18/34 MS: 4 ShuffleBytes-EraseBytes-ChangeASCIIInt-CMP- DE: "\377@"-
#295849	NEW    cov: 49 ft: 354 corp: 128/2232b lim: 2429 exec/s: 0 rss: 35Mb L: 20/34 MS: 2 ChangeASCIIInt-ChangeBinInt-
#302186	NEW    cov: 49 ft: 355 corp: 129/2248b lim: 2484 exec/s: 0 rss: 35Mb L: 16/34 MS: 2 ChangeBit-ChangeBit-
#309878	REDUCE cov: 49 ft: 356 corp: 130/2266b lim: 2550 exec/s: 0 rss: 35Mb L: 18/34 MS: 2 PersAutoDict-ShuffleBytes- DE: "\000\000\000\000"-
#310524	NEW    cov: 49 ft: 357 corp: 131/2282b lim: 2550 exec/s: 0 rss: 35Mb L: 16/34 MS: 1 ChangeBinInt-
#313940	NEW    cov: 49 ft: 358 corp: 132/2298b lim: 2583 exec/s: 0 rss: 35Mb L: 16/34 MS: 1 ChangeASCIIInt-
#318064	REDUCE cov: 49 ft: 358 corp: 132/2296b lim: 2616 exec/s: 0 rss: 35Mb L: 18/34 MS: 4 CopyPart-EraseBytes-ChangeBit-ChangeBit-
#318870	NEW    cov: 49 ft: 359 corp: 133/2316b lim: 2616 exec/s: 0 rss: 35Mb L: 20/34 MS: 1 CopyPart-
#321571	REDUCE cov: 49 ft: 360 corp: 134/2334b lim: 2638 exec/s: 0 rss: 35Mb L: 18/34 MS: 1 CopyPart-
#325027	NEW    cov: 49 ft: 361 corp: 135/2352b lim: 2671 exec/s: 0 rss: 35Mb L: 18/34 MS: 1 ChangeBit-
#326774	NEW    cov: 49 ft: 362 corp: 136/2370b lim: 2682 exec/s: 0 rss: 35Mb L: 18/34 MS: 2 ChangeASCIIInt-CopyPart-
#327295	NEW    cov: 49 ft: 363 corp: 137/2390b lim: 2682 exec/s: 0 rss: 35Mb L: 20/34 MS: 1 ChangeBinInt-
#337926	NEW    cov: 49 ft: 364 corp: 138/2410b lim: 2781 exec/s: 0 rss: 35Mb L: 20/34 MS: 1 ChangeByte-
#351003	REDUCE cov: 49 ft: 364 corp: 138/2408b lim: 2902 exec/s: 0 rss: 35Mb L: 16/34 MS: 2 EraseBytes-CopyPart-
#359797	REDUCE cov: 49 ft: 364 corp: 138/2406b lim: 2979 exec/s: 0 rss: 35Mb L: 16/34 MS: 4 CrossOver-ChangeBinInt-ChangeASCIIInt-EraseBytes-
#387108	NEW    cov: 49 ft: 365 corp: 139/2424b lim: 3243 exec/s: 0 rss: 35Mb L: 18/34 MS: 1 ShuffleBytes-
#396697	REDUCE cov: 49 ft: 365 corp: 139/2422b lim: 3331 exec/s: 396697 rss: 35Mb L: 18/34 MS: 5 ChangeASCIIInt-InsertByte-CopyPart-EraseBytes-InsertByte-
#411214	REDUCE cov: 49 ft: 365 corp: 139/2420b lim: 3474 exec/s: 411214 rss: 36Mb L: 16/34 MS: 2 EraseBytes-ChangeByte-
#433291	NEW    cov: 49 ft: 366 corp: 140/2438b lim: 3683 exec/s: 433291 rss: 36Mb L: 18/34 MS: 2 ChangeBinInt-CopyPart-
#435097	NEW    cov: 49 ft: 367 corp: 141/2456b lim: 3694 exec/s: 435097 rss: 36Mb L: 18/34 MS: 1 ShuffleBytes-
#447273	NEW    cov: 49 ft: 368 corp: 142/2474b lim: 3815 exec/s: 447273 rss: 36Mb L: 18/34 MS: 1 ChangeBinInt-
#449093	REDUCE cov: 49 ft: 368 corp: 142/2472b lim: 3826 exec/s: 449093 rss: 36Mb L: 16/34 MS: 5 ChangeBit-ChangeByte-ChangeASCIIInt-EraseBytes-InsertByte-
#453540	REDUCE cov: 49 ft: 368 corp: 142/2470b lim: 3870 exec/s: 453540 rss: 36Mb L: 18/34 MS: 2 EraseBytes-InsertByte-
#476608	REDUCE cov: 49 ft: 368 corp: 142/2468b lim: 4090 exec/s: 476608 rss: 36Mb L: 18/34 MS: 3 ChangeBinInt-ChangeByte-EraseBytes-
#479496	REDUCE cov: 49 ft: 368 corp: 142/2466b lim: 4096 exec/s: 479496 rss: 36Mb L: 16/34 MS: 3 ChangeBinInt-PersAutoDict-EraseBytes- DE: "\377\377\377\377\377\377\3777"-
#489287	NEW    cov: 49 ft: 369 corp: 143/2484b lim: 4096 exec/s: 489287 rss: 36Mb L: 18/34 MS: 1 CopyPart-
#490413	NEW    cov: 49 ft: 371 corp: 144/2502b lim: 4096 exec/s: 490413 rss: 36Mb L: 18/34 MS: 1 ChangeASCIIInt-
#500119	NEW    cov: 49 ft: 372 corp: 145/2520b lim: 4096 exec/s: 500119 rss: 36Mb L: 18/34 MS: 1 ChangeBit-
#502251	NEW    cov: 49 ft: 373 corp: 146/2538b lim: 4096 exec/s: 502251 rss: 36Mb L: 18/34 MS: 2 ChangeBit-ChangeBit-
#502757	NEW    cov: 49 ft: 374 corp: 147/2556b lim: 4096 exec/s: 502757 rss: 36Mb L: 18/34 MS: 1 ChangeASCIIInt-
#505988	NEW    cov: 49 ft: 375 corp: 148/2574b lim: 4096 exec/s: 505988 rss: 36Mb L: 18/34 MS: 1 CopyPart-
#507549	NEW    cov: 49 ft: 376 corp: 149/2592b lim: 4096 exec/s: 507549 rss: 36Mb L: 18/34 MS: 1 ChangeASCIIInt-
#511206	NEW    cov: 49 ft: 377 corp: 150/2610b lim: 4096 exec/s: 511206 rss: 36Mb L: 18/34 MS: 2 ChangeBit-CopyPart-
#511572	NEW    cov: 49 ft: 378 corp: 151/2628b lim: 4096 exec/s: 511572 rss: 36Mb L: 18/34 MS: 1 ChangeASCIIInt-
#527313	NEW    cov: 49 ft: 379 corp: 152/2646b lim: 4096 exec/s: 527313 rss: 36Mb L: 18/34 MS: 1 ChangeASCIIInt-
#532524	NEW    cov: 49 ft: 380 corp: 153/2664b lim: 4096 exec/s: 532524 rss: 36Mb L: 18/34 MS: 1 CopyPart-
#532582	NEW    cov: 49 ft: 382 corp: 154/2682b lim: 4096 exec/s: 532582 rss: 36Mb L: 18/34 MS: 3 ChangeByte-ShuffleBytes-ChangeASCIIInt-
#534608	NEW    cov: 49 ft: 383 corp: 155/2700b lim: 4096 exec/s: 534608 rss: 36Mb L: 18/34 MS: 1 ShuffleBytes-
#536189	NEW    cov: 49 ft: 384 corp: 156/2718b lim: 4096 exec/s: 536189 rss: 36Mb L: 18/34 MS: 1 ChangeBit-
#537015	NEW    cov: 49 ft: 385 corp: 157/2736b lim: 4096 exec/s: 537015 rss: 36Mb L: 18/34 MS: 1 CopyPart-
#537836	NEW    cov: 49 ft: 386 corp: 158/2754b lim: 4096 exec/s: 537836 rss: 36Mb L: 18/34 MS: 1 ChangeBit-
#559981	REDUCE cov: 49 ft: 386 corp: 158/2752b lim: 4096 exec/s: 559981 rss: 36Mb L: 18/34 MS: 5 ChangeASCIIInt-PersAutoDict-CopyPart-ShuffleBytes-EraseBytes- DE: "\377\377\377\377"-
#590662	NEW    cov: 49 ft: 388 corp: 159/2772b lim: 4096 exec/s: 590662 rss: 36Mb L: 20/34 MS: 1 CrossOver-
#604269	REDUCE cov: 49 ft: 388 corp: 159/2770b lim: 4096 exec/s: 604269 rss: 36Mb L: 16/34 MS: 2 ChangeByte-EraseBytes-
#621162	REDUCE cov: 49 ft: 388 corp: 159/2768b lim: 4096 exec/s: 621162 rss: 36Mb L: 16/34 MS: 3 ChangeASCIIInt-InsertByte-EraseBytes-
#654909	REDUCE cov: 49 ft: 388 corp: 159/2766b lim: 4096 exec/s: 654909 rss: 36Mb L: 18/34 MS: 2 CrossOver-EraseBytes-
#662207	REDUCE cov: 49 ft: 388 corp: 159/2764b lim: 4096 exec/s: 662207 rss: 36Mb L: 16/34 MS: 3 ChangeByte-EraseBytes-PersAutoDict- DE: "\001\000"-
#664268	NEW    cov: 49 ft: 390 corp: 160/2784b lim: 4096 exec/s: 664268 rss: 36Mb L: 20/34 MS: 1 ChangeBinInt-
#725447	REDUCE cov: 49 ft: 390 corp: 160/2782b lim: 4096 exec/s: 725447 rss: 36Mb L: 16/34 MS: 4 EraseBytes-ChangeBit-ChangeBit-CrossOver-
#734679	NEW    cov: 49 ft: 393 corp: 161/2802b lim: 4096 exec/s: 734679 rss: 36Mb L: 20/34 MS: 2 ChangeBit-ChangeASCIIInt-
#748778	REDUCE cov: 49 ft: 395 corp: 162/2822b lim: 4096 exec/s: 748778 rss: 36Mb L: 20/34 MS: 4 ChangeBit-CopyPart-ShuffleBytes-PersAutoDict- DE: "\377\377\377\377"-
#749464	NEW    cov: 49 ft: 396 corp: 163/2842b lim: 4096 exec/s: 749464 rss: 36Mb L: 20/34 MS: 1 ChangeBit-
#781316	REDUCE cov: 49 ft: 396 corp: 163/2840b lim: 4096 exec/s: 781316 rss: 36Mb L: 16/34 MS: 2 CMP-EraseBytes- DE: "\3776"-
#812246	NEW    cov: 49 ft: 397 corp: 164/2856b lim: 4096 exec/s: 812246 rss: 36Mb L: 16/34 MS: 5 ChangeBinInt-CrossOver-ChangeBinInt-ShuffleBytes-EraseBytes-
#816328	REDUCE cov: 49 ft: 397 corp: 164/2855b lim: 4096 exec/s: 408164 rss: 36Mb L: 15/34 MS: 2 ChangeASCIIInt-EraseBytes-
#822847	REDUCE cov: 49 ft: 397 corp: 164/2853b lim: 4096 exec/s: 411423 rss: 36Mb L: 18/34 MS: 4 EraseBytes-CrossOver-ChangeByte-ChangeBinInt-
#885894	REDUCE cov: 49 ft: 397 corp: 164/2851b lim: 4096 exec/s: 442947 rss: 36Mb L: 16/34 MS: 2 EraseBytes-InsertByte-
#891996	REDUCE cov: 49 ft: 397 corp: 164/2849b lim: 4096 exec/s: 445998 rss: 36Mb L: 16/34 MS: 2 EraseBytes-ChangeByte-
#908636	REDUCE cov: 49 ft: 397 corp: 164/2847b lim: 4096 exec/s: 454318 rss: 36Mb L: 15/34 MS: 5 EraseBytes-ChangeByte-CrossOver-CopyPart-CMP- DE: "b\000"-
#916939	REDUCE cov: 49 ft: 397 corp: 164/2845b lim: 4096 exec/s: 458469 rss: 36Mb L: 16/34 MS: 3 InsertByte-ChangeBit-EraseBytes-
#951255	REDUCE cov: 49 ft: 398 corp: 165/2861b lim: 4096 exec/s: 475627 rss: 36Mb L: 16/34 MS: 1 ChangeByte-
#953923	NEW    cov: 49 ft: 399 corp: 166/2877b lim: 4096 exec/s: 476961 rss: 36Mb L: 16/34 MS: 3 CopyPart-ChangeByte-ChangeBit-
#962729	REDUCE cov: 49 ft: 399 corp: 166/2876b lim: 4096 exec/s: 481364 rss: 36Mb L: 15/34 MS: 1 EraseBytes-
#968595	NEW    cov: 49 ft: 400 corp: 167/2896b lim: 4096 exec/s: 484297 rss: 36Mb L: 20/34 MS: 1 CrossOver-
#1018928	NEW    cov: 49 ft: 401 corp: 168/2929b lim: 4096 exec/s: 509464 rss: 36Mb L: 33/34 MS: 3 EraseBytes-EraseBytes-InsertRepeatedBytes-
#1042160	REDUCE cov: 49 ft: 401 corp: 168/2927b lim: 4096 exec/s: 521080 rss: 36Mb L: 16/34 MS: 2 PersAutoDict-EraseBytes- DE: "\377\377\377\377"-
#1048576	pulse  cov: 49 ft: 401 corp: 168/2927b lim: 4096 exec/s: 524288 rss: 36Mb
#1076100	NEW    cov: 49 ft: 402 corp: 169/2945b lim: 4096 exec/s: 538050 rss: 36Mb L: 18/34 MS: 5 ChangeASCIIInt-ChangeByte-ShuffleBytes-ChangeByte-ChangeBinInt-
#1079198	REDUCE cov: 49 ft: 402 corp: 169/2943b lim: 4096 exec/s: 539599 rss: 36Mb L: 16/34 MS: 3 ChangeBit-CrossOver-EraseBytes-
#1098783	REDUCE cov: 49 ft: 402 corp: 169/2941b lim: 4096 exec/s: 549391 rss: 36Mb L: 16/34 MS: 5 ChangeASCIIInt-ChangeASCIIInt-CopyPart-EraseBytes-ChangeByte-
#1132540	REDUCE cov: 49 ft: 402 corp: 169/2939b lim: 4096 exec/s: 566270 rss: 36Mb L: 16/34 MS: 2 InsertByte-EraseBytes-
#1175517	NEW    cov: 49 ft: 404 corp: 170/2959b lim: 4096 exec/s: 587758 rss: 36Mb L: 20/34 MS: 2 ChangeASCIIInt-ChangeByte-
#1215690	REDUCE cov: 49 ft: 404 corp: 170/2957b lim: 4096 exec/s: 607845 rss: 36Mb L: 16/34 MS: 3 CopyPart-ChangeByte-EraseBytes-
#1268558	REDUCE cov: 49 ft: 404 corp: 170/2955b lim: 4096 exec/s: 422852 rss: 36Mb L: 16/34 MS: 3 InsertByte-ChangeASCIIInt-EraseBytes-
#1270752	REDUCE cov: 49 ft: 404 corp: 170/2953b lim: 4096 exec/s: 423584 rss: 36Mb L: 16/34 MS: 4 ChangeASCIIInt-InsertRepeatedBytes-ChangeBinInt-EraseBytes-
#1302356	REDUCE cov: 49 ft: 404 corp: 170/2951b lim: 4096 exec/s: 434118 rss: 36Mb L: 18/34 MS: 4 ChangeBinInt-PersAutoDict-ChangeASCIIInt-EraseBytes- DE: "\3776"-
#1480638	REDUCE cov: 49 ft: 404 corp: 170/2949b lim: 4096 exec/s: 493546 rss: 36Mb L: 16/34 MS: 2 EraseBytes-CMP- DE: "\3771"-
#1503900	REDUCE cov: 49 ft: 404 corp: 170/2947b lim: 4096 exec/s: 501300 rss: 36Mb L: 16/34 MS: 2 EraseBytes-InsertByte-
#1522972	REDUCE cov: 49 ft: 404 corp: 170/2945b lim: 4096 exec/s: 507657 rss: 36Mb L: 18/34 MS: 2 EraseBytes-PersAutoDict- DE: "\377@"-
#1635241	REDUCE cov: 49 ft: 404 corp: 170/2944b lim: 4096 exec/s: 545080 rss: 36Mb L: 15/34 MS: 4 CrossOver-CopyPart-EraseBytes-ChangeBit-
#1727129	REDUCE cov: 49 ft: 404 corp: 170/2942b lim: 4096 exec/s: 431782 rss: 36Mb L: 16/34 MS: 3 ChangeByte-CrossOver-EraseBytes-
#1800266	NEW    cov: 50 ft: 410 corp: 171/2965b lim: 4096 exec/s: 450066 rss: 36Mb L: 23/34 MS: 2 ChangeBit-CopyPart-
#2097152	pulse  cov: 50 ft: 410 corp: 171/2965b lim: 4096 exec/s: 524288 rss: 36Mb
#2151960	REDUCE cov: 50 ft: 410 corp: 171/2961b lim: 4096 exec/s: 430392 rss: 36Mb L: 16/34 MS: 4 EraseBytes-PersAutoDict-ChangeASCIIInt-InsertByte- DE: "b\000"-
#2336127	REDUCE cov: 50 ft: 410 corp: 171/2959b lim: 4096 exec/s: 467225 rss: 36Mb L: 16/34 MS: 2 PersAutoDict-EraseBytes- DE: "\3771"-
#2339763	NEW    cov: 50 ft: 412 corp: 172/2979b lim: 4096 exec/s: 467952 rss: 36Mb L: 20/34 MS: 1 CrossOver-
#2726308	NEW    cov: 50 ft: 413 corp: 173/2999b lim: 4096 exec/s: 454384 rss: 36Mb L: 20/34 MS: 5 InsertRepeatedBytes-ChangeBit-ChangeBit-EraseBytes-EraseBytes-
#3097177	REDUCE cov: 50 ft: 413 corp: 173/2997b lim: 4096 exec/s: 442453 rss: 36Mb L: 16/34 MS: 4 ChangeByte-ChangeByte-ChangeByte-EraseBytes-
#3309136	REDUCE cov: 50 ft: 413 corp: 173/2996b lim: 4096 exec/s: 472733 rss: 36Mb L: 15/34 MS: 4 ShuffleBytes-ChangeBit-ChangeBinInt-EraseBytes-
#3441458	NEW    cov: 50 ft: 414 corp: 174/3016b lim: 4096 exec/s: 491636 rss: 36Mb L: 20/34 MS: 2 ShuffleBytes-ShuffleBytes-
#3538338	REDUCE cov: 50 ft: 414 corp: 174/3014b lim: 4096 exec/s: 442292 rss: 36Mb L: 16/34 MS: 5 InsertByte-EraseBytes-ChangeASCIIInt-ChangeASCIIInt-PersAutoDict- DE: "\377@"-
#3588885	NEW    cov: 50 ft: 415 corp: 175/3034b lim: 4096 exec/s: 448610 rss: 36Mb L: 20/34 MS: 2 CopyPart-ChangeByte-
#3627374	NEW    cov: 50 ft: 416 corp: 176/3054b lim: 4096 exec/s: 453421 rss: 36Mb L: 20/34 MS: 4 ChangeASCIIInt-ChangeBit-ShuffleBytes-ChangeByte-
#3627976	NEW    cov: 50 ft: 417 corp: 177/3074b lim: 4096 exec/s: 453497 rss: 36Mb L: 20/34 MS: 2 CMP-CrossOver- DE: "\001A"-
#3958192	NEW    cov: 50 ft: 418 corp: 178/3108b lim: 4096 exec/s: 439799 rss: 36Mb L: 34/34 MS: 1 InsertRepeatedBytes-
#3959498	REDUCE cov: 50 ft: 418 corp: 178/3107b lim: 4096 exec/s: 439944 rss: 36Mb L: 33/34 MS: 1 EraseBytes-
#3962819	REDUCE cov: 50 ft: 418 corp: 178/3106b lim: 4096 exec/s: 440313 rss: 36Mb L: 32/34 MS: 1 EraseBytes-
#4092131	NEW    cov: 50 ft: 419 corp: 179/3122b lim: 4096 exec/s: 454681 rss: 36Mb L: 16/34 MS: 2 ChangeByte-ChangeASCIIInt-
#4142071	REDUCE cov: 50 ft: 419 corp: 179/3120b lim: 4096 exec/s: 460230 rss: 36Mb L: 16/34 MS: 5 CMP-ChangeBit-ChangeBit-ChangeByte-EraseBytes- DE: "\377\377\377\377\377\377\377\020"-
#4145975	REDUCE cov: 50 ft: 419 corp: 179/3118b lim: 4096 exec/s: 460663 rss: 36Mb L: 16/34 MS: 4 ChangeBit-ShuffleBytes-ChangeBit-EraseBytes-
#4194304	pulse  cov: 50 ft: 419 corp: 179/3118b lim: 4096 exec/s: 466033 rss: 36Mb
#4318848	REDUCE cov: 50 ft: 419 corp: 179/3117b lim: 4096 exec/s: 479872 rss: 36Mb L: 15/34 MS: 3 EraseBytes-InsertByte-ChangeBit-
#4393418	REDUCE cov: 50 ft: 419 corp: 179/3115b lim: 4096 exec/s: 439341 rss: 36Mb L: 16/34 MS: 5 InsertByte-EraseBytes-CopyPart-ChangeASCIIInt-ChangeBinInt-
#5046224	NEW    cov: 50 ft: 420 corp: 180/3135b lim: 4096 exec/s: 458747 rss: 36Mb L: 20/34 MS: 1 CopyPart-
#5154149	NEW    cov: 50 ft: 422 corp: 181/3155b lim: 4096 exec/s: 468559 rss: 36Mb L: 20/34 MS: 5 ChangeBit-ShuffleBytes-ChangeBit-ShuffleBytes-CopyPart-
#5437176	NEW    cov: 50 ft: 423 corp: 182/3175b lim: 4096 exec/s: 453098 rss: 36Mb L: 20/34 MS: 2 CopyPart-CopyPart-
#5539659	REDUCE cov: 50 ft: 423 corp: 182/3173b lim: 4096 exec/s: 461638 rss: 36Mb L: 16/34 MS: 3 ChangeBit-EraseBytes-CrossOver-
#6037766	REDUCE cov: 50 ft: 423 corp: 182/3171b lim: 4096 exec/s: 464443 rss: 36Mb L: 16/34 MS: 2 EraseBytes-ChangeBit-
#6042880	REDUCE cov: 50 ft: 423 corp: 182/3169b lim: 4096 exec/s: 464836 rss: 36Mb L: 16/34 MS: 4 InsertByte-ChangeByte-EraseBytes-CopyPart-
#6561476	NEW    cov: 50 ft: 424 corp: 183/3189b lim: 4096 exec/s: 437431 rss: 36Mb L: 20/34 MS: 1 CopyPart-
#7015738	NEW    cov: 50 ft: 425 corp: 184/3209b lim: 4096 exec/s: 438483 rss: 36Mb L: 20/34 MS: 2 CopyPart-ChangeBit-
#7242195	REDUCE cov: 50 ft: 425 corp: 184/3207b lim: 4096 exec/s: 452637 rss: 36Mb L: 18/34 MS: 2 ChangeByte-EraseBytes-
#7332549	REDUCE cov: 50 ft: 425 corp: 184/3206b lim: 4096 exec/s: 458284 rss: 36Mb L: 15/34 MS: 4 ChangeBit-PersAutoDict-ChangeByte-EraseBytes- DE: "\377@"-
#7427687	REDUCE cov: 50 ft: 425 corp: 184/3205b lim: 4096 exec/s: 436922 rss: 36Mb L: 15/34 MS: 3 EraseBytes-ChangeBit-CopyPart-
#8388608	pulse  cov: 50 ft: 425 corp: 184/3205b lim: 4096 exec/s: 441505 rss: 36Mb
#8634876	REDUCE cov: 50 ft: 425 corp: 184/3204b lim: 4096 exec/s: 454467 rss: 36Mb L: 15/34 MS: 4 CMP-ShuffleBytes-ChangeBit-EraseBytes- DE: "\377\377\377\377\007j\262\034"-
#8869043	REDUCE cov: 50 ft: 425 corp: 184/3202b lim: 4096 exec/s: 443452 rss: 36Mb L: 16/34 MS: 2 EraseBytes-ChangeByte-
#9045583	REDUCE cov: 50 ft: 425 corp: 184/3200b lim: 4096 exec/s: 452279 rss: 36Mb L: 16/34 MS: 5 InsertRepeatedBytes-ShuffleBytes-PersAutoDict-EraseBytes-ChangeBit- DE: "\377\377\377\377\377\377\3777"-
#12075456	NEW    cov: 50 ft: 428 corp: 185/3222b lim: 4096 exec/s: 447239 rss: 36Mb L: 22/34 MS: 3 CopyPart-EraseBytes-ChangeBit-
#12273208	REDUCE cov: 50 ft: 428 corp: 185/3220b lim: 4096 exec/s: 438328 rss: 36Mb L: 16/34 MS: 2 InsertByte-EraseBytes-
#13129258	REDUCE cov: 50 ft: 428 corp: 185/3218b lim: 4096 exec/s: 437641 rss: 36Mb L: 16/34 MS: 5 EraseBytes-ChangeASCIIInt-ChangeBit-CopyPart-InsertByte-
#14059275	REDUCE cov: 50 ft: 428 corp: 185/3216b lim: 4096 exec/s: 439352 rss: 36Mb L: 16/34 MS: 2 EraseBytes-CrossOver-
#16777216	pulse  cov: 50 ft: 428 corp: 185/3216b lim: 4096 exec/s: 441505 rss: 36Mb
#17052028	REDUCE cov: 50 ft: 428 corp: 185/3214b lim: 4096 exec/s: 448737 rss: 36Mb L: 16/34 MS: 3 ChangeASCIIInt-EraseBytes-CopyPart-
#18014666	REDUCE cov: 50 ft: 428 corp: 185/3213b lim: 4096 exec/s: 439382 rss: 36Mb L: 15/34 MS: 3 ChangeBit-ChangeBinInt-EraseBytes-
#20975959	NEW    cov: 50 ft: 429 corp: 186/3240b lim: 4096 exec/s: 446297 rss: 37Mb L: 27/34 MS: 3 CrossOver-ChangeByte-EraseBytes-
#21157161	REDUCE cov: 50 ft: 429 corp: 186/3238b lim: 4096 exec/s: 440774 rss: 37Mb L: 20/34 MS: 2 EraseBytes-ChangeBit-
#21451584	REDUCE cov: 50 ft: 429 corp: 186/3237b lim: 4096 exec/s: 446908 rss: 37Mb L: 15/34 MS: 3 EraseBytes-PersAutoDict-ChangeBit- DE: "\377@"-
#21669986	REDUCE cov: 50 ft: 429 corp: 186/3235b lim: 4096 exec/s: 442244 rss: 37Mb L: 16/34 MS: 2 EraseBytes-ChangeBinInt-
#22009145	REDUCE cov: 50 ft: 429 corp: 186/3233b lim: 4096 exec/s: 440182 rss: 37Mb L: 20/34 MS: 4 ChangeBit-EraseBytes-CopyPart-CMP- DE: "\017\000\000\000\000\000\000\000"-
#22832829	REDUCE cov: 50 ft: 429 corp: 186/3231b lim: 4096 exec/s: 439092 rss: 37Mb L: 16/34 MS: 4 CMP-ChangeBit-ShuffleBytes-EraseBytes- DE: "\377\377\377`"-
#25037648	REDUCE cov: 50 ft: 435 corp: 187/3262b lim: 4096 exec/s: 439256 rss: 37Mb L: 31/34 MS: 4 CopyPart-ChangeBit-InsertRepeatedBytes-EraseBytes-
#25093854	NEW    cov: 50 ft: 437 corp: 188/3293b lim: 4096 exec/s: 440243 rss: 37Mb L: 31/34 MS: 1 ChangeByte-
#30901522	REDUCE cov: 50 ft: 437 corp: 188/3292b lim: 4096 exec/s: 441450 rss: 37Mb L: 15/34 MS: 3 EraseBytes-ChangeBinInt-ChangeBit-
#31109667	REDUCE cov: 50 ft: 437 corp: 188/3290b lim: 4096 exec/s: 444423 rss: 37Mb L: 17/34 MS: 5 InsertByte-PersAutoDict-InsertRepeatedBytes-EraseBytes-EraseBytes- DE: "\001A"-
#43250474	NEW    cov: 50 ft: 438 corp: 189/3322b lim: 4096 exec/s: 441331 rss: 37Mb L: 32/34 MS: 2 ChangeBinInt-InsertByte-
#43254786	NEW    cov: 50 ft: 439 corp: 190/3343b lim: 4096 exec/s: 441375 rss: 37Mb L: 21/34 MS: 2 ShuffleBytes-EraseBytes-
#43265432	NEW    cov: 50 ft: 442 corp: 191/3375b lim: 4096 exec/s: 441484 rss: 37Mb L: 32/34 MS: 1 ChangeBinInt-
#45657625	REDUCE cov: 50 ft: 442 corp: 191/3374b lim: 4096 exec/s: 443277 rss: 37Mb L: 15/34 MS: 3 CMP-InsertByte-EraseBytes- DE: "\3772"-
panic: found special char in iban [recovered]
	panic: found special char in iban

goroutine 17 [running, locked to thread]:
git.ultraware.nl/iddinkgroep/fundament-api.Fuzz.func1()
	git.ultraware.nl/iddinkgroep/fundament-api/fuzz.go:19 +0xa5
panic({0x562f526b3760?, 0x562f526c6c70?})
	runtime/panic.go:914 +0x21f
git.ultraware.nl/iddinkgroep/fundament-api.Fuzz({0xc0002b0080, 0x20})
	git.ultraware.nl/iddinkgroep/fundament-api/fuzz.go:34 +0x2b9
git.ultraware.nl/iddinkgroep/fundament-api.Fuzz_(...)
	git.ultraware.nl/iddinkgroep/fundament-api/fuzz.1527825026.go:6
main.LLVMFuzzerTestOneInput(...)
	./main.170485750.go:21
==20421== ERROR: libFuzzer: deadly signal
    #0 0x562f525d6630 in __sanitizer_print_stack_trace (/seedai/experiments/libfuzzer/source_iban/libfuzzer+0xaf630) (BuildId: 688cb25bec4564588da2a67f6a2b25148a0fd5d4)
    #1 0x562f525a2755 in fuzzer::PrintStackTrace() (/seedai/experiments/libfuzzer/source_iban/libfuzzer+0x7b755) (BuildId: 688cb25bec4564588da2a67f6a2b25148a0fd5d4)
    #2 0x562f525813a9 in fuzzer::Fuzzer::CrashCallback() (.part.0) FuzzerLoop.cpp.o
    #3 0x562f5258146a in fuzzer::Fuzzer::StaticCrashSignalCallback() (/seedai/experiments/libfuzzer/source_iban/libfuzzer+0x5a46a) (BuildId: 688cb25bec4564588da2a67f6a2b25148a0fd5d4)
    #4 0x7fbd7575e70f  (/usr/lib/libc.so.6+0x3e70f) (BuildId: 316d0d3666387f0e8fb98773f51aa1801027c5ab)
    #5 0x562f52636160 in runtime.raise.abi0 runtime/sys_linux_amd64.s:153

NOTE: libFuzzer has rudimentary signal handlers.
      Combine libFuzzer with AddressSanitizer or similar for better crash reports.
SUMMARY: libFuzzer: deadly signal
MS: 2 ChangeBinInt-InsertByte-; base unit: baa8055c9e2b7fa377cb51016e5a0737a11bed3a
0x73,0x43,0x49,0x49,0x49,0x49,0xc4,0xb1,0x49,0x49,0x49,0x49,0x49,0x49,0x49,0x49,0x49,0x49,0x49,0x49,0x49,0x49,0x58,0x49,0x49,0x49,0x49,0x49,0x49,0x49,0x49,0x49,
sCIIII\304\261IIIIIIIIIIIIIIXIIIIIIIII
artifact_prefix='./'; Test unit written to ./crash-4df68de7fef85358a33cd2a2f386bfd90793c65a
Base64: c0NJSUlJxLFJSUlJSUlJSUlJSUlJSVhJSUlJSUlJSUk=
