INFO: Running with entropic power schedule (0xFF, 100).
INFO: Seed: 3368290052
INFO: Loaded 1 modules   (70 inline 8-bit counters): 70 [0x55f8d3efb030, 0x55f8d3efb076), 
INFO: Loaded 1 PC tables (70 PCs): 70 [0xc000068000,0xc000068460), 
INFO:       14 files found in corpus
INFO: -max_len is not provided; libFuzzer will not generate inputs larger than 4096 bytes
INFO: seed corpus: files: 14 min: 1b max: 26b total: 58b rss: 29Mb
#15	INITED cov: 11 ft: 26 corp: 6/50b exec/s: 0 rss: 29Mb
#20	NEW    cov: 11 ft: 27 corp: 7/53b lim: 26 exec/s: 0 rss: 29Mb L: 3/26 MS: 5 ChangeBit-EraseBytes-ChangeBinInt-ChangeByte-EraseBytes-
#37	NEW    cov: 11 ft: 28 corp: 8/77b lim: 26 exec/s: 0 rss: 29Mb L: 24/26 MS: 2 ChangeBinInt-EraseBytes-
#41	NEW    cov: 11 ft: 30 corp: 9/91b lim: 26 exec/s: 0 rss: 29Mb L: 14/26 MS: 4 InsertByte-CopyPart-CrossOver-InsertRepeatedBytes-
#52	REDUCE cov: 11 ft: 30 corp: 9/87b lim: 26 exec/s: 0 rss: 29Mb L: 22/24 MS: 1 EraseBytes-
#56	NEW    cov: 11 ft: 31 corp: 10/99b lim: 26 exec/s: 0 rss: 29Mb L: 12/24 MS: 4 EraseBytes-ShuffleBytes-CMP-CMP- DE: "\001\000\000\000\000\000\000\000"-"\001\000"-
#81	NEW    cov: 11 ft: 32 corp: 11/120b lim: 26 exec/s: 0 rss: 29Mb L: 21/24 MS: 5 ChangeBit-CopyPart-EraseBytes-ChangeBinInt-InsertRepeatedBytes-
#83	REDUCE cov: 11 ft: 32 corp: 11/116b lim: 26 exec/s: 0 rss: 29Mb L: 20/22 MS: 2 ChangeBit-EraseBytes-
#122	NEW    cov: 11 ft: 34 corp: 12/131b lim: 26 exec/s: 0 rss: 29Mb L: 15/22 MS: 4 CopyPart-ShuffleBytes-InsertRepeatedBytes-CMP- DE: "\015\000\000\000\000\000\000\000"-
#136	REDUCE cov: 11 ft: 34 corp: 12/130b lim: 26 exec/s: 0 rss: 29Mb L: 21/21 MS: 4 InsertRepeatedBytes-ChangeByte-ChangeBit-EraseBytes-
#153	REDUCE cov: 13 ft: 40 corp: 13/152b lim: 26 exec/s: 0 rss: 29Mb L: 22/22 MS: 2 ChangeBinInt-InsertByte-
#165	NEW    cov: 13 ft: 41 corp: 14/168b lim: 26 exec/s: 0 rss: 29Mb L: 16/22 MS: 2 ChangeByte-CrossOver-
#186	NEW    cov: 13 ft: 43 corp: 15/187b lim: 26 exec/s: 0 rss: 29Mb L: 19/22 MS: 1 EraseBytes-
#344	NEW    cov: 13 ft: 44 corp: 16/206b lim: 26 exec/s: 0 rss: 29Mb L: 19/22 MS: 3 ShuffleBytes-ChangeBit-ChangeBinInt-
#349	NEW    cov: 25 ft: 94 corp: 17/226b lim: 26 exec/s: 0 rss: 30Mb L: 20/22 MS: 5 CrossOver-EraseBytes-CrossOver-CopyPart-InsertByte-
#353	NEW    cov: 25 ft: 96 corp: 18/246b lim: 26 exec/s: 0 rss: 30Mb L: 20/22 MS: 4 InsertByte-ShuffleBytes-ChangeByte-ChangeBinInt-
#379	NEW    cov: 25 ft: 98 corp: 19/268b lim: 26 exec/s: 0 rss: 30Mb L: 22/22 MS: 1 CrossOver-
#460	NEW    cov: 25 ft: 99 corp: 20/293b lim: 26 exec/s: 0 rss: 30Mb L: 25/25 MS: 1 InsertRepeatedBytes-
#491	NEW    cov: 25 ft: 100 corp: 21/318b lim: 26 exec/s: 0 rss: 30Mb L: 25/25 MS: 1 ChangeBinInt-
#504	NEW    cov: 25 ft: 102 corp: 22/338b lim: 26 exec/s: 0 rss: 30Mb L: 20/25 MS: 3 ShuffleBytes-CMP-PersAutoDict- DE: "\377\377\377\377\377\377\377\002"-"\015\000\000\000\000\000\000\000"-
#616	NEW    cov: 25 ft: 103 corp: 23/354b lim: 26 exec/s: 0 rss: 30Mb L: 16/25 MS: 2 EraseBytes-PersAutoDict- DE: "\001\000"-
#668	REDUCE cov: 25 ft: 103 corp: 23/353b lim: 26 exec/s: 0 rss: 30Mb L: 19/25 MS: 2 CMP-EraseBytes- DE: "\020\000\000\000\000\000\000\000"-
#740	REDUCE cov: 25 ft: 103 corp: 23/352b lim: 26 exec/s: 0 rss: 30Mb L: 15/25 MS: 2 CopyPart-CrossOver-
#781	REDUCE cov: 25 ft: 106 corp: 24/374b lim: 26 exec/s: 0 rss: 30Mb L: 22/25 MS: 1 CopyPart-
#1002	REDUCE cov: 25 ft: 109 corp: 25/394b lim: 26 exec/s: 0 rss: 30Mb L: 20/25 MS: 1 InsertByte-
#1055	NEW    cov: 30 ft: 126 corp: 26/416b lim: 26 exec/s: 0 rss: 30Mb L: 22/25 MS: 3 ChangeBit-ChangeBit-CMP- DE: "\000\000\000\000\000\000\000\""-
#1070	REDUCE cov: 30 ft: 126 corp: 26/415b lim: 26 exec/s: 0 rss: 30Mb L: 3/25 MS: 5 ChangeASCIIInt-InsertByte-CMP-ChangeBit-EraseBytes- DE: "\377\377"-
#1143	REDUCE cov: 30 ft: 126 corp: 26/412b lim: 26 exec/s: 0 rss: 30Mb L: 16/25 MS: 3 CrossOver-CrossOver-PersAutoDict- DE: "\001\000\000\000\000\000\000\000"-
#1157	NEW    cov: 30 ft: 128 corp: 27/434b lim: 26 exec/s: 0 rss: 30Mb L: 22/25 MS: 4 ShuffleBytes-ShuffleBytes-ChangeBit-ChangeBinInt-
#1180	REDUCE cov: 30 ft: 128 corp: 27/433b lim: 26 exec/s: 0 rss: 30Mb L: 18/25 MS: 3 ShuffleBytes-ChangeByte-EraseBytes-
#1256	NEW    cov: 30 ft: 129 corp: 28/455b lim: 26 exec/s: 0 rss: 30Mb L: 22/25 MS: 1 ChangeByte-
#1337	NEW    cov: 30 ft: 130 corp: 29/477b lim: 26 exec/s: 0 rss: 30Mb L: 22/25 MS: 1 CopyPart-
#1377	NEW    cov: 30 ft: 131 corp: 30/499b lim: 26 exec/s: 0 rss: 30Mb L: 22/25 MS: 5 EraseBytes-ChangeASCIIInt-ChangeBit-CrossOver-CrossOver-
#1529	REDUCE cov: 30 ft: 131 corp: 30/497b lim: 26 exec/s: 0 rss: 30Mb L: 18/25 MS: 2 ShuffleBytes-EraseBytes-
#1679	NEW    cov: 30 ft: 132 corp: 31/520b lim: 26 exec/s: 0 rss: 30Mb L: 23/25 MS: 5 EraseBytes-ShuffleBytes-CrossOver-CopyPart-ChangeBinInt-
#1695	NEW    cov: 30 ft: 133 corp: 32/542b lim: 26 exec/s: 0 rss: 30Mb L: 22/25 MS: 1 PersAutoDict- DE: "\001\000\000\000\000\000\000\000"-
#1836	NEW    cov: 30 ft: 135 corp: 33/562b lim: 26 exec/s: 0 rss: 30Mb L: 20/25 MS: 1 InsertByte-
#1917	REDUCE cov: 30 ft: 135 corp: 33/555b lim: 26 exec/s: 0 rss: 30Mb L: 16/25 MS: 1 EraseBytes-
#1955	REDUCE cov: 30 ft: 135 corp: 33/553b lim: 26 exec/s: 0 rss: 30Mb L: 20/25 MS: 3 ChangeBit-ChangeBit-CrossOver-
#1972	REDUCE cov: 30 ft: 135 corp: 33/549b lim: 26 exec/s: 0 rss: 30Mb L: 16/25 MS: 2 CopyPart-EraseBytes-
#2033	NEW    cov: 30 ft: 136 corp: 34/571b lim: 26 exec/s: 0 rss: 30Mb L: 22/25 MS: 1 CopyPart-
#2141	NEW    cov: 30 ft: 138 corp: 35/591b lim: 26 exec/s: 0 rss: 30Mb L: 20/25 MS: 3 ChangeBit-ChangeBinInt-ChangeBit-
#2237	NEW    cov: 30 ft: 139 corp: 36/613b lim: 26 exec/s: 0 rss: 30Mb L: 22/25 MS: 1 ChangeBit-
#2309	NEW    cov: 30 ft: 140 corp: 37/633b lim: 26 exec/s: 0 rss: 30Mb L: 20/25 MS: 2 ShuffleBytes-CrossOver-
#2516	NEW    cov: 30 ft: 141 corp: 38/655b lim: 26 exec/s: 0 rss: 30Mb L: 22/25 MS: 2 ChangeBit-PersAutoDict- DE: "\015\000\000\000\000\000\000\000"-
#2567	NEW    cov: 30 ft: 143 corp: 39/677b lim: 26 exec/s: 0 rss: 30Mb L: 22/25 MS: 1 ChangeByte-
#2608	REDUCE cov: 30 ft: 143 corp: 39/673b lim: 26 exec/s: 0 rss: 30Mb L: 18/25 MS: 1 EraseBytes-
#2682	REDUCE cov: 30 ft: 143 corp: 39/671b lim: 26 exec/s: 0 rss: 30Mb L: 19/25 MS: 4 CopyPart-EraseBytes-ChangeBit-InsertRepeatedBytes-
#2794	NEW    cov: 30 ft: 145 corp: 40/693b lim: 26 exec/s: 0 rss: 30Mb L: 22/25 MS: 2 ShuffleBytes-CrossOver-
#2914	REDUCE cov: 30 ft: 145 corp: 40/692b lim: 26 exec/s: 0 rss: 30Mb L: 19/25 MS: 5 InsertByte-ChangeByte-ChangeBit-ChangeByte-EraseBytes-
#3081	REDUCE cov: 30 ft: 145 corp: 40/690b lim: 26 exec/s: 0 rss: 31Mb L: 16/25 MS: 2 EraseBytes-CopyPart-
#3242	REDUCE cov: 30 ft: 145 corp: 40/682b lim: 26 exec/s: 0 rss: 31Mb L: 13/25 MS: 1 CrossOver-
#3284	REDUCE cov: 30 ft: 146 corp: 41/697b lim: 26 exec/s: 0 rss: 31Mb L: 15/25 MS: 2 CMP-EraseBytes- DE: "\027\000\000\000\000\000\000\000"-
#3396	REDUCE cov: 30 ft: 146 corp: 41/695b lim: 26 exec/s: 0 rss: 31Mb L: 17/25 MS: 2 EraseBytes-InsertByte-
#3542	REDUCE cov: 30 ft: 146 corp: 41/691b lim: 26 exec/s: 0 rss: 31Mb L: 5/25 MS: 1 EraseBytes-
#3571	REDUCE cov: 30 ft: 146 corp: 41/690b lim: 26 exec/s: 0 rss: 31Mb L: 15/25 MS: 4 EraseBytes-InsertByte-ChangeBit-PersAutoDict- DE: "\377\377"-
#3594	REDUCE cov: 30 ft: 146 corp: 41/689b lim: 26 exec/s: 0 rss: 31Mb L: 18/25 MS: 3 CrossOver-ChangeByte-EraseBytes-
#3670	NEW    cov: 30 ft: 148 corp: 42/709b lim: 26 exec/s: 0 rss: 31Mb L: 20/25 MS: 1 ChangeBit-
#3675	REDUCE cov: 30 ft: 148 corp: 42/708b lim: 26 exec/s: 0 rss: 31Mb L: 17/25 MS: 5 ChangeASCIIInt-ChangeByte-PersAutoDict-EraseBytes-InsertRepeatedBytes- DE: "\027\000\000\000\000\000\000\000"-
#4061	NEW    cov: 30 ft: 151 corp: 43/730b lim: 26 exec/s: 0 rss: 31Mb L: 22/25 MS: 1 CrossOver-
#4402	NEW    cov: 30 ft: 153 corp: 44/752b lim: 26 exec/s: 0 rss: 31Mb L: 22/25 MS: 1 CopyPart-
#4475	REDUCE cov: 30 ft: 154 corp: 45/767b lim: 26 exec/s: 0 rss: 31Mb L: 15/25 MS: 3 CrossOver-ChangeASCIIInt-EraseBytes-
#4564	NEW    cov: 30 ft: 156 corp: 46/789b lim: 26 exec/s: 0 rss: 31Mb L: 22/25 MS: 4 CopyPart-InsertByte-ChangeBinInt-EraseBytes-
#4870	NEW    cov: 30 ft: 158 corp: 47/811b lim: 26 exec/s: 0 rss: 31Mb L: 22/25 MS: 1 ShuffleBytes-
#4898	NEW    cov: 30 ft: 159 corp: 48/826b lim: 26 exec/s: 0 rss: 31Mb L: 15/25 MS: 3 InsertByte-ChangeBinInt-EraseBytes-
#5025	REDUCE cov: 30 ft: 159 corp: 48/825b lim: 26 exec/s: 0 rss: 31Mb L: 15/25 MS: 2 EraseBytes-CMP- DE: "\377\377\377\377"-
#5126	NEW    cov: 30 ft: 161 corp: 49/847b lim: 26 exec/s: 0 rss: 31Mb L: 22/25 MS: 1 ShuffleBytes-
#5138	REDUCE cov: 30 ft: 161 corp: 49/845b lim: 26 exec/s: 0 rss: 31Mb L: 15/25 MS: 2 ShuffleBytes-EraseBytes-
#5544	NEW    cov: 30 ft: 162 corp: 50/875b lim: 30 exec/s: 0 rss: 31Mb L: 30/30 MS: 1 InsertRepeatedBytes-
#5567	REDUCE cov: 30 ft: 162 corp: 50/873b lim: 30 exec/s: 0 rss: 31Mb L: 20/30 MS: 3 ChangeASCIIInt-EraseBytes-ChangeByte-
#5604	NEW    cov: 30 ft: 163 corp: 51/902b lim: 30 exec/s: 0 rss: 31Mb L: 29/30 MS: 2 CopyPart-InsertRepeatedBytes-
#5718	REDUCE cov: 30 ft: 163 corp: 51/898b lim: 30 exec/s: 0 rss: 31Mb L: 21/30 MS: 4 ChangeBinInt-EraseBytes-PersAutoDict-CopyPart- DE: "\377\377\377\377\377\377\377\002"-
#6131	NEW    cov: 30 ft: 171 corp: 52/920b lim: 34 exec/s: 0 rss: 31Mb L: 22/30 MS: 3 ShuffleBytes-ShuffleBytes-CrossOver-
#6134	NEW    cov: 30 ft: 172 corp: 53/952b lim: 34 exec/s: 0 rss: 31Mb L: 32/32 MS: 3 InsertRepeatedBytes-ChangeBit-CopyPart-
#6137	NEW    cov: 30 ft: 174 corp: 54/986b lim: 34 exec/s: 0 rss: 31Mb L: 34/34 MS: 3 CrossOver-CrossOver-CopyPart-
#6225	REDUCE cov: 30 ft: 175 corp: 55/1019b lim: 34 exec/s: 0 rss: 31Mb L: 33/34 MS: 3 PersAutoDict-CopyPart-CrossOver- DE: "\015\000\000\000\000\000\000\000"-
#6547	REDUCE cov: 30 ft: 175 corp: 55/1015b lim: 34 exec/s: 0 rss: 31Mb L: 17/34 MS: 2 ChangeBinInt-EraseBytes-
#6774	REDUCE cov: 30 ft: 175 corp: 55/1013b lim: 34 exec/s: 0 rss: 31Mb L: 20/34 MS: 2 EraseBytes-ChangeByte-
#7080	NEW    cov: 30 ft: 177 corp: 56/1035b lim: 34 exec/s: 0 rss: 32Mb L: 22/34 MS: 1 CopyPart-
#7813	NEW    cov: 30 ft: 178 corp: 57/1057b lim: 39 exec/s: 0 rss: 32Mb L: 22/34 MS: 3 CMP-CopyPart-EraseBytes- DE: "\016\000\000\000\000\000\000\000"-
#8035	NEW    cov: 30 ft: 180 corp: 58/1077b lim: 39 exec/s: 0 rss: 32Mb L: 20/34 MS: 2 ShuffleBytes-CopyPart-
#8989	REDUCE cov: 30 ft: 180 corp: 58/1076b lim: 44 exec/s: 0 rss: 32Mb L: 15/34 MS: 4 CopyPart-InsertRepeatedBytes-ChangeBinInt-EraseBytes-
#9221	REDUCE cov: 30 ft: 180 corp: 58/1074b lim: 44 exec/s: 0 rss: 32Mb L: 18/34 MS: 2 CrossOver-EraseBytes-
#11241	REDUCE cov: 30 ft: 180 corp: 58/1073b lim: 59 exec/s: 0 rss: 33Mb L: 17/34 MS: 5 ChangeBit-EraseBytes-ChangeBit-ShuffleBytes-InsertByte-
#11271	REDUCE cov: 30 ft: 180 corp: 58/1070b lim: 59 exec/s: 0 rss: 33Mb L: 27/34 MS: 5 InsertRepeatedBytes-ChangeBinInt-EraseBytes-InsertByte-EraseBytes-
#11432	NEW    cov: 30 ft: 188 corp: 59/1092b lim: 59 exec/s: 0 rss: 33Mb L: 22/34 MS: 1 ShuffleBytes-
#12158	NEW    cov: 30 ft: 194 corp: 60/1114b lim: 64 exec/s: 0 rss: 33Mb L: 22/34 MS: 1 ShuffleBytes-
#12231	NEW    cov: 30 ft: 195 corp: 61/1137b lim: 64 exec/s: 0 rss: 33Mb L: 23/34 MS: 3 PersAutoDict-InsertByte-InsertRepeatedBytes- DE: "\020\000\000\000\000\000\000\000"-
#12484	REDUCE cov: 30 ft: 195 corp: 61/1136b lim: 64 exec/s: 0 rss: 33Mb L: 15/34 MS: 3 CrossOver-ShuffleBytes-EraseBytes-
#13318	NEW    cov: 30 ft: 196 corp: 62/1162b lim: 70 exec/s: 0 rss: 33Mb L: 26/34 MS: 4 CMP-ChangeByte-PersAutoDict-ShuffleBytes- DE: "\001\000\000\000"-"\377\377"-
#13634	REDUCE cov: 30 ft: 196 corp: 62/1160b lim: 70 exec/s: 0 rss: 33Mb L: 24/34 MS: 1 EraseBytes-
#13808	REDUCE cov: 30 ft: 196 corp: 62/1157b lim: 70 exec/s: 0 rss: 33Mb L: 21/34 MS: 4 ChangeBit-ChangeByte-CrossOver-EraseBytes-
#13827	REDUCE cov: 30 ft: 196 corp: 62/1155b lim: 70 exec/s: 0 rss: 33Mb L: 20/34 MS: 4 EraseBytes-InsertRepeatedBytes-PersAutoDict-ChangeByte- DE: "\001\000\000\000\000\000\000\000"-
#16064	REDUCE cov: 30 ft: 196 corp: 62/1153b lim: 88 exec/s: 0 rss: 34Mb L: 16/34 MS: 2 ChangeBinInt-EraseBytes-
#17451	REDUCE cov: 30 ft: 196 corp: 62/1147b lim: 100 exec/s: 0 rss: 34Mb L: 15/34 MS: 2 EraseBytes-CopyPart-
#17548	NEW    cov: 30 ft: 197 corp: 63/1171b lim: 100 exec/s: 0 rss: 34Mb L: 24/34 MS: 2 CopyPart-CMP- DE: "\001\000"-
#17807	REDUCE cov: 30 ft: 197 corp: 63/1167b lim: 100 exec/s: 0 rss: 34Mb L: 21/34 MS: 4 ChangeByte-PersAutoDict-ChangeBinInt-EraseBytes- DE: "\377\377\377\377"-
#17835	REDUCE cov: 30 ft: 197 corp: 63/1165b lim: 100 exec/s: 0 rss: 34Mb L: 18/34 MS: 3 InsertByte-ChangeBinInt-CrossOver-
#18599	REDUCE cov: 30 ft: 197 corp: 63/1163b lim: 106 exec/s: 0 rss: 34Mb L: 20/34 MS: 4 EraseBytes-InsertByte-CopyPart-ChangeBinInt-
#22181	NEW    cov: 30 ft: 199 corp: 64/1185b lim: 137 exec/s: 0 rss: 34Mb L: 22/34 MS: 2 ChangeBinInt-CopyPart-
#22493	REDUCE cov: 30 ft: 199 corp: 64/1183b lim: 137 exec/s: 0 rss: 34Mb L: 20/34 MS: 2 ChangeBit-EraseBytes-
#22600	REDUCE cov: 30 ft: 199 corp: 64/1182b lim: 137 exec/s: 0 rss: 34Mb L: 31/34 MS: 2 PersAutoDict-EraseBytes- DE: "\027\000\000\000\000\000\000\000"-
#25151	NEW    cov: 30 ft: 201 corp: 65/1204b lim: 158 exec/s: 0 rss: 34Mb L: 22/34 MS: 1 ChangeBit-
#25882	NEW    cov: 31 ft: 206 corp: 66/1226b lim: 165 exec/s: 0 rss: 34Mb L: 22/34 MS: 1 ChangeByte-
#26138	NEW    cov: 31 ft: 207 corp: 67/1248b lim: 165 exec/s: 0 rss: 35Mb L: 22/34 MS: 1 ChangeBinInt-
#27444	NEW    cov: 31 ft: 208 corp: 68/1270b lim: 172 exec/s: 0 rss: 35Mb L: 22/34 MS: 1 ChangeBit-
#29037	REDUCE cov: 31 ft: 208 corp: 68/1268b lim: 186 exec/s: 0 rss: 35Mb L: 18/34 MS: 3 InsertByte-CrossOver-EraseBytes-
#30149	NEW    cov: 31 ft: 209 corp: 69/1290b lim: 193 exec/s: 0 rss: 35Mb L: 22/34 MS: 2 ChangeBit-ShuffleBytes-
#30785	NEW    cov: 31 ft: 210 corp: 70/1312b lim: 193 exec/s: 0 rss: 35Mb L: 22/34 MS: 1 CopyPart-
#32416	NEW    cov: 31 ft: 211 corp: 71/1336b lim: 207 exec/s: 0 rss: 35Mb L: 24/34 MS: 1 CopyPart-
#33087	NEW    cov: 31 ft: 212 corp: 72/1358b lim: 207 exec/s: 0 rss: 35Mb L: 22/34 MS: 1 ChangeBinInt-
#33583	NEW    cov: 33 ft: 217 corp: 73/1382b lim: 207 exec/s: 0 rss: 35Mb L: 24/34 MS: 1 CopyPart-
#33924	NEW    cov: 33 ft: 218 corp: 74/1404b lim: 207 exec/s: 0 rss: 35Mb L: 22/34 MS: 1 ChangeByte-
#34150	NEW    cov: 33 ft: 220 corp: 75/1428b lim: 207 exec/s: 0 rss: 35Mb L: 24/34 MS: 1 ChangeBit-
#34342	NEW    cov: 33 ft: 221 corp: 76/1448b lim: 207 exec/s: 0 rss: 35Mb L: 20/34 MS: 2 ChangeByte-EraseBytes-
#34894	NEW    cov: 34 ft: 222 corp: 77/1472b lim: 207 exec/s: 0 rss: 35Mb L: 24/34 MS: 2 ShuffleBytes-ChangeBit-
#35233	REDUCE cov: 34 ft: 222 corp: 77/1470b lim: 207 exec/s: 0 rss: 35Mb L: 18/34 MS: 4 ChangeBinInt-CrossOver-InsertByte-EraseBytes-
#35799	NEW    cov: 34 ft: 223 corp: 78/1494b lim: 207 exec/s: 0 rss: 35Mb L: 24/34 MS: 1 ShuffleBytes-
#36101	NEW    cov: 34 ft: 224 corp: 79/1518b lim: 207 exec/s: 0 rss: 35Mb L: 24/34 MS: 2 ChangeBit-ShuffleBytes-
#39542	NEW    cov: 34 ft: 225 corp: 80/1540b lim: 235 exec/s: 0 rss: 35Mb L: 22/34 MS: 1 ChangeBit-
#40663	NEW    cov: 34 ft: 226 corp: 81/1562b lim: 242 exec/s: 0 rss: 35Mb L: 22/34 MS: 1 CopyPart-
#41944	NEW    cov: 34 ft: 227 corp: 82/1586b lim: 249 exec/s: 0 rss: 35Mb L: 24/34 MS: 1 CopyPart-
#42596	NEW    cov: 34 ft: 228 corp: 83/1608b lim: 249 exec/s: 0 rss: 35Mb L: 22/34 MS: 2 ShuffleBytes-ShuffleBytes-
#45198	REDUCE cov: 34 ft: 228 corp: 83/1606b lim: 272 exec/s: 0 rss: 35Mb L: 18/34 MS: 2 EraseBytes-InsertByte-
#45388	REDUCE cov: 34 ft: 228 corp: 83/1602b lim: 272 exec/s: 0 rss: 35Mb L: 16/34 MS: 5 EraseBytes-CrossOver-ChangeByte-CrossOver-ChangeByte-
#46316	NEW    cov: 34 ft: 229 corp: 84/1624b lim: 280 exec/s: 0 rss: 35Mb L: 22/34 MS: 3 ShuffleBytes-ChangeBit-ShuffleBytes-
#47032	NEW    cov: 34 ft: 230 corp: 85/1648b lim: 280 exec/s: 0 rss: 35Mb L: 24/34 MS: 1 ChangeBit-
#48411	REDUCE cov: 34 ft: 230 corp: 85/1644b lim: 288 exec/s: 0 rss: 35Mb L: 16/34 MS: 4 ChangeBit-EraseBytes-CopyPart-CrossOver-
#49031	NEW    cov: 34 ft: 231 corp: 86/1673b lim: 288 exec/s: 0 rss: 35Mb L: 29/34 MS: 5 EraseBytes-PersAutoDict-CMP-ChangeByte-CMP- DE: "\000\000\000\000\000\000\000\""-"\000\000"-"\005\000\000\000\000\000\000\000"-
#49889	NEW    cov: 34 ft: 232 corp: 87/1702b lim: 296 exec/s: 0 rss: 35Mb L: 29/34 MS: 3 InsertByte-ChangeBit-EraseBytes-
#53130	NEW    cov: 34 ft: 233 corp: 88/1726b lim: 328 exec/s: 0 rss: 35Mb L: 24/34 MS: 1 ChangeBit-
#57420	NEW    cov: 34 ft: 234 corp: 89/1753b lim: 368 exec/s: 0 rss: 35Mb L: 27/34 MS: 5 ShuffleBytes-ChangeByte-ChangeBit-CopyPart-CrossOver-
#59226	NEW    cov: 47 ft: 285 corp: 90/1780b lim: 384 exec/s: 0 rss: 35Mb L: 27/34 MS: 1 ShuffleBytes-
#60082	REDUCE cov: 47 ft: 286 corp: 91/1798b lim: 392 exec/s: 0 rss: 35Mb L: 18/34 MS: 1 ChangeByte-
#63913	NEW    cov: 47 ft: 288 corp: 92/1825b lim: 424 exec/s: 0 rss: 35Mb L: 27/34 MS: 1 ChangeBinInt-
#64790	NEW    cov: 49 ft: 297 corp: 93/1852b lim: 432 exec/s: 0 rss: 35Mb L: 27/34 MS: 2 CrossOver-ChangeBit-
#65291	NEW    cov: 49 ft: 298 corp: 94/1879b lim: 432 exec/s: 0 rss: 35Mb L: 27/34 MS: 1 ChangeByte-
#66510	NEW    cov: 49 ft: 299 corp: 95/1901b lim: 440 exec/s: 0 rss: 35Mb L: 22/34 MS: 4 ChangeBinInt-ChangeBinInt-ShuffleBytes-CMP- DE: "Z\000\000\000"-
#66691	NEW    cov: 49 ft: 303 corp: 96/1925b lim: 440 exec/s: 0 rss: 35Mb L: 24/34 MS: 1 ChangeBit-
#68055	REDUCE cov: 49 ft: 303 corp: 96/1923b lim: 448 exec/s: 0 rss: 35Mb L: 20/34 MS: 4 CopyPart-ChangeBit-EraseBytes-ChangeByte-
#72311	NEW    cov: 49 ft: 304 corp: 97/1941b lim: 488 exec/s: 0 rss: 35Mb L: 18/34 MS: 1 ShuffleBytes-
#73183	NEW    cov: 49 ft: 305 corp: 98/1963b lim: 496 exec/s: 0 rss: 35Mb L: 22/34 MS: 2 ChangeByte-ChangeBinInt-
#74730	REDUCE cov: 49 ft: 305 corp: 98/1962b lim: 504 exec/s: 0 rss: 35Mb L: 15/34 MS: 2 InsertByte-EraseBytes-
#74956	NEW    cov: 50 ft: 308 corp: 99/1984b lim: 504 exec/s: 0 rss: 35Mb L: 22/34 MS: 1 ChangeBinInt-
#75815	REDUCE cov: 50 ft: 308 corp: 99/1982b lim: 512 exec/s: 0 rss: 35Mb L: 16/34 MS: 4 CopyPart-ChangeBit-EraseBytes-ChangeBinInt-
#78341	NEW    cov: 50 ft: 309 corp: 100/2004b lim: 530 exec/s: 0 rss: 35Mb L: 22/34 MS: 1 ChangeByte-
#79812	NEW    cov: 50 ft: 310 corp: 101/2026b lim: 539 exec/s: 0 rss: 35Mb L: 22/34 MS: 1 ChangeASCIIInt-
#81465	NEW    cov: 50 ft: 311 corp: 102/2047b lim: 548 exec/s: 0 rss: 35Mb L: 21/34 MS: 3 EraseBytes-CMP-InsertByte- DE: "\027\000\000\000\000\000\000\000"-
#82281	NEW    cov: 50 ft: 315 corp: 103/2071b lim: 548 exec/s: 0 rss: 35Mb L: 24/34 MS: 1 ChangeByte-
#82529	REDUCE cov: 50 ft: 315 corp: 103/2067b lim: 548 exec/s: 0 rss: 35Mb L: 18/34 MS: 3 ChangeByte-EraseBytes-InsertByte-
#82831	NEW    cov: 50 ft: 316 corp: 104/2089b lim: 548 exec/s: 0 rss: 35Mb L: 22/34 MS: 2 CrossOver-ChangeBit-
#83432	NEW    cov: 50 ft: 318 corp: 105/2116b lim: 548 exec/s: 0 rss: 35Mb L: 27/34 MS: 1 ChangeBit-
#87259	REDUCE cov: 50 ft: 318 corp: 105/2112b lim: 584 exec/s: 0 rss: 35Mb L: 18/34 MS: 2 ChangeBinInt-EraseBytes-
#91140	NEW    cov: 50 ft: 319 corp: 106/2134b lim: 620 exec/s: 0 rss: 35Mb L: 22/34 MS: 1 ChangeByte-
#92306	NEW    cov: 50 ft: 320 corp: 107/2156b lim: 629 exec/s: 0 rss: 35Mb L: 22/34 MS: 1 ChangeBit-
#93137	NEW    cov: 50 ft: 321 corp: 108/2180b lim: 629 exec/s: 0 rss: 35Mb L: 24/34 MS: 1 ChangeBit-
#93529	REDUCE cov: 50 ft: 321 corp: 108/2178b lim: 629 exec/s: 0 rss: 35Mb L: 20/34 MS: 2 EraseBytes-CopyPart-
#96065	NEW    cov: 50 ft: 322 corp: 109/2205b lim: 647 exec/s: 0 rss: 35Mb L: 27/34 MS: 1 ChangeBit-
#96417	NEW    cov: 50 ft: 323 corp: 110/2225b lim: 647 exec/s: 0 rss: 35Mb L: 20/34 MS: 2 ChangeBinInt-ShuffleBytes-
#97464	REDUCE cov: 50 ft: 323 corp: 110/2219b lim: 656 exec/s: 0 rss: 35Mb L: 16/34 MS: 2 PersAutoDict-EraseBytes- DE: "\377\377\377\377\377\377\377\002"-
#98011	REDUCE cov: 50 ft: 323 corp: 110/2217b lim: 656 exec/s: 0 rss: 35Mb L: 18/34 MS: 2 PersAutoDict-EraseBytes- DE: "\377\377"-
#99692	NEW    cov: 50 ft: 325 corp: 111/2244b lim: 665 exec/s: 0 rss: 35Mb L: 27/34 MS: 1 ChangeBit-
#106143	NEW    cov: 50 ft: 326 corp: 112/2266b lim: 728 exec/s: 0 rss: 35Mb L: 22/34 MS: 1 ChangeBinInt-
#109624	NEW    cov: 50 ft: 327 corp: 113/2293b lim: 755 exec/s: 0 rss: 35Mb L: 27/34 MS: 1 ChangeBit-
#111671	NEW    cov: 50 ft: 331 corp: 114/2320b lim: 773 exec/s: 0 rss: 35Mb L: 27/34 MS: 2 ChangeASCIIInt-ChangeBit-
#113407	NEW    cov: 50 ft: 333 corp: 115/2347b lim: 782 exec/s: 0 rss: 35Mb L: 27/34 MS: 1 ChangeBit-
#116143	NEW    cov: 50 ft: 334 corp: 116/2365b lim: 809 exec/s: 0 rss: 35Mb L: 18/34 MS: 1 ChangeBinInt-
#117858	REDUCE cov: 50 ft: 334 corp: 116/2361b lim: 818 exec/s: 0 rss: 35Mb L: 18/34 MS: 5 EraseBytes-ChangeByte-CrossOver-ChangeBit-ChangeBinInt-
#120345	NEW    cov: 50 ft: 336 corp: 117/2385b lim: 836 exec/s: 0 rss: 35Mb L: 24/34 MS: 2 ShuffleBytes-ChangeBit-
#130961	NEW    cov: 50 ft: 337 corp: 118/2412b lim: 935 exec/s: 0 rss: 35Mb L: 27/34 MS: 1 ChangeBit-
#136889	REDUCE cov: 50 ft: 337 corp: 118/2410b lim: 989 exec/s: 0 rss: 35Mb L: 20/34 MS: 3 InsertByte-ChangeBinInt-EraseBytes-
#137755	NEW    cov: 50 ft: 338 corp: 119/2437b lim: 989 exec/s: 0 rss: 35Mb L: 27/34 MS: 1 ShuffleBytes-
#139918	REDUCE cov: 50 ft: 338 corp: 119/2435b lim: 1007 exec/s: 0 rss: 35Mb L: 18/34 MS: 3 ChangeByte-EraseBytes-ChangeByte-
#141194	NEW    cov: 50 ft: 341 corp: 120/2459b lim: 1016 exec/s: 0 rss: 35Mb L: 24/34 MS: 1 ChangeBit-
#142456	REDUCE cov: 50 ft: 341 corp: 120/2457b lim: 1025 exec/s: 0 rss: 35Mb L: 19/34 MS: 2 InsertByte-EraseBytes-
#144094	REDUCE cov: 50 ft: 341 corp: 120/2453b lim: 1035 exec/s: 0 rss: 35Mb L: 18/34 MS: 3 EraseBytes-ShuffleBytes-CMP- DE: "\377\377\377V"-
#150086	NEW    cov: 50 ft: 343 corp: 121/2480b lim: 1085 exec/s: 0 rss: 35Mb L: 27/34 MS: 2 CopyPart-ShuffleBytes-
#160366	REDUCE cov: 50 ft: 343 corp: 121/2478b lim: 1185 exec/s: 0 rss: 35Mb L: 17/34 MS: 5 ChangeBit-ChangeBinInt-EraseBytes-InsertByte-ChangeBit-
#180187	NEW    cov: 50 ft: 344 corp: 122/2496b lim: 1375 exec/s: 0 rss: 35Mb L: 18/34 MS: 1 ChangeByte-
#184914	REDUCE cov: 50 ft: 344 corp: 122/2495b lim: 1415 exec/s: 0 rss: 35Mb L: 15/34 MS: 2 ChangeBit-EraseBytes-
#186373	REDUCE cov: 50 ft: 344 corp: 122/2493b lim: 1425 exec/s: 0 rss: 35Mb L: 16/34 MS: 4 ChangeBinInt-InsertByte-ChangeBinInt-EraseBytes-
#191394	NEW    cov: 50 ft: 345 corp: 123/2511b lim: 1465 exec/s: 0 rss: 35Mb L: 18/34 MS: 1 ChangeBit-
#193621	NEW    cov: 50 ft: 346 corp: 124/2529b lim: 1485 exec/s: 0 rss: 35Mb L: 18/34 MS: 2 ChangeBinInt-ShuffleBytes-
#194418	NEW    cov: 50 ft: 347 corp: 125/2550b lim: 1485 exec/s: 0 rss: 35Mb L: 21/34 MS: 2 ChangeBit-ChangeByte-
#198960	REDUCE cov: 50 ft: 347 corp: 125/2548b lim: 1525 exec/s: 0 rss: 35Mb L: 20/34 MS: 2 CopyPart-EraseBytes-
#199079	REDUCE cov: 50 ft: 347 corp: 125/2544b lim: 1525 exec/s: 0 rss: 35Mb L: 18/34 MS: 4 CMP-ChangeBinInt-ChangeByte-EraseBytes- DE: "\377\377\377\377\377\377\377\032"-
#204021	NEW    cov: 50 ft: 353 corp: 126/2575b lim: 1565 exec/s: 0 rss: 35Mb L: 31/34 MS: 2 CrossOver-ShuffleBytes-
#205928	REDUCE cov: 50 ft: 353 corp: 126/2573b lim: 1575 exec/s: 0 rss: 35Mb L: 25/34 MS: 2 EraseBytes-InsertByte-
#207391	REDUCE cov: 50 ft: 353 corp: 126/2571b lim: 1585 exec/s: 0 rss: 35Mb L: 20/34 MS: 3 CrossOver-InsertByte-EraseBytes-
#214947	NEW    cov: 50 ft: 354 corp: 127/2598b lim: 1655 exec/s: 0 rss: 35Mb L: 27/34 MS: 1 ChangeBit-
#221783	NEW    cov: 50 ft: 355 corp: 128/2620b lim: 1715 exec/s: 0 rss: 35Mb L: 22/34 MS: 1 CopyPart-
#233395	REDUCE cov: 50 ft: 355 corp: 128/2616b lim: 1825 exec/s: 0 rss: 35Mb L: 17/34 MS: 2 ChangeBinInt-EraseBytes-
#240659	REDUCE cov: 50 ft: 355 corp: 128/2614b lim: 1895 exec/s: 0 rss: 35Mb L: 16/34 MS: 4 ShuffleBytes-ChangeBit-ChangeByte-EraseBytes-
#242845	NEW    cov: 50 ft: 357 corp: 129/2645b lim: 1915 exec/s: 0 rss: 35Mb L: 31/34 MS: 1 CrossOver-
#243147	NEW    cov: 50 ft: 359 corp: 130/2672b lim: 1915 exec/s: 0 rss: 35Mb L: 27/34 MS: 2 ChangeByte-ShuffleBytes-
#245708	NEW    cov: 50 ft: 360 corp: 131/2699b lim: 1935 exec/s: 0 rss: 35Mb L: 27/34 MS: 1 ChangeBit-
#249389	NEW    cov: 50 ft: 361 corp: 132/2726b lim: 1965 exec/s: 0 rss: 35Mb L: 27/34 MS: 1 ChangeBit-
#264672	REDUCE cov: 50 ft: 361 corp: 132/2723b lim: 2110 exec/s: 0 rss: 35Mb L: 15/34 MS: 3 InsertByte-EraseBytes-ChangeBit-
#267678	NEW    cov: 50 ft: 368 corp: 133/2750b lim: 2132 exec/s: 0 rss: 35Mb L: 27/34 MS: 1 ChangeByte-
#268944	REDUCE cov: 50 ft: 369 corp: 134/2766b lim: 2143 exec/s: 0 rss: 35Mb L: 16/34 MS: 1 ChangeBit-
#289827	REDUCE cov: 50 ft: 369 corp: 134/2764b lim: 2341 exec/s: 0 rss: 35Mb L: 16/34 MS: 3 ChangeByte-ChangeByte-EraseBytes-
#313386	REDUCE cov: 50 ft: 369 corp: 134/2762b lim: 2572 exec/s: 0 rss: 35Mb L: 18/34 MS: 4 EraseBytes-ChangeByte-CopyPart-PersAutoDict- DE: "\377\377"-
#321124	REDUCE cov: 50 ft: 369 corp: 134/2760b lim: 2649 exec/s: 0 rss: 35Mb L: 16/34 MS: 3 ChangeByte-CopyPart-EraseBytes-
#345447	REDUCE cov: 50 ft: 369 corp: 134/2758b lim: 2891 exec/s: 0 rss: 35Mb L: 19/34 MS: 3 CopyPart-PersAutoDict-EraseBytes- DE: "\016\000\000\000\000\000\000\000"-
#346875	REDUCE cov: 50 ft: 369 corp: 134/2756b lim: 2902 exec/s: 0 rss: 35Mb L: 20/34 MS: 3 CMP-EraseBytes-ChangeBinInt- DE: "Y\000\000\000"-
#354032	REDUCE cov: 50 ft: 369 corp: 134/2750b lim: 2968 exec/s: 0 rss: 35Mb L: 16/34 MS: 2 PersAutoDict-EraseBytes- DE: "\377\377\377\377"-
#382661	REDUCE cov: 50 ft: 369 corp: 134/2746b lim: 3243 exec/s: 0 rss: 36Mb L: 18/34 MS: 4 EraseBytes-EraseBytes-PersAutoDict-ChangeBinInt- DE: "\377\377"-
#398940	REDUCE cov: 50 ft: 369 corp: 134/2742b lim: 3397 exec/s: 0 rss: 36Mb L: 18/34 MS: 4 CrossOver-ChangeByte-CrossOver-EraseBytes-
#416447	REDUCE cov: 50 ft: 369 corp: 134/2740b lim: 3562 exec/s: 416447 rss: 36Mb L: 20/34 MS: 4 CrossOver-ShuffleBytes-EraseBytes-InsertByte-
#437422	REDUCE cov: 50 ft: 369 corp: 134/2736b lim: 3760 exec/s: 437422 rss: 36Mb L: 21/34 MS: 5 CMP-PersAutoDict-ChangeBinInt-EraseBytes-EraseBytes- DE: "\377@"-"\377\377\377\377"-
#452119	NEW    cov: 50 ft: 373 corp: 135/2763b lim: 3903 exec/s: 452119 rss: 36Mb L: 27/34 MS: 2 ChangeASCIIInt-ShuffleBytes-
#458436	REDUCE cov: 50 ft: 373 corp: 135/2761b lim: 3958 exec/s: 458436 rss: 36Mb L: 20/34 MS: 2 EraseBytes-ChangeBit-
#464433	REDUCE cov: 50 ft: 373 corp: 135/2759b lim: 4013 exec/s: 464433 rss: 36Mb L: 18/34 MS: 2 PersAutoDict-EraseBytes- DE: "\377\377"-
#474064	NEW    cov: 50 ft: 375 corp: 136/2786b lim: 4096 exec/s: 474064 rss: 36Mb L: 27/34 MS: 1 ChangeByte-
#478152	REDUCE cov: 50 ft: 375 corp: 136/2782b lim: 4096 exec/s: 478152 rss: 36Mb L: 19/34 MS: 3 ChangeBinInt-EraseBytes-InsertByte-
#496745	REDUCE cov: 50 ft: 375 corp: 136/2780b lim: 4096 exec/s: 496745 rss: 36Mb L: 18/34 MS: 3 ChangeBinInt-InsertRepeatedBytes-EraseBytes-
#583597	REDUCE cov: 50 ft: 375 corp: 136/2778b lim: 4096 exec/s: 583597 rss: 36Mb L: 20/34 MS: 2 EraseBytes-ChangeByte-
#592645	REDUCE cov: 50 ft: 375 corp: 136/2776b lim: 4096 exec/s: 592645 rss: 36Mb L: 16/34 MS: 3 PersAutoDict-PersAutoDict-EraseBytes- DE: "\377@"-"\000\000\000\000\000\000\000\""-
#630632	REDUCE cov: 50 ft: 375 corp: 136/2774b lim: 4096 exec/s: 630632 rss: 36Mb L: 16/34 MS: 2 CMP-EraseBytes- DE: "\376\377\377\377\377\377\377\377"-
#707816	NEW    cov: 50 ft: 376 corp: 137/2798b lim: 4096 exec/s: 707816 rss: 36Mb L: 24/34 MS: 4 ChangeBinInt-ShuffleBytes-ChangeBit-ShuffleBytes-
#731013	REDUCE cov: 50 ft: 376 corp: 137/2796b lim: 4096 exec/s: 731013 rss: 36Mb L: 16/34 MS: 2 EraseBytes-InsertByte-
#733455	NEW    cov: 50 ft: 379 corp: 138/2823b lim: 4096 exec/s: 733455 rss: 36Mb L: 27/34 MS: 2 ChangeASCIIInt-ShuffleBytes-
#748439	REDUCE cov: 50 ft: 379 corp: 138/2821b lim: 4096 exec/s: 748439 rss: 36Mb L: 16/34 MS: 4 ChangeBinInt-InsertByte-CopyPart-EraseBytes-
#751954	REDUCE cov: 50 ft: 379 corp: 138/2819b lim: 4096 exec/s: 751954 rss: 36Mb L: 20/34 MS: 5 CrossOver-InsertRepeatedBytes-ChangeBit-EraseBytes-InsertByte-
#795800	NEW    cov: 50 ft: 380 corp: 139/2835b lim: 4096 exec/s: 795800 rss: 36Mb L: 16/34 MS: 1 ChangeBit-
#805323	REDUCE cov: 50 ft: 380 corp: 139/2833b lim: 4096 exec/s: 805323 rss: 36Mb L: 16/34 MS: 3 ChangeByte-PersAutoDict-EraseBytes- DE: "\377\377\377\377"-
#910529	REDUCE cov: 50 ft: 381 corp: 140/2849b lim: 4096 exec/s: 455264 rss: 36Mb L: 16/34 MS: 1 ChangeByte-
#919604	NEW    cov: 50 ft: 384 corp: 141/2873b lim: 4096 exec/s: 459802 rss: 36Mb L: 24/34 MS: 5 ChangeByte-CopyPart-PersAutoDict-ChangeBit-CrossOver- DE: "\377@"-
#920339	REDUCE cov: 50 ft: 384 corp: 141/2869b lim: 4096 exec/s: 460169 rss: 36Mb L: 16/34 MS: 5 ShuffleBytes-ChangeBinInt-ChangeBit-CMP-EraseBytes- DE: "\377\377\377\377\377\377\377\017"-
#954890	NEW    cov: 50 ft: 385 corp: 142/2885b lim: 4096 exec/s: 477445 rss: 36Mb L: 16/34 MS: 1 ChangeBit-
#995118	REDUCE cov: 50 ft: 385 corp: 142/2883b lim: 4096 exec/s: 497559 rss: 36Mb L: 15/34 MS: 3 EraseBytes-ChangeByte-CMP- DE: "\377\377\377\377\377\377\377\377"-
#1003245	NEW    cov: 50 ft: 386 corp: 143/2899b lim: 4096 exec/s: 501622 rss: 36Mb L: 16/34 MS: 2 CopyPart-ShuffleBytes-
#1007511	NEW    cov: 50 ft: 387 corp: 144/2915b lim: 4096 exec/s: 503755 rss: 36Mb L: 16/34 MS: 1 CopyPart-
#1060835	REDUCE cov: 50 ft: 387 corp: 144/2913b lim: 4096 exec/s: 530417 rss: 36Mb L: 16/34 MS: 4 ChangeByte-EraseBytes-ShuffleBytes-InsertByte-
#1063779	REDUCE cov: 50 ft: 387 corp: 144/2911b lim: 4096 exec/s: 531889 rss: 36Mb L: 17/34 MS: 4 InsertByte-InsertRepeatedBytes-EraseBytes-InsertByte-
#1097126	REDUCE cov: 50 ft: 387 corp: 144/2909b lim: 4096 exec/s: 548563 rss: 36Mb L: 20/34 MS: 2 InsertByte-EraseBytes-
#1175857	NEW    cov: 50 ft: 388 corp: 145/2925b lim: 4096 exec/s: 587928 rss: 36Mb L: 16/34 MS: 1 CopyPart-
#1253939	NEW    cov: 50 ft: 389 corp: 146/2941b lim: 4096 exec/s: 626969 rss: 36Mb L: 16/34 MS: 2 ChangeBit-ChangeByte-
#1284613	REDUCE cov: 50 ft: 389 corp: 146/2939b lim: 4096 exec/s: 642306 rss: 36Mb L: 18/34 MS: 4 CrossOver-InsertByte-ChangeBit-EraseBytes-
#1301093	REDUCE cov: 50 ft: 389 corp: 146/2937b lim: 4096 exec/s: 650546 rss: 36Mb L: 18/34 MS: 5 ShuffleBytes-ChangeByte-ChangeBinInt-EraseBytes-InsertByte-
#1310914	NEW    cov: 50 ft: 390 corp: 147/2953b lim: 4096 exec/s: 655457 rss: 36Mb L: 16/34 MS: 1 ChangeBit-
#1321105	NEW    cov: 50 ft: 391 corp: 148/2969b lim: 4096 exec/s: 440368 rss: 36Mb L: 16/34 MS: 1 ChangeASCIIInt-
#1321551	NEW    cov: 50 ft: 392 corp: 149/2985b lim: 4096 exec/s: 440517 rss: 36Mb L: 16/34 MS: 1 CrossOver-
#1324153	REDUCE cov: 50 ft: 392 corp: 149/2983b lim: 4096 exec/s: 441384 rss: 36Mb L: 18/34 MS: 2 EraseBytes-ChangeBit-
#1326709	NEW    cov: 50 ft: 393 corp: 150/2999b lim: 4096 exec/s: 442236 rss: 36Mb L: 16/34 MS: 1 CopyPart-
#1347110	NEW    cov: 50 ft: 394 corp: 151/3015b lim: 4096 exec/s: 449036 rss: 36Mb L: 16/34 MS: 1 ChangeBit-
#1359562	REDUCE cov: 50 ft: 394 corp: 151/3013b lim: 4096 exec/s: 453187 rss: 36Mb L: 15/34 MS: 2 PersAutoDict-EraseBytes- DE: "\377\377\377\377\377\377\377\017"-
#1373058	NEW    cov: 50 ft: 396 corp: 152/3029b lim: 4096 exec/s: 457686 rss: 36Mb L: 16/34 MS: 1 ChangeBinInt-
#1388174	NEW    cov: 50 ft: 397 corp: 153/3045b lim: 4096 exec/s: 462724 rss: 36Mb L: 16/34 MS: 1 CopyPart-
#1388981	NEW    cov: 50 ft: 398 corp: 154/3061b lim: 4096 exec/s: 462993 rss: 36Mb L: 16/34 MS: 2 ChangeBinInt-CrossOver-
#1395702	NEW    cov: 50 ft: 399 corp: 155/3077b lim: 4096 exec/s: 465234 rss: 36Mb L: 16/34 MS: 1 ChangeBit-
#1402628	NEW    cov: 50 ft: 400 corp: 156/3093b lim: 4096 exec/s: 467542 rss: 36Mb L: 16/34 MS: 1 ChangeASCIIInt-
#1407219	NEW    cov: 50 ft: 401 corp: 157/3109b lim: 4096 exec/s: 469073 rss: 36Mb L: 16/34 MS: 1 ChangeBit-
#1413727	NEW    cov: 50 ft: 402 corp: 158/3125b lim: 4096 exec/s: 471242 rss: 36Mb L: 16/34 MS: 3 CrossOver-ChangeByte-ChangeBinInt-
#1447034	NEW    cov: 50 ft: 403 corp: 159/3145b lim: 4096 exec/s: 482344 rss: 36Mb L: 20/34 MS: 2 CopyPart-PersAutoDict- DE: "Z\000\000\000"-
#1449400	NEW    cov: 50 ft: 405 corp: 160/3161b lim: 4096 exec/s: 483133 rss: 36Mb L: 16/34 MS: 1 CopyPart-
#1450321	NEW    cov: 50 ft: 406 corp: 161/3177b lim: 4096 exec/s: 483440 rss: 36Mb L: 16/34 MS: 1 ChangeBit-
#1463439	NEW    cov: 50 ft: 407 corp: 162/3193b lim: 4096 exec/s: 487813 rss: 36Mb L: 16/34 MS: 3 ChangeBinInt-ShuffleBytes-ChangeBit-
#1478200	NEW    cov: 50 ft: 408 corp: 163/3209b lim: 4096 exec/s: 492733 rss: 36Mb L: 16/34 MS: 1 CopyPart-
#1478411	NEW    cov: 50 ft: 409 corp: 164/3225b lim: 4096 exec/s: 492803 rss: 36Mb L: 16/34 MS: 1 ChangeASCIIInt-
#1480472	NEW    cov: 50 ft: 410 corp: 165/3241b lim: 4096 exec/s: 493490 rss: 36Mb L: 16/34 MS: 1 ChangeByte-
#1480938	NEW    cov: 50 ft: 411 corp: 166/3257b lim: 4096 exec/s: 493646 rss: 36Mb L: 16/34 MS: 1 ChangeASCIIInt-
#1485357	REDUCE cov: 50 ft: 411 corp: 166/3255b lim: 4096 exec/s: 495119 rss: 36Mb L: 15/34 MS: 4 EraseBytes-ChangeBit-CopyPart-InsertByte-
#1586204	REDUCE cov: 50 ft: 411 corp: 166/3253b lim: 4096 exec/s: 528734 rss: 36Mb L: 16/34 MS: 2 ChangeBinInt-EraseBytes-
#1632011	REDUCE cov: 50 ft: 411 corp: 166/3251b lim: 4096 exec/s: 544003 rss: 36Mb L: 20/34 MS: 2 EraseBytes-ChangeByte-
#1642559	REDUCE cov: 50 ft: 411 corp: 166/3249b lim: 4096 exec/s: 547519 rss: 36Mb L: 16/34 MS: 3 EraseBytes-ChangeASCIIInt-InsertByte-
#1665642	REDUCE cov: 50 ft: 411 corp: 166/3247b lim: 4096 exec/s: 555214 rss: 36Mb L: 18/34 MS: 3 CopyPart-EraseBytes-InsertByte-
#1791066	REDUCE cov: 50 ft: 411 corp: 166/3245b lim: 4096 exec/s: 447766 rss: 36Mb L: 15/34 MS: 4 PersAutoDict-ShuffleBytes-ChangeByte-EraseBytes- DE: "\377\377"-
#1821475	REDUCE cov: 50 ft: 411 corp: 166/3244b lim: 4096 exec/s: 455368 rss: 36Mb L: 15/34 MS: 4 ChangeBit-InsertByte-ChangeBit-EraseBytes-
#1961497	REDUCE cov: 50 ft: 411 corp: 166/3242b lim: 4096 exec/s: 490374 rss: 36Mb L: 20/34 MS: 2 EraseBytes-InsertByte-
#2023371	REDUCE cov: 50 ft: 411 corp: 166/3240b lim: 4096 exec/s: 505842 rss: 36Mb L: 18/34 MS: 4 ChangeBit-EraseBytes-CMP-CMP- DE: "\000\000"-"\377\377"-
#2053543	REDUCE cov: 50 ft: 411 corp: 166/3238b lim: 4096 exec/s: 513385 rss: 36Mb L: 17/34 MS: 2 EraseBytes-CopyPart-
#2091063	REDUCE cov: 50 ft: 411 corp: 166/3236b lim: 4096 exec/s: 522765 rss: 36Mb L: 16/34 MS: 5 ChangeBit-ShuffleBytes-PersAutoDict-ChangeByte-EraseBytes- DE: "\377\377\377\377"-
#2280319	NEW    cov: 50 ft: 412 corp: 167/3260b lim: 4096 exec/s: 456063 rss: 36Mb L: 24/34 MS: 1 ChangeBit-
#2501918	REDUCE cov: 50 ft: 412 corp: 167/3258b lim: 4096 exec/s: 500383 rss: 36Mb L: 16/34 MS: 4 ChangeBit-InsertByte-CopyPart-EraseBytes-
#2596947	REDUCE cov: 50 ft: 412 corp: 167/3256b lim: 4096 exec/s: 519389 rss: 36Mb L: 20/34 MS: 4 ChangeByte-EraseBytes-CopyPart-ChangeBit-
#2598869	REDUCE cov: 50 ft: 412 corp: 167/3254b lim: 4096 exec/s: 519773 rss: 36Mb L: 18/34 MS: 2 EraseBytes-ChangeBinInt-
#2624542	REDUCE cov: 50 ft: 412 corp: 167/3252b lim: 4096 exec/s: 524908 rss: 36Mb L: 16/34 MS: 3 CopyPart-CrossOver-EraseBytes-
#2626504	NEW    cov: 50 ft: 414 corp: 168/3284b lim: 4096 exec/s: 525300 rss: 36Mb L: 32/34 MS: 2 ChangeBinInt-InsertByte-
#2627279	REDUCE cov: 50 ft: 414 corp: 168/3282b lim: 4096 exec/s: 525455 rss: 36Mb L: 30/34 MS: 5 EraseBytes-ChangeBit-InsertByte-ShuffleBytes-ChangeByte-
#2658687	REDUCE cov: 50 ft: 414 corp: 168/3278b lim: 4096 exec/s: 531737 rss: 36Mb L: 26/34 MS: 3 ChangeByte-PersAutoDict-EraseBytes- DE: "\377@"-
#2688754	REDUCE cov: 50 ft: 415 corp: 169/3304b lim: 4096 exec/s: 448125 rss: 36Mb L: 26/34 MS: 2 ChangeByte-ChangeByte-
#2691762	REDUCE cov: 50 ft: 415 corp: 169/3302b lim: 4096 exec/s: 448627 rss: 36Mb L: 24/34 MS: 3 ChangeBinInt-EraseBytes-CopyPart-
#2702131	REDUCE cov: 50 ft: 415 corp: 169/3300b lim: 4096 exec/s: 450355 rss: 36Mb L: 24/34 MS: 4 InsertByte-ChangeBit-CopyPart-EraseBytes-
#2705540	REDUCE cov: 50 ft: 415 corp: 169/3292b lim: 4096 exec/s: 450923 rss: 36Mb L: 16/34 MS: 4 InsertByte-EraseBytes-CMP-ChangeBinInt- DE: "\377L"-
#2710036	NEW    cov: 50 ft: 416 corp: 170/3324b lim: 4096 exec/s: 451672 rss: 36Mb L: 32/34 MS: 1 InsertByte-
#2717549	REDUCE cov: 50 ft: 416 corp: 170/3322b lim: 4096 exec/s: 452924 rss: 36Mb L: 22/34 MS: 3 ChangeBit-CMP-EraseBytes- DE: "!\000\000\000\000\000\000\000"-
#2726832	REDUCE cov: 50 ft: 416 corp: 170/3320b lim: 4096 exec/s: 454472 rss: 36Mb L: 20/34 MS: 3 EraseBytes-CrossOver-CopyPart-
#2756545	REDUCE cov: 50 ft: 416 corp: 170/3318b lim: 4096 exec/s: 459424 rss: 36Mb L: 15/34 MS: 3 CopyPart-ShuffleBytes-EraseBytes-
#2872862	REDUCE cov: 50 ft: 416 corp: 170/3316b lim: 4096 exec/s: 478810 rss: 36Mb L: 18/34 MS: 2 EraseBytes-ChangeBinInt-
#2905280	NEW    cov: 50 ft: 422 corp: 171/3338b lim: 4096 exec/s: 484213 rss: 36Mb L: 22/34 MS: 3 CrossOver-ChangeASCIIInt-EraseBytes-
#2917066	NEW    cov: 50 ft: 423 corp: 172/3360b lim: 4096 exec/s: 486177 rss: 36Mb L: 22/34 MS: 1 ChangeBit-
#3002878	NEW    cov: 50 ft: 424 corp: 173/3382b lim: 4096 exec/s: 500479 rss: 36Mb L: 22/34 MS: 2 ShuffleBytes-CopyPart-
#3076936	REDUCE cov: 50 ft: 424 corp: 173/3378b lim: 4096 exec/s: 512822 rss: 36Mb L: 16/34 MS: 3 EraseBytes-CopyPart-CopyPart-
#3086949	REDUCE cov: 50 ft: 424 corp: 173/3374b lim: 4096 exec/s: 514491 rss: 36Mb L: 18/34 MS: 3 ChangeBinInt-EraseBytes-ShuffleBytes-
#3196645	NEW    cov: 50 ft: 425 corp: 174/3390b lim: 4096 exec/s: 456663 rss: 36Mb L: 16/34 MS: 1 CrossOver-
#3219568	REDUCE cov: 50 ft: 425 corp: 174/3388b lim: 4096 exec/s: 459938 rss: 36Mb L: 16/34 MS: 3 EraseBytes-PersAutoDict-CrossOver- DE: "\377\377\377V"-
#3321746	NEW    cov: 50 ft: 427 corp: 175/3410b lim: 4096 exec/s: 474535 rss: 36Mb L: 22/34 MS: 3 ChangeBit-EraseBytes-CopyPart-
#3376934	REDUCE cov: 50 ft: 427 corp: 175/3408b lim: 4096 exec/s: 482419 rss: 36Mb L: 15/34 MS: 3 PersAutoDict-ChangeBit-EraseBytes- DE: "\377\377\377\377"-
#3442866	REDUCE cov: 50 ft: 427 corp: 175/3406b lim: 4096 exec/s: 491838 rss: 36Mb L: 18/34 MS: 2 EraseBytes-PersAutoDict- DE: "\377@"-
#3719394	REDUCE cov: 50 ft: 427 corp: 175/3404b lim: 4096 exec/s: 464924 rss: 36Mb L: 16/34 MS: 3 InsertByte-ChangeBit-EraseBytes-
#4122328	REDUCE cov: 50 ft: 427 corp: 175/3402b lim: 4096 exec/s: 458036 rss: 36Mb L: 16/34 MS: 4 CrossOver-InsertByte-PersAutoDict-EraseBytes- DE: "\377\377\377\377\377\377\377\377"-
#4194304	pulse  cov: 50 ft: 427 corp: 175/3402b lim: 4096 exec/s: 466033 rss: 36Mb
#4285520	REDUCE cov: 50 ft: 427 corp: 175/3400b lim: 4096 exec/s: 476168 rss: 36Mb L: 16/34 MS: 2 EraseBytes-PersAutoDict- DE: "\377@"-
#4293877	REDUCE cov: 50 ft: 427 corp: 175/3398b lim: 4096 exec/s: 477097 rss: 36Mb L: 18/34 MS: 2 ChangeByte-EraseBytes-
#5100276	REDUCE cov: 50 ft: 427 corp: 175/3396b lim: 4096 exec/s: 463661 rss: 36Mb L: 18/34 MS: 4 ChangeBinInt-InsertByte-EraseBytes-ChangeByte-
#5320849	REDUCE cov: 50 ft: 427 corp: 175/3394b lim: 4096 exec/s: 483713 rss: 36Mb L: 16/34 MS: 3 ChangeByte-EraseBytes-ChangeBinInt-
#5700694	REDUCE cov: 50 ft: 427 corp: 175/3389b lim: 4096 exec/s: 475057 rss: 36Mb L: 19/34 MS: 5 ChangeBit-ChangeBit-InsertByte-EraseBytes-InsertByte-
#5704956	REDUCE cov: 50 ft: 427 corp: 175/3387b lim: 4096 exec/s: 475413 rss: 36Mb L: 16/34 MS: 2 ChangeBit-EraseBytes-
#5825145	REDUCE cov: 50 ft: 427 corp: 175/3385b lim: 4096 exec/s: 448088 rss: 36Mb L: 16/34 MS: 4 EraseBytes-ChangeBit-ChangeBinInt-CrossOver-
#6261152	REDUCE cov: 50 ft: 427 corp: 175/3383b lim: 4096 exec/s: 447225 rss: 36Mb L: 16/34 MS: 2 EraseBytes-CopyPart-
#7098241	REDUCE cov: 50 ft: 427 corp: 175/3381b lim: 4096 exec/s: 473216 rss: 36Mb L: 16/34 MS: 4 ChangeByte-EraseBytes-ShuffleBytes-PersAutoDict- DE: "\377\377\377\377"-
#7131953	REDUCE cov: 50 ft: 427 corp: 175/3379b lim: 4096 exec/s: 475463 rss: 36Mb L: 16/34 MS: 2 PersAutoDict-EraseBytes- DE: "\377\377\377\377\377\377\377\032"-
#9059656	REDUCE cov: 50 ft: 427 corp: 175/3377b lim: 4096 exec/s: 452982 rss: 36Mb L: 16/34 MS: 3 ChangeByte-ChangeBit-EraseBytes-
#9641889	REDUCE cov: 50 ft: 427 corp: 175/3376b lim: 4096 exec/s: 459137 rss: 36Mb L: 15/34 MS: 3 EraseBytes-ChangeBit-CopyPart-
#10005852	REDUCE cov: 50 ft: 427 corp: 175/3372b lim: 4096 exec/s: 454811 rss: 36Mb L: 17/34 MS: 3 PersAutoDict-ChangeByte-EraseBytes- DE: "\377\377\377\377\377\377\377\032"-
#10893155	REDUCE cov: 50 ft: 427 corp: 175/3370b lim: 4096 exec/s: 453881 rss: 36Mb L: 16/34 MS: 3 EraseBytes-ChangeASCIIInt-ChangeByte-
#12598747	REDUCE cov: 50 ft: 427 corp: 175/3368b lim: 4096 exec/s: 449955 rss: 36Mb L: 16/34 MS: 2 PersAutoDict-EraseBytes- DE: "\377\377\377V"-
#15789964	REDUCE cov: 50 ft: 427 corp: 175/3365b lim: 4096 exec/s: 451141 rss: 36Mb L: 24/34 MS: 2 ShuffleBytes-EraseBytes-
#15887429	REDUCE cov: 50 ft: 427 corp: 175/3364b lim: 4096 exec/s: 453926 rss: 36Mb L: 15/34 MS: 5 ChangeBit-ChangeBinInt-InsertByte-EraseBytes-ChangeBit-
#16777216	pulse  cov: 50 ft: 427 corp: 175/3364b lim: 4096 exec/s: 453438 rss: 36Mb
#17254026	NEW    cov: 50 ft: 428 corp: 176/3397b lim: 4096 exec/s: 454053 rss: 36Mb L: 33/34 MS: 2 InsertByte-ChangeBinInt-
#17375607	NEW    cov: 50 ft: 430 corp: 177/3430b lim: 4096 exec/s: 457252 rss: 36Mb L: 33/34 MS: 1 ChangeBinInt-
#17380679	REDUCE cov: 50 ft: 430 corp: 177/3429b lim: 4096 exec/s: 457386 rss: 36Mb L: 32/34 MS: 2 CopyPart-EraseBytes-
#17399282	REDUCE cov: 50 ft: 431 corp: 178/3461b lim: 4096 exec/s: 457875 rss: 36Mb L: 32/34 MS: 3 CopyPart-ShuffleBytes-CopyPart-
#18457736	REDUCE cov: 50 ft: 431 corp: 178/3459b lim: 4096 exec/s: 450188 rss: 36Mb L: 16/34 MS: 4 ChangeByte-CopyPart-ChangeBit-EraseBytes-
#18833202	REDUCE cov: 50 ft: 431 corp: 178/3458b lim: 4096 exec/s: 448409 rss: 36Mb L: 32/34 MS: 1 EraseBytes-
#18898864	REDUCE cov: 50 ft: 431 corp: 178/3456b lim: 4096 exec/s: 449972 rss: 36Mb L: 16/34 MS: 2 EraseBytes-ShuffleBytes-
#21536977	REDUCE cov: 50 ft: 431 corp: 178/3454b lim: 4096 exec/s: 448687 rss: 36Mb L: 25/34 MS: 3 ChangeByte-ChangeBit-EraseBytes-
#23481908	NEW    cov: 50 ft: 432 corp: 179/3476b lim: 4096 exec/s: 451575 rss: 36Mb L: 22/34 MS: 1 ChangeASCIIInt-
#24745245	REDUCE cov: 50 ft: 432 corp: 179/3475b lim: 4096 exec/s: 449913 rss: 36Mb L: 16/34 MS: 2 EraseBytes-ChangeBit-
#26467667	REDUCE cov: 50 ft: 433 corp: 180/3507b lim: 4096 exec/s: 448604 rss: 36Mb L: 32/34 MS: 2 ChangeASCIIInt-CopyPart-
#26776297	REDUCE cov: 50 ft: 433 corp: 180/3505b lim: 4096 exec/s: 446271 rss: 36Mb L: 30/34 MS: 5 ShuffleBytes-ShuffleBytes-CMP-InsertByte-EraseBytes- DE: "\377U"-
#26922286	REDUCE cov: 50 ft: 433 corp: 180/3503b lim: 4096 exec/s: 448704 rss: 36Mb L: 28/34 MS: 4 InsertByte-InsertByte-EraseBytes-CopyPart-
#27135323	REDUCE cov: 50 ft: 433 corp: 180/3501b lim: 4096 exec/s: 452255 rss: 36Mb L: 26/34 MS: 2 ChangeBinInt-EraseBytes-
#27439811	REDUCE cov: 50 ft: 433 corp: 180/3495b lim: 4096 exec/s: 449832 rss: 36Mb L: 20/34 MS: 3 PersAutoDict-CopyPart-EraseBytes- DE: "\377\377\377\377\377\377\377\002"-
#29945204	REDUCE cov: 50 ft: 433 corp: 180/3491b lim: 4096 exec/s: 446943 rss: 36Mb L: 18/34 MS: 3 InsertByte-ShuffleBytes-EraseBytes-
#36007786	REDUCE cov: 50 ft: 433 corp: 180/3489b lim: 4096 exec/s: 450097 rss: 36Mb L: 16/34 MS: 2 CopyPart-EraseBytes-
#39072473	REDUCE cov: 50 ft: 433 corp: 180/3487b lim: 4096 exec/s: 449108 rss: 36Mb L: 23/34 MS: 2 CMP-EraseBytes- DE: "\377\377\377\377\377\377\377l"-
#39103816	REDUCE cov: 50 ft: 433 corp: 180/3482b lim: 4096 exec/s: 449469 rss: 36Mb L: 24/34 MS: 3 ChangeBit-ChangeBit-EraseBytes-
#40132288	REDUCE cov: 50 ft: 433 corp: 180/3480b lim: 4096 exec/s: 450924 rss: 36Mb L: 16/34 MS: 2 EraseBytes-ChangeBinInt-
#41771321	NEW    cov: 50 ft: 434 corp: 181/3505b lim: 4096 exec/s: 449153 rss: 36Mb L: 25/34 MS: 3 ChangeBit-ChangeByte-EraseBytes-
#42041029	REDUCE cov: 50 ft: 434 corp: 181/3502b lim: 4096 exec/s: 447244 rss: 36Mb L: 24/34 MS: 3 ShuffleBytes-ChangeBit-EraseBytes-
#49468773	REDUCE cov: 50 ft: 434 corp: 181/3499b lim: 4096 exec/s: 449716 rss: 36Mb L: 24/34 MS: 4 EraseBytes-ShuffleBytes-CopyPart-CopyPart-
#52897130	REDUCE cov: 50 ft: 434 corp: 181/3494b lim: 4096 exec/s: 448280 rss: 36Mb L: 19/34 MS: 2 EraseBytes-ChangeBinInt-
#53625414	REDUCE cov: 50 ft: 434 corp: 181/3486b lim: 4096 exec/s: 446878 rss: 36Mb L: 19/34 MS: 4 ChangeBit-EraseBytes-ShuffleBytes-ChangeBit-
#54417366	REDUCE cov: 50 ft: 434 corp: 181/3485b lim: 4096 exec/s: 446043 rss: 36Mb L: 15/34 MS: 2 ChangeBinInt-EraseBytes-
#57438389	REDUCE cov: 50 ft: 434 corp: 181/3477b lim: 4096 exec/s: 448737 rss: 36Mb L: 19/34 MS: 3 InsertByte-EraseBytes-ChangeBit-
#59805959	REDUCE cov: 50 ft: 434 corp: 181/3476b lim: 4096 exec/s: 446313 rss: 36Mb L: 15/34 MS: 5 InsertByte-EraseBytes-ChangeByte-ChangeBit-EraseBytes-
#63221752	REDUCE cov: 50 ft: 434 corp: 181/3471b lim: 4096 exec/s: 448381 rss: 36Mb L: 19/34 MS: 3 CMP-CrossOver-EraseBytes- DE: "\000\000\000w"-
#68517196	REDUCE cov: 50 ft: 434 corp: 181/3469b lim: 4096 exec/s: 447824 rss: 36Mb L: 22/34 MS: 4 EraseBytes-ChangeBit-InsertByte-ShuffleBytes-
#68994378	NEW    cov: 50 ft: 435 corp: 182/3491b lim: 4096 exec/s: 448015 rss: 36Mb L: 22/34 MS: 2 ChangeASCIIInt-CopyPart-
panic: found special char in iban [recovered]
	panic: found special char in iban

goroutine 17 [running, locked to thread]:
git.ultraware.nl/iddinkgroep/fundament-api.Fuzz.func1()
	git.ultraware.nl/iddinkgroep/fundament-api/fuzz.go:19 +0xa5
panic({0x55f8d34c5760?, 0x55f8d34d8c70?})
	runtime/panic.go:914 +0x21f
git.ultraware.nl/iddinkgroep/fundament-api.Fuzz({0xc0000ba558, 0x16})
	git.ultraware.nl/iddinkgroep/fundament-api/fuzz.go:34 +0x2b9
git.ultraware.nl/iddinkgroep/fundament-api.Fuzz_(...)
	git.ultraware.nl/iddinkgroep/fundament-api/fuzz.1527825026.go:6
main.LLVMFuzzerTestOneInput(...)
	./main.170485750.go:21
==24567== ERROR: libFuzzer: deadly signal
    #0 0x55f8d33e8630 in __sanitizer_print_stack_trace (/seedai/experiments/libfuzzer/source_iban/libfuzzer+0xaf630) (BuildId: 688cb25bec4564588da2a67f6a2b25148a0fd5d4)
    #1 0x55f8d33b4755 in fuzzer::PrintStackTrace() (/seedai/experiments/libfuzzer/source_iban/libfuzzer+0x7b755) (BuildId: 688cb25bec4564588da2a67f6a2b25148a0fd5d4)
    #2 0x55f8d33933a9 in fuzzer::Fuzzer::CrashCallback() (.part.0) FuzzerLoop.cpp.o
    #3 0x55f8d339346a in fuzzer::Fuzzer::StaticCrashSignalCallback() (/seedai/experiments/libfuzzer/source_iban/libfuzzer+0x5a46a) (BuildId: 688cb25bec4564588da2a67f6a2b25148a0fd5d4)
    #4 0x7fddc3c1870f  (/usr/lib/libc.so.6+0x3e70f) (BuildId: 316d0d3666387f0e8fb98773f51aa1801027c5ab)
    #5 0x55f8d3448160 in runtime.raise.abi0 runtime/sys_linux_amd64.s:153

NOTE: libFuzzer has rudimentary signal handlers.
      Combine libFuzzer with AddressSanitizer or similar for better crash reports.
SUMMARY: libFuzzer: deadly signal
MS: 1 ChangeByte-; base unit: d054d45dc133cbf90734bcc71f6c956b4247b1b8
0x44,0x45,0x41,0x30,0x2d,0x30,0x30,0x30,0x30,0x30,0x30,0x30,0x30,0x30,0x30,0x39,0x35,0x35,0x31,0x36,0x31,0x35,
DEA0-00000000009551615
artifact_prefix='./'; Test unit written to ./crash-a126f5bf9be716b57e45e2a58fc477efcbb6b3cb
Base64: REVBMC0wMDAwMDAwMDAwOTU1MTYxNQ==
