INFO: Running with entropic power schedule (0xFF, 100).
INFO: Seed: 2473719190
INFO: Loaded 1 modules   (70 inline 8-bit counters): 70 [0x5626f6495030, 0x5626f6495076), 
INFO: Loaded 1 PC tables (70 PCs): 70 [0xc000068000,0xc000068460), 
INFO:       24 files found in corpus
INFO: -max_len is not provided; libFuzzer will not generate inputs larger than 4096 bytes
INFO: seed corpus: files: 24 min: 4b max: 54b total: 450b rss: 30Mb
#25	INITED cov: 13 ft: 39 corp: 9/117b exec/s: 0 rss: 30Mb
#38	NEW    cov: 13 ft: 41 corp: 10/132b lim: 26 exec/s: 0 rss: 30Mb L: 15/26 MS: 3 EraseBytes-ChangeByte-CrossOver-
#55	NEW    cov: 13 ft: 42 corp: 11/146b lim: 26 exec/s: 0 rss: 30Mb L: 14/26 MS: 2 ShuffleBytes-InsertByte-
#61	NEW    cov: 13 ft: 44 corp: 12/163b lim: 26 exec/s: 0 rss: 30Mb L: 17/26 MS: 1 ChangeBit-
#64	REDUCE cov: 13 ft: 44 corp: 12/160b lim: 26 exec/s: 0 rss: 30Mb L: 3/26 MS: 3 ShuffleBytes-EraseBytes-EraseBytes-
#68	NEW    cov: 13 ft: 45 corp: 13/186b lim: 26 exec/s: 0 rss: 30Mb L: 26/26 MS: 4 ChangeBit-InsertRepeatedBytes-CMP-CMP- DE: "\000\000"-"\001\000\000\000\000\000\000\031"-
#74	REDUCE cov: 13 ft: 47 corp: 14/188b lim: 26 exec/s: 0 rss: 30Mb L: 2/26 MS: 1 CrossOver-
#86	NEW    cov: 13 ft: 48 corp: 15/211b lim: 26 exec/s: 0 rss: 30Mb L: 23/26 MS: 2 PersAutoDict-InsertByte- DE: "\001\000\000\000\000\000\000\031"-
#104	NEW    cov: 13 ft: 49 corp: 16/235b lim: 26 exec/s: 0 rss: 30Mb L: 24/26 MS: 3 InsertRepeatedBytes-ChangeBit-CrossOver-
#187	NEW    cov: 25 ft: 92 corp: 17/260b lim: 26 exec/s: 0 rss: 30Mb L: 25/26 MS: 3 InsertByte-ChangeBit-PersAutoDict- DE: "\000\000"-
#189	NEW    cov: 30 ft: 107 corp: 18/286b lim: 26 exec/s: 0 rss: 30Mb L: 26/26 MS: 2 ChangeASCIIInt-CopyPart-
#190	NEW    cov: 30 ft: 110 corp: 19/310b lim: 26 exec/s: 0 rss: 30Mb L: 24/26 MS: 1 PersAutoDict- DE: "\001\000\000\000\000\000\000\031"-
#268	REDUCE cov: 30 ft: 111 corp: 20/334b lim: 26 exec/s: 0 rss: 30Mb L: 24/26 MS: 3 ShuffleBytes-ChangeBit-InsertRepeatedBytes-
#325	NEW    cov: 30 ft: 121 corp: 21/358b lim: 26 exec/s: 0 rss: 30Mb L: 24/26 MS: 2 CMP-InsertByte- DE: "\012\000\000\000\000\000\000\000"-
#341	NEW    cov: 30 ft: 124 corp: 22/382b lim: 26 exec/s: 0 rss: 30Mb L: 24/26 MS: 1 InsertByte-
#366	REDUCE cov: 30 ft: 124 corp: 22/378b lim: 26 exec/s: 0 rss: 30Mb L: 20/26 MS: 5 ChangeBit-InsertByte-ChangeBit-ChangeBinInt-EraseBytes-
#388	NEW    cov: 30 ft: 127 corp: 23/402b lim: 26 exec/s: 0 rss: 30Mb L: 24/26 MS: 2 CopyPart-CrossOver-
#409	NEW    cov: 30 ft: 129 corp: 24/427b lim: 26 exec/s: 0 rss: 30Mb L: 25/26 MS: 1 ChangeByte-
#465	REDUCE cov: 30 ft: 130 corp: 25/448b lim: 26 exec/s: 0 rss: 30Mb L: 21/26 MS: 1 InsertByte-
#500	NEW    cov: 30 ft: 131 corp: 26/468b lim: 26 exec/s: 0 rss: 30Mb L: 20/26 MS: 5 PersAutoDict-CrossOver-ShuffleBytes-EraseBytes-InsertByte- DE: "\000\000"-
#536	NEW    cov: 30 ft: 132 corp: 27/492b lim: 26 exec/s: 0 rss: 30Mb L: 24/26 MS: 1 ChangeByte-
#588	NEW    cov: 30 ft: 133 corp: 28/515b lim: 26 exec/s: 0 rss: 30Mb L: 23/26 MS: 2 CrossOver-InsertRepeatedBytes-
#821	REDUCE cov: 30 ft: 133 corp: 28/514b lim: 26 exec/s: 0 rss: 30Mb L: 19/26 MS: 3 CopyPart-CrossOver-CopyPart-
#879	NEW    cov: 32 ft: 152 corp: 29/537b lim: 26 exec/s: 0 rss: 30Mb L: 23/26 MS: 3 CopyPart-ChangeBinInt-EraseBytes-
#1138	NEW    cov: 32 ft: 153 corp: 30/558b lim: 26 exec/s: 0 rss: 30Mb L: 21/26 MS: 4 ChangeByte-ChangeByte-ChangeBit-EraseBytes-
#1194	NEW    cov: 32 ft: 155 corp: 31/582b lim: 26 exec/s: 0 rss: 30Mb L: 24/26 MS: 1 CMP- DE: "\001\000"-
#1221	NEW    cov: 32 ft: 156 corp: 32/602b lim: 26 exec/s: 0 rss: 30Mb L: 20/26 MS: 2 EraseBytes-InsertRepeatedBytes-
#1350	REDUCE cov: 32 ft: 156 corp: 32/601b lim: 26 exec/s: 0 rss: 30Mb L: 18/26 MS: 4 ShuffleBytes-ChangeByte-ShuffleBytes-EraseBytes-
#1586	NEW    cov: 32 ft: 159 corp: 33/624b lim: 26 exec/s: 0 rss: 30Mb L: 23/26 MS: 1 CopyPart-
#1713	NEW    cov: 32 ft: 160 corp: 34/650b lim: 26 exec/s: 0 rss: 30Mb L: 26/26 MS: 2 ChangeByte-ChangeByte-
#1754	NEW    cov: 32 ft: 164 corp: 35/673b lim: 26 exec/s: 0 rss: 30Mb L: 23/26 MS: 1 ChangeBinInt-
#1780	NEW    cov: 32 ft: 165 corp: 36/699b lim: 26 exec/s: 0 rss: 30Mb L: 26/26 MS: 1 ShuffleBytes-
#1796	NEW    cov: 32 ft: 167 corp: 37/722b lim: 26 exec/s: 0 rss: 30Mb L: 23/26 MS: 1 ShuffleBytes-
#1817	NEW    cov: 32 ft: 168 corp: 38/745b lim: 26 exec/s: 0 rss: 30Mb L: 23/26 MS: 1 ChangeByte-
#1842	REDUCE cov: 32 ft: 168 corp: 38/743b lim: 26 exec/s: 0 rss: 30Mb L: 23/26 MS: 5 EraseBytes-PersAutoDict-ChangeBinInt-ChangeBinInt-ChangeBit- DE: "\000\000"-
#1848	NEW    cov: 32 ft: 169 corp: 39/766b lim: 26 exec/s: 0 rss: 30Mb L: 23/26 MS: 1 ShuffleBytes-
#1888	NEW    cov: 32 ft: 171 corp: 40/791b lim: 26 exec/s: 0 rss: 30Mb L: 25/26 MS: 5 InsertByte-ShuffleBytes-InsertByte-CrossOver-InsertByte-
#1914	NEW    cov: 32 ft: 172 corp: 41/814b lim: 26 exec/s: 0 rss: 30Mb L: 23/26 MS: 1 PersAutoDict- DE: "\001\000"-
#2110	NEW    cov: 32 ft: 174 corp: 42/837b lim: 26 exec/s: 0 rss: 31Mb L: 23/26 MS: 1 ShuffleBytes-
#2315	REDUCE cov: 32 ft: 174 corp: 42/835b lim: 26 exec/s: 0 rss: 31Mb L: 24/26 MS: 5 PersAutoDict-ShuffleBytes-CopyPart-PersAutoDict-EraseBytes- DE: "\001\000\000\000\000\000\000\031"-"\001\000\000\000\000\000\000\031"-
#2721	NEW    cov: 32 ft: 175 corp: 43/862b lim: 30 exec/s: 0 rss: 31Mb L: 27/27 MS: 1 InsertByte-
#2736	NEW    cov: 32 ft: 182 corp: 44/885b lim: 30 exec/s: 0 rss: 31Mb L: 23/27 MS: 5 CopyPart-ShuffleBytes-ChangeByte-ShuffleBytes-CopyPart-
#2759	NEW    cov: 32 ft: 183 corp: 45/914b lim: 30 exec/s: 0 rss: 31Mb L: 29/29 MS: 3 ChangeBinInt-InsertByte-CopyPart-
#3033	REDUCE cov: 32 ft: 183 corp: 45/913b lim: 30 exec/s: 0 rss: 31Mb L: 17/29 MS: 4 ChangeBit-CrossOver-ChangeBinInt-EraseBytes-
#3034	NEW    cov: 32 ft: 191 corp: 46/936b lim: 30 exec/s: 0 rss: 31Mb L: 23/29 MS: 1 ChangeByte-
#3422	REDUCE cov: 32 ft: 192 corp: 47/965b lim: 30 exec/s: 0 rss: 31Mb L: 29/29 MS: 3 ChangeByte-InsertRepeatedBytes-ChangeBit-
#3693	NEW    cov: 33 ft: 193 corp: 48/988b lim: 30 exec/s: 0 rss: 31Mb L: 23/29 MS: 1 ChangeByte-
#3921	NEW    cov: 33 ft: 195 corp: 49/1011b lim: 30 exec/s: 0 rss: 31Mb L: 23/29 MS: 3 ShuffleBytes-ChangeBit-ShuffleBytes-
#4088	NEW    cov: 33 ft: 196 corp: 50/1034b lim: 30 exec/s: 0 rss: 31Mb L: 23/29 MS: 2 ShuffleBytes-CrossOver-
#4180	NEW    cov: 33 ft: 198 corp: 51/1057b lim: 30 exec/s: 0 rss: 31Mb L: 23/29 MS: 2 ShuffleBytes-CrossOver-
#4408	REDUCE cov: 33 ft: 198 corp: 51/1054b lim: 30 exec/s: 0 rss: 31Mb L: 21/29 MS: 3 InsertByte-PersAutoDict-EraseBytes- DE: "\000\000"-
#4776	NEW    cov: 33 ft: 200 corp: 52/1076b lim: 30 exec/s: 0 rss: 31Mb L: 22/29 MS: 3 CopyPart-ChangeBit-EraseBytes-
#4849	REDUCE cov: 33 ft: 200 corp: 52/1075b lim: 30 exec/s: 0 rss: 31Mb L: 16/29 MS: 3 EraseBytes-EraseBytes-CrossOver-
#5257	NEW    cov: 33 ft: 202 corp: 53/1109b lim: 34 exec/s: 0 rss: 31Mb L: 34/34 MS: 3 ChangeBinInt-ChangeByte-InsertRepeatedBytes-
#5264	NEW    cov: 33 ft: 203 corp: 54/1142b lim: 34 exec/s: 0 rss: 31Mb L: 33/34 MS: 2 ChangeBinInt-InsertRepeatedBytes-
#5306	NEW    cov: 33 ft: 204 corp: 55/1173b lim: 34 exec/s: 0 rss: 31Mb L: 31/34 MS: 2 ChangeASCIIInt-InsertRepeatedBytes-
#5602	NEW    cov: 33 ft: 205 corp: 56/1196b lim: 34 exec/s: 0 rss: 31Mb L: 23/34 MS: 1 ChangeByte-
#5628	REDUCE cov: 33 ft: 205 corp: 56/1195b lim: 34 exec/s: 0 rss: 31Mb L: 15/34 MS: 1 EraseBytes-
#5666	REDUCE cov: 33 ft: 205 corp: 56/1194b lim: 34 exec/s: 0 rss: 31Mb L: 25/34 MS: 3 ChangeBit-ShuffleBytes-EraseBytes-
#5702	NEW    cov: 33 ft: 206 corp: 57/1217b lim: 34 exec/s: 0 rss: 31Mb L: 23/34 MS: 1 ChangeBit-
#6328	NEW    cov: 33 ft: 208 corp: 58/1240b lim: 39 exec/s: 0 rss: 32Mb L: 23/34 MS: 1 ShuffleBytes-
#6497	REDUCE cov: 33 ft: 208 corp: 58/1239b lim: 39 exec/s: 0 rss: 32Mb L: 16/34 MS: 4 ChangeBit-ChangeASCIIInt-ChangeASCIIInt-EraseBytes-
#6568	NEW    cov: 33 ft: 209 corp: 59/1262b lim: 39 exec/s: 0 rss: 32Mb L: 23/34 MS: 1 ChangeBit-
#6794	REDUCE cov: 33 ft: 209 corp: 59/1261b lim: 39 exec/s: 0 rss: 32Mb L: 22/34 MS: 1 EraseBytes-
#7171	NEW    cov: 33 ft: 211 corp: 60/1284b lim: 39 exec/s: 0 rss: 32Mb L: 23/34 MS: 2 CopyPart-ShuffleBytes-
#7987	REDUCE cov: 33 ft: 213 corp: 61/1306b lim: 44 exec/s: 0 rss: 32Mb L: 22/34 MS: 1 ShuffleBytes-
#8016	REDUCE cov: 33 ft: 213 corp: 61/1305b lim: 44 exec/s: 0 rss: 32Mb L: 24/34 MS: 4 ChangeASCIIInt-EraseBytes-CMP-PersAutoDict- DE: "\001\000\000\000\000\000\000\016"-"\000\000"-
#8594	REDUCE cov: 33 ft: 213 corp: 61/1298b lim: 49 exec/s: 0 rss: 32Mb L: 17/34 MS: 3 CMP-ShuffleBytes-EraseBytes- DE: "\377\377\377\377\377\377\377!"-
#10090	NEW    cov: 33 ft: 214 corp: 62/1321b lim: 59 exec/s: 0 rss: 32Mb L: 23/34 MS: 1 CrossOver-
#10272	REDUCE cov: 33 ft: 214 corp: 62/1319b lim: 59 exec/s: 0 rss: 32Mb L: 18/34 MS: 2 CopyPart-EraseBytes-
#10843	REDUCE cov: 33 ft: 214 corp: 62/1318b lim: 64 exec/s: 0 rss: 33Mb L: 21/34 MS: 1 EraseBytes-
#12045	REDUCE cov: 33 ft: 214 corp: 62/1317b lim: 70 exec/s: 0 rss: 33Mb L: 22/34 MS: 2 ShuffleBytes-EraseBytes-
#12410	REDUCE cov: 33 ft: 214 corp: 62/1313b lim: 70 exec/s: 0 rss: 33Mb L: 20/34 MS: 5 ChangeASCIIInt-EraseBytes-PersAutoDict-CopyPart-ChangeByte- DE: "\001\000\000\000\000\000\000\016"-
#13291	NEW    cov: 33 ft: 216 corp: 63/1336b lim: 76 exec/s: 0 rss: 33Mb L: 23/34 MS: 1 ChangeByte-
#14269	REDUCE cov: 33 ft: 216 corp: 63/1335b lim: 82 exec/s: 0 rss: 33Mb L: 22/34 MS: 3 ChangeASCIIInt-ChangeASCIIInt-EraseBytes-
#14480	NEW    cov: 46 ft: 272 corp: 64/1358b lim: 82 exec/s: 0 rss: 33Mb L: 23/34 MS: 1 ShuffleBytes-
#15896	REDUCE cov: 46 ft: 272 corp: 64/1357b lim: 94 exec/s: 0 rss: 34Mb L: 15/34 MS: 1 EraseBytes-
#15900	REDUCE cov: 46 ft: 272 corp: 64/1355b lim: 94 exec/s: 0 rss: 34Mb L: 18/34 MS: 4 ShuffleBytes-EraseBytes-ChangeByte-CopyPart-
#16916	REDUCE cov: 46 ft: 272 corp: 64/1354b lim: 100 exec/s: 0 rss: 34Mb L: 22/34 MS: 1 EraseBytes-
#18568	REDUCE cov: 46 ft: 272 corp: 64/1353b lim: 112 exec/s: 0 rss: 34Mb L: 16/34 MS: 2 CrossOver-EraseBytes-
#20009	REDUCE cov: 46 ft: 272 corp: 64/1352b lim: 124 exec/s: 0 rss: 34Mb L: 22/34 MS: 1 EraseBytes-
#22248	REDUCE cov: 46 ft: 272 corp: 64/1347b lim: 144 exec/s: 0 rss: 34Mb L: 24/34 MS: 4 EraseBytes-ChangeBit-PersAutoDict-ChangeByte- DE: "\001\000"-
#23659	NEW    cov: 46 ft: 273 corp: 65/1371b lim: 158 exec/s: 0 rss: 34Mb L: 24/34 MS: 1 ChangeBinInt-
#24568	REDUCE cov: 46 ft: 273 corp: 65/1368b lim: 165 exec/s: 0 rss: 34Mb L: 23/34 MS: 4 PersAutoDict-CMP-CopyPart-EraseBytes- DE: "\000\000"-"\377y"-
#25174	NEW    cov: 46 ft: 274 corp: 66/1391b lim: 165 exec/s: 0 rss: 34Mb L: 23/34 MS: 1 ChangeBit-
#26130	NEW    cov: 46 ft: 275 corp: 67/1414b lim: 172 exec/s: 0 rss: 34Mb L: 23/34 MS: 1 ChangeBit-
#26233	REDUCE cov: 46 ft: 275 corp: 67/1413b lim: 172 exec/s: 0 rss: 34Mb L: 22/34 MS: 3 CopyPart-EraseBytes-ChangeBit-
#26480	REDUCE cov: 46 ft: 275 corp: 67/1412b lim: 172 exec/s: 0 rss: 34Mb L: 22/34 MS: 2 ShuffleBytes-EraseBytes-
#27641	REDUCE cov: 46 ft: 277 corp: 68/1434b lim: 179 exec/s: 0 rss: 34Mb L: 22/34 MS: 1 ShuffleBytes-
#27741	REDUCE cov: 46 ft: 277 corp: 68/1433b lim: 179 exec/s: 0 rss: 34Mb L: 17/34 MS: 5 ChangeByte-EraseBytes-ChangeBinInt-CopyPart-PersAutoDict- DE: "\000\000"-
#28752	NEW    cov: 46 ft: 279 corp: 69/1456b lim: 186 exec/s: 0 rss: 34Mb L: 23/34 MS: 1 ChangeBit-
#31040	REDUCE cov: 46 ft: 280 corp: 70/1472b lim: 207 exec/s: 0 rss: 34Mb L: 16/34 MS: 3 ChangeBinInt-EraseBytes-ChangeBit-
#31886	REDUCE cov: 46 ft: 282 corp: 71/1494b lim: 214 exec/s: 0 rss: 34Mb L: 22/34 MS: 1 ShuffleBytes-
#32502	NEW    cov: 46 ft: 284 corp: 72/1517b lim: 214 exec/s: 0 rss: 34Mb L: 23/34 MS: 1 ShuffleBytes-
#32539	REDUCE cov: 46 ft: 284 corp: 72/1516b lim: 214 exec/s: 0 rss: 34Mb L: 22/34 MS: 2 ChangeBit-EraseBytes-
#33522	NEW    cov: 46 ft: 285 corp: 73/1540b lim: 221 exec/s: 0 rss: 34Mb L: 24/34 MS: 3 ChangeBit-ChangeBit-ChangeBinInt-
#33569	REDUCE cov: 46 ft: 285 corp: 73/1538b lim: 221 exec/s: 0 rss: 34Mb L: 21/34 MS: 2 EraseBytes-ChangeBinInt-
#33861	NEW    cov: 47 ft: 288 corp: 74/1561b lim: 221 exec/s: 0 rss: 34Mb L: 23/34 MS: 2 ShuffleBytes-ChangeByte-
#34842	REDUCE cov: 47 ft: 288 corp: 74/1560b lim: 228 exec/s: 0 rss: 34Mb L: 22/34 MS: 1 EraseBytes-
#37018	NEW    cov: 49 ft: 300 corp: 75/1582b lim: 249 exec/s: 0 rss: 35Mb L: 22/34 MS: 1 ShuffleBytes-
#38907	NEW    cov: 49 ft: 301 corp: 76/1597b lim: 264 exec/s: 0 rss: 35Mb L: 15/34 MS: 4 CMP-EraseBytes-ShuffleBytes-ChangeBit- DE: "\003\000\000\000\000\000\000\000"-
#40606	REDUCE cov: 49 ft: 301 corp: 76/1595b lim: 280 exec/s: 0 rss: 35Mb L: 19/34 MS: 4 CopyPart-EraseBytes-InsertByte-InsertByte-
#44772	REDUCE cov: 49 ft: 301 corp: 76/1594b lim: 320 exec/s: 0 rss: 35Mb L: 23/34 MS: 1 EraseBytes-
#44828	REDUCE cov: 49 ft: 301 corp: 76/1593b lim: 320 exec/s: 0 rss: 35Mb L: 22/34 MS: 1 EraseBytes-
#45265	REDUCE cov: 49 ft: 301 corp: 76/1592b lim: 320 exec/s: 0 rss: 35Mb L: 21/34 MS: 2 CrossOver-EraseBytes-
#45511	REDUCE cov: 49 ft: 301 corp: 76/1591b lim: 320 exec/s: 0 rss: 35Mb L: 21/34 MS: 1 EraseBytes-
#45997	REDUCE cov: 49 ft: 301 corp: 76/1590b lim: 320 exec/s: 0 rss: 35Mb L: 21/34 MS: 1 EraseBytes-
#53424	NEW    cov: 49 ft: 304 corp: 77/1612b lim: 392 exec/s: 0 rss: 35Mb L: 22/34 MS: 2 ChangeBinInt-ChangeASCIIInt-
#53480	NEW    cov: 49 ft: 306 corp: 78/1634b lim: 392 exec/s: 0 rss: 35Mb L: 22/34 MS: 1 ChangeBinInt-
#53653	REDUCE cov: 49 ft: 306 corp: 78/1632b lim: 392 exec/s: 0 rss: 35Mb L: 23/34 MS: 3 ChangeBinInt-ChangeByte-EraseBytes-
#54350	REDUCE cov: 49 ft: 306 corp: 78/1631b lim: 392 exec/s: 0 rss: 35Mb L: 23/34 MS: 2 ChangeByte-EraseBytes-
#64498	REDUCE cov: 49 ft: 306 corp: 78/1630b lim: 488 exec/s: 0 rss: 35Mb L: 20/34 MS: 3 InsertByte-EraseBytes-ChangeBit-
#66764	REDUCE cov: 49 ft: 306 corp: 78/1629b lim: 504 exec/s: 0 rss: 35Mb L: 21/34 MS: 1 EraseBytes-
#69402	REDUCE cov: 49 ft: 306 corp: 78/1626b lim: 530 exec/s: 0 rss: 35Mb L: 20/34 MS: 3 CopyPart-EraseBytes-PersAutoDict- DE: "\012\000\000\000\000\000\000\000"-
#70269	REDUCE cov: 49 ft: 306 corp: 78/1625b lim: 530 exec/s: 0 rss: 35Mb L: 19/34 MS: 2 EraseBytes-InsertRepeatedBytes-
#70438	REDUCE cov: 49 ft: 306 corp: 78/1624b lim: 530 exec/s: 0 rss: 35Mb L: 21/34 MS: 4 ShuffleBytes-CopyPart-ChangeBinInt-EraseBytes-
#70552	NEW    cov: 49 ft: 307 corp: 79/1645b lim: 530 exec/s: 0 rss: 35Mb L: 21/34 MS: 4 CopyPart-CrossOver-ShuffleBytes-CopyPart-
#71019	REDUCE cov: 49 ft: 307 corp: 79/1643b lim: 530 exec/s: 0 rss: 35Mb L: 19/34 MS: 2 PersAutoDict-EraseBytes- DE: "\377y"-
#73347	REDUCE cov: 49 ft: 307 corp: 79/1641b lim: 548 exec/s: 0 rss: 35Mb L: 21/34 MS: 3 ShuffleBytes-EraseBytes-ChangeBit-
#73743	NEW    cov: 49 ft: 308 corp: 80/1664b lim: 548 exec/s: 0 rss: 35Mb L: 23/34 MS: 1 ChangeBit-
#74253	REDUCE cov: 49 ft: 308 corp: 80/1663b lim: 548 exec/s: 0 rss: 35Mb L: 18/34 MS: 5 PersAutoDict-PersAutoDict-CrossOver-ChangeByte-EraseBytes- DE: "\003\000\000\000\000\000\000\000"-"\001\000"-
#74498	REDUCE cov: 49 ft: 308 corp: 80/1662b lim: 548 exec/s: 0 rss: 35Mb L: 17/34 MS: 5 CrossOver-EraseBytes-CopyPart-ShuffleBytes-EraseBytes-
#75396	REDUCE cov: 49 ft: 308 corp: 80/1661b lim: 548 exec/s: 0 rss: 35Mb L: 16/34 MS: 3 InsertByte-ChangeBinInt-EraseBytes-
#76195	REDUCE cov: 49 ft: 308 corp: 80/1660b lim: 548 exec/s: 0 rss: 35Mb L: 25/34 MS: 4 ShuffleBytes-EraseBytes-CMP-CopyPart- DE: "\021\000\000\000\000\000\000\000"-
#76891	REDUCE cov: 49 ft: 313 corp: 81/1681b lim: 548 exec/s: 0 rss: 35Mb L: 21/34 MS: 1 CrossOver-
#77068	NEW    cov: 49 ft: 316 corp: 82/1703b lim: 548 exec/s: 0 rss: 35Mb L: 22/34 MS: 2 ChangeASCIIInt-ChangeBit-
#79419	REDUCE cov: 49 ft: 316 corp: 82/1702b lim: 566 exec/s: 0 rss: 35Mb L: 22/34 MS: 1 EraseBytes-
#79811	NEW    cov: 49 ft: 318 corp: 83/1724b lim: 566 exec/s: 0 rss: 35Mb L: 22/34 MS: 2 ChangeBit-ChangeASCIIInt-
#82992	REDUCE cov: 49 ft: 318 corp: 83/1723b lim: 593 exec/s: 0 rss: 35Mb L: 15/34 MS: 1 EraseBytes-
#83675	NEW    cov: 49 ft: 319 corp: 84/1745b lim: 593 exec/s: 0 rss: 35Mb L: 22/34 MS: 3 ChangeBit-ShuffleBytes-ChangeByte-
#84201	REDUCE cov: 49 ft: 319 corp: 84/1744b lim: 593 exec/s: 0 rss: 35Mb L: 22/34 MS: 1 EraseBytes-
#85834	REDUCE cov: 49 ft: 319 corp: 84/1743b lim: 602 exec/s: 0 rss: 35Mb L: 20/34 MS: 3 ChangeByte-InsertRepeatedBytes-EraseBytes-
#86367	REDUCE cov: 49 ft: 319 corp: 84/1742b lim: 602 exec/s: 0 rss: 35Mb L: 22/34 MS: 3 EraseBytes-ChangeBit-InsertByte-
#88125	REDUCE cov: 49 ft: 319 corp: 84/1741b lim: 611 exec/s: 0 rss: 35Mb L: 22/34 MS: 3 ChangeBit-EraseBytes-ChangeByte-
#88387	REDUCE cov: 49 ft: 319 corp: 84/1740b lim: 611 exec/s: 0 rss: 35Mb L: 22/34 MS: 2 ChangeByte-EraseBytes-
#90426	REDUCE cov: 49 ft: 319 corp: 84/1738b lim: 629 exec/s: 0 rss: 35Mb L: 22/34 MS: 4 ChangeByte-ShuffleBytes-PersAutoDict-EraseBytes- DE: "\377y"-
#93483	REDUCE cov: 49 ft: 319 corp: 84/1737b lim: 656 exec/s: 0 rss: 35Mb L: 22/34 MS: 2 ShuffleBytes-EraseBytes-
#95485	REDUCE cov: 49 ft: 319 corp: 84/1735b lim: 674 exec/s: 0 rss: 35Mb L: 23/34 MS: 2 CopyPart-EraseBytes-
#96705	REDUCE cov: 49 ft: 319 corp: 84/1733b lim: 683 exec/s: 0 rss: 35Mb L: 21/34 MS: 5 ChangeByte-ChangeByte-CMP-CMP-EraseBytes- DE: "\000\000\000h"-"\031\000\000\000\000\000\000\000"-
#97627	REDUCE cov: 49 ft: 319 corp: 84/1732b lim: 692 exec/s: 0 rss: 35Mb L: 22/34 MS: 2 CopyPart-EraseBytes-
#98923	REDUCE cov: 49 ft: 319 corp: 84/1731b lim: 701 exec/s: 0 rss: 35Mb L: 22/34 MS: 1 EraseBytes-
#100049	REDUCE cov: 49 ft: 319 corp: 84/1730b lim: 710 exec/s: 0 rss: 35Mb L: 22/34 MS: 1 EraseBytes-
#101436	REDUCE cov: 49 ft: 321 corp: 85/1752b lim: 719 exec/s: 0 rss: 35Mb L: 22/34 MS: 2 CopyPart-ChangeBinInt-
#102763	REDUCE cov: 49 ft: 321 corp: 85/1750b lim: 728 exec/s: 0 rss: 35Mb L: 17/34 MS: 2 ChangeBit-EraseBytes-
#105019	REDUCE cov: 49 ft: 321 corp: 85/1749b lim: 746 exec/s: 0 rss: 35Mb L: 21/34 MS: 1 EraseBytes-
#108695	REDUCE cov: 49 ft: 322 corp: 86/1772b lim: 782 exec/s: 0 rss: 35Mb L: 23/34 MS: 1 ChangeBit-
#109011	REDUCE cov: 49 ft: 322 corp: 86/1771b lim: 782 exec/s: 0 rss: 35Mb L: 22/34 MS: 1 EraseBytes-
#109419	REDUCE cov: 49 ft: 322 corp: 86/1768b lim: 782 exec/s: 0 rss: 35Mb L: 19/34 MS: 3 ChangeByte-EraseBytes-PersAutoDict- DE: "\000\000\000h"-
#113420	REDUCE cov: 49 ft: 322 corp: 86/1767b lim: 818 exec/s: 0 rss: 35Mb L: 21/34 MS: 1 EraseBytes-
#115444	REDUCE cov: 49 ft: 322 corp: 86/1766b lim: 836 exec/s: 0 rss: 35Mb L: 22/34 MS: 4 EraseBytes-ChangeASCIIInt-ShuffleBytes-CrossOver-
#118080	REDUCE cov: 49 ft: 322 corp: 86/1765b lim: 854 exec/s: 0 rss: 35Mb L: 20/34 MS: 1 EraseBytes-
#118433	REDUCE cov: 49 ft: 322 corp: 86/1762b lim: 854 exec/s: 0 rss: 35Mb L: 20/34 MS: 3 ChangeByte-ChangeASCIIInt-EraseBytes-
#119064	REDUCE cov: 49 ft: 322 corp: 86/1761b lim: 854 exec/s: 0 rss: 35Mb L: 22/34 MS: 1 EraseBytes-
#119410	REDUCE cov: 49 ft: 322 corp: 86/1760b lim: 854 exec/s: 0 rss: 35Mb L: 20/34 MS: 1 EraseBytes-
#119416	REDUCE cov: 49 ft: 322 corp: 86/1759b lim: 854 exec/s: 0 rss: 35Mb L: 21/34 MS: 1 EraseBytes-
#123658	REDUCE cov: 49 ft: 322 corp: 86/1758b lim: 890 exec/s: 0 rss: 35Mb L: 23/34 MS: 2 ChangeBit-EraseBytes-
#123802	NEW    cov: 49 ft: 324 corp: 87/1780b lim: 890 exec/s: 0 rss: 35Mb L: 22/34 MS: 4 ShuffleBytes-ChangeASCIIInt-EraseBytes-CopyPart-
#126928	REDUCE cov: 49 ft: 324 corp: 87/1779b lim: 917 exec/s: 0 rss: 35Mb L: 20/34 MS: 1 EraseBytes-
#127795	REDUCE cov: 49 ft: 324 corp: 87/1778b lim: 917 exec/s: 0 rss: 35Mb L: 22/34 MS: 2 EraseBytes-PersAutoDict- DE: "\000\000"-
#130451	REDUCE cov: 49 ft: 324 corp: 87/1777b lim: 935 exec/s: 0 rss: 35Mb L: 22/34 MS: 1 EraseBytes-
#130916	REDUCE cov: 49 ft: 324 corp: 87/1772b lim: 935 exec/s: 0 rss: 35Mb L: 19/34 MS: 5 ChangeBit-InsertByte-EraseBytes-EraseBytes-PersAutoDict- DE: "\377\377\377\377\377\377\377!"-
#131503	REDUCE cov: 49 ft: 324 corp: 87/1770b lim: 935 exec/s: 0 rss: 35Mb L: 18/34 MS: 2 ChangeByte-EraseBytes-
#133089	REDUCE cov: 49 ft: 324 corp: 87/1769b lim: 944 exec/s: 0 rss: 35Mb L: 18/34 MS: 1 EraseBytes-
#133585	REDUCE cov: 49 ft: 324 corp: 87/1768b lim: 944 exec/s: 0 rss: 35Mb L: 21/34 MS: 1 EraseBytes-
#133659	REDUCE cov: 49 ft: 324 corp: 87/1766b lim: 944 exec/s: 0 rss: 35Mb L: 21/34 MS: 4 CMP-EraseBytes-CopyPart-PersAutoDict- DE: "\036\000\000\000\000\000\000\000"-"\001\000"-
#140425	REDUCE cov: 49 ft: 324 corp: 87/1765b lim: 1007 exec/s: 0 rss: 35Mb L: 21/34 MS: 1 EraseBytes-
#141881	REDUCE cov: 49 ft: 324 corp: 87/1764b lim: 1016 exec/s: 0 rss: 35Mb L: 19/34 MS: 1 EraseBytes-
#143527	REDUCE cov: 49 ft: 324 corp: 87/1763b lim: 1025 exec/s: 0 rss: 35Mb L: 21/34 MS: 1 EraseBytes-
#144688	NEW    cov: 49 ft: 326 corp: 88/1785b lim: 1035 exec/s: 0 rss: 35Mb L: 22/34 MS: 1 ChangeBinInt-
#145435	REDUCE cov: 49 ft: 328 corp: 89/1806b lim: 1035 exec/s: 0 rss: 35Mb L: 21/34 MS: 2 ChangeASCIIInt-ChangeASCIIInt-
#145786	REDUCE cov: 49 ft: 328 corp: 89/1805b lim: 1035 exec/s: 0 rss: 35Mb L: 20/34 MS: 1 EraseBytes-
#146253	REDUCE cov: 49 ft: 328 corp: 89/1804b lim: 1035 exec/s: 0 rss: 35Mb L: 21/34 MS: 2 InsertByte-EraseBytes-
#146966	REDUCE cov: 49 ft: 328 corp: 89/1802b lim: 1035 exec/s: 0 rss: 35Mb L: 19/34 MS: 3 EraseBytes-ChangeByte-ChangeBinInt-
#146989	REDUCE cov: 49 ft: 328 corp: 89/1800b lim: 1035 exec/s: 0 rss: 35Mb L: 16/34 MS: 3 ChangeByte-ShuffleBytes-EraseBytes-
#150646	NEW    cov: 49 ft: 330 corp: 90/1822b lim: 1065 exec/s: 0 rss: 35Mb L: 22/34 MS: 2 ChangeBinInt-ShuffleBytes-
#151607	REDUCE cov: 49 ft: 330 corp: 90/1821b lim: 1065 exec/s: 0 rss: 35Mb L: 21/34 MS: 1 EraseBytes-
#152952	REDUCE cov: 49 ft: 330 corp: 90/1820b lim: 1075 exec/s: 0 rss: 35Mb L: 24/34 MS: 5 ChangeBinInt-EraseBytes-ChangeBit-CopyPart-InsertByte-
#160720	REDUCE cov: 49 ft: 330 corp: 90/1818b lim: 1145 exec/s: 0 rss: 35Mb L: 20/34 MS: 3 EraseBytes-ChangeByte-EraseBytes-
#160747	REDUCE cov: 49 ft: 330 corp: 90/1817b lim: 1145 exec/s: 0 rss: 35Mb L: 20/34 MS: 2 ShuffleBytes-EraseBytes-
#163503	REDUCE cov: 49 ft: 330 corp: 90/1816b lim: 1165 exec/s: 0 rss: 35Mb L: 25/34 MS: 1 EraseBytes-
#166653	NEW    cov: 49 ft: 331 corp: 91/1837b lim: 1195 exec/s: 0 rss: 35Mb L: 21/34 MS: 5 ChangeBit-ChangeByte-ChangeBit-InsertByte-InsertRepeatedBytes-
#169036	REDUCE cov: 49 ft: 331 corp: 91/1832b lim: 1215 exec/s: 0 rss: 35Mb L: 15/34 MS: 3 EraseBytes-ChangeByte-CMP- DE: "\377\377\377b"-
#169284	REDUCE cov: 49 ft: 331 corp: 91/1831b lim: 1215 exec/s: 0 rss: 35Mb L: 22/34 MS: 3 EraseBytes-ChangeBit-ChangeByte-
#170435	REDUCE cov: 49 ft: 331 corp: 91/1830b lim: 1225 exec/s: 0 rss: 35Mb L: 21/34 MS: 1 EraseBytes-
#178854	REDUCE cov: 49 ft: 331 corp: 91/1829b lim: 1305 exec/s: 0 rss: 35Mb L: 15/34 MS: 4 ShuffleBytes-ShuffleBytes-CMP-EraseBytes- DE: "\000\000\000z"-
#179475	REDUCE cov: 49 ft: 331 corp: 91/1828b lim: 1305 exec/s: 0 rss: 35Mb L: 21/34 MS: 1 EraseBytes-
#180176	REDUCE cov: 49 ft: 331 corp: 91/1827b lim: 1305 exec/s: 0 rss: 35Mb L: 21/34 MS: 1 EraseBytes-
#183362	REDUCE cov: 49 ft: 331 corp: 91/1826b lim: 1335 exec/s: 0 rss: 35Mb L: 20/34 MS: 1 EraseBytes-
#185853	REDUCE cov: 49 ft: 331 corp: 91/1825b lim: 1355 exec/s: 0 rss: 35Mb L: 20/34 MS: 1 EraseBytes-
#188130	REDUCE cov: 49 ft: 331 corp: 91/1823b lim: 1375 exec/s: 0 rss: 35Mb L: 17/34 MS: 2 EraseBytes-ChangeBinInt-
#189326	REDUCE cov: 49 ft: 331 corp: 91/1822b lim: 1385 exec/s: 0 rss: 35Mb L: 21/34 MS: 1 EraseBytes-
#189470	REDUCE cov: 49 ft: 331 corp: 91/1821b lim: 1385 exec/s: 0 rss: 35Mb L: 24/34 MS: 4 ShuffleBytes-ShuffleBytes-EraseBytes-CopyPart-
#194377	REDUCE cov: 49 ft: 331 corp: 91/1820b lim: 1425 exec/s: 0 rss: 35Mb L: 21/34 MS: 2 CrossOver-EraseBytes-
#195236	REDUCE cov: 49 ft: 331 corp: 91/1814b lim: 1425 exec/s: 0 rss: 35Mb L: 18/34 MS: 4 ChangeBinInt-PersAutoDict-ChangeBit-EraseBytes- DE: "\377\377\377b"-
#203644	REDUCE cov: 49 ft: 331 corp: 91/1813b lim: 1505 exec/s: 0 rss: 35Mb L: 20/34 MS: 3 ShuffleBytes-EraseBytes-InsertByte-
#204081	REDUCE cov: 49 ft: 331 corp: 91/1812b lim: 1505 exec/s: 0 rss: 35Mb L: 18/34 MS: 2 EraseBytes-CopyPart-
#205702	REDUCE cov: 49 ft: 331 corp: 91/1811b lim: 1515 exec/s: 0 rss: 35Mb L: 21/34 MS: 1 EraseBytes-
#206895	REDUCE cov: 49 ft: 331 corp: 91/1807b lim: 1525 exec/s: 0 rss: 35Mb L: 19/34 MS: 3 EraseBytes-PersAutoDict-ChangeBinInt- DE: "\000\000"-
#207464	REDUCE cov: 49 ft: 331 corp: 91/1805b lim: 1525 exec/s: 0 rss: 35Mb L: 20/34 MS: 4 ShuffleBytes-ChangeBit-PersAutoDict-EraseBytes- DE: "\377y"-
#208880	REDUCE cov: 49 ft: 331 corp: 91/1804b lim: 1535 exec/s: 0 rss: 35Mb L: 21/34 MS: 1 EraseBytes-
#211647	NEW    cov: 49 ft: 332 corp: 92/1827b lim: 1555 exec/s: 0 rss: 35Mb L: 23/34 MS: 2 ChangeBit-ChangeBit-
#214401	REDUCE cov: 49 ft: 332 corp: 92/1826b lim: 1575 exec/s: 0 rss: 35Mb L: 19/34 MS: 4 InsertByte-CopyPart-EraseBytes-CrossOver-
#219847	REDUCE cov: 49 ft: 332 corp: 92/1825b lim: 1625 exec/s: 0 rss: 35Mb L: 20/34 MS: 1 EraseBytes-
#221948	REDUCE cov: 49 ft: 332 corp: 92/1824b lim: 1645 exec/s: 0 rss: 35Mb L: 20/34 MS: 1 EraseBytes-
#222677	REDUCE cov: 49 ft: 332 corp: 92/1823b lim: 1645 exec/s: 0 rss: 35Mb L: 23/34 MS: 4 EraseBytes-ChangeASCIIInt-ChangeByte-PersAutoDict- DE: "\012\000\000\000\000\000\000\000"-
#226348	REDUCE cov: 49 ft: 332 corp: 92/1822b lim: 1675 exec/s: 0 rss: 35Mb L: 22/34 MS: 1 EraseBytes-
#226816	REDUCE cov: 49 ft: 332 corp: 92/1821b lim: 1675 exec/s: 0 rss: 35Mb L: 22/34 MS: 3 ChangeBinInt-ChangeBit-EraseBytes-
#231487	REDUCE cov: 49 ft: 332 corp: 92/1820b lim: 1715 exec/s: 0 rss: 35Mb L: 20/34 MS: 1 EraseBytes-
#231699	REDUCE cov: 49 ft: 332 corp: 92/1819b lim: 1715 exec/s: 0 rss: 35Mb L: 21/34 MS: 2 ShuffleBytes-EraseBytes-
#231711	REDUCE cov: 49 ft: 332 corp: 92/1818b lim: 1715 exec/s: 0 rss: 35Mb L: 21/34 MS: 2 ShuffleBytes-EraseBytes-
#234252	REDUCE cov: 49 ft: 332 corp: 92/1816b lim: 1735 exec/s: 0 rss: 35Mb L: 20/34 MS: 1 EraseBytes-
#237998	REDUCE cov: 49 ft: 332 corp: 92/1815b lim: 1765 exec/s: 0 rss: 35Mb L: 22/34 MS: 1 EraseBytes-
#238106	REDUCE cov: 49 ft: 332 corp: 92/1814b lim: 1765 exec/s: 0 rss: 35Mb L: 19/34 MS: 3 ChangeBinInt-EraseBytes-CopyPart-
#238274	REDUCE cov: 49 ft: 332 corp: 92/1812b lim: 1765 exec/s: 0 rss: 35Mb L: 18/34 MS: 3 EraseBytes-ChangeBinInt-CopyPart-
#241206	REDUCE cov: 50 ft: 337 corp: 93/1831b lim: 1785 exec/s: 0 rss: 35Mb L: 19/34 MS: 2 EraseBytes-ChangeByte-
#241792	NEW    cov: 50 ft: 338 corp: 94/1850b lim: 1785 exec/s: 0 rss: 35Mb L: 19/34 MS: 1 CrossOver-
#242338	NEW    cov: 50 ft: 339 corp: 95/1869b lim: 1785 exec/s: 0 rss: 35Mb L: 19/34 MS: 1 ChangeBit-
#242739	NEW    cov: 50 ft: 340 corp: 96/1888b lim: 1785 exec/s: 0 rss: 35Mb L: 19/34 MS: 1 ChangeBit-
#242740	NEW    cov: 50 ft: 342 corp: 97/1907b lim: 1785 exec/s: 0 rss: 35Mb L: 19/34 MS: 1 ShuffleBytes-
#243641	NEW    cov: 50 ft: 343 corp: 98/1926b lim: 1785 exec/s: 0 rss: 35Mb L: 19/34 MS: 1 ShuffleBytes-
#243912	NEW    cov: 50 ft: 344 corp: 99/1945b lim: 1785 exec/s: 0 rss: 35Mb L: 19/34 MS: 1 ChangeBit-
#243993	NEW    cov: 50 ft: 345 corp: 100/1964b lim: 1785 exec/s: 0 rss: 35Mb L: 19/34 MS: 1 ChangeBinInt-
#244284	NEW    cov: 50 ft: 346 corp: 101/1983b lim: 1785 exec/s: 0 rss: 35Mb L: 19/34 MS: 1 ChangeBit-
#244381	NEW    cov: 50 ft: 347 corp: 102/2002b lim: 1785 exec/s: 0 rss: 35Mb L: 19/34 MS: 2 ChangeByte-ShuffleBytes-
#244792	NEW    cov: 50 ft: 348 corp: 103/2021b lim: 1785 exec/s: 0 rss: 35Mb L: 19/34 MS: 1 ShuffleBytes-
#245388	NEW    cov: 50 ft: 349 corp: 104/2040b lim: 1785 exec/s: 0 rss: 35Mb L: 19/34 MS: 1 ChangeASCIIInt-
#245449	NEW    cov: 50 ft: 350 corp: 105/2059b lim: 1785 exec/s: 0 rss: 35Mb L: 19/34 MS: 1 CrossOver-
#245955	REDUCE cov: 50 ft: 351 corp: 106/2081b lim: 1785 exec/s: 0 rss: 35Mb L: 22/34 MS: 1 ShuffleBytes-
#245969	REDUCE cov: 50 ft: 351 corp: 106/2078b lim: 1785 exec/s: 0 rss: 35Mb L: 16/34 MS: 4 ChangeASCIIInt-CrossOver-EraseBytes-ChangeBit-
#246550	REDUCE cov: 50 ft: 351 corp: 106/2077b lim: 1785 exec/s: 0 rss: 35Mb L: 16/34 MS: 1 EraseBytes-
#248131	NEW    cov: 50 ft: 352 corp: 107/2096b lim: 1795 exec/s: 0 rss: 35Mb L: 19/34 MS: 1 ChangeASCIIInt-
#248649	REDUCE cov: 50 ft: 352 corp: 107/2095b lim: 1795 exec/s: 0 rss: 35Mb L: 18/34 MS: 3 ChangeBinInt-EraseBytes-ChangeBit-
#253076	REDUCE cov: 50 ft: 352 corp: 107/2094b lim: 1835 exec/s: 0 rss: 35Mb L: 18/34 MS: 2 ChangeASCIIInt-EraseBytes-
#253302	REDUCE cov: 50 ft: 352 corp: 107/2093b lim: 1835 exec/s: 0 rss: 35Mb L: 19/34 MS: 1 EraseBytes-
#254999	REDUCE cov: 50 ft: 352 corp: 107/2092b lim: 1845 exec/s: 0 rss: 35Mb L: 18/34 MS: 2 ChangeASCIIInt-EraseBytes-
#255881	NEW    cov: 50 ft: 353 corp: 108/2111b lim: 1845 exec/s: 0 rss: 35Mb L: 19/34 MS: 2 ShuffleBytes-ChangeASCIIInt-
#260451	REDUCE cov: 50 ft: 353 corp: 108/2109b lim: 1885 exec/s: 0 rss: 35Mb L: 16/34 MS: 5 ChangeBit-ChangeASCIIInt-InsertByte-ChangeASCIIInt-EraseBytes-
#260827	NEW    cov: 50 ft: 354 corp: 109/2128b lim: 1885 exec/s: 0 rss: 35Mb L: 19/34 MS: 1 ChangeBinInt-
#265020	REDUCE cov: 50 ft: 355 corp: 110/2144b lim: 1925 exec/s: 0 rss: 35Mb L: 16/34 MS: 3 ChangeBit-ShuffleBytes-ChangeByte-
#271458	REDUCE cov: 50 ft: 355 corp: 110/2143b lim: 1985 exec/s: 0 rss: 35Mb L: 18/34 MS: 3 CopyPart-ChangeBit-EraseBytes-
#272209	NEW    cov: 50 ft: 356 corp: 111/2162b lim: 1985 exec/s: 0 rss: 35Mb L: 19/34 MS: 1 ChangeASCIIInt-
#276444	REDUCE cov: 50 ft: 356 corp: 111/2161b lim: 2025 exec/s: 0 rss: 35Mb L: 16/34 MS: 5 EraseBytes-CopyPart-ChangeByte-ChangeByte-CopyPart-
#281687	REDUCE cov: 50 ft: 356 corp: 111/2158b lim: 2077 exec/s: 0 rss: 35Mb L: 18/34 MS: 3 ChangeASCIIInt-EraseBytes-CrossOver-
#284617	REDUCE cov: 50 ft: 356 corp: 111/2157b lim: 2099 exec/s: 0 rss: 35Mb L: 15/34 MS: 5 ShuffleBytes-PersAutoDict-ChangeByte-EraseBytes-ChangeBit- DE: "\012\000\000\000\000\000\000\000"-
#284743	NEW    cov: 50 ft: 357 corp: 112/2173b lim: 2099 exec/s: 0 rss: 35Mb L: 16/34 MS: 1 ChangeBit-
#297810	REDUCE cov: 50 ft: 357 corp: 112/2170b lim: 2220 exec/s: 0 rss: 35Mb L: 16/34 MS: 2 PersAutoDict-EraseBytes- DE: "\377y"-
#298913	REDUCE cov: 50 ft: 357 corp: 112/2169b lim: 2220 exec/s: 0 rss: 35Mb L: 22/34 MS: 3 EraseBytes-ChangeASCIIInt-CMP- DE: "\025\000\000\000\000\000\000\000"-
#302575	NEW    cov: 50 ft: 358 corp: 113/2188b lim: 2253 exec/s: 0 rss: 35Mb L: 19/34 MS: 2 ShuffleBytes-ChangeASCIIInt-
#303383	REDUCE cov: 50 ft: 358 corp: 113/2187b lim: 2253 exec/s: 0 rss: 35Mb L: 18/34 MS: 3 EraseBytes-ChangeBinInt-ChangeByte-
#305350	NEW    cov: 50 ft: 359 corp: 114/2206b lim: 2264 exec/s: 0 rss: 35Mb L: 19/34 MS: 2 ChangeBit-ChangeBit-
#305649	NEW    cov: 50 ft: 360 corp: 115/2225b lim: 2264 exec/s: 0 rss: 35Mb L: 19/34 MS: 4 ChangeByte-ChangeByte-ShuffleBytes-ChangeASCIIInt-
#307660	NEW    cov: 50 ft: 361 corp: 116/2244b lim: 2275 exec/s: 0 rss: 35Mb L: 19/34 MS: 1 ChangeASCIIInt-
#308121	NEW    cov: 50 ft: 362 corp: 117/2263b lim: 2275 exec/s: 0 rss: 35Mb L: 19/34 MS: 1 ShuffleBytes-
#308522	NEW    cov: 50 ft: 363 corp: 118/2282b lim: 2275 exec/s: 0 rss: 35Mb L: 19/34 MS: 1 ChangeBit-
#309218	NEW    cov: 50 ft: 364 corp: 119/2301b lim: 2275 exec/s: 0 rss: 35Mb L: 19/34 MS: 1 ChangeBit-
#309539	NEW    cov: 50 ft: 365 corp: 120/2320b lim: 2275 exec/s: 0 rss: 35Mb L: 19/34 MS: 1 ChangeASCIIInt-
#310035	NEW    cov: 50 ft: 366 corp: 121/2339b lim: 2275 exec/s: 0 rss: 35Mb L: 19/34 MS: 1 ChangeBit-
#310331	NEW    cov: 50 ft: 368 corp: 122/2361b lim: 2275 exec/s: 0 rss: 35Mb L: 22/34 MS: 1 ChangeByte-
#317968	REDUCE cov: 50 ft: 368 corp: 122/2360b lim: 2341 exec/s: 0 rss: 36Mb L: 18/34 MS: 2 ChangeBit-EraseBytes-
#330382	REDUCE cov: 50 ft: 368 corp: 122/2357b lim: 2462 exec/s: 0 rss: 36Mb L: 15/34 MS: 4 CopyPart-EraseBytes-CopyPart-EraseBytes-
#332749	REDUCE cov: 50 ft: 368 corp: 122/2356b lim: 2484 exec/s: 0 rss: 36Mb L: 18/34 MS: 2 CrossOver-EraseBytes-
#332952	REDUCE cov: 50 ft: 368 corp: 122/2354b lim: 2484 exec/s: 0 rss: 36Mb L: 22/34 MS: 3 ChangeBinInt-ShuffleBytes-EraseBytes-
#334704	REDUCE cov: 50 ft: 368 corp: 122/2353b lim: 2495 exec/s: 0 rss: 36Mb L: 18/34 MS: 2 EraseBytes-ChangeByte-
#340271	REDUCE cov: 50 ft: 368 corp: 122/2352b lim: 2550 exec/s: 0 rss: 36Mb L: 18/34 MS: 2 EraseBytes-InsertByte-
#347190	REDUCE cov: 50 ft: 368 corp: 122/2349b lim: 2616 exec/s: 0 rss: 36Mb L: 16/34 MS: 4 CopyPart-EraseBytes-ChangeBit-PersAutoDict- DE: "\377y"-
#348023	REDUCE cov: 50 ft: 368 corp: 122/2347b lim: 2616 exec/s: 0 rss: 36Mb L: 15/34 MS: 3 ChangeBinInt-EraseBytes-ChangeByte-
#350310	REDUCE cov: 50 ft: 368 corp: 122/2346b lim: 2638 exec/s: 0 rss: 36Mb L: 18/34 MS: 2 EraseBytes-ChangeBinInt-
#351661	REDUCE cov: 50 ft: 368 corp: 122/2345b lim: 2649 exec/s: 0 rss: 36Mb L: 21/34 MS: 1 EraseBytes-
#354463	NEW    cov: 50 ft: 369 corp: 123/2371b lim: 2671 exec/s: 0 rss: 36Mb L: 26/34 MS: 2 ChangeBit-CopyPart-
#358289	NEW    cov: 50 ft: 370 corp: 124/2390b lim: 2704 exec/s: 0 rss: 36Mb L: 19/34 MS: 1 CopyPart-
#358310	REDUCE cov: 50 ft: 370 corp: 124/2389b lim: 2704 exec/s: 0 rss: 36Mb L: 21/34 MS: 1 EraseBytes-
#359006	NEW    cov: 50 ft: 371 corp: 125/2408b lim: 2704 exec/s: 0 rss: 36Mb L: 19/34 MS: 1 ChangeASCIIInt-
#359267	NEW    cov: 50 ft: 372 corp: 126/2427b lim: 2704 exec/s: 0 rss: 36Mb L: 19/34 MS: 1 ChangeASCIIInt-
#361693	REDUCE cov: 50 ft: 372 corp: 126/2426b lim: 2726 exec/s: 0 rss: 36Mb L: 18/34 MS: 1 EraseBytes-
#362882	REDUCE cov: 50 ft: 372 corp: 126/2425b lim: 2737 exec/s: 0 rss: 36Mb L: 18/34 MS: 4 ChangeByte-CopyPart-ChangeBit-EraseBytes-
#368206	REDUCE cov: 50 ft: 372 corp: 126/2424b lim: 2781 exec/s: 0 rss: 36Mb L: 18/34 MS: 4 ShuffleBytes-CopyPart-ChangeByte-EraseBytes-
#371947	REDUCE cov: 50 ft: 373 corp: 127/2446b lim: 2814 exec/s: 0 rss: 36Mb L: 22/34 MS: 1 ChangeByte-
#372538	NEW    cov: 50 ft: 374 corp: 128/2465b lim: 2814 exec/s: 0 rss: 36Mb L: 19/34 MS: 1 ChangeASCIIInt-
#378819	REDUCE cov: 50 ft: 374 corp: 128/2464b lim: 2869 exec/s: 0 rss: 36Mb L: 18/34 MS: 1 EraseBytes-
#382522	REDUCE cov: 50 ft: 374 corp: 128/2463b lim: 2902 exec/s: 0 rss: 36Mb L: 20/34 MS: 3 ChangeByte-ChangeBinInt-EraseBytes-
#386345	REDUCE cov: 50 ft: 374 corp: 128/2462b lim: 2935 exec/s: 0 rss: 36Mb L: 23/34 MS: 3 ShuffleBytes-EraseBytes-CrossOver-
#389381	REDUCE cov: 50 ft: 374 corp: 128/2461b lim: 2957 exec/s: 0 rss: 36Mb L: 21/34 MS: 1 EraseBytes-
#392808	REDUCE cov: 50 ft: 375 corp: 129/2479b lim: 2990 exec/s: 0 rss: 36Mb L: 18/34 MS: 2 ChangeBit-CrossOver-
#394071	REDUCE cov: 50 ft: 375 corp: 129/2477b lim: 3001 exec/s: 0 rss: 36Mb L: 16/34 MS: 3 ShuffleBytes-EraseBytes-ChangeBinInt-
#395102	NEW    cov: 50 ft: 376 corp: 130/2495b lim: 3001 exec/s: 0 rss: 36Mb L: 18/34 MS: 1 ChangeASCIIInt-
#395718	NEW    cov: 50 ft: 377 corp: 131/2513b lim: 3001 exec/s: 0 rss: 36Mb L: 18/34 MS: 1 ChangeASCIIInt-
#396074	NEW    cov: 50 ft: 378 corp: 132/2531b lim: 3001 exec/s: 0 rss: 36Mb L: 18/34 MS: 1 ChangeBit-
#396532	REDUCE cov: 50 ft: 379 corp: 133/2549b lim: 3001 exec/s: 0 rss: 36Mb L: 18/34 MS: 3 ChangeBinInt-ChangeByte-CrossOver-
#397818	NEW    cov: 50 ft: 380 corp: 134/2567b lim: 3012 exec/s: 0 rss: 36Mb L: 18/34 MS: 1 ShuffleBytes-
#398189	NEW    cov: 50 ft: 381 corp: 135/2585b lim: 3012 exec/s: 0 rss: 36Mb L: 18/34 MS: 1 CopyPart-
#398306	REDUCE cov: 50 ft: 381 corp: 135/2583b lim: 3012 exec/s: 0 rss: 36Mb L: 16/34 MS: 2 EraseBytes-ChangeByte-
#399337	NEW    cov: 50 ft: 382 corp: 136/2601b lim: 3012 exec/s: 0 rss: 36Mb L: 18/34 MS: 1 ChangeASCIIInt-
#399693	NEW    cov: 50 ft: 383 corp: 137/2619b lim: 3012 exec/s: 0 rss: 36Mb L: 18/34 MS: 1 ChangeASCIIInt-
#399829	NEW    cov: 50 ft: 384 corp: 138/2637b lim: 3012 exec/s: 0 rss: 36Mb L: 18/34 MS: 1 ShuffleBytes-
#400931	REDUCE cov: 50 ft: 384 corp: 138/2636b lim: 3012 exec/s: 0 rss: 36Mb L: 18/34 MS: 2 ShuffleBytes-EraseBytes-
#402142	NEW    cov: 50 ft: 385 corp: 139/2654b lim: 3023 exec/s: 0 rss: 36Mb L: 18/34 MS: 1 ChangeASCIIInt-
#402304	NEW    cov: 50 ft: 386 corp: 140/2672b lim: 3023 exec/s: 0 rss: 36Mb L: 18/34 MS: 2 ChangeByte-ChangeASCIIInt-
#403655	NEW    cov: 50 ft: 387 corp: 141/2690b lim: 3034 exec/s: 0 rss: 36Mb L: 18/34 MS: 1 ChangeBit-
#405841	NEW    cov: 50 ft: 388 corp: 142/2708b lim: 3045 exec/s: 0 rss: 36Mb L: 18/34 MS: 1 CopyPart-
#406132	NEW    cov: 50 ft: 389 corp: 143/2726b lim: 3045 exec/s: 0 rss: 36Mb L: 18/34 MS: 1 ChangeASCIIInt-
#406198	NEW    cov: 50 ft: 390 corp: 144/2744b lim: 3045 exec/s: 0 rss: 36Mb L: 18/34 MS: 1 ChangeASCIIInt-
#407514	NEW    cov: 50 ft: 391 corp: 145/2762b lim: 3056 exec/s: 407514 rss: 36Mb L: 18/34 MS: 1 CopyPart-
#408484	REDUCE cov: 50 ft: 391 corp: 145/2760b lim: 3056 exec/s: 408484 rss: 36Mb L: 16/34 MS: 3 ChangeASCIIInt-ChangeByte-EraseBytes-
#412490	REDUCE cov: 50 ft: 391 corp: 145/2759b lim: 3089 exec/s: 412490 rss: 36Mb L: 18/34 MS: 1 EraseBytes-
#414686	NEW    cov: 50 ft: 392 corp: 146/2777b lim: 3100 exec/s: 414686 rss: 36Mb L: 18/34 MS: 1 CopyPart-
#414982	NEW    cov: 50 ft: 393 corp: 147/2795b lim: 3100 exec/s: 414982 rss: 36Mb L: 18/34 MS: 1 ChangeBit-
#428884	NEW    cov: 50 ft: 394 corp: 148/2811b lim: 3232 exec/s: 428884 rss: 36Mb L: 16/34 MS: 2 ChangeByte-ChangeBinInt-
#433985	NEW    cov: 50 ft: 395 corp: 149/2827b lim: 3276 exec/s: 433985 rss: 36Mb L: 16/34 MS: 1 CrossOver-
#434626	REDUCE cov: 50 ft: 395 corp: 149/2826b lim: 3276 exec/s: 434626 rss: 36Mb L: 18/34 MS: 1 EraseBytes-
#442278	REDUCE cov: 50 ft: 395 corp: 149/2824b lim: 3342 exec/s: 442278 rss: 36Mb L: 16/34 MS: 2 EraseBytes-ChangeByte-
#443245	REDUCE cov: 50 ft: 395 corp: 149/2823b lim: 3342 exec/s: 443245 rss: 36Mb L: 21/34 MS: 2 ShuffleBytes-EraseBytes-
#445626	REDUCE cov: 50 ft: 395 corp: 149/2820b lim: 3364 exec/s: 445626 rss: 36Mb L: 18/34 MS: 1 EraseBytes-
#457414	REDUCE cov: 50 ft: 395 corp: 149/2818b lim: 3474 exec/s: 457414 rss: 36Mb L: 16/34 MS: 3 EraseBytes-ShuffleBytes-ChangeByte-
#467985	NEW    cov: 50 ft: 396 corp: 150/2836b lim: 3573 exec/s: 467985 rss: 36Mb L: 18/34 MS: 1 ChangeByte-
#474086	REDUCE cov: 50 ft: 396 corp: 150/2835b lim: 3628 exec/s: 474086 rss: 36Mb L: 18/34 MS: 1 EraseBytes-
#475923	REDUCE cov: 50 ft: 396 corp: 150/2833b lim: 3639 exec/s: 475923 rss: 36Mb L: 17/34 MS: 2 ChangeByte-EraseBytes-
#478765	REDUCE cov: 50 ft: 396 corp: 150/2832b lim: 3661 exec/s: 478765 rss: 36Mb L: 18/34 MS: 2 ChangeByte-EraseBytes-
#479497	REDUCE cov: 50 ft: 396 corp: 150/2828b lim: 3661 exec/s: 479497 rss: 36Mb L: 15/34 MS: 2 EraseBytes-PersAutoDict- DE: "\377\377\377b"-
#480458	REDUCE cov: 50 ft: 396 corp: 150/2827b lim: 3661 exec/s: 480458 rss: 36Mb L: 20/34 MS: 1 EraseBytes-
#487209	REDUCE cov: 50 ft: 396 corp: 150/2826b lim: 3727 exec/s: 487209 rss: 36Mb L: 20/34 MS: 1 EraseBytes-
#492381	NEW    cov: 50 ft: 397 corp: 151/2844b lim: 3771 exec/s: 492381 rss: 36Mb L: 18/34 MS: 2 ShuffleBytes-ShuffleBytes-
#512255	REDUCE cov: 50 ft: 397 corp: 151/2843b lim: 3958 exec/s: 512255 rss: 36Mb L: 16/34 MS: 4 ChangeByte-ChangeBit-EraseBytes-InsertByte-
#522312	REDUCE cov: 50 ft: 397 corp: 151/2841b lim: 4057 exec/s: 522312 rss: 36Mb L: 17/34 MS: 2 EraseBytes-ChangeByte-
#540350	REDUCE cov: 50 ft: 397 corp: 151/2840b lim: 4096 exec/s: 540350 rss: 36Mb L: 18/34 MS: 3 InsertByte-ChangeASCIIInt-EraseBytes-
#545261	REDUCE cov: 50 ft: 397 corp: 151/2839b lim: 4096 exec/s: 545261 rss: 36Mb L: 21/34 MS: 1 EraseBytes-
#550722	REDUCE cov: 50 ft: 397 corp: 151/2838b lim: 4096 exec/s: 550722 rss: 36Mb L: 19/34 MS: 1 EraseBytes-
#553308	REDUCE cov: 50 ft: 397 corp: 151/2837b lim: 4096 exec/s: 553308 rss: 36Mb L: 22/34 MS: 1 EraseBytes-
#557503	REDUCE cov: 50 ft: 397 corp: 151/2835b lim: 4096 exec/s: 557503 rss: 36Mb L: 17/34 MS: 5 ChangeBinInt-ChangeBit-ChangeByte-EraseBytes-ChangeBinInt-
#561615	REDUCE cov: 50 ft: 397 corp: 151/2833b lim: 4096 exec/s: 561615 rss: 36Mb L: 16/34 MS: 2 CrossOver-EraseBytes-
#564028	REDUCE cov: 50 ft: 397 corp: 151/2831b lim: 4096 exec/s: 564028 rss: 36Mb L: 19/34 MS: 3 CopyPart-EraseBytes-ChangeBit-
#582674	REDUCE cov: 50 ft: 397 corp: 151/2830b lim: 4096 exec/s: 582674 rss: 36Mb L: 19/34 MS: 1 EraseBytes-
#585667	REDUCE cov: 50 ft: 397 corp: 151/2828b lim: 4096 exec/s: 585667 rss: 36Mb L: 16/34 MS: 3 ChangeBit-ChangeBit-EraseBytes-
#603044	REDUCE cov: 50 ft: 397 corp: 151/2824b lim: 4096 exec/s: 603044 rss: 36Mb L: 16/34 MS: 2 EraseBytes-CopyPart-
#607662	REDUCE cov: 50 ft: 397 corp: 151/2822b lim: 4096 exec/s: 607662 rss: 36Mb L: 16/34 MS: 3 ShuffleBytes-InsertByte-EraseBytes-
#607908	REDUCE cov: 50 ft: 397 corp: 151/2820b lim: 4096 exec/s: 607908 rss: 36Mb L: 15/34 MS: 1 EraseBytes-
#608649	REDUCE cov: 50 ft: 397 corp: 151/2819b lim: 4096 exec/s: 608649 rss: 36Mb L: 18/34 MS: 1 EraseBytes-
#611576	REDUCE cov: 50 ft: 397 corp: 151/2817b lim: 4096 exec/s: 611576 rss: 36Mb L: 16/34 MS: 2 EraseBytes-ChangeByte-
#611642	REDUCE cov: 50 ft: 397 corp: 151/2816b lim: 4096 exec/s: 611642 rss: 36Mb L: 19/34 MS: 1 EraseBytes-
#649033	REDUCE cov: 50 ft: 397 corp: 151/2815b lim: 4096 exec/s: 649033 rss: 36Mb L: 20/34 MS: 1 EraseBytes-
#652719	REDUCE cov: 50 ft: 397 corp: 151/2814b lim: 4096 exec/s: 652719 rss: 36Mb L: 21/34 MS: 1 EraseBytes-
#666495	REDUCE cov: 50 ft: 397 corp: 151/2813b lim: 4096 exec/s: 666495 rss: 36Mb L: 20/34 MS: 1 EraseBytes-
#685746	REDUCE cov: 50 ft: 397 corp: 151/2812b lim: 4096 exec/s: 685746 rss: 36Mb L: 19/34 MS: 1 EraseBytes-
#689228	REDUCE cov: 50 ft: 397 corp: 151/2811b lim: 4096 exec/s: 689228 rss: 36Mb L: 18/34 MS: 2 EraseBytes-CMP- DE: "b\000\000\000"-
#700066	REDUCE cov: 50 ft: 397 corp: 151/2809b lim: 4096 exec/s: 700066 rss: 36Mb L: 16/34 MS: 3 ChangeByte-CopyPart-EraseBytes-
#703137	REDUCE cov: 50 ft: 397 corp: 151/2807b lim: 4096 exec/s: 703137 rss: 36Mb L: 19/34 MS: 1 EraseBytes-
#709588	REDUCE cov: 50 ft: 397 corp: 151/2806b lim: 4096 exec/s: 709588 rss: 36Mb L: 21/34 MS: 1 EraseBytes-
#728545	REDUCE cov: 50 ft: 397 corp: 151/2805b lim: 4096 exec/s: 728545 rss: 36Mb L: 21/34 MS: 2 ChangeBit-EraseBytes-
#743108	REDUCE cov: 50 ft: 397 corp: 151/2804b lim: 4096 exec/s: 743108 rss: 36Mb L: 15/34 MS: 3 ChangeBit-CopyPart-EraseBytes-
#743385	NEW    cov: 50 ft: 398 corp: 152/2822b lim: 4096 exec/s: 743385 rss: 36Mb L: 18/34 MS: 2 ChangeByte-CopyPart-
#764086	REDUCE cov: 50 ft: 398 corp: 152/2821b lim: 4096 exec/s: 764086 rss: 36Mb L: 20/34 MS: 1 EraseBytes-
#783814	REDUCE cov: 50 ft: 398 corp: 152/2820b lim: 4096 exec/s: 783814 rss: 36Mb L: 18/34 MS: 3 ChangeByte-CopyPart-EraseBytes-
#791860	REDUCE cov: 50 ft: 398 corp: 152/2819b lim: 4096 exec/s: 791860 rss: 36Mb L: 20/34 MS: 1 EraseBytes-
#806381	REDUCE cov: 50 ft: 400 corp: 153/2840b lim: 4096 exec/s: 806381 rss: 36Mb L: 21/34 MS: 1 CopyPart-
#812847	REDUCE cov: 50 ft: 400 corp: 153/2839b lim: 4096 exec/s: 812847 rss: 36Mb L: 21/34 MS: 1 EraseBytes-
#814593	REDUCE cov: 50 ft: 402 corp: 154/2861b lim: 4096 exec/s: 814593 rss: 36Mb L: 22/34 MS: 1 ChangeBinInt-
#820069	REDUCE cov: 50 ft: 402 corp: 154/2860b lim: 4096 exec/s: 820069 rss: 36Mb L: 20/34 MS: 1 EraseBytes-
#839331	REDUCE cov: 50 ft: 402 corp: 154/2859b lim: 4096 exec/s: 839331 rss: 36Mb L: 20/34 MS: 2 InsertByte-EraseBytes-
#839992	REDUCE cov: 50 ft: 402 corp: 154/2858b lim: 4096 exec/s: 839992 rss: 36Mb L: 19/34 MS: 1 EraseBytes-
#843268	NEW    cov: 50 ft: 403 corp: 155/2876b lim: 4096 exec/s: 843268 rss: 36Mb L: 18/34 MS: 1 ChangeBit-
#846259	NEW    cov: 50 ft: 404 corp: 156/2894b lim: 4096 exec/s: 846259 rss: 36Mb L: 18/34 MS: 1 ChangeBit-
#850035	REDUCE cov: 50 ft: 404 corp: 156/2893b lim: 4096 exec/s: 425017 rss: 36Mb L: 21/34 MS: 1 EraseBytes-
#858647	REDUCE cov: 50 ft: 404 corp: 156/2891b lim: 4096 exec/s: 429323 rss: 36Mb L: 16/34 MS: 2 ChangeBinInt-EraseBytes-
#875358	REDUCE cov: 50 ft: 404 corp: 156/2890b lim: 4096 exec/s: 437679 rss: 36Mb L: 21/34 MS: 1 EraseBytes-
#876420	REDUCE cov: 50 ft: 404 corp: 156/2889b lim: 4096 exec/s: 438210 rss: 36Mb L: 21/34 MS: 2 EraseBytes-ChangeByte-
#924693	REDUCE cov: 50 ft: 404 corp: 156/2887b lim: 4096 exec/s: 462346 rss: 36Mb L: 16/34 MS: 3 EraseBytes-ChangeBit-ChangeBinInt-
#928186	REDUCE cov: 50 ft: 404 corp: 156/2886b lim: 4096 exec/s: 464093 rss: 36Mb L: 18/34 MS: 3 ChangeByte-EraseBytes-InsertByte-
#930143	REDUCE cov: 50 ft: 404 corp: 156/2885b lim: 4096 exec/s: 465071 rss: 36Mb L: 20/34 MS: 2 ChangeBit-EraseBytes-
#943560	REDUCE cov: 50 ft: 404 corp: 156/2883b lim: 4096 exec/s: 471780 rss: 36Mb L: 16/34 MS: 2 CrossOver-EraseBytes-
#951906	REDUCE cov: 50 ft: 404 corp: 156/2882b lim: 4096 exec/s: 475953 rss: 36Mb L: 20/34 MS: 1 EraseBytes-
#994398	REDUCE cov: 50 ft: 404 corp: 156/2880b lim: 4096 exec/s: 497199 rss: 36Mb L: 16/34 MS: 2 ChangeBinInt-EraseBytes-
#1007954	REDUCE cov: 50 ft: 404 corp: 156/2879b lim: 4096 exec/s: 503977 rss: 36Mb L: 18/34 MS: 1 EraseBytes-
#1048576	pulse  cov: 50 ft: 404 corp: 156/2879b lim: 4096 exec/s: 524288 rss: 36Mb
#1086822	REDUCE cov: 50 ft: 404 corp: 156/2878b lim: 4096 exec/s: 543411 rss: 36Mb L: 16/34 MS: 3 InsertByte-CopyPart-EraseBytes-
#1123088	REDUCE cov: 50 ft: 405 corp: 157/2899b lim: 4096 exec/s: 561544 rss: 36Mb L: 21/34 MS: 1 ChangeBit-
#1136931	REDUCE cov: 50 ft: 405 corp: 157/2898b lim: 4096 exec/s: 568465 rss: 36Mb L: 22/34 MS: 3 ShuffleBytes-CopyPart-EraseBytes-
#1150517	REDUCE cov: 50 ft: 405 corp: 157/2897b lim: 4096 exec/s: 575258 rss: 36Mb L: 20/34 MS: 1 EraseBytes-
#1186385	REDUCE cov: 50 ft: 405 corp: 157/2896b lim: 4096 exec/s: 593192 rss: 36Mb L: 20/34 MS: 3 ShuffleBytes-ChangeBinInt-EraseBytes-
#1196431	REDUCE cov: 50 ft: 405 corp: 157/2895b lim: 4096 exec/s: 598215 rss: 36Mb L: 18/34 MS: 1 EraseBytes-
#1214563	NEW    cov: 50 ft: 407 corp: 158/2916b lim: 4096 exec/s: 607281 rss: 36Mb L: 21/34 MS: 2 ChangeASCIIInt-CrossOver-
#1222574	REDUCE cov: 50 ft: 407 corp: 158/2915b lim: 4096 exec/s: 611287 rss: 36Mb L: 20/34 MS: 1 EraseBytes-
#1223540	REDUCE cov: 50 ft: 407 corp: 158/2914b lim: 4096 exec/s: 611770 rss: 36Mb L: 20/34 MS: 1 EraseBytes-
#1236001	REDUCE cov: 50 ft: 407 corp: 158/2913b lim: 4096 exec/s: 618000 rss: 36Mb L: 19/34 MS: 1 EraseBytes-
#1249861	REDUCE cov: 50 ft: 407 corp: 158/2911b lim: 4096 exec/s: 624930 rss: 36Mb L: 16/34 MS: 5 CMP-ShuffleBytes-InsertByte-InsertByte-EraseBytes- DE: "b\000\000\000"-
#1330527	REDUCE cov: 50 ft: 407 corp: 158/2910b lim: 4096 exec/s: 443509 rss: 36Mb L: 20/34 MS: 1 EraseBytes-
panic: found special char in iban [recovered]
	panic: found special char in iban

goroutine 17 [running, locked to thread]:
git.ultraware.nl/iddinkgroep/fundament-api.Fuzz.func1()
	git.ultraware.nl/iddinkgroep/fundament-api/fuzz.go:19 +0xa5
panic({0x5626f5a5f760?, 0x5626f5a72c70?})
	runtime/panic.go:914 +0x21f
git.ultraware.nl/iddinkgroep/fundament-api.Fuzz({0xc0001bf9f8, 0x12})
	git.ultraware.nl/iddinkgroep/fundament-api/fuzz.go:34 +0x2b9
git.ultraware.nl/iddinkgroep/fundament-api.Fuzz_(...)
	git.ultraware.nl/iddinkgroep/fundament-api/fuzz.1527825026.go:6
main.LLVMFuzzerTestOneInput(...)
	./main.170485750.go:21
==31159== ERROR: libFuzzer: deadly signal
    #0 0x5626f5982630 in __sanitizer_print_stack_trace (/seedai/experiments/libfuzzer/source_iban/libfuzzer+0xaf630) (BuildId: 688cb25bec4564588da2a67f6a2b25148a0fd5d4)
    #1 0x5626f594e755 in fuzzer::PrintStackTrace() (/seedai/experiments/libfuzzer/source_iban/libfuzzer+0x7b755) (BuildId: 688cb25bec4564588da2a67f6a2b25148a0fd5d4)
    #2 0x5626f592d3a9 in fuzzer::Fuzzer::CrashCallback() (.part.0) FuzzerLoop.cpp.o
    #3 0x5626f592d46a in fuzzer::Fuzzer::StaticCrashSignalCallback() (/seedai/experiments/libfuzzer/source_iban/libfuzzer+0x5a46a) (BuildId: 688cb25bec4564588da2a67f6a2b25148a0fd5d4)
    #4 0x7f7d1f1ec70f  (/usr/lib/libc.so.6+0x3e70f) (BuildId: 316d0d3666387f0e8fb98773f51aa1801027c5ab)
    #5 0x5626f59e2160 in runtime.raise.abi0 runtime/sys_linux_amd64.s:153

NOTE: libFuzzer has rudimentary signal handlers.
      Combine libFuzzer with AddressSanitizer or similar for better crash reports.
SUMMARY: libFuzzer: deadly signal
MS: 3 ChangeASCIIInt-CopyPart-ChangeByte-; base unit: 4def94328e30e6a5b878a545231b47ce4b6aaaab
0x66,0x6f,0x75,0x6e,0x2d,0x30,0x30,0x30,0x30,0x30,0x30,0x30,0x30,0x30,0x68,0x6a,0x75,0x6e,
foun-000000000hjun
artifact_prefix='./'; Test unit written to ./crash-a1a7fcc47b131febb57434ff5e8e0b637d344faa
Base64: Zm91bi0wMDAwMDAwMDBoanVu
