INFO: Running with entropic power schedule (0xFF, 100).
INFO: Seed: 1827590425
INFO: Loaded 1 modules   (70 inline 8-bit counters): 70 [0x555b62113030, 0x555b62113076), 
INFO: Loaded 1 PC tables (70 PCs): 70 [0xc000068000,0xc000068460), 
INFO:        6 files found in corpus
INFO: -max_len is not provided; libFuzzer will not generate inputs larger than 4096 bytes
INFO: seed corpus: files: 6 min: 2b max: 2000b total: 2030b rss: 30Mb
#7	INITED cov: 9 ft: 20 corp: 4/20b exec/s: 0 rss: 30Mb
#12	REDUCE cov: 9 ft: 20 corp: 4/17b lim: 8 exec/s: 0 rss: 30Mb L: 3/8 MS: 5 ChangeByte-CopyPart-ChangeBit-ShuffleBytes-EraseBytes-
#18	NEW    cov: 9 ft: 21 corp: 5/24b lim: 8 exec/s: 0 rss: 30Mb L: 7/8 MS: 1 CopyPart-
#19	NEW    cov: 9 ft: 22 corp: 6/29b lim: 8 exec/s: 0 rss: 30Mb L: 5/8 MS: 1 InsertByte-
#639	NEW    cov: 9 ft: 23 corp: 7/41b lim: 14 exec/s: 0 rss: 30Mb L: 12/12 MS: 5 ChangeByte-CopyPart-CMP-ChangeByte-InsertRepeatedBytes- DE: "\001\000\000\000\000\000\000L"-
#643	NEW    cov: 9 ft: 24 corp: 8/55b lim: 14 exec/s: 0 rss: 30Mb L: 14/14 MS: 4 ChangeBinInt-EraseBytes-CrossOver-CrossOver-
#644	NEW    cov: 9 ft: 25 corp: 9/68b lim: 14 exec/s: 0 rss: 30Mb L: 13/14 MS: 1 CrossOver-
#962	NEW    cov: 11 ft: 31 corp: 10/83b lim: 17 exec/s: 0 rss: 30Mb L: 15/15 MS: 3 InsertByte-CrossOver-InsertByte-
#971	NEW    cov: 11 ft: 33 corp: 11/100b lim: 17 exec/s: 0 rss: 30Mb L: 17/17 MS: 4 ChangeBinInt-ChangeBinInt-ChangeByte-CopyPart-
#1021	REDUCE cov: 11 ft: 34 corp: 12/116b lim: 17 exec/s: 0 rss: 30Mb L: 16/17 MS: 5 CopyPart-CopyPart-CopyPart-EraseBytes-CrossOver-
#1437	NEW    cov: 11 ft: 35 corp: 13/137b lim: 21 exec/s: 0 rss: 30Mb L: 21/21 MS: 1 InsertRepeatedBytes-
#1704	REDUCE cov: 11 ft: 35 corp: 13/135b lim: 21 exec/s: 0 rss: 30Mb L: 19/19 MS: 2 CrossOver-CrossOver-
#2580	REDUCE cov: 11 ft: 37 corp: 14/164b lim: 29 exec/s: 0 rss: 31Mb L: 29/29 MS: 1 InsertRepeatedBytes-
#3006	NEW    cov: 11 ft: 38 corp: 15/197b lim: 33 exec/s: 0 rss: 31Mb L: 33/33 MS: 1 InsertRepeatedBytes-
#3010	NEW    cov: 11 ft: 39 corp: 16/229b lim: 33 exec/s: 0 rss: 31Mb L: 32/33 MS: 4 ChangeBinInt-EraseBytes-ShuffleBytes-CrossOver-
#3519	NEW    cov: 11 ft: 41 corp: 17/263b lim: 38 exec/s: 0 rss: 31Mb L: 34/34 MS: 4 PersAutoDict-CopyPart-ChangeBinInt-InsertByte- DE: "\001\000\000\000\000\000\000L"-
#3863	NEW    cov: 13 ft: 47 corp: 18/288b lim: 38 exec/s: 0 rss: 31Mb L: 25/34 MS: 4 InsertByte-PersAutoDict-ChangeByte-CopyPart- DE: "\001\000\000\000\000\000\000L"-
#3964	NEW    cov: 13 ft: 49 corp: 19/306b lim: 38 exec/s: 0 rss: 31Mb L: 18/34 MS: 1 EraseBytes-
#4125	NEW    cov: 13 ft: 50 corp: 20/338b lim: 38 exec/s: 0 rss: 31Mb L: 32/34 MS: 1 InsertRepeatedBytes-
#4141	NEW    cov: 13 ft: 51 corp: 21/370b lim: 38 exec/s: 0 rss: 31Mb L: 32/34 MS: 1 ChangeBinInt-
#4158	NEW    cov: 25 ft: 99 corp: 22/388b lim: 38 exec/s: 0 rss: 31Mb L: 18/34 MS: 2 CopyPart-ChangeBinInt-
#4232	NEW    cov: 25 ft: 100 corp: 23/421b lim: 38 exec/s: 0 rss: 31Mb L: 33/34 MS: 4 ChangeBit-ChangeBinInt-InsertRepeatedBytes-InsertByte-
#4285	NEW    cov: 25 ft: 101 corp: 24/442b lim: 38 exec/s: 0 rss: 31Mb L: 21/34 MS: 3 CrossOver-EraseBytes-InsertByte-
#4297	NEW    cov: 25 ft: 102 corp: 25/464b lim: 38 exec/s: 0 rss: 31Mb L: 22/34 MS: 2 CopyPart-EraseBytes-
#4412	REDUCE cov: 25 ft: 102 corp: 25/451b lim: 38 exec/s: 0 rss: 31Mb L: 20/34 MS: 5 EraseBytes-ChangeBit-ChangeBinInt-ShuffleBytes-ChangeByte-
#4452	NEW    cov: 25 ft: 103 corp: 26/469b lim: 38 exec/s: 0 rss: 31Mb L: 18/34 MS: 5 EraseBytes-ChangeByte-EraseBytes-InsertByte-CrossOver-
#4534	REDUCE cov: 25 ft: 103 corp: 26/455b lim: 38 exec/s: 0 rss: 31Mb L: 18/34 MS: 2 InsertRepeatedBytes-CrossOver-
#4660	NEW    cov: 25 ft: 104 corp: 27/480b lim: 38 exec/s: 0 rss: 31Mb L: 25/34 MS: 1 ChangeBinInt-
#4697	NEW    cov: 25 ft: 105 corp: 28/503b lim: 38 exec/s: 0 rss: 31Mb L: 23/34 MS: 2 InsertByte-InsertByte-
#4730	REDUCE cov: 25 ft: 105 corp: 28/502b lim: 38 exec/s: 0 rss: 31Mb L: 20/34 MS: 3 EraseBytes-ChangeByte-InsertByte-
#4859	NEW    cov: 25 ft: 106 corp: 29/522b lim: 38 exec/s: 0 rss: 31Mb L: 20/34 MS: 4 ShuffleBytes-CrossOver-ShuffleBytes-InsertByte-
#4918	NEW    cov: 25 ft: 109 corp: 30/540b lim: 38 exec/s: 0 rss: 31Mb L: 18/34 MS: 4 CopyPart-ChangeBinInt-ChangeByte-ChangeBinInt-
#4921	REDUCE cov: 25 ft: 110 corp: 31/558b lim: 38 exec/s: 0 rss: 31Mb L: 18/34 MS: 3 CrossOver-ChangeBinInt-ChangeByte-
#5045	NEW    cov: 25 ft: 113 corp: 32/582b lim: 38 exec/s: 0 rss: 31Mb L: 24/34 MS: 4 ShuffleBytes-ShuffleBytes-InsertRepeatedBytes-EraseBytes-
#5060	NEW    cov: 25 ft: 114 corp: 33/615b lim: 38 exec/s: 0 rss: 31Mb L: 33/34 MS: 5 InsertByte-ShuffleBytes-ShuffleBytes-ChangeByte-ChangeBit-
#5416	REDUCE cov: 25 ft: 114 corp: 33/607b lim: 38 exec/s: 0 rss: 31Mb L: 25/34 MS: 1 EraseBytes-
#5446	REDUCE cov: 25 ft: 115 corp: 34/631b lim: 38 exec/s: 0 rss: 31Mb L: 24/34 MS: 5 ShuffleBytes-ChangeBit-CrossOver-ChangeBit-CopyPart-
#5482	NEW    cov: 25 ft: 116 corp: 35/649b lim: 38 exec/s: 0 rss: 31Mb L: 18/34 MS: 1 CrossOver-
#5738	NEW    cov: 25 ft: 117 corp: 36/675b lim: 38 exec/s: 0 rss: 31Mb L: 26/34 MS: 1 PersAutoDict- DE: "\001\000\000\000\000\000\000L"-
#5849	NEW    cov: 25 ft: 118 corp: 37/701b lim: 38 exec/s: 0 rss: 31Mb L: 26/34 MS: 1 CopyPart-
#6062	REDUCE cov: 25 ft: 118 corp: 37/698b lim: 38 exec/s: 0 rss: 31Mb L: 22/34 MS: 3 ChangeBit-ChangeBit-CrossOver-
#6136	NEW    cov: 25 ft: 119 corp: 38/715b lim: 38 exec/s: 0 rss: 31Mb L: 17/34 MS: 4 EraseBytes-ChangeByte-PersAutoDict-ChangeByte- DE: "\001\000\000\000\000\000\000L"-
#6153	REDUCE cov: 25 ft: 119 corp: 38/712b lim: 38 exec/s: 0 rss: 31Mb L: 22/34 MS: 2 CopyPart-EraseBytes-
#6235	NEW    cov: 25 ft: 121 corp: 39/732b lim: 38 exec/s: 0 rss: 31Mb L: 20/34 MS: 2 InsertByte-InsertByte-
#6243	REDUCE cov: 25 ft: 121 corp: 39/731b lim: 38 exec/s: 0 rss: 31Mb L: 16/34 MS: 3 InsertByte-InsertByte-EraseBytes-
#6534	REDUCE cov: 25 ft: 121 corp: 39/728b lim: 38 exec/s: 0 rss: 31Mb L: 15/34 MS: 1 CrossOver-
#6535	REDUCE cov: 25 ft: 121 corp: 39/725b lim: 38 exec/s: 0 rss: 31Mb L: 19/34 MS: 1 CrossOver-
#6611	REDUCE cov: 25 ft: 122 corp: 40/747b lim: 38 exec/s: 0 rss: 31Mb L: 22/34 MS: 1 CrossOver-
#8043	REDUCE cov: 25 ft: 122 corp: 40/745b lim: 48 exec/s: 0 rss: 32Mb L: 17/34 MS: 2 ChangeBinInt-EraseBytes-
#8294	REDUCE cov: 25 ft: 122 corp: 40/744b lim: 48 exec/s: 0 rss: 32Mb L: 16/34 MS: 1 EraseBytes-
#8651	REDUCE cov: 25 ft: 123 corp: 41/762b lim: 48 exec/s: 0 rss: 32Mb L: 18/34 MS: 2 ChangeBinInt-ChangeBit-
#10223	REDUCE cov: 25 ft: 123 corp: 41/761b lim: 63 exec/s: 0 rss: 32Mb L: 31/34 MS: 2 EraseBytes-InsertByte-
#10319	REDUCE cov: 25 ft: 123 corp: 41/760b lim: 63 exec/s: 0 rss: 32Mb L: 17/34 MS: 1 EraseBytes-
#10971	REDUCE cov: 25 ft: 123 corp: 41/759b lim: 68 exec/s: 0 rss: 32Mb L: 19/34 MS: 2 EraseBytes-ChangeBinInt-
#11504	NEW    cov: 25 ft: 125 corp: 42/781b lim: 68 exec/s: 0 rss: 32Mb L: 22/34 MS: 3 PersAutoDict-InsertByte-InsertByte- DE: "\001\000\000\000\000\000\000L"-
#11782	REDUCE cov: 25 ft: 125 corp: 42/779b lim: 68 exec/s: 0 rss: 32Mb L: 15/34 MS: 3 CMP-EraseBytes-ChangeByte- DE: "\377\377\377\377"-
#12531	REDUCE cov: 25 ft: 125 corp: 42/778b lim: 74 exec/s: 0 rss: 32Mb L: 31/34 MS: 4 EraseBytes-CMP-ChangeByte-InsertByte- DE: "\000\000\000\000\000\000\000\033"-
#12920	REDUCE cov: 25 ft: 126 corp: 43/797b lim: 74 exec/s: 0 rss: 33Mb L: 19/34 MS: 4 PersAutoDict-ChangeByte-CrossOver-PersAutoDict- DE: "\000\000\000\000\000\000\000\033"-"\001\000\000\000\000\000\000L"-
#13644	REDUCE cov: 25 ft: 126 corp: 43/796b lim: 80 exec/s: 0 rss: 33Mb L: 15/34 MS: 4 CrossOver-ChangeBit-ChangeByte-EraseBytes-
#13765	NEW    cov: 25 ft: 127 corp: 44/814b lim: 80 exec/s: 0 rss: 33Mb L: 18/34 MS: 1 ChangeBinInt-
#14030	REDUCE cov: 25 ft: 127 corp: 44/810b lim: 80 exec/s: 0 rss: 33Mb L: 16/34 MS: 5 PersAutoDict-ChangeBit-EraseBytes-CMP-ChangeBit- DE: "\377\377\377\377"-"\"\000\000\000\000\000\000\000"-
#14034	REDUCE cov: 25 ft: 128 corp: 45/832b lim: 80 exec/s: 0 rss: 33Mb L: 22/34 MS: 4 CopyPart-CopyPart-PersAutoDict-CrossOver- DE: "\001\000\000\000\000\000\000L"-
#14335	NEW    cov: 25 ft: 129 corp: 46/858b lim: 80 exec/s: 0 rss: 33Mb L: 26/34 MS: 1 CrossOver-
#16880	NEW    cov: 25 ft: 131 corp: 47/884b lim: 104 exec/s: 0 rss: 33Mb L: 26/34 MS: 5 InsertByte-ChangeBit-InsertByte-InsertByte-InsertByte-
#17232	REDUCE cov: 25 ft: 131 corp: 47/881b lim: 104 exec/s: 0 rss: 34Mb L: 19/34 MS: 2 ChangeByte-CrossOver-
#18179	REDUCE cov: 25 ft: 131 corp: 47/877b lim: 110 exec/s: 0 rss: 34Mb L: 20/34 MS: 2 CrossOver-PersAutoDict- DE: "\377\377\377\377"-
#18672	REDUCE cov: 25 ft: 131 corp: 47/876b lim: 110 exec/s: 0 rss: 34Mb L: 30/34 MS: 3 CopyPart-CopyPart-EraseBytes-
#19088	REDUCE cov: 25 ft: 131 corp: 47/875b lim: 110 exec/s: 0 rss: 34Mb L: 15/34 MS: 1 EraseBytes-
#19998	REDUCE cov: 25 ft: 131 corp: 47/871b lim: 116 exec/s: 0 rss: 34Mb L: 15/34 MS: 5 PersAutoDict-PersAutoDict-ShuffleBytes-ShuffleBytes-EraseBytes- DE: "\"\000\000\000\000\000\000\000"-"\000\000\000\000\000\000\000\033"-
#20699	REDUCE cov: 25 ft: 132 corp: 48/886b lim: 122 exec/s: 0 rss: 35Mb L: 15/34 MS: 1 ChangeBinInt-
#21272	REDUCE cov: 25 ft: 132 corp: 48/877b lim: 122 exec/s: 0 rss: 35Mb L: 21/34 MS: 3 CMP-EraseBytes-EraseBytes- DE: "\000\000"-
#21667	REDUCE cov: 30 ft: 146 corp: 49/897b lim: 122 exec/s: 0 rss: 35Mb L: 20/34 MS: 5 CopyPart-ChangeByte-CopyPart-PersAutoDict-EraseBytes- DE: "\"\000\000\000\000\000\000\000"-
#21869	REDUCE cov: 30 ft: 146 corp: 49/895b lim: 122 exec/s: 0 rss: 35Mb L: 16/34 MS: 2 EraseBytes-ChangeByte-
#22467	REDUCE cov: 30 ft: 146 corp: 49/894b lim: 122 exec/s: 0 rss: 35Mb L: 15/34 MS: 3 CopyPart-InsertByte-EraseBytes-
#23001	NEW    cov: 30 ft: 147 corp: 50/920b lim: 122 exec/s: 0 rss: 35Mb L: 26/34 MS: 4 ChangeBinInt-ShuffleBytes-ShuffleBytes-CrossOver-
#23498	NEW    cov: 30 ft: 148 corp: 51/952b lim: 122 exec/s: 0 rss: 35Mb L: 32/34 MS: 2 CopyPart-CMP- DE: "#\000\000\000\000\000\000\000"-
#24493	REDUCE cov: 30 ft: 148 corp: 51/950b lim: 128 exec/s: 0 rss: 35Mb L: 16/34 MS: 5 InsertByte-EraseBytes-ShuffleBytes-CopyPart-InsertByte-
#24680	NEW    cov: 30 ft: 149 corp: 52/982b lim: 128 exec/s: 0 rss: 35Mb L: 32/34 MS: 2 ShuffleBytes-ChangeByte-
#27016	REDUCE cov: 30 ft: 149 corp: 52/978b lim: 149 exec/s: 0 rss: 35Mb L: 17/34 MS: 1 EraseBytes-
#30860	REDUCE cov: 30 ft: 149 corp: 52/977b lim: 184 exec/s: 0 rss: 35Mb L: 16/34 MS: 4 PersAutoDict-PersAutoDict-ShuffleBytes-EraseBytes- DE: "\377\377\377\377"-"\001\000\000\000\000\000\000L"-
#32741	NEW    cov: 30 ft: 151 corp: 53/997b lim: 198 exec/s: 0 rss: 35Mb L: 20/34 MS: 1 ChangeBit-
#33479	REDUCE cov: 30 ft: 151 corp: 53/995b lim: 205 exec/s: 0 rss: 35Mb L: 23/34 MS: 3 ChangeBinInt-EraseBytes-ChangeByte-
#34641	REDUCE cov: 30 ft: 151 corp: 53/993b lim: 212 exec/s: 0 rss: 35Mb L: 16/34 MS: 2 EraseBytes-PersAutoDict- DE: "\377\377\377\377"-
#38028	NEW    cov: 30 ft: 152 corp: 54/1019b lim: 240 exec/s: 0 rss: 35Mb L: 26/34 MS: 2 ShuffleBytes-CrossOver-
#38345	NEW    cov: 30 ft: 154 corp: 55/1039b lim: 240 exec/s: 0 rss: 35Mb L: 20/34 MS: 2 CopyPart-ShuffleBytes-
#39926	NEW    cov: 30 ft: 156 corp: 56/1065b lim: 254 exec/s: 0 rss: 35Mb L: 26/34 MS: 1 ShuffleBytes-
#39978	NEW    cov: 30 ft: 158 corp: 57/1091b lim: 254 exec/s: 0 rss: 35Mb L: 26/34 MS: 2 CopyPart-ChangeBinInt-
#40215	REDUCE cov: 30 ft: 158 corp: 57/1090b lim: 254 exec/s: 0 rss: 35Mb L: 15/34 MS: 2 PersAutoDict-EraseBytes- DE: "\001\000\000\000\000\000\000L"-
#40778	NEW    cov: 30 ft: 168 corp: 58/1116b lim: 254 exec/s: 0 rss: 35Mb L: 26/34 MS: 3 CopyPart-ShuffleBytes-CrossOver-
#42024	NEW    cov: 30 ft: 170 corp: 59/1142b lim: 261 exec/s: 0 rss: 35Mb L: 26/34 MS: 1 ShuffleBytes-
#42026	NEW    cov: 30 ft: 171 corp: 60/1168b lim: 261 exec/s: 0 rss: 35Mb L: 26/34 MS: 2 CopyPart-CrossOver-
#42102	NEW    cov: 30 ft: 172 corp: 61/1194b lim: 261 exec/s: 0 rss: 35Mb L: 26/34 MS: 1 ShuffleBytes-
#42531	REDUCE cov: 30 ft: 172 corp: 61/1190b lim: 261 exec/s: 0 rss: 35Mb L: 22/34 MS: 4 EraseBytes-InsertByte-ChangeByte-PersAutoDict- DE: "\377\377\377\377"-
#42679	NEW    cov: 30 ft: 174 corp: 62/1216b lim: 261 exec/s: 0 rss: 35Mb L: 26/34 MS: 3 ChangeBit-ShuffleBytes-ShuffleBytes-
#43524	REDUCE cov: 30 ft: 174 corp: 62/1213b lim: 269 exec/s: 0 rss: 35Mb L: 19/34 MS: 5 ShuffleBytes-PersAutoDict-InsertRepeatedBytes-CrossOver-EraseBytes- DE: "\000\000\000\000\000\000\000\033"-
#44228	REDUCE cov: 30 ft: 174 corp: 62/1211b lim: 269 exec/s: 0 rss: 35Mb L: 20/34 MS: 4 ChangeBinInt-ShuffleBytes-InsertByte-EraseBytes-
#44260	NEW    cov: 30 ft: 185 corp: 63/1237b lim: 269 exec/s: 0 rss: 35Mb L: 26/34 MS: 2 ShuffleBytes-CopyPart-
#44479	REDUCE cov: 30 ft: 185 corp: 63/1235b lim: 269 exec/s: 0 rss: 35Mb L: 24/34 MS: 4 ChangeByte-EraseBytes-CrossOver-InsertByte-
#45935	NEW    cov: 30 ft: 187 corp: 64/1255b lim: 277 exec/s: 0 rss: 35Mb L: 20/34 MS: 1 ShuffleBytes-
#46330	NEW    cov: 32 ft: 201 corp: 65/1283b lim: 277 exec/s: 0 rss: 35Mb L: 28/34 MS: 5 EraseBytes-InsertByte-ChangeBinInt-ChangeBinInt-CopyPart-
#46346	NEW    cov: 32 ft: 202 corp: 66/1311b lim: 277 exec/s: 0 rss: 35Mb L: 28/34 MS: 1 ShuffleBytes-
#47038	NEW    cov: 32 ft: 203 corp: 67/1339b lim: 277 exec/s: 0 rss: 35Mb L: 28/34 MS: 2 ShuffleBytes-ChangeBinInt-
#47309	NEW    cov: 32 ft: 204 corp: 68/1367b lim: 277 exec/s: 0 rss: 35Mb L: 28/34 MS: 1 ChangeByte-
#47840	NEW    cov: 32 ft: 205 corp: 69/1395b lim: 277 exec/s: 0 rss: 35Mb L: 28/34 MS: 1 ChangeByte-
#48037	REDUCE cov: 32 ft: 207 corp: 70/1419b lim: 277 exec/s: 0 rss: 35Mb L: 24/34 MS: 2 ChangeBit-ChangeByte-
#48160	NEW    cov: 32 ft: 208 corp: 71/1447b lim: 277 exec/s: 0 rss: 35Mb L: 28/34 MS: 3 ChangeBinInt-CopyPart-ShuffleBytes-
#48196	NEW    cov: 33 ft: 209 corp: 72/1475b lim: 277 exec/s: 0 rss: 35Mb L: 28/34 MS: 1 ChangeByte-
#48219	NEW    cov: 33 ft: 211 corp: 73/1501b lim: 277 exec/s: 0 rss: 35Mb L: 26/34 MS: 3 ChangeBinInt-ChangeBit-ChangeBinInt-
#48605	NEW    cov: 33 ft: 214 corp: 74/1529b lim: 277 exec/s: 0 rss: 35Mb L: 28/34 MS: 1 CopyPart-
#49178	NEW    cov: 33 ft: 215 corp: 75/1557b lim: 277 exec/s: 0 rss: 35Mb L: 28/34 MS: 3 CopyPart-ChangeBinInt-ChangeBinInt-
#49179	NEW    cov: 33 ft: 217 corp: 76/1585b lim: 277 exec/s: 0 rss: 35Mb L: 28/34 MS: 1 ChangeByte-
#50832	NEW    cov: 33 ft: 218 corp: 77/1613b lim: 293 exec/s: 0 rss: 35Mb L: 28/34 MS: 3 ChangeBit-CopyPart-ChangeBit-
#51603	NEW    cov: 33 ft: 219 corp: 78/1641b lim: 293 exec/s: 0 rss: 35Mb L: 28/34 MS: 1 ChangeBinInt-
#53266	NEW    cov: 33 ft: 221 corp: 79/1669b lim: 309 exec/s: 0 rss: 35Mb L: 28/34 MS: 3 InsertByte-InsertByte-CrossOver-
#57557	NEW    cov: 33 ft: 223 corp: 80/1697b lim: 349 exec/s: 0 rss: 35Mb L: 28/34 MS: 1 ChangeBit-
#62435	NEW    cov: 33 ft: 225 corp: 81/1725b lim: 397 exec/s: 0 rss: 35Mb L: 28/34 MS: 3 CopyPart-ChangeByte-ShuffleBytes-
#65522	REDUCE cov: 33 ft: 225 corp: 81/1723b lim: 421 exec/s: 0 rss: 35Mb L: 16/34 MS: 2 ChangeByte-EraseBytes-
#66599	NEW    cov: 45 ft: 278 corp: 82/1751b lim: 429 exec/s: 0 rss: 35Mb L: 28/34 MS: 2 ChangeByte-ShuffleBytes-
#67165	NEW    cov: 45 ft: 280 corp: 83/1779b lim: 429 exec/s: 0 rss: 35Mb L: 28/34 MS: 1 ChangeBit-
#69117	NEW    cov: 45 ft: 282 corp: 84/1807b lim: 445 exec/s: 0 rss: 35Mb L: 28/34 MS: 2 ChangeBinInt-CrossOver-
#70743	NEW    cov: 45 ft: 284 corp: 85/1835b lim: 461 exec/s: 0 rss: 35Mb L: 28/34 MS: 1 ChangeBit-
#74229	NEW    cov: 46 ft: 287 corp: 86/1861b lim: 493 exec/s: 0 rss: 35Mb L: 26/34 MS: 1 ChangeByte-
#77715	NEW    cov: 46 ft: 288 corp: 87/1889b lim: 526 exec/s: 0 rss: 35Mb L: 28/34 MS: 1 ChangeBinInt-
#78499	REDUCE cov: 46 ft: 288 corp: 87/1885b lim: 526 exec/s: 0 rss: 35Mb L: 20/34 MS: 4 PersAutoDict-CopyPart-ChangeByte-EraseBytes- DE: "\377\377\377\377"-
#80325	NEW    cov: 46 ft: 290 corp: 88/1913b lim: 544 exec/s: 0 rss: 35Mb L: 28/34 MS: 1 ChangeByte-
#87697	REDUCE cov: 46 ft: 290 corp: 88/1911b lim: 616 exec/s: 0 rss: 35Mb L: 26/34 MS: 2 ChangeBit-EraseBytes-
#91324	NEW    cov: 46 ft: 292 corp: 89/1939b lim: 652 exec/s: 0 rss: 35Mb L: 28/34 MS: 2 ChangeBit-ChangeBit-
#93070	NEW    cov: 46 ft: 294 corp: 90/1967b lim: 661 exec/s: 0 rss: 35Mb L: 28/34 MS: 1 CopyPart-
#93264	REDUCE cov: 46 ft: 294 corp: 90/1963b lim: 661 exec/s: 0 rss: 35Mb L: 22/34 MS: 4 PersAutoDict-EraseBytes-CopyPart-ChangeBit- DE: "\377\377\377\377"-
#106645	NEW    cov: 46 ft: 296 corp: 91/1991b lim: 787 exec/s: 0 rss: 35Mb L: 28/34 MS: 1 ChangeBinInt-
#107184	REDUCE cov: 46 ft: 296 corp: 91/1988b lim: 787 exec/s: 0 rss: 35Mb L: 16/34 MS: 4 PersAutoDict-EraseBytes-EraseBytes-ChangeByte- DE: "\"\000\000\000\000\000\000\000"-
#110907	REDUCE cov: 46 ft: 296 corp: 91/1986b lim: 823 exec/s: 0 rss: 35Mb L: 24/34 MS: 3 ShuffleBytes-CMP-EraseBytes- DE: "\377\377\377y"-
#119968	NEW    cov: 47 ft: 301 corp: 92/2014b lim: 913 exec/s: 0 rss: 35Mb L: 28/34 MS: 1 ChangeByte-
#126321	NEW    cov: 47 ft: 303 corp: 93/2042b lim: 976 exec/s: 0 rss: 35Mb L: 28/34 MS: 3 PersAutoDict-ChangeBinInt-ShuffleBytes- DE: "\"\000\000\000\000\000\000\000"-
#126742	NEW    cov: 47 ft: 304 corp: 94/2070b lim: 976 exec/s: 0 rss: 35Mb L: 28/34 MS: 1 ChangeBit-
#126789	NEW    cov: 47 ft: 305 corp: 95/2098b lim: 976 exec/s: 0 rss: 35Mb L: 28/34 MS: 2 ShuffleBytes-ChangeBinInt-
#128555	NEW    cov: 47 ft: 306 corp: 96/2126b lim: 985 exec/s: 0 rss: 35Mb L: 28/34 MS: 1 ShuffleBytes-
#129216	NEW    cov: 47 ft: 307 corp: 97/2154b lim: 985 exec/s: 0 rss: 35Mb L: 28/34 MS: 1 ChangeByte-
#129437	NEW    cov: 47 ft: 308 corp: 98/2182b lim: 985 exec/s: 0 rss: 35Mb L: 28/34 MS: 1 CopyPart-
#133103	NEW    cov: 47 ft: 309 corp: 99/2210b lim: 1021 exec/s: 0 rss: 35Mb L: 28/34 MS: 1 ShuffleBytes-
#133509	NEW    cov: 47 ft: 310 corp: 100/2238b lim: 1021 exec/s: 0 rss: 35Mb L: 28/34 MS: 1 ShuffleBytes-
#134178	NEW    cov: 47 ft: 311 corp: 101/2266b lim: 1021 exec/s: 0 rss: 35Mb L: 28/34 MS: 4 ChangeBit-CopyPart-CopyPart-PersAutoDict- DE: "\000\000\000\000\000\000\000\033"-
#134714	NEW    cov: 47 ft: 312 corp: 102/2294b lim: 1021 exec/s: 0 rss: 35Mb L: 28/34 MS: 1 ChangeBit-
#134972	REDUCE cov: 47 ft: 312 corp: 102/2292b lim: 1021 exec/s: 0 rss: 35Mb L: 26/34 MS: 3 CMP-EraseBytes-InsertByte- DE: "B\000\000\000"-
#135213	NEW    cov: 47 ft: 313 corp: 103/2320b lim: 1021 exec/s: 0 rss: 35Mb L: 28/34 MS: 1 ShuffleBytes-
#135641	REDUCE cov: 47 ft: 313 corp: 103/2318b lim: 1021 exec/s: 0 rss: 35Mb L: 24/34 MS: 3 PersAutoDict-EraseBytes-InsertByte- DE: "\377\377\377\377"-
#147319	REDUCE cov: 47 ft: 313 corp: 103/2316b lim: 1130 exec/s: 0 rss: 35Mb L: 26/34 MS: 3 CrossOver-ChangeBit-EraseBytes-
#147376	NEW    cov: 47 ft: 314 corp: 104/2344b lim: 1130 exec/s: 0 rss: 35Mb L: 28/34 MS: 2 ChangeBit-ChangeByte-
#149736	REDUCE cov: 47 ft: 314 corp: 104/2340b lim: 1150 exec/s: 0 rss: 35Mb L: 15/34 MS: 5 CrossOver-CrossOver-EraseBytes-CrossOver-CopyPart-
#152657	NEW    cov: 47 ft: 315 corp: 105/2368b lim: 1170 exec/s: 0 rss: 36Mb L: 28/34 MS: 1 CopyPart-
#155896	REDUCE cov: 47 ft: 315 corp: 105/2364b lim: 1200 exec/s: 0 rss: 36Mb L: 24/34 MS: 4 EraseBytes-ChangeByte-CopyPart-InsertByte-
#162087	NEW    cov: 47 ft: 316 corp: 106/2392b lim: 1260 exec/s: 0 rss: 36Mb L: 28/34 MS: 1 ChangeBit-
#167762	REDUCE cov: 47 ft: 316 corp: 106/2386b lim: 1310 exec/s: 0 rss: 36Mb L: 22/34 MS: 5 ChangeByte-PersAutoDict-ChangeBit-EraseBytes-ChangeByte- DE: "\377\377\377\377"-
#169825	REDUCE cov: 47 ft: 316 corp: 106/2380b lim: 1330 exec/s: 0 rss: 36Mb L: 22/34 MS: 3 CMP-ChangeBinInt-EraseBytes- DE: "y\000\000\000"-
#171836	NEW    cov: 47 ft: 317 corp: 107/2408b lim: 1350 exec/s: 0 rss: 36Mb L: 28/34 MS: 1 ChangeByte-
#180443	NEW    cov: 47 ft: 318 corp: 108/2436b lim: 1430 exec/s: 0 rss: 36Mb L: 28/34 MS: 2 ShuffleBytes-ChangeBinInt-
#181629	NEW    cov: 49 ft: 326 corp: 109/2464b lim: 1440 exec/s: 0 rss: 36Mb L: 28/34 MS: 1 CrossOver-
#184454	REDUCE cov: 49 ft: 326 corp: 109/2460b lim: 1460 exec/s: 0 rss: 36Mb L: 24/34 MS: 5 EraseBytes-InsertByte-ChangeByte-PersAutoDict-ChangeBit- DE: "#\000\000\000\000\000\000\000"-
#185476	REDUCE cov: 49 ft: 326 corp: 109/2458b lim: 1470 exec/s: 0 rss: 36Mb L: 22/34 MS: 2 InsertByte-EraseBytes-
#204348	NEW    cov: 49 ft: 327 corp: 110/2486b lim: 1650 exec/s: 0 rss: 36Mb L: 28/34 MS: 2 ShuffleBytes-ChangeBinInt-
#215494	NEW    cov: 49 ft: 330 corp: 111/2514b lim: 1760 exec/s: 0 rss: 36Mb L: 28/34 MS: 1 ChangeBit-
#226216	REDUCE cov: 49 ft: 330 corp: 111/2512b lim: 1860 exec/s: 0 rss: 36Mb L: 26/34 MS: 2 ChangeBit-EraseBytes-
#226848	REDUCE cov: 49 ft: 330 corp: 111/2510b lim: 1860 exec/s: 0 rss: 36Mb L: 26/34 MS: 2 EraseBytes-InsertByte-
#231424	NEW    cov: 49 ft: 331 corp: 112/2538b lim: 1900 exec/s: 0 rss: 36Mb L: 28/34 MS: 1 ChangeBit-
#233201	REDUCE cov: 49 ft: 331 corp: 112/2536b lim: 1910 exec/s: 0 rss: 36Mb L: 24/34 MS: 2 EraseBytes-ChangeBit-
#242251	REDUCE cov: 49 ft: 331 corp: 112/2534b lim: 2000 exec/s: 0 rss: 36Mb L: 21/34 MS: 5 InsertByte-CMP-ShuffleBytes-EraseBytes-ChangeBinInt- DE: "\000\000\000a"-
#245373	REDUCE cov: 49 ft: 331 corp: 112/2532b lim: 2030 exec/s: 0 rss: 36Mb L: 20/34 MS: 2 PersAutoDict-EraseBytes- DE: "\377\377\377\377"-
#250353	REDUCE cov: 49 ft: 331 corp: 112/2530b lim: 2072 exec/s: 0 rss: 36Mb L: 26/34 MS: 5 CopyPart-CrossOver-ChangeByte-CrossOver-EraseBytes-
#262114	REDUCE cov: 49 ft: 332 corp: 113/2550b lim: 2182 exec/s: 0 rss: 36Mb L: 20/34 MS: 1 ChangeBinInt-
#263856	REDUCE cov: 49 ft: 332 corp: 113/2548b lim: 2193 exec/s: 0 rss: 36Mb L: 26/34 MS: 2 CrossOver-EraseBytes-
#271533	REDUCE cov: 49 ft: 333 corp: 114/2574b lim: 2259 exec/s: 0 rss: 36Mb L: 26/34 MS: 2 ChangeBit-ChangeBit-
#272777	REDUCE cov: 49 ft: 333 corp: 114/2572b lim: 2270 exec/s: 0 rss: 36Mb L: 24/34 MS: 4 CopyPart-EraseBytes-ShuffleBytes-CrossOver-
#285178	REDUCE cov: 49 ft: 334 corp: 115/2596b lim: 2391 exec/s: 0 rss: 36Mb L: 24/34 MS: 1 ChangeBinInt-
#287550	REDUCE cov: 49 ft: 334 corp: 115/2595b lim: 2413 exec/s: 0 rss: 36Mb L: 18/34 MS: 2 ChangeBit-EraseBytes-
#290421	NEW    cov: 49 ft: 335 corp: 116/2623b lim: 2435 exec/s: 0 rss: 36Mb L: 28/34 MS: 1 ChangeBit-
#291868	REDUCE cov: 49 ft: 335 corp: 116/2621b lim: 2446 exec/s: 0 rss: 36Mb L: 26/34 MS: 2 CrossOver-EraseBytes-
#296578	REDUCE cov: 49 ft: 335 corp: 116/2619b lim: 2490 exec/s: 0 rss: 36Mb L: 18/34 MS: 5 ShuffleBytes-CopyPart-EraseBytes-CopyPart-InsertByte-
#298367	REDUCE cov: 49 ft: 335 corp: 116/2615b lim: 2501 exec/s: 0 rss: 36Mb L: 20/34 MS: 4 ChangeByte-ChangeByte-ChangeByte-EraseBytes-
#300575	REDUCE cov: 49 ft: 335 corp: 116/2613b lim: 2512 exec/s: 0 rss: 36Mb L: 24/34 MS: 3 ChangeBit-CrossOver-EraseBytes-
#304950	REDUCE cov: 49 ft: 335 corp: 116/2609b lim: 2545 exec/s: 0 rss: 36Mb L: 16/34 MS: 5 ChangeByte-ChangeBit-InsertByte-PersAutoDict-EraseBytes- DE: "\377\377\377y"-
#308492	REDUCE cov: 49 ft: 335 corp: 116/2607b lim: 2578 exec/s: 0 rss: 36Mb L: 20/34 MS: 2 EraseBytes-InsertByte-
#317000	REDUCE cov: 49 ft: 335 corp: 116/2599b lim: 2655 exec/s: 0 rss: 36Mb L: 20/34 MS: 3 EraseBytes-PersAutoDict-InsertByte- DE: "\377\377\377\377"-
#324243	REDUCE cov: 49 ft: 335 corp: 116/2597b lim: 2721 exec/s: 0 rss: 36Mb L: 16/34 MS: 3 ShuffleBytes-CopyPart-EraseBytes-
#327421	REDUCE cov: 49 ft: 335 corp: 116/2595b lim: 2743 exec/s: 0 rss: 36Mb L: 22/34 MS: 3 InsertRepeatedBytes-EraseBytes-CMP- DE: "E\000\000\000"-
#346338	REDUCE cov: 49 ft: 335 corp: 116/2593b lim: 2930 exec/s: 0 rss: 36Mb L: 26/34 MS: 2 InsertByte-EraseBytes-
#347659	NEW    cov: 49 ft: 336 corp: 117/2621b lim: 2941 exec/s: 0 rss: 36Mb L: 28/34 MS: 1 ChangeBit-
#364011	REDUCE cov: 49 ft: 336 corp: 117/2619b lim: 3095 exec/s: 0 rss: 36Mb L: 20/34 MS: 2 ChangeByte-EraseBytes-
#367124	REDUCE cov: 49 ft: 336 corp: 117/2617b lim: 3117 exec/s: 0 rss: 36Mb L: 24/34 MS: 3 EraseBytes-CopyPart-PersAutoDict- DE: "\377\377\377y"-
#373594	REDUCE cov: 49 ft: 336 corp: 117/2615b lim: 3172 exec/s: 0 rss: 36Mb L: 22/34 MS: 5 ChangeByte-InsertByte-ChangeByte-InsertByte-EraseBytes-
#382126	REDUCE cov: 49 ft: 336 corp: 117/2613b lim: 3249 exec/s: 0 rss: 36Mb L: 26/34 MS: 2 InsertByte-EraseBytes-
#392549	REDUCE cov: 49 ft: 336 corp: 117/2611b lim: 3348 exec/s: 0 rss: 36Mb L: 24/34 MS: 3 EraseBytes-ShuffleBytes-InsertByte-
#399066	REDUCE cov: 49 ft: 336 corp: 117/2607b lim: 3403 exec/s: 0 rss: 36Mb L: 18/34 MS: 2 EraseBytes-PersAutoDict- DE: "\377\377\377y"-
#399880	REDUCE cov: 49 ft: 336 corp: 117/2605b lim: 3403 exec/s: 0 rss: 36Mb L: 26/34 MS: 4 CopyPart-CrossOver-EraseBytes-CopyPart-
#403195	REDUCE cov: 49 ft: 336 corp: 117/2599b lim: 3425 exec/s: 0 rss: 36Mb L: 15/34 MS: 5 CopyPart-ChangeBinInt-EraseBytes-PersAutoDict-EraseBytes- DE: "\377\377\377\377"-
#404617	REDUCE cov: 49 ft: 336 corp: 117/2597b lim: 3436 exec/s: 0 rss: 36Mb L: 24/34 MS: 2 ChangeByte-EraseBytes-
#409624	NEW    cov: 49 ft: 338 corp: 118/2625b lim: 3480 exec/s: 0 rss: 36Mb L: 28/34 MS: 2 ChangeBit-ShuffleBytes-
#412096	REDUCE cov: 49 ft: 338 corp: 118/2623b lim: 3502 exec/s: 0 rss: 36Mb L: 22/34 MS: 2 ChangeByte-EraseBytes-
#422856	REDUCE cov: 49 ft: 338 corp: 118/2619b lim: 3601 exec/s: 422856 rss: 36Mb L: 18/34 MS: 2 CrossOver-EraseBytes-
#426439	REDUCE cov: 49 ft: 338 corp: 118/2617b lim: 3634 exec/s: 426439 rss: 36Mb L: 16/34 MS: 3 EraseBytes-InsertRepeatedBytes-CrossOver-
#442265	NEW    cov: 49 ft: 339 corp: 119/2645b lim: 3788 exec/s: 442265 rss: 36Mb L: 28/34 MS: 1 CopyPart-
#449107	NEW    cov: 49 ft: 340 corp: 120/2673b lim: 3854 exec/s: 449107 rss: 36Mb L: 28/34 MS: 2 ChangeBinInt-ChangeASCIIInt-
#475034	REDUCE cov: 49 ft: 340 corp: 120/2669b lim: 4096 exec/s: 475034 rss: 36Mb L: 22/34 MS: 2 EraseBytes-CrossOver-
#495623	REDUCE cov: 49 ft: 340 corp: 120/2667b lim: 4096 exec/s: 495623 rss: 36Mb L: 24/34 MS: 4 ChangeBinInt-EraseBytes-ShuffleBytes-ChangeByte-
#506848	REDUCE cov: 49 ft: 340 corp: 120/2663b lim: 4096 exec/s: 506848 rss: 36Mb L: 18/34 MS: 5 ChangeBit-ShuffleBytes-ShuffleBytes-ChangeBit-EraseBytes-
#513030	REDUCE cov: 49 ft: 340 corp: 120/2661b lim: 4096 exec/s: 513030 rss: 36Mb L: 20/34 MS: 2 EraseBytes-CMP- DE: "\377Y"-
#513864	REDUCE cov: 49 ft: 340 corp: 120/2659b lim: 4096 exec/s: 513864 rss: 36Mb L: 20/34 MS: 4 ChangeBinInt-ChangeBinInt-EraseBytes-PersAutoDict- DE: "\000\000"-
#537302	REDUCE cov: 49 ft: 340 corp: 120/2657b lim: 4096 exec/s: 537302 rss: 36Mb L: 22/34 MS: 3 ChangeByte-ShuffleBytes-EraseBytes-
#551603	NEW    cov: 49 ft: 342 corp: 121/2685b lim: 4096 exec/s: 551603 rss: 36Mb L: 28/34 MS: 1 CrossOver-
#567681	REDUCE cov: 49 ft: 342 corp: 121/2683b lim: 4096 exec/s: 567681 rss: 36Mb L: 24/34 MS: 3 ChangeBit-EraseBytes-InsertByte-
#567776	REDUCE cov: 49 ft: 342 corp: 121/2675b lim: 4096 exec/s: 567776 rss: 36Mb L: 20/34 MS: 5 ChangeBinInt-ChangeBit-ChangeBinInt-CrossOver-EraseBytes-
#571252	NEW    cov: 49 ft: 343 corp: 122/2703b lim: 4096 exec/s: 571252 rss: 36Mb L: 28/34 MS: 1 ChangeBinInt-
#589414	REDUCE cov: 49 ft: 343 corp: 122/2697b lim: 4096 exec/s: 589414 rss: 36Mb L: 18/34 MS: 2 EraseBytes-PersAutoDict- DE: "\377\377\377y"-
#592741	REDUCE cov: 49 ft: 343 corp: 122/2695b lim: 4096 exec/s: 592741 rss: 36Mb L: 26/34 MS: 2 ChangeByte-EraseBytes-
#599584	REDUCE cov: 49 ft: 343 corp: 122/2693b lim: 4096 exec/s: 599584 rss: 36Mb L: 16/34 MS: 3 ChangeByte-CopyPart-EraseBytes-
#612991	REDUCE cov: 49 ft: 343 corp: 122/2691b lim: 4096 exec/s: 612991 rss: 36Mb L: 24/34 MS: 2 EraseBytes-ChangeBit-
#623373	NEW    cov: 49 ft: 344 corp: 123/2706b lim: 4096 exec/s: 623373 rss: 36Mb L: 15/34 MS: 2 CrossOver-ChangeBinInt-
#630240	REDUCE cov: 49 ft: 344 corp: 123/2704b lim: 4096 exec/s: 630240 rss: 36Mb L: 18/34 MS: 2 InsertByte-EraseBytes-
#658008	REDUCE cov: 49 ft: 344 corp: 123/2702b lim: 4096 exec/s: 658008 rss: 36Mb L: 18/34 MS: 3 EraseBytes-ChangeBit-CopyPart-
#688620	NEW    cov: 49 ft: 347 corp: 124/2730b lim: 4096 exec/s: 688620 rss: 36Mb L: 28/34 MS: 2 ShuffleBytes-ChangeASCIIInt-
#696583	REDUCE cov: 49 ft: 347 corp: 124/2728b lim: 4096 exec/s: 696583 rss: 36Mb L: 24/34 MS: 3 PersAutoDict-PersAutoDict-EraseBytes- DE: "\377\377\377y"-"\000\000"-
#698971	REDUCE cov: 49 ft: 347 corp: 124/2724b lim: 4096 exec/s: 698971 rss: 36Mb L: 20/34 MS: 3 EraseBytes-PersAutoDict-ChangeBinInt- DE: "B\000\000\000"-
#729919	REDUCE cov: 49 ft: 347 corp: 124/2722b lim: 4096 exec/s: 729919 rss: 36Mb L: 24/34 MS: 3 InsertByte-EraseBytes-InsertByte-
#731221	REDUCE cov: 49 ft: 347 corp: 124/2720b lim: 4096 exec/s: 731221 rss: 36Mb L: 20/34 MS: 2 CrossOver-EraseBytes-
#743574	REDUCE cov: 49 ft: 347 corp: 124/2718b lim: 4096 exec/s: 743574 rss: 36Mb L: 24/34 MS: 3 CopyPart-CrossOver-EraseBytes-
#748000	NEW    cov: 49 ft: 349 corp: 125/2746b lim: 4096 exec/s: 748000 rss: 36Mb L: 28/34 MS: 1 ChangeByte-
#759204	REDUCE cov: 49 ft: 349 corp: 125/2744b lim: 4096 exec/s: 759204 rss: 36Mb L: 22/34 MS: 4 ChangeBit-ShuffleBytes-CrossOver-EraseBytes-
#799697	NEW    cov: 49 ft: 351 corp: 126/2772b lim: 4096 exec/s: 799697 rss: 36Mb L: 28/34 MS: 3 ChangeByte-CopyPart-CopyPart-
#802766	REDUCE cov: 49 ft: 351 corp: 126/2770b lim: 4096 exec/s: 802766 rss: 36Mb L: 18/34 MS: 4 CMP-ChangeByte-EraseBytes-ChangeBinInt- DE: "\377\377\377\377\377\377\377\033"-
#865635	REDUCE cov: 49 ft: 351 corp: 126/2768b lim: 4096 exec/s: 432817 rss: 36Mb L: 26/34 MS: 4 ChangeASCIIInt-EraseBytes-CopyPart-PersAutoDict- DE: "\377Y"-
#867917	REDUCE cov: 49 ft: 351 corp: 126/2766b lim: 4096 exec/s: 433958 rss: 36Mb L: 22/34 MS: 2 EraseBytes-ChangeByte-
#868894	NEW    cov: 49 ft: 352 corp: 127/2794b lim: 4096 exec/s: 434447 rss: 36Mb L: 28/34 MS: 2 ChangeByte-ChangeBinInt-
#869084	REDUCE cov: 49 ft: 352 corp: 127/2790b lim: 4096 exec/s: 434542 rss: 36Mb L: 18/34 MS: 5 PersAutoDict-ChangeBit-EraseBytes-EraseBytes-InsertByte- DE: "\377\377\377\377"-
#884707	REDUCE cov: 49 ft: 352 corp: 127/2788b lim: 4096 exec/s: 442353 rss: 36Mb L: 26/34 MS: 3 ShuffleBytes-EraseBytes-PersAutoDict- DE: "\377Y"-
#886274	REDUCE cov: 49 ft: 352 corp: 127/2786b lim: 4096 exec/s: 443137 rss: 36Mb L: 20/34 MS: 2 PersAutoDict-EraseBytes- DE: "\377\377\377y"-
#933946	REDUCE cov: 49 ft: 352 corp: 127/2784b lim: 4096 exec/s: 466973 rss: 36Mb L: 18/34 MS: 2 EraseBytes-InsertByte-
#942169	REDUCE cov: 49 ft: 352 corp: 127/2778b lim: 4096 exec/s: 471084 rss: 36Mb L: 18/34 MS: 3 ChangeBinInt-EraseBytes-CopyPart-
#961226	REDUCE cov: 49 ft: 352 corp: 127/2776b lim: 4096 exec/s: 480613 rss: 36Mb L: 26/34 MS: 2 ChangeBit-EraseBytes-
#961332	NEW    cov: 49 ft: 353 corp: 128/2810b lim: 4096 exec/s: 480666 rss: 36Mb L: 34/34 MS: 1 InsertRepeatedBytes-
#967796	REDUCE cov: 49 ft: 353 corp: 128/2808b lim: 4096 exec/s: 483898 rss: 36Mb L: 18/34 MS: 4 PersAutoDict-InsertByte-EraseBytes-InsertByte- DE: "\"\000\000\000\000\000\000\000"-
#1011444	REDUCE cov: 49 ft: 353 corp: 128/2806b lim: 4096 exec/s: 505722 rss: 36Mb L: 22/34 MS: 3 InsertByte-ChangeBinInt-EraseBytes-
#1012727	NEW    cov: 49 ft: 355 corp: 129/2838b lim: 4096 exec/s: 506363 rss: 36Mb L: 32/34 MS: 3 CopyPart-ChangeByte-CrossOver-
#1013513	NEW    cov: 49 ft: 361 corp: 130/2870b lim: 4096 exec/s: 506756 rss: 36Mb L: 32/34 MS: 1 CopyPart-
#1027214	REDUCE cov: 49 ft: 362 corp: 131/2896b lim: 4096 exec/s: 513607 rss: 36Mb L: 26/34 MS: 1 ChangeBinInt-
#1031076	REDUCE cov: 49 ft: 362 corp: 131/2894b lim: 4096 exec/s: 515538 rss: 36Mb L: 16/34 MS: 2 PersAutoDict-EraseBytes- DE: "\377\377\377\377\377\377\377\033"-
#1035165	REDUCE cov: 49 ft: 362 corp: 131/2892b lim: 4096 exec/s: 517582 rss: 36Mb L: 24/34 MS: 4 ChangeBit-ChangeBinInt-EraseBytes-ChangeBinInt-
#1048576	pulse  cov: 49 ft: 362 corp: 131/2892b lim: 4096 exec/s: 524288 rss: 36Mb
#1081471	NEW    cov: 49 ft: 363 corp: 132/2920b lim: 4096 exec/s: 540735 rss: 36Mb L: 28/34 MS: 1 ChangeByte-
#1087164	REDUCE cov: 49 ft: 363 corp: 132/2918b lim: 4096 exec/s: 543582 rss: 36Mb L: 16/34 MS: 3 CopyPart-CopyPart-EraseBytes-
#1114025	NEW    cov: 49 ft: 368 corp: 133/2950b lim: 4096 exec/s: 557012 rss: 36Mb L: 32/34 MS: 1 ShuffleBytes-
#1160679	REDUCE cov: 49 ft: 369 corp: 134/2972b lim: 4096 exec/s: 580339 rss: 36Mb L: 22/34 MS: 4 ShuffleBytes-ChangeBit-ShuffleBytes-ChangeByte-
#1164395	NEW    cov: 49 ft: 370 corp: 135/2994b lim: 4096 exec/s: 582197 rss: 36Mb L: 22/34 MS: 1 ShuffleBytes-
#1168921	NEW    cov: 49 ft: 371 corp: 136/3016b lim: 4096 exec/s: 584460 rss: 36Mb L: 22/34 MS: 1 ChangeBit-
#1181523	NEW    cov: 49 ft: 372 corp: 137/3038b lim: 4096 exec/s: 590761 rss: 36Mb L: 22/34 MS: 2 CopyPart-ShuffleBytes-
#1182961	REDUCE cov: 49 ft: 372 corp: 137/3036b lim: 4096 exec/s: 591480 rss: 36Mb L: 20/34 MS: 3 EraseBytes-ChangeBit-InsertByte-
#1202430	REDUCE cov: 49 ft: 372 corp: 137/3034b lim: 4096 exec/s: 601215 rss: 36Mb L: 24/34 MS: 4 ChangeByte-ChangeBinInt-ChangeByte-EraseBytes-
#1220964	REDUCE cov: 49 ft: 372 corp: 137/3032b lim: 4096 exec/s: 610482 rss: 36Mb L: 18/34 MS: 4 EraseBytes-InsertByte-ShuffleBytes-PersAutoDict- DE: "\377\377\377y"-
#1233521	NEW    cov: 49 ft: 374 corp: 138/3060b lim: 4096 exec/s: 616760 rss: 36Mb L: 28/34 MS: 2 ChangeBinInt-ChangeByte-
#1240925	REDUCE cov: 49 ft: 374 corp: 138/3058b lim: 4096 exec/s: 620462 rss: 36Mb L: 20/34 MS: 4 ChangeByte-ChangeByte-ChangeByte-EraseBytes-
#1264202	REDUCE cov: 49 ft: 374 corp: 138/3056b lim: 4096 exec/s: 632101 rss: 36Mb L: 18/34 MS: 2 EraseBytes-ChangeByte-
#1278910	REDUCE cov: 49 ft: 374 corp: 138/3052b lim: 4096 exec/s: 639455 rss: 36Mb L: 16/34 MS: 3 ShuffleBytes-EraseBytes-ChangeBinInt-
#1289533	REDUCE cov: 49 ft: 374 corp: 138/3050b lim: 4096 exec/s: 644766 rss: 36Mb L: 20/34 MS: 3 ChangeBit-PersAutoDict-EraseBytes- DE: "\377Y"-
#1339048	REDUCE cov: 49 ft: 374 corp: 138/3046b lim: 4096 exec/s: 446349 rss: 36Mb L: 18/34 MS: 5 CrossOver-ChangeBit-CMP-ShuffleBytes-EraseBytes- DE: "\000\000\000\000\000\000\000\026"-
#1345475	NEW    cov: 49 ft: 376 corp: 139/3074b lim: 4096 exec/s: 448491 rss: 36Mb L: 28/34 MS: 2 CopyPart-ChangeBinInt-
#1348475	REDUCE cov: 49 ft: 376 corp: 139/3070b lim: 4096 exec/s: 449491 rss: 36Mb L: 20/34 MS: 5 InsertByte-InsertByte-InsertByte-EraseBytes-ChangeBinInt-
#1363703	REDUCE cov: 49 ft: 376 corp: 139/3068b lim: 4096 exec/s: 454567 rss: 36Mb L: 22/34 MS: 3 ChangeBinInt-CMP-EraseBytes- DE: "\001E"-
#1401301	REDUCE cov: 49 ft: 376 corp: 139/3066b lim: 4096 exec/s: 467100 rss: 36Mb L: 24/34 MS: 3 ChangeBinInt-ChangeByte-EraseBytes-
#1417084	REDUCE cov: 49 ft: 376 corp: 139/3064b lim: 4096 exec/s: 472361 rss: 36Mb L: 16/34 MS: 3 CrossOver-ShuffleBytes-EraseBytes-
#1441321	REDUCE cov: 49 ft: 376 corp: 139/3062b lim: 4096 exec/s: 480440 rss: 36Mb L: 18/34 MS: 2 ChangeBinInt-EraseBytes-
#1467078	REDUCE cov: 49 ft: 376 corp: 139/3060b lim: 4096 exec/s: 489026 rss: 36Mb L: 24/34 MS: 2 InsertByte-EraseBytes-
#1473674	REDUCE cov: 49 ft: 377 corp: 140/3078b lim: 4096 exec/s: 491224 rss: 36Mb L: 18/34 MS: 1 CopyPart-
#1491816	NEW    cov: 49 ft: 378 corp: 141/3096b lim: 4096 exec/s: 497272 rss: 36Mb L: 18/34 MS: 2 ChangeBinInt-ChangeBit-
#1501047	REDUCE cov: 49 ft: 378 corp: 141/3094b lim: 4096 exec/s: 500349 rss: 36Mb L: 32/34 MS: 1 EraseBytes-
#1517899	REDUCE cov: 49 ft: 378 corp: 141/3092b lim: 4096 exec/s: 505966 rss: 36Mb L: 21/34 MS: 2 InsertByte-EraseBytes-
#1533555	NEW    cov: 49 ft: 379 corp: 142/3110b lim: 4096 exec/s: 511185 rss: 36Mb L: 18/34 MS: 1 ChangeBinInt-
#1544297	NEW    cov: 49 ft: 381 corp: 143/3128b lim: 4096 exec/s: 514765 rss: 36Mb L: 18/34 MS: 2 ShuffleBytes-CopyPart-
#1544343	NEW    cov: 49 ft: 382 corp: 144/3146b lim: 4096 exec/s: 514781 rss: 36Mb L: 18/34 MS: 1 ChangeByte-
#1544709	NEW    cov: 49 ft: 383 corp: 145/3164b lim: 4096 exec/s: 514903 rss: 36Mb L: 18/34 MS: 1 ChangeASCIIInt-
#1546695	NEW    cov: 49 ft: 384 corp: 146/3182b lim: 4096 exec/s: 515565 rss: 36Mb L: 18/34 MS: 1 CopyPart-
#1546941	NEW    cov: 49 ft: 385 corp: 147/3200b lim: 4096 exec/s: 515647 rss: 36Mb L: 18/34 MS: 1 ChangeASCIIInt-
#1546977	NEW    cov: 49 ft: 387 corp: 148/3218b lim: 4096 exec/s: 515659 rss: 36Mb L: 18/34 MS: 1 CrossOver-
#1546984	NEW    cov: 49 ft: 388 corp: 149/3236b lim: 4096 exec/s: 515661 rss: 36Mb L: 18/34 MS: 2 ShuffleBytes-ChangeASCIIInt-
#1547340	NEW    cov: 49 ft: 389 corp: 150/3254b lim: 4096 exec/s: 515780 rss: 36Mb L: 18/34 MS: 1 ChangeASCIIInt-
#1547407	NEW    cov: 49 ft: 390 corp: 151/3272b lim: 4096 exec/s: 515802 rss: 36Mb L: 18/34 MS: 2 ChangeBinInt-ShuffleBytes-
#1547618	NEW    cov: 49 ft: 391 corp: 152/3290b lim: 4096 exec/s: 515872 rss: 36Mb L: 18/34 MS: 1 CopyPart-
#1548366	NEW    cov: 49 ft: 392 corp: 153/3308b lim: 4096 exec/s: 516122 rss: 36Mb L: 18/34 MS: 3 CopyPart-ChangeBinInt-ChangeBit-
#1548632	NEW    cov: 49 ft: 393 corp: 154/3326b lim: 4096 exec/s: 516210 rss: 36Mb L: 18/34 MS: 1 CrossOver-
#1548739	NEW    cov: 49 ft: 394 corp: 155/3344b lim: 4096 exec/s: 516246 rss: 36Mb L: 18/34 MS: 2 ChangeASCIIInt-ChangeBit-
#1549127	NEW    cov: 49 ft: 395 corp: 156/3362b lim: 4096 exec/s: 516375 rss: 36Mb L: 18/34 MS: 3 ShuffleBytes-CopyPart-EraseBytes-
#1549313	NEW    cov: 49 ft: 396 corp: 157/3380b lim: 4096 exec/s: 516437 rss: 36Mb L: 18/34 MS: 1 ChangeBit-
#1550261	NEW    cov: 49 ft: 397 corp: 158/3398b lim: 4096 exec/s: 516753 rss: 36Mb L: 18/34 MS: 3 ChangeByte-ChangeASCIIInt-ChangeASCIIInt-
#1550647	NEW    cov: 49 ft: 398 corp: 159/3416b lim: 4096 exec/s: 516882 rss: 36Mb L: 18/34 MS: 1 ShuffleBytes-
#1550853	NEW    cov: 49 ft: 399 corp: 160/3434b lim: 4096 exec/s: 516951 rss: 36Mb L: 18/34 MS: 1 ShuffleBytes-
#1551381	NEW    cov: 49 ft: 400 corp: 161/3452b lim: 4096 exec/s: 517127 rss: 36Mb L: 18/34 MS: 3 CopyPart-ShuffleBytes-ChangeBit-
#1555742	NEW    cov: 49 ft: 401 corp: 162/3470b lim: 4096 exec/s: 518580 rss: 36Mb L: 18/34 MS: 1 ChangeASCIIInt-
#1559456	REDUCE cov: 49 ft: 401 corp: 162/3468b lim: 4096 exec/s: 519818 rss: 36Mb L: 16/34 MS: 4 EraseBytes-InsertByte-ChangeByte-ChangeBit-
#1561152	NEW    cov: 49 ft: 402 corp: 163/3486b lim: 4096 exec/s: 520384 rss: 36Mb L: 18/34 MS: 1 ChangeBinInt-
#1592436	REDUCE cov: 49 ft: 402 corp: 163/3484b lim: 4096 exec/s: 530812 rss: 36Mb L: 16/34 MS: 4 InsertByte-ChangeBit-EraseBytes-CrossOver-
#1623576	REDUCE cov: 49 ft: 402 corp: 163/3482b lim: 4096 exec/s: 541192 rss: 36Mb L: 16/34 MS: 5 ChangeByte-CopyPart-PersAutoDict-EraseBytes-CrossOver- DE: "\377Y"-
#1635323	NEW    cov: 49 ft: 403 corp: 164/3500b lim: 4096 exec/s: 545107 rss: 36Mb L: 18/34 MS: 2 ChangeASCIIInt-ChangeBinInt-
#1688166	REDUCE cov: 49 ft: 403 corp: 164/3496b lim: 4096 exec/s: 562722 rss: 36Mb L: 20/34 MS: 3 ChangeByte-EraseBytes-InsertByte-
#1692772	NEW    cov: 49 ft: 404 corp: 165/3514b lim: 4096 exec/s: 564257 rss: 36Mb L: 18/34 MS: 1 ChangeByte-
#1715884	REDUCE cov: 49 ft: 404 corp: 165/3512b lim: 4096 exec/s: 571961 rss: 36Mb L: 22/34 MS: 2 PersAutoDict-EraseBytes- DE: "\377\377\377\377"-
#1717816	NEW    cov: 49 ft: 405 corp: 166/3530b lim: 4096 exec/s: 572605 rss: 36Mb L: 18/34 MS: 2 CopyPart-ChangeBit-
#1745325	REDUCE cov: 49 ft: 405 corp: 166/3528b lim: 4096 exec/s: 436331 rss: 36Mb L: 22/34 MS: 4 PersAutoDict-ChangeByte-ChangeBinInt-EraseBytes- DE: "\377\377\377\377\377\377\377\033"-
#1764038	REDUCE cov: 49 ft: 405 corp: 166/3526b lim: 4096 exec/s: 441009 rss: 36Mb L: 19/34 MS: 3 InsertByte-ChangeByte-EraseBytes-
#1772243	REDUCE cov: 49 ft: 405 corp: 166/3522b lim: 4096 exec/s: 443060 rss: 36Mb L: 18/34 MS: 5 CopyPart-ChangeByte-ChangeBit-EraseBytes-ChangeBit-
#1793602	REDUCE cov: 49 ft: 405 corp: 166/3520b lim: 4096 exec/s: 448400 rss: 36Mb L: 18/34 MS: 4 EraseBytes-ShuffleBytes-ChangeBinInt-CopyPart-
#1807824	REDUCE cov: 49 ft: 405 corp: 166/3518b lim: 4096 exec/s: 451956 rss: 36Mb L: 20/34 MS: 2 CopyPart-EraseBytes-
#1851055	NEW    cov: 49 ft: 406 corp: 167/3536b lim: 4096 exec/s: 462763 rss: 36Mb L: 18/34 MS: 1 ChangeBinInt-
#1868209	NEW    cov: 49 ft: 409 corp: 168/3564b lim: 4096 exec/s: 467052 rss: 36Mb L: 28/34 MS: 4 ShuffleBytes-ShuffleBytes-ShuffleBytes-ChangeBinInt-
#1953848	REDUCE cov: 49 ft: 410 corp: 169/3592b lim: 4096 exec/s: 488462 rss: 36Mb L: 28/34 MS: 4 CopyPart-CrossOver-CrossOver-CopyPart-
#1981656	REDUCE cov: 49 ft: 410 corp: 169/3588b lim: 4096 exec/s: 495414 rss: 36Mb L: 22/34 MS: 3 InsertByte-ChangeBinInt-EraseBytes-
#2029804	REDUCE cov: 49 ft: 410 corp: 169/3586b lim: 4096 exec/s: 507451 rss: 36Mb L: 20/34 MS: 3 ChangeBinInt-InsertByte-EraseBytes-
#2034012	REDUCE cov: 49 ft: 410 corp: 169/3585b lim: 4096 exec/s: 508503 rss: 36Mb L: 15/34 MS: 3 PersAutoDict-EraseBytes-InsertByte- DE: "E\000\000\000"-
#2055312	REDUCE cov: 49 ft: 410 corp: 169/3583b lim: 4096 exec/s: 513828 rss: 36Mb L: 16/34 MS: 5 CopyPart-CrossOver-EraseBytes-CopyPart-EraseBytes-
#2072875	NEW    cov: 49 ft: 411 corp: 170/3611b lim: 4096 exec/s: 518218 rss: 36Mb L: 28/34 MS: 3 ChangeBit-ChangeBit-ChangeBinInt-
#2094873	REDUCE cov: 49 ft: 411 corp: 170/3609b lim: 4096 exec/s: 523718 rss: 36Mb L: 17/34 MS: 3 EraseBytes-InsertByte-PersAutoDict- DE: "\377\377\377y"-
#2097152	pulse  cov: 49 ft: 411 corp: 170/3609b lim: 4096 exec/s: 524288 rss: 36Mb
#2132795	REDUCE cov: 49 ft: 411 corp: 170/3607b lim: 4096 exec/s: 533198 rss: 36Mb L: 18/34 MS: 2 ChangeBit-EraseBytes-
#2253010	REDUCE cov: 49 ft: 411 corp: 170/3606b lim: 4096 exec/s: 450602 rss: 36Mb L: 15/34 MS: 5 ChangeBinInt-CopyPart-EraseBytes-ChangeBinInt-PersAutoDict- DE: "E\000\000\000"-
#2323837	NEW    cov: 49 ft: 413 corp: 171/3634b lim: 4096 exec/s: 464767 rss: 36Mb L: 28/34 MS: 2 ChangeBinInt-CrossOver-
#2349856	REDUCE cov: 49 ft: 413 corp: 171/3632b lim: 4096 exec/s: 469971 rss: 36Mb L: 16/34 MS: 4 CrossOver-ChangeBit-ChangeASCIIInt-EraseBytes-
#2375065	REDUCE cov: 49 ft: 413 corp: 171/3630b lim: 4096 exec/s: 475013 rss: 36Mb L: 22/34 MS: 4 ChangeASCIIInt-EraseBytes-ShuffleBytes-ChangeBit-
#2445845	REDUCE cov: 49 ft: 413 corp: 171/3628b lim: 4096 exec/s: 489169 rss: 36Mb L: 18/34 MS: 5 PersAutoDict-ChangeByte-ShuffleBytes-CMP-EraseBytes- DE: "\001\000\000\000\000\000\000L"-"\377\377\377R"-
#2451752	REDUCE cov: 49 ft: 413 corp: 171/3626b lim: 4096 exec/s: 490350 rss: 36Mb L: 16/34 MS: 2 EraseBytes-ChangeBit-
#2473836	REDUCE cov: 49 ft: 413 corp: 171/3624b lim: 4096 exec/s: 494767 rss: 36Mb L: 20/34 MS: 4 CopyPart-EraseBytes-ShuffleBytes-CrossOver-
#2523588	REDUCE cov: 49 ft: 413 corp: 171/3622b lim: 4096 exec/s: 504717 rss: 36Mb L: 20/34 MS: 2 EraseBytes-InsertByte-
#2537076	REDUCE cov: 49 ft: 413 corp: 171/3620b lim: 4096 exec/s: 507415 rss: 36Mb L: 18/34 MS: 3 EraseBytes-ChangeBinInt-ChangeBinInt-
#2580859	REDUCE cov: 49 ft: 413 corp: 171/3618b lim: 4096 exec/s: 516171 rss: 36Mb L: 16/34 MS: 3 InsertByte-EraseBytes-CopyPart-
#2669217	REDUCE cov: 49 ft: 413 corp: 171/3616b lim: 4096 exec/s: 444869 rss: 36Mb L: 20/34 MS: 3 CopyPart-EraseBytes-CopyPart-
#2688310	REDUCE cov: 49 ft: 413 corp: 171/3612b lim: 4096 exec/s: 448051 rss: 36Mb L: 24/34 MS: 3 ChangeBit-EraseBytes-ChangeBit-
#2743797	REDUCE cov: 49 ft: 413 corp: 171/3611b lim: 4096 exec/s: 457299 rss: 36Mb L: 17/34 MS: 2 CrossOver-EraseBytes-
#2852466	REDUCE cov: 49 ft: 413 corp: 171/3609b lim: 4096 exec/s: 475411 rss: 36Mb L: 18/34 MS: 4 ChangeBinInt-InsertByte-ChangeByte-EraseBytes-
#2871239	REDUCE cov: 49 ft: 413 corp: 171/3607b lim: 4096 exec/s: 478539 rss: 36Mb L: 16/34 MS: 3 CrossOver-EraseBytes-ChangeBinInt-
#3061467	REDUCE cov: 49 ft: 413 corp: 171/3605b lim: 4096 exec/s: 437352 rss: 36Mb L: 24/34 MS: 3 EraseBytes-EraseBytes-ChangeBit-
#3062397	REDUCE cov: 49 ft: 413 corp: 171/3604b lim: 4096 exec/s: 437485 rss: 36Mb L: 15/34 MS: 5 ChangeBit-CMP-CopyPart-EraseBytes-ChangeByte- DE: "\377\377\377\377\377\377\377%"-
#3235714	REDUCE cov: 49 ft: 413 corp: 171/3602b lim: 4096 exec/s: 462244 rss: 36Mb L: 24/34 MS: 2 EraseBytes-ChangeBit-
#3240866	REDUCE cov: 49 ft: 413 corp: 171/3600b lim: 4096 exec/s: 462980 rss: 36Mb L: 18/34 MS: 2 CrossOver-EraseBytes-
#3432458	REDUCE cov: 49 ft: 413 corp: 171/3598b lim: 4096 exec/s: 490351 rss: 36Mb L: 15/34 MS: 2 EraseBytes-ChangeByte-
#3447880	REDUCE cov: 49 ft: 413 corp: 171/3596b lim: 4096 exec/s: 492554 rss: 36Mb L: 16/34 MS: 2 ChangeByte-EraseBytes-
#3529492	REDUCE cov: 49 ft: 413 corp: 171/3594b lim: 4096 exec/s: 441186 rss: 36Mb L: 16/34 MS: 2 ChangeBit-EraseBytes-
#3856604	REDUCE cov: 49 ft: 413 corp: 171/3592b lim: 4096 exec/s: 482075 rss: 36Mb L: 16/34 MS: 2 ChangeBit-EraseBytes-
#3910911	REDUCE cov: 49 ft: 413 corp: 171/3590b lim: 4096 exec/s: 488863 rss: 36Mb L: 16/34 MS: 2 EraseBytes-PersAutoDict- DE: "\377\377\377\377"-
#4099457	NEW    cov: 49 ft: 414 corp: 172/3608b lim: 4096 exec/s: 455495 rss: 36Mb L: 18/34 MS: 1 CopyPart-
#4189275	REDUCE cov: 49 ft: 414 corp: 172/3606b lim: 4096 exec/s: 465475 rss: 36Mb L: 20/34 MS: 3 ChangeBinInt-CopyPart-EraseBytes-
#4194304	pulse  cov: 49 ft: 414 corp: 172/3606b lim: 4096 exec/s: 466033 rss: 37Mb
#4267158	REDUCE cov: 49 ft: 414 corp: 172/3604b lim: 4096 exec/s: 474128 rss: 37Mb L: 16/34 MS: 3 InsertByte-EraseBytes-InsertByte-
#4361490	REDUCE cov: 49 ft: 414 corp: 172/3602b lim: 4096 exec/s: 484610 rss: 37Mb L: 18/34 MS: 2 InsertByte-EraseBytes-
#4544732	REDUCE cov: 49 ft: 414 corp: 172/3600b lim: 4096 exec/s: 454473 rss: 37Mb L: 16/34 MS: 2 ChangeBinInt-EraseBytes-
#4592892	REDUCE cov: 49 ft: 414 corp: 172/3598b lim: 4096 exec/s: 459289 rss: 37Mb L: 18/34 MS: 5 ShuffleBytes-InsertByte-ChangeByte-EraseBytes-InsertByte-
#4825410	REDUCE cov: 49 ft: 414 corp: 172/3596b lim: 4096 exec/s: 482541 rss: 37Mb L: 16/34 MS: 3 ChangeBit-CopyPart-EraseBytes-
#5002497	REDUCE cov: 49 ft: 414 corp: 172/3594b lim: 4096 exec/s: 454772 rss: 37Mb L: 16/34 MS: 2 PersAutoDict-EraseBytes- DE: "\377\377\377\377"-
#5174542	REDUCE cov: 49 ft: 414 corp: 172/3593b lim: 4096 exec/s: 470412 rss: 37Mb L: 15/34 MS: 5 EraseBytes-ChangeBit-ChangeBit-CMP-InsertByte- DE: "J\000"-
#5266851	REDUCE cov: 49 ft: 414 corp: 172/3590b lim: 4096 exec/s: 478804 rss: 37Mb L: 15/34 MS: 4 ChangeBit-InsertByte-ChangeBinInt-EraseBytes-
#5732854	REDUCE cov: 49 ft: 414 corp: 172/3588b lim: 4096 exec/s: 477737 rss: 37Mb L: 18/34 MS: 3 ChangeBinInt-ChangeBinInt-EraseBytes-
#5845112	REDUCE cov: 49 ft: 414 corp: 172/3586b lim: 4096 exec/s: 449624 rss: 37Mb L: 22/34 MS: 3 ChangeBit-ChangeBinInt-EraseBytes-
#6267260	REDUCE cov: 49 ft: 414 corp: 172/3584b lim: 4096 exec/s: 447661 rss: 37Mb L: 16/34 MS: 3 InsertRepeatedBytes-EraseBytes-EraseBytes-
#6444805	REDUCE cov: 49 ft: 414 corp: 172/3573b lim: 4096 exec/s: 460343 rss: 37Mb L: 21/34 MS: 5 EraseBytes-InsertByte-ChangeByte-ChangeBinInt-ChangeBit-
#6450902	REDUCE cov: 49 ft: 414 corp: 172/3571b lim: 4096 exec/s: 460778 rss: 37Mb L: 22/34 MS: 2 InsertRepeatedBytes-EraseBytes-
#6452184	REDUCE cov: 49 ft: 414 corp: 172/3570b lim: 4096 exec/s: 460870 rss: 37Mb L: 20/34 MS: 2 EraseBytes-InsertByte-
#6695621	REDUCE cov: 49 ft: 414 corp: 172/3568b lim: 4096 exec/s: 446374 rss: 37Mb L: 18/34 MS: 2 EraseBytes-PersAutoDict- DE: "\377\377\377R"-
#6796709	REDUCE cov: 49 ft: 414 corp: 172/3566b lim: 4096 exec/s: 453113 rss: 37Mb L: 18/34 MS: 3 ShuffleBytes-ChangeBit-EraseBytes-
#7162939	REDUCE cov: 49 ft: 414 corp: 172/3565b lim: 4096 exec/s: 447683 rss: 37Mb L: 15/34 MS: 5 ShuffleBytes-ChangeBit-ShuffleBytes-CMP-EraseBytes- DE: "3\000\000\000"-
#7259714	REDUCE cov: 49 ft: 414 corp: 172/3563b lim: 4096 exec/s: 453732 rss: 37Mb L: 20/34 MS: 5 ShuffleBytes-EraseBytes-InsertByte-ShuffleBytes-CopyPart-
#7286432	REDUCE cov: 49 ft: 414 corp: 172/3561b lim: 4096 exec/s: 455402 rss: 37Mb L: 16/34 MS: 3 EraseBytes-ShuffleBytes-CrossOver-
#7324685	REDUCE cov: 49 ft: 414 corp: 172/3559b lim: 4096 exec/s: 457792 rss: 37Mb L: 22/34 MS: 3 InsertByte-EraseBytes-ChangeBinInt-
#8078650	REDUCE cov: 49 ft: 414 corp: 172/3557b lim: 4096 exec/s: 448813 rss: 37Mb L: 24/34 MS: 5 ShuffleBytes-EraseBytes-InsertByte-ChangeBinInt-InsertByte-
#8113563	REDUCE cov: 49 ft: 414 corp: 172/3553b lim: 4096 exec/s: 450753 rss: 37Mb L: 24/34 MS: 3 ShuffleBytes-EraseBytes-ChangeBit-
#8341496	REDUCE cov: 49 ft: 414 corp: 172/3551b lim: 4096 exec/s: 463416 rss: 37Mb L: 22/34 MS: 3 EraseBytes-ChangeByte-InsertByte-
#8388608	pulse  cov: 49 ft: 414 corp: 172/3551b lim: 4096 exec/s: 466033 rss: 37Mb
#8505407	NEW    cov: 49 ft: 416 corp: 173/3579b lim: 4096 exec/s: 447653 rss: 37Mb L: 28/34 MS: 1 CrossOver-
#8541411	REDUCE cov: 49 ft: 416 corp: 173/3577b lim: 4096 exec/s: 449547 rss: 37Mb L: 16/34 MS: 4 ChangeByte-ChangeBinInt-EraseBytes-CopyPart-
#8968083	REDUCE cov: 49 ft: 416 corp: 173/3575b lim: 4096 exec/s: 448404 rss: 37Mb L: 16/34 MS: 2 CopyPart-EraseBytes-
#9209570	REDUCE cov: 49 ft: 416 corp: 173/3573b lim: 4096 exec/s: 460478 rss: 37Mb L: 22/34 MS: 2 EraseBytes-ChangeBinInt-
#9345358	REDUCE cov: 49 ft: 416 corp: 173/3572b lim: 4096 exec/s: 445017 rss: 37Mb L: 21/34 MS: 3 ShuffleBytes-EraseBytes-CrossOver-
#9577351	REDUCE cov: 49 ft: 416 corp: 173/3571b lim: 4096 exec/s: 456064 rss: 37Mb L: 15/34 MS: 3 EraseBytes-ChangeBinInt-ChangeBit-
#9773966	REDUCE cov: 49 ft: 416 corp: 173/3570b lim: 4096 exec/s: 444271 rss: 37Mb L: 15/34 MS: 5 ChangeBinInt-ChangeBit-ChangeByte-EraseBytes-ChangeBit-
#10258099	REDUCE cov: 49 ft: 416 corp: 173/3568b lim: 4096 exec/s: 446004 rss: 37Mb L: 18/34 MS: 3 ShuffleBytes-CopyPart-EraseBytes-
#10485137	REDUCE cov: 49 ft: 416 corp: 173/3565b lim: 4096 exec/s: 455875 rss: 37Mb L: 19/34 MS: 3 ChangeBit-ChangeByte-EraseBytes-
#11099740	REDUCE cov: 49 ft: 416 corp: 173/3563b lim: 4096 exec/s: 443989 rss: 37Mb L: 22/34 MS: 3 EraseBytes-ShuffleBytes-InsertByte-
#11214797	NEW    cov: 49 ft: 418 corp: 174/3591b lim: 4096 exec/s: 448591 rss: 37Mb L: 28/34 MS: 2 CrossOver-CopyPart-
#11443811	REDUCE cov: 49 ft: 418 corp: 174/3589b lim: 4096 exec/s: 457752 rss: 37Mb L: 15/34 MS: 4 ShuffleBytes-EraseBytes-CopyPart-CMP- DE: "\377\377\377\377\377\377\377\027"-
#12919101	NEW    cov: 49 ft: 420 corp: 175/3617b lim: 4096 exec/s: 445486 rss: 37Mb L: 28/34 MS: 5 CopyPart-ChangeBit-EraseBytes-CopyPart-CrossOver-
#12919812	NEW    cov: 49 ft: 421 corp: 176/3645b lim: 4096 exec/s: 445510 rss: 37Mb L: 28/34 MS: 1 ChangeBit-
#12927438	NEW    cov: 49 ft: 422 corp: 177/3673b lim: 4096 exec/s: 445773 rss: 37Mb L: 28/34 MS: 1 ChangeBit-
#12930444	NEW    cov: 49 ft: 423 corp: 178/3701b lim: 4096 exec/s: 445877 rss: 37Mb L: 28/34 MS: 1 CopyPart-
#13197791	REDUCE cov: 49 ft: 424 corp: 179/3717b lim: 4096 exec/s: 455096 rss: 37Mb L: 16/34 MS: 2 ShuffleBytes-ChangeBinInt-
#13270212	NEW    cov: 49 ft: 425 corp: 180/3733b lim: 4096 exec/s: 457593 rss: 37Mb L: 16/34 MS: 1 ChangeByte-
#13607991	REDUCE cov: 49 ft: 425 corp: 180/3731b lim: 4096 exec/s: 453599 rss: 37Mb L: 16/34 MS: 4 ChangeBit-InsertByte-EraseBytes-PersAutoDict- DE: "\377\377\377y"-
panic: found special char in iban [recovered]
	panic: found special char in iban

goroutine 17 [running, locked to thread]:
git.ultraware.nl/iddinkgroep/fundament-api.Fuzz.func1()
	git.ultraware.nl/iddinkgroep/fundament-api/fuzz.go:19 +0xa5
panic({0x555b616dd760?, 0x555b616f0c70?})
	runtime/panic.go:914 +0x21f
git.ultraware.nl/iddinkgroep/fundament-api.Fuzz({0xc0000c6540, 0x1c})
	git.ultraware.nl/iddinkgroep/fundament-api/fuzz.go:34 +0x2b9
git.ultraware.nl/iddinkgroep/fundament-api.Fuzz_(...)
	git.ultraware.nl/iddinkgroep/fundament-api/fuzz.1527825026.go:6
main.LLVMFuzzerTestOneInput(...)
	./main.170485750.go:21
==5926== ERROR: libFuzzer: deadly signal
    #0 0x555b61600630 in __sanitizer_print_stack_trace (/seedai/experiments/libfuzzer/source_iban/libfuzzer+0xaf630) (BuildId: 688cb25bec4564588da2a67f6a2b25148a0fd5d4)
    #1 0x555b615cc755 in fuzzer::PrintStackTrace() (/seedai/experiments/libfuzzer/source_iban/libfuzzer+0x7b755) (BuildId: 688cb25bec4564588da2a67f6a2b25148a0fd5d4)
    #2 0x555b615ab3a9 in fuzzer::Fuzzer::CrashCallback() (.part.0) FuzzerLoop.cpp.o
    #3 0x555b615ab46a in fuzzer::Fuzzer::StaticCrashSignalCallback() (/seedai/experiments/libfuzzer/source_iban/libfuzzer+0x5a46a) (BuildId: 688cb25bec4564588da2a67f6a2b25148a0fd5d4)
    #4 0x7f55c073f70f  (/usr/lib/libc.so.6+0x3e70f) (BuildId: 316d0d3666387f0e8fb98773f51aa1801027c5ab)
    #5 0x555b61660160 in runtime.raise.abi0 runtime/sys_linux_amd64.s:153

NOTE: libFuzzer has rudimentary signal handlers.
      Combine libFuzzer with AddressSanitizer or similar for better crash reports.
SUMMARY: libFuzzer: deadly signal
MS: 2 ChangeASCIIInt-ChangeBinInt-; base unit: f66122cf8a9564c73cb9ddd4779fab06699715b8
0x61,0x4c,0x30,0x30,0x2d,0x30,0x30,0x30,0x30,0x30,0x30,0x30,0x30,0x30,0x58,0x30,0x30,0x30,0x70,0x30,0x30,0x30,0x30,0x30,0x30,0x30,0x30,0x30,
aL00-000000000X000p000000000
artifact_prefix='./'; Test unit written to ./crash-b752c80e416e67cc76ce4a9fc995177ce722c6c5
Base64: YUwwMC0wMDAwMDAwMDBYMDAwcDAwMDAwMDAwMA==
