INFO: Running with entropic power schedule (0xFF, 100).
INFO: Seed: 2573333198
INFO: Loaded 1 modules   (70 inline 8-bit counters): 70 [0x56401eb99030, 0x56401eb99076), 
INFO: Loaded 1 PC tables (70 PCs): 70 [0xc000068000,0xc000068460), 
INFO:       10 files found in corpus
INFO: -max_len is not provided; libFuzzer will not generate inputs larger than 5413 bytes
INFO: seed corpus: files: 10 min: 15b max: 5413b total: 16425b rss: 29Mb
#11	INITED cov: 43 ft: 187 corp: 6/148b exec/s: 0 rss: 29Mb
#17	NEW    cov: 44 ft: 192 corp: 7/170b lim: 32 exec/s: 0 rss: 29Mb L: 22/32 MS: 1 ChangeASCIIInt-
#20	NEW    cov: 44 ft: 193 corp: 8/193b lim: 32 exec/s: 0 rss: 29Mb L: 23/32 MS: 3 InsertByte-ChangeBit-ChangeBinInt-
#26	NEW    cov: 44 ft: 194 corp: 9/222b lim: 32 exec/s: 0 rss: 29Mb L: 29/32 MS: 1 InsertRepeatedBytes-
#27	NEW    cov: 45 ft: 197 corp: 10/244b lim: 32 exec/s: 0 rss: 29Mb L: 22/32 MS: 1 ChangeByte-
#33	NEW    cov: 45 ft: 200 corp: 11/262b lim: 32 exec/s: 0 rss: 29Mb L: 18/32 MS: 1 EraseBytes-
#36	NEW    cov: 45 ft: 201 corp: 12/288b lim: 32 exec/s: 0 rss: 29Mb L: 26/32 MS: 3 CMP-ChangeByte-CMP- DE: "3\000\000\000"-"\377\377\377\377\377\377\377\023"-
#37	NEW    cov: 46 ft: 205 corp: 13/301b lim: 32 exec/s: 0 rss: 29Mb L: 13/32 MS: 1 EraseBytes-
#47	NEW    cov: 46 ft: 226 corp: 14/319b lim: 32 exec/s: 0 rss: 29Mb L: 18/32 MS: 5 CrossOver-ChangeBit-EraseBytes-ChangeBit-ChangeByte-
#49	NEW    cov: 46 ft: 229 corp: 15/335b lim: 32 exec/s: 0 rss: 29Mb L: 16/32 MS: 2 PersAutoDict-EraseBytes- DE: "3\000\000\000"-
#58	NEW    cov: 46 ft: 230 corp: 16/366b lim: 32 exec/s: 0 rss: 29Mb L: 31/32 MS: 4 InsertByte-ChangeASCIIInt-PersAutoDict-InsertRepeatedBytes- DE: "\377\377\377\377\377\377\377\023"-
#118	REDUCE cov: 46 ft: 230 corp: 16/364b lim: 32 exec/s: 0 rss: 29Mb L: 21/32 MS: 5 EraseBytes-ShuffleBytes-ChangeByte-ShuffleBytes-ChangeBinInt-
#124	NEW    cov: 46 ft: 233 corp: 17/386b lim: 32 exec/s: 0 rss: 29Mb L: 22/32 MS: 1 ChangeASCIIInt-
#141	NEW    cov: 46 ft: 234 corp: 18/400b lim: 32 exec/s: 0 rss: 29Mb L: 14/32 MS: 2 CMP-InsertByte- DE: "\000\000\000\000"-
#172	NEW    cov: 46 ft: 235 corp: 19/411b lim: 32 exec/s: 0 rss: 29Mb L: 11/32 MS: 1 EraseBytes-
#195	REDUCE cov: 46 ft: 235 corp: 19/409b lim: 32 exec/s: 0 rss: 29Mb L: 27/32 MS: 3 EraseBytes-ChangeByte-InsertRepeatedBytes-
#204	NEW    cov: 46 ft: 237 corp: 20/429b lim: 32 exec/s: 0 rss: 29Mb L: 20/32 MS: 4 ChangeASCIIInt-InsertByte-ChangeByte-CrossOver-
#285	NEW    cov: 46 ft: 238 corp: 21/450b lim: 32 exec/s: 0 rss: 30Mb L: 21/32 MS: 1 CrossOver-
#319	NEW    cov: 46 ft: 240 corp: 22/452b lim: 32 exec/s: 0 rss: 30Mb L: 2/32 MS: 4 CMP-InsertByte-PersAutoDict-CrossOver- DE: "\001\000"-"3\000\000\000"-
#376	NEW    cov: 46 ft: 241 corp: 23/467b lim: 32 exec/s: 0 rss: 30Mb L: 15/32 MS: 2 ChangeBit-EraseBytes-
#397	NEW    cov: 46 ft: 243 corp: 24/489b lim: 32 exec/s: 0 rss: 30Mb L: 22/32 MS: 1 ChangeASCIIInt-
#406	NEW    cov: 46 ft: 244 corp: 25/511b lim: 32 exec/s: 0 rss: 30Mb L: 22/32 MS: 4 ChangeBinInt-ChangeASCIIInt-ChangeASCIIInt-ShuffleBytes-
#407	NEW    cov: 46 ft: 246 corp: 26/533b lim: 32 exec/s: 0 rss: 30Mb L: 22/32 MS: 1 ShuffleBytes-
#484	NEW    cov: 46 ft: 251 corp: 27/555b lim: 32 exec/s: 0 rss: 30Mb L: 22/32 MS: 2 ChangeByte-ChangeBinInt-
#505	REDUCE cov: 46 ft: 251 corp: 27/554b lim: 32 exec/s: 0 rss: 30Mb L: 1/32 MS: 1 EraseBytes-
#583	NEW    cov: 46 ft: 252 corp: 28/576b lim: 32 exec/s: 0 rss: 30Mb L: 22/32 MS: 3 InsertByte-ChangeASCIIInt-CopyPart-
#584	NEW    cov: 46 ft: 257 corp: 29/598b lim: 32 exec/s: 0 rss: 30Mb L: 22/32 MS: 1 ChangeByte-
#605	NEW    cov: 46 ft: 258 corp: 30/620b lim: 32 exec/s: 0 rss: 30Mb L: 22/32 MS: 1 ChangeBinInt-
#672	NEW    cov: 46 ft: 260 corp: 31/642b lim: 32 exec/s: 0 rss: 30Mb L: 22/32 MS: 2 CopyPart-ChangeBit-
#678	REDUCE cov: 46 ft: 260 corp: 31/641b lim: 32 exec/s: 0 rss: 30Mb L: 10/32 MS: 1 EraseBytes-
#762	REDUCE cov: 46 ft: 260 corp: 31/638b lim: 32 exec/s: 0 rss: 30Mb L: 24/32 MS: 4 InsertByte-CopyPart-ChangeBinInt-EraseBytes-
#808	NEW    cov: 46 ft: 262 corp: 32/660b lim: 32 exec/s: 0 rss: 30Mb L: 22/32 MS: 1 ChangeASCIIInt-
#811	NEW    cov: 46 ft: 264 corp: 33/682b lim: 32 exec/s: 0 rss: 30Mb L: 22/32 MS: 3 ChangeASCIIInt-ChangeBinInt-ChangeASCIIInt-
#817	NEW    cov: 46 ft: 266 corp: 34/704b lim: 32 exec/s: 0 rss: 30Mb L: 22/32 MS: 1 ShuffleBytes-
#871	REDUCE cov: 46 ft: 266 corp: 34/702b lim: 32 exec/s: 0 rss: 30Mb L: 8/32 MS: 4 ChangeBinInt-EraseBytes-ChangeBit-InsertByte-
#917	NEW    cov: 46 ft: 267 corp: 35/724b lim: 32 exec/s: 0 rss: 30Mb L: 22/32 MS: 1 ShuffleBytes-
#938	NEW    cov: 46 ft: 268 corp: 36/746b lim: 32 exec/s: 0 rss: 30Mb L: 22/32 MS: 1 ChangeByte-
#990	NEW    cov: 46 ft: 269 corp: 37/768b lim: 32 exec/s: 0 rss: 30Mb L: 22/32 MS: 2 ShuffleBytes-ChangeBinInt-
#1022	NEW    cov: 46 ft: 270 corp: 38/790b lim: 32 exec/s: 0 rss: 30Mb L: 22/32 MS: 2 ChangeASCIIInt-ShuffleBytes-
#1048	NEW    cov: 46 ft: 271 corp: 39/812b lim: 32 exec/s: 0 rss: 30Mb L: 22/32 MS: 1 ChangeASCIIInt-
#1234	NEW    cov: 46 ft: 273 corp: 40/834b lim: 32 exec/s: 0 rss: 30Mb L: 22/32 MS: 1 ChangeASCIIInt-
#1280	NEW    cov: 46 ft: 275 corp: 41/856b lim: 32 exec/s: 0 rss: 30Mb L: 22/32 MS: 1 ChangeASCIIInt-
#1304	NEW    cov: 46 ft: 276 corp: 42/887b lim: 32 exec/s: 0 rss: 30Mb L: 31/32 MS: 4 CrossOver-ChangeBinInt-ChangeByte-CopyPart-
#1600	NEW    cov: 47 ft: 277 corp: 43/909b lim: 32 exec/s: 0 rss: 30Mb L: 22/32 MS: 1 ChangeByte-
#1703	NEW    cov: 47 ft: 284 corp: 44/931b lim: 32 exec/s: 0 rss: 30Mb L: 22/32 MS: 3 CopyPart-InsertRepeatedBytes-CrossOver-
#1757	NEW    cov: 47 ft: 285 corp: 45/946b lim: 32 exec/s: 0 rss: 30Mb L: 15/32 MS: 4 CopyPart-ChangeBinInt-CMP-EraseBytes- DE: "\000\000\000a"-
#1787	REDUCE cov: 47 ft: 286 corp: 46/966b lim: 32 exec/s: 0 rss: 30Mb L: 20/32 MS: 5 ChangeASCIIInt-ChangeBinInt-EraseBytes-ChangeBinInt-ChangeByte-
#1811	REDUCE cov: 47 ft: 286 corp: 46/959b lim: 32 exec/s: 0 rss: 30Mb L: 24/32 MS: 4 ShuffleBytes-ChangeBit-ChangeByte-EraseBytes-
#1995	REDUCE cov: 47 ft: 286 corp: 46/952b lim: 32 exec/s: 0 rss: 30Mb L: 17/32 MS: 4 PersAutoDict-ChangeByte-ShuffleBytes-CrossOver- DE: "\001\000"-
#2021	NEW    cov: 47 ft: 287 corp: 47/967b lim: 32 exec/s: 0 rss: 30Mb L: 15/32 MS: 1 PersAutoDict- DE: "\000\000\000a"-
#2236	REDUCE cov: 47 ft: 287 corp: 47/960b lim: 32 exec/s: 0 rss: 30Mb L: 17/32 MS: 5 InsertRepeatedBytes-CrossOver-ChangeASCIIInt-ChangeASCIIInt-EraseBytes-
#2322	NEW    cov: 47 ft: 289 corp: 48/982b lim: 32 exec/s: 0 rss: 30Mb L: 22/32 MS: 1 ChangeASCIIInt-
#2363	NEW    cov: 47 ft: 290 corp: 49/1004b lim: 32 exec/s: 0 rss: 30Mb L: 22/32 MS: 1 ChangeBinInt-
#2565	NEW    cov: 47 ft: 291 corp: 50/1026b lim: 32 exec/s: 0 rss: 31Mb L: 22/32 MS: 2 CopyPart-ChangeByte-
#2570	REDUCE cov: 47 ft: 291 corp: 50/1024b lim: 32 exec/s: 0 rss: 31Mb L: 15/32 MS: 5 EraseBytes-ChangeBinInt-InsertByte-ChangeBinInt-CopyPart-
#2576	NEW    cov: 47 ft: 293 corp: 51/1046b lim: 32 exec/s: 0 rss: 31Mb L: 22/32 MS: 1 ChangeASCIIInt-
#3101	NEW    cov: 47 ft: 295 corp: 52/1080b lim: 37 exec/s: 0 rss: 31Mb L: 34/34 MS: 5 ChangeASCIIInt-InsertRepeatedBytes-EraseBytes-PersAutoDict-CopyPart- DE: "3\000\000\000"-
#3127	NEW    cov: 47 ft: 296 corp: 53/1113b lim: 37 exec/s: 0 rss: 31Mb L: 33/34 MS: 1 InsertRepeatedBytes-
#4942	NEW    cov: 47 ft: 297 corp: 54/1131b lim: 52 exec/s: 0 rss: 31Mb L: 18/34 MS: 5 PersAutoDict-CrossOver-ShuffleBytes-InsertByte-CopyPart- DE: "\000\000\000\000"-
#5410	NEW    cov: 47 ft: 298 corp: 55/1153b lim: 52 exec/s: 0 rss: 31Mb L: 22/34 MS: 3 CopyPart-ShuffleBytes-ChangeByte-
#5689	REDUCE cov: 47 ft: 298 corp: 55/1147b lim: 52 exec/s: 0 rss: 31Mb L: 16/34 MS: 4 EraseBytes-InsertByte-ChangeByte-InsertByte-
#7601	REDUCE cov: 47 ft: 298 corp: 55/1136b lim: 67 exec/s: 0 rss: 32Mb L: 15/34 MS: 2 CrossOver-CopyPart-
#8117	NEW    cov: 48 ft: 306 corp: 56/1158b lim: 67 exec/s: 0 rss: 32Mb L: 22/34 MS: 1 ChangeASCIIInt-
#8122	NEW    cov: 48 ft: 307 corp: 57/1180b lim: 67 exec/s: 0 rss: 32Mb L: 22/34 MS: 5 ChangeBit-ChangeByte-CopyPart-ShuffleBytes-CrossOver-
#8479	NEW    cov: 48 ft: 308 corp: 58/1202b lim: 67 exec/s: 0 rss: 32Mb L: 22/34 MS: 2 ChangeBinInt-CopyPart-
#8826	NEW    cov: 49 ft: 311 corp: 59/1220b lim: 67 exec/s: 0 rss: 32Mb L: 18/34 MS: 2 ChangeBit-ChangeByte-
#8941	REDUCE cov: 49 ft: 311 corp: 59/1218b lim: 67 exec/s: 0 rss: 32Mb L: 19/34 MS: 5 ChangeBit-EraseBytes-ChangeBinInt-ShuffleBytes-ChangeByte-
#10797	NEW    cov: 49 ft: 313 corp: 60/1240b lim: 85 exec/s: 0 rss: 32Mb L: 22/34 MS: 1 ShuffleBytes-
#13873	NEW    cov: 49 ft: 316 corp: 61/1255b lim: 115 exec/s: 0 rss: 33Mb L: 15/34 MS: 1 ChangeBit-
#17349	NEW    cov: 49 ft: 318 corp: 62/1270b lim: 147 exec/s: 0 rss: 34Mb L: 15/34 MS: 1 ChangeBit-
#18196	NEW    cov: 49 ft: 320 corp: 63/1292b lim: 154 exec/s: 0 rss: 34Mb L: 22/34 MS: 2 CrossOver-ChangeBit-
#20027	REDUCE cov: 49 ft: 320 corp: 63/1290b lim: 168 exec/s: 0 rss: 34Mb L: 15/34 MS: 1 CrossOver-
#20896	REDUCE cov: 49 ft: 321 corp: 64/1312b lim: 175 exec/s: 0 rss: 34Mb L: 22/34 MS: 4 CrossOver-InsertRepeatedBytes-ChangeByte-EraseBytes-
#21127	NEW    cov: 49 ft: 322 corp: 65/1334b lim: 175 exec/s: 0 rss: 34Mb L: 22/34 MS: 1 ChangeBit-
#23761	REDUCE cov: 49 ft: 322 corp: 65/1330b lim: 196 exec/s: 0 rss: 34Mb L: 15/34 MS: 4 CopyPart-ChangeBinInt-ChangeASCIIInt-EraseBytes-
#27978	NEW    cov: 49 ft: 324 corp: 66/1352b lim: 231 exec/s: 0 rss: 34Mb L: 22/34 MS: 2 ChangeBinInt-ChangeASCIIInt-
#28599	NEW    cov: 49 ft: 325 corp: 67/1374b lim: 231 exec/s: 0 rss: 34Mb L: 22/34 MS: 1 CopyPart-
#36039	REDUCE cov: 49 ft: 325 corp: 67/1372b lim: 299 exec/s: 0 rss: 34Mb L: 20/34 MS: 5 ChangeBit-ChangeBinInt-EraseBytes-InsertByte-InsertByte-
#41300	NEW    cov: 50 ft: 330 corp: 68/1394b lim: 347 exec/s: 0 rss: 35Mb L: 22/34 MS: 1 ChangeByte-
#42371	NEW    cov: 50 ft: 331 corp: 69/1416b lim: 355 exec/s: 0 rss: 35Mb L: 22/34 MS: 1 ShuffleBytes-
#42484	NEW    cov: 50 ft: 333 corp: 70/1438b lim: 355 exec/s: 0 rss: 35Mb L: 22/34 MS: 3 ChangeBit-ShuffleBytes-ShuffleBytes-
#43070	NEW    cov: 50 ft: 334 corp: 71/1460b lim: 355 exec/s: 0 rss: 35Mb L: 22/34 MS: 1 ChangeASCIIInt-
#43176	NEW    cov: 50 ft: 335 corp: 72/1482b lim: 355 exec/s: 0 rss: 35Mb L: 22/34 MS: 1 ChangeASCIIInt-
#43573	NEW    cov: 50 ft: 336 corp: 73/1504b lim: 355 exec/s: 0 rss: 35Mb L: 22/34 MS: 2 ChangeASCIIInt-ChangeASCIIInt-
#43629	NEW    cov: 50 ft: 337 corp: 74/1526b lim: 355 exec/s: 0 rss: 35Mb L: 22/34 MS: 1 ChangeASCIIInt-
#44306	NEW    cov: 50 ft: 338 corp: 75/1548b lim: 355 exec/s: 0 rss: 35Mb L: 22/34 MS: 2 CopyPart-ShuffleBytes-
#46068	NEW    cov: 50 ft: 339 corp: 76/1570b lim: 371 exec/s: 0 rss: 35Mb L: 22/34 MS: 2 ChangeByte-CopyPart-
#46179	NEW    cov: 50 ft: 340 corp: 77/1592b lim: 371 exec/s: 0 rss: 35Mb L: 22/34 MS: 1 ShuffleBytes-
#47130	NEW    cov: 50 ft: 341 corp: 78/1614b lim: 379 exec/s: 0 rss: 35Mb L: 22/34 MS: 1 ChangeASCIIInt-
#49481	NEW    cov: 50 ft: 342 corp: 79/1636b lim: 395 exec/s: 0 rss: 35Mb L: 22/34 MS: 1 ChangeASCIIInt-
#49927	NEW    cov: 50 ft: 343 corp: 80/1658b lim: 395 exec/s: 0 rss: 35Mb L: 22/34 MS: 1 ShuffleBytes-
#50037	NEW    cov: 50 ft: 344 corp: 81/1680b lim: 395 exec/s: 0 rss: 35Mb L: 22/34 MS: 5 ChangeBit-CrossOver-ChangeByte-ChangeASCIIInt-ShuffleBytes-
#50268	NEW    cov: 50 ft: 346 corp: 82/1702b lim: 395 exec/s: 0 rss: 35Mb L: 22/34 MS: 1 ChangeBit-
#51474	NEW    cov: 50 ft: 347 corp: 83/1724b lim: 403 exec/s: 0 rss: 35Mb L: 22/34 MS: 1 ShuffleBytes-
#53235	NEW    cov: 50 ft: 348 corp: 84/1746b lim: 419 exec/s: 0 rss: 35Mb L: 22/34 MS: 1 ShuffleBytes-
#54302	REDUCE cov: 50 ft: 348 corp: 84/1744b lim: 427 exec/s: 0 rss: 35Mb L: 19/34 MS: 2 EraseBytes-ChangeBinInt-
#58594	NEW    cov: 50 ft: 349 corp: 85/1766b lim: 467 exec/s: 0 rss: 35Mb L: 22/34 MS: 2 ChangeBinInt-ChangeASCIIInt-
#58882	REDUCE cov: 50 ft: 349 corp: 85/1756b lim: 467 exec/s: 0 rss: 35Mb L: 21/34 MS: 3 InsertByte-ShuffleBytes-EraseBytes-
#60206	NEW    cov: 50 ft: 350 corp: 86/1778b lim: 475 exec/s: 0 rss: 35Mb L: 22/34 MS: 4 ChangeByte-ChangeASCIIInt-ChangeBinInt-CopyPart-
#60302	NEW    cov: 50 ft: 351 corp: 87/1800b lim: 475 exec/s: 0 rss: 35Mb L: 22/34 MS: 1 ChangeASCIIInt-
#62153	NEW    cov: 50 ft: 352 corp: 88/1815b lim: 491 exec/s: 0 rss: 35Mb L: 15/34 MS: 1 ChangeBinInt-
#65182	NEW    cov: 50 ft: 354 corp: 89/1837b lim: 515 exec/s: 0 rss: 35Mb L: 22/34 MS: 4 ChangeASCIIInt-ChangeByte-CopyPart-CopyPart-
#66840	NEW    cov: 50 ft: 355 corp: 90/1859b lim: 524 exec/s: 0 rss: 35Mb L: 22/34 MS: 3 ChangeASCIIInt-CrossOver-ChangeASCIIInt-
#67626	NEW    cov: 50 ft: 356 corp: 91/1874b lim: 524 exec/s: 0 rss: 35Mb L: 15/34 MS: 1 CrossOver-
#68442	NEW    cov: 50 ft: 357 corp: 92/1896b lim: 524 exec/s: 0 rss: 35Mb L: 22/34 MS: 1 ShuffleBytes-
#68719	REDUCE cov: 50 ft: 357 corp: 92/1894b lim: 524 exec/s: 0 rss: 35Mb L: 20/34 MS: 2 InsertByte-EraseBytes-
#70530	NEW    cov: 50 ft: 358 corp: 93/1916b lim: 542 exec/s: 0 rss: 35Mb L: 22/34 MS: 1 ChangeBit-
#70791	NEW    cov: 50 ft: 359 corp: 94/1938b lim: 542 exec/s: 0 rss: 35Mb L: 22/34 MS: 1 ChangeBinInt-
#71563	REDUCE cov: 50 ft: 359 corp: 94/1936b lim: 542 exec/s: 0 rss: 35Mb L: 17/34 MS: 2 EraseBytes-ChangeByte-
#71674	NEW    cov: 50 ft: 360 corp: 95/1951b lim: 542 exec/s: 0 rss: 35Mb L: 15/34 MS: 1 ChangeBit-
#73285	NEW    cov: 50 ft: 361 corp: 96/1973b lim: 551 exec/s: 0 rss: 35Mb L: 22/34 MS: 1 CrossOver-
#74407	NEW    cov: 50 ft: 363 corp: 97/1995b lim: 560 exec/s: 0 rss: 35Mb L: 22/34 MS: 2 ChangeBinInt-CopyPart-
#75158	NEW    cov: 50 ft: 364 corp: 98/2017b lim: 560 exec/s: 0 rss: 35Mb L: 22/34 MS: 1 ChangeASCIIInt-
#75235	NEW    cov: 50 ft: 365 corp: 99/2039b lim: 560 exec/s: 0 rss: 35Mb L: 22/34 MS: 2 ChangeBinInt-CrossOver-
#75356	NEW    cov: 50 ft: 366 corp: 100/2061b lim: 560 exec/s: 0 rss: 35Mb L: 22/34 MS: 1 ChangeBit-
#75683	NEW    cov: 50 ft: 367 corp: 101/2083b lim: 560 exec/s: 0 rss: 35Mb L: 22/34 MS: 2 ChangeByte-ShuffleBytes-
#77011	NEW    cov: 50 ft: 368 corp: 102/2105b lim: 569 exec/s: 0 rss: 35Mb L: 22/34 MS: 3 CopyPart-ChangeBinInt-ChangeASCIIInt-
#77557	NEW    cov: 50 ft: 369 corp: 103/2127b lim: 569 exec/s: 0 rss: 35Mb L: 22/34 MS: 1 ChangeBinInt-
#77825	NEW    cov: 50 ft: 370 corp: 104/2149b lim: 569 exec/s: 0 rss: 35Mb L: 22/34 MS: 3 CopyPart-EraseBytes-InsertByte-
#78000	REDUCE cov: 50 ft: 370 corp: 104/2147b lim: 569 exec/s: 0 rss: 35Mb L: 20/34 MS: 5 InsertByte-ShuffleBytes-ShuffleBytes-ShuffleBytes-EraseBytes-
#80426	NEW    cov: 50 ft: 371 corp: 105/2169b lim: 587 exec/s: 0 rss: 35Mb L: 22/34 MS: 1 ShuffleBytes-
#81874	NEW    cov: 50 ft: 372 corp: 106/2191b lim: 596 exec/s: 0 rss: 35Mb L: 22/34 MS: 3 ChangeBinInt-ChangeByte-CopyPart-
#82035	NEW    cov: 50 ft: 373 corp: 107/2213b lim: 596 exec/s: 0 rss: 35Mb L: 22/34 MS: 1 ShuffleBytes-
#82121	NEW    cov: 50 ft: 374 corp: 108/2235b lim: 596 exec/s: 0 rss: 35Mb L: 22/34 MS: 1 ChangeASCIIInt-
#85790	NEW    cov: 50 ft: 375 corp: 109/2257b lim: 632 exec/s: 0 rss: 35Mb L: 22/34 MS: 4 ShuffleBytes-CrossOver-ChangeByte-ChangeASCIIInt-
#86122	REDUCE cov: 50 ft: 375 corp: 109/2255b lim: 632 exec/s: 0 rss: 35Mb L: 20/34 MS: 2 EraseBytes-InsertByte-
#86433	NEW    cov: 50 ft: 376 corp: 110/2277b lim: 632 exec/s: 0 rss: 35Mb L: 22/34 MS: 1 ChangeASCIIInt-
#87394	NEW    cov: 50 ft: 377 corp: 111/2299b lim: 641 exec/s: 0 rss: 35Mb L: 22/34 MS: 1 ChangeBit-
#88786	NEW    cov: 50 ft: 378 corp: 112/2321b lim: 650 exec/s: 0 rss: 35Mb L: 22/34 MS: 2 ChangeBit-ShuffleBytes-
#90597	NEW    cov: 50 ft: 379 corp: 113/2343b lim: 668 exec/s: 0 rss: 35Mb L: 22/34 MS: 1 ChangeBinInt-
#90939	REDUCE cov: 50 ft: 379 corp: 113/2341b lim: 668 exec/s: 0 rss: 35Mb L: 20/34 MS: 2 ChangeBit-EraseBytes-
#91520	NEW    cov: 50 ft: 383 corp: 114/2363b lim: 668 exec/s: 0 rss: 35Mb L: 22/34 MS: 1 ChangeBit-
#97305	REDUCE cov: 50 ft: 383 corp: 114/2361b lim: 722 exec/s: 0 rss: 35Mb L: 20/34 MS: 5 CrossOver-EraseBytes-EraseBytes-CrossOver-ChangeByte-
#100243	NEW    cov: 50 ft: 384 corp: 115/2376b lim: 749 exec/s: 0 rss: 35Mb L: 15/34 MS: 3 CopyPart-CopyPart-ChangeBinInt-
#101894	NEW    cov: 50 ft: 385 corp: 116/2398b lim: 758 exec/s: 0 rss: 35Mb L: 22/34 MS: 1 CopyPart-
#103135	NEW    cov: 50 ft: 386 corp: 117/2420b lim: 767 exec/s: 0 rss: 35Mb L: 22/34 MS: 1 ChangeBit-
#106032	REDUCE cov: 50 ft: 387 corp: 118/2440b lim: 794 exec/s: 0 rss: 35Mb L: 20/34 MS: 2 ChangeASCIIInt-ChangeASCIIInt-
#109224	REDUCE cov: 50 ft: 387 corp: 118/2438b lim: 821 exec/s: 0 rss: 35Mb L: 20/34 MS: 2 EraseBytes-InsertByte-
#116276	NEW    cov: 50 ft: 389 corp: 119/2460b lim: 884 exec/s: 0 rss: 35Mb L: 22/34 MS: 2 ChangeASCIIInt-ChangeASCIIInt-
#116439	REDUCE cov: 50 ft: 389 corp: 119/2458b lim: 884 exec/s: 0 rss: 35Mb L: 20/34 MS: 3 EraseBytes-EraseBytes-InsertByte-
#117740	NEW    cov: 50 ft: 390 corp: 120/2473b lim: 893 exec/s: 0 rss: 35Mb L: 15/34 MS: 1 ChangeBit-
#121037	REDUCE cov: 50 ft: 390 corp: 120/2471b lim: 920 exec/s: 0 rss: 35Mb L: 20/34 MS: 2 EraseBytes-InsertByte-
#125521	REDUCE cov: 50 ft: 390 corp: 120/2469b lim: 956 exec/s: 0 rss: 35Mb L: 20/34 MS: 4 ChangeBinInt-ShuffleBytes-EraseBytes-InsertByte-
#126127	NEW    cov: 50 ft: 391 corp: 121/2484b lim: 956 exec/s: 0 rss: 35Mb L: 15/34 MS: 1 ChangeBit-
#141258	NEW    cov: 50 ft: 392 corp: 122/2506b lim: 1098 exec/s: 0 rss: 35Mb L: 22/34 MS: 1 ChangeASCIIInt-
#143224	NEW    cov: 50 ft: 393 corp: 123/2528b lim: 1108 exec/s: 0 rss: 35Mb L: 22/34 MS: 1 ShuffleBytes-
#146622	REDUCE cov: 50 ft: 393 corp: 123/2524b lim: 1138 exec/s: 0 rss: 35Mb L: 18/34 MS: 3 EraseBytes-ChangeBit-ChangeByte-
#172893	NEW    cov: 50 ft: 396 corp: 124/2546b lim: 1398 exec/s: 0 rss: 35Mb L: 22/34 MS: 1 ChangeBit-
#175740	REDUCE cov: 50 ft: 396 corp: 124/2544b lim: 1418 exec/s: 0 rss: 35Mb L: 20/34 MS: 2 CrossOver-EraseBytes-
#176883	REDUCE cov: 50 ft: 396 corp: 124/2542b lim: 1428 exec/s: 0 rss: 35Mb L: 20/34 MS: 3 EraseBytes-ChangeBinInt-CrossOver-
#188080	REDUCE cov: 50 ft: 396 corp: 124/2540b lim: 1538 exec/s: 0 rss: 35Mb L: 18/34 MS: 2 EraseBytes-ChangeBinInt-
#210703	NEW    cov: 50 ft: 397 corp: 125/2562b lim: 1758 exec/s: 0 rss: 35Mb L: 22/34 MS: 3 ChangeBit-ChangeASCIIInt-ChangeASCIIInt-
#214744	NEW    cov: 50 ft: 399 corp: 126/2584b lim: 1798 exec/s: 0 rss: 35Mb L: 22/34 MS: 1 ChangeBit-
#215156	REDUCE cov: 50 ft: 399 corp: 126/2582b lim: 1798 exec/s: 0 rss: 35Mb L: 20/34 MS: 2 EraseBytes-InsertByte-
#216537	NEW    cov: 50 ft: 400 corp: 127/2597b lim: 1808 exec/s: 0 rss: 35Mb L: 15/34 MS: 1 ChangeBit-
#225496	REDUCE cov: 50 ft: 400 corp: 127/2595b lim: 1888 exec/s: 0 rss: 35Mb L: 20/34 MS: 4 EraseBytes-ChangeASCIIInt-ChangeBit-ChangeBinInt-
#227745	REDUCE cov: 50 ft: 400 corp: 127/2593b lim: 1908 exec/s: 0 rss: 35Mb L: 20/34 MS: 4 InsertByte-EraseBytes-InsertByte-InsertByte-
#229642	NEW    cov: 50 ft: 401 corp: 128/2608b lim: 1918 exec/s: 0 rss: 35Mb L: 15/34 MS: 2 ChangeASCIIInt-ChangeBit-
#251908	REDUCE cov: 50 ft: 402 corp: 129/2628b lim: 2136 exec/s: 0 rss: 35Mb L: 20/34 MS: 1 ChangeBit-
#257755	REDUCE cov: 50 ft: 402 corp: 129/2626b lim: 2191 exec/s: 0 rss: 35Mb L: 18/34 MS: 2 ChangeByte-EraseBytes-
#259135	REDUCE cov: 50 ft: 402 corp: 129/2624b lim: 2202 exec/s: 0 rss: 35Mb L: 16/34 MS: 5 CopyPart-ShuffleBytes-ChangeByte-ChangeBinInt-EraseBytes-
#262307	REDUCE cov: 50 ft: 402 corp: 129/2622b lim: 2224 exec/s: 0 rss: 35Mb L: 20/34 MS: 2 EraseBytes-ChangeBinInt-
#267386	REDUCE cov: 50 ft: 402 corp: 129/2620b lim: 2268 exec/s: 0 rss: 35Mb L: 18/34 MS: 4 ShuffleBytes-EraseBytes-PersAutoDict-ChangeByte- DE: "\000\000\000a"-
#292213	REDUCE cov: 50 ft: 402 corp: 129/2618b lim: 2510 exec/s: 0 rss: 35Mb L: 20/34 MS: 2 EraseBytes-ChangeByte-
#296869	NEW    cov: 50 ft: 403 corp: 130/2640b lim: 2554 exec/s: 0 rss: 35Mb L: 22/34 MS: 1 ChangeBit-
#326230	NEW    cov: 50 ft: 405 corp: 131/2662b lim: 2840 exec/s: 0 rss: 35Mb L: 22/34 MS: 1 ShuffleBytes-
#331430	NEW    cov: 50 ft: 406 corp: 132/2678b lim: 2884 exec/s: 0 rss: 35Mb L: 16/34 MS: 5 ChangeBinInt-ChangeByte-ChangeBit-InsertByte-CrossOver-
#332367	REDUCE cov: 50 ft: 406 corp: 132/2676b lim: 2884 exec/s: 0 rss: 35Mb L: 18/34 MS: 2 EraseBytes-InsertByte-
#341537	REDUCE cov: 50 ft: 406 corp: 132/2674b lim: 2972 exec/s: 0 rss: 35Mb L: 15/34 MS: 5 ShuffleBytes-EraseBytes-ChangeBinInt-InsertByte-EraseBytes-
#366929	NEW    cov: 50 ft: 407 corp: 133/2689b lim: 3214 exec/s: 0 rss: 36Mb L: 15/34 MS: 2 ChangeBit-ChangeBit-
#379311	REDUCE cov: 50 ft: 407 corp: 133/2687b lim: 3335 exec/s: 0 rss: 36Mb L: 16/34 MS: 2 EraseBytes-ChangeBit-
#381378	REDUCE cov: 50 ft: 407 corp: 133/2685b lim: 3346 exec/s: 0 rss: 36Mb L: 18/34 MS: 2 ChangeBinInt-EraseBytes-
#387331	REDUCE cov: 50 ft: 407 corp: 133/2683b lim: 3401 exec/s: 0 rss: 36Mb L: 20/34 MS: 3 ChangeBit-ChangeBit-EraseBytes-
#404512	NEW    cov: 50 ft: 408 corp: 134/2698b lim: 3566 exec/s: 404512 rss: 36Mb L: 15/34 MS: 2 ShuffleBytes-CopyPart-
#423920	REDUCE cov: 50 ft: 408 corp: 134/2696b lim: 3753 exec/s: 423920 rss: 36Mb L: 20/34 MS: 3 CopyPart-EraseBytes-ChangeByte-
#433547	REDUCE cov: 50 ft: 408 corp: 134/2694b lim: 3841 exec/s: 433547 rss: 36Mb L: 20/34 MS: 2 EraseBytes-ChangeByte-
#436219	REDUCE cov: 50 ft: 408 corp: 134/2692b lim: 3863 exec/s: 436219 rss: 36Mb L: 20/34 MS: 2 EraseBytes-InsertByte-
#445886	REDUCE cov: 50 ft: 408 corp: 134/2690b lim: 3951 exec/s: 445886 rss: 36Mb L: 20/34 MS: 2 EraseBytes-ChangeBinInt-
#465113	REDUCE cov: 50 ft: 408 corp: 134/2688b lim: 4141 exec/s: 465113 rss: 36Mb L: 18/34 MS: 2 EraseBytes-ChangeBit-
#465180	REDUCE cov: 50 ft: 408 corp: 134/2686b lim: 4141 exec/s: 465180 rss: 36Mb L: 16/34 MS: 2 EraseBytes-ChangeByte-
#472223	REDUCE cov: 50 ft: 408 corp: 134/2684b lim: 4201 exec/s: 472223 rss: 36Mb L: 20/34 MS: 3 EraseBytes-InsertByte-EraseBytes-
#480977	REDUCE cov: 50 ft: 408 corp: 134/2682b lim: 4285 exec/s: 480977 rss: 36Mb L: 20/34 MS: 4 EraseBytes-CopyPart-InsertByte-ChangeByte-
#509805	REDUCE cov: 50 ft: 408 corp: 134/2680b lim: 4561 exec/s: 509805 rss: 36Mb L: 16/34 MS: 3 EraseBytes-ChangeBit-EraseBytes-
#521012	REDUCE cov: 50 ft: 408 corp: 134/2678b lim: 4669 exec/s: 521012 rss: 36Mb L: 18/34 MS: 2 InsertByte-EraseBytes-
#540046	REDUCE cov: 50 ft: 408 corp: 134/2676b lim: 4849 exec/s: 540046 rss: 36Mb L: 20/34 MS: 4 ShuffleBytes-InsertByte-ShuffleBytes-EraseBytes-
#558920	REDUCE cov: 50 ft: 408 corp: 134/2674b lim: 5029 exec/s: 558920 rss: 36Mb L: 16/34 MS: 4 ShuffleBytes-ShuffleBytes-InsertByte-EraseBytes-
#595728	REDUCE cov: 50 ft: 408 corp: 134/2672b lim: 5389 exec/s: 595728 rss: 36Mb L: 18/34 MS: 3 ChangeBinInt-ChangeASCIIInt-EraseBytes-
#601104	NEW    cov: 50 ft: 410 corp: 135/2694b lim: 5413 exec/s: 601104 rss: 36Mb L: 22/34 MS: 1 ChangeBit-
#612808	REDUCE cov: 50 ft: 410 corp: 135/2692b lim: 5413 exec/s: 612808 rss: 36Mb L: 20/34 MS: 4 ChangeASCIIInt-ChangeBinInt-ShuffleBytes-EraseBytes-
#629531	REDUCE cov: 50 ft: 410 corp: 135/2690b lim: 5413 exec/s: 629531 rss: 36Mb L: 20/34 MS: 3 ChangeByte-ShuffleBytes-EraseBytes-
#631060	NEW    cov: 50 ft: 411 corp: 136/2705b lim: 5413 exec/s: 631060 rss: 36Mb L: 15/34 MS: 4 ChangeBinInt-PersAutoDict-CopyPart-ChangeBit- DE: "\000\000\000\000"-
#647103	REDUCE cov: 50 ft: 411 corp: 136/2703b lim: 5413 exec/s: 647103 rss: 36Mb L: 20/34 MS: 3 ChangeBinInt-EraseBytes-CopyPart-
#649127	REDUCE cov: 50 ft: 411 corp: 136/2701b lim: 5413 exec/s: 649127 rss: 36Mb L: 20/34 MS: 4 ChangeASCIIInt-ChangeByte-EraseBytes-CopyPart-
#677226	REDUCE cov: 50 ft: 411 corp: 136/2699b lim: 5413 exec/s: 677226 rss: 36Mb L: 18/34 MS: 4 ChangeByte-PersAutoDict-ChangeASCIIInt-EraseBytes- DE: "\000\000\000a"-
#790688	REDUCE cov: 50 ft: 411 corp: 136/2697b lim: 5413 exec/s: 790688 rss: 36Mb L: 18/34 MS: 2 EraseBytes-ChangeBinInt-
#794277	REDUCE cov: 50 ft: 411 corp: 136/2695b lim: 5413 exec/s: 794277 rss: 36Mb L: 18/34 MS: 4 ChangeBit-ShuffleBytes-ChangeASCIIInt-EraseBytes-
#799845	REDUCE cov: 50 ft: 411 corp: 136/2693b lim: 5413 exec/s: 799845 rss: 36Mb L: 20/34 MS: 3 ChangeByte-ChangeASCIIInt-EraseBytes-
#865753	REDUCE cov: 50 ft: 411 corp: 136/2691b lim: 5413 exec/s: 432876 rss: 36Mb L: 18/34 MS: 3 ChangeASCIIInt-InsertRepeatedBytes-EraseBytes-
#886895	REDUCE cov: 50 ft: 411 corp: 136/2689b lim: 5413 exec/s: 443447 rss: 36Mb L: 20/34 MS: 2 EraseBytes-ChangeByte-
#935056	NEW    cov: 50 ft: 412 corp: 137/2711b lim: 5413 exec/s: 467528 rss: 36Mb L: 22/34 MS: 1 CopyPart-
#964641	REDUCE cov: 50 ft: 412 corp: 137/2709b lim: 5413 exec/s: 482320 rss: 36Mb L: 20/34 MS: 5 ChangeByte-ShuffleBytes-InsertByte-ChangeBit-EraseBytes-
#1016952	NEW    cov: 50 ft: 415 corp: 138/2731b lim: 5413 exec/s: 508476 rss: 36Mb L: 22/34 MS: 1 ChangeByte-
#1017655	REDUCE cov: 50 ft: 415 corp: 138/2729b lim: 5413 exec/s: 508827 rss: 36Mb L: 20/34 MS: 3 InsertByte-ChangeByte-EraseBytes-
#1022850	REDUCE cov: 50 ft: 415 corp: 138/2727b lim: 5413 exec/s: 511425 rss: 36Mb L: 16/34 MS: 5 CMP-ShuffleBytes-InsertRepeatedBytes-ChangeBit-EraseBytes- DE: "\000\000\000\000\000\000\000\017"-
#1031771	NEW    cov: 50 ft: 416 corp: 139/2749b lim: 5413 exec/s: 515885 rss: 36Mb L: 22/34 MS: 1 ChangeBit-
#1033115	REDUCE cov: 50 ft: 416 corp: 139/2747b lim: 5413 exec/s: 516557 rss: 36Mb L: 18/34 MS: 4 PersAutoDict-ShuffleBytes-ChangeBit-EraseBytes- DE: "\377\377\377\377\377\377\377\023"-
#1048576	pulse  cov: 50 ft: 416 corp: 139/2747b lim: 5413 exec/s: 524288 rss: 36Mb
#1144813	REDUCE cov: 50 ft: 416 corp: 139/2745b lim: 5413 exec/s: 572406 rss: 36Mb L: 18/34 MS: 3 EraseBytes-ChangeByte-InsertByte-
#1157180	NEW    cov: 50 ft: 418 corp: 140/2767b lim: 5413 exec/s: 578590 rss: 36Mb L: 22/34 MS: 2 CrossOver-ChangeASCIIInt-
#1230559	REDUCE cov: 50 ft: 418 corp: 140/2763b lim: 5413 exec/s: 615279 rss: 36Mb L: 18/34 MS: 4 ChangeBinInt-EraseBytes-PersAutoDict-InsertByte- DE: "\001\000"-
#1269197	REDUCE cov: 50 ft: 418 corp: 140/2761b lim: 5413 exec/s: 634598 rss: 36Mb L: 18/34 MS: 3 ChangeBinInt-ChangeBinInt-EraseBytes-
#1287477	REDUCE cov: 50 ft: 418 corp: 140/2759b lim: 5413 exec/s: 429159 rss: 36Mb L: 20/34 MS: 5 ChangeBinInt-ChangeByte-CrossOver-ChangeBit-EraseBytes-
#1395196	REDUCE cov: 50 ft: 418 corp: 140/2757b lim: 5413 exec/s: 465065 rss: 36Mb L: 18/34 MS: 4 CMP-ChangeByte-EraseBytes-ChangeBinInt- DE: "\"\000\000\000\000\000\000\000"-
#1435533	REDUCE cov: 50 ft: 418 corp: 140/2755b lim: 5413 exec/s: 478511 rss: 36Mb L: 18/34 MS: 2 ChangeBit-EraseBytes-
#1470657	REDUCE cov: 50 ft: 418 corp: 140/2753b lim: 5413 exec/s: 490219 rss: 36Mb L: 16/34 MS: 4 ChangeBit-ShuffleBytes-CopyPart-EraseBytes-
#1479954	NEW    cov: 50 ft: 420 corp: 141/2775b lim: 5413 exec/s: 493318 rss: 36Mb L: 22/34 MS: 2 ChangeBinInt-ChangeBit-
#1487449	REDUCE cov: 50 ft: 420 corp: 141/2773b lim: 5413 exec/s: 495816 rss: 36Mb L: 16/34 MS: 5 InsertByte-CopyPart-ChangeBinInt-ChangeASCIIInt-EraseBytes-
#1506082	REDUCE cov: 50 ft: 420 corp: 141/2771b lim: 5413 exec/s: 502027 rss: 36Mb L: 20/34 MS: 3 InsertByte-ShuffleBytes-EraseBytes-
#1527139	REDUCE cov: 50 ft: 420 corp: 141/2769b lim: 5413 exec/s: 509046 rss: 36Mb L: 18/34 MS: 2 EraseBytes-InsertByte-
#1535771	REDUCE cov: 50 ft: 420 corp: 141/2763b lim: 5413 exec/s: 511923 rss: 36Mb L: 16/34 MS: 2 ChangeBinInt-EraseBytes-
#1554667	NEW    cov: 50 ft: 421 corp: 142/2796b lim: 5413 exec/s: 518222 rss: 36Mb L: 33/34 MS: 1 InsertRepeatedBytes-
#1565939	REDUCE cov: 50 ft: 421 corp: 142/2794b lim: 5413 exec/s: 521979 rss: 36Mb L: 20/34 MS: 2 EraseBytes-ChangeByte-
#1580575	REDUCE cov: 50 ft: 421 corp: 142/2793b lim: 5413 exec/s: 526858 rss: 36Mb L: 32/34 MS: 1 EraseBytes-
#1642855	REDUCE cov: 50 ft: 421 corp: 142/2791b lim: 5413 exec/s: 547618 rss: 36Mb L: 20/34 MS: 5 CMP-ChangeASCIIInt-ChangeASCIIInt-ChangeBit-EraseBytes- DE: "\017\000\000\000\000\000\000\000"-
#1704857	REDUCE cov: 50 ft: 421 corp: 142/2789b lim: 5413 exec/s: 568285 rss: 36Mb L: 20/34 MS: 2 EraseBytes-ChangeByte-
#1718489	REDUCE cov: 50 ft: 421 corp: 142/2787b lim: 5413 exec/s: 429622 rss: 36Mb L: 20/34 MS: 2 EraseBytes-ChangeByte-
#1858873	REDUCE cov: 50 ft: 421 corp: 142/2785b lim: 5413 exec/s: 464718 rss: 36Mb L: 20/34 MS: 4 CMP-ShuffleBytes-ChangeBit-EraseBytes- DE: "\027\000\000\000\000\000\000\000"-
#1912226	REDUCE cov: 50 ft: 421 corp: 142/2783b lim: 5413 exec/s: 478056 rss: 36Mb L: 20/34 MS: 3 EraseBytes-ChangeBinInt-ChangeBinInt-
#1931683	REDUCE cov: 50 ft: 421 corp: 142/2781b lim: 5413 exec/s: 482920 rss: 36Mb L: 18/34 MS: 2 EraseBytes-CMP- DE: "\3777"-
#2008952	REDUCE cov: 50 ft: 421 corp: 142/2779b lim: 5413 exec/s: 502238 rss: 36Mb L: 18/34 MS: 4 EraseBytes-ShuffleBytes-ChangeByte-ChangeBinInt-
#2092934	REDUCE cov: 50 ft: 421 corp: 142/2777b lim: 5413 exec/s: 523233 rss: 36Mb L: 16/34 MS: 2 EraseBytes-InsertByte-
#2133222	NEW    cov: 50 ft: 422 corp: 143/2799b lim: 5413 exec/s: 533305 rss: 36Mb L: 22/34 MS: 3 ChangeByte-CopyPart-ShuffleBytes-
#2187489	NEW    cov: 50 ft: 423 corp: 144/2828b lim: 5413 exec/s: 437497 rss: 36Mb L: 29/34 MS: 2 ChangeASCIIInt-CopyPart-
#2188950	NEW    cov: 50 ft: 425 corp: 145/2857b lim: 5413 exec/s: 437790 rss: 36Mb L: 29/34 MS: 1 CrossOver-
#2275432	REDUCE cov: 50 ft: 425 corp: 145/2853b lim: 5413 exec/s: 455086 rss: 36Mb L: 16/34 MS: 2 EraseBytes-ChangeBinInt-
#2351389	REDUCE cov: 50 ft: 425 corp: 145/2851b lim: 5413 exec/s: 470277 rss: 36Mb L: 20/34 MS: 2 EraseBytes-ChangeByte-
#2358352	REDUCE cov: 50 ft: 425 corp: 145/2849b lim: 5413 exec/s: 471670 rss: 36Mb L: 18/34 MS: 3 CopyPart-EraseBytes-ChangeByte-
#2398190	REDUCE cov: 50 ft: 425 corp: 145/2847b lim: 5413 exec/s: 479638 rss: 36Mb L: 18/34 MS: 3 ChangeBinInt-ShuffleBytes-EraseBytes-
#2482503	REDUCE cov: 50 ft: 425 corp: 145/2845b lim: 5413 exec/s: 496500 rss: 36Mb L: 18/34 MS: 3 InsertByte-InsertByte-EraseBytes-
#2637690	REDUCE cov: 50 ft: 425 corp: 145/2843b lim: 5413 exec/s: 439615 rss: 36Mb L: 16/34 MS: 2 EraseBytes-CopyPart-
#2800143	REDUCE cov: 50 ft: 425 corp: 145/2841b lim: 5413 exec/s: 466690 rss: 36Mb L: 18/34 MS: 3 ChangeASCIIInt-InsertByte-EraseBytes-
#2845101	REDUCE cov: 50 ft: 425 corp: 145/2839b lim: 5413 exec/s: 474183 rss: 36Mb L: 18/34 MS: 3 ChangeASCIIInt-EraseBytes-ChangeBit-
#2869469	REDUCE cov: 50 ft: 425 corp: 145/2837b lim: 5413 exec/s: 478244 rss: 36Mb L: 18/34 MS: 3 ChangeBinInt-ChangeASCIIInt-EraseBytes-
#2953031	REDUCE cov: 50 ft: 425 corp: 145/2835b lim: 5413 exec/s: 492171 rss: 36Mb L: 18/34 MS: 2 EraseBytes-InsertByte-
#2993213	REDUCE cov: 50 ft: 425 corp: 145/2833b lim: 5413 exec/s: 498868 rss: 36Mb L: 20/34 MS: 2 PersAutoDict-EraseBytes- DE: "\3777"-
#3036017	REDUCE cov: 50 ft: 425 corp: 145/2831b lim: 5413 exec/s: 433716 rss: 36Mb L: 16/34 MS: 4 ChangeBit-ChangeBit-EraseBytes-ChangeByte-
#3103139	REDUCE cov: 50 ft: 425 corp: 145/2829b lim: 5413 exec/s: 443305 rss: 36Mb L: 18/34 MS: 2 EraseBytes-PersAutoDict- DE: "\3777"-
#3160112	REDUCE cov: 50 ft: 425 corp: 145/2827b lim: 5413 exec/s: 451444 rss: 36Mb L: 20/34 MS: 3 ChangeBit-CopyPart-EraseBytes-
#3166670	REDUCE cov: 50 ft: 425 corp: 145/2825b lim: 5413 exec/s: 452381 rss: 36Mb L: 16/34 MS: 3 EraseBytes-CopyPart-InsertByte-
#3201244	REDUCE cov: 50 ft: 425 corp: 145/2823b lim: 5413 exec/s: 457320 rss: 36Mb L: 16/34 MS: 4 ShuffleBytes-ChangeASCIIInt-InsertByte-EraseBytes-
#3430808	REDUCE cov: 50 ft: 425 corp: 145/2821b lim: 5413 exec/s: 490115 rss: 36Mb L: 16/34 MS: 4 InsertRepeatedBytes-ShuffleBytes-PersAutoDict-EraseBytes- DE: "3\000\000\000"-
#3614585	REDUCE cov: 50 ft: 425 corp: 145/2819b lim: 5413 exec/s: 451823 rss: 36Mb L: 20/34 MS: 2 EraseBytes-ChangeByte-
#3636353	REDUCE cov: 50 ft: 425 corp: 145/2817b lim: 5413 exec/s: 454544 rss: 36Mb L: 16/34 MS: 3 ShuffleBytes-ChangeByte-EraseBytes-
#3800985	REDUCE cov: 50 ft: 425 corp: 145/2813b lim: 5413 exec/s: 475123 rss: 36Mb L: 16/34 MS: 2 EraseBytes-ChangeByte-
#3804899	REDUCE cov: 50 ft: 425 corp: 145/2809b lim: 5413 exec/s: 475612 rss: 36Mb L: 18/34 MS: 4 ChangeASCIIInt-CopyPart-ChangeBinInt-EraseBytes-
#4087075	NEW    cov: 50 ft: 426 corp: 146/2831b lim: 5413 exec/s: 454119 rss: 36Mb L: 22/34 MS: 1 CopyPart-
#4188459	REDUCE cov: 50 ft: 426 corp: 146/2829b lim: 5413 exec/s: 465384 rss: 36Mb L: 18/34 MS: 4 ChangeASCIIInt-ChangeBit-ChangeBinInt-EraseBytes-
#4194304	pulse  cov: 50 ft: 426 corp: 146/2829b lim: 5413 exec/s: 466033 rss: 36Mb
#4255766	REDUCE cov: 50 ft: 426 corp: 146/2827b lim: 5413 exec/s: 472862 rss: 36Mb L: 16/34 MS: 2 EraseBytes-ChangeByte-
#4256560	REDUCE cov: 50 ft: 426 corp: 146/2825b lim: 5413 exec/s: 472951 rss: 36Mb L: 19/34 MS: 4 EraseBytes-InsertRepeatedBytes-CopyPart-CopyPart-
#4365802	REDUCE cov: 50 ft: 426 corp: 146/2823b lim: 5413 exec/s: 436580 rss: 36Mb L: 18/34 MS: 2 EraseBytes-CopyPart-
#4690064	REDUCE cov: 50 ft: 426 corp: 146/2821b lim: 5413 exec/s: 469006 rss: 36Mb L: 16/34 MS: 2 ChangeByte-EraseBytes-
#4791091	REDUCE cov: 50 ft: 426 corp: 146/2819b lim: 5413 exec/s: 435553 rss: 36Mb L: 20/34 MS: 2 PersAutoDict-EraseBytes- DE: "\3777"-
#4944749	REDUCE cov: 50 ft: 426 corp: 146/2817b lim: 5413 exec/s: 449522 rss: 36Mb L: 18/34 MS: 3 CopyPart-ChangeBit-EraseBytes-
#5055361	REDUCE cov: 50 ft: 426 corp: 146/2815b lim: 5413 exec/s: 459578 rss: 36Mb L: 18/34 MS: 2 EraseBytes-ChangeBit-
#5134938	REDUCE cov: 50 ft: 426 corp: 146/2813b lim: 5413 exec/s: 466812 rss: 36Mb L: 16/34 MS: 2 PersAutoDict-EraseBytes- DE: "\377\377\377\377\377\377\377\023"-
#5173061	REDUCE cov: 50 ft: 426 corp: 146/2811b lim: 5413 exec/s: 470278 rss: 36Mb L: 18/34 MS: 3 ShuffleBytes-EraseBytes-PersAutoDict- DE: "\3777"-
#5527503	REDUCE cov: 50 ft: 426 corp: 146/2809b lim: 5413 exec/s: 460625 rss: 36Mb L: 16/34 MS: 2 EraseBytes-PersAutoDict- DE: "\3777"-
#5556360	REDUCE cov: 50 ft: 426 corp: 146/2807b lim: 5413 exec/s: 463030 rss: 36Mb L: 18/34 MS: 2 EraseBytes-ChangeBit-
#5864088	NEW    cov: 50 ft: 427 corp: 147/2822b lim: 5413 exec/s: 451083 rss: 36Mb L: 15/34 MS: 3 CopyPart-ShuffleBytes-EraseBytes-
#6063640	REDUCE cov: 50 ft: 427 corp: 147/2820b lim: 5413 exec/s: 466433 rss: 36Mb L: 20/34 MS: 2 EraseBytes-ChangeByte-
#6117110	NEW    cov: 50 ft: 429 corp: 148/2841b lim: 5413 exec/s: 436936 rss: 36Mb L: 21/34 MS: 5 PersAutoDict-CopyPart-InsertByte-ChangeBit-EraseBytes- DE: "3\000\000\000"-
#6203070	REDUCE cov: 50 ft: 429 corp: 148/2839b lim: 5413 exec/s: 443076 rss: 36Mb L: 18/34 MS: 5 ChangeBit-CopyPart-ShuffleBytes-ChangeBit-EraseBytes-
#6284666	REDUCE cov: 50 ft: 429 corp: 148/2838b lim: 5413 exec/s: 448904 rss: 36Mb L: 20/34 MS: 1 EraseBytes-
#6558493	REDUCE cov: 50 ft: 429 corp: 148/2836b lim: 5413 exec/s: 437232 rss: 36Mb L: 18/34 MS: 2 ChangeBit-EraseBytes-
#6576366	REDUCE cov: 50 ft: 429 corp: 148/2834b lim: 5413 exec/s: 438424 rss: 36Mb L: 16/34 MS: 3 CMP-ChangeBit-EraseBytes- DE: "\377\377\3777"-
panic: found special char in iban [recovered]
	panic: found special char in iban

goroutine 17 [running, locked to thread]:
git.ultraware.nl/iddinkgroep/fundament-api.Fuzz.func1()
	git.ultraware.nl/iddinkgroep/fundament-api/fuzz.go:19 +0xa5
panic({0x56401e163760?, 0x56401e176c70?})
	runtime/panic.go:914 +0x21f
git.ultraware.nl/iddinkgroep/fundament-api.Fuzz({0xc0002092d8, 0x12})
	git.ultraware.nl/iddinkgroep/fundament-api/fuzz.go:34 +0x2b9
git.ultraware.nl/iddinkgroep/fundament-api.Fuzz_(...)
	git.ultraware.nl/iddinkgroep/fundament-api/fuzz.1527825026.go:6
main.LLVMFuzzerTestOneInput(...)
	./main.170485750.go:21
==26751== ERROR: libFuzzer: deadly signal
    #0 0x56401e086630 in __sanitizer_print_stack_trace (/seedai/experiments/libfuzzer/source_iban/libfuzzer+0xaf630) (BuildId: 688cb25bec4564588da2a67f6a2b25148a0fd5d4)
    #1 0x56401e052755 in fuzzer::PrintStackTrace() (/seedai/experiments/libfuzzer/source_iban/libfuzzer+0x7b755) (BuildId: 688cb25bec4564588da2a67f6a2b25148a0fd5d4)
    #2 0x56401e0313a9 in fuzzer::Fuzzer::CrashCallback() (.part.0) FuzzerLoop.cpp.o
    #3 0x56401e03146a in fuzzer::Fuzzer::StaticCrashSignalCallback() (/seedai/experiments/libfuzzer/source_iban/libfuzzer+0x5a46a) (BuildId: 688cb25bec4564588da2a67f6a2b25148a0fd5d4)
    #4 0x7f546cfa470f  (/usr/lib/libc.so.6+0x3e70f) (BuildId: 316d0d3666387f0e8fb98773f51aa1801027c5ab)
    #5 0x56401e0e6160 in runtime.raise.abi0 runtime/sys_linux_amd64.s:153

NOTE: libFuzzer has rudimentary signal handlers.
      Combine libFuzzer with AddressSanitizer or similar for better crash reports.
SUMMARY: libFuzzer: deadly signal
MS: 3 ChangeASCIIInt-EraseBytes-CopyPart-; base unit: 5cadd997d1a7981a7628574d8c04b90d9eb4626b
0x47,0x6c,0x32,0x39,0x2d,0x30,0x30,0x30,0x30,0x30,0x30,0x30,0x30,0x30,0x30,0x30,0x32,0x57,
Gl29-000000000002W
artifact_prefix='./'; Test unit written to ./crash-37a07ac1014eafd6bebda8950a0521cbb508c7ac
Base64: R2wyOS0wMDAwMDAwMDAwMDJX
