INFO: Running with entropic power schedule (0xFF, 100).
INFO: Seed: 1648531458
INFO: Loaded 1 modules   (70 inline 8-bit counters): 70 [0x560e83159030, 0x560e83159076), 
INFO: Loaded 1 PC tables (70 PCs): 70 [0xc000068000,0xc000068460), 
INFO:        9 files found in corpus
INFO: -max_len is not provided; libFuzzer will not generate inputs larger than 4096 bytes
INFO: seed corpus: files: 9 min: 1b max: 713b total: 1608b rss: 30Mb
#10	INITED cov: 9 ft: 19 corp: 3/6b exec/s: 0 rss: 30Mb
#224	NEW    cov: 9 ft: 20 corp: 4/11b lim: 6 exec/s: 0 rss: 30Mb L: 5/5 MS: 4 ChangeBit-EraseBytes-ChangeBinInt-InsertRepeatedBytes-
#438	NEW    cov: 9 ft: 21 corp: 5/18b lim: 8 exec/s: 0 rss: 30Mb L: 7/7 MS: 4 ChangeBit-ShuffleBytes-InsertByte-InsertRepeatedBytes-
#443	NEW    cov: 9 ft: 22 corp: 6/26b lim: 8 exec/s: 0 rss: 30Mb L: 8/8 MS: 5 ChangeBinInt-ShuffleBytes-ShuffleBytes-CopyPart-InsertByte-
#1067	NEW    cov: 9 ft: 24 corp: 7/39b lim: 14 exec/s: 0 rss: 30Mb L: 13/13 MS: 4 EraseBytes-ChangeByte-ChangeByte-InsertRepeatedBytes-
#1078	NEW    cov: 9 ft: 25 corp: 8/53b lim: 14 exec/s: 0 rss: 30Mb L: 14/14 MS: 1 InsertByte-
#1387	NEW    cov: 11 ft: 31 corp: 9/70b lim: 17 exec/s: 0 rss: 30Mb L: 17/17 MS: 4 CopyPart-CopyPart-CMP-InsertRepeatedBytes- DE: "\001\000\000\000\000\000\000?"-
#1390	NEW    cov: 11 ft: 33 corp: 10/85b lim: 17 exec/s: 0 rss: 30Mb L: 15/17 MS: 3 EraseBytes-ChangeBit-InsertByte-
#1401	NEW    cov: 11 ft: 34 corp: 11/101b lim: 17 exec/s: 0 rss: 30Mb L: 16/17 MS: 1 InsertRepeatedBytes-
#1813	NEW    cov: 11 ft: 35 corp: 12/120b lim: 21 exec/s: 0 rss: 30Mb L: 19/19 MS: 2 CMP-CopyPart- DE: "\013\000\000\000\000\000\000\000"-
#2725	NEW    cov: 11 ft: 37 corp: 13/149b lim: 29 exec/s: 0 rss: 30Mb L: 29/29 MS: 2 InsertRepeatedBytes-PersAutoDict- DE: "\001\000\000\000\000\000\000?"-
#3135	NEW    cov: 11 ft: 38 corp: 14/180b lim: 33 exec/s: 0 rss: 30Mb L: 31/31 MS: 5 ChangeByte-InsertRepeatedBytes-CMP-InsertByte-CMP- DE: "\001\000"-"!\000\000\000\000\000\000\000"-
#3184	NEW    cov: 11 ft: 39 corp: 15/213b lim: 33 exec/s: 0 rss: 30Mb L: 33/33 MS: 4 PersAutoDict-InsertRepeatedBytes-PersAutoDict-InsertByte- DE: "\013\000\000\000\000\000\000\000"-"!\000\000\000\000\000\000\000"-
#3709	NEW    cov: 11 ft: 41 corp: 16/247b lim: 38 exec/s: 0 rss: 31Mb L: 34/34 MS: 5 InsertByte-ChangeBinInt-ChangeBit-PersAutoDict-CMP- DE: "\013\000\000\000\000\000\000\000"-"\000\000\000\000"-
#7830	NEW    cov: 13 ft: 47 corp: 17/274b lim: 74 exec/s: 0 rss: 31Mb L: 27/34 MS: 1 InsertRepeatedBytes-
#7871	NEW    cov: 13 ft: 48 corp: 18/292b lim: 74 exec/s: 0 rss: 31Mb L: 18/34 MS: 1 EraseBytes-
#7980	NEW    cov: 13 ft: 49 corp: 19/320b lim: 74 exec/s: 0 rss: 31Mb L: 28/34 MS: 4 ChangeByte-ChangeBinInt-InsertByte-ShuffleBytes-
#8042	NEW    cov: 13 ft: 50 corp: 20/335b lim: 74 exec/s: 0 rss: 31Mb L: 15/34 MS: 2 InsertRepeatedBytes-CrossOver-
#8085	NEW    cov: 13 ft: 52 corp: 21/350b lim: 74 exec/s: 0 rss: 31Mb L: 15/34 MS: 3 PersAutoDict-ChangeBinInt-ChangeBinInt- DE: "\000\000\000\000"-
#8111	NEW    cov: 13 ft: 53 corp: 22/370b lim: 74 exec/s: 0 rss: 31Mb L: 20/34 MS: 1 EraseBytes-
#8117	NEW    cov: 13 ft: 54 corp: 23/391b lim: 74 exec/s: 0 rss: 31Mb L: 21/34 MS: 1 CopyPart-
#8233	REDUCE cov: 13 ft: 54 corp: 23/387b lim: 74 exec/s: 0 rss: 31Mb L: 24/34 MS: 1 EraseBytes-
#8300	NEW    cov: 25 ft: 96 corp: 24/405b lim: 74 exec/s: 0 rss: 31Mb L: 18/34 MS: 2 CrossOver-CopyPart-
#8316	NEW    cov: 25 ft: 101 corp: 25/425b lim: 74 exec/s: 0 rss: 31Mb L: 20/34 MS: 1 CopyPart-
#8333	NEW    cov: 25 ft: 105 corp: 26/447b lim: 74 exec/s: 0 rss: 31Mb L: 22/34 MS: 2 ChangeBinInt-CopyPart-
#8503	NEW    cov: 25 ft: 106 corp: 27/475b lim: 74 exec/s: 0 rss: 31Mb L: 28/34 MS: 5 ChangeBit-ShuffleBytes-ChangeBinInt-ChangeBinInt-InsertByte-
#8504	NEW    cov: 25 ft: 107 corp: 28/495b lim: 74 exec/s: 0 rss: 31Mb L: 20/34 MS: 1 CopyPart-
#8505	NEW    cov: 25 ft: 108 corp: 29/512b lim: 74 exec/s: 0 rss: 31Mb L: 17/34 MS: 1 CMP- DE: "\377\377"-
#8587	NEW    cov: 25 ft: 109 corp: 30/529b lim: 74 exec/s: 0 rss: 31Mb L: 17/34 MS: 2 ChangeBinInt-ChangeBit-
#8588	NEW    cov: 25 ft: 110 corp: 31/549b lim: 74 exec/s: 0 rss: 31Mb L: 20/34 MS: 1 PersAutoDict- DE: "\013\000\000\000\000\000\000\000"-
#8629	NEW    cov: 25 ft: 115 corp: 32/567b lim: 74 exec/s: 0 rss: 31Mb L: 18/34 MS: 1 InsertByte-
#8679	REDUCE cov: 25 ft: 115 corp: 32/564b lim: 74 exec/s: 0 rss: 31Mb L: 21/34 MS: 5 EraseBytes-ChangeByte-PersAutoDict-InsertByte-ChangeBinInt- DE: "\001\000"-
#8696	NEW    cov: 25 ft: 116 corp: 33/582b lim: 74 exec/s: 0 rss: 31Mb L: 18/34 MS: 2 ChangeBit-ChangeBinInt-
#8720	REDUCE cov: 25 ft: 116 corp: 33/580b lim: 74 exec/s: 0 rss: 31Mb L: 18/34 MS: 4 CopyPart-CrossOver-ShuffleBytes-EraseBytes-
#8756	NEW    cov: 25 ft: 118 corp: 34/600b lim: 74 exec/s: 0 rss: 31Mb L: 20/34 MS: 1 ChangeBinInt-
#9142	NEW    cov: 25 ft: 120 corp: 35/618b lim: 74 exec/s: 0 rss: 31Mb L: 18/34 MS: 1 ChangeByte-
#9498	NEW    cov: 25 ft: 121 corp: 36/640b lim: 74 exec/s: 0 rss: 31Mb L: 22/34 MS: 1 CopyPart-
#9654	NEW    cov: 30 ft: 137 corp: 37/658b lim: 74 exec/s: 0 rss: 31Mb L: 18/34 MS: 1 ChangeBinInt-
#9755	NEW    cov: 30 ft: 138 corp: 38/676b lim: 74 exec/s: 0 rss: 31Mb L: 18/34 MS: 1 InsertByte-
#9871	NEW    cov: 30 ft: 139 corp: 39/698b lim: 74 exec/s: 0 rss: 31Mb L: 22/34 MS: 1 ChangeByte-
#10143	REDUCE cov: 30 ft: 139 corp: 39/697b lim: 74 exec/s: 0 rss: 31Mb L: 20/34 MS: 2 CMP-EraseBytes- DE: "\001\000\000\000\000\000\000\024"-
#10270	NEW    cov: 30 ft: 140 corp: 40/719b lim: 74 exec/s: 0 rss: 32Mb L: 22/34 MS: 2 ChangeBinInt-ChangeByte-
#10556	NEW    cov: 30 ft: 141 corp: 41/737b lim: 74 exec/s: 0 rss: 32Mb L: 18/34 MS: 1 ChangeBit-
#10617	NEW    cov: 30 ft: 143 corp: 42/755b lim: 74 exec/s: 0 rss: 32Mb L: 18/34 MS: 1 ChangeBit-
#10874	REDUCE cov: 30 ft: 143 corp: 42/754b lim: 74 exec/s: 0 rss: 32Mb L: 21/34 MS: 2 ChangeBinInt-EraseBytes-
#10996	NEW    cov: 30 ft: 144 corp: 43/772b lim: 74 exec/s: 0 rss: 32Mb L: 18/34 MS: 2 ShuffleBytes-ChangeBinInt-
#11042	NEW    cov: 30 ft: 153 corp: 44/792b lim: 74 exec/s: 0 rss: 32Mb L: 20/34 MS: 1 CrossOver-
#11393	NEW    cov: 30 ft: 166 corp: 45/812b lim: 74 exec/s: 0 rss: 32Mb L: 20/34 MS: 1 CopyPart-
#11505	REDUCE cov: 30 ft: 166 corp: 45/811b lim: 74 exec/s: 0 rss: 32Mb L: 21/34 MS: 2 ChangeBit-EraseBytes-
#11641	REDUCE cov: 30 ft: 166 corp: 45/809b lim: 74 exec/s: 0 rss: 32Mb L: 15/34 MS: 1 EraseBytes-
#11876	REDUCE cov: 30 ft: 166 corp: 45/807b lim: 74 exec/s: 0 rss: 32Mb L: 16/34 MS: 5 ChangeByte-ChangeBinInt-CopyPart-ChangeASCIIInt-EraseBytes-
#11957	NEW    cov: 30 ft: 170 corp: 46/827b lim: 74 exec/s: 0 rss: 32Mb L: 20/34 MS: 1 CrossOver-
#11960	REDUCE cov: 30 ft: 172 corp: 47/848b lim: 74 exec/s: 0 rss: 32Mb L: 21/34 MS: 3 ChangeBit-ShuffleBytes-ChangeByte-
#12671	NEW    cov: 30 ft: 174 corp: 48/868b lim: 80 exec/s: 0 rss: 32Mb L: 20/34 MS: 1 ChangeByte-
#12960	REDUCE cov: 30 ft: 174 corp: 48/867b lim: 80 exec/s: 0 rss: 32Mb L: 19/34 MS: 4 ShuffleBytes-ChangeByte-CrossOver-InsertByte-
#12987	REDUCE cov: 30 ft: 179 corp: 49/887b lim: 80 exec/s: 0 rss: 32Mb L: 20/34 MS: 2 ShuffleBytes-InsertByte-
#13003	REDUCE cov: 30 ft: 180 corp: 50/905b lim: 80 exec/s: 0 rss: 32Mb L: 18/34 MS: 1 ChangeByte-
#13384	NEW    cov: 30 ft: 185 corp: 51/925b lim: 80 exec/s: 0 rss: 32Mb L: 20/34 MS: 1 ChangeByte-
#13725	NEW    cov: 30 ft: 190 corp: 52/945b lim: 80 exec/s: 0 rss: 32Mb L: 20/34 MS: 1 ChangeBit-
#13756	NEW    cov: 30 ft: 192 corp: 53/963b lim: 80 exec/s: 0 rss: 32Mb L: 18/34 MS: 1 CrossOver-
#14375	REDUCE cov: 30 ft: 192 corp: 53/961b lim: 86 exec/s: 0 rss: 32Mb L: 16/34 MS: 4 InsertByte-CrossOver-PersAutoDict-EraseBytes- DE: "\001\000"-
#14456	REDUCE cov: 30 ft: 192 corp: 53/960b lim: 86 exec/s: 0 rss: 32Mb L: 20/34 MS: 1 EraseBytes-
#14576	REDUCE cov: 30 ft: 192 corp: 53/958b lim: 86 exec/s: 0 rss: 32Mb L: 25/34 MS: 5 PersAutoDict-PersAutoDict-ChangeBinInt-CopyPart-EraseBytes- DE: "\377\377"-"\001\000"-
#14747	NEW    cov: 32 ft: 197 corp: 54/978b lim: 86 exec/s: 0 rss: 32Mb L: 20/34 MS: 1 CopyPart-
#14965	REDUCE cov: 32 ft: 197 corp: 54/976b lim: 86 exec/s: 0 rss: 32Mb L: 18/34 MS: 3 ChangeBit-ChangeASCIIInt-EraseBytes-
#15237	REDUCE cov: 32 ft: 197 corp: 54/972b lim: 86 exec/s: 0 rss: 33Mb L: 21/34 MS: 2 EraseBytes-ChangeBinInt-
#15318	NEW    cov: 32 ft: 198 corp: 55/992b lim: 86 exec/s: 0 rss: 33Mb L: 20/34 MS: 1 CopyPart-
#15555	NEW    cov: 32 ft: 199 corp: 56/1012b lim: 86 exec/s: 0 rss: 33Mb L: 20/34 MS: 2 ChangeBit-ChangeBit-
#16341	NEW    cov: 33 ft: 200 corp: 57/1032b lim: 92 exec/s: 0 rss: 33Mb L: 20/34 MS: 1 ChangeBinInt-
#16398	NEW    cov: 33 ft: 202 corp: 58/1052b lim: 92 exec/s: 0 rss: 33Mb L: 20/34 MS: 2 ShuffleBytes-ChangeBit-
#17439	NEW    cov: 33 ft: 203 corp: 59/1072b lim: 98 exec/s: 0 rss: 33Mb L: 20/34 MS: 1 ChangeByte-
#17755	NEW    cov: 33 ft: 205 corp: 60/1092b lim: 98 exec/s: 0 rss: 33Mb L: 20/34 MS: 1 ChangeByte-
#18451	NEW    cov: 33 ft: 206 corp: 61/1112b lim: 104 exec/s: 0 rss: 33Mb L: 20/34 MS: 1 ChangeBinInt-
#18840	REDUCE cov: 33 ft: 206 corp: 61/1110b lim: 104 exec/s: 0 rss: 33Mb L: 20/34 MS: 4 ChangeBinInt-CopyPart-PersAutoDict-EraseBytes- DE: "\000\000\000\000"-
#19236	REDUCE cov: 33 ft: 207 corp: 62/1131b lim: 104 exec/s: 0 rss: 33Mb L: 21/34 MS: 1 PersAutoDict- DE: "\001\000"-
#19457	NEW    cov: 33 ft: 208 corp: 63/1151b lim: 104 exec/s: 0 rss: 33Mb L: 20/34 MS: 1 ChangeBit-
#20743	NEW    cov: 33 ft: 209 corp: 64/1171b lim: 116 exec/s: 0 rss: 34Mb L: 20/34 MS: 1 ShuffleBytes-
#21625	REDUCE cov: 33 ft: 209 corp: 64/1169b lim: 122 exec/s: 0 rss: 34Mb L: 18/34 MS: 2 ChangeBit-EraseBytes-
#21970	REDUCE cov: 33 ft: 209 corp: 64/1166b lim: 122 exec/s: 0 rss: 34Mb L: 19/34 MS: 5 ChangeByte-EraseBytes-ChangeBit-CopyPart-ChangeByte-
#25226	NEW    cov: 33 ft: 211 corp: 65/1186b lim: 149 exec/s: 0 rss: 34Mb L: 20/34 MS: 1 ChangeBit-
#25308	NEW    cov: 33 ft: 213 corp: 66/1206b lim: 149 exec/s: 0 rss: 34Mb L: 20/34 MS: 2 ChangeBinInt-ChangeBit-
#25769	NEW    cov: 43 ft: 247 corp: 67/1226b lim: 149 exec/s: 0 rss: 34Mb L: 20/34 MS: 1 CopyPart-
#27155	NEW    cov: 43 ft: 249 corp: 68/1246b lim: 156 exec/s: 0 rss: 34Mb L: 20/34 MS: 1 ChangeBit-
#27786	NEW    cov: 43 ft: 250 corp: 69/1266b lim: 156 exec/s: 0 rss: 34Mb L: 20/34 MS: 1 PersAutoDict- DE: "\001\000"-
#28207	NEW    cov: 43 ft: 252 corp: 70/1286b lim: 156 exec/s: 0 rss: 34Mb L: 20/34 MS: 1 ChangeBit-
#29369	NEW    cov: 43 ft: 253 corp: 71/1306b lim: 163 exec/s: 0 rss: 34Mb L: 20/34 MS: 2 ChangeBinInt-ChangeBinInt-
#29428	REDUCE cov: 43 ft: 253 corp: 71/1302b lim: 163 exec/s: 0 rss: 34Mb L: 16/34 MS: 4 InsertByte-CopyPart-PersAutoDict-EraseBytes- DE: "\001\000"-
#29709	REDUCE cov: 43 ft: 253 corp: 71/1301b lim: 163 exec/s: 0 rss: 34Mb L: 15/34 MS: 1 EraseBytes-
#29725	NEW    cov: 44 ft: 256 corp: 72/1321b lim: 163 exec/s: 0 rss: 34Mb L: 20/34 MS: 1 ChangeByte-
#31291	NEW    cov: 44 ft: 258 corp: 73/1341b lim: 177 exec/s: 0 rss: 34Mb L: 20/34 MS: 1 ShuffleBytes-
#33744	NEW    cov: 44 ft: 262 corp: 74/1361b lim: 198 exec/s: 0 rss: 34Mb L: 20/34 MS: 3 ChangeBit-ShuffleBytes-ChangeBit-
#39474	REDUCE cov: 44 ft: 262 corp: 74/1360b lim: 254 exec/s: 0 rss: 35Mb L: 15/34 MS: 5 EraseBytes-ShuffleBytes-ShuffleBytes-ChangeByte-InsertByte-
#39634	REDUCE cov: 44 ft: 262 corp: 74/1359b lim: 254 exec/s: 0 rss: 35Mb L: 15/34 MS: 5 EraseBytes-CMP-CMP-CrossOver-EraseBytes- DE: "\377\377\377\377\377\377\377\377"-"\377\377"-
#40941	REDUCE cov: 44 ft: 262 corp: 74/1358b lim: 261 exec/s: 0 rss: 35Mb L: 20/34 MS: 2 InsertByte-EraseBytes-
#42252	REDUCE cov: 44 ft: 262 corp: 74/1357b lim: 269 exec/s: 0 rss: 35Mb L: 20/34 MS: 1 EraseBytes-
#43182	REDUCE cov: 44 ft: 262 corp: 74/1353b lim: 277 exec/s: 0 rss: 35Mb L: 16/34 MS: 5 EraseBytes-EraseBytes-ChangeBinInt-ChangeBinInt-CMP- DE: "s$\257\030\000\000\000\000"-
#43200	REDUCE cov: 44 ft: 262 corp: 74/1350b lim: 277 exec/s: 0 rss: 35Mb L: 15/34 MS: 3 InsertByte-InsertByte-EraseBytes-
#50372	REDUCE cov: 44 ft: 262 corp: 74/1349b lim: 341 exec/s: 0 rss: 35Mb L: 20/34 MS: 2 ChangeBinInt-EraseBytes-
#50383	NEW    cov: 44 ft: 263 corp: 75/1369b lim: 341 exec/s: 0 rss: 35Mb L: 20/34 MS: 1 CopyPart-
#51904	NEW    cov: 46 ft: 271 corp: 76/1389b lim: 349 exec/s: 0 rss: 35Mb L: 20/34 MS: 1 ChangeBit-
#55567	REDUCE cov: 46 ft: 271 corp: 76/1387b lim: 381 exec/s: 0 rss: 35Mb L: 19/34 MS: 3 ShuffleBytes-ChangeBinInt-EraseBytes-
#58523	NEW    cov: 46 ft: 273 corp: 77/1407b lim: 405 exec/s: 0 rss: 35Mb L: 20/34 MS: 1 ChangeBit-
#58804	NEW    cov: 46 ft: 275 corp: 78/1427b lim: 405 exec/s: 0 rss: 35Mb L: 20/34 MS: 1 ChangeBit-
#59155	NEW    cov: 46 ft: 278 corp: 79/1447b lim: 405 exec/s: 0 rss: 35Mb L: 20/34 MS: 1 ChangeByte-
#59751	NEW    cov: 46 ft: 285 corp: 80/1467b lim: 405 exec/s: 0 rss: 35Mb L: 20/34 MS: 1 ChangeBit-
#60449	NEW    cov: 46 ft: 286 corp: 81/1487b lim: 405 exec/s: 0 rss: 35Mb L: 20/34 MS: 3 ShuffleBytes-ShuffleBytes-ChangeBinInt-
#63906	NEW    cov: 46 ft: 287 corp: 82/1502b lim: 437 exec/s: 0 rss: 35Mb L: 15/34 MS: 2 ShuffleBytes-ChangeByte-
#67268	REDUCE cov: 46 ft: 287 corp: 82/1500b lim: 469 exec/s: 0 rss: 35Mb L: 17/34 MS: 2 InsertByte-EraseBytes-
#67562	REDUCE cov: 46 ft: 287 corp: 82/1498b lim: 469 exec/s: 0 rss: 35Mb L: 16/34 MS: 4 ChangeBinInt-ChangeByte-ChangeBinInt-EraseBytes-
#69103	NEW    cov: 46 ft: 288 corp: 83/1518b lim: 477 exec/s: 0 rss: 35Mb L: 20/34 MS: 1 ChangeBit-
#70729	NEW    cov: 46 ft: 290 corp: 84/1538b lim: 493 exec/s: 0 rss: 35Mb L: 20/34 MS: 1 ChangeBit-
#73042	REDUCE cov: 46 ft: 290 corp: 84/1536b lim: 509 exec/s: 0 rss: 35Mb L: 15/34 MS: 3 EraseBytes-CopyPart-EraseBytes-
#77374	REDUCE cov: 46 ft: 290 corp: 84/1535b lim: 544 exec/s: 0 rss: 35Mb L: 18/34 MS: 2 EraseBytes-CopyPart-
#79036	REDUCE cov: 46 ft: 290 corp: 84/1533b lim: 553 exec/s: 0 rss: 35Mb L: 16/34 MS: 2 EraseBytes-PersAutoDict- DE: "\377\377"-
#80419	REDUCE cov: 46 ft: 290 corp: 84/1531b lim: 562 exec/s: 0 rss: 35Mb L: 16/34 MS: 3 CrossOver-ShuffleBytes-EraseBytes-
#82751	REDUCE cov: 46 ft: 290 corp: 84/1529b lim: 580 exec/s: 0 rss: 35Mb L: 18/34 MS: 2 EraseBytes-ChangeByte-
#83988	REDUCE cov: 46 ft: 290 corp: 84/1523b lim: 589 exec/s: 0 rss: 35Mb L: 15/34 MS: 2 ChangeByte-EraseBytes-
#88349	NEW    cov: 47 ft: 295 corp: 85/1543b lim: 625 exec/s: 0 rss: 35Mb L: 20/34 MS: 1 ChangeByte-
#89136	NEW    cov: 47 ft: 296 corp: 86/1563b lim: 625 exec/s: 0 rss: 35Mb L: 20/34 MS: 2 ChangeBit-ShuffleBytes-
#90552	NEW    cov: 47 ft: 297 corp: 87/1583b lim: 634 exec/s: 0 rss: 35Mb L: 20/34 MS: 1 ChangeBit-
#91882	NEW    cov: 47 ft: 299 corp: 88/1603b lim: 643 exec/s: 0 rss: 35Mb L: 20/34 MS: 5 ChangeBinInt-ChangeBit-ChangeBinInt-ChangeBinInt-ChangeBinInt-
#92519	NEW    cov: 47 ft: 300 corp: 89/1623b lim: 643 exec/s: 0 rss: 35Mb L: 20/34 MS: 2 ShuffleBytes-ChangeBit-
#92945	NEW    cov: 47 ft: 301 corp: 90/1643b lim: 643 exec/s: 0 rss: 35Mb L: 20/34 MS: 1 ChangeBit-
#96206	NEW    cov: 47 ft: 302 corp: 91/1663b lim: 670 exec/s: 0 rss: 35Mb L: 20/34 MS: 1 ChangeByte-
#99192	NEW    cov: 47 ft: 303 corp: 92/1683b lim: 697 exec/s: 0 rss: 35Mb L: 20/34 MS: 1 ChangeBinInt-
#104218	NEW    cov: 47 ft: 304 corp: 93/1703b lim: 742 exec/s: 0 rss: 35Mb L: 20/34 MS: 1 ChangeBinInt-
#106467	NEW    cov: 47 ft: 305 corp: 94/1723b lim: 760 exec/s: 0 rss: 35Mb L: 20/34 MS: 4 ChangeByte-ChangeByte-ChangeByte-CopyPart-
#116057	NEW    cov: 49 ft: 314 corp: 95/1743b lim: 850 exec/s: 0 rss: 35Mb L: 20/34 MS: 5 CopyPart-EraseBytes-InsertByte-ShuffleBytes-ChangeBit-
#119360	REDUCE cov: 49 ft: 314 corp: 95/1741b lim: 877 exec/s: 0 rss: 35Mb L: 18/34 MS: 3 ShuffleBytes-EraseBytes-ChangeBit-
#120161	NEW    cov: 49 ft: 317 corp: 96/1761b lim: 877 exec/s: 0 rss: 35Mb L: 20/34 MS: 1 ChangeByte-
#132272	NEW    cov: 49 ft: 319 corp: 97/1781b lim: 994 exec/s: 0 rss: 35Mb L: 20/34 MS: 1 ChangeBit-
#138993	NEW    cov: 49 ft: 320 corp: 98/1801b lim: 1060 exec/s: 0 rss: 35Mb L: 20/34 MS: 1 ShuffleBytes-
#140332	REDUCE cov: 49 ft: 320 corp: 98/1800b lim: 1070 exec/s: 0 rss: 35Mb L: 18/34 MS: 4 ChangeByte-ChangeByte-EraseBytes-CopyPart-
#143921	REDUCE cov: 49 ft: 320 corp: 98/1798b lim: 1100 exec/s: 0 rss: 35Mb L: 16/34 MS: 4 PersAutoDict-ChangeByte-InsertByte-EraseBytes- DE: "\001\000\000\000\000\000\000\024"-
#147419	REDUCE cov: 49 ft: 320 corp: 98/1796b lim: 1130 exec/s: 0 rss: 35Mb L: 18/34 MS: 3 InsertByte-ChangeByte-EraseBytes-
#149381	NEW    cov: 49 ft: 321 corp: 99/1816b lim: 1140 exec/s: 0 rss: 35Mb L: 20/34 MS: 2 ChangeBinInt-ChangeBit-
#154772	REDUCE cov: 49 ft: 321 corp: 99/1813b lim: 1190 exec/s: 0 rss: 35Mb L: 15/34 MS: 1 EraseBytes-
#158104	REDUCE cov: 49 ft: 321 corp: 99/1811b lim: 1220 exec/s: 0 rss: 35Mb L: 18/34 MS: 2 EraseBytes-ChangeByte-
#162912	NEW    cov: 49 ft: 322 corp: 100/1831b lim: 1260 exec/s: 0 rss: 35Mb L: 20/34 MS: 3 ChangeByte-ShuffleBytes-ChangeBinInt-
#164708	NEW    cov: 49 ft: 323 corp: 101/1851b lim: 1270 exec/s: 0 rss: 35Mb L: 20/34 MS: 1 ChangeASCIIInt-
#167684	NEW    cov: 49 ft: 324 corp: 102/1871b lim: 1290 exec/s: 0 rss: 35Mb L: 20/34 MS: 1 ChangeBit-
#175537	REDUCE cov: 49 ft: 324 corp: 102/1869b lim: 1360 exec/s: 0 rss: 35Mb L: 18/34 MS: 3 EraseBytes-CrossOver-InsertByte-
#176708	NEW    cov: 49 ft: 325 corp: 103/1889b lim: 1370 exec/s: 0 rss: 35Mb L: 20/34 MS: 1 ShuffleBytes-
#178747	REDUCE cov: 49 ft: 325 corp: 103/1887b lim: 1390 exec/s: 0 rss: 35Mb L: 16/34 MS: 4 CopyPart-CopyPart-EraseBytes-EraseBytes-
#181142	REDUCE cov: 49 ft: 325 corp: 103/1883b lim: 1410 exec/s: 0 rss: 35Mb L: 16/34 MS: 5 ChangeByte-CMP-EraseBytes-ShuffleBytes-InsertByte- DE: "\024\000\000\000\000\000\000\000"-
#187195	NEW    cov: 49 ft: 326 corp: 104/1903b lim: 1470 exec/s: 0 rss: 35Mb L: 20/34 MS: 3 EraseBytes-ShuffleBytes-CopyPart-
#188306	NEW    cov: 49 ft: 327 corp: 105/1923b lim: 1480 exec/s: 0 rss: 35Mb L: 20/34 MS: 1 ChangeBit-
#199062	NEW    cov: 49 ft: 328 corp: 106/1943b lim: 1580 exec/s: 0 rss: 35Mb L: 20/34 MS: 1 ChangeBinInt-
#200071	REDUCE cov: 49 ft: 328 corp: 106/1941b lim: 1590 exec/s: 0 rss: 35Mb L: 18/34 MS: 4 EraseBytes-PersAutoDict-InsertByte-InsertByte- DE: "\001\000"-
#200303	REDUCE cov: 49 ft: 328 corp: 106/1937b lim: 1590 exec/s: 0 rss: 35Mb L: 16/34 MS: 2 PersAutoDict-EraseBytes- DE: "\377\377"-
#209780	NEW    cov: 49 ft: 329 corp: 107/1957b lim: 1680 exec/s: 0 rss: 35Mb L: 20/34 MS: 2 ShuffleBytes-ChangeBit-
#212582	NEW    cov: 49 ft: 330 corp: 108/1977b lim: 1700 exec/s: 0 rss: 35Mb L: 20/34 MS: 2 PersAutoDict-ShuffleBytes- DE: "\001\000\000\000\000\000\000?"-
#218234	REDUCE cov: 49 ft: 330 corp: 108/1973b lim: 1750 exec/s: 0 rss: 35Mb L: 16/34 MS: 2 InsertRepeatedBytes-EraseBytes-
#234671	REDUCE cov: 49 ft: 330 corp: 108/1971b lim: 1910 exec/s: 0 rss: 35Mb L: 18/34 MS: 2 EraseBytes-ChangeByte-
#235579	REDUCE cov: 49 ft: 330 corp: 108/1969b lim: 1910 exec/s: 0 rss: 35Mb L: 16/34 MS: 3 EraseBytes-ChangeBit-ChangeByte-
#235985	REDUCE cov: 49 ft: 331 corp: 109/1985b lim: 1910 exec/s: 0 rss: 35Mb L: 16/34 MS: 1 ChangeBit-
#247662	NEW    cov: 49 ft: 332 corp: 110/2005b lim: 2020 exec/s: 0 rss: 35Mb L: 20/34 MS: 2 ShuffleBytes-ChangeByte-
#267685	REDUCE cov: 49 ft: 332 corp: 110/2001b lim: 2215 exec/s: 0 rss: 36Mb L: 16/34 MS: 3 EraseBytes-EraseBytes-ChangeBinInt-
#278607	NEW    cov: 49 ft: 333 corp: 111/2021b lim: 2314 exec/s: 0 rss: 36Mb L: 20/34 MS: 2 ChangeBit-ChangeBinInt-
#287308	NEW    cov: 49 ft: 334 corp: 112/2041b lim: 2391 exec/s: 0 rss: 36Mb L: 20/34 MS: 1 CopyPart-
#294361	REDUCE cov: 49 ft: 334 corp: 112/2039b lim: 2457 exec/s: 0 rss: 36Mb L: 18/34 MS: 3 ChangeASCIIInt-EraseBytes-InsertByte-
#298277	NEW    cov: 49 ft: 337 corp: 113/2059b lim: 2490 exec/s: 0 rss: 36Mb L: 20/34 MS: 1 ChangeBit-
#298523	NEW    cov: 49 ft: 338 corp: 114/2074b lim: 2490 exec/s: 0 rss: 36Mb L: 15/34 MS: 1 ChangeBit-
#299563	REDUCE cov: 49 ft: 338 corp: 114/2072b lim: 2490 exec/s: 0 rss: 36Mb L: 18/34 MS: 5 InsertByte-InsertByte-InsertByte-ChangeBit-EraseBytes-
#307461	REDUCE cov: 49 ft: 338 corp: 114/2070b lim: 2567 exec/s: 0 rss: 36Mb L: 18/34 MS: 3 CopyPart-EraseBytes-ChangeByte-
#316948	NEW    cov: 49 ft: 339 corp: 115/2086b lim: 2655 exec/s: 0 rss: 36Mb L: 16/34 MS: 2 InsertByte-CMP- DE: "\377\377\377\377\377\377\377\016"-
#323575	REDUCE cov: 49 ft: 339 corp: 115/2085b lim: 2710 exec/s: 0 rss: 36Mb L: 27/34 MS: 2 CopyPart-EraseBytes-
#325470	REDUCE cov: 49 ft: 339 corp: 115/2083b lim: 2721 exec/s: 0 rss: 36Mb L: 16/34 MS: 5 CopyPart-EraseBytes-ShuffleBytes-ChangeBinInt-ChangeBinInt-
#328255	NEW    cov: 49 ft: 341 corp: 116/2103b lim: 2743 exec/s: 0 rss: 36Mb L: 20/34 MS: 5 ChangeByte-ShuffleBytes-ChangeBit-ChangeBit-ChangeBinInt-
#340132	REDUCE cov: 49 ft: 341 corp: 116/2101b lim: 2853 exec/s: 0 rss: 36Mb L: 18/34 MS: 2 ChangeByte-EraseBytes-
#345603	NEW    cov: 49 ft: 342 corp: 117/2117b lim: 2897 exec/s: 0 rss: 36Mb L: 16/34 MS: 1 ChangeBit-
#353764	NEW    cov: 49 ft: 343 corp: 118/2137b lim: 2974 exec/s: 0 rss: 36Mb L: 20/34 MS: 1 ChangeBit-
#362145	REDUCE cov: 49 ft: 343 corp: 118/2136b lim: 3051 exec/s: 0 rss: 36Mb L: 15/34 MS: 1 EraseBytes-
#378484	REDUCE cov: 49 ft: 343 corp: 118/2134b lim: 3205 exec/s: 0 rss: 36Mb L: 16/34 MS: 4 ChangeByte-ChangeByte-ChangeByte-EraseBytes-
#395735	NEW    cov: 49 ft: 346 corp: 119/2154b lim: 3370 exec/s: 0 rss: 36Mb L: 20/34 MS: 1 ChangeByte-
#401113	REDUCE cov: 49 ft: 346 corp: 119/2150b lim: 3414 exec/s: 0 rss: 36Mb L: 16/34 MS: 3 ChangeBinInt-ChangeBit-EraseBytes-
#419010	NEW    cov: 49 ft: 348 corp: 120/2170b lim: 3590 exec/s: 0 rss: 36Mb L: 20/34 MS: 2 CopyPart-ChangeASCIIInt-
#426030	REDUCE cov: 49 ft: 348 corp: 120/2168b lim: 3656 exec/s: 426030 rss: 36Mb L: 16/34 MS: 4 ChangeBit-ChangeBinInt-EraseBytes-PersAutoDict- DE: "\001\000"-
#426247	REDUCE cov: 49 ft: 348 corp: 120/2166b lim: 3656 exec/s: 426247 rss: 36Mb L: 16/34 MS: 2 EraseBytes-ChangeBit-
#441146	REDUCE cov: 49 ft: 348 corp: 120/2164b lim: 3799 exec/s: 441146 rss: 36Mb L: 18/34 MS: 4 ChangeBit-InsertByte-ChangeBinInt-EraseBytes-
#448948	REDUCE cov: 49 ft: 348 corp: 120/2162b lim: 3876 exec/s: 448948 rss: 36Mb L: 18/34 MS: 2 InsertByte-EraseBytes-
#450174	NEW    cov: 49 ft: 350 corp: 121/2182b lim: 3887 exec/s: 450174 rss: 36Mb L: 20/34 MS: 1 ChangeBit-
#572854	REDUCE cov: 49 ft: 351 corp: 122/2198b lim: 4096 exec/s: 572854 rss: 36Mb L: 16/34 MS: 5 ChangeBit-ChangeASCIIInt-ChangeBit-ChangeBit-ChangeBinInt-
#581970	NEW    cov: 49 ft: 352 corp: 123/2214b lim: 4096 exec/s: 581970 rss: 36Mb L: 16/34 MS: 1 ChangeBinInt-
#592027	REDUCE cov: 49 ft: 353 corp: 124/2232b lim: 4096 exec/s: 592027 rss: 36Mb L: 18/34 MS: 2 ShuffleBytes-ChangeByte-
#600575	REDUCE cov: 49 ft: 353 corp: 124/2226b lim: 4096 exec/s: 600575 rss: 36Mb L: 21/34 MS: 3 EraseBytes-ShuffleBytes-PersAutoDict- DE: "\377\377\377\377\377\377\377\016"-
#608216	NEW    cov: 49 ft: 354 corp: 125/2244b lim: 4096 exec/s: 608216 rss: 36Mb L: 18/34 MS: 1 ChangeBit-
#615638	REDUCE cov: 49 ft: 354 corp: 125/2242b lim: 4096 exec/s: 615638 rss: 36Mb L: 16/34 MS: 2 PersAutoDict-EraseBytes- DE: "\377\377"-
#624759	NEW    cov: 49 ft: 355 corp: 126/2260b lim: 4096 exec/s: 624759 rss: 36Mb L: 18/34 MS: 1 CopyPart-
#625014	NEW    cov: 49 ft: 357 corp: 127/2278b lim: 4096 exec/s: 625014 rss: 36Mb L: 18/34 MS: 5 CopyPart-ChangeBit-ChangeBinInt-ChangeByte-CopyPart-
#631665	NEW    cov: 49 ft: 358 corp: 128/2296b lim: 4096 exec/s: 631665 rss: 36Mb L: 18/34 MS: 1 CopyPart-
#631761	NEW    cov: 49 ft: 359 corp: 129/2314b lim: 4096 exec/s: 631761 rss: 36Mb L: 18/34 MS: 1 ChangeBit-
#632237	NEW    cov: 49 ft: 360 corp: 130/2332b lim: 4096 exec/s: 632237 rss: 36Mb L: 18/34 MS: 1 ChangeASCIIInt-
#633099	NEW    cov: 49 ft: 361 corp: 131/2350b lim: 4096 exec/s: 633099 rss: 36Mb L: 18/34 MS: 2 ShuffleBytes-ShuffleBytes-
#638610	NEW    cov: 49 ft: 362 corp: 132/2368b lim: 4096 exec/s: 638610 rss: 36Mb L: 18/34 MS: 1 CrossOver-
#643811	REDUCE cov: 49 ft: 363 corp: 133/2384b lim: 4096 exec/s: 643811 rss: 36Mb L: 16/34 MS: 1 ChangeASCIIInt-
#650217	NEW    cov: 49 ft: 365 corp: 134/2404b lim: 4096 exec/s: 650217 rss: 36Mb L: 20/34 MS: 1 ChangeByte-
#652738	NEW    cov: 49 ft: 366 corp: 135/2422b lim: 4096 exec/s: 652738 rss: 36Mb L: 18/34 MS: 1 ShuffleBytes-
#656619	NEW    cov: 49 ft: 367 corp: 136/2440b lim: 4096 exec/s: 656619 rss: 36Mb L: 18/34 MS: 1 ChangeASCIIInt-
#656785	NEW    cov: 49 ft: 368 corp: 137/2458b lim: 4096 exec/s: 656785 rss: 36Mb L: 18/34 MS: 1 CopyPart-
#659266	NEW    cov: 49 ft: 369 corp: 138/2476b lim: 4096 exec/s: 659266 rss: 36Mb L: 18/34 MS: 1 ChangeBinInt-
#659824	NEW    cov: 49 ft: 370 corp: 139/2496b lim: 4096 exec/s: 659824 rss: 36Mb L: 20/34 MS: 3 ChangeBinInt-ShuffleBytes-CopyPart-
#659961	NEW    cov: 49 ft: 371 corp: 140/2514b lim: 4096 exec/s: 659961 rss: 36Mb L: 18/34 MS: 2 ChangeASCIIInt-ChangeASCIIInt-
#660012	NEW    cov: 49 ft: 372 corp: 141/2532b lim: 4096 exec/s: 660012 rss: 36Mb L: 18/34 MS: 1 ShuffleBytes-
#661303	NEW    cov: 49 ft: 373 corp: 142/2550b lim: 4096 exec/s: 661303 rss: 36Mb L: 18/34 MS: 1 CopyPart-
#662574	NEW    cov: 49 ft: 375 corp: 143/2568b lim: 4096 exec/s: 662574 rss: 36Mb L: 18/34 MS: 1 ChangeASCIIInt-
#662772	REDUCE cov: 49 ft: 375 corp: 143/2566b lim: 4096 exec/s: 662772 rss: 36Mb L: 16/34 MS: 3 ChangeByte-CopyPart-EraseBytes-
#663373	NEW    cov: 49 ft: 376 corp: 144/2584b lim: 4096 exec/s: 663373 rss: 36Mb L: 18/34 MS: 1 CopyPart-
#663999	NEW    cov: 49 ft: 377 corp: 145/2602b lim: 4096 exec/s: 663999 rss: 36Mb L: 18/34 MS: 1 ShuffleBytes-
#664750	NEW    cov: 49 ft: 378 corp: 146/2620b lim: 4096 exec/s: 664750 rss: 36Mb L: 18/34 MS: 1 CopyPart-
#665051	NEW    cov: 49 ft: 379 corp: 147/2638b lim: 4096 exec/s: 665051 rss: 36Mb L: 18/34 MS: 1 ChangeBinInt-
#665102	REDUCE cov: 49 ft: 380 corp: 148/2654b lim: 4096 exec/s: 665102 rss: 36Mb L: 16/34 MS: 1 ChangeASCIIInt-
#665283	NEW    cov: 49 ft: 381 corp: 149/2672b lim: 4096 exec/s: 665283 rss: 36Mb L: 18/34 MS: 1 ChangeASCIIInt-
#666579	NEW    cov: 49 ft: 382 corp: 150/2690b lim: 4096 exec/s: 666579 rss: 36Mb L: 18/34 MS: 1 ChangeASCIIInt-
#667705	NEW    cov: 49 ft: 383 corp: 151/2706b lim: 4096 exec/s: 667705 rss: 36Mb L: 16/34 MS: 1 ChangeASCIIInt-
#668151	NEW    cov: 49 ft: 384 corp: 152/2724b lim: 4096 exec/s: 668151 rss: 36Mb L: 18/34 MS: 1 ChangeASCIIInt-
#675006	REDUCE cov: 49 ft: 384 corp: 152/2722b lim: 4096 exec/s: 675006 rss: 36Mb L: 18/34 MS: 5 ChangeASCIIInt-ChangeASCIIInt-CMP-ChangeBit-EraseBytes- DE: "\377\377\377\377\377\377\377\023"-
#699890	REDUCE cov: 49 ft: 384 corp: 152/2720b lim: 4096 exec/s: 699890 rss: 36Mb L: 16/34 MS: 4 InsertRepeatedBytes-EraseBytes-ChangeBinInt-InsertByte-
#726132	REDUCE cov: 49 ft: 384 corp: 152/2718b lim: 4096 exec/s: 726132 rss: 36Mb L: 18/34 MS: 2 ChangeBinInt-EraseBytes-
#761360	REDUCE cov: 49 ft: 384 corp: 152/2716b lim: 4096 exec/s: 761360 rss: 36Mb L: 16/34 MS: 3 ChangeBinInt-PersAutoDict-EraseBytes- DE: "\377\377\377\377\377\377\377\377"-
#836196	REDUCE cov: 49 ft: 385 corp: 153/2732b lim: 4096 exec/s: 836196 rss: 36Mb L: 16/34 MS: 1 ChangeBit-
#846124	REDUCE cov: 49 ft: 385 corp: 153/2731b lim: 4096 exec/s: 846124 rss: 36Mb L: 16/34 MS: 3 EraseBytes-PersAutoDict-EraseBytes- DE: "s$\257\030\000\000\000\000"-
#851351	NEW    cov: 49 ft: 387 corp: 154/2751b lim: 4096 exec/s: 851351 rss: 36Mb L: 20/34 MS: 2 CopyPart-ChangeByte-
#862212	NEW    cov: 49 ft: 388 corp: 155/2771b lim: 4096 exec/s: 862212 rss: 36Mb L: 20/34 MS: 1 CopyPart-
#866588	NEW    cov: 49 ft: 390 corp: 156/2791b lim: 4096 exec/s: 866588 rss: 36Mb L: 20/34 MS: 1 CrossOver-
#884880	NEW    cov: 49 ft: 393 corp: 157/2811b lim: 4096 exec/s: 442440 rss: 36Mb L: 20/34 MS: 2 ChangeASCIIInt-CrossOver-
#934267	REDUCE cov: 49 ft: 393 corp: 157/2807b lim: 4096 exec/s: 467133 rss: 36Mb L: 16/34 MS: 2 ChangeBinInt-EraseBytes-
#1010074	REDUCE cov: 49 ft: 393 corp: 157/2805b lim: 4096 exec/s: 505037 rss: 36Mb L: 16/34 MS: 2 ChangeByte-EraseBytes-
#1048576	pulse  cov: 49 ft: 393 corp: 157/2805b lim: 4096 exec/s: 524288 rss: 36Mb
#1125726	REDUCE cov: 49 ft: 393 corp: 157/2803b lim: 4096 exec/s: 562863 rss: 36Mb L: 16/34 MS: 2 ChangeByte-EraseBytes-
#1219398	REDUCE cov: 49 ft: 393 corp: 157/2801b lim: 4096 exec/s: 609699 rss: 36Mb L: 16/34 MS: 2 PersAutoDict-EraseBytes- DE: "\377\377\377\377\377\377\377\016"-
#1237305	REDUCE cov: 49 ft: 393 corp: 157/2799b lim: 4096 exec/s: 618652 rss: 36Mb L: 16/34 MS: 2 ChangeByte-EraseBytes-
#1247037	REDUCE cov: 49 ft: 393 corp: 157/2797b lim: 4096 exec/s: 623518 rss: 36Mb L: 18/34 MS: 2 EraseBytes-ChangeByte-
#1290116	REDUCE cov: 49 ft: 393 corp: 157/2795b lim: 4096 exec/s: 645058 rss: 36Mb L: 16/34 MS: 4 PersAutoDict-CopyPart-ChangeBit-EraseBytes- DE: "\377\377\377\377\377\377\377\016"-
#1355297	NEW    cov: 49 ft: 394 corp: 158/2815b lim: 4096 exec/s: 451765 rss: 36Mb L: 20/34 MS: 1 CrossOver-
#1379926	REDUCE cov: 49 ft: 394 corp: 158/2813b lim: 4096 exec/s: 459975 rss: 36Mb L: 16/34 MS: 4 ShuffleBytes-CopyPart-EraseBytes-ChangeByte-
#1461198	REDUCE cov: 49 ft: 394 corp: 158/2811b lim: 4096 exec/s: 487066 rss: 36Mb L: 16/34 MS: 2 EraseBytes-ChangeBinInt-
#1474654	NEW    cov: 49 ft: 395 corp: 159/2831b lim: 4096 exec/s: 491551 rss: 36Mb L: 20/34 MS: 1 ChangeBinInt-
#1483052	REDUCE cov: 49 ft: 395 corp: 159/2829b lim: 4096 exec/s: 494350 rss: 36Mb L: 19/34 MS: 3 InsertByte-CopyPart-EraseBytes-
#1736928	NEW    cov: 49 ft: 396 corp: 160/2849b lim: 4096 exec/s: 578976 rss: 36Mb L: 20/34 MS: 1 ChangeASCIIInt-
#1855298	REDUCE cov: 49 ft: 396 corp: 160/2847b lim: 4096 exec/s: 463824 rss: 36Mb L: 16/34 MS: 5 InsertByte-ChangeASCIIInt-EraseBytes-ChangeASCIIInt-ShuffleBytes-
#1933970	REDUCE cov: 49 ft: 396 corp: 160/2845b lim: 4096 exec/s: 483492 rss: 36Mb L: 16/34 MS: 2 EraseBytes-PersAutoDict- DE: "\377\377"-
#1980710	REDUCE cov: 49 ft: 396 corp: 160/2843b lim: 4096 exec/s: 495177 rss: 36Mb L: 16/34 MS: 5 CopyPart-EraseBytes-CopyPart-ChangeASCIIInt-CrossOver-
#2029306	NEW    cov: 49 ft: 397 corp: 161/2863b lim: 4096 exec/s: 507326 rss: 36Mb L: 20/34 MS: 1 CrossOver-
#2036358	REDUCE cov: 49 ft: 397 corp: 161/2861b lim: 4096 exec/s: 509089 rss: 36Mb L: 16/34 MS: 2 EraseBytes-ChangeBinInt-
#2047976	REDUCE cov: 49 ft: 397 corp: 161/2859b lim: 4096 exec/s: 511994 rss: 36Mb L: 16/34 MS: 3 ChangeBit-EraseBytes-CrossOver-
#2066664	NEW    cov: 49 ft: 398 corp: 162/2879b lim: 4096 exec/s: 516666 rss: 36Mb L: 20/34 MS: 3 ChangeByte-ShuffleBytes-ChangeASCIIInt-
#2097152	pulse  cov: 49 ft: 398 corp: 162/2879b lim: 4096 exec/s: 524288 rss: 36Mb
#2114542	REDUCE cov: 49 ft: 398 corp: 162/2877b lim: 4096 exec/s: 528635 rss: 36Mb L: 16/34 MS: 3 EraseBytes-CrossOver-CopyPart-
#2206309	REDUCE cov: 49 ft: 398 corp: 162/2875b lim: 4096 exec/s: 551577 rss: 36Mb L: 16/34 MS: 2 EraseBytes-InsertByte-
#2311551	REDUCE cov: 49 ft: 398 corp: 162/2873b lim: 4096 exec/s: 462310 rss: 36Mb L: 16/34 MS: 2 EraseBytes-PersAutoDict- DE: "\377\377"-
#2384292	REDUCE cov: 49 ft: 399 corp: 163/2891b lim: 4096 exec/s: 476858 rss: 36Mb L: 18/34 MS: 1 CopyPart-
#2505159	REDUCE cov: 49 ft: 399 corp: 163/2889b lim: 4096 exec/s: 501031 rss: 36Mb L: 16/34 MS: 2 CopyPart-EraseBytes-
#2540189	REDUCE cov: 49 ft: 399 corp: 163/2888b lim: 4096 exec/s: 508037 rss: 36Mb L: 15/34 MS: 5 ShuffleBytes-ChangeBit-InsertByte-ShuffleBytes-EraseBytes-
#2552611	REDUCE cov: 49 ft: 399 corp: 163/2886b lim: 4096 exec/s: 510522 rss: 36Mb L: 16/34 MS: 2 EraseBytes-InsertByte-
#2587543	REDUCE cov: 49 ft: 399 corp: 163/2884b lim: 4096 exec/s: 517508 rss: 36Mb L: 18/34 MS: 2 EraseBytes-InsertByte-
#2746407	REDUCE cov: 49 ft: 399 corp: 163/2882b lim: 4096 exec/s: 457734 rss: 36Mb L: 16/34 MS: 4 PersAutoDict-EraseBytes-EraseBytes-InsertByte- DE: "\377\377\377\377\377\377\377\023"-
#2871937	NEW    cov: 49 ft: 401 corp: 164/2902b lim: 4096 exec/s: 478656 rss: 36Mb L: 20/34 MS: 5 ShuffleBytes-ShuffleBytes-CrossOver-ShuffleBytes-ChangeBinInt-
#2886114	REDUCE cov: 49 ft: 401 corp: 164/2900b lim: 4096 exec/s: 481019 rss: 36Mb L: 16/34 MS: 2 EraseBytes-PersAutoDict- DE: "\377\377"-
#2983076	REDUCE cov: 49 ft: 401 corp: 164/2898b lim: 4096 exec/s: 497179 rss: 36Mb L: 16/34 MS: 2 ChangeByte-EraseBytes-
#3396055	REDUCE cov: 49 ft: 401 corp: 164/2896b lim: 4096 exec/s: 485150 rss: 36Mb L: 16/34 MS: 4 ChangeBinInt-EraseBytes-ChangeByte-PersAutoDict- DE: "\000\000\000\000"-
#3610712	REDUCE cov: 49 ft: 401 corp: 164/2894b lim: 4096 exec/s: 451339 rss: 36Mb L: 16/34 MS: 2 InsertByte-EraseBytes-
#3707109	REDUCE cov: 49 ft: 401 corp: 164/2892b lim: 4096 exec/s: 463388 rss: 36Mb L: 16/34 MS: 2 ChangeBinInt-EraseBytes-
#3806502	NEW    cov: 50 ft: 406 corp: 165/2914b lim: 4096 exec/s: 475812 rss: 36Mb L: 22/34 MS: 3 CopyPart-CrossOver-ChangeASCIIInt-
#4026509	REDUCE cov: 50 ft: 406 corp: 165/2912b lim: 4096 exec/s: 503313 rss: 36Mb L: 16/34 MS: 2 EraseBytes-ChangeBinInt-
#4331442	REDUCE cov: 50 ft: 406 corp: 165/2910b lim: 4096 exec/s: 481271 rss: 36Mb L: 16/34 MS: 3 CrossOver-PersAutoDict-EraseBytes- DE: "\001\000\000\000\000\000\000?"-
#4386339	REDUCE cov: 50 ft: 406 corp: 165/2908b lim: 4096 exec/s: 487371 rss: 36Mb L: 16/34 MS: 2 EraseBytes-ChangeByte-
#4455301	REDUCE cov: 50 ft: 406 corp: 165/2906b lim: 4096 exec/s: 495033 rss: 36Mb L: 16/34 MS: 2 ChangeBit-EraseBytes-
#4461993	REDUCE cov: 50 ft: 406 corp: 165/2904b lim: 4096 exec/s: 495777 rss: 36Mb L: 16/34 MS: 2 ChangeBit-EraseBytes-
#4477506	REDUCE cov: 50 ft: 406 corp: 165/2902b lim: 4096 exec/s: 497500 rss: 36Mb L: 16/34 MS: 3 EraseBytes-ChangeBit-ChangeBinInt-
#4935348	REDUCE cov: 50 ft: 406 corp: 165/2900b lim: 4096 exec/s: 493534 rss: 36Mb L: 16/34 MS: 2 PersAutoDict-EraseBytes- DE: "\377\377\377\377\377\377\377\377"-
#5082395	REDUCE cov: 50 ft: 406 corp: 165/2898b lim: 4096 exec/s: 462035 rss: 36Mb L: 16/34 MS: 2 EraseBytes-ChangeBit-
#5143482	REDUCE cov: 50 ft: 406 corp: 165/2896b lim: 4096 exec/s: 467589 rss: 36Mb L: 16/34 MS: 2 ChangeBinInt-EraseBytes-
#5405896	REDUCE cov: 50 ft: 406 corp: 165/2894b lim: 4096 exec/s: 491445 rss: 36Mb L: 17/34 MS: 4 EraseBytes-ChangeByte-EraseBytes-PersAutoDict- DE: "\377\377\377\377\377\377\377\377"-
#5471836	REDUCE cov: 50 ft: 406 corp: 165/2892b lim: 4096 exec/s: 455986 rss: 36Mb L: 18/34 MS: 5 ChangeBinInt-CrossOver-PersAutoDict-ChangeBinInt-EraseBytes- DE: "!\000\000\000\000\000\000\000"-
#5853573	REDUCE cov: 50 ft: 410 corp: 166/2912b lim: 4096 exec/s: 487797 rss: 36Mb L: 20/34 MS: 2 CopyPart-CopyPart-
#6031916	NEW    cov: 50 ft: 411 corp: 167/2932b lim: 4096 exec/s: 463993 rss: 37Mb L: 20/34 MS: 3 ChangeASCIIInt-ChangeBit-ChangeBit-
#6119293	NEW    cov: 50 ft: 412 corp: 168/2952b lim: 4096 exec/s: 470714 rss: 37Mb L: 20/34 MS: 2 CrossOver-ShuffleBytes-
panic: found special char in iban [recovered]
	panic: found special char in iban

goroutine 17 [running, locked to thread]:
git.ultraware.nl/iddinkgroep/fundament-api.Fuzz.func1()
	git.ultraware.nl/iddinkgroep/fundament-api/fuzz.go:19 +0xa5
panic({0x560e82723760?, 0x560e82736c70?})
	runtime/panic.go:914 +0x21f
git.ultraware.nl/iddinkgroep/fundament-api.Fuzz({0xc00004d410, 0x14})
	git.ultraware.nl/iddinkgroep/fundament-api/fuzz.go:34 +0x2b9
git.ultraware.nl/iddinkgroep/fundament-api.Fuzz_(...)
	git.ultraware.nl/iddinkgroep/fundament-api/fuzz.1527825026.go:6
main.LLVMFuzzerTestOneInput(...)
	./main.170485750.go:21
==28324== ERROR: libFuzzer: deadly signal
    #0 0x560e82646630 in __sanitizer_print_stack_trace (/seedai/experiments/libfuzzer/source_iban/libfuzzer+0xaf630) (BuildId: 688cb25bec4564588da2a67f6a2b25148a0fd5d4)
    #1 0x560e82612755 in fuzzer::PrintStackTrace() (/seedai/experiments/libfuzzer/source_iban/libfuzzer+0x7b755) (BuildId: 688cb25bec4564588da2a67f6a2b25148a0fd5d4)
    #2 0x560e825f13a9 in fuzzer::Fuzzer::CrashCallback() (.part.0) FuzzerLoop.cpp.o
    #3 0x560e825f146a in fuzzer::Fuzzer::StaticCrashSignalCallback() (/seedai/experiments/libfuzzer/source_iban/libfuzzer+0x5a46a) (BuildId: 688cb25bec4564588da2a67f6a2b25148a0fd5d4)
    #4 0x7fde75a3070f  (/usr/lib/libc.so.6+0x3e70f) (BuildId: 316d0d3666387f0e8fb98773f51aa1801027c5ab)
    #5 0x560e826a6160 in runtime.raise.abi0 runtime/sys_linux_amd64.s:153

NOTE: libFuzzer has rudimentary signal handlers.
      Combine libFuzzer with AddressSanitizer or similar for better crash reports.
SUMMARY: libFuzzer: deadly signal
MS: 1 ChangeBinInt-; base unit: e460c6cc37aebc704709d41d3aa866e06cf309c7
0x45,0x45,0x30,0x30,0x2d,0x30,0x30,0x30,0x30,0x30,0x30,0x30,0x30,0x30,0x30,0x30,0x30,0x30,0x30,0x31,
EE00-000000000000001
artifact_prefix='./'; Test unit written to ./crash-47f533b2faa55805cc5aacdf51068b0e7e540dd3
Base64: RUUwMC0wMDAwMDAwMDAwMDAwMDE=
