INFO: Running with entropic power schedule (0xFF, 100).
INFO: Seed: 1243116365
INFO: Loaded 1 modules   (70 inline 8-bit counters): 70 [0x555a13336030, 0x555a13336076), 
INFO: Loaded 1 PC tables (70 PCs): 70 [0xc000068000,0xc000068460), 
INFO:       10 files found in corpus
INFO: -max_len is not provided; libFuzzer will not generate inputs larger than 4096 bytes
INFO: seed corpus: files: 10 min: 17b max: 783b total: 3525b rss: 30Mb
#11	INITED cov: 10 ft: 18 corp: 1/17b exec/s: 0 rss: 30Mb
#34	NEW    cov: 10 ft: 20 corp: 2/33b lim: 17 exec/s: 0 rss: 30Mb L: 16/17 MS: 3 ShuffleBytes-ChangeBit-CrossOver-
#40	NEW    cov: 11 ft: 23 corp: 3/44b lim: 17 exec/s: 0 rss: 30Mb L: 11/17 MS: 1 EraseBytes-
#42	NEW    cov: 11 ft: 24 corp: 4/58b lim: 17 exec/s: 0 rss: 30Mb L: 14/17 MS: 2 ShuffleBytes-InsertRepeatedBytes-
#43	NEW    cov: 11 ft: 26 corp: 5/70b lim: 17 exec/s: 0 rss: 30Mb L: 12/17 MS: 1 InsertByte-
#49	NEW    cov: 11 ft: 27 corp: 6/80b lim: 17 exec/s: 0 rss: 30Mb L: 10/17 MS: 1 EraseBytes-
#53	NEW    cov: 11 ft: 28 corp: 7/87b lim: 17 exec/s: 0 rss: 30Mb L: 7/17 MS: 4 InsertByte-ShuffleBytes-ShuffleBytes-EraseBytes-
#56	NEW    cov: 11 ft: 30 corp: 8/102b lim: 17 exec/s: 0 rss: 30Mb L: 15/17 MS: 3 CrossOver-CrossOver-CopyPart-
#63	NEW    cov: 11 ft: 31 corp: 9/115b lim: 17 exec/s: 0 rss: 30Mb L: 13/17 MS: 2 EraseBytes-InsertRepeatedBytes-
#64	NEW    cov: 11 ft: 32 corp: 10/123b lim: 17 exec/s: 0 rss: 30Mb L: 8/17 MS: 1 EraseBytes-
#91	REDUCE cov: 11 ft: 32 corp: 10/120b lim: 17 exec/s: 0 rss: 30Mb L: 4/17 MS: 2 ChangeBit-EraseBytes-
#157	REDUCE cov: 11 ft: 34 corp: 11/122b lim: 17 exec/s: 0 rss: 30Mb L: 2/17 MS: 1 EraseBytes-
#573	NEW    cov: 11 ft: 35 corp: 12/143b lim: 21 exec/s: 0 rss: 30Mb L: 21/21 MS: 1 InsertRepeatedBytes-
#703	REDUCE cov: 11 ft: 35 corp: 12/142b lim: 21 exec/s: 0 rss: 30Mb L: 20/20 MS: 5 ChangeBit-EraseBytes-ShuffleBytes-ShuffleBytes-InsertRepeatedBytes-
#754	REDUCE cov: 11 ft: 35 corp: 12/138b lim: 21 exec/s: 0 rss: 30Mb L: 4/20 MS: 1 EraseBytes-
#1194	REDUCE cov: 11 ft: 35 corp: 12/136b lim: 25 exec/s: 0 rss: 30Mb L: 2/20 MS: 5 CopyPart-ChangeBit-ChangeBit-ChangeByte-EraseBytes-
#1195	REDUCE cov: 11 ft: 35 corp: 12/135b lim: 25 exec/s: 0 rss: 30Mb L: 1/20 MS: 1 EraseBytes-
#1424	REDUCE cov: 11 ft: 35 corp: 12/134b lim: 25 exec/s: 0 rss: 30Mb L: 3/20 MS: 4 CopyPart-ShuffleBytes-ChangeBit-EraseBytes-
#1480	REDUCE cov: 11 ft: 35 corp: 12/133b lim: 25 exec/s: 0 rss: 30Mb L: 2/20 MS: 1 EraseBytes-
#1605	REDUCE cov: 11 ft: 35 corp: 12/132b lim: 25 exec/s: 0 rss: 30Mb L: 19/19 MS: 5 ChangeByte-InsertByte-InsertRepeatedBytes-CrossOver-InsertByte-
#1747	REDUCE cov: 11 ft: 35 corp: 12/131b lim: 25 exec/s: 0 rss: 30Mb L: 1/19 MS: 2 CopyPart-EraseBytes-
#1775	REDUCE cov: 11 ft: 35 corp: 12/127b lim: 25 exec/s: 0 rss: 30Mb L: 6/19 MS: 3 ChangeBinInt-ChangeBinInt-EraseBytes-
#2195	NEW    cov: 11 ft: 36 corp: 13/154b lim: 29 exec/s: 0 rss: 30Mb L: 27/27 MS: 5 ChangeByte-EraseBytes-CopyPart-ShuffleBytes-InsertRepeatedBytes-
#2225	NEW    cov: 11 ft: 37 corp: 14/183b lim: 29 exec/s: 0 rss: 30Mb L: 29/29 MS: 5 ChangeBinInt-CopyPart-ShuffleBytes-CopyPart-InsertByte-
#2591	REDUCE cov: 11 ft: 37 corp: 14/180b lim: 29 exec/s: 0 rss: 30Mb L: 3/29 MS: 1 EraseBytes-
#3002	NEW    cov: 11 ft: 38 corp: 15/212b lim: 33 exec/s: 0 rss: 31Mb L: 32/32 MS: 1 CopyPart-
#3121	NEW    cov: 11 ft: 39 corp: 16/245b lim: 33 exec/s: 0 rss: 31Mb L: 33/33 MS: 4 InsertRepeatedBytes-ShuffleBytes-CopyPart-CopyPart-
#3732	NEW    cov: 11 ft: 41 corp: 17/279b lim: 38 exec/s: 0 rss: 31Mb L: 34/34 MS: 1 InsertByte-
#5453	REDUCE cov: 11 ft: 41 corp: 17/278b lim: 53 exec/s: 0 rss: 31Mb L: 31/34 MS: 1 EraseBytes-
#108216	REDUCE cov: 13 ft: 47 corp: 18/306b lim: 1070 exec/s: 0 rss: 35Mb L: 28/34 MS: 3 CopyPart-InsertRepeatedBytes-CrossOver-
#108902	NEW    cov: 13 ft: 48 corp: 19/334b lim: 1070 exec/s: 0 rss: 35Mb L: 28/34 MS: 1 ChangeByte-
#109040	NEW    cov: 13 ft: 49 corp: 20/356b lim: 1070 exec/s: 0 rss: 35Mb L: 22/34 MS: 3 ShuffleBytes-InsertByte-EraseBytes-
#109078	NEW    cov: 13 ft: 50 corp: 21/383b lim: 1070 exec/s: 0 rss: 35Mb L: 27/34 MS: 3 ChangeByte-CMP-EraseBytes- DE: "\001\000\000\000"-
#109309	REDUCE cov: 13 ft: 50 corp: 21/382b lim: 1070 exec/s: 0 rss: 35Mb L: 27/34 MS: 1 EraseBytes-
#109354	REDUCE cov: 13 ft: 50 corp: 21/380b lim: 1070 exec/s: 0 rss: 35Mb L: 26/34 MS: 5 ChangeBit-ChangeBinInt-EraseBytes-InsertByte-ChangeByte-
#109505	NEW    cov: 13 ft: 51 corp: 22/411b lim: 1070 exec/s: 0 rss: 35Mb L: 31/34 MS: 1 PersAutoDict- DE: "\001\000\000\000"-
#109608	REDUCE cov: 13 ft: 51 corp: 22/401b lim: 1070 exec/s: 0 rss: 35Mb L: 17/34 MS: 3 InsertByte-PersAutoDict-EraseBytes- DE: "\001\000\000\000"-
#109637	REDUCE cov: 13 ft: 52 corp: 23/435b lim: 1070 exec/s: 0 rss: 35Mb L: 34/34 MS: 4 CrossOver-CopyPart-InsertByte-CMP- DE: "\001\000\000\000"-
#109809	REDUCE cov: 25 ft: 86 corp: 24/450b lim: 1070 exec/s: 0 rss: 35Mb L: 15/34 MS: 2 CMP-EraseBytes- DE: "\000\000"-
#110116	NEW    cov: 25 ft: 87 corp: 25/465b lim: 1070 exec/s: 0 rss: 35Mb L: 15/34 MS: 2 ShuffleBytes-CopyPart-
#110397	REDUCE cov: 25 ft: 87 corp: 25/464b lim: 1070 exec/s: 0 rss: 35Mb L: 21/34 MS: 1 EraseBytes-
#110448	NEW    cov: 25 ft: 92 corp: 26/479b lim: 1070 exec/s: 0 rss: 35Mb L: 15/34 MS: 1 CMP- DE: "\001\000\000\000"-
#110504	NEW    cov: 25 ft: 93 corp: 27/494b lim: 1070 exec/s: 0 rss: 35Mb L: 15/34 MS: 1 PersAutoDict- DE: "\001\000\000\000"-
#110960	NEW    cov: 25 ft: 96 corp: 28/509b lim: 1070 exec/s: 0 rss: 35Mb L: 15/34 MS: 1 ChangeByte-
#111011	NEW    cov: 25 ft: 97 corp: 29/524b lim: 1070 exec/s: 0 rss: 35Mb L: 15/34 MS: 1 ChangeByte-
#111013	NEW    cov: 25 ft: 98 corp: 30/539b lim: 1070 exec/s: 0 rss: 35Mb L: 15/34 MS: 2 ChangeBinInt-ChangeByte-
#111031	NEW    cov: 25 ft: 99 corp: 31/554b lim: 1070 exec/s: 0 rss: 35Mb L: 15/34 MS: 3 CrossOver-ChangeBinInt-EraseBytes-
#111118	NEW    cov: 25 ft: 101 corp: 32/569b lim: 1070 exec/s: 0 rss: 35Mb L: 15/34 MS: 2 CopyPart-ChangeByte-
#111124	NEW    cov: 25 ft: 102 corp: 33/584b lim: 1070 exec/s: 0 rss: 35Mb L: 15/34 MS: 1 ChangeBit-
#111623	REDUCE cov: 25 ft: 103 corp: 34/599b lim: 1070 exec/s: 0 rss: 35Mb L: 15/34 MS: 4 ChangeBinInt-ShuffleBytes-EraseBytes-ChangeBinInt-
#111829	NEW    cov: 25 ft: 105 corp: 35/614b lim: 1070 exec/s: 0 rss: 35Mb L: 15/34 MS: 1 ChangeByte-
#112204	REDUCE cov: 25 ft: 105 corp: 35/613b lim: 1070 exec/s: 0 rss: 35Mb L: 16/34 MS: 5 CrossOver-PersAutoDict-InsertByte-EraseBytes-ChangeByte- DE: "\000\000"-
#112610	NEW    cov: 25 ft: 109 corp: 36/628b lim: 1070 exec/s: 0 rss: 35Mb L: 15/34 MS: 1 ChangeBinInt-
#112901	NEW    cov: 25 ft: 111 corp: 37/643b lim: 1070 exec/s: 0 rss: 35Mb L: 15/34 MS: 1 ChangeByte-
#113421	REDUCE cov: 25 ft: 111 corp: 37/633b lim: 1070 exec/s: 0 rss: 35Mb L: 16/34 MS: 5 ChangeBinInt-EraseBytes-ShuffleBytes-EraseBytes-CopyPart-
#113462	NEW    cov: 25 ft: 112 corp: 38/648b lim: 1070 exec/s: 0 rss: 35Mb L: 15/34 MS: 1 ChangeBit-
#113755	REDUCE cov: 25 ft: 112 corp: 38/647b lim: 1070 exec/s: 0 rss: 35Mb L: 15/34 MS: 3 ShuffleBytes-InsertByte-EraseBytes-
#113882	REDUCE cov: 25 ft: 112 corp: 38/644b lim: 1070 exec/s: 0 rss: 35Mb L: 18/34 MS: 2 EraseBytes-ChangeBinInt-
#113998	NEW    cov: 25 ft: 113 corp: 39/659b lim: 1070 exec/s: 0 rss: 35Mb L: 15/34 MS: 1 ChangeByte-
#114032	NEW    cov: 25 ft: 115 corp: 40/674b lim: 1070 exec/s: 0 rss: 35Mb L: 15/34 MS: 4 CrossOver-CMP-ChangeBit-CrossOver- DE: "\001\000\000\000"-
#114115	NEW    cov: 25 ft: 116 corp: 41/689b lim: 1070 exec/s: 0 rss: 35Mb L: 15/34 MS: 3 ChangeBit-PersAutoDict-ChangeBit- DE: "\001\000\000\000"-
#114191	NEW    cov: 25 ft: 117 corp: 42/704b lim: 1070 exec/s: 0 rss: 35Mb L: 15/34 MS: 1 ChangeBit-
#114452	NEW    cov: 25 ft: 119 corp: 43/719b lim: 1070 exec/s: 0 rss: 35Mb L: 15/34 MS: 1 ChangeBinInt-
#114586	NEW    cov: 25 ft: 120 corp: 44/743b lim: 1070 exec/s: 0 rss: 35Mb L: 24/34 MS: 4 InsertByte-CMP-ChangeByte-ChangeBit- DE: "\000\000\000\000\000\000\000\004"-
#115015	NEW    cov: 25 ft: 121 corp: 45/758b lim: 1070 exec/s: 0 rss: 35Mb L: 15/34 MS: 4 ChangeBit-ShuffleBytes-CrossOver-CrossOver-
#115137	REDUCE cov: 25 ft: 122 corp: 46/773b lim: 1070 exec/s: 0 rss: 35Mb L: 15/34 MS: 2 CopyPart-ChangeBit-
#115230	NEW    cov: 25 ft: 123 corp: 47/799b lim: 1070 exec/s: 0 rss: 35Mb L: 26/34 MS: 3 InsertByte-ChangeBit-InsertByte-
#115326	NEW    cov: 30 ft: 138 corp: 48/814b lim: 1070 exec/s: 0 rss: 35Mb L: 15/34 MS: 1 CopyPart-
#115658	NEW    cov: 30 ft: 143 corp: 49/840b lim: 1070 exec/s: 0 rss: 35Mb L: 26/34 MS: 2 ChangeBinInt-CrossOver-
#116666	NEW    cov: 30 ft: 144 corp: 50/866b lim: 1080 exec/s: 0 rss: 35Mb L: 26/34 MS: 3 ChangeBit-ChangeBit-CrossOver-
#116727	REDUCE cov: 30 ft: 144 corp: 50/862b lim: 1080 exec/s: 0 rss: 35Mb L: 23/34 MS: 1 EraseBytes-
#116771	NEW    cov: 30 ft: 145 corp: 51/878b lim: 1080 exec/s: 0 rss: 35Mb L: 16/34 MS: 4 PersAutoDict-EraseBytes-PersAutoDict-ChangeBinInt- DE: "\001\000\000\000"-"\000\000"-
#117099	NEW    cov: 30 ft: 147 corp: 52/904b lim: 1080 exec/s: 0 rss: 35Mb L: 26/34 MS: 3 ChangeBit-ChangeByte-CopyPart-
#117136	REDUCE cov: 30 ft: 147 corp: 52/903b lim: 1080 exec/s: 0 rss: 35Mb L: 23/34 MS: 2 ChangeBinInt-EraseBytes-
#117457	NEW    cov: 30 ft: 148 corp: 53/929b lim: 1080 exec/s: 0 rss: 35Mb L: 26/34 MS: 1 CopyPart-
#119211	REDUCE cov: 30 ft: 148 corp: 53/928b lim: 1090 exec/s: 0 rss: 35Mb L: 22/34 MS: 4 EraseBytes-ChangeBit-CopyPart-PersAutoDict- DE: "\000\000\000\000\000\000\000\004"-
#119424	NEW    cov: 30 ft: 150 corp: 54/943b lim: 1090 exec/s: 0 rss: 35Mb L: 15/34 MS: 3 ShuffleBytes-PersAutoDict-CrossOver- DE: "\001\000\000\000"-
#119615	NEW    cov: 32 ft: 167 corp: 55/958b lim: 1090 exec/s: 0 rss: 35Mb L: 15/34 MS: 1 CopyPart-
#119731	NEW    cov: 32 ft: 168 corp: 56/973b lim: 1090 exec/s: 0 rss: 35Mb L: 15/34 MS: 1 ChangeByte-
#119827	NEW    cov: 32 ft: 169 corp: 57/988b lim: 1090 exec/s: 0 rss: 35Mb L: 15/34 MS: 1 PersAutoDict- DE: "\000\000"-
#120633	NEW    cov: 32 ft: 175 corp: 58/1003b lim: 1090 exec/s: 0 rss: 35Mb L: 15/34 MS: 1 ChangeBinInt-
#120753	REDUCE cov: 32 ft: 175 corp: 58/999b lim: 1090 exec/s: 0 rss: 35Mb L: 30/34 MS: 5 ChangeBit-InsertByte-InsertByte-ChangeBinInt-EraseBytes-
#120843	REDUCE cov: 32 ft: 175 corp: 58/997b lim: 1090 exec/s: 0 rss: 35Mb L: 29/34 MS: 5 InsertByte-ChangeBit-InsertByte-CrossOver-EraseBytes-
#121044	NEW    cov: 32 ft: 177 corp: 59/1012b lim: 1090 exec/s: 0 rss: 35Mb L: 15/34 MS: 1 ChangeByte-
#121086	NEW    cov: 32 ft: 179 corp: 60/1027b lim: 1090 exec/s: 0 rss: 35Mb L: 15/34 MS: 2 ChangeBinInt-ShuffleBytes-
#121417	NEW    cov: 32 ft: 185 corp: 61/1042b lim: 1090 exec/s: 0 rss: 35Mb L: 15/34 MS: 1 CopyPart-
#121828	NEW    cov: 32 ft: 186 corp: 62/1057b lim: 1090 exec/s: 0 rss: 35Mb L: 15/34 MS: 1 ShuffleBytes-
#122289	NEW    cov: 32 ft: 188 corp: 63/1072b lim: 1090 exec/s: 0 rss: 35Mb L: 15/34 MS: 1 ChangeByte-
#122430	NEW    cov: 32 ft: 191 corp: 64/1087b lim: 1090 exec/s: 0 rss: 35Mb L: 15/34 MS: 1 ShuffleBytes-
#122482	REDUCE cov: 32 ft: 191 corp: 64/1086b lim: 1090 exec/s: 0 rss: 35Mb L: 17/34 MS: 2 ChangeBinInt-EraseBytes-
#122834	NEW    cov: 32 ft: 193 corp: 65/1101b lim: 1090 exec/s: 0 rss: 35Mb L: 15/34 MS: 2 ShuffleBytes-ChangeBinInt-
#123510	NEW    cov: 33 ft: 195 corp: 66/1116b lim: 1090 exec/s: 0 rss: 35Mb L: 15/34 MS: 1 ChangeByte-
#123706	NEW    cov: 33 ft: 197 corp: 67/1142b lim: 1090 exec/s: 0 rss: 35Mb L: 26/34 MS: 1 CrossOver-
#123712	NEW    cov: 33 ft: 199 corp: 68/1157b lim: 1090 exec/s: 0 rss: 35Mb L: 15/34 MS: 1 ShuffleBytes-
#124229	NEW    cov: 33 ft: 201 corp: 69/1172b lim: 1090 exec/s: 0 rss: 35Mb L: 15/34 MS: 2 CopyPart-CopyPart-
#124248	REDUCE cov: 33 ft: 201 corp: 69/1164b lim: 1090 exec/s: 0 rss: 35Mb L: 18/34 MS: 4 CMP-EraseBytes-CrossOver-InsertByte- DE: "\377\377\377\377"-
#124469	NEW    cov: 33 ft: 203 corp: 70/1179b lim: 1090 exec/s: 0 rss: 35Mb L: 15/34 MS: 1 CopyPart-
#124905	NEW    cov: 33 ft: 204 corp: 71/1194b lim: 1090 exec/s: 0 rss: 35Mb L: 15/34 MS: 1 ChangeByte-
#124948	REDUCE cov: 33 ft: 204 corp: 71/1192b lim: 1090 exec/s: 0 rss: 35Mb L: 27/34 MS: 3 InsertByte-InsertByte-EraseBytes-
#125209	NEW    cov: 33 ft: 206 corp: 72/1218b lim: 1090 exec/s: 0 rss: 35Mb L: 26/34 MS: 1 ChangeBit-
#126766	NEW    cov: 33 ft: 207 corp: 73/1233b lim: 1100 exec/s: 0 rss: 35Mb L: 15/34 MS: 2 ChangeByte-ChangeBinInt-
#127264	REDUCE cov: 33 ft: 207 corp: 73/1231b lim: 1100 exec/s: 0 rss: 35Mb L: 16/34 MS: 3 ChangeByte-EraseBytes-ShuffleBytes-
#128150	NEW    cov: 33 ft: 212 corp: 74/1257b lim: 1100 exec/s: 0 rss: 35Mb L: 26/34 MS: 1 CopyPart-
#128537	NEW    cov: 33 ft: 214 corp: 75/1283b lim: 1100 exec/s: 0 rss: 35Mb L: 26/34 MS: 2 ChangeByte-ChangeBinInt-
#129630	NEW    cov: 33 ft: 216 corp: 76/1298b lim: 1110 exec/s: 0 rss: 35Mb L: 15/34 MS: 3 ChangeBinInt-ChangeBit-CopyPart-
#130333	REDUCE cov: 33 ft: 216 corp: 76/1295b lim: 1110 exec/s: 0 rss: 35Mb L: 19/34 MS: 3 EraseBytes-ChangeByte-InsertByte-
#130779	REDUCE cov: 33 ft: 216 corp: 76/1294b lim: 1110 exec/s: 0 rss: 35Mb L: 15/34 MS: 1 EraseBytes-
#131450	NEW    cov: 33 ft: 218 corp: 77/1309b lim: 1110 exec/s: 0 rss: 35Mb L: 15/34 MS: 1 ChangeBit-
#131504	REDUCE cov: 33 ft: 218 corp: 77/1305b lim: 1110 exec/s: 0 rss: 35Mb L: 22/34 MS: 4 CopyPart-EraseBytes-ChangeByte-CMP- DE: "\377\377"-
#131536	NEW    cov: 33 ft: 219 corp: 78/1331b lim: 1110 exec/s: 0 rss: 35Mb L: 26/34 MS: 2 PersAutoDict-ChangeBinInt- DE: "\000\000\000\000\000\000\000\004"-
#131602	NEW    cov: 33 ft: 220 corp: 79/1357b lim: 1110 exec/s: 0 rss: 35Mb L: 26/34 MS: 1 ChangeBinInt-
#132018	NEW    cov: 33 ft: 222 corp: 80/1383b lim: 1110 exec/s: 0 rss: 35Mb L: 26/34 MS: 1 ChangeBit-
#132324	NEW    cov: 48 ft: 279 corp: 81/1398b lim: 1110 exec/s: 0 rss: 35Mb L: 15/34 MS: 1 ChangeByte-
#132555	NEW    cov: 48 ft: 281 corp: 82/1413b lim: 1110 exec/s: 0 rss: 35Mb L: 15/34 MS: 1 ChangeBit-
#133022	NEW    cov: 48 ft: 282 corp: 83/1428b lim: 1110 exec/s: 0 rss: 35Mb L: 15/34 MS: 2 ShuffleBytes-ChangeBit-
#135084	REDUCE cov: 48 ft: 282 corp: 83/1418b lim: 1130 exec/s: 0 rss: 35Mb L: 16/34 MS: 2 EraseBytes-ChangeBit-
#135740	NEW    cov: 48 ft: 284 corp: 84/1444b lim: 1130 exec/s: 0 rss: 35Mb L: 26/34 MS: 1 ChangeByte-
#136331	NEW    cov: 48 ft: 287 corp: 85/1459b lim: 1130 exec/s: 0 rss: 35Mb L: 15/34 MS: 1 ChangeBit-
#137647	NEW    cov: 48 ft: 289 corp: 86/1474b lim: 1140 exec/s: 0 rss: 35Mb L: 15/34 MS: 1 ChangeBinInt-
#138793	NEW    cov: 48 ft: 291 corp: 87/1489b lim: 1150 exec/s: 0 rss: 35Mb L: 15/34 MS: 1 CrossOver-
#141262	NEW    cov: 49 ft: 296 corp: 88/1504b lim: 1170 exec/s: 0 rss: 35Mb L: 15/34 MS: 4 ChangeByte-ShuffleBytes-ShuffleBytes-ShuffleBytes-
#141375	REDUCE cov: 49 ft: 296 corp: 88/1500b lim: 1170 exec/s: 0 rss: 35Mb L: 22/34 MS: 3 InsertByte-ChangeBinInt-EraseBytes-
#142397	REDUCE cov: 49 ft: 296 corp: 88/1498b lim: 1180 exec/s: 0 rss: 35Mb L: 15/34 MS: 2 EraseBytes-ChangeBinInt-
#142449	NEW    cov: 49 ft: 300 corp: 89/1513b lim: 1180 exec/s: 0 rss: 35Mb L: 15/34 MS: 2 CopyPart-ChangeBinInt-
#142962	NEW    cov: 49 ft: 301 corp: 90/1541b lim: 1180 exec/s: 0 rss: 35Mb L: 28/34 MS: 3 CMP-ShuffleBytes-CopyPart- DE: "A\000"-
#143993	NEW    cov: 49 ft: 302 corp: 91/1556b lim: 1190 exec/s: 0 rss: 35Mb L: 15/34 MS: 1 CopyPart-
#144599	NEW    cov: 49 ft: 303 corp: 92/1571b lim: 1190 exec/s: 0 rss: 35Mb L: 15/34 MS: 1 CrossOver-
#145055	NEW    cov: 49 ft: 304 corp: 93/1599b lim: 1190 exec/s: 0 rss: 35Mb L: 28/34 MS: 1 ChangeBit-
#146926	NEW    cov: 49 ft: 310 corp: 94/1614b lim: 1200 exec/s: 0 rss: 35Mb L: 15/34 MS: 1 ChangeBit-
#151358	REDUCE cov: 49 ft: 310 corp: 94/1612b lim: 1240 exec/s: 0 rss: 35Mb L: 21/34 MS: 2 EraseBytes-PersAutoDict- DE: "\377\377\377\377"-
#151516	REDUCE cov: 49 ft: 310 corp: 94/1610b lim: 1240 exec/s: 0 rss: 35Mb L: 28/34 MS: 3 PersAutoDict-CrossOver-EraseBytes- DE: "\377\377\377\377"-
#153003	NEW    cov: 49 ft: 311 corp: 95/1625b lim: 1250 exec/s: 0 rss: 35Mb L: 15/34 MS: 2 ChangeBit-ChangeBinInt-
#156854	NEW    cov: 49 ft: 313 corp: 96/1640b lim: 1280 exec/s: 0 rss: 35Mb L: 15/34 MS: 1 ChangeBit-
#162850	NEW    cov: 49 ft: 317 corp: 97/1655b lim: 1330 exec/s: 0 rss: 36Mb L: 15/34 MS: 1 ChangeByte-
#163667	NEW    cov: 49 ft: 318 corp: 98/1670b lim: 1330 exec/s: 0 rss: 36Mb L: 15/34 MS: 2 ShuffleBytes-ChangeBinInt-
#163698	REDUCE cov: 49 ft: 318 corp: 98/1668b lim: 1330 exec/s: 0 rss: 36Mb L: 17/34 MS: 1 EraseBytes-
#165634	NEW    cov: 49 ft: 319 corp: 99/1684b lim: 1340 exec/s: 0 rss: 36Mb L: 16/34 MS: 1 InsertByte-
#166590	NEW    cov: 49 ft: 320 corp: 100/1699b lim: 1340 exec/s: 0 rss: 36Mb L: 15/34 MS: 1 ChangeBinInt-
#166956	NEW    cov: 49 ft: 321 corp: 101/1714b lim: 1340 exec/s: 0 rss: 36Mb L: 15/34 MS: 1 ChangeBinInt-
#167422	NEW    cov: 49 ft: 322 corp: 102/1729b lim: 1340 exec/s: 0 rss: 36Mb L: 15/34 MS: 1 ChangeBit-
#167463	NEW    cov: 49 ft: 323 corp: 103/1744b lim: 1340 exec/s: 0 rss: 36Mb L: 15/34 MS: 1 ChangeBit-
#169169	NEW    cov: 49 ft: 324 corp: 104/1759b lim: 1350 exec/s: 0 rss: 36Mb L: 15/34 MS: 1 ShuffleBytes-
#169760	NEW    cov: 49 ft: 325 corp: 105/1774b lim: 1350 exec/s: 0 rss: 36Mb L: 15/34 MS: 1 ChangeBinInt-
#171246	NEW    cov: 49 ft: 326 corp: 106/1789b lim: 1360 exec/s: 0 rss: 36Mb L: 15/34 MS: 1 ShuffleBytes-
#171412	NEW    cov: 49 ft: 327 corp: 107/1804b lim: 1360 exec/s: 0 rss: 36Mb L: 15/34 MS: 1 ShuffleBytes-
#172388	NEW    cov: 50 ft: 330 corp: 108/1819b lim: 1360 exec/s: 0 rss: 36Mb L: 15/34 MS: 1 ChangeByte-
#174185	NEW    cov: 50 ft: 331 corp: 109/1834b lim: 1370 exec/s: 0 rss: 36Mb L: 15/34 MS: 2 ShuffleBytes-ShuffleBytes-
#174218	NEW    cov: 50 ft: 332 corp: 110/1849b lim: 1370 exec/s: 0 rss: 36Mb L: 15/34 MS: 3 ChangeBit-ShuffleBytes-ChangeBinInt-
#179086	REDUCE cov: 50 ft: 332 corp: 110/1845b lim: 1410 exec/s: 0 rss: 36Mb L: 17/34 MS: 3 EraseBytes-CMP-ChangeByte- DE: "\000\000"-
#182199	NEW    cov: 50 ft: 335 corp: 111/1860b lim: 1440 exec/s: 0 rss: 36Mb L: 15/34 MS: 3 PersAutoDict-CopyPart-ChangeBinInt- DE: "\377\377\377\377"-
#199399	REDUCE cov: 50 ft: 335 corp: 111/1854b lim: 1610 exec/s: 0 rss: 36Mb L: 21/34 MS: 5 ChangeBinInt-ChangeBit-InsertByte-EraseBytes-EraseBytes-
#204382	NEW    cov: 50 ft: 336 corp: 112/1869b lim: 1650 exec/s: 0 rss: 36Mb L: 15/34 MS: 3 ShuffleBytes-ChangeBit-ChangeBinInt-
#206019	REDUCE cov: 50 ft: 336 corp: 112/1868b lim: 1660 exec/s: 0 rss: 36Mb L: 16/34 MS: 2 EraseBytes-PersAutoDict- DE: "\377\377"-
#213286	NEW    cov: 50 ft: 337 corp: 113/1883b lim: 1730 exec/s: 0 rss: 36Mb L: 15/34 MS: 2 ChangeByte-ChangeBinInt-
#220882	NEW    cov: 50 ft: 339 corp: 114/1898b lim: 1800 exec/s: 0 rss: 36Mb L: 15/34 MS: 1 ChangeByte-
#226888	NEW    cov: 50 ft: 340 corp: 115/1913b lim: 1850 exec/s: 0 rss: 36Mb L: 15/34 MS: 1 ShuffleBytes-
#235869	NEW    cov: 50 ft: 341 corp: 116/1928b lim: 1930 exec/s: 0 rss: 36Mb L: 15/34 MS: 1 ShuffleBytes-
#236024	REDUCE cov: 50 ft: 341 corp: 116/1927b lim: 1930 exec/s: 0 rss: 36Mb L: 16/34 MS: 5 PersAutoDict-ChangeBit-PersAutoDict-EraseBytes-EraseBytes- DE: "\377\377\377\377"-"A\000"-
#238221	NEW    cov: 50 ft: 342 corp: 117/1942b lim: 1950 exec/s: 0 rss: 36Mb L: 15/34 MS: 2 ChangeASCIIInt-ChangeASCIIInt-
#242644	REDUCE cov: 50 ft: 342 corp: 117/1940b lim: 1990 exec/s: 0 rss: 36Mb L: 26/34 MS: 3 EraseBytes-ChangeByte-InsertByte-
#247651	NEW    cov: 50 ft: 350 corp: 118/1968b lim: 2030 exec/s: 0 rss: 36Mb L: 28/34 MS: 2 ChangeBit-ShuffleBytes-
#249867	NEW    cov: 50 ft: 351 corp: 119/1983b lim: 2050 exec/s: 0 rss: 36Mb L: 15/34 MS: 1 ChangeByte-
#250158	REDUCE cov: 50 ft: 351 corp: 119/1981b lim: 2050 exec/s: 0 rss: 36Mb L: 19/34 MS: 1 EraseBytes-
#253305	NEW    cov: 50 ft: 352 corp: 120/1996b lim: 2072 exec/s: 0 rss: 36Mb L: 15/34 MS: 2 ChangeBinInt-CrossOver-
#259481	REDUCE cov: 50 ft: 352 corp: 120/1995b lim: 2127 exec/s: 0 rss: 36Mb L: 15/34 MS: 1 EraseBytes-
#273114	REDUCE cov: 50 ft: 352 corp: 120/1993b lim: 2259 exec/s: 0 rss: 36Mb L: 20/34 MS: 3 CopyPart-EraseBytes-CopyPart-
#273730	NEW    cov: 50 ft: 353 corp: 121/2008b lim: 2259 exec/s: 0 rss: 36Mb L: 15/34 MS: 1 ChangeBinInt-
#284107	REDUCE cov: 50 ft: 353 corp: 121/2004b lim: 2358 exec/s: 0 rss: 36Mb L: 18/34 MS: 2 EraseBytes-PersAutoDict- DE: "\377\377\377\377"-
#284708	REDUCE cov: 50 ft: 353 corp: 121/2003b lim: 2358 exec/s: 0 rss: 36Mb L: 15/34 MS: 1 EraseBytes-
#295505	REDUCE cov: 50 ft: 353 corp: 121/2001b lim: 2457 exec/s: 0 rss: 36Mb L: 24/34 MS: 2 InsertByte-EraseBytes-
#308321	NEW    cov: 50 ft: 354 corp: 122/2016b lim: 2578 exec/s: 0 rss: 36Mb L: 15/34 MS: 1 ChangeBit-
#327532	NEW    cov: 50 ft: 355 corp: 123/2031b lim: 2765 exec/s: 0 rss: 36Mb L: 15/34 MS: 1 ShuffleBytes-
#334793	NEW    cov: 50 ft: 356 corp: 124/2046b lim: 2831 exec/s: 0 rss: 36Mb L: 15/34 MS: 1 ChangeByte-
#342366	REDUCE cov: 50 ft: 356 corp: 124/2044b lim: 2897 exec/s: 0 rss: 36Mb L: 24/34 MS: 3 ChangeASCIIInt-EraseBytes-PersAutoDict- DE: "\377\377"-
#349917	NEW    cov: 50 ft: 357 corp: 125/2059b lim: 2963 exec/s: 0 rss: 36Mb L: 15/34 MS: 1 ChangeASCIIInt-
#349978	NEW    cov: 50 ft: 358 corp: 126/2074b lim: 2963 exec/s: 0 rss: 36Mb L: 15/34 MS: 1 ShuffleBytes-
#355709	NEW    cov: 50 ft: 359 corp: 127/2089b lim: 3018 exec/s: 0 rss: 36Mb L: 15/34 MS: 1 ChangeBinInt-
#363085	NEW    cov: 50 ft: 360 corp: 128/2104b lim: 3084 exec/s: 0 rss: 36Mb L: 15/34 MS: 1 ChangeBinInt-
#366206	NEW    cov: 50 ft: 361 corp: 129/2119b lim: 3106 exec/s: 0 rss: 36Mb L: 15/34 MS: 1 ChangeBit-
#366407	NEW    cov: 50 ft: 362 corp: 130/2134b lim: 3106 exec/s: 0 rss: 36Mb L: 15/34 MS: 1 ChangeBinInt-
#382728	NEW    cov: 50 ft: 363 corp: 131/2149b lim: 3260 exec/s: 0 rss: 36Mb L: 15/34 MS: 1 ChangeBinInt-
#415388	REDUCE cov: 50 ft: 363 corp: 131/2142b lim: 3579 exec/s: 0 rss: 36Mb L: 17/34 MS: 5 ChangeBit-CopyPart-PersAutoDict-ChangeBit-EraseBytes- DE: "\377\377\377\377"-
#429542	REDUCE cov: 50 ft: 363 corp: 131/2140b lim: 3711 exec/s: 0 rss: 36Mb L: 18/34 MS: 4 ChangeBinInt-ChangeBit-ChangeBit-EraseBytes-
#439251	REDUCE cov: 50 ft: 363 corp: 131/2139b lim: 3799 exec/s: 439251 rss: 36Mb L: 18/34 MS: 5 PersAutoDict-EraseBytes-ChangeBit-CrossOver-PersAutoDict- DE: "\000\000"-"\377\377"-
#450663	REDUCE cov: 50 ft: 363 corp: 131/2137b lim: 3909 exec/s: 450663 rss: 36Mb L: 16/34 MS: 2 EraseBytes-PersAutoDict- DE: "\377\377\377\377"-
#482341	REDUCE cov: 50 ft: 363 corp: 131/2134b lim: 4096 exec/s: 482341 rss: 36Mb L: 15/34 MS: 3 ChangeByte-EraseBytes-ChangeBit-
#485669	NEW    cov: 50 ft: 369 corp: 132/2164b lim: 4096 exec/s: 485669 rss: 36Mb L: 30/34 MS: 3 ChangeBit-ChangeByte-CrossOver-
#497170	NEW    cov: 50 ft: 370 corp: 133/2179b lim: 4096 exec/s: 497170 rss: 36Mb L: 15/34 MS: 1 ChangeBit-
#506452	NEW    cov: 50 ft: 371 corp: 134/2207b lim: 4096 exec/s: 506452 rss: 36Mb L: 28/34 MS: 2 ShuffleBytes-ChangeBit-
#530018	NEW    cov: 50 ft: 372 corp: 135/2222b lim: 4096 exec/s: 530018 rss: 36Mb L: 15/34 MS: 1 ChangeByte-
#551109	NEW    cov: 50 ft: 373 corp: 136/2237b lim: 4096 exec/s: 551109 rss: 36Mb L: 15/34 MS: 1 ShuffleBytes-
#556260	NEW    cov: 50 ft: 374 corp: 137/2252b lim: 4096 exec/s: 556260 rss: 36Mb L: 15/34 MS: 1 ChangeBit-
#561601	NEW    cov: 50 ft: 376 corp: 138/2267b lim: 4096 exec/s: 561601 rss: 36Mb L: 15/34 MS: 1 CrossOver-
#567777	NEW    cov: 50 ft: 377 corp: 139/2282b lim: 4096 exec/s: 567777 rss: 36Mb L: 15/34 MS: 1 ChangeBit-
#574938	NEW    cov: 50 ft: 378 corp: 140/2297b lim: 4096 exec/s: 574938 rss: 36Mb L: 15/34 MS: 1 CopyPart-
#579746	NEW    cov: 50 ft: 379 corp: 141/2312b lim: 4096 exec/s: 579746 rss: 36Mb L: 15/34 MS: 3 ChangeBinInt-ChangeBit-ChangeBit-
#580257	NEW    cov: 50 ft: 380 corp: 142/2327b lim: 4096 exec/s: 580257 rss: 36Mb L: 15/34 MS: 1 ShuffleBytes-
#583243	NEW    cov: 50 ft: 381 corp: 143/2342b lim: 4096 exec/s: 583243 rss: 36Mb L: 15/34 MS: 1 CrossOver-
#591239	NEW    cov: 50 ft: 382 corp: 144/2357b lim: 4096 exec/s: 591239 rss: 36Mb L: 15/34 MS: 1 ChangeBit-
#592280	NEW    cov: 50 ft: 383 corp: 145/2372b lim: 4096 exec/s: 592280 rss: 36Mb L: 15/34 MS: 1 CopyPart-
#592296	NEW    cov: 50 ft: 384 corp: 146/2387b lim: 4096 exec/s: 592296 rss: 36Mb L: 15/34 MS: 1 ChangeBinInt-
#593068	NEW    cov: 50 ft: 385 corp: 147/2402b lim: 4096 exec/s: 593068 rss: 36Mb L: 15/34 MS: 2 ChangeBinInt-ShuffleBytes-
#593244	NEW    cov: 50 ft: 386 corp: 148/2417b lim: 4096 exec/s: 593244 rss: 36Mb L: 15/34 MS: 1 ChangeBit-
#593345	NEW    cov: 50 ft: 387 corp: 149/2432b lim: 4096 exec/s: 593345 rss: 36Mb L: 15/34 MS: 1 ShuffleBytes-
#594201	NEW    cov: 50 ft: 388 corp: 150/2447b lim: 4096 exec/s: 594201 rss: 36Mb L: 15/34 MS: 1 ChangeByte-
#598037	NEW    cov: 50 ft: 389 corp: 151/2462b lim: 4096 exec/s: 598037 rss: 36Mb L: 15/34 MS: 1 ChangeBit-
#598370	NEW    cov: 50 ft: 390 corp: 152/2477b lim: 4096 exec/s: 598370 rss: 36Mb L: 15/34 MS: 3 ChangeASCIIInt-ChangeBit-CopyPart-
#598879	NEW    cov: 50 ft: 391 corp: 153/2507b lim: 4096 exec/s: 598879 rss: 36Mb L: 30/34 MS: 4 ChangeASCIIInt-ChangeBit-CopyPart-CopyPart-
#599810	NEW    cov: 50 ft: 393 corp: 154/2522b lim: 4096 exec/s: 599810 rss: 36Mb L: 15/34 MS: 1 ChangeASCIIInt-
#601902	NEW    cov: 50 ft: 394 corp: 155/2552b lim: 4096 exec/s: 601902 rss: 36Mb L: 30/34 MS: 2 ChangeByte-CopyPart-
#602683	NEW    cov: 50 ft: 395 corp: 156/2582b lim: 4096 exec/s: 602683 rss: 36Mb L: 30/34 MS: 1 ShuffleBytes-
#605694	NEW    cov: 50 ft: 396 corp: 157/2612b lim: 4096 exec/s: 605694 rss: 36Mb L: 30/34 MS: 1 ShuffleBytes-
#606595	NEW    cov: 50 ft: 397 corp: 158/2627b lim: 4096 exec/s: 606595 rss: 36Mb L: 15/34 MS: 1 CMP- DE: "G\000"-
#609841	NEW    cov: 50 ft: 398 corp: 159/2642b lim: 4096 exec/s: 609841 rss: 36Mb L: 15/34 MS: 1 CrossOver-
#610826	REDUCE cov: 50 ft: 398 corp: 159/2640b lim: 4096 exec/s: 610826 rss: 36Mb L: 22/34 MS: 5 ChangeByte-CrossOver-CMP-ChangeByte-EraseBytes- DE: "\020\000\000\000\000\000\000\000"-
#623983	NEW    cov: 50 ft: 399 corp: 160/2655b lim: 4096 exec/s: 623983 rss: 36Mb L: 15/34 MS: 2 ShuffleBytes-ChangeASCIIInt-
#628349	NEW    cov: 50 ft: 400 corp: 161/2670b lim: 4096 exec/s: 628349 rss: 36Mb L: 15/34 MS: 1 CopyPart-
#638306	NEW    cov: 50 ft: 402 corp: 162/2685b lim: 4096 exec/s: 638306 rss: 36Mb L: 15/34 MS: 2 ChangeASCIIInt-ChangeBit-
#647621	NEW    cov: 50 ft: 406 corp: 163/2700b lim: 4096 exec/s: 647621 rss: 36Mb L: 15/34 MS: 5 CopyPart-ChangeBit-ChangeASCIIInt-CrossOver-ChangeBinInt-
#712752	NEW    cov: 50 ft: 410 corp: 164/2730b lim: 4096 exec/s: 712752 rss: 36Mb L: 30/34 MS: 1 ChangeBit-
#746174	NEW    cov: 50 ft: 411 corp: 165/2745b lim: 4096 exec/s: 746174 rss: 36Mb L: 15/34 MS: 2 ShuffleBytes-ChangeBit-
#782095	NEW    cov: 50 ft: 412 corp: 166/2771b lim: 4096 exec/s: 782095 rss: 36Mb L: 26/34 MS: 1 ChangeByte-
#793959	REDUCE cov: 50 ft: 412 corp: 166/2769b lim: 4096 exec/s: 793959 rss: 36Mb L: 24/34 MS: 4 ChangeByte-ChangeBinInt-ShuffleBytes-EraseBytes-
#825419	NEW    cov: 50 ft: 413 corp: 167/2794b lim: 4096 exec/s: 825419 rss: 36Mb L: 25/34 MS: 5 ChangeBinInt-ChangeBit-CopyPart-EraseBytes-CrossOver-
#825703	REDUCE cov: 50 ft: 413 corp: 167/2788b lim: 4096 exec/s: 825703 rss: 36Mb L: 19/34 MS: 4 InsertRepeatedBytes-EraseBytes-EraseBytes-EraseBytes-
#826994	REDUCE cov: 50 ft: 413 corp: 167/2784b lim: 4096 exec/s: 826994 rss: 36Mb L: 15/34 MS: 1 EraseBytes-
#829088	REDUCE cov: 50 ft: 413 corp: 167/2783b lim: 4096 exec/s: 829088 rss: 36Mb L: 21/34 MS: 4 ChangeBinInt-EraseBytes-CrossOver-ChangeByte-
#845022	REDUCE cov: 50 ft: 413 corp: 167/2780b lim: 4096 exec/s: 845022 rss: 36Mb L: 18/34 MS: 4 ChangeBit-EraseBytes-ChangeBinInt-CopyPart-
#856688	NEW    cov: 50 ft: 414 corp: 168/2795b lim: 4096 exec/s: 856688 rss: 36Mb L: 15/34 MS: 1 ChangeBit-
#872939	NEW    cov: 50 ft: 416 corp: 169/2810b lim: 4096 exec/s: 872939 rss: 36Mb L: 15/34 MS: 1 ChangeByte-
#909249	REDUCE cov: 50 ft: 416 corp: 169/2808b lim: 4096 exec/s: 454624 rss: 36Mb L: 16/34 MS: 5 CrossOver-CMP-EraseBytes-CopyPart-InsertByte- DE: "\371\000\000\000\000\000\000\000"-
#1032732	REDUCE cov: 50 ft: 416 corp: 169/2800b lim: 4096 exec/s: 516366 rss: 36Mb L: 22/34 MS: 3 EraseBytes-ChangeBit-ChangeBinInt-
#1048576	pulse  cov: 50 ft: 416 corp: 169/2800b lim: 4096 exec/s: 524288 rss: 36Mb
#1065970	NEW    cov: 50 ft: 417 corp: 170/2828b lim: 4096 exec/s: 532985 rss: 36Mb L: 28/34 MS: 3 EraseBytes-ChangeBinInt-InsertRepeatedBytes-
#1066031	REDUCE cov: 50 ft: 417 corp: 170/2827b lim: 4096 exec/s: 533015 rss: 36Mb L: 27/34 MS: 1 EraseBytes-
#1066343	REDUCE cov: 50 ft: 417 corp: 170/2826b lim: 4096 exec/s: 533171 rss: 36Mb L: 26/34 MS: 2 ChangeBit-EraseBytes-
#1066461	REDUCE cov: 50 ft: 417 corp: 170/2821b lim: 4096 exec/s: 533230 rss: 36Mb L: 21/34 MS: 3 ShuffleBytes-PersAutoDict-EraseBytes- DE: "\000\000\000\000\000\000\000\004"-
#1066823	REDUCE cov: 50 ft: 417 corp: 170/2818b lim: 4096 exec/s: 533411 rss: 36Mb L: 18/34 MS: 2 ShuffleBytes-EraseBytes-
#1066992	REDUCE cov: 50 ft: 417 corp: 170/2816b lim: 4096 exec/s: 533496 rss: 36Mb L: 28/34 MS: 4 EraseBytes-ShuffleBytes-ChangeBit-InsertByte-
#1067832	REDUCE cov: 50 ft: 417 corp: 170/2815b lim: 4096 exec/s: 533916 rss: 36Mb L: 17/34 MS: 5 ChangeBit-ChangeBit-ShuffleBytes-ChangeByte-EraseBytes-
#1070864	REDUCE cov: 50 ft: 417 corp: 170/2814b lim: 4096 exec/s: 535432 rss: 36Mb L: 16/34 MS: 2 CMP-EraseBytes- DE: "\020\000\000\000\000\000\000\000"-
#1081237	REDUCE cov: 50 ft: 417 corp: 170/2813b lim: 4096 exec/s: 540618 rss: 36Mb L: 15/34 MS: 3 EraseBytes-PersAutoDict-PersAutoDict- DE: "\001\000\000\000"-"G\000"-
#1131193	NEW    cov: 50 ft: 419 corp: 171/2828b lim: 4096 exec/s: 565596 rss: 36Mb L: 15/34 MS: 1 ChangeBit-
#1162755	REDUCE cov: 50 ft: 419 corp: 171/2826b lim: 4096 exec/s: 581377 rss: 36Mb L: 26/34 MS: 2 EraseBytes-InsertByte-
#1164992	REDUCE cov: 50 ft: 419 corp: 171/2824b lim: 4096 exec/s: 582496 rss: 36Mb L: 22/34 MS: 2 EraseBytes-ChangeByte-
panic: found special char in iban [recovered]
	panic: found special char in iban

goroutine 17 [running, locked to thread]:
git.ultraware.nl/iddinkgroep/fundament-api.Fuzz.func1()
	git.ultraware.nl/iddinkgroep/fundament-api/fuzz.go:19 +0xa5
panic({0x555a12900760?, 0x555a12913c70?})
	runtime/panic.go:914 +0x21f
git.ultraware.nl/iddinkgroep/fundament-api.Fuzz({0xc000307480, 0x1e})
	git.ultraware.nl/iddinkgroep/fundament-api/fuzz.go:34 +0x2b9
git.ultraware.nl/iddinkgroep/fundament-api.Fuzz_(...)
	git.ultraware.nl/iddinkgroep/fundament-api/fuzz.1527825026.go:6
main.LLVMFuzzerTestOneInput(...)
	./main.170485750.go:21
==24550== ERROR: libFuzzer: deadly signal
    #0 0x555a12823630 in __sanitizer_print_stack_trace (/seedai/experiments/libfuzzer/source_iban/libfuzzer+0xaf630) (BuildId: 688cb25bec4564588da2a67f6a2b25148a0fd5d4)
    #1 0x555a127ef755 in fuzzer::PrintStackTrace() (/seedai/experiments/libfuzzer/source_iban/libfuzzer+0x7b755) (BuildId: 688cb25bec4564588da2a67f6a2b25148a0fd5d4)
    #2 0x555a127ce3a9 in fuzzer::Fuzzer::CrashCallback() (.part.0) FuzzerLoop.cpp.o
    #3 0x555a127ce46a in fuzzer::Fuzzer::StaticCrashSignalCallback() (/seedai/experiments/libfuzzer/source_iban/libfuzzer+0x5a46a) (BuildId: 688cb25bec4564588da2a67f6a2b25148a0fd5d4)
    #4 0x7f549132f70f  (/usr/lib/libc.so.6+0x3e70f) (BuildId: 316d0d3666387f0e8fb98773f51aa1801027c5ab)
    #5 0x555a12883160 in runtime.raise.abi0 runtime/sys_linux_amd64.s:153

NOTE: libFuzzer has rudimentary signal handlers.
      Combine libFuzzer with AddressSanitizer or similar for better crash reports.
SUMMARY: libFuzzer: deadly signal
MS: 1 CopyPart-; base unit: 0cc31791c939db82c3e9f5fed4f9954cbc5321d7
0x6a,0x4f,0x42,0x4f,0x2d,0x30,0x30,0x30,0x30,0x30,0x30,0x30,0x30,0x30,0x30,0x30,0x30,0x31,0x4f,0x55,0x4f,0x30,0x30,0x30,0x30,0x30,0x30,0x30,0x30,0x41,
jOBO-0000000000001OUO00000000A
artifact_prefix='./'; Test unit written to ./crash-8b6bf72d05e0b60d560ad232571a5d476ffba631
Base64: ak9CTy0wMDAwMDAwMDAwMDAxT1VPMDAwMDAwMDBB
