INFO: Running with entropic power schedule (0xFF, 100).
INFO: Seed: 3233187818
INFO: Loaded 1 modules   (70 inline 8-bit counters): 70 [0x5564510a6030, 0x5564510a6076), 
INFO: Loaded 1 PC tables (70 PCs): 70 [0xc000068000,0xc000068460), 
INFO:       12 files found in corpus
INFO: -max_len is not provided; libFuzzer will not generate inputs larger than 4096 bytes
INFO: seed corpus: files: 12 min: 1b max: 39b total: 254b rss: 30Mb
#13	INITED cov: 13 ft: 38 corp: 8/102b exec/s: 0 rss: 30Mb
#18	NEW    cov: 13 ft: 39 corp: 9/123b lim: 26 exec/s: 0 rss: 30Mb L: 21/26 MS: 5 CrossOver-ChangeBit-InsertRepeatedBytes-InsertRepeatedBytes-CMP- DE: "\377\377"-
#26	REDUCE cov: 13 ft: 39 corp: 9/120b lim: 26 exec/s: 0 rss: 30Mb L: 3/26 MS: 3 EraseBytes-ChangeByte-EraseBytes-
#34	NEW    cov: 13 ft: 40 corp: 10/138b lim: 26 exec/s: 0 rss: 30Mb L: 18/26 MS: 3 ChangeBit-ChangeByte-EraseBytes-
#45	NEW    cov: 13 ft: 41 corp: 11/156b lim: 26 exec/s: 0 rss: 30Mb L: 18/26 MS: 1 ChangeBit-
#51	NEW    cov: 13 ft: 42 corp: 12/166b lim: 26 exec/s: 0 rss: 30Mb L: 10/26 MS: 1 CMP- DE: "\000\000\000\000\000\000\000\""-
#53	NEW    cov: 13 ft: 43 corp: 13/178b lim: 26 exec/s: 0 rss: 30Mb L: 12/26 MS: 2 InsertByte-EraseBytes-
#59	NEW    cov: 30 ft: 98 corp: 14/196b lim: 26 exec/s: 0 rss: 30Mb L: 18/26 MS: 1 ChangeBinInt-
#75	NEW    cov: 30 ft: 100 corp: 15/210b lim: 26 exec/s: 0 rss: 30Mb L: 14/26 MS: 1 CrossOver-
#100	NEW    cov: 30 ft: 101 corp: 16/235b lim: 26 exec/s: 0 rss: 30Mb L: 25/26 MS: 5 CMP-CrossOver-PersAutoDict-CrossOver-InsertByte- DE: "\000\000\000\000\000\000\000\026"-"\000\000\000\000\000\000\000\""-
#102	NEW    cov: 30 ft: 103 corp: 17/253b lim: 26 exec/s: 0 rss: 30Mb L: 18/26 MS: 2 ChangeASCIIInt-ChangeASCIIInt-
#143	NEW    cov: 30 ft: 106 corp: 18/271b lim: 26 exec/s: 0 rss: 30Mb L: 18/26 MS: 1 ChangeASCIIInt-
#174	NEW    cov: 30 ft: 111 corp: 19/297b lim: 26 exec/s: 0 rss: 30Mb L: 26/26 MS: 1 PersAutoDict- DE: "\000\000\000\000\000\000\000\026"-
#185	NEW    cov: 30 ft: 114 corp: 20/315b lim: 26 exec/s: 0 rss: 30Mb L: 18/26 MS: 1 ChangeASCIIInt-
#214	NEW    cov: 30 ft: 115 corp: 21/331b lim: 26 exec/s: 0 rss: 30Mb L: 16/26 MS: 4 CrossOver-InsertByte-CrossOver-InsertRepeatedBytes-
#257	NEW    cov: 30 ft: 117 corp: 22/351b lim: 26 exec/s: 0 rss: 30Mb L: 20/26 MS: 3 ChangeBit-InsertByte-InsertByte-
#268	NEW    cov: 30 ft: 118 corp: 23/375b lim: 26 exec/s: 0 rss: 30Mb L: 24/26 MS: 1 InsertRepeatedBytes-
#271	NEW    cov: 30 ft: 119 corp: 24/400b lim: 26 exec/s: 0 rss: 30Mb L: 25/26 MS: 3 ChangeBit-ChangeBinInt-ChangeBit-
#305	NEW    cov: 30 ft: 120 corp: 25/419b lim: 26 exec/s: 0 rss: 30Mb L: 19/26 MS: 4 ChangeBit-InsertByte-ChangeBinInt-ChangeBinInt-
#357	REDUCE cov: 30 ft: 120 corp: 25/418b lim: 26 exec/s: 0 rss: 30Mb L: 9/26 MS: 2 ChangeByte-EraseBytes-
#390	NEW    cov: 30 ft: 124 corp: 26/438b lim: 26 exec/s: 0 rss: 30Mb L: 20/26 MS: 3 CMP-InsertByte-InsertByte- DE: "\001\000\000\000"-
#469	REDUCE cov: 30 ft: 124 corp: 26/430b lim: 26 exec/s: 0 rss: 30Mb L: 13/26 MS: 4 ChangeByte-ChangeBinInt-InsertByte-EraseBytes-
#501	NEW    cov: 30 ft: 125 corp: 27/450b lim: 26 exec/s: 0 rss: 30Mb L: 20/26 MS: 2 ChangeByte-CopyPart-
#515	REDUCE cov: 30 ft: 125 corp: 27/449b lim: 26 exec/s: 0 rss: 30Mb L: 8/26 MS: 4 ShuffleBytes-CopyPart-CrossOver-EraseBytes-
#561	NEW    cov: 30 ft: 127 corp: 28/469b lim: 26 exec/s: 0 rss: 30Mb L: 20/26 MS: 1 ShuffleBytes-
#562	REDUCE cov: 30 ft: 127 corp: 28/466b lim: 26 exec/s: 0 rss: 30Mb L: 15/26 MS: 1 EraseBytes-
#596	REDUCE cov: 30 ft: 127 corp: 28/464b lim: 26 exec/s: 0 rss: 30Mb L: 24/26 MS: 4 ChangeASCIIInt-ChangeASCIIInt-EraseBytes-ChangeByte-
#598	NEW    cov: 30 ft: 130 corp: 29/488b lim: 26 exec/s: 0 rss: 30Mb L: 24/26 MS: 2 ChangeByte-CrossOver-
#704	NEW    cov: 30 ft: 134 corp: 30/506b lim: 26 exec/s: 0 rss: 30Mb L: 18/26 MS: 1 CrossOver-
#728	NEW    cov: 30 ft: 150 corp: 31/524b lim: 26 exec/s: 0 rss: 30Mb L: 18/26 MS: 4 ChangeBinInt-InsertByte-InsertRepeatedBytes-InsertByte-
#745	REDUCE cov: 30 ft: 150 corp: 31/517b lim: 26 exec/s: 0 rss: 30Mb L: 18/26 MS: 2 CopyPart-EraseBytes-
#862	NEW    cov: 30 ft: 151 corp: 32/537b lim: 26 exec/s: 0 rss: 30Mb L: 20/26 MS: 2 ChangeBinInt-ChangeByte-
#963	REDUCE cov: 30 ft: 151 corp: 32/535b lim: 26 exec/s: 0 rss: 30Mb L: 16/26 MS: 1 EraseBytes-
#1044	NEW    cov: 30 ft: 152 corp: 33/553b lim: 26 exec/s: 0 rss: 30Mb L: 18/26 MS: 1 ChangeBit-
#1316	REDUCE cov: 30 ft: 152 corp: 33/552b lim: 26 exec/s: 0 rss: 30Mb L: 15/26 MS: 2 ShuffleBytes-EraseBytes-
#1328	REDUCE cov: 32 ft: 166 corp: 34/574b lim: 26 exec/s: 0 rss: 30Mb L: 22/26 MS: 2 ChangeASCIIInt-CopyPart-
#1334	NEW    cov: 32 ft: 168 corp: 35/596b lim: 26 exec/s: 0 rss: 30Mb L: 22/26 MS: 1 ShuffleBytes-
#1372	NEW    cov: 32 ft: 169 corp: 36/614b lim: 26 exec/s: 0 rss: 30Mb L: 18/26 MS: 3 ChangeByte-ChangeBinInt-CMP- DE: "\025\000\000\000\000\000\000\000"-
#1498	NEW    cov: 32 ft: 170 corp: 37/636b lim: 26 exec/s: 0 rss: 30Mb L: 22/26 MS: 1 ChangeByte-
#1549	REDUCE cov: 32 ft: 171 corp: 38/654b lim: 26 exec/s: 0 rss: 30Mb L: 18/26 MS: 1 EraseBytes-
#1560	NEW    cov: 32 ft: 173 corp: 39/674b lim: 26 exec/s: 0 rss: 30Mb L: 20/26 MS: 1 ShuffleBytes-
#1612	REDUCE cov: 32 ft: 174 corp: 40/689b lim: 26 exec/s: 0 rss: 30Mb L: 15/26 MS: 2 ChangeBit-ChangeBit-
#1723	NEW    cov: 32 ft: 175 corp: 41/711b lim: 26 exec/s: 0 rss: 30Mb L: 22/26 MS: 1 ChangeASCIIInt-
#1728	REDUCE cov: 32 ft: 175 corp: 41/710b lim: 26 exec/s: 0 rss: 30Mb L: 25/25 MS: 5 ChangeByte-ChangeByte-EraseBytes-ChangeByte-CMP- DE: "\026\000\000\000\000\000\000\000"-
#1739	NEW    cov: 32 ft: 176 corp: 42/732b lim: 26 exec/s: 0 rss: 30Mb L: 22/25 MS: 1 ChangeASCIIInt-
#2055	REDUCE cov: 32 ft: 178 corp: 43/756b lim: 26 exec/s: 0 rss: 30Mb L: 24/25 MS: 1 ChangeBit-
#2067	NEW    cov: 32 ft: 180 corp: 44/774b lim: 26 exec/s: 0 rss: 30Mb L: 18/25 MS: 2 ChangeBinInt-ChangeBit-
#2068	REDUCE cov: 32 ft: 180 corp: 44/773b lim: 26 exec/s: 0 rss: 30Mb L: 17/25 MS: 1 EraseBytes-
#2118	NEW    cov: 32 ft: 188 corp: 45/799b lim: 26 exec/s: 0 rss: 30Mb L: 26/26 MS: 5 InsertRepeatedBytes-CrossOver-CrossOver-ShuffleBytes-CopyPart-
#2470	NEW    cov: 32 ft: 190 corp: 46/817b lim: 26 exec/s: 0 rss: 31Mb L: 18/26 MS: 2 ChangeBit-ShuffleBytes-
#2482	NEW    cov: 32 ft: 192 corp: 47/839b lim: 26 exec/s: 0 rss: 31Mb L: 22/26 MS: 2 ChangeByte-CrossOver-
#2567	REDUCE cov: 32 ft: 193 corp: 48/863b lim: 26 exec/s: 0 rss: 31Mb L: 24/26 MS: 5 ChangeByte-EraseBytes-ChangeBit-CrossOver-CopyPart-
#2573	NEW    cov: 32 ft: 195 corp: 49/885b lim: 26 exec/s: 0 rss: 31Mb L: 22/26 MS: 1 ShuffleBytes-
#2690	NEW    cov: 32 ft: 197 corp: 50/907b lim: 26 exec/s: 0 rss: 31Mb L: 22/26 MS: 2 ChangeByte-EraseBytes-
#2738	NEW    cov: 47 ft: 265 corp: 51/929b lim: 26 exec/s: 0 rss: 31Mb L: 22/26 MS: 3 ChangeBit-InsertByte-EraseBytes-
#3161	REDUCE cov: 47 ft: 266 corp: 52/959b lim: 30 exec/s: 0 rss: 31Mb L: 30/30 MS: 3 InsertByte-ChangeByte-InsertRepeatedBytes-
#3177	NEW    cov: 47 ft: 267 corp: 53/985b lim: 30 exec/s: 0 rss: 31Mb L: 26/30 MS: 1 ChangeBit-
#3182	NEW    cov: 47 ft: 268 corp: 54/1014b lim: 30 exec/s: 0 rss: 31Mb L: 29/30 MS: 5 ChangeASCIIInt-PersAutoDict-ChangeBit-ShuffleBytes-InsertRepeatedBytes- DE: "\000\000\000\000\000\000\000\""-
#3218	NEW    cov: 47 ft: 269 corp: 55/1040b lim: 30 exec/s: 0 rss: 31Mb L: 26/30 MS: 1 CopyPart-
#3484	NEW    cov: 47 ft: 271 corp: 56/1062b lim: 30 exec/s: 0 rss: 31Mb L: 22/30 MS: 1 ShuffleBytes-
#3531	NEW    cov: 47 ft: 273 corp: 57/1084b lim: 30 exec/s: 0 rss: 31Mb L: 22/30 MS: 2 CopyPart-ShuffleBytes-
#3542	NEW    cov: 47 ft: 274 corp: 58/1110b lim: 30 exec/s: 0 rss: 31Mb L: 26/30 MS: 1 ChangeByte-
#3618	NEW    cov: 48 ft: 275 corp: 59/1132b lim: 30 exec/s: 0 rss: 31Mb L: 22/30 MS: 1 ChangeByte-
#4025	NEW    cov: 48 ft: 276 corp: 60/1164b lim: 34 exec/s: 0 rss: 31Mb L: 32/32 MS: 2 ChangeBit-InsertRepeatedBytes-
#4045	NEW    cov: 48 ft: 278 corp: 61/1198b lim: 34 exec/s: 0 rss: 31Mb L: 34/34 MS: 5 CopyPart-CrossOver-EraseBytes-ShuffleBytes-CopyPart-
#4057	REDUCE cov: 48 ft: 278 corp: 61/1197b lim: 34 exec/s: 0 rss: 31Mb L: 17/34 MS: 2 EraseBytes-ChangeBinInt-
#4109	NEW    cov: 48 ft: 279 corp: 62/1230b lim: 34 exec/s: 0 rss: 31Mb L: 33/34 MS: 2 InsertRepeatedBytes-CopyPart-
#4220	NEW    cov: 48 ft: 281 corp: 63/1252b lim: 34 exec/s: 0 rss: 31Mb L: 22/34 MS: 1 ChangeASCIIInt-
#4907	REDUCE cov: 48 ft: 281 corp: 63/1245b lim: 39 exec/s: 0 rss: 31Mb L: 17/34 MS: 2 ChangeByte-CrossOver-
#4948	NEW    cov: 48 ft: 283 corp: 64/1271b lim: 39 exec/s: 0 rss: 31Mb L: 26/34 MS: 1 ShuffleBytes-
#5089	NEW    cov: 48 ft: 284 corp: 65/1293b lim: 39 exec/s: 0 rss: 31Mb L: 22/34 MS: 1 ChangeBit-
#5230	NEW    cov: 48 ft: 287 corp: 66/1315b lim: 39 exec/s: 0 rss: 31Mb L: 22/34 MS: 1 ChangeASCIIInt-
#5256	NEW    cov: 48 ft: 289 corp: 67/1337b lim: 39 exec/s: 0 rss: 31Mb L: 22/34 MS: 1 ChangeBinInt-
#5555	NEW    cov: 48 ft: 290 corp: 68/1361b lim: 39 exec/s: 0 rss: 31Mb L: 24/34 MS: 4 CopyPart-CrossOver-CrossOver-EraseBytes-
#5611	NEW    cov: 48 ft: 292 corp: 69/1387b lim: 39 exec/s: 0 rss: 31Mb L: 26/34 MS: 1 ChangeByte-
#5706	REDUCE cov: 48 ft: 292 corp: 69/1384b lim: 39 exec/s: 0 rss: 31Mb L: 27/34 MS: 5 PersAutoDict-EraseBytes-CrossOver-ChangeBit-PersAutoDict- DE: "\025\000\000\000\000\000\000\000"-"\000\000\000\000\000\000\000\026"-
#5843	NEW    cov: 48 ft: 293 corp: 70/1406b lim: 39 exec/s: 0 rss: 31Mb L: 22/34 MS: 2 ChangeBit-ChangeASCIIInt-
#6393	REDUCE cov: 48 ft: 293 corp: 70/1402b lim: 44 exec/s: 0 rss: 31Mb L: 22/34 MS: 5 EraseBytes-ChangeByte-ChangeByte-ChangeASCIIInt-InsertByte-
#6635	NEW    cov: 48 ft: 295 corp: 71/1424b lim: 44 exec/s: 0 rss: 32Mb L: 22/34 MS: 2 ChangeASCIIInt-ChangeByte-
#6902	REDUCE cov: 48 ft: 295 corp: 71/1423b lim: 44 exec/s: 0 rss: 32Mb L: 23/34 MS: 2 ChangeASCIIInt-EraseBytes-
#7418	REDUCE cov: 48 ft: 295 corp: 71/1416b lim: 49 exec/s: 0 rss: 32Mb L: 17/34 MS: 1 EraseBytes-
#7584	NEW    cov: 48 ft: 296 corp: 72/1438b lim: 49 exec/s: 0 rss: 32Mb L: 22/34 MS: 1 ChangeBit-
#7876	REDUCE cov: 48 ft: 296 corp: 72/1437b lim: 49 exec/s: 0 rss: 32Mb L: 23/34 MS: 2 CrossOver-EraseBytes-
#8367	NEW    cov: 48 ft: 298 corp: 73/1459b lim: 49 exec/s: 0 rss: 32Mb L: 22/34 MS: 1 CMP- DE: "4\000"-
#9279	NEW    cov: 48 ft: 299 corp: 74/1481b lim: 54 exec/s: 0 rss: 32Mb L: 22/34 MS: 2 ChangeASCIIInt-ChangeByte-
#9445	NEW    cov: 48 ft: 301 corp: 75/1503b lim: 54 exec/s: 0 rss: 32Mb L: 22/34 MS: 1 ChangeBit-
#10116	REDUCE cov: 48 ft: 303 corp: 76/1527b lim: 59 exec/s: 0 rss: 32Mb L: 24/34 MS: 1 ChangeByte-
#11237	NEW    cov: 48 ft: 305 corp: 77/1551b lim: 70 exec/s: 0 rss: 32Mb L: 24/34 MS: 1 ShuffleBytes-
#11463	NEW    cov: 48 ft: 312 corp: 78/1577b lim: 70 exec/s: 0 rss: 32Mb L: 26/34 MS: 1 ShuffleBytes-
#11558	NEW    cov: 48 ft: 313 corp: 79/1595b lim: 70 exec/s: 0 rss: 33Mb L: 18/34 MS: 5 ChangeBinInt-CrossOver-ChangeBinInt-ChangeBit-ChangeBinInt-
#12904	REDUCE cov: 48 ft: 313 corp: 79/1593b lim: 82 exec/s: 0 rss: 33Mb L: 15/34 MS: 1 EraseBytes-
#13459	REDUCE cov: 48 ft: 313 corp: 79/1592b lim: 82 exec/s: 0 rss: 33Mb L: 31/34 MS: 5 ChangeASCIIInt-PersAutoDict-CrossOver-EraseBytes-InsertByte- DE: "\000\000\000\000\000\000\000\""-
#14109	REDUCE cov: 48 ft: 313 corp: 79/1590b lim: 88 exec/s: 0 rss: 33Mb L: 24/34 MS: 5 CrossOver-InsertRepeatedBytes-ChangeBit-CopyPart-InsertByte-
#14175	REDUCE cov: 48 ft: 313 corp: 79/1589b lim: 88 exec/s: 0 rss: 33Mb L: 23/34 MS: 1 EraseBytes-
#16242	NEW    cov: 48 ft: 315 corp: 80/1611b lim: 106 exec/s: 0 rss: 34Mb L: 22/34 MS: 2 CopyPart-CrossOver-
#17251	REDUCE cov: 48 ft: 315 corp: 80/1609b lim: 112 exec/s: 0 rss: 34Mb L: 23/34 MS: 4 CrossOver-EraseBytes-ChangeBinInt-CopyPart-
#17872	NEW    cov: 48 ft: 318 corp: 81/1631b lim: 118 exec/s: 0 rss: 34Mb L: 22/34 MS: 1 ChangeASCIIInt-
#18696	REDUCE cov: 48 ft: 318 corp: 81/1628b lim: 124 exec/s: 0 rss: 34Mb L: 21/34 MS: 4 CrossOver-InsertByte-CopyPart-EraseBytes-
#18761	REDUCE cov: 48 ft: 318 corp: 81/1621b lim: 124 exec/s: 0 rss: 34Mb L: 17/34 MS: 5 EraseBytes-ChangeByte-ChangeBinInt-ChangeBinInt-ChangeByte-
#20517	REDUCE cov: 48 ft: 320 corp: 82/1644b lim: 137 exec/s: 0 rss: 35Mb L: 23/34 MS: 1 ShuffleBytes-
#21109	NEW    cov: 48 ft: 321 corp: 83/1666b lim: 137 exec/s: 0 rss: 35Mb L: 22/34 MS: 2 CopyPart-ChangeASCIIInt-
#21931	REDUCE cov: 48 ft: 321 corp: 83/1665b lim: 144 exec/s: 0 rss: 35Mb L: 25/34 MS: 2 CopyPart-EraseBytes-
#22234	REDUCE cov: 48 ft: 321 corp: 83/1664b lim: 144 exec/s: 0 rss: 35Mb L: 22/34 MS: 3 ChangeByte-InsertByte-EraseBytes-
#22467	REDUCE cov: 48 ft: 321 corp: 83/1662b lim: 144 exec/s: 0 rss: 35Mb L: 18/34 MS: 3 ChangeASCIIInt-EraseBytes-ChangeByte-
#30368	NEW    cov: 49 ft: 326 corp: 84/1680b lim: 221 exec/s: 0 rss: 35Mb L: 18/34 MS: 1 ChangeByte-
#34614	NEW    cov: 50 ft: 329 corp: 85/1698b lim: 256 exec/s: 0 rss: 35Mb L: 18/34 MS: 1 ChangeByte-
#34771	NEW    cov: 50 ft: 331 corp: 86/1720b lim: 256 exec/s: 0 rss: 35Mb L: 22/34 MS: 2 ChangeASCIIInt-ChangeByte-
#40507	NEW    cov: 50 ft: 332 corp: 87/1738b lim: 312 exec/s: 0 rss: 35Mb L: 18/34 MS: 1 ChangeBit-
#41623	NEW    cov: 50 ft: 334 corp: 88/1756b lim: 320 exec/s: 0 rss: 35Mb L: 18/34 MS: 1 ShuffleBytes-
#41729	REDUCE cov: 50 ft: 334 corp: 88/1755b lim: 320 exec/s: 0 rss: 35Mb L: 25/34 MS: 1 EraseBytes-
#41891	NEW    cov: 50 ft: 335 corp: 89/1773b lim: 320 exec/s: 0 rss: 35Mb L: 18/34 MS: 2 ChangeASCIIInt-ShuffleBytes-
#43888	NEW    cov: 50 ft: 336 corp: 90/1791b lim: 336 exec/s: 0 rss: 35Mb L: 18/34 MS: 2 ChangeASCIIInt-ShuffleBytes-
#43964	NEW    cov: 50 ft: 337 corp: 91/1809b lim: 336 exec/s: 0 rss: 35Mb L: 18/34 MS: 1 ShuffleBytes-
#44200	NEW    cov: 50 ft: 338 corp: 92/1827b lim: 336 exec/s: 0 rss: 35Mb L: 18/34 MS: 1 ChangeBit-
#44220	REDUCE cov: 50 ft: 338 corp: 92/1825b lim: 336 exec/s: 0 rss: 35Mb L: 15/34 MS: 5 CrossOver-CMP-CopyPart-EraseBytes-InsertByte- DE: "\001\000\000\000\000\000\000\""-
#44333	NEW    cov: 50 ft: 339 corp: 93/1843b lim: 336 exec/s: 0 rss: 35Mb L: 18/34 MS: 3 ChangeASCIIInt-ShuffleBytes-ShuffleBytes-
#44569	NEW    cov: 50 ft: 340 corp: 94/1861b lim: 336 exec/s: 0 rss: 35Mb L: 18/34 MS: 1 ChangeASCIIInt-
#44623	NEW    cov: 50 ft: 341 corp: 95/1879b lim: 336 exec/s: 0 rss: 35Mb L: 18/34 MS: 4 ChangeASCIIInt-ChangeBit-ShuffleBytes-ChangeBit-
#44854	NEW    cov: 50 ft: 342 corp: 96/1897b lim: 336 exec/s: 0 rss: 35Mb L: 18/34 MS: 1 ChangeBit-
#45111	NEW    cov: 50 ft: 343 corp: 97/1915b lim: 336 exec/s: 0 rss: 35Mb L: 18/34 MS: 2 ChangeBit-ChangeByte-
#46472	REDUCE cov: 50 ft: 343 corp: 97/1914b lim: 344 exec/s: 0 rss: 35Mb L: 22/34 MS: 1 EraseBytes-
#46503	NEW    cov: 50 ft: 344 corp: 98/1932b lim: 344 exec/s: 0 rss: 35Mb L: 18/34 MS: 1 ChangeByte-
#46739	NEW    cov: 50 ft: 345 corp: 99/1950b lim: 344 exec/s: 0 rss: 35Mb L: 18/34 MS: 1 ShuffleBytes-
#46862	REDUCE cov: 50 ft: 345 corp: 99/1949b lim: 344 exec/s: 0 rss: 35Mb L: 16/34 MS: 3 ChangeASCIIInt-EraseBytes-ChangeBit-
#48894	NEW    cov: 50 ft: 346 corp: 100/1967b lim: 360 exec/s: 0 rss: 35Mb L: 18/34 MS: 2 ShuffleBytes-ChangeBinInt-
#49735	NEW    cov: 50 ft: 347 corp: 101/1989b lim: 368 exec/s: 0 rss: 35Mb L: 22/34 MS: 1 ChangeBinInt-
#50357	NEW    cov: 50 ft: 348 corp: 102/2011b lim: 368 exec/s: 0 rss: 35Mb L: 22/34 MS: 2 ShuffleBytes-CrossOver-
#52398	NEW    cov: 50 ft: 349 corp: 103/2033b lim: 384 exec/s: 0 rss: 35Mb L: 22/34 MS: 1 ChangeByte-
#52624	NEW    cov: 50 ft: 350 corp: 104/2051b lim: 384 exec/s: 0 rss: 35Mb L: 18/34 MS: 1 ShuffleBytes-
#54696	REDUCE cov: 50 ft: 350 corp: 104/2048b lim: 400 exec/s: 0 rss: 35Mb L: 19/34 MS: 2 ChangeASCIIInt-EraseBytes-
#55277	NEW    cov: 50 ft: 351 corp: 105/2066b lim: 400 exec/s: 0 rss: 35Mb L: 18/34 MS: 1 ShuffleBytes-
#55493	NEW    cov: 50 ft: 352 corp: 106/2084b lim: 400 exec/s: 0 rss: 35Mb L: 18/34 MS: 1 ChangeASCIIInt-
#55549	NEW    cov: 50 ft: 353 corp: 107/2102b lim: 400 exec/s: 0 rss: 35Mb L: 18/34 MS: 1 ChangeBinInt-
#57749	REDUCE cov: 50 ft: 353 corp: 107/2100b lim: 416 exec/s: 0 rss: 35Mb L: 23/34 MS: 5 ShuffleBytes-CrossOver-InsertByte-EraseBytes-InsertByte-
#62122	REDUCE cov: 50 ft: 353 corp: 107/2096b lim: 456 exec/s: 0 rss: 35Mb L: 15/34 MS: 3 EraseBytes-InsertByte-PersAutoDict- DE: "\001\000\000\000"-
#72183	NEW    cov: 50 ft: 354 corp: 108/2114b lim: 548 exec/s: 0 rss: 35Mb L: 18/34 MS: 1 ChangeASCIIInt-
#76694	NEW    cov: 50 ft: 355 corp: 109/2132b lim: 584 exec/s: 0 rss: 35Mb L: 18/34 MS: 1 ChangeASCIIInt-
#78641	REDUCE cov: 50 ft: 355 corp: 109/2130b lim: 602 exec/s: 0 rss: 35Mb L: 18/34 MS: 2 InsertByte-EraseBytes-
#85512	NEW    cov: 50 ft: 356 corp: 110/2148b lim: 665 exec/s: 0 rss: 35Mb L: 18/34 MS: 1 ChangeASCIIInt-
#89211	NEW    cov: 50 ft: 357 corp: 111/2167b lim: 701 exec/s: 0 rss: 35Mb L: 19/34 MS: 4 ShuffleBytes-PersAutoDict-CMP-InsertByte- DE: "\001\000\000\000"-"z\000"-
#90848	REDUCE cov: 50 ft: 357 corp: 111/2166b lim: 710 exec/s: 0 rss: 35Mb L: 21/34 MS: 2 EraseBytes-InsertByte-
#91974	NEW    cov: 50 ft: 358 corp: 112/2184b lim: 719 exec/s: 0 rss: 35Mb L: 18/34 MS: 1 ChangeBit-
#93090	NEW    cov: 50 ft: 360 corp: 113/2202b lim: 728 exec/s: 0 rss: 35Mb L: 18/34 MS: 1 ShuffleBytes-
#94116	NEW    cov: 50 ft: 361 corp: 114/2220b lim: 737 exec/s: 0 rss: 35Mb L: 18/34 MS: 1 ShuffleBytes-
#94722	NEW    cov: 50 ft: 362 corp: 115/2238b lim: 737 exec/s: 0 rss: 35Mb L: 18/34 MS: 1 ChangeASCIIInt-
#98123	NEW    cov: 50 ft: 363 corp: 116/2256b lim: 764 exec/s: 0 rss: 35Mb L: 18/34 MS: 1 ChangeBinInt-
#103788	REDUCE cov: 50 ft: 363 corp: 116/2255b lim: 818 exec/s: 0 rss: 35Mb L: 20/34 MS: 5 CrossOver-ChangeByte-ChangeASCIIInt-InsertByte-EraseBytes-
#106029	NEW    cov: 50 ft: 364 corp: 117/2273b lim: 836 exec/s: 0 rss: 35Mb L: 18/34 MS: 1 ChangeASCIIInt-
#106281	NEW    cov: 50 ft: 365 corp: 118/2291b lim: 836 exec/s: 0 rss: 35Mb L: 18/34 MS: 2 ChangeBit-ChangeBit-
#107138	NEW    cov: 50 ft: 366 corp: 119/2309b lim: 836 exec/s: 0 rss: 35Mb L: 18/34 MS: 2 ChangeASCIIInt-ChangeByte-
#108564	NEW    cov: 50 ft: 367 corp: 120/2327b lim: 845 exec/s: 0 rss: 35Mb L: 18/34 MS: 1 ShuffleBytes-
#109732	REDUCE cov: 50 ft: 367 corp: 120/2326b lim: 854 exec/s: 0 rss: 35Mb L: 15/34 MS: 3 EraseBytes-ChangeBit-ChangeByte-
#110893	NEW    cov: 50 ft: 368 corp: 121/2344b lim: 863 exec/s: 0 rss: 35Mb L: 18/34 MS: 1 ChangeBit-
#114614	REDUCE cov: 50 ft: 369 corp: 122/2369b lim: 899 exec/s: 0 rss: 35Mb L: 25/34 MS: 1 ChangeBit-
#114826	NEW    cov: 50 ft: 370 corp: 123/2387b lim: 899 exec/s: 0 rss: 35Mb L: 18/34 MS: 2 ChangeASCIIInt-CrossOver-
#118002	NEW    cov: 50 ft: 372 corp: 124/2405b lim: 926 exec/s: 0 rss: 35Mb L: 18/34 MS: 1 ChangeBit-
#119783	NEW    cov: 50 ft: 373 corp: 125/2423b lim: 935 exec/s: 0 rss: 35Mb L: 18/34 MS: 1 ChangeASCIIInt-
#121895	NEW    cov: 50 ft: 374 corp: 126/2441b lim: 953 exec/s: 0 rss: 35Mb L: 18/34 MS: 2 ChangeASCIIInt-ShuffleBytes-
#125776	NEW    cov: 50 ft: 375 corp: 127/2459b lim: 989 exec/s: 0 rss: 35Mb L: 18/34 MS: 1 ChangeBit-
#128863	REDUCE cov: 50 ft: 375 corp: 127/2458b lim: 1016 exec/s: 0 rss: 35Mb L: 20/34 MS: 2 ChangeBinInt-EraseBytes-
#129144	NEW    cov: 50 ft: 376 corp: 128/2476b lim: 1016 exec/s: 0 rss: 35Mb L: 18/34 MS: 1 ShuffleBytes-
#130570	NEW    cov: 50 ft: 377 corp: 129/2494b lim: 1025 exec/s: 0 rss: 35Mb L: 18/34 MS: 1 CopyPart-
#131552	NEW    cov: 50 ft: 378 corp: 130/2512b lim: 1025 exec/s: 0 rss: 35Mb L: 18/34 MS: 2 ChangeByte-ChangeASCIIInt-
#137748	NEW    cov: 50 ft: 380 corp: 131/2530b lim: 1085 exec/s: 0 rss: 35Mb L: 18/34 MS: 1 ShuffleBytes-
#137856	REDUCE cov: 50 ft: 380 corp: 131/2528b lim: 1085 exec/s: 0 rss: 35Mb L: 21/34 MS: 3 EraseBytes-ChangeBinInt-InsertByte-
#148859	REDUCE cov: 50 ft: 380 corp: 131/2526b lim: 1185 exec/s: 0 rss: 35Mb L: 21/34 MS: 3 ShuffleBytes-InsertByte-EraseBytes-
#154361	NEW    cov: 50 ft: 381 corp: 132/2544b lim: 1235 exec/s: 0 rss: 35Mb L: 18/34 MS: 2 ShuffleBytes-ChangeByte-
#156722	NEW    cov: 50 ft: 382 corp: 133/2562b lim: 1255 exec/s: 0 rss: 35Mb L: 18/34 MS: 1 ChangeASCIIInt-
#180412	REDUCE cov: 50 ft: 382 corp: 133/2560b lim: 1485 exec/s: 0 rss: 35Mb L: 16/34 MS: 5 ShuffleBytes-ChangeASCIIInt-ChangeASCIIInt-ChangeBinInt-EraseBytes-
#183073	NEW    cov: 50 ft: 384 corp: 134/2585b lim: 1505 exec/s: 0 rss: 35Mb L: 25/34 MS: 1 ChangeBit-
#194974	NEW    cov: 50 ft: 385 corp: 135/2610b lim: 1615 exec/s: 0 rss: 35Mb L: 25/34 MS: 1 ChangeBit-
#208131	REDUCE cov: 50 ft: 385 corp: 135/2609b lim: 1745 exec/s: 0 rss: 35Mb L: 24/34 MS: 2 ChangeASCIIInt-EraseBytes-
#216138	REDUCE cov: 50 ft: 385 corp: 135/2607b lim: 1815 exec/s: 0 rss: 35Mb L: 18/34 MS: 2 PersAutoDict-EraseBytes- DE: "\377\377"-
#221764	REDUCE cov: 50 ft: 385 corp: 135/2606b lim: 1865 exec/s: 0 rss: 36Mb L: 24/34 MS: 1 EraseBytes-
#229075	NEW    cov: 50 ft: 386 corp: 136/2628b lim: 1935 exec/s: 0 rss: 36Mb L: 22/34 MS: 1 CopyPart-
#235416	NEW    cov: 50 ft: 388 corp: 137/2650b lim: 1995 exec/s: 0 rss: 36Mb L: 22/34 MS: 1 ChangeBit-
#255712	NEW    cov: 50 ft: 391 corp: 138/2672b lim: 2187 exec/s: 0 rss: 36Mb L: 22/34 MS: 1 ChangeByte-
#263496	REDUCE cov: 50 ft: 391 corp: 138/2670b lim: 2264 exec/s: 0 rss: 36Mb L: 17/34 MS: 4 InsertByte-ChangeASCIIInt-ShuffleBytes-EraseBytes-
#266364	NEW    cov: 50 ft: 393 corp: 139/2692b lim: 2286 exec/s: 0 rss: 36Mb L: 22/34 MS: 3 CopyPart-ChangeBit-ChangeBit-
#281906	REDUCE cov: 50 ft: 393 corp: 139/2690b lim: 2440 exec/s: 0 rss: 36Mb L: 16/34 MS: 2 ChangeBinInt-EraseBytes-
#297056	REDUCE cov: 50 ft: 393 corp: 139/2688b lim: 2583 exec/s: 0 rss: 36Mb L: 18/34 MS: 5 ChangeBinInt-CrossOver-ChangeASCIIInt-EraseBytes-EraseBytes-
#300197	REDUCE cov: 50 ft: 393 corp: 139/2687b lim: 2605 exec/s: 0 rss: 36Mb L: 24/34 MS: 1 EraseBytes-
#311057	REDUCE cov: 50 ft: 393 corp: 139/2685b lim: 2704 exec/s: 0 rss: 36Mb L: 16/34 MS: 5 EraseBytes-ShuffleBytes-CopyPart-InsertByte-PersAutoDict- DE: "\377\377"-
#312585	REDUCE cov: 50 ft: 393 corp: 139/2683b lim: 2715 exec/s: 0 rss: 36Mb L: 19/34 MS: 3 PersAutoDict-EraseBytes-InsertByte- DE: "\377\377"-
#327537	NEW    cov: 50 ft: 394 corp: 140/2705b lim: 2858 exec/s: 0 rss: 36Mb L: 22/34 MS: 2 ChangeBit-ChangeASCIIInt-
#340295	REDUCE cov: 50 ft: 394 corp: 140/2703b lim: 2979 exec/s: 0 rss: 36Mb L: 16/34 MS: 3 ChangeByte-CrossOver-EraseBytes-
#348529	REDUCE cov: 50 ft: 394 corp: 140/2700b lim: 3056 exec/s: 0 rss: 36Mb L: 18/34 MS: 4 EraseBytes-ChangeByte-InsertByte-CMP- DE: "\377\377\377\377\377\377\377\020"-
#361605	REDUCE cov: 50 ft: 394 corp: 140/2699b lim: 3177 exec/s: 0 rss: 36Mb L: 25/34 MS: 1 EraseBytes-
#371486	REDUCE cov: 50 ft: 395 corp: 141/2723b lim: 3265 exec/s: 0 rss: 36Mb L: 24/34 MS: 1 CopyPart-
#374024	NEW    cov: 50 ft: 396 corp: 142/2745b lim: 3287 exec/s: 0 rss: 36Mb L: 22/34 MS: 3 ShuffleBytes-ChangeBit-ChangeASCIIInt-
#381771	REDUCE cov: 50 ft: 396 corp: 142/2744b lim: 3364 exec/s: 0 rss: 36Mb L: 23/34 MS: 2 InsertByte-EraseBytes-
#387855	REDUCE cov: 50 ft: 396 corp: 142/2743b lim: 3419 exec/s: 0 rss: 36Mb L: 23/34 MS: 4 EraseBytes-ChangeBit-ChangeBit-ChangeBit-
#404875	REDUCE cov: 50 ft: 396 corp: 142/2742b lim: 3584 exec/s: 404875 rss: 36Mb L: 17/34 MS: 3 EraseBytes-PersAutoDict-CrossOver- DE: "\001\000\000\000"-
#408907	REDUCE cov: 50 ft: 396 corp: 142/2740b lim: 3617 exec/s: 408907 rss: 36Mb L: 20/34 MS: 2 EraseBytes-CMP- DE: "\3778"-
#436693	REDUCE cov: 50 ft: 396 corp: 142/2739b lim: 3892 exec/s: 436693 rss: 36Mb L: 22/34 MS: 1 EraseBytes-
#475124	REDUCE cov: 50 ft: 396 corp: 142/2738b lim: 4096 exec/s: 475124 rss: 36Mb L: 22/34 MS: 1 EraseBytes-
#517118	REDUCE cov: 50 ft: 396 corp: 142/2737b lim: 4096 exec/s: 517118 rss: 36Mb L: 17/34 MS: 4 ChangeBit-EraseBytes-ChangeBit-PersAutoDict- DE: "\3778"-
#518455	REDUCE cov: 50 ft: 396 corp: 142/2735b lim: 4096 exec/s: 518455 rss: 36Mb L: 20/34 MS: 2 ShuffleBytes-EraseBytes-
#546219	REDUCE cov: 50 ft: 396 corp: 142/2733b lim: 4096 exec/s: 546219 rss: 36Mb L: 18/34 MS: 4 EraseBytes-ChangeBinInt-ShuffleBytes-CopyPart-
#550151	REDUCE cov: 50 ft: 396 corp: 142/2731b lim: 4096 exec/s: 550151 rss: 36Mb L: 16/34 MS: 2 CopyPart-EraseBytes-
#563372	REDUCE cov: 50 ft: 396 corp: 142/2730b lim: 4096 exec/s: 563372 rss: 36Mb L: 23/34 MS: 1 EraseBytes-
#626334	REDUCE cov: 50 ft: 396 corp: 142/2728b lim: 4096 exec/s: 626334 rss: 36Mb L: 15/34 MS: 2 EraseBytes-EraseBytes-
#641795	NEW    cov: 50 ft: 398 corp: 143/2750b lim: 4096 exec/s: 641795 rss: 36Mb L: 22/34 MS: 1 ChangeBit-
#664176	REDUCE cov: 50 ft: 398 corp: 143/2749b lim: 4096 exec/s: 664176 rss: 36Mb L: 24/34 MS: 1 EraseBytes-
#669313	NEW    cov: 50 ft: 399 corp: 144/2783b lim: 4096 exec/s: 669313 rss: 36Mb L: 34/34 MS: 2 ShuffleBytes-InsertRepeatedBytes-
#686879	NEW    cov: 50 ft: 400 corp: 145/2801b lim: 4096 exec/s: 686879 rss: 36Mb L: 18/34 MS: 1 ShuffleBytes-
#687125	NEW    cov: 50 ft: 401 corp: 146/2819b lim: 4096 exec/s: 687125 rss: 36Mb L: 18/34 MS: 1 ChangeASCIIInt-
#691441	REDUCE cov: 50 ft: 401 corp: 146/2817b lim: 4096 exec/s: 691441 rss: 36Mb L: 32/34 MS: 1 EraseBytes-
#724129	NEW    cov: 50 ft: 402 corp: 147/2839b lim: 4096 exec/s: 724129 rss: 36Mb L: 22/34 MS: 3 ShuffleBytes-ChangeBit-CopyPart-
#727450	NEW    cov: 50 ft: 403 corp: 148/2861b lim: 4096 exec/s: 727450 rss: 36Mb L: 22/34 MS: 1 ShuffleBytes-
#745984	REDUCE cov: 50 ft: 403 corp: 148/2859b lim: 4096 exec/s: 745984 rss: 36Mb L: 18/34 MS: 4 EraseBytes-ShuffleBytes-InsertByte-InsertByte-
#757017	NEW    cov: 50 ft: 404 corp: 149/2881b lim: 4096 exec/s: 757017 rss: 36Mb L: 22/34 MS: 3 ChangeByte-ChangeASCIIInt-ChangeASCIIInt-
#767653	NEW    cov: 50 ft: 405 corp: 150/2903b lim: 4096 exec/s: 767653 rss: 36Mb L: 22/34 MS: 1 ChangeBit-
#857395	NEW    cov: 50 ft: 406 corp: 151/2925b lim: 4096 exec/s: 428697 rss: 36Mb L: 22/34 MS: 2 ChangeASCIIInt-CopyPart-
#865123	NEW    cov: 50 ft: 407 corp: 152/2943b lim: 4096 exec/s: 432561 rss: 36Mb L: 18/34 MS: 3 ChangeByte-CrossOver-ChangeBinInt-
#868948	REDUCE cov: 50 ft: 407 corp: 152/2941b lim: 4096 exec/s: 434474 rss: 36Mb L: 16/34 MS: 5 InsertByte-ChangeBit-EraseBytes-ChangeASCIIInt-ChangeBinInt-
#877991	REDUCE cov: 50 ft: 407 corp: 152/2940b lim: 4096 exec/s: 438995 rss: 36Mb L: 16/34 MS: 3 ChangeBinInt-ChangeASCIIInt-EraseBytes-
#881212	REDUCE cov: 50 ft: 413 corp: 153/2960b lim: 4096 exec/s: 440606 rss: 36Mb L: 20/34 MS: 1 ChangeBit-
#884293	NEW    cov: 50 ft: 414 corp: 154/2980b lim: 4096 exec/s: 442146 rss: 36Mb L: 20/34 MS: 1 ChangeBit-
#887265	NEW    cov: 50 ft: 415 corp: 155/3000b lim: 4096 exec/s: 443632 rss: 36Mb L: 20/34 MS: 2 ShuffleBytes-ChangeBit-
#1010551	NEW    cov: 50 ft: 417 corp: 156/3020b lim: 4096 exec/s: 505275 rss: 36Mb L: 20/34 MS: 1 ChangeByte-
#1062662	REDUCE cov: 50 ft: 417 corp: 156/3019b lim: 4096 exec/s: 531331 rss: 36Mb L: 23/34 MS: 1 EraseBytes-
#1123855	NEW    cov: 50 ft: 418 corp: 157/3041b lim: 4096 exec/s: 561927 rss: 36Mb L: 22/34 MS: 3 CopyPart-ChangeBit-ShuffleBytes-
#1196655	REDUCE cov: 50 ft: 418 corp: 157/3039b lim: 4096 exec/s: 598327 rss: 36Mb L: 16/34 MS: 5 CopyPart-ChangeBinInt-EraseBytes-ChangeBinInt-EraseBytes-
#1200193	REDUCE cov: 50 ft: 419 corp: 158/3061b lim: 4096 exec/s: 600096 rss: 36Mb L: 22/34 MS: 3 ChangeBit-ChangeASCIIInt-ChangeASCIIInt-
#1253227	REDUCE cov: 50 ft: 419 corp: 158/3059b lim: 4096 exec/s: 626613 rss: 36Mb L: 15/34 MS: 4 EraseBytes-ChangeBinInt-ChangeASCIIInt-InsertByte-
#1307145	REDUCE cov: 50 ft: 419 corp: 158/3057b lim: 4096 exec/s: 435715 rss: 36Mb L: 20/34 MS: 3 EraseBytes-EraseBytes-CopyPart-
#1364573	REDUCE cov: 50 ft: 419 corp: 158/3055b lim: 4096 exec/s: 454857 rss: 36Mb L: 15/34 MS: 3 ChangeBit-EraseBytes-CopyPart-
#1481620	REDUCE cov: 50 ft: 419 corp: 158/3054b lim: 4096 exec/s: 493873 rss: 36Mb L: 22/34 MS: 2 EraseBytes-InsertByte-
#1560419	REDUCE cov: 50 ft: 420 corp: 159/3076b lim: 4096 exec/s: 520139 rss: 36Mb L: 22/34 MS: 4 CopyPart-ShuffleBytes-ChangeBit-EraseBytes-
#1561321	REDUCE cov: 50 ft: 420 corp: 159/3075b lim: 4096 exec/s: 520440 rss: 36Mb L: 21/34 MS: 2 ChangeByte-EraseBytes-
#1561354	REDUCE cov: 50 ft: 420 corp: 159/3069b lim: 4096 exec/s: 520451 rss: 36Mb L: 15/34 MS: 3 EraseBytes-ChangeBit-InsertByte-
#1781412	REDUCE cov: 50 ft: 420 corp: 159/3067b lim: 4096 exec/s: 445353 rss: 36Mb L: 16/34 MS: 3 CMP-EraseBytes-InsertByte- DE: "\377\377\377\377\377\377\377\377"-
#1786528	NEW    cov: 50 ft: 422 corp: 160/3087b lim: 4096 exec/s: 446632 rss: 36Mb L: 20/34 MS: 1 CrossOver-
#1950369	REDUCE cov: 50 ft: 422 corp: 160/3086b lim: 4096 exec/s: 487592 rss: 36Mb L: 22/34 MS: 1 EraseBytes-
#2083470	REDUCE cov: 50 ft: 422 corp: 160/3085b lim: 4096 exec/s: 520867 rss: 36Mb L: 23/34 MS: 1 EraseBytes-
#2093206	REDUCE cov: 50 ft: 422 corp: 160/3084b lim: 4096 exec/s: 523301 rss: 36Mb L: 22/34 MS: 1 EraseBytes-
#2097152	pulse  cov: 50 ft: 422 corp: 160/3084b lim: 4096 exec/s: 524288 rss: 36Mb
#2244378	REDUCE cov: 50 ft: 422 corp: 160/3083b lim: 4096 exec/s: 448875 rss: 36Mb L: 24/34 MS: 2 ShuffleBytes-EraseBytes-
#2270035	REDUCE cov: 50 ft: 422 corp: 160/3082b lim: 4096 exec/s: 454007 rss: 36Mb L: 23/34 MS: 2 ChangeASCIIInt-EraseBytes-
#2412461	REDUCE cov: 50 ft: 422 corp: 160/3081b lim: 4096 exec/s: 482492 rss: 36Mb L: 24/34 MS: 1 EraseBytes-
#2441052	REDUCE cov: 50 ft: 422 corp: 160/3080b lim: 4096 exec/s: 488210 rss: 36Mb L: 22/34 MS: 1 EraseBytes-
#2841792	REDUCE cov: 50 ft: 422 corp: 160/3078b lim: 4096 exec/s: 473632 rss: 36Mb L: 16/34 MS: 5 PersAutoDict-ShuffleBytes-ChangeBinInt-EraseBytes-EraseBytes- DE: "\377\377\377\377\377\377\377\377"-
#3015968	REDUCE cov: 50 ft: 422 corp: 160/3077b lim: 4096 exec/s: 502661 rss: 36Mb L: 23/34 MS: 1 EraseBytes-
#3857334	REDUCE cov: 50 ft: 422 corp: 160/3076b lim: 4096 exec/s: 482166 rss: 36Mb L: 22/34 MS: 1 EraseBytes-
#3869391	REDUCE cov: 50 ft: 422 corp: 160/3074b lim: 4096 exec/s: 483673 rss: 36Mb L: 16/34 MS: 2 CMP-EraseBytes- DE: "\377\377\3778"-
#3963164	REDUCE cov: 50 ft: 422 corp: 160/3072b lim: 4096 exec/s: 495395 rss: 36Mb L: 20/34 MS: 3 ChangeBit-CopyPart-EraseBytes-
#4075456	REDUCE cov: 50 ft: 422 corp: 160/3070b lim: 4096 exec/s: 452828 rss: 36Mb L: 20/34 MS: 2 CrossOver-EraseBytes-
#4194304	pulse  cov: 50 ft: 422 corp: 160/3070b lim: 4096 exec/s: 466033 rss: 36Mb
#4552475	REDUCE cov: 50 ft: 422 corp: 160/3068b lim: 4096 exec/s: 455247 rss: 36Mb L: 16/34 MS: 4 InsertRepeatedBytes-PersAutoDict-CopyPart-EraseBytes- DE: "\377\377\377\377\377\377\377\377"-
#5378987	REDUCE cov: 50 ft: 422 corp: 160/3067b lim: 4096 exec/s: 448248 rss: 36Mb L: 22/34 MS: 2 ChangeASCIIInt-EraseBytes-
#5437054	REDUCE cov: 50 ft: 422 corp: 160/3065b lim: 4096 exec/s: 453087 rss: 36Mb L: 20/34 MS: 2 EraseBytes-ChangeBinInt-
#5633971	REDUCE cov: 50 ft: 422 corp: 160/3063b lim: 4096 exec/s: 469497 rss: 36Mb L: 16/34 MS: 2 EraseBytes-ChangeBinInt-
#5730834	REDUCE cov: 50 ft: 422 corp: 160/3059b lim: 4096 exec/s: 477569 rss: 36Mb L: 18/34 MS: 3 EraseBytes-ChangeBinInt-ChangeBit-
#6187728	REDUCE cov: 50 ft: 422 corp: 160/3057b lim: 4096 exec/s: 475979 rss: 36Mb L: 16/34 MS: 4 ChangeASCIIInt-ChangeASCIIInt-EraseBytes-PersAutoDict- DE: "\377\377"-
#6612658	REDUCE cov: 50 ft: 422 corp: 160/3055b lim: 4096 exec/s: 472332 rss: 36Mb L: 17/34 MS: 5 ChangeBinInt-ChangeBit-ChangeASCIIInt-EraseBytes-ChangeBit-
#8150725	NEW    cov: 50 ft: 423 corp: 161/3073b lim: 4096 exec/s: 452818 rss: 36Mb L: 18/34 MS: 2 ShuffleBytes-ChangeASCIIInt-
#9746214	REDUCE cov: 50 ft: 424 corp: 162/3088b lim: 4096 exec/s: 464105 rss: 36Mb L: 15/34 MS: 4 ChangeByte-ChangeBit-ChangeBit-PersAutoDict- DE: "z\000"-
#10221793	REDUCE cov: 50 ft: 424 corp: 162/3087b lim: 4096 exec/s: 464626 rss: 36Mb L: 16/34 MS: 4 PersAutoDict-EraseBytes-ChangeBit-ChangeBinInt- DE: "\377\377\377\377\377\377\377\020"-
#10412330	NEW    cov: 50 ft: 425 corp: 163/3105b lim: 4096 exec/s: 452710 rss: 36Mb L: 18/34 MS: 2 ChangeBit-ChangeBit-
#10653349	REDUCE cov: 50 ft: 425 corp: 163/3104b lim: 4096 exec/s: 463189 rss: 36Mb L: 15/34 MS: 4 InsertByte-ChangeBit-CopyPart-EraseBytes-
#11004136	REDUCE cov: 50 ft: 425 corp: 163/3102b lim: 4096 exec/s: 458505 rss: 36Mb L: 16/34 MS: 2 PersAutoDict-EraseBytes- DE: "\377\377\3778"-
#11036467	REDUCE cov: 50 ft: 425 corp: 163/3101b lim: 4096 exec/s: 459852 rss: 36Mb L: 15/34 MS: 1 EraseBytes-
#11086532	NEW    cov: 50 ft: 427 corp: 164/3133b lim: 4096 exec/s: 461938 rss: 36Mb L: 32/34 MS: 5 InsertByte-ChangeBit-ChangeASCIIInt-ShuffleBytes-CopyPart-
#11101682	REDUCE cov: 50 ft: 427 corp: 164/3129b lim: 4096 exec/s: 462570 rss: 36Mb L: 28/34 MS: 5 EraseBytes-InsertByte-ChangeASCIIInt-CrossOver-EraseBytes-
#11102676	REDUCE cov: 50 ft: 427 corp: 164/3127b lim: 4096 exec/s: 462611 rss: 36Mb L: 26/34 MS: 4 CrossOver-ChangeBit-EraseBytes-InsertByte-
#11116016	REDUCE cov: 50 ft: 427 corp: 164/3121b lim: 4096 exec/s: 463167 rss: 36Mb L: 20/34 MS: 5 CrossOver-CrossOver-EraseBytes-ChangeByte-ChangeBinInt-
#11124113	REDUCE cov: 50 ft: 428 corp: 165/3143b lim: 4096 exec/s: 463504 rss: 36Mb L: 22/34 MS: 2 PersAutoDict-EraseBytes- DE: "\000\000\000\000\000\000\000\026"-
#11163532	REDUCE cov: 50 ft: 428 corp: 165/3139b lim: 4096 exec/s: 446541 rss: 36Mb L: 16/34 MS: 4 EraseBytes-ChangeByte-InsertByte-CopyPart-
#11234063	REDUCE cov: 50 ft: 429 corp: 166/3155b lim: 4096 exec/s: 449362 rss: 36Mb L: 16/34 MS: 1 CopyPart-
#11288295	REDUCE cov: 50 ft: 430 corp: 167/3171b lim: 4096 exec/s: 451531 rss: 36Mb L: 16/34 MS: 2 CrossOver-EraseBytes-
#11288636	REDUCE cov: 50 ft: 430 corp: 167/3170b lim: 4096 exec/s: 451545 rss: 36Mb L: 15/34 MS: 1 EraseBytes-
#11393249	REDUCE cov: 50 ft: 430 corp: 167/3168b lim: 4096 exec/s: 455729 rss: 36Mb L: 20/34 MS: 3 ChangeBinInt-EraseBytes-ShuffleBytes-
#11475445	REDUCE cov: 50 ft: 430 corp: 167/3167b lim: 4096 exec/s: 459017 rss: 36Mb L: 23/34 MS: 1 EraseBytes-
#11558224	REDUCE cov: 50 ft: 430 corp: 167/3165b lim: 4096 exec/s: 462328 rss: 36Mb L: 16/34 MS: 4 ChangeBit-ChangeASCIIInt-ChangeBinInt-EraseBytes-
#13017437	REDUCE cov: 50 ft: 430 corp: 167/3164b lim: 4096 exec/s: 448877 rss: 36Mb L: 15/34 MS: 3 EraseBytes-ChangeByte-ChangeBinInt-
#13526937	REDUCE cov: 50 ft: 430 corp: 167/3162b lim: 4096 exec/s: 450897 rss: 36Mb L: 20/34 MS: 5 EraseBytes-ChangeBit-ChangeASCIIInt-EraseBytes-ChangeBit-
#13593243	REDUCE cov: 50 ft: 430 corp: 167/3161b lim: 4096 exec/s: 453108 rss: 36Mb L: 22/34 MS: 1 EraseBytes-
#14040976	REDUCE cov: 50 ft: 430 corp: 167/3159b lim: 4096 exec/s: 452934 rss: 36Mb L: 21/34 MS: 3 ShuffleBytes-ChangeBinInt-EraseBytes-
#15009943	REDUCE cov: 50 ft: 430 corp: 167/3157b lim: 4096 exec/s: 454846 rss: 36Mb L: 16/34 MS: 2 PersAutoDict-EraseBytes- DE: "\377\377\377\377\377\377\377\377"-
#15654056	REDUCE cov: 50 ft: 430 corp: 167/3155b lim: 4096 exec/s: 447258 rss: 36Mb L: 16/34 MS: 3 PersAutoDict-CopyPart-EraseBytes- DE: "\377\377"-
#15731518	REDUCE cov: 50 ft: 430 corp: 167/3153b lim: 4096 exec/s: 449471 rss: 36Mb L: 20/34 MS: 2 ChangeByte-EraseBytes-
#17217738	REDUCE cov: 50 ft: 430 corp: 167/3151b lim: 4096 exec/s: 453098 rss: 36Mb L: 20/34 MS: 5 ShuffleBytes-ShuffleBytes-CopyPart-EraseBytes-ChangeBit-
#18251042	REDUCE cov: 50 ft: 431 corp: 168/3184b lim: 4096 exec/s: 456276 rss: 36Mb L: 33/34 MS: 4 InsertRepeatedBytes-InsertByte-EraseBytes-EraseBytes-
#18456340	REDUCE cov: 50 ft: 431 corp: 168/3182b lim: 4096 exec/s: 450154 rss: 36Mb L: 20/34 MS: 3 ChangeByte-ChangeBit-EraseBytes-
#19006002	REDUCE cov: 50 ft: 431 corp: 168/3180b lim: 4096 exec/s: 452523 rss: 36Mb L: 16/34 MS: 2 EraseBytes-PersAutoDict- DE: "\377\377"-
#19075550	REDUCE cov: 50 ft: 431 corp: 168/3179b lim: 4096 exec/s: 454179 rss: 36Mb L: 15/34 MS: 3 EraseBytes-ChangeBit-InsertByte-
#19706507	REDUCE cov: 50 ft: 431 corp: 168/3177b lim: 4096 exec/s: 447875 rss: 36Mb L: 16/34 MS: 2 InsertRepeatedBytes-EraseBytes-
#19762171	REDUCE cov: 50 ft: 431 corp: 168/3175b lim: 4096 exec/s: 449140 rss: 36Mb L: 16/34 MS: 4 CrossOver-InsertByte-ChangeBinInt-EraseBytes-
#19883015	REDUCE cov: 50 ft: 431 corp: 168/3173b lim: 4096 exec/s: 451886 rss: 36Mb L: 20/34 MS: 4 EraseBytes-InsertByte-ShuffleBytes-ChangeBit-
#19972807	REDUCE cov: 50 ft: 431 corp: 168/3169b lim: 4096 exec/s: 453927 rss: 36Mb L: 18/34 MS: 2 InsertByte-EraseBytes-
#19997296	REDUCE cov: 50 ft: 431 corp: 168/3168b lim: 4096 exec/s: 454484 rss: 36Mb L: 15/34 MS: 4 EraseBytes-CrossOver-EraseBytes-EraseBytes-
#20244107	REDUCE cov: 50 ft: 431 corp: 168/3167b lim: 4096 exec/s: 449869 rss: 36Mb L: 20/34 MS: 1 EraseBytes-
#21247159	REDUCE cov: 50 ft: 431 corp: 168/3165b lim: 4096 exec/s: 452067 rss: 36Mb L: 20/34 MS: 2 ChangeBinInt-EraseBytes-
#21553046	REDUCE cov: 50 ft: 431 corp: 168/3163b lim: 4096 exec/s: 449021 rss: 36Mb L: 18/34 MS: 2 EraseBytes-ChangeBit-
#21585079	REDUCE cov: 50 ft: 431 corp: 168/3161b lim: 4096 exec/s: 449689 rss: 36Mb L: 18/34 MS: 3 PersAutoDict-ChangeByte-EraseBytes- DE: "\377\377\377\377\377\377\377\020"-
#22126437	REDUCE cov: 50 ft: 431 corp: 168/3159b lim: 4096 exec/s: 451559 rss: 36Mb L: 16/34 MS: 3 CMP-ChangeBinInt-EraseBytes- DE: "\377\377\377\377\377\377\377\377"-
#22755688	NEW    cov: 50 ft: 432 corp: 169/3177b lim: 4096 exec/s: 455113 rss: 36Mb L: 18/34 MS: 1 ChangeASCIIInt-
#22797289	NEW    cov: 50 ft: 433 corp: 170/3195b lim: 4096 exec/s: 447005 rss: 36Mb L: 18/34 MS: 1 ChangeBit-
#22810028	REDUCE cov: 50 ft: 433 corp: 170/3194b lim: 4096 exec/s: 447255 rss: 36Mb L: 15/34 MS: 4 CopyPart-ChangeASCIIInt-ChangeBit-EraseBytes-
#24996011	REDUCE cov: 50 ft: 433 corp: 170/3192b lim: 4096 exec/s: 454472 rss: 36Mb L: 16/34 MS: 3 ChangeByte-EraseBytes-ChangeBinInt-
#26159397	NEW    cov: 50 ft: 440 corp: 171/3207b lim: 4096 exec/s: 451024 rss: 36Mb L: 15/34 MS: 1 CrossOver-
#26729690	REDUCE cov: 50 ft: 440 corp: 171/3205b lim: 4096 exec/s: 453045 rss: 36Mb L: 20/34 MS: 3 ShuffleBytes-ShuffleBytes-EraseBytes-
#30583033	REDUCE cov: 50 ft: 440 corp: 171/3203b lim: 4096 exec/s: 449750 rss: 36Mb L: 16/34 MS: 3 ChangeBit-EraseBytes-ChangeBinInt-
#31436612	REDUCE cov: 50 ft: 440 corp: 171/3201b lim: 4096 exec/s: 449094 rss: 36Mb L: 16/34 MS: 4 EraseBytes-ChangeASCIIInt-ChangeBinInt-InsertByte-
#33246184	REDUCE cov: 50 ft: 440 corp: 171/3199b lim: 4096 exec/s: 449272 rss: 36Mb L: 16/34 MS: 2 ChangeBinInt-EraseBytes-
#33554432	pulse  cov: 50 ft: 440 corp: 171/3199b lim: 4096 exec/s: 447392 rss: 36Mb
#36398961	REDUCE cov: 50 ft: 440 corp: 171/3197b lim: 4096 exec/s: 449369 rss: 37Mb L: 16/34 MS: 2 PersAutoDict-EraseBytes- DE: "\377\377\377\377\377\377\377\377"-
#37170026	REDUCE cov: 50 ft: 440 corp: 171/3193b lim: 4096 exec/s: 447831 rss: 37Mb L: 16/34 MS: 5 ShuffleBytes-ChangeByte-ChangeASCIIInt-ChangeBinInt-EraseBytes-
#37438468	REDUCE cov: 50 ft: 440 corp: 171/3191b lim: 4096 exec/s: 451065 rss: 37Mb L: 16/34 MS: 2 PersAutoDict-EraseBytes- DE: "\377\377\3778"-
#38068125	REDUCE cov: 50 ft: 440 corp: 171/3189b lim: 4096 exec/s: 447860 rss: 37Mb L: 16/34 MS: 2 PersAutoDict-EraseBytes- DE: "\377\377"-
#40274785	REDUCE cov: 50 ft: 440 corp: 171/3187b lim: 4096 exec/s: 447497 rss: 37Mb L: 16/34 MS: 5 ChangeBit-InsertRepeatedBytes-InsertByte-EraseBytes-ChangeByte-
#41052938	REDUCE cov: 50 ft: 440 corp: 171/3185b lim: 4096 exec/s: 451131 rss: 37Mb L: 16/34 MS: 3 EraseBytes-InsertRepeatedBytes-EraseBytes-
#41781936	NEW    cov: 50 ft: 441 corp: 172/3215b lim: 4096 exec/s: 449268 rss: 37Mb L: 30/34 MS: 3 ShuffleBytes-ChangeBit-CrossOver-
#41786952	NEW    cov: 50 ft: 442 corp: 173/3245b lim: 4096 exec/s: 449322 rss: 37Mb L: 30/34 MS: 1 ShuffleBytes-
#41946148	REDUCE cov: 50 ft: 442 corp: 173/3243b lim: 4096 exec/s: 451033 rss: 37Mb L: 16/34 MS: 1 CrossOver-
#42268896	REDUCE cov: 50 ft: 442 corp: 173/3241b lim: 4096 exec/s: 449669 rss: 37Mb L: 20/34 MS: 3 EraseBytes-ChangeASCIIInt-EraseBytes-
#42678759	REDUCE cov: 50 ft: 442 corp: 173/3239b lim: 4096 exec/s: 449250 rss: 37Mb L: 16/34 MS: 3 PersAutoDict-ChangeBinInt-EraseBytes- DE: "\377\377"-
#42880431	REDUCE cov: 50 ft: 442 corp: 173/3237b lim: 4096 exec/s: 446671 rss: 37Mb L: 20/34 MS: 2 ChangeBit-EraseBytes-
#43088501	REDUCE cov: 50 ft: 442 corp: 173/3235b lim: 4096 exec/s: 448838 rss: 37Mb L: 16/34 MS: 5 CrossOver-ShuffleBytes-ChangeASCIIInt-EraseBytes-EraseBytes-
#43154618	NEW    cov: 50 ft: 443 corp: 174/3265b lim: 4096 exec/s: 449527 rss: 37Mb L: 30/34 MS: 2 CopyPart-CopyPart-
#43155077	NEW    cov: 50 ft: 449 corp: 175/3295b lim: 4096 exec/s: 449532 rss: 37Mb L: 30/34 MS: 4 ChangeBit-ShuffleBytes-CopyPart-ChangeBit-
#43542551	REDUCE cov: 50 ft: 449 corp: 175/3293b lim: 4096 exec/s: 448892 rss: 37Mb L: 20/34 MS: 4 ShuffleBytes-InsertByte-EraseBytes-CopyPart-
#43912145	REDUCE cov: 50 ft: 449 corp: 175/3291b lim: 4096 exec/s: 448083 rss: 37Mb L: 16/34 MS: 4 EraseBytes-EraseBytes-ChangeByte-CopyPart-
#45121600	REDUCE cov: 50 ft: 449 corp: 175/3289b lim: 4096 exec/s: 446748 rss: 37Mb L: 16/34 MS: 5 InsertByte-EraseBytes-InsertByte-ChangeBit-ChangeBinInt-
#50288378	REDUCE cov: 50 ft: 449 corp: 175/3286b lim: 4096 exec/s: 449003 rss: 37Mb L: 15/34 MS: 3 EraseBytes-ChangeBinInt-ChangeBit-
#51915312	REDUCE cov: 50 ft: 449 corp: 175/3284b lim: 4096 exec/s: 447545 rss: 37Mb L: 16/34 MS: 4 ShuffleBytes-ChangeBinInt-ShuffleBytes-EraseBytes-
#57279200	REDUCE cov: 50 ft: 449 corp: 175/3276b lim: 4096 exec/s: 447493 rss: 37Mb L: 22/34 MS: 3 CopyPart-ChangeBit-EraseBytes-
#65745492	REDUCE cov: 50 ft: 449 corp: 175/3274b lim: 4096 exec/s: 444226 rss: 37Mb L: 16/34 MS: 2 EraseBytes-InsertRepeatedBytes-
#67108864	pulse  cov: 50 ft: 449 corp: 175/3274b lim: 4096 exec/s: 444429 rss: 37Mb
#79374369	REDUCE cov: 50 ft: 449 corp: 175/3272b lim: 4096 exec/s: 443432 rss: 37Mb L: 16/34 MS: 2 PersAutoDict-EraseBytes- DE: "\377\377\377\377\377\377\377\020"-
#80817073	REDUCE cov: 50 ft: 449 corp: 175/3271b lim: 4096 exec/s: 444049 rss: 37Mb L: 21/34 MS: 4 ChangeBit-ChangeBit-EraseBytes-ShuffleBytes-
#83659735	REDUCE cov: 50 ft: 449 corp: 175/3269b lim: 4096 exec/s: 444998 rss: 37Mb L: 16/34 MS: 2 EraseBytes-PersAutoDict- DE: "\377\377"-
#86844966	REDUCE cov: 50 ft: 449 corp: 175/3268b lim: 4096 exec/s: 445358 rss: 37Mb L: 20/34 MS: 1 EraseBytes-
#96076728	REDUCE cov: 50 ft: 449 corp: 175/3266b lim: 4096 exec/s: 444799 rss: 37Mb L: 16/34 MS: 2 EraseBytes-ChangeBinInt-
#100598011	REDUCE cov: 50 ft: 449 corp: 175/3262b lim: 4096 exec/s: 443163 rss: 37Mb L: 16/34 MS: 3 CopyPart-EraseBytes-ChangeBinInt-
#105664698	REDUCE cov: 50 ft: 449 corp: 175/3261b lim: 4096 exec/s: 443969 rss: 37Mb L: 15/34 MS: 2 EraseBytes-ChangeBinInt-
#116218455	REDUCE cov: 50 ft: 449 corp: 175/3259b lim: 4096 exec/s: 443581 rss: 37Mb L: 16/34 MS: 2 PersAutoDict-EraseBytes- DE: "\377\377\3778"-
#116263177	REDUCE cov: 50 ft: 449 corp: 175/3257b lim: 4096 exec/s: 443752 rss: 37Mb L: 20/34 MS: 2 CopyPart-EraseBytes-
#119502996	REDUCE cov: 50 ft: 449 corp: 175/3256b lim: 4096 exec/s: 442603 rss: 37Mb L: 21/34 MS: 4 ChangeBit-EraseBytes-CopyPart-ChangeBit-
#120095008	REDUCE cov: 50 ft: 449 corp: 175/3255b lim: 4096 exec/s: 443155 rss: 37Mb L: 20/34 MS: 2 ShuffleBytes-EraseBytes-
#122003712	REDUCE cov: 50 ft: 449 corp: 175/3253b lim: 4096 exec/s: 443649 rss: 37Mb L: 16/34 MS: 4 ChangeBinInt-PersAutoDict-ChangeBinInt-EraseBytes- DE: "z\000"-
#122177527	REDUCE cov: 50 ft: 449 corp: 175/3251b lim: 4096 exec/s: 442672 rss: 37Mb L: 20/34 MS: 5 ChangeASCIIInt-ChangeBinInt-EraseBytes-CopyPart-EraseBytes-
#125452779	REDUCE cov: 50 ft: 449 corp: 175/3249b lim: 4096 exec/s: 443296 rss: 37Mb L: 18/34 MS: 2 ChangeBinInt-EraseBytes-
#127125791	REDUCE cov: 50 ft: 449 corp: 175/3247b lim: 4096 exec/s: 442947 rss: 37Mb L: 20/34 MS: 2 ChangeBit-EraseBytes-
#129931611	REDUCE cov: 50 ft: 449 corp: 175/3245b lim: 4096 exec/s: 443452 rss: 37Mb L: 20/34 MS: 5 CopyPart-EraseBytes-ChangeBit-ChangeASCIIInt-EraseBytes-
#134217728	pulse  cov: 50 ft: 449 corp: 175/3245b lim: 4096 exec/s: 442962 rss: 37Mb
#136213716	REDUCE cov: 50 ft: 449 corp: 175/3243b lim: 4096 exec/s: 442252 rss: 37Mb L: 20/34 MS: 5 ChangeBit-ShuffleBytes-CopyPart-EraseBytes-ChangeBit-
panic: found special char in iban [recovered]
	panic: found special char in iban

goroutine 17 [running, locked to thread]:
git.ultraware.nl/iddinkgroep/fundament-api.Fuzz.func1()
	git.ultraware.nl/iddinkgroep/fundament-api/fuzz.go:19 +0xa5
panic({0x556450670760?, 0x556450683c70?})
	runtime/panic.go:914 +0x21f
git.ultraware.nl/iddinkgroep/fundament-api.Fuzz({0xc0002ea0f0, 0x10})
	git.ultraware.nl/iddinkgroep/fundament-api/fuzz.go:34 +0x2b9
git.ultraware.nl/iddinkgroep/fundament-api.Fuzz_(...)
	git.ultraware.nl/iddinkgroep/fundament-api/fuzz.1527825026.go:6
main.LLVMFuzzerTestOneInput(...)
	./main.170485750.go:21
==7187== ERROR: libFuzzer: deadly signal
    #0 0x556450593630 in __sanitizer_print_stack_trace (/seedai/experiments/libfuzzer/source_iban/libfuzzer+0xaf630) (BuildId: 688cb25bec4564588da2a67f6a2b25148a0fd5d4)
    #1 0x55645055f755 in fuzzer::PrintStackTrace() (/seedai/experiments/libfuzzer/source_iban/libfuzzer+0x7b755) (BuildId: 688cb25bec4564588da2a67f6a2b25148a0fd5d4)
    #2 0x55645053e3a9 in fuzzer::Fuzzer::CrashCallback() (.part.0) FuzzerLoop.cpp.o
    #3 0x55645053e46a in fuzzer::Fuzzer::StaticCrashSignalCallback() (/seedai/experiments/libfuzzer/source_iban/libfuzzer+0x5a46a) (BuildId: 688cb25bec4564588da2a67f6a2b25148a0fd5d4)
    #4 0x7fc4bb2c370f  (/usr/lib/libc.so.6+0x3e70f) (BuildId: 316d0d3666387f0e8fb98773f51aa1801027c5ab)
    #5 0x5564505f3160 in runtime.raise.abi0 runtime/sys_linux_amd64.s:153

NOTE: libFuzzer has rudimentary signal handlers.
      Combine libFuzzer with AddressSanitizer or similar for better crash reports.
SUMMARY: libFuzzer: deadly signal
MS: 3 CopyPart-ChangeBinInt-CrossOver-; base unit: f60d1744bb823a9bd5cc360cc7597a19c1aebe99
0x42,0x45,0x32,0x37,0x2d,0x30,0x30,0x30,0x30,0x30,0x30,0x30,0x30,0x30,0x30,0x31,
BE27-00000000001
artifact_prefix='./'; Test unit written to ./crash-0b3e8d0d2865ebb2e0542216c54e59322b9dcd51
Base64: QkUyNy0wMDAwMDAwMDAwMQ==
