INFO: Running with entropic power schedule (0xFF, 100).
INFO: Seed: 3726600439
INFO: Loaded 1 modules   (70 inline 8-bit counters): 70 [0x55b1b84e6030, 0x55b1b84e6076), 
INFO: Loaded 1 PC tables (70 PCs): 70 [0xc000068000,0xc000068460), 
INFO:       10 files found in corpus
INFO: -max_len is not provided; libFuzzer will not generate inputs larger than 4096 bytes
INFO: seed corpus: files: 10 min: 1b max: 401b total: 1037b rss: 29Mb
#11	INITED cov: 9 ft: 20 corp: 4/17b exec/s: 0 rss: 29Mb
#13	NEW    cov: 9 ft: 21 corp: 5/22b lim: 8 exec/s: 0 rss: 29Mb L: 5/8 MS: 2 ShuffleBytes-InsertRepeatedBytes-
#31	NEW    cov: 9 ft: 22 corp: 6/29b lim: 8 exec/s: 0 rss: 29Mb L: 7/8 MS: 3 ShuffleBytes-ChangeByte-InsertByte-
#73	REDUCE cov: 9 ft: 22 corp: 6/26b lim: 8 exec/s: 0 rss: 29Mb L: 3/8 MS: 2 CrossOver-CrossOver-
#685	NEW    cov: 9 ft: 23 corp: 7/40b lim: 14 exec/s: 0 rss: 30Mb L: 14/14 MS: 2 ChangeByte-InsertRepeatedBytes-
#689	NEW    cov: 9 ft: 24 corp: 8/52b lim: 14 exec/s: 0 rss: 30Mb L: 12/14 MS: 4 EraseBytes-ChangeBinInt-CopyPart-InsertRepeatedBytes-
#724	NEW    cov: 9 ft: 25 corp: 9/65b lim: 14 exec/s: 0 rss: 30Mb L: 13/14 MS: 5 EraseBytes-InsertRepeatedBytes-ChangeBit-ChangeBinInt-EraseBytes-
#1040	NEW    cov: 11 ft: 31 corp: 10/82b lim: 17 exec/s: 0 rss: 30Mb L: 17/17 MS: 1 CopyPart-
#1066	NEW    cov: 11 ft: 33 corp: 11/97b lim: 17 exec/s: 0 rss: 30Mb L: 15/17 MS: 1 InsertRepeatedBytes-
#1082	NEW    cov: 11 ft: 34 corp: 12/113b lim: 17 exec/s: 0 rss: 30Mb L: 16/17 MS: 1 InsertByte-
#1145	REDUCE cov: 13 ft: 40 corp: 13/130b lim: 17 exec/s: 0 rss: 30Mb L: 17/17 MS: 3 CrossOver-InsertByte-CrossOver-
#1187	NEW    cov: 13 ft: 41 corp: 14/147b lim: 17 exec/s: 0 rss: 30Mb L: 17/17 MS: 2 ChangeBinInt-ChangeBinInt-
#1203	NEW    cov: 13 ft: 42 corp: 15/163b lim: 17 exec/s: 0 rss: 30Mb L: 16/17 MS: 1 EraseBytes-
#1211	REDUCE cov: 13 ft: 42 corp: 15/162b lim: 17 exec/s: 0 rss: 30Mb L: 15/17 MS: 3 CrossOver-ShuffleBytes-EraseBytes-
#1352	NEW    cov: 25 ft: 89 corp: 16/179b lim: 17 exec/s: 0 rss: 30Mb L: 17/17 MS: 1 ChangeByte-
#1358	NEW    cov: 25 ft: 91 corp: 17/196b lim: 17 exec/s: 0 rss: 30Mb L: 17/17 MS: 1 CopyPart-
#1381	REDUCE cov: 25 ft: 92 corp: 18/213b lim: 17 exec/s: 0 rss: 30Mb L: 17/17 MS: 3 ChangeBit-InsertByte-InsertByte-
#1523	NEW    cov: 25 ft: 95 corp: 19/230b lim: 17 exec/s: 0 rss: 30Mb L: 17/17 MS: 2 CopyPart-ChangeByte-
#1545	NEW    cov: 25 ft: 96 corp: 20/245b lim: 17 exec/s: 0 rss: 30Mb L: 15/17 MS: 2 ChangeBinInt-CrossOver-
#1626	REDUCE cov: 25 ft: 97 corp: 21/260b lim: 17 exec/s: 0 rss: 30Mb L: 15/17 MS: 1 CrossOver-
#1702	NEW    cov: 25 ft: 98 corp: 22/277b lim: 17 exec/s: 0 rss: 30Mb L: 17/17 MS: 1 ChangeBit-
#1763	REDUCE cov: 25 ft: 98 corp: 22/276b lim: 17 exec/s: 0 rss: 30Mb L: 16/17 MS: 1 EraseBytes-
#1792	NEW    cov: 25 ft: 99 corp: 23/293b lim: 17 exec/s: 0 rss: 30Mb L: 17/17 MS: 4 CopyPart-CrossOver-ChangeBinInt-CMP- DE: "\025\000\000\000\000\000\000\000"-
#1874	NEW    cov: 25 ft: 101 corp: 24/310b lim: 17 exec/s: 0 rss: 30Mb L: 17/17 MS: 2 ChangeByte-ChangeBinInt-
#1973	NEW    cov: 25 ft: 104 corp: 25/327b lim: 17 exec/s: 0 rss: 30Mb L: 17/17 MS: 4 CrossOver-ChangeByte-ChangeByte-ChangeBit-
#1980	NEW    cov: 25 ft: 105 corp: 26/344b lim: 17 exec/s: 0 rss: 30Mb L: 17/17 MS: 2 CopyPart-ChangeBinInt-
#1992	NEW    cov: 30 ft: 119 corp: 27/361b lim: 17 exec/s: 0 rss: 30Mb L: 17/17 MS: 2 CopyPart-CrossOver-
#2046	NEW    cov: 30 ft: 120 corp: 28/377b lim: 17 exec/s: 0 rss: 30Mb L: 16/17 MS: 4 ShuffleBytes-ChangeByte-ChangeBit-EraseBytes-
#2060	REDUCE cov: 30 ft: 121 corp: 29/394b lim: 17 exec/s: 0 rss: 30Mb L: 17/17 MS: 4 CrossOver-ChangeBinInt-CrossOver-CrossOver-
#2072	REDUCE cov: 30 ft: 121 corp: 29/392b lim: 17 exec/s: 0 rss: 30Mb L: 15/17 MS: 2 PersAutoDict-EraseBytes- DE: "\025\000\000\000\000\000\000\000"-
#2073	NEW    cov: 30 ft: 122 corp: 30/408b lim: 17 exec/s: 0 rss: 30Mb L: 16/17 MS: 1 ChangeBinInt-
#2163	NEW    cov: 30 ft: 123 corp: 31/425b lim: 17 exec/s: 0 rss: 30Mb L: 17/17 MS: 5 CopyPart-CrossOver-ChangeBinInt-CopyPart-CopyPart-
#2324	NEW    cov: 30 ft: 124 corp: 32/441b lim: 17 exec/s: 0 rss: 30Mb L: 16/17 MS: 1 InsertByte-
#2349	REDUCE cov: 30 ft: 124 corp: 32/439b lim: 17 exec/s: 0 rss: 30Mb L: 15/17 MS: 5 CopyPart-EraseBytes-InsertByte-ChangeBit-InsertByte-
#2759	NEW    cov: 30 ft: 125 corp: 33/460b lim: 21 exec/s: 0 rss: 30Mb L: 21/21 MS: 5 ChangeBit-EraseBytes-CMP-EraseBytes-InsertRepeatedBytes- DE: "\001\000\000\000\000\000\000\016"-
#2797	REDUCE cov: 30 ft: 125 corp: 33/458b lim: 21 exec/s: 0 rss: 31Mb L: 15/21 MS: 3 InsertByte-InsertByte-EraseBytes-
#2814	NEW    cov: 30 ft: 126 corp: 34/478b lim: 21 exec/s: 0 rss: 31Mb L: 20/21 MS: 2 InsertRepeatedBytes-ChangeBinInt-
#3081	REDUCE cov: 30 ft: 127 corp: 35/494b lim: 21 exec/s: 0 rss: 31Mb L: 16/21 MS: 2 ChangeBinInt-CopyPart-
#3130	REDUCE cov: 30 ft: 127 corp: 35/493b lim: 21 exec/s: 0 rss: 31Mb L: 20/20 MS: 4 ChangeBinInt-ChangeASCIIInt-ChangeBinInt-EraseBytes-
#3193	REDUCE cov: 30 ft: 128 corp: 36/513b lim: 21 exec/s: 0 rss: 31Mb L: 20/20 MS: 3 ShuffleBytes-ChangeBinInt-InsertRepeatedBytes-
#3708	REDUCE cov: 30 ft: 128 corp: 36/512b lim: 25 exec/s: 0 rss: 31Mb L: 19/20 MS: 5 ChangeByte-ChangeByte-ShuffleBytes-EraseBytes-InsertRepeatedBytes-
#3911	NEW    cov: 30 ft: 129 corp: 37/527b lim: 25 exec/s: 0 rss: 31Mb L: 15/20 MS: 3 PersAutoDict-InsertRepeatedBytes-EraseBytes- DE: "\025\000\000\000\000\000\000\000"-
#4003	NEW    cov: 30 ft: 130 corp: 38/544b lim: 25 exec/s: 0 rss: 31Mb L: 17/20 MS: 2 ChangeBit-CopyPart-
#4191	NEW    cov: 30 ft: 132 corp: 39/564b lim: 25 exec/s: 0 rss: 31Mb L: 20/20 MS: 3 InsertByte-CrossOver-EraseBytes-
#4282	NEW    cov: 30 ft: 135 corp: 40/581b lim: 25 exec/s: 0 rss: 31Mb L: 17/20 MS: 1 ChangeByte-
#4528	NEW    cov: 30 ft: 136 corp: 41/597b lim: 25 exec/s: 0 rss: 31Mb L: 16/20 MS: 1 ChangeBit-
#4920	NEW    cov: 30 ft: 138 corp: 42/614b lim: 25 exec/s: 0 rss: 31Mb L: 17/20 MS: 2 EraseBytes-CrossOver-
#5021	NEW    cov: 30 ft: 140 corp: 43/631b lim: 25 exec/s: 0 rss: 31Mb L: 17/20 MS: 1 ChangeBit-
#5328	NEW    cov: 30 ft: 141 corp: 44/650b lim: 25 exec/s: 0 rss: 31Mb L: 19/20 MS: 2 ChangeByte-CrossOver-
#5689	NEW    cov: 30 ft: 142 corp: 45/666b lim: 25 exec/s: 0 rss: 31Mb L: 16/20 MS: 1 ChangeBinInt-
#6061	REDUCE cov: 30 ft: 142 corp: 45/664b lim: 25 exec/s: 0 rss: 31Mb L: 15/20 MS: 2 ShuffleBytes-CrossOver-
#6212	NEW    cov: 30 ft: 143 corp: 46/681b lim: 25 exec/s: 0 rss: 31Mb L: 17/20 MS: 1 ChangeByte-
#6662	NEW    cov: 30 ft: 145 corp: 47/710b lim: 29 exec/s: 0 rss: 31Mb L: 29/29 MS: 5 InsertRepeatedBytes-EraseBytes-CopyPart-ShuffleBytes-InsertRepeatedBytes-
#7069	NEW    cov: 30 ft: 146 corp: 48/741b lim: 33 exec/s: 0 rss: 31Mb L: 31/31 MS: 2 ChangeByte-CopyPart-
#7092	NEW    cov: 30 ft: 147 corp: 49/774b lim: 33 exec/s: 0 rss: 31Mb L: 33/33 MS: 3 InsertRepeatedBytes-InsertRepeatedBytes-CopyPart-
#7600	NEW    cov: 30 ft: 149 corp: 50/808b lim: 38 exec/s: 0 rss: 32Mb L: 34/34 MS: 3 EraseBytes-ChangeBinInt-InsertRepeatedBytes-
#7616	NEW    cov: 30 ft: 151 corp: 51/825b lim: 38 exec/s: 0 rss: 32Mb L: 17/34 MS: 1 ShuffleBytes-
#7732	NEW    cov: 30 ft: 153 corp: 52/842b lim: 38 exec/s: 0 rss: 32Mb L: 17/34 MS: 1 ShuffleBytes-
#8089	REDUCE cov: 30 ft: 155 corp: 53/858b lim: 38 exec/s: 0 rss: 32Mb L: 16/34 MS: 2 InsertByte-CopyPart-
#8560	NEW    cov: 30 ft: 164 corp: 54/875b lim: 38 exec/s: 0 rss: 32Mb L: 17/34 MS: 1 ShuffleBytes-
#9836	REDUCE cov: 30 ft: 165 corp: 55/890b lim: 48 exec/s: 0 rss: 32Mb L: 15/34 MS: 1 CopyPart-
#10080	NEW    cov: 30 ft: 167 corp: 56/907b lim: 48 exec/s: 0 rss: 32Mb L: 17/34 MS: 4 ChangeBinInt-ShuffleBytes-ShuffleBytes-ChangeByte-
#10224	NEW    cov: 30 ft: 169 corp: 57/928b lim: 48 exec/s: 0 rss: 32Mb L: 21/34 MS: 4 PersAutoDict-ChangeBit-CMP-CrossOver- DE: "\025\000\000\000\000\000\000\000"-"\377\377\377\377"-
#11842	NEW    cov: 30 ft: 170 corp: 58/944b lim: 63 exec/s: 0 rss: 33Mb L: 16/34 MS: 3 ChangeBinInt-ChangeByte-PersAutoDict- DE: "\025\000\000\000\000\000\000\000"-
#11898	NEW    cov: 30 ft: 172 corp: 59/960b lim: 63 exec/s: 0 rss: 33Mb L: 16/34 MS: 1 ShuffleBytes-
#11957	NEW    cov: 30 ft: 182 corp: 60/981b lim: 63 exec/s: 0 rss: 33Mb L: 21/34 MS: 4 CrossOver-ChangeASCIIInt-ChangeBinInt-CopyPart-
#12479	REDUCE cov: 30 ft: 182 corp: 60/979b lim: 68 exec/s: 0 rss: 33Mb L: 15/34 MS: 2 PersAutoDict-EraseBytes- DE: "\377\377\377\377"-
#13380	NEW    cov: 30 ft: 184 corp: 61/996b lim: 74 exec/s: 0 rss: 33Mb L: 17/34 MS: 1 ShuffleBytes-
#13796	NEW    cov: 30 ft: 185 corp: 62/1019b lim: 74 exec/s: 0 rss: 33Mb L: 23/34 MS: 1 CopyPart-
#13932	NEW    cov: 30 ft: 190 corp: 63/1040b lim: 74 exec/s: 0 rss: 33Mb L: 21/34 MS: 1 CopyPart-
#14018	NEW    cov: 30 ft: 192 corp: 64/1057b lim: 74 exec/s: 0 rss: 33Mb L: 17/34 MS: 1 ChangeBinInt-
#14802	NEW    cov: 30 ft: 193 corp: 65/1080b lim: 80 exec/s: 0 rss: 33Mb L: 23/34 MS: 4 ShuffleBytes-ChangeBinInt-ShuffleBytes-CopyPart-
#14813	NEW    cov: 30 ft: 195 corp: 66/1101b lim: 80 exec/s: 0 rss: 33Mb L: 21/34 MS: 1 ChangeByte-
#14889	NEW    cov: 32 ft: 200 corp: 67/1124b lim: 80 exec/s: 0 rss: 33Mb L: 23/34 MS: 1 CopyPart-
#14990	NEW    cov: 32 ft: 201 corp: 68/1147b lim: 80 exec/s: 0 rss: 33Mb L: 23/34 MS: 1 ChangeBit-
#15801	NEW    cov: 32 ft: 203 corp: 69/1168b lim: 86 exec/s: 0 rss: 33Mb L: 21/34 MS: 1 CopyPart-
#16107	NEW    cov: 32 ft: 205 corp: 70/1191b lim: 86 exec/s: 0 rss: 33Mb L: 23/34 MS: 1 CopyPart-
#16844	NEW    cov: 32 ft: 207 corp: 71/1214b lim: 92 exec/s: 0 rss: 34Mb L: 23/34 MS: 2 CopyPart-ShuffleBytes-
#17916	NEW    cov: 32 ft: 208 corp: 72/1237b lim: 98 exec/s: 0 rss: 34Mb L: 23/34 MS: 2 ChangeBinInt-ChangeBit-
#18003	REDUCE cov: 32 ft: 208 corp: 72/1235b lim: 98 exec/s: 0 rss: 34Mb L: 15/34 MS: 2 EraseBytes-CrossOver-
#18519	NEW    cov: 32 ft: 209 corp: 73/1258b lim: 98 exec/s: 0 rss: 34Mb L: 23/34 MS: 1 ShuffleBytes-
#19130	NEW    cov: 33 ft: 211 corp: 74/1281b lim: 104 exec/s: 0 rss: 34Mb L: 23/34 MS: 1 ChangeByte-
#19596	NEW    cov: 33 ft: 212 corp: 75/1304b lim: 104 exec/s: 0 rss: 34Mb L: 23/34 MS: 1 ChangeByte-
#19862	NEW    cov: 33 ft: 214 corp: 76/1327b lim: 104 exec/s: 0 rss: 34Mb L: 23/34 MS: 1 CrossOver-
#26499	NEW    cov: 33 ft: 215 corp: 77/1350b lim: 163 exec/s: 0 rss: 34Mb L: 23/34 MS: 2 ShuffleBytes-ShuffleBytes-
#28641	NEW    cov: 33 ft: 216 corp: 78/1373b lim: 184 exec/s: 0 rss: 34Mb L: 23/34 MS: 2 ShuffleBytes-ChangeBit-
#29077	NEW    cov: 33 ft: 217 corp: 79/1396b lim: 184 exec/s: 0 rss: 34Mb L: 23/34 MS: 1 ChangeBit-
#29388	NEW    cov: 33 ft: 219 corp: 80/1419b lim: 184 exec/s: 0 rss: 34Mb L: 23/34 MS: 1 ShuffleBytes-
#33509	NEW    cov: 33 ft: 220 corp: 81/1442b lim: 219 exec/s: 0 rss: 35Mb L: 23/34 MS: 1 ChangeByte-
#36226	REDUCE cov: 34 ft: 223 corp: 82/1457b lim: 240 exec/s: 0 rss: 35Mb L: 15/34 MS: 2 CrossOver-ChangeByte-
#41294	NEW    cov: 35 ft: 228 corp: 83/1476b lim: 285 exec/s: 0 rss: 35Mb L: 19/34 MS: 3 InsertByte-InsertByte-CopyPart-
#43375	NEW    cov: 35 ft: 229 corp: 84/1495b lim: 301 exec/s: 0 rss: 35Mb L: 19/34 MS: 1 ChangeByte-
#44011	NEW    cov: 35 ft: 230 corp: 85/1514b lim: 301 exec/s: 0 rss: 35Mb L: 19/34 MS: 1 ChangeBinInt-
#44563	NEW    cov: 35 ft: 231 corp: 86/1533b lim: 301 exec/s: 0 rss: 35Mb L: 19/34 MS: 2 CopyPart-ChangeASCIIInt-
#45219	NEW    cov: 35 ft: 232 corp: 87/1552b lim: 301 exec/s: 0 rss: 35Mb L: 19/34 MS: 1 ChangeByte-
#46405	NEW    cov: 35 ft: 233 corp: 88/1571b lim: 309 exec/s: 0 rss: 35Mb L: 19/34 MS: 1 ChangeASCIIInt-
#46491	NEW    cov: 35 ft: 234 corp: 89/1590b lim: 309 exec/s: 0 rss: 35Mb L: 19/34 MS: 1 ChangeBinInt-
#47129	NEW    cov: 35 ft: 235 corp: 90/1609b lim: 309 exec/s: 0 rss: 35Mb L: 19/34 MS: 3 ChangeBit-ShuffleBytes-CopyPart-
#47186	NEW    cov: 35 ft: 236 corp: 91/1628b lim: 309 exec/s: 0 rss: 35Mb L: 19/34 MS: 2 ChangeByte-ChangeBinInt-
#47364	REDUCE cov: 35 ft: 236 corp: 91/1626b lim: 309 exec/s: 0 rss: 35Mb L: 15/34 MS: 3 ChangeByte-EraseBytes-ChangeBit-
#50571	NEW    cov: 35 ft: 237 corp: 92/1645b lim: 333 exec/s: 0 rss: 35Mb L: 19/34 MS: 2 ShuffleBytes-ShuffleBytes-
#55297	NEW    cov: 35 ft: 238 corp: 93/1664b lim: 373 exec/s: 0 rss: 35Mb L: 19/34 MS: 1 ChangeBit-
#58433	NEW    cov: 35 ft: 239 corp: 94/1683b lim: 397 exec/s: 0 rss: 35Mb L: 19/34 MS: 1 ChangeBit-
#59954	NEW    cov: 35 ft: 240 corp: 95/1706b lim: 405 exec/s: 0 rss: 35Mb L: 23/34 MS: 1 CopyPart-
#67301	NEW    cov: 35 ft: 242 corp: 96/1725b lim: 477 exec/s: 0 rss: 35Mb L: 19/34 MS: 2 ChangeByte-ShuffleBytes-
#68490	REDUCE cov: 35 ft: 242 corp: 96/1723b lim: 485 exec/s: 0 rss: 35Mb L: 15/34 MS: 4 ShuffleBytes-ChangeBinInt-EraseBytes-ChangeByte-
#77049	REDUCE cov: 35 ft: 242 corp: 96/1721b lim: 562 exec/s: 0 rss: 35Mb L: 15/34 MS: 4 ChangeBit-EraseBytes-ShuffleBytes-ChangeByte-
#77633	NEW    cov: 35 ft: 243 corp: 97/1740b lim: 562 exec/s: 0 rss: 35Mb L: 19/34 MS: 4 CMP-ShuffleBytes-ShuffleBytes-ChangeBit- DE: "\000\000"-
#78859	NEW    cov: 35 ft: 244 corp: 98/1763b lim: 571 exec/s: 0 rss: 35Mb L: 23/34 MS: 1 CopyPart-
#85555	NEW    cov: 48 ft: 296 corp: 99/1786b lim: 634 exec/s: 0 rss: 35Mb L: 23/34 MS: 1 CopyPart-
#87477	REDUCE cov: 48 ft: 296 corp: 99/1784b lim: 652 exec/s: 0 rss: 35Mb L: 15/34 MS: 2 EraseBytes-CopyPart-
#91699	REDUCE cov: 48 ft: 296 corp: 99/1780b lim: 688 exec/s: 0 rss: 35Mb L: 16/34 MS: 2 CopyPart-EraseBytes-
#96315	NEW    cov: 48 ft: 305 corp: 100/1803b lim: 733 exec/s: 0 rss: 35Mb L: 23/34 MS: 1 ShuffleBytes-
#100106	NEW    cov: 48 ft: 306 corp: 101/1822b lim: 769 exec/s: 0 rss: 35Mb L: 19/34 MS: 1 ChangeBinInt-
#101228	REDUCE cov: 48 ft: 306 corp: 101/1820b lim: 778 exec/s: 0 rss: 35Mb L: 15/34 MS: 2 EraseBytes-ChangeByte-
#105337	NEW    cov: 48 ft: 307 corp: 102/1849b lim: 814 exec/s: 0 rss: 35Mb L: 29/34 MS: 4 CopyPart-CopyPart-InsertByte-EraseBytes-
#116078	NEW    cov: 48 ft: 308 corp: 103/1868b lim: 913 exec/s: 0 rss: 35Mb L: 19/34 MS: 1 ChangeBit-
#117084	NEW    cov: 48 ft: 309 corp: 104/1897b lim: 922 exec/s: 0 rss: 35Mb L: 29/34 MS: 1 ChangeBinInt-
#120921	REDUCE cov: 48 ft: 309 corp: 104/1895b lim: 958 exec/s: 0 rss: 35Mb L: 17/34 MS: 2 InsertByte-EraseBytes-
#121928	REDUCE cov: 48 ft: 309 corp: 104/1893b lim: 967 exec/s: 0 rss: 35Mb L: 17/34 MS: 2 ChangeBit-EraseBytes-
#138719	NEW    cov: 48 ft: 310 corp: 105/1910b lim: 1130 exec/s: 0 rss: 35Mb L: 17/34 MS: 1 ChangeByte-
#144145	NEW    cov: 48 ft: 311 corp: 106/1933b lim: 1180 exec/s: 0 rss: 35Mb L: 23/34 MS: 1 ChangeByte-
#160311	NEW    cov: 48 ft: 312 corp: 107/1956b lim: 1340 exec/s: 0 rss: 35Mb L: 23/34 MS: 1 ChangeBit-
#161948	NEW    cov: 48 ft: 313 corp: 108/1975b lim: 1350 exec/s: 0 rss: 35Mb L: 19/34 MS: 2 ChangeASCIIInt-ChangeBit-
#162529	NEW    cov: 48 ft: 314 corp: 109/1994b lim: 1350 exec/s: 0 rss: 35Mb L: 19/34 MS: 1 CrossOver-
#163792	REDUCE cov: 48 ft: 314 corp: 109/1992b lim: 1360 exec/s: 0 rss: 35Mb L: 15/34 MS: 3 EraseBytes-ShuffleBytes-CrossOver-
#164260	REDUCE cov: 48 ft: 314 corp: 109/1990b lim: 1360 exec/s: 0 rss: 35Mb L: 15/34 MS: 3 EraseBytes-InsertByte-InsertByte-
#191326	NEW    cov: 50 ft: 324 corp: 110/2013b lim: 1620 exec/s: 0 rss: 35Mb L: 23/34 MS: 1 ChangeByte-
#203940	REDUCE cov: 50 ft: 324 corp: 110/2011b lim: 1740 exec/s: 0 rss: 35Mb L: 17/34 MS: 4 ChangeBinInt-PersAutoDict-CrossOver-EraseBytes- DE: "\000\000"-
#216367	REDUCE cov: 50 ft: 324 corp: 110/2010b lim: 1860 exec/s: 0 rss: 35Mb L: 22/34 MS: 2 ChangeBit-EraseBytes-
#221284	NEW    cov: 50 ft: 325 corp: 111/2033b lim: 1900 exec/s: 0 rss: 35Mb L: 23/34 MS: 2 ChangeBit-CopyPart-
#235217	NEW    cov: 50 ft: 329 corp: 112/2053b lim: 2030 exec/s: 0 rss: 35Mb L: 20/34 MS: 3 ChangeBit-EraseBytes-CrossOver-
#263623	NEW    cov: 50 ft: 331 corp: 113/2076b lim: 2303 exec/s: 0 rss: 35Mb L: 23/34 MS: 1 CopyPart-
#275820	NEW    cov: 50 ft: 332 corp: 114/2099b lim: 2424 exec/s: 0 rss: 35Mb L: 23/34 MS: 2 ChangeByte-ChangeByte-
#279128	REDUCE cov: 50 ft: 332 corp: 114/2097b lim: 2446 exec/s: 0 rss: 35Mb L: 21/34 MS: 3 CopyPart-ShuffleBytes-EraseBytes-
#293009	REDUCE cov: 50 ft: 333 corp: 115/2114b lim: 2578 exec/s: 0 rss: 35Mb L: 17/34 MS: 1 ChangeByte-
#293455	NEW    cov: 50 ft: 334 corp: 116/2131b lim: 2578 exec/s: 0 rss: 35Mb L: 17/34 MS: 1 ChangeByte-
#299336	NEW    cov: 50 ft: 337 corp: 117/2154b lim: 2633 exec/s: 0 rss: 35Mb L: 23/34 MS: 1 ChangeByte-
#302083	REDUCE cov: 50 ft: 337 corp: 117/2152b lim: 2655 exec/s: 0 rss: 35Mb L: 18/34 MS: 2 ChangeByte-EraseBytes-
#307610	REDUCE cov: 50 ft: 337 corp: 117/2150b lim: 2710 exec/s: 0 rss: 35Mb L: 15/34 MS: 2 CopyPart-EraseBytes-
#315707	REDUCE cov: 50 ft: 337 corp: 117/2148b lim: 2787 exec/s: 0 rss: 35Mb L: 19/34 MS: 2 ChangeByte-EraseBytes-
#332598	REDUCE cov: 50 ft: 337 corp: 117/2145b lim: 2952 exec/s: 0 rss: 35Mb L: 16/34 MS: 1 EraseBytes-
#365229	NEW    cov: 50 ft: 340 corp: 118/2174b lim: 3271 exec/s: 0 rss: 35Mb L: 29/34 MS: 1 ChangeByte-
#379076	REDUCE cov: 50 ft: 340 corp: 118/2172b lim: 3403 exec/s: 0 rss: 35Mb L: 17/34 MS: 2 ChangeByte-EraseBytes-
#379174	NEW    cov: 50 ft: 341 corp: 119/2201b lim: 3403 exec/s: 0 rss: 35Mb L: 29/34 MS: 3 CrossOver-ChangeByte-ChangeByte-
#387242	REDUCE cov: 50 ft: 341 corp: 119/2199b lim: 3480 exec/s: 0 rss: 35Mb L: 17/34 MS: 3 EraseBytes-CopyPart-ChangeBinInt-
#404379	REDUCE cov: 50 ft: 341 corp: 119/2197b lim: 3645 exec/s: 0 rss: 36Mb L: 15/34 MS: 2 ChangeBinInt-EraseBytes-
#404845	NEW    cov: 50 ft: 342 corp: 120/2226b lim: 3645 exec/s: 0 rss: 36Mb L: 29/34 MS: 1 ChangeByte-
#410993	REDUCE cov: 50 ft: 342 corp: 120/2225b lim: 3700 exec/s: 0 rss: 36Mb L: 15/34 MS: 3 ChangeBinInt-EraseBytes-ChangeByte-
#419600	REDUCE cov: 50 ft: 342 corp: 120/2222b lim: 3777 exec/s: 0 rss: 36Mb L: 20/34 MS: 2 EraseBytes-ChangeBinInt-
#420045	NEW    cov: 50 ft: 343 corp: 121/2245b lim: 3777 exec/s: 0 rss: 36Mb L: 23/34 MS: 5 PersAutoDict-ShuffleBytes-CopyPart-CrossOver-CMP- DE: "\000\000"-"\000\000\0009"-
#423311	NEW    cov: 50 ft: 344 corp: 122/2268b lim: 3799 exec/s: 0 rss: 36Mb L: 23/34 MS: 1 CrossOver-
#430918	NEW    cov: 50 ft: 345 corp: 123/2291b lim: 3865 exec/s: 430918 rss: 36Mb L: 23/34 MS: 5 CMP-CrossOver-EraseBytes-ChangeASCIIInt-PersAutoDict- DE: "\001\000\000\000\000\000\000\""-"\001\000\000\000\000\000\000\016"-
#432287	NEW    cov: 50 ft: 346 corp: 124/2314b lim: 3876 exec/s: 432287 rss: 36Mb L: 23/34 MS: 4 ShuffleBytes-PersAutoDict-ChangeBit-ChangeByte- DE: "\025\000\000\000\000\000\000\000"-
#436118	NEW    cov: 50 ft: 347 corp: 125/2331b lim: 3909 exec/s: 436118 rss: 36Mb L: 17/34 MS: 1 ChangeBit-
#466690	NEW    cov: 50 ft: 349 corp: 126/2354b lim: 4096 exec/s: 466690 rss: 36Mb L: 23/34 MS: 2 ChangeASCIIInt-ShuffleBytes-
#471745	REDUCE cov: 50 ft: 349 corp: 126/2351b lim: 4096 exec/s: 471745 rss: 36Mb L: 16/34 MS: 5 CMP-PersAutoDict-ChangeByte-EraseBytes-CrossOver- DE: "3\000\000\000"-"\377\377\377\377"-
#472562	NEW    cov: 50 ft: 353 corp: 127/2374b lim: 4096 exec/s: 472562 rss: 36Mb L: 23/34 MS: 2 ChangeByte-ChangeASCIIInt-
#490193	NEW    cov: 50 ft: 354 corp: 128/2391b lim: 4096 exec/s: 490193 rss: 36Mb L: 17/34 MS: 1 ChangeASCIIInt-
#493589	NEW    cov: 50 ft: 355 corp: 129/2408b lim: 4096 exec/s: 493589 rss: 36Mb L: 17/34 MS: 1 CopyPart-
#493870	NEW    cov: 50 ft: 356 corp: 130/2425b lim: 4096 exec/s: 493870 rss: 36Mb L: 17/34 MS: 1 ChangeASCIIInt-
#494256	NEW    cov: 50 ft: 357 corp: 131/2442b lim: 4096 exec/s: 494256 rss: 36Mb L: 17/34 MS: 1 ShuffleBytes-
#496027	NEW    cov: 50 ft: 358 corp: 132/2459b lim: 4096 exec/s: 496027 rss: 36Mb L: 17/34 MS: 1 ChangeASCIIInt-
#496848	NEW    cov: 50 ft: 359 corp: 133/2476b lim: 4096 exec/s: 496848 rss: 36Mb L: 17/34 MS: 1 ChangeASCIIInt-
#497124	NEW    cov: 50 ft: 360 corp: 134/2493b lim: 4096 exec/s: 497124 rss: 36Mb L: 17/34 MS: 1 ChangeBinInt-
#499070	NEW    cov: 50 ft: 361 corp: 135/2510b lim: 4096 exec/s: 499070 rss: 36Mb L: 17/34 MS: 1 ShuffleBytes-
#499636	NEW    cov: 50 ft: 362 corp: 136/2527b lim: 4096 exec/s: 499636 rss: 36Mb L: 17/34 MS: 1 ChangeByte-
#499878	NEW    cov: 50 ft: 363 corp: 137/2544b lim: 4096 exec/s: 499878 rss: 36Mb L: 17/34 MS: 2 CrossOver-ChangeASCIIInt-
#500659	NEW    cov: 50 ft: 364 corp: 138/2561b lim: 4096 exec/s: 500659 rss: 36Mb L: 17/34 MS: 1 ShuffleBytes-
#500949	REDUCE cov: 50 ft: 364 corp: 138/2559b lim: 4096 exec/s: 500949 rss: 36Mb L: 17/34 MS: 5 CrossOver-PersAutoDict-PersAutoDict-EraseBytes-CrossOver- DE: "\001\000\000\000\000\000\000\""-"\377\377\377\377"-
#503965	NEW    cov: 50 ft: 365 corp: 139/2576b lim: 4096 exec/s: 503965 rss: 36Mb L: 17/34 MS: 1 CopyPart-
#504342	NEW    cov: 50 ft: 366 corp: 140/2593b lim: 4096 exec/s: 504342 rss: 36Mb L: 17/34 MS: 2 ChangeASCIIInt-ChangeBit-
#507298	NEW    cov: 50 ft: 367 corp: 141/2610b lim: 4096 exec/s: 507298 rss: 36Mb L: 17/34 MS: 1 CopyPart-
#513355	NEW    cov: 50 ft: 368 corp: 142/2627b lim: 4096 exec/s: 513355 rss: 36Mb L: 17/34 MS: 2 ChangeASCIIInt-ChangeASCIIInt-
#531666	NEW    cov: 50 ft: 369 corp: 143/2644b lim: 4096 exec/s: 531666 rss: 36Mb L: 17/34 MS: 1 CopyPart-
#537842	NEW    cov: 50 ft: 370 corp: 144/2661b lim: 4096 exec/s: 537842 rss: 36Mb L: 17/34 MS: 1 ChangeByte-
#540078	NEW    cov: 50 ft: 372 corp: 145/2678b lim: 4096 exec/s: 540078 rss: 36Mb L: 17/34 MS: 1 ChangeBit-
#547481	NEW    cov: 50 ft: 373 corp: 146/2695b lim: 4096 exec/s: 547481 rss: 36Mb L: 17/34 MS: 3 ChangeBit-ChangeBinInt-CrossOver-
#553227	NEW    cov: 50 ft: 374 corp: 147/2712b lim: 4096 exec/s: 553227 rss: 36Mb L: 17/34 MS: 1 CopyPart-
#568383	NEW    cov: 50 ft: 375 corp: 148/2729b lim: 4096 exec/s: 568383 rss: 36Mb L: 17/34 MS: 1 CrossOver-
#577314	NEW    cov: 50 ft: 376 corp: 149/2746b lim: 4096 exec/s: 577314 rss: 36Mb L: 17/34 MS: 1 ChangeASCIIInt-
#578140	NEW    cov: 50 ft: 378 corp: 150/2763b lim: 4096 exec/s: 578140 rss: 36Mb L: 17/34 MS: 1 ChangeASCIIInt-
#579381	NEW    cov: 50 ft: 379 corp: 151/2780b lim: 4096 exec/s: 579381 rss: 36Mb L: 17/34 MS: 1 ChangeASCIIInt-
#583422	NEW    cov: 50 ft: 380 corp: 152/2797b lim: 4096 exec/s: 583422 rss: 36Mb L: 17/34 MS: 1 ChangeASCIIInt-
#584873	NEW    cov: 50 ft: 381 corp: 153/2814b lim: 4096 exec/s: 584873 rss: 36Mb L: 17/34 MS: 1 ChangeASCIIInt-
#586564	NEW    cov: 50 ft: 382 corp: 154/2831b lim: 4096 exec/s: 586564 rss: 36Mb L: 17/34 MS: 1 ChangeASCIIInt-
#593174	REDUCE cov: 50 ft: 382 corp: 154/2829b lim: 4096 exec/s: 593174 rss: 36Mb L: 21/34 MS: 5 ChangeBinInt-CopyPart-ChangeASCIIInt-ChangeBinInt-EraseBytes-
#593696	NEW    cov: 50 ft: 383 corp: 155/2846b lim: 4096 exec/s: 593696 rss: 36Mb L: 17/34 MS: 2 CopyPart-ChangeBit-
#651057	NEW    cov: 50 ft: 384 corp: 156/2869b lim: 4096 exec/s: 651057 rss: 36Mb L: 23/34 MS: 1 ChangeBit-
#673202	REDUCE cov: 50 ft: 384 corp: 156/2867b lim: 4096 exec/s: 673202 rss: 36Mb L: 19/34 MS: 5 PersAutoDict-ChangeByte-CopyPart-ShuffleBytes-EraseBytes- DE: "\025\000\000\000\000\000\000\000"-
#694416	REDUCE cov: 50 ft: 384 corp: 156/2865b lim: 4096 exec/s: 694416 rss: 36Mb L: 17/34 MS: 4 ChangeBinInt-InsertByte-ChangeASCIIInt-EraseBytes-
#695589	REDUCE cov: 50 ft: 384 corp: 156/2864b lim: 4096 exec/s: 695589 rss: 36Mb L: 22/34 MS: 3 CopyPart-EraseBytes-ChangeBit-
#701881	NEW    cov: 50 ft: 387 corp: 157/2887b lim: 4096 exec/s: 701881 rss: 36Mb L: 23/34 MS: 2 ShuffleBytes-ChangeASCIIInt-
#720116	REDUCE cov: 50 ft: 387 corp: 157/2885b lim: 4096 exec/s: 720116 rss: 36Mb L: 17/34 MS: 5 ChangeBit-PersAutoDict-ChangeBinInt-CopyPart-EraseBytes- DE: "\377\377\377\377"-
#813728	REDUCE cov: 50 ft: 387 corp: 157/2883b lim: 4096 exec/s: 813728 rss: 36Mb L: 20/34 MS: 2 EraseBytes-ChangeBinInt-
#841771	REDUCE cov: 50 ft: 387 corp: 157/2881b lim: 4096 exec/s: 841771 rss: 36Mb L: 17/34 MS: 3 ChangeBinInt-CMP-EraseBytes- DE: "Z\000"-
#845953	NEW    cov: 50 ft: 388 corp: 158/2897b lim: 4096 exec/s: 845953 rss: 36Mb L: 16/34 MS: 2 InsertByte-InsertByte-
#847011	REDUCE cov: 50 ft: 388 corp: 158/2896b lim: 4096 exec/s: 847011 rss: 36Mb L: 15/34 MS: 3 InsertByte-ChangeASCIIInt-EraseBytes-
#847097	REDUCE cov: 50 ft: 389 corp: 159/2911b lim: 4096 exec/s: 847097 rss: 36Mb L: 15/34 MS: 1 CrossOver-
#847514	REDUCE cov: 50 ft: 389 corp: 159/2909b lim: 4096 exec/s: 847514 rss: 36Mb L: 15/34 MS: 2 InsertByte-EraseBytes-
#905612	REDUCE cov: 50 ft: 389 corp: 159/2907b lim: 4096 exec/s: 452806 rss: 36Mb L: 18/34 MS: 3 EraseBytes-CrossOver-EraseBytes-
#961413	REDUCE cov: 50 ft: 389 corp: 159/2904b lim: 4096 exec/s: 480706 rss: 36Mb L: 20/34 MS: 1 EraseBytes-
#1006969	NEW    cov: 50 ft: 390 corp: 160/2927b lim: 4096 exec/s: 503484 rss: 36Mb L: 23/34 MS: 1 ChangeBit-
#1048576	pulse  cov: 50 ft: 390 corp: 160/2927b lim: 4096 exec/s: 524288 rss: 36Mb
#1207857	REDUCE cov: 50 ft: 390 corp: 160/2926b lim: 4096 exec/s: 603928 rss: 36Mb L: 16/34 MS: 3 EraseBytes-ChangeByte-ChangeByte-
#1234675	NEW    cov: 50 ft: 393 corp: 161/2949b lim: 4096 exec/s: 617337 rss: 36Mb L: 23/34 MS: 3 ChangeBit-ChangeASCIIInt-CrossOver-
#1341239	REDUCE cov: 50 ft: 393 corp: 161/2947b lim: 4096 exec/s: 447079 rss: 36Mb L: 16/34 MS: 4 ChangeByte-CopyPart-EraseBytes-ChangeByte-
#1611923	REDUCE cov: 50 ft: 393 corp: 161/2945b lim: 4096 exec/s: 537307 rss: 36Mb L: 15/34 MS: 4 PersAutoDict-PersAutoDict-EraseBytes-PersAutoDict- DE: "\000\000"-"\000\000\0009"-"\377\377\377\377"-
#1617371	REDUCE cov: 50 ft: 393 corp: 161/2942b lim: 4096 exec/s: 539123 rss: 36Mb L: 20/34 MS: 3 CopyPart-ChangeBit-EraseBytes-
#1686733	REDUCE cov: 50 ft: 393 corp: 161/2940b lim: 4096 exec/s: 562244 rss: 36Mb L: 15/34 MS: 2 EraseBytes-ChangeBinInt-
#1713405	NEW    cov: 50 ft: 395 corp: 162/2963b lim: 4096 exec/s: 571135 rss: 36Mb L: 23/34 MS: 2 ShuffleBytes-CopyPart-
#1829187	REDUCE cov: 50 ft: 395 corp: 162/2961b lim: 4096 exec/s: 457296 rss: 36Mb L: 17/34 MS: 2 ChangeByte-EraseBytes-
#1938116	REDUCE cov: 50 ft: 395 corp: 162/2959b lim: 4096 exec/s: 484529 rss: 36Mb L: 27/34 MS: 4 EraseBytes-PersAutoDict-CopyPart-InsertByte- DE: "\000\000"-
#2097152	pulse  cov: 50 ft: 395 corp: 162/2959b lim: 4096 exec/s: 524288 rss: 36Mb
#2099863	NEW    cov: 50 ft: 397 corp: 163/2988b lim: 4096 exec/s: 524965 rss: 36Mb L: 29/34 MS: 2 ChangeBit-ShuffleBytes-
#2167253	REDUCE cov: 50 ft: 397 corp: 163/2987b lim: 4096 exec/s: 541813 rss: 36Mb L: 15/34 MS: 5 EraseBytes-CMP-CrossOver-ShuffleBytes-ChangeBit- DE: "\377b"-
#2271781	REDUCE cov: 50 ft: 397 corp: 163/2984b lim: 4096 exec/s: 454356 rss: 36Mb L: 20/34 MS: 3 CopyPart-CopyPart-EraseBytes-
#2312864	REDUCE cov: 50 ft: 397 corp: 163/2980b lim: 4096 exec/s: 462572 rss: 36Mb L: 16/34 MS: 3 ChangeByte-ChangeBinInt-EraseBytes-
#2347995	NEW    cov: 50 ft: 399 corp: 164/3009b lim: 4096 exec/s: 469599 rss: 36Mb L: 29/34 MS: 1 ChangeBit-
#2393617	REDUCE cov: 50 ft: 399 corp: 164/3007b lim: 4096 exec/s: 478723 rss: 36Mb L: 15/34 MS: 2 EraseBytes-ChangeByte-
#2582105	REDUCE cov: 50 ft: 399 corp: 164/3006b lim: 4096 exec/s: 516421 rss: 36Mb L: 16/34 MS: 3 ChangeBit-ChangeBit-EraseBytes-
#2689239	NEW    cov: 50 ft: 401 corp: 165/3029b lim: 4096 exec/s: 448206 rss: 36Mb L: 23/34 MS: 4 ShuffleBytes-CopyPart-ShuffleBytes-CopyPart-
#2813324	NEW    cov: 50 ft: 404 corp: 166/3052b lim: 4096 exec/s: 468887 rss: 36Mb L: 23/34 MS: 5 ShuffleBytes-CrossOver-CopyPart-CrossOver-ChangeBit-
#2831455	NEW    cov: 50 ft: 405 corp: 167/3081b lim: 4096 exec/s: 471909 rss: 36Mb L: 29/34 MS: 1 ChangeBit-
#2906177	REDUCE cov: 50 ft: 405 corp: 167/3079b lim: 4096 exec/s: 484362 rss: 36Mb L: 15/34 MS: 2 PersAutoDict-EraseBytes- DE: "\377\377\377\377"-
#3024774	REDUCE cov: 50 ft: 405 corp: 167/3077b lim: 4096 exec/s: 504129 rss: 36Mb L: 25/34 MS: 2 EraseBytes-ChangeByte-
#3027106	REDUCE cov: 50 ft: 405 corp: 167/3075b lim: 4096 exec/s: 504517 rss: 36Mb L: 17/34 MS: 2 ChangeByte-EraseBytes-
#3168413	REDUCE cov: 50 ft: 405 corp: 167/3073b lim: 4096 exec/s: 452630 rss: 36Mb L: 15/34 MS: 2 EraseBytes-CopyPart-
#3263170	REDUCE cov: 50 ft: 405 corp: 167/3071b lim: 4096 exec/s: 466167 rss: 36Mb L: 17/34 MS: 2 InsertByte-EraseBytes-
#3477603	REDUCE cov: 50 ft: 405 corp: 167/3070b lim: 4096 exec/s: 496800 rss: 36Mb L: 16/34 MS: 3 EraseBytes-ChangeBinInt-PersAutoDict- DE: "Z\000"-
#3529225	REDUCE cov: 50 ft: 405 corp: 167/3068b lim: 4096 exec/s: 504175 rss: 36Mb L: 15/34 MS: 2 EraseBytes-InsertByte-
#3795482	REDUCE cov: 50 ft: 405 corp: 167/3067b lim: 4096 exec/s: 474435 rss: 36Mb L: 18/34 MS: 2 ChangeBinInt-EraseBytes-
#4039659	NEW    cov: 50 ft: 406 corp: 168/3090b lim: 4096 exec/s: 448851 rss: 36Mb L: 23/34 MS: 2 ChangeBit-CopyPart-
#4042016	REDUCE cov: 50 ft: 408 corp: 169/3112b lim: 4096 exec/s: 449112 rss: 36Mb L: 22/34 MS: 2 ShuffleBytes-CopyPart-
#4181805	REDUCE cov: 50 ft: 408 corp: 169/3106b lim: 4096 exec/s: 464645 rss: 36Mb L: 19/34 MS: 4 ChangeBinInt-EraseBytes-ShuffleBytes-InsertByte-
#4187999	REDUCE cov: 50 ft: 408 corp: 169/3104b lim: 4096 exec/s: 465333 rss: 36Mb L: 17/34 MS: 4 ChangeASCIIInt-EraseBytes-ChangeBit-ChangeBinInt-
#4241743	REDUCE cov: 50 ft: 408 corp: 169/3102b lim: 4096 exec/s: 471304 rss: 36Mb L: 15/34 MS: 4 ChangeBit-CopyPart-ChangeASCIIInt-EraseBytes-
#5002755	REDUCE cov: 50 ft: 408 corp: 169/3100b lim: 4096 exec/s: 454795 rss: 36Mb L: 17/34 MS: 2 CMP-EraseBytes- DE: "\377\377\377\377\377\377\377\030"-
#5325314	REDUCE cov: 50 ft: 408 corp: 169/3098b lim: 4096 exec/s: 484119 rss: 36Mb L: 17/34 MS: 4 CopyPart-EraseBytes-ShuffleBytes-ChangeBinInt-
#5587603	REDUCE cov: 50 ft: 408 corp: 169/3096b lim: 4096 exec/s: 465633 rss: 36Mb L: 16/34 MS: 4 ChangeByte-CopyPart-PersAutoDict-EraseBytes- DE: "\377\377\377\377"-
#5845680	REDUCE cov: 50 ft: 408 corp: 169/3094b lim: 4096 exec/s: 449667 rss: 36Mb L: 15/34 MS: 2 EraseBytes-ChangeByte-
#6850912	REDUCE cov: 50 ft: 408 corp: 169/3092b lim: 4096 exec/s: 456727 rss: 36Mb L: 17/34 MS: 2 EraseBytes-ChangeBinInt-
#6917493	NEW    cov: 50 ft: 409 corp: 170/3109b lim: 4096 exec/s: 461166 rss: 36Mb L: 17/34 MS: 1 ShuffleBytes-
#6917709	NEW    cov: 50 ft: 410 corp: 171/3126b lim: 4096 exec/s: 461180 rss: 36Mb L: 17/34 MS: 1 ChangeASCIIInt-
#7086892	REDUCE cov: 50 ft: 410 corp: 171/3125b lim: 4096 exec/s: 472459 rss: 36Mb L: 22/34 MS: 3 ChangeBit-CrossOver-EraseBytes-
#7309464	REDUCE cov: 50 ft: 410 corp: 171/3124b lim: 4096 exec/s: 456841 rss: 36Mb L: 16/34 MS: 2 ChangeBit-EraseBytes-
#7569636	REDUCE cov: 50 ft: 410 corp: 171/3122b lim: 4096 exec/s: 445272 rss: 36Mb L: 21/34 MS: 2 ChangeByte-EraseBytes-
#7806525	REDUCE cov: 50 ft: 410 corp: 171/3120b lim: 4096 exec/s: 459207 rss: 36Mb L: 15/34 MS: 4 InsertByte-InsertByte-ChangeByte-EraseBytes-
#7869938	REDUCE cov: 50 ft: 410 corp: 171/3117b lim: 4096 exec/s: 462937 rss: 36Mb L: 20/34 MS: 3 EraseBytes-ShuffleBytes-ChangeBit-
#8059797	REDUCE cov: 50 ft: 410 corp: 171/3115b lim: 4096 exec/s: 447766 rss: 36Mb L: 15/34 MS: 4 CMP-PersAutoDict-ShuffleBytes-EraseBytes- DE: "\0005"-"\377\377\377\377"-
#8388608	pulse  cov: 50 ft: 410 corp: 171/3115b lim: 4096 exec/s: 466033 rss: 36Mb
#8740785	REDUCE cov: 50 ft: 410 corp: 171/3113b lim: 4096 exec/s: 460041 rss: 36Mb L: 27/34 MS: 3 CopyPart-EraseBytes-ChangeByte-
#9455372	REDUCE cov: 50 ft: 410 corp: 171/3112b lim: 4096 exec/s: 450255 rss: 36Mb L: 16/34 MS: 2 EraseBytes-ChangeBinInt-
#9538838	NEW    cov: 50 ft: 411 corp: 172/3146b lim: 4096 exec/s: 454230 rss: 36Mb L: 34/34 MS: 1 InsertRepeatedBytes-
#9539554	REDUCE cov: 50 ft: 411 corp: 172/3145b lim: 4096 exec/s: 454264 rss: 36Mb L: 33/34 MS: 1 EraseBytes-
#9569727	REDUCE cov: 50 ft: 411 corp: 172/3144b lim: 4096 exec/s: 455701 rss: 36Mb L: 22/34 MS: 3 EraseBytes-ShuffleBytes-ChangeBit-
#9613823	REDUCE cov: 50 ft: 411 corp: 172/3143b lim: 4096 exec/s: 457801 rss: 36Mb L: 32/34 MS: 1 EraseBytes-
#9688945	REDUCE cov: 50 ft: 411 corp: 172/3142b lim: 4096 exec/s: 461378 rss: 36Mb L: 16/34 MS: 2 EraseBytes-ChangeBit-
#9715642	REDUCE cov: 50 ft: 411 corp: 172/3141b lim: 4096 exec/s: 462649 rss: 36Mb L: 16/34 MS: 2 ChangeBit-EraseBytes-
#9983054	NEW    cov: 50 ft: 414 corp: 173/3164b lim: 4096 exec/s: 453775 rss: 36Mb L: 23/34 MS: 2 CopyPart-EraseBytes-
#10002310	NEW    cov: 50 ft: 415 corp: 174/3187b lim: 4096 exec/s: 454650 rss: 36Mb L: 23/34 MS: 1 ChangeBit-
#10079046	NEW    cov: 50 ft: 416 corp: 175/3210b lim: 4096 exec/s: 458138 rss: 36Mb L: 23/34 MS: 1 ChangeBit-
#10200007	NEW    cov: 50 ft: 417 corp: 176/3233b lim: 4096 exec/s: 443478 rss: 36Mb L: 23/34 MS: 1 ChangeBit-
#10216934	REDUCE cov: 50 ft: 417 corp: 176/3232b lim: 4096 exec/s: 444214 rss: 36Mb L: 16/34 MS: 2 ChangeBit-EraseBytes-
#10372976	REDUCE cov: 50 ft: 417 corp: 176/3230b lim: 4096 exec/s: 450998 rss: 36Mb L: 17/34 MS: 2 InsertByte-EraseBytes-
#11403068	REDUCE cov: 50 ft: 417 corp: 176/3229b lim: 4096 exec/s: 456122 rss: 36Mb L: 16/34 MS: 2 EraseBytes-ChangeBinInt-
#11538535	REDUCE cov: 50 ft: 417 corp: 176/3228b lim: 4096 exec/s: 443789 rss: 36Mb L: 16/34 MS: 2 EraseBytes-ChangeBit-
#13019354	REDUCE cov: 50 ft: 417 corp: 176/3226b lim: 4096 exec/s: 448943 rss: 36Mb L: 15/34 MS: 4 CopyPart-CMP-PersAutoDict-EraseBytes- DE: "\000z"-"\377\377\377\377"-
#13774062	REDUCE cov: 50 ft: 417 corp: 176/3225b lim: 4096 exec/s: 444324 rss: 36Mb L: 16/34 MS: 3 ChangeByte-ChangeByte-EraseBytes-
#14187216	REDUCE cov: 50 ft: 417 corp: 176/3224b lim: 4096 exec/s: 443350 rss: 36Mb L: 16/34 MS: 4 ChangeBit-ShuffleBytes-EraseBytes-CopyPart-
#15534918	REDUCE cov: 50 ft: 417 corp: 176/3223b lim: 4096 exec/s: 443854 rss: 37Mb L: 16/34 MS: 2 EraseBytes-ChangeByte-
#15708070	REDUCE cov: 50 ft: 417 corp: 176/3222b lim: 4096 exec/s: 448802 rss: 37Mb L: 16/34 MS: 2 EraseBytes-ChangeBinInt-
#15979837	REDUCE cov: 50 ft: 417 corp: 176/3221b lim: 4096 exec/s: 443884 rss: 37Mb L: 16/34 MS: 2 EraseBytes-ChangeBit-
#16336540	REDUCE cov: 50 ft: 417 corp: 176/3220b lim: 4096 exec/s: 453792 rss: 37Mb L: 22/34 MS: 3 EraseBytes-ChangeBinInt-ChangeBit-
#16777216	pulse  cov: 50 ft: 417 corp: 176/3220b lim: 4096 exec/s: 453438 rss: 37Mb
#17171713	REDUCE cov: 50 ft: 417 corp: 176/3214b lim: 4096 exec/s: 451887 rss: 37Mb L: 16/34 MS: 3 EraseBytes-ShuffleBytes-CopyPart-
#17244275	REDUCE cov: 50 ft: 418 corp: 177/3230b lim: 4096 exec/s: 453796 rss: 37Mb L: 16/34 MS: 2 CrossOver-ChangeBit-
#17259498	REDUCE cov: 50 ft: 418 corp: 177/3229b lim: 4096 exec/s: 442551 rss: 37Mb L: 16/34 MS: 3 ChangeBit-ChangeBinInt-EraseBytes-
#17642121	REDUCE cov: 50 ft: 418 corp: 177/3225b lim: 4096 exec/s: 452362 rss: 37Mb L: 16/34 MS: 3 EraseBytes-ShuffleBytes-CopyPart-
#17765465	REDUCE cov: 50 ft: 418 corp: 177/3224b lim: 4096 exec/s: 444136 rss: 37Mb L: 16/34 MS: 4 ChangeBit-ChangeBit-ChangeBit-EraseBytes-
#18309319	REDUCE cov: 50 ft: 418 corp: 177/3222b lim: 4096 exec/s: 446568 rss: 37Mb L: 18/34 MS: 4 CopyPart-EraseBytes-ChangeBinInt-CopyPart-
panic: found special char in iban [recovered]
	panic: found special char in iban

goroutine 17 [running, locked to thread]:
git.ultraware.nl/iddinkgroep/fundament-api.Fuzz.func1()
	git.ultraware.nl/iddinkgroep/fundament-api/fuzz.go:19 +0xa5
panic({0x55b1b7ab0760?, 0x55b1b7ac3c70?})
	runtime/panic.go:914 +0x21f
git.ultraware.nl/iddinkgroep/fundament-api.Fuzz({0xc000215110, 0x17})
	git.ultraware.nl/iddinkgroep/fundament-api/fuzz.go:34 +0x2b9
git.ultraware.nl/iddinkgroep/fundament-api.Fuzz_(...)
	git.ultraware.nl/iddinkgroep/fundament-api/fuzz.1527825026.go:6
main.LLVMFuzzerTestOneInput(...)
	./main.170485750.go:21
==7106== ERROR: libFuzzer: deadly signal
    #0 0x55b1b79d3630 in __sanitizer_print_stack_trace (/seedai/experiments/libfuzzer/source_iban/libfuzzer+0xaf630) (BuildId: 688cb25bec4564588da2a67f6a2b25148a0fd5d4)
    #1 0x55b1b799f755 in fuzzer::PrintStackTrace() (/seedai/experiments/libfuzzer/source_iban/libfuzzer+0x7b755) (BuildId: 688cb25bec4564588da2a67f6a2b25148a0fd5d4)
    #2 0x55b1b797e3a9 in fuzzer::Fuzzer::CrashCallback() (.part.0) FuzzerLoop.cpp.o
    #3 0x55b1b797e46a in fuzzer::Fuzzer::StaticCrashSignalCallback() (/seedai/experiments/libfuzzer/source_iban/libfuzzer+0x5a46a) (BuildId: 688cb25bec4564588da2a67f6a2b25148a0fd5d4)
    #4 0x7f35d484e70f  (/usr/lib/libc.so.6+0x3e70f) (BuildId: 316d0d3666387f0e8fb98773f51aa1801027c5ab)
    #5 0x55b1b7a33160 in runtime.raise.abi0 runtime/sys_linux_amd64.s:153

NOTE: libFuzzer has rudimentary signal handlers.
      Combine libFuzzer with AddressSanitizer or similar for better crash reports.
SUMMARY: libFuzzer: deadly signal
MS: 4 CrossOver-InsertByte-EraseBytes-InsertByte-; base unit: b92dd4bcf60f6bf7d4385ae0c4a890f114634a54
0x61,0x45,0x61,0x41,0x2d,0x30,0x30,0x30,0x30,0x30,0x30,0x30,0x30,0x30,0x30,0x30,0x30,0x41,0x30,0x31,0x30,0x30,0x6c,
aEaA-000000000000A0100l
artifact_prefix='./'; Test unit written to ./crash-742fed5dda3e3632eb7a2a663a3f4a4d8e7e91ec
Base64: YUVhQS0wMDAwMDAwMDAwMDBBMDEwMGw=
