INFO: Running with entropic power schedule (0xFF, 100).
INFO: Seed: 2801545142
INFO: Loaded 1 modules   (70 inline 8-bit counters): 70 [0x558577b0c030, 0x558577b0c076), 
INFO: Loaded 1 PC tables (70 PCs): 70 [0xc000068000,0xc000068460), 
INFO:        2 files found in corpus
INFO: -max_len is not provided; libFuzzer will not generate inputs larger than 4096 bytes
INFO: seed corpus: files: 2 min: 24b max: 24b total: 48b rss: 29Mb
#3	INITED cov: 41 ft: 143 corp: 2/48b exec/s: 0 rss: 29Mb
#4	NEW    cov: 41 ft: 146 corp: 3/72b lim: 24 exec/s: 0 rss: 29Mb L: 24/24 MS: 1 CopyPart-
#5	NEW    cov: 42 ft: 149 corp: 4/96b lim: 24 exec/s: 0 rss: 29Mb L: 24/24 MS: 1 CopyPart-
#7	NEW    cov: 42 ft: 150 corp: 5/120b lim: 24 exec/s: 0 rss: 29Mb L: 24/24 MS: 2 ChangeByte-ChangeByte-
#8	NEW    cov: 42 ft: 151 corp: 6/144b lim: 24 exec/s: 0 rss: 29Mb L: 24/24 MS: 1 ChangeByte-
#9	NEW    cov: 42 ft: 152 corp: 7/168b lim: 24 exec/s: 0 rss: 29Mb L: 24/24 MS: 1 ChangeBinInt-
#17	NEW    cov: 42 ft: 155 corp: 8/189b lim: 24 exec/s: 0 rss: 29Mb L: 21/24 MS: 3 CopyPart-ChangeBinInt-EraseBytes-
#23	NEW    cov: 42 ft: 156 corp: 9/211b lim: 24 exec/s: 0 rss: 29Mb L: 22/24 MS: 1 CrossOver-
#24	NEW    cov: 43 ft: 160 corp: 10/234b lim: 24 exec/s: 0 rss: 29Mb L: 23/24 MS: 1 CrossOver-
#25	NEW    cov: 43 ft: 161 corp: 11/258b lim: 24 exec/s: 0 rss: 29Mb L: 24/24 MS: 1 ChangeBit-
#26	NEW    cov: 43 ft: 163 corp: 12/282b lim: 24 exec/s: 0 rss: 29Mb L: 24/24 MS: 1 CopyPart-
#32	NEW    cov: 43 ft: 165 corp: 13/298b lim: 24 exec/s: 0 rss: 29Mb L: 16/24 MS: 1 CrossOver-
#33	NEW    cov: 43 ft: 167 corp: 14/313b lim: 24 exec/s: 0 rss: 29Mb L: 15/24 MS: 1 EraseBytes-
#34	NEW    cov: 44 ft: 176 corp: 15/337b lim: 24 exec/s: 0 rss: 29Mb L: 24/24 MS: 1 ChangeBit-
#37	NEW    cov: 44 ft: 178 corp: 16/355b lim: 24 exec/s: 0 rss: 30Mb L: 18/24 MS: 3 CopyPart-ShuffleBytes-EraseBytes-
#38	NEW    cov: 44 ft: 179 corp: 17/370b lim: 24 exec/s: 0 rss: 30Mb L: 15/24 MS: 1 EraseBytes-
#49	NEW    cov: 44 ft: 197 corp: 18/394b lim: 24 exec/s: 0 rss: 30Mb L: 24/24 MS: 1 CrossOver-
#53	NEW    cov: 45 ft: 200 corp: 19/401b lim: 24 exec/s: 0 rss: 30Mb L: 7/24 MS: 4 InsertByte-ChangeBit-CopyPart-CrossOver-
#54	NEW    cov: 45 ft: 201 corp: 20/409b lim: 24 exec/s: 0 rss: 30Mb L: 8/24 MS: 1 InsertByte-
#55	NEW    cov: 45 ft: 203 corp: 21/432b lim: 24 exec/s: 0 rss: 30Mb L: 23/24 MS: 1 EraseBytes-
#61	NEW    cov: 45 ft: 204 corp: 22/456b lim: 24 exec/s: 0 rss: 30Mb L: 24/24 MS: 1 ChangeASCIIInt-
#62	NEW    cov: 45 ft: 205 corp: 23/480b lim: 24 exec/s: 0 rss: 30Mb L: 24/24 MS: 1 ShuffleBytes-
#63	NEW    cov: 45 ft: 206 corp: 24/492b lim: 24 exec/s: 0 rss: 30Mb L: 12/24 MS: 1 InsertRepeatedBytes-
#69	NEW    cov: 45 ft: 207 corp: 25/506b lim: 24 exec/s: 0 rss: 30Mb L: 14/24 MS: 1 CopyPart-
#84	NEW    cov: 45 ft: 218 corp: 26/527b lim: 24 exec/s: 0 rss: 30Mb L: 21/24 MS: 5 ShuffleBytes-ChangeByte-CopyPart-EraseBytes-InsertByte-
#112	NEW    cov: 45 ft: 220 corp: 27/551b lim: 24 exec/s: 0 rss: 30Mb L: 24/24 MS: 3 CrossOver-ChangeByte-CrossOver-
#142	NEW    cov: 45 ft: 221 corp: 28/572b lim: 24 exec/s: 0 rss: 30Mb L: 21/24 MS: 5 EraseBytes-ChangeBinInt-ChangeBit-ChangeByte-CrossOver-
#143	NEW    cov: 45 ft: 223 corp: 29/596b lim: 24 exec/s: 0 rss: 30Mb L: 24/24 MS: 1 ChangeASCIIInt-
#154	NEW    cov: 45 ft: 224 corp: 30/618b lim: 24 exec/s: 0 rss: 30Mb L: 22/24 MS: 1 InsertRepeatedBytes-
#161	NEW    cov: 45 ft: 226 corp: 31/642b lim: 24 exec/s: 0 rss: 30Mb L: 24/24 MS: 2 CopyPart-ShuffleBytes-
#207	NEW    cov: 45 ft: 228 corp: 32/666b lim: 24 exec/s: 0 rss: 30Mb L: 24/24 MS: 1 ChangeBit-
#279	NEW    cov: 45 ft: 229 corp: 33/690b lim: 24 exec/s: 0 rss: 30Mb L: 24/24 MS: 2 ChangeASCIIInt-CopyPart-
#288	NEW    cov: 45 ft: 231 corp: 34/714b lim: 24 exec/s: 0 rss: 30Mb L: 24/24 MS: 4 ShuffleBytes-ChangeASCIIInt-CopyPart-ChangeASCIIInt-
#290	NEW    cov: 45 ft: 233 corp: 35/716b lim: 24 exec/s: 0 rss: 30Mb L: 2/24 MS: 2 ChangeByte-CrossOver-
#321	REDUCE cov: 45 ft: 233 corp: 35/698b lim: 24 exec/s: 0 rss: 30Mb L: 4/24 MS: 1 CrossOver-
#322	REDUCE cov: 45 ft: 233 corp: 35/695b lim: 24 exec/s: 0 rss: 30Mb L: 21/24 MS: 1 EraseBytes-
#361	REDUCE cov: 45 ft: 233 corp: 35/692b lim: 24 exec/s: 0 rss: 30Mb L: 1/24 MS: 4 EraseBytes-ChangeBit-EraseBytes-EraseBytes-
#392	NEW    cov: 45 ft: 234 corp: 36/716b lim: 24 exec/s: 0 rss: 30Mb L: 24/24 MS: 1 CopyPart-
#396	REDUCE cov: 45 ft: 234 corp: 36/715b lim: 24 exec/s: 0 rss: 30Mb L: 20/24 MS: 4 ShuffleBytes-ChangeBinInt-CrossOver-EraseBytes-
#400	REDUCE cov: 45 ft: 235 corp: 37/739b lim: 24 exec/s: 0 rss: 30Mb L: 24/24 MS: 4 ChangeBinInt-ChangeBit-ChangeASCIIInt-InsertRepeatedBytes-
#468	REDUCE cov: 45 ft: 235 corp: 37/733b lim: 24 exec/s: 0 rss: 30Mb L: 18/24 MS: 3 ChangeBinInt-ChangeByte-EraseBytes-
#470	NEW    cov: 45 ft: 237 corp: 38/757b lim: 24 exec/s: 0 rss: 30Mb L: 24/24 MS: 2 CopyPart-InsertByte-
#580	NEW    cov: 45 ft: 238 corp: 39/779b lim: 24 exec/s: 0 rss: 30Mb L: 22/24 MS: 5 EraseBytes-InsertRepeatedBytes-InsertByte-ChangeASCIIInt-ChangeBinInt-
#653	NEW    cov: 45 ft: 240 corp: 40/802b lim: 24 exec/s: 0 rss: 30Mb L: 23/24 MS: 3 ShuffleBytes-ChangeASCIIInt-ChangeASCIIInt-
#694	NEW    cov: 45 ft: 241 corp: 41/817b lim: 24 exec/s: 0 rss: 30Mb L: 15/24 MS: 1 CopyPart-
#731	REDUCE cov: 45 ft: 241 corp: 41/816b lim: 24 exec/s: 0 rss: 30Mb L: 23/24 MS: 2 ChangeBit-EraseBytes-
#792	NEW    cov: 45 ft: 243 corp: 42/840b lim: 24 exec/s: 0 rss: 30Mb L: 24/24 MS: 1 ChangeASCIIInt-
#819	NEW    cov: 45 ft: 244 corp: 43/861b lim: 24 exec/s: 0 rss: 30Mb L: 21/24 MS: 2 CrossOver-CrossOver-
#839	REDUCE cov: 45 ft: 245 corp: 44/876b lim: 24 exec/s: 0 rss: 30Mb L: 15/24 MS: 5 CrossOver-ShuffleBytes-ShuffleBytes-CopyPart-EraseBytes-
#860	NEW    cov: 45 ft: 247 corp: 45/900b lim: 24 exec/s: 0 rss: 30Mb L: 24/24 MS: 1 ShuffleBytes-
#907	NEW    cov: 45 ft: 248 corp: 46/924b lim: 24 exec/s: 0 rss: 30Mb L: 24/24 MS: 2 CopyPart-ShuffleBytes-
#938	NEW    cov: 46 ft: 249 corp: 47/948b lim: 24 exec/s: 0 rss: 30Mb L: 24/24 MS: 1 ChangeByte-
#958	NEW    cov: 46 ft: 250 corp: 48/971b lim: 24 exec/s: 0 rss: 30Mb L: 23/24 MS: 5 ShuffleBytes-ChangeASCIIInt-CrossOver-EraseBytes-ChangeByte-
#991	NEW    cov: 46 ft: 253 corp: 49/995b lim: 24 exec/s: 0 rss: 30Mb L: 24/24 MS: 3 ShuffleBytes-ShuffleBytes-ChangeByte-
#1257	REDUCE cov: 46 ft: 253 corp: 49/988b lim: 24 exec/s: 0 rss: 30Mb L: 17/24 MS: 1 EraseBytes-
#1270	NEW    cov: 46 ft: 255 corp: 50/1012b lim: 24 exec/s: 0 rss: 30Mb L: 24/24 MS: 3 ChangeBinInt-CrossOver-ChangeByte-
#1683	NEW    cov: 46 ft: 256 corp: 51/1039b lim: 28 exec/s: 0 rss: 30Mb L: 27/27 MS: 3 CopyPart-CopyPart-CopyPart-
#2099	NEW    cov: 46 ft: 257 corp: 52/1071b lim: 32 exec/s: 0 rss: 30Mb L: 32/32 MS: 1 CrossOver-
#2102	NEW    cov: 46 ft: 258 corp: 53/1100b lim: 32 exec/s: 0 rss: 30Mb L: 29/32 MS: 3 ChangeASCIIInt-ShuffleBytes-InsertRepeatedBytes-
#2434	NEW    cov: 47 ft: 263 corp: 54/1124b lim: 32 exec/s: 0 rss: 31Mb L: 24/32 MS: 2 ChangeASCIIInt-ChangeByte-
#2440	NEW    cov: 47 ft: 264 corp: 55/1148b lim: 32 exec/s: 0 rss: 31Mb L: 24/32 MS: 1 ChangeASCIIInt-
#2495	REDUCE cov: 47 ft: 264 corp: 55/1147b lim: 32 exec/s: 0 rss: 31Mb L: 31/31 MS: 5 CrossOver-CrossOver-ChangeByte-CrossOver-CopyPart-
#2532	NEW    cov: 47 ft: 265 corp: 56/1171b lim: 32 exec/s: 0 rss: 31Mb L: 24/31 MS: 2 ChangeASCIIInt-ChangeASCIIInt-
#2601	REDUCE cov: 47 ft: 265 corp: 56/1170b lim: 32 exec/s: 0 rss: 31Mb L: 23/31 MS: 4 ChangeByte-ChangeByte-InsertRepeatedBytes-EraseBytes-
#2607	NEW    cov: 47 ft: 266 corp: 57/1194b lim: 32 exec/s: 0 rss: 31Mb L: 24/31 MS: 1 ChangeBit-
#2718	NEW    cov: 47 ft: 267 corp: 58/1217b lim: 32 exec/s: 0 rss: 31Mb L: 23/31 MS: 1 ChangeASCIIInt-
#2989	NEW    cov: 47 ft: 268 corp: 59/1241b lim: 32 exec/s: 0 rss: 31Mb L: 24/31 MS: 1 ChangeASCIIInt-
#3536	NEW    cov: 47 ft: 269 corp: 60/1274b lim: 37 exec/s: 0 rss: 31Mb L: 33/33 MS: 2 ChangeASCIIInt-InsertRepeatedBytes-
#3587	NEW    cov: 47 ft: 271 corp: 61/1308b lim: 37 exec/s: 0 rss: 31Mb L: 34/34 MS: 1 InsertByte-
#3597	REDUCE cov: 47 ft: 272 corp: 62/1325b lim: 37 exec/s: 0 rss: 31Mb L: 17/34 MS: 5 ChangeASCIIInt-CrossOver-EraseBytes-ChangeBit-CMP- DE: "\014\000\000\000\000\000\000\000"-
#3758	NEW    cov: 47 ft: 273 corp: 63/1349b lim: 37 exec/s: 0 rss: 31Mb L: 24/34 MS: 1 ShuffleBytes-
#3848	REDUCE cov: 47 ft: 273 corp: 63/1346b lim: 37 exec/s: 0 rss: 31Mb L: 21/34 MS: 5 ChangeByte-InsertByte-ChangeBit-ChangeASCIIInt-EraseBytes-
#3861	NEW    cov: 47 ft: 274 corp: 64/1370b lim: 37 exec/s: 0 rss: 31Mb L: 24/34 MS: 3 ChangeBit-ShuffleBytes-ChangeByte-
#3963	REDUCE cov: 47 ft: 274 corp: 64/1368b lim: 37 exec/s: 0 rss: 31Mb L: 18/34 MS: 2 ChangeBit-EraseBytes-
#4155	NEW    cov: 47 ft: 275 corp: 65/1392b lim: 37 exec/s: 0 rss: 31Mb L: 24/34 MS: 2 ChangeBit-ChangeASCIIInt-
#4406	REDUCE cov: 47 ft: 275 corp: 65/1391b lim: 37 exec/s: 0 rss: 31Mb L: 23/34 MS: 1 EraseBytes-
#4773	NEW    cov: 47 ft: 277 corp: 66/1415b lim: 37 exec/s: 0 rss: 31Mb L: 24/34 MS: 2 ShuffleBytes-ChangeByte-
#5095	REDUCE cov: 47 ft: 277 corp: 66/1413b lim: 37 exec/s: 0 rss: 31Mb L: 22/34 MS: 2 EraseBytes-InsertByte-
#5126	NEW    cov: 47 ft: 278 corp: 67/1437b lim: 37 exec/s: 0 rss: 31Mb L: 24/34 MS: 1 ChangeASCIIInt-
#5332	REDUCE cov: 47 ft: 278 corp: 67/1436b lim: 37 exec/s: 0 rss: 31Mb L: 22/34 MS: 1 EraseBytes-
#5576	REDUCE cov: 47 ft: 278 corp: 67/1431b lim: 37 exec/s: 0 rss: 31Mb L: 16/34 MS: 4 ChangeByte-ChangeBinInt-EraseBytes-ChangeByte-
#5684	NEW    cov: 47 ft: 279 corp: 68/1457b lim: 37 exec/s: 0 rss: 31Mb L: 26/34 MS: 3 ChangeBinInt-InsertByte-InsertByte-
#5850	NEW    cov: 47 ft: 280 corp: 69/1481b lim: 37 exec/s: 0 rss: 31Mb L: 24/34 MS: 1 ChangeByte-
#6193	REDUCE cov: 47 ft: 280 corp: 69/1471b lim: 37 exec/s: 0 rss: 32Mb L: 16/34 MS: 3 InsertByte-ChangeASCIIInt-EraseBytes-
#6215	NEW    cov: 47 ft: 281 corp: 70/1495b lim: 37 exec/s: 0 rss: 32Mb L: 24/34 MS: 2 ChangeByte-ShuffleBytes-
#6326	NEW    cov: 47 ft: 282 corp: 71/1519b lim: 37 exec/s: 0 rss: 32Mb L: 24/34 MS: 1 ShuffleBytes-
#7087	REDUCE cov: 47 ft: 282 corp: 71/1518b lim: 42 exec/s: 0 rss: 32Mb L: 23/34 MS: 1 EraseBytes-
#7154	REDUCE cov: 47 ft: 282 corp: 71/1517b lim: 42 exec/s: 0 rss: 32Mb L: 22/34 MS: 2 EraseBytes-ChangeByte-
#7220	NEW    cov: 47 ft: 286 corp: 72/1541b lim: 42 exec/s: 0 rss: 32Mb L: 24/34 MS: 1 ChangeASCIIInt-
#7311	NEW    cov: 47 ft: 287 corp: 73/1565b lim: 42 exec/s: 0 rss: 32Mb L: 24/34 MS: 1 ShuffleBytes-
#7319	REDUCE cov: 47 ft: 287 corp: 73/1562b lim: 42 exec/s: 0 rss: 32Mb L: 15/34 MS: 3 EraseBytes-ChangeByte-CMP- DE: "\377\377\3778"-
#7636	NEW    cov: 47 ft: 288 corp: 74/1586b lim: 42 exec/s: 0 rss: 32Mb L: 24/34 MS: 2 CopyPart-CopyPart-
#8007	NEW    cov: 47 ft: 289 corp: 75/1610b lim: 42 exec/s: 0 rss: 32Mb L: 24/34 MS: 1 ShuffleBytes-
#8045	NEW    cov: 47 ft: 290 corp: 76/1634b lim: 42 exec/s: 0 rss: 32Mb L: 24/34 MS: 3 ChangeBinInt-ChangeASCIIInt-ChangeByte-
#8065	REDUCE cov: 47 ft: 290 corp: 76/1628b lim: 42 exec/s: 0 rss: 32Mb L: 17/34 MS: 5 PersAutoDict-ChangeByte-ChangeBit-EraseBytes-ChangeBit- DE: "\377\377\3778"-
#9368	REDUCE cov: 47 ft: 290 corp: 76/1627b lim: 52 exec/s: 0 rss: 32Mb L: 15/34 MS: 3 EraseBytes-ChangeBinInt-InsertByte-
#10068	REDUCE cov: 47 ft: 292 corp: 77/1650b lim: 57 exec/s: 0 rss: 32Mb L: 23/34 MS: 5 InsertByte-CrossOver-CopyPart-CMP-PersAutoDict- DE: "\001\000\0000"-"\377\377\3778"-
#10269	NEW    cov: 47 ft: 294 corp: 78/1674b lim: 57 exec/s: 0 rss: 32Mb L: 24/34 MS: 1 ShuffleBytes-
#11020	NEW    cov: 47 ft: 295 corp: 79/1698b lim: 62 exec/s: 0 rss: 33Mb L: 24/34 MS: 1 ChangeBit-
#11326	NEW    cov: 47 ft: 296 corp: 80/1722b lim: 62 exec/s: 0 rss: 33Mb L: 24/34 MS: 1 ShuffleBytes-
#12087	REDUCE cov: 47 ft: 296 corp: 80/1721b lim: 67 exec/s: 0 rss: 33Mb L: 23/34 MS: 1 EraseBytes-
#12184	REDUCE cov: 48 ft: 299 corp: 81/1744b lim: 67 exec/s: 0 rss: 33Mb L: 23/34 MS: 2 ChangeASCIIInt-ChangeBinInt-
#12306	NEW    cov: 48 ft: 300 corp: 82/1768b lim: 67 exec/s: 0 rss: 33Mb L: 24/34 MS: 2 ChangeASCIIInt-ChangeByte-
#12503	NEW    cov: 48 ft: 301 corp: 83/1792b lim: 67 exec/s: 0 rss: 33Mb L: 24/34 MS: 2 ShuffleBytes-ShuffleBytes-
#12571	REDUCE cov: 48 ft: 301 corp: 83/1791b lim: 67 exec/s: 0 rss: 33Mb L: 23/34 MS: 3 ChangeBinInt-ChangeBit-EraseBytes-
#12641	REDUCE cov: 48 ft: 301 corp: 83/1790b lim: 67 exec/s: 0 rss: 33Mb L: 21/34 MS: 5 ChangeASCIIInt-ChangeBinInt-CrossOver-EraseBytes-CrossOver-
#13578	REDUCE cov: 48 ft: 301 corp: 83/1789b lim: 73 exec/s: 0 rss: 33Mb L: 23/34 MS: 2 ShuffleBytes-EraseBytes-
#13894	REDUCE cov: 48 ft: 301 corp: 83/1788b lim: 73 exec/s: 0 rss: 33Mb L: 21/34 MS: 1 EraseBytes-
#15028	REDUCE cov: 48 ft: 301 corp: 83/1786b lim: 79 exec/s: 0 rss: 33Mb L: 16/34 MS: 4 ChangeBit-CopyPart-PersAutoDict-EraseBytes- DE: "\001\000\0000"-
#16911	REDUCE cov: 48 ft: 301 corp: 83/1783b lim: 97 exec/s: 0 rss: 34Mb L: 19/34 MS: 3 EraseBytes-ChangeBinInt-ChangeBinInt-
#17008	REDUCE cov: 48 ft: 302 corp: 84/1798b lim: 97 exec/s: 0 rss: 34Mb L: 15/34 MS: 2 ChangeBinInt-ChangeBit-
#17020	REDUCE cov: 48 ft: 302 corp: 84/1797b lim: 97 exec/s: 0 rss: 34Mb L: 20/34 MS: 2 ChangeBinInt-EraseBytes-
#18861	REDUCE cov: 48 ft: 302 corp: 84/1795b lim: 115 exec/s: 0 rss: 34Mb L: 15/34 MS: 1 EraseBytes-
#20064	NEW    cov: 48 ft: 303 corp: 85/1819b lim: 121 exec/s: 0 rss: 34Mb L: 24/34 MS: 3 CrossOver-ChangeBinInt-ChangeBinInt-
#21285	REDUCE cov: 48 ft: 303 corp: 85/1818b lim: 133 exec/s: 0 rss: 34Mb L: 23/34 MS: 1 EraseBytes-
#21716	NEW    cov: 48 ft: 304 corp: 86/1842b lim: 133 exec/s: 0 rss: 34Mb L: 24/34 MS: 1 ShuffleBytes-
#21807	REDUCE cov: 48 ft: 304 corp: 86/1841b lim: 133 exec/s: 0 rss: 34Mb L: 23/34 MS: 1 EraseBytes-
#21960	REDUCE cov: 48 ft: 304 corp: 86/1838b lim: 133 exec/s: 0 rss: 34Mb L: 18/34 MS: 3 InsertByte-InsertByte-EraseBytes-
#22741	REDUCE cov: 48 ft: 304 corp: 86/1837b lim: 140 exec/s: 0 rss: 34Mb L: 23/34 MS: 1 EraseBytes-
#23023	REDUCE cov: 48 ft: 304 corp: 86/1836b lim: 140 exec/s: 0 rss: 34Mb L: 22/34 MS: 2 CopyPart-EraseBytes-
#23083	REDUCE cov: 48 ft: 304 corp: 86/1835b lim: 140 exec/s: 0 rss: 34Mb L: 23/34 MS: 5 ShuffleBytes-ShuffleBytes-PersAutoDict-ChangeASCIIInt-EraseBytes- DE: "\001\000\0000"-
#23410	REDUCE cov: 48 ft: 304 corp: 86/1834b lim: 140 exec/s: 0 rss: 34Mb L: 23/34 MS: 2 EraseBytes-ChangeBit-
#23911	NEW    cov: 48 ft: 305 corp: 87/1858b lim: 140 exec/s: 0 rss: 34Mb L: 24/34 MS: 1 ChangeBit-
#24647	NEW    cov: 48 ft: 306 corp: 88/1882b lim: 147 exec/s: 0 rss: 34Mb L: 24/34 MS: 1 ChangeASCIIInt-
#24824	REDUCE cov: 48 ft: 306 corp: 88/1880b lim: 147 exec/s: 0 rss: 34Mb L: 20/34 MS: 2 EraseBytes-ChangeBinInt-
#25700	NEW    cov: 48 ft: 307 corp: 89/1904b lim: 154 exec/s: 0 rss: 34Mb L: 24/34 MS: 1 ChangeByte-
#26678	REDUCE cov: 48 ft: 307 corp: 89/1903b lim: 161 exec/s: 0 rss: 34Mb L: 20/34 MS: 3 ChangeBinInt-PersAutoDict-EraseBytes- DE: "\014\000\000\000\000\000\000\000"-
#27309	NEW    cov: 48 ft: 308 corp: 90/1927b lim: 161 exec/s: 0 rss: 34Mb L: 24/34 MS: 1 CopyPart-
#29328	NEW    cov: 48 ft: 309 corp: 91/1950b lim: 175 exec/s: 0 rss: 34Mb L: 23/34 MS: 4 CrossOver-EraseBytes-ChangeASCIIInt-ChangeByte-
#30662	REDUCE cov: 48 ft: 309 corp: 91/1948b lim: 182 exec/s: 0 rss: 34Mb L: 22/34 MS: 4 EraseBytes-ShuffleBytes-ChangeBit-ChangeByte-
#32072	REDUCE cov: 48 ft: 309 corp: 91/1947b lim: 189 exec/s: 0 rss: 34Mb L: 22/34 MS: 5 ChangeBinInt-EraseBytes-ChangeByte-CopyPart-CopyPart-
#33924	REDUCE cov: 48 ft: 309 corp: 91/1945b lim: 203 exec/s: 0 rss: 34Mb L: 22/34 MS: 2 PersAutoDict-EraseBytes- DE: "\001\000\0000"-
#35081	NEW    cov: 48 ft: 311 corp: 92/1966b lim: 210 exec/s: 0 rss: 34Mb L: 21/34 MS: 2 InsertRepeatedBytes-CrossOver-
#35741	REDUCE cov: 48 ft: 311 corp: 92/1965b lim: 210 exec/s: 0 rss: 34Mb L: 15/34 MS: 5 ShuffleBytes-EraseBytes-ShuffleBytes-InsertByte-ChangeBinInt-
#37413	REDUCE cov: 48 ft: 311 corp: 92/1964b lim: 224 exec/s: 0 rss: 35Mb L: 23/34 MS: 2 CopyPart-EraseBytes-
#39235	REDUCE cov: 48 ft: 311 corp: 92/1961b lim: 238 exec/s: 0 rss: 35Mb L: 21/34 MS: 2 EraseBytes-ChangeBinInt-
#39396	NEW    cov: 48 ft: 312 corp: 93/1985b lim: 238 exec/s: 0 rss: 35Mb L: 24/34 MS: 1 ChangeBit-
#41882	REDUCE cov: 48 ft: 312 corp: 93/1984b lim: 259 exec/s: 0 rss: 35Mb L: 23/34 MS: 1 EraseBytes-
#42168	REDUCE cov: 48 ft: 312 corp: 93/1983b lim: 259 exec/s: 0 rss: 35Mb L: 22/34 MS: 1 EraseBytes-
#44048	REDUCE cov: 48 ft: 312 corp: 93/1981b lim: 275 exec/s: 0 rss: 35Mb L: 15/34 MS: 5 EraseBytes-ChangeASCIIInt-CMP-ChangeBit-ChangeBinInt- DE: "\377\377\377\377\377\377\377\023"-
#46760	NEW    cov: 48 ft: 319 corp: 94/2002b lim: 299 exec/s: 0 rss: 35Mb L: 21/34 MS: 2 ChangeBit-ChangeBit-
#46908	REDUCE cov: 48 ft: 319 corp: 94/2000b lim: 299 exec/s: 0 rss: 35Mb L: 16/34 MS: 3 EraseBytes-InsertByte-ChangeBinInt-
#48655	REDUCE cov: 48 ft: 319 corp: 94/1998b lim: 315 exec/s: 0 rss: 35Mb L: 18/34 MS: 2 ChangeBinInt-EraseBytes-
#49504	REDUCE cov: 48 ft: 319 corp: 94/1997b lim: 323 exec/s: 0 rss: 35Mb L: 21/34 MS: 4 ChangeASCIIInt-CopyPart-ChangeBit-EraseBytes-
#49573	REDUCE cov: 48 ft: 319 corp: 94/1993b lim: 323 exec/s: 0 rss: 35Mb L: 20/34 MS: 4 ChangeByte-ChangeBit-ChangeBinInt-EraseBytes-
#50355	NEW    cov: 48 ft: 320 corp: 95/2017b lim: 323 exec/s: 0 rss: 35Mb L: 24/34 MS: 2 ShuffleBytes-ChangeASCIIInt-
#50860	REDUCE cov: 48 ft: 320 corp: 95/2016b lim: 323 exec/s: 0 rss: 35Mb L: 23/34 MS: 5 ChangeByte-ChangeBit-PersAutoDict-ChangeByte-EraseBytes- DE: "\014\000\000\000\000\000\000\000"-
#51583	REDUCE cov: 48 ft: 320 corp: 95/2014b lim: 323 exec/s: 0 rss: 35Mb L: 22/34 MS: 3 ChangeBit-CopyPart-EraseBytes-
#51740	NEW    cov: 49 ft: 325 corp: 96/2038b lim: 323 exec/s: 0 rss: 35Mb L: 24/34 MS: 2 ShuffleBytes-ChangeBit-
#54247	NEW    cov: 49 ft: 326 corp: 97/2059b lim: 347 exec/s: 0 rss: 35Mb L: 21/34 MS: 2 CopyPart-ChangeBit-
#54474	REDUCE cov: 49 ft: 326 corp: 97/2056b lim: 347 exec/s: 0 rss: 35Mb L: 20/34 MS: 2 EraseBytes-PersAutoDict- DE: "\014\000\000\000\000\000\000\000"-
#56333	REDUCE cov: 49 ft: 326 corp: 97/2055b lim: 363 exec/s: 0 rss: 35Mb L: 23/34 MS: 4 CrossOver-CopyPart-CMP-EraseBytes- DE: "\377\377\377\377\377\377\377\023"-
#56685	REDUCE cov: 49 ft: 327 corp: 98/2078b lim: 363 exec/s: 0 rss: 35Mb L: 23/34 MS: 2 CrossOver-InsertByte-
#58208	REDUCE cov: 49 ft: 327 corp: 98/2077b lim: 371 exec/s: 0 rss: 35Mb L: 18/34 MS: 3 CMP-ChangeASCIIInt-EraseBytes- DE: "\377\377\377\377\377\377\377\377"-
#60879	NEW    cov: 49 ft: 328 corp: 99/2100b lim: 395 exec/s: 0 rss: 35Mb L: 23/34 MS: 1 CopyPart-
#63580	REDUCE cov: 49 ft: 328 corp: 99/2099b lim: 419 exec/s: 0 rss: 35Mb L: 20/34 MS: 1 EraseBytes-
#63789	REDUCE cov: 49 ft: 328 corp: 99/2098b lim: 419 exec/s: 0 rss: 35Mb L: 23/34 MS: 4 CrossOver-ShuffleBytes-ChangeASCIIInt-EraseBytes-
#65540	REDUCE cov: 49 ft: 328 corp: 99/2097b lim: 435 exec/s: 0 rss: 35Mb L: 21/34 MS: 1 EraseBytes-
#66376	NEW    cov: 49 ft: 329 corp: 100/2121b lim: 443 exec/s: 0 rss: 35Mb L: 24/34 MS: 1 ChangeBinInt-
#66585	REDUCE cov: 49 ft: 329 corp: 100/2119b lim: 443 exec/s: 0 rss: 35Mb L: 16/34 MS: 4 ShuffleBytes-EraseBytes-ShuffleBytes-EraseBytes-
#67784	REDUCE cov: 49 ft: 329 corp: 100/2118b lim: 451 exec/s: 0 rss: 35Mb L: 23/34 MS: 4 CrossOver-CopyPart-CopyPart-EraseBytes-
#68237	REDUCE cov: 49 ft: 329 corp: 100/2115b lim: 451 exec/s: 0 rss: 35Mb L: 19/34 MS: 3 ChangeByte-PersAutoDict-EraseBytes- DE: "\377\377\377\377\377\377\377\023"-
#68268	REDUCE cov: 49 ft: 329 corp: 100/2114b lim: 451 exec/s: 0 rss: 35Mb L: 23/34 MS: 1 EraseBytes-
#68289	REDUCE cov: 49 ft: 329 corp: 100/2113b lim: 451 exec/s: 0 rss: 35Mb L: 20/34 MS: 1 EraseBytes-
#69519	REDUCE cov: 49 ft: 329 corp: 100/2111b lim: 459 exec/s: 0 rss: 35Mb L: 17/34 MS: 5 InsertByte-ShuffleBytes-InsertByte-EraseBytes-PersAutoDict- DE: "\377\377\377\377\377\377\377\023"-
#71520	NEW    cov: 49 ft: 330 corp: 101/2135b lim: 475 exec/s: 0 rss: 35Mb L: 24/34 MS: 1 ShuffleBytes-
#72042	NEW    cov: 49 ft: 331 corp: 102/2158b lim: 475 exec/s: 0 rss: 35Mb L: 23/34 MS: 2 ShuffleBytes-ShuffleBytes-
#72195	REDUCE cov: 49 ft: 335 corp: 103/2181b lim: 475 exec/s: 0 rss: 35Mb L: 23/34 MS: 3 ChangeBit-ShuffleBytes-ChangeBit-
#74983	NEW    cov: 49 ft: 336 corp: 104/2204b lim: 499 exec/s: 0 rss: 35Mb L: 23/34 MS: 3 ChangeASCIIInt-ChangeBit-ChangeBit-
#75969	NEW    cov: 49 ft: 337 corp: 105/2227b lim: 507 exec/s: 0 rss: 35Mb L: 23/34 MS: 1 ChangeBit-
#76200	NEW    cov: 49 ft: 338 corp: 106/2250b lim: 507 exec/s: 0 rss: 35Mb L: 23/34 MS: 1 ShuffleBytes-
#76771	NEW    cov: 49 ft: 339 corp: 107/2273b lim: 507 exec/s: 0 rss: 35Mb L: 23/34 MS: 1 ChangeASCIIInt-
#78937	REDUCE cov: 49 ft: 339 corp: 107/2272b lim: 524 exec/s: 0 rss: 35Mb L: 23/34 MS: 1 EraseBytes-
#80493	REDUCE cov: 49 ft: 339 corp: 107/2271b lim: 533 exec/s: 0 rss: 35Mb L: 23/34 MS: 1 EraseBytes-
#82295	REDUCE cov: 49 ft: 339 corp: 107/2270b lim: 542 exec/s: 0 rss: 35Mb L: 23/34 MS: 2 CrossOver-EraseBytes-
#84531	REDUCE cov: 49 ft: 339 corp: 107/2269b lim: 560 exec/s: 0 rss: 35Mb L: 23/34 MS: 1 EraseBytes-
#84828	NEW    cov: 49 ft: 340 corp: 108/2293b lim: 560 exec/s: 0 rss: 35Mb L: 24/34 MS: 2 ChangeASCIIInt-CopyPart-
#85124	NEW    cov: 49 ft: 341 corp: 109/2316b lim: 560 exec/s: 0 rss: 35Mb L: 23/34 MS: 1 ShuffleBytes-
#86097	REDUCE cov: 49 ft: 341 corp: 109/2315b lim: 569 exec/s: 0 rss: 35Mb L: 20/34 MS: 3 ChangeBit-EraseBytes-ChangeBinInt-
#86298	NEW    cov: 49 ft: 343 corp: 110/2339b lim: 569 exec/s: 0 rss: 35Mb L: 24/34 MS: 1 ChangeBit-
#87718	REDUCE cov: 49 ft: 343 corp: 110/2335b lim: 578 exec/s: 0 rss: 35Mb L: 19/34 MS: 5 ChangeByte-CrossOver-EraseBytes-EraseBytes-ChangeBinInt-
#87780	NEW    cov: 49 ft: 344 corp: 111/2359b lim: 578 exec/s: 0 rss: 35Mb L: 24/34 MS: 2 ChangeByte-ChangeASCIIInt-
#87821	REDUCE cov: 49 ft: 345 corp: 112/2382b lim: 578 exec/s: 0 rss: 35Mb L: 23/34 MS: 1 CrossOver-
#88012	NEW    cov: 49 ft: 346 corp: 113/2406b lim: 578 exec/s: 0 rss: 35Mb L: 24/34 MS: 1 CopyPart-
#88725	NEW    cov: 49 ft: 348 corp: 114/2430b lim: 578 exec/s: 0 rss: 35Mb L: 24/34 MS: 3 ChangeASCIIInt-CopyPart-ChangeASCIIInt-
#89686	NEW    cov: 49 ft: 349 corp: 115/2454b lim: 587 exec/s: 0 rss: 35Mb L: 24/34 MS: 1 CopyPart-
#90032	NEW    cov: 49 ft: 350 corp: 116/2477b lim: 587 exec/s: 0 rss: 35Mb L: 23/34 MS: 1 ChangeASCIIInt-
#90349	REDUCE cov: 49 ft: 350 corp: 116/2476b lim: 587 exec/s: 0 rss: 35Mb L: 18/34 MS: 2 InsertByte-EraseBytes-
#91814	REDUCE cov: 49 ft: 350 corp: 116/2474b lim: 596 exec/s: 0 rss: 35Mb L: 19/34 MS: 5 EraseBytes-ChangeBit-ChangeBinInt-ChangeByte-PersAutoDict- DE: "\377\377\377\377\377\377\377\377"-
#93197	REDUCE cov: 49 ft: 350 corp: 116/2473b lim: 605 exec/s: 0 rss: 35Mb L: 22/34 MS: 3 CrossOver-EraseBytes-ShuffleBytes-
#93779	REDUCE cov: 49 ft: 350 corp: 116/2471b lim: 605 exec/s: 0 rss: 35Mb L: 18/34 MS: 2 EraseBytes-ChangeBit-
#94139	REDUCE cov: 49 ft: 350 corp: 116/2469b lim: 605 exec/s: 0 rss: 35Mb L: 21/34 MS: 5 ChangeBit-EraseBytes-CopyPart-ChangeBinInt-InsertByte-
#94366	NEW    cov: 49 ft: 351 corp: 117/2493b lim: 605 exec/s: 0 rss: 35Mb L: 24/34 MS: 2 ChangeBit-ChangeASCIIInt-
#95637	NEW    cov: 49 ft: 352 corp: 118/2517b lim: 614 exec/s: 0 rss: 35Mb L: 24/34 MS: 1 ChangeASCIIInt-
#95785	NEW    cov: 49 ft: 353 corp: 119/2539b lim: 614 exec/s: 0 rss: 35Mb L: 22/34 MS: 3 EraseBytes-ChangeBinInt-ChangeByte-
#96071	NEW    cov: 49 ft: 354 corp: 120/2563b lim: 614 exec/s: 0 rss: 35Mb L: 24/34 MS: 1 ChangeASCIIInt-
#96772	NEW    cov: 49 ft: 355 corp: 121/2587b lim: 614 exec/s: 0 rss: 35Mb L: 24/34 MS: 1 CrossOver-
#99468	NEW    cov: 49 ft: 356 corp: 122/2611b lim: 632 exec/s: 0 rss: 35Mb L: 24/34 MS: 1 CopyPart-
#100444	NEW    cov: 49 ft: 357 corp: 123/2635b lim: 641 exec/s: 0 rss: 35Mb L: 24/34 MS: 1 ShuffleBytes-
#100855	NEW    cov: 49 ft: 358 corp: 124/2658b lim: 641 exec/s: 0 rss: 35Mb L: 23/34 MS: 1 ShuffleBytes-
#104626	NEW    cov: 49 ft: 359 corp: 125/2682b lim: 677 exec/s: 0 rss: 35Mb L: 24/34 MS: 1 ShuffleBytes-
#105894	NEW    cov: 49 ft: 360 corp: 126/2705b lim: 686 exec/s: 0 rss: 35Mb L: 23/34 MS: 3 ChangeASCIIInt-EraseBytes-InsertByte-
#106268	REDUCE cov: 49 ft: 360 corp: 126/2704b lim: 686 exec/s: 0 rss: 35Mb L: 22/34 MS: 4 EraseBytes-ChangeByte-ChangeByte-InsertByte-
#111025	REDUCE cov: 49 ft: 360 corp: 126/2703b lim: 731 exec/s: 0 rss: 35Mb L: 23/34 MS: 2 ShuffleBytes-EraseBytes-
#114012	NEW    cov: 49 ft: 361 corp: 127/2725b lim: 758 exec/s: 0 rss: 35Mb L: 22/34 MS: 2 ChangeBit-CopyPart-
#114038	REDUCE cov: 49 ft: 365 corp: 128/2745b lim: 758 exec/s: 0 rss: 35Mb L: 20/34 MS: 1 ChangeBit-
#115131	NEW    cov: 49 ft: 369 corp: 129/2768b lim: 767 exec/s: 0 rss: 35Mb L: 23/34 MS: 3 ChangeByte-ChangeASCIIInt-CopyPart-
#117027	REDUCE cov: 49 ft: 369 corp: 129/2767b lim: 785 exec/s: 0 rss: 35Mb L: 22/34 MS: 1 EraseBytes-
#118108	REDUCE cov: 49 ft: 369 corp: 129/2766b lim: 794 exec/s: 0 rss: 35Mb L: 20/34 MS: 1 EraseBytes-
#118722	REDUCE cov: 49 ft: 369 corp: 129/2765b lim: 794 exec/s: 0 rss: 35Mb L: 15/34 MS: 4 CopyPart-CopyPart-EraseBytes-CMP- DE: "\001\000"-
#120282	REDUCE cov: 49 ft: 369 corp: 129/2763b lim: 803 exec/s: 0 rss: 35Mb L: 18/34 MS: 5 InsertByte-EraseBytes-ChangeByte-ChangeASCIIInt-InsertByte-
#121123	NEW    cov: 49 ft: 371 corp: 130/2784b lim: 803 exec/s: 0 rss: 35Mb L: 21/34 MS: 1 ShuffleBytes-
#121654	REDUCE cov: 49 ft: 371 corp: 130/2783b lim: 803 exec/s: 0 rss: 35Mb L: 23/34 MS: 1 EraseBytes-
#121932	REDUCE cov: 49 ft: 371 corp: 130/2781b lim: 803 exec/s: 0 rss: 35Mb L: 21/34 MS: 3 CrossOver-EraseBytes-EraseBytes-
#122898	REDUCE cov: 49 ft: 371 corp: 130/2780b lim: 812 exec/s: 0 rss: 35Mb L: 23/34 MS: 1 EraseBytes-
#124334	REDUCE cov: 49 ft: 371 corp: 130/2779b lim: 821 exec/s: 0 rss: 35Mb L: 23/34 MS: 1 EraseBytes-
#124923	REDUCE cov: 49 ft: 371 corp: 130/2778b lim: 821 exec/s: 0 rss: 35Mb L: 23/34 MS: 4 EraseBytes-ChangeBinInt-ShuffleBytes-CrossOver-
#125824	NEW    cov: 49 ft: 372 corp: 131/2799b lim: 821 exec/s: 0 rss: 35Mb L: 21/34 MS: 1 ChangeBit-
#127580	REDUCE cov: 49 ft: 372 corp: 131/2798b lim: 830 exec/s: 0 rss: 35Mb L: 22/34 MS: 1 EraseBytes-
#131531	NEW    cov: 49 ft: 373 corp: 132/2822b lim: 866 exec/s: 0 rss: 35Mb L: 24/34 MS: 1 ShuffleBytes-
#132882	REDUCE cov: 49 ft: 373 corp: 132/2821b lim: 875 exec/s: 0 rss: 35Mb L: 20/34 MS: 1 EraseBytes-
#134238	NEW    cov: 49 ft: 374 corp: 133/2841b lim: 884 exec/s: 0 rss: 35Mb L: 20/34 MS: 1 CopyPart-
#137404	REDUCE cov: 49 ft: 374 corp: 133/2840b lim: 911 exec/s: 0 rss: 35Mb L: 22/34 MS: 1 EraseBytes-
#139100	NEW    cov: 49 ft: 375 corp: 134/2864b lim: 920 exec/s: 0 rss: 35Mb L: 24/34 MS: 1 ChangeBit-
#139762	REDUCE cov: 49 ft: 375 corp: 134/2863b lim: 920 exec/s: 0 rss: 35Mb L: 21/34 MS: 2 CopyPart-EraseBytes-
#145486	REDUCE cov: 49 ft: 375 corp: 134/2861b lim: 974 exec/s: 0 rss: 35Mb L: 21/34 MS: 4 EraseBytes-ChangeASCIIInt-InsertByte-PersAutoDict- DE: "\014\000\000\000\000\000\000\000"-
#148885	REDUCE cov: 49 ft: 375 corp: 134/2859b lim: 1001 exec/s: 0 rss: 35Mb L: 21/34 MS: 4 ChangeBinInt-ChangeByte-PersAutoDict-EraseBytes- DE: "\001\000"-
#149507	REDUCE cov: 49 ft: 375 corp: 134/2858b lim: 1001 exec/s: 0 rss: 35Mb L: 18/34 MS: 2 EraseBytes-ChangeBinInt-
#151995	REDUCE cov: 49 ft: 375 corp: 134/2856b lim: 1019 exec/s: 0 rss: 35Mb L: 20/34 MS: 3 ChangeByte-ChangeBinInt-EraseBytes-
#154901	REDUCE cov: 49 ft: 375 corp: 134/2855b lim: 1038 exec/s: 0 rss: 35Mb L: 22/34 MS: 1 EraseBytes-
#156127	REDUCE cov: 49 ft: 375 corp: 134/2854b lim: 1048 exec/s: 0 rss: 35Mb L: 20/34 MS: 1 EraseBytes-
#156448	NEW    cov: 49 ft: 376 corp: 135/2875b lim: 1048 exec/s: 0 rss: 35Mb L: 21/34 MS: 1 ChangeBit-
#160497	REDUCE cov: 49 ft: 377 corp: 136/2891b lim: 1088 exec/s: 0 rss: 35Mb L: 16/34 MS: 4 ChangeBinInt-PersAutoDict-CrossOver-InsertByte- DE: "\001\000\0000"-
#166298	REDUCE cov: 49 ft: 377 corp: 136/2890b lim: 1138 exec/s: 0 rss: 35Mb L: 23/34 MS: 1 EraseBytes-
#173488	REDUCE cov: 49 ft: 377 corp: 136/2888b lim: 1208 exec/s: 0 rss: 35Mb L: 18/34 MS: 5 CopyPart-EraseBytes-InsertByte-ChangeASCIIInt-ChangeByte-
#176574	REDUCE cov: 49 ft: 378 corp: 137/2906b lim: 1238 exec/s: 0 rss: 35Mb L: 18/34 MS: 1 ChangeBinInt-
#176661	REDUCE cov: 49 ft: 378 corp: 137/2905b lim: 1238 exec/s: 0 rss: 35Mb L: 21/34 MS: 2 ChangeBit-EraseBytes-
#181417	REDUCE cov: 49 ft: 378 corp: 137/2904b lim: 1278 exec/s: 0 rss: 35Mb L: 20/34 MS: 1 EraseBytes-
#184223	REDUCE cov: 49 ft: 379 corp: 138/2924b lim: 1298 exec/s: 0 rss: 35Mb L: 20/34 MS: 1 ChangeByte-
#184902	REDUCE cov: 49 ft: 379 corp: 138/2920b lim: 1298 exec/s: 0 rss: 35Mb L: 19/34 MS: 4 EraseBytes-ChangeByte-ShuffleBytes-CopyPart-
#186729	REDUCE cov: 49 ft: 379 corp: 138/2919b lim: 1308 exec/s: 0 rss: 35Mb L: 17/34 MS: 2 ChangeASCIIInt-EraseBytes-
#186785	REDUCE cov: 49 ft: 379 corp: 138/2918b lim: 1308 exec/s: 0 rss: 35Mb L: 23/34 MS: 1 EraseBytes-
#189337	REDUCE cov: 49 ft: 379 corp: 138/2917b lim: 1328 exec/s: 0 rss: 35Mb L: 23/34 MS: 2 ChangeBinInt-EraseBytes-
#189648	REDUCE cov: 49 ft: 379 corp: 138/2916b lim: 1328 exec/s: 0 rss: 35Mb L: 21/34 MS: 1 EraseBytes-
#190364	NEW    cov: 49 ft: 380 corp: 139/2934b lim: 1328 exec/s: 0 rss: 35Mb L: 18/34 MS: 1 ChangeBit-
#191657	REDUCE cov: 49 ft: 380 corp: 139/2933b lim: 1338 exec/s: 0 rss: 35Mb L: 22/34 MS: 3 CopyPart-InsertByte-EraseBytes-
#193684	REDUCE cov: 49 ft: 380 corp: 139/2932b lim: 1358 exec/s: 0 rss: 35Mb L: 23/34 MS: 2 ChangeByte-EraseBytes-
#194146	NEW    cov: 49 ft: 383 corp: 140/2952b lim: 1358 exec/s: 0 rss: 35Mb L: 20/34 MS: 2 CrossOver-ChangeBit-
#198852	REDUCE cov: 49 ft: 383 corp: 140/2951b lim: 1398 exec/s: 0 rss: 35Mb L: 22/34 MS: 1 EraseBytes-
#198963	REDUCE cov: 49 ft: 383 corp: 140/2950b lim: 1398 exec/s: 0 rss: 35Mb L: 23/34 MS: 1 EraseBytes-
#202886	REDUCE cov: 49 ft: 383 corp: 140/2949b lim: 1428 exec/s: 0 rss: 35Mb L: 17/34 MS: 3 ChangeByte-ChangeBit-EraseBytes-
#209797	REDUCE cov: 49 ft: 383 corp: 140/2948b lim: 1488 exec/s: 0 rss: 35Mb L: 23/34 MS: 1 EraseBytes-
#211853	REDUCE cov: 49 ft: 383 corp: 140/2947b lim: 1508 exec/s: 0 rss: 35Mb L: 20/34 MS: 1 EraseBytes-
#214806	REDUCE cov: 49 ft: 383 corp: 140/2946b lim: 1528 exec/s: 0 rss: 35Mb L: 22/34 MS: 3 ChangeBinInt-CopyPart-EraseBytes-
#216998	REDUCE cov: 49 ft: 383 corp: 140/2944b lim: 1548 exec/s: 0 rss: 35Mb L: 16/34 MS: 2 EraseBytes-ChangeByte-
#219034	REDUCE cov: 49 ft: 383 corp: 140/2943b lim: 1568 exec/s: 0 rss: 35Mb L: 22/34 MS: 1 EraseBytes-
#219548	REDUCE cov: 49 ft: 383 corp: 140/2942b lim: 1568 exec/s: 0 rss: 35Mb L: 21/34 MS: 4 ChangeByte-EraseBytes-ChangeASCIIInt-CrossOver-
#222044	REDUCE cov: 49 ft: 383 corp: 140/2941b lim: 1588 exec/s: 0 rss: 35Mb L: 21/34 MS: 1 EraseBytes-
#222455	REDUCE cov: 49 ft: 383 corp: 140/2940b lim: 1588 exec/s: 0 rss: 35Mb L: 22/34 MS: 1 EraseBytes-
#226162	REDUCE cov: 49 ft: 383 corp: 140/2937b lim: 1618 exec/s: 0 rss: 35Mb L: 17/34 MS: 2 ChangeByte-EraseBytes-
#226298	REDUCE cov: 49 ft: 383 corp: 140/2936b lim: 1618 exec/s: 0 rss: 35Mb L: 22/34 MS: 1 EraseBytes-
#232887	REDUCE cov: 49 ft: 383 corp: 140/2935b lim: 1678 exec/s: 0 rss: 35Mb L: 20/34 MS: 4 ShuffleBytes-EraseBytes-InsertByte-CopyPart-
#237429	REDUCE cov: 49 ft: 383 corp: 140/2934b lim: 1718 exec/s: 0 rss: 35Mb L: 19/34 MS: 2 EraseBytes-InsertByte-
#237741	REDUCE cov: 49 ft: 383 corp: 140/2932b lim: 1718 exec/s: 0 rss: 35Mb L: 21/34 MS: 2 CMP-EraseBytes- DE: "\000\000\000a"-
#238559	REDUCE cov: 49 ft: 383 corp: 140/2931b lim: 1718 exec/s: 0 rss: 35Mb L: 17/34 MS: 3 CrossOver-CMP-EraseBytes- DE: "\377\377\377\377\377\377\377\016"-
#239420	REDUCE cov: 49 ft: 383 corp: 140/2930b lim: 1718 exec/s: 0 rss: 35Mb L: 23/34 MS: 1 EraseBytes-
#245746	REDUCE cov: 49 ft: 383 corp: 140/2929b lim: 1778 exec/s: 0 rss: 35Mb L: 23/34 MS: 1 EraseBytes-
#245868	REDUCE cov: 49 ft: 383 corp: 140/2928b lim: 1778 exec/s: 0 rss: 35Mb L: 22/34 MS: 2 ChangeBinInt-EraseBytes-
#247756	REDUCE cov: 49 ft: 383 corp: 140/2926b lim: 1788 exec/s: 0 rss: 35Mb L: 15/34 MS: 3 ShuffleBytes-InsertByte-EraseBytes-
#248757	REDUCE cov: 49 ft: 383 corp: 140/2925b lim: 1788 exec/s: 0 rss: 35Mb L: 23/34 MS: 1 EraseBytes-
#262635	REDUCE cov: 49 ft: 383 corp: 140/2923b lim: 1918 exec/s: 0 rss: 35Mb L: 16/34 MS: 3 ChangeASCIIInt-CopyPart-EraseBytes-
#263312	REDUCE cov: 49 ft: 383 corp: 140/2922b lim: 1918 exec/s: 0 rss: 35Mb L: 22/34 MS: 2 ChangeBinInt-EraseBytes-
#267749	REDUCE cov: 49 ft: 383 corp: 140/2918b lim: 1958 exec/s: 0 rss: 35Mb L: 20/34 MS: 2 InsertByte-EraseBytes-
#268118	REDUCE cov: 49 ft: 383 corp: 140/2917b lim: 1958 exec/s: 0 rss: 35Mb L: 21/34 MS: 4 ChangeASCIIInt-InsertByte-ChangeBinInt-EraseBytes-
#273434	NEW    cov: 49 ft: 384 corp: 141/2937b lim: 2008 exec/s: 0 rss: 35Mb L: 20/34 MS: 1 ChangeByte-
#278778	REDUCE cov: 49 ft: 384 corp: 141/2936b lim: 2059 exec/s: 0 rss: 35Mb L: 15/34 MS: 4 ShuffleBytes-ShuffleBytes-EraseBytes-CMP- DE: "z\000\000\000"-
#280579	REDUCE cov: 49 ft: 384 corp: 141/2935b lim: 2070 exec/s: 0 rss: 35Mb L: 16/34 MS: 1 EraseBytes-
#281497	REDUCE cov: 49 ft: 384 corp: 141/2933b lim: 2070 exec/s: 0 rss: 35Mb L: 16/34 MS: 3 InsertByte-ChangeByte-EraseBytes-
panic: found special char in iban [recovered]
	panic: found special char in iban

goroutine 17 [running, locked to thread]:
git.ultraware.nl/iddinkgroep/fundament-api.Fuzz.func1()
	git.ultraware.nl/iddinkgroep/fundament-api/fuzz.go:19 +0xa5
panic({0x5585770d6760?, 0x5585770e9c70?})
	runtime/panic.go:914 +0x21f
git.ultraware.nl/iddinkgroep/fundament-api.Fuzz({0xc0001e47e0, 0x16})
	git.ultraware.nl/iddinkgroep/fundament-api/fuzz.go:34 +0x2b9
git.ultraware.nl/iddinkgroep/fundament-api.Fuzz_(...)
	git.ultraware.nl/iddinkgroep/fundament-api/fuzz.118480564.go:6
main.LLVMFuzzerTestOneInput(...)
	./main.2998056864.go:21
==17699== ERROR: libFuzzer: deadly signal
    #0 0x558576ff9630 in __sanitizer_print_stack_trace (/seedai/experiments/libfuzzer/libfuzzer+0xaf630) (BuildId: 23115454fcc2d139f458d53fa43ce200a20c84b2)
    #1 0x558576fc5755 in fuzzer::PrintStackTrace() (/seedai/experiments/libfuzzer/libfuzzer+0x7b755) (BuildId: 23115454fcc2d139f458d53fa43ce200a20c84b2)
    #2 0x558576fa43a9 in fuzzer::Fuzzer::CrashCallback() (.part.0) FuzzerLoop.cpp.o
    #3 0x558576fa446a in fuzzer::Fuzzer::StaticCrashSignalCallback() (/seedai/experiments/libfuzzer/libfuzzer+0x5a46a) (BuildId: 23115454fcc2d139f458d53fa43ce200a20c84b2)
    #4 0x7f61a15b570f  (/usr/lib/libc.so.6+0x3e70f) (BuildId: 316d0d3666387f0e8fb98773f51aa1801027c5ab)
    #5 0x558577059160 in runtime.raise.abi0 runtime/sys_linux_amd64.s:153

NOTE: libFuzzer has rudimentary signal handlers.
      Combine libFuzzer with AddressSanitizer or similar for better crash reports.
SUMMARY: libFuzzer: deadly signal
MS: 1 ChangeASCIIInt-; base unit: 6c1f071af4cd77d5adee357f47ed6a576383a1fd
0x4c,0x55,0x32,0x31,0x2d,0x30,0x30,0x30,0x30,0x30,0x30,0x30,0x30,0x36,0x20,0x38,0x39,0x35,0x30,0x20,0x30,0x34,
LU21-000000006 8950 04
artifact_prefix='./'; Test unit written to ./crash-ee81eb403162b2ad5b02530a1a00004f67a72292
Base64: TFUyMS0wMDAwMDAwMDYgODk1MCAwNA==
