INFO: Running with entropic power schedule (0xFF, 100).
INFO: Seed: 312899612
INFO: Loaded 1 modules   (9631 inline 8-bit counters): 9631 [0x5616a4ed5270, 0x5616a4ed780f), 
INFO: Loaded 1 PC tables (9631 PCs): 9631 [0xc000080000,0xc0000a59f0), 
INFO:       10 files found in corpus
INFO: -max_len is not provided; libFuzzer will not generate inputs larger than 4096 bytes
INFO: seed corpus: files: 10 min: 4b max: 969b total: 1868b rss: 33Mb
#11	INITED cov: 817 ft: 3591 corp: 10/1868b exec/s: 0 rss: 33Mb
#12	NEW    cov: 817 ft: 3592 corp: 11/1955b lim: 969 exec/s: 0 rss: 33Mb L: 87/969 MS: 1 CopyPart-
#13	NEW    cov: 817 ft: 3607 corp: 12/2326b lim: 969 exec/s: 0 rss: 33Mb L: 371/969 MS: 1 InsertRepeatedBytes-
#15	NEW    cov: 818 ft: 3611 corp: 13/3295b lim: 969 exec/s: 0 rss: 34Mb L: 969/969 MS: 2 CopyPart-CrossOver-
#16	NEW    cov: 818 ft: 3617 corp: 14/4264b lim: 969 exec/s: 0 rss: 34Mb L: 969/969 MS: 1 CopyPart-
#17	NEW    cov: 818 ft: 3618 corp: 15/4351b lim: 969 exec/s: 0 rss: 34Mb L: 87/969 MS: 1 ChangeBit-
#18	NEW    cov: 818 ft: 3619 corp: 16/4384b lim: 969 exec/s: 0 rss: 34Mb L: 33/969 MS: 1 ChangeBit-
#19	NEW    cov: 818 ft: 3621 corp: 17/4651b lim: 969 exec/s: 0 rss: 34Mb L: 267/969 MS: 1 InsertRepeatedBytes-
#21	NEW    cov: 818 ft: 3625 corp: 18/4802b lim: 969 exec/s: 0 rss: 34Mb L: 151/969 MS: 2 ChangeByte-CrossOver-
#27	NEW    cov: 818 ft: 3632 corp: 19/5113b lim: 969 exec/s: 0 rss: 34Mb L: 311/969 MS: 1 CopyPart-
#28	NEW    cov: 818 ft: 3645 corp: 20/5424b lim: 969 exec/s: 0 rss: 34Mb L: 311/969 MS: 1 CrossOver-
#29	NEW    cov: 818 ft: 3658 corp: 21/5861b lim: 969 exec/s: 0 rss: 34Mb L: 437/969 MS: 1 InsertRepeatedBytes-
#30	NEW    cov: 818 ft: 3674 corp: 22/5948b lim: 969 exec/s: 0 rss: 34Mb L: 87/969 MS: 1 ChangeBinInt-
#31	NEW    cov: 818 ft: 3692 corp: 23/6047b lim: 969 exec/s: 0 rss: 34Mb L: 99/969 MS: 1 InsertRepeatedBytes-
#33	NEW    cov: 820 ft: 3715 corp: 24/6049b lim: 969 exec/s: 0 rss: 34Mb L: 2/969 MS: 2 CopyPart-EraseBytes-
#35	NEW    cov: 820 ft: 3773 corp: 25/7018b lim: 969 exec/s: 0 rss: 34Mb L: 969/969 MS: 2 ChangeASCIIInt-CrossOver-
#36	NEW    cov: 820 ft: 3787 corp: 26/7051b lim: 969 exec/s: 0 rss: 34Mb L: 33/969 MS: 1 ChangeBit-
#37	NEW    cov: 821 ft: 3992 corp: 27/7546b lim: 969 exec/s: 0 rss: 34Mb L: 495/969 MS: 1 CopyPart-
#38	NEW    cov: 821 ft: 3994 corp: 28/7857b lim: 969 exec/s: 0 rss: 34Mb L: 311/969 MS: 1 ShuffleBytes-
#39	NEW    cov: 821 ft: 3995 corp: 29/8826b lim: 969 exec/s: 0 rss: 34Mb L: 969/969 MS: 1 CopyPart-
#40	NEW    cov: 821 ft: 4000 corp: 30/8847b lim: 969 exec/s: 0 rss: 34Mb L: 21/969 MS: 1 EraseBytes-
#41	NEW    cov: 821 ft: 4024 corp: 31/9816b lim: 969 exec/s: 0 rss: 34Mb L: 969/969 MS: 1 CopyPart-
#42	NEW    cov: 821 ft: 4028 corp: 32/9831b lim: 969 exec/s: 0 rss: 34Mb L: 15/969 MS: 1 EraseBytes-
#43	NEW    cov: 821 ft: 4029 corp: 33/10800b lim: 969 exec/s: 0 rss: 34Mb L: 969/969 MS: 1 CrossOver-
#47	NEW    cov: 821 ft: 4035 corp: 34/11094b lim: 969 exec/s: 0 rss: 34Mb L: 294/969 MS: 4 CopyPart-CopyPart-ShuffleBytes-CrossOver-
#49	NEW    cov: 821 ft: 4045 corp: 35/11181b lim: 969 exec/s: 0 rss: 34Mb L: 87/969 MS: 2 ChangeByte-CrossOver-
#51	NEW    cov: 821 ft: 4049 corp: 36/11200b lim: 969 exec/s: 0 rss: 34Mb L: 19/969 MS: 2 ShuffleBytes-CMP- DE: "\000\000\377\375"-
#56	NEW    cov: 823 ft: 4213 corp: 37/11969b lim: 969 exec/s: 0 rss: 34Mb L: 769/969 MS: 5 ChangeBit-CMP-ChangeBit-ChangeBinInt-CopyPart- DE: "title"-
#58	NEW    cov: 823 ft: 4219 corp: 38/12508b lim: 969 exec/s: 0 rss: 34Mb L: 539/969 MS: 2 PersAutoDict-InsertRepeatedBytes- DE: "title"-
#59	NEW    cov: 826 ft: 4237 corp: 39/12597b lim: 969 exec/s: 0 rss: 34Mb L: 89/969 MS: 1 CMP- DE: "\377\002"-
#60	NEW    cov: 826 ft: 4239 corp: 40/13154b lim: 969 exec/s: 0 rss: 34Mb L: 557/969 MS: 1 InsertRepeatedBytes-
#61	NEW    cov: 826 ft: 4242 corp: 41/13175b lim: 969 exec/s: 0 rss: 34Mb L: 21/969 MS: 1 ChangeBit-
#62	REDUCE cov: 826 ft: 4242 corp: 41/13162b lim: 969 exec/s: 0 rss: 34Mb L: 74/969 MS: 1 EraseBytes-
#63	NEW    cov: 826 ft: 4255 corp: 42/13261b lim: 969 exec/s: 0 rss: 34Mb L: 99/969 MS: 1 ChangeBinInt-
#64	NEW    cov: 826 ft: 4277 corp: 43/13823b lim: 969 exec/s: 0 rss: 34Mb L: 562/969 MS: 1 CrossOver-
#65	NEW    cov: 827 ft: 4284 corp: 44/13844b lim: 969 exec/s: 0 rss: 34Mb L: 21/969 MS: 1 CMP- DE: "style"-
#66	NEW    cov: 827 ft: 4303 corp: 45/13943b lim: 969 exec/s: 0 rss: 34Mb L: 99/969 MS: 1 ChangeBit-
#68	NEW    cov: 827 ft: 4315 corp: 46/14766b lim: 969 exec/s: 0 rss: 34Mb L: 823/969 MS: 2 ChangeBit-CrossOver-
#69	NEW    cov: 827 ft: 4322 corp: 47/15076b lim: 969 exec/s: 0 rss: 34Mb L: 310/969 MS: 1 ChangeASCIIInt-
#70	NEW    cov: 837 ft: 4350 corp: 48/16045b lim: 969 exec/s: 0 rss: 35Mb L: 969/969 MS: 1 CMP- DE: "\003\000"-
#71	NEW    cov: 837 ft: 4363 corp: 49/16380b lim: 969 exec/s: 0 rss: 35Mb L: 335/969 MS: 1 CopyPart-
#72	NEW    cov: 837 ft: 4373 corp: 50/16Kb lim: 969 exec/s: 0 rss: 35Mb L: 99/969 MS: 1 ChangeBit-
#73	NEW    cov: 837 ft: 4374 corp: 51/16Kb lim: 969 exec/s: 0 rss: 35Mb L: 25/969 MS: 1 PersAutoDict- DE: "\377\002"-
#74	NEW    cov: 837 ft: 4380 corp: 52/16Kb lim: 969 exec/s: 0 rss: 35Mb L: 122/969 MS: 1 InsertRepeatedBytes-
#79	NEW    cov: 837 ft: 4383 corp: 53/16Kb lim: 969 exec/s: 0 rss: 35Mb L: 87/969 MS: 5 ShuffleBytes-ChangeBit-ChangeBit-PersAutoDict-ShuffleBytes- DE: "\003\000"-
#80	NEW    cov: 837 ft: 4396 corp: 54/16Kb lim: 969 exec/s: 0 rss: 35Mb L: 521/969 MS: 1 EraseBytes-
#82	NEW    cov: 837 ft: 4407 corp: 55/17Kb lim: 969 exec/s: 0 rss: 35Mb L: 969/969 MS: 2 CrossOver-PersAutoDict- DE: "\000\000\377\375"-
#88	NEW    cov: 839 ft: 4417 corp: 56/18Kb lim: 969 exec/s: 0 rss: 35Mb L: 310/969 MS: 1 ShuffleBytes-
#89	NEW    cov: 845 ft: 4480 corp: 57/18Kb lim: 969 exec/s: 0 rss: 35Mb L: 99/969 MS: 1 CMP- DE: "\001\000\000\000\000\000\000\000"-
#92	NEW    cov: 845 ft: 4481 corp: 58/19Kb lim: 969 exec/s: 0 rss: 35Mb L: 969/969 MS: 3 ChangeByte-ChangeByte-PersAutoDict- DE: "\000\000\377\375"-
#95	NEW    cov: 845 ft: 4486 corp: 59/19Kb lim: 969 exec/s: 0 rss: 35Mb L: 692/969 MS: 3 ChangeByte-ChangeByte-EraseBytes-
#96	NEW    cov: 845 ft: 4487 corp: 60/20Kb lim: 969 exec/s: 0 rss: 35Mb L: 438/969 MS: 1 InsertByte-
#98	NEW    cov: 847 ft: 4494 corp: 61/20Kb lim: 969 exec/s: 0 rss: 35Mb L: 169/969 MS: 2 ShuffleBytes-CopyPart-
#101	NEW    cov: 848 ft: 4537 corp: 62/21Kb lim: 969 exec/s: 0 rss: 35Mb L: 764/969 MS: 3 ChangeBinInt-ChangeBinInt-CrossOver-
#102	NEW    cov: 848 ft: 4557 corp: 63/21Kb lim: 969 exec/s: 0 rss: 35Mb L: 52/969 MS: 1 EraseBytes-
#108	REDUCE cov: 848 ft: 4557 corp: 63/21Kb lim: 969 exec/s: 0 rss: 35Mb L: 14/969 MS: 1 EraseBytes-
#111	NEW    cov: 855 ft: 4586 corp: 64/21Kb lim: 969 exec/s: 0 rss: 35Mb L: 21/969 MS: 3 ChangeBit-ShuffleBytes-ChangeBinInt-
#113	NEW    cov: 855 ft: 4588 corp: 65/21Kb lim: 969 exec/s: 0 rss: 35Mb L: 633/969 MS: 2 ChangeBit-InsertRepeatedBytes-
#116	NEW    cov: 856 ft: 4608 corp: 66/22Kb lim: 969 exec/s: 0 rss: 35Mb L: 590/969 MS: 3 CopyPart-InsertByte-CrossOver-
#117	NEW    cov: 856 ft: 4610 corp: 67/22Kb lim: 969 exec/s: 0 rss: 35Mb L: 91/969 MS: 1 ShuffleBytes-
#120	NEW    cov: 858 ft: 4614 corp: 68/22Kb lim: 969 exec/s: 0 rss: 35Mb L: 21/969 MS: 3 ChangeBit-PersAutoDict-ChangeByte- DE: "\001\000\000\000\000\000\000\000"-
#122	NEW    cov: 858 ft: 4618 corp: 69/23Kb lim: 969 exec/s: 0 rss: 35Mb L: 609/969 MS: 2 ChangeByte-InsertRepeatedBytes-
#123	NEW    cov: 889 ft: 4674 corp: 70/24Kb lim: 969 exec/s: 0 rss: 36Mb L: 969/969 MS: 1 ChangeByte-
#128	NEW    cov: 889 ft: 4676 corp: 71/24Kb lim: 969 exec/s: 0 rss: 36Mb L: 776/969 MS: 5 ShuffleBytes-ChangeBit-ShuffleBytes-ChangeASCIIInt-EraseBytes-
#129	NEW    cov: 889 ft: 4702 corp: 72/24Kb lim: 969 exec/s: 0 rss: 36Mb L: 21/969 MS: 1 ChangeByte-
#130	NEW    cov: 889 ft: 4725 corp: 73/25Kb lim: 969 exec/s: 0 rss: 36Mb L: 969/969 MS: 1 ChangeBinInt-
#131	NEW    cov: 889 ft: 4726 corp: 74/26Kb lim: 969 exec/s: 0 rss: 36Mb L: 348/969 MS: 1 CrossOver-
#133	NEW    cov: 889 ft: 4735 corp: 75/26Kb lim: 969 exec/s: 0 rss: 36Mb L: 562/969 MS: 2 ChangeBit-ShuffleBytes-
#134	NEW    cov: 889 ft: 4739 corp: 76/26Kb lim: 969 exec/s: 0 rss: 36Mb L: 310/969 MS: 1 ChangeASCIIInt-
#140	NEW    cov: 889 ft: 4744 corp: 77/27Kb lim: 969 exec/s: 0 rss: 36Mb L: 153/969 MS: 1 PersAutoDict- DE: "\003\000"-
#142	NEW    cov: 889 ft: 4746 corp: 78/27Kb lim: 969 exec/s: 0 rss: 36Mb L: 526/969 MS: 2 ChangeByte-EraseBytes-
#148	NEW    cov: 889 ft: 4760 corp: 79/28Kb lim: 969 exec/s: 0 rss: 36Mb L: 769/969 MS: 1 ShuffleBytes-
#154	NEW    cov: 889 ft: 4761 corp: 80/28Kb lim: 969 exec/s: 0 rss: 36Mb L: 99/969 MS: 1 ChangeBit-
#155	NEW    cov: 889 ft: 4764 corp: 81/28Kb lim: 969 exec/s: 0 rss: 36Mb L: 294/969 MS: 1 ChangeByte-
#156	NEW    cov: 889 ft: 4766 corp: 82/29Kb lim: 969 exec/s: 0 rss: 36Mb L: 539/969 MS: 1 CopyPart-
#157	NEW    cov: 889 ft: 4769 corp: 83/29Kb lim: 969 exec/s: 0 rss: 36Mb L: 155/969 MS: 1 PersAutoDict- DE: "\000\000\377\375"-
#161	NEW    cov: 889 ft: 4776 corp: 84/29Kb lim: 969 exec/s: 0 rss: 36Mb L: 63/969 MS: 4 CrossOver-ShuffleBytes-PersAutoDict-CMP- DE: "\000\000\377\375"-"\001\000\000\000\000\000\000\000"-
#167	NEW    cov: 889 ft: 4779 corp: 85/30Kb lim: 969 exec/s: 0 rss: 36Mb L: 827/969 MS: 1 CopyPart-
#169	NEW    cov: 889 ft: 4784 corp: 86/30Kb lim: 969 exec/s: 0 rss: 36Mb L: 144/969 MS: 2 InsertRepeatedBytes-CMP- DE: "\006\000\000\000\000\000\000\000"-
#170	NEW    cov: 891 ft: 4815 corp: 87/30Kb lim: 969 exec/s: 0 rss: 36Mb L: 366/969 MS: 1 CrossOver-
#171	NEW    cov: 892 ft: 4838 corp: 88/30Kb lim: 969 exec/s: 0 rss: 36Mb L: 80/969 MS: 1 InsertRepeatedBytes-
#174	NEW    cov: 892 ft: 4839 corp: 89/31Kb lim: 969 exec/s: 0 rss: 36Mb L: 176/969 MS: 3 ChangeBit-ChangeASCIIInt-EraseBytes-
#175	NEW    cov: 892 ft: 4849 corp: 90/31Kb lim: 969 exec/s: 0 rss: 36Mb L: 128/969 MS: 1 InsertRepeatedBytes-
#176	NEW    cov: 894 ft: 4865 corp: 91/31Kb lim: 969 exec/s: 0 rss: 36Mb L: 391/969 MS: 1 CrossOver-
#177	NEW    cov: 894 ft: 4866 corp: 92/32Kb lim: 969 exec/s: 0 rss: 36Mb L: 764/969 MS: 1 ShuffleBytes-
#178	NEW    cov: 894 ft: 4871 corp: 93/33Kb lim: 969 exec/s: 0 rss: 36Mb L: 827/969 MS: 1 CMP- DE: "\000\000\000i"-
#180	NEW    cov: 894 ft: 4873 corp: 94/34Kb lim: 969 exec/s: 0 rss: 36Mb L: 969/969 MS: 2 ChangeASCIIInt-PersAutoDict- DE: "\003\000"-
#181	NEW    cov: 894 ft: 4895 corp: 95/34Kb lim: 969 exec/s: 0 rss: 36Mb L: 829/969 MS: 1 CrossOver-
#183	NEW    cov: 894 ft: 4896 corp: 96/35Kb lim: 969 exec/s: 0 rss: 37Mb L: 969/969 MS: 2 CrossOver-CopyPart-
#187	NEW    cov: 894 ft: 4901 corp: 97/36Kb lim: 969 exec/s: 0 rss: 37Mb L: 465/969 MS: 4 InsertRepeatedBytes-ChangeBit-ChangeASCIIInt-CopyPart-
#194	NEW    cov: 894 ft: 4902 corp: 98/36Kb lim: 969 exec/s: 0 rss: 37Mb L: 573/969 MS: 2 EraseBytes-InsertRepeatedBytes-
#200	NEW    cov: 897 ft: 4910 corp: 99/36Kb lim: 969 exec/s: 0 rss: 37Mb L: 33/969 MS: 1 ChangeBit-
#201	NEW    cov: 897 ft: 4911 corp: 100/36Kb lim: 969 exec/s: 0 rss: 37Mb L: 91/969 MS: 1 ChangeBinInt-
#209	NEW    cov: 897 ft: 4913 corp: 101/37Kb lim: 969 exec/s: 0 rss: 37Mb L: 619/969 MS: 3 ChangeByte-ChangeBit-CrossOver-
#213	NEW    cov: 897 ft: 4914 corp: 102/37Kb lim: 969 exec/s: 0 rss: 37Mb L: 343/969 MS: 4 CopyPart-EraseBytes-EraseBytes-InsertRepeatedBytes-
#219	NEW    cov: 897 ft: 4916 corp: 103/38Kb lim: 969 exec/s: 0 rss: 37Mb L: 115/969 MS: 1 InsertRepeatedBytes-
#221	NEW    cov: 897 ft: 4927 corp: 104/38Kb lim: 969 exec/s: 0 rss: 37Mb L: 26/969 MS: 2 InsertByte-ShuffleBytes-
#222	NEW    cov: 897 ft: 4930 corp: 105/38Kb lim: 969 exec/s: 0 rss: 37Mb L: 623/969 MS: 1 CMP- DE: "\200\000\000\000"-
#223	NEW    cov: 897 ft: 4931 corp: 106/38Kb lim: 969 exec/s: 0 rss: 37Mb L: 25/969 MS: 1 ChangeBinInt-
#224	NEW    cov: 897 ft: 4932 corp: 107/38Kb lim: 969 exec/s: 0 rss: 37Mb L: 29/969 MS: 1 EraseBytes-
#230	NEW    cov: 897 ft: 4934 corp: 108/38Kb lim: 969 exec/s: 0 rss: 37Mb L: 12/969 MS: 1 PersAutoDict- DE: "\001\000\000\000\000\000\000\000"-
#232	NEW    cov: 897 ft: 4947 corp: 109/39Kb lim: 969 exec/s: 0 rss: 37Mb L: 940/969 MS: 2 ChangeBit-CopyPart-
#239	NEW    cov: 897 ft: 4948 corp: 110/39Kb lim: 969 exec/s: 0 rss: 37Mb L: 348/969 MS: 2 CopyPart-ChangeBinInt-
#241	NEW    cov: 898 ft: 4954 corp: 111/40Kb lim: 969 exec/s: 0 rss: 37Mb L: 143/969 MS: 2 ShuffleBytes-CrossOver-
#242	NEW    cov: 898 ft: 4955 corp: 112/40Kb lim: 969 exec/s: 0 rss: 37Mb L: 609/969 MS: 1 ChangeASCIIInt-
#257	NEW    cov: 898 ft: 4956 corp: 113/41Kb lim: 969 exec/s: 0 rss: 37Mb L: 310/969 MS: 5 CMP-ChangeByte-ChangeASCIIInt-ChangeASCIIInt-ChangeBit- DE: "\000\000\000\000\000\000\000\000"-
#258	NEW    cov: 898 ft: 4990 corp: 114/41Kb lim: 969 exec/s: 0 rss: 37Mb L: 856/969 MS: 1 CopyPart-
#259	NEW    cov: 898 ft: 4998 corp: 115/41Kb lim: 969 exec/s: 0 rss: 37Mb L: 158/969 MS: 1 InsertRepeatedBytes-
#264	NEW    cov: 898 ft: 5001 corp: 116/42Kb lim: 969 exec/s: 0 rss: 37Mb L: 66/969 MS: 5 ChangeBinInt-EraseBytes-InsertRepeatedBytes-EraseBytes-CopyPart-
#265	NEW    cov: 898 ft: 5006 corp: 117/42Kb lim: 969 exec/s: 0 rss: 37Mb L: 33/969 MS: 1 ChangeByte-
#266	NEW    cov: 898 ft: 5007 corp: 118/42Kb lim: 969 exec/s: 0 rss: 37Mb L: 25/969 MS: 1 PersAutoDict- DE: "\200\000\000\000"-
#268	NEW    cov: 898 ft: 5012 corp: 119/42Kb lim: 969 exec/s: 0 rss: 37Mb L: 362/969 MS: 2 ChangeBinInt-InsertRepeatedBytes-
#269	NEW    cov: 898 ft: 5014 corp: 120/42Kb lim: 969 exec/s: 0 rss: 37Mb L: 350/969 MS: 1 CMP- DE: "\006*"-
#270	NEW    cov: 898 ft: 5015 corp: 121/43Kb lim: 969 exec/s: 0 rss: 37Mb L: 692/969 MS: 1 ChangeBinInt-
#271	NEW    cov: 898 ft: 5017 corp: 122/44Kb lim: 969 exec/s: 0 rss: 37Mb L: 646/969 MS: 1 CrossOver-
#274	NEW    cov: 898 ft: 5018 corp: 123/44Kb lim: 969 exec/s: 0 rss: 37Mb L: 341/969 MS: 3 ChangeBit-PersAutoDict-CrossOver- DE: "\000\000\377\375"-
#276	NEW    cov: 898 ft: 5021 corp: 124/45Kb lim: 969 exec/s: 0 rss: 37Mb L: 857/969 MS: 2 ChangeBit-InsertByte-
#278	NEW    cov: 898 ft: 5024 corp: 125/46Kb lim: 969 exec/s: 0 rss: 37Mb L: 777/969 MS: 2 PersAutoDict-PersAutoDict- DE: "\003\000"-"\006\000\000\000\000\000\000\000"-
#279	NEW    cov: 898 ft: 5026 corp: 126/46Kb lim: 969 exec/s: 0 rss: 37Mb L: 524/969 MS: 1 EraseBytes-
#280	NEW    cov: 898 ft: 5036 corp: 127/47Kb lim: 969 exec/s: 0 rss: 37Mb L: 940/969 MS: 1 CrossOver-
#281	NEW    cov: 898 ft: 5037 corp: 128/47Kb lim: 969 exec/s: 0 rss: 37Mb L: 116/969 MS: 1 CopyPart-
#282	NEW    cov: 898 ft: 5038 corp: 129/48Kb lim: 969 exec/s: 0 rss: 37Mb L: 857/969 MS: 1 PersAutoDict- DE: "\001\000\000\000\000\000\000\000"-
#283	NEW    cov: 898 ft: 5039 corp: 130/49Kb lim: 969 exec/s: 0 rss: 37Mb L: 729/969 MS: 1 EraseBytes-
#292	NEW    cov: 902 ft: 5066 corp: 131/49Kb lim: 969 exec/s: 0 rss: 37Mb L: 37/969 MS: 4 CopyPart-CMP-PersAutoDict-ChangeBinInt- DE: "\377\377\377\377\377\377\377\377"-"\000\000\000i"-
#298	NEW    cov: 912 ft: 5225 corp: 132/50Kb lim: 969 exec/s: 0 rss: 37Mb L: 902/969 MS: 1 EraseBytes-
#304	NEW    cov: 912 ft: 5226 corp: 133/50Kb lim: 969 exec/s: 0 rss: 37Mb L: 310/969 MS: 1 CrossOver-
#305	NEW    cov: 912 ft: 5227 corp: 134/50Kb lim: 969 exec/s: 0 rss: 37Mb L: 64/969 MS: 1 EraseBytes-
#306	NEW    cov: 912 ft: 5228 corp: 135/51Kb lim: 969 exec/s: 0 rss: 37Mb L: 622/969 MS: 1 InsertRepeatedBytes-
#307	NEW    cov: 912 ft: 5229 corp: 136/51Kb lim: 969 exec/s: 0 rss: 37Mb L: 52/969 MS: 1 ChangeBinInt-
#314	NEW    cov: 912 ft: 5231 corp: 137/51Kb lim: 969 exec/s: 0 rss: 37Mb L: 694/969 MS: 2 EraseBytes-InsertRepeatedBytes-
#317	NEW    cov: 912 ft: 5232 corp: 138/52Kb lim: 969 exec/s: 0 rss: 37Mb L: 388/969 MS: 3 ShuffleBytes-ShuffleBytes-CrossOver-
#321	NEW    cov: 912 ft: 5233 corp: 139/52Kb lim: 969 exec/s: 0 rss: 37Mb L: 118/969 MS: 4 PersAutoDict-PersAutoDict-PersAutoDict-ChangeBinInt- DE: "\006*"-"\003\000"-"\006*"-
#323	NEW    cov: 912 ft: 5236 corp: 140/53Kb lim: 969 exec/s: 0 rss: 37Mb L: 867/969 MS: 2 CopyPart-InsertRepeatedBytes-
#329	NEW    cov: 912 ft: 5237 corp: 141/53Kb lim: 969 exec/s: 0 rss: 37Mb L: 22/969 MS: 1 InsertByte-
#332	NEW    cov: 912 ft: 5238 corp: 142/53Kb lim: 969 exec/s: 0 rss: 37Mb L: 818/969 MS: 3 ChangeByte-CrossOver-EraseBytes-
#333	NEW    cov: 913 ft: 5252 corp: 143/54Kb lim: 969 exec/s: 0 rss: 37Mb L: 87/969 MS: 1 ShuffleBytes-
#336	NEW    cov: 913 ft: 5267 corp: 144/54Kb lim: 969 exec/s: 0 rss: 37Mb L: 381/969 MS: 3 ChangeBinInt-CrossOver-CrossOver-
#346	NEW    cov: 913 ft: 5271 corp: 145/55Kb lim: 969 exec/s: 0 rss: 37Mb L: 942/969 MS: 5 ShuffleBytes-ShuffleBytes-ShuffleBytes-ChangeASCIIInt-EraseBytes-
#347	NEW    cov: 913 ft: 5272 corp: 146/55Kb lim: 969 exec/s: 0 rss: 37Mb L: 335/969 MS: 1 ShuffleBytes-
#350	NEW    cov: 913 ft: 5277 corp: 147/56Kb lim: 969 exec/s: 0 rss: 37Mb L: 745/969 MS: 3 ChangeBinInt-CMP-CopyPart- DE: "?\000"-
#351	NEW    cov: 913 ft: 5282 corp: 148/56Kb lim: 969 exec/s: 0 rss: 37Mb L: 477/969 MS: 1 CrossOver-
#354	NEW    cov: 913 ft: 5292 corp: 149/57Kb lim: 969 exec/s: 0 rss: 37Mb L: 510/969 MS: 3 ChangeBit-PersAutoDict-CopyPart- DE: "\377\002"-
#355	NEW    cov: 913 ft: 5295 corp: 150/57Kb lim: 969 exec/s: 0 rss: 37Mb L: 22/969 MS: 1 InsertByte-
#357	NEW    cov: 914 ft: 5299 corp: 151/57Kb lim: 969 exec/s: 0 rss: 37Mb L: 170/969 MS: 2 InsertByte-ChangeBinInt-
#358	NEW    cov: 915 ft: 5306 corp: 152/57Kb lim: 969 exec/s: 0 rss: 37Mb L: 310/969 MS: 1 ChangeBit-
#370	NEW    cov: 915 ft: 5307 corp: 153/58Kb lim: 969 exec/s: 0 rss: 38Mb L: 619/969 MS: 2 ChangeByte-InsertRepeatedBytes-
#372	NEW    cov: 915 ft: 5310 corp: 154/58Kb lim: 969 exec/s: 0 rss: 38Mb L: 26/969 MS: 2 InsertByte-PersAutoDict- DE: "?\000"-
#375	REDUCE cov: 915 ft: 5310 corp: 154/58Kb lim: 969 exec/s: 0 rss: 38Mb L: 102/969 MS: 3 PersAutoDict-ShuffleBytes-EraseBytes- DE: "\000\000\377\375"-
#377	NEW    cov: 915 ft: 5373 corp: 155/58Kb lim: 969 exec/s: 0 rss: 38Mb L: 140/969 MS: 2 InsertByte-CopyPart-
#378	NEW    cov: 915 ft: 5375 corp: 156/58Kb lim: 969 exec/s: 0 rss: 38Mb L: 8/969 MS: 1 EraseBytes-
#389	NEW    cov: 916 ft: 5379 corp: 157/58Kb lim: 969 exec/s: 0 rss: 38Mb L: 25/969 MS: 1 CopyPart-
#391	NEW    cov: 916 ft: 5383 corp: 158/58Kb lim: 969 exec/s: 0 rss: 38Mb L: 91/969 MS: 2 ChangeBit-ChangeBinInt-
#401	NEW    cov: 916 ft: 5384 corp: 159/58Kb lim: 969 exec/s: 0 rss: 38Mb L: 297/969 MS: 5 ChangeASCIIInt-PersAutoDict-ChangeBinInt-ShuffleBytes-CrossOver- DE: "\000\000\377\375"-
#411	NEW    cov: 916 ft: 5386 corp: 160/59Kb lim: 969 exec/s: 0 rss: 38Mb L: 259/969 MS: 5 InsertRepeatedBytes-EraseBytes-CrossOver-PersAutoDict-EraseBytes- DE: "\006\000\000\000\000\000\000\000"-
#412	NEW    cov: 916 ft: 5387 corp: 161/59Kb lim: 969 exec/s: 0 rss: 38Mb L: 451/969 MS: 1 InsertRepeatedBytes-
#417	NEW    cov: 916 ft: 5391 corp: 162/60Kb lim: 969 exec/s: 0 rss: 38Mb L: 952/969 MS: 5 PersAutoDict-ChangeBinInt-ChangeASCIIInt-ChangeByte-CopyPart- DE: "style"-
#419	NEW    cov: 916 ft: 5398 corp: 163/60Kb lim: 969 exec/s: 0 rss: 38Mb L: 430/969 MS: 2 ChangeByte-CrossOver-
#421	NEW    cov: 916 ft: 5400 corp: 164/61Kb lim: 969 exec/s: 0 rss: 38Mb L: 617/969 MS: 2 InsertByte-InsertRepeatedBytes-
#425	NEW    cov: 916 ft: 5425 corp: 165/62Kb lim: 969 exec/s: 0 rss: 38Mb L: 745/969 MS: 4 ChangeByte-ChangeByte-CopyPart-ChangeBinInt-
#431	NEW    cov: 916 ft: 5432 corp: 166/62Kb lim: 969 exec/s: 0 rss: 38Mb L: 58/969 MS: 1 InsertRepeatedBytes-
#433	NEW    cov: 916 ft: 5437 corp: 167/63Kb lim: 969 exec/s: 0 rss: 38Mb L: 969/969 MS: 2 InsertRepeatedBytes-InsertByte-
#439	NEW    cov: 916 ft: 5438 corp: 168/63Kb lim: 969 exec/s: 0 rss: 38Mb L: 65/969 MS: 1 InsertByte-
#442	NEW    cov: 916 ft: 5442 corp: 169/64Kb lim: 969 exec/s: 0 rss: 38Mb L: 940/969 MS: 3 ChangeBit-CrossOver-ChangeByte-
#447	NEW    cov: 916 ft: 5458 corp: 170/64Kb lim: 969 exec/s: 0 rss: 38Mb L: 210/969 MS: 5 ChangeByte-ChangeBit-CMP-CrossOver-CrossOver- DE: "\201\000"-
#448	NEW    cov: 916 ft: 5460 corp: 171/64Kb lim: 969 exec/s: 0 rss: 38Mb L: 408/969 MS: 1 InsertRepeatedBytes-
#450	NEW    cov: 916 ft: 5461 corp: 172/65Kb lim: 969 exec/s: 0 rss: 38Mb L: 966/969 MS: 2 ChangeBinInt-InsertRepeatedBytes-
#454	NEW    cov: 916 ft: 5464 corp: 173/66Kb lim: 969 exec/s: 0 rss: 38Mb L: 655/969 MS: 4 PersAutoDict-PersAutoDict-InsertRepeatedBytes-InsertByte- DE: "title"-"\001\000\000\000\000\000\000\000"-
#461	NEW    cov: 916 ft: 5465 corp: 174/66Kb lim: 969 exec/s: 0 rss: 38Mb L: 524/969 MS: 2 ChangeBinInt-CopyPart-
#464	NEW    cov: 916 ft: 5466 corp: 175/67Kb lim: 969 exec/s: 0 rss: 38Mb L: 337/969 MS: 3 ChangeByte-PersAutoDict-ChangeBit- DE: "\201\000"-
#472	REDUCE cov: 916 ft: 5466 corp: 175/67Kb lim: 969 exec/s: 0 rss: 38Mb L: 584/969 MS: 3 ShuffleBytes-ChangeBinInt-EraseBytes-
#476	NEW    cov: 916 ft: 5472 corp: 176/67Kb lim: 969 exec/s: 0 rss: 38Mb L: 545/969 MS: 4 InsertRepeatedBytes-ShuffleBytes-CrossOver-CopyPart-
#479	NEW    cov: 916 ft: 5473 corp: 177/68Kb lim: 969 exec/s: 0 rss: 38Mb L: 470/969 MS: 3 ChangeASCIIInt-PersAutoDict-InsertRepeatedBytes- DE: "\000\000\377\375"-
#481	NEW    cov: 916 ft: 5475 corp: 178/68Kb lim: 969 exec/s: 0 rss: 38Mb L: 7/969 MS: 2 ChangeByte-EraseBytes-
#487	NEW    cov: 916 ft: 5477 corp: 179/68Kb lim: 969 exec/s: 0 rss: 38Mb L: 13/969 MS: 1 EraseBytes-
#489	NEW    cov: 916 ft: 5486 corp: 180/68Kb lim: 969 exec/s: 0 rss: 38Mb L: 109/969 MS: 2 ChangeByte-CopyPart-
#491	NEW    cov: 916 ft: 5489 corp: 181/68Kb lim: 969 exec/s: 0 rss: 38Mb L: 122/969 MS: 2 CMP-EraseBytes- DE: "iframe"-
#492	NEW    cov: 917 ft: 5491 corp: 182/68Kb lim: 969 exec/s: 0 rss: 38Mb L: 91/969 MS: 1 CopyPart-
#496	NEW    cov: 917 ft: 5492 corp: 183/69Kb lim: 969 exec/s: 0 rss: 38Mb L: 466/969 MS: 4 InsertByte-CopyPart-ChangeBinInt-ChangeBinInt-
#498	NEW    cov: 917 ft: 5493 corp: 184/69Kb lim: 969 exec/s: 0 rss: 38Mb L: 25/969 MS: 2 ChangeByte-CopyPart-
#500	NEW    cov: 919 ft: 5507 corp: 185/69Kb lim: 969 exec/s: 0 rss: 38Mb L: 29/969 MS: 2 CrossOver-ChangeBit-
#506	NEW    cov: 920 ft: 5512 corp: 186/69Kb lim: 969 exec/s: 0 rss: 38Mb L: 668/969 MS: 1 CrossOver-
#516	NEW    cov: 920 ft: 5516 corp: 187/70Kb lim: 969 exec/s: 0 rss: 38Mb L: 383/969 MS: 5 ShuffleBytes-ChangeBit-InsertByte-InsertByte-ChangeASCIIInt-
#517	REDUCE cov: 920 ft: 5516 corp: 187/70Kb lim: 969 exec/s: 0 rss: 38Mb L: 46/969 MS: 1 EraseBytes-
#522	REDUCE cov: 920 ft: 5516 corp: 187/70Kb lim: 969 exec/s: 0 rss: 38Mb L: 83/969 MS: 5 ShuffleBytes-ChangeBit-ChangeByte-ChangeBit-EraseBytes-
#523	NEW    cov: 920 ft: 5519 corp: 188/70Kb lim: 969 exec/s: 0 rss: 38Mb L: 894/969 MS: 1 InsertRepeatedBytes-
#526	NEW    cov: 920 ft: 5542 corp: 189/71Kb lim: 969 exec/s: 0 rss: 38Mb L: 354/969 MS: 3 EraseBytes-InsertRepeatedBytes-CrossOver-
#531	NEW    cov: 920 ft: 5546 corp: 190/71Kb lim: 969 exec/s: 0 rss: 38Mb L: 140/969 MS: 5 InsertRepeatedBytes-ShuffleBytes-CopyPart-InsertRepeatedBytes-InsertRepeatedBytes-
#534	REDUCE cov: 920 ft: 5546 corp: 190/71Kb lim: 969 exec/s: 0 rss: 38Mb L: 245/969 MS: 3 ChangeByte-CopyPart-EraseBytes-
#538	NEW    cov: 920 ft: 5547 corp: 191/71Kb lim: 969 exec/s: 0 rss: 38Mb L: 312/969 MS: 4 ChangeByte-PersAutoDict-InsertByte-ShuffleBytes- DE: "\006\000\000\000\000\000\000\000"-
#543	NEW    cov: 920 ft: 5553 corp: 192/72Kb lim: 969 exec/s: 0 rss: 38Mb L: 781/969 MS: 5 ChangeASCIIInt-PersAutoDict-ChangeBit-ChangeBit-CrossOver- DE: "\000\000\377\375"-
#547	NEW    cov: 920 ft: 5554 corp: 193/72Kb lim: 969 exec/s: 0 rss: 38Mb L: 212/969 MS: 4 InsertByte-ChangeBinInt-InsertByte-ChangeBit-
#558	NEW    cov: 920 ft: 5559 corp: 194/72Kb lim: 969 exec/s: 0 rss: 38Mb L: 169/969 MS: 1 CrossOver-
#564	REDUCE cov: 920 ft: 5560 corp: 195/72Kb lim: 969 exec/s: 0 rss: 38Mb L: 103/969 MS: 1 InsertByte-
#572	NEW    cov: 923 ft: 5578 corp: 196/73Kb lim: 969 exec/s: 0 rss: 38Mb L: 511/969 MS: 3 ChangeBinInt-ShuffleBytes-InsertByte-
#581	NEW    cov: 923 ft: 5579 corp: 197/73Kb lim: 969 exec/s: 0 rss: 38Mb L: 310/969 MS: 4 ChangeBinInt-CMP-InsertRepeatedBytes-ChangeBinInt- DE: "\004\000"-
#586	NEW    cov: 923 ft: 5580 corp: 198/73Kb lim: 969 exec/s: 0 rss: 38Mb L: 272/969 MS: 5 CrossOver-ChangeByte-ChangeASCIIInt-ChangeBit-InsertByte-
#587	NEW    cov: 923 ft: 5583 corp: 199/74Kb lim: 969 exec/s: 0 rss: 38Mb L: 122/969 MS: 1 ShuffleBytes-
#593	NEW    cov: 924 ft: 5589 corp: 200/74Kb lim: 969 exec/s: 0 rss: 38Mb L: 698/969 MS: 1 CopyPart-
#594	NEW    cov: 924 ft: 5603 corp: 201/75Kb lim: 969 exec/s: 0 rss: 38Mb L: 545/969 MS: 1 CopyPart-
#596	NEW    cov: 924 ft: 5609 corp: 202/76Kb lim: 969 exec/s: 0 rss: 38Mb L: 857/969 MS: 2 ChangeASCIIInt-CopyPart-
#607	NEW    cov: 924 ft: 5612 corp: 203/76Kb lim: 969 exec/s: 0 rss: 38Mb L: 91/969 MS: 1 ChangeByte-
#608	NEW    cov: 924 ft: 5617 corp: 204/76Kb lim: 969 exec/s: 0 rss: 38Mb L: 222/969 MS: 1 ChangeByte-
#609	NEW    cov: 924 ft: 5621 corp: 205/76Kb lim: 969 exec/s: 0 rss: 38Mb L: 99/969 MS: 1 ShuffleBytes-
#610	NEW    cov: 925 ft: 5625 corp: 206/76Kb lim: 969 exec/s: 0 rss: 38Mb L: 13/969 MS: 1 ChangeBit-
#614	NEW    cov: 925 ft: 5626 corp: 207/77Kb lim: 969 exec/s: 0 rss: 38Mb L: 471/969 MS: 4 InsertByte-ChangeASCIIInt-ChangeASCIIInt-ChangeByte-
#615	REDUCE cov: 925 ft: 5626 corp: 207/76Kb lim: 969 exec/s: 0 rss: 38Mb L: 76/969 MS: 1 EraseBytes-
#616	NEW    cov: 925 ft: 5630 corp: 208/77Kb lim: 969 exec/s: 0 rss: 38Mb L: 159/969 MS: 1 InsertByte-
#617	NEW    cov: 925 ft: 5636 corp: 209/77Kb lim: 969 exec/s: 0 rss: 38Mb L: 85/969 MS: 1 EraseBytes-
#618	NEW    cov: 925 ft: 5637 corp: 210/77Kb lim: 969 exec/s: 0 rss: 38Mb L: 85/969 MS: 1 CopyPart-
#622	NEW    cov: 925 ft: 5640 corp: 211/77Kb lim: 969 exec/s: 0 rss: 38Mb L: 109/969 MS: 4 ChangeByte-PersAutoDict-CMP-ShuffleBytes- DE: "\377\002"-"t\000\000\000"-
#623	NEW    cov: 925 ft: 5641 corp: 212/77Kb lim: 969 exec/s: 0 rss: 38Mb L: 409/969 MS: 1 InsertByte-
#637	NEW    cov: 925 ft: 5642 corp: 213/77Kb lim: 969 exec/s: 0 rss: 38Mb L: 126/969 MS: 4 CrossOver-ShuffleBytes-CopyPart-ChangeASCIIInt-
#646	NEW    cov: 925 ft: 5643 corp: 214/78Kb lim: 969 exec/s: 0 rss: 38Mb L: 584/969 MS: 4 ChangeASCIIInt-ShuffleBytes-InsertRepeatedBytes-InsertByte-
#657	NEW    cov: 925 ft: 5644 corp: 215/78Kb lim: 969 exec/s: 0 rss: 38Mb L: 107/969 MS: 1 PersAutoDict- DE: "\377\377\377\377\377\377\377\377"-
#658	NEW    cov: 926 ft: 5656 corp: 216/78Kb lim: 969 exec/s: 0 rss: 38Mb L: 175/969 MS: 1 CrossOver-
#659	NEW    cov: 926 ft: 5657 corp: 217/78Kb lim: 969 exec/s: 0 rss: 38Mb L: 17/969 MS: 1 EraseBytes-
#664	NEW    cov: 926 ft: 5658 corp: 218/79Kb lim: 969 exec/s: 0 rss: 38Mb L: 279/969 MS: 5 ChangeBinInt-CrossOver-CMP-ChangeASCIIInt-EraseBytes- DE: "\001r"-
#666	NEW    cov: 926 ft: 5660 corp: 219/79Kb lim: 969 exec/s: 0 rss: 38Mb L: 267/969 MS: 2 ChangeASCIIInt-ChangeBit-
#669	NEW    cov: 926 ft: 5661 corp: 220/79Kb lim: 969 exec/s: 0 rss: 38Mb L: 13/969 MS: 3 ChangeBit-CopyPart-CopyPart-
#670	NEW    cov: 926 ft: 5670 corp: 221/80Kb lim: 969 exec/s: 0 rss: 38Mb L: 913/969 MS: 1 InsertRepeatedBytes-
#673	NEW    cov: 926 ft: 5671 corp: 222/80Kb lim: 969 exec/s: 0 rss: 38Mb L: 508/969 MS: 3 CMP-CopyPart-ChangeBinInt- DE: "\000<"-
#678	REDUCE cov: 926 ft: 5672 corp: 223/80Kb lim: 969 exec/s: 0 rss: 38Mb L: 175/969 MS: 5 ChangeBinInt-CopyPart-CopyPart-ChangeBit-CrossOver-
#682	NEW    cov: 926 ft: 5674 corp: 224/81Kb lim: 969 exec/s: 0 rss: 38Mb L: 120/969 MS: 4 CrossOver-PersAutoDict-CrossOver-PersAutoDict- DE: "\200\000\000\000"-"iframe"-
#683	NEW    cov: 927 ft: 5682 corp: 225/81Kb lim: 969 exec/s: 0 rss: 38Mb L: 52/969 MS: 1 ChangeByte-
#687	NEW    cov: 927 ft: 5689 corp: 226/81Kb lim: 969 exec/s: 0 rss: 38Mb L: 288/969 MS: 4 ChangeBinInt-ChangeBit-EraseBytes-ChangeBit-
#689	NEW    cov: 931 ft: 5743 corp: 227/81Kb lim: 969 exec/s: 0 rss: 38Mb L: 523/969 MS: 2 CMP-EraseBytes- DE: "f\000\000\000\000\000\000\000"-
#700	REDUCE cov: 931 ft: 5743 corp: 227/81Kb lim: 969 exec/s: 0 rss: 38Mb L: 42/969 MS: 1 EraseBytes-
#701	NEW    cov: 931 ft: 5754 corp: 228/81Kb lim: 969 exec/s: 0 rss: 38Mb L: 33/969 MS: 1 ChangeByte-
#702	NEW    cov: 931 ft: 5755 corp: 229/82Kb lim: 969 exec/s: 0 rss: 38Mb L: 217/969 MS: 1 EraseBytes-
#716	NEW    cov: 931 ft: 5757 corp: 230/82Kb lim: 969 exec/s: 0 rss: 38Mb L: 589/969 MS: 4 ChangeASCIIInt-ChangeBit-EraseBytes-CrossOver-
#718	REDUCE cov: 931 ft: 5757 corp: 230/82Kb lim: 969 exec/s: 0 rss: 38Mb L: 19/969 MS: 2 ChangeByte-EraseBytes-
#720	REDUCE cov: 931 ft: 5757 corp: 230/82Kb lim: 969 exec/s: 0 rss: 38Mb L: 255/969 MS: 2 ChangeASCIIInt-EraseBytes-
#725	REDUCE cov: 931 ft: 5757 corp: 230/82Kb lim: 969 exec/s: 0 rss: 38Mb L: 57/969 MS: 5 CopyPart-ChangeByte-ChangeBinInt-PersAutoDict-EraseBytes- DE: "\000\000\377\375"-
#730	NEW    cov: 931 ft: 5758 corp: 231/83Kb lim: 969 exec/s: 0 rss: 38Mb L: 969/969 MS: 5 ChangeASCIIInt-ChangeByte-ShuffleBytes-ChangeBinInt-CrossOver-
#731	NEW    cov: 932 ft: 5769 corp: 232/83Kb lim: 969 exec/s: 0 rss: 38Mb L: 99/969 MS: 1 ChangeBit-
#742	NEW    cov: 932 ft: 5770 corp: 233/83Kb lim: 969 exec/s: 0 rss: 39Mb L: 289/969 MS: 1 InsertByte-
#743	NEW    cov: 932 ft: 5771 corp: 234/84Kb lim: 969 exec/s: 0 rss: 39Mb L: 615/969 MS: 1 InsertRepeatedBytes-
#748	NEW    cov: 932 ft: 5777 corp: 235/84Kb lim: 969 exec/s: 0 rss: 39Mb L: 140/969 MS: 5 ChangeBit-ChangeByte-PersAutoDict-InsertRepeatedBytes-ChangeByte- DE: "\000\000\000i"-
#750	NEW    cov: 932 ft: 5780 corp: 236/84Kb lim: 969 exec/s: 0 rss: 39Mb L: 99/969 MS: 2 CrossOver-ChangeBinInt-
#762	NEW    cov: 932 ft: 5781 corp: 237/84Kb lim: 969 exec/s: 0 rss: 39Mb L: 3/969 MS: 2 ChangeBit-InsertByte-
#765	REDUCE cov: 932 ft: 5781 corp: 237/84Kb lim: 969 exec/s: 0 rss: 39Mb L: 340/969 MS: 3 PersAutoDict-ChangeBit-EraseBytes- DE: "\377\002"-
#771	NEW    cov: 932 ft: 5786 corp: 238/84Kb lim: 969 exec/s: 0 rss: 39Mb L: 99/969 MS: 1 ShuffleBytes-
#774	REDUCE cov: 932 ft: 5786 corp: 238/84Kb lim: 969 exec/s: 0 rss: 39Mb L: 518/969 MS: 3 ShuffleBytes-ChangeBinInt-EraseBytes-
#783	NEW    cov: 932 ft: 5788 corp: 239/85Kb lim: 969 exec/s: 0 rss: 39Mb L: 661/969 MS: 4 ChangeBinInt-InsertRepeatedBytes-ChangeByte-CopyPart-
#787	NEW    cov: 932 ft: 5792 corp: 240/85Kb lim: 969 exec/s: 0 rss: 39Mb L: 189/969 MS: 4 InsertByte-InsertByte-InsertByte-CrossOver-
#796	NEW    cov: 932 ft: 5793 corp: 241/86Kb lim: 969 exec/s: 0 rss: 39Mb L: 678/969 MS: 4 ChangeASCIIInt-ShuffleBytes-CopyPart-EraseBytes-
#800	REDUCE cov: 932 ft: 5794 corp: 242/86Kb lim: 969 exec/s: 0 rss: 39Mb L: 99/969 MS: 4 ChangeBinInt-CrossOver-ShuffleBytes-InsertRepeatedBytes-
#802	REDUCE cov: 932 ft: 5794 corp: 242/86Kb lim: 969 exec/s: 0 rss: 39Mb L: 59/969 MS: 2 InsertByte-EraseBytes-
#810	NEW    cov: 932 ft: 5795 corp: 243/86Kb lim: 969 exec/s: 0 rss: 39Mb L: 93/969 MS: 3 InsertByte-InsertByte-CrossOver-
#811	NEW    cov: 932 ft: 5806 corp: 244/86Kb lim: 969 exec/s: 0 rss: 39Mb L: 159/969 MS: 1 CopyPart-
#813	NEW    cov: 935 ft: 5820 corp: 245/86Kb lim: 969 exec/s: 0 rss: 39Mb L: 99/969 MS: 2 CMP-ChangeBinInt- DE: "scr.ipt"-
#817	NEW    cov: 935 ft: 5830 corp: 246/87Kb lim: 969 exec/s: 0 rss: 39Mb L: 681/969 MS: 4 CopyPart-PersAutoDict-ChangeBinInt-ChangeByte- DE: "\004\000"-
#819	NEW    cov: 935 ft: 5831 corp: 247/88Kb lim: 969 exec/s: 0 rss: 39Mb L: 702/969 MS: 2 ChangeBit-PersAutoDict- DE: "\000\000\377\375"-
#820	NEW    cov: 935 ft: 5838 corp: 248/88Kb lim: 969 exec/s: 0 rss: 39Mb L: 35/969 MS: 1 PersAutoDict- DE: "\377\002"-
#832	NEW    cov: 935 ft: 5840 corp: 249/88Kb lim: 969 exec/s: 0 rss: 39Mb L: 858/969 MS: 2 ChangeASCIIInt-InsertByte-
#835	NEW    cov: 935 ft: 5842 corp: 250/89Kb lim: 969 exec/s: 0 rss: 39Mb L: 363/969 MS: 3 CopyPart-CrossOver-CMP- DE: "\377\377\377\377\377\377\000W"-
#836	NEW    cov: 945 ft: 5872 corp: 251/89Kb lim: 969 exec/s: 0 rss: 39Mb L: 363/969 MS: 1 ChangeBit-
#840	NEW    cov: 945 ft: 5873 corp: 252/90Kb lim: 969 exec/s: 0 rss: 39Mb L: 823/969 MS: 4 ShuffleBytes-ShuffleBytes-EraseBytes-PersAutoDict- DE: "style"-
#841	REDUCE cov: 945 ft: 5873 corp: 252/90Kb lim: 969 exec/s: 0 rss: 39Mb L: 30/969 MS: 1 EraseBytes-
#844	NEW    cov: 945 ft: 5874 corp: 253/90Kb lim: 969 exec/s: 0 rss: 39Mb L: 177/969 MS: 3 EraseBytes-PersAutoDict-ShuffleBytes- DE: "\377\377\377\377\377\377\000W"-
#856	REDUCE cov: 945 ft: 5877 corp: 254/90Kb lim: 969 exec/s: 0 rss: 39Mb L: 101/969 MS: 2 CopyPart-ChangeBinInt-
#857	NEW    cov: 945 ft: 5878 corp: 255/91Kb lim: 969 exec/s: 0 rss: 39Mb L: 539/969 MS: 1 CrossOver-
#861	NEW    cov: 945 ft: 5880 corp: 256/91Kb lim: 969 exec/s: 0 rss: 39Mb L: 85/969 MS: 4 EraseBytes-InsertByte-ChangeBinInt-ChangeByte-
#872	NEW    cov: 945 ft: 5881 corp: 257/91Kb lim: 969 exec/s: 0 rss: 39Mb L: 389/969 MS: 1 InsertByte-
#888	REDUCE cov: 945 ft: 5881 corp: 257/91Kb lim: 969 exec/s: 0 rss: 39Mb L: 50/969 MS: 1 EraseBytes-
#897	NEW    cov: 945 ft: 5882 corp: 258/91Kb lim: 969 exec/s: 0 rss: 39Mb L: 159/969 MS: 4 ChangeBinInt-InsertRepeatedBytes-ChangeBit-InsertByte-
#898	NEW    cov: 945 ft: 5887 corp: 259/92Kb lim: 969 exec/s: 0 rss: 39Mb L: 399/969 MS: 1 CrossOver-
#900	NEW    cov: 945 ft: 5888 corp: 260/93Kb lim: 969 exec/s: 0 rss: 39Mb L: 960/969 MS: 2 CopyPart-CrossOver-
#905	NEW    cov: 945 ft: 5894 corp: 261/93Kb lim: 969 exec/s: 0 rss: 39Mb L: 765/969 MS: 5 CopyPart-ChangeByte-ChangeASCIIInt-CMP-CopyPart- DE: "\000\376"-
#908	NEW    cov: 945 ft: 5895 corp: 262/94Kb lim: 969 exec/s: 0 rss: 39Mb L: 436/969 MS: 3 CMP-InsertRepeatedBytes-CrossOver- DE: "\377\377\377\377\377\377\377\000"-
#917	NEW    cov: 945 ft: 5901 corp: 263/94Kb lim: 969 exec/s: 0 rss: 39Mb L: 222/969 MS: 4 CopyPart-CopyPart-CrossOver-InsertRepeatedBytes-
#920	NEW    cov: 945 ft: 5902 corp: 264/95Kb lim: 969 exec/s: 0 rss: 39Mb L: 508/969 MS: 3 PersAutoDict-ShuffleBytes-EraseBytes- DE: "\001r"-
#922	REDUCE cov: 945 ft: 5902 corp: 264/95Kb lim: 969 exec/s: 0 rss: 39Mb L: 12/969 MS: 2 ShuffleBytes-EraseBytes-
#926	NEW    cov: 945 ft: 5904 corp: 265/95Kb lim: 969 exec/s: 0 rss: 39Mb L: 331/969 MS: 4 PersAutoDict-ShuffleBytes-InsertRepeatedBytes-EraseBytes- DE: "\000\376"-
#928	NEW    cov: 945 ft: 5906 corp: 266/96Kb lim: 969 exec/s: 0 rss: 39Mb L: 969/969 MS: 2 CMP-CrossOver- DE: "\001\000\000~"-
#935	NEW    cov: 945 ft: 5921 corp: 267/96Kb lim: 969 exec/s: 0 rss: 39Mb L: 517/969 MS: 2 ChangeBit-CopyPart-
#942	NEW    cov: 945 ft: 5929 corp: 268/96Kb lim: 969 exec/s: 0 rss: 39Mb L: 77/969 MS: 2 EraseBytes-ShuffleBytes-
#944	NEW    cov: 945 ft: 5932 corp: 269/97Kb lim: 969 exec/s: 0 rss: 39Mb L: 159/969 MS: 2 ChangeByte-CMP- DE: "\377\377\377."-
#946	NEW    cov: 945 ft: 5936 corp: 270/97Kb lim: 969 exec/s: 0 rss: 39Mb L: 91/969 MS: 2 ChangeBit-PersAutoDict- DE: "\377\377\377\377\377\377\000W"-
#949	NEW    cov: 945 ft: 5937 corp: 271/97Kb lim: 969 exec/s: 0 rss: 39Mb L: 77/969 MS: 3 InsertByte-ChangeBinInt-EraseBytes-
#954	REDUCE cov: 945 ft: 5937 corp: 271/97Kb lim: 969 exec/s: 0 rss: 39Mb L: 289/969 MS: 5 ChangeASCIIInt-InsertByte-PersAutoDict-InsertByte-EraseBytes- DE: "\001r"-
#956	NEW    cov: 945 ft: 5939 corp: 272/97Kb lim: 969 exec/s: 0 rss: 39Mb L: 103/969 MS: 2 InsertRepeatedBytes-CMP- DE: "\031\000\000\000\000\000\000\000"-
#957	NEW    cov: 945 ft: 5949 corp: 273/97Kb lim: 969 exec/s: 0 rss: 39Mb L: 311/969 MS: 1 PersAutoDict- DE: "\000<"-
#963	NEW    cov: 945 ft: 5953 corp: 274/98Kb lim: 969 exec/s: 0 rss: 39Mb L: 969/969 MS: 1 InsertRepeatedBytes-
#970	NEW    cov: 945 ft: 5954 corp: 275/98Kb lim: 969 exec/s: 0 rss: 39Mb L: 177/969 MS: 2 ShuffleBytes-PersAutoDict- DE: "\006*"-
#974	NEW    cov: 945 ft: 5967 corp: 276/99Kb lim: 969 exec/s: 0 rss: 39Mb L: 553/969 MS: 4 ChangeBinInt-ChangeBit-InsertRepeatedBytes-CrossOver-
#980	NEW    cov: 945 ft: 5970 corp: 277/99Kb lim: 969 exec/s: 0 rss: 39Mb L: 348/969 MS: 1 ShuffleBytes-
#989	NEW    cov: 945 ft: 5971 corp: 278/99Kb lim: 969 exec/s: 0 rss: 39Mb L: 24/969 MS: 4 ChangeByte-InsertByte-ChangeBit-ShuffleBytes-
#990	NEW    cov: 945 ft: 5974 corp: 279/99Kb lim: 969 exec/s: 0 rss: 39Mb L: 177/969 MS: 1 ChangeBit-
#993	NEW    cov: 945 ft: 5975 corp: 280/100Kb lim: 969 exec/s: 0 rss: 39Mb L: 367/969 MS: 3 ChangeBit-InsertByte-CrossOver-
#996	NEW    cov: 945 ft: 5977 corp: 281/101Kb lim: 969 exec/s: 0 rss: 39Mb L: 943/969 MS: 3 ChangeBinInt-ShuffleBytes-InsertByte-
#1002	NEW    cov: 945 ft: 5987 corp: 282/101Kb lim: 969 exec/s: 0 rss: 39Mb L: 93/969 MS: 1 ChangeBit-
#1010	NEW    cov: 945 ft: 5988 corp: 283/101Kb lim: 969 exec/s: 0 rss: 39Mb L: 99/969 MS: 3 ChangeBinInt-ChangeBinInt-ChangeBinInt-
#1011	NEW    cov: 945 ft: 5994 corp: 284/101Kb lim: 969 exec/s: 0 rss: 39Mb L: 122/969 MS: 1 ShuffleBytes-
#1016	NEW    cov: 945 ft: 5995 corp: 285/101Kb lim: 969 exec/s: 0 rss: 39Mb L: 384/969 MS: 5 ChangeBinInt-ShuffleBytes-ChangeBit-PersAutoDict-CrossOver- DE: "t\000\000\000"-
#1018	NEW    cov: 945 ft: 5996 corp: 286/102Kb lim: 969 exec/s: 0 rss: 39Mb L: 691/969 MS: 2 ChangeByte-InsertRepeatedBytes-
#1022	NEW    cov: 945 ft: 6002 corp: 287/102Kb lim: 969 exec/s: 0 rss: 39Mb L: 160/969 MS: 4 InsertByte-InsertByte-CMP-PersAutoDict- DE: "\231\000\000\000\000\000\000\000"-"\000\000\000\000\000\000\000\000"-
#1038	NEW    cov: 945 ft: 6009 corp: 288/102Kb lim: 969 exec/s: 0 rss: 39Mb L: 99/969 MS: 1 ChangeBit-
#1047	NEW    cov: 945 ft: 6026 corp: 289/102Kb lim: 969 exec/s: 0 rss: 39Mb L: 326/969 MS: 4 ShuffleBytes-ChangeBit-CMP-CopyPart- DE: "<style>c"-
#1049	NEW    cov: 945 ft: 6063 corp: 290/103Kb lim: 969 exec/s: 0 rss: 39Mb L: 704/969 MS: 2 ChangeASCIIInt-EraseBytes-
#1055	NEW    cov: 945 ft: 6064 corp: 291/104Kb lim: 969 exec/s: 0 rss: 39Mb L: 685/969 MS: 1 PersAutoDict- DE: "\000\000\000i"-
#1073	NEW    cov: 945 ft: 6072 corp: 292/104Kb lim: 969 exec/s: 0 rss: 39Mb L: 240/969 MS: 3 InsertRepeatedBytes-CrossOver-InsertByte-
#1074	REDUCE cov: 945 ft: 6072 corp: 292/104Kb lim: 969 exec/s: 0 rss: 39Mb L: 57/969 MS: 1 EraseBytes-
#1075	NEW    cov: 946 ft: 6085 corp: 293/104Kb lim: 969 exec/s: 0 rss: 39Mb L: 256/969 MS: 1 CrossOver-
#1078	NEW    cov: 946 ft: 6088 corp: 294/104Kb lim: 969 exec/s: 0 rss: 39Mb L: 85/969 MS: 3 ChangeByte-ChangeBit-CopyPart-
#1094	NEW    cov: 946 ft: 6092 corp: 295/105Kb lim: 969 exec/s: 0 rss: 39Mb L: 785/969 MS: 1 CrossOver-
#1098	REDUCE cov: 946 ft: 6092 corp: 295/105Kb lim: 969 exec/s: 0 rss: 39Mb L: 53/969 MS: 4 ChangeBinInt-ShuffleBytes-ChangeBit-EraseBytes-
#1102	NEW    cov: 946 ft: 6094 corp: 296/105Kb lim: 969 exec/s: 0 rss: 39Mb L: 307/969 MS: 4 InsertRepeatedBytes-PersAutoDict-InsertRepeatedBytes-InsertRepeatedBytes- DE: "?\000"-
#1113	NEW    cov: 946 ft: 6096 corp: 297/106Kb lim: 969 exec/s: 0 rss: 39Mb L: 179/969 MS: 1 PersAutoDict- DE: "\001r"-
#1121	NEW    cov: 946 ft: 6098 corp: 298/106Kb lim: 969 exec/s: 0 rss: 39Mb L: 268/969 MS: 3 ChangeByte-ChangeByte-EraseBytes-
#1124	NEW    cov: 946 ft: 6101 corp: 299/106Kb lim: 969 exec/s: 0 rss: 39Mb L: 161/969 MS: 3 ChangeByte-ShuffleBytes-InsertRepeatedBytes-
#1125	NEW    cov: 960 ft: 6128 corp: 300/106Kb lim: 969 exec/s: 0 rss: 39Mb L: 21/969 MS: 1 ChangeByte-
#1168	NEW    cov: 960 ft: 6130 corp: 301/106Kb lim: 969 exec/s: 0 rss: 39Mb L: 213/969 MS: 3 ChangeBit-CrossOver-CopyPart-
#1173	NEW    cov: 960 ft: 6131 corp: 302/107Kb lim: 969 exec/s: 0 rss: 39Mb L: 573/969 MS: 5 ShuffleBytes-PersAutoDict-ChangeByte-CrossOver-InsertRepeatedBytes- DE: "\001r"-
#1176	NEW    cov: 960 ft: 6132 corp: 303/107Kb lim: 969 exec/s: 0 rss: 39Mb L: 234/969 MS: 3 CMP-InsertRepeatedBytes-InsertRepeatedBytes- DE: "\376\375"-
#1177	NEW    cov: 961 ft: 6148 corp: 304/108Kb lim: 969 exec/s: 0 rss: 39Mb L: 894/969 MS: 1 CopyPart-
#1183	NEW    cov: 961 ft: 6150 corp: 305/108Kb lim: 969 exec/s: 0 rss: 39Mb L: 139/969 MS: 1 EraseBytes-
#1185	NEW    cov: 961 ft: 6152 corp: 306/108Kb lim: 969 exec/s: 0 rss: 39Mb L: 21/969 MS: 2 CMP-ChangeBit- DE: "\000\010"-
#1188	NEW    cov: 961 ft: 6153 corp: 307/108Kb lim: 969 exec/s: 0 rss: 39Mb L: 22/969 MS: 3 ChangeByte-ChangeBit-InsertByte-
#1199	NEW    cov: 961 ft: 6154 corp: 308/109Kb lim: 969 exec/s: 0 rss: 39Mb L: 969/969 MS: 1 CMP- DE: "\011`\"\"\012)]>"-
#1200	REDUCE cov: 961 ft: 6155 corp: 309/109Kb lim: 969 exec/s: 0 rss: 39Mb L: 53/969 MS: 1 CMP- DE: "\000\000\000\""-
#1219	NEW    cov: 961 ft: 6156 corp: 310/109Kb lim: 969 exec/s: 0 rss: 39Mb L: 251/969 MS: 4 ChangeASCIIInt-CrossOver-PersAutoDict-EraseBytes- DE: "\011`\"\"\012)]>"-
#1222	REDUCE cov: 961 ft: 6156 corp: 310/109Kb lim: 969 exec/s: 0 rss: 39Mb L: 555/969 MS: 3 ChangeBit-CrossOver-EraseBytes-
#1223	REDUCE cov: 961 ft: 6157 corp: 311/109Kb lim: 969 exec/s: 0 rss: 39Mb L: 76/969 MS: 1 ChangeBinInt-
#1224	NEW    cov: 961 ft: 6161 corp: 312/109Kb lim: 969 exec/s: 0 rss: 39Mb L: 24/969 MS: 1 CopyPart-
#1226	NEW    cov: 967 ft: 6168 corp: 313/109Kb lim: 969 exec/s: 0 rss: 39Mb L: 59/969 MS: 2 ChangeBit-EraseBytes-
#1231	NEW    cov: 967 ft: 6169 corp: 314/110Kb lim: 969 exec/s: 0 rss: 39Mb L: 203/969 MS: 5 ChangeBit-InsertByte-ChangeBit-InsertRepeatedBytes-CopyPart-
#1234	NEW    cov: 967 ft: 6176 corp: 315/110Kb lim: 969 exec/s: 0 rss: 39Mb L: 584/969 MS: 3 ChangeBit-ChangeBit-CrossOver-
#1235	NEW    cov: 967 ft: 6177 corp: 316/110Kb lim: 969 exec/s: 0 rss: 39Mb L: 110/969 MS: 1 CopyPart-
#1236	REDUCE cov: 967 ft: 6177 corp: 316/110Kb lim: 969 exec/s: 0 rss: 39Mb L: 420/969 MS: 1 EraseBytes-
#1237	NEW    cov: 967 ft: 6180 corp: 317/110Kb lim: 969 exec/s: 0 rss: 39Mb L: 33/969 MS: 1 PersAutoDict- DE: "<style>c"-
#1241	NEW    cov: 967 ft: 6182 corp: 318/111Kb lim: 969 exec/s: 0 rss: 39Mb L: 617/969 MS: 4 ShuffleBytes-CopyPart-ChangeByte-CrossOver-
#1252	NEW    cov: 967 ft: 6185 corp: 319/112Kb lim: 969 exec/s: 0 rss: 39Mb L: 675/969 MS: 1 EraseBytes-
#1255	REDUCE cov: 967 ft: 6185 corp: 319/111Kb lim: 969 exec/s: 0 rss: 39Mb L: 492/969 MS: 3 CopyPart-CrossOver-EraseBytes-
#1260	NEW    cov: 967 ft: 6187 corp: 320/112Kb lim: 969 exec/s: 0 rss: 39Mb L: 503/969 MS: 5 PersAutoDict-ChangeBinInt-PersAutoDict-ShuffleBytes-EraseBytes- DE: "\376\375"-"\200\000\000\000"-
#1261	NEW    cov: 967 ft: 6188 corp: 321/112Kb lim: 969 exec/s: 0 rss: 39Mb L: 190/969 MS: 1 InsertByte-
#1278	NEW    cov: 967 ft: 6194 corp: 322/113Kb lim: 969 exec/s: 0 rss: 39Mb L: 769/969 MS: 2 ChangeBit-CopyPart-
#1281	NEW    cov: 967 ft: 6196 corp: 323/113Kb lim: 969 exec/s: 0 rss: 39Mb L: 54/969 MS: 3 CopyPart-EraseBytes-PersAutoDict- DE: "scr.ipt"-
#1286	NEW    cov: 967 ft: 6197 corp: 324/113Kb lim: 969 exec/s: 0 rss: 39Mb L: 685/969 MS: 5 ChangeBit-ChangeBinInt-ChangeByte-CrossOver-EraseBytes-
#1289	NEW    cov: 967 ft: 6200 corp: 325/114Kb lim: 969 exec/s: 0 rss: 39Mb L: 198/969 MS: 3 InsertByte-ShuffleBytes-CopyPart-
#1295	NEW    cov: 967 ft: 6201 corp: 326/114Kb lim: 969 exec/s: 0 rss: 39Mb L: 685/969 MS: 1 ChangeByte-
#1306	NEW    cov: 967 ft: 6230 corp: 327/115Kb lim: 969 exec/s: 0 rss: 39Mb L: 400/969 MS: 1 CopyPart-
#1310	NEW    cov: 967 ft: 6231 corp: 328/115Kb lim: 969 exec/s: 0 rss: 39Mb L: 258/969 MS: 4 ChangeByte-ChangeASCIIInt-PersAutoDict-InsertRepeatedBytes- DE: "\231\000\000\000\000\000\000\000"-
#1312	NEW    cov: 967 ft: 6232 corp: 329/116Kb lim: 969 exec/s: 0 rss: 39Mb L: 969/969 MS: 2 ChangeASCIIInt-ChangeASCIIInt-
#1314	NEW    cov: 967 ft: 6233 corp: 330/116Kb lim: 969 exec/s: 0 rss: 39Mb L: 514/969 MS: 2 CrossOver-EraseBytes-
#1316	REDUCE cov: 967 ft: 6234 corp: 331/116Kb lim: 969 exec/s: 0 rss: 39Mb L: 44/969 MS: 2 EraseBytes-ChangeBit-
#1317	NEW    cov: 967 ft: 6235 corp: 332/116Kb lim: 969 exec/s: 0 rss: 39Mb L: 37/969 MS: 1 PersAutoDict- DE: "\031\000\000\000\000\000\000\000"-
#1320	NEW    cov: 967 ft: 6236 corp: 333/117Kb lim: 969 exec/s: 0 rss: 39Mb L: 929/969 MS: 3 ChangeBinInt-InsertByte-InsertRepeatedBytes-
#1332	NEW    cov: 967 ft: 6237 corp: 334/117Kb lim: 969 exec/s: 0 rss: 39Mb L: 37/969 MS: 2 PersAutoDict-ChangeBinInt- DE: "\000\000\377\375"-
#1341	NEW    cov: 967 ft: 6239 corp: 335/118Kb lim: 969 exec/s: 0 rss: 39Mb L: 190/969 MS: 4 ChangeBit-CrossOver-EraseBytes-InsertByte-
#1342	NEW    cov: 967 ft: 6242 corp: 336/118Kb lim: 969 exec/s: 0 rss: 39Mb L: 37/969 MS: 1 CopyPart-
#1343	NEW    cov: 967 ft: 6243 corp: 337/118Kb lim: 969 exec/s: 0 rss: 39Mb L: 95/969 MS: 1 PersAutoDict- DE: "\377\002"-
#1354	NEW    cov: 967 ft: 6245 corp: 338/118Kb lim: 969 exec/s: 0 rss: 39Mb L: 268/969 MS: 1 CrossOver-
#1359	NEW    cov: 967 ft: 6246 corp: 339/118Kb lim: 969 exec/s: 0 rss: 39Mb L: 128/969 MS: 5 EraseBytes-PersAutoDict-InsertRepeatedBytes-CrossOver-CopyPart- DE: "\377\377\377."-
#1364	NEW    cov: 967 ft: 6254 corp: 340/119Kb lim: 969 exec/s: 0 rss: 39Mb L: 457/969 MS: 5 InsertRepeatedBytes-ChangeByte-InsertRepeatedBytes-CrossOver-PersAutoDict- DE: "\000\000\000\000\000\000\000\000"-
#1376	REDUCE cov: 967 ft: 6254 corp: 340/119Kb lim: 969 exec/s: 0 rss: 39Mb L: 132/969 MS: 2 CopyPart-EraseBytes-
#1393	REDUCE cov: 967 ft: 6254 corp: 340/118Kb lim: 969 exec/s: 0 rss: 39Mb L: 284/969 MS: 2 ChangeBit-EraseBytes-
#1395	NEW    cov: 967 ft: 6255 corp: 341/119Kb lim: 969 exec/s: 0 rss: 39Mb L: 53/969 MS: 2 InsertRepeatedBytes-CMP- DE: "\001\001"-
#1404	REDUCE cov: 967 ft: 6255 corp: 341/119Kb lim: 969 exec/s: 0 rss: 39Mb L: 48/969 MS: 4 CopyPart-ChangeASCIIInt-CopyPart-EraseBytes-
#1406	NEW    cov: 967 ft: 6258 corp: 342/119Kb lim: 969 exec/s: 0 rss: 39Mb L: 100/969 MS: 2 InsertByte-ChangeBit-
#1426	NEW    cov: 967 ft: 6263 corp: 343/119Kb lim: 969 exec/s: 0 rss: 39Mb L: 219/969 MS: 5 ShuffleBytes-PersAutoDict-CopyPart-ChangeBit-InsertRepeatedBytes- DE: "\000\010"-
#1428	NEW    cov: 967 ft: 6273 corp: 344/120Kb lim: 969 exec/s: 0 rss: 39Mb L: 693/969 MS: 2 ChangeBit-EraseBytes-
#1435	NEW    cov: 967 ft: 6274 corp: 345/120Kb lim: 969 exec/s: 0 rss: 39Mb L: 169/969 MS: 2 ChangeBit-CrossOver-
#1462	NEW    cov: 967 ft: 6276 corp: 346/120Kb lim: 969 exec/s: 0 rss: 39Mb L: 23/969 MS: 2 PersAutoDict-CrossOver- DE: "\200\000\000\000"-
#1463	NEW    cov: 967 ft: 6277 corp: 347/120Kb lim: 969 exec/s: 0 rss: 39Mb L: 99/969 MS: 1 ChangeByte-
#1476	NEW    cov: 967 ft: 6278 corp: 348/120Kb lim: 969 exec/s: 0 rss: 39Mb L: 305/969 MS: 3 CMP-CrossOver-CrossOver- DE: "\377\377\377\177"-
#1480	NEW    cov: 967 ft: 6280 corp: 349/121Kb lim: 969 exec/s: 0 rss: 39Mb L: 565/969 MS: 4 InsertByte-ChangeBit-InsertByte-InsertByte-
#1484	NEW    cov: 967 ft: 6334 corp: 350/121Kb lim: 969 exec/s: 0 rss: 39Mb L: 361/969 MS: 4 InsertByte-ChangeBit-InsertRepeatedBytes-CrossOver-
#1485	NEW    cov: 967 ft: 6335 corp: 351/122Kb lim: 969 exec/s: 0 rss: 39Mb L: 515/969 MS: 1 InsertByte-
#1488	REDUCE cov: 967 ft: 6338 corp: 352/122Kb lim: 969 exec/s: 0 rss: 39Mb L: 556/969 MS: 3 InsertByte-ShuffleBytes-ShuffleBytes-
#1489	NEW    cov: 968 ft: 6347 corp: 353/123Kb lim: 969 exec/s: 0 rss: 39Mb L: 651/969 MS: 1 CrossOver-
#1504	NEW    cov: 968 ft: 6350 corp: 354/123Kb lim: 969 exec/s: 0 rss: 39Mb L: 200/969 MS: 5 CMP-ChangeByte-ChangeByte-InsertByte-InsertRepeatedBytes- DE: "\177\000\000\000"-
#1516	NEW    cov: 968 ft: 6352 corp: 355/124Kb lim: 969 exec/s: 0 rss: 39Mb L: 704/969 MS: 2 ChangeBit-ChangeBit-
#1517	NEW    cov: 968 ft: 6353 corp: 356/124Kb lim: 969 exec/s: 0 rss: 39Mb L: 120/969 MS: 1 PersAutoDict- DE: "\003\000"-
#1520	NEW    cov: 968 ft: 6354 corp: 357/124Kb lim: 969 exec/s: 0 rss: 39Mb L: 429/969 MS: 3 ChangeASCIIInt-ChangeASCIIInt-CopyPart-
#1526	NEW    cov: 968 ft: 6358 corp: 358/125Kb lim: 969 exec/s: 0 rss: 39Mb L: 704/969 MS: 1 ShuffleBytes-
#1527	NEW    cov: 968 ft: 6359 corp: 359/125Kb lim: 969 exec/s: 0 rss: 39Mb L: 395/969 MS: 1 CMP- DE: "-02 15:"-
#1531	NEW    cov: 968 ft: 6362 corp: 360/126Kb lim: 969 exec/s: 0 rss: 39Mb L: 495/969 MS: 4 ShuffleBytes-ChangeByte-ChangeBinInt-CopyPart-
#1532	NEW    cov: 968 ft: 6364 corp: 361/126Kb lim: 969 exec/s: 0 rss: 39Mb L: 573/969 MS: 1 CrossOver-
#1542	REDUCE cov: 968 ft: 6364 corp: 361/126Kb lim: 969 exec/s: 0 rss: 39Mb L: 715/969 MS: 5 ChangeBinInt-ChangeByte-ShuffleBytes-ChangeByte-EraseBytes-
#1552	NEW    cov: 968 ft: 6366 corp: 362/127Kb lim: 969 exec/s: 0 rss: 39Mb L: 897/969 MS: 5 ChangeByte-PersAutoDict-PersAutoDict-ChangeBinInt-CopyPart- DE: "\377\002"-"\001\001"-
#1554	NEW    cov: 968 ft: 6367 corp: 363/127Kb lim: 969 exec/s: 0 rss: 39Mb L: 25/969 MS: 2 ShuffleBytes-ChangeBinInt-
#1555	NEW    cov: 968 ft: 6368 corp: 364/127Kb lim: 969 exec/s: 0 rss: 39Mb L: 99/969 MS: 1 CMP- DE: "iframe"-
#1584	NEW    cov: 968 ft: 6370 corp: 365/127Kb lim: 969 exec/s: 0 rss: 39Mb L: 139/969 MS: 4 InsertRepeatedBytes-ChangeBit-InsertByte-ChangeBinInt-
#1596	NEW    cov: 968 ft: 6371 corp: 366/127Kb lim: 969 exec/s: 0 rss: 39Mb L: 5/969 MS: 2 PersAutoDict-PersAutoDict- DE: "\377\002"-"\000\376"-
#1600	NEW    cov: 968 ft: 6372 corp: 367/128Kb lim: 969 exec/s: 0 rss: 39Mb L: 374/969 MS: 4 EraseBytes-ChangeByte-ChangeASCIIInt-InsertRepeatedBytes-
#1606	NEW    cov: 968 ft: 6373 corp: 368/128Kb lim: 969 exec/s: 0 rss: 39Mb L: 92/969 MS: 1 InsertByte-
#1623	NEW    cov: 968 ft: 6374 corp: 369/128Kb lim: 969 exec/s: 0 rss: 39Mb L: 28/969 MS: 2 EraseBytes-ChangeBit-
#1625	NEW    cov: 968 ft: 6377 corp: 370/128Kb lim: 969 exec/s: 0 rss: 39Mb L: 99/969 MS: 2 ChangeByte-EraseBytes-
#1626	NEW    cov: 968 ft: 6378 corp: 371/128Kb lim: 969 exec/s: 0 rss: 39Mb L: 190/969 MS: 1 ChangeBinInt-
#1632	NEW    cov: 968 ft: 6380 corp: 372/128Kb lim: 969 exec/s: 0 rss: 39Mb L: 71/969 MS: 1 CrossOver-
#1641	NEW    cov: 968 ft: 6383 corp: 373/129Kb lim: 969 exec/s: 0 rss: 39Mb L: 359/969 MS: 4 EraseBytes-CrossOver-ShuffleBytes-CrossOver-
#1646	NEW    cov: 968 ft: 6384 corp: 374/129Kb lim: 969 exec/s: 0 rss: 39Mb L: 130/969 MS: 5 InsertByte-InsertRepeatedBytes-ChangeByte-CrossOver-InsertByte-
#1651	NEW    cov: 968 ft: 6394 corp: 375/129Kb lim: 969 exec/s: 0 rss: 39Mb L: 102/969 MS: 5 InsertByte-InsertByte-InsertByte-ChangeByte-CMP- DE: "img"-
#1652	NEW    cov: 968 ft: 6396 corp: 376/129Kb lim: 969 exec/s: 0 rss: 39Mb L: 21/969 MS: 1 ChangeByte-
#1657	NEW    cov: 968 ft: 6404 corp: 377/129Kb lim: 969 exec/s: 0 rss: 39Mb L: 744/969 MS: 5 ChangeBit-PersAutoDict-ChangeByte-EraseBytes-PersAutoDict- DE: "img"-"\000<"-
#1659	NEW    cov: 968 ft: 6407 corp: 378/130Kb lim: 969 exec/s: 0 rss: 39Mb L: 37/969 MS: 2 CMP-CopyPart- DE: "\377\377"-
#1664	NEW    cov: 968 ft: 6408 corp: 379/130Kb lim: 969 exec/s: 0 rss: 39Mb L: 764/969 MS: 5 ChangeBinInt-CopyPart-ChangeBit-EraseBytes-CopyPart-
#1675	REDUCE cov: 968 ft: 6408 corp: 379/130Kb lim: 969 exec/s: 0 rss: 39Mb L: 6/969 MS: 1 EraseBytes-
#1679	NEW    cov: 968 ft: 6409 corp: 380/130Kb lim: 969 exec/s: 0 rss: 39Mb L: 200/969 MS: 4 ChangeByte-ChangeByte-CMP-CopyPart- DE: "ta.gz#"-
#1682	NEW    cov: 968 ft: 6413 corp: 381/131Kb lim: 969 exec/s: 0 rss: 39Mb L: 446/969 MS: 3 ShuffleBytes-ChangeBinInt-CrossOver-
#1683	REDUCE cov: 968 ft: 6417 corp: 382/131Kb lim: 969 exec/s: 0 rss: 39Mb L: 134/969 MS: 1 PersAutoDict- DE: "\376\375"-
#1686	NEW    cov: 968 ft: 6434 corp: 383/131Kb lim: 969 exec/s: 0 rss: 39Mb L: 214/969 MS: 3 InsertByte-PersAutoDict-CMP- DE: "style"-"ccs<"-
#1696	NEW    cov: 968 ft: 6435 corp: 384/132Kb lim: 969 exec/s: 0 rss: 39Mb L: 573/969 MS: 5 CMP-ChangeBinInt-ChangeBinInt-InsertByte-CrossOver- DE: "ss"-
#1697	NEW    cov: 969 ft: 6443 corp: 385/133Kb lim: 969 exec/s: 0 rss: 39Mb L: 940/969 MS: 1 PersAutoDict- DE: "?\000"-
#1702	NEW    cov: 969 ft: 6454 corp: 386/133Kb lim: 969 exec/s: 0 rss: 39Mb L: 233/969 MS: 5 CopyPart-ChangeBinInt-ChangeBinInt-ShuffleBytes-CrossOver-
#1704	NEW    cov: 969 ft: 6456 corp: 387/133Kb lim: 969 exec/s: 0 rss: 39Mb L: 177/969 MS: 2 ChangeByte-CopyPart-
#1705	NEW    cov: 969 ft: 6462 corp: 388/133Kb lim: 969 exec/s: 0 rss: 39Mb L: 289/969 MS: 1 InsertByte-
#1708	NEW    cov: 969 ft: 6466 corp: 389/133Kb lim: 969 exec/s: 0 rss: 39Mb L: 85/969 MS: 3 ChangeBit-CrossOver-ChangeBit-
#1711	NEW    cov: 969 ft: 6467 corp: 390/134Kb lim: 969 exec/s: 0 rss: 39Mb L: 189/969 MS: 3 PersAutoDict-ChangeByte-CopyPart- DE: "\000\000\377\375"-
#1714	NEW    cov: 969 ft: 6473 corp: 391/134Kb lim: 969 exec/s: 0 rss: 39Mb L: 562/969 MS: 3 InsertByte-ChangeBit-CrossOver-
#1722	NEW    cov: 969 ft: 6474 corp: 392/135Kb lim: 969 exec/s: 0 rss: 39Mb L: 818/969 MS: 3 ChangeBit-PersAutoDict-ShuffleBytes- DE: "t\000\000\000"-
#1725	NEW    cov: 975 ft: 6490 corp: 393/136Kb lim: 969 exec/s: 0 rss: 39Mb L: 866/969 MS: 3 InsertRepeatedBytes-CrossOver-ShuffleBytes-
#1726	NEW    cov: 975 ft: 6491 corp: 394/136Kb lim: 969 exec/s: 0 rss: 39Mb L: 92/969 MS: 1 ChangeBit-
#1739	NEW    cov: 975 ft: 6494 corp: 395/137Kb lim: 969 exec/s: 0 rss: 39Mb L: 622/969 MS: 3 CopyPart-EraseBytes-CrossOver-
#1740	NEW    cov: 975 ft: 6496 corp: 396/137Kb lim: 969 exec/s: 0 rss: 39Mb L: 406/969 MS: 1 CrossOver-
#1748	NEW    cov: 975 ft: 6497 corp: 397/138Kb lim: 969 exec/s: 0 rss: 39Mb L: 635/969 MS: 3 InsertByte-ChangeASCIIInt-CrossOver-
#1753	NEW    cov: 975 ft: 6500 corp: 398/138Kb lim: 969 exec/s: 0 rss: 39Mb L: 675/969 MS: 5 ShuffleBytes-ChangeBit-ShuffleBytes-ShuffleBytes-CrossOver-
#1758	NEW    cov: 975 ft: 6501 corp: 399/139Kb lim: 969 exec/s: 0 rss: 39Mb L: 522/969 MS: 5 ChangeBinInt-EraseBytes-ShuffleBytes-ChangeByte-CopyPart-
#1763	NEW    cov: 975 ft: 6502 corp: 400/139Kb lim: 969 exec/s: 0 rss: 39Mb L: 81/969 MS: 5 InsertByte-EraseBytes-PersAutoDict-InsertByte-InsertByte- DE: "ss"-
#1769	NEW    cov: 975 ft: 6503 corp: 401/140Kb lim: 969 exec/s: 0 rss: 39Mb L: 881/969 MS: 1 CopyPart-
#1771	NEW    cov: 976 ft: 6505 corp: 402/140Kb lim: 969 exec/s: 0 rss: 39Mb L: 21/969 MS: 2 PersAutoDict-ChangeBinInt- DE: "\000\010"-
#1775	NEW    cov: 976 ft: 6517 corp: 403/141Kb lim: 969 exec/s: 0 rss: 39Mb L: 867/969 MS: 4 ShuffleBytes-CMP-ChangeBinInt-CMP- DE: "g\000\000\000"-"plaint"-
#1781	REDUCE cov: 976 ft: 6517 corp: 403/140Kb lim: 969 exec/s: 0 rss: 39Mb L: 413/969 MS: 1 EraseBytes-
#1790	REDUCE cov: 976 ft: 6517 corp: 403/140Kb lim: 969 exec/s: 0 rss: 39Mb L: 170/969 MS: 4 ChangeBit-ChangeBinInt-ShuffleBytes-EraseBytes-
#1792	NEW    cov: 976 ft: 6518 corp: 404/141Kb lim: 969 exec/s: 0 rss: 39Mb L: 604/969 MS: 2 ChangeBinInt-InsertRepeatedBytes-
#1811	NEW    cov: 976 ft: 6519 corp: 405/141Kb lim: 969 exec/s: 0 rss: 39Mb L: 17/969 MS: 4 ChangeByte-EraseBytes-EraseBytes-CopyPart-
#1812	REDUCE cov: 976 ft: 6519 corp: 405/141Kb lim: 969 exec/s: 0 rss: 39Mb L: 583/969 MS: 1 EraseBytes-
#1816	REDUCE cov: 976 ft: 6519 corp: 405/141Kb lim: 969 exec/s: 0 rss: 39Mb L: 80/969 MS: 4 InsertByte-EraseBytes-CMP-CMP- DE: "scrirt"-"scrib"-
#1817	REDUCE cov: 976 ft: 6519 corp: 405/141Kb lim: 969 exec/s: 0 rss: 39Mb L: 746/969 MS: 1 EraseBytes-
#1825	NEW    cov: 976 ft: 6520 corp: 406/141Kb lim: 969 exec/s: 0 rss: 39Mb L: 8/969 MS: 3 ChangeByte-ShuffleBytes-ShuffleBytes-
#1841	NEW    cov: 976 ft: 6525 corp: 407/141Kb lim: 969 exec/s: 0 rss: 39Mb L: 161/969 MS: 1 CMP- DE: "\011\000\000\000"-
#1842	NEW    cov: 976 ft: 6526 corp: 408/141Kb lim: 969 exec/s: 0 rss: 39Mb L: 109/969 MS: 1 PersAutoDict- DE: "ccs<"-
#1846	NEW    cov: 976 ft: 6527 corp: 409/141Kb lim: 969 exec/s: 0 rss: 39Mb L: 76/969 MS: 4 CopyPart-EraseBytes-CMP-CrossOver- DE: "scrib"-
#1860	NEW    cov: 976 ft: 6530 corp: 410/142Kb lim: 969 exec/s: 1860 rss: 39Mb L: 587/969 MS: 4 InsertRepeatedBytes-InsertRepeatedBytes-ShuffleBytes-CopyPart-
#1865	NEW    cov: 977 ft: 6541 corp: 411/142Kb lim: 969 exec/s: 1865 rss: 39Mb L: 312/969 MS: 5 CopyPart-CrossOver-CrossOver-ChangeBinInt-CopyPart-
#1873	NEW    cov: 977 ft: 6542 corp: 412/142Kb lim: 969 exec/s: 1873 rss: 39Mb L: 218/969 MS: 3 ChangeByte-InsertByte-CMP- DE: "~\000\000\000"-
#1874	NEW    cov: 977 ft: 6543 corp: 413/143Kb lim: 969 exec/s: 1874 rss: 39Mb L: 509/969 MS: 1 CrossOver-
#1875	REDUCE cov: 977 ft: 6543 corp: 413/142Kb lim: 969 exec/s: 1875 rss: 39Mb L: 729/969 MS: 1 EraseBytes-
#1877	REDUCE cov: 977 ft: 6543 corp: 413/142Kb lim: 969 exec/s: 1877 rss: 39Mb L: 598/969 MS: 2 ChangeBit-EraseBytes-
#1879	NEW    cov: 977 ft: 6551 corp: 414/142Kb lim: 969 exec/s: 1879 rss: 39Mb L: 63/969 MS: 2 CopyPart-CopyPart-
#1880	NEW    cov: 977 ft: 6552 corp: 415/143Kb lim: 969 exec/s: 1880 rss: 39Mb L: 467/969 MS: 1 InsertRepeatedBytes-
#1886	NEW    cov: 977 ft: 6555 corp: 416/143Kb lim: 969 exec/s: 1886 rss: 39Mb L: 544/969 MS: 1 CrossOver-
#1888	NEW    cov: 977 ft: 6559 corp: 417/143Kb lim: 969 exec/s: 1888 rss: 39Mb L: 323/969 MS: 2 InsertByte-CopyPart-
#1895	NEW    cov: 977 ft: 6563 corp: 418/144Kb lim: 969 exec/s: 1895 rss: 39Mb L: 503/969 MS: 2 CMP-CopyPart- DE: "\000\000\000\000\000\000\000="-
#1900	REDUCE cov: 977 ft: 6564 corp: 419/145Kb lim: 969 exec/s: 1900 rss: 39Mb L: 779/969 MS: 5 InsertRepeatedBytes-CrossOver-InsertByte-ChangeASCIIInt-EraseBytes-
#1902	REDUCE cov: 978 ft: 6565 corp: 420/145Kb lim: 969 exec/s: 1902 rss: 39Mb L: 673/969 MS: 2 ChangeByte-CrossOver-
#1913	NEW    cov: 978 ft: 6567 corp: 421/146Kb lim: 969 exec/s: 1913 rss: 39Mb L: 242/969 MS: 1 InsertRepeatedBytes-
#1925	NEW    cov: 978 ft: 6570 corp: 422/146Kb lim: 969 exec/s: 1925 rss: 39Mb L: 556/969 MS: 2 InsertByte-EraseBytes-
#1938	NEW    cov: 978 ft: 6571 corp: 423/147Kb lim: 969 exec/s: 1938 rss: 39Mb L: 379/969 MS: 3 ChangeASCIIInt-ShuffleBytes-EraseBytes-
#1940	NEW    cov: 978 ft: 6572 corp: 424/147Kb lim: 969 exec/s: 1940 rss: 39Mb L: 486/969 MS: 2 InsertByte-EraseBytes-
#1942	NEW    cov: 978 ft: 6583 corp: 425/147Kb lim: 969 exec/s: 1942 rss: 39Mb L: 380/969 MS: 2 ChangeBit-CrossOver-
#1945	NEW    cov: 978 ft: 6585 corp: 426/148Kb lim: 969 exec/s: 1945 rss: 39Mb L: 569/969 MS: 3 CMP-ChangeByte-CrossOver- DE: "\022\000\000\000\000\000\000\000"-
#1946	NEW    cov: 978 ft: 6587 corp: 427/148Kb lim: 969 exec/s: 1946 rss: 39Mb L: 66/969 MS: 1 EraseBytes-
#1948	NEW    cov: 978 ft: 6603 corp: 428/148Kb lim: 969 exec/s: 1948 rss: 39Mb L: 269/969 MS: 2 ChangeBinInt-CopyPart-
#1952	NEW    cov: 978 ft: 6604 corp: 429/149Kb lim: 969 exec/s: 1952 rss: 39Mb L: 424/969 MS: 4 ChangeASCIIInt-InsertByte-ChangeASCIIInt-EraseBytes-
#1953	NEW    cov: 978 ft: 6607 corp: 430/149Kb lim: 969 exec/s: 1953 rss: 39Mb L: 91/969 MS: 1 ShuffleBytes-
#1956	NEW    cov: 978 ft: 6608 corp: 431/149Kb lim: 969 exec/s: 1956 rss: 39Mb L: 279/969 MS: 3 InsertByte-ChangeBinInt-EraseBytes-
#1957	NEW    cov: 978 ft: 6610 corp: 432/150Kb lim: 969 exec/s: 1957 rss: 39Mb L: 812/969 MS: 1 CopyPart-
#1966	NEW    cov: 978 ft: 6614 corp: 433/150Kb lim: 969 exec/s: 1966 rss: 39Mb L: 152/969 MS: 4 EraseBytes-ChangeByte-InsertByte-CMP- DE: "scri}}}}\\x01\\x0"-
#1968	NEW    cov: 978 ft: 6615 corp: 434/150Kb lim: 969 exec/s: 1968 rss: 39Mb L: 161/969 MS: 2 ChangeBit-InsertByte-
#1972	NEW    cov: 978 ft: 6617 corp: 435/150Kb lim: 969 exec/s: 1972 rss: 39Mb L: 242/969 MS: 4 ChangeByte-InsertRepeatedBytes-PersAutoDict-ChangeBit- DE: "scr.ipt"-
#1983	NEW    cov: 981 ft: 6648 corp: 436/151Kb lim: 969 exec/s: 1983 rss: 39Mb L: 140/969 MS: 1 ChangeBit-
#1994	REDUCE cov: 981 ft: 6648 corp: 436/151Kb lim: 969 exec/s: 1994 rss: 39Mb L: 20/969 MS: 1 EraseBytes-
#1995	NEW    cov: 981 ft: 6649 corp: 437/151Kb lim: 969 exec/s: 1995 rss: 39Mb L: 45/969 MS: 1 CMP- DE: "\000\000\000\000\000\000\000\003"-
#2003	REDUCE cov: 981 ft: 6649 corp: 437/150Kb lim: 969 exec/s: 2003 rss: 39Mb L: 225/969 MS: 3 InsertByte-ChangeBinInt-EraseBytes-
#2004	NEW    cov: 981 ft: 6650 corp: 438/151Kb lim: 969 exec/s: 2004 rss: 39Mb L: 122/969 MS: 1 ChangeBinInt-
#2006	NEW    cov: 981 ft: 6653 corp: 439/151Kb lim: 969 exec/s: 2006 rss: 39Mb L: 93/969 MS: 2 InsertByte-InsertByte-
#2009	NEW    cov: 981 ft: 6654 corp: 440/151Kb lim: 969 exec/s: 2009 rss: 39Mb L: 477/969 MS: 3 InsertRepeatedBytes-InsertByte-InsertRepeatedBytes-
#2032	NEW    cov: 981 ft: 6660 corp: 441/151Kb lim: 969 exec/s: 2032 rss: 39Mb L: 87/969 MS: 3 ChangeASCIIInt-ChangeBit-ShuffleBytes-
#2038	NEW    cov: 981 ft: 6661 corp: 442/152Kb lim: 969 exec/s: 2038 rss: 39Mb L: 693/969 MS: 1 PersAutoDict- DE: "f\000\000\000\000\000\000\000"-
#2039	REDUCE cov: 981 ft: 6663 corp: 443/152Kb lim: 969 exec/s: 2039 rss: 39Mb L: 76/969 MS: 1 EraseBytes-
#2048	NEW    cov: 981 ft: 6668 corp: 444/152Kb lim: 969 exec/s: 2048 rss: 39Mb L: 332/969 MS: 4 ShuffleBytes-ShuffleBytes-ChangeByte-InsertRepeatedBytes-
#2058	NEW    cov: 981 ft: 6669 corp: 445/153Kb lim: 969 exec/s: 2058 rss: 39Mb L: 326/969 MS: 5 ChangeBit-ChangeByte-ChangeASCIIInt-ChangeBinInt-EraseBytes-
#2062	NEW    cov: 981 ft: 6675 corp: 446/153Kb lim: 969 exec/s: 2062 rss: 39Mb L: 83/969 MS: 4 ChangeByte-ChangeBinInt-ChangeBinInt-EraseBytes-
#2069	NEW    cov: 981 ft: 6676 corp: 447/153Kb lim: 969 exec/s: 2069 rss: 39Mb L: 614/969 MS: 2 InsertRepeatedBytes-EraseBytes-
#2095	NEW    cov: 981 ft: 6686 corp: 448/153Kb lim: 969 exec/s: 2095 rss: 39Mb L: 117/969 MS: 1 CrossOver-
#2101	NEW    cov: 981 ft: 6688 corp: 449/154Kb lim: 969 exec/s: 2101 rss: 39Mb L: 91/969 MS: 1 ChangeBit-
#2109	NEW    cov: 981 ft: 6689 corp: 450/154Kb lim: 969 exec/s: 2109 rss: 39Mb L: 721/969 MS: 3 CopyPart-InsertByte-CopyPart-
#2110	NEW    cov: 981 ft: 6690 corp: 451/155Kb lim: 969 exec/s: 2110 rss: 39Mb L: 590/969 MS: 1 EraseBytes-
#2111	NEW    cov: 981 ft: 6693 corp: 452/155Kb lim: 969 exec/s: 2111 rss: 39Mb L: 406/969 MS: 1 ChangeBinInt-
#2148	NEW    cov: 981 ft: 6697 corp: 453/155Kb lim: 969 exec/s: 2148 rss: 39Mb L: 183/969 MS: 2 InsertRepeatedBytes-InsertRepeatedBytes-
#2160	NEW    cov: 981 ft: 6698 corp: 454/155Kb lim: 969 exec/s: 2160 rss: 39Mb L: 50/969 MS: 2 EraseBytes-ChangeBinInt-
#2167	NEW    cov: 981 ft: 6710 corp: 455/156Kb lim: 969 exec/s: 2167 rss: 39Mb L: 164/969 MS: 2 ShuffleBytes-CopyPart-
#2175	NEW    cov: 981 ft: 6711 corp: 456/156Kb lim: 969 exec/s: 2175 rss: 39Mb L: 40/969 MS: 3 EraseBytes-CopyPart-ShuffleBytes-
#2179	NEW    cov: 981 ft: 6715 corp: 457/156Kb lim: 969 exec/s: 2179 rss: 39Mb L: 48/969 MS: 4 EraseBytes-ChangeBinInt-ChangeBit-ChangeBinInt-
#2186	NEW    cov: 981 ft: 6718 corp: 458/156Kb lim: 969 exec/s: 2186 rss: 39Mb L: 595/969 MS: 2 CMP-CrossOver- DE: "\200\000\000\000"-
#2188	NEW    cov: 981 ft: 6719 corp: 459/157Kb lim: 969 exec/s: 2188 rss: 39Mb L: 257/969 MS: 2 InsertRepeatedBytes-ChangeByte-
#2208	NEW    cov: 981 ft: 6721 corp: 460/157Kb lim: 969 exec/s: 2208 rss: 39Mb L: 642/969 MS: 5 CrossOver-InsertRepeatedBytes-InsertByte-EraseBytes-CopyPart-
panic: unexpected script tag

goroutine 17 [running, locked to thread]:
git.ultraware.nl/iddinkgroep/fundament-api.Fuzz({0xc00015cdc0?, 0x5616a64c2970?})
	git.ultraware.nl/iddinkgroep/fundament-api/fuzz.go:16 +0x1df
git.ultraware.nl/iddinkgroep/fundament-api.Fuzz_(...)
	git.ultraware.nl/iddinkgroep/fundament-api/fuzz.1564991230.go:6
main.LLVMFuzzerTestOneInput(...)
	./main.281461698.go:21
==6086== ERROR: libFuzzer: deadly signal
    #0 0x5616a4299630 in __sanitizer_print_stack_trace (/seedai/experiments/libfuzzer/source_clean_html/libfuzzer+0xd2630) (BuildId: d90bef6f09e3e624333610ebdf4ab8552e095b2f)
    #1 0x5616a4265755 in fuzzer::PrintStackTrace() (/seedai/experiments/libfuzzer/source_clean_html/libfuzzer+0x9e755) (BuildId: d90bef6f09e3e624333610ebdf4ab8552e095b2f)
    #2 0x5616a42443a9 in fuzzer::Fuzzer::CrashCallback() (.part.0) FuzzerLoop.cpp.o
    #3 0x5616a424446a in fuzzer::Fuzzer::StaticCrashSignalCallback() (/seedai/experiments/libfuzzer/source_clean_html/libfuzzer+0x7d46a) (BuildId: d90bef6f09e3e624333610ebdf4ab8552e095b2f)
    #4 0x7ff49252d70f  (/usr/lib/libc.so.6+0x3e70f) (BuildId: 316d0d3666387f0e8fb98773f51aa1801027c5ab)
    #5 0x5616a42fdc80 in runtime.raise.abi0 runtime/sys_linux_amd64.s:153

NOTE: libFuzzer has rudimentary signal handlers.
      Combine libFuzzer with AddressSanitizer or similar for better crash reports.
SUMMARY: libFuzzer: deadly signal
MS: 1 CrossOver-; base unit: 65b6fb05093f0804d676c59458ff047cf1672381
artifact_prefix='./'; Test unit written to ./crash-e8afa921e1d99d14cffc0a67b233f167ed5df3fe
