INFO: Running with entropic power schedule (0xFF, 100).
INFO: Seed: 3598386341
INFO: Loaded 1 modules   (70 inline 8-bit counters): 70 [0x5597f61c0030, 0x5597f61c0076), 
INFO: Loaded 1 PC tables (70 PCs): 70 [0xc000068000,0xc000068460), 
INFO:        9 files found in corpus
INFO: -max_len is not provided; libFuzzer will not generate inputs larger than 4096 bytes
INFO: seed corpus: files: 9 min: 17b max: 41b total: 213b rss: 30Mb
#10	INITED cov: 44 ft: 177 corp: 8/172b exec/s: 0 rss: 30Mb
#11	NEW    cov: 44 ft: 192 corp: 9/199b lim: 27 exec/s: 0 rss: 30Mb L: 27/27 MS: 1 ChangeASCIIInt-
#13	NEW    cov: 45 ft: 195 corp: 10/210b lim: 27 exec/s: 0 rss: 30Mb L: 11/27 MS: 2 ChangeByte-EraseBytes-
#19	NEW    cov: 45 ft: 200 corp: 11/228b lim: 27 exec/s: 0 rss: 30Mb L: 18/27 MS: 1 ShuffleBytes-
#24	NEW    cov: 45 ft: 201 corp: 12/242b lim: 27 exec/s: 0 rss: 30Mb L: 14/27 MS: 5 ChangeASCIIInt-CrossOver-CopyPart-CopyPart-CrossOver-
#30	NEW    cov: 45 ft: 202 corp: 13/269b lim: 27 exec/s: 0 rss: 30Mb L: 27/27 MS: 1 InsertByte-
#38	NEW    cov: 45 ft: 204 corp: 14/284b lim: 27 exec/s: 0 rss: 30Mb L: 15/27 MS: 3 CMP-ChangeBit-EraseBytes- DE: "9\000"-
#40	NEW    cov: 45 ft: 205 corp: 15/300b lim: 27 exec/s: 0 rss: 30Mb L: 16/27 MS: 2 ChangeBit-InsertByte-
#45	NEW    cov: 45 ft: 206 corp: 16/321b lim: 27 exec/s: 0 rss: 30Mb L: 21/27 MS: 5 ShuffleBytes-ChangeBit-CrossOver-ChangeBinInt-EraseBytes-
#50	NEW    cov: 45 ft: 207 corp: 17/334b lim: 27 exec/s: 0 rss: 30Mb L: 13/27 MS: 5 ChangeASCIIInt-PersAutoDict-InsertByte-CopyPart-EraseBytes- DE: "9\000"-
#73	NEW    cov: 45 ft: 208 corp: 18/359b lim: 27 exec/s: 0 rss: 30Mb L: 25/27 MS: 3 ShuffleBytes-ChangeASCIIInt-InsertRepeatedBytes-
#104	NEW    cov: 45 ft: 209 corp: 19/377b lim: 27 exec/s: 0 rss: 30Mb L: 18/27 MS: 1 EraseBytes-
#105	NEW    cov: 45 ft: 213 corp: 20/395b lim: 27 exec/s: 0 rss: 30Mb L: 18/27 MS: 1 InsertByte-
#140	NEW    cov: 45 ft: 214 corp: 21/398b lim: 27 exec/s: 0 rss: 30Mb L: 3/27 MS: 5 PersAutoDict-InsertByte-CopyPart-CopyPart-CrossOver- DE: "9\000"-
#166	NEW    cov: 45 ft: 215 corp: 22/425b lim: 27 exec/s: 0 rss: 30Mb L: 27/27 MS: 1 CopyPart-
#183	REDUCE cov: 45 ft: 215 corp: 22/403b lim: 27 exec/s: 0 rss: 30Mb L: 4/27 MS: 2 ChangeByte-CrossOver-
#184	NEW    cov: 45 ft: 218 corp: 23/421b lim: 27 exec/s: 0 rss: 30Mb L: 18/27 MS: 1 CrossOver-
#213	NEW    cov: 45 ft: 219 corp: 24/447b lim: 27 exec/s: 0 rss: 30Mb L: 26/27 MS: 4 PersAutoDict-ChangeBit-CopyPart-ChangeBit- DE: "9\000"-
#218	REDUCE cov: 45 ft: 219 corp: 24/445b lim: 27 exec/s: 0 rss: 30Mb L: 23/27 MS: 5 ChangeBit-CrossOver-CMP-EraseBytes-InsertRepeatedBytes- DE: "\377\377\377Y"-
#219	NEW    cov: 46 ft: 225 corp: 25/463b lim: 27 exec/s: 0 rss: 30Mb L: 18/27 MS: 1 PersAutoDict- DE: "9\000"-
#225	NEW    cov: 46 ft: 227 corp: 26/490b lim: 27 exec/s: 0 rss: 30Mb L: 27/27 MS: 1 CopyPart-
#232	NEW    cov: 46 ft: 235 corp: 27/508b lim: 27 exec/s: 0 rss: 30Mb L: 18/27 MS: 2 ChangeBit-ChangeByte-
#270	NEW    cov: 46 ft: 236 corp: 28/523b lim: 27 exec/s: 0 rss: 30Mb L: 15/27 MS: 3 ChangeBit-ShuffleBytes-EraseBytes-
#287	NEW    cov: 46 ft: 237 corp: 29/541b lim: 27 exec/s: 0 rss: 30Mb L: 18/27 MS: 2 ShuffleBytes-ShuffleBytes-
#299	REDUCE cov: 46 ft: 237 corp: 29/540b lim: 27 exec/s: 0 rss: 30Mb L: 12/27 MS: 2 ShuffleBytes-EraseBytes-
#300	NEW    cov: 46 ft: 238 corp: 30/558b lim: 27 exec/s: 0 rss: 30Mb L: 18/27 MS: 1 ShuffleBytes-
#480	NEW    cov: 46 ft: 239 corp: 31/583b lim: 27 exec/s: 0 rss: 30Mb L: 25/27 MS: 5 ChangeByte-ChangeByte-CrossOver-ChangeBit-InsertByte-
#514	NEW    cov: 46 ft: 240 corp: 32/584b lim: 27 exec/s: 0 rss: 30Mb L: 1/27 MS: 4 CopyPart-ChangeBit-CMP-CrossOver- DE: "b\000\000\000"-
#527	NEW    cov: 46 ft: 242 corp: 33/602b lim: 27 exec/s: 0 rss: 30Mb L: 18/27 MS: 3 CopyPart-ChangeBinInt-ShuffleBytes-
#540	NEW    cov: 46 ft: 243 corp: 34/604b lim: 27 exec/s: 0 rss: 30Mb L: 2/27 MS: 3 ChangeBinInt-ChangeByte-InsertByte-
#563	REDUCE cov: 46 ft: 243 corp: 34/598b lim: 27 exec/s: 0 rss: 30Mb L: 20/27 MS: 3 InsertByte-CrossOver-InsertRepeatedBytes-
#578	REDUCE cov: 46 ft: 243 corp: 34/597b lim: 27 exec/s: 0 rss: 30Mb L: 2/27 MS: 5 CopyPart-ShuffleBytes-ChangeBit-ChangeByte-EraseBytes-
#579	NEW    cov: 46 ft: 244 corp: 35/624b lim: 27 exec/s: 0 rss: 30Mb L: 27/27 MS: 1 InsertRepeatedBytes-
#604	REDUCE cov: 46 ft: 244 corp: 35/616b lim: 27 exec/s: 0 rss: 30Mb L: 13/27 MS: 5 ShuffleBytes-ChangeASCIIInt-ChangeByte-CMP-EraseBytes- DE: "\025\000\000\000\000\000\000\000"-
#615	NEW    cov: 46 ft: 247 corp: 36/634b lim: 27 exec/s: 0 rss: 30Mb L: 18/27 MS: 1 CopyPart-
#639	NEW    cov: 47 ft: 248 corp: 37/652b lim: 27 exec/s: 0 rss: 30Mb L: 18/27 MS: 4 ChangeBit-CopyPart-ShuffleBytes-ChangeByte-
#648	NEW    cov: 47 ft: 254 corp: 38/676b lim: 27 exec/s: 0 rss: 30Mb L: 24/27 MS: 4 ChangeASCIIInt-ChangeASCIIInt-ChangeBinInt-EraseBytes-
#784	REDUCE cov: 47 ft: 254 corp: 38/675b lim: 27 exec/s: 0 rss: 30Mb L: 1/27 MS: 1 EraseBytes-
#792	NEW    cov: 47 ft: 255 corp: 39/702b lim: 27 exec/s: 0 rss: 30Mb L: 27/27 MS: 3 CopyPart-ChangeBit-ChangeByte-
#855	REDUCE cov: 47 ft: 255 corp: 39/690b lim: 27 exec/s: 0 rss: 30Mb L: 15/27 MS: 3 ChangeBit-ChangeBit-EraseBytes-
#982	NEW    cov: 47 ft: 262 corp: 40/716b lim: 27 exec/s: 0 rss: 30Mb L: 26/27 MS: 2 EraseBytes-InsertRepeatedBytes-
#1043	NEW    cov: 47 ft: 264 corp: 41/734b lim: 27 exec/s: 0 rss: 30Mb L: 18/27 MS: 1 ChangeByte-
#1044	NEW    cov: 47 ft: 266 corp: 42/761b lim: 27 exec/s: 0 rss: 30Mb L: 27/27 MS: 1 CopyPart-
#1232	NEW    cov: 47 ft: 267 corp: 43/779b lim: 27 exec/s: 0 rss: 30Mb L: 18/27 MS: 3 ChangeASCIIInt-ChangeByte-ShuffleBytes-
#1542	NEW    cov: 47 ft: 269 corp: 44/799b lim: 27 exec/s: 0 rss: 30Mb L: 20/27 MS: 5 InsertByte-ChangeASCIIInt-CrossOver-ShuffleBytes-InsertByte-
#1587	REDUCE cov: 47 ft: 269 corp: 44/798b lim: 27 exec/s: 0 rss: 30Mb L: 17/27 MS: 5 CrossOver-EraseBytes-ChangeASCIIInt-CMP-EraseBytes- DE: "\001\000\000\000"-
#1615	NEW    cov: 47 ft: 270 corp: 45/825b lim: 27 exec/s: 0 rss: 30Mb L: 27/27 MS: 3 ChangeASCIIInt-EraseBytes-CopyPart-
#1653	NEW    cov: 47 ft: 271 corp: 46/851b lim: 27 exec/s: 0 rss: 30Mb L: 26/27 MS: 3 ChangeByte-EraseBytes-CopyPart-
#1799	NEW    cov: 47 ft: 272 corp: 47/869b lim: 27 exec/s: 0 rss: 30Mb L: 18/27 MS: 1 ChangeByte-
#2121	REDUCE cov: 47 ft: 272 corp: 47/867b lim: 27 exec/s: 0 rss: 30Mb L: 16/27 MS: 2 EraseBytes-ChangeByte-
#2355	REDUCE cov: 47 ft: 272 corp: 47/865b lim: 27 exec/s: 0 rss: 30Mb L: 18/27 MS: 4 ShuffleBytes-CrossOver-InsertByte-EraseBytes-
#2362	REDUCE cov: 47 ft: 272 corp: 47/863b lim: 27 exec/s: 0 rss: 30Mb L: 22/27 MS: 2 EraseBytes-InsertRepeatedBytes-
#2571	NEW    cov: 47 ft: 273 corp: 48/881b lim: 27 exec/s: 0 rss: 30Mb L: 18/27 MS: 4 EraseBytes-EraseBytes-CrossOver-CopyPart-
#2738	NEW    cov: 47 ft: 274 corp: 49/899b lim: 27 exec/s: 0 rss: 31Mb L: 18/27 MS: 2 CrossOver-InsertRepeatedBytes-
#3170	REDUCE cov: 47 ft: 275 corp: 50/930b lim: 31 exec/s: 0 rss: 31Mb L: 31/31 MS: 2 PersAutoDict-CopyPart- DE: "\377\377\377Y"-
#3183	REDUCE cov: 47 ft: 276 corp: 51/959b lim: 31 exec/s: 0 rss: 31Mb L: 29/31 MS: 3 ChangeByte-InsertRepeatedBytes-EraseBytes-
#3224	NEW    cov: 48 ft: 281 corp: 52/977b lim: 31 exec/s: 0 rss: 31Mb L: 18/31 MS: 1 ChangeBit-
#3658	REDUCE cov: 48 ft: 282 corp: 53/1010b lim: 35 exec/s: 0 rss: 31Mb L: 33/33 MS: 4 ChangeByte-ChangeBinInt-CopyPart-InsertRepeatedBytes-
#3673	NEW    cov: 48 ft: 284 corp: 54/1044b lim: 35 exec/s: 0 rss: 31Mb L: 34/34 MS: 5 ShuffleBytes-InsertByte-CopyPart-ChangeBit-PersAutoDict- DE: "\001\000\000\000"-
#3805	NEW    cov: 48 ft: 289 corp: 55/1062b lim: 35 exec/s: 0 rss: 31Mb L: 18/34 MS: 2 ShuffleBytes-CopyPart-
#4931	REDUCE cov: 48 ft: 289 corp: 55/1060b lim: 45 exec/s: 0 rss: 31Mb L: 16/34 MS: 1 EraseBytes-
#5262	NEW    cov: 48 ft: 291 corp: 56/1086b lim: 45 exec/s: 0 rss: 31Mb L: 26/34 MS: 1 ChangeASCIIInt-
#5283	REDUCE cov: 48 ft: 291 corp: 56/1084b lim: 45 exec/s: 0 rss: 31Mb L: 15/34 MS: 1 EraseBytes-
#5638	NEW    cov: 48 ft: 292 corp: 57/1104b lim: 45 exec/s: 0 rss: 31Mb L: 20/34 MS: 5 EraseBytes-ChangeByte-PersAutoDict-CopyPart-CopyPart- DE: "9\000"-
#7548	REDUCE cov: 48 ft: 292 corp: 57/1103b lim: 60 exec/s: 0 rss: 32Mb L: 19/34 MS: 5 ChangeASCIIInt-PersAutoDict-ChangeByte-EraseBytes-InsertByte- DE: "b\000\000\000"-
#8234	NEW    cov: 48 ft: 294 corp: 58/1121b lim: 65 exec/s: 0 rss: 32Mb L: 18/34 MS: 1 ShuffleBytes-
#8501	NEW    cov: 48 ft: 296 corp: 59/1148b lim: 65 exec/s: 0 rss: 32Mb L: 27/34 MS: 2 ChangeASCIIInt-ChangeASCIIInt-
#9948	NEW    cov: 48 ft: 297 corp: 60/1166b lim: 77 exec/s: 0 rss: 32Mb L: 18/34 MS: 2 ChangeBinInt-PersAutoDict- DE: "b\000\000\000"-
#10407	REDUCE cov: 48 ft: 297 corp: 60/1164b lim: 77 exec/s: 0 rss: 32Mb L: 16/34 MS: 4 ChangeByte-CopyPart-EraseBytes-EraseBytes-
#10576	REDUCE cov: 48 ft: 297 corp: 60/1160b lim: 77 exec/s: 0 rss: 32Mb L: 20/34 MS: 4 EraseBytes-CopyPart-ChangeBinInt-ChangeBinInt-
#10957	NEW    cov: 48 ft: 304 corp: 61/1186b lim: 77 exec/s: 0 rss: 32Mb L: 26/34 MS: 1 ShuffleBytes-
#11079	REDUCE cov: 48 ft: 304 corp: 61/1182b lim: 77 exec/s: 0 rss: 32Mb L: 16/34 MS: 2 ChangeBinInt-EraseBytes-
#11344	REDUCE cov: 48 ft: 304 corp: 61/1181b lim: 77 exec/s: 0 rss: 32Mb L: 26/34 MS: 5 ChangeByte-InsertByte-ChangeASCIIInt-InsertByte-EraseBytes-
#12665	NEW    cov: 48 ft: 309 corp: 62/1199b lim: 89 exec/s: 0 rss: 33Mb L: 18/34 MS: 1 ChangeByte-
#16186	NEW    cov: 48 ft: 313 corp: 63/1217b lim: 119 exec/s: 0 rss: 33Mb L: 18/34 MS: 1 ChangeBit-
#17226	REDUCE cov: 48 ft: 313 corp: 63/1215b lim: 125 exec/s: 0 rss: 33Mb L: 24/34 MS: 5 ShuffleBytes-ShuffleBytes-EraseBytes-ChangeASCIIInt-ChangeByte-
#19943	NEW    cov: 48 ft: 315 corp: 64/1233b lim: 145 exec/s: 0 rss: 34Mb L: 18/34 MS: 2 ShuffleBytes-ChangeASCIIInt-
#21639	NEW    cov: 48 ft: 316 corp: 65/1251b lim: 159 exec/s: 0 rss: 34Mb L: 18/34 MS: 1 ChangeByte-
#23167	REDUCE cov: 48 ft: 316 corp: 65/1249b lim: 173 exec/s: 0 rss: 35Mb L: 23/34 MS: 3 EraseBytes-InsertByte-ChangeByte-
#24288	REDUCE cov: 48 ft: 316 corp: 65/1248b lim: 180 exec/s: 0 rss: 35Mb L: 15/34 MS: 1 EraseBytes-
#24446	REDUCE cov: 48 ft: 316 corp: 65/1245b lim: 180 exec/s: 0 rss: 35Mb L: 1/34 MS: 3 ChangeBit-EraseBytes-EraseBytes-
#28993	NEW    cov: 48 ft: 318 corp: 66/1263b lim: 222 exec/s: 0 rss: 35Mb L: 18/34 MS: 2 ShuffleBytes-ChangeBit-
#29694	NEW    cov: 48 ft: 320 corp: 67/1281b lim: 222 exec/s: 0 rss: 35Mb L: 18/34 MS: 1 ShuffleBytes-
#30420	NEW    cov: 48 ft: 323 corp: 68/1308b lim: 229 exec/s: 0 rss: 35Mb L: 27/34 MS: 1 ShuffleBytes-
#33978	NEW    cov: 48 ft: 324 corp: 69/1323b lim: 257 exec/s: 0 rss: 35Mb L: 15/34 MS: 3 ChangeASCIIInt-ChangeASCIIInt-ChangeByte-
#34535	NEW    cov: 48 ft: 325 corp: 70/1347b lim: 257 exec/s: 0 rss: 35Mb L: 24/34 MS: 2 ChangeBinInt-ChangeBinInt-
#34566	NEW    cov: 48 ft: 327 corp: 71/1365b lim: 257 exec/s: 0 rss: 35Mb L: 18/34 MS: 1 CopyPart-
#34943	REDUCE cov: 48 ft: 327 corp: 71/1364b lim: 257 exec/s: 0 rss: 35Mb L: 25/34 MS: 2 CopyPart-EraseBytes-
#35276	REDUCE cov: 48 ft: 327 corp: 71/1361b lim: 257 exec/s: 0 rss: 35Mb L: 21/34 MS: 3 ChangeByte-ChangeBit-EraseBytes-
#36332	NEW    cov: 48 ft: 329 corp: 72/1379b lim: 265 exec/s: 0 rss: 35Mb L: 18/34 MS: 1 ChangeASCIIInt-
#37692	REDUCE cov: 48 ft: 329 corp: 72/1377b lim: 273 exec/s: 0 rss: 35Mb L: 16/34 MS: 5 ChangeByte-EraseBytes-InsertByte-ChangeASCIIInt-InsertByte-
#38343	REDUCE cov: 48 ft: 329 corp: 72/1374b lim: 273 exec/s: 0 rss: 35Mb L: 18/34 MS: 1 EraseBytes-
#39124	REDUCE cov: 48 ft: 330 corp: 73/1390b lim: 273 exec/s: 0 rss: 35Mb L: 16/34 MS: 1 ChangeBinInt-
#40372	REDUCE cov: 48 ft: 330 corp: 73/1388b lim: 281 exec/s: 0 rss: 35Mb L: 16/34 MS: 3 CopyPart-ChangeASCIIInt-EraseBytes-
#40890	REDUCE cov: 48 ft: 330 corp: 73/1387b lim: 281 exec/s: 0 rss: 35Mb L: 23/34 MS: 3 EraseBytes-CopyPart-InsertByte-
#41181	REDUCE cov: 48 ft: 330 corp: 73/1386b lim: 281 exec/s: 0 rss: 35Mb L: 25/34 MS: 1 EraseBytes-
#42953	REDUCE cov: 48 ft: 331 corp: 74/1411b lim: 297 exec/s: 0 rss: 35Mb L: 25/34 MS: 2 ChangeBit-CrossOver-
#43185	REDUCE cov: 48 ft: 331 corp: 74/1410b lim: 297 exec/s: 0 rss: 35Mb L: 22/34 MS: 2 EraseBytes-InsertByte-
#43587	NEW    cov: 48 ft: 334 corp: 75/1428b lim: 297 exec/s: 0 rss: 35Mb L: 18/34 MS: 2 ChangeBit-ChangeBit-
#47436	REDUCE cov: 48 ft: 334 corp: 75/1427b lim: 329 exec/s: 0 rss: 35Mb L: 15/34 MS: 4 PersAutoDict-EraseBytes-ChangeASCIIInt-InsertByte- DE: "9\000"-
#47543	REDUCE cov: 48 ft: 334 corp: 75/1426b lim: 329 exec/s: 0 rss: 35Mb L: 21/34 MS: 2 CopyPart-EraseBytes-
#48349	NEW    cov: 48 ft: 335 corp: 76/1442b lim: 337 exec/s: 0 rss: 35Mb L: 16/34 MS: 1 ChangeBinInt-
#55404	REDUCE cov: 48 ft: 335 corp: 76/1441b lim: 401 exec/s: 0 rss: 35Mb L: 22/34 MS: 5 ChangeASCIIInt-ShuffleBytes-PersAutoDict-PersAutoDict-EraseBytes- DE: "9\000"-"\025\000\000\000\000\000\000\000"-
#57295	NEW    cov: 48 ft: 337 corp: 77/1459b lim: 417 exec/s: 0 rss: 35Mb L: 18/34 MS: 1 ChangeBit-
#61292	REDUCE cov: 48 ft: 337 corp: 77/1457b lim: 449 exec/s: 0 rss: 35Mb L: 17/34 MS: 2 EraseBytes-ChangeByte-
#61295	REDUCE cov: 48 ft: 337 corp: 77/1452b lim: 449 exec/s: 0 rss: 35Mb L: 19/34 MS: 3 EraseBytes-ChangeASCIIInt-ChangeBinInt-
#62568	REDUCE cov: 48 ft: 337 corp: 77/1449b lim: 457 exec/s: 0 rss: 35Mb L: 16/34 MS: 3 ChangeASCIIInt-EraseBytes-InsertByte-
#66939	REDUCE cov: 48 ft: 337 corp: 77/1448b lim: 497 exec/s: 0 rss: 35Mb L: 25/34 MS: 1 EraseBytes-
#69295	NEW    cov: 48 ft: 339 corp: 78/1475b lim: 513 exec/s: 0 rss: 35Mb L: 27/34 MS: 1 ChangeASCIIInt-
#72091	NEW    cov: 49 ft: 342 corp: 79/1502b lim: 540 exec/s: 0 rss: 35Mb L: 27/34 MS: 1 ChangeByte-
#76992	NEW    cov: 49 ft: 343 corp: 80/1520b lim: 585 exec/s: 0 rss: 35Mb L: 18/34 MS: 1 ChangeBit-
#77798	NEW    cov: 49 ft: 347 corp: 81/1538b lim: 585 exec/s: 0 rss: 35Mb L: 18/34 MS: 1 ChangeBit-
#81344	REDUCE cov: 49 ft: 347 corp: 81/1537b lim: 612 exec/s: 0 rss: 35Mb L: 26/34 MS: 1 EraseBytes-
#81647	NEW    cov: 49 ft: 349 corp: 82/1555b lim: 612 exec/s: 0 rss: 35Mb L: 18/34 MS: 3 CopyPart-ChangeBit-ShuffleBytes-
#82173	NEW    cov: 49 ft: 350 corp: 83/1573b lim: 612 exec/s: 0 rss: 35Mb L: 18/34 MS: 1 ChangeBit-
#82839	NEW    cov: 49 ft: 351 corp: 84/1591b lim: 612 exec/s: 0 rss: 35Mb L: 18/34 MS: 1 ChangeBit-
#85096	REDUCE cov: 49 ft: 351 corp: 84/1587b lim: 630 exec/s: 0 rss: 35Mb L: 18/34 MS: 2 EraseBytes-ChangeBinInt-
#90434	REDUCE cov: 49 ft: 351 corp: 84/1585b lim: 675 exec/s: 0 rss: 35Mb L: 16/34 MS: 3 ChangeBit-ChangeByte-EraseBytes-
#93261	NEW    cov: 50 ft: 356 corp: 85/1603b lim: 702 exec/s: 0 rss: 35Mb L: 18/34 MS: 2 ChangeByte-ChangeByte-
#95182	NEW    cov: 50 ft: 357 corp: 86/1621b lim: 720 exec/s: 0 rss: 35Mb L: 18/34 MS: 1 ChangeASCIIInt-
#95183	NEW    cov: 50 ft: 358 corp: 87/1639b lim: 720 exec/s: 0 rss: 35Mb L: 18/34 MS: 1 ChangeByte-
#95320	NEW    cov: 50 ft: 359 corp: 88/1657b lim: 720 exec/s: 0 rss: 35Mb L: 18/34 MS: 2 ShuffleBytes-ChangeASCIIInt-
#96096	NEW    cov: 50 ft: 360 corp: 89/1675b lim: 720 exec/s: 0 rss: 35Mb L: 18/34 MS: 1 ShuffleBytes-
#97666	REDUCE cov: 50 ft: 360 corp: 89/1673b lim: 729 exec/s: 0 rss: 35Mb L: 16/34 MS: 5 CMP-CopyPart-InsertByte-EraseBytes-ChangeByte- DE: "\000\000\000\000\000\000\000\017"-
#101172	NEW    cov: 50 ft: 361 corp: 90/1691b lim: 756 exec/s: 0 rss: 35Mb L: 18/34 MS: 1 ShuffleBytes-
#102838	NEW    cov: 50 ft: 362 corp: 91/1709b lim: 765 exec/s: 0 rss: 35Mb L: 18/34 MS: 1 CrossOver-
#103698	NEW    cov: 50 ft: 363 corp: 92/1727b lim: 765 exec/s: 0 rss: 35Mb L: 18/34 MS: 5 ChangeByte-CrossOver-CopyPart-ShuffleBytes-ChangeASCIIInt-
#103849	REDUCE cov: 50 ft: 363 corp: 92/1726b lim: 765 exec/s: 0 rss: 35Mb L: 26/34 MS: 1 EraseBytes-
#104007	REDUCE cov: 50 ft: 363 corp: 92/1724b lim: 765 exec/s: 0 rss: 35Mb L: 19/34 MS: 3 EraseBytes-ChangeBinInt-ChangeBinInt-
#105044	NEW    cov: 50 ft: 364 corp: 93/1742b lim: 774 exec/s: 0 rss: 35Mb L: 18/34 MS: 2 CopyPart-ChangeBit-
#106405	NEW    cov: 50 ft: 365 corp: 94/1760b lim: 783 exec/s: 0 rss: 35Mb L: 18/34 MS: 1 ShuffleBytes-
#107889	NEW    cov: 50 ft: 366 corp: 95/1778b lim: 792 exec/s: 0 rss: 35Mb L: 18/34 MS: 4 CrossOver-ChangeBinInt-ChangeByte-ChangeASCIIInt-
#108345	NEW    cov: 50 ft: 367 corp: 96/1796b lim: 792 exec/s: 0 rss: 35Mb L: 18/34 MS: 1 ChangeBit-
#109667	REDUCE cov: 50 ft: 367 corp: 96/1795b lim: 801 exec/s: 0 rss: 35Mb L: 25/34 MS: 2 ShuffleBytes-EraseBytes-
#109708	NEW    cov: 50 ft: 368 corp: 97/1813b lim: 801 exec/s: 0 rss: 35Mb L: 18/34 MS: 1 ChangeBit-
#111309	NEW    cov: 50 ft: 369 corp: 98/1831b lim: 810 exec/s: 0 rss: 35Mb L: 18/34 MS: 1 ChangeByte-
#111905	NEW    cov: 50 ft: 370 corp: 99/1849b lim: 810 exec/s: 0 rss: 35Mb L: 18/34 MS: 1 ShuffleBytes-
#121156	NEW    cov: 50 ft: 371 corp: 100/1867b lim: 900 exec/s: 0 rss: 35Mb L: 18/34 MS: 1 ChangeByte-
#121537	NEW    cov: 50 ft: 372 corp: 101/1885b lim: 900 exec/s: 0 rss: 35Mb L: 18/34 MS: 1 ChangeByte-
#122118	NEW    cov: 50 ft: 373 corp: 102/1903b lim: 900 exec/s: 0 rss: 35Mb L: 18/34 MS: 1 ChangeASCIIInt-
#125120	NEW    cov: 50 ft: 374 corp: 103/1921b lim: 927 exec/s: 0 rss: 35Mb L: 18/34 MS: 2 ChangeBinInt-ChangeASCIIInt-
#125356	NEW    cov: 50 ft: 375 corp: 104/1939b lim: 927 exec/s: 0 rss: 35Mb L: 18/34 MS: 1 ChangeBinInt-
#127567	NEW    cov: 50 ft: 376 corp: 105/1957b lim: 945 exec/s: 0 rss: 35Mb L: 18/34 MS: 1 ShuffleBytes-
#129423	NEW    cov: 50 ft: 377 corp: 106/1975b lim: 963 exec/s: 0 rss: 35Mb L: 18/34 MS: 1 ChangeASCIIInt-
#129829	NEW    cov: 50 ft: 378 corp: 107/1993b lim: 963 exec/s: 0 rss: 35Mb L: 18/34 MS: 1 ShuffleBytes-
#129940	NEW    cov: 50 ft: 379 corp: 108/2011b lim: 963 exec/s: 0 rss: 35Mb L: 18/34 MS: 1 ChangeASCIIInt-
#135426	NEW    cov: 50 ft: 381 corp: 109/2029b lim: 1017 exec/s: 0 rss: 35Mb L: 18/34 MS: 1 ChangeBit-
#139215	REDUCE cov: 50 ft: 381 corp: 109/2027b lim: 1046 exec/s: 0 rss: 35Mb L: 16/34 MS: 4 CopyPart-EraseBytes-PersAutoDict-EraseBytes- DE: "\025\000\000\000\000\000\000\000"-
#142318	REDUCE cov: 50 ft: 381 corp: 109/2026b lim: 1076 exec/s: 0 rss: 35Mb L: 15/34 MS: 3 CopyPart-EraseBytes-EraseBytes-
#146617	REDUCE cov: 50 ft: 381 corp: 109/2024b lim: 1116 exec/s: 0 rss: 35Mb L: 21/34 MS: 4 CrossOver-EraseBytes-ChangeBit-ChangeByte-
#149778	NEW    cov: 50 ft: 382 corp: 110/2042b lim: 1146 exec/s: 0 rss: 35Mb L: 18/34 MS: 1 ShuffleBytes-
#152509	NEW    cov: 50 ft: 383 corp: 111/2060b lim: 1166 exec/s: 0 rss: 35Mb L: 18/34 MS: 1 ChangeASCIIInt-
#153946	NEW    cov: 50 ft: 384 corp: 112/2078b lim: 1176 exec/s: 0 rss: 35Mb L: 18/34 MS: 2 CopyPart-ChangeBit-
#158372	NEW    cov: 50 ft: 385 corp: 113/2096b lim: 1216 exec/s: 0 rss: 35Mb L: 18/34 MS: 1 ChangeASCIIInt-
#158429	NEW    cov: 50 ft: 386 corp: 114/2114b lim: 1216 exec/s: 0 rss: 35Mb L: 18/34 MS: 2 ChangeASCIIInt-ShuffleBytes-
#158751	NEW    cov: 50 ft: 387 corp: 115/2132b lim: 1216 exec/s: 0 rss: 35Mb L: 18/34 MS: 2 CopyPart-CopyPart-
#162968	NEW    cov: 50 ft: 388 corp: 116/2150b lim: 1256 exec/s: 0 rss: 35Mb L: 18/34 MS: 2 ChangeBit-ChangeASCIIInt-
#165804	NEW    cov: 50 ft: 389 corp: 117/2168b lim: 1276 exec/s: 0 rss: 35Mb L: 18/34 MS: 1 ChangeBinInt-
#167065	NEW    cov: 50 ft: 390 corp: 118/2186b lim: 1286 exec/s: 0 rss: 35Mb L: 18/34 MS: 1 CopyPart-
#167608	NEW    cov: 50 ft: 391 corp: 119/2204b lim: 1286 exec/s: 0 rss: 35Mb L: 18/34 MS: 3 ChangeByte-ChangeASCIIInt-ChangeBit-
#167634	NEW    cov: 50 ft: 392 corp: 120/2222b lim: 1286 exec/s: 0 rss: 35Mb L: 18/34 MS: 1 ChangeASCIIInt-
#167991	NEW    cov: 50 ft: 394 corp: 121/2240b lim: 1286 exec/s: 0 rss: 35Mb L: 18/34 MS: 2 ChangeBinInt-ShuffleBytes-
#169579	NEW    cov: 50 ft: 395 corp: 122/2258b lim: 1296 exec/s: 0 rss: 35Mb L: 18/34 MS: 3 ChangeBit-ChangeASCIIInt-ChangeASCIIInt-
#171895	NEW    cov: 50 ft: 396 corp: 123/2276b lim: 1316 exec/s: 0 rss: 35Mb L: 18/34 MS: 1 ChangeASCIIInt-
#172166	NEW    cov: 50 ft: 397 corp: 124/2294b lim: 1316 exec/s: 0 rss: 35Mb L: 18/34 MS: 1 ChangeASCIIInt-
#172368	NEW    cov: 50 ft: 398 corp: 125/2312b lim: 1316 exec/s: 0 rss: 35Mb L: 18/34 MS: 2 ShuffleBytes-ChangeASCIIInt-
#173300	NEW    cov: 50 ft: 399 corp: 126/2330b lim: 1316 exec/s: 0 rss: 35Mb L: 18/34 MS: 2 ChangeBit-ShuffleBytes-
#173463	REDUCE cov: 50 ft: 399 corp: 126/2328b lim: 1316 exec/s: 0 rss: 35Mb L: 16/34 MS: 3 EraseBytes-ShuffleBytes-ChangeByte-
#175670	NEW    cov: 50 ft: 400 corp: 127/2346b lim: 1336 exec/s: 0 rss: 35Mb L: 18/34 MS: 2 ShuffleBytes-CopyPart-
#182691	NEW    cov: 50 ft: 402 corp: 128/2364b lim: 1396 exec/s: 0 rss: 35Mb L: 18/34 MS: 1 ChangeASCIIInt-
#183932	NEW    cov: 50 ft: 403 corp: 129/2382b lim: 1406 exec/s: 0 rss: 35Mb L: 18/34 MS: 1 ShuffleBytes-
#187104	NEW    cov: 50 ft: 404 corp: 130/2400b lim: 1436 exec/s: 0 rss: 35Mb L: 18/34 MS: 2 ChangeBit-ChangeASCIIInt-
#189496	REDUCE cov: 50 ft: 404 corp: 130/2398b lim: 1456 exec/s: 0 rss: 35Mb L: 16/34 MS: 2 ChangeByte-EraseBytes-
#207402	NEW    cov: 50 ft: 407 corp: 131/2423b lim: 1626 exec/s: 0 rss: 35Mb L: 25/34 MS: 1 ChangeBit-
#242588	NEW    cov: 50 ft: 408 corp: 132/2441b lim: 1976 exec/s: 0 rss: 35Mb L: 18/34 MS: 1 ChangeASCIIInt-
#282904	NEW    cov: 50 ft: 409 corp: 133/2459b lim: 2375 exec/s: 0 rss: 35Mb L: 18/34 MS: 1 ChangeBit-
#301165	NEW    cov: 50 ft: 410 corp: 134/2477b lim: 2551 exec/s: 0 rss: 35Mb L: 18/34 MS: 1 ChangeASCIIInt-
#306296	NEW    cov: 50 ft: 411 corp: 135/2495b lim: 2595 exec/s: 0 rss: 35Mb L: 18/34 MS: 1 ChangeBit-
#319250	REDUCE cov: 50 ft: 411 corp: 135/2493b lim: 2716 exec/s: 0 rss: 35Mb L: 19/34 MS: 4 EraseBytes-ChangeBinInt-ChangeBinInt-CopyPart-
#333531	REDUCE cov: 50 ft: 411 corp: 135/2492b lim: 2848 exec/s: 0 rss: 35Mb L: 24/34 MS: 1 EraseBytes-
#336157	REDUCE cov: 50 ft: 412 corp: 136/2526b lim: 2870 exec/s: 0 rss: 35Mb L: 34/34 MS: 1 InsertRepeatedBytes-
#370660	REDUCE cov: 50 ft: 412 corp: 136/2525b lim: 3211 exec/s: 0 rss: 35Mb L: 25/34 MS: 3 EraseBytes-ChangeByte-PersAutoDict- DE: "b\000\000\000"-
#381088	REDUCE cov: 50 ft: 412 corp: 136/2523b lim: 3310 exec/s: 0 rss: 35Mb L: 16/34 MS: 3 ChangeByte-EraseBytes-InsertByte-
#384253	REDUCE cov: 50 ft: 412 corp: 136/2522b lim: 3332 exec/s: 0 rss: 35Mb L: 21/34 MS: 5 ChangeByte-ChangeByte-ChangeASCIIInt-ShuffleBytes-EraseBytes-
#384799	NEW    cov: 50 ft: 414 corp: 137/2540b lim: 3332 exec/s: 0 rss: 35Mb L: 18/34 MS: 1 ChangeBinInt-
#391040	REDUCE cov: 50 ft: 414 corp: 137/2539b lim: 3387 exec/s: 0 rss: 35Mb L: 24/34 MS: 1 EraseBytes-
#403419	REDUCE cov: 50 ft: 414 corp: 137/2537b lim: 3508 exec/s: 0 rss: 35Mb L: 16/34 MS: 4 EraseBytes-InsertByte-CopyPart-ChangeByte-
#406486	REDUCE cov: 50 ft: 414 corp: 137/2535b lim: 3530 exec/s: 0 rss: 35Mb L: 16/34 MS: 2 EraseBytes-ChangeByte-
#450760	REDUCE cov: 50 ft: 414 corp: 137/2534b lim: 3970 exec/s: 450760 rss: 35Mb L: 26/34 MS: 1 EraseBytes-
#471645	REDUCE cov: 50 ft: 414 corp: 137/2533b lim: 4096 exec/s: 471645 rss: 35Mb L: 24/34 MS: 5 CopyPart-ChangeBit-CrossOver-ShuffleBytes-EraseBytes-
#473971	NEW    cov: 50 ft: 422 corp: 138/2548b lim: 4096 exec/s: 473971 rss: 35Mb L: 15/34 MS: 1 CrossOver-
#477056	REDUCE cov: 50 ft: 422 corp: 138/2547b lim: 4096 exec/s: 477056 rss: 35Mb L: 23/34 MS: 5 ChangeASCIIInt-CopyPart-ChangeBinInt-ChangeASCIIInt-EraseBytes-
#481768	REDUCE cov: 50 ft: 422 corp: 138/2545b lim: 4096 exec/s: 481768 rss: 35Mb L: 16/34 MS: 2 EraseBytes-ChangeBinInt-
#491820	REDUCE cov: 50 ft: 422 corp: 138/2543b lim: 4096 exec/s: 491820 rss: 35Mb L: 21/34 MS: 2 ChangeBit-EraseBytes-
#496401	REDUCE cov: 50 ft: 422 corp: 138/2542b lim: 4096 exec/s: 496401 rss: 35Mb L: 24/34 MS: 1 EraseBytes-
#504993	REDUCE cov: 50 ft: 422 corp: 138/2540b lim: 4096 exec/s: 504993 rss: 35Mb L: 16/34 MS: 2 InsertByte-EraseBytes-
#516180	NEW    cov: 50 ft: 423 corp: 139/2558b lim: 4096 exec/s: 516180 rss: 36Mb L: 18/34 MS: 2 CMP-CopyPart- DE: "Y\000"-
#516881	NEW    cov: 50 ft: 424 corp: 140/2576b lim: 4096 exec/s: 516881 rss: 36Mb L: 18/34 MS: 1 ChangeBit-
#522823	REDUCE cov: 50 ft: 424 corp: 140/2574b lim: 4096 exec/s: 522823 rss: 36Mb L: 16/34 MS: 2 EraseBytes-ChangeBinInt-
#529284	REDUCE cov: 50 ft: 424 corp: 140/2573b lim: 4096 exec/s: 529284 rss: 36Mb L: 20/34 MS: 1 EraseBytes-
#545570	REDUCE cov: 50 ft: 424 corp: 140/2572b lim: 4096 exec/s: 545570 rss: 36Mb L: 23/34 MS: 1 EraseBytes-
#562401	REDUCE cov: 50 ft: 424 corp: 140/2571b lim: 4096 exec/s: 562401 rss: 36Mb L: 33/34 MS: 1 EraseBytes-
#569723	NEW    cov: 50 ft: 426 corp: 141/2590b lim: 4096 exec/s: 569723 rss: 36Mb L: 19/34 MS: 2 InsertByte-ChangeBit-
#569894	REDUCE cov: 50 ft: 426 corp: 141/2589b lim: 4096 exec/s: 569894 rss: 36Mb L: 18/34 MS: 1 EraseBytes-
#579479	REDUCE cov: 50 ft: 426 corp: 141/2587b lim: 4096 exec/s: 579479 rss: 36Mb L: 18/34 MS: 5 InsertByte-ChangeBinInt-EraseBytes-ChangeBinInt-CopyPart-
#582071	REDUCE cov: 50 ft: 426 corp: 141/2585b lim: 4096 exec/s: 582071 rss: 36Mb L: 16/34 MS: 2 EraseBytes-CrossOver-
#594308	REDUCE cov: 50 ft: 426 corp: 141/2583b lim: 4096 exec/s: 594308 rss: 36Mb L: 16/34 MS: 2 InsertByte-EraseBytes-
#594589	REDUCE cov: 50 ft: 428 corp: 142/2601b lim: 4096 exec/s: 594589 rss: 36Mb L: 18/34 MS: 1 ChangeBit-
#600856	REDUCE cov: 50 ft: 428 corp: 142/2599b lim: 4096 exec/s: 600856 rss: 36Mb L: 16/34 MS: 2 EraseBytes-ChangeBinInt-
#602080	REDUCE cov: 50 ft: 428 corp: 142/2597b lim: 4096 exec/s: 602080 rss: 36Mb L: 15/34 MS: 4 ShuffleBytes-PersAutoDict-EraseBytes-InsertByte- DE: "\001\000\000\000"-
#609258	REDUCE cov: 50 ft: 428 corp: 142/2596b lim: 4096 exec/s: 609258 rss: 36Mb L: 23/34 MS: 3 ShuffleBytes-EraseBytes-ChangeBinInt-
#630846	NEW    cov: 50 ft: 429 corp: 143/2611b lim: 4096 exec/s: 630846 rss: 36Mb L: 15/34 MS: 3 CopyPart-ChangeBit-ChangeByte-
#638829	REDUCE cov: 50 ft: 429 corp: 143/2609b lim: 4096 exec/s: 638829 rss: 36Mb L: 16/34 MS: 3 EraseBytes-CrossOver-CopyPart-
#657048	REDUCE cov: 50 ft: 429 corp: 143/2607b lim: 4096 exec/s: 657048 rss: 36Mb L: 16/34 MS: 4 InsertByte-ChangeByte-ChangeByte-EraseBytes-
#735969	REDUCE cov: 50 ft: 429 corp: 143/2606b lim: 4096 exec/s: 735969 rss: 36Mb L: 22/34 MS: 1 EraseBytes-
#745139	REDUCE cov: 50 ft: 429 corp: 143/2605b lim: 4096 exec/s: 745139 rss: 36Mb L: 15/34 MS: 5 EraseBytes-ChangeASCIIInt-ShuffleBytes-InsertByte-PersAutoDict- DE: "\377\377\377Y"-
#753327	REDUCE cov: 50 ft: 429 corp: 143/2603b lim: 4096 exec/s: 753327 rss: 36Mb L: 19/34 MS: 3 EraseBytes-ChangeASCIIInt-InsertByte-
#766589	REDUCE cov: 50 ft: 429 corp: 143/2601b lim: 4096 exec/s: 766589 rss: 36Mb L: 16/34 MS: 2 ChangeByte-EraseBytes-
#783392	REDUCE cov: 50 ft: 429 corp: 143/2599b lim: 4096 exec/s: 783392 rss: 36Mb L: 16/34 MS: 3 EraseBytes-CopyPart-ChangeBinInt-
#814190	NEW    cov: 50 ft: 430 corp: 144/2617b lim: 4096 exec/s: 814190 rss: 36Mb L: 18/34 MS: 3 ShuffleBytes-ChangeASCIIInt-CrossOver-
#895103	REDUCE cov: 50 ft: 430 corp: 144/2615b lim: 4096 exec/s: 447551 rss: 36Mb L: 16/34 MS: 3 EraseBytes-ChangeBit-ChangeByte-
#900836	REDUCE cov: 50 ft: 430 corp: 144/2611b lim: 4096 exec/s: 450418 rss: 36Mb L: 23/34 MS: 3 CopyPart-ChangeASCIIInt-EraseBytes-
#964298	REDUCE cov: 50 ft: 430 corp: 144/2610b lim: 4096 exec/s: 482149 rss: 36Mb L: 32/34 MS: 2 InsertByte-EraseBytes-
#966512	REDUCE cov: 50 ft: 430 corp: 144/2608b lim: 4096 exec/s: 483256 rss: 36Mb L: 16/34 MS: 4 ChangeByte-ChangeASCIIInt-ChangeASCIIInt-EraseBytes-
#968140	REDUCE cov: 50 ft: 430 corp: 144/2606b lim: 4096 exec/s: 484070 rss: 36Mb L: 16/34 MS: 3 ShuffleBytes-EraseBytes-ChangeByte-
#997307	REDUCE cov: 50 ft: 430 corp: 144/2604b lim: 4096 exec/s: 498653 rss: 36Mb L: 16/34 MS: 2 InsertByte-EraseBytes-
#998253	REDUCE cov: 50 ft: 430 corp: 144/2603b lim: 4096 exec/s: 499126 rss: 36Mb L: 23/34 MS: 1 EraseBytes-
#1006634	REDUCE cov: 50 ft: 430 corp: 144/2602b lim: 4096 exec/s: 503317 rss: 36Mb L: 25/34 MS: 1 EraseBytes-
#1071311	REDUCE cov: 50 ft: 430 corp: 144/2601b lim: 4096 exec/s: 535655 rss: 36Mb L: 26/34 MS: 2 ShuffleBytes-EraseBytes-
#1072182	REDUCE cov: 50 ft: 430 corp: 144/2600b lim: 4096 exec/s: 536091 rss: 36Mb L: 21/34 MS: 1 EraseBytes-
#1137634	REDUCE cov: 50 ft: 430 corp: 144/2598b lim: 4096 exec/s: 568817 rss: 36Mb L: 16/34 MS: 2 ChangeBinInt-EraseBytes-
#1252775	REDUCE cov: 50 ft: 430 corp: 144/2597b lim: 4096 exec/s: 626387 rss: 36Mb L: 22/34 MS: 1 EraseBytes-
#1266036	REDUCE cov: 50 ft: 430 corp: 144/2596b lim: 4096 exec/s: 633018 rss: 36Mb L: 25/34 MS: 1 EraseBytes-
#1304588	REDUCE cov: 50 ft: 430 corp: 144/2594b lim: 4096 exec/s: 652294 rss: 36Mb L: 16/34 MS: 2 ChangeByte-EraseBytes-
#1358799	REDUCE cov: 50 ft: 430 corp: 144/2593b lim: 4096 exec/s: 452933 rss: 36Mb L: 24/34 MS: 1 EraseBytes-
#1405912	REDUCE cov: 50 ft: 430 corp: 144/2592b lim: 4096 exec/s: 468637 rss: 36Mb L: 18/34 MS: 3 CrossOver-EraseBytes-ChangeByte-
#1431656	REDUCE cov: 50 ft: 430 corp: 144/2591b lim: 4096 exec/s: 477218 rss: 36Mb L: 24/34 MS: 4 ChangeASCIIInt-ShuffleBytes-CrossOver-EraseBytes-
#1529042	REDUCE cov: 50 ft: 430 corp: 144/2590b lim: 4096 exec/s: 509680 rss: 36Mb L: 25/34 MS: 1 EraseBytes-
#1531816	REDUCE cov: 50 ft: 430 corp: 144/2588b lim: 4096 exec/s: 510605 rss: 36Mb L: 16/34 MS: 4 ChangeByte-ChangeByte-EraseBytes-ChangeBinInt-
#1568492	REDUCE cov: 50 ft: 430 corp: 144/2587b lim: 4096 exec/s: 522830 rss: 36Mb L: 24/34 MS: 1 EraseBytes-
#1588586	REDUCE cov: 50 ft: 430 corp: 144/2585b lim: 4096 exec/s: 529528 rss: 36Mb L: 16/34 MS: 4 InsertByte-EraseBytes-ChangeBinInt-ChangeBit-
#1619603	REDUCE cov: 50 ft: 430 corp: 144/2583b lim: 4096 exec/s: 539867 rss: 36Mb L: 16/34 MS: 2 EraseBytes-ChangeByte-
#1662135	REDUCE cov: 50 ft: 430 corp: 144/2581b lim: 4096 exec/s: 554045 rss: 36Mb L: 16/34 MS: 2 EraseBytes-InsertByte-
#1693452	REDUCE cov: 50 ft: 430 corp: 144/2580b lim: 4096 exec/s: 564484 rss: 36Mb L: 22/34 MS: 2 EraseBytes-CrossOver-
#1742880	REDUCE cov: 50 ft: 430 corp: 144/2578b lim: 4096 exec/s: 580960 rss: 36Mb L: 16/34 MS: 3 EraseBytes-ChangeASCIIInt-InsertByte-
#1746327	REDUCE cov: 50 ft: 430 corp: 144/2576b lim: 4096 exec/s: 582109 rss: 36Mb L: 16/34 MS: 2 EraseBytes-ChangeBit-
#1907775	REDUCE cov: 50 ft: 430 corp: 144/2574b lim: 4096 exec/s: 476943 rss: 36Mb L: 16/34 MS: 3 PersAutoDict-EraseBytes-InsertByte- DE: "9\000"-
#1942184	REDUCE cov: 50 ft: 430 corp: 144/2572b lim: 4096 exec/s: 485546 rss: 36Mb L: 16/34 MS: 4 InsertByte-ChangeByte-ChangeASCIIInt-EraseBytes-
#2207541	REDUCE cov: 50 ft: 430 corp: 144/2570b lim: 4096 exec/s: 551885 rss: 36Mb L: 16/34 MS: 2 ChangeByte-EraseBytes-
#2251397	REDUCE cov: 50 ft: 430 corp: 144/2569b lim: 4096 exec/s: 450279 rss: 36Mb L: 24/34 MS: 1 EraseBytes-
#2328495	REDUCE cov: 50 ft: 430 corp: 144/2567b lim: 4096 exec/s: 465699 rss: 36Mb L: 16/34 MS: 3 ChangeByte-ChangeASCIIInt-EraseBytes-
#2349887	REDUCE cov: 50 ft: 430 corp: 144/2565b lim: 4096 exec/s: 469977 rss: 36Mb L: 16/34 MS: 2 EraseBytes-ChangeBit-
#2404299	REDUCE cov: 50 ft: 430 corp: 144/2563b lim: 4096 exec/s: 480859 rss: 36Mb L: 21/34 MS: 2 ChangeBinInt-EraseBytes-
#2551527	REDUCE cov: 50 ft: 430 corp: 144/2561b lim: 4096 exec/s: 510305 rss: 36Mb L: 16/34 MS: 3 ChangeByte-EraseBytes-ChangeBinInt-
#2593461	REDUCE cov: 50 ft: 430 corp: 144/2559b lim: 4096 exec/s: 518692 rss: 36Mb L: 17/34 MS: 4 CMP-ChangeBit-ChangeByte-EraseBytes- DE: "\377\377\377\377\377\377\377\021"-
#2615643	REDUCE cov: 50 ft: 430 corp: 144/2558b lim: 4096 exec/s: 523128 rss: 36Mb L: 23/34 MS: 2 CrossOver-EraseBytes-
#2627190	REDUCE cov: 50 ft: 430 corp: 144/2556b lim: 4096 exec/s: 525438 rss: 36Mb L: 16/34 MS: 2 EraseBytes-InsertByte-
#2627409	REDUCE cov: 50 ft: 430 corp: 144/2555b lim: 4096 exec/s: 525481 rss: 36Mb L: 15/34 MS: 4 ChangeByte-InsertByte-EraseBytes-ChangeBit-
#2703685	REDUCE cov: 50 ft: 430 corp: 144/2554b lim: 4096 exec/s: 450614 rss: 36Mb L: 23/34 MS: 1 EraseBytes-
#2706186	REDUCE cov: 50 ft: 430 corp: 144/2553b lim: 4096 exec/s: 451031 rss: 36Mb L: 22/34 MS: 1 EraseBytes-
#2730561	REDUCE cov: 50 ft: 430 corp: 144/2551b lim: 4096 exec/s: 455093 rss: 36Mb L: 16/34 MS: 5 ChangeASCIIInt-ChangeBinInt-EraseBytes-ChangeByte-InsertByte-
#2738407	REDUCE cov: 50 ft: 430 corp: 144/2550b lim: 4096 exec/s: 456401 rss: 36Mb L: 20/34 MS: 1 EraseBytes-
#2861826	REDUCE cov: 50 ft: 430 corp: 144/2548b lim: 4096 exec/s: 476971 rss: 36Mb L: 16/34 MS: 4 ChangeBinInt-ChangeByte-CopyPart-EraseBytes-
#2890185	REDUCE cov: 50 ft: 430 corp: 144/2547b lim: 4096 exec/s: 481697 rss: 36Mb L: 15/34 MS: 4 ChangeASCIIInt-ChangeBit-EraseBytes-ChangeByte-
#2917107	REDUCE cov: 50 ft: 430 corp: 144/2545b lim: 4096 exec/s: 486184 rss: 36Mb L: 18/34 MS: 2 EraseBytes-CrossOver-
#3043813	REDUCE cov: 50 ft: 430 corp: 144/2544b lim: 4096 exec/s: 507302 rss: 36Mb L: 23/34 MS: 1 EraseBytes-
#3135106	REDUCE cov: 50 ft: 431 corp: 145/2572b lim: 4096 exec/s: 522517 rss: 36Mb L: 28/34 MS: 3 ShuffleBytes-EraseBytes-CrossOver-
#3135903	NEW    cov: 50 ft: 432 corp: 146/2600b lim: 4096 exec/s: 522650 rss: 36Mb L: 28/34 MS: 2 ChangeBit-CopyPart-
#3136265	NEW    cov: 50 ft: 434 corp: 147/2628b lim: 4096 exec/s: 522710 rss: 36Mb L: 28/34 MS: 2 ChangeByte-ShuffleBytes-
#3138589	REDUCE cov: 50 ft: 434 corp: 147/2626b lim: 4096 exec/s: 448369 rss: 36Mb L: 26/34 MS: 4 CopyPart-ShuffleBytes-ChangeBinInt-EraseBytes-
#3178257	REDUCE cov: 50 ft: 434 corp: 147/2624b lim: 4096 exec/s: 454036 rss: 36Mb L: 24/34 MS: 3 ShuffleBytes-EraseBytes-ChangeBinInt-
#3222354	REDUCE cov: 50 ft: 434 corp: 147/2623b lim: 4096 exec/s: 460336 rss: 36Mb L: 23/34 MS: 2 ShuffleBytes-EraseBytes-
#3313993	REDUCE cov: 50 ft: 434 corp: 147/2621b lim: 4096 exec/s: 473427 rss: 36Mb L: 16/34 MS: 4 ChangeByte-ChangeBinInt-PersAutoDict-EraseBytes- DE: "\377\377\377Y"-
#3332140	REDUCE cov: 50 ft: 434 corp: 147/2619b lim: 4096 exec/s: 476020 rss: 36Mb L: 16/34 MS: 2 ChangeByte-EraseBytes-
#3411788	REDUCE cov: 50 ft: 434 corp: 147/2617b lim: 4096 exec/s: 487398 rss: 36Mb L: 22/34 MS: 3 ChangeBit-InsertByte-EraseBytes-
#3613281	REDUCE cov: 50 ft: 434 corp: 147/2615b lim: 4096 exec/s: 451660 rss: 36Mb L: 20/34 MS: 3 EraseBytes-InsertByte-PersAutoDict- DE: "\377\377\377Y"-
#3923609	REDUCE cov: 50 ft: 434 corp: 147/2614b lim: 4096 exec/s: 490451 rss: 36Mb L: 22/34 MS: 3 CrossOver-EraseBytes-ChangeASCIIInt-
#4085429	REDUCE cov: 50 ft: 434 corp: 147/2612b lim: 4096 exec/s: 453936 rss: 36Mb L: 18/34 MS: 5 ChangeByte-EraseBytes-CopyPart-ShuffleBytes-EraseBytes-
panic: found special char in iban [recovered]
	panic: found special char in iban

goroutine 17 [running, locked to thread]:
git.ultraware.nl/iddinkgroep/fundament-api.Fuzz.func1()
	git.ultraware.nl/iddinkgroep/fundament-api/fuzz.go:19 +0xa5
panic({0x5597f578a760?, 0x5597f579dc70?})
	runtime/panic.go:914 +0x21f
git.ultraware.nl/iddinkgroep/fundament-api.Fuzz({0xc000540b88, 0x12})
	git.ultraware.nl/iddinkgroep/fundament-api/fuzz.go:34 +0x2b9
git.ultraware.nl/iddinkgroep/fundament-api.Fuzz_(...)
	git.ultraware.nl/iddinkgroep/fundament-api/fuzz.1527825026.go:6
main.LLVMFuzzerTestOneInput(...)
	./main.170485750.go:21
==25865== ERROR: libFuzzer: deadly signal
    #0 0x5597f56ad630 in __sanitizer_print_stack_trace (/seedai/experiments/libfuzzer/source_iban/libfuzzer+0xaf630) (BuildId: 688cb25bec4564588da2a67f6a2b25148a0fd5d4)
    #1 0x5597f5679755 in fuzzer::PrintStackTrace() (/seedai/experiments/libfuzzer/source_iban/libfuzzer+0x7b755) (BuildId: 688cb25bec4564588da2a67f6a2b25148a0fd5d4)
    #2 0x5597f56583a9 in fuzzer::Fuzzer::CrashCallback() (.part.0) FuzzerLoop.cpp.o
    #3 0x5597f565846a in fuzzer::Fuzzer::StaticCrashSignalCallback() (/seedai/experiments/libfuzzer/source_iban/libfuzzer+0x5a46a) (BuildId: 688cb25bec4564588da2a67f6a2b25148a0fd5d4)
    #4 0x7fd5774e670f  (/usr/lib/libc.so.6+0x3e70f) (BuildId: 316d0d3666387f0e8fb98773f51aa1801027c5ab)
    #5 0x5597f570d160 in runtime.raise.abi0 runtime/sys_linux_amd64.s:153

NOTE: libFuzzer has rudimentary signal handlers.
      Combine libFuzzer with AddressSanitizer or similar for better crash reports.
SUMMARY: libFuzzer: deadly signal
MS: 2 CopyPart-CrossOver-; base unit: 2a9f75836ad054462e7316844c2e53bb2eeb9e94
0x4e,0x4c,0x34,0x32,0x2d,0x30,0x30,0x30,0x30,0x30,0x30,0x30,0x30,0x30,0x33,0x35,0x32,0x30,
NL42-0000000003520
artifact_prefix='./'; Test unit written to ./crash-2684cb6dc418848bc6a12cd33cfb53cf8116f4ad
Base64: Tkw0Mi0wMDAwMDAwMDAzNTIw
