INFO: Running with entropic power schedule (0xFF, 100).
INFO: Seed: 816139354
INFO: Loaded 1 modules   (70 inline 8-bit counters): 70 [0x55a7a6887030, 0x55a7a6887076), 
INFO: Loaded 1 PC tables (70 PCs): 70 [0xc000068000,0xc000068460), 
INFO:        1 files found in corpus
INFO: -max_len is not provided; libFuzzer will not generate inputs larger than 4096 bytes
INFO: seed corpus: files: 1 min: 3b max: 3b total: 3b rss: 30Mb
#2	INITED cov: 9 ft: 15 corp: 1/3b exec/s: 0 rss: 30Mb
#4	NEW    cov: 9 ft: 17 corp: 2/7b lim: 4 exec/s: 0 rss: 30Mb L: 4/4 MS: 2 ChangeBit-CopyPart-
#5	NEW    cov: 9 ft: 19 corp: 3/9b lim: 4 exec/s: 0 rss: 30Mb L: 2/4 MS: 1 EraseBytes-
#105	REDUCE cov: 9 ft: 19 corp: 3/6b lim: 4 exec/s: 0 rss: 30Mb L: 1/3 MS: 5 ShuffleBytes-ChangeByte-ChangeByte-EraseBytes-EraseBytes-
#335	NEW    cov: 9 ft: 20 corp: 4/11b lim: 6 exec/s: 0 rss: 30Mb L: 5/5 MS: 5 ChangeByte-ChangeByte-CopyPart-ChangeByte-InsertByte-
#542	REDUCE cov: 9 ft: 21 corp: 5/19b lim: 8 exec/s: 0 rss: 30Mb L: 8/8 MS: 2 ShuffleBytes-InsertRepeatedBytes-
#551	NEW    cov: 9 ft: 22 corp: 6/26b lim: 8 exec/s: 0 rss: 30Mb L: 7/8 MS: 4 InsertByte-ChangeBit-InsertByte-InsertRepeatedBytes-
#1169	NEW    cov: 9 ft: 23 corp: 7/40b lim: 14 exec/s: 0 rss: 30Mb L: 14/14 MS: 3 CopyPart-InsertRepeatedBytes-InsertRepeatedBytes-
#1174	NEW    cov: 9 ft: 24 corp: 8/52b lim: 14 exec/s: 0 rss: 30Mb L: 12/14 MS: 5 ChangeBinInt-ChangeBinInt-CrossOver-ChangeBinInt-EraseBytes-
#1239	NEW    cov: 9 ft: 25 corp: 9/65b lim: 14 exec/s: 0 rss: 30Mb L: 13/14 MS: 5 InsertByte-InsertRepeatedBytes-CMP-InsertRepeatedBytes-InsertByte- DE: "6\000\000\000\000\000\000\000"-
#1555	NEW    cov: 11 ft: 31 corp: 10/82b lim: 17 exec/s: 0 rss: 30Mb L: 17/17 MS: 1 InsertRepeatedBytes-
#1565	NEW    cov: 11 ft: 33 corp: 11/97b lim: 17 exec/s: 0 rss: 30Mb L: 15/17 MS: 5 CMP-ChangeBinInt-CrossOver-ChangeBit-PersAutoDict- DE: "\377\377"-"6\000\000\000\000\000\000\000"-
#1576	NEW    cov: 11 ft: 34 corp: 12/113b lim: 17 exec/s: 0 rss: 30Mb L: 16/17 MS: 1 InsertByte-
#1985	NEW    cov: 11 ft: 35 corp: 13/134b lim: 21 exec/s: 0 rss: 30Mb L: 21/21 MS: 4 InsertRepeatedBytes-InsertByte-ChangeBinInt-InsertRepeatedBytes-
#1989	NEW    cov: 13 ft: 41 corp: 14/150b lim: 21 exec/s: 0 rss: 30Mb L: 16/21 MS: 4 CrossOver-InsertRepeatedBytes-ChangeByte-InsertRepeatedBytes-
#2055	REDUCE cov: 13 ft: 41 corp: 14/148b lim: 21 exec/s: 0 rss: 30Mb L: 19/19 MS: 1 EraseBytes-
#2118	NEW    cov: 13 ft: 42 corp: 15/165b lim: 21 exec/s: 0 rss: 30Mb L: 17/19 MS: 3 ShuffleBytes-CopyPart-InsertByte-
#2189	NEW    cov: 13 ft: 43 corp: 16/183b lim: 21 exec/s: 0 rss: 30Mb L: 18/19 MS: 1 InsertByte-
#2236	NEW    cov: 13 ft: 44 corp: 17/204b lim: 21 exec/s: 0 rss: 30Mb L: 21/21 MS: 2 CMP-CopyPart- DE: "\000\000"-
#2380	NEW    cov: 13 ft: 45 corp: 18/225b lim: 21 exec/s: 0 rss: 30Mb L: 21/21 MS: 4 ChangeByte-ShuffleBytes-InsertByte-InsertRepeatedBytes-
#2382	NEW    cov: 13 ft: 46 corp: 19/246b lim: 21 exec/s: 0 rss: 30Mb L: 21/21 MS: 2 CopyPart-PersAutoDict- DE: "6\000\000\000\000\000\000\000"-
#2554	NEW    cov: 13 ft: 47 corp: 20/266b lim: 21 exec/s: 0 rss: 30Mb L: 20/21 MS: 2 ShuffleBytes-InsertRepeatedBytes-
#2562	NEW    cov: 25 ft: 98 corp: 21/283b lim: 21 exec/s: 0 rss: 30Mb L: 17/21 MS: 3 ChangeBit-PersAutoDict-EraseBytes- DE: "\377\377"-
#2608	NEW    cov: 25 ft: 99 corp: 22/304b lim: 21 exec/s: 0 rss: 30Mb L: 21/21 MS: 1 InsertByte-
#2613	REDUCE cov: 25 ft: 99 corp: 22/303b lim: 21 exec/s: 0 rss: 30Mb L: 16/21 MS: 5 InsertByte-PersAutoDict-ShuffleBytes-EraseBytes-CMP- DE: "\377\377"-"\377\377\377\377\377\377\377\024"-
#2649	REDUCE cov: 25 ft: 100 corp: 23/319b lim: 21 exec/s: 0 rss: 30Mb L: 16/21 MS: 1 CrossOver-
#2662	NEW    cov: 25 ft: 101 corp: 24/340b lim: 21 exec/s: 0 rss: 30Mb L: 21/21 MS: 3 ChangeBinInt-EraseBytes-InsertRepeatedBytes-
#2668	NEW    cov: 25 ft: 102 corp: 25/359b lim: 21 exec/s: 0 rss: 30Mb L: 19/21 MS: 1 PersAutoDict- DE: "\377\377"-
#2708	REDUCE cov: 25 ft: 102 corp: 25/354b lim: 21 exec/s: 0 rss: 30Mb L: 16/21 MS: 5 PersAutoDict-EraseBytes-InsertByte-PersAutoDict-ChangeByte- DE: "6\000\000\000\000\000\000\000"-"\377\377\377\377\377\377\377\024"-
#2856	NEW    cov: 25 ft: 103 corp: 26/375b lim: 21 exec/s: 0 rss: 30Mb L: 21/21 MS: 3 ChangeByte-ChangeBinInt-CopyPart-
#2869	NEW    cov: 25 ft: 104 corp: 27/395b lim: 21 exec/s: 0 rss: 30Mb L: 20/21 MS: 3 ChangeBinInt-CrossOver-CopyPart-
#2874	NEW    cov: 25 ft: 107 corp: 28/416b lim: 21 exec/s: 0 rss: 30Mb L: 21/21 MS: 5 CopyPart-PersAutoDict-CopyPart-ChangeBit-CopyPart- DE: "\377\377"-
#2926	NEW    cov: 25 ft: 108 corp: 29/437b lim: 21 exec/s: 0 rss: 30Mb L: 21/21 MS: 2 ChangeBit-ChangeByte-
#2928	REDUCE cov: 25 ft: 108 corp: 29/435b lim: 21 exec/s: 0 rss: 30Mb L: 19/21 MS: 2 ChangeBit-EraseBytes-
#2944	REDUCE cov: 25 ft: 108 corp: 29/434b lim: 21 exec/s: 0 rss: 30Mb L: 20/21 MS: 1 EraseBytes-
#2945	NEW    cov: 25 ft: 109 corp: 30/455b lim: 21 exec/s: 0 rss: 30Mb L: 21/21 MS: 1 ChangeByte-
#2952	REDUCE cov: 25 ft: 110 corp: 31/472b lim: 21 exec/s: 0 rss: 30Mb L: 17/21 MS: 2 PersAutoDict-InsertByte- DE: "\377\377"-
#2962	REDUCE cov: 25 ft: 110 corp: 31/468b lim: 21 exec/s: 0 rss: 30Mb L: 17/21 MS: 5 ShuffleBytes-CopyPart-ChangeBit-CopyPart-EraseBytes-
#2967	REDUCE cov: 25 ft: 112 corp: 32/489b lim: 21 exec/s: 0 rss: 30Mb L: 21/21 MS: 5 ChangeBit-CopyPart-ShuffleBytes-EraseBytes-PersAutoDict- DE: "6\000\000\000\000\000\000\000"-
#3061	REDUCE cov: 25 ft: 112 corp: 32/485b lim: 21 exec/s: 0 rss: 30Mb L: 16/21 MS: 4 ChangeBinInt-CMP-CopyPart-EraseBytes- DE: "\035\000\000\000\000\000\000\000"-
#3230	REDUCE cov: 25 ft: 114 corp: 33/504b lim: 21 exec/s: 0 rss: 30Mb L: 19/21 MS: 4 EraseBytes-CrossOver-InsertRepeatedBytes-ChangeBinInt-
#3246	REDUCE cov: 25 ft: 114 corp: 33/502b lim: 21 exec/s: 0 rss: 30Mb L: 15/21 MS: 1 CrossOver-
#3280	NEW    cov: 25 ft: 115 corp: 34/522b lim: 21 exec/s: 0 rss: 30Mb L: 20/21 MS: 4 PersAutoDict-CopyPart-ChangeByte-ChangeByte- DE: "\000\000"-
#3281	NEW    cov: 25 ft: 117 corp: 35/543b lim: 21 exec/s: 0 rss: 30Mb L: 21/21 MS: 1 CopyPart-
#3605	NEW    cov: 25 ft: 118 corp: 36/561b lim: 21 exec/s: 0 rss: 31Mb L: 18/21 MS: 4 ChangeByte-EraseBytes-ChangeBit-CopyPart-
#3717	REDUCE cov: 25 ft: 118 corp: 36/559b lim: 21 exec/s: 0 rss: 31Mb L: 18/21 MS: 2 ChangeBit-EraseBytes-
#3833	REDUCE cov: 25 ft: 118 corp: 36/556b lim: 21 exec/s: 0 rss: 31Mb L: 15/21 MS: 1 EraseBytes-
#4667	NEW    cov: 25 ft: 119 corp: 37/583b lim: 29 exec/s: 0 rss: 31Mb L: 27/27 MS: 4 CopyPart-ChangeByte-CopyPart-InsertByte-
#4689	NEW    cov: 25 ft: 120 corp: 38/612b lim: 29 exec/s: 0 rss: 31Mb L: 29/29 MS: 2 InsertRepeatedBytes-CrossOver-
#4732	REDUCE cov: 25 ft: 120 corp: 38/611b lim: 29 exec/s: 0 rss: 31Mb L: 19/29 MS: 3 CopyPart-InsertByte-EraseBytes-
#4746	REDUCE cov: 25 ft: 120 corp: 38/609b lim: 29 exec/s: 0 rss: 31Mb L: 17/29 MS: 4 InsertByte-CrossOver-ShuffleBytes-EraseBytes-
#5152	NEW    cov: 25 ft: 121 corp: 39/641b lim: 33 exec/s: 0 rss: 31Mb L: 32/32 MS: 1 InsertRepeatedBytes-
#5194	NEW    cov: 25 ft: 122 corp: 40/674b lim: 33 exec/s: 0 rss: 31Mb L: 33/33 MS: 2 ShuffleBytes-CopyPart-
#5789	REDUCE cov: 25 ft: 124 corp: 41/708b lim: 38 exec/s: 0 rss: 31Mb L: 34/34 MS: 5 InsertRepeatedBytes-InsertRepeatedBytes-PersAutoDict-PersAutoDict-EraseBytes- DE: "\377\377\377\377\377\377\377\024"-"\000\000"-
#7514	REDUCE cov: 25 ft: 124 corp: 41/707b lim: 53 exec/s: 0 rss: 32Mb L: 15/34 MS: 5 ShuffleBytes-ChangeBit-ChangeBinInt-EraseBytes-PersAutoDict- DE: "\000\000"-
#9126	NEW    cov: 25 ft: 126 corp: 42/728b lim: 68 exec/s: 0 rss: 32Mb L: 21/34 MS: 2 CopyPart-ChangeByte-
#9834	REDUCE cov: 25 ft: 126 corp: 42/726b lim: 74 exec/s: 0 rss: 32Mb L: 16/34 MS: 3 ShuffleBytes-EraseBytes-ChangeByte-
#11917	NEW    cov: 25 ft: 127 corp: 43/749b lim: 92 exec/s: 0 rss: 32Mb L: 23/34 MS: 3 ChangeByte-PersAutoDict-CopyPart- DE: "\000\000"-
#16468	NEW    cov: 25 ft: 128 corp: 44/770b lim: 135 exec/s: 0 rss: 33Mb L: 21/34 MS: 1 ChangeBinInt-
#16599	REDUCE cov: 25 ft: 128 corp: 44/769b lim: 135 exec/s: 0 rss: 33Mb L: 16/34 MS: 1 EraseBytes-
#17288	REDUCE cov: 25 ft: 128 corp: 44/768b lim: 135 exec/s: 0 rss: 34Mb L: 31/34 MS: 4 ShuffleBytes-InsertByte-CopyPart-EraseBytes-
#18519	REDUCE cov: 25 ft: 128 corp: 44/767b lim: 142 exec/s: 0 rss: 34Mb L: 18/34 MS: 1 EraseBytes-
#18575	REDUCE cov: 25 ft: 128 corp: 44/766b lim: 142 exec/s: 0 rss: 34Mb L: 15/34 MS: 1 EraseBytes-
#19148	REDUCE cov: 25 ft: 128 corp: 44/764b lim: 142 exec/s: 0 rss: 34Mb L: 19/34 MS: 3 ShuffleBytes-ChangeByte-EraseBytes-
#22192	REDUCE cov: 25 ft: 128 corp: 44/760b lim: 170 exec/s: 0 rss: 34Mb L: 17/34 MS: 4 ChangeBinInt-PersAutoDict-InsertByte-EraseBytes- DE: "\377\377"-
#25331	REDUCE cov: 25 ft: 128 corp: 44/759b lim: 198 exec/s: 0 rss: 35Mb L: 15/34 MS: 4 CopyPart-ChangeBit-ChangeByte-EraseBytes-
#26980	REDUCE cov: 25 ft: 128 corp: 44/753b lim: 212 exec/s: 0 rss: 35Mb L: 15/34 MS: 4 EraseBytes-EraseBytes-ChangeByte-PersAutoDict- DE: "\377\377\377\377\377\377\377\024"-
#29968	REDUCE cov: 25 ft: 128 corp: 44/752b lim: 240 exec/s: 0 rss: 35Mb L: 17/34 MS: 3 EraseBytes-ChangeBit-PersAutoDict- DE: "\377\377\377\377\377\377\377\024"-
#30639	REDUCE cov: 25 ft: 128 corp: 44/751b lim: 240 exec/s: 0 rss: 35Mb L: 16/34 MS: 1 EraseBytes-
#31752	REDUCE cov: 25 ft: 128 corp: 44/750b lim: 247 exec/s: 0 rss: 35Mb L: 15/34 MS: 3 ChangeASCIIInt-EraseBytes-ChangeByte-
#32923	REDUCE cov: 25 ft: 128 corp: 44/747b lim: 254 exec/s: 0 rss: 35Mb L: 16/34 MS: 1 EraseBytes-
#32935	REDUCE cov: 25 ft: 129 corp: 45/767b lim: 254 exec/s: 0 rss: 35Mb L: 20/34 MS: 2 InsertRepeatedBytes-InsertByte-
#33084	REDUCE cov: 25 ft: 129 corp: 45/766b lim: 254 exec/s: 0 rss: 35Mb L: 15/34 MS: 4 InsertByte-CrossOver-CMP-EraseBytes- DE: "\001\000\000\000"-
#33721	REDUCE cov: 25 ft: 130 corp: 46/783b lim: 254 exec/s: 0 rss: 35Mb L: 17/34 MS: 2 ShuffleBytes-ChangeBinInt-
#34651	REDUCE cov: 25 ft: 130 corp: 46/782b lim: 261 exec/s: 0 rss: 35Mb L: 15/34 MS: 5 InsertByte-InsertRepeatedBytes-ShuffleBytes-ShuffleBytes-EraseBytes-
#36738	REDUCE cov: 25 ft: 130 corp: 46/780b lim: 277 exec/s: 0 rss: 35Mb L: 17/34 MS: 2 EraseBytes-InsertByte-
#41058	NEW    cov: 30 ft: 154 corp: 47/802b lim: 317 exec/s: 0 rss: 35Mb L: 22/34 MS: 5 EraseBytes-EraseBytes-InsertRepeatedBytes-ChangeBinInt-EraseBytes-
#41629	NEW    cov: 30 ft: 155 corp: 48/824b lim: 317 exec/s: 0 rss: 35Mb L: 22/34 MS: 1 ChangeBinInt-
#41977	NEW    cov: 30 ft: 164 corp: 49/844b lim: 317 exec/s: 0 rss: 35Mb L: 20/34 MS: 3 InsertByte-ChangeBit-EraseBytes-
#41993	NEW    cov: 30 ft: 166 corp: 50/866b lim: 317 exec/s: 0 rss: 35Mb L: 22/34 MS: 1 ChangeBit-
#42089	NEW    cov: 30 ft: 171 corp: 51/888b lim: 317 exec/s: 0 rss: 35Mb L: 22/34 MS: 1 ChangeByte-
#42230	NEW    cov: 30 ft: 179 corp: 52/910b lim: 317 exec/s: 0 rss: 35Mb L: 22/34 MS: 1 ChangeBit-
#42517	NEW    cov: 30 ft: 181 corp: 53/932b lim: 317 exec/s: 0 rss: 35Mb L: 22/34 MS: 2 CrossOver-ChangeBit-
#42518	NEW    cov: 30 ft: 186 corp: 54/954b lim: 317 exec/s: 0 rss: 35Mb L: 22/34 MS: 1 ChangeByte-
#42539	NEW    cov: 30 ft: 188 corp: 55/974b lim: 317 exec/s: 0 rss: 35Mb L: 20/34 MS: 1 CopyPart-
#42835	NEW    cov: 30 ft: 190 corp: 56/996b lim: 317 exec/s: 0 rss: 35Mb L: 22/34 MS: 1 ChangeByte-
#43137	NEW    cov: 30 ft: 192 corp: 57/1018b lim: 317 exec/s: 0 rss: 35Mb L: 22/34 MS: 2 ChangeBit-ChangeBinInt-
#43549	NEW    cov: 30 ft: 194 corp: 58/1040b lim: 317 exec/s: 0 rss: 35Mb L: 22/34 MS: 2 CrossOver-ChangeByte-
#43808	REDUCE cov: 30 ft: 194 corp: 58/1038b lim: 317 exec/s: 0 rss: 35Mb L: 19/34 MS: 4 ShuffleBytes-PersAutoDict-EraseBytes-CMP- DE: "\001\000\000\000"-"\377\377"-
#44159	NEW    cov: 30 ft: 196 corp: 59/1058b lim: 317 exec/s: 0 rss: 35Mb L: 20/34 MS: 1 CrossOver-
#44315	NEW    cov: 30 ft: 197 corp: 60/1080b lim: 317 exec/s: 0 rss: 35Mb L: 22/34 MS: 1 ChangeBit-
#44321	NEW    cov: 32 ft: 205 corp: 61/1102b lim: 317 exec/s: 0 rss: 35Mb L: 22/34 MS: 1 CopyPart-
#45237	NEW    cov: 32 ft: 207 corp: 62/1124b lim: 325 exec/s: 0 rss: 35Mb L: 22/34 MS: 1 CopyPart-
#45288	NEW    cov: 32 ft: 208 corp: 63/1146b lim: 325 exec/s: 0 rss: 35Mb L: 22/34 MS: 1 CopyPart-
#45316	NEW    cov: 32 ft: 210 corp: 64/1168b lim: 325 exec/s: 0 rss: 35Mb L: 22/34 MS: 3 CopyPart-ChangeBit-ShuffleBytes-
#45332	NEW    cov: 33 ft: 211 corp: 65/1190b lim: 325 exec/s: 0 rss: 35Mb L: 22/34 MS: 1 ChangeByte-
#45373	NEW    cov: 33 ft: 213 corp: 66/1212b lim: 325 exec/s: 0 rss: 35Mb L: 22/34 MS: 1 CopyPart-
#45605	NEW    cov: 33 ft: 214 corp: 67/1234b lim: 325 exec/s: 0 rss: 35Mb L: 22/34 MS: 2 ShuffleBytes-ChangeBit-
#46061	NEW    cov: 33 ft: 215 corp: 68/1256b lim: 325 exec/s: 0 rss: 35Mb L: 22/34 MS: 1 ChangeBit-
#47232	NEW    cov: 33 ft: 217 corp: 69/1278b lim: 333 exec/s: 0 rss: 35Mb L: 22/34 MS: 1 ChangeByte-
#49129	NEW    cov: 34 ft: 220 corp: 70/1300b lim: 349 exec/s: 0 rss: 35Mb L: 22/34 MS: 2 ChangeByte-ChangeByte-
#49534	REDUCE cov: 34 ft: 220 corp: 70/1298b lim: 349 exec/s: 0 rss: 35Mb L: 19/34 MS: 5 ChangeBit-ChangeByte-ShuffleBytes-EraseBytes-InsertByte-
#52121	NEW    cov: 34 ft: 221 corp: 71/1320b lim: 373 exec/s: 0 rss: 35Mb L: 22/34 MS: 2 ShuffleBytes-ChangeBinInt-
#52647	NEW    cov: 34 ft: 223 corp: 72/1342b lim: 373 exec/s: 0 rss: 35Mb L: 22/34 MS: 1 ChangeBit-
#56283	NEW    cov: 34 ft: 225 corp: 73/1364b lim: 405 exec/s: 0 rss: 35Mb L: 22/34 MS: 1 ChangeBit-
#57293	REDUCE cov: 34 ft: 225 corp: 73/1362b lim: 413 exec/s: 0 rss: 35Mb L: 18/34 MS: 5 ChangeBinInt-ChangeByte-ChangeBit-EraseBytes-InsertByte-
#57534	NEW    cov: 34 ft: 226 corp: 74/1384b lim: 413 exec/s: 0 rss: 35Mb L: 22/34 MS: 1 CrossOver-
#58383	REDUCE cov: 34 ft: 226 corp: 74/1382b lim: 421 exec/s: 0 rss: 35Mb L: 20/34 MS: 4 ChangeByte-ChangeBinInt-ChangeBit-EraseBytes-
#58879	NEW    cov: 47 ft: 273 corp: 75/1404b lim: 421 exec/s: 0 rss: 35Mb L: 22/34 MS: 1 ChangeBinInt-
#59180	NEW    cov: 47 ft: 278 corp: 76/1426b lim: 421 exec/s: 0 rss: 35Mb L: 22/34 MS: 1 ChangeBit-
#59181	NEW    cov: 47 ft: 280 corp: 77/1448b lim: 421 exec/s: 0 rss: 35Mb L: 22/34 MS: 1 CrossOver-
#62447	NEW    cov: 47 ft: 281 corp: 78/1470b lim: 453 exec/s: 0 rss: 35Mb L: 22/34 MS: 1 ChangeBit-
#62583	NEW    cov: 47 ft: 283 corp: 79/1492b lim: 453 exec/s: 0 rss: 35Mb L: 22/34 MS: 1 CrossOver-
#71225	REDUCE cov: 47 ft: 283 corp: 79/1490b lim: 535 exec/s: 0 rss: 35Mb L: 17/34 MS: 2 CMP-EraseBytes- DE: "\377\377\377\377"-
#78863	NEW    cov: 47 ft: 285 corp: 80/1512b lim: 607 exec/s: 0 rss: 35Mb L: 22/34 MS: 3 CrossOver-ShuffleBytes-ChangeBit-
#85659	NEW    cov: 48 ft: 290 corp: 81/1534b lim: 670 exec/s: 0 rss: 35Mb L: 22/34 MS: 1 ChangeByte-
#86670	NEW    cov: 48 ft: 292 corp: 82/1556b lim: 679 exec/s: 0 rss: 35Mb L: 22/34 MS: 1 ChangeBinInt-
#87436	NEW    cov: 48 ft: 294 corp: 83/1578b lim: 679 exec/s: 0 rss: 35Mb L: 22/34 MS: 1 ChangeByte-
#87692	NEW    cov: 48 ft: 295 corp: 84/1600b lim: 679 exec/s: 0 rss: 35Mb L: 22/34 MS: 1 ChangeBinInt-
#88183	NEW    cov: 48 ft: 296 corp: 85/1622b lim: 679 exec/s: 0 rss: 35Mb L: 22/34 MS: 1 ChangeBit-
#89599	NEW    cov: 48 ft: 297 corp: 86/1644b lim: 688 exec/s: 0 rss: 35Mb L: 22/34 MS: 1 ChangeBit-
#92690	NEW    cov: 48 ft: 298 corp: 87/1666b lim: 715 exec/s: 0 rss: 35Mb L: 22/34 MS: 1 CopyPart-
#93151	NEW    cov: 48 ft: 299 corp: 88/1688b lim: 715 exec/s: 0 rss: 35Mb L: 22/34 MS: 1 ShuffleBytes-
#94567	NEW    cov: 48 ft: 300 corp: 89/1710b lim: 724 exec/s: 0 rss: 35Mb L: 22/34 MS: 1 ShuffleBytes-
#95449	NEW    cov: 48 ft: 301 corp: 90/1732b lim: 724 exec/s: 0 rss: 35Mb L: 22/34 MS: 2 ChangeByte-ShuffleBytes-
#97769	NEW    cov: 48 ft: 302 corp: 91/1757b lim: 742 exec/s: 0 rss: 35Mb L: 25/34 MS: 5 CrossOver-EraseBytes-ChangeBit-EraseBytes-ChangeBit-
#98425	REDUCE cov: 48 ft: 302 corp: 91/1753b lim: 742 exec/s: 0 rss: 35Mb L: 21/34 MS: 1 EraseBytes-
#99006	REDUCE cov: 48 ft: 302 corp: 91/1748b lim: 742 exec/s: 0 rss: 35Mb L: 16/34 MS: 1 EraseBytes-
#99940	REDUCE cov: 48 ft: 302 corp: 91/1747b lim: 751 exec/s: 0 rss: 35Mb L: 15/34 MS: 4 ChangeByte-CMP-ChangeBinInt-EraseBytes- DE: "\025\000\000\000\000\000\000\000"-
#100536	NEW    cov: 48 ft: 303 corp: 92/1769b lim: 751 exec/s: 0 rss: 35Mb L: 22/34 MS: 1 ChangeBinInt-
#102112	NEW    cov: 48 ft: 304 corp: 93/1791b lim: 760 exec/s: 0 rss: 35Mb L: 22/34 MS: 1 ChangeBit-
#102262	REDUCE cov: 48 ft: 305 corp: 94/1806b lim: 760 exec/s: 0 rss: 35Mb L: 15/34 MS: 5 ChangeByte-ChangeBit-CrossOver-CopyPart-PersAutoDict- DE: "\025\000\000\000\000\000\000\000"-
#102705	NEW    cov: 48 ft: 306 corp: 95/1837b lim: 760 exec/s: 0 rss: 35Mb L: 31/34 MS: 3 PersAutoDict-ChangeASCIIInt-PersAutoDict- DE: "6\000\000\000\000\000\000\000"-"\035\000\000\000\000\000\000\000"-
#102741	NEW    cov: 48 ft: 307 corp: 96/1859b lim: 760 exec/s: 0 rss: 35Mb L: 22/34 MS: 1 ShuffleBytes-
#103072	NEW    cov: 48 ft: 308 corp: 97/1890b lim: 760 exec/s: 0 rss: 35Mb L: 31/34 MS: 1 ChangeByte-
#104183	NEW    cov: 48 ft: 309 corp: 98/1912b lim: 769 exec/s: 0 rss: 35Mb L: 22/34 MS: 1 ChangeBit-
#108815	REDUCE cov: 48 ft: 310 corp: 99/1932b lim: 814 exec/s: 0 rss: 35Mb L: 20/34 MS: 2 ChangeByte-ChangeByte-
#109447	REDUCE cov: 48 ft: 310 corp: 99/1930b lim: 814 exec/s: 0 rss: 35Mb L: 18/34 MS: 2 ChangeByte-EraseBytes-
#112643	NEW    cov: 48 ft: 311 corp: 100/1952b lim: 841 exec/s: 0 rss: 35Mb L: 22/34 MS: 1 ChangeByte-
#117229	NEW    cov: 48 ft: 312 corp: 101/1974b lim: 886 exec/s: 0 rss: 35Mb L: 22/34 MS: 1 ChangeByte-
#118715	NEW    cov: 48 ft: 313 corp: 102/1996b lim: 895 exec/s: 0 rss: 35Mb L: 22/34 MS: 1 ChangeASCIIInt-
#120109	REDUCE cov: 48 ft: 313 corp: 102/1994b lim: 904 exec/s: 0 rss: 35Mb L: 20/34 MS: 4 EraseBytes-ChangeBinInt-ChangeByte-ChangeBit-
#127351	REDUCE cov: 48 ft: 313 corp: 102/1992b lim: 976 exec/s: 0 rss: 35Mb L: 20/34 MS: 2 ChangeByte-EraseBytes-
#128977	NEW    cov: 48 ft: 318 corp: 103/2014b lim: 985 exec/s: 0 rss: 35Mb L: 22/34 MS: 1 CopyPart-
#130262	NEW    cov: 48 ft: 319 corp: 104/2029b lim: 994 exec/s: 0 rss: 35Mb L: 15/34 MS: 5 CrossOver-InsertByte-EraseBytes-ChangeBit-InsertByte-
#137383	NEW    cov: 48 ft: 321 corp: 105/2051b lim: 1060 exec/s: 0 rss: 35Mb L: 22/34 MS: 1 CopyPart-
#138215	NEW    cov: 48 ft: 322 corp: 106/2073b lim: 1060 exec/s: 0 rss: 35Mb L: 22/34 MS: 2 ShuffleBytes-ShuffleBytes-
#139096	NEW    cov: 48 ft: 323 corp: 107/2095b lim: 1060 exec/s: 0 rss: 35Mb L: 22/34 MS: 1 ChangeBit-
#142009	REDUCE cov: 48 ft: 323 corp: 107/2093b lim: 1080 exec/s: 0 rss: 35Mb L: 20/34 MS: 3 InsertByte-InsertByte-EraseBytes-
#142890	NEW    cov: 48 ft: 324 corp: 108/2115b lim: 1080 exec/s: 0 rss: 35Mb L: 22/34 MS: 1 ShuffleBytes-
#144171	NEW    cov: 48 ft: 326 corp: 109/2137b lim: 1090 exec/s: 0 rss: 35Mb L: 22/34 MS: 1 CopyPart-
#144267	NEW    cov: 48 ft: 328 corp: 110/2159b lim: 1090 exec/s: 0 rss: 35Mb L: 22/34 MS: 1 ChangeBinInt-
#144728	NEW    cov: 48 ft: 329 corp: 111/2181b lim: 1090 exec/s: 0 rss: 35Mb L: 22/34 MS: 1 ChangeASCIIInt-
#145335	NEW    cov: 48 ft: 330 corp: 112/2203b lim: 1090 exec/s: 0 rss: 35Mb L: 22/34 MS: 2 ChangeASCIIInt-ShuffleBytes-
#145466	NEW    cov: 48 ft: 331 corp: 113/2225b lim: 1090 exec/s: 0 rss: 35Mb L: 22/34 MS: 1 ShuffleBytes-
#146110	NEW    cov: 48 ft: 332 corp: 114/2247b lim: 1090 exec/s: 0 rss: 35Mb L: 22/34 MS: 4 ShuffleBytes-ChangeBinInt-ChangeBit-CrossOver-
#147722	NEW    cov: 48 ft: 333 corp: 115/2269b lim: 1100 exec/s: 0 rss: 35Mb L: 22/34 MS: 2 ChangeBinInt-ChangeASCIIInt-
#149388	NEW    cov: 48 ft: 334 corp: 116/2291b lim: 1110 exec/s: 0 rss: 35Mb L: 22/34 MS: 1 CrossOver-
#149629	NEW    cov: 48 ft: 335 corp: 117/2313b lim: 1110 exec/s: 0 rss: 35Mb L: 22/34 MS: 1 ChangeBit-
#149951	REDUCE cov: 48 ft: 335 corp: 117/2311b lim: 1110 exec/s: 0 rss: 35Mb L: 20/34 MS: 2 EraseBytes-ChangeByte-
#150268	NEW    cov: 48 ft: 336 corp: 118/2333b lim: 1110 exec/s: 0 rss: 35Mb L: 22/34 MS: 2 ShuffleBytes-ChangeByte-
#150504	NEW    cov: 48 ft: 337 corp: 119/2355b lim: 1110 exec/s: 0 rss: 35Mb L: 22/34 MS: 1 ChangeBit-
#150911	NEW    cov: 48 ft: 338 corp: 120/2377b lim: 1110 exec/s: 0 rss: 35Mb L: 22/34 MS: 2 ChangeASCIIInt-CrossOver-
#151338	NEW    cov: 48 ft: 339 corp: 121/2399b lim: 1110 exec/s: 0 rss: 35Mb L: 22/34 MS: 2 ChangeBinInt-ShuffleBytes-
#151774	NEW    cov: 48 ft: 340 corp: 122/2421b lim: 1110 exec/s: 0 rss: 35Mb L: 22/34 MS: 1 ChangeBit-
#153730	NEW    cov: 48 ft: 342 corp: 123/2443b lim: 1120 exec/s: 0 rss: 35Mb L: 22/34 MS: 1 CMP- DE: "d\000\000\000"-
#158927	NEW    cov: 48 ft: 343 corp: 124/2465b lim: 1170 exec/s: 0 rss: 35Mb L: 22/34 MS: 2 ChangeBinInt-ChangeBit-
#160078	NEW    cov: 48 ft: 344 corp: 125/2487b lim: 1180 exec/s: 0 rss: 35Mb L: 22/34 MS: 1 ChangeASCIIInt-
#160665	NEW    cov: 50 ft: 352 corp: 126/2509b lim: 1180 exec/s: 0 rss: 35Mb L: 22/34 MS: 2 CopyPart-ChangeByte-
#161002	NEW    cov: 50 ft: 353 corp: 127/2531b lim: 1180 exec/s: 0 rss: 35Mb L: 22/34 MS: 2 ShuffleBytes-ChangeBit-
#162038	NEW    cov: 50 ft: 355 corp: 128/2553b lim: 1190 exec/s: 0 rss: 35Mb L: 22/34 MS: 1 ChangeASCIIInt-
#163265	REDUCE cov: 50 ft: 355 corp: 128/2549b lim: 1200 exec/s: 0 rss: 35Mb L: 18/34 MS: 2 ChangeBinInt-EraseBytes-
#165737	NEW    cov: 50 ft: 356 corp: 129/2571b lim: 1220 exec/s: 0 rss: 35Mb L: 22/34 MS: 2 ChangeBit-CopyPart-
#169021	REDUCE cov: 50 ft: 356 corp: 129/2569b lim: 1250 exec/s: 0 rss: 35Mb L: 15/34 MS: 4 CMP-EraseBytes-CMP-CopyPart- DE: "N\000"-"\377R"-
#173102	NEW    cov: 50 ft: 357 corp: 130/2591b lim: 1290 exec/s: 0 rss: 35Mb L: 22/34 MS: 1 ChangeASCIIInt-
#179388	NEW    cov: 50 ft: 358 corp: 131/2613b lim: 1350 exec/s: 0 rss: 35Mb L: 22/34 MS: 1 ChangeASCIIInt-
#179736	NEW    cov: 50 ft: 359 corp: 132/2635b lim: 1350 exec/s: 0 rss: 35Mb L: 22/34 MS: 3 ShuffleBytes-CrossOver-CopyPart-
#184919	REDUCE cov: 50 ft: 359 corp: 132/2633b lim: 1400 exec/s: 0 rss: 35Mb L: 20/34 MS: 3 CrossOver-ShuffleBytes-EraseBytes-
#188902	REDUCE cov: 50 ft: 359 corp: 132/2631b lim: 1430 exec/s: 0 rss: 35Mb L: 20/34 MS: 3 InsertByte-ChangeBinInt-EraseBytes-
#190191	REDUCE cov: 50 ft: 359 corp: 132/2627b lim: 1440 exec/s: 0 rss: 35Mb L: 18/34 MS: 4 ShuffleBytes-EraseBytes-ChangeBinInt-ChangeBinInt-
#190923	REDUCE cov: 50 ft: 359 corp: 132/2625b lim: 1440 exec/s: 0 rss: 35Mb L: 20/34 MS: 2 ChangeByte-EraseBytes-
#191254	NEW    cov: 50 ft: 360 corp: 133/2647b lim: 1440 exec/s: 0 rss: 35Mb L: 22/34 MS: 1 ChangeBit-
#200677	REDUCE cov: 50 ft: 360 corp: 133/2643b lim: 1530 exec/s: 0 rss: 35Mb L: 18/34 MS: 3 EraseBytes-EraseBytes-ChangeBinInt-
#205505	REDUCE cov: 50 ft: 360 corp: 133/2641b lim: 1570 exec/s: 0 rss: 35Mb L: 20/34 MS: 3 EraseBytes-CMP-ChangeByte- DE: "\001\000"-
#206134	REDUCE cov: 50 ft: 361 corp: 134/2656b lim: 1570 exec/s: 0 rss: 35Mb L: 15/34 MS: 4 InsertByte-EraseBytes-ShuffleBytes-InsertByte-
#220972	REDUCE cov: 50 ft: 361 corp: 134/2654b lim: 1710 exec/s: 0 rss: 35Mb L: 20/34 MS: 3 EraseBytes-CopyPart-InsertByte-
#229404	REDUCE cov: 50 ft: 361 corp: 134/2652b lim: 1790 exec/s: 0 rss: 35Mb L: 17/34 MS: 2 EraseBytes-ChangeBinInt-
#231351	NEW    cov: 50 ft: 365 corp: 135/2674b lim: 1800 exec/s: 0 rss: 35Mb L: 22/34 MS: 2 ChangeBit-ChangeByte-
#236442	NEW    cov: 50 ft: 366 corp: 136/2696b lim: 1850 exec/s: 0 rss: 35Mb L: 22/34 MS: 1 ChangeByte-
#243014	REDUCE cov: 50 ft: 366 corp: 136/2694b lim: 1910 exec/s: 0 rss: 35Mb L: 20/34 MS: 2 PersAutoDict-EraseBytes- DE: "\377\377"-
#246087	REDUCE cov: 50 ft: 366 corp: 136/2692b lim: 1940 exec/s: 0 rss: 35Mb L: 15/34 MS: 3 CopyPart-ShuffleBytes-EraseBytes-
#248500	REDUCE cov: 50 ft: 366 corp: 136/2690b lim: 1960 exec/s: 0 rss: 35Mb L: 18/34 MS: 3 ShuffleBytes-ChangeByte-EraseBytes-
#250627	REDUCE cov: 50 ft: 366 corp: 136/2686b lim: 1980 exec/s: 0 rss: 35Mb L: 18/34 MS: 2 PersAutoDict-EraseBytes- DE: "\377\377"-
#252703	NEW    cov: 50 ft: 367 corp: 137/2708b lim: 2000 exec/s: 0 rss: 35Mb L: 22/34 MS: 1 CopyPart-
#254291	REDUCE cov: 50 ft: 367 corp: 137/2706b lim: 2010 exec/s: 0 rss: 35Mb L: 20/34 MS: 3 EraseBytes-CopyPart-InsertByte-
#255538	REDUCE cov: 50 ft: 367 corp: 137/2704b lim: 2020 exec/s: 0 rss: 35Mb L: 18/34 MS: 2 EraseBytes-InsertByte-
#259735	REDUCE cov: 50 ft: 367 corp: 137/2702b lim: 2061 exec/s: 0 rss: 35Mb L: 20/34 MS: 2 EraseBytes-ChangeBinInt-
#266127	REDUCE cov: 50 ft: 367 corp: 137/2700b lim: 2116 exec/s: 0 rss: 35Mb L: 20/34 MS: 2 EraseBytes-ChangeBit-
#270683	NEW    cov: 50 ft: 370 corp: 138/2722b lim: 2160 exec/s: 0 rss: 35Mb L: 22/34 MS: 1 ChangeBit-
#271059	NEW    cov: 50 ft: 372 corp: 139/2744b lim: 2160 exec/s: 0 rss: 35Mb L: 22/34 MS: 1 ChangeBit-
#273410	REDUCE cov: 50 ft: 373 corp: 140/2762b lim: 2182 exec/s: 0 rss: 35Mb L: 18/34 MS: 1 ShuffleBytes-
#279058	REDUCE cov: 50 ft: 373 corp: 140/2760b lim: 2237 exec/s: 0 rss: 35Mb L: 18/34 MS: 3 ChangeByte-EraseBytes-InsertByte-
#283001	REDUCE cov: 50 ft: 373 corp: 140/2758b lim: 2270 exec/s: 0 rss: 35Mb L: 20/34 MS: 3 CrossOver-CopyPart-EraseBytes-
#304109	REDUCE cov: 50 ft: 373 corp: 140/2756b lim: 2479 exec/s: 0 rss: 35Mb L: 20/34 MS: 3 EraseBytes-ChangeBit-ChangeByte-
#306412	NEW    cov: 50 ft: 375 corp: 141/2788b lim: 2501 exec/s: 0 rss: 35Mb L: 32/34 MS: 3 InsertByte-InsertByte-CMP- DE: "\023\000\000\000\000\000\000\000"-
#311440	NEW    cov: 50 ft: 377 corp: 142/2810b lim: 2545 exec/s: 0 rss: 35Mb L: 22/34 MS: 3 ChangeByte-ChangeBit-ChangeBit-
#316630	REDUCE cov: 50 ft: 377 corp: 142/2808b lim: 2589 exec/s: 0 rss: 35Mb L: 30/34 MS: 5 EraseBytes-EraseBytes-CrossOver-EraseBytes-PersAutoDict- DE: "6\000\000\000\000\000\000\000"-
#323769	REDUCE cov: 50 ft: 377 corp: 142/2806b lim: 2655 exec/s: 0 rss: 36Mb L: 20/34 MS: 4 PersAutoDict-CMP-InsertByte-EraseBytes- DE: "\001\000\000\000"-"\001\000\000\000\000\000\000\026"-
#355840	NEW    cov: 50 ft: 380 corp: 143/2828b lim: 2974 exec/s: 0 rss: 36Mb L: 22/34 MS: 1 ChangeByte-
#357058	NEW    cov: 50 ft: 381 corp: 144/2850b lim: 2985 exec/s: 0 rss: 36Mb L: 22/34 MS: 3 ChangeBit-CrossOver-ShuffleBytes-
#363756	REDUCE cov: 50 ft: 381 corp: 144/2848b lim: 3051 exec/s: 0 rss: 36Mb L: 18/34 MS: 3 InsertByte-ChangeBit-EraseBytes-
#366795	REDUCE cov: 50 ft: 381 corp: 144/2844b lim: 3073 exec/s: 0 rss: 36Mb L: 26/34 MS: 4 CopyPart-EraseBytes-ChangeBinInt-ChangeBinInt-
#371873	REDUCE cov: 50 ft: 381 corp: 144/2842b lim: 3117 exec/s: 0 rss: 36Mb L: 20/34 MS: 3 EraseBytes-ChangeByte-CrossOver-
#374182	REDUCE cov: 50 ft: 381 corp: 144/2840b lim: 3139 exec/s: 0 rss: 36Mb L: 24/34 MS: 4 ChangeASCIIInt-ChangeBit-CrossOver-EraseBytes-
panic: found special char in iban [recovered]
	panic: found special char in iban

goroutine 17 [running, locked to thread]:
git.ultraware.nl/iddinkgroep/fundament-api.Fuzz.func1()
	git.ultraware.nl/iddinkgroep/fundament-api/fuzz.go:19 +0xa5
panic({0x55a7a5e51760?, 0x55a7a5e64c70?})
	runtime/panic.go:914 +0x21f
git.ultraware.nl/iddinkgroep/fundament-api.Fuzz({0xc000178ee8, 0x16})
	git.ultraware.nl/iddinkgroep/fundament-api/fuzz.go:34 +0x2b9
git.ultraware.nl/iddinkgroep/fundament-api.Fuzz_(...)
	git.ultraware.nl/iddinkgroep/fundament-api/fuzz.1527825026.go:6
main.LLVMFuzzerTestOneInput(...)
	./main.170485750.go:21
==7434== ERROR: libFuzzer: deadly signal
    #0 0x55a7a5d74630 in __sanitizer_print_stack_trace (/seedai/experiments/libfuzzer/source_iban/libfuzzer+0xaf630) (BuildId: 688cb25bec4564588da2a67f6a2b25148a0fd5d4)
    #1 0x55a7a5d40755 in fuzzer::PrintStackTrace() (/seedai/experiments/libfuzzer/source_iban/libfuzzer+0x7b755) (BuildId: 688cb25bec4564588da2a67f6a2b25148a0fd5d4)
    #2 0x55a7a5d1f3a9 in fuzzer::Fuzzer::CrashCallback() (.part.0) FuzzerLoop.cpp.o
    #3 0x55a7a5d1f46a in fuzzer::Fuzzer::StaticCrashSignalCallback() (/seedai/experiments/libfuzzer/source_iban/libfuzzer+0x5a46a) (BuildId: 688cb25bec4564588da2a67f6a2b25148a0fd5d4)
    #4 0x7f69c9f3470f  (/usr/lib/libc.so.6+0x3e70f) (BuildId: 316d0d3666387f0e8fb98773f51aa1801027c5ab)
    #5 0x55a7a5dd4160 in runtime.raise.abi0 runtime/sys_linux_amd64.s:153

NOTE: libFuzzer has rudimentary signal handlers.
      Combine libFuzzer with AddressSanitizer or similar for better crash reports.
SUMMARY: libFuzzer: deadly signal
MS: 2 ShuffleBytes-ChangeBit-; base unit: 3d17c4576b0e34a5eabf20624b98e4d5211a7469
0x63,0x52,0x77,0x77,0x2d,0x30,0x30,0x30,0x30,0x30,0x30,0x30,0x30,0x4e,0x4f,0x30,0x4f,0x4f,0x4f,0x4b,0x4f,0x4f,
cRww-00000000NO0OOOKOO
artifact_prefix='./'; Test unit written to ./crash-08ab264064179fd679fa92ac8dd88f21895efe4d
Base64: Y1J3dy0wMDAwMDAwME5PME9PT0tPTw==
