INFO: Running with entropic power schedule (0xFF, 100).
INFO: Seed: 3374013312
INFO: Loaded 1 modules   (70 inline 8-bit counters): 70 [0x5628efc77030, 0x5628efc77076), 
INFO: Loaded 1 PC tables (70 PCs): 70 [0xc000068000,0xc000068460), 
INFO:        2 files found in corpus
INFO: -max_len is not provided; libFuzzer will not generate inputs larger than 4096 bytes
INFO: seed corpus: files: 2 min: 24b max: 24b total: 48b rss: 29Mb
#3	INITED cov: 41 ft: 143 corp: 2/48b exec/s: 0 rss: 29Mb
#5	NEW    cov: 42 ft: 149 corp: 3/72b lim: 24 exec/s: 0 rss: 29Mb L: 24/24 MS: 2 ShuffleBytes-ChangeBinInt-
#6	NEW    cov: 42 ft: 158 corp: 4/96b lim: 24 exec/s: 0 rss: 29Mb L: 24/24 MS: 1 ChangeByte-
#7	NEW    cov: 43 ft: 163 corp: 5/110b lim: 24 exec/s: 0 rss: 29Mb L: 14/24 MS: 1 EraseBytes-
#8	NEW    cov: 44 ft: 167 corp: 6/126b lim: 24 exec/s: 0 rss: 29Mb L: 16/24 MS: 1 EraseBytes-
#9	NEW    cov: 44 ft: 169 corp: 7/146b lim: 24 exec/s: 0 rss: 29Mb L: 20/24 MS: 1 CrossOver-
#10	NEW    cov: 44 ft: 171 corp: 8/170b lim: 24 exec/s: 0 rss: 29Mb L: 24/24 MS: 1 ShuffleBytes-
#11	NEW    cov: 44 ft: 173 corp: 9/194b lim: 24 exec/s: 0 rss: 29Mb L: 24/24 MS: 1 CMP- DE: "\001\000\000\000\000\000\000D"-
#12	NEW    cov: 44 ft: 175 corp: 10/207b lim: 24 exec/s: 0 rss: 29Mb L: 13/24 MS: 1 EraseBytes-
#17	NEW    cov: 44 ft: 176 corp: 11/214b lim: 24 exec/s: 0 rss: 29Mb L: 7/24 MS: 5 ChangeByte-CrossOver-PersAutoDict-ChangeASCIIInt-CrossOver- DE: "\001\000\000\000\000\000\000D"-
#18	NEW    cov: 45 ft: 181 corp: 12/229b lim: 24 exec/s: 0 rss: 29Mb L: 15/24 MS: 1 InsertByte-
#29	NEW    cov: 45 ft: 182 corp: 13/249b lim: 24 exec/s: 0 rss: 29Mb L: 20/24 MS: 1 ChangeBit-
#30	NEW    cov: 45 ft: 184 corp: 14/273b lim: 24 exec/s: 0 rss: 29Mb L: 24/24 MS: 1 CrossOver-
#31	NEW    cov: 45 ft: 187 corp: 15/297b lim: 24 exec/s: 0 rss: 29Mb L: 24/24 MS: 1 CopyPart-
#37	NEW    cov: 45 ft: 189 corp: 16/303b lim: 24 exec/s: 0 rss: 29Mb L: 6/24 MS: 1 EraseBytes-
#39	NEW    cov: 45 ft: 190 corp: 17/323b lim: 24 exec/s: 0 rss: 29Mb L: 20/24 MS: 2 ChangeASCIIInt-InsertRepeatedBytes-
#46	NEW    cov: 45 ft: 191 corp: 18/342b lim: 24 exec/s: 0 rss: 29Mb L: 19/24 MS: 2 InsertByte-CMP- DE: "\001\000\000a"-
#47	REDUCE cov: 45 ft: 191 corp: 18/339b lim: 24 exec/s: 0 rss: 29Mb L: 3/24 MS: 1 EraseBytes-
#54	NEW    cov: 45 ft: 192 corp: 19/348b lim: 24 exec/s: 0 rss: 29Mb L: 9/24 MS: 2 CMP-CrossOver- DE: "\377\377\377\377\377\377\377!"-
#61	NEW    cov: 45 ft: 200 corp: 20/370b lim: 24 exec/s: 0 rss: 29Mb L: 22/24 MS: 2 EraseBytes-ChangeByte-
#72	NEW    cov: 45 ft: 203 corp: 21/394b lim: 24 exec/s: 0 rss: 29Mb L: 24/24 MS: 1 ChangeByte-
#103	NEW    cov: 45 ft: 204 corp: 22/414b lim: 24 exec/s: 0 rss: 29Mb L: 20/24 MS: 1 CopyPart-
#111	NEW    cov: 46 ft: 223 corp: 23/436b lim: 24 exec/s: 0 rss: 29Mb L: 22/24 MS: 3 CopyPart-InsertByte-InsertRepeatedBytes-
#114	NEW    cov: 46 ft: 229 corp: 24/460b lim: 24 exec/s: 0 rss: 29Mb L: 24/24 MS: 3 ChangeBinInt-ChangeBinInt-CopyPart-
#127	NEW    cov: 46 ft: 230 corp: 25/484b lim: 24 exec/s: 0 rss: 29Mb L: 24/24 MS: 3 ChangeBit-CopyPart-CrossOver-
#144	NEW    cov: 46 ft: 231 corp: 26/506b lim: 24 exec/s: 0 rss: 29Mb L: 22/24 MS: 2 ChangeASCIIInt-PersAutoDict- DE: "\001\000\000\000\000\000\000D"-
#191	NEW    cov: 46 ft: 232 corp: 27/507b lim: 24 exec/s: 0 rss: 29Mb L: 1/24 MS: 2 ChangeBit-CrossOver-
#209	NEW    cov: 46 ft: 233 corp: 28/531b lim: 24 exec/s: 0 rss: 29Mb L: 24/24 MS: 3 ShuffleBytes-CrossOver-InsertRepeatedBytes-
#244	NEW    cov: 46 ft: 234 corp: 29/533b lim: 24 exec/s: 0 rss: 29Mb L: 2/24 MS: 5 CopyPart-EraseBytes-CopyPart-InsertByte-CrossOver-
#306	NEW    cov: 46 ft: 235 corp: 30/555b lim: 24 exec/s: 0 rss: 29Mb L: 22/24 MS: 2 ChangeBit-EraseBytes-
#309	REDUCE cov: 46 ft: 235 corp: 30/553b lim: 24 exec/s: 0 rss: 30Mb L: 22/24 MS: 3 ChangeBinInt-ShuffleBytes-EraseBytes-
#312	REDUCE cov: 46 ft: 235 corp: 30/551b lim: 24 exec/s: 0 rss: 30Mb L: 20/24 MS: 3 InsertByte-InsertByte-EraseBytes-
#342	NEW    cov: 46 ft: 243 corp: 31/573b lim: 24 exec/s: 0 rss: 30Mb L: 22/24 MS: 5 CopyPart-CrossOver-CopyPart-EraseBytes-CrossOver-
#363	NEW    cov: 46 ft: 246 corp: 32/597b lim: 24 exec/s: 0 rss: 30Mb L: 24/24 MS: 1 ShuffleBytes-
#429	NEW    cov: 46 ft: 248 corp: 33/621b lim: 24 exec/s: 0 rss: 30Mb L: 24/24 MS: 1 ChangeBit-
#470	NEW    cov: 46 ft: 249 corp: 34/645b lim: 24 exec/s: 0 rss: 30Mb L: 24/24 MS: 1 ChangeByte-
#489	REDUCE cov: 46 ft: 249 corp: 34/641b lim: 24 exec/s: 0 rss: 30Mb L: 16/24 MS: 4 PersAutoDict-ShuffleBytes-ChangeBit-CrossOver- DE: "\001\000\000a"-
#565	REDUCE cov: 46 ft: 249 corp: 34/633b lim: 24 exec/s: 0 rss: 30Mb L: 16/24 MS: 1 EraseBytes-
#624	REDUCE cov: 46 ft: 249 corp: 34/632b lim: 24 exec/s: 0 rss: 30Mb L: 21/24 MS: 4 CrossOver-ShuffleBytes-ChangeByte-PersAutoDict- DE: "\001\000\000a"-
#679	NEW    cov: 46 ft: 250 corp: 35/654b lim: 24 exec/s: 0 rss: 30Mb L: 22/24 MS: 5 ShuffleBytes-ChangeByte-ChangeASCIIInt-ChangeASCIIInt-ChangeBit-
#690	NEW    cov: 46 ft: 252 corp: 36/678b lim: 24 exec/s: 0 rss: 30Mb L: 24/24 MS: 1 CopyPart-
#776	NEW    cov: 46 ft: 254 corp: 37/702b lim: 24 exec/s: 0 rss: 30Mb L: 24/24 MS: 1 ShuffleBytes-
#792	NEW    cov: 46 ft: 257 corp: 38/726b lim: 24 exec/s: 0 rss: 30Mb L: 24/24 MS: 1 ChangeByte-
#803	REDUCE cov: 46 ft: 258 corp: 39/741b lim: 24 exec/s: 0 rss: 30Mb L: 15/24 MS: 1 EraseBytes-
#933	NEW    cov: 46 ft: 259 corp: 40/756b lim: 24 exec/s: 0 rss: 30Mb L: 15/24 MS: 5 ChangeByte-PersAutoDict-CrossOver-ChangeBinInt-InsertByte- DE: "\001\000\000\000\000\000\000D"-
#972	REDUCE cov: 46 ft: 259 corp: 40/754b lim: 24 exec/s: 0 rss: 30Mb L: 22/24 MS: 4 ShuffleBytes-ChangeBit-CrossOver-EraseBytes-
#973	NEW    cov: 46 ft: 261 corp: 41/778b lim: 24 exec/s: 0 rss: 30Mb L: 24/24 MS: 1 ChangeASCIIInt-
#1229	REDUCE cov: 46 ft: 261 corp: 41/776b lim: 24 exec/s: 0 rss: 30Mb L: 22/24 MS: 1 CrossOver-
#1445	NEW    cov: 46 ft: 263 corp: 42/800b lim: 24 exec/s: 0 rss: 30Mb L: 24/24 MS: 1 ChangeASCIIInt-
#1508	REDUCE cov: 46 ft: 263 corp: 42/796b lim: 24 exec/s: 0 rss: 30Mb L: 20/24 MS: 3 EraseBytes-ChangeByte-InsertByte-
#1619	REDUCE cov: 46 ft: 263 corp: 42/795b lim: 24 exec/s: 0 rss: 30Mb L: 23/24 MS: 1 EraseBytes-
#1673	REDUCE cov: 46 ft: 263 corp: 42/794b lim: 24 exec/s: 0 rss: 30Mb L: 15/24 MS: 4 CopyPart-CrossOver-ShuffleBytes-ChangeBit-
#1934	NEW    cov: 46 ft: 264 corp: 43/818b lim: 24 exec/s: 0 rss: 30Mb L: 24/24 MS: 1 ShuffleBytes-
#2000	NEW    cov: 46 ft: 265 corp: 44/842b lim: 24 exec/s: 0 rss: 30Mb L: 24/24 MS: 1 CopyPart-
#2211	NEW    cov: 46 ft: 266 corp: 45/866b lim: 24 exec/s: 0 rss: 30Mb L: 24/24 MS: 1 ChangeByte-
#2300	REDUCE cov: 46 ft: 266 corp: 45/864b lim: 24 exec/s: 0 rss: 30Mb L: 19/24 MS: 4 PersAutoDict-CrossOver-InsertRepeatedBytes-ChangeByte- DE: "\001\000\000\000\000\000\000D"-
#2413	NEW    cov: 46 ft: 267 corp: 46/887b lim: 24 exec/s: 0 rss: 31Mb L: 23/24 MS: 3 InsertRepeatedBytes-ShuffleBytes-ChangeBit-
#2551	NEW    cov: 46 ft: 268 corp: 47/911b lim: 24 exec/s: 0 rss: 31Mb L: 24/24 MS: 3 ChangeASCIIInt-CrossOver-ChangeByte-
#2588	REDUCE cov: 46 ft: 268 corp: 47/906b lim: 24 exec/s: 0 rss: 31Mb L: 18/24 MS: 2 CMP-EraseBytes- DE: "\377\377\377\377\377\377\377\017"-
#2650	NEW    cov: 46 ft: 270 corp: 48/928b lim: 24 exec/s: 0 rss: 31Mb L: 22/24 MS: 2 ChangeByte-CopyPart-
#2668	REDUCE cov: 46 ft: 270 corp: 48/926b lim: 24 exec/s: 0 rss: 31Mb L: 22/24 MS: 3 CrossOver-ChangeBinInt-EraseBytes-
#2930	REDUCE cov: 46 ft: 270 corp: 48/924b lim: 24 exec/s: 0 rss: 31Mb L: 5/24 MS: 2 ChangeBinInt-EraseBytes-
#2947	REDUCE cov: 46 ft: 270 corp: 48/918b lim: 24 exec/s: 0 rss: 31Mb L: 16/24 MS: 2 EraseBytes-InsertRepeatedBytes-
#3084	NEW    cov: 46 ft: 272 corp: 49/942b lim: 24 exec/s: 0 rss: 31Mb L: 24/24 MS: 2 CrossOver-CopyPart-
#3256	REDUCE cov: 46 ft: 272 corp: 49/940b lim: 24 exec/s: 0 rss: 31Mb L: 21/24 MS: 2 EraseBytes-CrossOver-
#3430	REDUCE cov: 46 ft: 272 corp: 49/939b lim: 24 exec/s: 0 rss: 31Mb L: 4/24 MS: 4 ChangeByte-ChangeASCIIInt-ShuffleBytes-EraseBytes-
#3683	REDUCE cov: 46 ft: 272 corp: 49/936b lim: 24 exec/s: 0 rss: 31Mb L: 19/24 MS: 3 InsertByte-InsertByte-EraseBytes-
#3767	REDUCE cov: 46 ft: 272 corp: 49/925b lim: 24 exec/s: 0 rss: 31Mb L: 8/24 MS: 4 InsertByte-CrossOver-CrossOver-InsertByte-
#4179	NEW    cov: 46 ft: 273 corp: 50/952b lim: 28 exec/s: 0 rss: 31Mb L: 27/27 MS: 2 ChangeByte-InsertRepeatedBytes-
#4491	REDUCE cov: 46 ft: 273 corp: 50/949b lim: 28 exec/s: 0 rss: 31Mb L: 15/27 MS: 2 ChangeByte-EraseBytes-
#4675	REDUCE cov: 46 ft: 273 corp: 50/945b lim: 28 exec/s: 0 rss: 31Mb L: 17/27 MS: 4 EraseBytes-InsertRepeatedBytes-CopyPart-CrossOver-
#4709	REDUCE cov: 46 ft: 273 corp: 50/943b lim: 28 exec/s: 0 rss: 31Mb L: 2/27 MS: 4 ChangeByte-CopyPart-ChangeByte-EraseBytes-
#4920	NEW    cov: 46 ft: 274 corp: 51/965b lim: 28 exec/s: 0 rss: 31Mb L: 22/27 MS: 1 CopyPart-
#5121	NEW    cov: 46 ft: 276 corp: 52/989b lim: 28 exec/s: 0 rss: 31Mb L: 24/27 MS: 1 ChangeASCIIInt-
#5147	REDUCE cov: 46 ft: 276 corp: 52/988b lim: 28 exec/s: 0 rss: 31Mb L: 1/27 MS: 1 EraseBytes-
#5488	REDUCE cov: 46 ft: 276 corp: 52/986b lim: 28 exec/s: 0 rss: 31Mb L: 20/27 MS: 1 CrossOver-
#5756	REDUCE cov: 46 ft: 276 corp: 52/985b lim: 28 exec/s: 0 rss: 31Mb L: 8/27 MS: 3 ChangeBinInt-ChangeBinInt-EraseBytes-
#6176	NEW    cov: 46 ft: 277 corp: 53/1016b lim: 32 exec/s: 0 rss: 31Mb L: 31/31 MS: 5 CrossOver-ChangeBit-ChangeBinInt-ChangeBit-CopyPart-
#6208	NEW    cov: 46 ft: 278 corp: 54/1045b lim: 32 exec/s: 0 rss: 31Mb L: 29/31 MS: 2 CopyPart-EraseBytes-
#6659	REDUCE cov: 46 ft: 278 corp: 54/1041b lim: 32 exec/s: 0 rss: 32Mb L: 4/31 MS: 1 EraseBytes-
#7169	NEW    cov: 46 ft: 279 corp: 55/1074b lim: 37 exec/s: 0 rss: 32Mb L: 33/33 MS: 5 CrossOver-ChangeASCIIInt-InsertRepeatedBytes-ChangeByte-CrossOver-
#7195	NEW    cov: 46 ft: 281 corp: 56/1108b lim: 37 exec/s: 0 rss: 32Mb L: 34/34 MS: 1 CopyPart-
#7354	REDUCE cov: 46 ft: 281 corp: 56/1107b lim: 37 exec/s: 0 rss: 32Mb L: 19/34 MS: 4 CopyPart-EraseBytes-ChangeBit-CMP- DE: "\000\000\000\000\000\000\000\000"-
#7559	REDUCE cov: 46 ft: 281 corp: 56/1104b lim: 37 exec/s: 0 rss: 32Mb L: 17/34 MS: 5 EraseBytes-ChangeBinInt-ChangeByte-ChangeByte-InsertByte-
#8357	REDUCE cov: 46 ft: 281 corp: 56/1103b lim: 42 exec/s: 0 rss: 32Mb L: 23/34 MS: 3 EraseBytes-InsertByte-PersAutoDict- DE: "\000\000\000\000\000\000\000\000"-
#8635	REDUCE cov: 46 ft: 281 corp: 56/1101b lim: 42 exec/s: 0 rss: 32Mb L: 2/34 MS: 3 ChangeBit-ShuffleBytes-EraseBytes-
#8752	REDUCE cov: 46 ft: 281 corp: 56/1100b lim: 42 exec/s: 0 rss: 32Mb L: 1/34 MS: 2 ChangeBit-EraseBytes-
#9093	NEW    cov: 46 ft: 282 corp: 57/1122b lim: 42 exec/s: 0 rss: 32Mb L: 22/34 MS: 1 CopyPart-
#9564	NEW    cov: 46 ft: 284 corp: 58/1146b lim: 42 exec/s: 0 rss: 32Mb L: 24/34 MS: 1 ShuffleBytes-
#9617	REDUCE cov: 46 ft: 284 corp: 58/1145b lim: 42 exec/s: 0 rss: 32Mb L: 23/34 MS: 3 EraseBytes-InsertByte-InsertByte-
#9688	NEW    cov: 46 ft: 286 corp: 59/1169b lim: 42 exec/s: 0 rss: 32Mb L: 24/34 MS: 1 ChangeASCIIInt-
#10141	REDUCE cov: 46 ft: 286 corp: 59/1168b lim: 42 exec/s: 0 rss: 32Mb L: 22/34 MS: 3 CopyPart-EraseBytes-InsertByte-
#10612	NEW    cov: 46 ft: 287 corp: 60/1192b lim: 42 exec/s: 0 rss: 32Mb L: 24/34 MS: 1 CrossOver-
#10663	NEW    cov: 46 ft: 289 corp: 61/1216b lim: 42 exec/s: 0 rss: 32Mb L: 24/34 MS: 1 ChangeBit-
#10794	NEW    cov: 46 ft: 291 corp: 62/1240b lim: 42 exec/s: 0 rss: 32Mb L: 24/34 MS: 1 ShuffleBytes-
#10837	NEW    cov: 47 ft: 300 corp: 63/1265b lim: 42 exec/s: 0 rss: 32Mb L: 25/34 MS: 3 CopyPart-InsertByte-ChangeBit-
#11638	REDUCE cov: 47 ft: 300 corp: 63/1264b lim: 47 exec/s: 0 rss: 33Mb L: 23/34 MS: 1 EraseBytes-
#13550	REDUCE cov: 47 ft: 300 corp: 63/1262b lim: 62 exec/s: 0 rss: 33Mb L: 20/34 MS: 2 EraseBytes-ChangeBinInt-
#14286	NEW    cov: 48 ft: 303 corp: 64/1286b lim: 67 exec/s: 0 rss: 33Mb L: 24/34 MS: 1 ChangeBinInt-
#15922	REDUCE cov: 48 ft: 303 corp: 64/1280b lim: 79 exec/s: 0 rss: 34Mb L: 16/34 MS: 1 EraseBytes-
#16187	REDUCE cov: 48 ft: 303 corp: 64/1279b lim: 79 exec/s: 0 rss: 34Mb L: 22/34 MS: 5 ChangeASCIIInt-CopyPart-ChangeBinInt-InsertByte-EraseBytes-
#17088	REDUCE cov: 48 ft: 303 corp: 64/1278b lim: 85 exec/s: 0 rss: 34Mb L: 23/34 MS: 1 EraseBytes-
#18258	REDUCE cov: 48 ft: 303 corp: 64/1277b lim: 91 exec/s: 0 rss: 34Mb L: 18/34 MS: 5 EraseBytes-ChangeBit-EraseBytes-PersAutoDict-CMP- DE: "\001\000\000a"-"\025\000\000\000\000\000\000\000"-
#19923	REDUCE cov: 48 ft: 303 corp: 64/1276b lim: 103 exec/s: 0 rss: 34Mb L: 19/34 MS: 5 ChangeASCIIInt-ChangeByte-ShuffleBytes-EraseBytes-ChangeByte-
#23389	REDUCE cov: 48 ft: 303 corp: 64/1275b lim: 133 exec/s: 0 rss: 34Mb L: 23/34 MS: 1 EraseBytes-
#24059	REDUCE cov: 48 ft: 303 corp: 64/1273b lim: 133 exec/s: 0 rss: 34Mb L: 17/34 MS: 5 CopyPart-EraseBytes-ChangeBinInt-CrossOver-InsertByte-
#26596	REDUCE cov: 48 ft: 303 corp: 64/1268b lim: 154 exec/s: 0 rss: 34Mb L: 17/34 MS: 2 PersAutoDict-EraseBytes- DE: "\377\377\377\377\377\377\377!"-
#27248	REDUCE cov: 48 ft: 303 corp: 64/1266b lim: 154 exec/s: 0 rss: 34Mb L: 20/34 MS: 2 EraseBytes-CopyPart-
#29466	REDUCE cov: 48 ft: 303 corp: 64/1263b lim: 175 exec/s: 0 rss: 34Mb L: 21/34 MS: 3 ShuffleBytes-ChangeBit-EraseBytes-
#30282	REDUCE cov: 48 ft: 303 corp: 64/1262b lim: 182 exec/s: 0 rss: 34Mb L: 23/34 MS: 1 EraseBytes-
#31305	REDUCE cov: 48 ft: 303 corp: 64/1259b lim: 189 exec/s: 0 rss: 34Mb L: 17/34 MS: 3 EraseBytes-ShuffleBytes-ChangeBinInt-
#32080	REDUCE cov: 48 ft: 303 corp: 64/1258b lim: 196 exec/s: 0 rss: 34Mb L: 23/34 MS: 5 CrossOver-ChangeASCIIInt-ChangeBinInt-EraseBytes-CrossOver-
#33977	REDUCE cov: 48 ft: 303 corp: 64/1257b lim: 210 exec/s: 0 rss: 34Mb L: 21/34 MS: 2 ChangeBit-EraseBytes-
#35150	REDUCE cov: 48 ft: 303 corp: 64/1255b lim: 217 exec/s: 0 rss: 34Mb L: 20/34 MS: 3 EraseBytes-ShuffleBytes-InsertByte-
#35412	REDUCE cov: 48 ft: 304 corp: 65/1270b lim: 217 exec/s: 0 rss: 34Mb L: 15/34 MS: 2 ShuffleBytes-ChangeBit-
#36600	REDUCE cov: 48 ft: 304 corp: 65/1262b lim: 224 exec/s: 0 rss: 34Mb L: 16/34 MS: 3 EraseBytes-CMP-InsertByte- DE: "\377\377\3778"-
#37951	NEW    cov: 48 ft: 306 corp: 66/1284b lim: 231 exec/s: 0 rss: 34Mb L: 22/34 MS: 1 ChangeBit-
#41164	REDUCE cov: 48 ft: 306 corp: 66/1283b lim: 259 exec/s: 0 rss: 34Mb L: 19/34 MS: 3 EraseBytes-ChangeByte-InsertByte-
#43776	REDUCE cov: 48 ft: 307 corp: 67/1303b lim: 283 exec/s: 0 rss: 34Mb L: 20/34 MS: 2 ChangeByte-ChangeBinInt-
#44628	REDUCE cov: 48 ft: 307 corp: 67/1301b lim: 291 exec/s: 0 rss: 34Mb L: 17/34 MS: 2 EraseBytes-ChangeByte-
#45836	REDUCE cov: 48 ft: 307 corp: 67/1299b lim: 299 exec/s: 0 rss: 34Mb L: 17/34 MS: 3 ChangeBit-ChangeByte-EraseBytes-
#46777	REDUCE cov: 48 ft: 307 corp: 67/1298b lim: 307 exec/s: 0 rss: 34Mb L: 22/34 MS: 1 EraseBytes-
#48114	REDUCE cov: 48 ft: 307 corp: 67/1297b lim: 315 exec/s: 0 rss: 34Mb L: 16/34 MS: 2 ChangeASCIIInt-EraseBytes-
#48926	REDUCE cov: 48 ft: 307 corp: 67/1296b lim: 323 exec/s: 0 rss: 34Mb L: 18/34 MS: 2 ChangeBinInt-EraseBytes-
#50017	REDUCE cov: 48 ft: 307 corp: 67/1295b lim: 331 exec/s: 0 rss: 34Mb L: 15/34 MS: 1 EraseBytes-
#50275	REDUCE cov: 48 ft: 307 corp: 67/1293b lim: 331 exec/s: 0 rss: 34Mb L: 15/34 MS: 3 ChangeBinInt-ChangeBit-EraseBytes-
#51226	REDUCE cov: 48 ft: 307 corp: 67/1292b lim: 339 exec/s: 0 rss: 34Mb L: 23/34 MS: 1 EraseBytes-
#52442	REDUCE cov: 48 ft: 307 corp: 67/1290b lim: 347 exec/s: 0 rss: 34Mb L: 18/34 MS: 1 EraseBytes-
#56221	REDUCE cov: 48 ft: 307 corp: 67/1289b lim: 379 exec/s: 0 rss: 35Mb L: 23/34 MS: 4 PersAutoDict-CrossOver-ChangeASCIIInt-EraseBytes- DE: "\001\000\000a"-
#57972	REDUCE cov: 48 ft: 308 corp: 68/1310b lim: 395 exec/s: 0 rss: 35Mb L: 21/34 MS: 1 ChangeBit-
#61081	REDUCE cov: 48 ft: 309 corp: 69/1331b lim: 419 exec/s: 0 rss: 35Mb L: 21/34 MS: 4 ShuffleBytes-ShuffleBytes-ChangeBit-CrossOver-
#62752	REDUCE cov: 48 ft: 309 corp: 69/1330b lim: 435 exec/s: 0 rss: 35Mb L: 22/34 MS: 1 EraseBytes-
#63799	REDUCE cov: 48 ft: 309 corp: 69/1329b lim: 443 exec/s: 0 rss: 35Mb L: 23/34 MS: 2 ShuffleBytes-EraseBytes-
#65847	REDUCE cov: 48 ft: 309 corp: 69/1328b lim: 459 exec/s: 0 rss: 35Mb L: 15/34 MS: 3 EraseBytes-ChangeBit-InsertByte-
#68992	REDUCE cov: 48 ft: 309 corp: 69/1327b lim: 483 exec/s: 0 rss: 35Mb L: 19/34 MS: 5 CopyPart-ChangeBit-InsertByte-ShuffleBytes-EraseBytes-
#69659	REDUCE cov: 48 ft: 309 corp: 69/1326b lim: 483 exec/s: 0 rss: 35Mb L: 22/34 MS: 2 EraseBytes-ChangeBinInt-
#69836	REDUCE cov: 48 ft: 309 corp: 69/1325b lim: 483 exec/s: 0 rss: 35Mb L: 15/34 MS: 2 CopyPart-EraseBytes-
#70722	REDUCE cov: 48 ft: 309 corp: 69/1324b lim: 491 exec/s: 0 rss: 35Mb L: 15/34 MS: 1 EraseBytes-
#73896	REDUCE cov: 48 ft: 309 corp: 69/1323b lim: 515 exec/s: 0 rss: 35Mb L: 20/34 MS: 4 EraseBytes-ShuffleBytes-ChangeASCIIInt-CopyPart-
#75968	REDUCE cov: 48 ft: 309 corp: 69/1322b lim: 533 exec/s: 0 rss: 35Mb L: 23/34 MS: 2 ChangeByte-EraseBytes-
#78414	REDUCE cov: 48 ft: 309 corp: 69/1321b lim: 551 exec/s: 0 rss: 35Mb L: 16/34 MS: 1 EraseBytes-
#79244	REDUCE cov: 48 ft: 309 corp: 69/1320b lim: 551 exec/s: 0 rss: 35Mb L: 15/34 MS: 5 ChangeASCIIInt-ChangeBinInt-InsertByte-EraseBytes-CopyPart-
#79255	REDUCE cov: 48 ft: 309 corp: 69/1319b lim: 551 exec/s: 0 rss: 35Mb L: 23/34 MS: 1 EraseBytes-
#79437	NEW    cov: 48 ft: 314 corp: 70/1340b lim: 551 exec/s: 0 rss: 35Mb L: 21/34 MS: 2 ChangeBit-ChangeBit-
#80708	REDUCE cov: 48 ft: 314 corp: 70/1339b lim: 560 exec/s: 0 rss: 35Mb L: 19/34 MS: 1 EraseBytes-
#82578	REDUCE cov: 48 ft: 314 corp: 70/1337b lim: 578 exec/s: 0 rss: 35Mb L: 15/34 MS: 5 ShuffleBytes-ChangeASCIIInt-EraseBytes-InsertByte-CopyPart-
#86540	REDUCE cov: 48 ft: 314 corp: 70/1336b lim: 614 exec/s: 0 rss: 35Mb L: 21/34 MS: 2 ChangeASCIIInt-EraseBytes-
#86847	REDUCE cov: 48 ft: 314 corp: 70/1335b lim: 614 exec/s: 0 rss: 35Mb L: 23/34 MS: 2 EraseBytes-CopyPart-
#88436	REDUCE cov: 48 ft: 315 corp: 71/1351b lim: 623 exec/s: 0 rss: 35Mb L: 16/34 MS: 4 ChangeByte-ChangeASCIIInt-InsertByte-PersAutoDict- DE: "\377\377\377\377\377\377\377\017"-
#90532	REDUCE cov: 48 ft: 315 corp: 71/1350b lim: 641 exec/s: 0 rss: 35Mb L: 21/34 MS: 1 EraseBytes-
#92029	REDUCE cov: 48 ft: 315 corp: 71/1348b lim: 650 exec/s: 0 rss: 35Mb L: 19/34 MS: 2 ChangeByte-EraseBytes-
#93440	NEW    cov: 48 ft: 317 corp: 72/1369b lim: 659 exec/s: 0 rss: 35Mb L: 21/34 MS: 1 ChangeBit-
#96311	NEW    cov: 48 ft: 322 corp: 73/1390b lim: 686 exec/s: 0 rss: 35Mb L: 21/34 MS: 1 ChangeBit-
#98932	REDUCE cov: 48 ft: 322 corp: 73/1389b lim: 704 exec/s: 0 rss: 35Mb L: 20/34 MS: 1 EraseBytes-
#99623	REDUCE cov: 48 ft: 322 corp: 73/1388b lim: 704 exec/s: 0 rss: 35Mb L: 23/34 MS: 1 EraseBytes-
#100599	REDUCE cov: 48 ft: 322 corp: 73/1387b lim: 713 exec/s: 0 rss: 35Mb L: 21/34 MS: 1 EraseBytes-
#102119	REDUCE cov: 48 ft: 322 corp: 73/1386b lim: 722 exec/s: 0 rss: 35Mb L: 22/34 MS: 5 ShuffleBytes-ChangeByte-ChangeASCIIInt-ChangeBinInt-EraseBytes-
#107606	REDUCE cov: 48 ft: 322 corp: 73/1385b lim: 776 exec/s: 0 rss: 35Mb L: 23/34 MS: 2 CrossOver-EraseBytes-
#108804	REDUCE cov: 48 ft: 322 corp: 73/1383b lim: 785 exec/s: 0 rss: 35Mb L: 18/34 MS: 3 CopyPart-PersAutoDict-EraseBytes- DE: "\001\000\000\000\000\000\000D"-
#110105	REDUCE cov: 48 ft: 323 corp: 74/1401b lim: 794 exec/s: 0 rss: 35Mb L: 18/34 MS: 1 ChangeBit-
#112107	REDUCE cov: 48 ft: 323 corp: 74/1400b lim: 812 exec/s: 0 rss: 35Mb L: 18/34 MS: 2 ChangeBinInt-EraseBytes-
#112113	NEW    cov: 48 ft: 324 corp: 75/1421b lim: 812 exec/s: 0 rss: 35Mb L: 21/34 MS: 1 ChangeBit-
#112919	NEW    cov: 48 ft: 325 corp: 76/1442b lim: 812 exec/s: 0 rss: 35Mb L: 21/34 MS: 1 ChangeBit-
#112962	NEW    cov: 48 ft: 327 corp: 77/1463b lim: 812 exec/s: 0 rss: 35Mb L: 21/34 MS: 3 ShuffleBytes-ShuffleBytes-CrossOver-
#113573	NEW    cov: 48 ft: 329 corp: 78/1484b lim: 812 exec/s: 0 rss: 35Mb L: 21/34 MS: 1 ChangeBit-
#116964	REDUCE cov: 48 ft: 329 corp: 78/1483b lim: 839 exec/s: 0 rss: 35Mb L: 20/34 MS: 1 EraseBytes-
#117712	REDUCE cov: 48 ft: 329 corp: 78/1482b lim: 839 exec/s: 0 rss: 35Mb L: 18/34 MS: 3 ChangeASCIIInt-ChangeBinInt-EraseBytes-
#120049	REDUCE cov: 48 ft: 329 corp: 78/1481b lim: 857 exec/s: 0 rss: 35Mb L: 22/34 MS: 2 CMP-EraseBytes- DE: "\001\000\000a"-
#120970	REDUCE cov: 48 ft: 332 corp: 79/1501b lim: 866 exec/s: 0 rss: 35Mb L: 20/34 MS: 1 CrossOver-
#123916	NEW    cov: 48 ft: 333 corp: 80/1522b lim: 893 exec/s: 0 rss: 35Mb L: 21/34 MS: 1 ChangeBit-
#124377	NEW    cov: 48 ft: 335 corp: 81/1544b lim: 893 exec/s: 0 rss: 35Mb L: 22/34 MS: 1 CopyPart-
#128520	REDUCE cov: 48 ft: 335 corp: 81/1543b lim: 929 exec/s: 0 rss: 35Mb L: 20/34 MS: 3 ChangeBit-CopyPart-EraseBytes-
#130101	NEW    cov: 48 ft: 337 corp: 82/1563b lim: 938 exec/s: 0 rss: 35Mb L: 20/34 MS: 1 ChangeBit-
#136243	REDUCE cov: 48 ft: 339 corp: 83/1583b lim: 992 exec/s: 0 rss: 35Mb L: 20/34 MS: 2 ChangeBit-ChangeByte-
#137506	REDUCE cov: 48 ft: 339 corp: 83/1581b lim: 1001 exec/s: 0 rss: 35Mb L: 16/34 MS: 3 CopyPart-ShuffleBytes-EraseBytes-
#143807	REDUCE cov: 48 ft: 339 corp: 83/1580b lim: 1058 exec/s: 0 rss: 35Mb L: 20/34 MS: 1 EraseBytes-
#155182	NEW    cov: 48 ft: 340 corp: 84/1607b lim: 1168 exec/s: 0 rss: 35Mb L: 27/34 MS: 5 EraseBytes-ShuffleBytes-CopyPart-CopyPart-CMP- DE: "C\000"-
#155453	NEW    cov: 48 ft: 342 corp: 85/1634b lim: 1168 exec/s: 0 rss: 35Mb L: 27/34 MS: 1 PersAutoDict- DE: "\377\377\3778"-
#157149	REDUCE cov: 48 ft: 342 corp: 85/1627b lim: 1178 exec/s: 0 rss: 35Mb L: 20/34 MS: 1 EraseBytes-
#157471	REDUCE cov: 48 ft: 342 corp: 85/1624b lim: 1178 exec/s: 0 rss: 35Mb L: 17/34 MS: 2 ChangeByte-EraseBytes-
#159448	NEW    cov: 48 ft: 343 corp: 86/1645b lim: 1188 exec/s: 0 rss: 35Mb L: 21/34 MS: 2 ShuffleBytes-ChangeBinInt-
#159874	REDUCE cov: 49 ft: 348 corp: 87/1665b lim: 1188 exec/s: 0 rss: 35Mb L: 20/34 MS: 1 ChangeByte-
#159997	NEW    cov: 49 ft: 349 corp: 88/1685b lim: 1188 exec/s: 0 rss: 35Mb L: 20/34 MS: 3 ShuffleBytes-ChangeASCIIInt-CrossOver-
#161053	NEW    cov: 49 ft: 350 corp: 89/1705b lim: 1198 exec/s: 0 rss: 35Mb L: 20/34 MS: 1 ChangeBinInt-
#161310	NEW    cov: 49 ft: 351 corp: 90/1725b lim: 1198 exec/s: 0 rss: 35Mb L: 20/34 MS: 2 CrossOver-ChangeByte-
#161797	NEW    cov: 49 ft: 352 corp: 91/1745b lim: 1198 exec/s: 0 rss: 35Mb L: 20/34 MS: 2 ChangeBit-ChangeASCIIInt-
#161839	NEW    cov: 49 ft: 353 corp: 92/1765b lim: 1198 exec/s: 0 rss: 35Mb L: 20/34 MS: 2 ChangeBinInt-CopyPart-
#162440	NEW    cov: 49 ft: 354 corp: 93/1785b lim: 1198 exec/s: 0 rss: 35Mb L: 20/34 MS: 1 CopyPart-
#162890	REDUCE cov: 49 ft: 354 corp: 93/1783b lim: 1198 exec/s: 0 rss: 35Mb L: 18/34 MS: 5 InsertByte-CMP-InsertByte-ChangeASCIIInt-EraseBytes- DE: "\000\000\000\000\000\000\000\033"-
#163026	NEW    cov: 49 ft: 355 corp: 94/1803b lim: 1198 exec/s: 0 rss: 35Mb L: 20/34 MS: 1 CopyPart-
#163277	REDUCE cov: 49 ft: 356 corp: 95/1821b lim: 1198 exec/s: 0 rss: 35Mb L: 18/34 MS: 1 ChangeASCIIInt-
#164053	NEW    cov: 49 ft: 357 corp: 96/1839b lim: 1198 exec/s: 0 rss: 35Mb L: 18/34 MS: 1 ChangeASCIIInt-
#164359	NEW    cov: 49 ft: 358 corp: 97/1859b lim: 1198 exec/s: 0 rss: 35Mb L: 20/34 MS: 1 ShuffleBytes-
#164834	REDUCE cov: 49 ft: 358 corp: 97/1857b lim: 1198 exec/s: 0 rss: 35Mb L: 16/34 MS: 5 ChangeBit-ChangeByte-CopyPart-ChangeBinInt-EraseBytes-
#165064	REDUCE cov: 49 ft: 358 corp: 97/1855b lim: 1198 exec/s: 0 rss: 35Mb L: 15/34 MS: 5 EraseBytes-ChangeByte-EraseBytes-PersAutoDict-InsertByte- DE: "\025\000\000\000\000\000\000\000"-
#165965	REDUCE cov: 49 ft: 359 corp: 98/1873b lim: 1198 exec/s: 0 rss: 35Mb L: 18/34 MS: 1 ChangeBit-
#167526	NEW    cov: 49 ft: 361 corp: 99/1893b lim: 1208 exec/s: 0 rss: 35Mb L: 20/34 MS: 1 CrossOver-
#172058	NEW    cov: 49 ft: 362 corp: 100/1913b lim: 1248 exec/s: 0 rss: 35Mb L: 20/34 MS: 2 ChangeBinInt-ChangeBinInt-
#173360	REDUCE cov: 49 ft: 362 corp: 100/1911b lim: 1258 exec/s: 0 rss: 35Mb L: 15/34 MS: 2 InsertByte-EraseBytes-
#174997	REDUCE cov: 49 ft: 362 corp: 100/1909b lim: 1268 exec/s: 0 rss: 35Mb L: 25/34 MS: 2 ChangeByte-EraseBytes-
#176323	NEW    cov: 49 ft: 363 corp: 101/1929b lim: 1278 exec/s: 0 rss: 35Mb L: 20/34 MS: 1 ChangeASCIIInt-
#177844	NEW    cov: 49 ft: 364 corp: 102/1949b lim: 1288 exec/s: 0 rss: 35Mb L: 20/34 MS: 1 ShuffleBytes-
#180222	REDUCE cov: 49 ft: 364 corp: 102/1947b lim: 1308 exec/s: 0 rss: 35Mb L: 19/34 MS: 3 ShuffleBytes-EraseBytes-ChangeBit-
#181761	REDUCE cov: 49 ft: 364 corp: 102/1946b lim: 1318 exec/s: 0 rss: 35Mb L: 24/34 MS: 4 CrossOver-ChangeBinInt-ChangeASCIIInt-EraseBytes-
#184107	REDUCE cov: 49 ft: 364 corp: 102/1945b lim: 1338 exec/s: 0 rss: 35Mb L: 23/34 MS: 1 EraseBytes-
#185003	NEW    cov: 49 ft: 365 corp: 103/1965b lim: 1338 exec/s: 0 rss: 35Mb L: 20/34 MS: 1 CopyPart-
#186163	REDUCE cov: 49 ft: 365 corp: 103/1960b lim: 1348 exec/s: 0 rss: 35Mb L: 19/34 MS: 5 ChangeByte-PersAutoDict-ChangeASCIIInt-EraseBytes-EraseBytes- DE: "\377\377\377\377\377\377\377\017"-
#193568	REDUCE cov: 49 ft: 365 corp: 103/1957b lim: 1418 exec/s: 0 rss: 35Mb L: 16/34 MS: 5 ChangeBit-EraseBytes-ChangeBinInt-ChangeByte-CopyPart-
#193789	NEW    cov: 49 ft: 366 corp: 104/1975b lim: 1418 exec/s: 0 rss: 35Mb L: 18/34 MS: 1 ShuffleBytes-
#196248	REDUCE cov: 49 ft: 366 corp: 104/1974b lim: 1438 exec/s: 0 rss: 35Mb L: 16/34 MS: 4 EraseBytes-ShuffleBytes-ShuffleBytes-ChangeBit-
#209116	REDUCE cov: 49 ft: 366 corp: 104/1972b lim: 1558 exec/s: 0 rss: 35Mb L: 16/34 MS: 3 ChangeBinInt-EraseBytes-ChangeByte-
#210390	REDUCE cov: 49 ft: 366 corp: 104/1971b lim: 1568 exec/s: 0 rss: 35Mb L: 20/34 MS: 4 ChangeASCIIInt-ChangeByte-CopyPart-EraseBytes-
#216141	REDUCE cov: 49 ft: 366 corp: 104/1970b lim: 1618 exec/s: 0 rss: 35Mb L: 20/34 MS: 1 EraseBytes-
#216623	REDUCE cov: 49 ft: 366 corp: 104/1968b lim: 1618 exec/s: 0 rss: 35Mb L: 18/34 MS: 2 EraseBytes-ChangeByte-
#223594	NEW    cov: 49 ft: 367 corp: 105/1993b lim: 1678 exec/s: 0 rss: 35Mb L: 25/34 MS: 1 ChangeByte-
#225296	NEW    cov: 49 ft: 368 corp: 106/2018b lim: 1688 exec/s: 0 rss: 35Mb L: 25/34 MS: 2 ChangeBinInt-ShuffleBytes-
#225602	NEW    cov: 49 ft: 369 corp: 107/2043b lim: 1688 exec/s: 0 rss: 35Mb L: 25/34 MS: 1 ChangeASCIIInt-
#227111	REDUCE cov: 49 ft: 369 corp: 107/2041b lim: 1698 exec/s: 0 rss: 35Mb L: 18/34 MS: 4 PersAutoDict-EraseBytes-ChangeByte-EraseBytes- DE: "\377\377\377\377\377\377\377!"-
#228817	NEW    cov: 49 ft: 370 corp: 108/2066b lim: 1708 exec/s: 0 rss: 35Mb L: 25/34 MS: 1 ChangeBinInt-
#229669	NEW    cov: 49 ft: 371 corp: 109/2091b lim: 1708 exec/s: 0 rss: 35Mb L: 25/34 MS: 2 ChangeASCIIInt-ShuffleBytes-
#230055	NEW    cov: 49 ft: 372 corp: 110/2116b lim: 1708 exec/s: 0 rss: 35Mb L: 25/34 MS: 1 ChangeASCIIInt-
#232447	REDUCE cov: 49 ft: 372 corp: 110/2114b lim: 1728 exec/s: 0 rss: 35Mb L: 18/34 MS: 2 EraseBytes-InsertByte-
#232605	REDUCE cov: 49 ft: 372 corp: 110/2112b lim: 1728 exec/s: 0 rss: 35Mb L: 16/34 MS: 3 EraseBytes-ChangeBit-InsertByte-
#234032	REDUCE cov: 49 ft: 372 corp: 110/2107b lim: 1738 exec/s: 0 rss: 35Mb L: 20/34 MS: 2 EraseBytes-ChangeBinInt-
#236373	NEW    cov: 49 ft: 373 corp: 111/2132b lim: 1758 exec/s: 0 rss: 35Mb L: 25/34 MS: 1 ChangeASCIIInt-
#238575	NEW    cov: 49 ft: 374 corp: 112/2157b lim: 1778 exec/s: 0 rss: 35Mb L: 25/34 MS: 2 ShuffleBytes-ShuffleBytes-
#239679	REDUCE cov: 49 ft: 374 corp: 112/2155b lim: 1788 exec/s: 0 rss: 35Mb L: 17/34 MS: 4 CopyPart-ChangeBit-ChangeBit-EraseBytes-
#243500	NEW    cov: 49 ft: 375 corp: 113/2180b lim: 1818 exec/s: 0 rss: 35Mb L: 25/34 MS: 1 ChangeASCIIInt-
#244951	REDUCE cov: 49 ft: 375 corp: 113/2179b lim: 1828 exec/s: 0 rss: 35Mb L: 24/34 MS: 1 EraseBytes-
#245487	NEW    cov: 49 ft: 376 corp: 114/2204b lim: 1828 exec/s: 0 rss: 35Mb L: 25/34 MS: 1 ChangeASCIIInt-
#245683	NEW    cov: 49 ft: 377 corp: 115/2229b lim: 1828 exec/s: 0 rss: 35Mb L: 25/34 MS: 1 ChangeBinInt-
#245684	NEW    cov: 49 ft: 379 corp: 116/2254b lim: 1828 exec/s: 0 rss: 35Mb L: 25/34 MS: 1 CopyPart-
#247280	REDUCE cov: 49 ft: 379 corp: 116/2253b lim: 1838 exec/s: 0 rss: 35Mb L: 24/34 MS: 1 EraseBytes-
#247677	REDUCE cov: 49 ft: 379 corp: 116/2252b lim: 1838 exec/s: 0 rss: 35Mb L: 24/34 MS: 2 InsertByte-EraseBytes-
#251783	NEW    cov: 49 ft: 380 corp: 117/2277b lim: 1878 exec/s: 0 rss: 35Mb L: 25/34 MS: 1 ChangeASCIIInt-
#252359	REDUCE cov: 49 ft: 380 corp: 117/2276b lim: 1878 exec/s: 0 rss: 35Mb L: 19/34 MS: 1 EraseBytes-
#253920	NEW    cov: 49 ft: 381 corp: 118/2301b lim: 1888 exec/s: 0 rss: 35Mb L: 25/34 MS: 1 ShuffleBytes-
#256298	REDUCE cov: 49 ft: 381 corp: 118/2300b lim: 1908 exec/s: 0 rss: 35Mb L: 24/34 MS: 3 ChangeByte-ChangeBit-EraseBytes-
#260779	REDUCE cov: 49 ft: 382 corp: 119/2324b lim: 1948 exec/s: 0 rss: 35Mb L: 24/34 MS: 1 ChangeBit-
#263781	REDUCE cov: 49 ft: 382 corp: 119/2323b lim: 1968 exec/s: 0 rss: 35Mb L: 24/34 MS: 2 PersAutoDict-EraseBytes- DE: "\001\000\000a"-
#267390	REDUCE cov: 49 ft: 382 corp: 119/2322b lim: 1998 exec/s: 0 rss: 35Mb L: 24/34 MS: 4 EraseBytes-ChangeASCIIInt-ChangeByte-CrossOver-
#269663	REDUCE cov: 49 ft: 382 corp: 119/2321b lim: 2018 exec/s: 0 rss: 35Mb L: 24/34 MS: 3 EraseBytes-ChangeASCIIInt-InsertByte-
#269739	REDUCE cov: 49 ft: 385 corp: 120/2344b lim: 2018 exec/s: 0 rss: 35Mb L: 23/34 MS: 1 CrossOver-
#270390	REDUCE cov: 49 ft: 386 corp: 121/2360b lim: 2018 exec/s: 0 rss: 35Mb L: 16/34 MS: 1 CopyPart-
#272631	NEW    cov: 49 ft: 387 corp: 122/2385b lim: 2038 exec/s: 0 rss: 35Mb L: 25/34 MS: 1 ChangeASCIIInt-
#274287	NEW    cov: 49 ft: 388 corp: 123/2410b lim: 2048 exec/s: 0 rss: 35Mb L: 25/34 MS: 1 ChangeByte-
#274638	NEW    cov: 49 ft: 389 corp: 124/2435b lim: 2048 exec/s: 0 rss: 35Mb L: 25/34 MS: 1 ShuffleBytes-
#276129	NEW    cov: 49 ft: 390 corp: 125/2460b lim: 2059 exec/s: 0 rss: 35Mb L: 25/34 MS: 1 CrossOver-
#276255	NEW    cov: 49 ft: 391 corp: 126/2485b lim: 2059 exec/s: 0 rss: 35Mb L: 25/34 MS: 1 ChangeASCIIInt-
#279621	NEW    cov: 49 ft: 392 corp: 127/2510b lim: 2092 exec/s: 0 rss: 35Mb L: 25/34 MS: 1 ChangeASCIIInt-
#281933	REDUCE cov: 49 ft: 392 corp: 127/2508b lim: 2114 exec/s: 0 rss: 35Mb L: 22/34 MS: 2 ChangeByte-EraseBytes-
#281959	REDUCE cov: 49 ft: 392 corp: 127/2507b lim: 2114 exec/s: 0 rss: 35Mb L: 20/34 MS: 1 EraseBytes-
#282817	REDUCE cov: 49 ft: 392 corp: 127/2503b lim: 2114 exec/s: 0 rss: 35Mb L: 21/34 MS: 3 InsertByte-ChangeASCIIInt-EraseBytes-
#284489	REDUCE cov: 49 ft: 392 corp: 127/2502b lim: 2125 exec/s: 0 rss: 35Mb L: 24/34 MS: 2 CMP-EraseBytes- DE: ":\000\000\000"-
#285230	NEW    cov: 49 ft: 393 corp: 128/2527b lim: 2125 exec/s: 0 rss: 35Mb L: 25/34 MS: 1 ShuffleBytes-
#286686	NEW    cov: 49 ft: 394 corp: 129/2552b lim: 2136 exec/s: 0 rss: 35Mb L: 25/34 MS: 1 ChangeBit-
#287942	REDUCE cov: 49 ft: 394 corp: 129/2551b lim: 2147 exec/s: 0 rss: 35Mb L: 23/34 MS: 1 EraseBytes-
#288728	NEW    cov: 49 ft: 395 corp: 130/2576b lim: 2147 exec/s: 0 rss: 35Mb L: 25/34 MS: 1 ChangeBit-
#289799	NEW    cov: 49 ft: 396 corp: 131/2601b lim: 2147 exec/s: 0 rss: 35Mb L: 25/34 MS: 1 ShuffleBytes-
#290376	NEW    cov: 49 ft: 398 corp: 132/2626b lim: 2147 exec/s: 0 rss: 35Mb L: 25/34 MS: 2 ChangeASCIIInt-ChangeBinInt-
#290842	NEW    cov: 49 ft: 399 corp: 133/2651b lim: 2147 exec/s: 0 rss: 35Mb L: 25/34 MS: 1 CopyPart-
#293648	NEW    cov: 49 ft: 400 corp: 134/2676b lim: 2169 exec/s: 0 rss: 35Mb L: 25/34 MS: 1 ChangeByte-
#295219	REDUCE cov: 49 ft: 400 corp: 134/2675b lim: 2180 exec/s: 0 rss: 35Mb L: 24/34 MS: 1 EraseBytes-
#296847	REDUCE cov: 49 ft: 400 corp: 134/2673b lim: 2191 exec/s: 0 rss: 35Mb L: 18/34 MS: 3 CopyPart-InsertByte-EraseBytes-
#304525	REDUCE cov: 49 ft: 400 corp: 134/2669b lim: 2257 exec/s: 0 rss: 35Mb L: 21/34 MS: 3 EraseBytes-ChangeBit-ChangeByte-
#306211	REDUCE cov: 49 ft: 400 corp: 134/2668b lim: 2268 exec/s: 0 rss: 35Mb L: 24/34 MS: 1 EraseBytes-
#306233	REDUCE cov: 49 ft: 400 corp: 134/2667b lim: 2268 exec/s: 0 rss: 35Mb L: 23/34 MS: 2 CopyPart-EraseBytes-
#307074	NEW    cov: 49 ft: 401 corp: 135/2692b lim: 2268 exec/s: 0 rss: 35Mb L: 25/34 MS: 1 CopyPart-
#308275	REDUCE cov: 49 ft: 401 corp: 135/2691b lim: 2279 exec/s: 0 rss: 35Mb L: 24/34 MS: 1 EraseBytes-
#308696	REDUCE cov: 49 ft: 401 corp: 135/2690b lim: 2279 exec/s: 0 rss: 35Mb L: 23/34 MS: 1 EraseBytes-
#314998	REDUCE cov: 49 ft: 401 corp: 135/2689b lim: 2334 exec/s: 0 rss: 35Mb L: 24/34 MS: 2 ShuffleBytes-EraseBytes-
#315595	REDUCE cov: 49 ft: 401 corp: 135/2687b lim: 2334 exec/s: 0 rss: 35Mb L: 16/34 MS: 2 ChangeByte-EraseBytes-
#319074	REDUCE cov: 49 ft: 401 corp: 135/2683b lim: 2367 exec/s: 0 rss: 35Mb L: 16/34 MS: 4 ChangeASCIIInt-ChangeASCIIInt-ChangeBinInt-EraseBytes-
#322457	REDUCE cov: 49 ft: 401 corp: 135/2681b lim: 2400 exec/s: 0 rss: 35Mb L: 22/34 MS: 3 CopyPart-ChangeASCIIInt-EraseBytes-
#327132	REDUCE cov: 49 ft: 401 corp: 135/2680b lim: 2444 exec/s: 0 rss: 35Mb L: 21/34 MS: 5 ChangeByte-CrossOver-EraseBytes-CMP-EraseBytes- DE: "\012\000\000\000\000\000\000\000"-
#329534	REDUCE cov: 49 ft: 401 corp: 135/2677b lim: 2466 exec/s: 0 rss: 35Mb L: 22/34 MS: 2 EraseBytes-CopyPart-
#330416	REDUCE cov: 49 ft: 401 corp: 135/2676b lim: 2466 exec/s: 0 rss: 35Mb L: 22/34 MS: 2 ChangeASCIIInt-EraseBytes-
#331906	REDUCE cov: 49 ft: 401 corp: 135/2674b lim: 2477 exec/s: 0 rss: 35Mb L: 16/34 MS: 5 ChangeBit-ShuffleBytes-InsertByte-CrossOver-EraseBytes-
#334957	REDUCE cov: 49 ft: 401 corp: 135/2673b lim: 2499 exec/s: 0 rss: 35Mb L: 23/34 MS: 1 EraseBytes-
#338183	REDUCE cov: 49 ft: 401 corp: 135/2672b lim: 2521 exec/s: 0 rss: 35Mb L: 24/34 MS: 1 EraseBytes-
#342340	REDUCE cov: 49 ft: 401 corp: 135/2671b lim: 2554 exec/s: 0 rss: 35Mb L: 24/34 MS: 2 ChangeBit-EraseBytes-
#342632	REDUCE cov: 49 ft: 401 corp: 135/2670b lim: 2554 exec/s: 0 rss: 35Mb L: 21/34 MS: 2 CrossOver-EraseBytes-
#348133	REDUCE cov: 49 ft: 401 corp: 135/2669b lim: 2598 exec/s: 0 rss: 35Mb L: 24/34 MS: 1 EraseBytes-
#348184	REDUCE cov: 49 ft: 401 corp: 135/2668b lim: 2598 exec/s: 0 rss: 35Mb L: 24/34 MS: 1 EraseBytes-
#354893	REDUCE cov: 49 ft: 401 corp: 135/2667b lim: 2664 exec/s: 0 rss: 35Mb L: 24/34 MS: 4 ChangeASCIIInt-PersAutoDict-ChangeBit-EraseBytes- DE: ":\000\000\000"-
#361385	REDUCE cov: 49 ft: 401 corp: 135/2666b lim: 2719 exec/s: 0 rss: 35Mb L: 24/34 MS: 2 CMP-EraseBytes- DE: "#\000\000\000\000\000\000\000"-
#368474	REDUCE cov: 49 ft: 401 corp: 135/2664b lim: 2785 exec/s: 0 rss: 35Mb L: 23/34 MS: 4 CrossOver-PersAutoDict-ChangeByte-EraseBytes- DE: "\025\000\000\000\000\000\000\000"-
#369606	REDUCE cov: 49 ft: 401 corp: 135/2662b lim: 2796 exec/s: 0 rss: 35Mb L: 18/34 MS: 2 ChangeByte-EraseBytes-
#374044	REDUCE cov: 49 ft: 401 corp: 135/2660b lim: 2840 exec/s: 0 rss: 35Mb L: 18/34 MS: 3 EraseBytes-ChangeASCIIInt-InsertByte-
#382350	REDUCE cov: 49 ft: 401 corp: 135/2659b lim: 2917 exec/s: 0 rss: 35Mb L: 18/34 MS: 1 EraseBytes-
#388077	REDUCE cov: 49 ft: 401 corp: 135/2657b lim: 2972 exec/s: 0 rss: 35Mb L: 22/34 MS: 2 ChangeBit-EraseBytes-
#398246	REDUCE cov: 49 ft: 401 corp: 135/2655b lim: 3071 exec/s: 0 rss: 35Mb L: 18/34 MS: 4 CrossOver-ChangeBit-ChangeBinInt-EraseBytes-
#399132	REDUCE cov: 49 ft: 401 corp: 135/2654b lim: 3071 exec/s: 0 rss: 35Mb L: 23/34 MS: 1 EraseBytes-
#402070	REDUCE cov: 49 ft: 402 corp: 136/2676b lim: 3093 exec/s: 0 rss: 36Mb L: 22/34 MS: 3 EraseBytes-ChangeBit-CrossOver-
#405518	REDUCE cov: 49 ft: 402 corp: 136/2672b lim: 3126 exec/s: 405518 rss: 36Mb L: 20/34 MS: 3 ShuffleBytes-EraseBytes-ChangeBit-
#407806	REDUCE cov: 49 ft: 402 corp: 136/2671b lim: 3148 exec/s: 407806 rss: 36Mb L: 22/34 MS: 3 ShuffleBytes-CopyPart-EraseBytes-
#408007	REDUCE cov: 49 ft: 402 corp: 136/2670b lim: 3148 exec/s: 408007 rss: 36Mb L: 23/34 MS: 1 EraseBytes-
#411008	REDUCE cov: 49 ft: 402 corp: 136/2669b lim: 3170 exec/s: 411008 rss: 36Mb L: 21/34 MS: 1 EraseBytes-
#413824	REDUCE cov: 49 ft: 402 corp: 136/2668b lim: 3192 exec/s: 413824 rss: 36Mb L: 22/34 MS: 1 EraseBytes-
#423060	REDUCE cov: 49 ft: 402 corp: 136/2667b lim: 3280 exec/s: 423060 rss: 36Mb L: 23/34 MS: 1 EraseBytes-
#425451	REDUCE cov: 49 ft: 402 corp: 136/2666b lim: 3302 exec/s: 425451 rss: 36Mb L: 23/34 MS: 1 EraseBytes-
#426238	REDUCE cov: 49 ft: 402 corp: 136/2665b lim: 3302 exec/s: 426238 rss: 36Mb L: 24/34 MS: 2 CopyPart-EraseBytes-
#430439	REDUCE cov: 49 ft: 402 corp: 136/2664b lim: 3335 exec/s: 430439 rss: 36Mb L: 22/34 MS: 1 EraseBytes-
#431194	REDUCE cov: 49 ft: 402 corp: 136/2662b lim: 3335 exec/s: 431194 rss: 36Mb L: 18/34 MS: 5 ChangeBinInt-EraseBytes-ChangeBit-ShuffleBytes-ChangeByte-
#436281	REDUCE cov: 49 ft: 402 corp: 136/2660b lim: 3379 exec/s: 436281 rss: 36Mb L: 22/34 MS: 2 EraseBytes-CopyPart-
#437818	REDUCE cov: 49 ft: 402 corp: 136/2659b lim: 3390 exec/s: 437818 rss: 36Mb L: 24/34 MS: 2 ChangeByte-EraseBytes-
#437836	REDUCE cov: 49 ft: 402 corp: 136/2658b lim: 3390 exec/s: 437836 rss: 36Mb L: 23/34 MS: 3 ChangeBinInt-CMP-EraseBytes- DE: "\000\000\000\000\000\000\000\000"-
#439197	REDUCE cov: 49 ft: 402 corp: 136/2657b lim: 3401 exec/s: 439197 rss: 36Mb L: 22/34 MS: 1 EraseBytes-
#441443	NEW    cov: 49 ft: 404 corp: 137/2678b lim: 3423 exec/s: 441443 rss: 36Mb L: 21/34 MS: 1 CrossOver-
#442866	REDUCE cov: 49 ft: 404 corp: 137/2677b lim: 3434 exec/s: 442866 rss: 36Mb L: 21/34 MS: 3 ShuffleBytes-InsertByte-EraseBytes-
#447819	REDUCE cov: 49 ft: 404 corp: 137/2676b lim: 3478 exec/s: 447819 rss: 36Mb L: 24/34 MS: 3 CopyPart-ChangeASCIIInt-EraseBytes-
#447980	REDUCE cov: 49 ft: 404 corp: 137/2675b lim: 3478 exec/s: 447980 rss: 36Mb L: 22/34 MS: 1 EraseBytes-
#448831	REDUCE cov: 49 ft: 404 corp: 137/2674b lim: 3478 exec/s: 448831 rss: 36Mb L: 24/34 MS: 1 EraseBytes-
#462470	REDUCE cov: 49 ft: 404 corp: 137/2673b lim: 3610 exec/s: 462470 rss: 36Mb L: 21/34 MS: 4 ChangeBinInt-ChangeByte-ChangeASCIIInt-EraseBytes-
#464656	REDUCE cov: 49 ft: 404 corp: 137/2672b lim: 3621 exec/s: 464656 rss: 36Mb L: 20/34 MS: 1 EraseBytes-
#468510	REDUCE cov: 49 ft: 404 corp: 137/2667b lim: 3654 exec/s: 468510 rss: 36Mb L: 18/34 MS: 4 ChangeByte-ChangeBinInt-PersAutoDict-EraseBytes- DE: "#\000\000\000\000\000\000\000"-
#472721	REDUCE cov: 49 ft: 405 corp: 138/2690b lim: 3687 exec/s: 472721 rss: 36Mb L: 23/34 MS: 1 ChangeBit-
#479513	REDUCE cov: 49 ft: 405 corp: 138/2689b lim: 3753 exec/s: 479513 rss: 36Mb L: 23/34 MS: 2 EraseBytes-ChangeByte-
#482644	NEW    cov: 49 ft: 408 corp: 139/2709b lim: 3775 exec/s: 482644 rss: 36Mb L: 20/34 MS: 1 CrossOver-
#483065	REDUCE cov: 49 ft: 408 corp: 139/2708b lim: 3775 exec/s: 483065 rss: 36Mb L: 23/34 MS: 1 EraseBytes-
#484055	REDUCE cov: 49 ft: 408 corp: 139/2704b lim: 3775 exec/s: 484055 rss: 36Mb L: 20/34 MS: 5 EraseBytes-ChangeASCIIInt-InsertByte-ChangeByte-InsertByte-
#490451	REDUCE cov: 49 ft: 409 corp: 140/2726b lim: 3830 exec/s: 490451 rss: 36Mb L: 22/34 MS: 1 ShuffleBytes-
#495842	REDUCE cov: 49 ft: 409 corp: 140/2725b lim: 3874 exec/s: 495842 rss: 36Mb L: 24/34 MS: 1 EraseBytes-
#496808	REDUCE cov: 49 ft: 409 corp: 140/2723b lim: 3874 exec/s: 496808 rss: 36Mb L: 22/34 MS: 1 EraseBytes-
#497589	REDUCE cov: 49 ft: 409 corp: 140/2722b lim: 3874 exec/s: 497589 rss: 36Mb L: 22/34 MS: 1 EraseBytes-
#498692	REDUCE cov: 49 ft: 409 corp: 140/2721b lim: 3874 exec/s: 498692 rss: 36Mb L: 20/34 MS: 3 CopyPart-ChangeByte-EraseBytes-
#503448	REDUCE cov: 49 ft: 409 corp: 140/2720b lim: 3918 exec/s: 503448 rss: 36Mb L: 17/34 MS: 1 EraseBytes-
#517655	REDUCE cov: 49 ft: 409 corp: 140/2719b lim: 4050 exec/s: 517655 rss: 36Mb L: 23/34 MS: 2 EraseBytes-InsertByte-
#522076	REDUCE cov: 49 ft: 409 corp: 140/2718b lim: 4094 exec/s: 522076 rss: 36Mb L: 24/34 MS: 1 EraseBytes-
#524959	REDUCE cov: 49 ft: 409 corp: 140/2716b lim: 4096 exec/s: 524959 rss: 36Mb L: 17/34 MS: 3 InsertByte-EraseBytes-InsertByte-
#525127	REDUCE cov: 49 ft: 409 corp: 140/2715b lim: 4096 exec/s: 525127 rss: 36Mb L: 21/34 MS: 3 ChangeByte-ShuffleBytes-EraseBytes-
#542628	REDUCE cov: 49 ft: 409 corp: 140/2714b lim: 4096 exec/s: 542628 rss: 36Mb L: 21/34 MS: 1 EraseBytes-
#542796	REDUCE cov: 49 ft: 409 corp: 140/2712b lim: 4096 exec/s: 542796 rss: 36Mb L: 18/34 MS: 3 InsertByte-ChangeByte-EraseBytes-
#543257	REDUCE cov: 49 ft: 409 corp: 140/2711b lim: 4096 exec/s: 543257 rss: 36Mb L: 19/34 MS: 1 EraseBytes-
#544053	REDUCE cov: 49 ft: 409 corp: 140/2710b lim: 4096 exec/s: 544053 rss: 36Mb L: 22/34 MS: 1 EraseBytes-
#550196	REDUCE cov: 49 ft: 409 corp: 140/2708b lim: 4096 exec/s: 550196 rss: 36Mb L: 20/34 MS: 3 ChangeASCIIInt-CMP-EraseBytes- DE: "\377L"-
#557833	REDUCE cov: 49 ft: 409 corp: 140/2707b lim: 4096 exec/s: 557833 rss: 36Mb L: 20/34 MS: 2 ShuffleBytes-EraseBytes-
#562834	REDUCE cov: 49 ft: 409 corp: 140/2706b lim: 4096 exec/s: 562834 rss: 36Mb L: 21/34 MS: 1 EraseBytes-
#567572	REDUCE cov: 49 ft: 409 corp: 140/2704b lim: 4096 exec/s: 567572 rss: 36Mb L: 16/34 MS: 3 ChangeBinInt-InsertByte-EraseBytes-
#581420	REDUCE cov: 49 ft: 409 corp: 140/2703b lim: 4096 exec/s: 581420 rss: 36Mb L: 21/34 MS: 3 InsertRepeatedBytes-EraseBytes-EraseBytes-
#595761	REDUCE cov: 49 ft: 409 corp: 140/2702b lim: 4096 exec/s: 595761 rss: 36Mb L: 22/34 MS: 1 EraseBytes-
#604687	REDUCE cov: 49 ft: 409 corp: 140/2701b lim: 4096 exec/s: 604687 rss: 36Mb L: 16/34 MS: 1 EraseBytes-
#604781	REDUCE cov: 49 ft: 409 corp: 140/2700b lim: 4096 exec/s: 604781 rss: 36Mb L: 21/34 MS: 4 CrossOver-ChangeASCIIInt-EraseBytes-InsertByte-
#605082	REDUCE cov: 49 ft: 409 corp: 140/2699b lim: 4096 exec/s: 605082 rss: 36Mb L: 23/34 MS: 1 EraseBytes-
#616102	REDUCE cov: 49 ft: 409 corp: 140/2696b lim: 4096 exec/s: 616102 rss: 36Mb L: 21/34 MS: 5 EraseBytes-ChangeASCIIInt-ChangeBinInt-ChangeByte-ChangeByte-
#626389	REDUCE cov: 49 ft: 409 corp: 140/2695b lim: 4096 exec/s: 626389 rss: 36Mb L: 20/34 MS: 2 CopyPart-EraseBytes-
#638898	REDUCE cov: 49 ft: 409 corp: 140/2693b lim: 4096 exec/s: 638898 rss: 36Mb L: 16/34 MS: 4 ChangeBit-EraseBytes-InsertByte-ChangeByte-
#648135	REDUCE cov: 49 ft: 409 corp: 140/2691b lim: 4096 exec/s: 648135 rss: 36Mb L: 16/34 MS: 2 ChangeByte-EraseBytes-
#648648	REDUCE cov: 49 ft: 409 corp: 140/2689b lim: 4096 exec/s: 648648 rss: 36Mb L: 18/34 MS: 3 ChangeByte-ShuffleBytes-EraseBytes-
#652929	REDUCE cov: 49 ft: 409 corp: 140/2688b lim: 4096 exec/s: 652929 rss: 36Mb L: 22/34 MS: 1 EraseBytes-
#658371	REDUCE cov: 49 ft: 409 corp: 140/2687b lim: 4096 exec/s: 658371 rss: 36Mb L: 16/34 MS: 2 ChangeBit-EraseBytes-
#664777	REDUCE cov: 49 ft: 409 corp: 140/2686b lim: 4096 exec/s: 664777 rss: 36Mb L: 21/34 MS: 1 EraseBytes-
#665379	REDUCE cov: 49 ft: 409 corp: 140/2685b lim: 4096 exec/s: 665379 rss: 36Mb L: 23/34 MS: 2 ChangeASCIIInt-EraseBytes-
#672206	REDUCE cov: 49 ft: 409 corp: 140/2684b lim: 4096 exec/s: 672206 rss: 36Mb L: 20/34 MS: 2 ChangeByte-EraseBytes-
#680388	REDUCE cov: 49 ft: 409 corp: 140/2680b lim: 4096 exec/s: 680388 rss: 36Mb L: 16/34 MS: 2 CMP-EraseBytes- DE: "\377\377\3776"-
#691539	REDUCE cov: 49 ft: 409 corp: 140/2679b lim: 4096 exec/s: 691539 rss: 36Mb L: 17/34 MS: 1 EraseBytes-
#691632	REDUCE cov: 49 ft: 409 corp: 140/2677b lim: 4096 exec/s: 691632 rss: 36Mb L: 16/34 MS: 3 EraseBytes-ChangeBit-ChangeByte-
#692153	REDUCE cov: 49 ft: 409 corp: 140/2676b lim: 4096 exec/s: 692153 rss: 36Mb L: 20/34 MS: 1 EraseBytes-
#694934	REDUCE cov: 49 ft: 409 corp: 140/2675b lim: 4096 exec/s: 694934 rss: 36Mb L: 19/34 MS: 1 EraseBytes-
#695800	REDUCE cov: 49 ft: 409 corp: 140/2674b lim: 4096 exec/s: 695800 rss: 36Mb L: 23/34 MS: 1 EraseBytes-
#699186	REDUCE cov: 49 ft: 409 corp: 140/2673b lim: 4096 exec/s: 699186 rss: 36Mb L: 20/34 MS: 1 EraseBytes-
#699294	REDUCE cov: 49 ft: 409 corp: 140/2672b lim: 4096 exec/s: 699294 rss: 36Mb L: 21/34 MS: 3 CrossOver-ShuffleBytes-EraseBytes-
#707101	REDUCE cov: 49 ft: 409 corp: 140/2669b lim: 4096 exec/s: 707101 rss: 36Mb L: 20/34 MS: 2 EraseBytes-InsertByte-
#715350	REDUCE cov: 49 ft: 409 corp: 140/2667b lim: 4096 exec/s: 715350 rss: 36Mb L: 19/34 MS: 4 InsertByte-ChangeBit-ChangeASCIIInt-EraseBytes-
#719712	REDUCE cov: 49 ft: 409 corp: 140/2665b lim: 4096 exec/s: 719712 rss: 36Mb L: 16/34 MS: 2 EraseBytes-InsertByte-
#721390	REDUCE cov: 49 ft: 409 corp: 140/2664b lim: 4096 exec/s: 721390 rss: 36Mb L: 23/34 MS: 3 ChangeASCIIInt-ChangeByte-EraseBytes-
#724682	REDUCE cov: 49 ft: 409 corp: 140/2663b lim: 4096 exec/s: 724682 rss: 36Mb L: 23/34 MS: 2 ShuffleBytes-EraseBytes-
#725148	REDUCE cov: 49 ft: 409 corp: 140/2662b lim: 4096 exec/s: 725148 rss: 36Mb L: 19/34 MS: 1 EraseBytes-
#726430	REDUCE cov: 49 ft: 409 corp: 140/2661b lim: 4096 exec/s: 726430 rss: 36Mb L: 15/34 MS: 2 InsertByte-EraseBytes-
#730793	REDUCE cov: 49 ft: 409 corp: 140/2659b lim: 4096 exec/s: 730793 rss: 36Mb L: 21/34 MS: 3 ChangeASCIIInt-ChangeByte-EraseBytes-
#756899	REDUCE cov: 49 ft: 410 corp: 141/2682b lim: 4096 exec/s: 756899 rss: 36Mb L: 23/34 MS: 1 ChangeBit-
#776746	REDUCE cov: 49 ft: 410 corp: 141/2680b lim: 4096 exec/s: 776746 rss: 36Mb L: 18/34 MS: 2 EraseBytes-ChangeByte-
#776987	REDUCE cov: 49 ft: 410 corp: 141/2679b lim: 4096 exec/s: 776987 rss: 36Mb L: 22/34 MS: 1 EraseBytes-
#777489	REDUCE cov: 49 ft: 410 corp: 141/2677b lim: 4096 exec/s: 777489 rss: 36Mb L: 16/34 MS: 2 InsertByte-EraseBytes-
#778620	REDUCE cov: 49 ft: 411 corp: 142/2699b lim: 4096 exec/s: 778620 rss: 36Mb L: 22/34 MS: 1 ChangeBit-
#778839	REDUCE cov: 49 ft: 411 corp: 142/2696b lim: 4096 exec/s: 778839 rss: 36Mb L: 21/34 MS: 4 ChangeByte-CrossOver-ChangeByte-EraseBytes-
#787543	REDUCE cov: 49 ft: 411 corp: 142/2694b lim: 4096 exec/s: 787543 rss: 36Mb L: 21/34 MS: 4 ChangeASCIIInt-ChangeBit-InsertByte-EraseBytes-
#798084	REDUCE cov: 49 ft: 411 corp: 142/2693b lim: 4096 exec/s: 798084 rss: 36Mb L: 20/34 MS: 1 EraseBytes-
#806625	REDUCE cov: 49 ft: 411 corp: 142/2692b lim: 4096 exec/s: 806625 rss: 36Mb L: 21/34 MS: 1 EraseBytes-
#813846	REDUCE cov: 49 ft: 411 corp: 142/2691b lim: 4096 exec/s: 813846 rss: 36Mb L: 20/34 MS: 1 EraseBytes-
#814037	REDUCE cov: 49 ft: 411 corp: 142/2690b lim: 4096 exec/s: 814037 rss: 36Mb L: 22/34 MS: 1 EraseBytes-
#859217	REDUCE cov: 49 ft: 411 corp: 142/2688b lim: 4096 exec/s: 429608 rss: 36Mb L: 19/34 MS: 5 InsertRepeatedBytes-CopyPart-PersAutoDict-EraseBytes-EraseBytes- DE: "\377L"-
#866443	REDUCE cov: 49 ft: 411 corp: 142/2687b lim: 4096 exec/s: 433221 rss: 36Mb L: 20/34 MS: 1 EraseBytes-
#870229	REDUCE cov: 49 ft: 411 corp: 142/2686b lim: 4096 exec/s: 435114 rss: 36Mb L: 16/34 MS: 1 EraseBytes-
#888841	REDUCE cov: 49 ft: 411 corp: 142/2685b lim: 4096 exec/s: 444420 rss: 36Mb L: 19/34 MS: 2 CrossOver-EraseBytes-
#895323	REDUCE cov: 49 ft: 411 corp: 142/2684b lim: 4096 exec/s: 447661 rss: 36Mb L: 20/34 MS: 2 EraseBytes-PersAutoDict- DE: "C\000"-
#906717	REDUCE cov: 49 ft: 411 corp: 142/2682b lim: 4096 exec/s: 453358 rss: 36Mb L: 17/34 MS: 4 CMP-ChangeBit-ChangeBit-EraseBytes- DE: "\377`"-
#911314	REDUCE cov: 49 ft: 411 corp: 142/2681b lim: 4096 exec/s: 455657 rss: 36Mb L: 21/34 MS: 2 CrossOver-EraseBytes-
#918691	REDUCE cov: 49 ft: 411 corp: 142/2679b lim: 4096 exec/s: 459345 rss: 36Mb L: 21/34 MS: 2 ChangeByte-EraseBytes-
#922175	REDUCE cov: 49 ft: 411 corp: 142/2677b lim: 4096 exec/s: 461087 rss: 36Mb L: 18/34 MS: 4 EraseBytes-CopyPart-ChangeByte-CopyPart-
#931423	REDUCE cov: 49 ft: 411 corp: 142/2676b lim: 4096 exec/s: 465711 rss: 36Mb L: 15/34 MS: 3 EraseBytes-CMP-CrossOver- DE: "\3778"-
#953605	REDUCE cov: 49 ft: 411 corp: 142/2675b lim: 4096 exec/s: 476802 rss: 36Mb L: 18/34 MS: 2 ChangeBinInt-EraseBytes-
#955717	REDUCE cov: 49 ft: 411 corp: 142/2673b lim: 4096 exec/s: 477858 rss: 36Mb L: 22/34 MS: 2 EraseBytes-ChangeBit-
#960009	REDUCE cov: 49 ft: 411 corp: 142/2669b lim: 4096 exec/s: 480004 rss: 36Mb L: 16/34 MS: 2 PersAutoDict-EraseBytes- DE: "\377\377\3776"-
#966402	REDUCE cov: 49 ft: 411 corp: 142/2667b lim: 4096 exec/s: 483201 rss: 36Mb L: 16/34 MS: 3 EraseBytes-ShuffleBytes-InsertByte-
#974606	REDUCE cov: 49 ft: 411 corp: 142/2665b lim: 4096 exec/s: 487303 rss: 36Mb L: 18/34 MS: 4 ShuffleBytes-InsertByte-EraseBytes-InsertByte-
#986273	REDUCE cov: 49 ft: 411 corp: 142/2663b lim: 4096 exec/s: 493136 rss: 36Mb L: 21/34 MS: 2 CrossOver-EraseBytes-
#995043	REDUCE cov: 49 ft: 411 corp: 142/2661b lim: 4096 exec/s: 497521 rss: 36Mb L: 19/34 MS: 5 ChangeBinInt-ChangeBit-ChangeByte-CMP-EraseBytes- DE: "\0001"-
#998369	REDUCE cov: 49 ft: 411 corp: 142/2660b lim: 4096 exec/s: 499184 rss: 36Mb L: 21/34 MS: 1 EraseBytes-
#998866	REDUCE cov: 49 ft: 411 corp: 142/2659b lim: 4096 exec/s: 499433 rss: 36Mb L: 18/34 MS: 2 CrossOver-EraseBytes-
#1008390	REDUCE cov: 49 ft: 411 corp: 142/2657b lim: 4096 exec/s: 504195 rss: 36Mb L: 16/34 MS: 4 PersAutoDict-PersAutoDict-ShuffleBytes-EraseBytes- DE: "\3778"-"\377L"-
#1016179	REDUCE cov: 49 ft: 411 corp: 142/2656b lim: 4096 exec/s: 508089 rss: 36Mb L: 20/34 MS: 4 ChangeASCIIInt-EraseBytes-CopyPart-CMP- DE: "\000\000\000\000\000\000\000."-
#1048576	pulse  cov: 49 ft: 411 corp: 142/2656b lim: 4096 exec/s: 524288 rss: 36Mb
#1055683	REDUCE cov: 49 ft: 411 corp: 142/2651b lim: 4096 exec/s: 527841 rss: 36Mb L: 16/34 MS: 4 ChangeBit-ChangeASCIIInt-EraseBytes-CrossOver-
#1075139	REDUCE cov: 49 ft: 411 corp: 142/2650b lim: 4096 exec/s: 537569 rss: 36Mb L: 20/34 MS: 1 EraseBytes-
#1076255	REDUCE cov: 49 ft: 411 corp: 142/2649b lim: 4096 exec/s: 538127 rss: 36Mb L: 20/34 MS: 1 EraseBytes-
#1092582	REDUCE cov: 49 ft: 411 corp: 142/2647b lim: 4096 exec/s: 546291 rss: 36Mb L: 19/34 MS: 2 EraseBytes-ChangeBinInt-
#1102918	REDUCE cov: 49 ft: 411 corp: 142/2646b lim: 4096 exec/s: 551459 rss: 36Mb L: 20/34 MS: 1 EraseBytes-
#1105776	REDUCE cov: 49 ft: 411 corp: 142/2644b lim: 4096 exec/s: 552888 rss: 36Mb L: 18/34 MS: 3 ChangeASCIIInt-EraseBytes-InsertByte-
#1112552	REDUCE cov: 49 ft: 411 corp: 142/2643b lim: 4096 exec/s: 556276 rss: 36Mb L: 22/34 MS: 1 EraseBytes-
#1129578	REDUCE cov: 49 ft: 411 corp: 142/2642b lim: 4096 exec/s: 564789 rss: 36Mb L: 19/34 MS: 1 EraseBytes-
#1153149	REDUCE cov: 49 ft: 411 corp: 142/2641b lim: 4096 exec/s: 576574 rss: 36Mb L: 22/34 MS: 1 EraseBytes-
#1165803	REDUCE cov: 49 ft: 411 corp: 142/2639b lim: 4096 exec/s: 582901 rss: 36Mb L: 16/34 MS: 4 CopyPart-ChangeBinInt-ShuffleBytes-EraseBytes-
#1179595	REDUCE cov: 49 ft: 411 corp: 142/2638b lim: 4096 exec/s: 589797 rss: 36Mb L: 21/34 MS: 2 InsertByte-EraseBytes-
#1192996	REDUCE cov: 49 ft: 411 corp: 142/2637b lim: 4096 exec/s: 596498 rss: 36Mb L: 22/34 MS: 1 EraseBytes-
#1227164	REDUCE cov: 49 ft: 411 corp: 142/2636b lim: 4096 exec/s: 613582 rss: 36Mb L: 19/34 MS: 3 ShuffleBytes-ChangeBinInt-EraseBytes-
#1237891	REDUCE cov: 49 ft: 411 corp: 142/2635b lim: 4096 exec/s: 618945 rss: 36Mb L: 21/34 MS: 2 ChangeASCIIInt-EraseBytes-
#1238478	REDUCE cov: 49 ft: 411 corp: 142/2634b lim: 4096 exec/s: 619239 rss: 36Mb L: 22/34 MS: 2 ChangeBit-EraseBytes-
#1264976	REDUCE cov: 49 ft: 411 corp: 142/2632b lim: 4096 exec/s: 632488 rss: 36Mb L: 16/34 MS: 3 ShuffleBytes-PersAutoDict-EraseBytes- DE: "\3778"-
#1266713	REDUCE cov: 49 ft: 411 corp: 142/2631b lim: 4096 exec/s: 633356 rss: 36Mb L: 18/34 MS: 2 ChangeBit-EraseBytes-
#1304657	REDUCE cov: 49 ft: 411 corp: 142/2630b lim: 4096 exec/s: 434885 rss: 36Mb L: 20/34 MS: 4 CopyPart-CopyPart-CMP-EraseBytes- DE: "\000G"-
#1335065	REDUCE cov: 49 ft: 411 corp: 142/2628b lim: 4096 exec/s: 445021 rss: 36Mb L: 17/34 MS: 3 EraseBytes-ChangeBit-ChangeByte-
#1358262	REDUCE cov: 49 ft: 411 corp: 142/2626b lim: 4096 exec/s: 452754 rss: 36Mb L: 18/34 MS: 2 EraseBytes-CopyPart-
#1377368	REDUCE cov: 49 ft: 411 corp: 142/2625b lim: 4096 exec/s: 459122 rss: 36Mb L: 16/34 MS: 1 EraseBytes-
#1389574	REDUCE cov: 49 ft: 411 corp: 142/2624b lim: 4096 exec/s: 463191 rss: 36Mb L: 21/34 MS: 1 EraseBytes-
#1389695	REDUCE cov: 49 ft: 411 corp: 142/2623b lim: 4096 exec/s: 463231 rss: 36Mb L: 17/34 MS: 1 EraseBytes-
#1392973	REDUCE cov: 49 ft: 411 corp: 142/2622b lim: 4096 exec/s: 464324 rss: 36Mb L: 21/34 MS: 3 ChangeASCIIInt-ShuffleBytes-EraseBytes-
#1396004	REDUCE cov: 49 ft: 411 corp: 142/2621b lim: 4096 exec/s: 465334 rss: 36Mb L: 20/34 MS: 1 EraseBytes-
#1409121	REDUCE cov: 49 ft: 411 corp: 142/2620b lim: 4096 exec/s: 469707 rss: 36Mb L: 20/34 MS: 2 EraseBytes-CopyPart-
#1430652	REDUCE cov: 49 ft: 411 corp: 142/2619b lim: 4096 exec/s: 476884 rss: 36Mb L: 20/34 MS: 1 EraseBytes-
#1431398	REDUCE cov: 49 ft: 411 corp: 142/2618b lim: 4096 exec/s: 477132 rss: 36Mb L: 20/34 MS: 1 EraseBytes-
#1437345	REDUCE cov: 49 ft: 412 corp: 143/2634b lim: 4096 exec/s: 479115 rss: 36Mb L: 16/34 MS: 2 ChangeBinInt-ChangeBit-
#1464547	REDUCE cov: 49 ft: 412 corp: 143/2633b lim: 4096 exec/s: 488182 rss: 36Mb L: 21/34 MS: 2 ChangeBinInt-EraseBytes-
#1476823	REDUCE cov: 49 ft: 413 corp: 144/2653b lim: 4096 exec/s: 492274 rss: 36Mb L: 20/34 MS: 1 ChangeByte-
#1493294	REDUCE cov: 49 ft: 413 corp: 144/2652b lim: 4096 exec/s: 497764 rss: 36Mb L: 21/34 MS: 1 EraseBytes-
#1515380	NEW    cov: 49 ft: 414 corp: 145/2668b lim: 4096 exec/s: 505126 rss: 36Mb L: 16/34 MS: 1 ChangeBit-
#1523961	NEW    cov: 49 ft: 415 corp: 146/2684b lim: 4096 exec/s: 507987 rss: 36Mb L: 16/34 MS: 1 ChangeBit-
#1561213	REDUCE cov: 49 ft: 415 corp: 146/2682b lim: 4096 exec/s: 520404 rss: 36Mb L: 16/34 MS: 2 EraseBytes-PersAutoDict- DE: "\3778"-
#1607515	REDUCE cov: 49 ft: 415 corp: 146/2680b lim: 4096 exec/s: 535838 rss: 36Mb L: 17/34 MS: 2 InsertRepeatedBytes-EraseBytes-
#1617951	REDUCE cov: 49 ft: 415 corp: 146/2679b lim: 4096 exec/s: 539317 rss: 36Mb L: 16/34 MS: 1 EraseBytes-
#1628508	REDUCE cov: 49 ft: 415 corp: 146/2678b lim: 4096 exec/s: 542836 rss: 36Mb L: 18/34 MS: 2 EraseBytes-InsertByte-
#1630319	REDUCE cov: 49 ft: 415 corp: 146/2677b lim: 4096 exec/s: 543439 rss: 36Mb L: 16/34 MS: 1 EraseBytes-
#1630932	REDUCE cov: 49 ft: 415 corp: 146/2675b lim: 4096 exec/s: 543644 rss: 36Mb L: 19/34 MS: 3 EraseBytes-PersAutoDict-ChangeByte- DE: ":\000\000\000"-
#1705379	REDUCE cov: 49 ft: 415 corp: 146/2674b lim: 4096 exec/s: 568459 rss: 36Mb L: 20/34 MS: 2 CrossOver-EraseBytes-
#1729057	REDUCE cov: 49 ft: 415 corp: 146/2672b lim: 4096 exec/s: 576352 rss: 36Mb L: 18/34 MS: 3 ChangeByte-EraseBytes-PersAutoDict- DE: "\3778"-
#1770944	REDUCE cov: 49 ft: 415 corp: 146/2671b lim: 4096 exec/s: 442736 rss: 36Mb L: 20/34 MS: 2 InsertByte-EraseBytes-
#1842982	REDUCE cov: 49 ft: 415 corp: 146/2670b lim: 4096 exec/s: 460745 rss: 36Mb L: 18/34 MS: 3 ChangeByte-ChangeBit-EraseBytes-
#1854339	REDUCE cov: 49 ft: 415 corp: 146/2668b lim: 4096 exec/s: 463584 rss: 36Mb L: 18/34 MS: 2 EraseBytes-ChangeBinInt-
#1903752	REDUCE cov: 49 ft: 415 corp: 146/2667b lim: 4096 exec/s: 475938 rss: 36Mb L: 21/34 MS: 3 ChangeASCIIInt-CopyPart-EraseBytes-
#1905224	REDUCE cov: 49 ft: 416 corp: 147/2697b lim: 4096 exec/s: 476306 rss: 36Mb L: 30/34 MS: 2 ChangeBinInt-CopyPart-
#1908311	NEW    cov: 50 ft: 423 corp: 148/2727b lim: 4096 exec/s: 477077 rss: 36Mb L: 30/34 MS: 2 ShuffleBytes-ChangeBit-
#1908972	NEW    cov: 50 ft: 429 corp: 149/2757b lim: 4096 exec/s: 477243 rss: 36Mb L: 30/34 MS: 1 CopyPart-
#1917729	REDUCE cov: 50 ft: 429 corp: 149/2756b lim: 4096 exec/s: 479432 rss: 36Mb L: 18/34 MS: 2 ChangeBit-EraseBytes-
#1982761	REDUCE cov: 50 ft: 429 corp: 149/2754b lim: 4096 exec/s: 495690 rss: 36Mb L: 18/34 MS: 2 ChangeByte-EraseBytes-
#1987303	REDUCE cov: 50 ft: 429 corp: 149/2753b lim: 4096 exec/s: 496825 rss: 36Mb L: 16/34 MS: 2 CopyPart-EraseBytes-
#2001449	NEW    cov: 50 ft: 430 corp: 150/2773b lim: 4096 exec/s: 500362 rss: 36Mb L: 20/34 MS: 1 ChangeBit-
#2097152	pulse  cov: 50 ft: 430 corp: 150/2773b lim: 4096 exec/s: 524288 rss: 36Mb
#2112030	REDUCE cov: 50 ft: 430 corp: 150/2772b lim: 4096 exec/s: 528007 rss: 36Mb L: 20/34 MS: 1 EraseBytes-
#2303622	REDUCE cov: 50 ft: 430 corp: 150/2771b lim: 4096 exec/s: 460724 rss: 36Mb L: 20/34 MS: 2 ChangeBinInt-EraseBytes-
#2354045	REDUCE cov: 50 ft: 430 corp: 150/2769b lim: 4096 exec/s: 470809 rss: 36Mb L: 16/34 MS: 3 ChangeByte-EraseBytes-InsertByte-
#2378231	REDUCE cov: 50 ft: 430 corp: 150/2768b lim: 4096 exec/s: 475646 rss: 36Mb L: 18/34 MS: 1 EraseBytes-
#2400458	REDUCE cov: 50 ft: 430 corp: 150/2767b lim: 4096 exec/s: 480091 rss: 36Mb L: 20/34 MS: 2 ChangeASCIIInt-EraseBytes-
#2451601	REDUCE cov: 50 ft: 430 corp: 150/2766b lim: 4096 exec/s: 490320 rss: 36Mb L: 19/34 MS: 3 ChangeASCIIInt-InsertByte-EraseBytes-
#2511847	NEW    cov: 50 ft: 431 corp: 151/2800b lim: 4096 exec/s: 502369 rss: 36Mb L: 34/34 MS: 1 InsertRepeatedBytes-
#2536315	REDUCE cov: 50 ft: 431 corp: 151/2798b lim: 4096 exec/s: 507263 rss: 36Mb L: 16/34 MS: 3 CrossOver-ChangeByte-EraseBytes-
#2547401	REDUCE cov: 50 ft: 431 corp: 151/2797b lim: 4096 exec/s: 509480 rss: 36Mb L: 23/34 MS: 1 EraseBytes-
#2552188	REDUCE cov: 50 ft: 431 corp: 151/2795b lim: 4096 exec/s: 510437 rss: 36Mb L: 16/34 MS: 2 CMP-EraseBytes- DE: "\377\377\377\377\377\377\377\006"-
#2590399	REDUCE cov: 50 ft: 431 corp: 151/2794b lim: 4096 exec/s: 518079 rss: 36Mb L: 21/34 MS: 1 EraseBytes-
#2627325	REDUCE cov: 50 ft: 431 corp: 151/2792b lim: 4096 exec/s: 525465 rss: 36Mb L: 32/34 MS: 1 EraseBytes-
#2632403	REDUCE cov: 50 ft: 431 corp: 151/2790b lim: 4096 exec/s: 438733 rss: 36Mb L: 16/34 MS: 3 ChangeBinInt-EraseBytes-EraseBytes-
#2671844	REDUCE cov: 50 ft: 431 corp: 151/2789b lim: 4096 exec/s: 445307 rss: 36Mb L: 21/34 MS: 1 EraseBytes-
#2715250	REDUCE cov: 50 ft: 431 corp: 151/2788b lim: 4096 exec/s: 452541 rss: 36Mb L: 19/34 MS: 1 EraseBytes-
#2721656	REDUCE cov: 50 ft: 431 corp: 151/2787b lim: 4096 exec/s: 453609 rss: 36Mb L: 20/34 MS: 1 EraseBytes-
#2809513	REDUCE cov: 50 ft: 431 corp: 151/2785b lim: 4096 exec/s: 468252 rss: 36Mb L: 18/34 MS: 2 ChangeBit-EraseBytes-
#2827960	REDUCE cov: 50 ft: 431 corp: 151/2783b lim: 4096 exec/s: 471326 rss: 36Mb L: 18/34 MS: 2 EraseBytes-ChangeBit-
#2852446	REDUCE cov: 50 ft: 431 corp: 151/2782b lim: 4096 exec/s: 475407 rss: 36Mb L: 18/34 MS: 1 EraseBytes-
#2863513	REDUCE cov: 50 ft: 431 corp: 151/2780b lim: 4096 exec/s: 477252 rss: 36Mb L: 16/34 MS: 2 EraseBytes-InsertByte-
#2869534	REDUCE cov: 50 ft: 431 corp: 151/2779b lim: 4096 exec/s: 478255 rss: 36Mb L: 20/34 MS: 1 EraseBytes-
#2954080	REDUCE cov: 50 ft: 431 corp: 151/2778b lim: 4096 exec/s: 492346 rss: 36Mb L: 20/34 MS: 1 EraseBytes-
#2983728	REDUCE cov: 50 ft: 431 corp: 151/2774b lim: 4096 exec/s: 497288 rss: 36Mb L: 16/34 MS: 3 EraseBytes-ChangeASCIIInt-ChangeBinInt-
#3129409	REDUCE cov: 50 ft: 431 corp: 151/2773b lim: 4096 exec/s: 447058 rss: 36Mb L: 20/34 MS: 1 EraseBytes-
#3140500	REDUCE cov: 50 ft: 431 corp: 151/2772b lim: 4096 exec/s: 448642 rss: 36Mb L: 20/34 MS: 1 EraseBytes-
#3247488	REDUCE cov: 50 ft: 431 corp: 151/2770b lim: 4096 exec/s: 463926 rss: 36Mb L: 18/34 MS: 3 InsertByte-CrossOver-EraseBytes-
#3300654	REDUCE cov: 50 ft: 431 corp: 151/2769b lim: 4096 exec/s: 471522 rss: 36Mb L: 20/34 MS: 1 EraseBytes-
#3321546	REDUCE cov: 50 ft: 431 corp: 151/2767b lim: 4096 exec/s: 474506 rss: 36Mb L: 18/34 MS: 2 ChangeByte-EraseBytes-
#3397842	REDUCE cov: 50 ft: 431 corp: 151/2766b lim: 4096 exec/s: 485406 rss: 36Mb L: 18/34 MS: 1 EraseBytes-
#3416758	REDUCE cov: 50 ft: 431 corp: 151/2765b lim: 4096 exec/s: 488108 rss: 36Mb L: 22/34 MS: 1 EraseBytes-
#3464520	REDUCE cov: 50 ft: 431 corp: 151/2763b lim: 4096 exec/s: 494931 rss: 36Mb L: 16/34 MS: 2 ChangeByte-EraseBytes-
#3479438	REDUCE cov: 50 ft: 431 corp: 151/2761b lim: 4096 exec/s: 497062 rss: 36Mb L: 18/34 MS: 3 ChangeBit-EraseBytes-InsertByte-
#3755950	NEW    cov: 50 ft: 432 corp: 152/2779b lim: 4096 exec/s: 469493 rss: 36Mb L: 18/34 MS: 2 CMP-CMP- DE: "K\000"-"4\000"-
#3795640	REDUCE cov: 50 ft: 432 corp: 152/2777b lim: 4096 exec/s: 474455 rss: 36Mb L: 16/34 MS: 5 InsertByte-CopyPart-ChangeASCIIInt-ChangeByte-EraseBytes-
#3919662	REDUCE cov: 50 ft: 432 corp: 152/2775b lim: 4096 exec/s: 489957 rss: 36Mb L: 16/34 MS: 2 ChangeBinInt-EraseBytes-
#4026607	REDUCE cov: 50 ft: 432 corp: 152/2774b lim: 4096 exec/s: 447400 rss: 36Mb L: 15/34 MS: 5 EraseBytes-ChangeByte-CrossOver-ShuffleBytes-PersAutoDict- DE: "\377L"-
#4179773	REDUCE cov: 50 ft: 432 corp: 152/2773b lim: 4096 exec/s: 464419 rss: 36Mb L: 18/34 MS: 1 EraseBytes-
#4194304	pulse  cov: 50 ft: 432 corp: 152/2773b lim: 4096 exec/s: 466033 rss: 36Mb
#4255039	REDUCE cov: 50 ft: 432 corp: 152/2772b lim: 4096 exec/s: 472782 rss: 36Mb L: 20/34 MS: 1 EraseBytes-
#4793678	REDUCE cov: 50 ft: 432 corp: 152/2770b lim: 4096 exec/s: 479367 rss: 36Mb L: 16/34 MS: 4 ShuffleBytes-CMP-EraseBytes-EraseBytes- DE: "\377\377\377\377\377\377\377M"-
#4984199	REDUCE cov: 50 ft: 432 corp: 152/2769b lim: 4096 exec/s: 453109 rss: 36Mb L: 21/34 MS: 1 EraseBytes-
#5124360	REDUCE cov: 50 ft: 432 corp: 152/2768b lim: 4096 exec/s: 465850 rss: 36Mb L: 21/34 MS: 1 EraseBytes-
#5143431	REDUCE cov: 50 ft: 432 corp: 152/2767b lim: 4096 exec/s: 467584 rss: 36Mb L: 20/34 MS: 1 EraseBytes-
#5273114	REDUCE cov: 50 ft: 432 corp: 152/2765b lim: 4096 exec/s: 479374 rss: 36Mb L: 16/34 MS: 3 CMP-ChangeBinInt-EraseBytes- DE: "A\000\000\000"-
#5469764	REDUCE cov: 50 ft: 432 corp: 152/2763b lim: 4096 exec/s: 455813 rss: 36Mb L: 18/34 MS: 5 ShuffleBytes-EraseBytes-CopyPart-ChangeBit-InsertByte-
#5480071	REDUCE cov: 50 ft: 432 corp: 152/2761b lim: 4096 exec/s: 456672 rss: 36Mb L: 16/34 MS: 2 ChangeByte-EraseBytes-
#5548484	REDUCE cov: 50 ft: 432 corp: 152/2759b lim: 4096 exec/s: 462373 rss: 36Mb L: 16/34 MS: 3 ChangeBit-InsertByte-EraseBytes-
#6004716	REDUCE cov: 50 ft: 432 corp: 152/2757b lim: 4096 exec/s: 461901 rss: 36Mb L: 16/34 MS: 2 ChangeBit-EraseBytes-
panic: found special char in iban [recovered]
	panic: found special char in iban

goroutine 17 [running, locked to thread]:
git.ultraware.nl/iddinkgroep/fundament-api.Fuzz.func1()
	git.ultraware.nl/iddinkgroep/fundament-api/fuzz.go:19 +0xa5
panic({0x5628ef241760?, 0x5628ef254c70?})
	runtime/panic.go:914 +0x21f
git.ultraware.nl/iddinkgroep/fundament-api.Fuzz({0xc0001ada70, 0x14})
	git.ultraware.nl/iddinkgroep/fundament-api/fuzz.go:34 +0x2b9
git.ultraware.nl/iddinkgroep/fundament-api.Fuzz_(...)
	git.ultraware.nl/iddinkgroep/fundament-api/fuzz.118480564.go:6
main.LLVMFuzzerTestOneInput(...)
	./main.2998056864.go:21
==15== ERROR: libFuzzer: deadly signal
    #0 0x5628ef164630 in __sanitizer_print_stack_trace (/seedai/experiments/libfuzzer/libfuzzer+0xaf630) (BuildId: 23115454fcc2d139f458d53fa43ce200a20c84b2)
    #1 0x5628ef130755 in fuzzer::PrintStackTrace() (/seedai/experiments/libfuzzer/libfuzzer+0x7b755) (BuildId: 23115454fcc2d139f458d53fa43ce200a20c84b2)
    #2 0x5628ef10f3a9 in fuzzer::Fuzzer::CrashCallback() (.part.0) FuzzerLoop.cpp.o
    #3 0x5628ef10f46a in fuzzer::Fuzzer::StaticCrashSignalCallback() (/seedai/experiments/libfuzzer/libfuzzer+0x5a46a) (BuildId: 23115454fcc2d139f458d53fa43ce200a20c84b2)
    #4 0x7f5f5c9da70f  (/usr/lib/libc.so.6+0x3e70f) (BuildId: 316d0d3666387f0e8fb98773f51aa1801027c5ab)
    #5 0x5628ef1c4160 in runtime.raise.abi0 runtime/sys_linux_amd64.s:153

NOTE: libFuzzer has rudimentary signal handlers.
      Combine libFuzzer with AddressSanitizer or similar for better crash reports.
SUMMARY: libFuzzer: deadly signal
MS: 1 CopyPart-; base unit: 2371f1973e426a077ed2b87c882e5be48f8609ef
0x4c,0x55,0x4c,0x55,0x2d,0x30,0x30,0x30,0x30,0x30,0x30,0x30,0x30,0x30,0x67,0x37,0x30,0x30,0x30,0x34,
LULU-000000000g70004
artifact_prefix='./'; Test unit written to ./crash-383416f3d22bc0946fbae9edf0a1268f73c5b263
Base64: TFVMVS0wMDAwMDAwMDBnNzAwMDQ=
