INFO: Running with entropic power schedule (0xFF, 100).
INFO: Seed: 1338188575
INFO: Loaded 1 modules   (70 inline 8-bit counters): 70 [0x561e176fe030, 0x561e176fe076), 
INFO: Loaded 1 PC tables (70 PCs): 70 [0xc000068000,0xc000068460), 
INFO:        8 files found in corpus
INFO: -max_len is not provided; libFuzzer will not generate inputs larger than 4096 bytes
INFO: seed corpus: files: 8 min: 1b max: 681b total: 1118b rss: 29Mb
#9	INITED cov: 9 ft: 21 corp: 5/33b exec/s: 0 rss: 29Mb
#13	NEW    cov: 9 ft: 22 corp: 6/35b lim: 11 exec/s: 0 rss: 29Mb L: 2/11 MS: 4 InsertRepeatedBytes-CopyPart-CopyPart-CrossOver-
#60	REDUCE cov: 9 ft: 22 corp: 6/32b lim: 11 exec/s: 0 rss: 29Mb L: 3/11 MS: 2 ChangeBit-EraseBytes-
#107	REDUCE cov: 9 ft: 22 corp: 6/28b lim: 11 exec/s: 0 rss: 29Mb L: 7/10 MS: 2 ChangeBit-EraseBytes-
#150	REDUCE cov: 9 ft: 22 corp: 6/27b lim: 11 exec/s: 0 rss: 29Mb L: 9/9 MS: 3 ChangeBinInt-ShuffleBytes-CrossOver-
#230	REDUCE cov: 9 ft: 22 corp: 6/26b lim: 11 exec/s: 0 rss: 29Mb L: 8/8 MS: 5 ChangeBinInt-ChangeBinInt-CopyPart-EraseBytes-InsertByte-
#540	REDUCE cov: 9 ft: 23 corp: 7/38b lim: 14 exec/s: 0 rss: 29Mb L: 12/12 MS: 5 ChangeByte-EraseBytes-ChangeBit-CrossOver-InsertRepeatedBytes-
#562	NEW    cov: 9 ft: 24 corp: 8/51b lim: 14 exec/s: 0 rss: 30Mb L: 13/13 MS: 2 ChangeBit-InsertByte-
#615	REDUCE cov: 9 ft: 25 corp: 9/65b lim: 14 exec/s: 0 rss: 30Mb L: 14/14 MS: 3 EraseBytes-InsertRepeatedBytes-CopyPart-
#922	NEW    cov: 11 ft: 31 corp: 10/80b lim: 17 exec/s: 0 rss: 30Mb L: 15/15 MS: 2 ChangeByte-CrossOver-
#957	NEW    cov: 11 ft: 33 corp: 11/96b lim: 17 exec/s: 0 rss: 30Mb L: 16/16 MS: 5 EraseBytes-InsertByte-InsertRepeatedBytes-EraseBytes-CopyPart-
#980	NEW    cov: 11 ft: 34 corp: 12/113b lim: 17 exec/s: 0 rss: 30Mb L: 17/17 MS: 3 ChangeASCIIInt-ChangeByte-CopyPart-
#1405	NEW    cov: 11 ft: 35 corp: 13/134b lim: 21 exec/s: 0 rss: 30Mb L: 21/21 MS: 5 InsertByte-InsertRepeatedBytes-CopyPart-EraseBytes-InsertRepeatedBytes-
#1503	REDUCE cov: 11 ft: 35 corp: 13/133b lim: 21 exec/s: 0 rss: 30Mb L: 20/20 MS: 3 ChangeByte-ChangeByte-EraseBytes-
#1713	REDUCE cov: 11 ft: 35 corp: 13/132b lim: 21 exec/s: 0 rss: 30Mb L: 19/19 MS: 5 ShuffleBytes-ChangeByte-ChangeBit-CrossOver-InsertByte-
#2548	NEW    cov: 11 ft: 36 corp: 14/159b lim: 29 exec/s: 0 rss: 30Mb L: 27/27 MS: 5 CrossOver-ChangeBinInt-ChangeBinInt-ChangeBit-CrossOver-
#2587	NEW    cov: 11 ft: 37 corp: 15/188b lim: 29 exec/s: 0 rss: 30Mb L: 29/29 MS: 4 ShuffleBytes-InsertRepeatedBytes-ChangeBit-CrossOver-
#3003	NEW    cov: 11 ft: 38 corp: 16/220b lim: 33 exec/s: 0 rss: 30Mb L: 32/32 MS: 1 InsertRepeatedBytes-
#3080	NEW    cov: 11 ft: 39 corp: 17/253b lim: 33 exec/s: 0 rss: 30Mb L: 33/33 MS: 2 CMP-CopyPart- DE: "\377\377"-
#3600	NEW    cov: 11 ft: 41 corp: 18/287b lim: 38 exec/s: 0 rss: 31Mb L: 34/34 MS: 5 ChangeBinInt-ChangeByte-ChangeBinInt-PersAutoDict-InsertRepeatedBytes- DE: "\377\377"-
#5989	REDUCE cov: 11 ft: 41 corp: 18/286b lim: 58 exec/s: 0 rss: 31Mb L: 31/34 MS: 4 CMP-ShuffleBytes-EraseBytes-PersAutoDict- DE: "\001\000"-"\377\377"-
#23853	NEW    cov: 13 ft: 47 corp: 19/305b lim: 233 exec/s: 0 rss: 34Mb L: 19/34 MS: 4 CrossOver-ShuffleBytes-ShuffleBytes-CopyPart-
#23865	NEW    cov: 13 ft: 48 corp: 20/325b lim: 233 exec/s: 0 rss: 34Mb L: 20/34 MS: 2 ShuffleBytes-InsertByte-
#24006	NEW    cov: 13 ft: 49 corp: 21/346b lim: 233 exec/s: 0 rss: 34Mb L: 21/34 MS: 1 InsertByte-
#24194	NEW    cov: 13 ft: 50 corp: 22/368b lim: 233 exec/s: 0 rss: 34Mb L: 22/34 MS: 3 PersAutoDict-InsertByte-ChangeBinInt- DE: "\377\377"-
#24483	NEW    cov: 13 ft: 51 corp: 23/383b lim: 233 exec/s: 0 rss: 34Mb L: 15/34 MS: 4 CopyPart-CrossOver-ShuffleBytes-EraseBytes-
#24581	NEW    cov: 25 ft: 94 corp: 24/399b lim: 233 exec/s: 0 rss: 34Mb L: 16/34 MS: 3 ChangeBinInt-ShuffleBytes-EraseBytes-
#24582	NEW    cov: 25 ft: 95 corp: 25/419b lim: 233 exec/s: 0 rss: 34Mb L: 20/34 MS: 1 ChangeByte-
#24639	NEW    cov: 25 ft: 96 corp: 26/440b lim: 233 exec/s: 0 rss: 34Mb L: 21/34 MS: 2 CrossOver-CrossOver-
#24647	NEW    cov: 25 ft: 97 corp: 27/455b lim: 233 exec/s: 0 rss: 34Mb L: 15/34 MS: 3 EraseBytes-CMP-EraseBytes- DE: "\000\000"-
#24704	NEW    cov: 25 ft: 100 corp: 28/473b lim: 233 exec/s: 0 rss: 34Mb L: 18/34 MS: 2 ChangeByte-PersAutoDict- DE: "\001\000"-
#24755	NEW    cov: 25 ft: 101 corp: 29/491b lim: 233 exec/s: 0 rss: 34Mb L: 18/34 MS: 1 ChangeBinInt-
#24786	NEW    cov: 25 ft: 103 corp: 30/509b lim: 233 exec/s: 0 rss: 34Mb L: 18/34 MS: 1 ChangeByte-
#24807	NEW    cov: 25 ft: 107 corp: 31/525b lim: 233 exec/s: 0 rss: 34Mb L: 16/34 MS: 1 EraseBytes-
#25028	NEW    cov: 25 ft: 108 corp: 32/548b lim: 233 exec/s: 0 rss: 34Mb L: 23/34 MS: 1 PersAutoDict- DE: "\001\000"-
#25034	NEW    cov: 25 ft: 109 corp: 33/566b lim: 233 exec/s: 0 rss: 34Mb L: 18/34 MS: 1 ChangeBit-
#25213	NEW    cov: 25 ft: 110 corp: 34/584b lim: 233 exec/s: 0 rss: 34Mb L: 18/34 MS: 4 CrossOver-EraseBytes-CrossOver-CopyPart-
#25317	NEW    cov: 25 ft: 111 corp: 35/602b lim: 233 exec/s: 0 rss: 34Mb L: 18/34 MS: 4 CopyPart-ChangeBit-ChangeBit-PersAutoDict- DE: "\000\000"-
#25373	NEW    cov: 25 ft: 113 corp: 36/618b lim: 233 exec/s: 0 rss: 34Mb L: 16/34 MS: 1 InsertByte-
#25435	NEW    cov: 25 ft: 114 corp: 37/636b lim: 233 exec/s: 0 rss: 34Mb L: 18/34 MS: 2 ChangeByte-ChangeBit-
#25553	NEW    cov: 25 ft: 115 corp: 38/654b lim: 233 exec/s: 0 rss: 34Mb L: 18/34 MS: 3 CopyPart-CrossOver-CMP- DE: "\004\000\000\000\000\000\000\000"-
#25767	NEW    cov: 25 ft: 116 corp: 39/672b lim: 233 exec/s: 0 rss: 34Mb L: 18/34 MS: 4 ChangeBit-CopyPart-CopyPart-PersAutoDict- DE: "\001\000"-
#25939	NEW    cov: 25 ft: 117 corp: 40/690b lim: 233 exec/s: 0 rss: 34Mb L: 18/34 MS: 2 ChangeBinInt-ChangeBit-
#26005	NEW    cov: 25 ft: 118 corp: 41/708b lim: 233 exec/s: 0 rss: 34Mb L: 18/34 MS: 1 ChangeBit-
#26505	NEW    cov: 30 ft: 133 corp: 42/723b lim: 233 exec/s: 0 rss: 34Mb L: 15/34 MS: 5 InsertRepeatedBytes-EraseBytes-ChangeBit-CopyPart-EraseBytes-
#26811	NEW    cov: 30 ft: 134 corp: 43/741b lim: 233 exec/s: 0 rss: 34Mb L: 18/34 MS: 1 PersAutoDict- DE: "\004\000\000\000\000\000\000\000"-
#27333	NEW    cov: 30 ft: 136 corp: 44/761b lim: 233 exec/s: 0 rss: 34Mb L: 20/34 MS: 2 PersAutoDict-PersAutoDict- DE: "\000\000"-"\004\000\000\000\000\000\000\000"-
#27494	REDUCE cov: 30 ft: 136 corp: 44/754b lim: 233 exec/s: 0 rss: 34Mb L: 15/34 MS: 1 EraseBytes-
#27631	REDUCE cov: 30 ft: 137 corp: 45/779b lim: 233 exec/s: 0 rss: 34Mb L: 25/34 MS: 2 InsertRepeatedBytes-ChangeBinInt-
#28109	REDUCE cov: 30 ft: 137 corp: 45/775b lim: 233 exec/s: 0 rss: 34Mb L: 21/34 MS: 3 CMP-ChangeByte-EraseBytes- DE: "\001\000\000\000"-
#28170	NEW    cov: 30 ft: 138 corp: 46/795b lim: 233 exec/s: 0 rss: 34Mb L: 20/34 MS: 1 CopyPart-
#28321	NEW    cov: 30 ft: 139 corp: 47/813b lim: 233 exec/s: 0 rss: 34Mb L: 18/34 MS: 1 PersAutoDict- DE: "\001\000"-
#28333	REDUCE cov: 30 ft: 139 corp: 47/811b lim: 233 exec/s: 0 rss: 34Mb L: 16/34 MS: 2 ChangeBinInt-EraseBytes-
#28746	REDUCE cov: 30 ft: 139 corp: 47/806b lim: 233 exec/s: 0 rss: 34Mb L: 15/34 MS: 3 EraseBytes-CopyPart-InsertByte-
#28795	REDUCE cov: 30 ft: 139 corp: 47/805b lim: 233 exec/s: 0 rss: 34Mb L: 20/34 MS: 4 ChangeBinInt-ChangeBit-ChangeByte-EraseBytes-
#29748	REDUCE cov: 30 ft: 139 corp: 47/800b lim: 240 exec/s: 0 rss: 34Mb L: 15/34 MS: 3 PersAutoDict-ShuffleBytes-EraseBytes- DE: "\377\377"-
#31464	NEW    cov: 30 ft: 141 corp: 48/815b lim: 254 exec/s: 0 rss: 34Mb L: 15/34 MS: 1 ChangeBinInt-
#32010	NEW    cov: 30 ft: 143 corp: 49/830b lim: 254 exec/s: 0 rss: 34Mb L: 15/34 MS: 1 ShuffleBytes-
#32396	NEW    cov: 30 ft: 145 corp: 50/846b lim: 254 exec/s: 0 rss: 34Mb L: 16/34 MS: 1 InsertByte-
#33032	REDUCE cov: 30 ft: 145 corp: 50/845b lim: 254 exec/s: 0 rss: 34Mb L: 15/34 MS: 1 EraseBytes-
#33870	REDUCE cov: 30 ft: 145 corp: 50/843b lim: 261 exec/s: 0 rss: 34Mb L: 19/34 MS: 3 ShuffleBytes-EraseBytes-InsertByte-
#34431	NEW    cov: 30 ft: 147 corp: 51/858b lim: 261 exec/s: 0 rss: 34Mb L: 15/34 MS: 1 ChangeBinInt-
#35152	NEW    cov: 30 ft: 149 corp: 52/873b lim: 261 exec/s: 0 rss: 34Mb L: 15/34 MS: 1 ChangeBinInt-
#35864	NEW    cov: 30 ft: 151 corp: 53/888b lim: 261 exec/s: 0 rss: 34Mb L: 15/34 MS: 2 EraseBytes-InsertByte-
#36530	NEW    cov: 30 ft: 153 corp: 54/903b lim: 261 exec/s: 0 rss: 34Mb L: 15/34 MS: 1 ShuffleBytes-
#37657	NEW    cov: 30 ft: 155 corp: 55/918b lim: 269 exec/s: 0 rss: 34Mb L: 15/34 MS: 2 ChangeBit-ChangeByte-
#39770	REDUCE cov: 30 ft: 155 corp: 55/916b lim: 285 exec/s: 0 rss: 34Mb L: 16/34 MS: 3 ChangeBit-ChangeBinInt-EraseBytes-
#40517	NEW    cov: 30 ft: 156 corp: 56/931b lim: 285 exec/s: 0 rss: 34Mb L: 15/34 MS: 2 ChangeBit-ChangeByte-
#40778	NEW    cov: 30 ft: 158 corp: 57/946b lim: 285 exec/s: 0 rss: 34Mb L: 15/34 MS: 1 ShuffleBytes-
#41349	REDUCE cov: 30 ft: 158 corp: 57/945b lim: 285 exec/s: 0 rss: 34Mb L: 19/34 MS: 1 EraseBytes-
#41590	NEW    cov: 30 ft: 160 corp: 58/960b lim: 285 exec/s: 0 rss: 34Mb L: 15/34 MS: 1 ChangeBit-
#41721	NEW    cov: 30 ft: 162 corp: 59/975b lim: 285 exec/s: 0 rss: 34Mb L: 15/34 MS: 1 ChangeBinInt-
#42592	NEW    cov: 30 ft: 165 corp: 60/990b lim: 293 exec/s: 0 rss: 34Mb L: 15/34 MS: 1 ChangeBinInt-
#45091	REDUCE cov: 30 ft: 165 corp: 60/987b lim: 317 exec/s: 0 rss: 34Mb L: 15/34 MS: 4 CrossOver-EraseBytes-ChangeByte-EraseBytes-
#45622	REDUCE cov: 30 ft: 166 corp: 61/1002b lim: 317 exec/s: 0 rss: 34Mb L: 15/34 MS: 1 ChangeBit-
#47045	NEW    cov: 30 ft: 168 corp: 62/1017b lim: 325 exec/s: 0 rss: 34Mb L: 15/34 MS: 3 ChangeBinInt-ChangeBit-ChangeBit-
#47843	NEW    cov: 30 ft: 169 corp: 63/1036b lim: 325 exec/s: 0 rss: 34Mb L: 19/34 MS: 3 ShuffleBytes-CopyPart-EraseBytes-
#48618	REDUCE cov: 30 ft: 169 corp: 63/1034b lim: 325 exec/s: 0 rss: 34Mb L: 16/34 MS: 5 ChangeByte-ChangeByte-EraseBytes-ChangeBit-CMP- DE: "\001\000"-
#48864	NEW    cov: 31 ft: 172 corp: 64/1049b lim: 325 exec/s: 0 rss: 34Mb L: 15/34 MS: 1 ChangeByte-
#49883	REDUCE cov: 31 ft: 172 corp: 64/1046b lim: 333 exec/s: 0 rss: 34Mb L: 16/34 MS: 4 ChangeBit-ShuffleBytes-ShuffleBytes-EraseBytes-
#56985	REDUCE cov: 31 ft: 172 corp: 64/1044b lim: 397 exec/s: 0 rss: 34Mb L: 17/34 MS: 2 EraseBytes-EraseBytes-
#57254	NEW    cov: 31 ft: 173 corp: 65/1060b lim: 397 exec/s: 0 rss: 34Mb L: 16/34 MS: 4 InsertByte-ChangeBit-ChangeByte-ChangeBit-
#57880	NEW    cov: 31 ft: 175 corp: 66/1075b lim: 397 exec/s: 0 rss: 34Mb L: 15/34 MS: 1 ChangeBit-
#58837	REDUCE cov: 31 ft: 175 corp: 66/1073b lim: 405 exec/s: 0 rss: 35Mb L: 16/34 MS: 2 EraseBytes-InsertByte-
#59893	NEW    cov: 31 ft: 177 corp: 67/1088b lim: 413 exec/s: 0 rss: 35Mb L: 15/34 MS: 1 ChangeBit-
#61290	NEW    cov: 31 ft: 179 corp: 68/1103b lim: 421 exec/s: 0 rss: 35Mb L: 15/34 MS: 2 ChangeByte-ChangeBit-
#65798	REDUCE cov: 31 ft: 180 corp: 69/1120b lim: 461 exec/s: 0 rss: 35Mb L: 17/34 MS: 3 InsertByte-ChangeByte-ChangeBinInt-
#67911	REDUCE cov: 31 ft: 180 corp: 69/1119b lim: 477 exec/s: 0 rss: 35Mb L: 20/34 MS: 3 EraseBytes-PersAutoDict-CopyPart- DE: "\001\000"-
#69714	REDUCE cov: 31 ft: 180 corp: 69/1117b lim: 493 exec/s: 0 rss: 35Mb L: 16/34 MS: 3 EraseBytes-ShuffleBytes-PersAutoDict- DE: "\377\377"-
#73525	NEW    cov: 31 ft: 181 corp: 70/1132b lim: 526 exec/s: 0 rss: 35Mb L: 15/34 MS: 1 ChangeBit-
#73904	NEW    cov: 31 ft: 190 corp: 71/1151b lim: 526 exec/s: 0 rss: 35Mb L: 19/34 MS: 4 InsertByte-EraseBytes-CopyPart-CopyPart-
#76285	NEW    cov: 31 ft: 198 corp: 72/1170b lim: 544 exec/s: 0 rss: 35Mb L: 19/34 MS: 1 ChangeBit-
#78923	REDUCE cov: 31 ft: 198 corp: 72/1167b lim: 562 exec/s: 0 rss: 35Mb L: 16/34 MS: 3 CMP-ShuffleBytes-EraseBytes- DE: "\377\377"-
#81434	NEW    cov: 31 ft: 199 corp: 73/1186b lim: 580 exec/s: 0 rss: 35Mb L: 19/34 MS: 1 ShuffleBytes-
#87132	REDUCE cov: 31 ft: 199 corp: 73/1184b lim: 634 exec/s: 0 rss: 35Mb L: 16/34 MS: 3 InsertByte-CopyPart-EraseBytes-
#87998	REDUCE cov: 31 ft: 199 corp: 73/1183b lim: 634 exec/s: 0 rss: 35Mb L: 15/34 MS: 1 EraseBytes-
#94706	NEW    cov: 31 ft: 200 corp: 74/1200b lim: 697 exec/s: 0 rss: 35Mb L: 17/34 MS: 3 ChangeByte-InsertByte-InsertByte-
#98303	REDUCE cov: 31 ft: 200 corp: 74/1199b lim: 724 exec/s: 0 rss: 35Mb L: 15/34 MS: 2 ChangeBinInt-EraseBytes-
#98491	REDUCE cov: 31 ft: 200 corp: 74/1197b lim: 724 exec/s: 0 rss: 35Mb L: 17/34 MS: 3 EraseBytes-ChangeBit-ChangeBit-
#99166	REDUCE cov: 31 ft: 200 corp: 74/1195b lim: 724 exec/s: 0 rss: 35Mb L: 15/34 MS: 5 ChangeBinInt-EraseBytes-InsertByte-ChangeByte-InsertByte-
#106174	REDUCE cov: 31 ft: 200 corp: 74/1193b lim: 787 exec/s: 0 rss: 35Mb L: 16/34 MS: 3 CrossOver-ChangeBit-EraseBytes-
#112686	REDUCE cov: 31 ft: 200 corp: 74/1191b lim: 850 exec/s: 0 rss: 35Mb L: 15/34 MS: 2 InsertByte-EraseBytes-
#115808	REDUCE cov: 31 ft: 200 corp: 74/1190b lim: 877 exec/s: 0 rss: 35Mb L: 16/34 MS: 2 CopyPart-EraseBytes-
#116024	NEW    cov: 31 ft: 202 corp: 75/1205b lim: 877 exec/s: 0 rss: 35Mb L: 15/34 MS: 1 ChangeBinInt-
#117312	NEW    cov: 31 ft: 203 corp: 76/1226b lim: 886 exec/s: 0 rss: 35Mb L: 21/34 MS: 3 ChangeBinInt-InsertByte-InsertByte-
#117823	NEW    cov: 32 ft: 208 corp: 77/1245b lim: 886 exec/s: 0 rss: 35Mb L: 19/34 MS: 1 ChangeByte-
#120554	NEW    cov: 32 ft: 209 corp: 78/1264b lim: 913 exec/s: 0 rss: 35Mb L: 19/34 MS: 1 ChangeBit-
#121860	NEW    cov: 32 ft: 211 corp: 79/1285b lim: 922 exec/s: 0 rss: 35Mb L: 21/34 MS: 1 CopyPart-
#122998	NEW    cov: 32 ft: 212 corp: 80/1300b lim: 931 exec/s: 0 rss: 35Mb L: 15/34 MS: 3 CrossOver-ChangeBinInt-ShuffleBytes-
#123574	NEW    cov: 32 ft: 213 corp: 81/1319b lim: 931 exec/s: 0 rss: 35Mb L: 19/34 MS: 1 ShuffleBytes-
#123885	NEW    cov: 32 ft: 214 corp: 82/1334b lim: 931 exec/s: 0 rss: 35Mb L: 15/34 MS: 1 PersAutoDict- DE: "\001\000\000\000"-
#126101	NEW    cov: 32 ft: 215 corp: 83/1353b lim: 949 exec/s: 0 rss: 35Mb L: 19/34 MS: 1 ShuffleBytes-
#127947	NEW    cov: 32 ft: 216 corp: 84/1372b lim: 967 exec/s: 0 rss: 35Mb L: 19/34 MS: 1 ChangeByte-
#128208	NEW    cov: 32 ft: 217 corp: 85/1391b lim: 967 exec/s: 0 rss: 35Mb L: 19/34 MS: 1 ChangeASCIIInt-
#128624	NEW    cov: 32 ft: 218 corp: 86/1410b lim: 967 exec/s: 0 rss: 35Mb L: 19/34 MS: 1 ChangeBit-
#129627	NEW    cov: 32 ft: 219 corp: 87/1429b lim: 976 exec/s: 0 rss: 35Mb L: 19/34 MS: 3 ChangeASCIIInt-ShuffleBytes-ChangeASCIIInt-
#129693	REDUCE cov: 32 ft: 219 corp: 87/1428b lim: 976 exec/s: 0 rss: 35Mb L: 20/34 MS: 1 EraseBytes-
#132534	NEW    cov: 32 ft: 220 corp: 88/1447b lim: 1003 exec/s: 0 rss: 35Mb L: 19/34 MS: 1 ChangeASCIIInt-
#132718	NEW    cov: 32 ft: 221 corp: 89/1475b lim: 1003 exec/s: 0 rss: 35Mb L: 28/34 MS: 4 ShuffleBytes-CopyPart-CopyPart-EraseBytes-
#136009	NEW    cov: 32 ft: 222 corp: 90/1494b lim: 1030 exec/s: 0 rss: 35Mb L: 19/34 MS: 1 ChangeByte-
#136190	NEW    cov: 32 ft: 223 corp: 91/1513b lim: 1030 exec/s: 0 rss: 35Mb L: 19/34 MS: 1 CrossOver-
#137836	NEW    cov: 32 ft: 224 corp: 92/1541b lim: 1040 exec/s: 0 rss: 35Mb L: 28/34 MS: 1 CopyPart-
#140383	NEW    cov: 32 ft: 225 corp: 93/1560b lim: 1060 exec/s: 0 rss: 35Mb L: 19/34 MS: 2 ShuffleBytes-ChangeBit-
#141269	NEW    cov: 32 ft: 226 corp: 94/1579b lim: 1060 exec/s: 0 rss: 35Mb L: 19/34 MS: 1 ShuffleBytes-
#143580	NEW    cov: 32 ft: 230 corp: 95/1607b lim: 1080 exec/s: 0 rss: 35Mb L: 28/34 MS: 1 ShuffleBytes-
#145441	NEW    cov: 32 ft: 231 corp: 96/1626b lim: 1090 exec/s: 0 rss: 35Mb L: 19/34 MS: 1 CopyPart-
#152897	REDUCE cov: 32 ft: 231 corp: 96/1625b lim: 1160 exec/s: 0 rss: 35Mb L: 18/34 MS: 1 EraseBytes-
#153998	REDUCE cov: 32 ft: 231 corp: 96/1624b lim: 1170 exec/s: 0 rss: 35Mb L: 18/34 MS: 1 EraseBytes-
#157300	NEW    cov: 34 ft: 237 corp: 97/1652b lim: 1200 exec/s: 0 rss: 35Mb L: 28/34 MS: 2 ShuffleBytes-CopyPart-
#157301	NEW    cov: 34 ft: 239 corp: 98/1680b lim: 1200 exec/s: 0 rss: 35Mb L: 28/34 MS: 1 ChangeBit-
#157797	NEW    cov: 34 ft: 240 corp: 99/1708b lim: 1200 exec/s: 0 rss: 35Mb L: 28/34 MS: 1 CopyPart-
#158075	NEW    cov: 34 ft: 241 corp: 100/1727b lim: 1200 exec/s: 0 rss: 35Mb L: 19/34 MS: 3 ChangeBit-ChangeASCIIInt-ChangeBit-
#158297	NEW    cov: 34 ft: 242 corp: 101/1755b lim: 1200 exec/s: 0 rss: 35Mb L: 28/34 MS: 2 ShuffleBytes-CopyPart-
#159659	NEW    cov: 35 ft: 243 corp: 102/1783b lim: 1210 exec/s: 0 rss: 35Mb L: 28/34 MS: 2 ChangeByte-ChangeBit-
#159750	NEW    cov: 35 ft: 244 corp: 103/1811b lim: 1210 exec/s: 0 rss: 35Mb L: 28/34 MS: 1 ChangeByte-
#160406	NEW    cov: 35 ft: 245 corp: 104/1839b lim: 1210 exec/s: 0 rss: 35Mb L: 28/34 MS: 1 ChangeBit-
#161822	NEW    cov: 35 ft: 246 corp: 105/1867b lim: 1220 exec/s: 0 rss: 35Mb L: 28/34 MS: 1 ShuffleBytes-
#169050	NEW    cov: 35 ft: 248 corp: 106/1890b lim: 1290 exec/s: 0 rss: 35Mb L: 23/34 MS: 3 ChangeBit-EraseBytes-ShuffleBytes-
#169331	NEW    cov: 35 ft: 249 corp: 107/1909b lim: 1290 exec/s: 0 rss: 35Mb L: 19/34 MS: 1 ChangeBinInt-
#169627	NEW    cov: 47 ft: 301 corp: 108/1937b lim: 1290 exec/s: 0 rss: 35Mb L: 28/34 MS: 1 ShuffleBytes-
#171884	REDUCE cov: 47 ft: 301 corp: 108/1933b lim: 1310 exec/s: 0 rss: 35Mb L: 15/34 MS: 2 EraseBytes-ChangeBinInt-
#174710	NEW    cov: 47 ft: 304 corp: 109/1961b lim: 1330 exec/s: 0 rss: 35Mb L: 28/34 MS: 1 ChangeBit-
#175172	NEW    cov: 47 ft: 305 corp: 110/1984b lim: 1330 exec/s: 0 rss: 35Mb L: 23/34 MS: 2 ShuffleBytes-ChangeByte-
#175268	REDUCE cov: 47 ft: 305 corp: 110/1983b lim: 1330 exec/s: 0 rss: 35Mb L: 18/34 MS: 1 EraseBytes-
#176270	NEW    cov: 49 ft: 314 corp: 111/2011b lim: 1330 exec/s: 0 rss: 35Mb L: 28/34 MS: 2 ChangeBinInt-ChangeByte-
#180271	NEW    cov: 50 ft: 325 corp: 112/2034b lim: 1360 exec/s: 0 rss: 35Mb L: 23/34 MS: 1 ChangeBit-
#181857	NEW    cov: 50 ft: 326 corp: 113/2062b lim: 1370 exec/s: 0 rss: 35Mb L: 28/34 MS: 1 ChangeBit-
#183176	NEW    cov: 50 ft: 337 corp: 114/2085b lim: 1380 exec/s: 0 rss: 35Mb L: 23/34 MS: 4 ChangeByte-ChangeBit-ChangeByte-CopyPart-
#185403	NEW    cov: 50 ft: 338 corp: 115/2104b lim: 1400 exec/s: 0 rss: 35Mb L: 19/34 MS: 2 ChangeBit-ChangeBinInt-
#186289	NEW    cov: 50 ft: 339 corp: 116/2123b lim: 1400 exec/s: 0 rss: 35Mb L: 19/34 MS: 1 ChangeBit-
#189238	REDUCE cov: 50 ft: 339 corp: 116/2121b lim: 1420 exec/s: 0 rss: 35Mb L: 17/34 MS: 4 ChangeBit-ChangeBinInt-ChangeBit-EraseBytes-
#194819	NEW    cov: 50 ft: 340 corp: 117/2149b lim: 1470 exec/s: 0 rss: 35Mb L: 28/34 MS: 1 CrossOver-
#196695	NEW    cov: 50 ft: 342 corp: 118/2177b lim: 1480 exec/s: 0 rss: 35Mb L: 28/34 MS: 1 ChangeASCIIInt-
#207950	REDUCE cov: 50 ft: 342 corp: 118/2175b lim: 1590 exec/s: 0 rss: 35Mb L: 16/34 MS: 5 ChangeByte-ChangeBinInt-EraseBytes-ChangeBinInt-CrossOver-
#212221	NEW    cov: 50 ft: 343 corp: 119/2203b lim: 1630 exec/s: 0 rss: 35Mb L: 28/34 MS: 1 ChangeBit-
#212512	NEW    cov: 50 ft: 344 corp: 120/2222b lim: 1630 exec/s: 0 rss: 35Mb L: 19/34 MS: 1 ChangeBit-
#214773	NEW    cov: 50 ft: 345 corp: 121/2250b lim: 1650 exec/s: 0 rss: 35Mb L: 28/34 MS: 1 ChangeBit-
#216726	NEW    cov: 50 ft: 346 corp: 122/2276b lim: 1660 exec/s: 0 rss: 35Mb L: 26/34 MS: 3 EraseBytes-ShuffleBytes-InsertByte-
#228095	REDUCE cov: 50 ft: 346 corp: 122/2275b lim: 1770 exec/s: 0 rss: 35Mb L: 19/34 MS: 4 ShuffleBytes-EraseBytes-ChangeBinInt-InsertByte-
#228718	REDUCE cov: 50 ft: 346 corp: 122/2273b lim: 1770 exec/s: 0 rss: 35Mb L: 18/34 MS: 3 EraseBytes-ChangeByte-ChangeBit-
#239006	NEW    cov: 50 ft: 350 corp: 123/2301b lim: 1870 exec/s: 0 rss: 35Mb L: 28/34 MS: 3 ChangeBinInt-ShuffleBytes-ChangeASCIIInt-
#253192	NEW    cov: 50 ft: 351 corp: 124/2320b lim: 2010 exec/s: 0 rss: 35Mb L: 19/34 MS: 1 ChangeBit-
#253800	REDUCE cov: 50 ft: 351 corp: 124/2318b lim: 2010 exec/s: 0 rss: 35Mb L: 26/34 MS: 3 ChangeBit-InsertByte-EraseBytes-
#253867	REDUCE cov: 50 ft: 351 corp: 124/2317b lim: 2010 exec/s: 0 rss: 35Mb L: 18/34 MS: 2 ChangeByte-EraseBytes-
#255343	REDUCE cov: 50 ft: 351 corp: 124/2316b lim: 2020 exec/s: 0 rss: 35Mb L: 18/34 MS: 1 EraseBytes-
#264120	REDUCE cov: 50 ft: 351 corp: 124/2314b lim: 2105 exec/s: 0 rss: 35Mb L: 16/34 MS: 2 ChangeBinInt-EraseBytes-
#274791	REDUCE cov: 50 ft: 351 corp: 124/2313b lim: 2204 exec/s: 0 rss: 35Mb L: 18/34 MS: 1 EraseBytes-
#288869	NEW    cov: 50 ft: 353 corp: 125/2338b lim: 2336 exec/s: 0 rss: 35Mb L: 25/34 MS: 3 EraseBytes-ChangeByte-CopyPart-
#289966	REDUCE cov: 50 ft: 353 corp: 125/2337b lim: 2336 exec/s: 0 rss: 35Mb L: 18/34 MS: 2 CopyPart-EraseBytes-
#307942	NEW    cov: 50 ft: 354 corp: 126/2365b lim: 2512 exec/s: 0 rss: 35Mb L: 28/34 MS: 1 ChangeBit-
#308483	REDUCE cov: 50 ft: 355 corp: 127/2382b lim: 2512 exec/s: 0 rss: 35Mb L: 17/34 MS: 1 ChangeByte-
#308555	REDUCE cov: 50 ft: 355 corp: 127/2380b lim: 2512 exec/s: 0 rss: 35Mb L: 17/34 MS: 2 EraseBytes-ChangeBit-
#311746	NEW    cov: 50 ft: 356 corp: 128/2397b lim: 2534 exec/s: 0 rss: 35Mb L: 17/34 MS: 1 ChangeBinInt-
#312512	NEW    cov: 50 ft: 357 corp: 129/2420b lim: 2534 exec/s: 0 rss: 35Mb L: 23/34 MS: 1 ChangeByte-
#342861	REDUCE cov: 50 ft: 357 corp: 129/2418b lim: 2831 exec/s: 0 rss: 35Mb L: 16/34 MS: 4 ChangeBit-CopyPart-EraseBytes-ChangeByte-
#359268	REDUCE cov: 50 ft: 357 corp: 129/2416b lim: 2985 exec/s: 0 rss: 35Mb L: 17/34 MS: 2 EraseBytes-ChangeBinInt-
#369071	REDUCE cov: 50 ft: 357 corp: 129/2414b lim: 3073 exec/s: 0 rss: 35Mb L: 24/34 MS: 3 EraseBytes-ChangeASCIIInt-InsertByte-
#377157	NEW    cov: 50 ft: 358 corp: 130/2431b lim: 3150 exec/s: 0 rss: 35Mb L: 17/34 MS: 1 ChangeBinInt-
#385483	REDUCE cov: 50 ft: 358 corp: 130/2430b lim: 3227 exec/s: 0 rss: 35Mb L: 16/34 MS: 1 EraseBytes-
#396914	NEW    cov: 50 ft: 359 corp: 131/2447b lim: 3337 exec/s: 0 rss: 35Mb L: 17/34 MS: 1 ShuffleBytes-
#397116	REDUCE cov: 50 ft: 359 corp: 131/2446b lim: 3337 exec/s: 0 rss: 35Mb L: 22/34 MS: 2 EraseBytes-ChangeByte-
#423411	REDUCE cov: 50 ft: 359 corp: 131/2444b lim: 3590 exec/s: 423411 rss: 35Mb L: 16/34 MS: 3 CrossOver-InsertByte-EraseBytes-
#430604	REDUCE cov: 50 ft: 359 corp: 131/2443b lim: 3656 exec/s: 430604 rss: 35Mb L: 21/34 MS: 3 CMP-EraseBytes-CMP- DE: "\377y"-"b\000\000\000"-
#431986	REDUCE cov: 50 ft: 359 corp: 131/2441b lim: 3667 exec/s: 431986 rss: 35Mb L: 15/34 MS: 2 InsertByte-EraseBytes-
#440139	NEW    cov: 50 ft: 360 corp: 132/2469b lim: 3744 exec/s: 440139 rss: 35Mb L: 28/34 MS: 3 ChangeASCIIInt-ShuffleBytes-ShuffleBytes-
#442794	REDUCE cov: 50 ft: 360 corp: 132/2467b lim: 3766 exec/s: 442794 rss: 35Mb L: 26/34 MS: 5 ChangeBit-InsertByte-ChangeBinInt-EraseBytes-InsertByte-
#444842	NEW    cov: 50 ft: 362 corp: 133/2495b lim: 3777 exec/s: 444842 rss: 35Mb L: 28/34 MS: 3 ChangeASCIIInt-ChangeByte-CopyPart-
#448858	REDUCE cov: 50 ft: 363 corp: 134/2513b lim: 3810 exec/s: 448858 rss: 35Mb L: 18/34 MS: 1 ShuffleBytes-
#456404	NEW    cov: 50 ft: 364 corp: 135/2536b lim: 3876 exec/s: 456404 rss: 35Mb L: 23/34 MS: 1 ChangeBit-
#499591	REDUCE cov: 50 ft: 364 corp: 135/2535b lim: 4096 exec/s: 499591 rss: 35Mb L: 16/34 MS: 2 ChangeBit-EraseBytes-
#502372	NEW    cov: 50 ft: 365 corp: 136/2553b lim: 4096 exec/s: 502372 rss: 35Mb L: 18/34 MS: 1 ShuffleBytes-
#503299	NEW    cov: 50 ft: 366 corp: 137/2571b lim: 4096 exec/s: 503299 rss: 35Mb L: 18/34 MS: 2 ChangeByte-ChangeASCIIInt-
#511786	REDUCE cov: 50 ft: 366 corp: 137/2569b lim: 4096 exec/s: 511786 rss: 35Mb L: 17/34 MS: 2 ChangeBit-EraseBytes-
#530448	REDUCE cov: 50 ft: 366 corp: 137/2567b lim: 4096 exec/s: 530448 rss: 35Mb L: 17/34 MS: 2 ChangeBinInt-EraseBytes-
#531470	REDUCE cov: 50 ft: 366 corp: 137/2565b lim: 4096 exec/s: 531470 rss: 35Mb L: 16/34 MS: 2 EraseBytes-PersAutoDict- DE: "\377\377"-
#540066	REDUCE cov: 50 ft: 366 corp: 137/2564b lim: 4096 exec/s: 540066 rss: 35Mb L: 16/34 MS: 1 EraseBytes-
#544279	REDUCE cov: 50 ft: 366 corp: 137/2562b lim: 4096 exec/s: 544279 rss: 35Mb L: 16/34 MS: 3 PersAutoDict-InsertByte-EraseBytes- DE: "\377\377"-
#555052	REDUCE cov: 50 ft: 366 corp: 137/2561b lim: 4096 exec/s: 555052 rss: 35Mb L: 15/34 MS: 3 CMP-EraseBytes-PersAutoDict- DE: " \000\000\000\000\000\000\000"-"\377\377"-
#563695	REDUCE cov: 50 ft: 366 corp: 137/2559b lim: 4096 exec/s: 563695 rss: 35Mb L: 22/34 MS: 3 EraseBytes-ChangeBit-InsertByte-
#576942	REDUCE cov: 50 ft: 366 corp: 137/2558b lim: 4096 exec/s: 576942 rss: 36Mb L: 18/34 MS: 2 EraseBytes-ChangeByte-
#617304	REDUCE cov: 50 ft: 366 corp: 137/2557b lim: 4096 exec/s: 617304 rss: 36Mb L: 18/34 MS: 2 ShuffleBytes-EraseBytes-
#643457	REDUCE cov: 50 ft: 366 corp: 137/2555b lim: 4096 exec/s: 643457 rss: 36Mb L: 16/34 MS: 3 CopyPart-InsertByte-EraseBytes-
#651153	NEW    cov: 50 ft: 367 corp: 138/2573b lim: 4096 exec/s: 651153 rss: 36Mb L: 18/34 MS: 1 CopyPart-
#683206	NEW    cov: 50 ft: 368 corp: 139/2589b lim: 4096 exec/s: 683206 rss: 36Mb L: 16/34 MS: 3 ChangeBinInt-EraseBytes-InsertByte-
#686582	NEW    cov: 50 ft: 369 corp: 140/2605b lim: 4096 exec/s: 686582 rss: 36Mb L: 16/34 MS: 1 ChangeByte-
#698418	NEW    cov: 50 ft: 370 corp: 141/2621b lim: 4096 exec/s: 698418 rss: 36Mb L: 16/34 MS: 1 CopyPart-
#712405	REDUCE cov: 50 ft: 370 corp: 141/2613b lim: 4096 exec/s: 712405 rss: 36Mb L: 20/34 MS: 2 EraseBytes-InsertByte-
#749656	NEW    cov: 50 ft: 372 corp: 142/2641b lim: 4096 exec/s: 749656 rss: 36Mb L: 28/34 MS: 1 CopyPart-
#756294	REDUCE cov: 50 ft: 372 corp: 142/2639b lim: 4096 exec/s: 756294 rss: 36Mb L: 16/34 MS: 3 CopyPart-ChangeBit-EraseBytes-
#764796	REDUCE cov: 50 ft: 372 corp: 142/2637b lim: 4096 exec/s: 764796 rss: 36Mb L: 24/34 MS: 2 CopyPart-EraseBytes-
#777079	REDUCE cov: 50 ft: 372 corp: 142/2636b lim: 4096 exec/s: 777079 rss: 36Mb L: 20/34 MS: 3 EraseBytes-CopyPart-CrossOver-
#782155	NEW    cov: 50 ft: 373 corp: 143/2652b lim: 4096 exec/s: 782155 rss: 36Mb L: 16/34 MS: 1 ChangeBit-
#788003	REDUCE cov: 50 ft: 373 corp: 143/2650b lim: 4096 exec/s: 788003 rss: 36Mb L: 17/34 MS: 3 ChangeByte-EraseBytes-CopyPart-
#789074	NEW    cov: 50 ft: 375 corp: 144/2666b lim: 4096 exec/s: 789074 rss: 36Mb L: 16/34 MS: 1 CopyPart-
#794710	NEW    cov: 50 ft: 376 corp: 145/2682b lim: 4096 exec/s: 794710 rss: 36Mb L: 16/34 MS: 1 ChangeBit-
#795942	NEW    cov: 50 ft: 377 corp: 146/2698b lim: 4096 exec/s: 795942 rss: 36Mb L: 16/34 MS: 2 PersAutoDict-CopyPart- DE: "\377y"-
#796283	NEW    cov: 50 ft: 378 corp: 147/2714b lim: 4096 exec/s: 796283 rss: 36Mb L: 16/34 MS: 1 ChangeBinInt-
#796474	NEW    cov: 50 ft: 379 corp: 148/2730b lim: 4096 exec/s: 796474 rss: 36Mb L: 16/34 MS: 1 ChangeASCIIInt-
#802125	REDUCE cov: 50 ft: 379 corp: 148/2729b lim: 4096 exec/s: 802125 rss: 36Mb L: 16/34 MS: 1 EraseBytes-
#812606	NEW    cov: 50 ft: 380 corp: 149/2745b lim: 4096 exec/s: 812606 rss: 36Mb L: 16/34 MS: 1 ChangeBit-
#813267	NEW    cov: 50 ft: 381 corp: 150/2761b lim: 4096 exec/s: 813267 rss: 36Mb L: 16/34 MS: 1 CrossOver-
#822841	REDUCE cov: 50 ft: 381 corp: 150/2759b lim: 4096 exec/s: 822841 rss: 36Mb L: 15/34 MS: 4 ShuffleBytes-ChangeBinInt-ChangeByte-EraseBytes-
#827597	REDUCE cov: 50 ft: 381 corp: 150/2758b lim: 4096 exec/s: 827597 rss: 36Mb L: 18/34 MS: 1 EraseBytes-
#827673	NEW    cov: 50 ft: 382 corp: 151/2774b lim: 4096 exec/s: 827673 rss: 36Mb L: 16/34 MS: 1 CrossOver-
#827777	NEW    cov: 50 ft: 383 corp: 152/2802b lim: 4096 exec/s: 827777 rss: 36Mb L: 28/34 MS: 4 ChangeASCIIInt-ChangeASCIIInt-ChangeASCIIInt-CopyPart-
#828543	NEW    cov: 50 ft: 384 corp: 153/2818b lim: 4096 exec/s: 828543 rss: 36Mb L: 16/34 MS: 1 ChangeBit-
#830679	NEW    cov: 50 ft: 385 corp: 154/2834b lim: 4096 exec/s: 830679 rss: 36Mb L: 16/34 MS: 1 CopyPart-
#831155	NEW    cov: 50 ft: 386 corp: 155/2850b lim: 4096 exec/s: 831155 rss: 36Mb L: 16/34 MS: 1 ChangeASCIIInt-
#831166	NEW    cov: 50 ft: 387 corp: 156/2866b lim: 4096 exec/s: 831166 rss: 36Mb L: 16/34 MS: 1 ChangeASCIIInt-
#831168	NEW    cov: 50 ft: 389 corp: 157/2882b lim: 4096 exec/s: 831168 rss: 36Mb L: 16/34 MS: 2 ShuffleBytes-ChangeASCIIInt-
#832509	NEW    cov: 50 ft: 390 corp: 158/2898b lim: 4096 exec/s: 832509 rss: 36Mb L: 16/34 MS: 1 ChangeASCIIInt-
#834850	NEW    cov: 50 ft: 391 corp: 159/2914b lim: 4096 exec/s: 834850 rss: 36Mb L: 16/34 MS: 1 ChangeASCIIInt-
#835641	REDUCE cov: 50 ft: 391 corp: 159/2913b lim: 4096 exec/s: 835641 rss: 36Mb L: 16/34 MS: 1 EraseBytes-
#835883	NEW    cov: 50 ft: 392 corp: 160/2929b lim: 4096 exec/s: 835883 rss: 36Mb L: 16/34 MS: 2 ChangeByte-ChangeByte-
#835909	NEW    cov: 50 ft: 393 corp: 161/2945b lim: 4096 exec/s: 835909 rss: 36Mb L: 16/34 MS: 1 CopyPart-
#837491	NEW    cov: 50 ft: 394 corp: 162/2961b lim: 4096 exec/s: 837491 rss: 36Mb L: 16/34 MS: 2 ChangeBit-ChangeASCIIInt-
#838177	NEW    cov: 50 ft: 395 corp: 163/2977b lim: 4096 exec/s: 838177 rss: 36Mb L: 16/34 MS: 1 ChangeBit-
#843684	NEW    cov: 50 ft: 396 corp: 164/2993b lim: 4096 exec/s: 843684 rss: 36Mb L: 16/34 MS: 2 ChangeASCIIInt-ChangeBinInt-
#844205	NEW    cov: 50 ft: 397 corp: 165/3009b lim: 4096 exec/s: 844205 rss: 36Mb L: 16/34 MS: 1 ChangeASCIIInt-
#934437	REDUCE cov: 50 ft: 397 corp: 165/3007b lim: 4096 exec/s: 467218 rss: 36Mb L: 19/34 MS: 2 CopyPart-EraseBytes-
#991998	REDUCE cov: 50 ft: 397 corp: 165/3006b lim: 4096 exec/s: 495999 rss: 36Mb L: 16/34 MS: 1 EraseBytes-
#1030976	REDUCE cov: 50 ft: 397 corp: 165/3004b lim: 4096 exec/s: 515488 rss: 36Mb L: 22/34 MS: 3 PersAutoDict-ShuffleBytes-EraseBytes- DE: "\377\377"-
#1081674	REDUCE cov: 50 ft: 397 corp: 165/3002b lim: 4096 exec/s: 540837 rss: 36Mb L: 15/34 MS: 3 ChangeBinInt-CMP-EraseBytes- DE: "\377\377\3770"-
#1108690	NEW    cov: 50 ft: 399 corp: 166/3030b lim: 4096 exec/s: 554345 rss: 36Mb L: 28/34 MS: 1 ChangeBit-
#1117671	REDUCE cov: 50 ft: 399 corp: 166/3029b lim: 4096 exec/s: 558835 rss: 36Mb L: 16/34 MS: 1 EraseBytes-
#1237585	REDUCE cov: 50 ft: 399 corp: 166/3027b lim: 4096 exec/s: 618792 rss: 36Mb L: 17/34 MS: 4 ChangeBit-ShuffleBytes-CopyPart-EraseBytes-
#1238334	REDUCE cov: 50 ft: 399 corp: 166/3025b lim: 4096 exec/s: 619167 rss: 36Mb L: 16/34 MS: 4 ChangeBit-EraseBytes-InsertByte-InsertByte-
#1445996	REDUCE cov: 50 ft: 399 corp: 166/3023b lim: 4096 exec/s: 481998 rss: 36Mb L: 16/34 MS: 2 CopyPart-EraseBytes-
#1687980	REDUCE cov: 50 ft: 399 corp: 166/3022b lim: 4096 exec/s: 562660 rss: 36Mb L: 15/34 MS: 4 InsertByte-CMP-EraseBytes-ChangeBit- DE: "\377\377\377Y"-
#1803723	REDUCE cov: 50 ft: 399 corp: 166/3021b lim: 4096 exec/s: 450930 rss: 36Mb L: 16/34 MS: 3 PersAutoDict-ChangeBinInt-EraseBytes- DE: "\377\377"-
#1812170	REDUCE cov: 50 ft: 399 corp: 166/3019b lim: 4096 exec/s: 453042 rss: 36Mb L: 17/34 MS: 2 EraseBytes-ChangeBinInt-
#1932429	REDUCE cov: 50 ft: 399 corp: 166/3017b lim: 4096 exec/s: 483107 rss: 36Mb L: 17/34 MS: 4 ShuffleBytes-ChangeBit-EraseBytes-InsertByte-
#2016772	REDUCE cov: 50 ft: 399 corp: 166/3015b lim: 4096 exec/s: 504193 rss: 36Mb L: 16/34 MS: 3 CrossOver-ChangeByte-EraseBytes-
#2135176	REDUCE cov: 50 ft: 399 corp: 166/3013b lim: 4096 exec/s: 533794 rss: 36Mb L: 16/34 MS: 4 ChangeByte-ShuffleBytes-ShuffleBytes-EraseBytes-
#2154659	REDUCE cov: 50 ft: 399 corp: 166/3011b lim: 4096 exec/s: 538664 rss: 36Mb L: 17/34 MS: 3 CrossOver-EraseBytes-InsertByte-
#2181980	REDUCE cov: 50 ft: 399 corp: 166/3010b lim: 4096 exec/s: 545495 rss: 36Mb L: 16/34 MS: 1 EraseBytes-
#2438917	REDUCE cov: 50 ft: 399 corp: 166/3008b lim: 4096 exec/s: 487783 rss: 36Mb L: 24/34 MS: 2 CopyPart-EraseBytes-
#2564330	REDUCE cov: 50 ft: 399 corp: 166/3006b lim: 4096 exec/s: 512866 rss: 36Mb L: 16/34 MS: 3 EraseBytes-ChangeBit-InsertByte-
#2574732	REDUCE cov: 50 ft: 399 corp: 166/3004b lim: 4096 exec/s: 514946 rss: 36Mb L: 16/34 MS: 2 EraseBytes-InsertByte-
#2689312	REDUCE cov: 50 ft: 399 corp: 166/3002b lim: 4096 exec/s: 448218 rss: 36Mb L: 16/34 MS: 5 ChangeBit-CrossOver-ShuffleBytes-CrossOver-EraseBytes-
#2806101	REDUCE cov: 50 ft: 399 corp: 166/2999b lim: 4096 exec/s: 467683 rss: 36Mb L: 15/34 MS: 4 ChangeByte-EraseBytes-ChangeBit-ChangeBit-
#2870079	REDUCE cov: 50 ft: 399 corp: 166/2997b lim: 4096 exec/s: 478346 rss: 36Mb L: 16/34 MS: 3 ChangeBinInt-ChangeBit-EraseBytes-
#2959762	REDUCE cov: 50 ft: 399 corp: 166/2995b lim: 4096 exec/s: 493293 rss: 36Mb L: 17/34 MS: 3 CopyPart-EraseBytes-ChangeByte-
#3032157	REDUCE cov: 50 ft: 399 corp: 166/2983b lim: 4096 exec/s: 505359 rss: 36Mb L: 16/34 MS: 5 ChangeBit-CopyPart-ShuffleBytes-EraseBytes-EraseBytes-
#3136091	NEW    cov: 50 ft: 405 corp: 167/3014b lim: 4096 exec/s: 448013 rss: 36Mb L: 31/34 MS: 4 CrossOver-CopyPart-EraseBytes-EraseBytes-
#3138353	NEW    cov: 50 ft: 407 corp: 168/3045b lim: 4096 exec/s: 448336 rss: 36Mb L: 31/34 MS: 2 ChangeBinInt-CrossOver-
#3616124	NEW    cov: 50 ft: 408 corp: 169/3077b lim: 4096 exec/s: 452015 rss: 36Mb L: 32/34 MS: 1 InsertByte-
#3855331	NEW    cov: 50 ft: 410 corp: 170/3099b lim: 4096 exec/s: 481916 rss: 36Mb L: 22/34 MS: 2 EraseBytes-ShuffleBytes-
#4167399	REDUCE cov: 50 ft: 410 corp: 170/3097b lim: 4096 exec/s: 463044 rss: 36Mb L: 22/34 MS: 3 EraseBytes-ChangeASCIIInt-ChangeBit-
#4300088	REDUCE cov: 50 ft: 410 corp: 170/3095b lim: 4096 exec/s: 477787 rss: 36Mb L: 26/34 MS: 4 ChangeBit-ChangeBit-EraseBytes-CrossOver-
#4340008	REDUCE cov: 50 ft: 410 corp: 170/3094b lim: 4096 exec/s: 482223 rss: 36Mb L: 17/34 MS: 5 CrossOver-EraseBytes-PersAutoDict-InsertByte-InsertByte- DE: "\377\377\3770"-
#4380965	REDUCE cov: 50 ft: 410 corp: 170/3092b lim: 4096 exec/s: 486773 rss: 36Mb L: 24/34 MS: 2 CopyPart-EraseBytes-
#4996022	REDUCE cov: 50 ft: 410 corp: 170/3090b lim: 4096 exec/s: 454183 rss: 36Mb L: 15/34 MS: 2 EraseBytes-ChangeBinInt-
#5014565	REDUCE cov: 50 ft: 410 corp: 170/3088b lim: 4096 exec/s: 455869 rss: 36Mb L: 16/34 MS: 3 ChangeASCIIInt-EraseBytes-ChangeByte-
#5106243	REDUCE cov: 50 ft: 410 corp: 170/3086b lim: 4096 exec/s: 464203 rss: 36Mb L: 16/34 MS: 3 ShuffleBytes-ChangeBit-EraseBytes-
#5503210	REDUCE cov: 50 ft: 412 corp: 171/3102b lim: 4096 exec/s: 458600 rss: 36Mb L: 16/34 MS: 2 ShuffleBytes-ChangeBit-
#5504491	NEW    cov: 50 ft: 413 corp: 172/3118b lim: 4096 exec/s: 458707 rss: 36Mb L: 16/34 MS: 1 ChangeBit-
#6111673	REDUCE cov: 50 ft: 413 corp: 172/3116b lim: 4096 exec/s: 470128 rss: 36Mb L: 15/34 MS: 2 EraseBytes-CopyPart-
#6187955	NEW    cov: 50 ft: 415 corp: 173/3149b lim: 4096 exec/s: 475996 rss: 36Mb L: 33/34 MS: 2 ChangeBinInt-InsertByte-
#6189551	NEW    cov: 50 ft: 417 corp: 174/3182b lim: 4096 exec/s: 476119 rss: 36Mb L: 33/34 MS: 1 CopyPart-
#6200085	REDUCE cov: 50 ft: 417 corp: 174/3181b lim: 4096 exec/s: 476929 rss: 36Mb L: 32/34 MS: 4 PersAutoDict-ChangeBit-EraseBytes-ChangeBinInt- DE: "\004\000\000\000\000\000\000\000"-
#6201768	REDUCE cov: 50 ft: 417 corp: 174/3180b lim: 4096 exec/s: 477059 rss: 36Mb L: 32/34 MS: 3 ShuffleBytes-ChangeBit-EraseBytes-
#6202287	REDUCE cov: 50 ft: 417 corp: 174/3176b lim: 4096 exec/s: 477099 rss: 36Mb L: 28/34 MS: 4 ChangeByte-CopyPart-ShuffleBytes-EraseBytes-
#6206894	REDUCE cov: 50 ft: 422 corp: 175/3208b lim: 4096 exec/s: 477453 rss: 36Mb L: 32/34 MS: 2 ShuffleBytes-ShuffleBytes-
#6212302	REDUCE cov: 50 ft: 422 corp: 175/3200b lim: 4096 exec/s: 477869 rss: 36Mb L: 20/34 MS: 3 ShuffleBytes-CMP-EraseBytes- DE: "\377\377\377\377\377\377\377\037"-
#6259244	REDUCE cov: 50 ft: 422 corp: 175/3198b lim: 4096 exec/s: 481480 rss: 36Mb L: 18/34 MS: 2 ChangeBinInt-EraseBytes-
#6277667	REDUCE cov: 50 ft: 422 corp: 175/3190b lim: 4096 exec/s: 448404 rss: 36Mb L: 20/34 MS: 3 ChangeByte-EraseBytes-ShuffleBytes-
#6410360	REDUCE cov: 50 ft: 422 corp: 175/3188b lim: 4096 exec/s: 457882 rss: 36Mb L: 16/34 MS: 3 CopyPart-EraseBytes-CopyPart-
#6508304	REDUCE cov: 50 ft: 422 corp: 175/3187b lim: 4096 exec/s: 464878 rss: 36Mb L: 16/34 MS: 4 InsertByte-ChangeASCIIInt-ChangeByte-EraseBytes-
#6515241	REDUCE cov: 50 ft: 422 corp: 175/3185b lim: 4096 exec/s: 465374 rss: 36Mb L: 20/34 MS: 2 CrossOver-EraseBytes-
#8262210	REDUCE cov: 50 ft: 422 corp: 175/3181b lim: 4096 exec/s: 459011 rss: 36Mb L: 16/34 MS: 4 ShuffleBytes-EraseBytes-InsertByte-ChangeBit-
#8388608	pulse  cov: 50 ft: 422 corp: 175/3181b lim: 4096 exec/s: 466033 rss: 36Mb
#9249380	REDUCE cov: 50 ft: 422 corp: 175/3180b lim: 4096 exec/s: 462469 rss: 36Mb L: 22/34 MS: 5 ChangeBit-ChangeByte-EraseBytes-ChangeBinInt-CopyPart-
#10014460	REDUCE cov: 50 ft: 422 corp: 175/3179b lim: 4096 exec/s: 455202 rss: 36Mb L: 22/34 MS: 5 CopyPart-InsertByte-EraseBytes-ChangeBit-InsertByte-
#10755994	REDUCE cov: 50 ft: 422 corp: 175/3178b lim: 4096 exec/s: 467651 rss: 36Mb L: 15/34 MS: 4 ShuffleBytes-CopyPart-EraseBytes-ChangeBit-
#11376351	NEW    cov: 50 ft: 424 corp: 176/3210b lim: 4096 exec/s: 455054 rss: 36Mb L: 32/34 MS: 2 CrossOver-ShuffleBytes-
#12646065	REDUCE cov: 50 ft: 424 corp: 176/3209b lim: 4096 exec/s: 451645 rss: 36Mb L: 15/34 MS: 4 InsertByte-PersAutoDict-CopyPart-EraseBytes- DE: " \000\000\000\000\000\000\000"-
#14414162	REDUCE cov: 50 ft: 424 corp: 176/3207b lim: 4096 exec/s: 450442 rss: 36Mb L: 20/34 MS: 2 EraseBytes-InsertByte-
#14555685	REDUCE cov: 50 ft: 424 corp: 176/3203b lim: 4096 exec/s: 454865 rss: 36Mb L: 28/34 MS: 3 EraseBytes-ShuffleBytes-CopyPart-
#15137842	REDUCE cov: 50 ft: 424 corp: 176/3199b lim: 4096 exec/s: 458722 rss: 36Mb L: 16/34 MS: 2 EraseBytes-ChangeBit-
#16692081	REDUCE cov: 50 ft: 424 corp: 176/3198b lim: 4096 exec/s: 451137 rss: 36Mb L: 15/34 MS: 4 EraseBytes-InsertByte-ShuffleBytes-InsertByte-
#16777216	pulse  cov: 50 ft: 424 corp: 176/3198b lim: 4096 exec/s: 453438 rss: 36Mb
#19775085	REDUCE cov: 50 ft: 424 corp: 176/3197b lim: 4096 exec/s: 449433 rss: 36Mb L: 15/34 MS: 4 ChangeByte-ChangeBinInt-ChangeBit-EraseBytes-
#19862607	REDUCE cov: 50 ft: 424 corp: 176/3189b lim: 4096 exec/s: 451422 rss: 36Mb L: 20/34 MS: 2 EraseBytes-ShuffleBytes-
#22161264	REDUCE cov: 50 ft: 424 corp: 176/3187b lim: 4096 exec/s: 452270 rss: 36Mb L: 20/34 MS: 2 ChangeBit-EraseBytes-
#22244238	REDUCE cov: 50 ft: 424 corp: 176/3186b lim: 4096 exec/s: 453964 rss: 36Mb L: 15/34 MS: 4 EraseBytes-ChangeBinInt-CopyPart-ChangeBit-
#30318658	REDUCE cov: 50 ft: 424 corp: 176/3185b lim: 4096 exec/s: 452517 rss: 36Mb L: 22/34 MS: 5 ShuffleBytes-ChangeBit-ChangeBit-ChangeBit-EraseBytes-
#30498997	REDUCE cov: 50 ft: 424 corp: 176/3184b lim: 4096 exec/s: 448514 rss: 36Mb L: 15/34 MS: 4 PersAutoDict-CopyPart-EraseBytes-ChangeByte- DE: " \000\000\000\000\000\000\000"-
#30935094	REDUCE cov: 50 ft: 424 corp: 176/3180b lim: 4096 exec/s: 448334 rss: 36Mb L: 24/34 MS: 2 ShuffleBytes-EraseBytes-
#31756512	REDUCE cov: 50 ft: 424 corp: 176/3176b lim: 4096 exec/s: 453664 rss: 36Mb L: 16/34 MS: 3 ChangeBinInt-EraseBytes-ChangeBit-
#32598245	NEW    cov: 50 ft: 425 corp: 177/3192b lim: 4096 exec/s: 452753 rss: 36Mb L: 16/34 MS: 3 ChangeBinInt-EraseBytes-CrossOver-
#32988931	NEW    cov: 50 ft: 426 corp: 178/3208b lim: 4096 exec/s: 451903 rss: 36Mb L: 16/34 MS: 1 CopyPart-
#33436670	NEW    cov: 50 ft: 428 corp: 179/3236b lim: 4096 exec/s: 451846 rss: 36Mb L: 28/34 MS: 4 CrossOver-ChangeASCIIInt-ChangeASCIIInt-CopyPart-
#33999425	REDUCE cov: 50 ft: 428 corp: 179/3235b lim: 4096 exec/s: 447360 rss: 36Mb L: 15/34 MS: 5 CrossOver-ChangeBinInt-EraseBytes-ShuffleBytes-PersAutoDict- DE: "\377\377\377Y"-
#35350242	NEW    cov: 50 ft: 429 corp: 180/3251b lim: 4096 exec/s: 447471 rss: 36Mb L: 16/34 MS: 2 CopyPart-ChangeBit-
#35384993	NEW    cov: 50 ft: 430 corp: 181/3267b lim: 4096 exec/s: 447911 rss: 36Mb L: 16/34 MS: 1 ChangeBit-
#35394234	NEW    cov: 50 ft: 431 corp: 182/3283b lim: 4096 exec/s: 448028 rss: 36Mb L: 16/34 MS: 1 ChangeByte-
#36020989	REDUCE cov: 50 ft: 431 corp: 182/3282b lim: 4096 exec/s: 450262 rss: 36Mb L: 15/34 MS: 5 CrossOver-ChangeASCIIInt-EraseBytes-ShuffleBytes-EraseBytes-
#36085790	NEW    cov: 50 ft: 432 corp: 183/3298b lim: 4096 exec/s: 451072 rss: 36Mb L: 16/34 MS: 1 ChangeByte-
#36503937	NEW    cov: 50 ft: 433 corp: 184/3314b lim: 4096 exec/s: 450665 rss: 36Mb L: 16/34 MS: 2 CopyPart-ChangeASCIIInt-
#37109901	NEW    cov: 50 ft: 434 corp: 185/3330b lim: 4096 exec/s: 447107 rss: 36Mb L: 16/34 MS: 4 ChangeBit-ChangeBinInt-ChangeASCIIInt-CopyPart-
#41467413	REDUCE cov: 50 ft: 434 corp: 185/3326b lim: 4096 exec/s: 450732 rss: 36Mb L: 16/34 MS: 2 EraseBytes-ShuffleBytes-
#47658088	REDUCE cov: 50 ft: 434 corp: 185/3325b lim: 4096 exec/s: 449604 rss: 36Mb L: 15/34 MS: 5 CrossOver-InsertByte-ShuffleBytes-PersAutoDict-EraseBytes- DE: " \000\000\000\000\000\000\000"-
#53068222	NEW    cov: 50 ft: 435 corp: 186/3341b lim: 4096 exec/s: 445951 rss: 36Mb L: 16/34 MS: 4 InsertRepeatedBytes-InsertByte-EraseBytes-EraseBytes-
#55987524	REDUCE cov: 50 ft: 435 corp: 186/3337b lim: 4096 exec/s: 447900 rss: 36Mb L: 20/34 MS: 2 CrossOver-EraseBytes-
#63037051	REDUCE cov: 50 ft: 435 corp: 186/3334b lim: 4096 exec/s: 447071 rss: 36Mb L: 25/34 MS: 2 CopyPart-EraseBytes-
#66645809	REDUCE cov: 50 ft: 435 corp: 186/3333b lim: 4096 exec/s: 447287 rss: 36Mb L: 15/34 MS: 3 InsertByte-EraseBytes-ChangeBit-
#67108864	pulse  cov: 50 ft: 435 corp: 186/3333b lim: 4096 exec/s: 447392 rss: 36Mb
#68970304	REDUCE cov: 50 ft: 435 corp: 186/3332b lim: 4096 exec/s: 444969 rss: 36Mb L: 15/34 MS: 5 InsertByte-ChangeBit-ChangeBit-EraseBytes-InsertByte-
#69447152	REDUCE cov: 50 ft: 435 corp: 186/3324b lim: 4096 exec/s: 445174 rss: 36Mb L: 20/34 MS: 3 CrossOver-CrossOver-EraseBytes-
#71975950	REDUCE cov: 50 ft: 435 corp: 186/3323b lim: 4096 exec/s: 444295 rss: 36Mb L: 24/34 MS: 3 ChangeASCIIInt-EraseBytes-ChangeByte-
#73283322	REDUCE cov: 50 ft: 435 corp: 186/3321b lim: 4096 exec/s: 446849 rss: 36Mb L: 18/34 MS: 2 CopyPart-EraseBytes-
#73297007	REDUCE cov: 50 ft: 435 corp: 186/3313b lim: 4096 exec/s: 444224 rss: 36Mb L: 20/34 MS: 5 ChangeBit-ChangeBinInt-EraseBytes-ChangeBit-EraseBytes-
#81138149	REDUCE cov: 50 ft: 435 corp: 186/3306b lim: 4096 exec/s: 445814 rss: 37Mb L: 21/34 MS: 2 EraseBytes-CrossOver-
#85641137	REDUCE cov: 50 ft: 435 corp: 186/3305b lim: 4096 exec/s: 443736 rss: 37Mb L: 15/34 MS: 3 PersAutoDict-CrossOver-EraseBytes- DE: "\377\377"-
#89282504	REDUCE cov: 50 ft: 435 corp: 186/3302b lim: 4096 exec/s: 444191 rss: 37Mb L: 19/34 MS: 2 EraseBytes-ShuffleBytes-
#89774328	REDUCE cov: 50 ft: 435 corp: 186/3301b lim: 4096 exec/s: 444427 rss: 37Mb L: 15/34 MS: 4 EraseBytes-ChangeBit-ChangeBinInt-ChangeBit-
#93318620	REDUCE cov: 50 ft: 435 corp: 186/3300b lim: 4096 exec/s: 444374 rss: 37Mb L: 20/34 MS: 2 PersAutoDict-EraseBytes- DE: "b\000\000\000"-
#96764363	REDUCE cov: 50 ft: 435 corp: 186/3292b lim: 4096 exec/s: 443873 rss: 37Mb L: 20/34 MS: 3 EraseBytes-ChangeBit-EraseBytes-
#101851915	REDUCE cov: 50 ft: 435 corp: 186/3284b lim: 4096 exec/s: 444768 rss: 37Mb L: 20/34 MS: 2 EraseBytes-EraseBytes-
#117827683	REDUCE cov: 50 ft: 435 corp: 186/3280b lim: 4096 exec/s: 444632 rss: 37Mb L: 16/34 MS: 3 PersAutoDict-ChangeBit-EraseBytes- DE: "b\000\000\000"-
#123465331	REDUCE cov: 50 ft: 435 corp: 186/3272b lim: 4096 exec/s: 444119 rss: 37Mb L: 20/34 MS: 3 ChangeByte-EraseBytes-ShuffleBytes-
#124065431	REDUCE cov: 50 ft: 435 corp: 186/3271b lim: 4096 exec/s: 443090 rss: 37Mb L: 15/34 MS: 5 CopyPart-ChangeASCIIInt-CopyPart-EraseBytes-ChangeBit-
#129850229	REDUCE cov: 50 ft: 435 corp: 186/3270b lim: 4096 exec/s: 443174 rss: 37Mb L: 15/34 MS: 3 EraseBytes-ChangeBit-CMP- DE: "\377\377\377t"-
#130177603	REDUCE cov: 50 ft: 435 corp: 186/3267b lim: 4096 exec/s: 444292 rss: 37Mb L: 20/34 MS: 4 ChangeBit-EraseBytes-ChangeBit-ShuffleBytes-
#141128851	REDUCE cov: 50 ft: 435 corp: 186/3259b lim: 4096 exec/s: 443801 rss: 37Mb L: 20/34 MS: 3 InsertByte-ShuffleBytes-EraseBytes-
#155222169	REDUCE cov: 50 ft: 435 corp: 186/3247b lim: 4096 exec/s: 443491 rss: 37Mb L: 16/34 MS: 3 EraseBytes-InsertByte-CrossOver-
#160591027	REDUCE cov: 50 ft: 435 corp: 186/3243b lim: 4096 exec/s: 443621 rss: 37Mb L: 16/34 MS: 3 EraseBytes-ChangeByte-ChangeBit-
#196635829	NEW    cov: 50 ft: 436 corp: 187/3259b lim: 4096 exec/s: 442873 rss: 37Mb L: 16/34 MS: 2 CopyPart-ShuffleBytes-
#196710130	NEW    cov: 50 ft: 437 corp: 188/3275b lim: 4096 exec/s: 443040 rss: 37Mb L: 16/34 MS: 1 ChangeBit-
#196774456	NEW    cov: 50 ft: 438 corp: 189/3291b lim: 4096 exec/s: 443185 rss: 37Mb L: 16/34 MS: 1 CopyPart-
#212477291	REDUCE cov: 50 ft: 438 corp: 189/3283b lim: 4096 exec/s: 443585 rss: 37Mb L: 20/34 MS: 5 ShuffleBytes-CopyPart-PersAutoDict-EraseBytes-CrossOver- DE: "\377\377\377t"-
#220355098	REDUCE cov: 50 ft: 438 corp: 189/3275b lim: 4096 exec/s: 443370 rss: 37Mb L: 20/34 MS: 2 EraseBytes-EraseBytes-
#237145180	REDUCE cov: 50 ft: 438 corp: 189/3272b lim: 4096 exec/s: 443262 rss: 37Mb L: 19/34 MS: 2 EraseBytes-ShuffleBytes-
#244443429	REDUCE cov: 50 ft: 438 corp: 189/3271b lim: 4096 exec/s: 442832 rss: 37Mb L: 15/34 MS: 4 ChangeASCIIInt-ChangeBit-EraseBytes-ChangeByte-
#254357554	REDUCE cov: 50 ft: 438 corp: 189/3263b lim: 4096 exec/s: 443131 rss: 37Mb L: 20/34 MS: 5 EraseBytes-CopyPart-ChangeBit-CopyPart-CopyPart-
#254669386	REDUCE cov: 50 ft: 438 corp: 189/3259b lim: 4096 exec/s: 442903 rss: 37Mb L: 24/34 MS: 2 CrossOver-EraseBytes-
#263214871	NEW    cov: 50 ft: 439 corp: 190/3293b lim: 4096 exec/s: 442377 rss: 37Mb L: 34/34 MS: 5 ChangeBinInt-CrossOver-InsertRepeatedBytes-InsertByte-InsertByte-
==22349== libFuzzer: run interrupted; exiting
==22349== libFuzzer: run interrupted; exiting
