INFO: Running with entropic power schedule (0xFF, 100).
INFO: Seed: 761980012
INFO: Loaded 1 modules   (70 inline 8-bit counters): 70 [0x560a87b99030, 0x560a87b99076), 
INFO: Loaded 1 PC tables (70 PCs): 70 [0xc000068000,0xc000068460), 
INFO:        6 files found in corpus
INFO: -max_len is not provided; libFuzzer will not generate inputs larger than 5409 bytes
INFO: seed corpus: files: 6 min: 21b max: 5409b total: 5521b rss: 30Mb
#7	INITED cov: 42 ft: 161 corp: 5/112b exec/s: 0 rss: 30Mb
#15	NEW    cov: 42 ft: 162 corp: 6/135b lim: 24 exec/s: 0 rss: 30Mb L: 23/24 MS: 3 ChangeASCIIInt-ShuffleBytes-ChangeByte-
#32	NEW    cov: 43 ft: 165 corp: 7/158b lim: 24 exec/s: 0 rss: 30Mb L: 23/24 MS: 2 ChangeASCIIInt-ChangeBinInt-
#33	NEW    cov: 44 ft: 176 corp: 8/180b lim: 24 exec/s: 0 rss: 30Mb L: 22/24 MS: 1 ChangeByte-
#39	NEW    cov: 45 ft: 180 corp: 9/194b lim: 24 exec/s: 0 rss: 30Mb L: 14/24 MS: 1 EraseBytes-
#42	NEW    cov: 45 ft: 181 corp: 10/206b lim: 24 exec/s: 0 rss: 30Mb L: 12/24 MS: 3 ChangeBinInt-ChangeBinInt-EraseBytes-
#45	NEW    cov: 45 ft: 183 corp: 11/216b lim: 24 exec/s: 0 rss: 30Mb L: 10/24 MS: 3 EraseBytes-ChangeASCIIInt-CrossOver-
#47	NEW    cov: 45 ft: 184 corp: 12/232b lim: 24 exec/s: 0 rss: 30Mb L: 16/24 MS: 2 ShuffleBytes-InsertRepeatedBytes-
#53	NEW    cov: 46 ft: 193 corp: 13/254b lim: 24 exec/s: 0 rss: 30Mb L: 22/24 MS: 1 ChangeBit-
#58	NEW    cov: 46 ft: 196 corp: 14/276b lim: 24 exec/s: 0 rss: 30Mb L: 22/24 MS: 5 InsertByte-CMP-ChangeBit-ChangeASCIIInt-InsertByte- DE: "\001\000\000\000\000\000\000\026"-
#65	NEW    cov: 46 ft: 197 corp: 15/295b lim: 24 exec/s: 0 rss: 30Mb L: 19/24 MS: 2 EraseBytes-CMP- DE: "\001\000\000\000\000\000\000\012"-
#82	NEW    cov: 46 ft: 200 corp: 16/297b lim: 24 exec/s: 0 rss: 30Mb L: 2/24 MS: 2 InsertRepeatedBytes-CrossOver-
#124	NEW    cov: 46 ft: 203 corp: 17/312b lim: 24 exec/s: 0 rss: 30Mb L: 15/24 MS: 2 CrossOver-InsertRepeatedBytes-
#130	NEW    cov: 46 ft: 205 corp: 18/334b lim: 24 exec/s: 0 rss: 30Mb L: 22/24 MS: 1 CrossOver-
#161	NEW    cov: 46 ft: 208 corp: 19/356b lim: 24 exec/s: 0 rss: 30Mb L: 22/24 MS: 1 PersAutoDict- DE: "\001\000\000\000\000\000\000\026"-
#163	NEW    cov: 46 ft: 216 corp: 20/376b lim: 24 exec/s: 0 rss: 30Mb L: 20/24 MS: 2 ChangeByte-InsertByte-
#173	NEW    cov: 46 ft: 217 corp: 21/400b lim: 24 exec/s: 0 rss: 30Mb L: 24/24 MS: 5 ChangeByte-CrossOver-ChangeASCIIInt-ShuffleBytes-ChangeBinInt-
#174	NEW    cov: 46 ft: 225 corp: 22/422b lim: 24 exec/s: 0 rss: 30Mb L: 22/24 MS: 1 ChangeBinInt-
#195	NEW    cov: 46 ft: 226 corp: 23/442b lim: 24 exec/s: 0 rss: 30Mb L: 20/24 MS: 1 ChangeBit-
#231	NEW    cov: 46 ft: 228 corp: 24/464b lim: 24 exec/s: 0 rss: 30Mb L: 22/24 MS: 1 ShuffleBytes-
#307	NEW    cov: 46 ft: 229 corp: 25/486b lim: 24 exec/s: 0 rss: 30Mb L: 22/24 MS: 1 EraseBytes-
#309	NEW    cov: 46 ft: 230 corp: 26/508b lim: 24 exec/s: 0 rss: 30Mb L: 22/24 MS: 2 PersAutoDict-InsertRepeatedBytes- DE: "\001\000\000\000\000\000\000\026"-
#358	NEW    cov: 46 ft: 234 corp: 27/530b lim: 24 exec/s: 0 rss: 30Mb L: 22/24 MS: 4 ChangeBinInt-CopyPart-ChangeBit-ChangeBit-
#370	REDUCE cov: 46 ft: 234 corp: 27/522b lim: 24 exec/s: 0 rss: 30Mb L: 15/24 MS: 2 EraseBytes-InsertByte-
#387	NEW    cov: 46 ft: 236 corp: 28/544b lim: 24 exec/s: 0 rss: 30Mb L: 22/24 MS: 2 ShuffleBytes-CopyPart-
#397	REDUCE cov: 46 ft: 236 corp: 28/542b lim: 24 exec/s: 0 rss: 30Mb L: 17/24 MS: 5 EraseBytes-ChangeBit-InsertByte-ChangeByte-InsertByte-
#428	NEW    cov: 46 ft: 238 corp: 29/564b lim: 24 exec/s: 0 rss: 30Mb L: 22/24 MS: 1 CopyPart-
#461	NEW    cov: 46 ft: 240 corp: 30/586b lim: 24 exec/s: 0 rss: 30Mb L: 22/24 MS: 3 EraseBytes-CopyPart-InsertByte-
#657	NEW    cov: 46 ft: 241 corp: 31/608b lim: 24 exec/s: 0 rss: 30Mb L: 22/24 MS: 1 CrossOver-
#788	NEW    cov: 46 ft: 242 corp: 32/630b lim: 24 exec/s: 0 rss: 30Mb L: 22/24 MS: 1 ShuffleBytes-
#809	NEW    cov: 47 ft: 247 corp: 33/652b lim: 24 exec/s: 0 rss: 30Mb L: 22/24 MS: 1 ChangeBit-
#841	NEW    cov: 47 ft: 249 corp: 34/674b lim: 24 exec/s: 0 rss: 30Mb L: 22/24 MS: 2 ShuffleBytes-CrossOver-
#858	NEW    cov: 47 ft: 251 corp: 35/696b lim: 24 exec/s: 0 rss: 30Mb L: 22/24 MS: 2 ChangeBinInt-ChangeBit-
#889	NEW    cov: 47 ft: 253 corp: 36/718b lim: 24 exec/s: 0 rss: 30Mb L: 22/24 MS: 1 ChangeByte-
#904	NEW    cov: 47 ft: 255 corp: 37/740b lim: 24 exec/s: 0 rss: 30Mb L: 22/24 MS: 5 EraseBytes-ShuffleBytes-ChangeByte-ChangeBinInt-InsertByte-
#955	NEW    cov: 47 ft: 256 corp: 38/762b lim: 24 exec/s: 0 rss: 30Mb L: 22/24 MS: 1 InsertByte-
#991	NEW    cov: 47 ft: 257 corp: 39/784b lim: 24 exec/s: 0 rss: 30Mb L: 22/24 MS: 1 CopyPart-
#1002	NEW    cov: 47 ft: 259 corp: 40/806b lim: 24 exec/s: 0 rss: 30Mb L: 22/24 MS: 1 CopyPart-
#1008	NEW    cov: 47 ft: 260 corp: 41/828b lim: 24 exec/s: 0 rss: 30Mb L: 22/24 MS: 1 ChangeByte-
#1049	NEW    cov: 47 ft: 262 corp: 42/850b lim: 24 exec/s: 0 rss: 30Mb L: 22/24 MS: 1 ShuffleBytes-
#1071	NEW    cov: 47 ft: 263 corp: 43/872b lim: 24 exec/s: 0 rss: 30Mb L: 22/24 MS: 2 ShuffleBytes-ChangeBit-
#1088	NEW    cov: 48 ft: 264 corp: 44/894b lim: 24 exec/s: 0 rss: 30Mb L: 22/24 MS: 2 CopyPart-ChangeByte-
#1161	NEW    cov: 48 ft: 265 corp: 45/912b lim: 24 exec/s: 0 rss: 30Mb L: 18/24 MS: 3 ChangeBit-ChangeBinInt-EraseBytes-
#1247	REDUCE cov: 48 ft: 265 corp: 45/910b lim: 24 exec/s: 0 rss: 30Mb L: 20/24 MS: 1 CrossOver-
#1264	NEW    cov: 48 ft: 266 corp: 46/932b lim: 24 exec/s: 0 rss: 30Mb L: 22/24 MS: 2 ChangeASCIIInt-ChangeBinInt-
#1347	NEW    cov: 48 ft: 267 corp: 47/954b lim: 24 exec/s: 0 rss: 30Mb L: 22/24 MS: 3 ChangeByte-ChangeASCIIInt-ChangeByte-
#1755	NEW    cov: 48 ft: 268 corp: 48/982b lim: 28 exec/s: 0 rss: 31Mb L: 28/28 MS: 3 EraseBytes-CrossOver-InsertRepeatedBytes-
#1771	NEW    cov: 48 ft: 269 corp: 49/1004b lim: 28 exec/s: 0 rss: 31Mb L: 22/28 MS: 1 ChangeASCIIInt-
#1782	NEW    cov: 48 ft: 270 corp: 50/1026b lim: 28 exec/s: 0 rss: 31Mb L: 22/28 MS: 1 ChangeASCIIInt-
#1793	NEW    cov: 48 ft: 271 corp: 51/1048b lim: 28 exec/s: 0 rss: 31Mb L: 22/28 MS: 1 ChangeByte-
#1796	NEW    cov: 48 ft: 278 corp: 52/1070b lim: 28 exec/s: 0 rss: 31Mb L: 22/28 MS: 3 ChangeASCIIInt-ChangeByte-CopyPart-
#1853	REDUCE cov: 48 ft: 281 corp: 53/1095b lim: 28 exec/s: 0 rss: 31Mb L: 25/28 MS: 2 CopyPart-InsertByte-
#2196	NEW    cov: 48 ft: 282 corp: 54/1122b lim: 28 exec/s: 0 rss: 31Mb L: 27/28 MS: 3 ChangeASCIIInt-InsertRepeatedBytes-CrossOver-
#2257	NEW    cov: 48 ft: 284 corp: 55/1144b lim: 28 exec/s: 0 rss: 31Mb L: 22/28 MS: 1 CrossOver-
#2329	REDUCE cov: 48 ft: 284 corp: 55/1143b lim: 28 exec/s: 0 rss: 31Mb L: 27/27 MS: 2 ChangeBit-EraseBytes-
#2744	NEW    cov: 48 ft: 285 corp: 56/1172b lim: 32 exec/s: 0 rss: 31Mb L: 29/29 MS: 5 InsertRepeatedBytes-ChangeByte-CMP-ChangeByte-InsertByte- DE: "0\000"-
#2751	REDUCE cov: 48 ft: 285 corp: 56/1170b lim: 32 exec/s: 0 rss: 31Mb L: 15/29 MS: 2 EraseBytes-CopyPart-
#2789	NEW    cov: 48 ft: 286 corp: 57/1201b lim: 32 exec/s: 0 rss: 31Mb L: 31/31 MS: 3 CrossOver-ChangeByte-InsertRepeatedBytes-
#3033	REDUCE cov: 48 ft: 287 corp: 58/1223b lim: 32 exec/s: 0 rss: 31Mb L: 22/31 MS: 4 CrossOver-ShuffleBytes-InsertRepeatedBytes-CrossOver-
#3210	REDUCE cov: 48 ft: 288 corp: 59/1246b lim: 32 exec/s: 0 rss: 31Mb L: 23/31 MS: 2 ChangeBinInt-InsertRepeatedBytes-
#3583	REDUCE cov: 48 ft: 288 corp: 59/1239b lim: 32 exec/s: 0 rss: 31Mb L: 17/31 MS: 3 ChangeBinInt-InsertByte-EraseBytes-
#4110	NEW    cov: 48 ft: 289 corp: 60/1272b lim: 37 exec/s: 0 rss: 31Mb L: 33/33 MS: 2 ChangeByte-InsertRepeatedBytes-
#4200	NEW    cov: 48 ft: 291 corp: 61/1306b lim: 37 exec/s: 0 rss: 31Mb L: 34/34 MS: 5 CopyPart-EraseBytes-CopyPart-ShuffleBytes-CrossOver-
#4401	NEW    cov: 48 ft: 292 corp: 62/1328b lim: 37 exec/s: 0 rss: 31Mb L: 22/34 MS: 1 ChangeByte-
#4519	REDUCE cov: 48 ft: 292 corp: 62/1327b lim: 37 exec/s: 0 rss: 31Mb L: 22/34 MS: 3 EraseBytes-ChangeByte-InsertRepeatedBytes-
#4875	NEW    cov: 48 ft: 294 corp: 63/1349b lim: 37 exec/s: 0 rss: 31Mb L: 22/34 MS: 1 ChangeASCIIInt-
#5046	REDUCE cov: 48 ft: 294 corp: 63/1343b lim: 37 exec/s: 0 rss: 31Mb L: 16/34 MS: 1 EraseBytes-
#5422	NEW    cov: 48 ft: 295 corp: 64/1365b lim: 37 exec/s: 0 rss: 32Mb L: 22/34 MS: 1 ChangeBit-
#7204	REDUCE cov: 48 ft: 295 corp: 64/1363b lim: 52 exec/s: 0 rss: 32Mb L: 22/34 MS: 2 EraseBytes-InsertByte-
#7701	NEW    cov: 48 ft: 297 corp: 65/1385b lim: 52 exec/s: 0 rss: 32Mb L: 22/34 MS: 2 ShuffleBytes-CrossOver-
#8225	REDUCE cov: 48 ft: 297 corp: 65/1382b lim: 57 exec/s: 0 rss: 32Mb L: 15/34 MS: 4 ChangeBit-EraseBytes-ChangeBinInt-CopyPart-
#8361	NEW    cov: 48 ft: 299 corp: 66/1404b lim: 57 exec/s: 0 rss: 32Mb L: 22/34 MS: 1 ShuffleBytes-
#8684	REDUCE cov: 48 ft: 299 corp: 66/1403b lim: 57 exec/s: 0 rss: 32Mb L: 19/34 MS: 3 ChangeBinInt-PersAutoDict-EraseBytes- DE: "\001\000\000\000\000\000\000\026"-
#8923	NEW    cov: 48 ft: 306 corp: 67/1425b lim: 57 exec/s: 0 rss: 32Mb L: 22/34 MS: 4 ChangeByte-ChangeBit-ChangeASCIIInt-CrossOver-
#11165	REDUCE cov: 48 ft: 306 corp: 67/1424b lim: 79 exec/s: 0 rss: 33Mb L: 18/34 MS: 2 PersAutoDict-EraseBytes- DE: "\001\000\000\000\000\000\000\026"-
#12046	NEW    cov: 48 ft: 309 corp: 68/1446b lim: 85 exec/s: 0 rss: 33Mb L: 22/34 MS: 1 ChangeASCIIInt-
#12326	REDUCE cov: 48 ft: 309 corp: 68/1442b lim: 85 exec/s: 0 rss: 33Mb L: 18/34 MS: 5 EraseBytes-CopyPart-CrossOver-CopyPart-EraseBytes-
#12457	NEW    cov: 48 ft: 311 corp: 69/1464b lim: 85 exec/s: 0 rss: 33Mb L: 22/34 MS: 1 ShuffleBytes-
#12753	REDUCE cov: 48 ft: 311 corp: 69/1459b lim: 85 exec/s: 0 rss: 33Mb L: 17/34 MS: 1 EraseBytes-
#13204	REDUCE cov: 48 ft: 311 corp: 69/1456b lim: 85 exec/s: 0 rss: 33Mb L: 15/34 MS: 1 EraseBytes-
#13210	NEW    cov: 48 ft: 313 corp: 70/1478b lim: 85 exec/s: 0 rss: 33Mb L: 22/34 MS: 1 ShuffleBytes-
#15536	NEW    cov: 48 ft: 315 corp: 71/1500b lim: 103 exec/s: 0 rss: 34Mb L: 22/34 MS: 1 ChangeASCIIInt-
#15572	NEW    cov: 48 ft: 317 corp: 72/1522b lim: 103 exec/s: 0 rss: 34Mb L: 22/34 MS: 1 ChangeASCIIInt-
#18632	REDUCE cov: 48 ft: 317 corp: 72/1520b lim: 133 exec/s: 0 rss: 34Mb L: 20/34 MS: 5 ShuffleBytes-InsertByte-ChangeBinInt-InsertByte-EraseBytes-
#19051	NEW    cov: 48 ft: 319 corp: 73/1542b lim: 133 exec/s: 0 rss: 34Mb L: 22/34 MS: 4 CrossOver-CMP-ChangeByte-CrossOver- DE: "\000\000\000\000\000\000\000\000"-
#23713	REDUCE cov: 48 ft: 319 corp: 73/1540b lim: 175 exec/s: 0 rss: 35Mb L: 20/34 MS: 2 EraseBytes-ChangeBinInt-
#26240	REDUCE cov: 48 ft: 319 corp: 73/1538b lim: 196 exec/s: 0 rss: 35Mb L: 25/34 MS: 2 CrossOver-InsertByte-
#31819	NEW    cov: 48 ft: 320 corp: 74/1560b lim: 245 exec/s: 0 rss: 35Mb L: 22/34 MS: 4 ShuffleBytes-CopyPart-ShuffleBytes-ChangeBinInt-
#32612	NEW    cov: 48 ft: 322 corp: 75/1582b lim: 252 exec/s: 0 rss: 35Mb L: 22/34 MS: 3 CrossOver-ChangeByte-ChangeASCIIInt-
#35092	REDUCE cov: 48 ft: 322 corp: 75/1581b lim: 275 exec/s: 0 rss: 35Mb L: 15/34 MS: 5 CopyPart-CMP-PersAutoDict-ChangeBit-EraseBytes- DE: "\016\000\000\000\000\000\000\000"-"0\000"-
#39452	REDUCE cov: 48 ft: 322 corp: 75/1579b lim: 315 exec/s: 0 rss: 35Mb L: 16/34 MS: 5 InsertByte-ChangeBinInt-CopyPart-EraseBytes-CopyPart-
#41356	NEW    cov: 48 ft: 323 corp: 76/1602b lim: 331 exec/s: 0 rss: 35Mb L: 23/34 MS: 4 InsertByte-ChangeBinInt-ChangeASCIIInt-ShuffleBytes-
#41462	REDUCE cov: 48 ft: 323 corp: 76/1601b lim: 331 exec/s: 0 rss: 35Mb L: 22/34 MS: 1 EraseBytes-
#45349	REDUCE cov: 48 ft: 323 corp: 76/1596b lim: 363 exec/s: 0 rss: 35Mb L: 17/34 MS: 2 PersAutoDict-EraseBytes- DE: "\001\000\000\000\000\000\000\012"-
#45650	REDUCE cov: 48 ft: 323 corp: 76/1594b lim: 363 exec/s: 0 rss: 35Mb L: 15/34 MS: 1 EraseBytes-
#49449	REDUCE cov: 48 ft: 323 corp: 76/1590b lim: 395 exec/s: 0 rss: 35Mb L: 16/34 MS: 4 ChangeASCIIInt-ChangeByte-ChangeBinInt-EraseBytes-
#51017	REDUCE cov: 48 ft: 323 corp: 76/1588b lim: 403 exec/s: 0 rss: 35Mb L: 20/34 MS: 3 InsertByte-InsertByte-EraseBytes-
#51058	NEW    cov: 48 ft: 325 corp: 77/1610b lim: 403 exec/s: 0 rss: 35Mb L: 22/34 MS: 1 ChangeBit-
#55909	NEW    cov: 49 ft: 330 corp: 78/1632b lim: 451 exec/s: 0 rss: 35Mb L: 22/34 MS: 1 ChangeBinInt-
#57203	REDUCE cov: 49 ft: 330 corp: 78/1630b lim: 459 exec/s: 0 rss: 35Mb L: 18/34 MS: 4 ShuffleBytes-EraseBytes-ChangeASCIIInt-ChangeByte-
#59249	NEW    cov: 49 ft: 332 corp: 79/1652b lim: 475 exec/s: 0 rss: 35Mb L: 22/34 MS: 1 ShuffleBytes-
#60051	NEW    cov: 49 ft: 333 corp: 80/1674b lim: 475 exec/s: 0 rss: 35Mb L: 22/34 MS: 2 ChangeASCIIInt-CMP- DE: "5\000"-
#60787	NEW    cov: 49 ft: 335 corp: 81/1696b lim: 475 exec/s: 0 rss: 35Mb L: 22/34 MS: 1 ChangeASCIIInt-
#61129	NEW    cov: 49 ft: 336 corp: 82/1718b lim: 475 exec/s: 0 rss: 35Mb L: 22/34 MS: 2 ChangeASCIIInt-ChangeASCIIInt-
#61201	NEW    cov: 49 ft: 337 corp: 83/1740b lim: 475 exec/s: 0 rss: 35Mb L: 22/34 MS: 2 ChangeByte-ShuffleBytes-
#62018	NEW    cov: 49 ft: 338 corp: 84/1762b lim: 483 exec/s: 0 rss: 35Mb L: 22/34 MS: 2 ChangeBit-ShuffleBytes-
#62734	NEW    cov: 49 ft: 339 corp: 85/1784b lim: 483 exec/s: 0 rss: 35Mb L: 22/34 MS: 1 ChangeASCIIInt-
#64666	NEW    cov: 49 ft: 340 corp: 86/1806b lim: 499 exec/s: 0 rss: 35Mb L: 22/34 MS: 2 ChangeBinInt-ShuffleBytes-
#65787	NEW    cov: 49 ft: 341 corp: 87/1828b lim: 507 exec/s: 0 rss: 35Mb L: 22/34 MS: 1 ChangeASCIIInt-
#66338	NEW    cov: 49 ft: 342 corp: 88/1850b lim: 507 exec/s: 0 rss: 35Mb L: 22/34 MS: 1 ShuffleBytes-
#66760	NEW    cov: 49 ft: 343 corp: 89/1872b lim: 507 exec/s: 0 rss: 35Mb L: 22/34 MS: 2 CrossOver-ChangeASCIIInt-
#68359	NEW    cov: 49 ft: 345 corp: 90/1894b lim: 515 exec/s: 0 rss: 35Mb L: 22/34 MS: 4 PersAutoDict-ChangeASCIIInt-ChangeByte-EraseBytes- DE: "5\000"-
#68425	NEW    cov: 49 ft: 347 corp: 91/1916b lim: 515 exec/s: 0 rss: 35Mb L: 22/34 MS: 1 ChangeASCIIInt-
#69047	NEW    cov: 49 ft: 348 corp: 92/1938b lim: 515 exec/s: 0 rss: 35Mb L: 22/34 MS: 2 ChangeASCIIInt-CrossOver-
#69878	NEW    cov: 49 ft: 349 corp: 93/1960b lim: 515 exec/s: 0 rss: 35Mb L: 22/34 MS: 1 ChangeASCIIInt-
#70004	NEW    cov: 49 ft: 350 corp: 94/1982b lim: 515 exec/s: 0 rss: 35Mb L: 22/34 MS: 1 ChangeASCIIInt-
#70451	NEW    cov: 49 ft: 351 corp: 95/2004b lim: 515 exec/s: 0 rss: 35Mb L: 22/34 MS: 2 ChangeByte-ShuffleBytes-
#70832	NEW    cov: 49 ft: 352 corp: 96/2026b lim: 515 exec/s: 0 rss: 35Mb L: 22/34 MS: 1 CopyPart-
#70843	NEW    cov: 49 ft: 353 corp: 97/2048b lim: 515 exec/s: 0 rss: 35Mb L: 22/34 MS: 1 CrossOver-
#71144	NEW    cov: 49 ft: 354 corp: 98/2070b lim: 515 exec/s: 0 rss: 35Mb L: 22/34 MS: 1 CopyPart-
#71460	NEW    cov: 49 ft: 355 corp: 99/2092b lim: 515 exec/s: 0 rss: 35Mb L: 22/34 MS: 1 ShuffleBytes-
#71540	NEW    cov: 49 ft: 356 corp: 100/2114b lim: 515 exec/s: 0 rss: 35Mb L: 22/34 MS: 5 ShuffleBytes-EraseBytes-ChangeByte-PersAutoDict-ChangeBinInt- DE: "\001\000\000\000\000\000\000\026"-
#71591	NEW    cov: 49 ft: 357 corp: 101/2136b lim: 515 exec/s: 0 rss: 35Mb L: 22/34 MS: 1 ShuffleBytes-
#72062	NEW    cov: 49 ft: 358 corp: 102/2158b lim: 515 exec/s: 0 rss: 35Mb L: 22/34 MS: 1 ChangeASCIIInt-
#72908	NEW    cov: 49 ft: 359 corp: 103/2180b lim: 515 exec/s: 0 rss: 35Mb L: 22/34 MS: 1 ShuffleBytes-
#73530	NEW    cov: 49 ft: 361 corp: 104/2202b lim: 515 exec/s: 0 rss: 35Mb L: 22/34 MS: 2 ChangeASCIIInt-ChangeBit-
#74122	NEW    cov: 49 ft: 362 corp: 105/2224b lim: 515 exec/s: 0 rss: 35Mb L: 22/34 MS: 2 ChangeASCIIInt-ShuffleBytes-
#75108	NEW    cov: 49 ft: 363 corp: 106/2246b lim: 524 exec/s: 0 rss: 35Mb L: 22/34 MS: 1 ShuffleBytes-
#75144	NEW    cov: 49 ft: 364 corp: 107/2268b lim: 524 exec/s: 0 rss: 35Mb L: 22/34 MS: 1 ShuffleBytes-
#75240	NEW    cov: 49 ft: 365 corp: 108/2290b lim: 524 exec/s: 0 rss: 35Mb L: 22/34 MS: 1 ChangeASCIIInt-
#76576	NEW    cov: 49 ft: 366 corp: 109/2312b lim: 533 exec/s: 0 rss: 35Mb L: 22/34 MS: 1 CopyPart-
#77752	NEW    cov: 49 ft: 367 corp: 110/2334b lim: 542 exec/s: 0 rss: 35Mb L: 22/34 MS: 1 ChangeASCIIInt-
#78058	NEW    cov: 49 ft: 368 corp: 111/2356b lim: 542 exec/s: 0 rss: 35Mb L: 22/34 MS: 1 CopyPart-
#79349	NEW    cov: 49 ft: 369 corp: 112/2378b lim: 551 exec/s: 0 rss: 35Mb L: 22/34 MS: 1 ShuffleBytes-
#79710	NEW    cov: 49 ft: 370 corp: 113/2400b lim: 551 exec/s: 0 rss: 35Mb L: 22/34 MS: 1 ChangeASCIIInt-
#79746	NEW    cov: 49 ft: 371 corp: 114/2422b lim: 551 exec/s: 0 rss: 35Mb L: 22/34 MS: 1 ChangeByte-
#79840	NEW    cov: 49 ft: 372 corp: 115/2444b lim: 551 exec/s: 0 rss: 35Mb L: 22/34 MS: 4 ChangeBit-ChangeByte-ChangeBinInt-ChangeASCIIInt-
#81818	NEW    cov: 49 ft: 374 corp: 116/2466b lim: 569 exec/s: 0 rss: 35Mb L: 22/34 MS: 3 ChangeBit-ChangeBit-CopyPart-
#86310	REDUCE cov: 49 ft: 374 corp: 116/2464b lim: 605 exec/s: 0 rss: 35Mb L: 20/34 MS: 2 EraseBytes-InsertByte-
#89806	NEW    cov: 49 ft: 375 corp: 117/2486b lim: 632 exec/s: 0 rss: 35Mb L: 22/34 MS: 1 ChangeBit-
#95167	NEW    cov: 49 ft: 376 corp: 118/2508b lim: 677 exec/s: 0 rss: 35Mb L: 22/34 MS: 1 CopyPart-
#95206	REDUCE cov: 49 ft: 376 corp: 118/2502b lim: 677 exec/s: 0 rss: 35Mb L: 17/34 MS: 4 ChangeBinInt-PersAutoDict-ChangeASCIIInt-EraseBytes- DE: "\001\000\000\000\000\000\000\012"-
#98147	NEW    cov: 49 ft: 377 corp: 119/2524b lim: 704 exec/s: 0 rss: 35Mb L: 22/34 MS: 1 ChangeBinInt-
#100030	REDUCE cov: 49 ft: 377 corp: 119/2522b lim: 722 exec/s: 0 rss: 35Mb L: 20/34 MS: 3 InsertByte-EraseBytes-ChangeBit-
#100705	NEW    cov: 49 ft: 378 corp: 120/2544b lim: 722 exec/s: 0 rss: 35Mb L: 22/34 MS: 5 ChangeBinInt-ShuffleBytes-ChangeByte-ChangeByte-ChangeBinInt-
#102274	REDUCE cov: 49 ft: 378 corp: 120/2540b lim: 731 exec/s: 0 rss: 35Mb L: 18/34 MS: 4 EraseBytes-InsertByte-ChangeASCIIInt-InsertByte-
#103930	NEW    cov: 49 ft: 379 corp: 121/2562b lim: 740 exec/s: 0 rss: 35Mb L: 22/34 MS: 1 CopyPart-
#107451	NEW    cov: 49 ft: 381 corp: 122/2584b lim: 767 exec/s: 0 rss: 35Mb L: 22/34 MS: 1 ChangeASCIIInt-
#108795	REDUCE cov: 49 ft: 381 corp: 122/2582b lim: 776 exec/s: 0 rss: 35Mb L: 20/34 MS: 4 CopyPart-ChangeByte-ChangeByte-EraseBytes-
#113131	NEW    cov: 50 ft: 384 corp: 123/2604b lim: 812 exec/s: 0 rss: 35Mb L: 22/34 MS: 1 ChangeBinInt-
#115617	NEW    cov: 50 ft: 385 corp: 124/2626b lim: 830 exec/s: 0 rss: 35Mb L: 22/34 MS: 1 ChangeASCIIInt-
#131484	REDUCE cov: 50 ft: 385 corp: 124/2624b lim: 983 exec/s: 0 rss: 35Mb L: 20/34 MS: 2 ChangeByte-EraseBytes-
#131597	NEW    cov: 50 ft: 386 corp: 125/2646b lim: 983 exec/s: 0 rss: 35Mb L: 22/34 MS: 3 ChangeBit-ChangeBit-CopyPart-
#133308	NEW    cov: 50 ft: 387 corp: 126/2668b lim: 992 exec/s: 0 rss: 35Mb L: 22/34 MS: 1 ChangeBit-
#138426	REDUCE cov: 50 ft: 387 corp: 126/2666b lim: 1038 exec/s: 0 rss: 35Mb L: 20/34 MS: 3 EraseBytes-ShuffleBytes-ChangeByte-
#166518	NEW    cov: 50 ft: 388 corp: 127/2688b lim: 1308 exec/s: 0 rss: 36Mb L: 22/34 MS: 2 ChangeASCIIInt-ChangeBit-
#168200	REDUCE cov: 50 ft: 388 corp: 127/2686b lim: 1318 exec/s: 0 rss: 36Mb L: 18/34 MS: 2 ChangeBit-EraseBytes-
#171431	NEW    cov: 50 ft: 392 corp: 128/2708b lim: 1348 exec/s: 0 rss: 36Mb L: 22/34 MS: 1 ChangeBit-
#180797	NEW    cov: 50 ft: 393 corp: 129/2730b lim: 1438 exec/s: 0 rss: 36Mb L: 22/34 MS: 1 ChangeBit-
#187803	NEW    cov: 50 ft: 394 corp: 130/2752b lim: 1498 exec/s: 0 rss: 36Mb L: 22/34 MS: 1 ChangeBit-
#188869	NEW    cov: 50 ft: 395 corp: 131/2774b lim: 1508 exec/s: 0 rss: 36Mb L: 22/34 MS: 1 ChangeBit-
#190490	NEW    cov: 50 ft: 397 corp: 132/2796b lim: 1518 exec/s: 0 rss: 36Mb L: 22/34 MS: 1 ChangeBit-
#201061	NEW    cov: 50 ft: 398 corp: 133/2818b lim: 1618 exec/s: 0 rss: 36Mb L: 22/34 MS: 1 ChangeBit-
#223008	REDUCE cov: 50 ft: 398 corp: 133/2816b lim: 1828 exec/s: 0 rss: 36Mb L: 18/34 MS: 2 ChangeByte-EraseBytes-
#227145	REDUCE cov: 50 ft: 398 corp: 133/2814b lim: 1868 exec/s: 0 rss: 36Mb L: 20/34 MS: 2 EraseBytes-ChangeBit-
#234877	REDUCE cov: 50 ft: 398 corp: 133/2810b lim: 1938 exec/s: 0 rss: 36Mb L: 18/34 MS: 2 ChangeBinInt-EraseBytes-
#235904	REDUCE cov: 50 ft: 398 corp: 133/2808b lim: 1948 exec/s: 0 rss: 36Mb L: 20/34 MS: 2 EraseBytes-ChangeBit-
#238767	REDUCE cov: 50 ft: 398 corp: 133/2806b lim: 1968 exec/s: 0 rss: 36Mb L: 20/34 MS: 3 EraseBytes-ChangeASCIIInt-ChangeBinInt-
#243954	NEW    cov: 50 ft: 399 corp: 134/2828b lim: 2018 exec/s: 0 rss: 36Mb L: 22/34 MS: 2 ChangeByte-ChangeASCIIInt-
#247505	NEW    cov: 50 ft: 402 corp: 135/2850b lim: 2048 exec/s: 0 rss: 36Mb L: 22/34 MS: 1 ChangeBit-
#248731	NEW    cov: 50 ft: 403 corp: 136/2872b lim: 2059 exec/s: 0 rss: 36Mb L: 22/34 MS: 1 ChangeBit-
#296467	NEW    cov: 50 ft: 405 corp: 137/2894b lim: 2532 exec/s: 0 rss: 36Mb L: 22/34 MS: 1 CrossOver-
#302315	REDUCE cov: 50 ft: 405 corp: 137/2892b lim: 2587 exec/s: 0 rss: 36Mb L: 18/34 MS: 3 CrossOver-EraseBytes-InsertByte-
#333632	NEW    cov: 50 ft: 406 corp: 138/2914b lim: 2895 exec/s: 0 rss: 36Mb L: 22/34 MS: 2 ShuffleBytes-ChangeBit-
#344311	REDUCE cov: 50 ft: 406 corp: 138/2912b lim: 2994 exec/s: 0 rss: 36Mb L: 18/34 MS: 4 InsertByte-ChangeBit-EraseBytes-CopyPart-
#345861	REDUCE cov: 50 ft: 406 corp: 138/2910b lim: 3005 exec/s: 0 rss: 36Mb L: 18/34 MS: 5 PersAutoDict-ChangeByte-InsertByte-ChangeBit-EraseBytes- DE: "5\000"-
#355039	REDUCE cov: 50 ft: 406 corp: 138/2906b lim: 3093 exec/s: 0 rss: 36Mb L: 21/34 MS: 3 ChangeByte-ChangeByte-EraseBytes-
#365869	REDUCE cov: 50 ft: 406 corp: 138/2902b lim: 3192 exec/s: 0 rss: 36Mb L: 18/34 MS: 5 ChangeBinInt-ChangeBinInt-PersAutoDict-ChangeByte-EraseBytes- DE: "0\000"-
#377167	REDUCE cov: 50 ft: 406 corp: 138/2898b lim: 3302 exec/s: 0 rss: 36Mb L: 18/34 MS: 3 PersAutoDict-ChangeBinInt-EraseBytes- DE: "\016\000\000\000\000\000\000\000"-
#390614	REDUCE cov: 50 ft: 406 corp: 138/2896b lim: 3434 exec/s: 0 rss: 36Mb L: 18/34 MS: 2 EraseBytes-ChangeBit-
#391674	REDUCE cov: 50 ft: 406 corp: 138/2894b lim: 3434 exec/s: 0 rss: 36Mb L: 20/34 MS: 5 ChangeByte-InsertByte-ChangeASCIIInt-ChangeBit-EraseBytes-
#393012	REDUCE cov: 50 ft: 406 corp: 138/2892b lim: 3445 exec/s: 0 rss: 36Mb L: 19/34 MS: 3 InsertByte-EraseBytes-ChangeBit-
#394809	NEW    cov: 50 ft: 407 corp: 139/2914b lim: 3456 exec/s: 0 rss: 36Mb L: 22/34 MS: 2 ChangeASCIIInt-ChangeByte-
#402794	REDUCE cov: 50 ft: 407 corp: 139/2912b lim: 3533 exec/s: 402794 rss: 36Mb L: 20/34 MS: 3 ChangeASCIIInt-ChangeBinInt-EraseBytes-
#408947	REDUCE cov: 50 ft: 407 corp: 139/2910b lim: 3588 exec/s: 408947 rss: 36Mb L: 18/34 MS: 3 EraseBytes-InsertByte-ChangeByte-
#434459	NEW    cov: 50 ft: 408 corp: 140/2932b lim: 3841 exec/s: 434459 rss: 36Mb L: 22/34 MS: 2 ShuffleBytes-ChangeBinInt-
panic: found special char in iban [recovered]
	panic: found special char in iban

goroutine 17 [running, locked to thread]:
git.ultraware.nl/iddinkgroep/fundament-api.Fuzz.func1()
	git.ultraware.nl/iddinkgroep/fundament-api/fuzz.go:19 +0xa5
panic({0x560a87163760?, 0x560a87176c70?})
	runtime/panic.go:914 +0x21f
git.ultraware.nl/iddinkgroep/fundament-api.Fuzz({0xc0003b0798, 0x16})
	git.ultraware.nl/iddinkgroep/fundament-api/fuzz.go:34 +0x2b9
git.ultraware.nl/iddinkgroep/fundament-api.Fuzz_(...)
	git.ultraware.nl/iddinkgroep/fundament-api/fuzz.1527825026.go:6
main.LLVMFuzzerTestOneInput(...)
	./main.170485750.go:21
==27599== ERROR: libFuzzer: deadly signal
    #0 0x560a87086630 in __sanitizer_print_stack_trace (/seedai/experiments/libfuzzer/source_iban/libfuzzer+0xaf630) (BuildId: 688cb25bec4564588da2a67f6a2b25148a0fd5d4)
    #1 0x560a87052755 in fuzzer::PrintStackTrace() (/seedai/experiments/libfuzzer/source_iban/libfuzzer+0x7b755) (BuildId: 688cb25bec4564588da2a67f6a2b25148a0fd5d4)
    #2 0x560a870313a9 in fuzzer::Fuzzer::CrashCallback() (.part.0) FuzzerLoop.cpp.o
    #3 0x560a8703146a in fuzzer::Fuzzer::StaticCrashSignalCallback() (/seedai/experiments/libfuzzer/source_iban/libfuzzer+0x5a46a) (BuildId: 688cb25bec4564588da2a67f6a2b25148a0fd5d4)
    #4 0x7f7f924e370f  (/usr/lib/libc.so.6+0x3e70f) (BuildId: 316d0d3666387f0e8fb98773f51aa1801027c5ab)
    #5 0x560a870e6160 in runtime.raise.abi0 runtime/sys_linux_amd64.s:153

NOTE: libFuzzer has rudimentary signal handlers.
      Combine libFuzzer with AddressSanitizer or similar for better crash reports.
SUMMARY: libFuzzer: deadly signal
MS: 1 CopyPart-; base unit: 23a273c57deb3dea10bc3ad7300f27a40b9be884
0x47,0x42,0x38,0x32,0x2d,0x30,0x30,0x30,0x30,0x30,0x30,0x30,0x30,0x30,0x30,0x30,0x37,0x34,0x36,0x32,0x33,0x33,
GB82-00000000000746233
artifact_prefix='./'; Test unit written to ./crash-688745edde14da97b6e83d9034c5e7196a584f3b
Base64: R0I4Mi0wMDAwMDAwMDAwMDc0NjIzMw==
