INFO: Running with entropic power schedule (0xFF, 100).
INFO: Seed: 949019630
INFO: Loaded 1 modules   (70 inline 8-bit counters): 70 [0x55c795fc5030, 0x55c795fc5076), 
INFO: Loaded 1 PC tables (70 PCs): 70 [0xc000068000,0xc000068460), 
INFO:       12 files found in corpus
INFO: -max_len is not provided; libFuzzer will not generate inputs larger than 4096 bytes
INFO: seed corpus: files: 12 min: 2b max: 21b total: 138b rss: 30Mb
#13	INITED cov: 11 ft: 34 corp: 10/106b exec/s: 0 rss: 30Mb
#35	NEW    cov: 11 ft: 35 corp: 11/122b lim: 20 exec/s: 0 rss: 30Mb L: 16/20 MS: 2 CrossOver-InsertByte-
#203	NEW    cov: 13 ft: 41 corp: 12/140b lim: 20 exec/s: 0 rss: 30Mb L: 18/20 MS: 3 ChangeByte-ChangeByte-InsertRepeatedBytes-
#224	REDUCE cov: 13 ft: 41 corp: 12/139b lim: 20 exec/s: 0 rss: 30Mb L: 19/19 MS: 1 EraseBytes-
#237	NEW    cov: 13 ft: 44 corp: 13/157b lim: 20 exec/s: 0 rss: 30Mb L: 18/19 MS: 3 EraseBytes-ChangeBit-InsertRepeatedBytes-
#262	NEW    cov: 13 ft: 45 corp: 14/175b lim: 20 exec/s: 0 rss: 30Mb L: 18/19 MS: 5 ChangeBinInt-ChangeByte-ChangeBit-ChangeBit-ChangeByte-
#288	NEW    cov: 25 ft: 85 corp: 15/194b lim: 20 exec/s: 0 rss: 30Mb L: 19/19 MS: 1 InsertByte-
#310	NEW    cov: 25 ft: 86 corp: 16/213b lim: 20 exec/s: 0 rss: 30Mb L: 19/19 MS: 2 CopyPart-CrossOver-
#333	NEW    cov: 25 ft: 87 corp: 17/230b lim: 20 exec/s: 0 rss: 30Mb L: 17/19 MS: 3 CMP-ChangeByte-EraseBytes- DE: "\377\377"-
#379	NEW    cov: 25 ft: 90 corp: 18/249b lim: 20 exec/s: 0 rss: 30Mb L: 19/19 MS: 1 ChangeBit-
#390	NEW    cov: 30 ft: 112 corp: 19/268b lim: 20 exec/s: 0 rss: 30Mb L: 19/19 MS: 1 CopyPart-
#391	NEW    cov: 30 ft: 114 corp: 20/287b lim: 20 exec/s: 0 rss: 30Mb L: 19/19 MS: 1 ChangeBit-
#442	NEW    cov: 30 ft: 115 corp: 21/306b lim: 20 exec/s: 0 rss: 30Mb L: 19/19 MS: 1 CrossOver-
#458	NEW    cov: 30 ft: 116 corp: 22/325b lim: 20 exec/s: 0 rss: 30Mb L: 19/19 MS: 1 ChangeByte-
#470	NEW    cov: 30 ft: 118 corp: 23/344b lim: 20 exec/s: 0 rss: 30Mb L: 19/19 MS: 2 ShuffleBytes-CrossOver-
#472	NEW    cov: 30 ft: 122 corp: 24/363b lim: 20 exec/s: 0 rss: 30Mb L: 19/19 MS: 2 ChangeByte-CrossOver-
#485	NEW    cov: 30 ft: 128 corp: 25/383b lim: 20 exec/s: 0 rss: 30Mb L: 20/20 MS: 3 CopyPart-CrossOver-ChangeBinInt-
#489	REDUCE cov: 30 ft: 128 corp: 25/382b lim: 20 exec/s: 0 rss: 30Mb L: 18/20 MS: 4 ChangeByte-CopyPart-ShuffleBytes-EraseBytes-
#512	NEW    cov: 30 ft: 129 corp: 26/400b lim: 20 exec/s: 0 rss: 30Mb L: 18/20 MS: 3 ChangeBinInt-ChangeByte-ChangeByte-
#528	NEW    cov: 30 ft: 138 corp: 27/419b lim: 20 exec/s: 0 rss: 30Mb L: 19/20 MS: 1 ChangeByte-
#530	NEW    cov: 30 ft: 146 corp: 28/438b lim: 20 exec/s: 0 rss: 30Mb L: 19/20 MS: 2 ChangeBit-CopyPart-
#641	NEW    cov: 30 ft: 147 corp: 29/454b lim: 20 exec/s: 0 rss: 30Mb L: 16/20 MS: 1 CrossOver-
#765	NEW    cov: 30 ft: 149 corp: 30/473b lim: 20 exec/s: 0 rss: 30Mb L: 19/20 MS: 4 ChangeBinInt-ShuffleBytes-ShuffleBytes-ChangeBit-
#828	NEW    cov: 30 ft: 152 corp: 31/492b lim: 20 exec/s: 0 rss: 30Mb L: 19/20 MS: 3 ChangeByte-ChangeBit-ShuffleBytes-
#849	NEW    cov: 30 ft: 153 corp: 32/511b lim: 20 exec/s: 0 rss: 30Mb L: 19/20 MS: 1 ChangeBinInt-
#852	NEW    cov: 32 ft: 166 corp: 33/531b lim: 20 exec/s: 0 rss: 30Mb L: 20/20 MS: 3 CopyPart-ShuffleBytes-CopyPart-
#854	REDUCE cov: 32 ft: 166 corp: 33/530b lim: 20 exec/s: 0 rss: 30Mb L: 18/20 MS: 2 ShuffleBytes-EraseBytes-
#869	NEW    cov: 32 ft: 167 corp: 34/549b lim: 20 exec/s: 0 rss: 30Mb L: 19/20 MS: 5 CopyPart-ChangeASCIIInt-CopyPart-ChangeBinInt-ChangeByte-
#926	NEW    cov: 32 ft: 170 corp: 35/569b lim: 20 exec/s: 0 rss: 30Mb L: 20/20 MS: 2 ShuffleBytes-ChangeBinInt-
#947	REDUCE cov: 32 ft: 174 corp: 36/587b lim: 20 exec/s: 0 rss: 30Mb L: 18/20 MS: 1 ChangeBit-
#983	NEW    cov: 32 ft: 176 corp: 37/606b lim: 20 exec/s: 0 rss: 30Mb L: 19/20 MS: 1 ChangeBinInt-
#995	REDUCE cov: 32 ft: 176 corp: 37/604b lim: 20 exec/s: 0 rss: 30Mb L: 15/20 MS: 2 CMP-EraseBytes- DE: "\023\000\000\000\000\000\000\000"-
#998	NEW    cov: 32 ft: 179 corp: 38/623b lim: 20 exec/s: 0 rss: 30Mb L: 19/20 MS: 3 ChangeBinInt-PersAutoDict-ChangeBinInt- DE: "\023\000\000\000\000\000\000\000"-
#1018	NEW    cov: 32 ft: 180 corp: 39/643b lim: 20 exec/s: 0 rss: 30Mb L: 20/20 MS: 5 ChangeByte-CopyPart-CrossOver-CopyPart-CopyPart-
#1055	NEW    cov: 32 ft: 181 corp: 40/663b lim: 20 exec/s: 0 rss: 30Mb L: 20/20 MS: 2 ChangeBit-CrossOver-
#1218	NEW    cov: 32 ft: 182 corp: 41/682b lim: 20 exec/s: 0 rss: 30Mb L: 19/20 MS: 3 CrossOver-ChangeBinInt-ChangeBinInt-
#1262	NEW    cov: 32 ft: 183 corp: 42/702b lim: 20 exec/s: 0 rss: 30Mb L: 20/20 MS: 4 CopyPart-ShuffleBytes-ShuffleBytes-ChangeBit-
#1292	NEW    cov: 32 ft: 184 corp: 43/722b lim: 20 exec/s: 0 rss: 30Mb L: 20/20 MS: 5 EraseBytes-CopyPart-ShuffleBytes-ChangeBinInt-CrossOver-
#1468	NEW    cov: 32 ft: 185 corp: 44/742b lim: 20 exec/s: 0 rss: 30Mb L: 20/20 MS: 1 ChangeBit-
#1622	NEW    cov: 32 ft: 187 corp: 45/762b lim: 20 exec/s: 0 rss: 30Mb L: 20/20 MS: 4 CrossOver-CopyPart-CopyPart-ChangeASCIIInt-
#1696	NEW    cov: 32 ft: 188 corp: 46/782b lim: 20 exec/s: 0 rss: 30Mb L: 20/20 MS: 4 ChangeBinInt-CopyPart-CopyPart-ChangeBinInt-
#1787	REDUCE cov: 32 ft: 188 corp: 46/778b lim: 20 exec/s: 0 rss: 30Mb L: 15/20 MS: 1 EraseBytes-
#1860	NEW    cov: 32 ft: 192 corp: 47/798b lim: 20 exec/s: 0 rss: 30Mb L: 20/20 MS: 3 PersAutoDict-ChangeByte-CrossOver- DE: "\377\377"-
#2265	NEW    cov: 32 ft: 193 corp: 48/815b lim: 20 exec/s: 0 rss: 31Mb L: 17/20 MS: 5 ChangeBit-CrossOver-EraseBytes-ShuffleBytes-CopyPart-
#2498	REDUCE cov: 32 ft: 193 corp: 48/813b lim: 20 exec/s: 0 rss: 31Mb L: 18/20 MS: 3 ChangeBit-ChangeBit-EraseBytes-
#2512	NEW    cov: 32 ft: 194 corp: 49/832b lim: 20 exec/s: 0 rss: 31Mb L: 19/20 MS: 4 ChangeByte-ChangeBinInt-ShuffleBytes-ChangeBinInt-
#3010	REDUCE cov: 32 ft: 194 corp: 49/830b lim: 24 exec/s: 0 rss: 31Mb L: 17/20 MS: 3 CMP-EraseBytes-InsertByte- DE: "\001\000\000\000"-
#3051	REDUCE cov: 32 ft: 195 corp: 50/847b lim: 24 exec/s: 0 rss: 31Mb L: 17/20 MS: 1 CrossOver-
#3071	NEW    cov: 32 ft: 196 corp: 51/866b lim: 24 exec/s: 0 rss: 31Mb L: 19/20 MS: 5 PersAutoDict-CMP-ChangeBit-ChangeByte-ChangeByte- DE: "\001\000\000\000"-"\001\000\000\000\000\000\000\017"-
#3479	NEW    cov: 32 ft: 197 corp: 52/894b lim: 28 exec/s: 0 rss: 31Mb L: 28/28 MS: 3 CMP-InsertRepeatedBytes-CrossOver- DE: "\001\000\000\000\000\000\000\024"-
#3768	REDUCE cov: 32 ft: 197 corp: 52/893b lim: 28 exec/s: 0 rss: 31Mb L: 15/28 MS: 4 ChangeBinInt-ChangeASCIIInt-EraseBytes-ChangeBinInt-
#3996	NEW    cov: 32 ft: 199 corp: 53/912b lim: 28 exec/s: 0 rss: 31Mb L: 19/28 MS: 3 ChangeBit-ChangeByte-ChangeByte-
#4167	NEW    cov: 33 ft: 200 corp: 54/932b lim: 28 exec/s: 0 rss: 31Mb L: 20/28 MS: 1 ChangeBit-
#4573	NEW    cov: 33 ft: 201 corp: 55/964b lim: 32 exec/s: 0 rss: 31Mb L: 32/32 MS: 1 InsertRepeatedBytes-
#4621	REDUCE cov: 33 ft: 202 corp: 56/993b lim: 32 exec/s: 0 rss: 31Mb L: 29/32 MS: 3 InsertRepeatedBytes-PersAutoDict-CrossOver- DE: "\001\000\000\000\000\000\000\024"-
#4632	REDUCE cov: 33 ft: 202 corp: 56/992b lim: 32 exec/s: 0 rss: 31Mb L: 16/32 MS: 1 EraseBytes-
#4818	NEW    cov: 33 ft: 204 corp: 57/1012b lim: 32 exec/s: 0 rss: 31Mb L: 20/32 MS: 1 ChangeByte-
#5328	NEW    cov: 33 ft: 206 corp: 58/1046b lim: 37 exec/s: 0 rss: 31Mb L: 34/34 MS: 5 ChangeByte-PersAutoDict-ChangeBinInt-InsertRepeatedBytes-EraseBytes- DE: "\001\000\000\000\000\000\000\017"-
#5445	REDUCE cov: 33 ft: 206 corp: 58/1045b lim: 37 exec/s: 0 rss: 31Mb L: 31/34 MS: 2 CrossOver-EraseBytes-
#5550	NEW    cov: 33 ft: 207 corp: 59/1078b lim: 37 exec/s: 0 rss: 31Mb L: 33/34 MS: 5 InsertByte-ShuffleBytes-ChangeByte-ChangeByte-CrossOver-
#5817	NEW    cov: 33 ft: 208 corp: 60/1098b lim: 37 exec/s: 0 rss: 31Mb L: 20/34 MS: 2 CopyPart-ChangeByte-
#6518	NEW    cov: 45 ft: 249 corp: 61/1118b lim: 42 exec/s: 0 rss: 32Mb L: 20/34 MS: 1 ShuffleBytes-
#7085	REDUCE cov: 45 ft: 249 corp: 61/1117b lim: 47 exec/s: 0 rss: 32Mb L: 15/34 MS: 2 InsertRepeatedBytes-EraseBytes-
#8246	NEW    cov: 45 ft: 251 corp: 62/1137b lim: 57 exec/s: 0 rss: 32Mb L: 20/34 MS: 1 ChangeBit-
#8366	REDUCE cov: 45 ft: 251 corp: 62/1136b lim: 57 exec/s: 0 rss: 32Mb L: 17/34 MS: 5 InsertByte-CrossOver-ChangeBit-EraseBytes-EraseBytes-
#8783	NEW    cov: 45 ft: 252 corp: 63/1156b lim: 57 exec/s: 0 rss: 32Mb L: 20/34 MS: 2 ChangeByte-ChangeBit-
#8841	NEW    cov: 45 ft: 253 corp: 64/1177b lim: 57 exec/s: 0 rss: 32Mb L: 21/34 MS: 3 CopyPart-EraseBytes-CopyPart-
#8868	NEW    cov: 45 ft: 255 corp: 65/1197b lim: 57 exec/s: 0 rss: 32Mb L: 20/34 MS: 2 ChangeByte-ShuffleBytes-
#9145	REDUCE cov: 45 ft: 255 corp: 65/1195b lim: 57 exec/s: 0 rss: 32Mb L: 17/34 MS: 2 PersAutoDict-EraseBytes- DE: "\001\000\000\000\000\000\000\017"-
#9341	NEW    cov: 45 ft: 257 corp: 66/1215b lim: 57 exec/s: 0 rss: 32Mb L: 20/34 MS: 1 CopyPart-
#9673	NEW    cov: 45 ft: 259 corp: 67/1235b lim: 57 exec/s: 0 rss: 32Mb L: 20/34 MS: 2 ShuffleBytes-ChangeBit-
#9700	REDUCE cov: 45 ft: 260 corp: 68/1253b lim: 57 exec/s: 0 rss: 32Mb L: 18/34 MS: 2 CopyPart-ChangeBinInt-
#11091	REDUCE cov: 45 ft: 260 corp: 68/1250b lim: 67 exec/s: 0 rss: 33Mb L: 15/34 MS: 1 EraseBytes-
#11352	NEW    cov: 45 ft: 261 corp: 69/1270b lim: 67 exec/s: 0 rss: 33Mb L: 20/34 MS: 1 ChangeByte-
#11880	REDUCE cov: 45 ft: 261 corp: 69/1269b lim: 67 exec/s: 0 rss: 33Mb L: 27/34 MS: 3 ShuffleBytes-CMP-EraseBytes- DE: "\000\000\000\000"-
#12711	REDUCE cov: 45 ft: 261 corp: 69/1267b lim: 73 exec/s: 0 rss: 33Mb L: 16/34 MS: 1 EraseBytes-
#13567	NEW    cov: 45 ft: 262 corp: 70/1287b lim: 79 exec/s: 0 rss: 33Mb L: 20/34 MS: 1 ShuffleBytes-
#13774	REDUCE cov: 45 ft: 262 corp: 70/1285b lim: 79 exec/s: 0 rss: 33Mb L: 17/34 MS: 2 ChangeByte-EraseBytes-
#13866	REDUCE cov: 45 ft: 262 corp: 70/1284b lim: 79 exec/s: 0 rss: 33Mb L: 15/34 MS: 2 CopyPart-EraseBytes-
#13881	NEW    cov: 45 ft: 263 corp: 71/1305b lim: 79 exec/s: 0 rss: 33Mb L: 21/34 MS: 5 ShuffleBytes-ChangeASCIIInt-ShuffleBytes-ChangeBit-PersAutoDict- DE: "\001\000\000\000"-
#14443	REDUCE cov: 45 ft: 263 corp: 71/1304b lim: 79 exec/s: 0 rss: 33Mb L: 17/34 MS: 2 ChangeByte-EraseBytes-
#14499	REDUCE cov: 45 ft: 263 corp: 71/1303b lim: 79 exec/s: 0 rss: 33Mb L: 18/34 MS: 1 EraseBytes-
#15033	REDUCE cov: 45 ft: 263 corp: 71/1302b lim: 79 exec/s: 0 rss: 33Mb L: 20/34 MS: 4 CMP-CopyPart-ShuffleBytes-EraseBytes- DE: "\000\000\000\000"-
#16006	REDUCE cov: 45 ft: 263 corp: 71/1299b lim: 85 exec/s: 0 rss: 34Mb L: 15/34 MS: 3 EraseBytes-ChangeBinInt-InsertByte-
#17329	REDUCE cov: 45 ft: 263 corp: 71/1297b lim: 97 exec/s: 0 rss: 34Mb L: 15/34 MS: 3 EraseBytes-ShuffleBytes-InsertByte-
#17446	REDUCE cov: 45 ft: 263 corp: 71/1296b lim: 97 exec/s: 0 rss: 34Mb L: 18/34 MS: 2 ChangeBinInt-EraseBytes-
#17708	REDUCE cov: 45 ft: 263 corp: 71/1294b lim: 97 exec/s: 0 rss: 34Mb L: 17/34 MS: 2 InsertByte-EraseBytes-
#22182	REDUCE cov: 45 ft: 263 corp: 71/1293b lim: 140 exec/s: 0 rss: 35Mb L: 18/34 MS: 4 ChangeByte-ChangeBinInt-EraseBytes-ChangeBinInt-
#22961	NEW    cov: 45 ft: 264 corp: 72/1313b lim: 147 exec/s: 0 rss: 35Mb L: 20/34 MS: 4 CopyPart-ShuffleBytes-ChangeBit-CrossOver-
#23662	NEW    cov: 45 ft: 266 corp: 73/1333b lim: 147 exec/s: 0 rss: 35Mb L: 20/34 MS: 1 ChangeByte-
#24877	REDUCE cov: 45 ft: 266 corp: 73/1329b lim: 154 exec/s: 0 rss: 35Mb L: 15/34 MS: 5 ChangeASCIIInt-EraseBytes-CopyPart-ChangeASCIIInt-PersAutoDict- DE: "\377\377"-
#29282	REDUCE cov: 45 ft: 266 corp: 73/1328b lim: 196 exec/s: 0 rss: 35Mb L: 18/34 MS: 5 CopyPart-ChangeBit-CopyPart-EraseBytes-ChangeByte-
#30163	REDUCE cov: 45 ft: 266 corp: 73/1327b lim: 203 exec/s: 0 rss: 35Mb L: 16/34 MS: 1 EraseBytes-
#30641	REDUCE cov: 45 ft: 266 corp: 73/1325b lim: 203 exec/s: 0 rss: 35Mb L: 15/34 MS: 3 EraseBytes-InsertByte-ChangeByte-
#32207	NEW    cov: 46 ft: 271 corp: 74/1345b lim: 217 exec/s: 0 rss: 35Mb L: 20/34 MS: 1 ChangeByte-
#33022	REDUCE cov: 46 ft: 271 corp: 74/1342b lim: 224 exec/s: 0 rss: 35Mb L: 17/34 MS: 5 EraseBytes-ChangeByte-CMP-CMP-InsertByte- DE: "z\000\000\000"-"\000\000"-
#34410	REDUCE cov: 46 ft: 271 corp: 74/1340b lim: 231 exec/s: 0 rss: 35Mb L: 15/34 MS: 3 ChangeBinInt-ChangeBit-EraseBytes-
#35818	REDUCE cov: 46 ft: 271 corp: 74/1339b lim: 238 exec/s: 0 rss: 35Mb L: 19/34 MS: 3 EraseBytes-ChangeBinInt-PersAutoDict- DE: "\000\000"-
#38404	NEW    cov: 46 ft: 275 corp: 75/1359b lim: 259 exec/s: 0 rss: 35Mb L: 20/34 MS: 1 ChangeBinInt-
#40290	NEW    cov: 46 ft: 276 corp: 76/1379b lim: 275 exec/s: 0 rss: 35Mb L: 20/34 MS: 1 ChangeBit-
#42432	NEW    cov: 46 ft: 277 corp: 77/1399b lim: 291 exec/s: 0 rss: 35Mb L: 20/34 MS: 2 ShuffleBytes-ChangeBit-
#46586	REDUCE cov: 46 ft: 277 corp: 77/1397b lim: 331 exec/s: 0 rss: 35Mb L: 16/34 MS: 4 ShuffleBytes-ChangeBit-EraseBytes-CopyPart-
#52822	NEW    cov: 48 ft: 294 corp: 78/1417b lim: 387 exec/s: 0 rss: 35Mb L: 20/34 MS: 1 CrossOver-
#56040	REDUCE cov: 48 ft: 294 corp: 78/1416b lim: 411 exec/s: 0 rss: 35Mb L: 16/34 MS: 3 ChangeBit-ChangeBit-EraseBytes-
#56371	NEW    cov: 48 ft: 295 corp: 79/1436b lim: 411 exec/s: 0 rss: 35Mb L: 20/34 MS: 1 ChangeBinInt-
#60184	NEW    cov: 48 ft: 296 corp: 80/1456b lim: 443 exec/s: 0 rss: 35Mb L: 20/34 MS: 3 ChangeBit-ChangeByte-ChangeBit-
#60356	NEW    cov: 48 ft: 297 corp: 81/1476b lim: 443 exec/s: 0 rss: 35Mb L: 20/34 MS: 2 ChangeASCIIInt-ShuffleBytes-
#61262	NEW    cov: 48 ft: 298 corp: 82/1496b lim: 451 exec/s: 0 rss: 35Mb L: 20/34 MS: 1 CrossOver-
#61434	NEW    cov: 48 ft: 300 corp: 83/1516b lim: 451 exec/s: 0 rss: 35Mb L: 20/34 MS: 2 ShuffleBytes-ChangeByte-
#61544	REDUCE cov: 48 ft: 300 corp: 83/1514b lim: 451 exec/s: 0 rss: 35Mb L: 18/34 MS: 5 PersAutoDict-ChangeByte-InsertByte-ChangeByte-EraseBytes- DE: "\377\377"-
#61720	NEW    cov: 48 ft: 301 corp: 84/1534b lim: 451 exec/s: 0 rss: 35Mb L: 20/34 MS: 1 ChangeBit-
#62461	NEW    cov: 48 ft: 302 corp: 85/1554b lim: 451 exec/s: 0 rss: 35Mb L: 20/34 MS: 1 ShuffleBytes-
#63738	REDUCE cov: 48 ft: 303 corp: 86/1572b lim: 459 exec/s: 0 rss: 35Mb L: 18/34 MS: 2 ChangeBinInt-ShuffleBytes-
#63934	NEW    cov: 48 ft: 310 corp: 87/1592b lim: 459 exec/s: 0 rss: 35Mb L: 20/34 MS: 1 CopyPart-
#66030	NEW    cov: 48 ft: 315 corp: 88/1612b lim: 475 exec/s: 0 rss: 35Mb L: 20/34 MS: 1 ChangeBinInt-
#66468	NEW    cov: 48 ft: 316 corp: 89/1632b lim: 475 exec/s: 0 rss: 35Mb L: 20/34 MS: 3 ChangeByte-ShuffleBytes-ChangeByte-
#68189	NEW    cov: 48 ft: 317 corp: 90/1650b lim: 491 exec/s: 0 rss: 35Mb L: 18/34 MS: 1 ChangeBinInt-
#68318	NEW    cov: 49 ft: 320 corp: 91/1670b lim: 491 exec/s: 0 rss: 35Mb L: 20/34 MS: 4 ChangeByte-ShuffleBytes-CopyPart-ChangeByte-
#76182	REDUCE cov: 49 ft: 320 corp: 91/1668b lim: 569 exec/s: 0 rss: 35Mb L: 16/34 MS: 4 ChangeByte-EraseBytes-ChangeASCIIInt-ChangeByte-
#76859	REDUCE cov: 49 ft: 320 corp: 91/1666b lim: 569 exec/s: 0 rss: 35Mb L: 18/34 MS: 2 EraseBytes-InsertByte-
#77142	REDUCE cov: 49 ft: 320 corp: 91/1664b lim: 569 exec/s: 0 rss: 35Mb L: 17/34 MS: 3 ChangeByte-EraseBytes-ChangeBinInt-
#80187	REDUCE cov: 49 ft: 320 corp: 91/1662b lim: 596 exec/s: 0 rss: 35Mb L: 17/34 MS: 5 ChangeBit-InsertByte-ChangeBit-ChangeBinInt-EraseBytes-
#81365	REDUCE cov: 49 ft: 321 corp: 92/1678b lim: 605 exec/s: 0 rss: 35Mb L: 16/34 MS: 3 ShuffleBytes-ChangeBinInt-ShuffleBytes-
#81454	REDUCE cov: 49 ft: 321 corp: 92/1674b lim: 605 exec/s: 0 rss: 35Mb L: 16/34 MS: 4 EraseBytes-EraseBytes-InsertRepeatedBytes-ChangeBinInt-
#82635	NEW    cov: 49 ft: 322 corp: 93/1694b lim: 614 exec/s: 0 rss: 35Mb L: 20/34 MS: 1 ShuffleBytes-
#84847	NEW    cov: 49 ft: 323 corp: 94/1714b lim: 632 exec/s: 0 rss: 35Mb L: 20/34 MS: 2 ChangeASCIIInt-ChangeByte-
#86345	REDUCE cov: 49 ft: 323 corp: 94/1713b lim: 641 exec/s: 0 rss: 35Mb L: 16/34 MS: 3 ChangeByte-ChangeBit-EraseBytes-
#87831	NEW    cov: 49 ft: 324 corp: 95/1733b lim: 650 exec/s: 0 rss: 35Mb L: 20/34 MS: 1 ChangeBit-
#88400	REDUCE cov: 49 ft: 324 corp: 95/1731b lim: 650 exec/s: 0 rss: 35Mb L: 18/34 MS: 4 ChangeBinInt-CrossOver-ChangeByte-EraseBytes-
#90291	NEW    cov: 49 ft: 326 corp: 96/1751b lim: 668 exec/s: 0 rss: 35Mb L: 20/34 MS: 1 ChangeBit-
#91403	REDUCE cov: 49 ft: 326 corp: 96/1749b lim: 677 exec/s: 0 rss: 35Mb L: 16/34 MS: 2 ChangeBinInt-EraseBytes-
#93532	NEW    cov: 49 ft: 327 corp: 97/1769b lim: 695 exec/s: 0 rss: 35Mb L: 20/34 MS: 4 ChangeASCIIInt-ChangeASCIIInt-ChangeBinInt-CopyPart-
#94483	NEW    cov: 49 ft: 328 corp: 98/1789b lim: 704 exec/s: 0 rss: 35Mb L: 20/34 MS: 1 ChangeBit-
#94996	REDUCE cov: 49 ft: 328 corp: 98/1788b lim: 704 exec/s: 0 rss: 35Mb L: 16/34 MS: 3 ChangeByte-ShuffleBytes-EraseBytes-
#97542	REDUCE cov: 49 ft: 328 corp: 98/1787b lim: 722 exec/s: 0 rss: 35Mb L: 18/34 MS: 1 EraseBytes-
#98664	NEW    cov: 49 ft: 333 corp: 99/1807b lim: 731 exec/s: 0 rss: 35Mb L: 20/34 MS: 2 CopyPart-ChangeBit-
#99952	NEW    cov: 49 ft: 334 corp: 100/1827b lim: 740 exec/s: 0 rss: 35Mb L: 20/34 MS: 3 CrossOver-ShuffleBytes-ChangeBit-
#101523	NEW    cov: 49 ft: 336 corp: 101/1847b lim: 749 exec/s: 0 rss: 35Mb L: 20/34 MS: 1 CopyPart-
#111052	REDUCE cov: 49 ft: 336 corp: 101/1845b lim: 839 exec/s: 0 rss: 35Mb L: 16/34 MS: 4 CrossOver-PersAutoDict-EraseBytes-ChangeBinInt- DE: "\377\377"-
#111769	REDUCE cov: 49 ft: 336 corp: 101/1843b lim: 839 exec/s: 0 rss: 35Mb L: 15/34 MS: 2 CopyPart-EraseBytes-
#122213	REDUCE cov: 49 ft: 336 corp: 101/1841b lim: 938 exec/s: 0 rss: 35Mb L: 17/34 MS: 4 ShuffleBytes-InsertByte-CopyPart-EraseBytes-
#123250	REDUCE cov: 49 ft: 336 corp: 101/1839b lim: 947 exec/s: 0 rss: 35Mb L: 17/34 MS: 2 ChangeBinInt-EraseBytes-
#131067	REDUCE cov: 49 ft: 336 corp: 101/1837b lim: 1019 exec/s: 0 rss: 35Mb L: 16/34 MS: 2 ChangeByte-EraseBytes-
#132318	NEW    cov: 49 ft: 337 corp: 102/1857b lim: 1028 exec/s: 0 rss: 35Mb L: 20/34 MS: 1 ChangeByte-
#138226	NEW    cov: 49 ft: 338 corp: 103/1877b lim: 1078 exec/s: 0 rss: 35Mb L: 20/34 MS: 3 ChangeASCIIInt-ChangeASCIIInt-ChangeBit-
#148194	NEW    cov: 49 ft: 339 corp: 104/1897b lim: 1168 exec/s: 0 rss: 35Mb L: 20/34 MS: 3 CMP-ChangeBit-ChangeByte- DE: "\025\000\000\000\000\000\000\000"-
#151706	REDUCE cov: 49 ft: 339 corp: 104/1896b lim: 1198 exec/s: 0 rss: 35Mb L: 16/34 MS: 2 ChangeBinInt-EraseBytes-
#152843	NEW    cov: 49 ft: 340 corp: 105/1916b lim: 1208 exec/s: 0 rss: 35Mb L: 20/34 MS: 2 ChangeByte-CopyPart-
#153079	NEW    cov: 49 ft: 342 corp: 106/1936b lim: 1208 exec/s: 0 rss: 35Mb L: 20/34 MS: 1 CrossOver-
#153386	REDUCE cov: 49 ft: 342 corp: 106/1932b lim: 1208 exec/s: 0 rss: 35Mb L: 16/34 MS: 2 EraseBytes-ChangeBinInt-
#166103	NEW    cov: 49 ft: 343 corp: 107/1952b lim: 1328 exec/s: 0 rss: 35Mb L: 20/34 MS: 2 CMP-ChangeASCIIInt- DE: "\021\000\000\000\000\000\000\000"-
#166626	REDUCE cov: 49 ft: 343 corp: 107/1951b lim: 1328 exec/s: 0 rss: 35Mb L: 18/34 MS: 3 EraseBytes-ChangeByte-InsertByte-
#178803	NEW    cov: 49 ft: 344 corp: 108/1971b lim: 1448 exec/s: 0 rss: 35Mb L: 20/34 MS: 2 ChangeBit-CopyPart-
#187637	REDUCE cov: 49 ft: 344 corp: 108/1969b lim: 1528 exec/s: 0 rss: 35Mb L: 18/34 MS: 4 ChangeBinInt-ShuffleBytes-InsertByte-EraseBytes-
#187760	REDUCE cov: 49 ft: 344 corp: 108/1967b lim: 1528 exec/s: 0 rss: 35Mb L: 15/34 MS: 3 EraseBytes-CopyPart-InsertByte-
#191762	NEW    cov: 49 ft: 345 corp: 109/1987b lim: 1558 exec/s: 0 rss: 35Mb L: 20/34 MS: 2 ChangeBit-ChangeByte-
#196098	NEW    cov: 49 ft: 346 corp: 110/2007b lim: 1598 exec/s: 0 rss: 35Mb L: 20/34 MS: 1 ChangeBit-
#196447	REDUCE cov: 49 ft: 346 corp: 110/2005b lim: 1598 exec/s: 0 rss: 35Mb L: 18/34 MS: 4 ChangeASCIIInt-EraseBytes-InsertByte-CrossOver-
#206308	NEW    cov: 49 ft: 347 corp: 111/2025b lim: 1688 exec/s: 0 rss: 35Mb L: 20/34 MS: 1 CopyPart-
#210447	REDUCE cov: 49 ft: 347 corp: 111/2023b lim: 1728 exec/s: 0 rss: 35Mb L: 18/34 MS: 4 CopyPart-ChangeByte-EraseBytes-InsertByte-
#215779	REDUCE cov: 49 ft: 347 corp: 111/2022b lim: 1778 exec/s: 0 rss: 35Mb L: 16/34 MS: 2 ChangeByte-EraseBytes-
#235995	NEW    cov: 49 ft: 348 corp: 112/2042b lim: 1978 exec/s: 0 rss: 35Mb L: 20/34 MS: 1 ChangeBit-
#238987	NEW    cov: 49 ft: 349 corp: 113/2062b lim: 1998 exec/s: 0 rss: 35Mb L: 20/34 MS: 2 ChangeASCIIInt-ChangeASCIIInt-
#240036	NEW    cov: 49 ft: 350 corp: 114/2082b lim: 2008 exec/s: 0 rss: 35Mb L: 20/34 MS: 4 CMP-ChangeByte-CopyPart-ChangeBinInt- DE: "\000\000\000\000\000\000\000\011"-
#240178	NEW    cov: 49 ft: 351 corp: 115/2102b lim: 2008 exec/s: 0 rss: 35Mb L: 20/34 MS: 2 ShuffleBytes-ChangeASCIIInt-
#242586	REDUCE cov: 49 ft: 351 corp: 115/2100b lim: 2028 exec/s: 0 rss: 35Mb L: 18/34 MS: 3 EraseBytes-ChangeBinInt-ChangeBit-
#261009	NEW    cov: 49 ft: 352 corp: 116/2120b lim: 2202 exec/s: 0 rss: 35Mb L: 20/34 MS: 3 ChangeBinInt-ShuffleBytes-ChangeBit-
#268943	REDUCE cov: 49 ft: 352 corp: 116/2118b lim: 2279 exec/s: 0 rss: 35Mb L: 18/34 MS: 4 ChangeByte-CopyPart-InsertByte-EraseBytes-
#273359	NEW    cov: 49 ft: 353 corp: 117/2134b lim: 2312 exec/s: 0 rss: 35Mb L: 16/34 MS: 1 ChangeByte-
#274500	NEW    cov: 49 ft: 354 corp: 118/2154b lim: 2323 exec/s: 0 rss: 35Mb L: 20/34 MS: 1 ChangeBinInt-
#278792	NEW    cov: 49 ft: 355 corp: 119/2174b lim: 2356 exec/s: 0 rss: 35Mb L: 20/34 MS: 2 CopyPart-CopyPart-
#279243	NEW    cov: 49 ft: 357 corp: 120/2194b lim: 2356 exec/s: 0 rss: 35Mb L: 20/34 MS: 1 ChangeByte-
#279552	REDUCE cov: 49 ft: 357 corp: 120/2192b lim: 2356 exec/s: 0 rss: 35Mb L: 18/34 MS: 4 CrossOver-ChangeBinInt-ChangeBit-EraseBytes-
#279873	NEW    cov: 49 ft: 358 corp: 121/2212b lim: 2356 exec/s: 0 rss: 35Mb L: 20/34 MS: 1 CopyPart-
#279970	REDUCE cov: 49 ft: 358 corp: 121/2210b lim: 2356 exec/s: 0 rss: 35Mb L: 18/34 MS: 2 EraseBytes-ChangeBinInt-
#280072	REDUCE cov: 49 ft: 358 corp: 121/2209b lim: 2356 exec/s: 0 rss: 35Mb L: 16/34 MS: 2 ChangeByte-EraseBytes-
#280373	NEW    cov: 49 ft: 360 corp: 122/2229b lim: 2356 exec/s: 0 rss: 35Mb L: 20/34 MS: 1 CopyPart-
#282289	NEW    cov: 49 ft: 361 corp: 123/2249b lim: 2367 exec/s: 0 rss: 35Mb L: 20/34 MS: 1 ChangeBit-
#282745	NEW    cov: 49 ft: 362 corp: 124/2269b lim: 2367 exec/s: 0 rss: 35Mb L: 20/34 MS: 1 CrossOver-
#282801	NEW    cov: 49 ft: 363 corp: 125/2289b lim: 2367 exec/s: 0 rss: 35Mb L: 20/34 MS: 1 CopyPart-
#283357	NEW    cov: 49 ft: 364 corp: 126/2309b lim: 2367 exec/s: 0 rss: 35Mb L: 20/34 MS: 1 ChangeBit-
#284303	NEW    cov: 49 ft: 365 corp: 127/2329b lim: 2367 exec/s: 0 rss: 35Mb L: 20/34 MS: 1 ChangeASCIIInt-
#285735	NEW    cov: 49 ft: 366 corp: 128/2349b lim: 2378 exec/s: 0 rss: 35Mb L: 20/34 MS: 2 ChangeByte-ChangeBit-
#287511	NEW    cov: 49 ft: 367 corp: 129/2369b lim: 2389 exec/s: 0 rss: 35Mb L: 20/34 MS: 1 ChangeASCIIInt-
#287532	NEW    cov: 49 ft: 368 corp: 130/2389b lim: 2389 exec/s: 0 rss: 35Mb L: 20/34 MS: 1 ChangeASCIIInt-
#287728	NEW    cov: 49 ft: 369 corp: 131/2409b lim: 2389 exec/s: 0 rss: 35Mb L: 20/34 MS: 1 ShuffleBytes-
#289625	NEW    cov: 49 ft: 370 corp: 132/2429b lim: 2400 exec/s: 0 rss: 35Mb L: 20/34 MS: 2 ChangeBit-CopyPart-
#295709	NEW    cov: 49 ft: 371 corp: 133/2449b lim: 2455 exec/s: 0 rss: 35Mb L: 20/34 MS: 4 ChangeByte-ChangeBit-ChangeBit-ShuffleBytes-
#296490	NEW    cov: 49 ft: 372 corp: 134/2469b lim: 2455 exec/s: 0 rss: 35Mb L: 20/34 MS: 1 CopyPart-
#296821	NEW    cov: 49 ft: 374 corp: 135/2489b lim: 2455 exec/s: 0 rss: 35Mb L: 20/34 MS: 1 CrossOver-
#297564	REDUCE cov: 49 ft: 374 corp: 135/2487b lim: 2455 exec/s: 0 rss: 35Mb L: 18/34 MS: 3 ChangeByte-ChangeASCIIInt-EraseBytes-
#298423	REDUCE cov: 49 ft: 374 corp: 135/2486b lim: 2455 exec/s: 0 rss: 35Mb L: 20/34 MS: 4 InsertByte-CrossOver-EraseBytes-CrossOver-
#302264	NEW    cov: 49 ft: 375 corp: 136/2506b lim: 2488 exec/s: 0 rss: 35Mb L: 20/34 MS: 1 ChangeASCIIInt-
#303315	NEW    cov: 49 ft: 376 corp: 137/2526b lim: 2488 exec/s: 0 rss: 35Mb L: 20/34 MS: 1 ChangeBit-
#309797	REDUCE cov: 49 ft: 376 corp: 137/2524b lim: 2543 exec/s: 0 rss: 35Mb L: 18/34 MS: 2 EraseBytes-InsertByte-
#313534	REDUCE cov: 49 ft: 377 corp: 138/2542b lim: 2576 exec/s: 0 rss: 35Mb L: 18/34 MS: 2 ChangeBinInt-CrossOver-
#318645	NEW    cov: 49 ft: 378 corp: 139/2562b lim: 2620 exec/s: 0 rss: 35Mb L: 20/34 MS: 1 CopyPart-
#320075	REDUCE cov: 49 ft: 378 corp: 139/2560b lim: 2631 exec/s: 0 rss: 35Mb L: 16/34 MS: 5 ChangeByte-ChangeASCIIInt-EraseBytes-ChangeBinInt-ShuffleBytes-
#321076	NEW    cov: 49 ft: 379 corp: 140/2580b lim: 2631 exec/s: 0 rss: 35Mb L: 20/34 MS: 1 CopyPart-
#321903	NEW    cov: 49 ft: 380 corp: 141/2600b lim: 2631 exec/s: 0 rss: 35Mb L: 20/34 MS: 2 ShuffleBytes-ChangeASCIIInt-
#333636	REDUCE cov: 49 ft: 380 corp: 141/2598b lim: 2741 exec/s: 0 rss: 35Mb L: 16/34 MS: 3 ChangeBit-EraseBytes-ChangeByte-
#336053	REDUCE cov: 49 ft: 380 corp: 141/2596b lim: 2763 exec/s: 0 rss: 35Mb L: 18/34 MS: 2 ChangeBinInt-EraseBytes-
#337479	NEW    cov: 49 ft: 381 corp: 142/2616b lim: 2774 exec/s: 0 rss: 35Mb L: 20/34 MS: 1 ChangeByte-
#338564	REDUCE cov: 49 ft: 381 corp: 142/2615b lim: 2774 exec/s: 0 rss: 35Mb L: 17/34 MS: 5 ChangeASCIIInt-ChangeASCIIInt-EraseBytes-CrossOver-InsertByte-
#341381	REDUCE cov: 49 ft: 381 corp: 142/2613b lim: 2796 exec/s: 0 rss: 35Mb L: 18/34 MS: 2 ChangeByte-EraseBytes-
#361392	REDUCE cov: 49 ft: 382 corp: 143/2631b lim: 2994 exec/s: 0 rss: 35Mb L: 18/34 MS: 1 ChangeBit-
#368362	REDUCE cov: 49 ft: 382 corp: 143/2629b lim: 3060 exec/s: 0 rss: 35Mb L: 18/34 MS: 5 ChangeByte-ChangeByte-EraseBytes-CopyPart-InsertByte-
#376298	NEW    cov: 49 ft: 383 corp: 144/2647b lim: 3137 exec/s: 0 rss: 35Mb L: 18/34 MS: 1 ChangeBit-
#382043	REDUCE cov: 49 ft: 383 corp: 144/2645b lim: 3192 exec/s: 0 rss: 35Mb L: 18/34 MS: 5 EraseBytes-CopyPart-ShuffleBytes-ShuffleBytes-CopyPart-
#384616	REDUCE cov: 49 ft: 383 corp: 144/2643b lim: 3214 exec/s: 0 rss: 35Mb L: 18/34 MS: 3 CopyPart-ChangeBinInt-EraseBytes-
#391139	REDUCE cov: 49 ft: 383 corp: 144/2639b lim: 3269 exec/s: 0 rss: 35Mb L: 16/34 MS: 3 PersAutoDict-ChangeByte-EraseBytes- DE: "\377\377"-
#449210	REDUCE cov: 49 ft: 383 corp: 144/2636b lim: 3841 exec/s: 449210 rss: 36Mb L: 17/34 MS: 3 PersAutoDict-EraseBytes-ChangeBit- DE: "\377\377"-
#456547	REDUCE cov: 49 ft: 383 corp: 144/2634b lim: 3907 exec/s: 456547 rss: 36Mb L: 16/34 MS: 2 EraseBytes-InsertByte-
#464090	REDUCE cov: 49 ft: 383 corp: 144/2632b lim: 3973 exec/s: 464090 rss: 36Mb L: 18/34 MS: 3 EraseBytes-ChangeBinInt-InsertByte-
#490136	REDUCE cov: 49 ft: 383 corp: 144/2631b lim: 4096 exec/s: 490136 rss: 36Mb L: 16/34 MS: 1 EraseBytes-
#511198	REDUCE cov: 49 ft: 383 corp: 144/2629b lim: 4096 exec/s: 511198 rss: 36Mb L: 18/34 MS: 2 InsertByte-EraseBytes-
#567246	REDUCE cov: 49 ft: 383 corp: 144/2627b lim: 4096 exec/s: 567246 rss: 36Mb L: 18/34 MS: 3 ShuffleBytes-InsertByte-EraseBytes-
#617003	REDUCE cov: 49 ft: 383 corp: 144/2623b lim: 4096 exec/s: 617003 rss: 36Mb L: 16/34 MS: 2 PersAutoDict-EraseBytes- DE: "\377\377"-
#632560	REDUCE cov: 49 ft: 383 corp: 144/2621b lim: 4096 exec/s: 632560 rss: 36Mb L: 16/34 MS: 2 ChangeByte-EraseBytes-
#653433	REDUCE cov: 49 ft: 383 corp: 144/2619b lim: 4096 exec/s: 653433 rss: 36Mb L: 16/34 MS: 3 InsertByte-EraseBytes-ChangeByte-
#678480	REDUCE cov: 49 ft: 383 corp: 144/2617b lim: 4096 exec/s: 678480 rss: 36Mb L: 18/34 MS: 2 CrossOver-EraseBytes-
#721262	REDUCE cov: 49 ft: 383 corp: 144/2613b lim: 4096 exec/s: 721262 rss: 36Mb L: 16/34 MS: 2 EraseBytes-ChangeBinInt-
#748379	REDUCE cov: 49 ft: 383 corp: 144/2611b lim: 4096 exec/s: 748379 rss: 36Mb L: 18/34 MS: 2 EraseBytes-ChangeBinInt-
#778103	REDUCE cov: 49 ft: 383 corp: 144/2609b lim: 4096 exec/s: 778103 rss: 36Mb L: 16/34 MS: 4 ChangeByte-ChangeByte-ChangeByte-EraseBytes-
#790171	NEW    cov: 49 ft: 384 corp: 145/2629b lim: 4096 exec/s: 790171 rss: 36Mb L: 20/34 MS: 3 ShuffleBytes-ChangeBit-CrossOver-
#860414	REDUCE cov: 49 ft: 384 corp: 145/2627b lim: 4096 exec/s: 430207 rss: 36Mb L: 16/34 MS: 3 CopyPart-ChangeBit-EraseBytes-
#860941	REDUCE cov: 49 ft: 384 corp: 145/2625b lim: 4096 exec/s: 430470 rss: 36Mb L: 18/34 MS: 2 ChangeByte-EraseBytes-
#887846	REDUCE cov: 49 ft: 384 corp: 145/2623b lim: 4096 exec/s: 443923 rss: 36Mb L: 16/34 MS: 5 InsertByte-ChangeBinInt-ShuffleBytes-ShuffleBytes-EraseBytes-
#894798	REDUCE cov: 49 ft: 384 corp: 145/2621b lim: 4096 exec/s: 447399 rss: 36Mb L: 16/34 MS: 2 ChangeByte-EraseBytes-
#911913	REDUCE cov: 49 ft: 384 corp: 145/2619b lim: 4096 exec/s: 455956 rss: 36Mb L: 18/34 MS: 5 CMP-ChangeByte-ChangeBit-ChangeASCIIInt-EraseBytes- DE: "\210\000\000\000\000\000\000\000"-
#924278	REDUCE cov: 49 ft: 384 corp: 145/2617b lim: 4096 exec/s: 462139 rss: 36Mb L: 18/34 MS: 5 InsertByte-ChangeASCIIInt-CopyPart-InsertByte-EraseBytes-
#943595	REDUCE cov: 49 ft: 384 corp: 145/2615b lim: 4096 exec/s: 471797 rss: 36Mb L: 18/34 MS: 2 InsertByte-EraseBytes-
#954903	REDUCE cov: 49 ft: 384 corp: 145/2613b lim: 4096 exec/s: 477451 rss: 36Mb L: 18/34 MS: 3 CrossOver-ChangeBinInt-EraseBytes-
#975356	REDUCE cov: 49 ft: 385 corp: 146/2629b lim: 4096 exec/s: 487678 rss: 36Mb L: 16/34 MS: 3 ShuffleBytes-InsertByte-ChangeByte-
#980229	REDUCE cov: 49 ft: 385 corp: 146/2627b lim: 4096 exec/s: 490114 rss: 36Mb L: 18/34 MS: 3 ChangeBit-CrossOver-EraseBytes-
#985214	REDUCE cov: 49 ft: 385 corp: 146/2625b lim: 4096 exec/s: 492607 rss: 36Mb L: 18/34 MS: 5 InsertByte-CopyPart-ChangeASCIIInt-ChangeBit-EraseBytes-
#1009637	REDUCE cov: 49 ft: 385 corp: 146/2624b lim: 4096 exec/s: 504818 rss: 36Mb L: 15/34 MS: 3 ChangeByte-ShuffleBytes-EraseBytes-
#1048576	pulse  cov: 49 ft: 385 corp: 146/2624b lim: 4096 exec/s: 524288 rss: 36Mb
#1052969	REDUCE cov: 49 ft: 385 corp: 146/2622b lim: 4096 exec/s: 526484 rss: 36Mb L: 16/34 MS: 2 CrossOver-EraseBytes-
#1128431	REDUCE cov: 49 ft: 385 corp: 146/2618b lim: 4096 exec/s: 564215 rss: 36Mb L: 16/34 MS: 2 EraseBytes-PersAutoDict- DE: "\377\377"-
#1142474	REDUCE cov: 49 ft: 385 corp: 146/2616b lim: 4096 exec/s: 571237 rss: 36Mb L: 18/34 MS: 3 ChangeByte-EraseBytes-InsertByte-
#1144005	REDUCE cov: 49 ft: 385 corp: 146/2615b lim: 4096 exec/s: 572002 rss: 36Mb L: 17/34 MS: 1 EraseBytes-
#1227017	REDUCE cov: 49 ft: 385 corp: 146/2613b lim: 4096 exec/s: 613508 rss: 36Mb L: 16/34 MS: 2 EraseBytes-ChangeBinInt-
#1380471	REDUCE cov: 49 ft: 385 corp: 146/2612b lim: 4096 exec/s: 460157 rss: 36Mb L: 15/34 MS: 4 EraseBytes-ShuffleBytes-CopyPart-ChangeBinInt-
#1396263	REDUCE cov: 49 ft: 385 corp: 146/2610b lim: 4096 exec/s: 465421 rss: 36Mb L: 18/34 MS: 2 EraseBytes-ChangeBit-
#1409872	REDUCE cov: 49 ft: 385 corp: 146/2608b lim: 4096 exec/s: 469957 rss: 36Mb L: 16/34 MS: 4 EraseBytes-ChangeBinInt-CopyPart-PersAutoDict- DE: "\377\377"-
#1432155	REDUCE cov: 49 ft: 385 corp: 146/2607b lim: 4096 exec/s: 477385 rss: 36Mb L: 15/34 MS: 3 EraseBytes-ChangeByte-InsertByte-
#1537237	NEW    cov: 49 ft: 386 corp: 147/2627b lim: 4096 exec/s: 512412 rss: 36Mb L: 20/34 MS: 2 ChangeByte-ShuffleBytes-
#1561921	REDUCE cov: 49 ft: 386 corp: 147/2625b lim: 4096 exec/s: 520640 rss: 36Mb L: 18/34 MS: 4 CMP-ChangeBinInt-EraseBytes-InsertByte- DE: "`\000"-
#1596288	REDUCE cov: 49 ft: 386 corp: 147/2621b lim: 4096 exec/s: 532096 rss: 36Mb L: 16/34 MS: 2 EraseBytes-ChangeBinInt-
#1612889	NEW    cov: 49 ft: 387 corp: 148/2641b lim: 4096 exec/s: 537629 rss: 36Mb L: 20/34 MS: 1 ChangeBit-
#1656926	REDUCE cov: 49 ft: 387 corp: 148/2639b lim: 4096 exec/s: 552308 rss: 36Mb L: 18/34 MS: 2 EraseBytes-ChangeByte-
#1786349	REDUCE cov: 49 ft: 387 corp: 148/2637b lim: 4096 exec/s: 446587 rss: 36Mb L: 16/34 MS: 3 EraseBytes-CrossOver-InsertByte-
#1815965	NEW    cov: 49 ft: 389 corp: 149/2657b lim: 4096 exec/s: 453991 rss: 36Mb L: 20/34 MS: 1 ChangeBit-
#1925507	REDUCE cov: 49 ft: 389 corp: 149/2655b lim: 4096 exec/s: 481376 rss: 36Mb L: 16/34 MS: 2 ChangeByte-EraseBytes-
#1941634	NEW    cov: 49 ft: 391 corp: 150/2675b lim: 4096 exec/s: 485408 rss: 36Mb L: 20/34 MS: 2 ShuffleBytes-CrossOver-
#1952501	REDUCE cov: 49 ft: 391 corp: 150/2673b lim: 4096 exec/s: 488125 rss: 36Mb L: 16/34 MS: 2 PersAutoDict-EraseBytes- DE: "\377\377"-
#2097152	pulse  cov: 49 ft: 391 corp: 150/2673b lim: 4096 exec/s: 524288 rss: 36Mb
#2120408	REDUCE cov: 49 ft: 391 corp: 150/2671b lim: 4096 exec/s: 530102 rss: 36Mb L: 16/34 MS: 2 EraseBytes-CrossOver-
#2149180	REDUCE cov: 49 ft: 391 corp: 150/2667b lim: 4096 exec/s: 537295 rss: 36Mb L: 16/34 MS: 2 EraseBytes-ChangeBinInt-
#2267003	REDUCE cov: 49 ft: 391 corp: 150/2665b lim: 4096 exec/s: 453400 rss: 36Mb L: 16/34 MS: 3 ChangeBit-ChangeByte-EraseBytes-
#2335941	REDUCE cov: 49 ft: 392 corp: 151/2680b lim: 4096 exec/s: 467188 rss: 36Mb L: 15/34 MS: 3 CopyPart-ChangeBit-ChangeBinInt-
#2367449	REDUCE cov: 49 ft: 392 corp: 151/2678b lim: 4096 exec/s: 473489 rss: 36Mb L: 16/34 MS: 3 EraseBytes-InsertByte-InsertByte-
#2374626	NEW    cov: 49 ft: 393 corp: 152/2693b lim: 4096 exec/s: 474925 rss: 36Mb L: 15/34 MS: 2 PersAutoDict-PersAutoDict- DE: "\021\000\000\000\000\000\000\000"-"\001\000\000\000"-
#2460144	REDUCE cov: 49 ft: 393 corp: 152/2691b lim: 4096 exec/s: 492028 rss: 36Mb L: 18/34 MS: 3 ChangeBinInt-InsertByte-EraseBytes-
#2565491	REDUCE cov: 49 ft: 393 corp: 152/2689b lim: 4096 exec/s: 513098 rss: 36Mb L: 16/34 MS: 2 CMP-EraseBytes- DE: "\377\377\377\377\377\377\377("-
#2599223	REDUCE cov: 49 ft: 393 corp: 152/2687b lim: 4096 exec/s: 519844 rss: 36Mb L: 18/34 MS: 2 ChangeByte-EraseBytes-
#2649070	REDUCE cov: 49 ft: 393 corp: 152/2685b lim: 4096 exec/s: 529814 rss: 36Mb L: 16/34 MS: 2 InsertByte-EraseBytes-
#2649830	REDUCE cov: 49 ft: 393 corp: 152/2683b lim: 4096 exec/s: 441638 rss: 36Mb L: 18/34 MS: 5 InsertRepeatedBytes-CMP-CopyPart-ShuffleBytes-EraseBytes- DE: "/\000"-
#3072747	REDUCE cov: 49 ft: 393 corp: 152/2681b lim: 4096 exec/s: 512124 rss: 36Mb L: 18/34 MS: 2 EraseBytes-ChangeByte-
#3315269	REDUCE cov: 49 ft: 393 corp: 152/2679b lim: 4096 exec/s: 473609 rss: 36Mb L: 16/34 MS: 2 CrossOver-EraseBytes-
#3542322	NEW    cov: 49 ft: 394 corp: 153/2699b lim: 4096 exec/s: 506046 rss: 36Mb L: 20/34 MS: 3 InsertRepeatedBytes-EraseBytes-EraseBytes-
#3567125	REDUCE cov: 49 ft: 394 corp: 153/2697b lim: 4096 exec/s: 445890 rss: 36Mb L: 16/34 MS: 3 InsertByte-EraseBytes-ChangeBinInt-
#3571852	REDUCE cov: 49 ft: 394 corp: 153/2695b lim: 4096 exec/s: 446481 rss: 36Mb L: 16/34 MS: 2 ChangeBinInt-EraseBytes-
#3646465	REDUCE cov: 49 ft: 394 corp: 153/2693b lim: 4096 exec/s: 455808 rss: 36Mb L: 16/34 MS: 3 EraseBytes-ShuffleBytes-ChangeByte-
#3685086	NEW    cov: 49 ft: 395 corp: 154/2713b lim: 4096 exec/s: 460635 rss: 36Mb L: 20/34 MS: 1 ChangeByte-
#3704757	NEW    cov: 49 ft: 396 corp: 155/2733b lim: 4096 exec/s: 463094 rss: 36Mb L: 20/34 MS: 1 ChangeBit-
#3759404	REDUCE cov: 49 ft: 396 corp: 155/2731b lim: 4096 exec/s: 469925 rss: 36Mb L: 16/34 MS: 2 ChangeBinInt-EraseBytes-
#4002111	REDUCE cov: 49 ft: 396 corp: 155/2729b lim: 4096 exec/s: 444679 rss: 36Mb L: 18/34 MS: 2 EraseBytes-ChangeBit-
#4194304	pulse  cov: 49 ft: 396 corp: 155/2729b lim: 4096 exec/s: 466033 rss: 36Mb
#4819203	REDUCE cov: 49 ft: 396 corp: 155/2727b lim: 4096 exec/s: 481920 rss: 36Mb L: 16/34 MS: 2 EraseBytes-InsertByte-
#4895375	REDUCE cov: 49 ft: 396 corp: 155/2725b lim: 4096 exec/s: 445034 rss: 36Mb L: 16/34 MS: 2 EraseBytes-ChangeByte-
#5086232	REDUCE cov: 49 ft: 396 corp: 155/2723b lim: 4096 exec/s: 462384 rss: 36Mb L: 15/34 MS: 2 EraseBytes-CMP- DE: "\377\377\377\377\377\377\377!"-
#5129289	REDUCE cov: 49 ft: 396 corp: 155/2721b lim: 4096 exec/s: 466299 rss: 36Mb L: 16/34 MS: 2 EraseBytes-InsertByte-
#5348188	REDUCE cov: 49 ft: 396 corp: 155/2719b lim: 4096 exec/s: 445682 rss: 36Mb L: 16/34 MS: 4 ShuffleBytes-ChangeBinInt-EraseBytes-InsertByte-
#5423571	REDUCE cov: 49 ft: 396 corp: 155/2717b lim: 4096 exec/s: 451964 rss: 36Mb L: 16/34 MS: 3 CrossOver-ChangeByte-EraseBytes-
#5593444	REDUCE cov: 49 ft: 396 corp: 155/2715b lim: 4096 exec/s: 466120 rss: 36Mb L: 16/34 MS: 3 ChangeBit-InsertByte-EraseBytes-
#5717642	REDUCE cov: 49 ft: 396 corp: 155/2713b lim: 4096 exec/s: 476470 rss: 36Mb L: 16/34 MS: 3 CMP-ChangeByte-EraseBytes- DE: "\200\347\377*\000\000\000\000"-
#5856698	NEW    cov: 49 ft: 397 corp: 156/2745b lim: 4096 exec/s: 450515 rss: 36Mb L: 32/34 MS: 1 InsertRepeatedBytes-
#6017571	REDUCE cov: 49 ft: 397 corp: 156/2743b lim: 4096 exec/s: 462890 rss: 36Mb L: 16/34 MS: 3 EraseBytes-ChangeASCIIInt-CopyPart-
#6323309	REDUCE cov: 49 ft: 397 corp: 156/2742b lim: 4096 exec/s: 451664 rss: 36Mb L: 15/34 MS: 3 ChangeBit-EraseBytes-ChangeBit-
#6960717	REDUCE cov: 49 ft: 397 corp: 156/2740b lim: 4096 exec/s: 464047 rss: 36Mb L: 16/34 MS: 3 CopyPart-PersAutoDict-EraseBytes- DE: "\377\377"-
#7198769	REDUCE cov: 49 ft: 397 corp: 156/2736b lim: 4096 exec/s: 449923 rss: 36Mb L: 16/34 MS: 2 EraseBytes-ChangeBinInt-
#7635767	REDUCE cov: 49 ft: 397 corp: 156/2734b lim: 4096 exec/s: 449162 rss: 36Mb L: 16/34 MS: 3 ChangeBit-ChangeBinInt-EraseBytes-
#8388608	pulse  cov: 49 ft: 397 corp: 156/2734b lim: 4096 exec/s: 466033 rss: 36Mb
#8721192	REDUCE cov: 49 ft: 404 corp: 157/2764b lim: 4096 exec/s: 459010 rss: 36Mb L: 30/34 MS: 5 EraseBytes-CrossOver-ChangeBinInt-ChangeBit-CrossOver-
#9027654	NEW    cov: 50 ft: 411 corp: 158/2794b lim: 4096 exec/s: 451382 rss: 36Mb L: 30/34 MS: 2 CopyPart-ChangeBinInt-
#9563197	REDUCE cov: 50 ft: 411 corp: 158/2792b lim: 4096 exec/s: 455390 rss: 36Mb L: 16/34 MS: 3 ChangeBinInt-CrossOver-EraseBytes-
#10006342	REDUCE cov: 50 ft: 411 corp: 158/2791b lim: 4096 exec/s: 454833 rss: 36Mb L: 16/34 MS: 5 InsertByte-ChangeByte-EraseBytes-InsertByte-ChangeByte-
#10138080	NEW    cov: 50 ft: 412 corp: 159/2811b lim: 4096 exec/s: 460821 rss: 36Mb L: 20/34 MS: 3 ChangeASCIIInt-CopyPart-ChangeByte-
#10164912	REDUCE cov: 50 ft: 412 corp: 159/2807b lim: 4096 exec/s: 462041 rss: 36Mb L: 16/34 MS: 2 ChangeByte-EraseBytes-
#10564063	REDUCE cov: 50 ft: 413 corp: 160/2823b lim: 4096 exec/s: 459307 rss: 36Mb L: 16/34 MS: 1 CopyPart-
#12214151	REDUCE cov: 50 ft: 413 corp: 160/2821b lim: 4096 exec/s: 452375 rss: 36Mb L: 16/34 MS: 3 EraseBytes-ShuffleBytes-ChangeBinInt-
#12241908	REDUCE cov: 50 ft: 413 corp: 160/2819b lim: 4096 exec/s: 453404 rss: 36Mb L: 16/34 MS: 2 PersAutoDict-EraseBytes- DE: "\377\377\377\377\377\377\377("-
#13367657	NEW    cov: 50 ft: 414 corp: 161/2839b lim: 4096 exec/s: 460953 rss: 36Mb L: 20/34 MS: 4 ShuffleBytes-ChangeASCIIInt-ChangeASCIIInt-CopyPart-
#13526001	NEW    cov: 50 ft: 418 corp: 162/2870b lim: 4096 exec/s: 450866 rss: 36Mb L: 31/34 MS: 4 CopyPart-ChangeBit-CopyPart-ChangeBit-
#13725374	REDUCE cov: 50 ft: 418 corp: 162/2868b lim: 4096 exec/s: 457512 rss: 36Mb L: 16/34 MS: 3 PersAutoDict-InsertByte-EraseBytes- DE: "\377\377\377\377\377\377\377("-
#14092356	REDUCE cov: 50 ft: 418 corp: 162/2867b lim: 4096 exec/s: 454592 rss: 36Mb L: 15/34 MS: 2 InsertByte-EraseBytes-
#18955556	REDUCE cov: 50 ft: 418 corp: 162/2866b lim: 4096 exec/s: 451322 rss: 36Mb L: 15/34 MS: 5 CrossOver-ChangeByte-ChangeBinInt-EraseBytes-ChangeBit-
#22980242	NEW    cov: 50 ft: 422 corp: 163/2886b lim: 4096 exec/s: 450592 rss: 36Mb L: 20/34 MS: 1 CrossOver-
#22997668	NEW    cov: 50 ft: 423 corp: 164/2906b lim: 4096 exec/s: 450934 rss: 36Mb L: 20/34 MS: 1 ChangeBit-
#23080514	NEW    cov: 50 ft: 424 corp: 165/2926b lim: 4096 exec/s: 452559 rss: 36Mb L: 20/34 MS: 1 ChangeBit-
#23367893	NEW    cov: 50 ft: 425 corp: 166/2946b lim: 4096 exec/s: 449382 rss: 36Mb L: 20/34 MS: 4 ChangeBit-EraseBytes-CopyPart-ChangeBit-
#24125557	REDUCE cov: 50 ft: 426 corp: 167/2962b lim: 4096 exec/s: 446769 rss: 36Mb L: 16/34 MS: 4 ChangeASCIIInt-ChangeASCIIInt-ChangeASCIIInt-ShuffleBytes-
#24129954	NEW    cov: 50 ft: 427 corp: 168/2978b lim: 4096 exec/s: 446851 rss: 36Mb L: 16/34 MS: 2 ChangeASCIIInt-ChangeBit-
#24147135	NEW    cov: 50 ft: 428 corp: 169/2994b lim: 4096 exec/s: 447169 rss: 36Mb L: 16/34 MS: 1 ChangeBit-
#24343599	REDUCE cov: 50 ft: 428 corp: 169/2992b lim: 4096 exec/s: 450807 rss: 36Mb L: 16/34 MS: 4 InsertByte-CrossOver-ChangeASCIIInt-EraseBytes-
#27232018	REDUCE cov: 50 ft: 428 corp: 169/2991b lim: 4096 exec/s: 446426 rss: 36Mb L: 15/34 MS: 4 EraseBytes-ChangeByte-ChangeBit-ChangeByte-
#28559032	NEW    cov: 50 ft: 429 corp: 170/3007b lim: 4096 exec/s: 446234 rss: 36Mb L: 16/34 MS: 4 CrossOver-ChangeByte-CrossOver-EraseBytes-
#28693438	NEW    cov: 50 ft: 430 corp: 171/3023b lim: 4096 exec/s: 448334 rss: 36Mb L: 16/34 MS: 1 ChangeByte-
#33554432	pulse  cov: 50 ft: 430 corp: 171/3023b lim: 4096 exec/s: 447392 rss: 36Mb
#37874680	REDUCE cov: 50 ft: 430 corp: 171/3022b lim: 4096 exec/s: 445584 rss: 36Mb L: 15/34 MS: 2 CrossOver-EraseBytes-
#47554187	REDUCE cov: 50 ft: 430 corp: 171/3021b lim: 4096 exec/s: 448624 rss: 37Mb L: 15/34 MS: 2 ChangeBinInt-EraseBytes-
panic: found special char in iban [recovered]
	panic: found special char in iban

goroutine 17 [running, locked to thread]:
git.ultraware.nl/iddinkgroep/fundament-api.Fuzz.func1()
	git.ultraware.nl/iddinkgroep/fundament-api/fuzz.go:19 +0xa5
panic({0x55c79558f760?, 0x55c7955a2c70?})
	runtime/panic.go:914 +0x21f
git.ultraware.nl/iddinkgroep/fundament-api.Fuzz({0xc0000ef5a8, 0x14})
	git.ultraware.nl/iddinkgroep/fundament-api/fuzz.go:34 +0x2b9
git.ultraware.nl/iddinkgroep/fundament-api.Fuzz_(...)
	git.ultraware.nl/iddinkgroep/fundament-api/fuzz.1527825026.go:6
main.LLVMFuzzerTestOneInput(...)
	./main.170485750.go:21
==14965== ERROR: libFuzzer: deadly signal
    #0 0x55c7954b2630 in __sanitizer_print_stack_trace (/seedai/experiments/libfuzzer/source_iban/libfuzzer+0xaf630) (BuildId: 688cb25bec4564588da2a67f6a2b25148a0fd5d4)
    #1 0x55c79547e755 in fuzzer::PrintStackTrace() (/seedai/experiments/libfuzzer/source_iban/libfuzzer+0x7b755) (BuildId: 688cb25bec4564588da2a67f6a2b25148a0fd5d4)
    #2 0x55c79545d3a9 in fuzzer::Fuzzer::CrashCallback() (.part.0) FuzzerLoop.cpp.o
    #3 0x55c79545d46a in fuzzer::Fuzzer::StaticCrashSignalCallback() (/seedai/experiments/libfuzzer/source_iban/libfuzzer+0x5a46a) (BuildId: 688cb25bec4564588da2a67f6a2b25148a0fd5d4)
    #4 0x7f923a4e470f  (/usr/lib/libc.so.6+0x3e70f) (BuildId: 316d0d3666387f0e8fb98773f51aa1801027c5ab)
    #5 0x55c795512160 in runtime.raise.abi0 runtime/sys_linux_amd64.s:153

NOTE: libFuzzer has rudimentary signal handlers.
      Combine libFuzzer with AddressSanitizer or similar for better crash reports.
SUMMARY: libFuzzer: deadly signal
MS: 1 CrossOver-; base unit: 97284f08e3a09712fe1c1675b023ff993842aa9d
0x65,0x65,0x65,0x65,0x2d,0x30,0x30,0x30,0x30,0x30,0x30,0x30,0x30,0x65,0x65,0x67,0x65,0x65,0x65,0x65,
eeee-00000000eegeeee
artifact_prefix='./'; Test unit written to ./crash-98ebfda3d54c506139e98c20ed690f03d612478f
Base64: ZWVlZS0wMDAwMDAwMGVlZ2VlZWU=
