INFO: Running with entropic power schedule (0xFF, 100).
INFO: Seed: 4176794634
INFO: Loaded 1 modules   (70 inline 8-bit counters): 70 [0x55ff48735030, 0x55ff48735076), 
INFO: Loaded 1 PC tables (70 PCs): 70 [0xc000068000,0xc000068460), 
INFO:        3 files found in corpus
INFO: -max_len is not provided; libFuzzer will not generate inputs larger than 4096 bytes
INFO: seed corpus: files: 3 min: 1b max: 26b total: 29b rss: 30Mb
#4	INITED cov: 12 ft: 25 corp: 3/29b exec/s: 0 rss: 30Mb
#5	NEW    cov: 13 ft: 31 corp: 4/47b lim: 26 exec/s: 0 rss: 30Mb L: 18/26 MS: 1 InsertRepeatedBytes-
#10	NEW    cov: 13 ft: 33 corp: 5/52b lim: 26 exec/s: 0 rss: 30Mb L: 5/26 MS: 5 ChangeByte-ChangeBit-ChangeBinInt-CrossOver-InsertByte-
#18	NEW    cov: 13 ft: 34 corp: 6/73b lim: 26 exec/s: 0 rss: 30Mb L: 21/26 MS: 3 ShuffleBytes-EraseBytes-InsertRepeatedBytes-
#26	NEW    cov: 13 ft: 36 corp: 7/87b lim: 26 exec/s: 0 rss: 30Mb L: 14/26 MS: 3 CopyPart-CopyPart-EraseBytes-
#30	NEW    cov: 13 ft: 37 corp: 8/100b lim: 26 exec/s: 0 rss: 30Mb L: 13/26 MS: 4 InsertByte-InsertRepeatedBytes-EraseBytes-EraseBytes-
#35	NEW    cov: 13 ft: 38 corp: 9/110b lim: 26 exec/s: 0 rss: 30Mb L: 10/26 MS: 5 EraseBytes-CrossOver-ShuffleBytes-CrossOver-CopyPart-
#49	NEW    cov: 13 ft: 39 corp: 10/126b lim: 26 exec/s: 0 rss: 30Mb L: 16/26 MS: 4 ChangeByte-InsertRepeatedBytes-ShuffleBytes-EraseBytes-
#100	NEW    cov: 13 ft: 40 corp: 11/152b lim: 26 exec/s: 0 rss: 30Mb L: 26/26 MS: 1 ChangeBit-
#106	NEW    cov: 13 ft: 41 corp: 12/175b lim: 26 exec/s: 0 rss: 30Mb L: 23/26 MS: 1 EraseBytes-
#116	NEW    cov: 13 ft: 43 corp: 13/190b lim: 26 exec/s: 0 rss: 30Mb L: 15/26 MS: 5 ChangeBinInt-ChangeBinInt-ChangeByte-ChangeByte-EraseBytes-
#137	NEW    cov: 13 ft: 45 corp: 14/205b lim: 26 exec/s: 0 rss: 30Mb L: 15/26 MS: 1 InsertByte-
#141	NEW    cov: 13 ft: 46 corp: 15/226b lim: 26 exec/s: 0 rss: 30Mb L: 21/26 MS: 4 CMP-CrossOver-ChangeByte-CrossOver- DE: "\001\000"-
#157	NEW    cov: 30 ft: 109 corp: 16/246b lim: 26 exec/s: 0 rss: 30Mb L: 20/26 MS: 1 EraseBytes-
#182	NEW    cov: 30 ft: 110 corp: 17/266b lim: 26 exec/s: 0 rss: 30Mb L: 20/26 MS: 5 CrossOver-ShuffleBytes-CrossOver-ChangeBinInt-EraseBytes-
#183	REDUCE cov: 30 ft: 110 corp: 17/258b lim: 26 exec/s: 0 rss: 30Mb L: 13/26 MS: 1 EraseBytes-
#193	NEW    cov: 32 ft: 134 corp: 18/276b lim: 26 exec/s: 0 rss: 30Mb L: 18/26 MS: 5 ChangeByte-ChangeBit-ChangeByte-InsertByte-EraseBytes-
#199	REDUCE cov: 32 ft: 134 corp: 18/272b lim: 26 exec/s: 0 rss: 30Mb L: 22/26 MS: 1 EraseBytes-
#247	NEW    cov: 32 ft: 135 corp: 19/295b lim: 26 exec/s: 0 rss: 30Mb L: 23/26 MS: 3 InsertRepeatedBytes-PersAutoDict-ChangeBit- DE: "\001\000"-
#328	NEW    cov: 32 ft: 136 corp: 20/318b lim: 26 exec/s: 0 rss: 30Mb L: 23/26 MS: 1 CopyPart-
#389	NEW    cov: 32 ft: 137 corp: 21/333b lim: 26 exec/s: 0 rss: 30Mb L: 15/26 MS: 1 CMP- DE: "\016\000\000\000\000\000\000\000"-
#427	REDUCE cov: 32 ft: 137 corp: 21/326b lim: 26 exec/s: 0 rss: 30Mb L: 19/23 MS: 3 CopyPart-CrossOver-EraseBytes-
#433	NEW    cov: 32 ft: 143 corp: 22/345b lim: 26 exec/s: 0 rss: 30Mb L: 19/23 MS: 1 CMP- DE: "\001\000\000\000"-
#479	REDUCE cov: 32 ft: 143 corp: 22/342b lim: 26 exec/s: 0 rss: 30Mb L: 16/23 MS: 1 EraseBytes-
#583	REDUCE cov: 32 ft: 143 corp: 22/339b lim: 26 exec/s: 0 rss: 30Mb L: 18/23 MS: 4 ShuffleBytes-CopyPart-ChangeBit-EraseBytes-
#604	NEW    cov: 32 ft: 148 corp: 23/359b lim: 26 exec/s: 0 rss: 30Mb L: 20/23 MS: 1 CopyPart-
#640	NEW    cov: 32 ft: 149 corp: 24/377b lim: 26 exec/s: 0 rss: 30Mb L: 18/23 MS: 1 ChangeBinInt-
#656	NEW    cov: 32 ft: 155 corp: 25/397b lim: 26 exec/s: 0 rss: 30Mb L: 20/23 MS: 1 ChangeBinInt-
#657	NEW    cov: 32 ft: 157 corp: 26/417b lim: 26 exec/s: 0 rss: 30Mb L: 20/23 MS: 1 ShuffleBytes-
#658	NEW    cov: 32 ft: 158 corp: 27/437b lim: 26 exec/s: 0 rss: 30Mb L: 20/23 MS: 1 CopyPart-
#679	NEW    cov: 32 ft: 160 corp: 28/457b lim: 26 exec/s: 0 rss: 30Mb L: 20/23 MS: 1 ChangeBit-
#740	NEW    cov: 32 ft: 171 corp: 29/475b lim: 26 exec/s: 0 rss: 30Mb L: 18/23 MS: 1 CrossOver-
#808	NEW    cov: 32 ft: 172 corp: 30/495b lim: 26 exec/s: 0 rss: 30Mb L: 20/23 MS: 3 InsertByte-EraseBytes-CopyPart-
#909	NEW    cov: 32 ft: 173 corp: 31/515b lim: 26 exec/s: 0 rss: 30Mb L: 20/23 MS: 1 ChangeBit-
#955	NEW    cov: 32 ft: 176 corp: 32/535b lim: 26 exec/s: 0 rss: 30Mb L: 20/23 MS: 1 ChangeByte-
#1052	REDUCE cov: 32 ft: 176 corp: 32/532b lim: 26 exec/s: 0 rss: 30Mb L: 15/23 MS: 2 ChangeBinInt-EraseBytes-
#1053	NEW    cov: 32 ft: 177 corp: 33/553b lim: 26 exec/s: 0 rss: 30Mb L: 21/23 MS: 1 InsertByte-
#1177	REDUCE cov: 32 ft: 177 corp: 33/551b lim: 26 exec/s: 0 rss: 30Mb L: 19/23 MS: 4 ChangeBinInt-InsertByte-PersAutoDict-EraseBytes- DE: "\001\000\000\000"-
#1223	NEW    cov: 32 ft: 178 corp: 34/569b lim: 26 exec/s: 0 rss: 30Mb L: 18/23 MS: 1 ChangeByte-
#1300	NEW    cov: 32 ft: 180 corp: 35/587b lim: 26 exec/s: 0 rss: 30Mb L: 18/23 MS: 2 EraseBytes-ShuffleBytes-
#1441	REDUCE cov: 32 ft: 180 corp: 35/585b lim: 26 exec/s: 0 rss: 30Mb L: 8/23 MS: 1 EraseBytes-
#1448	NEW    cov: 32 ft: 182 corp: 36/604b lim: 26 exec/s: 0 rss: 30Mb L: 19/23 MS: 2 CopyPart-ChangeByte-
#1615	NEW    cov: 32 ft: 183 corp: 37/624b lim: 26 exec/s: 0 rss: 30Mb L: 20/23 MS: 2 ShuffleBytes-ChangeByte-
#1731	NEW    cov: 32 ft: 185 corp: 38/642b lim: 26 exec/s: 0 rss: 30Mb L: 18/23 MS: 1 ChangeBit-
#1812	REDUCE cov: 32 ft: 185 corp: 38/641b lim: 26 exec/s: 0 rss: 30Mb L: 12/23 MS: 1 EraseBytes-
#1828	NEW    cov: 32 ft: 186 corp: 39/661b lim: 26 exec/s: 0 rss: 30Mb L: 20/23 MS: 1 ChangeByte-
#2240	NEW    cov: 32 ft: 188 corp: 40/690b lim: 30 exec/s: 0 rss: 30Mb L: 29/29 MS: 2 ChangeByte-InsertRepeatedBytes-
#2494	REDUCE cov: 32 ft: 188 corp: 40/688b lim: 30 exec/s: 0 rss: 31Mb L: 16/29 MS: 4 ChangeByte-ChangeByte-ChangeBinInt-EraseBytes-
#2565	NEW    cov: 32 ft: 190 corp: 41/708b lim: 30 exec/s: 0 rss: 31Mb L: 20/29 MS: 1 CopyPart-
#2876	NEW    cov: 32 ft: 191 corp: 42/728b lim: 30 exec/s: 0 rss: 31Mb L: 20/29 MS: 1 ChangeBit-
#2920	REDUCE cov: 32 ft: 191 corp: 42/726b lim: 30 exec/s: 0 rss: 31Mb L: 18/29 MS: 4 ChangeByte-PersAutoDict-ChangeBit-EraseBytes- DE: "\016\000\000\000\000\000\000\000"-
#3142	REDUCE cov: 32 ft: 191 corp: 42/725b lim: 30 exec/s: 0 rss: 31Mb L: 15/29 MS: 2 EraseBytes-CopyPart-
#3398	NEW    cov: 32 ft: 192 corp: 43/745b lim: 30 exec/s: 0 rss: 31Mb L: 20/29 MS: 1 ShuffleBytes-
#3446	REDUCE cov: 32 ft: 192 corp: 43/744b lim: 30 exec/s: 0 rss: 31Mb L: 19/29 MS: 3 ChangeBinInt-CrossOver-EraseBytes-
#3468	REDUCE cov: 32 ft: 192 corp: 43/743b lim: 30 exec/s: 0 rss: 31Mb L: 15/29 MS: 2 ChangeBit-EraseBytes-
#3504	NEW    cov: 32 ft: 194 corp: 44/763b lim: 30 exec/s: 0 rss: 31Mb L: 20/29 MS: 1 ChangeByte-
#3535	NEW    cov: 32 ft: 195 corp: 45/783b lim: 30 exec/s: 0 rss: 31Mb L: 20/29 MS: 1 ChangeByte-
#3741	NEW    cov: 33 ft: 196 corp: 46/803b lim: 30 exec/s: 0 rss: 31Mb L: 20/29 MS: 1 ChangeBinInt-
#3742	NEW    cov: 46 ft: 249 corp: 47/823b lim: 30 exec/s: 0 rss: 31Mb L: 20/29 MS: 1 ChangeBit-
#4053	NEW    cov: 46 ft: 254 corp: 48/843b lim: 30 exec/s: 0 rss: 31Mb L: 20/29 MS: 1 ChangeByte-
#4195	NEW    cov: 46 ft: 256 corp: 49/863b lim: 30 exec/s: 0 rss: 31Mb L: 20/29 MS: 2 ShuffleBytes-CopyPart-
#4501	NEW    cov: 46 ft: 258 corp: 50/881b lim: 30 exec/s: 0 rss: 31Mb L: 18/29 MS: 1 ShuffleBytes-
#4924	REDUCE cov: 46 ft: 258 corp: 50/880b lim: 34 exec/s: 0 rss: 31Mb L: 22/29 MS: 3 ChangeBinInt-ChangeBit-EraseBytes-
#4931	REDUCE cov: 46 ft: 260 corp: 51/914b lim: 34 exec/s: 0 rss: 31Mb L: 34/34 MS: 2 ChangeBinInt-InsertRepeatedBytes-
#4948	NEW    cov: 46 ft: 261 corp: 52/947b lim: 34 exec/s: 0 rss: 31Mb L: 33/34 MS: 2 CopyPart-CrossOver-
#4960	NEW    cov: 46 ft: 262 corp: 53/978b lim: 34 exec/s: 0 rss: 31Mb L: 31/34 MS: 2 CopyPart-CopyPart-
#5373	REDUCE cov: 46 ft: 262 corp: 53/976b lim: 34 exec/s: 0 rss: 31Mb L: 18/34 MS: 3 InsertRepeatedBytes-EraseBytes-CrossOver-
#5379	NEW    cov: 48 ft: 270 corp: 54/996b lim: 34 exec/s: 0 rss: 31Mb L: 20/34 MS: 1 ChangeByte-
#5675	REDUCE cov: 48 ft: 270 corp: 54/995b lim: 34 exec/s: 0 rss: 31Mb L: 21/34 MS: 1 EraseBytes-
#5763	REDUCE cov: 48 ft: 270 corp: 54/993b lim: 34 exec/s: 0 rss: 31Mb L: 18/34 MS: 3 PersAutoDict-EraseBytes-ChangeByte- DE: "\001\000"-
#5872	REDUCE cov: 48 ft: 270 corp: 54/991b lim: 34 exec/s: 0 rss: 31Mb L: 16/34 MS: 4 PersAutoDict-EraseBytes-ChangeBinInt-ChangeByte- DE: "\001\000\000\000"-
#6163	NEW    cov: 48 ft: 275 corp: 55/1011b lim: 34 exec/s: 0 rss: 31Mb L: 20/34 MS: 1 CopyPart-
#6302	REDUCE cov: 48 ft: 275 corp: 55/1010b lim: 34 exec/s: 0 rss: 31Mb L: 17/34 MS: 4 CrossOver-EraseBytes-ShuffleBytes-PersAutoDict- DE: "\001\000"-
#6405	REDUCE cov: 48 ft: 275 corp: 55/1003b lim: 34 exec/s: 0 rss: 32Mb L: 15/34 MS: 3 ChangeBit-CopyPart-EraseBytes-
#6599	REDUCE cov: 48 ft: 275 corp: 55/1002b lim: 34 exec/s: 0 rss: 32Mb L: 17/34 MS: 4 InsertByte-CrossOver-ChangeByte-EraseBytes-
#6712	NEW    cov: 48 ft: 277 corp: 56/1022b lim: 34 exec/s: 0 rss: 32Mb L: 20/34 MS: 3 ChangeBit-EraseBytes-InsertByte-
#6781	REDUCE cov: 48 ft: 277 corp: 56/1021b lim: 34 exec/s: 0 rss: 32Mb L: 19/34 MS: 4 CrossOver-EraseBytes-CopyPart-InsertByte-
#7099	NEW    cov: 48 ft: 279 corp: 57/1041b lim: 34 exec/s: 0 rss: 32Mb L: 20/34 MS: 3 ShuffleBytes-ChangeBinInt-ChangeBit-
#7208	NEW    cov: 48 ft: 280 corp: 58/1059b lim: 34 exec/s: 0 rss: 32Mb L: 18/34 MS: 4 EraseBytes-EraseBytes-ChangeBit-PersAutoDict- DE: "\001\000"-
#8434	NEW    cov: 48 ft: 282 corp: 59/1079b lim: 44 exec/s: 0 rss: 32Mb L: 20/34 MS: 1 ChangeBit-
#8451	REDUCE cov: 48 ft: 282 corp: 59/1077b lim: 44 exec/s: 0 rss: 32Mb L: 16/34 MS: 2 EraseBytes-ChangeByte-
#8902	NEW    cov: 48 ft: 283 corp: 60/1095b lim: 44 exec/s: 0 rss: 32Mb L: 18/34 MS: 1 CopyPart-
#11009	NEW    cov: 48 ft: 285 corp: 61/1115b lim: 64 exec/s: 0 rss: 33Mb L: 20/34 MS: 2 ChangeBinInt-ShuffleBytes-
#11620	NEW    cov: 48 ft: 288 corp: 62/1135b lim: 70 exec/s: 0 rss: 33Mb L: 20/34 MS: 1 ShuffleBytes-
#12066	NEW    cov: 49 ft: 291 corp: 63/1155b lim: 70 exec/s: 0 rss: 33Mb L: 20/34 MS: 1 ChangeByte-
#12416	REDUCE cov: 49 ft: 293 corp: 64/1173b lim: 70 exec/s: 0 rss: 33Mb L: 18/34 MS: 5 CMP-CrossOver-EraseBytes-CopyPart-InsertByte- DE: "\000\000\000\000\000\000\000\000"-
#12646	NEW    cov: 49 ft: 294 corp: 65/1194b lim: 70 exec/s: 0 rss: 33Mb L: 21/34 MS: 5 CrossOver-EraseBytes-ShuffleBytes-ChangeBit-CMP- DE: "\377\377\377\377\377\377\377\020"-
#13312	NEW    cov: 49 ft: 295 corp: 66/1214b lim: 76 exec/s: 0 rss: 33Mb L: 20/34 MS: 1 ChangeBit-
#13323	REDUCE cov: 49 ft: 295 corp: 66/1208b lim: 76 exec/s: 0 rss: 33Mb L: 15/34 MS: 1 CrossOver-
#14574	NEW    cov: 49 ft: 297 corp: 67/1228b lim: 88 exec/s: 0 rss: 33Mb L: 20/34 MS: 1 ChangeBit-
#15143	REDUCE cov: 49 ft: 299 corp: 68/1247b lim: 88 exec/s: 0 rss: 33Mb L: 19/34 MS: 4 ChangeBinInt-CopyPart-InsertByte-InsertByte-
#15386	REDUCE cov: 49 ft: 299 corp: 68/1243b lim: 88 exec/s: 0 rss: 33Mb L: 15/34 MS: 3 InsertByte-ChangeBinInt-EraseBytes-
#16198	REDUCE cov: 49 ft: 300 corp: 69/1258b lim: 94 exec/s: 0 rss: 34Mb L: 15/34 MS: 2 CopyPart-ChangeBit-
#18995	REDUCE cov: 49 ft: 300 corp: 69/1256b lim: 118 exec/s: 0 rss: 34Mb L: 17/34 MS: 2 EraseBytes-ChangeByte-
#19681	REDUCE cov: 49 ft: 301 corp: 70/1288b lim: 124 exec/s: 0 rss: 34Mb L: 32/34 MS: 1 CrossOver-
#20157	NEW    cov: 49 ft: 303 corp: 71/1308b lim: 124 exec/s: 0 rss: 34Mb L: 20/34 MS: 1 ChangeBit-
#20218	NEW    cov: 49 ft: 306 corp: 72/1328b lim: 124 exec/s: 0 rss: 34Mb L: 20/34 MS: 1 CrossOver-
#20356	REDUCE cov: 49 ft: 306 corp: 72/1327b lim: 124 exec/s: 0 rss: 34Mb L: 16/34 MS: 3 ShuffleBytes-ChangeByte-EraseBytes-
#22457	REDUCE cov: 49 ft: 307 corp: 73/1343b lim: 144 exec/s: 0 rss: 34Mb L: 16/34 MS: 1 CopyPart-
#22825	REDUCE cov: 49 ft: 307 corp: 73/1341b lim: 144 exec/s: 0 rss: 34Mb L: 30/34 MS: 3 CopyPart-CopyPart-EraseBytes-
#23101	REDUCE cov: 49 ft: 308 corp: 74/1364b lim: 144 exec/s: 0 rss: 34Mb L: 23/34 MS: 1 CrossOver-
#24292	REDUCE cov: 49 ft: 308 corp: 74/1363b lim: 151 exec/s: 0 rss: 34Mb L: 19/34 MS: 1 CrossOver-
#24773	NEW    cov: 49 ft: 309 corp: 75/1383b lim: 151 exec/s: 0 rss: 34Mb L: 20/34 MS: 1 ChangeBit-
#24889	NEW    cov: 49 ft: 310 corp: 76/1403b lim: 151 exec/s: 0 rss: 34Mb L: 20/34 MS: 1 ChangeBit-
#29079	REDUCE cov: 49 ft: 310 corp: 76/1402b lim: 186 exec/s: 0 rss: 34Mb L: 18/34 MS: 5 CrossOver-ChangeByte-ChangeBinInt-EraseBytes-PersAutoDict- DE: "\001\000"-
#29241	REDUCE cov: 49 ft: 310 corp: 76/1401b lim: 186 exec/s: 0 rss: 34Mb L: 17/34 MS: 2 ChangeBinInt-EraseBytes-
#30053	REDUCE cov: 49 ft: 312 corp: 77/1418b lim: 193 exec/s: 0 rss: 34Mb L: 17/34 MS: 2 CopyPart-ShuffleBytes-
#30635	REDUCE cov: 49 ft: 312 corp: 77/1417b lim: 193 exec/s: 0 rss: 34Mb L: 17/34 MS: 2 ChangeBit-EraseBytes-
#31188	NEW    cov: 49 ft: 313 corp: 78/1432b lim: 193 exec/s: 0 rss: 34Mb L: 15/34 MS: 3 CrossOver-CrossOver-EraseBytes-
#32332	REDUCE cov: 49 ft: 313 corp: 78/1430b lim: 200 exec/s: 0 rss: 34Mb L: 16/34 MS: 4 PersAutoDict-EraseBytes-ShuffleBytes-CrossOver- DE: "\000\000\000\000\000\000\000\000"-
#34226	NEW    cov: 49 ft: 314 corp: 79/1455b lim: 214 exec/s: 0 rss: 34Mb L: 25/34 MS: 4 EraseBytes-ChangeBinInt-EraseBytes-CrossOver-
#34506	REDUCE cov: 49 ft: 314 corp: 79/1451b lim: 214 exec/s: 0 rss: 34Mb L: 21/34 MS: 5 InsertByte-CMP-InsertByte-EraseBytes-EraseBytes- DE: "\377\377"-
#35053	REDUCE cov: 49 ft: 314 corp: 79/1446b lim: 214 exec/s: 0 rss: 34Mb L: 16/34 MS: 2 PersAutoDict-EraseBytes- DE: "\001\000"-
#40320	REDUCE cov: 49 ft: 314 corp: 79/1445b lim: 264 exec/s: 0 rss: 34Mb L: 19/34 MS: 2 InsertRepeatedBytes-EraseBytes-
#40712	REDUCE cov: 49 ft: 314 corp: 79/1441b lim: 264 exec/s: 0 rss: 34Mb L: 19/34 MS: 2 EraseBytes-InsertByte-
#42864	REDUCE cov: 49 ft: 317 corp: 80/1471b lim: 280 exec/s: 0 rss: 34Mb L: 30/34 MS: 2 ShuffleBytes-ChangeBit-
#44790	REDUCE cov: 49 ft: 317 corp: 80/1470b lim: 296 exec/s: 0 rss: 34Mb L: 15/34 MS: 1 EraseBytes-
#45879	REDUCE cov: 50 ft: 322 corp: 81/1494b lim: 304 exec/s: 0 rss: 34Mb L: 24/34 MS: 4 CopyPart-CrossOver-EraseBytes-InsertByte-
#47172	NEW    cov: 50 ft: 323 corp: 82/1518b lim: 312 exec/s: 0 rss: 34Mb L: 24/34 MS: 3 ChangeByte-ShuffleBytes-ChangeByte-
#49498	NEW    cov: 50 ft: 325 corp: 83/1542b lim: 328 exec/s: 0 rss: 34Mb L: 24/34 MS: 1 ChangeBit-
#50904	REDUCE cov: 50 ft: 325 corp: 83/1541b lim: 336 exec/s: 0 rss: 34Mb L: 22/34 MS: 1 EraseBytes-
#54025	NEW    cov: 50 ft: 326 corp: 84/1559b lim: 360 exec/s: 0 rss: 35Mb L: 18/34 MS: 1 ChangeBit-
#54157	REDUCE cov: 50 ft: 326 corp: 84/1558b lim: 360 exec/s: 0 rss: 35Mb L: 15/34 MS: 2 InsertByte-EraseBytes-
#54866	REDUCE cov: 50 ft: 326 corp: 84/1555b lim: 360 exec/s: 0 rss: 35Mb L: 21/34 MS: 4 ChangeBinInt-CrossOver-InsertByte-EraseBytes-
#55867	REDUCE cov: 50 ft: 326 corp: 84/1554b lim: 368 exec/s: 0 rss: 35Mb L: 16/34 MS: 1 EraseBytes-
#56866	REDUCE cov: 50 ft: 326 corp: 84/1552b lim: 376 exec/s: 0 rss: 35Mb L: 15/34 MS: 4 CMP-InsertByte-CrossOver-EraseBytes- DE: "\011\000\000\000\000\000\000\000"-
#58227	NEW    cov: 50 ft: 327 corp: 85/1576b lim: 384 exec/s: 0 rss: 35Mb L: 24/34 MS: 1 ChangeBinInt-
#60079	NEW    cov: 50 ft: 328 corp: 86/1600b lim: 400 exec/s: 0 rss: 35Mb L: 24/34 MS: 2 ChangeBit-ChangeBinInt-
#60240	REDUCE cov: 50 ft: 329 corp: 87/1621b lim: 400 exec/s: 0 rss: 35Mb L: 21/34 MS: 1 ShuffleBytes-
#64256	NEW    cov: 50 ft: 330 corp: 88/1645b lim: 432 exec/s: 0 rss: 35Mb L: 24/34 MS: 1 ChangeBit-
#65362	NEW    cov: 50 ft: 331 corp: 89/1669b lim: 440 exec/s: 0 rss: 35Mb L: 24/34 MS: 1 ChangeBit-
#66584	NEW    cov: 50 ft: 332 corp: 90/1694b lim: 448 exec/s: 0 rss: 35Mb L: 25/34 MS: 2 InsertByte-CMP- DE: "\"\000\000\000\000\000\000\000"-
#68910	NEW    cov: 50 ft: 333 corp: 91/1715b lim: 464 exec/s: 0 rss: 35Mb L: 21/34 MS: 1 ChangeBit-
#74286	REDUCE cov: 50 ft: 333 corp: 91/1714b lim: 512 exec/s: 0 rss: 35Mb L: 18/34 MS: 1 EraseBytes-
#77237	REDUCE cov: 50 ft: 333 corp: 91/1713b lim: 539 exec/s: 0 rss: 35Mb L: 23/34 MS: 1 EraseBytes-
#77563	NEW    cov: 50 ft: 334 corp: 92/1737b lim: 539 exec/s: 0 rss: 35Mb L: 24/34 MS: 1 ShuffleBytes-
#83579	NEW    cov: 50 ft: 335 corp: 93/1761b lim: 593 exec/s: 0 rss: 35Mb L: 24/34 MS: 1 ChangeBit-
#84004	REDUCE cov: 50 ft: 335 corp: 93/1760b lim: 593 exec/s: 0 rss: 35Mb L: 16/34 MS: 5 CrossOver-CrossOver-InsertByte-InsertByte-EraseBytes-
#87625	NEW    cov: 50 ft: 336 corp: 94/1784b lim: 629 exec/s: 0 rss: 35Mb L: 24/34 MS: 1 ChangeASCIIInt-
#89531	NEW    cov: 50 ft: 337 corp: 95/1808b lim: 647 exec/s: 0 rss: 35Mb L: 24/34 MS: 1 ChangeByte-
#89993	REDUCE cov: 50 ft: 337 corp: 95/1806b lim: 647 exec/s: 0 rss: 35Mb L: 19/34 MS: 2 EraseBytes-ChangeBinInt-
#91000	REDUCE cov: 50 ft: 337 corp: 95/1805b lim: 656 exec/s: 0 rss: 35Mb L: 19/34 MS: 2 InsertByte-EraseBytes-
#91341	NEW    cov: 50 ft: 338 corp: 96/1829b lim: 656 exec/s: 0 rss: 35Mb L: 24/34 MS: 1 ChangeBit-
#91724	NEW    cov: 50 ft: 340 corp: 97/1849b lim: 656 exec/s: 0 rss: 35Mb L: 20/34 MS: 3 ChangeByte-ChangeBit-ChangeBit-
#97555	NEW    cov: 50 ft: 341 corp: 98/1873b lim: 710 exec/s: 0 rss: 35Mb L: 24/34 MS: 1 ChangeBit-
#98349	REDUCE cov: 50 ft: 341 corp: 98/1872b lim: 710 exec/s: 0 rss: 35Mb L: 17/34 MS: 4 ChangeBit-EraseBytes-PersAutoDict-InsertByte- DE: "\001\000"-
#99124	REDUCE cov: 50 ft: 341 corp: 98/1867b lim: 710 exec/s: 0 rss: 35Mb L: 20/34 MS: 5 InsertByte-ChangeBinInt-EraseBytes-ShuffleBytes-CrossOver-
#104876	NEW    cov: 50 ft: 342 corp: 99/1891b lim: 764 exec/s: 0 rss: 35Mb L: 24/34 MS: 2 ChangeBit-CrossOver-
#108119	NEW    cov: 50 ft: 344 corp: 100/1911b lim: 791 exec/s: 0 rss: 35Mb L: 20/34 MS: 3 ChangeBit-ChangeBit-CopyPart-
#111023	REDUCE cov: 50 ft: 344 corp: 100/1909b lim: 818 exec/s: 0 rss: 35Mb L: 22/34 MS: 4 ChangeBit-CopyPart-ChangeBinInt-EraseBytes-
#114570	NEW    cov: 50 ft: 346 corp: 101/1929b lim: 845 exec/s: 0 rss: 35Mb L: 20/34 MS: 2 ChangeASCIIInt-CopyPart-
#116026	NEW    cov: 50 ft: 347 corp: 102/1953b lim: 854 exec/s: 0 rss: 35Mb L: 24/34 MS: 1 ChangeByte-
#121379	REDUCE cov: 50 ft: 347 corp: 102/1952b lim: 899 exec/s: 0 rss: 35Mb L: 20/34 MS: 3 EraseBytes-ChangeASCIIInt-InsertByte-
#126062	REDUCE cov: 50 ft: 347 corp: 102/1951b lim: 944 exec/s: 0 rss: 35Mb L: 15/34 MS: 3 ChangeBit-EraseBytes-PersAutoDict- DE: "\001\000\000\000"-
#126919	REDUCE cov: 50 ft: 347 corp: 102/1949b lim: 944 exec/s: 0 rss: 35Mb L: 19/34 MS: 2 EraseBytes-InsertByte-
#127463	REDUCE cov: 50 ft: 347 corp: 102/1945b lim: 944 exec/s: 0 rss: 35Mb L: 18/34 MS: 4 ChangeBinInt-EraseBytes-ChangeBit-ChangeBinInt-
#130254	NEW    cov: 50 ft: 348 corp: 103/1969b lim: 971 exec/s: 0 rss: 35Mb L: 24/34 MS: 1 ChangeBit-
#133205	REDUCE cov: 50 ft: 348 corp: 103/1968b lim: 998 exec/s: 0 rss: 35Mb L: 19/34 MS: 1 EraseBytes-
#142612	REDUCE cov: 50 ft: 348 corp: 103/1967b lim: 1085 exec/s: 0 rss: 35Mb L: 19/34 MS: 2 CopyPart-EraseBytes-
#143121	REDUCE cov: 50 ft: 348 corp: 103/1965b lim: 1085 exec/s: 0 rss: 35Mb L: 19/34 MS: 4 EraseBytes-ChangeBinInt-InsertByte-InsertByte-
#144727	REDUCE cov: 50 ft: 348 corp: 103/1963b lim: 1095 exec/s: 0 rss: 35Mb L: 18/34 MS: 1 EraseBytes-
#151220	REDUCE cov: 50 ft: 348 corp: 103/1962b lim: 1155 exec/s: 0 rss: 35Mb L: 23/34 MS: 3 ChangeBinInt-PersAutoDict-EraseBytes- DE: "\377\377"-
#152476	REDUCE cov: 50 ft: 348 corp: 103/1961b lim: 1165 exec/s: 0 rss: 35Mb L: 23/34 MS: 1 EraseBytes-
#154215	REDUCE cov: 50 ft: 348 corp: 103/1959b lim: 1175 exec/s: 0 rss: 35Mb L: 15/34 MS: 4 ChangeByte-InsertByte-EraseBytes-InsertByte-
#155162	REDUCE cov: 50 ft: 348 corp: 103/1956b lim: 1175 exec/s: 0 rss: 35Mb L: 16/34 MS: 2 EraseBytes-ChangeBinInt-
#156238	REDUCE cov: 50 ft: 348 corp: 103/1955b lim: 1185 exec/s: 0 rss: 35Mb L: 19/34 MS: 1 EraseBytes-
#159119	REDUCE cov: 50 ft: 348 corp: 103/1954b lim: 1205 exec/s: 0 rss: 35Mb L: 23/34 MS: 1 EraseBytes-
#161800	NEW    cov: 50 ft: 349 corp: 104/1978b lim: 1225 exec/s: 0 rss: 35Mb L: 24/34 MS: 1 ChangeBit-
#189366	NEW    cov: 50 ft: 350 corp: 105/1998b lim: 1495 exec/s: 0 rss: 35Mb L: 20/34 MS: 1 ChangeByte-
#191157	REDUCE cov: 50 ft: 350 corp: 105/1997b lim: 1505 exec/s: 0 rss: 35Mb L: 19/34 MS: 1 EraseBytes-
#191464	REDUCE cov: 50 ft: 350 corp: 105/1993b lim: 1505 exec/s: 0 rss: 35Mb L: 20/34 MS: 2 CopyPart-EraseBytes-
#191680	NEW    cov: 50 ft: 352 corp: 106/2013b lim: 1505 exec/s: 0 rss: 35Mb L: 20/34 MS: 1 ChangeBit-
#193888	REDUCE cov: 50 ft: 352 corp: 106/2011b lim: 1525 exec/s: 0 rss: 35Mb L: 16/34 MS: 3 InsertByte-CopyPart-EraseBytes-
#197774	REDUCE cov: 50 ft: 352 corp: 106/2010b lim: 1555 exec/s: 0 rss: 35Mb L: 19/34 MS: 1 EraseBytes-
#198035	NEW    cov: 50 ft: 353 corp: 107/2034b lim: 1555 exec/s: 0 rss: 35Mb L: 24/34 MS: 1 ShuffleBytes-
#200383	REDUCE cov: 50 ft: 353 corp: 107/2032b lim: 1575 exec/s: 0 rss: 35Mb L: 16/34 MS: 3 CopyPart-CopyPart-EraseBytes-
#201799	REDUCE cov: 50 ft: 353 corp: 107/2031b lim: 1585 exec/s: 0 rss: 35Mb L: 23/34 MS: 1 EraseBytes-
#203870	REDUCE cov: 50 ft: 354 corp: 108/2053b lim: 1605 exec/s: 0 rss: 35Mb L: 22/34 MS: 1 ChangeBit-
#206560	REDUCE cov: 50 ft: 354 corp: 108/2052b lim: 1625 exec/s: 0 rss: 35Mb L: 23/34 MS: 5 ChangeBinInt-CopyPart-InsertByte-ChangeBit-EraseBytes-
#208947	NEW    cov: 50 ft: 355 corp: 109/2072b lim: 1645 exec/s: 0 rss: 35Mb L: 20/34 MS: 2 CrossOver-ChangeBit-
#211938	REDUCE cov: 50 ft: 355 corp: 109/2071b lim: 1665 exec/s: 0 rss: 35Mb L: 19/34 MS: 1 EraseBytes-
#215809	REDUCE cov: 50 ft: 355 corp: 109/2070b lim: 1695 exec/s: 0 rss: 35Mb L: 19/34 MS: 1 EraseBytes-
#219551	REDUCE cov: 50 ft: 355 corp: 109/2069b lim: 1725 exec/s: 0 rss: 35Mb L: 23/34 MS: 2 InsertByte-EraseBytes-
#225267	REDUCE cov: 50 ft: 355 corp: 109/2068b lim: 1775 exec/s: 0 rss: 35Mb L: 19/34 MS: 1 EraseBytes-
#226037	REDUCE cov: 50 ft: 355 corp: 109/2066b lim: 1775 exec/s: 0 rss: 35Mb L: 17/34 MS: 5 CrossOver-EraseBytes-CopyPart-CrossOver-InsertByte-
#233799	NEW    cov: 50 ft: 356 corp: 110/2086b lim: 1845 exec/s: 0 rss: 35Mb L: 20/34 MS: 2 ChangeByte-ChangeBit-
#252980	REDUCE cov: 50 ft: 356 corp: 110/2085b lim: 2035 exec/s: 0 rss: 35Mb L: 18/34 MS: 1 EraseBytes-
#256241	REDUCE cov: 50 ft: 356 corp: 110/2084b lim: 2066 exec/s: 0 rss: 35Mb L: 22/34 MS: 1 EraseBytes-
#256633	REDUCE cov: 50 ft: 356 corp: 110/2082b lim: 2066 exec/s: 0 rss: 35Mb L: 18/34 MS: 2 EraseBytes-CopyPart-
#267642	REDUCE cov: 50 ft: 356 corp: 110/2080b lim: 2165 exec/s: 0 rss: 35Mb L: 16/34 MS: 4 CopyPart-EraseBytes-InsertByte-ChangeBit-
#273772	REDUCE cov: 50 ft: 356 corp: 110/2079b lim: 2220 exec/s: 0 rss: 35Mb L: 18/34 MS: 5 ShuffleBytes-EraseBytes-CopyPart-ChangeByte-ChangeBit-
#276413	REDUCE cov: 50 ft: 357 corp: 111/2097b lim: 2242 exec/s: 0 rss: 35Mb L: 18/34 MS: 1 ChangeBit-
#276510	REDUCE cov: 50 ft: 357 corp: 111/2095b lim: 2242 exec/s: 0 rss: 35Mb L: 20/34 MS: 2 EraseBytes-ShuffleBytes-
#278732	REDUCE cov: 50 ft: 357 corp: 111/2094b lim: 2264 exec/s: 0 rss: 35Mb L: 23/34 MS: 2 InsertByte-EraseBytes-
#278974	REDUCE cov: 50 ft: 357 corp: 111/2093b lim: 2264 exec/s: 0 rss: 35Mb L: 23/34 MS: 2 PersAutoDict-EraseBytes- DE: "\001\000\000\000"-
#282755	REDUCE cov: 50 ft: 357 corp: 111/2092b lim: 2297 exec/s: 0 rss: 35Mb L: 19/34 MS: 1 EraseBytes-
#285696	REDUCE cov: 50 ft: 357 corp: 111/2091b lim: 2319 exec/s: 0 rss: 35Mb L: 18/34 MS: 1 EraseBytes-
#289067	REDUCE cov: 50 ft: 357 corp: 111/2090b lim: 2352 exec/s: 0 rss: 35Mb L: 23/34 MS: 1 EraseBytes-
#291158	REDUCE cov: 50 ft: 357 corp: 111/2089b lim: 2363 exec/s: 0 rss: 35Mb L: 19/34 MS: 1 EraseBytes-
#292755	REDUCE cov: 50 ft: 357 corp: 111/2088b lim: 2374 exec/s: 0 rss: 35Mb L: 19/34 MS: 2 ShuffleBytes-EraseBytes-
#293576	REDUCE cov: 50 ft: 358 corp: 112/2110b lim: 2374 exec/s: 0 rss: 35Mb L: 22/34 MS: 1 ChangeBit-
#301847	REDUCE cov: 50 ft: 358 corp: 112/2109b lim: 2451 exec/s: 0 rss: 35Mb L: 23/34 MS: 1 EraseBytes-
#306469	REDUCE cov: 50 ft: 358 corp: 112/2108b lim: 2495 exec/s: 0 rss: 35Mb L: 22/34 MS: 2 InsertByte-EraseBytes-
#308660	REDUCE cov: 50 ft: 359 corp: 113/2128b lim: 2506 exec/s: 0 rss: 35Mb L: 20/34 MS: 1 ShuffleBytes-
#312941	NEW    cov: 50 ft: 360 corp: 114/2150b lim: 2539 exec/s: 0 rss: 35Mb L: 22/34 MS: 1 ChangeByte-
#314844	REDUCE cov: 50 ft: 360 corp: 114/2146b lim: 2550 exec/s: 0 rss: 35Mb L: 18/34 MS: 3 PersAutoDict-CMP-EraseBytes- DE: "\001\000"-"\377\377\377/"-
#317825	REDUCE cov: 50 ft: 361 corp: 115/2168b lim: 2572 exec/s: 0 rss: 35Mb L: 22/34 MS: 1 ShuffleBytes-
#328546	REDUCE cov: 50 ft: 361 corp: 115/2167b lim: 2671 exec/s: 0 rss: 35Mb L: 19/34 MS: 1 EraseBytes-
#333679	REDUCE cov: 50 ft: 361 corp: 115/2166b lim: 2715 exec/s: 0 rss: 35Mb L: 22/34 MS: 3 EraseBytes-CrossOver-ChangeByte-
#337886	REDUCE cov: 50 ft: 361 corp: 115/2164b lim: 2748 exec/s: 0 rss: 35Mb L: 22/34 MS: 2 EraseBytes-PersAutoDict- DE: "\377\377"-
#344203	NEW    cov: 50 ft: 362 corp: 116/2188b lim: 2803 exec/s: 0 rss: 35Mb L: 24/34 MS: 2 ChangeBit-ChangeBit-
#349431	REDUCE cov: 50 ft: 362 corp: 116/2186b lim: 2847 exec/s: 0 rss: 35Mb L: 22/34 MS: 3 ChangeByte-EraseBytes-InsertByte-
#357018	REDUCE cov: 50 ft: 362 corp: 116/2185b lim: 2913 exec/s: 0 rss: 35Mb L: 22/34 MS: 2 EraseBytes-ChangeBinInt-
#375789	REDUCE cov: 50 ft: 362 corp: 116/2184b lim: 3089 exec/s: 0 rss: 35Mb L: 19/34 MS: 1 EraseBytes-
#376960	REDUCE cov: 50 ft: 362 corp: 116/2183b lim: 3100 exec/s: 0 rss: 35Mb L: 18/34 MS: 1 EraseBytes-
#378326	REDUCE cov: 50 ft: 362 corp: 116/2182b lim: 3111 exec/s: 0 rss: 35Mb L: 19/34 MS: 1 EraseBytes-
#388747	NEW    cov: 50 ft: 363 corp: 117/2204b lim: 3210 exec/s: 0 rss: 35Mb L: 22/34 MS: 1 ChangeASCIIInt-
#392530	REDUCE cov: 50 ft: 363 corp: 117/2203b lim: 3243 exec/s: 0 rss: 35Mb L: 22/34 MS: 3 ChangeBit-EraseBytes-InsertByte-
#399421	REDUCE cov: 50 ft: 363 corp: 117/2202b lim: 3309 exec/s: 0 rss: 35Mb L: 29/34 MS: 1 EraseBytes-
#413833	REDUCE cov: 50 ft: 363 corp: 117/2200b lim: 3452 exec/s: 413833 rss: 35Mb L: 18/34 MS: 4 ChangeASCIIInt-ChangeBinInt-EraseBytes-InsertByte-
#414470	REDUCE cov: 50 ft: 363 corp: 117/2199b lim: 3452 exec/s: 414470 rss: 35Mb L: 18/34 MS: 2 CrossOver-EraseBytes-
#417637	REDUCE cov: 50 ft: 363 corp: 117/2198b lim: 3474 exec/s: 417637 rss: 35Mb L: 28/34 MS: 2 EraseBytes-CrossOver-
#418389	REDUCE cov: 50 ft: 363 corp: 117/2197b lim: 3474 exec/s: 418389 rss: 35Mb L: 22/34 MS: 2 ChangeBit-EraseBytes-
#423800	NEW    cov: 50 ft: 364 corp: 118/2219b lim: 3518 exec/s: 423800 rss: 35Mb L: 22/34 MS: 1 ChangeByte-
#431716	REDUCE cov: 50 ft: 364 corp: 118/2218b lim: 3595 exec/s: 431716 rss: 35Mb L: 16/34 MS: 1 EraseBytes-
#435328	NEW    cov: 50 ft: 365 corp: 119/2240b lim: 3628 exec/s: 435328 rss: 35Mb L: 22/34 MS: 2 ChangeBinInt-CopyPart-
#436774	NEW    cov: 50 ft: 366 corp: 120/2262b lim: 3639 exec/s: 436774 rss: 35Mb L: 22/34 MS: 1 ChangeASCIIInt-
#437041	NEW    cov: 50 ft: 367 corp: 121/2284b lim: 3639 exec/s: 437041 rss: 35Mb L: 22/34 MS: 2 ChangeASCIIInt-ShuffleBytes-
#437306	REDUCE cov: 50 ft: 367 corp: 121/2282b lim: 3639 exec/s: 437306 rss: 35Mb L: 20/34 MS: 5 ChangeBinInt-PersAutoDict-ShuffleBytes-ShuffleBytes-EraseBytes- DE: "\377\377"-
#438437	NEW    cov: 50 ft: 368 corp: 122/2304b lim: 3650 exec/s: 438437 rss: 35Mb L: 22/34 MS: 1 ShuffleBytes-
#443593	REDUCE cov: 50 ft: 369 corp: 123/2324b lim: 3694 exec/s: 443593 rss: 35Mb L: 20/34 MS: 1 ShuffleBytes-
#450389	REDUCE cov: 50 ft: 369 corp: 123/2323b lim: 3760 exec/s: 450389 rss: 35Mb L: 18/34 MS: 1 EraseBytes-
#456215	REDUCE cov: 50 ft: 369 corp: 123/2322b lim: 3815 exec/s: 456215 rss: 35Mb L: 21/34 MS: 1 EraseBytes-
#463371	REDUCE cov: 50 ft: 369 corp: 123/2321b lim: 3881 exec/s: 463371 rss: 35Mb L: 19/34 MS: 1 EraseBytes-
#468903	REDUCE cov: 50 ft: 369 corp: 123/2319b lim: 3936 exec/s: 468903 rss: 35Mb L: 16/34 MS: 2 EraseBytes-CopyPart-
#476940	REDUCE cov: 50 ft: 373 corp: 124/2337b lim: 4013 exec/s: 476940 rss: 35Mb L: 18/34 MS: 2 ChangeBinInt-CrossOver-
#477057	NEW    cov: 50 ft: 374 corp: 125/2359b lim: 4013 exec/s: 477057 rss: 35Mb L: 22/34 MS: 2 ShuffleBytes-ShuffleBytes-
#478714	REDUCE cov: 50 ft: 374 corp: 125/2357b lim: 4024 exec/s: 478714 rss: 35Mb L: 20/34 MS: 2 ShuffleBytes-EraseBytes-
#483851	NEW    cov: 50 ft: 375 corp: 126/2379b lim: 4068 exec/s: 483851 rss: 35Mb L: 22/34 MS: 2 ChangeBit-ShuffleBytes-
#485922	NEW    cov: 50 ft: 376 corp: 127/2401b lim: 4079 exec/s: 485922 rss: 35Mb L: 22/34 MS: 1 ShuffleBytes-
#489108	REDUCE cov: 50 ft: 376 corp: 127/2400b lim: 4096 exec/s: 489108 rss: 35Mb L: 19/34 MS: 1 EraseBytes-
#492711	REDUCE cov: 50 ft: 376 corp: 127/2398b lim: 4096 exec/s: 492711 rss: 35Mb L: 20/34 MS: 3 EraseBytes-ChangeByte-InsertByte-
#499372	REDUCE cov: 50 ft: 376 corp: 127/2397b lim: 4096 exec/s: 499372 rss: 35Mb L: 22/34 MS: 1 EraseBytes-
#503473	REDUCE cov: 50 ft: 376 corp: 127/2396b lim: 4096 exec/s: 503473 rss: 35Mb L: 18/34 MS: 1 EraseBytes-
#521155	REDUCE cov: 50 ft: 376 corp: 127/2394b lim: 4096 exec/s: 521155 rss: 35Mb L: 16/34 MS: 2 CrossOver-EraseBytes-
#540700	REDUCE cov: 50 ft: 376 corp: 127/2393b lim: 4096 exec/s: 540700 rss: 35Mb L: 18/34 MS: 5 ChangeASCIIInt-CrossOver-ChangeBit-CrossOver-EraseBytes-
#557871	NEW    cov: 50 ft: 377 corp: 128/2415b lim: 4096 exec/s: 557871 rss: 35Mb L: 22/34 MS: 1 CopyPart-
#560702	NEW    cov: 50 ft: 379 corp: 129/2437b lim: 4096 exec/s: 560702 rss: 35Mb L: 22/34 MS: 1 CopyPart-
#561128	NEW    cov: 50 ft: 380 corp: 130/2459b lim: 4096 exec/s: 561128 rss: 35Mb L: 22/34 MS: 1 ChangeBit-
#561184	NEW    cov: 50 ft: 382 corp: 131/2479b lim: 4096 exec/s: 561184 rss: 35Mb L: 20/34 MS: 1 ChangeBit-
#561861	NEW    cov: 50 ft: 383 corp: 132/2501b lim: 4096 exec/s: 561861 rss: 35Mb L: 22/34 MS: 2 ChangeBinInt-CopyPart-
#562397	NEW    cov: 50 ft: 384 corp: 133/2523b lim: 4096 exec/s: 562397 rss: 35Mb L: 22/34 MS: 1 ChangeASCIIInt-
#563673	NEW    cov: 50 ft: 385 corp: 134/2545b lim: 4096 exec/s: 563673 rss: 35Mb L: 22/34 MS: 1 ChangeBit-
#564015	NEW    cov: 50 ft: 386 corp: 135/2567b lim: 4096 exec/s: 564015 rss: 35Mb L: 22/34 MS: 2 ChangeBinInt-ChangeByte-
#564146	NEW    cov: 50 ft: 387 corp: 136/2589b lim: 4096 exec/s: 564146 rss: 35Mb L: 22/34 MS: 1 ShuffleBytes-
#565453	NEW    cov: 50 ft: 388 corp: 137/2611b lim: 4096 exec/s: 565453 rss: 35Mb L: 22/34 MS: 2 ChangeByte-CopyPart-
#566189	NEW    cov: 50 ft: 389 corp: 138/2633b lim: 4096 exec/s: 566189 rss: 35Mb L: 22/34 MS: 1 ChangeBit-
#569330	NEW    cov: 50 ft: 390 corp: 139/2655b lim: 4096 exec/s: 569330 rss: 35Mb L: 22/34 MS: 1 ChangeByte-
#571156	NEW    cov: 50 ft: 391 corp: 140/2677b lim: 4096 exec/s: 571156 rss: 35Mb L: 22/34 MS: 1 ChangeASCIIInt-
#572617	NEW    cov: 50 ft: 392 corp: 141/2699b lim: 4096 exec/s: 572617 rss: 35Mb L: 22/34 MS: 1 ChangeBit-
#583718	NEW    cov: 50 ft: 393 corp: 142/2721b lim: 4096 exec/s: 583718 rss: 35Mb L: 22/34 MS: 1 ChangeASCIIInt-
#600914	NEW    cov: 50 ft: 394 corp: 143/2743b lim: 4096 exec/s: 600914 rss: 35Mb L: 22/34 MS: 1 ShuffleBytes-
#601251	REDUCE cov: 50 ft: 395 corp: 144/2762b lim: 4096 exec/s: 601251 rss: 35Mb L: 19/34 MS: 2 ChangeBit-ChangeBit-
#632878	REDUCE cov: 50 ft: 395 corp: 144/2760b lim: 4096 exec/s: 632878 rss: 35Mb L: 20/34 MS: 2 EraseBytes-CopyPart-
#645530	REDUCE cov: 50 ft: 395 corp: 144/2755b lim: 4096 exec/s: 645530 rss: 35Mb L: 18/34 MS: 2 CMP-EraseBytes- DE: "\377\377\377\377\377\377\377\377"-
#646229	REDUCE cov: 50 ft: 395 corp: 144/2753b lim: 4096 exec/s: 646229 rss: 35Mb L: 21/34 MS: 4 EraseBytes-InsertByte-CopyPart-EraseBytes-
#646961	REDUCE cov: 50 ft: 395 corp: 144/2751b lim: 4096 exec/s: 646961 rss: 35Mb L: 20/34 MS: 2 PersAutoDict-EraseBytes- DE: "\377\377"-
#681867	REDUCE cov: 50 ft: 395 corp: 144/2750b lim: 4096 exec/s: 681867 rss: 35Mb L: 18/34 MS: 1 EraseBytes-
#717089	NEW    cov: 50 ft: 396 corp: 145/2772b lim: 4096 exec/s: 717089 rss: 35Mb L: 22/34 MS: 2 ChangeBit-ChangeByte-
#734610	REDUCE cov: 50 ft: 396 corp: 145/2771b lim: 4096 exec/s: 734610 rss: 35Mb L: 18/34 MS: 1 EraseBytes-
#737369	REDUCE cov: 50 ft: 396 corp: 145/2767b lim: 4096 exec/s: 737369 rss: 35Mb L: 18/34 MS: 4 ChangeASCIIInt-ChangeBinInt-EraseBytes-ChangeBit-
#744175	REDUCE cov: 50 ft: 396 corp: 145/2766b lim: 4096 exec/s: 744175 rss: 35Mb L: 19/34 MS: 1 EraseBytes-
#748601	REDUCE cov: 50 ft: 396 corp: 145/2765b lim: 4096 exec/s: 748601 rss: 35Mb L: 19/34 MS: 1 EraseBytes-
#751988	REDUCE cov: 50 ft: 396 corp: 145/2763b lim: 4096 exec/s: 751988 rss: 35Mb L: 21/34 MS: 2 EraseBytes-PersAutoDict- DE: "\377\377\377/"-
#760259	REDUCE cov: 50 ft: 396 corp: 145/2762b lim: 4096 exec/s: 760259 rss: 35Mb L: 18/34 MS: 1 EraseBytes-
#760567	REDUCE cov: 50 ft: 396 corp: 145/2760b lim: 4096 exec/s: 760567 rss: 35Mb L: 20/34 MS: 3 ShuffleBytes-ChangeBit-EraseBytes-
#761848	NEW    cov: 50 ft: 397 corp: 146/2784b lim: 4096 exec/s: 761848 rss: 35Mb L: 24/34 MS: 1 CrossOver-
#764403	REDUCE cov: 50 ft: 397 corp: 146/2781b lim: 4096 exec/s: 764403 rss: 35Mb L: 20/34 MS: 5 PersAutoDict-ChangeByte-CMP-CopyPart-EraseBytes- DE: "\001\000"-"\001\000\000\000"-
#764770	REDUCE cov: 50 ft: 397 corp: 146/2779b lim: 4096 exec/s: 764770 rss: 36Mb L: 16/34 MS: 2 EraseBytes-PersAutoDict- DE: "\377\377"-
#766171	REDUCE cov: 50 ft: 397 corp: 146/2778b lim: 4096 exec/s: 766171 rss: 36Mb L: 23/34 MS: 1 EraseBytes-
#787197	REDUCE cov: 50 ft: 397 corp: 146/2777b lim: 4096 exec/s: 787197 rss: 36Mb L: 20/34 MS: 1 EraseBytes-
#792103	REDUCE cov: 50 ft: 397 corp: 146/2776b lim: 4096 exec/s: 792103 rss: 36Mb L: 19/34 MS: 1 EraseBytes-
#794574	REDUCE cov: 50 ft: 397 corp: 146/2775b lim: 4096 exec/s: 794574 rss: 36Mb L: 18/34 MS: 1 EraseBytes-
#796461	REDUCE cov: 50 ft: 397 corp: 146/2773b lim: 4096 exec/s: 796461 rss: 36Mb L: 17/34 MS: 2 EraseBytes-CopyPart-
#805429	REDUCE cov: 50 ft: 397 corp: 146/2771b lim: 4096 exec/s: 805429 rss: 36Mb L: 18/34 MS: 3 PersAutoDict-ShuffleBytes-EraseBytes- DE: "\377\377\377\377\377\377\377\020"-
#815910	REDUCE cov: 50 ft: 397 corp: 146/2770b lim: 4096 exec/s: 815910 rss: 36Mb L: 18/34 MS: 1 EraseBytes-
#821366	REDUCE cov: 50 ft: 397 corp: 146/2769b lim: 4096 exec/s: 821366 rss: 36Mb L: 18/34 MS: 1 EraseBytes-
#823673	REDUCE cov: 50 ft: 397 corp: 146/2767b lim: 4096 exec/s: 823673 rss: 36Mb L: 20/34 MS: 2 EraseBytes-InsertByte-
#827161	REDUCE cov: 50 ft: 397 corp: 146/2765b lim: 4096 exec/s: 827161 rss: 36Mb L: 20/34 MS: 3 EraseBytes-CopyPart-CopyPart-
#832213	REDUCE cov: 50 ft: 397 corp: 146/2763b lim: 4096 exec/s: 832213 rss: 36Mb L: 20/34 MS: 2 InsertByte-EraseBytes-
#834056	REDUCE cov: 50 ft: 397 corp: 146/2759b lim: 4096 exec/s: 834056 rss: 36Mb L: 18/34 MS: 3 PersAutoDict-ChangeByte-EraseBytes- DE: "\377\377\377\377\377\377\377\377"-
#838958	NEW    cov: 50 ft: 398 corp: 147/2791b lim: 4096 exec/s: 838958 rss: 36Mb L: 32/34 MS: 2 ChangeBit-CrossOver-
#848047	REDUCE cov: 50 ft: 398 corp: 147/2789b lim: 4096 exec/s: 424023 rss: 36Mb L: 18/34 MS: 4 ChangeBit-EraseBytes-ShuffleBytes-CMP- DE: "\377\377\377\377\377\377\377\037"-
#856003	REDUCE cov: 50 ft: 398 corp: 147/2788b lim: 4096 exec/s: 428001 rss: 36Mb L: 20/34 MS: 1 EraseBytes-
#873545	REDUCE cov: 50 ft: 398 corp: 147/2786b lim: 4096 exec/s: 436772 rss: 36Mb L: 20/34 MS: 2 ChangeByte-EraseBytes-
#919132	REDUCE cov: 50 ft: 398 corp: 147/2784b lim: 4096 exec/s: 459566 rss: 36Mb L: 18/34 MS: 2 EraseBytes-InsertByte-
#943392	REDUCE cov: 50 ft: 398 corp: 147/2782b lim: 4096 exec/s: 471696 rss: 36Mb L: 16/34 MS: 5 PersAutoDict-ChangeBinInt-EraseBytes-InsertByte-ChangeBinInt- DE: "\377\377"-
#948613	REDUCE cov: 50 ft: 398 corp: 147/2781b lim: 4096 exec/s: 474306 rss: 36Mb L: 18/34 MS: 1 EraseBytes-
#971049	REDUCE cov: 50 ft: 398 corp: 147/2780b lim: 4096 exec/s: 485524 rss: 36Mb L: 29/34 MS: 1 EraseBytes-
#973823	REDUCE cov: 50 ft: 398 corp: 147/2778b lim: 4096 exec/s: 486911 rss: 36Mb L: 20/34 MS: 4 ChangeBinInt-ChangeBit-ShuffleBytes-EraseBytes-
#988167	REDUCE cov: 50 ft: 404 corp: 148/2812b lim: 4096 exec/s: 494083 rss: 36Mb L: 34/34 MS: 4 EraseBytes-InsertByte-CrossOver-CrossOver-
#988253	REDUCE cov: 50 ft: 404 corp: 148/2811b lim: 4096 exec/s: 494126 rss: 36Mb L: 33/34 MS: 1 EraseBytes-
#1019844	REDUCE cov: 50 ft: 404 corp: 148/2810b lim: 4096 exec/s: 509922 rss: 36Mb L: 18/34 MS: 1 EraseBytes-
#1022275	REDUCE cov: 50 ft: 407 corp: 149/2843b lim: 4096 exec/s: 511137 rss: 36Mb L: 33/34 MS: 1 ShuffleBytes-
#1032871	NEW    cov: 50 ft: 408 corp: 150/2876b lim: 4096 exec/s: 516435 rss: 36Mb L: 33/34 MS: 1 CopyPart-
#1048576	pulse  cov: 50 ft: 408 corp: 150/2876b lim: 4096 exec/s: 524288 rss: 36Mb
#1053082	REDUCE cov: 50 ft: 408 corp: 150/2875b lim: 4096 exec/s: 526541 rss: 36Mb L: 19/34 MS: 1 EraseBytes-
#1055254	REDUCE cov: 50 ft: 408 corp: 150/2873b lim: 4096 exec/s: 527627 rss: 36Mb L: 18/34 MS: 2 EraseBytes-CopyPart-
#1059827	NEW    cov: 50 ft: 409 corp: 151/2906b lim: 4096 exec/s: 529913 rss: 36Mb L: 33/34 MS: 3 ChangeBinInt-ShuffleBytes-ChangeBit-
#1074853	REDUCE cov: 50 ft: 409 corp: 151/2905b lim: 4096 exec/s: 537426 rss: 36Mb L: 19/34 MS: 1 EraseBytes-
#1106459	REDUCE cov: 50 ft: 409 corp: 151/2904b lim: 4096 exec/s: 553229 rss: 36Mb L: 32/34 MS: 1 EraseBytes-
#1122590	REDUCE cov: 50 ft: 409 corp: 151/2903b lim: 4096 exec/s: 561295 rss: 36Mb L: 18/34 MS: 1 EraseBytes-
#1176136	REDUCE cov: 50 ft: 411 corp: 152/2935b lim: 4096 exec/s: 588068 rss: 36Mb L: 32/34 MS: 1 ChangeBit-
#1190347	REDUCE cov: 50 ft: 411 corp: 152/2934b lim: 4096 exec/s: 595173 rss: 36Mb L: 19/34 MS: 1 EraseBytes-
#1221625	REDUCE cov: 50 ft: 411 corp: 152/2932b lim: 4096 exec/s: 610812 rss: 36Mb L: 19/34 MS: 3 InsertByte-ChangeBinInt-EraseBytes-
#1268416	REDUCE cov: 50 ft: 411 corp: 152/2931b lim: 4096 exec/s: 634208 rss: 36Mb L: 18/34 MS: 1 EraseBytes-
#1290262	REDUCE cov: 50 ft: 411 corp: 152/2930b lim: 4096 exec/s: 430087 rss: 36Mb L: 23/34 MS: 1 EraseBytes-
#1310066	REDUCE cov: 50 ft: 411 corp: 152/2928b lim: 4096 exec/s: 436688 rss: 36Mb L: 21/34 MS: 4 EraseBytes-ChangeBinInt-ChangeBinInt-ChangeBinInt-
#1320497	REDUCE cov: 50 ft: 411 corp: 152/2927b lim: 4096 exec/s: 440165 rss: 36Mb L: 19/34 MS: 1 EraseBytes-
#1335364	REDUCE cov: 50 ft: 411 corp: 152/2926b lim: 4096 exec/s: 445121 rss: 36Mb L: 32/34 MS: 2 CrossOver-EraseBytes-
#1371350	REDUCE cov: 50 ft: 411 corp: 152/2925b lim: 4096 exec/s: 457116 rss: 36Mb L: 18/34 MS: 1 EraseBytes-
#1373131	REDUCE cov: 50 ft: 411 corp: 152/2924b lim: 4096 exec/s: 457710 rss: 36Mb L: 20/34 MS: 1 EraseBytes-
#1378177	REDUCE cov: 50 ft: 412 corp: 153/2943b lim: 4096 exec/s: 459392 rss: 36Mb L: 19/34 MS: 1 ShuffleBytes-
#1384538	REDUCE cov: 50 ft: 412 corp: 153/2942b lim: 4096 exec/s: 461512 rss: 36Mb L: 18/34 MS: 1 EraseBytes-
#1443344	REDUCE cov: 50 ft: 412 corp: 153/2941b lim: 4096 exec/s: 481114 rss: 36Mb L: 18/34 MS: 1 EraseBytes-
#1523024	REDUCE cov: 50 ft: 412 corp: 153/2938b lim: 4096 exec/s: 507674 rss: 36Mb L: 19/34 MS: 5 ShuffleBytes-CMP-ShuffleBytes-ChangeByte-EraseBytes- DE: "\001\000\000\000\000\000\000 "-
#1568053	REDUCE cov: 50 ft: 412 corp: 153/2936b lim: 4096 exec/s: 522684 rss: 36Mb L: 20/34 MS: 4 ShuffleBytes-CMP-PersAutoDict-EraseBytes- DE: "\034\000\000\000\000\000\000\000"-"\377\377\377\377\377\377\377\037"-
#1578899	REDUCE cov: 50 ft: 412 corp: 153/2935b lim: 4096 exec/s: 526299 rss: 36Mb L: 18/34 MS: 1 EraseBytes-
#1581700	REDUCE cov: 50 ft: 412 corp: 153/2934b lim: 4096 exec/s: 527233 rss: 36Mb L: 18/34 MS: 1 EraseBytes-
#1596227	REDUCE cov: 50 ft: 412 corp: 153/2933b lim: 4096 exec/s: 532075 rss: 36Mb L: 18/34 MS: 2 CopyPart-EraseBytes-
#1606946	REDUCE cov: 50 ft: 412 corp: 153/2931b lim: 4096 exec/s: 535648 rss: 36Mb L: 18/34 MS: 4 ChangeASCIIInt-CMP-ShuffleBytes-EraseBytes- DE: "\377\377\377\377\377\377\377\022"-
#1703042	REDUCE cov: 50 ft: 412 corp: 153/2930b lim: 4096 exec/s: 567680 rss: 36Mb L: 18/34 MS: 1 EraseBytes-
#1703938	REDUCE cov: 50 ft: 412 corp: 153/2929b lim: 4096 exec/s: 567979 rss: 36Mb L: 18/34 MS: 1 EraseBytes-
#1713815	REDUCE cov: 50 ft: 412 corp: 153/2928b lim: 4096 exec/s: 571271 rss: 36Mb L: 23/34 MS: 2 ChangeBit-EraseBytes-
#1775022	REDUCE cov: 50 ft: 412 corp: 153/2926b lim: 4096 exec/s: 443755 rss: 36Mb L: 20/34 MS: 2 CopyPart-EraseBytes-
#1797506	REDUCE cov: 50 ft: 412 corp: 153/2924b lim: 4096 exec/s: 449376 rss: 36Mb L: 18/34 MS: 4 PersAutoDict-EraseBytes-CrossOver-EraseBytes- DE: "\377\377\377\377\377\377\377\022"-
#1920564	NEW    cov: 50 ft: 413 corp: 154/2944b lim: 4096 exec/s: 480141 rss: 36Mb L: 20/34 MS: 3 ChangeASCIIInt-ChangeBit-ShuffleBytes-
#2000493	REDUCE cov: 50 ft: 413 corp: 154/2942b lim: 4096 exec/s: 500123 rss: 36Mb L: 20/34 MS: 4 ChangeBinInt-CrossOver-PersAutoDict-EraseBytes- DE: "\377\377\377\377\377\377\377\020"-
#2037259	REDUCE cov: 50 ft: 413 corp: 154/2941b lim: 4096 exec/s: 509314 rss: 36Mb L: 19/34 MS: 1 EraseBytes-
#2097152	pulse  cov: 50 ft: 413 corp: 154/2941b lim: 4096 exec/s: 524288 rss: 36Mb
#2126882	REDUCE cov: 50 ft: 413 corp: 154/2940b lim: 4096 exec/s: 531720 rss: 36Mb L: 15/34 MS: 3 EraseBytes-ChangeBit-ChangeBinInt-
#2184374	REDUCE cov: 50 ft: 413 corp: 154/2938b lim: 4096 exec/s: 436874 rss: 36Mb L: 21/34 MS: 2 EraseBytes-ChangeBinInt-
#2278133	REDUCE cov: 50 ft: 413 corp: 154/2937b lim: 4096 exec/s: 455626 rss: 36Mb L: 32/34 MS: 4 CopyPart-CrossOver-EraseBytes-CrossOver-
#2335158	REDUCE cov: 50 ft: 413 corp: 154/2935b lim: 4096 exec/s: 467031 rss: 36Mb L: 20/34 MS: 5 CMP-ChangeBit-ChangeBinInt-ShuffleBytes-EraseBytes- DE: "\377\377\377\377\377\377\377\037"-
#2397475	REDUCE cov: 50 ft: 413 corp: 154/2933b lim: 4096 exec/s: 479495 rss: 36Mb L: 20/34 MS: 2 CopyPart-EraseBytes-
#2430574	REDUCE cov: 50 ft: 413 corp: 154/2931b lim: 4096 exec/s: 486114 rss: 36Mb L: 20/34 MS: 4 ShuffleBytes-PersAutoDict-ChangeASCIIInt-EraseBytes- DE: "\377\377\377/"-
#2462508	REDUCE cov: 50 ft: 413 corp: 154/2929b lim: 4096 exec/s: 492501 rss: 36Mb L: 20/34 MS: 4 CrossOver-ChangeBit-ChangeByte-EraseBytes-
#2472370	REDUCE cov: 50 ft: 417 corp: 155/2947b lim: 4096 exec/s: 494474 rss: 36Mb L: 18/34 MS: 2 CrossOver-CopyPart-
#2539011	REDUCE cov: 50 ft: 417 corp: 155/2946b lim: 4096 exec/s: 507802 rss: 36Mb L: 18/34 MS: 1 EraseBytes-
#2615960	REDUCE cov: 50 ft: 417 corp: 155/2944b lim: 4096 exec/s: 523192 rss: 36Mb L: 17/34 MS: 4 EraseBytes-ChangeBit-EraseBytes-InsertRepeatedBytes-
#2896201	REDUCE cov: 50 ft: 417 corp: 155/2943b lim: 4096 exec/s: 482700 rss: 36Mb L: 32/34 MS: 1 EraseBytes-
#2907544	NEW    cov: 50 ft: 419 corp: 156/2961b lim: 4096 exec/s: 484590 rss: 36Mb L: 18/34 MS: 3 ChangeASCIIInt-ChangeASCIIInt-CopyPart-
#3028977	REDUCE cov: 50 ft: 419 corp: 156/2959b lim: 4096 exec/s: 504829 rss: 36Mb L: 20/34 MS: 3 EraseBytes-ShuffleBytes-InsertByte-
#3243828	REDUCE cov: 50 ft: 419 corp: 156/2958b lim: 4096 exec/s: 463404 rss: 36Mb L: 18/34 MS: 1 EraseBytes-
#3293292	REDUCE cov: 50 ft: 419 corp: 156/2956b lim: 4096 exec/s: 470470 rss: 36Mb L: 20/34 MS: 4 ChangeBinInt-PersAutoDict-EraseBytes-InsertByte- DE: "\011\000\000\000\000\000\000\000"-
#3474876	REDUCE cov: 50 ft: 419 corp: 156/2954b lim: 4096 exec/s: 496410 rss: 36Mb L: 20/34 MS: 4 ShuffleBytes-PersAutoDict-CrossOver-EraseBytes- DE: "\377\377"-
#3802413	REDUCE cov: 50 ft: 419 corp: 156/2952b lim: 4096 exec/s: 475301 rss: 36Mb L: 18/34 MS: 2 EraseBytes-PersAutoDict- DE: "\377\377\377\377\377\377\377\037"-
#3804505	REDUCE cov: 50 ft: 419 corp: 156/2950b lim: 4096 exec/s: 475563 rss: 36Mb L: 18/34 MS: 2 EraseBytes-InsertByte-
#4009021	REDUCE cov: 50 ft: 419 corp: 156/2949b lim: 4096 exec/s: 445446 rss: 36Mb L: 18/34 MS: 1 EraseBytes-
#4080150	REDUCE cov: 50 ft: 419 corp: 156/2944b lim: 4096 exec/s: 453350 rss: 36Mb L: 18/34 MS: 4 CrossOver-PersAutoDict-EraseBytes-EraseBytes- DE: "\377\377\377/"-
#4120881	REDUCE cov: 50 ft: 419 corp: 156/2943b lim: 4096 exec/s: 457875 rss: 36Mb L: 18/34 MS: 1 EraseBytes-
#4151733	REDUCE cov: 50 ft: 419 corp: 156/2941b lim: 4096 exec/s: 461303 rss: 36Mb L: 18/34 MS: 2 EraseBytes-CopyPart-
#4189714	REDUCE cov: 50 ft: 419 corp: 156/2940b lim: 4096 exec/s: 465523 rss: 36Mb L: 20/34 MS: 1 EraseBytes-
#4194304	pulse  cov: 50 ft: 419 corp: 156/2940b lim: 4096 exec/s: 466033 rss: 36Mb
#4380301	REDUCE cov: 50 ft: 421 corp: 157/2972b lim: 4096 exec/s: 486700 rss: 36Mb L: 32/34 MS: 2 InsertRepeatedBytes-EraseBytes-
#4513656	REDUCE cov: 50 ft: 421 corp: 157/2967b lim: 4096 exec/s: 451365 rss: 36Mb L: 15/34 MS: 5 ShuffleBytes-EraseBytes-InsertByte-InsertByte-ChangeBinInt-
#4601799	NEW    cov: 50 ft: 423 corp: 158/2985b lim: 4096 exec/s: 460179 rss: 36Mb L: 18/34 MS: 3 ShuffleBytes-ShuffleBytes-ChangeASCIIInt-
#4632693	REDUCE cov: 50 ft: 424 corp: 159/3018b lim: 4096 exec/s: 463269 rss: 36Mb L: 33/34 MS: 4 ChangeByte-ChangeASCIIInt-InsertRepeatedBytes-EraseBytes-
#4727515	REDUCE cov: 50 ft: 424 corp: 159/3016b lim: 4096 exec/s: 472751 rss: 36Mb L: 17/34 MS: 2 ChangeBinInt-EraseBytes-
#4901032	REDUCE cov: 50 ft: 424 corp: 159/3013b lim: 4096 exec/s: 445548 rss: 36Mb L: 17/34 MS: 2 EraseBytes-ChangeBit-
#5314770	REDUCE cov: 50 ft: 424 corp: 159/3011b lim: 4096 exec/s: 483160 rss: 36Mb L: 21/34 MS: 3 EraseBytes-ChangeBit-CrossOver-
#5378722	REDUCE cov: 50 ft: 424 corp: 159/3009b lim: 4096 exec/s: 448226 rss: 36Mb L: 20/34 MS: 2 EraseBytes-ChangeBit-
#5829728	REDUCE cov: 50 ft: 424 corp: 159/3008b lim: 4096 exec/s: 448440 rss: 36Mb L: 16/34 MS: 1 EraseBytes-
#6105256	REDUCE cov: 50 ft: 424 corp: 159/3006b lim: 4096 exec/s: 469635 rss: 36Mb L: 18/34 MS: 3 EraseBytes-ChangeASCIIInt-ChangeBit-
#6197059	REDUCE cov: 50 ft: 424 corp: 159/3004b lim: 4096 exec/s: 476696 rss: 36Mb L: 18/34 MS: 3 EraseBytes-ShuffleBytes-ChangeBinInt-
#6471693	REDUCE cov: 50 ft: 424 corp: 159/3002b lim: 4096 exec/s: 462263 rss: 36Mb L: 20/34 MS: 4 InsertByte-ChangeBit-ChangeBit-EraseBytes-
#6573316	REDUCE cov: 50 ft: 424 corp: 159/3001b lim: 4096 exec/s: 469522 rss: 36Mb L: 20/34 MS: 3 CopyPart-CrossOver-EraseBytes-
#6621797	REDUCE cov: 50 ft: 424 corp: 159/3000b lim: 4096 exec/s: 472985 rss: 36Mb L: 28/34 MS: 1 EraseBytes-
#6905065	REDUCE cov: 50 ft: 424 corp: 159/2998b lim: 4096 exec/s: 460337 rss: 36Mb L: 18/34 MS: 3 ChangeASCIIInt-CrossOver-EraseBytes-
#7354912	REDUCE cov: 50 ft: 424 corp: 159/2993b lim: 4096 exec/s: 459682 rss: 36Mb L: 15/34 MS: 2 EraseBytes-CrossOver-
#7507485	REDUCE cov: 50 ft: 424 corp: 159/2991b lim: 4096 exec/s: 469217 rss: 36Mb L: 18/34 MS: 3 InsertRepeatedBytes-ShuffleBytes-EraseBytes-
#7820038	REDUCE cov: 50 ft: 424 corp: 159/2989b lim: 4096 exec/s: 460002 rss: 36Mb L: 18/34 MS: 3 EraseBytes-ChangeByte-CopyPart-
#8578680	REDUCE cov: 50 ft: 424 corp: 159/2987b lim: 4096 exec/s: 451509 rss: 36Mb L: 16/34 MS: 2 ChangeBinInt-EraseBytes-
#9415699	REDUCE cov: 50 ft: 424 corp: 159/2985b lim: 4096 exec/s: 448366 rss: 36Mb L: 20/34 MS: 4 ChangeBit-ChangeByte-ChangeBit-EraseBytes-
#9680932	REDUCE cov: 50 ft: 424 corp: 159/2983b lim: 4096 exec/s: 460996 rss: 36Mb L: 18/34 MS: 3 ChangeBit-ChangeBit-EraseBytes-
#9931425	REDUCE cov: 50 ft: 424 corp: 159/2981b lim: 4096 exec/s: 451428 rss: 36Mb L: 20/34 MS: 3 EraseBytes-ChangeByte-InsertByte-
#10498242	REDUCE cov: 50 ft: 424 corp: 159/2979b lim: 4096 exec/s: 456445 rss: 36Mb L: 20/34 MS: 2 CrossOver-EraseBytes-
#10580060	REDUCE cov: 50 ft: 424 corp: 159/2978b lim: 4096 exec/s: 460002 rss: 36Mb L: 15/34 MS: 3 EraseBytes-ChangeBit-ChangeByte-
#10607373	REDUCE cov: 50 ft: 424 corp: 159/2976b lim: 4096 exec/s: 461190 rss: 36Mb L: 16/34 MS: 3 ChangeByte-EraseBytes-ChangeBinInt-
#11295106	REDUCE cov: 50 ft: 424 corp: 159/2974b lim: 4096 exec/s: 451804 rss: 36Mb L: 20/34 MS: 3 InsertByte-PersAutoDict-EraseBytes- DE: "\377\377\377\377\377\377\377\377"-
#11462988	REDUCE cov: 50 ft: 424 corp: 159/2972b lim: 4096 exec/s: 458519 rss: 36Mb L: 18/34 MS: 2 PersAutoDict-EraseBytes- DE: "\377\377"-
#12324197	REDUCE cov: 50 ft: 424 corp: 159/2971b lim: 4096 exec/s: 456451 rss: 36Mb L: 15/34 MS: 4 CrossOver-ChangeBit-ChangeByte-EraseBytes-
#12401492	REDUCE cov: 50 ft: 424 corp: 159/2970b lim: 4096 exec/s: 459314 rss: 36Mb L: 19/34 MS: 5 ShuffleBytes-ChangeBit-EraseBytes-ChangeBinInt-CopyPart-
#12897692	REDUCE cov: 50 ft: 424 corp: 159/2969b lim: 4096 exec/s: 460631 rss: 36Mb L: 19/34 MS: 5 CopyPart-CrossOver-ChangeASCIIInt-ChangeBinInt-EraseBytes-
#12946149	REDUCE cov: 50 ft: 424 corp: 159/2966b lim: 4096 exec/s: 446418 rss: 36Mb L: 15/34 MS: 2 ChangeBit-EraseBytes-
#13394588	REDUCE cov: 50 ft: 424 corp: 159/2962b lim: 4096 exec/s: 446486 rss: 36Mb L: 18/34 MS: 4 PersAutoDict-ChangeBit-EraseBytes-EraseBytes- DE: "\377\377\377\377\377\377\377\020"-
#13481611	REDUCE cov: 50 ft: 424 corp: 159/2959b lim: 4096 exec/s: 449387 rss: 36Mb L: 15/34 MS: 3 ShuffleBytes-ChangeBit-EraseBytes-
#13689609	REDUCE cov: 50 ft: 424 corp: 159/2958b lim: 4096 exec/s: 456320 rss: 36Mb L: 18/34 MS: 3 EraseBytes-ChangeBinInt-PersAutoDict- DE: "\377\377\377/"-
#14414569	REDUCE cov: 50 ft: 424 corp: 159/2956b lim: 4096 exec/s: 450455 rss: 36Mb L: 15/34 MS: 5 InsertByte-EraseBytes-CMP-ChangeByte-PersAutoDict- DE: "\000\000\0000"-"\377\377\377\377\377\377\377\377"-
#16690801	NEW    cov: 50 ft: 431 corp: 160/2971b lim: 4096 exec/s: 451102 rss: 36Mb L: 15/34 MS: 2 EraseBytes-ShuffleBytes-
#16880038	REDUCE cov: 50 ft: 431 corp: 160/2969b lim: 4096 exec/s: 456217 rss: 36Mb L: 16/34 MS: 2 EraseBytes-ChangeByte-
#17167590	NEW    cov: 50 ft: 432 corp: 161/2993b lim: 4096 exec/s: 451778 rss: 36Mb L: 24/34 MS: 2 CopyPart-ChangeBit-
#17178001	REDUCE cov: 50 ft: 432 corp: 161/2992b lim: 4096 exec/s: 452052 rss: 36Mb L: 23/34 MS: 1 EraseBytes-
#17498978	REDUCE cov: 50 ft: 432 corp: 161/2991b lim: 4096 exec/s: 448691 rss: 36Mb L: 15/34 MS: 2 CrossOver-EraseBytes-
#17538496	NEW    cov: 50 ft: 434 corp: 162/3023b lim: 4096 exec/s: 449705 rss: 36Mb L: 32/34 MS: 3 EraseBytes-CopyPart-CopyPart-
#17789818	REDUCE cov: 50 ft: 434 corp: 162/3022b lim: 4096 exec/s: 444745 rss: 36Mb L: 22/34 MS: 2 CopyPart-EraseBytes-
#18195582	REDUCE cov: 50 ft: 434 corp: 162/3021b lim: 4096 exec/s: 454889 rss: 36Mb L: 15/34 MS: 4 EraseBytes-CopyPart-ChangeBit-ChangeByte-
#18391900	REDUCE cov: 50 ft: 434 corp: 162/3019b lim: 4096 exec/s: 448582 rss: 36Mb L: 20/34 MS: 3 EraseBytes-InsertByte-ChangeBit-
#18773609	REDUCE cov: 50 ft: 434 corp: 162/3017b lim: 4096 exec/s: 446990 rss: 36Mb L: 18/34 MS: 4 ChangeBit-EraseBytes-PersAutoDict-EraseBytes- DE: "\377\377\377\377\377\377\377\377"-
#18843157	REDUCE cov: 50 ft: 434 corp: 162/3015b lim: 4096 exec/s: 448646 rss: 36Mb L: 20/34 MS: 3 PersAutoDict-PersAutoDict-EraseBytes- DE: "\000\000\0000"-"\377\377\377\377\377\377\377\037"-
#18878355	REDUCE cov: 50 ft: 434 corp: 162/3014b lim: 4096 exec/s: 449484 rss: 36Mb L: 17/34 MS: 3 ChangeBit-CopyPart-EraseBytes-
#19852480	REDUCE cov: 50 ft: 434 corp: 162/3013b lim: 4096 exec/s: 451192 rss: 36Mb L: 15/34 MS: 5 ChangeBit-EraseBytes-ChangeBit-InsertByte-InsertByte-
#19936486	REDUCE cov: 50 ft: 434 corp: 162/3012b lim: 4096 exec/s: 453101 rss: 36Mb L: 21/34 MS: 1 EraseBytes-
#20078528	REDUCE cov: 50 ft: 434 corp: 162/3010b lim: 4096 exec/s: 446189 rss: 36Mb L: 18/34 MS: 2 PersAutoDict-EraseBytes- DE: "\377\377\377\377\377\377\377\037"-
#20845086	REDUCE cov: 50 ft: 434 corp: 162/3008b lim: 4096 exec/s: 453154 rss: 36Mb L: 15/34 MS: 3 InsertRepeatedBytes-ChangeBit-EraseBytes-
#21015648	REDUCE cov: 50 ft: 434 corp: 162/3007b lim: 4096 exec/s: 447141 rss: 36Mb L: 19/34 MS: 2 EraseBytes-ChangeBinInt-
#21179941	REDUCE cov: 50 ft: 434 corp: 162/3005b lim: 4096 exec/s: 450637 rss: 36Mb L: 20/34 MS: 3 EraseBytes-PersAutoDict-ChangeByte- DE: "\377\377\377\377\377\377\377\022"-
#22144470	NEW    cov: 50 ft: 435 corp: 163/3037b lim: 4096 exec/s: 451927 rss: 36Mb L: 32/34 MS: 4 ChangeByte-ChangeASCIIInt-ChangeASCIIInt-CrossOver-
#22211114	REDUCE cov: 50 ft: 435 corp: 163/3035b lim: 4096 exec/s: 444222 rss: 36Mb L: 18/34 MS: 4 InsertByte-EraseBytes-PersAutoDict-EraseBytes- DE: "\377\377\377\377\377\377\377\377"-
#22467162	REDUCE cov: 50 ft: 435 corp: 163/3033b lim: 4096 exec/s: 449343 rss: 36Mb L: 20/34 MS: 3 ChangeByte-EraseBytes-InsertByte-
#23332704	REDUCE cov: 50 ft: 435 corp: 163/3031b lim: 4096 exec/s: 448705 rss: 36Mb L: 18/34 MS: 2 PersAutoDict-EraseBytes- DE: "\377\377\377/"-
#24901759	REDUCE cov: 50 ft: 435 corp: 163/3030b lim: 4096 exec/s: 444674 rss: 36Mb L: 19/34 MS: 5 ChangeByte-EraseBytes-ChangeASCIIInt-ShuffleBytes-ChangeBit-
#26763199	REDUCE cov: 50 ft: 435 corp: 163/3029b lim: 4096 exec/s: 446053 rss: 36Mb L: 17/34 MS: 5 ChangeBit-ChangeByte-EraseBytes-ChangeBit-ChangeBinInt-
#27492996	REDUCE cov: 50 ft: 435 corp: 163/3026b lim: 4096 exec/s: 450704 rss: 36Mb L: 15/34 MS: 2 ChangeBit-EraseBytes-
#29987434	REDUCE cov: 50 ft: 435 corp: 163/3024b lim: 4096 exec/s: 447573 rss: 36Mb L: 17/34 MS: 3 InsertByte-ChangeBinInt-EraseBytes-
#30046868	REDUCE cov: 50 ft: 435 corp: 163/3022b lim: 4096 exec/s: 448460 rss: 36Mb L: 17/34 MS: 4 ChangeASCIIInt-PersAutoDict-InsertByte-EraseBytes- DE: "\377\377\377\377\377\377\377\037"-
#30241320	NEW    cov: 50 ft: 437 corp: 164/3040b lim: 4096 exec/s: 444725 rss: 36Mb L: 18/34 MS: 2 EraseBytes-ChangeBit-
#30245091	NEW    cov: 50 ft: 439 corp: 165/3058b lim: 4096 exec/s: 444780 rss: 36Mb L: 18/34 MS: 1 ChangeBit-
#30245602	NEW    cov: 50 ft: 440 corp: 166/3076b lim: 4096 exec/s: 444788 rss: 36Mb L: 18/34 MS: 1 ChangeBit-
#30245928	NEW    cov: 50 ft: 442 corp: 167/3094b lim: 4096 exec/s: 444793 rss: 36Mb L: 18/34 MS: 1 ChangeBit-
#31430081	REDUCE cov: 50 ft: 442 corp: 167/3092b lim: 4096 exec/s: 449001 rss: 36Mb L: 18/34 MS: 3 ChangeBit-ChangeBinInt-EraseBytes-
#33554432	pulse  cov: 50 ft: 442 corp: 167/3092b lim: 4096 exec/s: 447392 rss: 36Mb
#35921249	REDUCE cov: 50 ft: 442 corp: 167/3091b lim: 4096 exec/s: 449015 rss: 36Mb L: 19/34 MS: 3 ChangeBit-EraseBytes-ChangeByte-
#36956096	REDUCE cov: 50 ft: 442 corp: 167/3089b lim: 4096 exec/s: 445254 rss: 36Mb L: 18/34 MS: 2 InsertRepeatedBytes-EraseBytes-
#39955378	REDUCE cov: 50 ft: 442 corp: 167/3087b lim: 4096 exec/s: 443948 rss: 36Mb L: 16/34 MS: 2 ChangeBit-EraseBytes-
#40047196	REDUCE cov: 50 ft: 442 corp: 167/3085b lim: 4096 exec/s: 444968 rss: 36Mb L: 18/34 MS: 3 ChangeBit-ChangeBit-EraseBytes-
#40081204	REDUCE cov: 50 ft: 442 corp: 167/3082b lim: 4096 exec/s: 445346 rss: 36Mb L: 15/34 MS: 3 ChangeByte-ChangeBinInt-EraseBytes-
#40618777	REDUCE cov: 50 ft: 442 corp: 167/3079b lim: 4096 exec/s: 446360 rss: 36Mb L: 15/34 MS: 3 ChangeBit-ShuffleBytes-EraseBytes-
#42749179	REDUCE cov: 50 ft: 442 corp: 167/3077b lim: 4096 exec/s: 445303 rss: 36Mb L: 20/34 MS: 2 PersAutoDict-EraseBytes- DE: "\377\377\377/"-
#45338272	REDUCE cov: 50 ft: 442 corp: 167/3076b lim: 4096 exec/s: 444492 rss: 37Mb L: 17/34 MS: 3 EraseBytes-ChangeByte-ChangeBit-
#47653307	REDUCE cov: 50 ft: 442 corp: 167/3075b lim: 4096 exec/s: 445358 rss: 37Mb L: 19/34 MS: 5 InsertByte-InsertByte-PersAutoDict-ChangeBit-EraseBytes- DE: "\001\000"-
#48939221	REDUCE cov: 50 ft: 442 corp: 167/3073b lim: 4096 exec/s: 444902 rss: 37Mb L: 18/34 MS: 4 PersAutoDict-InsertByte-InsertByte-EraseBytes- DE: "\377\377"-
#51064713	REDUCE cov: 50 ft: 442 corp: 167/3071b lim: 4096 exec/s: 444040 rss: 37Mb L: 17/34 MS: 2 EraseBytes-ChangeByte-
#53305445	REDUCE cov: 50 ft: 442 corp: 167/3070b lim: 4096 exec/s: 444212 rss: 37Mb L: 16/34 MS: 2 EraseBytes-ChangeBinInt-
#54272966	NEW    cov: 50 ft: 443 corp: 168/3085b lim: 4096 exec/s: 444860 rss: 37Mb L: 15/34 MS: 1 CrossOver-
#56746430	REDUCE cov: 50 ft: 443 corp: 168/3084b lim: 4096 exec/s: 443331 rss: 37Mb L: 15/34 MS: 4 EraseBytes-ChangeByte-ChangeBit-ChangeBit-
#57177992	REDUCE cov: 50 ft: 443 corp: 168/3073b lim: 4096 exec/s: 446703 rss: 37Mb L: 21/34 MS: 2 EraseBytes-ChangeBinInt-
#57564715	REDUCE cov: 50 ft: 443 corp: 168/3072b lim: 4096 exec/s: 446238 rss: 37Mb L: 19/34 MS: 3 ChangeBit-CrossOver-EraseBytes-
#58608469	REDUCE cov: 50 ft: 443 corp: 168/3071b lim: 4096 exec/s: 444003 rss: 37Mb L: 15/34 MS: 4 ChangeBinInt-EraseBytes-CopyPart-ChangeBit-
#65853944	REDUCE cov: 50 ft: 443 corp: 168/3069b lim: 4096 exec/s: 444959 rss: 37Mb L: 18/34 MS: 5 PersAutoDict-InsertByte-ChangeBinInt-CMP-EraseBytes- DE: "\001\000"-"b\000"-
#67369347	REDUCE cov: 50 ft: 443 corp: 168/3066b lim: 4096 exec/s: 443219 rss: 37Mb L: 15/34 MS: 3 EraseBytes-ChangeBinInt-CopyPart-
#67605847	REDUCE cov: 50 ft: 443 corp: 168/3063b lim: 4096 exec/s: 444775 rss: 37Mb L: 15/34 MS: 5 CMP-CrossOver-CopyPart-EraseBytes-CopyPart- DE: "\377`"-
#67623139	REDUCE cov: 50 ft: 444 corp: 169/3081b lim: 4096 exec/s: 444889 rss: 37Mb L: 18/34 MS: 2 CopyPart-ChangeByte-
#69345943	REDUCE cov: 50 ft: 444 corp: 169/3078b lim: 4096 exec/s: 444525 rss: 37Mb L: 15/34 MS: 4 CopyPart-ShuffleBytes-ChangeBit-EraseBytes-
#71824181	REDUCE cov: 50 ft: 444 corp: 169/3074b lim: 4096 exec/s: 443359 rss: 37Mb L: 16/34 MS: 3 ChangeByte-EraseBytes-EraseBytes-
#81551101	REDUCE cov: 50 ft: 444 corp: 169/3073b lim: 4096 exec/s: 443212 rss: 37Mb L: 19/34 MS: 5 ChangeBit-ChangeASCIIInt-CrossOver-InsertByte-EraseBytes-
#82084778	REDUCE cov: 50 ft: 444 corp: 169/3070b lim: 4096 exec/s: 443701 rss: 37Mb L: 16/34 MS: 2 EraseBytes-ChangeBit-
#82212777	REDUCE cov: 50 ft: 444 corp: 169/3068b lim: 4096 exec/s: 442004 rss: 37Mb L: 16/34 MS: 4 CrossOver-EraseBytes-ChangeByte-ChangeBit-
#83442519	REDUCE cov: 50 ft: 444 corp: 169/3066b lim: 4096 exec/s: 443843 rss: 37Mb L: 17/34 MS: 2 PersAutoDict-EraseBytes- DE: "\377\377"-
#84104212	REDUCE cov: 50 ft: 444 corp: 169/3063b lim: 4096 exec/s: 442653 rss: 37Mb L: 16/34 MS: 3 CrossOver-EraseBytes-ShuffleBytes-
#85321787	REDUCE cov: 50 ft: 444 corp: 169/3061b lim: 4096 exec/s: 442081 rss: 37Mb L: 16/34 MS: 5 EraseBytes-ShuffleBytes-CrossOver-ChangeBit-InsertByte-
#86750155	NEW    cov: 50 ft: 445 corp: 170/3076b lim: 4096 exec/s: 442602 rss: 37Mb L: 15/34 MS: 3 CopyPart-ChangeByte-ShuffleBytes-
#88156312	REDUCE cov: 50 ft: 445 corp: 170/3074b lim: 4096 exec/s: 442996 rss: 37Mb L: 16/34 MS: 2 EraseBytes-ChangeByte-
#94830856	REDUCE cov: 50 ft: 445 corp: 170/3073b lim: 4096 exec/s: 443134 rss: 37Mb L: 15/34 MS: 4 CopyPart-ChangeByte-CopyPart-EraseBytes-
#96984299	REDUCE cov: 50 ft: 445 corp: 170/3072b lim: 4096 exec/s: 442850 rss: 37Mb L: 17/34 MS: 3 EraseBytes-ChangeBinInt-ChangeByte-
#99065542	REDUCE cov: 50 ft: 445 corp: 170/3070b lim: 4096 exec/s: 442256 rss: 37Mb L: 15/34 MS: 3 ChangeASCIIInt-InsertByte-EraseBytes-
#100200886	REDUCE cov: 50 ft: 446 corp: 171/3088b lim: 4096 exec/s: 441413 rss: 37Mb L: 18/34 MS: 4 ShuffleBytes-ChangeBit-ShuffleBytes-ShuffleBytes-
#100340734	NEW    cov: 50 ft: 447 corp: 172/3106b lim: 4096 exec/s: 442029 rss: 37Mb L: 18/34 MS: 3 ChangeASCIIInt-ChangeASCIIInt-ChangeBinInt-
#101587276	REDUCE cov: 50 ft: 447 corp: 172/3104b lim: 4096 exec/s: 441683 rss: 37Mb L: 15/34 MS: 2 EraseBytes-ChangeBit-
#105942699	REDUCE cov: 50 ft: 447 corp: 172/3102b lim: 4096 exec/s: 441427 rss: 37Mb L: 16/34 MS: 3 ChangeBit-ChangeBit-EraseBytes-
#106791934	REDUCE cov: 50 ft: 447 corp: 172/3100b lim: 4096 exec/s: 441288 rss: 37Mb L: 17/34 MS: 5 EraseBytes-CopyPart-CrossOver-ChangeBit-CrossOver-
#108746827	REDUCE cov: 50 ft: 447 corp: 172/3099b lim: 4096 exec/s: 442060 rss: 37Mb L: 17/34 MS: 3 ChangeBit-EraseBytes-InsertByte-
#110390120	REDUCE cov: 50 ft: 447 corp: 172/3098b lim: 4096 exec/s: 441560 rss: 37Mb L: 15/34 MS: 3 ChangeByte-EraseBytes-ChangeBit-
#112162368	REDUCE cov: 50 ft: 447 corp: 172/3095b lim: 4096 exec/s: 441584 rss: 37Mb L: 15/34 MS: 3 EraseBytes-ShuffleBytes-ChangeByte-
#113712556	REDUCE cov: 50 ft: 447 corp: 172/3092b lim: 4096 exec/s: 442461 rss: 37Mb L: 15/34 MS: 3 CopyPart-ChangeByte-EraseBytes-
#117305124	REDUCE cov: 50 ft: 447 corp: 172/3091b lim: 4096 exec/s: 442660 rss: 37Mb L: 15/34 MS: 3 CrossOver-EraseBytes-ChangeBit-
#120548887	REDUCE cov: 50 ft: 447 corp: 172/3089b lim: 4096 exec/s: 441571 rss: 37Mb L: 15/34 MS: 3 ChangeBit-PersAutoDict-EraseBytes- DE: "\034\000\000\000\000\000\000\000"-
#121552880	REDUCE cov: 50 ft: 447 corp: 172/3087b lim: 4096 exec/s: 442010 rss: 37Mb L: 18/34 MS: 3 CrossOver-CopyPart-EraseBytes-
#127705755	REDUCE cov: 50 ft: 447 corp: 172/3086b lim: 4096 exec/s: 441888 rss: 37Mb L: 16/34 MS: 5 ShuffleBytes-ChangeByte-ShuffleBytes-ChangeASCIIInt-EraseBytes-
#129594349	REDUCE cov: 50 ft: 447 corp: 172/3085b lim: 4096 exec/s: 442301 rss: 37Mb L: 27/34 MS: 4 ChangeBinInt-ChangeBit-EraseBytes-CopyPart-
#129603973	REDUCE cov: 50 ft: 447 corp: 172/3083b lim: 4096 exec/s: 442334 rss: 37Mb L: 15/34 MS: 4 ChangeASCIIInt-ChangeBit-PersAutoDict-EraseBytes- DE: "\034\000\000\000\000\000\000\000"-
#130691321	REDUCE cov: 50 ft: 447 corp: 172/3081b lim: 4096 exec/s: 441524 rss: 37Mb L: 16/34 MS: 3 EraseBytes-CrossOver-CrossOver-
#130700859	REDUCE cov: 50 ft: 447 corp: 172/3079b lim: 4096 exec/s: 441556 rss: 37Mb L: 16/34 MS: 3 ChangeBinInt-CopyPart-EraseBytes-
#135014938	REDUCE cov: 50 ft: 447 corp: 172/3078b lim: 4096 exec/s: 441225 rss: 37Mb L: 16/34 MS: 4 ShuffleBytes-ShuffleBytes-EraseBytes-ChangeBinInt-
#135363803	REDUCE cov: 50 ft: 447 corp: 172/3077b lim: 4096 exec/s: 442365 rss: 37Mb L: 15/34 MS: 5 CrossOver-CopyPart-ChangeBit-EraseBytes-CrossOver-
#140901006	REDUCE cov: 50 ft: 447 corp: 172/3074b lim: 4096 exec/s: 441695 rss: 37Mb L: 15/34 MS: 3 ChangeBinInt-ChangeBinInt-EraseBytes-
#143878120	REDUCE cov: 50 ft: 447 corp: 172/3073b lim: 4096 exec/s: 441343 rss: 37Mb L: 15/34 MS: 4 EraseBytes-CopyPart-CrossOver-CMP- DE: "\377\377\377\377\377\377\377\377"-
#147619238	REDUCE cov: 50 ft: 447 corp: 172/3072b lim: 4096 exec/s: 441973 rss: 37Mb L: 19/34 MS: 3 EraseBytes-ShuffleBytes-ChangeBinInt-
#159725921	REDUCE cov: 50 ft: 447 corp: 172/3071b lim: 4096 exec/s: 441231 rss: 37Mb L: 18/34 MS: 3 EraseBytes-PersAutoDict-ChangeBit- DE: "\001\000"-
#162284183	REDUCE cov: 50 ft: 447 corp: 172/3069b lim: 4096 exec/s: 442191 rss: 37Mb L: 16/34 MS: 2 ChangeByte-EraseBytes-
#163513600	REDUCE cov: 50 ft: 447 corp: 172/3067b lim: 4096 exec/s: 441928 rss: 37Mb L: 16/34 MS: 2 EraseBytes-PersAutoDict- DE: "b\000"-
#165224978	REDUCE cov: 50 ft: 447 corp: 172/3065b lim: 4096 exec/s: 441778 rss: 37Mb L: 16/34 MS: 3 PersAutoDict-CMP-EraseBytes- DE: "b\000"-"\001\000"-
#166817490	REDUCE cov: 50 ft: 447 corp: 172/3064b lim: 4096 exec/s: 441316 rss: 37Mb L: 19/34 MS: 2 ChangeBit-EraseBytes-
#167318621	REDUCE cov: 50 ft: 447 corp: 172/3062b lim: 4096 exec/s: 441473 rss: 37Mb L: 17/34 MS: 1 EraseBytes-
#171120173	REDUCE cov: 50 ft: 447 corp: 172/3060b lim: 4096 exec/s: 442170 rss: 37Mb L: 18/34 MS: 2 PersAutoDict-EraseBytes- DE: "b\000"-
#190835231	REDUCE cov: 50 ft: 447 corp: 172/3057b lim: 4096 exec/s: 441748 rss: 37Mb L: 15/34 MS: 3 EraseBytes-ShuffleBytes-EraseBytes-
#194960174	REDUCE cov: 50 ft: 447 corp: 172/3056b lim: 4096 exec/s: 442086 rss: 37Mb L: 16/34 MS: 3 CopyPart-EraseBytes-InsertByte-
#198870648	REDUCE cov: 50 ft: 447 corp: 172/3053b lim: 4096 exec/s: 441934 rss: 37Mb L: 15/34 MS: 4 ChangeBinInt-EraseBytes-ChangeBinInt-CopyPart-
#216975047	REDUCE cov: 50 ft: 447 corp: 172/3052b lim: 4096 exec/s: 441904 rss: 37Mb L: 17/34 MS: 4 ChangeByte-EraseBytes-CopyPart-ChangeBit-
#220954809	REDUCE cov: 50 ft: 447 corp: 172/3050b lim: 4096 exec/s: 441909 rss: 37Mb L: 16/34 MS: 2 PersAutoDict-EraseBytes- DE: "b\000"-
#221007222	REDUCE cov: 50 ft: 447 corp: 172/3049b lim: 4096 exec/s: 442014 rss: 37Mb L: 15/34 MS: 3 EraseBytes-CrossOver-ChangeBit-
#224089462	REDUCE cov: 50 ft: 447 corp: 172/3048b lim: 4096 exec/s: 441991 rss: 37Mb L: 17/34 MS: 5 InsertByte-ChangeBit-ChangeByte-ChangeBit-EraseBytes-
#233896250	REDUCE cov: 50 ft: 447 corp: 172/3047b lim: 4096 exec/s: 441313 rss: 37Mb L: 15/34 MS: 3 EraseBytes-ChangeBit-ChangeBinInt-
#238538199	REDUCE cov: 50 ft: 447 corp: 172/3046b lim: 4096 exec/s: 441737 rss: 37Mb L: 15/34 MS: 4 CMP-ShuffleBytes-ChangeBinInt-EraseBytes- DE: "o\000"-
#252243242	REDUCE cov: 50 ft: 447 corp: 172/3045b lim: 4096 exec/s: 441756 rss: 37Mb L: 19/34 MS: 3 EraseBytes-ChangeBit-InsertByte-
#253388721	REDUCE cov: 50 ft: 447 corp: 172/3043b lim: 4096 exec/s: 441443 rss: 37Mb L: 16/34 MS: 4 CopyPart-ChangeASCIIInt-ChangeByte-EraseBytes-
#262690794	REDUCE cov: 50 ft: 447 corp: 172/3041b lim: 4096 exec/s: 441497 rss: 37Mb L: 17/34 MS: 3 ChangeBinInt-EraseBytes-ChangeBinInt-
==31264== libFuzzer: run interrupted; exiting
==31264== libFuzzer: run interrupted; exiting
