INFO: Running with entropic power schedule (0xFF, 100).
INFO: Seed: 3149935525
INFO: Loaded 1 modules   (70 inline 8-bit counters): 70 [0x56432d4ae030, 0x56432d4ae076), 
INFO: Loaded 1 PC tables (70 PCs): 70 [0xc000068000,0xc000068460), 
INFO:        9 files found in corpus
INFO: -max_len is not provided; libFuzzer will not generate inputs larger than 4096 bytes
INFO: seed corpus: files: 9 min: 1b max: 56b total: 191b rss: 29Mb
#10	INITED cov: 11 ft: 29 corp: 5/44b exec/s: 0 rss: 29Mb
#13	NEW    cov: 11 ft: 30 corp: 6/53b lim: 24 exec/s: 0 rss: 29Mb L: 9/24 MS: 3 ShuffleBytes-ChangeByte-InsertRepeatedBytes-
#23	NEW    cov: 11 ft: 32 corp: 7/66b lim: 24 exec/s: 0 rss: 29Mb L: 13/24 MS: 5 CopyPart-CrossOver-ChangeASCIIInt-CrossOver-EraseBytes-
#33	NEW    cov: 11 ft: 33 corp: 8/82b lim: 24 exec/s: 0 rss: 29Mb L: 16/24 MS: 5 ChangeBinInt-ChangeByte-ChangeByte-CrossOver-EraseBytes-
#50	NEW    cov: 11 ft: 35 corp: 9/97b lim: 24 exec/s: 0 rss: 29Mb L: 15/24 MS: 2 ShuffleBytes-InsertRepeatedBytes-
#461	NEW    cov: 11 ft: 36 corp: 10/124b lim: 28 exec/s: 0 rss: 30Mb L: 27/27 MS: 1 CopyPart-
#475	REDUCE cov: 11 ft: 36 corp: 10/123b lim: 28 exec/s: 0 rss: 30Mb L: 8/27 MS: 4 EraseBytes-ShuffleBytes-InsertByte-InsertByte-
#726	REDUCE cov: 11 ft: 36 corp: 10/119b lim: 28 exec/s: 0 rss: 30Mb L: 20/27 MS: 1 EraseBytes-
#739	NEW    cov: 13 ft: 42 corp: 11/134b lim: 28 exec/s: 0 rss: 30Mb L: 15/27 MS: 3 CMP-CopyPart-CrossOver- DE: "\000\000"-
#800	NEW    cov: 13 ft: 44 corp: 12/162b lim: 28 exec/s: 0 rss: 30Mb L: 28/28 MS: 1 InsertRepeatedBytes-
#829	NEW    cov: 13 ft: 45 corp: 13/190b lim: 28 exec/s: 0 rss: 30Mb L: 28/28 MS: 4 CopyPart-CMP-PersAutoDict-CopyPart- DE: "\001\000\000\000"-"\000\000"-
#921	NEW    cov: 13 ft: 47 corp: 14/209b lim: 28 exec/s: 0 rss: 30Mb L: 19/28 MS: 2 ChangeBit-PersAutoDict- DE: "\001\000\000\000"-
#1054	NEW    cov: 13 ft: 48 corp: 15/228b lim: 28 exec/s: 0 rss: 30Mb L: 19/28 MS: 3 ChangeBit-ChangeBinInt-CMP- DE: "\377\377"-
#1087	NEW    cov: 13 ft: 49 corp: 16/255b lim: 28 exec/s: 0 rss: 30Mb L: 27/28 MS: 3 CopyPart-ShuffleBytes-InsertRepeatedBytes-
#1148	NEW    cov: 13 ft: 50 corp: 17/283b lim: 28 exec/s: 0 rss: 30Mb L: 28/28 MS: 1 CopyPart-
#1269	NEW    cov: 25 ft: 97 corp: 18/305b lim: 28 exec/s: 0 rss: 30Mb L: 22/28 MS: 1 CopyPart-
#1270	NEW    cov: 25 ft: 98 corp: 19/325b lim: 28 exec/s: 0 rss: 30Mb L: 20/28 MS: 1 InsertByte-
#1359	NEW    cov: 25 ft: 99 corp: 20/352b lim: 28 exec/s: 0 rss: 30Mb L: 27/28 MS: 4 InsertRepeatedBytes-ChangeByte-ChangeBinInt-CrossOver-
#1460	NEW    cov: 25 ft: 100 corp: 21/379b lim: 28 exec/s: 0 rss: 30Mb L: 27/28 MS: 1 EraseBytes-
#1693	NEW    cov: 25 ft: 101 corp: 22/406b lim: 28 exec/s: 0 rss: 30Mb L: 27/28 MS: 3 EraseBytes-ChangeByte-CMP- DE: "\000\000\000\000\000\000\000\000"-
#1694	NEW    cov: 25 ft: 102 corp: 23/426b lim: 28 exec/s: 0 rss: 30Mb L: 20/28 MS: 1 ChangeByte-
#1792	NEW    cov: 25 ft: 103 corp: 24/454b lim: 28 exec/s: 0 rss: 30Mb L: 28/28 MS: 3 ChangeBinInt-ChangeBit-CopyPart-
#1801	NEW    cov: 25 ft: 104 corp: 25/475b lim: 28 exec/s: 0 rss: 30Mb L: 21/28 MS: 4 InsertRepeatedBytes-EraseBytes-EraseBytes-InsertRepeatedBytes-
#1878	NEW    cov: 25 ft: 105 corp: 26/501b lim: 28 exec/s: 0 rss: 30Mb L: 26/28 MS: 2 PersAutoDict-EraseBytes- DE: "\377\377"-
#1910	NEW    cov: 25 ft: 106 corp: 27/521b lim: 28 exec/s: 0 rss: 30Mb L: 20/28 MS: 2 CrossOver-ChangeBinInt-
#2048	REDUCE cov: 25 ft: 106 corp: 27/515b lim: 28 exec/s: 0 rss: 30Mb L: 15/28 MS: 3 ChangeBinInt-EraseBytes-PersAutoDict- DE: "\000\000"-
#2155	NEW    cov: 25 ft: 108 corp: 28/542b lim: 28 exec/s: 0 rss: 30Mb L: 27/28 MS: 2 ChangeBit-ChangeByte-
#2321	REDUCE cov: 25 ft: 112 corp: 29/566b lim: 28 exec/s: 0 rss: 30Mb L: 24/28 MS: 1 CrossOver-
#2333	REDUCE cov: 25 ft: 112 corp: 29/564b lim: 28 exec/s: 0 rss: 30Mb L: 18/28 MS: 2 CMP-EraseBytes- DE: "\377\377\377\377"-
#2355	REDUCE cov: 25 ft: 112 corp: 29/555b lim: 28 exec/s: 0 rss: 30Mb L: 19/28 MS: 2 EraseBytes-InsertByte-
#2440	NEW    cov: 25 ft: 113 corp: 30/574b lim: 28 exec/s: 0 rss: 30Mb L: 19/28 MS: 5 EraseBytes-ShuffleBytes-CrossOver-InsertByte-CopyPart-
#2757	REDUCE cov: 25 ft: 113 corp: 30/573b lim: 28 exec/s: 0 rss: 30Mb L: 18/28 MS: 2 EraseBytes-ChangeBit-
#2766	NEW    cov: 25 ft: 115 corp: 31/601b lim: 28 exec/s: 0 rss: 31Mb L: 28/28 MS: 4 ChangeBit-InsertByte-EraseBytes-InsertRepeatedBytes-
#2809	NEW    cov: 25 ft: 116 corp: 32/628b lim: 28 exec/s: 0 rss: 31Mb L: 27/28 MS: 3 CrossOver-ChangeBit-CrossOver-
#2916	NEW    cov: 25 ft: 117 corp: 33/648b lim: 28 exec/s: 0 rss: 31Mb L: 20/28 MS: 2 ChangeBit-ChangeBit-
#2964	NEW    cov: 25 ft: 118 corp: 34/676b lim: 28 exec/s: 0 rss: 31Mb L: 28/28 MS: 3 CrossOver-ChangeBinInt-CrossOver-
#3065	NEW    cov: 25 ft: 119 corp: 35/704b lim: 28 exec/s: 0 rss: 31Mb L: 28/28 MS: 1 ChangeBit-
#3085	NEW    cov: 25 ft: 120 corp: 36/722b lim: 28 exec/s: 0 rss: 31Mb L: 18/28 MS: 5 PersAutoDict-ChangeBinInt-CrossOver-EraseBytes-CrossOver- DE: "\377\377\377\377"-
#3123	REDUCE cov: 25 ft: 120 corp: 36/721b lim: 28 exec/s: 0 rss: 31Mb L: 25/28 MS: 3 EraseBytes-ShuffleBytes-CopyPart-
#3172	REDUCE cov: 25 ft: 120 corp: 36/720b lim: 28 exec/s: 0 rss: 31Mb L: 18/28 MS: 4 EraseBytes-CopyPart-ChangeBinInt-CopyPart-
#3221	REDUCE cov: 25 ft: 120 corp: 36/718b lim: 28 exec/s: 0 rss: 31Mb L: 26/28 MS: 4 EraseBytes-ShuffleBytes-ChangeBit-InsertByte-
#3387	REDUCE cov: 25 ft: 120 corp: 36/716b lim: 28 exec/s: 0 rss: 31Mb L: 16/28 MS: 1 EraseBytes-
#3463	NEW    cov: 25 ft: 121 corp: 37/743b lim: 28 exec/s: 0 rss: 31Mb L: 27/28 MS: 1 PersAutoDict- DE: "\000\000"-
#3492	NEW    cov: 25 ft: 123 corp: 38/770b lim: 28 exec/s: 0 rss: 31Mb L: 27/28 MS: 4 ChangeBit-CrossOver-ShuffleBytes-ChangeByte-
#3675	REDUCE cov: 25 ft: 123 corp: 38/767b lim: 28 exec/s: 0 rss: 31Mb L: 17/28 MS: 3 EraseBytes-ChangeByte-CopyPart-
#4083	NEW    cov: 25 ft: 124 corp: 39/799b lim: 32 exec/s: 0 rss: 31Mb L: 32/32 MS: 3 ChangeBit-ChangeBinInt-InsertRepeatedBytes-
#4106	NEW    cov: 25 ft: 125 corp: 40/828b lim: 32 exec/s: 0 rss: 31Mb L: 29/32 MS: 3 PersAutoDict-ChangeBit-CMP- DE: "\377\377"-"\000\000"-
#4134	REDUCE cov: 25 ft: 125 corp: 40/827b lim: 32 exec/s: 0 rss: 31Mb L: 15/32 MS: 3 ChangeByte-ChangeBinInt-EraseBytes-
#4659	NEW    cov: 25 ft: 126 corp: 41/860b lim: 37 exec/s: 0 rss: 31Mb L: 33/33 MS: 5 ShuffleBytes-InsertRepeatedBytes-ChangeBinInt-InsertByte-CopyPart-
#4711	NEW    cov: 25 ft: 128 corp: 42/894b lim: 37 exec/s: 0 rss: 31Mb L: 34/34 MS: 2 InsertRepeatedBytes-EraseBytes-
#5017	REDUCE cov: 25 ft: 128 corp: 42/893b lim: 37 exec/s: 0 rss: 31Mb L: 17/34 MS: 1 EraseBytes-
#5243	REDUCE cov: 30 ft: 142 corp: 43/910b lim: 37 exec/s: 0 rss: 31Mb L: 17/34 MS: 1 CopyPart-
#5493	REDUCE cov: 30 ft: 143 corp: 44/940b lim: 37 exec/s: 0 rss: 31Mb L: 30/34 MS: 5 CrossOver-ChangeByte-InsertByte-CrossOver-InsertRepeatedBytes-
#5524	NEW    cov: 30 ft: 145 corp: 45/968b lim: 37 exec/s: 0 rss: 31Mb L: 28/34 MS: 1 ChangeBinInt-
#6488	REDUCE cov: 30 ft: 145 corp: 45/963b lim: 42 exec/s: 0 rss: 31Mb L: 22/34 MS: 4 ChangeBit-CopyPart-CopyPart-CrossOver-
#6580	NEW    cov: 30 ft: 146 corp: 46/990b lim: 42 exec/s: 0 rss: 31Mb L: 27/34 MS: 2 ChangeByte-ChangeByte-
#7387	REDUCE cov: 30 ft: 146 corp: 46/985b lim: 47 exec/s: 0 rss: 32Mb L: 25/34 MS: 2 CMP-EraseBytes- DE: "\036\000\000\000\000\000\000\000"-
#7450	REDUCE cov: 30 ft: 146 corp: 46/980b lim: 47 exec/s: 0 rss: 32Mb L: 23/34 MS: 3 CrossOver-ChangeBinInt-EraseBytes-
#8075	REDUCE cov: 30 ft: 146 corp: 46/977b lim: 52 exec/s: 0 rss: 32Mb L: 15/34 MS: 5 ChangeByte-CopyPart-EraseBytes-ShuffleBytes-CMP- DE: "\001\000"-
#8156	REDUCE cov: 30 ft: 146 corp: 46/976b lim: 52 exec/s: 0 rss: 32Mb L: 24/34 MS: 1 EraseBytes-
#8178	REDUCE cov: 30 ft: 146 corp: 46/974b lim: 52 exec/s: 0 rss: 32Mb L: 15/34 MS: 2 ChangeBinInt-CrossOver-
#8306	REDUCE cov: 30 ft: 146 corp: 46/973b lim: 52 exec/s: 0 rss: 32Mb L: 31/34 MS: 3 EraseBytes-CopyPart-InsertByte-
#8327	REDUCE cov: 30 ft: 146 corp: 46/964b lim: 52 exec/s: 0 rss: 32Mb L: 15/34 MS: 1 EraseBytes-
#8632	REDUCE cov: 30 ft: 146 corp: 46/955b lim: 52 exec/s: 0 rss: 32Mb L: 19/34 MS: 5 ChangeBinInt-CMP-EraseBytes-ChangeByte-InsertByte- DE: "\377\377\377\377"-
#8738	NEW    cov: 30 ft: 148 corp: 47/972b lim: 52 exec/s: 0 rss: 32Mb L: 17/34 MS: 1 ShuffleBytes-
#8980	NEW    cov: 30 ft: 150 corp: 48/989b lim: 52 exec/s: 0 rss: 32Mb L: 17/34 MS: 2 ShuffleBytes-ChangeBit-
#9659	REDUCE cov: 30 ft: 150 corp: 48/988b lim: 57 exec/s: 0 rss: 32Mb L: 27/34 MS: 4 InsertRepeatedBytes-EraseBytes-ChangeBit-EraseBytes-
#10141	REDUCE cov: 30 ft: 152 corp: 49/1007b lim: 57 exec/s: 0 rss: 32Mb L: 19/34 MS: 2 ShuffleBytes-PersAutoDict- DE: "\377\377\377\377"-
#10746	REDUCE cov: 30 ft: 164 corp: 50/1032b lim: 62 exec/s: 0 rss: 32Mb L: 25/34 MS: 5 ChangeBit-EraseBytes-CopyPart-ChangeBit-ChangeBinInt-
#11192	NEW    cov: 30 ft: 166 corp: 51/1051b lim: 62 exec/s: 0 rss: 33Mb L: 19/34 MS: 1 ChangeBit-
#11193	REDUCE cov: 30 ft: 167 corp: 52/1066b lim: 62 exec/s: 0 rss: 33Mb L: 15/34 MS: 1 ChangeBinInt-
#11384	NEW    cov: 30 ft: 169 corp: 53/1083b lim: 62 exec/s: 0 rss: 33Mb L: 17/34 MS: 1 ShuffleBytes-
#12057	REDUCE cov: 30 ft: 169 corp: 53/1080b lim: 67 exec/s: 0 rss: 33Mb L: 16/34 MS: 3 ChangeByte-ChangeBit-EraseBytes-
#12156	REDUCE cov: 30 ft: 169 corp: 53/1076b lim: 67 exec/s: 0 rss: 33Mb L: 23/34 MS: 4 CMP-ChangeByte-InsertByte-EraseBytes- DE: "\377\377"-
#12692	REDUCE cov: 30 ft: 169 corp: 53/1075b lim: 67 exec/s: 0 rss: 33Mb L: 24/34 MS: 1 EraseBytes-
#13558	REDUCE cov: 30 ft: 182 corp: 54/1102b lim: 73 exec/s: 0 rss: 33Mb L: 27/34 MS: 1 CopyPart-
#13932	NEW    cov: 30 ft: 189 corp: 55/1129b lim: 73 exec/s: 0 rss: 33Mb L: 27/34 MS: 4 ChangeASCIIInt-CMP-CopyPart-CopyPart- DE: "\000\000\000\000\000\000\000\010"-
#14790	NEW    cov: 30 ft: 190 corp: 56/1146b lim: 79 exec/s: 0 rss: 33Mb L: 17/34 MS: 3 ShuffleBytes-ShuffleBytes-ChangeByte-
#15331	NEW    cov: 30 ft: 192 corp: 57/1163b lim: 79 exec/s: 0 rss: 33Mb L: 17/34 MS: 1 ShuffleBytes-
#15347	NEW    cov: 30 ft: 194 corp: 58/1190b lim: 79 exec/s: 0 rss: 33Mb L: 27/34 MS: 1 CrossOver-
#15908	NEW    cov: 30 ft: 195 corp: 59/1217b lim: 79 exec/s: 0 rss: 34Mb L: 27/34 MS: 1 CrossOver-
#16344	NEW    cov: 32 ft: 203 corp: 60/1244b lim: 79 exec/s: 0 rss: 34Mb L: 27/34 MS: 1 CopyPart-
#16455	NEW    cov: 32 ft: 204 corp: 61/1271b lim: 79 exec/s: 0 rss: 34Mb L: 27/34 MS: 1 ChangeASCIIInt-
#16656	NEW    cov: 33 ft: 205 corp: 62/1298b lim: 79 exec/s: 0 rss: 34Mb L: 27/34 MS: 1 ChangeByte-
#16736	NEW    cov: 33 ft: 206 corp: 63/1321b lim: 79 exec/s: 0 rss: 34Mb L: 23/34 MS: 5 EraseBytes-ChangeBit-ChangeByte-ShuffleBytes-CrossOver-
#16955	NEW    cov: 33 ft: 209 corp: 64/1349b lim: 79 exec/s: 0 rss: 34Mb L: 28/34 MS: 4 CrossOver-InsertByte-ChangeBit-ChangeBit-
#17437	REDUCE cov: 33 ft: 209 corp: 64/1348b lim: 79 exec/s: 0 rss: 34Mb L: 26/34 MS: 2 EraseBytes-CopyPart-
#17799	REDUCE cov: 33 ft: 209 corp: 64/1346b lim: 79 exec/s: 0 rss: 34Mb L: 25/34 MS: 2 EraseBytes-CopyPart-
#18008	REDUCE cov: 33 ft: 209 corp: 64/1342b lim: 79 exec/s: 0 rss: 34Mb L: 21/34 MS: 4 EraseBytes-InsertRepeatedBytes-ShuffleBytes-InsertByte-
#18110	REDUCE cov: 33 ft: 209 corp: 64/1340b lim: 79 exec/s: 0 rss: 34Mb L: 26/34 MS: 2 CopyPart-EraseBytes-
#18876	NEW    cov: 33 ft: 210 corp: 65/1368b lim: 85 exec/s: 0 rss: 34Mb L: 28/34 MS: 1 ChangeBinInt-
#18983	NEW    cov: 34 ft: 213 corp: 66/1396b lim: 85 exec/s: 0 rss: 34Mb L: 28/34 MS: 2 InsertByte-CrossOver-
#19550	REDUCE cov: 34 ft: 213 corp: 66/1395b lim: 85 exec/s: 0 rss: 34Mb L: 19/34 MS: 2 EraseBytes-InsertByte-
#20631	NEW    cov: 34 ft: 214 corp: 67/1422b lim: 91 exec/s: 0 rss: 35Mb L: 27/34 MS: 1 ChangeBinInt-
#21258	REDUCE cov: 34 ft: 214 corp: 67/1416b lim: 97 exec/s: 0 rss: 35Mb L: 21/34 MS: 2 ShuffleBytes-EraseBytes-
#21834	NEW    cov: 34 ft: 215 corp: 68/1444b lim: 97 exec/s: 0 rss: 35Mb L: 28/34 MS: 1 PersAutoDict- DE: "\000\000"-
#23840	NEW    cov: 49 ft: 270 corp: 69/1471b lim: 115 exec/s: 0 rss: 35Mb L: 27/34 MS: 1 ChangeBinInt-
#24106	NEW    cov: 49 ft: 272 corp: 70/1498b lim: 115 exec/s: 0 rss: 35Mb L: 27/34 MS: 1 ChangeByte-
#24802	NEW    cov: 50 ft: 277 corp: 71/1515b lim: 121 exec/s: 0 rss: 35Mb L: 17/34 MS: 1 ChangeByte-
#25404	NEW    cov: 50 ft: 278 corp: 72/1543b lim: 121 exec/s: 0 rss: 35Mb L: 28/34 MS: 2 CrossOver-CrossOver-
#26246	NEW    cov: 50 ft: 281 corp: 73/1571b lim: 127 exec/s: 0 rss: 35Mb L: 28/34 MS: 2 ChangeASCIIInt-ChangeByte-
#26787	NEW    cov: 50 ft: 282 corp: 74/1598b lim: 127 exec/s: 0 rss: 35Mb L: 27/34 MS: 1 ChangeBinInt-
#27906	REDUCE cov: 50 ft: 282 corp: 74/1594b lim: 133 exec/s: 0 rss: 35Mb L: 22/34 MS: 4 ChangeByte-ChangeBit-EraseBytes-ChangeByte-
#28342	NEW    cov: 50 ft: 283 corp: 75/1621b lim: 133 exec/s: 0 rss: 35Mb L: 27/34 MS: 1 ChangeBit-
#29146	REDUCE cov: 50 ft: 285 corp: 76/1653b lim: 140 exec/s: 0 rss: 35Mb L: 32/34 MS: 4 CrossOver-ChangeBit-ChangeBinInt-ChangeBit-
#29377	NEW    cov: 50 ft: 289 corp: 77/1680b lim: 140 exec/s: 0 rss: 35Mb L: 27/34 MS: 1 ChangeBit-
#30666	NEW    cov: 50 ft: 290 corp: 78/1708b lim: 147 exec/s: 0 rss: 35Mb L: 28/34 MS: 4 ShuffleBytes-CopyPart-ShuffleBytes-ChangeBinInt-
#33420	REDUCE cov: 50 ft: 290 corp: 78/1707b lim: 168 exec/s: 0 rss: 35Mb L: 18/34 MS: 4 ChangeBinInt-CopyPart-ShuffleBytes-EraseBytes-
#34797	REDUCE cov: 50 ft: 290 corp: 78/1706b lim: 175 exec/s: 0 rss: 35Mb L: 20/34 MS: 2 ChangeBit-EraseBytes-
#35013	NEW    cov: 50 ft: 291 corp: 79/1723b lim: 175 exec/s: 0 rss: 35Mb L: 17/34 MS: 1 ChangeBinInt-
#35029	NEW    cov: 50 ft: 292 corp: 80/1740b lim: 175 exec/s: 0 rss: 35Mb L: 17/34 MS: 1 ShuffleBytes-
#37230	NEW    cov: 50 ft: 293 corp: 81/1757b lim: 196 exec/s: 0 rss: 35Mb L: 17/34 MS: 1 ChangeBit-
#38761	NEW    cov: 50 ft: 294 corp: 82/1785b lim: 210 exec/s: 0 rss: 35Mb L: 28/34 MS: 1 ChangeASCIIInt-
#39082	NEW    cov: 50 ft: 295 corp: 83/1802b lim: 210 exec/s: 0 rss: 35Mb L: 17/34 MS: 1 ChangeBit-
#39848	NEW    cov: 50 ft: 296 corp: 84/1819b lim: 217 exec/s: 0 rss: 35Mb L: 17/34 MS: 1 ChangeBit-
#41149	NEW    cov: 50 ft: 297 corp: 85/1836b lim: 224 exec/s: 0 rss: 35Mb L: 17/34 MS: 1 ChangeByte-
#42220	NEW    cov: 50 ft: 298 corp: 86/1853b lim: 231 exec/s: 0 rss: 35Mb L: 17/34 MS: 1 ChangeByte-
#42319	REDUCE cov: 50 ft: 298 corp: 86/1852b lim: 231 exec/s: 0 rss: 35Mb L: 26/34 MS: 4 InsertByte-InsertByte-InsertByte-EraseBytes-
#42970	NEW    cov: 50 ft: 299 corp: 87/1869b lim: 231 exec/s: 0 rss: 35Mb L: 17/34 MS: 1 CrossOver-
#45406	NEW    cov: 50 ft: 300 corp: 88/1886b lim: 252 exec/s: 0 rss: 35Mb L: 17/34 MS: 1 ShuffleBytes-
#45498	NEW    cov: 50 ft: 301 corp: 89/1903b lim: 252 exec/s: 0 rss: 35Mb L: 17/34 MS: 2 ChangeByte-ChangeBit-
#46132	REDUCE cov: 50 ft: 301 corp: 89/1898b lim: 252 exec/s: 0 rss: 35Mb L: 21/34 MS: 4 EraseBytes-EraseBytes-InsertByte-CopyPart-
#46793	NEW    cov: 50 ft: 302 corp: 90/1915b lim: 252 exec/s: 0 rss: 35Mb L: 17/34 MS: 1 ShuffleBytes-
#47249	NEW    cov: 50 ft: 303 corp: 91/1932b lim: 252 exec/s: 0 rss: 35Mb L: 17/34 MS: 1 ShuffleBytes-
#50601	NEW    cov: 50 ft: 304 corp: 92/1949b lim: 283 exec/s: 0 rss: 35Mb L: 17/34 MS: 2 ChangeBinInt-ChangeBinInt-
#51937	NEW    cov: 50 ft: 311 corp: 93/1976b lim: 291 exec/s: 0 rss: 35Mb L: 27/34 MS: 1 ChangeBit-
#52299	REDUCE cov: 50 ft: 311 corp: 93/1975b lim: 291 exec/s: 0 rss: 35Mb L: 27/34 MS: 2 ChangeBit-EraseBytes-
#54433	REDUCE cov: 50 ft: 311 corp: 93/1970b lim: 307 exec/s: 0 rss: 35Mb L: 15/34 MS: 4 CrossOver-EraseBytes-ChangeBit-CopyPart-
#54993	REDUCE cov: 50 ft: 311 corp: 93/1968b lim: 307 exec/s: 0 rss: 35Mb L: 21/34 MS: 5 CrossOver-CopyPart-EraseBytes-ChangeByte-ChangeBinInt-
#55487	REDUCE cov: 50 ft: 311 corp: 93/1963b lim: 307 exec/s: 0 rss: 35Mb L: 21/34 MS: 4 EraseBytes-ChangeByte-ChangeBit-PersAutoDict- DE: "\377\377"-
#56078	NEW    cov: 50 ft: 312 corp: 94/1980b lim: 307 exec/s: 0 rss: 35Mb L: 17/34 MS: 1 ChangeBit-
#58104	NEW    cov: 50 ft: 314 corp: 95/2007b lim: 323 exec/s: 0 rss: 35Mb L: 27/34 MS: 1 CrossOver-
#62081	REDUCE cov: 50 ft: 314 corp: 95/2005b lim: 355 exec/s: 0 rss: 35Mb L: 25/34 MS: 2 EraseBytes-ChangeBinInt-
#63972	NEW    cov: 50 ft: 315 corp: 96/2022b lim: 371 exec/s: 0 rss: 35Mb L: 17/34 MS: 1 ChangeBit-
#64293	NEW    cov: 50 ft: 316 corp: 97/2039b lim: 371 exec/s: 0 rss: 35Mb L: 17/34 MS: 1 ChangeASCIIInt-
#65409	NEW    cov: 50 ft: 317 corp: 98/2056b lim: 379 exec/s: 0 rss: 35Mb L: 17/34 MS: 1 ChangeASCIIInt-
#65707	REDUCE cov: 50 ft: 317 corp: 98/2052b lim: 379 exec/s: 0 rss: 35Mb L: 19/34 MS: 3 ChangeBinInt-EraseBytes-ChangeBinInt-
#68809	REDUCE cov: 50 ft: 317 corp: 98/2050b lim: 403 exec/s: 0 rss: 35Mb L: 19/34 MS: 2 EraseBytes-ChangeBinInt-
#73105	NEW    cov: 50 ft: 318 corp: 99/2067b lim: 443 exec/s: 0 rss: 35Mb L: 17/34 MS: 1 ChangeASCIIInt-
#74313	REDUCE cov: 50 ft: 318 corp: 99/2064b lim: 451 exec/s: 0 rss: 35Mb L: 19/34 MS: 3 EraseBytes-CopyPart-InsertByte-
#75064	NEW    cov: 50 ft: 319 corp: 100/2091b lim: 451 exec/s: 0 rss: 35Mb L: 27/34 MS: 1 ChangeBit-
#76359	REDUCE cov: 50 ft: 319 corp: 100/2089b lim: 459 exec/s: 0 rss: 35Mb L: 16/34 MS: 5 EraseBytes-ShuffleBytes-CopyPart-ChangeByte-InsertByte-
#79876	NEW    cov: 50 ft: 320 corp: 101/2116b lim: 491 exec/s: 0 rss: 35Mb L: 27/34 MS: 2 CopyPart-ChangeBit-
#80574	REDUCE cov: 50 ft: 320 corp: 101/2114b lim: 491 exec/s: 0 rss: 35Mb L: 17/34 MS: 3 CopyPart-ChangeByte-EraseBytes-
#82500	NEW    cov: 50 ft: 321 corp: 102/2131b lim: 507 exec/s: 0 rss: 35Mb L: 17/34 MS: 1 ShuffleBytes-
#84556	NEW    cov: 50 ft: 322 corp: 103/2158b lim: 524 exec/s: 0 rss: 35Mb L: 27/34 MS: 1 ChangeBinInt-
#84794	REDUCE cov: 50 ft: 322 corp: 103/2155b lim: 524 exec/s: 0 rss: 35Mb L: 24/34 MS: 3 ChangeBit-InsertByte-EraseBytes-
#86400	NEW    cov: 50 ft: 323 corp: 104/2182b lim: 533 exec/s: 0 rss: 35Mb L: 27/34 MS: 1 ChangeBit-
#90085	NEW    cov: 50 ft: 324 corp: 105/2209b lim: 569 exec/s: 0 rss: 35Mb L: 27/34 MS: 5 ChangeBit-ChangeASCIIInt-ChangeBit-ChangeASCIIInt-ChangeBit-
#92202	REDUCE cov: 50 ft: 324 corp: 105/2208b lim: 587 exec/s: 0 rss: 35Mb L: 19/34 MS: 2 ChangeBinInt-EraseBytes-
#93090	REDUCE cov: 50 ft: 324 corp: 105/2207b lim: 587 exec/s: 0 rss: 35Mb L: 20/34 MS: 3 EraseBytes-CopyPart-InsertByte-
#93107	REDUCE cov: 50 ft: 324 corp: 105/2203b lim: 587 exec/s: 0 rss: 35Mb L: 15/34 MS: 2 EraseBytes-PersAutoDict- DE: "\377\377"-
#94269	REDUCE cov: 50 ft: 324 corp: 105/2199b lim: 596 exec/s: 0 rss: 35Mb L: 15/34 MS: 2 EraseBytes-CopyPart-
#94332	REDUCE cov: 50 ft: 324 corp: 105/2197b lim: 596 exec/s: 0 rss: 35Mb L: 19/34 MS: 3 ChangeByte-ChangeByte-EraseBytes-
#95999	NEW    cov: 50 ft: 325 corp: 106/2224b lim: 605 exec/s: 0 rss: 35Mb L: 27/34 MS: 2 ChangeBit-ChangeBit-
#98336	REDUCE cov: 50 ft: 325 corp: 106/2222b lim: 623 exec/s: 0 rss: 35Mb L: 16/34 MS: 2 InsertRepeatedBytes-EraseBytes-
#108714	REDUCE cov: 50 ft: 325 corp: 106/2220b lim: 722 exec/s: 0 rss: 35Mb L: 25/34 MS: 3 ChangeBinInt-PersAutoDict-EraseBytes- DE: "\000\000\000\000\000\000\000\010"-
#110110	NEW    cov: 50 ft: 326 corp: 107/2247b lim: 731 exec/s: 0 rss: 35Mb L: 27/34 MS: 1 ChangeBit-
#114623	NEW    cov: 50 ft: 327 corp: 108/2274b lim: 767 exec/s: 0 rss: 35Mb L: 27/34 MS: 3 ChangeByte-ChangeASCIIInt-ChangeBit-
#114740	REDUCE cov: 50 ft: 327 corp: 108/2272b lim: 767 exec/s: 0 rss: 35Mb L: 30/34 MS: 2 InsertByte-EraseBytes-
#117516	NEW    cov: 50 ft: 328 corp: 109/2289b lim: 794 exec/s: 0 rss: 35Mb L: 17/34 MS: 1 ChangeASCIIInt-
#119774	REDUCE cov: 50 ft: 328 corp: 109/2287b lim: 812 exec/s: 0 rss: 35Mb L: 17/34 MS: 3 EraseBytes-ChangeBinInt-InsertByte-
#125416	NEW    cov: 50 ft: 329 corp: 110/2314b lim: 866 exec/s: 0 rss: 35Mb L: 27/34 MS: 2 CopyPart-ChangeASCIIInt-
#125494	REDUCE cov: 50 ft: 329 corp: 110/2312b lim: 866 exec/s: 0 rss: 35Mb L: 25/34 MS: 3 EraseBytes-CMP-InsertByte- DE: "\000\000\000\000\000\000\000\033"-
#126130	NEW    cov: 50 ft: 330 corp: 111/2339b lim: 866 exec/s: 0 rss: 35Mb L: 27/34 MS: 1 ChangeBit-
#136997	REDUCE cov: 50 ft: 330 corp: 111/2338b lim: 974 exec/s: 0 rss: 35Mb L: 20/34 MS: 2 EraseBytes-ShuffleBytes-
#149555	REDUCE cov: 50 ft: 330 corp: 111/2337b lim: 1098 exec/s: 0 rss: 35Mb L: 27/34 MS: 3 InsertByte-EraseBytes-CopyPart-
#159416	NEW    cov: 50 ft: 331 corp: 112/2354b lim: 1188 exec/s: 0 rss: 35Mb L: 17/34 MS: 1 ShuffleBytes-
#165302	NEW    cov: 50 ft: 332 corp: 113/2371b lim: 1238 exec/s: 0 rss: 35Mb L: 17/34 MS: 1 ShuffleBytes-
#169799	NEW    cov: 50 ft: 334 corp: 114/2398b lim: 1278 exec/s: 0 rss: 35Mb L: 27/34 MS: 2 ChangeBit-ChangeByte-
#170000	REDUCE cov: 50 ft: 334 corp: 114/2397b lim: 1278 exec/s: 0 rss: 35Mb L: 29/34 MS: 1 EraseBytes-
#180782	REDUCE cov: 50 ft: 334 corp: 114/2385b lim: 1378 exec/s: 0 rss: 35Mb L: 17/34 MS: 2 EraseBytes-CMP- DE: "\377\377\377\377\377\377\377\031"-
#181818	NEW    cov: 50 ft: 338 corp: 115/2412b lim: 1388 exec/s: 0 rss: 35Mb L: 27/34 MS: 1 ChangeBit-
#191210	NEW    cov: 50 ft: 339 corp: 116/2429b lim: 1478 exec/s: 0 rss: 35Mb L: 17/34 MS: 2 ShuffleBytes-ChangeByte-
#195681	NEW    cov: 50 ft: 340 corp: 117/2446b lim: 1518 exec/s: 0 rss: 35Mb L: 17/34 MS: 1 ChangeBinInt-
#207381	NEW    cov: 50 ft: 341 corp: 118/2466b lim: 1628 exec/s: 0 rss: 35Mb L: 20/34 MS: 5 InsertByte-ChangeByte-InsertByte-ChangeBit-InsertByte-
#210762	NEW    cov: 50 ft: 342 corp: 119/2486b lim: 1658 exec/s: 0 rss: 35Mb L: 20/34 MS: 1 ChangeBit-
#211649	NEW    cov: 50 ft: 343 corp: 120/2506b lim: 1658 exec/s: 0 rss: 35Mb L: 20/34 MS: 2 ChangeASCIIInt-ChangeASCIIInt-
#216140	REDUCE cov: 50 ft: 343 corp: 120/2505b lim: 1698 exec/s: 0 rss: 35Mb L: 25/34 MS: 1 EraseBytes-
#219599	REDUCE cov: 50 ft: 343 corp: 120/2504b lim: 1728 exec/s: 0 rss: 35Mb L: 15/34 MS: 4 EraseBytes-EraseBytes-CopyPart-InsertByte-
#221480	NEW    cov: 50 ft: 344 corp: 121/2521b lim: 1738 exec/s: 0 rss: 35Mb L: 17/34 MS: 1 ChangeBinInt-
#232731	NEW    cov: 50 ft: 345 corp: 122/2541b lim: 1848 exec/s: 0 rss: 35Mb L: 20/34 MS: 1 ShuffleBytes-
#241358	REDUCE cov: 50 ft: 345 corp: 122/2539b lim: 1928 exec/s: 0 rss: 35Mb L: 15/34 MS: 2 EraseBytes-InsertByte-
#243360	REDUCE cov: 50 ft: 345 corp: 122/2537b lim: 1938 exec/s: 0 rss: 35Mb L: 15/34 MS: 2 CopyPart-EraseBytes-
#243907	NEW    cov: 50 ft: 346 corp: 123/2557b lim: 1938 exec/s: 0 rss: 35Mb L: 20/34 MS: 2 ChangeASCIIInt-ChangeASCIIInt-
#256330	REDUCE cov: 50 ft: 347 corp: 124/2572b lim: 2059 exec/s: 0 rss: 35Mb L: 15/34 MS: 3 ChangeBit-ChangeByte-ChangeByte-
#262860	REDUCE cov: 50 ft: 347 corp: 124/2571b lim: 2114 exec/s: 0 rss: 35Mb L: 19/34 MS: 5 ChangeBit-ChangeBinInt-CopyPart-EraseBytes-InsertByte-
#264413	REDUCE cov: 50 ft: 347 corp: 124/2569b lim: 2125 exec/s: 0 rss: 35Mb L: 17/34 MS: 3 EraseBytes-InsertByte-ChangeByte-
#267154	NEW    cov: 50 ft: 348 corp: 125/2589b lim: 2147 exec/s: 0 rss: 35Mb L: 20/34 MS: 1 ShuffleBytes-
#275451	NEW    cov: 50 ft: 349 corp: 126/2609b lim: 2224 exec/s: 0 rss: 35Mb L: 20/34 MS: 2 ChangeBit-ChangeASCIIInt-
#277867	NEW    cov: 50 ft: 350 corp: 127/2636b lim: 2246 exec/s: 0 rss: 35Mb L: 27/34 MS: 1 ChangeBit-
#289927	REDUCE cov: 50 ft: 350 corp: 127/2633b lim: 2356 exec/s: 0 rss: 35Mb L: 17/34 MS: 5 CMP-ChangeBinInt-EraseBytes-PersAutoDict-CrossOver- DE: "\001\000\000\000\000\000\000\000"-"\000\000"-
#294724	REDUCE cov: 50 ft: 350 corp: 127/2632b lim: 2400 exec/s: 0 rss: 35Mb L: 27/34 MS: 2 EraseBytes-ChangeByte-
#297594	REDUCE cov: 50 ft: 350 corp: 127/2630b lim: 2422 exec/s: 0 rss: 35Mb L: 15/34 MS: 5 ChangeBinInt-CopyPart-EraseBytes-InsertByte-EraseBytes-
#300524	NEW    cov: 50 ft: 351 corp: 128/2652b lim: 2444 exec/s: 0 rss: 35Mb L: 22/34 MS: 5 CMP-ChangeByte-ChangeByte-ChangeBinInt-ChangeBinInt- DE: "\000\000"-
#301981	NEW    cov: 50 ft: 352 corp: 129/2679b lim: 2455 exec/s: 0 rss: 35Mb L: 27/34 MS: 2 ChangeBit-ChangeBit-
#314588	REDUCE cov: 50 ft: 352 corp: 129/2678b lim: 2576 exec/s: 0 rss: 35Mb L: 24/34 MS: 2 ChangeByte-EraseBytes-
#332606	REDUCE cov: 50 ft: 352 corp: 129/2676b lim: 2752 exec/s: 0 rss: 35Mb L: 22/34 MS: 3 EraseBytes-InsertByte-EraseBytes-
#346694	REDUCE cov: 50 ft: 352 corp: 129/2675b lim: 2884 exec/s: 0 rss: 35Mb L: 19/34 MS: 3 ChangeBit-CrossOver-EraseBytes-
#348218	REDUCE cov: 50 ft: 352 corp: 129/2667b lim: 2895 exec/s: 0 rss: 35Mb L: 17/34 MS: 4 ChangeBit-PersAutoDict-InsertByte-EraseBytes- DE: "\377\377\377\377"-
#351763	REDUCE cov: 50 ft: 352 corp: 129/2666b lim: 2928 exec/s: 0 rss: 35Mb L: 27/34 MS: 5 EraseBytes-ChangeBit-ChangeBit-EraseBytes-CopyPart-
#365794	REDUCE cov: 50 ft: 352 corp: 129/2665b lim: 3060 exec/s: 0 rss: 35Mb L: 19/34 MS: 1 EraseBytes-
#378771	NEW    cov: 50 ft: 353 corp: 130/2685b lim: 3181 exec/s: 0 rss: 35Mb L: 20/34 MS: 2 CopyPart-ChangeBinInt-
#382312	NEW    cov: 50 ft: 354 corp: 131/2705b lim: 3214 exec/s: 0 rss: 35Mb L: 20/34 MS: 1 ChangeBit-
#382728	REDUCE cov: 50 ft: 355 corp: 132/2724b lim: 3214 exec/s: 0 rss: 35Mb L: 19/34 MS: 1 ChangeByte-
#389576	REDUCE cov: 50 ft: 355 corp: 132/2720b lim: 3280 exec/s: 0 rss: 35Mb L: 23/34 MS: 3 ChangeBinInt-ChangeByte-EraseBytes-
#392517	NEW    cov: 50 ft: 357 corp: 133/2740b lim: 3302 exec/s: 392517 rss: 35Mb L: 20/34 MS: 1 CopyPart-
#394978	NEW    cov: 50 ft: 358 corp: 134/2760b lim: 3324 exec/s: 394978 rss: 35Mb L: 20/34 MS: 1 ChangeASCIIInt-
#395975	REDUCE cov: 50 ft: 358 corp: 134/2759b lim: 3324 exec/s: 395975 rss: 35Mb L: 19/34 MS: 2 ShuffleBytes-EraseBytes-
#401866	NEW    cov: 50 ft: 359 corp: 135/2778b lim: 3379 exec/s: 401866 rss: 35Mb L: 19/34 MS: 1 CopyPart-
#405491	REDUCE cov: 50 ft: 359 corp: 135/2776b lim: 3412 exec/s: 405491 rss: 35Mb L: 23/34 MS: 5 ChangeBit-EraseBytes-InsertByte-ChangeBit-PersAutoDict- DE: "\001\000\000\000"-
#418265	REDUCE cov: 50 ft: 359 corp: 135/2774b lim: 3533 exec/s: 418265 rss: 35Mb L: 20/34 MS: 4 EraseBytes-CopyPart-CopyPart-EraseBytes-
#430068	REDUCE cov: 50 ft: 359 corp: 135/2772b lim: 3643 exec/s: 430068 rss: 35Mb L: 21/34 MS: 3 ChangeBinInt-ChangeByte-EraseBytes-
#430814	NEW    cov: 50 ft: 360 corp: 136/2791b lim: 3643 exec/s: 430814 rss: 35Mb L: 19/34 MS: 1 ChangeBit-
#432688	REDUCE cov: 50 ft: 360 corp: 136/2790b lim: 3654 exec/s: 432688 rss: 35Mb L: 19/34 MS: 4 InsertByte-CrossOver-EraseBytes-CMP- DE: "/\000"-
#433749	REDUCE cov: 50 ft: 361 corp: 137/2809b lim: 3654 exec/s: 433749 rss: 35Mb L: 19/34 MS: 1 ChangeBit-
#440972	REDUCE cov: 50 ft: 361 corp: 137/2807b lim: 3720 exec/s: 440972 rss: 35Mb L: 26/34 MS: 3 ChangeBit-ChangeBit-EraseBytes-
#446793	NEW    cov: 50 ft: 362 corp: 138/2834b lim: 3775 exec/s: 446793 rss: 35Mb L: 27/34 MS: 1 ChangeByte-
#448264	REDUCE cov: 50 ft: 363 corp: 139/2853b lim: 3786 exec/s: 448264 rss: 35Mb L: 19/34 MS: 1 ChangeASCIIInt-
#449055	NEW    cov: 50 ft: 364 corp: 140/2872b lim: 3786 exec/s: 449055 rss: 35Mb L: 19/34 MS: 1 ChangeASCIIInt-
#455256	NEW    cov: 50 ft: 365 corp: 141/2899b lim: 3841 exec/s: 455256 rss: 35Mb L: 27/34 MS: 1 ChangeByte-
#456537	NEW    cov: 50 ft: 366 corp: 142/2918b lim: 3852 exec/s: 456537 rss: 35Mb L: 19/34 MS: 1 ChangeASCIIInt-
#456818	NEW    cov: 50 ft: 367 corp: 143/2937b lim: 3852 exec/s: 456818 rss: 35Mb L: 19/34 MS: 1 ShuffleBytes-
#466076	REDUCE cov: 50 ft: 367 corp: 143/2936b lim: 3940 exec/s: 466076 rss: 35Mb L: 26/34 MS: 3 EraseBytes-ChangeByte-ChangeBinInt-
#467087	NEW    cov: 50 ft: 368 corp: 144/2955b lim: 3940 exec/s: 467087 rss: 35Mb L: 19/34 MS: 1 ChangeByte-
#472028	NEW    cov: 50 ft: 369 corp: 145/2974b lim: 3984 exec/s: 472028 rss: 35Mb L: 19/34 MS: 1 CrossOver-
#476094	NEW    cov: 50 ft: 370 corp: 146/2993b lim: 4017 exec/s: 476094 rss: 35Mb L: 19/34 MS: 1 ChangeByte-
#476995	NEW    cov: 50 ft: 371 corp: 147/3012b lim: 4017 exec/s: 476995 rss: 35Mb L: 19/34 MS: 1 ChangeBit-
#480386	NEW    cov: 50 ft: 372 corp: 148/3031b lim: 4050 exec/s: 480386 rss: 35Mb L: 19/34 MS: 1 ChangeASCIIInt-
#483537	NEW    cov: 50 ft: 373 corp: 149/3050b lim: 4072 exec/s: 483537 rss: 35Mb L: 19/34 MS: 1 ChangeASCIIInt-
#484044	REDUCE cov: 50 ft: 373 corp: 149/3049b lim: 4072 exec/s: 484044 rss: 35Mb L: 25/34 MS: 2 EraseBytes-CopyPart-
#493720	NEW    cov: 50 ft: 374 corp: 150/3068b lim: 4096 exec/s: 493720 rss: 35Mb L: 19/34 MS: 1 ShuffleBytes-
#496497	REDUCE cov: 50 ft: 374 corp: 150/3065b lim: 4096 exec/s: 496497 rss: 35Mb L: 19/34 MS: 2 EraseBytes-InsertByte-
#499233	NEW    cov: 50 ft: 375 corp: 151/3084b lim: 4096 exec/s: 499233 rss: 35Mb L: 19/34 MS: 1 ChangeBit-
#499245	REDUCE cov: 50 ft: 375 corp: 151/3083b lim: 4096 exec/s: 499245 rss: 35Mb L: 19/34 MS: 2 EraseBytes-InsertByte-
#504961	REDUCE cov: 50 ft: 375 corp: 151/3082b lim: 4096 exec/s: 504961 rss: 36Mb L: 19/34 MS: 1 EraseBytes-
#511212	NEW    cov: 50 ft: 376 corp: 152/3101b lim: 4096 exec/s: 511212 rss: 36Mb L: 19/34 MS: 1 CopyPart-
#514523	NEW    cov: 50 ft: 377 corp: 153/3120b lim: 4096 exec/s: 514523 rss: 36Mb L: 19/34 MS: 1 ChangeByte-
#562003	REDUCE cov: 50 ft: 377 corp: 153/3118b lim: 4096 exec/s: 562003 rss: 36Mb L: 17/34 MS: 5 PersAutoDict-InsertByte-PersAutoDict-EraseBytes-EraseBytes- DE: "\377\377"-"\377\377"-
#594970	NEW    cov: 50 ft: 379 corp: 154/3145b lim: 4096 exec/s: 594970 rss: 36Mb L: 27/34 MS: 2 CrossOver-ChangeBit-
#596634	REDUCE cov: 50 ft: 379 corp: 154/3144b lim: 4096 exec/s: 596634 rss: 36Mb L: 19/34 MS: 4 InsertByte-ChangeBinInt-EraseBytes-PersAutoDict- DE: "\377\377\377\377\377\377\377\031"-
#602945	REDUCE cov: 50 ft: 379 corp: 154/3143b lim: 4096 exec/s: 602945 rss: 36Mb L: 19/34 MS: 1 EraseBytes-
#606948	REDUCE cov: 50 ft: 379 corp: 154/3142b lim: 4096 exec/s: 606948 rss: 36Mb L: 18/34 MS: 3 ChangeASCIIInt-CopyPart-EraseBytes-
#610149	REDUCE cov: 50 ft: 379 corp: 154/3141b lim: 4096 exec/s: 610149 rss: 36Mb L: 18/34 MS: 1 EraseBytes-
#626993	REDUCE cov: 50 ft: 379 corp: 154/3139b lim: 4096 exec/s: 626993 rss: 36Mb L: 17/34 MS: 4 ChangeBinInt-ShuffleBytes-CMP-EraseBytes- DE: "\377\377\3770"-
#647405	REDUCE cov: 50 ft: 379 corp: 154/3137b lim: 4096 exec/s: 647405 rss: 36Mb L: 20/34 MS: 2 EraseBytes-ChangeByte-
#682232	NEW    cov: 50 ft: 381 corp: 155/3164b lim: 4096 exec/s: 682232 rss: 36Mb L: 27/34 MS: 2 ChangeASCIIInt-ChangeBit-
#734633	REDUCE cov: 50 ft: 381 corp: 155/3163b lim: 4096 exec/s: 734633 rss: 36Mb L: 19/34 MS: 1 EraseBytes-
#738945	NEW    cov: 50 ft: 382 corp: 156/3190b lim: 4096 exec/s: 738945 rss: 36Mb L: 27/34 MS: 2 CrossOver-CopyPart-
#750081	REDUCE cov: 50 ft: 382 corp: 156/3189b lim: 4096 exec/s: 750081 rss: 36Mb L: 16/34 MS: 1 EraseBytes-
#754893	NEW    cov: 50 ft: 383 corp: 157/3206b lim: 4096 exec/s: 754893 rss: 36Mb L: 17/34 MS: 2 ChangeByte-ChangeBit-
#759275	REDUCE cov: 50 ft: 383 corp: 157/3204b lim: 4096 exec/s: 759275 rss: 36Mb L: 15/34 MS: 2 EraseBytes-PersAutoDict- DE: "\377\377\377\377"-
#763438	REDUCE cov: 50 ft: 383 corp: 157/3203b lim: 4096 exec/s: 763438 rss: 36Mb L: 15/34 MS: 3 ShuffleBytes-EraseBytes-ChangeBit-
#784447	REDUCE cov: 50 ft: 383 corp: 157/3201b lim: 4096 exec/s: 784447 rss: 36Mb L: 17/34 MS: 4 CrossOver-ChangeASCIIInt-EraseBytes-CopyPart-
#786269	REDUCE cov: 50 ft: 383 corp: 157/3200b lim: 4096 exec/s: 786269 rss: 36Mb L: 19/34 MS: 2 CopyPart-EraseBytes-
#794935	NEW    cov: 50 ft: 384 corp: 158/3220b lim: 4096 exec/s: 794935 rss: 36Mb L: 20/34 MS: 1 ShuffleBytes-
#798005	REDUCE cov: 50 ft: 384 corp: 158/3219b lim: 4096 exec/s: 798005 rss: 36Mb L: 17/34 MS: 5 ChangeByte-ChangeByte-EraseBytes-CopyPart-CopyPart-
#835896	REDUCE cov: 50 ft: 384 corp: 158/3218b lim: 4096 exec/s: 417948 rss: 36Mb L: 16/34 MS: 1 EraseBytes-
#840708	REDUCE cov: 50 ft: 384 corp: 158/3217b lim: 4096 exec/s: 420354 rss: 36Mb L: 21/34 MS: 2 ShuffleBytes-EraseBytes-
#841990	REDUCE cov: 50 ft: 384 corp: 158/3215b lim: 4096 exec/s: 420995 rss: 36Mb L: 15/34 MS: 2 ChangeBinInt-EraseBytes-
#846674	REDUCE cov: 50 ft: 384 corp: 158/3214b lim: 4096 exec/s: 423337 rss: 36Mb L: 15/34 MS: 4 ChangeBinInt-InsertByte-EraseBytes-CMP- DE: "3\000"-
#846699	REDUCE cov: 50 ft: 384 corp: 158/3212b lim: 4096 exec/s: 423349 rss: 36Mb L: 24/34 MS: 5 InsertByte-ChangeBinInt-InsertByte-ChangeByte-EraseBytes-
#846858	REDUCE cov: 50 ft: 384 corp: 158/3211b lim: 4096 exec/s: 423429 rss: 36Mb L: 22/34 MS: 4 ShuffleBytes-InsertByte-EraseBytes-CMP- DE: "\001\000\000\000\000\000\000\023"-
#892101	REDUCE cov: 50 ft: 384 corp: 158/3210b lim: 4096 exec/s: 446050 rss: 36Mb L: 16/34 MS: 3 ChangeBit-EraseBytes-InsertByte-
#896655	REDUCE cov: 50 ft: 384 corp: 158/3208b lim: 4096 exec/s: 448327 rss: 36Mb L: 25/34 MS: 4 EraseBytes-ShuffleBytes-ShuffleBytes-InsertByte-
#919779	REDUCE cov: 50 ft: 384 corp: 158/3207b lim: 4096 exec/s: 459889 rss: 36Mb L: 18/34 MS: 4 ShuffleBytes-EraseBytes-ChangeBinInt-CopyPart-
#951267	REDUCE cov: 50 ft: 384 corp: 158/3206b lim: 4096 exec/s: 475633 rss: 36Mb L: 24/34 MS: 3 CopyPart-EraseBytes-ChangeByte-
#958380	REDUCE cov: 50 ft: 384 corp: 158/3204b lim: 4096 exec/s: 479190 rss: 36Mb L: 15/34 MS: 3 ChangeByte-EraseBytes-ChangeBinInt-
#1036008	NEW    cov: 50 ft: 388 corp: 159/3231b lim: 4096 exec/s: 518004 rss: 36Mb L: 27/34 MS: 3 ChangeByte-ChangeBit-ChangeBit-
#1039380	REDUCE cov: 50 ft: 388 corp: 159/3229b lim: 4096 exec/s: 519690 rss: 36Mb L: 17/34 MS: 2 PersAutoDict-EraseBytes- DE: "\377\377\377\377"-
#1045224	REDUCE cov: 50 ft: 388 corp: 159/3228b lim: 4096 exec/s: 522612 rss: 36Mb L: 17/34 MS: 4 ChangeASCIIInt-InsertRepeatedBytes-CMP-EraseBytes- DE: "\377\377\377Y"-
#1046889	REDUCE cov: 50 ft: 388 corp: 159/3227b lim: 4096 exec/s: 523444 rss: 36Mb L: 16/34 MS: 5 ChangeBinInt-ChangeByte-InsertByte-EraseBytes-InsertByte-
#1048576	pulse  cov: 50 ft: 388 corp: 159/3227b lim: 4096 exec/s: 524288 rss: 36Mb
#1055206	REDUCE cov: 50 ft: 388 corp: 159/3226b lim: 4096 exec/s: 527603 rss: 36Mb L: 16/34 MS: 2 ChangeBinInt-EraseBytes-
#1069875	REDUCE cov: 50 ft: 388 corp: 159/3224b lim: 4096 exec/s: 534937 rss: 36Mb L: 15/34 MS: 4 ChangeBit-EraseBytes-PersAutoDict-ChangeBinInt- DE: "\377\377\377Y"-
#1174557	REDUCE cov: 50 ft: 388 corp: 159/3223b lim: 4096 exec/s: 587278 rss: 36Mb L: 18/34 MS: 2 CMP-EraseBytes- DE: "E\000"-
#1176646	REDUCE cov: 50 ft: 388 corp: 159/3221b lim: 4096 exec/s: 588323 rss: 36Mb L: 17/34 MS: 4 ChangeBinInt-CopyPart-InsertByte-EraseBytes-
#1200500	REDUCE cov: 50 ft: 388 corp: 159/3220b lim: 4096 exec/s: 600250 rss: 36Mb L: 15/34 MS: 4 ChangeByte-ChangeBit-EraseBytes-ChangeBit-
#1209446	REDUCE cov: 50 ft: 388 corp: 159/3219b lim: 4096 exec/s: 604723 rss: 36Mb L: 19/34 MS: 1 EraseBytes-
#1255059	REDUCE cov: 50 ft: 388 corp: 159/3218b lim: 4096 exec/s: 418353 rss: 36Mb L: 16/34 MS: 3 ChangeBit-ChangeByte-EraseBytes-
#1270920	NEW    cov: 50 ft: 389 corp: 160/3245b lim: 4096 exec/s: 423640 rss: 36Mb L: 27/34 MS: 1 CopyPart-
#1273403	REDUCE cov: 50 ft: 389 corp: 160/3243b lim: 4096 exec/s: 424467 rss: 36Mb L: 22/34 MS: 3 ChangeBit-ChangeByte-EraseBytes-
#1282960	NEW    cov: 50 ft: 391 corp: 161/3270b lim: 4096 exec/s: 427653 rss: 36Mb L: 27/34 MS: 2 ChangeByte-ChangeASCIIInt-
#1303682	REDUCE cov: 50 ft: 391 corp: 161/3268b lim: 4096 exec/s: 434560 rss: 36Mb L: 15/34 MS: 2 EraseBytes-CopyPart-
#1342084	NEW    cov: 50 ft: 393 corp: 162/3295b lim: 4096 exec/s: 447361 rss: 36Mb L: 27/34 MS: 2 ChangeByte-CopyPart-
#1353605	NEW    cov: 50 ft: 395 corp: 163/3322b lim: 4096 exec/s: 451201 rss: 36Mb L: 27/34 MS: 1 ChangeBit-
#1385553	REDUCE cov: 50 ft: 395 corp: 163/3320b lim: 4096 exec/s: 461851 rss: 36Mb L: 15/34 MS: 3 InsertByte-EraseBytes-ChangeBinInt-
#1432307	REDUCE cov: 50 ft: 395 corp: 163/3318b lim: 4096 exec/s: 477435 rss: 36Mb L: 20/34 MS: 4 ChangeByte-CopyPart-InsertByte-EraseBytes-
#1432364	NEW    cov: 50 ft: 396 corp: 164/3345b lim: 4096 exec/s: 477454 rss: 36Mb L: 27/34 MS: 2 ShuffleBytes-ChangeBit-
#1508946	NEW    cov: 50 ft: 397 corp: 165/3378b lim: 4096 exec/s: 502982 rss: 36Mb L: 33/34 MS: 2 ShuffleBytes-InsertRepeatedBytes-
#1562230	REDUCE cov: 50 ft: 397 corp: 165/3377b lim: 4096 exec/s: 520743 rss: 36Mb L: 21/34 MS: 4 CMP-EraseBytes-ChangeBit-ChangeByte- DE: "\000\000\000x"-
#1572418	REDUCE cov: 50 ft: 397 corp: 165/3375b lim: 4096 exec/s: 524139 rss: 36Mb L: 17/34 MS: 3 InsertByte-CrossOver-EraseBytes-
#1581551	REDUCE cov: 50 ft: 397 corp: 165/3373b lim: 4096 exec/s: 527183 rss: 36Mb L: 17/34 MS: 3 EraseBytes-ShuffleBytes-ChangeByte-
#1626018	REDUCE cov: 50 ft: 397 corp: 165/3372b lim: 4096 exec/s: 542006 rss: 36Mb L: 19/34 MS: 2 ChangeBinInt-EraseBytes-
#1640380	REDUCE cov: 50 ft: 397 corp: 165/3370b lim: 4096 exec/s: 546793 rss: 36Mb L: 21/34 MS: 2 ChangeByte-EraseBytes-
#1709248	REDUCE cov: 50 ft: 397 corp: 165/3369b lim: 4096 exec/s: 427312 rss: 36Mb L: 23/34 MS: 3 ChangeBit-InsertByte-EraseBytes-
#1718123	REDUCE cov: 50 ft: 397 corp: 165/3367b lim: 4096 exec/s: 429530 rss: 36Mb L: 17/34 MS: 5 InsertRepeatedBytes-ShuffleBytes-EraseBytes-EraseBytes-ChangeBinInt-
#1787650	REDUCE cov: 50 ft: 397 corp: 165/3363b lim: 4096 exec/s: 446912 rss: 36Mb L: 15/34 MS: 2 EraseBytes-CopyPart-
#1829832	NEW    cov: 50 ft: 398 corp: 166/3396b lim: 4096 exec/s: 457458 rss: 36Mb L: 33/34 MS: 2 ChangeASCIIInt-ChangeByte-
#1850256	REDUCE cov: 50 ft: 398 corp: 166/3394b lim: 4096 exec/s: 462564 rss: 36Mb L: 17/34 MS: 4 ChangeBinInt-EraseBytes-InsertByte-CrossOver-
#1864911	REDUCE cov: 50 ft: 398 corp: 166/3393b lim: 4096 exec/s: 466227 rss: 36Mb L: 19/34 MS: 5 EraseBytes-PersAutoDict-CMP-PersAutoDict-PersAutoDict- DE: "\377\377\377\377\377\377\377\031"-"\001\000"-"E\000"-"\377\377"-
#1879732	REDUCE cov: 50 ft: 398 corp: 166/3388b lim: 4096 exec/s: 469933 rss: 36Mb L: 28/34 MS: 1 EraseBytes-
#1920399	REDUCE cov: 50 ft: 398 corp: 166/3386b lim: 4096 exec/s: 480099 rss: 36Mb L: 19/34 MS: 2 CopyPart-EraseBytes-
#1983786	REDUCE cov: 50 ft: 398 corp: 166/3385b lim: 4096 exec/s: 495946 rss: 36Mb L: 15/34 MS: 2 CMP-EraseBytes- DE: "\377\377\377\377\377\377\377\""-
#1985347	REDUCE cov: 50 ft: 398 corp: 166/3384b lim: 4096 exec/s: 496336 rss: 36Mb L: 27/34 MS: 1 EraseBytes-
#2042003	NEW    cov: 50 ft: 399 corp: 167/3411b lim: 4096 exec/s: 510500 rss: 36Mb L: 27/34 MS: 1 ChangeByte-
#2076100	REDUCE cov: 50 ft: 399 corp: 167/3409b lim: 4096 exec/s: 519025 rss: 36Mb L: 17/34 MS: 2 PersAutoDict-EraseBytes- DE: "\377\377\377\377"-
#2097152	pulse  cov: 50 ft: 399 corp: 167/3409b lim: 4096 exec/s: 524288 rss: 36Mb
#2200617	REDUCE cov: 50 ft: 399 corp: 167/3407b lim: 4096 exec/s: 440123 rss: 36Mb L: 17/34 MS: 2 ChangeBinInt-EraseBytes-
#2333808	REDUCE cov: 50 ft: 401 corp: 168/3434b lim: 4096 exec/s: 466761 rss: 36Mb L: 27/34 MS: 1 CopyPart-
#2479043	REDUCE cov: 50 ft: 401 corp: 168/3432b lim: 4096 exec/s: 495808 rss: 36Mb L: 17/34 MS: 5 CrossOver-CopyPart-EraseBytes-ChangeBit-InsertByte-
#2486210	REDUCE cov: 50 ft: 401 corp: 168/3431b lim: 4096 exec/s: 497242 rss: 36Mb L: 18/34 MS: 2 ChangeByte-EraseBytes-
#2517011	REDUCE cov: 50 ft: 401 corp: 168/3427b lim: 4096 exec/s: 503402 rss: 36Mb L: 19/34 MS: 1 EraseBytes-
#2543592	NEW    cov: 50 ft: 403 corp: 169/3454b lim: 4096 exec/s: 508718 rss: 36Mb L: 27/34 MS: 1 CrossOver-
#2544878	NEW    cov: 50 ft: 404 corp: 170/3481b lim: 4096 exec/s: 508975 rss: 36Mb L: 27/34 MS: 1 ChangeBit-
#2703679	REDUCE cov: 50 ft: 404 corp: 170/3480b lim: 4096 exec/s: 450613 rss: 36Mb L: 27/34 MS: 1 EraseBytes-
#2755595	REDUCE cov: 50 ft: 404 corp: 170/3479b lim: 4096 exec/s: 459265 rss: 36Mb L: 32/34 MS: 1 EraseBytes-
#2761427	REDUCE cov: 50 ft: 404 corp: 170/3476b lim: 4096 exec/s: 460237 rss: 36Mb L: 16/34 MS: 2 CrossOver-EraseBytes-
#2822704	REDUCE cov: 50 ft: 404 corp: 170/3474b lim: 4096 exec/s: 470450 rss: 36Mb L: 15/34 MS: 2 EraseBytes-ShuffleBytes-
#2964150	NEW    cov: 50 ft: 405 corp: 171/3501b lim: 4096 exec/s: 494025 rss: 36Mb L: 27/34 MS: 1 CrossOver-
#2967926	NEW    cov: 50 ft: 406 corp: 172/3528b lim: 4096 exec/s: 494654 rss: 36Mb L: 27/34 MS: 1 ChangeBit-
#2976216	REDUCE cov: 50 ft: 406 corp: 172/3526b lim: 4096 exec/s: 496036 rss: 36Mb L: 17/34 MS: 5 ShuffleBytes-InsertByte-ChangeByte-CopyPart-EraseBytes-
#3009745	REDUCE cov: 50 ft: 406 corp: 172/3524b lim: 4096 exec/s: 429963 rss: 36Mb L: 22/34 MS: 4 CopyPart-EraseBytes-ShuffleBytes-ChangeBinInt-
#3057647	REDUCE cov: 50 ft: 406 corp: 172/3522b lim: 4096 exec/s: 436806 rss: 36Mb L: 17/34 MS: 2 EraseBytes-ChangeByte-
#3285880	REDUCE cov: 50 ft: 406 corp: 172/3521b lim: 4096 exec/s: 469411 rss: 36Mb L: 15/34 MS: 3 ChangeBinInt-ShuffleBytes-EraseBytes-
#3364092	REDUCE cov: 50 ft: 406 corp: 172/3519b lim: 4096 exec/s: 480584 rss: 36Mb L: 15/34 MS: 2 CrossOver-EraseBytes-
#3518863	NEW    cov: 50 ft: 407 corp: 173/3546b lim: 4096 exec/s: 439857 rss: 36Mb L: 27/34 MS: 1 CrossOver-
#3528695	REDUCE cov: 50 ft: 407 corp: 173/3544b lim: 4096 exec/s: 441086 rss: 36Mb L: 15/34 MS: 2 PersAutoDict-EraseBytes- DE: "\377\377\377\377\377\377\377\031"-
#3562702	REDUCE cov: 50 ft: 407 corp: 173/3542b lim: 4096 exec/s: 445337 rss: 36Mb L: 17/34 MS: 2 ChangeByte-EraseBytes-
#3655610	REDUCE cov: 50 ft: 407 corp: 173/3540b lim: 4096 exec/s: 456951 rss: 36Mb L: 15/34 MS: 3 ChangeBit-ChangeByte-EraseBytes-
#3752765	REDUCE cov: 50 ft: 407 corp: 173/3538b lim: 4096 exec/s: 469095 rss: 36Mb L: 15/34 MS: 5 EraseBytes-ChangeBit-CrossOver-InsertByte-InsertByte-
#3999028	REDUCE cov: 50 ft: 407 corp: 173/3536b lim: 4096 exec/s: 444336 rss: 36Mb L: 19/34 MS: 3 EraseBytes-ChangeBinInt-EraseBytes-
#4128970	REDUCE cov: 50 ft: 407 corp: 173/3534b lim: 4096 exec/s: 458774 rss: 36Mb L: 15/34 MS: 2 EraseBytes-PersAutoDict- DE: "\377\377"-
#4194304	pulse  cov: 50 ft: 407 corp: 173/3534b lim: 4096 exec/s: 466033 rss: 36Mb
#4238110	REDUCE cov: 50 ft: 407 corp: 173/3532b lim: 4096 exec/s: 470901 rss: 36Mb L: 17/34 MS: 5 CopyPart-ChangeBinInt-PersAutoDict-EraseBytes-ChangeBinInt- DE: "\000\000\000\000\000\000\000\033"-
#4288563	REDUCE cov: 50 ft: 407 corp: 173/3530b lim: 4096 exec/s: 476507 rss: 36Mb L: 17/34 MS: 3 PersAutoDict-EraseBytes-CopyPart- DE: "\377\377\377\377\377\377\377\031"-
#4327012	REDUCE cov: 50 ft: 407 corp: 173/3529b lim: 4096 exec/s: 480779 rss: 36Mb L: 23/34 MS: 4 InsertByte-ChangeByte-CopyPart-EraseBytes-
#4472000	REDUCE cov: 50 ft: 407 corp: 173/3527b lim: 4096 exec/s: 447200 rss: 36Mb L: 25/34 MS: 3 ChangeBit-EraseBytes-ChangeByte-
#4704843	REDUCE cov: 50 ft: 407 corp: 173/3526b lim: 4096 exec/s: 470484 rss: 36Mb L: 27/34 MS: 3 ShuffleBytes-ShuffleBytes-EraseBytes-
#4860666	REDUCE cov: 50 ft: 407 corp: 173/3524b lim: 4096 exec/s: 441878 rss: 36Mb L: 15/34 MS: 3 ShuffleBytes-ChangeByte-EraseBytes-
#4906263	REDUCE cov: 50 ft: 407 corp: 173/3523b lim: 4096 exec/s: 446023 rss: 36Mb L: 27/34 MS: 2 ChangeASCIIInt-EraseBytes-
#5042552	REDUCE cov: 50 ft: 407 corp: 173/3521b lim: 4096 exec/s: 458413 rss: 36Mb L: 15/34 MS: 4 ChangeBinInt-CrossOver-ShuffleBytes-EraseBytes-
#5346010	REDUCE cov: 50 ft: 407 corp: 173/3519b lim: 4096 exec/s: 445500 rss: 36Mb L: 15/34 MS: 3 CopyPart-ChangeBit-EraseBytes-
#5453653	REDUCE cov: 50 ft: 407 corp: 173/3517b lim: 4096 exec/s: 454471 rss: 36Mb L: 15/34 MS: 3 EraseBytes-CopyPart-InsertByte-
#5509743	REDUCE cov: 50 ft: 407 corp: 173/3516b lim: 4096 exec/s: 459145 rss: 36Mb L: 27/34 MS: 5 EraseBytes-ShuffleBytes-ChangeBit-EraseBytes-CopyPart-
#5796154	REDUCE cov: 50 ft: 407 corp: 173/3515b lim: 4096 exec/s: 445858 rss: 36Mb L: 19/34 MS: 1 EraseBytes-
#5855151	REDUCE cov: 50 ft: 407 corp: 173/3513b lim: 4096 exec/s: 450396 rss: 36Mb L: 17/34 MS: 2 ChangeBit-EraseBytes-
#5892831	REDUCE cov: 50 ft: 407 corp: 173/3511b lim: 4096 exec/s: 453294 rss: 36Mb L: 20/34 MS: 5 ChangeByte-ShuffleBytes-ChangeBit-EraseBytes-ChangeBinInt-
#5901695	REDUCE cov: 50 ft: 407 corp: 173/3508b lim: 4096 exec/s: 453976 rss: 36Mb L: 22/34 MS: 4 CrossOver-EraseBytes-InsertByte-CMP- DE: "A\000"-
#5921735	REDUCE cov: 50 ft: 407 corp: 173/3506b lim: 4096 exec/s: 455518 rss: 36Mb L: 17/34 MS: 5 ChangeByte-InsertByte-EraseBytes-ShuffleBytes-InsertByte-
#6089889	NEW    cov: 50 ft: 409 corp: 174/3533b lim: 4096 exec/s: 434992 rss: 36Mb L: 27/34 MS: 4 ChangeASCIIInt-ShuffleBytes-ChangeByte-CopyPart-
#6191881	REDUCE cov: 50 ft: 409 corp: 174/3532b lim: 4096 exec/s: 442277 rss: 36Mb L: 18/34 MS: 2 PersAutoDict-EraseBytes- DE: "E\000"-
#6224996	REDUCE cov: 50 ft: 409 corp: 174/3531b lim: 4096 exec/s: 444642 rss: 36Mb L: 16/34 MS: 5 ChangeByte-InsertByte-InsertByte-EraseBytes-EraseBytes-
#6484178	REDUCE cov: 50 ft: 409 corp: 174/3529b lim: 4096 exec/s: 463155 rss: 36Mb L: 17/34 MS: 2 EraseBytes-ChangeByte-
#6719151	REDUCE cov: 50 ft: 409 corp: 174/3527b lim: 4096 exec/s: 447943 rss: 36Mb L: 15/34 MS: 3 ChangeBit-EraseBytes-ChangeBit-
#6753012	REDUCE cov: 50 ft: 409 corp: 174/3526b lim: 4096 exec/s: 450200 rss: 36Mb L: 19/34 MS: 1 EraseBytes-
#6907456	REDUCE cov: 50 ft: 413 corp: 175/3550b lim: 4096 exec/s: 460497 rss: 36Mb L: 24/34 MS: 4 CrossOver-CrossOver-ShuffleBytes-EraseBytes-
#7113975	REDUCE cov: 50 ft: 414 corp: 176/3584b lim: 4096 exec/s: 444623 rss: 36Mb L: 34/34 MS: 4 ChangeByte-ShuffleBytes-InsertRepeatedBytes-EraseBytes-
#7240978	REDUCE cov: 50 ft: 414 corp: 176/3583b lim: 4096 exec/s: 452561 rss: 36Mb L: 15/34 MS: 3 ShuffleBytes-ShuffleBytes-EraseBytes-
#7502710	REDUCE cov: 50 ft: 414 corp: 176/3582b lim: 4096 exec/s: 441335 rss: 36Mb L: 16/34 MS: 2 CrossOver-EraseBytes-
#7625942	REDUCE cov: 50 ft: 414 corp: 176/3574b lim: 4096 exec/s: 448584 rss: 36Mb L: 19/34 MS: 2 ChangeBit-EraseBytes-
#7772614	REDUCE cov: 50 ft: 414 corp: 176/3572b lim: 4096 exec/s: 457212 rss: 36Mb L: 15/34 MS: 2 ChangeBinInt-EraseBytes-
#8167013	REDUCE cov: 50 ft: 414 corp: 176/3570b lim: 4096 exec/s: 453722 rss: 36Mb L: 17/34 MS: 4 InsertByte-PersAutoDict-ChangeByte-EraseBytes- DE: "A\000"-
#8388608	pulse  cov: 50 ft: 414 corp: 176/3570b lim: 4096 exec/s: 441505 rss: 36Mb
#8590785	REDUCE cov: 50 ft: 414 corp: 176/3569b lim: 4096 exec/s: 452146 rss: 36Mb L: 16/34 MS: 2 EraseBytes-PersAutoDict- DE: "A\000"-
#8712244	REDUCE cov: 50 ft: 414 corp: 176/3567b lim: 4096 exec/s: 458539 rss: 36Mb L: 17/34 MS: 4 ChangeBinInt-ChangeBinInt-ChangeBit-EraseBytes-
#9107181	REDUCE cov: 50 ft: 414 corp: 176/3565b lim: 4096 exec/s: 455359 rss: 36Mb L: 15/34 MS: 2 CrossOver-EraseBytes-
#9444248	NEW    cov: 50 ft: 420 corp: 177/3596b lim: 4096 exec/s: 449726 rss: 36Mb L: 31/34 MS: 2 CrossOver-ChangeBinInt-
#9448934	NEW    cov: 50 ft: 422 corp: 178/3627b lim: 4096 exec/s: 449949 rss: 36Mb L: 31/34 MS: 1 ChangeByte-
#9897336	REDUCE cov: 50 ft: 422 corp: 178/3625b lim: 4096 exec/s: 449878 rss: 36Mb L: 17/34 MS: 2 PersAutoDict-EraseBytes- DE: "\377\377\377\377"-
#9909373	REDUCE cov: 50 ft: 422 corp: 178/3617b lim: 4096 exec/s: 450426 rss: 36Mb L: 19/34 MS: 2 ChangeBit-EraseBytes-
#10448180	REDUCE cov: 50 ft: 422 corp: 178/3615b lim: 4096 exec/s: 454268 rss: 36Mb L: 15/34 MS: 2 EraseBytes-CopyPart-
#10733549	REDUCE cov: 50 ft: 422 corp: 178/3613b lim: 4096 exec/s: 447231 rss: 36Mb L: 15/34 MS: 4 ChangeBinInt-ChangeBit-PersAutoDict-EraseBytes- DE: "\377\377"-
#12000301	REDUCE cov: 50 ft: 422 corp: 178/3611b lim: 4096 exec/s: 444455 rss: 36Mb L: 19/34 MS: 2 PersAutoDict-EraseBytes- DE: "\377\377\377\377"-
#12024908	REDUCE cov: 50 ft: 422 corp: 178/3609b lim: 4096 exec/s: 445366 rss: 36Mb L: 15/34 MS: 2 EraseBytes-ShuffleBytes-
#12659025	REDUCE cov: 50 ft: 422 corp: 178/3607b lim: 4096 exec/s: 452108 rss: 36Mb L: 15/34 MS: 2 EraseBytes-ShuffleBytes-
#13210057	REDUCE cov: 50 ft: 422 corp: 178/3604b lim: 4096 exec/s: 440335 rss: 36Mb L: 16/34 MS: 2 ChangeByte-EraseBytes-
#13484085	REDUCE cov: 50 ft: 422 corp: 178/3602b lim: 4096 exec/s: 449469 rss: 36Mb L: 15/34 MS: 3 ShuffleBytes-EraseBytes-CrossOver-
#13932597	NEW    cov: 50 ft: 423 corp: 179/3629b lim: 4096 exec/s: 449438 rss: 36Mb L: 27/34 MS: 2 CopyPart-ShuffleBytes-
#14114760	REDUCE cov: 50 ft: 423 corp: 179/3626b lim: 4096 exec/s: 441086 rss: 36Mb L: 16/34 MS: 3 ChangeBinInt-ChangeBit-EraseBytes-
#14239262	REDUCE cov: 50 ft: 423 corp: 179/3624b lim: 4096 exec/s: 444976 rss: 36Mb L: 17/34 MS: 2 EraseBytes-PersAutoDict- DE: "\377\377\377\377"-
#15141266	REDUCE cov: 50 ft: 423 corp: 179/3621b lim: 4096 exec/s: 445331 rss: 36Mb L: 24/34 MS: 4 ChangeASCIIInt-EraseBytes-ShuffleBytes-ChangeByte-
#15609414	REDUCE cov: 50 ft: 423 corp: 179/3619b lim: 4096 exec/s: 445983 rss: 36Mb L: 17/34 MS: 3 CrossOver-EraseBytes-CopyPart-
#15809978	REDUCE cov: 50 ft: 423 corp: 179/3618b lim: 4096 exec/s: 439166 rss: 36Mb L: 15/34 MS: 4 EraseBytes-InsertByte-ChangeBit-ChangeBinInt-
#15882961	REDUCE cov: 50 ft: 423 corp: 179/3616b lim: 4096 exec/s: 441193 rss: 36Mb L: 17/34 MS: 3 PersAutoDict-EraseBytes-EraseBytes- DE: "\377\377\377Y"-
#15925379	REDUCE cov: 50 ft: 423 corp: 179/3614b lim: 4096 exec/s: 442371 rss: 36Mb L: 15/34 MS: 3 PersAutoDict-ShuffleBytes-EraseBytes- DE: "\377\377\377Y"-
#16171726	REDUCE cov: 50 ft: 423 corp: 179/3612b lim: 4096 exec/s: 449214 rss: 36Mb L: 17/34 MS: 2 EraseBytes-ChangeByte-
#16502204	NEW    cov: 50 ft: 424 corp: 180/3639b lim: 4096 exec/s: 446005 rss: 36Mb L: 27/34 MS: 3 CopyPart-ChangeByte-EraseBytes-
panic: found special char in iban [recovered]
	panic: found special char in iban

goroutine 17 [running, locked to thread]:
git.ultraware.nl/iddinkgroep/fundament-api.Fuzz.func1()
	git.ultraware.nl/iddinkgroep/fundament-api/fuzz.go:19 +0xa5
panic({0x56432ca78760?, 0x56432ca8bc70?})
	runtime/panic.go:914 +0x21f
git.ultraware.nl/iddinkgroep/fundament-api.Fuzz({0xc000368e40, 0x1b})
	git.ultraware.nl/iddinkgroep/fundament-api/fuzz.go:34 +0x2b9
git.ultraware.nl/iddinkgroep/fundament-api.Fuzz_(...)
	git.ultraware.nl/iddinkgroep/fundament-api/fuzz.1527825026.go:6
main.LLVMFuzzerTestOneInput(...)
	./main.170485750.go:21
==28150== ERROR: libFuzzer: deadly signal
    #0 0x56432c99b630 in __sanitizer_print_stack_trace (/seedai/experiments/libfuzzer/source_iban/libfuzzer+0xaf630) (BuildId: 688cb25bec4564588da2a67f6a2b25148a0fd5d4)
    #1 0x56432c967755 in fuzzer::PrintStackTrace() (/seedai/experiments/libfuzzer/source_iban/libfuzzer+0x7b755) (BuildId: 688cb25bec4564588da2a67f6a2b25148a0fd5d4)
    #2 0x56432c9463a9 in fuzzer::Fuzzer::CrashCallback() (.part.0) FuzzerLoop.cpp.o
    #3 0x56432c94646a in fuzzer::Fuzzer::StaticCrashSignalCallback() (/seedai/experiments/libfuzzer/source_iban/libfuzzer+0x5a46a) (BuildId: 688cb25bec4564588da2a67f6a2b25148a0fd5d4)
    #4 0x7f7d8b84b70f  (/usr/lib/libc.so.6+0x3e70f) (BuildId: 316d0d3666387f0e8fb98773f51aa1801027c5ab)
    #5 0x56432c9fb160 in runtime.raise.abi0 runtime/sys_linux_amd64.s:153

NOTE: libFuzzer has rudimentary signal handlers.
      Combine libFuzzer with AddressSanitizer or similar for better crash reports.
SUMMARY: libFuzzer: deadly signal
MS: 2 ChangeASCIIInt-ChangeBinInt-; base unit: ec29f35ad6dc5f09d52fb79d184c85d753e02b52
0x73,0x4d,0x30,0x4d,0x2d,0x30,0x30,0x30,0x30,0x30,0x30,0x30,0x30,0x30,0x30,0x30,0x30,0x30,0x30,0x30,0x30,0x30,0x30,0x30,0x30,0x30,0x30,
sM0M-0000000000000000000000
artifact_prefix='./'; Test unit written to ./crash-01c3ea38ab00ce20cd4b6dc5810adad1c33f7c38
Base64: c00wTS0wMDAwMDAwMDAwMDAwMDAwMDAwMDAw
