INFO: Running with entropic power schedule (0xFF, 100).
INFO: Seed: 1881980757
INFO: Loaded 1 modules   (70 inline 8-bit counters): 70 [0x5619fa504030, 0x5619fa504076), 
INFO: Loaded 1 PC tables (70 PCs): 70 [0xc000068000,0xc000068460), 
INFO:        2 files found in corpus
INFO: -max_len is not provided; libFuzzer will not generate inputs larger than 4096 bytes
INFO: seed corpus: files: 2 min: 2000b max: 2000b total: 4000b rss: 30Mb
#3	INITED exec/s: 0 rss: 30Mb
WARNING: no interesting inputs were found so far. Is the code instrumented for coverage?
This may also happen if the target rejected all inputs we tried so far
#4	NEW    cov: 9 ft: 15 corp: 2/2b lim: 4 exec/s: 0 rss: 30Mb L: 1/1 MS: 1 ChangeByte-
#5	NEW    cov: 9 ft: 16 corp: 3/4b lim: 4 exec/s: 0 rss: 30Mb L: 2/2 MS: 1 InsertByte-
#9	NEW    cov: 9 ft: 19 corp: 4/7b lim: 4 exec/s: 0 rss: 30Mb L: 3/3 MS: 4 CopyPart-CopyPart-CrossOver-CopyPart-
#231	NEW    cov: 9 ft: 20 corp: 5/12b lim: 6 exec/s: 0 rss: 30Mb L: 5/5 MS: 2 ShuffleBytes-InsertRepeatedBytes-
#452	NEW    cov: 9 ft: 21 corp: 6/20b lim: 8 exec/s: 0 rss: 30Mb L: 8/8 MS: 1 InsertRepeatedBytes-
#480	NEW    cov: 9 ft: 22 corp: 7/27b lim: 8 exec/s: 0 rss: 30Mb L: 7/8 MS: 3 ChangeByte-InsertByte-CrossOver-
#1097	NEW    cov: 9 ft: 23 corp: 8/39b lim: 14 exec/s: 0 rss: 30Mb L: 12/12 MS: 2 EraseBytes-CopyPart-
#1100	NEW    cov: 9 ft: 24 corp: 9/52b lim: 14 exec/s: 0 rss: 30Mb L: 13/13 MS: 3 ShuffleBytes-CrossOver-InsertRepeatedBytes-
#1132	NEW    cov: 9 ft: 25 corp: 10/66b lim: 14 exec/s: 0 rss: 30Mb L: 14/14 MS: 2 ChangeBit-InsertByte-
#1438	NEW    cov: 11 ft: 31 corp: 11/81b lim: 17 exec/s: 0 rss: 30Mb L: 15/15 MS: 1 CopyPart-
#1442	NEW    cov: 11 ft: 33 corp: 12/97b lim: 17 exec/s: 0 rss: 30Mb L: 16/16 MS: 4 ChangeByte-ShuffleBytes-InsertByte-CopyPart-
#1443	NEW    cov: 11 ft: 34 corp: 13/114b lim: 17 exec/s: 0 rss: 30Mb L: 17/17 MS: 1 InsertByte-
#1859	NEW    cov: 11 ft: 35 corp: 14/134b lim: 21 exec/s: 0 rss: 30Mb L: 20/20 MS: 1 CopyPart-
#1925	REDUCE cov: 11 ft: 35 corp: 14/133b lim: 21 exec/s: 0 rss: 30Mb L: 19/19 MS: 1 EraseBytes-
#2741	NEW    cov: 11 ft: 37 corp: 15/162b lim: 29 exec/s: 0 rss: 30Mb L: 29/29 MS: 1 InsertRepeatedBytes-
#3213	NEW    cov: 11 ft: 38 corp: 16/195b lim: 33 exec/s: 0 rss: 30Mb L: 33/33 MS: 2 CrossOver-CrossOver-
#3263	NEW    cov: 11 ft: 39 corp: 17/227b lim: 33 exec/s: 0 rss: 30Mb L: 32/33 MS: 5 CrossOver-ChangeByte-InsertRepeatedBytes-ShuffleBytes-InsertRepeatedBytes-
#3801	NEW    cov: 11 ft: 41 corp: 18/261b lim: 38 exec/s: 0 rss: 31Mb L: 34/34 MS: 3 CopyPart-ChangeByte-EraseBytes-
#9659	REDUCE cov: 11 ft: 41 corp: 18/260b lim: 92 exec/s: 0 rss: 31Mb L: 31/34 MS: 3 InsertRepeatedBytes-ChangeByte-EraseBytes-
#15557	NEW    cov: 13 ft: 47 corp: 19/285b lim: 149 exec/s: 0 rss: 32Mb L: 25/34 MS: 3 ChangeBit-ChangeBinInt-InsertRepeatedBytes-
#15700	REDUCE cov: 13 ft: 47 corp: 19/282b lim: 149 exec/s: 0 rss: 32Mb L: 22/34 MS: 3 CMP-InsertByte-EraseBytes- DE: "!\000\000\000\000\000\000\000"-
#15787	REDUCE cov: 13 ft: 48 corp: 20/305b lim: 149 exec/s: 0 rss: 32Mb L: 23/34 MS: 2 CopyPart-InsertByte-
#15841	REDUCE cov: 13 ft: 49 corp: 21/337b lim: 149 exec/s: 0 rss: 32Mb L: 32/34 MS: 4 ChangeBit-CMP-ChangeBit-CopyPart- DE: "\017\000\000\000\000\000\000\000"-
#15910	REDUCE cov: 13 ft: 50 corp: 22/369b lim: 149 exec/s: 0 rss: 32Mb L: 32/34 MS: 4 InsertByte-ChangeByte-ChangeBinInt-CopyPart-
#15944	NEW    cov: 13 ft: 51 corp: 23/398b lim: 149 exec/s: 0 rss: 32Mb L: 29/34 MS: 4 EraseBytes-ChangeBit-CopyPart-PersAutoDict- DE: "\017\000\000\000\000\000\000\000"-
#16622	REDUCE cov: 13 ft: 51 corp: 23/382b lim: 149 exec/s: 0 rss: 33Mb L: 16/34 MS: 3 ChangeBit-ChangeByte-EraseBytes-
#17734	NEW    cov: 13 ft: 52 corp: 24/411b lim: 156 exec/s: 0 rss: 33Mb L: 29/34 MS: 2 ShuffleBytes-ChangeBinInt-
#17816	REDUCE cov: 13 ft: 52 corp: 24/406b lim: 156 exec/s: 0 rss: 33Mb L: 24/34 MS: 2 ShuffleBytes-EraseBytes-
#17825	REDUCE cov: 13 ft: 52 corp: 24/405b lim: 156 exec/s: 0 rss: 33Mb L: 21/34 MS: 4 ChangeBinInt-ChangeBit-ChangeBit-EraseBytes-
#17862	REDUCE cov: 13 ft: 52 corp: 24/400b lim: 156 exec/s: 0 rss: 33Mb L: 16/34 MS: 2 EraseBytes-ChangeBinInt-
#18328	REDUCE cov: 13 ft: 52 corp: 24/397b lim: 156 exec/s: 0 rss: 33Mb L: 21/34 MS: 1 EraseBytes-
#18379	REDUCE cov: 13 ft: 52 corp: 24/395b lim: 156 exec/s: 0 rss: 33Mb L: 19/34 MS: 1 EraseBytes-
#19235	REDUCE cov: 13 ft: 52 corp: 24/393b lim: 163 exec/s: 0 rss: 33Mb L: 17/34 MS: 1 EraseBytes-
#19239	NEW    cov: 25 ft: 90 corp: 25/408b lim: 163 exec/s: 0 rss: 33Mb L: 15/34 MS: 4 ChangeBinInt-ChangeBinInt-CopyPart-EraseBytes-
#19655	NEW    cov: 25 ft: 91 corp: 26/423b lim: 163 exec/s: 0 rss: 33Mb L: 15/34 MS: 1 CopyPart-
#19971	NEW    cov: 25 ft: 92 corp: 27/438b lim: 163 exec/s: 0 rss: 33Mb L: 15/34 MS: 1 ChangeBit-
#20043	NEW    cov: 25 ft: 94 corp: 28/453b lim: 163 exec/s: 0 rss: 33Mb L: 15/34 MS: 2 PersAutoDict-ChangeByte- DE: "\017\000\000\000\000\000\000\000"-
#20219	NEW    cov: 25 ft: 95 corp: 29/468b lim: 163 exec/s: 0 rss: 33Mb L: 15/34 MS: 1 ChangeByte-
#20245	NEW    cov: 25 ft: 97 corp: 30/483b lim: 163 exec/s: 0 rss: 33Mb L: 15/34 MS: 1 ChangeByte-
#20285	NEW    cov: 25 ft: 98 corp: 31/498b lim: 163 exec/s: 0 rss: 33Mb L: 15/34 MS: 5 ShuffleBytes-ChangeBit-ChangeASCIIInt-ChangeByte-ChangeBit-
#20466	NEW    cov: 25 ft: 99 corp: 32/513b lim: 163 exec/s: 0 rss: 33Mb L: 15/34 MS: 1 CMP- DE: "\001\000\000\000\000\000\000\017"-
#20572	NEW    cov: 25 ft: 102 corp: 33/528b lim: 163 exec/s: 0 rss: 33Mb L: 15/34 MS: 1 PersAutoDict- DE: "\017\000\000\000\000\000\000\000"-
#21198	REDUCE cov: 25 ft: 102 corp: 33/526b lim: 163 exec/s: 0 rss: 33Mb L: 15/34 MS: 1 EraseBytes-
#21291	REDUCE cov: 25 ft: 102 corp: 33/525b lim: 163 exec/s: 0 rss: 33Mb L: 15/34 MS: 3 EraseBytes-ShuffleBytes-CMP- DE: "\001\000\000\000"-
#21738	NEW    cov: 25 ft: 103 corp: 34/555b lim: 163 exec/s: 0 rss: 33Mb L: 30/34 MS: 2 CrossOver-InsertByte-
#22584	NEW    cov: 25 ft: 105 corp: 35/570b lim: 170 exec/s: 0 rss: 34Mb L: 15/34 MS: 1 ChangeByte-
#23123	REDUCE cov: 25 ft: 105 corp: 35/568b lim: 170 exec/s: 0 rss: 34Mb L: 27/34 MS: 4 EraseBytes-ChangeByte-ChangeByte-CopyPart-
#23399	REDUCE cov: 25 ft: 105 corp: 35/567b lim: 170 exec/s: 0 rss: 34Mb L: 15/34 MS: 1 EraseBytes-
#23604	REDUCE cov: 25 ft: 115 corp: 36/583b lim: 170 exec/s: 0 rss: 34Mb L: 16/34 MS: 5 PersAutoDict-EraseBytes-ChangeByte-InsertByte-PersAutoDict- DE: "\017\000\000\000\000\000\000\000"-"\001\000\000\000\000\000\000\017"-
#23625	REDUCE cov: 25 ft: 116 corp: 37/598b lim: 170 exec/s: 0 rss: 34Mb L: 15/34 MS: 1 CMP- DE: "\023\000\000\000\000\000\000\000"-
#23703	REDUCE cov: 25 ft: 117 corp: 38/613b lim: 170 exec/s: 0 rss: 34Mb L: 15/34 MS: 3 CopyPart-CopyPart-ChangeBinInt-
#23865	NEW    cov: 25 ft: 118 corp: 39/628b lim: 170 exec/s: 0 rss: 34Mb L: 15/34 MS: 2 PersAutoDict-ChangeBinInt- DE: "\001\000\000\000\000\000\000\017"-
#24121	NEW    cov: 25 ft: 119 corp: 40/643b lim: 170 exec/s: 0 rss: 34Mb L: 15/34 MS: 1 ChangeBit-
#24218	NEW    cov: 25 ft: 120 corp: 41/658b lim: 170 exec/s: 0 rss: 34Mb L: 15/34 MS: 2 ChangeByte-ChangeByte-
#24546	NEW    cov: 25 ft: 121 corp: 42/674b lim: 170 exec/s: 0 rss: 34Mb L: 16/34 MS: 3 CrossOver-CopyPart-ChangeBit-
#24747	NEW    cov: 25 ft: 123 corp: 43/689b lim: 170 exec/s: 0 rss: 34Mb L: 15/34 MS: 1 CopyPart-
#25523	NEW    cov: 25 ft: 124 corp: 44/704b lim: 177 exec/s: 0 rss: 34Mb L: 15/34 MS: 1 ChangeBinInt-
#26079	NEW    cov: 25 ft: 125 corp: 45/719b lim: 177 exec/s: 0 rss: 34Mb L: 15/34 MS: 1 ChangeBit-
#27551	REDUCE cov: 25 ft: 125 corp: 45/703b lim: 191 exec/s: 0 rss: 34Mb L: 16/34 MS: 2 ChangeByte-EraseBytes-
#30885	REDUCE cov: 25 ft: 125 corp: 45/699b lim: 219 exec/s: 0 rss: 35Mb L: 23/34 MS: 4 CrossOver-CrossOver-ChangeBinInt-CopyPart-
#31381	NEW    cov: 25 ft: 126 corp: 46/714b lim: 219 exec/s: 0 rss: 35Mb L: 15/34 MS: 1 ChangeByte-
#32402	NEW    cov: 25 ft: 127 corp: 47/729b lim: 226 exec/s: 0 rss: 35Mb L: 15/34 MS: 1 ChangeByte-
#34873	NEW    cov: 25 ft: 128 corp: 48/744b lim: 247 exec/s: 0 rss: 35Mb L: 15/34 MS: 1 ChangeBit-
#35833	REDUCE cov: 25 ft: 128 corp: 48/742b lim: 254 exec/s: 0 rss: 35Mb L: 21/34 MS: 5 InsertByte-ChangeByte-PersAutoDict-ShuffleBytes-EraseBytes- DE: "!\000\000\000\000\000\000\000"-
#36128	NEW    cov: 25 ft: 130 corp: 49/757b lim: 254 exec/s: 0 rss: 35Mb L: 15/34 MS: 5 ChangeBit-ShuffleBytes-EraseBytes-ChangeByte-InsertByte-
#37024	NEW    cov: 30 ft: 144 corp: 50/772b lim: 261 exec/s: 0 rss: 35Mb L: 15/34 MS: 1 CopyPart-
#37689	NEW    cov: 30 ft: 145 corp: 51/795b lim: 261 exec/s: 0 rss: 35Mb L: 23/34 MS: 5 CMP-ChangeByte-ShuffleBytes-CopyPart-ChangeBinInt- DE: "\026\000\000\000\000\000\000\000"-
#38110	REDUCE cov: 30 ft: 145 corp: 51/793b lim: 261 exec/s: 0 rss: 35Mb L: 21/34 MS: 1 EraseBytes-
#38531	NEW    cov: 30 ft: 147 corp: 52/808b lim: 261 exec/s: 0 rss: 35Mb L: 15/34 MS: 1 ShuffleBytes-
#38902	NEW    cov: 30 ft: 149 corp: 53/823b lim: 261 exec/s: 0 rss: 35Mb L: 15/34 MS: 1 ChangeBit-
#39502	REDUCE cov: 30 ft: 149 corp: 53/819b lim: 261 exec/s: 0 rss: 35Mb L: 26/34 MS: 5 EraseBytes-CopyPart-EraseBytes-ChangeBinInt-InsertByte-
#40011	REDUCE cov: 30 ft: 149 corp: 53/814b lim: 261 exec/s: 0 rss: 35Mb L: 16/34 MS: 4 ChangeByte-InsertByte-CMP-EraseBytes- DE: "\000\000"-
#40143	NEW    cov: 30 ft: 151 corp: 54/829b lim: 261 exec/s: 0 rss: 35Mb L: 15/34 MS: 2 ChangeASCIIInt-ChangeByte-
#40480	NEW    cov: 30 ft: 153 corp: 55/844b lim: 261 exec/s: 0 rss: 35Mb L: 15/34 MS: 2 ChangeByte-CopyPart-
#40636	NEW    cov: 30 ft: 155 corp: 56/859b lim: 261 exec/s: 0 rss: 35Mb L: 15/34 MS: 1 ShuffleBytes-
#40732	NEW    cov: 30 ft: 157 corp: 57/874b lim: 261 exec/s: 0 rss: 35Mb L: 15/34 MS: 1 ChangeBinInt-
#41064	NEW    cov: 30 ft: 159 corp: 58/889b lim: 261 exec/s: 0 rss: 35Mb L: 15/34 MS: 2 ShuffleBytes-ShuffleBytes-
#41212	REDUCE cov: 30 ft: 159 corp: 58/887b lim: 261 exec/s: 0 rss: 35Mb L: 24/34 MS: 3 InsertByte-EraseBytes-CrossOver-
#41632	REDUCE cov: 30 ft: 159 corp: 58/881b lim: 261 exec/s: 0 rss: 35Mb L: 15/34 MS: 5 PersAutoDict-EraseBytes-ChangeBit-CMP-CMP- DE: "\023\000\000\000\000\000\000\000"-"\377\377\377\377"-"\377\377"-
#42758	NEW    cov: 30 ft: 161 corp: 59/896b lim: 269 exec/s: 0 rss: 35Mb L: 15/34 MS: 1 ChangeBinInt-
#42841	NEW    cov: 30 ft: 170 corp: 60/911b lim: 269 exec/s: 0 rss: 35Mb L: 15/34 MS: 3 ChangeBinInt-ChangeASCIIInt-CopyPart-
#44097	NEW    cov: 30 ft: 171 corp: 61/941b lim: 277 exec/s: 0 rss: 35Mb L: 30/34 MS: 1 CrossOver-
#44533	NEW    cov: 30 ft: 173 corp: 62/956b lim: 277 exec/s: 0 rss: 35Mb L: 15/34 MS: 1 CrossOver-
#44694	NEW    cov: 32 ft: 184 corp: 63/971b lim: 277 exec/s: 0 rss: 35Mb L: 15/34 MS: 1 CopyPart-
#45215	NEW    cov: 32 ft: 185 corp: 64/986b lim: 277 exec/s: 0 rss: 35Mb L: 15/34 MS: 1 ChangeASCIIInt-
#45256	NEW    cov: 32 ft: 186 corp: 65/1001b lim: 277 exec/s: 0 rss: 35Mb L: 15/34 MS: 1 ChangeBit-
#46283	NEW    cov: 32 ft: 188 corp: 66/1016b lim: 285 exec/s: 0 rss: 35Mb L: 15/34 MS: 2 ChangeByte-ChangeByte-
#47485	REDUCE cov: 32 ft: 188 corp: 66/1015b lim: 293 exec/s: 0 rss: 35Mb L: 15/34 MS: 2 CrossOver-EraseBytes-
#47956	NEW    cov: 32 ft: 189 corp: 67/1030b lim: 293 exec/s: 0 rss: 35Mb L: 15/34 MS: 1 ChangeByte-
#48069	NEW    cov: 32 ft: 190 corp: 68/1060b lim: 293 exec/s: 0 rss: 35Mb L: 30/34 MS: 3 ShuffleBytes-ChangeBit-CopyPart-
#48390	NEW    cov: 32 ft: 192 corp: 69/1075b lim: 293 exec/s: 0 rss: 35Mb L: 15/34 MS: 1 CopyPart-
#48797	NEW    cov: 32 ft: 194 corp: 70/1090b lim: 293 exec/s: 0 rss: 35Mb L: 15/34 MS: 2 ChangeByte-CrossOver-
#49078	NEW    cov: 33 ft: 197 corp: 71/1105b lim: 293 exec/s: 0 rss: 35Mb L: 15/34 MS: 1 ChangeByte-
#50554	NEW    cov: 33 ft: 199 corp: 72/1120b lim: 301 exec/s: 0 rss: 35Mb L: 15/34 MS: 1 ChangeByte-
#51393	REDUCE cov: 33 ft: 199 corp: 72/1116b lim: 309 exec/s: 0 rss: 35Mb L: 19/34 MS: 4 InsertByte-EraseBytes-ShuffleBytes-CopyPart-
#51569	NEW    cov: 33 ft: 200 corp: 73/1131b lim: 309 exec/s: 0 rss: 35Mb L: 15/34 MS: 1 ChangeBinInt-
#51675	NEW    cov: 33 ft: 202 corp: 74/1146b lim: 309 exec/s: 0 rss: 35Mb L: 15/34 MS: 1 ChangeASCIIInt-
#52111	NEW    cov: 33 ft: 203 corp: 75/1161b lim: 309 exec/s: 0 rss: 35Mb L: 15/34 MS: 1 ChangeBit-
#52242	NEW    cov: 33 ft: 204 corp: 76/1176b lim: 309 exec/s: 0 rss: 35Mb L: 15/34 MS: 1 ChangeByte-
#52653	NEW    cov: 33 ft: 205 corp: 77/1191b lim: 309 exec/s: 0 rss: 35Mb L: 15/34 MS: 1 CopyPart-
#53386	NEW    cov: 33 ft: 206 corp: 78/1206b lim: 309 exec/s: 0 rss: 35Mb L: 15/34 MS: 3 ShuffleBytes-ChangeBit-ChangeByte-
#55487	NEW    cov: 33 ft: 207 corp: 79/1221b lim: 325 exec/s: 0 rss: 35Mb L: 15/34 MS: 1 ChangeByte-
#56008	NEW    cov: 33 ft: 208 corp: 80/1236b lim: 325 exec/s: 0 rss: 35Mb L: 15/34 MS: 1 ShuffleBytes-
#56079	NEW    cov: 33 ft: 209 corp: 81/1251b lim: 325 exec/s: 0 rss: 35Mb L: 15/34 MS: 1 ShuffleBytes-
#57232	NEW    cov: 33 ft: 211 corp: 82/1266b lim: 333 exec/s: 0 rss: 35Mb L: 15/34 MS: 3 ShuffleBytes-ChangeByte-CopyPart-
#57633	NEW    cov: 48 ft: 277 corp: 83/1281b lim: 333 exec/s: 0 rss: 35Mb L: 15/34 MS: 1 ChangeByte-
#61509	NEW    cov: 48 ft: 280 corp: 84/1296b lim: 365 exec/s: 0 rss: 35Mb L: 15/34 MS: 1 CopyPart-
#63510	NEW    cov: 48 ft: 282 corp: 85/1311b lim: 381 exec/s: 0 rss: 35Mb L: 15/34 MS: 1 ShuffleBytes-
#67331	NEW    cov: 48 ft: 285 corp: 86/1326b lim: 413 exec/s: 0 rss: 35Mb L: 15/34 MS: 1 ChangeASCIIInt-
#69084	REDUCE cov: 48 ft: 285 corp: 86/1324b lim: 429 exec/s: 0 rss: 35Mb L: 28/34 MS: 3 CrossOver-InsertByte-EraseBytes-
#75330	NEW    cov: 48 ft: 286 corp: 87/1339b lim: 485 exec/s: 0 rss: 35Mb L: 15/34 MS: 1 ChangeBit-
#77201	NEW    cov: 48 ft: 288 corp: 88/1354b lim: 501 exec/s: 0 rss: 35Mb L: 15/34 MS: 1 CopyPart-
#77332	NEW    cov: 48 ft: 294 corp: 89/1369b lim: 501 exec/s: 0 rss: 35Mb L: 15/34 MS: 1 ChangeBit-
#80819	NEW    cov: 48 ft: 295 corp: 90/1384b lim: 535 exec/s: 0 rss: 35Mb L: 15/34 MS: 2 ChangeByte-ChangeBinInt-
#82095	NEW    cov: 48 ft: 296 corp: 91/1399b lim: 544 exec/s: 0 rss: 35Mb L: 15/34 MS: 1 ChangeBit-
#91206	NEW    cov: 48 ft: 298 corp: 92/1414b lim: 634 exec/s: 0 rss: 35Mb L: 15/34 MS: 1 CopyPart-
#93229	NEW    cov: 48 ft: 300 corp: 93/1429b lim: 652 exec/s: 0 rss: 35Mb L: 15/34 MS: 3 ChangeBinInt-CrossOver-ChangeASCIIInt-
#95805	NEW    cov: 48 ft: 302 corp: 94/1444b lim: 670 exec/s: 0 rss: 35Mb L: 15/34 MS: 1 ShuffleBytes-
#100571	NEW    cov: 48 ft: 304 corp: 95/1459b lim: 715 exec/s: 0 rss: 35Mb L: 15/34 MS: 1 ChangeBit-
#102612	NEW    cov: 48 ft: 308 corp: 96/1474b lim: 733 exec/s: 0 rss: 35Mb L: 15/34 MS: 1 ChangeBinInt-
#110793	NEW    cov: 49 ft: 313 corp: 97/1489b lim: 814 exec/s: 0 rss: 36Mb L: 15/34 MS: 1 ChangeByte-
#112475	NEW    cov: 49 ft: 314 corp: 98/1504b lim: 823 exec/s: 0 rss: 36Mb L: 15/34 MS: 2 CopyPart-ShuffleBytes-
#112961	NEW    cov: 49 ft: 315 corp: 99/1519b lim: 823 exec/s: 0 rss: 36Mb L: 15/34 MS: 1 ChangeBit-
#115157	NEW    cov: 49 ft: 316 corp: 100/1534b lim: 841 exec/s: 0 rss: 36Mb L: 15/34 MS: 1 ShuffleBytes-
#115580	NEW    cov: 49 ft: 318 corp: 101/1549b lim: 841 exec/s: 0 rss: 36Mb L: 15/34 MS: 3 ChangeBit-ChangeBit-ShuffleBytes-
#117792	NEW    cov: 50 ft: 321 corp: 102/1565b lim: 859 exec/s: 0 rss: 36Mb L: 16/34 MS: 2 InsertByte-ChangeBit-
#123054	NEW    cov: 50 ft: 322 corp: 103/1580b lim: 904 exec/s: 0 rss: 36Mb L: 15/34 MS: 2 ChangeASCIIInt-ChangeBinInt-
#123265	NEW    cov: 50 ft: 323 corp: 104/1595b lim: 904 exec/s: 0 rss: 36Mb L: 15/34 MS: 1 ChangeBit-
#123456	NEW    cov: 50 ft: 324 corp: 105/1610b lim: 904 exec/s: 0 rss: 36Mb L: 15/34 MS: 1 ChangeBit-
#123527	NEW    cov: 50 ft: 325 corp: 106/1625b lim: 904 exec/s: 0 rss: 36Mb L: 15/34 MS: 1 ShuffleBytes-
#124195	NEW    cov: 50 ft: 326 corp: 107/1640b lim: 904 exec/s: 0 rss: 36Mb L: 15/34 MS: 3 ShuffleBytes-ChangeByte-ShuffleBytes-
#125317	NEW    cov: 50 ft: 327 corp: 108/1655b lim: 913 exec/s: 0 rss: 36Mb L: 15/34 MS: 2 ChangeBinInt-ShuffleBytes-
#126584	NEW    cov: 50 ft: 328 corp: 109/1670b lim: 922 exec/s: 0 rss: 36Mb L: 15/34 MS: 2 CopyPart-ChangeBinInt-
#126755	NEW    cov: 50 ft: 329 corp: 110/1685b lim: 922 exec/s: 0 rss: 36Mb L: 15/34 MS: 1 ChangeBit-
#129057	NEW    cov: 50 ft: 330 corp: 111/1700b lim: 940 exec/s: 0 rss: 36Mb L: 15/34 MS: 2 ChangeASCIIInt-ChangeASCIIInt-
#130823	NEW    cov: 50 ft: 331 corp: 112/1715b lim: 949 exec/s: 0 rss: 36Mb L: 15/34 MS: 1 ShuffleBytes-
#132804	NEW    cov: 50 ft: 332 corp: 113/1730b lim: 967 exec/s: 0 rss: 36Mb L: 15/34 MS: 1 ShuffleBytes-
#133350	NEW    cov: 50 ft: 333 corp: 114/1745b lim: 967 exec/s: 0 rss: 36Mb L: 15/34 MS: 1 ShuffleBytes-
#134466	NEW    cov: 50 ft: 334 corp: 115/1760b lim: 976 exec/s: 0 rss: 36Mb L: 15/34 MS: 1 ChangeBit-
#136227	NEW    cov: 50 ft: 336 corp: 116/1775b lim: 985 exec/s: 0 rss: 36Mb L: 15/34 MS: 1 ChangeByte-
#138268	NEW    cov: 50 ft: 337 corp: 117/1790b lim: 1003 exec/s: 0 rss: 36Mb L: 15/34 MS: 1 CrossOver-
#138610	NEW    cov: 50 ft: 338 corp: 118/1805b lim: 1003 exec/s: 0 rss: 36Mb L: 15/34 MS: 2 ShuffleBytes-ShuffleBytes-
#139491	NEW    cov: 50 ft: 339 corp: 119/1820b lim: 1003 exec/s: 0 rss: 36Mb L: 15/34 MS: 1 CopyPart-
#146984	NEW    cov: 50 ft: 340 corp: 120/1835b lim: 1070 exec/s: 0 rss: 36Mb L: 15/34 MS: 3 ChangeBit-ChangeBit-ChangeBit-
#151537	NEW    cov: 50 ft: 341 corp: 121/1850b lim: 1110 exec/s: 0 rss: 36Mb L: 15/34 MS: 3 ChangeByte-CrossOver-ChangeBinInt-
#162614	NEW    cov: 50 ft: 343 corp: 122/1865b lim: 1220 exec/s: 0 rss: 36Mb L: 15/34 MS: 2 ChangeByte-ShuffleBytes-
#165950	NEW    cov: 50 ft: 344 corp: 123/1880b lim: 1250 exec/s: 0 rss: 36Mb L: 15/34 MS: 1 ChangeBit-
#174811	NEW    cov: 50 ft: 345 corp: 124/1895b lim: 1330 exec/s: 0 rss: 36Mb L: 15/34 MS: 1 CrossOver-
#175317	NEW    cov: 50 ft: 346 corp: 125/1910b lim: 1330 exec/s: 0 rss: 36Mb L: 15/34 MS: 1 ChangeBinInt-
#176631	NEW    cov: 50 ft: 347 corp: 126/1925b lim: 1340 exec/s: 0 rss: 36Mb L: 15/34 MS: 4 ChangeASCIIInt-PersAutoDict-ChangeByte-CrossOver- DE: "\377\377"-
#178562	NEW    cov: 50 ft: 348 corp: 127/1940b lim: 1350 exec/s: 0 rss: 36Mb L: 15/34 MS: 1 ChangeASCIIInt-
#186283	NEW    cov: 50 ft: 349 corp: 128/1955b lim: 1420 exec/s: 0 rss: 36Mb L: 15/34 MS: 1 ChangeByte-
#200279	NEW    cov: 50 ft: 350 corp: 129/1970b lim: 1550 exec/s: 0 rss: 36Mb L: 15/34 MS: 1 CopyPart-
#207175	NEW    cov: 50 ft: 351 corp: 130/1985b lim: 1610 exec/s: 0 rss: 36Mb L: 15/34 MS: 1 ShuffleBytes-
#207652	NEW    cov: 50 ft: 352 corp: 131/2000b lim: 1610 exec/s: 0 rss: 36Mb L: 15/34 MS: 2 ChangeByte-ShuffleBytes-
#208893	NEW    cov: 50 ft: 353 corp: 132/2015b lim: 1620 exec/s: 0 rss: 36Mb L: 15/34 MS: 1 ChangeASCIIInt-
#209348	REDUCE cov: 50 ft: 353 corp: 132/2011b lim: 1620 exec/s: 0 rss: 36Mb L: 26/34 MS: 5 ChangeBit-ChangeBit-ChangeByte-ChangeByte-EraseBytes-
#210214	NEW    cov: 50 ft: 354 corp: 133/2026b lim: 1620 exec/s: 0 rss: 36Mb L: 15/34 MS: 1 ChangeASCIIInt-
#213635	NEW    cov: 50 ft: 355 corp: 134/2041b lim: 1650 exec/s: 0 rss: 36Mb L: 15/34 MS: 1 CopyPart-
#222531	NEW    cov: 50 ft: 356 corp: 135/2056b lim: 1730 exec/s: 0 rss: 36Mb L: 15/34 MS: 1 CrossOver-
#226192	REDUCE cov: 50 ft: 356 corp: 135/2055b lim: 1760 exec/s: 0 rss: 36Mb L: 15/34 MS: 1 EraseBytes-
#227128	NEW    cov: 50 ft: 357 corp: 136/2070b lim: 1760 exec/s: 0 rss: 36Mb L: 15/34 MS: 1 ShuffleBytes-
#230199	NEW    cov: 50 ft: 358 corp: 137/2085b lim: 1790 exec/s: 0 rss: 36Mb L: 15/34 MS: 1 ChangeByte-
#234125	NEW    cov: 50 ft: 359 corp: 138/2100b lim: 1820 exec/s: 0 rss: 36Mb L: 15/34 MS: 1 ChangeByte-
#235551	NEW    cov: 50 ft: 360 corp: 139/2115b lim: 1830 exec/s: 0 rss: 36Mb L: 15/34 MS: 1 ChangeBit-
#240870	NEW    cov: 50 ft: 363 corp: 140/2130b lim: 1880 exec/s: 0 rss: 36Mb L: 15/34 MS: 4 ChangeBinInt-CopyPart-ShuffleBytes-ChangeBinInt-
#241601	NEW    cov: 50 ft: 364 corp: 141/2145b lim: 1880 exec/s: 0 rss: 36Mb L: 15/34 MS: 1 ChangeBit-
#241652	NEW    cov: 50 ft: 365 corp: 142/2160b lim: 1880 exec/s: 0 rss: 36Mb L: 15/34 MS: 1 ChangeBit-
#241763	NEW    cov: 50 ft: 366 corp: 143/2175b lim: 1880 exec/s: 0 rss: 36Mb L: 15/34 MS: 1 ChangeBinInt-
#248619	NEW    cov: 50 ft: 368 corp: 144/2190b lim: 1940 exec/s: 0 rss: 36Mb L: 15/34 MS: 1 CopyPart-
#249500	NEW    cov: 50 ft: 369 corp: 145/2205b lim: 1940 exec/s: 0 rss: 36Mb L: 15/34 MS: 1 CopyPart-
#249541	NEW    cov: 50 ft: 370 corp: 146/2220b lim: 1940 exec/s: 0 rss: 36Mb L: 15/34 MS: 1 CopyPart-
#251182	NEW    cov: 50 ft: 371 corp: 147/2235b lim: 1950 exec/s: 0 rss: 36Mb L: 15/34 MS: 1 ChangeByte-
#251408	NEW    cov: 50 ft: 374 corp: 148/2250b lim: 1950 exec/s: 0 rss: 36Mb L: 15/34 MS: 1 CopyPart-
#253884	NEW    cov: 50 ft: 375 corp: 149/2265b lim: 1970 exec/s: 0 rss: 36Mb L: 15/34 MS: 1 ChangeASCIIInt-
#257290	NEW    cov: 50 ft: 377 corp: 150/2280b lim: 2000 exec/s: 0 rss: 36Mb L: 15/34 MS: 1 ChangeASCIIInt-
#261281	NEW    cov: 50 ft: 378 corp: 151/2295b lim: 2030 exec/s: 0 rss: 36Mb L: 15/34 MS: 1 ChangeASCIIInt-
#262952	NEW    cov: 50 ft: 379 corp: 152/2310b lim: 2040 exec/s: 0 rss: 36Mb L: 15/34 MS: 1 ChangeBinInt-
#263538	NEW    cov: 50 ft: 380 corp: 153/2325b lim: 2040 exec/s: 0 rss: 36Mb L: 15/34 MS: 1 ChangeASCIIInt-
#263769	NEW    cov: 50 ft: 381 corp: 154/2340b lim: 2040 exec/s: 0 rss: 36Mb L: 15/34 MS: 1 ChangeASCIIInt-
#263970	NEW    cov: 50 ft: 382 corp: 155/2355b lim: 2040 exec/s: 0 rss: 36Mb L: 15/34 MS: 1 ChangeBit-
#264241	NEW    cov: 50 ft: 383 corp: 156/2370b lim: 2040 exec/s: 0 rss: 36Mb L: 15/34 MS: 1 CopyPart-
#267743	NEW    cov: 50 ft: 384 corp: 157/2385b lim: 2072 exec/s: 0 rss: 36Mb L: 15/34 MS: 2 ChangeBit-ChangeASCIIInt-
#273655	NEW    cov: 50 ft: 385 corp: 158/2400b lim: 2127 exec/s: 0 rss: 36Mb L: 15/34 MS: 2 CrossOver-ChangeASCIIInt-
#297451	NEW    cov: 50 ft: 386 corp: 159/2415b lim: 2358 exec/s: 0 rss: 36Mb L: 15/34 MS: 1 ChangeBinInt-
#313895	NEW    cov: 50 ft: 387 corp: 160/2431b lim: 2512 exec/s: 0 rss: 36Mb L: 16/34 MS: 4 ChangeBit-CMP-InsertByte-CMP- DE: "\377\377\377\377\377\377\377\016"-"\377\377\377`"-
#353016	NEW    cov: 50 ft: 388 corp: 161/2447b lim: 2897 exec/s: 0 rss: 36Mb L: 16/34 MS: 1 InsertByte-
#397158	REDUCE cov: 50 ft: 388 corp: 161/2445b lim: 3326 exec/s: 0 rss: 36Mb L: 17/34 MS: 2 EraseBytes-ChangeBinInt-
#423700	REDUCE cov: 50 ft: 388 corp: 161/2443b lim: 3590 exec/s: 423700 rss: 36Mb L: 22/34 MS: 5 ChangeBinInt-CopyPart-ChangeBinInt-PersAutoDict-EraseBytes- DE: "\377\377"-
#430659	NEW    cov: 50 ft: 394 corp: 162/2463b lim: 3656 exec/s: 430659 rss: 36Mb L: 20/34 MS: 4 CopyPart-ChangeBinInt-CopyPart-CrossOver-
#435462	NEW    cov: 50 ft: 395 corp: 163/2483b lim: 3700 exec/s: 435462 rss: 36Mb L: 20/34 MS: 3 ChangeASCIIInt-ShuffleBytes-ChangeBit-
#435998	REDUCE cov: 50 ft: 395 corp: 163/2478b lim: 3700 exec/s: 435998 rss: 36Mb L: 15/34 MS: 1 EraseBytes-
#454249	NEW    cov: 50 ft: 396 corp: 164/2493b lim: 3876 exec/s: 454249 rss: 36Mb L: 15/34 MS: 1 ChangeBit-
#474040	NEW    cov: 50 ft: 404 corp: 165/2513b lim: 4063 exec/s: 474040 rss: 36Mb L: 20/34 MS: 1 ChangeASCIIInt-
#481861	NEW    cov: 50 ft: 405 corp: 166/2528b lim: 4096 exec/s: 481861 rss: 36Mb L: 15/34 MS: 1 ChangeBit-
#606613	REDUCE cov: 50 ft: 405 corp: 166/2526b lim: 4096 exec/s: 606613 rss: 36Mb L: 15/34 MS: 2 EraseBytes-PersAutoDict- DE: "\377\377\377\377"-
#678681	NEW    cov: 50 ft: 406 corp: 167/2541b lim: 4096 exec/s: 678681 rss: 36Mb L: 15/34 MS: 3 ChangeBit-ChangeBinInt-ChangeBinInt-
#697500	REDUCE cov: 50 ft: 406 corp: 167/2539b lim: 4096 exec/s: 697500 rss: 36Mb L: 24/34 MS: 4 PersAutoDict-ChangeBinInt-EraseBytes-ChangeBit- DE: "\000\000"-
#721635	REDUCE cov: 50 ft: 406 corp: 167/2533b lim: 4096 exec/s: 721635 rss: 36Mb L: 18/34 MS: 5 ChangeBinInt-ShuffleBytes-InsertByte-EraseBytes-ChangeBinInt-
#734642	REDUCE cov: 50 ft: 406 corp: 167/2531b lim: 4096 exec/s: 734642 rss: 36Mb L: 16/34 MS: 2 EraseBytes-CopyPart-
#926796	NEW    cov: 50 ft: 407 corp: 168/2561b lim: 4096 exec/s: 463398 rss: 36Mb L: 30/34 MS: 4 ShuffleBytes-CrossOver-ShuffleBytes-ChangeBit-
#966393	NEW    cov: 50 ft: 413 corp: 169/2591b lim: 4096 exec/s: 483196 rss: 36Mb L: 30/34 MS: 2 ShuffleBytes-ChangeASCIIInt-
#980507	NEW    cov: 50 ft: 419 corp: 170/2621b lim: 4096 exec/s: 490253 rss: 36Mb L: 30/34 MS: 4 ChangeByte-CopyPart-CopyPart-ChangeByte-
#1001013	NEW    cov: 50 ft: 420 corp: 171/2651b lim: 4096 exec/s: 500506 rss: 36Mb L: 30/34 MS: 1 ChangeBit-
#1048576	pulse  cov: 50 ft: 420 corp: 171/2651b lim: 4096 exec/s: 524288 rss: 36Mb
#1158830	NEW    cov: 50 ft: 421 corp: 172/2666b lim: 4096 exec/s: 579415 rss: 36Mb L: 15/34 MS: 2 ChangeASCIIInt-ChangeBit-
#1356139	REDUCE cov: 50 ft: 421 corp: 172/2665b lim: 4096 exec/s: 678069 rss: 36Mb L: 21/34 MS: 4 ChangeBit-InsertByte-EraseBytes-ChangeByte-
#1500683	REDUCE cov: 50 ft: 421 corp: 172/2664b lim: 4096 exec/s: 500227 rss: 36Mb L: 15/34 MS: 4 ChangeBinInt-ChangeByte-ChangeBit-EraseBytes-
#1674195	NEW    cov: 50 ft: 422 corp: 173/2679b lim: 4096 exec/s: 558065 rss: 36Mb L: 15/34 MS: 2 CrossOver-EraseBytes-
#1858332	NEW    cov: 50 ft: 423 corp: 174/2694b lim: 4096 exec/s: 464583 rss: 36Mb L: 15/34 MS: 2 CopyPart-ChangeBit-
#2480216	NEW    cov: 50 ft: 424 corp: 175/2709b lim: 4096 exec/s: 496043 rss: 36Mb L: 15/34 MS: 4 ShuffleBytes-ChangeByte-ChangeASCIIInt-ChangeBinInt-
#2505962	NEW    cov: 50 ft: 425 corp: 176/2724b lim: 4096 exec/s: 501192 rss: 36Mb L: 15/34 MS: 1 ChangeBit-
panic: found special char in iban [recovered]
	panic: found special char in iban

goroutine 17 [running, locked to thread]:
git.ultraware.nl/iddinkgroep/fundament-api.Fuzz.func1()
	git.ultraware.nl/iddinkgroep/fundament-api/fuzz.go:19 +0xa5
panic({0x5619f9ace760?, 0x5619f9ae1c70?})
	runtime/panic.go:914 +0x21f
git.ultraware.nl/iddinkgroep/fundament-api.Fuzz({0xc000014b90, 0xf})
	git.ultraware.nl/iddinkgroep/fundament-api/fuzz.go:34 +0x2b9
git.ultraware.nl/iddinkgroep/fundament-api.Fuzz_(...)
	git.ultraware.nl/iddinkgroep/fundament-api/fuzz.1527825026.go:6
main.LLVMFuzzerTestOneInput(...)
	./main.170485750.go:21
==26509== ERROR: libFuzzer: deadly signal
    #0 0x5619f99f1630 in __sanitizer_print_stack_trace (/seedai/experiments/libfuzzer/source_iban/libfuzzer+0xaf630) (BuildId: 688cb25bec4564588da2a67f6a2b25148a0fd5d4)
    #1 0x5619f99bd755 in fuzzer::PrintStackTrace() (/seedai/experiments/libfuzzer/source_iban/libfuzzer+0x7b755) (BuildId: 688cb25bec4564588da2a67f6a2b25148a0fd5d4)
    #2 0x5619f999c3a9 in fuzzer::Fuzzer::CrashCallback() (.part.0) FuzzerLoop.cpp.o
    #3 0x5619f999c46a in fuzzer::Fuzzer::StaticCrashSignalCallback() (/seedai/experiments/libfuzzer/source_iban/libfuzzer+0x5a46a) (BuildId: 688cb25bec4564588da2a67f6a2b25148a0fd5d4)
    #4 0x7fdd6107d70f  (/usr/lib/libc.so.6+0x3e70f) (BuildId: 316d0d3666387f0e8fb98773f51aa1801027c5ab)
    #5 0x5619f9a51160 in runtime.raise.abi0 runtime/sys_linux_amd64.s:153

NOTE: libFuzzer has rudimentary signal handlers.
      Combine libFuzzer with AddressSanitizer or similar for better crash reports.
SUMMARY: libFuzzer: deadly signal
MS: 1 ChangeByte-; base unit: cfcbca8ba0d335f3eebceb9c7fda81ec1ad6787a
0x6e,0x6f,0x35,0x30,0x2d,0x30,0x30,0x30,0x30,0x30,0x30,0x30,0x30,0x31,0x41,
no50-000000001A
artifact_prefix='./'; Test unit written to ./crash-5b5dedaf6b6b6a3dc706940839558e9e2418da17
Base64: bm81MC0wMDAwMDAwMDFB
