INFO: Running with entropic power schedule (0xFF, 100).
INFO: Seed: 2268451320
INFO: Loaded 1 modules   (70 inline 8-bit counters): 70 [0x55c01f62f030, 0x55c01f62f076), 
INFO: Loaded 1 PC tables (70 PCs): 70 [0xc000068000,0xc000068460), 
INFO:       10 files found in corpus
INFO: -max_len is not provided; libFuzzer will not generate inputs larger than 4096 bytes
INFO: seed corpus: files: 10 min: 7b max: 23b total: 122b rss: 30Mb
#11	INITED cov: 11 ft: 28 corp: 6/79b exec/s: 0 rss: 30Mb
#18	NEW    cov: 11 ft: 29 corp: 7/100b lim: 23 exec/s: 0 rss: 30Mb L: 21/23 MS: 2 ChangeByte-EraseBytes-
#64	NEW    cov: 13 ft: 35 corp: 8/122b lim: 23 exec/s: 0 rss: 30Mb L: 22/23 MS: 1 CopyPart-
#73	NEW    cov: 13 ft: 36 corp: 9/145b lim: 23 exec/s: 0 rss: 30Mb L: 23/23 MS: 4 ChangeBit-ShuffleBytes-ShuffleBytes-CrossOver-
#86	REDUCE cov: 13 ft: 36 corp: 9/141b lim: 23 exec/s: 0 rss: 30Mb L: 5/23 MS: 3 CrossOver-CMP-EraseBytes- DE: "\000\000"-
#92	REDUCE cov: 13 ft: 36 corp: 9/140b lim: 23 exec/s: 0 rss: 30Mb L: 22/23 MS: 1 EraseBytes-
#103	NEW    cov: 13 ft: 37 corp: 10/157b lim: 23 exec/s: 0 rss: 30Mb L: 17/23 MS: 1 EraseBytes-
#104	NEW    cov: 13 ft: 38 corp: 11/169b lim: 23 exec/s: 0 rss: 30Mb L: 12/23 MS: 1 CMP- DE: "\377\377\377\377"-
#109	REDUCE cov: 13 ft: 40 corp: 12/171b lim: 23 exec/s: 0 rss: 30Mb L: 2/23 MS: 5 ChangeByte-EraseBytes-ChangeBit-CopyPart-EraseBytes-
#160	NEW    cov: 13 ft: 41 corp: 13/188b lim: 23 exec/s: 0 rss: 30Mb L: 17/23 MS: 1 PersAutoDict- DE: "\377\377\377\377"-
#180	NEW    cov: 13 ft: 42 corp: 14/204b lim: 23 exec/s: 0 rss: 30Mb L: 16/23 MS: 5 CrossOver-CMP-PersAutoDict-CrossOver-EraseBytes- DE: "\000\000"-"\000\000"-
#217	NEW    cov: 13 ft: 43 corp: 15/223b lim: 23 exec/s: 0 rss: 30Mb L: 19/23 MS: 2 CopyPart-EraseBytes-
#218	NEW    cov: 13 ft: 44 corp: 16/243b lim: 23 exec/s: 0 rss: 30Mb L: 20/23 MS: 1 InsertByte-
#223	NEW    cov: 13 ft: 46 corp: 17/258b lim: 23 exec/s: 0 rss: 30Mb L: 15/23 MS: 5 ChangeBit-InsertByte-CopyPart-InsertByte-EraseBytes-
#239	NEW    cov: 13 ft: 47 corp: 18/275b lim: 23 exec/s: 0 rss: 30Mb L: 17/23 MS: 1 ChangeByte-
#242	NEW    cov: 13 ft: 48 corp: 19/298b lim: 23 exec/s: 0 rss: 30Mb L: 23/23 MS: 3 ChangeByte-CopyPart-ChangeByte-
#322	NEW    cov: 13 ft: 49 corp: 20/321b lim: 23 exec/s: 0 rss: 30Mb L: 23/23 MS: 5 InsertRepeatedBytes-CopyPart-ChangeByte-CrossOver-CopyPart-
#345	NEW    cov: 25 ft: 96 corp: 21/341b lim: 23 exec/s: 0 rss: 30Mb L: 20/23 MS: 3 CopyPart-CopyPart-PersAutoDict- DE: "\377\377\377\377"-
#372	NEW    cov: 25 ft: 97 corp: 22/363b lim: 23 exec/s: 0 rss: 30Mb L: 22/23 MS: 2 ShuffleBytes-EraseBytes-
#457	REDUCE cov: 25 ft: 97 corp: 22/360b lim: 23 exec/s: 0 rss: 30Mb L: 19/23 MS: 5 ChangeByte-CopyPart-ChangeBit-ShuffleBytes-CrossOver-
#619	NEW    cov: 25 ft: 99 corp: 23/380b lim: 23 exec/s: 0 rss: 30Mb L: 20/23 MS: 2 ChangeBit-CopyPart-
#674	REDUCE cov: 25 ft: 99 corp: 23/379b lim: 23 exec/s: 0 rss: 30Mb L: 16/23 MS: 5 ChangeBinInt-CopyPart-CMP-ChangeBinInt-EraseBytes- DE: "\377\377\377\377"-
#790	NEW    cov: 25 ft: 100 corp: 24/399b lim: 23 exec/s: 0 rss: 30Mb L: 20/23 MS: 1 ChangeBinInt-
#791	NEW    cov: 30 ft: 114 corp: 25/419b lim: 23 exec/s: 0 rss: 30Mb L: 20/23 MS: 1 ChangeBinInt-
#932	NEW    cov: 30 ft: 115 corp: 26/439b lim: 23 exec/s: 0 rss: 30Mb L: 20/23 MS: 1 ChangeBinInt-
#1093	NEW    cov: 30 ft: 117 corp: 27/459b lim: 23 exec/s: 0 rss: 30Mb L: 20/23 MS: 1 CrossOver-
#1104	NEW    cov: 30 ft: 119 corp: 28/479b lim: 23 exec/s: 0 rss: 30Mb L: 20/23 MS: 1 ChangeByte-
#1120	REDUCE cov: 30 ft: 119 corp: 28/471b lim: 23 exec/s: 0 rss: 30Mb L: 15/23 MS: 1 EraseBytes-
#1191	NEW    cov: 30 ft: 120 corp: 29/491b lim: 23 exec/s: 0 rss: 30Mb L: 20/23 MS: 1 CMP- DE: "\000\000\000\000"-
#1242	NEW    cov: 30 ft: 121 corp: 30/511b lim: 23 exec/s: 0 rss: 30Mb L: 20/23 MS: 1 ChangeBit-
#1251	REDUCE cov: 30 ft: 123 corp: 31/531b lim: 23 exec/s: 0 rss: 30Mb L: 20/23 MS: 4 CrossOver-InsertByte-ChangeBit-PersAutoDict- DE: "\377\377\377\377"-
#1302	REDUCE cov: 30 ft: 123 corp: 31/523b lim: 23 exec/s: 0 rss: 30Mb L: 13/23 MS: 1 EraseBytes-
#1468	REDUCE cov: 30 ft: 123 corp: 31/522b lim: 23 exec/s: 0 rss: 31Mb L: 16/23 MS: 1 EraseBytes-
#1592	REDUCE cov: 30 ft: 123 corp: 31/520b lim: 23 exec/s: 0 rss: 31Mb L: 20/23 MS: 4 EraseBytes-InsertByte-ChangeBit-InsertByte-
#1622	NEW    cov: 30 ft: 124 corp: 32/538b lim: 23 exec/s: 0 rss: 31Mb L: 18/23 MS: 5 ShuffleBytes-ShuffleBytes-ChangeBit-ChangeByte-EraseBytes-
#1664	NEW    cov: 30 ft: 125 corp: 33/558b lim: 23 exec/s: 0 rss: 31Mb L: 20/23 MS: 2 ShuffleBytes-PersAutoDict- DE: "\000\000\000\000"-
#1665	NEW    cov: 30 ft: 126 corp: 34/578b lim: 23 exec/s: 0 rss: 31Mb L: 20/23 MS: 1 ChangeBit-
#1745	REDUCE cov: 30 ft: 126 corp: 34/574b lim: 23 exec/s: 0 rss: 31Mb L: 15/23 MS: 5 ChangeBit-EraseBytes-CopyPart-ShuffleBytes-ChangeBinInt-
#1779	REDUCE cov: 30 ft: 126 corp: 34/570b lim: 23 exec/s: 0 rss: 31Mb L: 19/23 MS: 4 EraseBytes-InsertByte-CopyPart-ChangeBinInt-
#2011	NEW    cov: 30 ft: 127 corp: 35/590b lim: 23 exec/s: 0 rss: 31Mb L: 20/23 MS: 2 CopyPart-ChangeByte-
#2127	NEW    cov: 30 ft: 128 corp: 36/611b lim: 23 exec/s: 0 rss: 31Mb L: 21/23 MS: 1 InsertByte-
#2140	REDUCE cov: 30 ft: 128 corp: 36/610b lim: 23 exec/s: 0 rss: 31Mb L: 20/23 MS: 3 EraseBytes-ChangeBinInt-CrossOver-
#2261	NEW    cov: 30 ft: 129 corp: 37/630b lim: 23 exec/s: 0 rss: 31Mb L: 20/23 MS: 1 ChangeBit-
#2387	REDUCE cov: 30 ft: 130 corp: 38/650b lim: 23 exec/s: 0 rss: 31Mb L: 20/23 MS: 1 InsertByte-
#2451	REDUCE cov: 30 ft: 130 corp: 38/648b lim: 23 exec/s: 0 rss: 31Mb L: 18/23 MS: 4 ShuffleBytes-PersAutoDict-ChangeByte-CrossOver- DE: "\000\000"-
#2860	REDUCE cov: 30 ft: 130 corp: 38/643b lim: 27 exec/s: 0 rss: 31Mb L: 15/23 MS: 4 InsertByte-CopyPart-CrossOver-CrossOver-
#2895	NEW    cov: 30 ft: 131 corp: 39/670b lim: 27 exec/s: 0 rss: 31Mb L: 27/27 MS: 5 ShuffleBytes-ShuffleBytes-CopyPart-ChangeBinInt-CopyPart-
#2934	NEW    cov: 30 ft: 132 corp: 40/696b lim: 27 exec/s: 0 rss: 31Mb L: 26/27 MS: 4 InsertRepeatedBytes-ChangeBinInt-ChangeByte-InsertByte-
#3168	REDUCE cov: 30 ft: 132 corp: 40/694b lim: 27 exec/s: 0 rss: 31Mb L: 18/27 MS: 4 PersAutoDict-InsertRepeatedBytes-EraseBytes-InsertRepeatedBytes- DE: "\000\000"-
#3183	REDUCE cov: 30 ft: 132 corp: 40/692b lim: 27 exec/s: 0 rss: 31Mb L: 16/27 MS: 5 EraseBytes-ShuffleBytes-CopyPart-ShuffleBytes-ChangeByte-
#3304	NEW    cov: 30 ft: 133 corp: 41/712b lim: 27 exec/s: 0 rss: 31Mb L: 20/27 MS: 1 ChangeByte-
#3447	NEW    cov: 31 ft: 138 corp: 42/732b lim: 27 exec/s: 0 rss: 31Mb L: 20/27 MS: 3 CrossOver-ShuffleBytes-CrossOver-
#3545	REDUCE cov: 31 ft: 139 corp: 43/748b lim: 27 exec/s: 0 rss: 31Mb L: 16/27 MS: 3 ChangeBit-ShuffleBytes-ChangeBinInt-
#3981	NEW    cov: 31 ft: 140 corp: 44/776b lim: 31 exec/s: 0 rss: 31Mb L: 28/28 MS: 1 CMP- DE: "\001\000\000\000\000\000\000\023"-
#4009	NEW    cov: 31 ft: 141 corp: 45/807b lim: 31 exec/s: 0 rss: 31Mb L: 31/31 MS: 3 InsertRepeatedBytes-CrossOver-InsertRepeatedBytes-
#4034	REDUCE cov: 31 ft: 142 corp: 46/836b lim: 31 exec/s: 0 rss: 31Mb L: 29/31 MS: 5 InsertRepeatedBytes-ChangeByte-ChangeByte-CMP-InsertRepeatedBytes- DE: "\377\377\377\377"-
#4335	NEW    cov: 31 ft: 143 corp: 47/852b lim: 31 exec/s: 0 rss: 31Mb L: 16/31 MS: 1 ChangeBit-
#4745	NEW    cov: 31 ft: 144 corp: 48/885b lim: 35 exec/s: 0 rss: 31Mb L: 33/33 MS: 5 CrossOver-InsertRepeatedBytes-ChangeByte-CrossOver-InsertRepeatedBytes-
#4865	REDUCE cov: 31 ft: 146 corp: 49/919b lim: 35 exec/s: 0 rss: 31Mb L: 34/34 MS: 5 CrossOver-InsertByte-InsertByte-ChangeByte-CopyPart-
#4921	NEW    cov: 31 ft: 148 corp: 50/939b lim: 35 exec/s: 0 rss: 31Mb L: 20/34 MS: 1 ShuffleBytes-
#4967	REDUCE cov: 31 ft: 148 corp: 50/938b lim: 35 exec/s: 0 rss: 31Mb L: 18/34 MS: 1 EraseBytes-
#5034	NEW    cov: 31 ft: 149 corp: 51/958b lim: 35 exec/s: 0 rss: 32Mb L: 20/34 MS: 2 CopyPart-ShuffleBytes-
#5184	REDUCE cov: 31 ft: 149 corp: 51/956b lim: 35 exec/s: 0 rss: 32Mb L: 18/34 MS: 5 ChangeByte-CrossOver-EraseBytes-InsertByte-EraseBytes-
#5995	NEW    cov: 31 ft: 150 corp: 52/976b lim: 40 exec/s: 0 rss: 32Mb L: 20/34 MS: 1 ChangeByte-
#6156	NEW    cov: 31 ft: 151 corp: 53/996b lim: 40 exec/s: 0 rss: 32Mb L: 20/34 MS: 1 ShuffleBytes-
#6818	NEW    cov: 31 ft: 152 corp: 54/1016b lim: 45 exec/s: 0 rss: 32Mb L: 20/34 MS: 2 ChangeBinInt-CopyPart-
#7659	NEW    cov: 31 ft: 153 corp: 55/1049b lim: 50 exec/s: 0 rss: 32Mb L: 33/34 MS: 1 CopyPart-
#7730	NEW    cov: 31 ft: 154 corp: 56/1069b lim: 50 exec/s: 0 rss: 32Mb L: 20/34 MS: 1 ChangeByte-
#7996	REDUCE cov: 31 ft: 154 corp: 56/1061b lim: 50 exec/s: 0 rss: 32Mb L: 25/34 MS: 1 EraseBytes-
#8140	NEW    cov: 31 ft: 155 corp: 57/1081b lim: 50 exec/s: 0 rss: 32Mb L: 20/34 MS: 4 ChangeBit-ChangeByte-ChangeBinInt-ChangeBit-
#8270	REDUCE cov: 31 ft: 155 corp: 57/1080b lim: 50 exec/s: 0 rss: 32Mb L: 15/34 MS: 5 ChangeByte-PersAutoDict-CrossOver-ChangeBit-EraseBytes- DE: "\001\000\000\000\000\000\000\023"-
#8346	NEW    cov: 31 ft: 156 corp: 58/1096b lim: 50 exec/s: 0 rss: 32Mb L: 16/34 MS: 1 ChangeBit-
#8413	REDUCE cov: 31 ft: 156 corp: 58/1095b lim: 50 exec/s: 0 rss: 32Mb L: 24/34 MS: 2 ShuffleBytes-EraseBytes-
#8495	NEW    cov: 31 ft: 157 corp: 59/1115b lim: 50 exec/s: 0 rss: 32Mb L: 20/34 MS: 2 CrossOver-CMP- DE: "\034\000\000\000\000\000\000\000"-
#8510	REDUCE cov: 31 ft: 157 corp: 59/1113b lim: 50 exec/s: 0 rss: 32Mb L: 22/34 MS: 5 CMP-ShuffleBytes-ShuffleBytes-ChangeByte-EraseBytes- DE: "\"\000\000\000\000\000\000\000"-
#8627	REDUCE cov: 31 ft: 157 corp: 59/1109b lim: 50 exec/s: 0 rss: 32Mb L: 16/34 MS: 2 EraseBytes-InsertRepeatedBytes-
#9854	REDUCE cov: 31 ft: 157 corp: 59/1107b lim: 60 exec/s: 0 rss: 33Mb L: 16/34 MS: 2 EraseBytes-ChangeBinInt-
#10120	REDUCE cov: 31 ft: 157 corp: 59/1106b lim: 60 exec/s: 0 rss: 33Mb L: 21/34 MS: 1 EraseBytes-
#10503	REDUCE cov: 31 ft: 157 corp: 59/1105b lim: 60 exec/s: 0 rss: 33Mb L: 21/34 MS: 3 InsertRepeatedBytes-CrossOver-EraseBytes-
#10704	NEW    cov: 31 ft: 158 corp: 60/1125b lim: 60 exec/s: 0 rss: 33Mb L: 20/34 MS: 1 ShuffleBytes-
#11122	REDUCE cov: 31 ft: 158 corp: 60/1123b lim: 60 exec/s: 0 rss: 33Mb L: 18/34 MS: 3 InsertByte-CMP-EraseBytes- DE: "\001\000"-
#11639	NEW    cov: 31 ft: 166 corp: 61/1143b lim: 65 exec/s: 0 rss: 33Mb L: 20/34 MS: 2 CrossOver-CrossOver-
#13998	NEW    cov: 31 ft: 167 corp: 62/1163b lim: 83 exec/s: 0 rss: 34Mb L: 20/34 MS: 4 ShuffleBytes-ChangeBinInt-CopyPart-ShuffleBytes-
#14117	REDUCE cov: 31 ft: 167 corp: 62/1161b lim: 83 exec/s: 0 rss: 34Mb L: 16/34 MS: 4 EraseBytes-ChangeBinInt-ChangeBit-ChangeBinInt-
#14258	NEW    cov: 31 ft: 168 corp: 63/1181b lim: 83 exec/s: 0 rss: 34Mb L: 20/34 MS: 1 ChangeASCIIInt-
#14834	NEW    cov: 31 ft: 169 corp: 64/1201b lim: 83 exec/s: 0 rss: 34Mb L: 20/34 MS: 1 CrossOver-
#14897	REDUCE cov: 31 ft: 169 corp: 64/1199b lim: 83 exec/s: 0 rss: 34Mb L: 18/34 MS: 3 ChangeBinInt-EraseBytes-CopyPart-
#15008	NEW    cov: 31 ft: 170 corp: 65/1219b lim: 83 exec/s: 0 rss: 34Mb L: 20/34 MS: 1 ShuffleBytes-
#16444	NEW    cov: 31 ft: 171 corp: 66/1239b lim: 95 exec/s: 0 rss: 34Mb L: 20/34 MS: 1 ChangeBit-
#17393	REDUCE cov: 31 ft: 171 corp: 66/1235b lim: 101 exec/s: 0 rss: 35Mb L: 17/34 MS: 4 ShuffleBytes-CopyPart-ChangeByte-EraseBytes-
#17419	REDUCE cov: 31 ft: 171 corp: 66/1234b lim: 101 exec/s: 0 rss: 35Mb L: 15/34 MS: 1 EraseBytes-
#17490	NEW    cov: 31 ft: 172 corp: 67/1254b lim: 101 exec/s: 0 rss: 35Mb L: 20/34 MS: 1 ChangeBit-
#17811	NEW    cov: 31 ft: 179 corp: 68/1274b lim: 101 exec/s: 0 rss: 35Mb L: 20/34 MS: 1 CrossOver-
#18863	REDUCE cov: 31 ft: 179 corp: 68/1272b lim: 107 exec/s: 0 rss: 35Mb L: 18/34 MS: 2 EraseBytes-CrossOver-
#20974	NEW    cov: 31 ft: 180 corp: 69/1292b lim: 125 exec/s: 0 rss: 35Mb L: 20/34 MS: 1 ChangeBinInt-
#22176	NEW    cov: 31 ft: 181 corp: 70/1312b lim: 131 exec/s: 0 rss: 35Mb L: 20/34 MS: 2 EraseBytes-CrossOver-
#22447	REDUCE cov: 31 ft: 182 corp: 71/1332b lim: 131 exec/s: 0 rss: 35Mb L: 20/34 MS: 1 CopyPart-
#23423	NEW    cov: 31 ft: 183 corp: 72/1360b lim: 138 exec/s: 0 rss: 35Mb L: 28/34 MS: 1 CrossOver-
#24356	REDUCE cov: 31 ft: 183 corp: 72/1358b lim: 145 exec/s: 0 rss: 35Mb L: 16/34 MS: 3 EraseBytes-CopyPart-EraseBytes-
#25303	NEW    cov: 31 ft: 184 corp: 73/1378b lim: 152 exec/s: 0 rss: 35Mb L: 20/34 MS: 2 ShuffleBytes-PersAutoDict- DE: "\001\000\000\000\000\000\000\023"-
#25924	NEW    cov: 31 ft: 185 corp: 74/1398b lim: 152 exec/s: 0 rss: 35Mb L: 20/34 MS: 1 ChangeByte-
#28150	REDUCE cov: 31 ft: 186 corp: 75/1426b lim: 173 exec/s: 0 rss: 35Mb L: 28/34 MS: 1 CrossOver-
#28771	NEW    cov: 31 ft: 187 corp: 76/1454b lim: 173 exec/s: 0 rss: 35Mb L: 28/34 MS: 1 CopyPart-
#29517	REDUCE cov: 31 ft: 187 corp: 76/1452b lim: 180 exec/s: 0 rss: 35Mb L: 15/34 MS: 1 EraseBytes-
#29928	NEW    cov: 31 ft: 188 corp: 77/1480b lim: 180 exec/s: 0 rss: 35Mb L: 28/34 MS: 1 CopyPart-
#30181	REDUCE cov: 31 ft: 188 corp: 77/1479b lim: 180 exec/s: 0 rss: 35Mb L: 19/34 MS: 3 ChangeBit-ChangeBit-EraseBytes-
#31548	NEW    cov: 33 ft: 198 corp: 78/1507b lim: 187 exec/s: 0 rss: 35Mb L: 28/34 MS: 2 PersAutoDict-CopyPart- DE: "\000\000\000\000"-
#31654	NEW    cov: 33 ft: 199 corp: 79/1535b lim: 187 exec/s: 0 rss: 35Mb L: 28/34 MS: 1 ShuffleBytes-
#31722	REDUCE cov: 33 ft: 199 corp: 79/1531b lim: 187 exec/s: 0 rss: 35Mb L: 16/34 MS: 3 InsertByte-InsertRepeatedBytes-EraseBytes-
#31898	NEW    cov: 33 ft: 200 corp: 80/1559b lim: 187 exec/s: 0 rss: 35Mb L: 28/34 MS: 1 ShuffleBytes-
#32074	NEW    cov: 33 ft: 201 corp: 81/1587b lim: 187 exec/s: 0 rss: 35Mb L: 28/34 MS: 1 ChangeBit-
#32185	REDUCE cov: 33 ft: 202 corp: 82/1605b lim: 187 exec/s: 0 rss: 35Mb L: 18/34 MS: 1 ShuffleBytes-
#32352	NEW    cov: 33 ft: 205 corp: 83/1633b lim: 187 exec/s: 0 rss: 35Mb L: 28/34 MS: 2 ChangeBinInt-CopyPart-
#33918	NEW    cov: 33 ft: 206 corp: 84/1653b lim: 201 exec/s: 0 rss: 35Mb L: 20/34 MS: 1 ChangeByte-
#35969	NEW    cov: 34 ft: 207 corp: 85/1681b lim: 215 exec/s: 0 rss: 35Mb L: 28/34 MS: 1 CMP- DE: "\000\000"-
#36150	NEW    cov: 34 ft: 208 corp: 86/1701b lim: 215 exec/s: 0 rss: 35Mb L: 20/34 MS: 1 ChangeBinInt-
#37761	NEW    cov: 34 ft: 209 corp: 87/1721b lim: 229 exec/s: 0 rss: 35Mb L: 20/34 MS: 1 CrossOver-
#38687	REDUCE cov: 34 ft: 209 corp: 87/1718b lim: 236 exec/s: 0 rss: 35Mb L: 17/34 MS: 1 EraseBytes-
#38948	REDUCE cov: 34 ft: 209 corp: 87/1717b lim: 236 exec/s: 0 rss: 35Mb L: 16/34 MS: 1 EraseBytes-
#39171	REDUCE cov: 34 ft: 210 corp: 88/1733b lim: 236 exec/s: 0 rss: 35Mb L: 16/34 MS: 3 CopyPart-CopyPart-PersAutoDict- DE: "\001\000"-
#39377	NEW    cov: 34 ft: 211 corp: 89/1761b lim: 236 exec/s: 0 rss: 35Mb L: 28/34 MS: 1 ChangeBinInt-
#41938	NEW    cov: 34 ft: 212 corp: 90/1789b lim: 257 exec/s: 0 rss: 35Mb L: 28/34 MS: 1 ChangeBinInt-
#42174	REDUCE cov: 34 ft: 212 corp: 90/1788b lim: 257 exec/s: 0 rss: 35Mb L: 15/34 MS: 1 EraseBytes-
#43330	NEW    cov: 34 ft: 213 corp: 91/1808b lim: 265 exec/s: 0 rss: 35Mb L: 20/34 MS: 1 ChangeASCIIInt-
#45901	NEW    cov: 34 ft: 214 corp: 92/1828b lim: 289 exec/s: 0 rss: 35Mb L: 20/34 MS: 1 ChangeBit-
#46074	NEW    cov: 46 ft: 257 corp: 93/1856b lim: 289 exec/s: 0 rss: 35Mb L: 28/34 MS: 3 CopyPart-CrossOver-CrossOver-
#47500	NEW    cov: 46 ft: 258 corp: 94/1884b lim: 297 exec/s: 0 rss: 35Mb L: 28/34 MS: 1 ShuffleBytes-
#47938	REDUCE cov: 46 ft: 258 corp: 94/1882b lim: 297 exec/s: 0 rss: 35Mb L: 19/34 MS: 3 EraseBytes-ChangeBit-CopyPart-
#48260	REDUCE cov: 46 ft: 258 corp: 94/1880b lim: 297 exec/s: 0 rss: 35Mb L: 16/34 MS: 2 EraseBytes-InsertByte-
#50261	NEW    cov: 46 ft: 259 corp: 95/1900b lim: 313 exec/s: 0 rss: 35Mb L: 20/34 MS: 1 ChangeByte-
#50355	REDUCE cov: 46 ft: 259 corp: 95/1898b lim: 313 exec/s: 0 rss: 35Mb L: 24/34 MS: 4 ChangeBit-ChangeByte-EraseBytes-PersAutoDict- DE: "\000\000"-
#50934	NEW    cov: 48 ft: 271 corp: 96/1926b lim: 313 exec/s: 0 rss: 35Mb L: 28/34 MS: 4 ChangeBinInt-CopyPart-ChangeBit-ChangeByte-
#51595	NEW    cov: 48 ft: 274 corp: 97/1954b lim: 313 exec/s: 0 rss: 35Mb L: 28/34 MS: 1 ChangeBit-
#52891	NEW    cov: 48 ft: 275 corp: 98/1982b lim: 321 exec/s: 0 rss: 35Mb L: 28/34 MS: 1 ChangeBit-
#53012	NEW    cov: 48 ft: 278 corp: 99/2010b lim: 321 exec/s: 0 rss: 35Mb L: 28/34 MS: 1 ChangeBit-
#56258	NEW    cov: 48 ft: 279 corp: 100/2030b lim: 353 exec/s: 0 rss: 35Mb L: 20/34 MS: 1 ChangeBit-
#61874	NEW    cov: 48 ft: 280 corp: 101/2050b lim: 401 exec/s: 0 rss: 35Mb L: 20/34 MS: 1 ShuffleBytes-
#63752	NEW    cov: 48 ft: 281 corp: 102/2070b lim: 417 exec/s: 0 rss: 35Mb L: 20/34 MS: 3 ChangeByte-EraseBytes-InsertByte-
#68315	NEW    cov: 48 ft: 287 corp: 103/2098b lim: 457 exec/s: 0 rss: 35Mb L: 28/34 MS: 3 ChangeBit-ShuffleBytes-ChangeBit-
#76402	REDUCE cov: 48 ft: 287 corp: 103/2096b lim: 531 exec/s: 0 rss: 35Mb L: 16/34 MS: 2 EraseBytes-ChangeBinInt-
#76758	NEW    cov: 48 ft: 288 corp: 104/2116b lim: 531 exec/s: 0 rss: 35Mb L: 20/34 MS: 1 ShuffleBytes-
#77719	NEW    cov: 48 ft: 289 corp: 105/2136b lim: 540 exec/s: 0 rss: 35Mb L: 20/34 MS: 1 ChangeBinInt-
#80400	NEW    cov: 48 ft: 290 corp: 106/2164b lim: 558 exec/s: 0 rss: 35Mb L: 28/34 MS: 1 ChangeByte-
#89160	REDUCE cov: 48 ft: 290 corp: 106/2162b lim: 639 exec/s: 0 rss: 35Mb L: 18/34 MS: 5 EraseBytes-ChangeBit-CMP-ChangeBit-CopyPart- DE: "\000\000"-
#89284	REDUCE cov: 48 ft: 290 corp: 106/2160b lim: 639 exec/s: 0 rss: 35Mb L: 18/34 MS: 4 CrossOver-ChangeBit-ChangeByte-EraseBytes-
#93170	NEW    cov: 48 ft: 292 corp: 107/2188b lim: 675 exec/s: 0 rss: 35Mb L: 28/34 MS: 1 ChangeBit-
#95111	NEW    cov: 48 ft: 293 corp: 108/2208b lim: 693 exec/s: 0 rss: 35Mb L: 20/34 MS: 1 ShuffleBytes-
#95163	NEW    cov: 48 ft: 294 corp: 109/2236b lim: 693 exec/s: 0 rss: 35Mb L: 28/34 MS: 2 ChangeBit-CopyPart-
#95204	REDUCE cov: 48 ft: 294 corp: 109/2234b lim: 693 exec/s: 0 rss: 35Mb L: 18/34 MS: 1 EraseBytes-
#97330	NEW    cov: 48 ft: 295 corp: 110/2254b lim: 711 exec/s: 0 rss: 35Mb L: 20/34 MS: 1 ChangeBinInt-
#98012	NEW    cov: 49 ft: 298 corp: 111/2282b lim: 711 exec/s: 0 rss: 35Mb L: 28/34 MS: 2 ChangeByte-CopyPart-
#99740	REDUCE cov: 49 ft: 298 corp: 111/2278b lim: 720 exec/s: 0 rss: 35Mb L: 16/34 MS: 3 PersAutoDict-InsertByte-EraseBytes- DE: "\377\377\377\377"-
#107215	REDUCE cov: 49 ft: 298 corp: 111/2277b lim: 792 exec/s: 0 rss: 35Mb L: 15/34 MS: 5 ShuffleBytes-PersAutoDict-InsertByte-ChangeBinInt-EraseBytes- DE: "\001\000"-
#107612	REDUCE cov: 49 ft: 298 corp: 111/2276b lim: 792 exec/s: 0 rss: 35Mb L: 18/34 MS: 2 EraseBytes-CopyPart-
#108575	REDUCE cov: 49 ft: 298 corp: 111/2266b lim: 801 exec/s: 0 rss: 35Mb L: 18/34 MS: 3 EraseBytes-ChangeBinInt-ChangeBit-
#109717	REDUCE cov: 49 ft: 298 corp: 111/2264b lim: 810 exec/s: 0 rss: 35Mb L: 17/34 MS: 2 ChangeByte-EraseBytes-
#110915	REDUCE cov: 49 ft: 298 corp: 111/2262b lim: 819 exec/s: 0 rss: 35Mb L: 18/34 MS: 3 CopyPart-ShuffleBytes-EraseBytes-
#115606	NEW    cov: 49 ft: 299 corp: 112/2282b lim: 864 exec/s: 0 rss: 35Mb L: 20/34 MS: 1 CrossOver-
#123890	REDUCE cov: 49 ft: 299 corp: 112/2280b lim: 945 exec/s: 0 rss: 35Mb L: 15/34 MS: 4 ChangeBit-InsertByte-EraseBytes-CopyPart-
#126616	NEW    cov: 49 ft: 301 corp: 113/2308b lim: 972 exec/s: 0 rss: 35Mb L: 28/34 MS: 1 CopyPart-
#127803	NEW    cov: 49 ft: 302 corp: 114/2328b lim: 981 exec/s: 0 rss: 35Mb L: 20/34 MS: 2 ChangeByte-ChangeBit-
#129815	NEW    cov: 49 ft: 305 corp: 115/2356b lim: 999 exec/s: 0 rss: 35Mb L: 28/34 MS: 2 CopyPart-ChangeASCIIInt-
#133721	NEW    cov: 49 ft: 306 corp: 116/2384b lim: 1036 exec/s: 0 rss: 35Mb L: 28/34 MS: 1 CopyPart-
#136637	REDUCE cov: 49 ft: 306 corp: 116/2383b lim: 1056 exec/s: 0 rss: 35Mb L: 17/34 MS: 1 EraseBytes-
#137973	NEW    cov: 49 ft: 307 corp: 117/2403b lim: 1066 exec/s: 0 rss: 35Mb L: 20/34 MS: 1 ChangeBit-
#140744	NEW    cov: 49 ft: 310 corp: 118/2431b lim: 1086 exec/s: 0 rss: 35Mb L: 28/34 MS: 1 ChangeBinInt-
#143783	REDUCE cov: 49 ft: 310 corp: 118/2429b lim: 1116 exec/s: 0 rss: 35Mb L: 18/34 MS: 4 PersAutoDict-EraseBytes-ChangeBit-ChangeBit- DE: "\000\000"-
#153324	NEW    cov: 49 ft: 311 corp: 119/2449b lim: 1206 exec/s: 0 rss: 35Mb L: 20/34 MS: 1 ChangeASCIIInt-
#154105	NEW    cov: 49 ft: 312 corp: 120/2469b lim: 1206 exec/s: 0 rss: 35Mb L: 20/34 MS: 1 ChangeASCIIInt-
#154572	REDUCE cov: 49 ft: 312 corp: 120/2468b lim: 1206 exec/s: 0 rss: 35Mb L: 16/34 MS: 2 ChangeByte-EraseBytes-
#162037	REDUCE cov: 49 ft: 312 corp: 120/2466b lim: 1276 exec/s: 0 rss: 35Mb L: 15/34 MS: 5 PersAutoDict-ShuffleBytes-CopyPart-ChangeBit-EraseBytes- DE: "\377\377\377\377"-
#164399	REDUCE cov: 49 ft: 312 corp: 120/2464b lim: 1296 exec/s: 0 rss: 35Mb L: 16/34 MS: 2 ChangeByte-EraseBytes-
#179180	NEW    cov: 49 ft: 313 corp: 121/2492b lim: 1436 exec/s: 0 rss: 35Mb L: 28/34 MS: 1 ChangeBinInt-
#181956	NEW    cov: 49 ft: 314 corp: 122/2520b lim: 1456 exec/s: 0 rss: 35Mb L: 28/34 MS: 1 ChangeByte-
#183807	NEW    cov: 49 ft: 315 corp: 123/2540b lim: 1466 exec/s: 0 rss: 35Mb L: 20/34 MS: 1 ShuffleBytes-
#188634	REDUCE cov: 49 ft: 315 corp: 123/2538b lim: 1506 exec/s: 0 rss: 35Mb L: 26/34 MS: 2 ChangeByte-EraseBytes-
#191538	REDUCE cov: 49 ft: 315 corp: 123/2536b lim: 1526 exec/s: 0 rss: 35Mb L: 18/34 MS: 4 ChangeByte-CMP-EraseBytes-ChangeBinInt- DE: "\004\000\000\000\000\000\000\000"-
#203859	REDUCE cov: 49 ft: 315 corp: 123/2535b lim: 1646 exec/s: 0 rss: 35Mb L: 15/34 MS: 1 EraseBytes-
#204174	REDUCE cov: 49 ft: 315 corp: 123/2533b lim: 1646 exec/s: 0 rss: 35Mb L: 21/34 MS: 5 InsertByte-ShuffleBytes-EraseBytes-ChangeBinInt-ChangeBinInt-
#215606	NEW    cov: 49 ft: 316 corp: 124/2553b lim: 1756 exec/s: 0 rss: 35Mb L: 20/34 MS: 2 CrossOver-ChangeByte-
#217347	NEW    cov: 49 ft: 323 corp: 125/2581b lim: 1766 exec/s: 0 rss: 35Mb L: 28/34 MS: 1 ChangeBit-
#219079	REDUCE cov: 49 ft: 323 corp: 125/2579b lim: 1776 exec/s: 0 rss: 35Mb L: 16/34 MS: 2 ChangeBinInt-EraseBytes-
#221133	REDUCE cov: 49 ft: 323 corp: 125/2577b lim: 1796 exec/s: 0 rss: 35Mb L: 18/34 MS: 4 ChangeByte-EraseBytes-CrossOver-ChangeByte-
#228355	REDUCE cov: 49 ft: 323 corp: 125/2575b lim: 1866 exec/s: 0 rss: 35Mb L: 18/34 MS: 2 ChangeBinInt-EraseBytes-
#230677	NEW    cov: 49 ft: 324 corp: 126/2603b lim: 1886 exec/s: 0 rss: 35Mb L: 28/34 MS: 2 ShuffleBytes-ChangeBit-
#259863	NEW    cov: 49 ft: 325 corp: 127/2623b lim: 2166 exec/s: 0 rss: 35Mb L: 20/34 MS: 1 ChangeBit-
#262191	REDUCE cov: 49 ft: 325 corp: 127/2617b lim: 2188 exec/s: 0 rss: 35Mb L: 22/34 MS: 3 ChangeBit-EraseBytes-CrossOver-
#262398	NEW    cov: 49 ft: 326 corp: 128/2645b lim: 2188 exec/s: 0 rss: 35Mb L: 28/34 MS: 2 ShuffleBytes-ChangeByte-
#266261	REDUCE cov: 49 ft: 326 corp: 128/2640b lim: 2221 exec/s: 0 rss: 35Mb L: 15/34 MS: 3 InsertByte-ChangeBit-EraseBytes-
#269055	REDUCE cov: 49 ft: 326 corp: 128/2639b lim: 2243 exec/s: 0 rss: 35Mb L: 19/34 MS: 4 ChangeByte-ShuffleBytes-EraseBytes-InsertByte-
#274482	REDUCE cov: 49 ft: 326 corp: 128/2637b lim: 2287 exec/s: 0 rss: 35Mb L: 16/34 MS: 2 EraseBytes-InsertByte-
#297740	NEW    cov: 49 ft: 327 corp: 129/2665b lim: 2518 exec/s: 0 rss: 36Mb L: 28/34 MS: 3 ChangeBit-ChangeBinInt-CrossOver-
#317762	REDUCE cov: 49 ft: 327 corp: 129/2663b lim: 2716 exec/s: 0 rss: 36Mb L: 26/34 MS: 2 ChangeBit-EraseBytes-
#325125	REDUCE cov: 49 ft: 327 corp: 129/2661b lim: 2782 exec/s: 0 rss: 36Mb L: 16/34 MS: 3 ChangeBinInt-EraseBytes-ChangeBinInt-
#334171	NEW    cov: 49 ft: 328 corp: 130/2681b lim: 2870 exec/s: 0 rss: 36Mb L: 20/34 MS: 1 ChangeByte-
#354608	REDUCE cov: 49 ft: 328 corp: 130/2675b lim: 3068 exec/s: 0 rss: 36Mb L: 22/34 MS: 2 EraseBytes-CrossOver-
#385474	NEW    cov: 49 ft: 329 corp: 131/2703b lim: 3365 exec/s: 0 rss: 36Mb L: 28/34 MS: 1 CrossOver-
#385892	REDUCE cov: 49 ft: 329 corp: 131/2701b lim: 3365 exec/s: 0 rss: 36Mb L: 26/34 MS: 3 ShuffleBytes-CopyPart-EraseBytes-
#386334	REDUCE cov: 49 ft: 329 corp: 131/2699b lim: 3365 exec/s: 0 rss: 36Mb L: 20/34 MS: 2 CopyPart-EraseBytes-
#387691	REDUCE cov: 49 ft: 329 corp: 131/2697b lim: 3376 exec/s: 0 rss: 36Mb L: 18/34 MS: 2 CopyPart-EraseBytes-
#389059	REDUCE cov: 49 ft: 329 corp: 131/2695b lim: 3387 exec/s: 0 rss: 36Mb L: 18/34 MS: 3 CopyPart-CopyPart-EraseBytes-
#389561	NEW    cov: 49 ft: 334 corp: 132/2723b lim: 3387 exec/s: 0 rss: 36Mb L: 28/34 MS: 2 ChangeASCIIInt-ChangeByte-
#405596	NEW    cov: 49 ft: 335 corp: 133/2751b lim: 3541 exec/s: 405596 rss: 36Mb L: 28/34 MS: 3 ChangeBinInt-ShuffleBytes-ShuffleBytes-
#413892	REDUCE cov: 49 ft: 336 corp: 134/2777b lim: 3618 exec/s: 413892 rss: 36Mb L: 26/34 MS: 1 ChangeBit-
#416653	NEW    cov: 49 ft: 338 corp: 135/2805b lim: 3640 exec/s: 416653 rss: 36Mb L: 28/34 MS: 1 ShuffleBytes-
#435369	REDUCE cov: 49 ft: 339 corp: 136/2820b lim: 3816 exec/s: 435369 rss: 36Mb L: 15/34 MS: 1 ChangeByte-
#435380	NEW    cov: 49 ft: 340 corp: 137/2835b lim: 3816 exec/s: 435380 rss: 36Mb L: 15/34 MS: 1 ChangeASCIIInt-
#439826	NEW    cov: 49 ft: 341 corp: 138/2850b lim: 3860 exec/s: 439826 rss: 36Mb L: 15/34 MS: 1 ChangeASCIIInt-
#440012	NEW    cov: 49 ft: 342 corp: 139/2865b lim: 3860 exec/s: 440012 rss: 36Mb L: 15/34 MS: 1 ChangeASCIIInt-
#440183	NEW    cov: 49 ft: 343 corp: 140/2880b lim: 3860 exec/s: 440183 rss: 36Mb L: 15/34 MS: 1 ShuffleBytes-
#440609	NEW    cov: 49 ft: 345 corp: 141/2895b lim: 3860 exec/s: 440609 rss: 36Mb L: 15/34 MS: 1 ChangeBit-
#441438	REDUCE cov: 49 ft: 345 corp: 141/2893b lim: 3860 exec/s: 441438 rss: 36Mb L: 24/34 MS: 4 ChangeBinInt-ChangeBit-ShuffleBytes-EraseBytes-
#445929	NEW    cov: 49 ft: 346 corp: 142/2908b lim: 3904 exec/s: 445929 rss: 36Mb L: 15/34 MS: 1 ChangeASCIIInt-
#448033	REDUCE cov: 49 ft: 346 corp: 142/2904b lim: 3915 exec/s: 448033 rss: 36Mb L: 16/34 MS: 4 CMP-ShuffleBytes-ChangeBit-EraseBytes- DE: "\377\377\377\377\377\377\377\377"-
#449520	NEW    cov: 49 ft: 347 corp: 143/2919b lim: 3926 exec/s: 449520 rss: 36Mb L: 15/34 MS: 2 ChangeBit-ChangeBit-
#450561	NEW    cov: 49 ft: 348 corp: 144/2934b lim: 3926 exec/s: 450561 rss: 36Mb L: 15/34 MS: 1 ChangeBit-
#452442	NEW    cov: 49 ft: 349 corp: 145/2949b lim: 3937 exec/s: 452442 rss: 36Mb L: 15/34 MS: 1 ChangeBit-
#452823	NEW    cov: 49 ft: 351 corp: 146/2977b lim: 3937 exec/s: 452823 rss: 36Mb L: 28/34 MS: 1 CopyPart-
#474229	NEW    cov: 49 ft: 352 corp: 147/2992b lim: 4096 exec/s: 474229 rss: 36Mb L: 15/34 MS: 1 ShuffleBytes-
#474280	REDUCE cov: 49 ft: 352 corp: 147/2990b lim: 4096 exec/s: 474280 rss: 36Mb L: 18/34 MS: 1 EraseBytes-
#493324	REDUCE cov: 49 ft: 352 corp: 147/2988b lim: 4096 exec/s: 493324 rss: 36Mb L: 17/34 MS: 4 EraseBytes-ShuffleBytes-ChangeBit-ChangeBit-
#516968	REDUCE cov: 49 ft: 352 corp: 147/2986b lim: 4096 exec/s: 516968 rss: 36Mb L: 22/34 MS: 4 EraseBytes-CopyPart-CMP-CMP- DE: "z\000"-"\377\377"-
#551757	REDUCE cov: 49 ft: 352 corp: 147/2984b lim: 4096 exec/s: 551757 rss: 36Mb L: 19/34 MS: 4 EraseBytes-InsertRepeatedBytes-ChangeBinInt-InsertByte-
#569249	REDUCE cov: 49 ft: 352 corp: 147/2982b lim: 4096 exec/s: 569249 rss: 36Mb L: 18/34 MS: 2 EraseBytes-InsertByte-
#589762	REDUCE cov: 49 ft: 352 corp: 147/2981b lim: 4096 exec/s: 589762 rss: 36Mb L: 16/34 MS: 3 EraseBytes-ChangeBit-ChangeBit-
#606082	REDUCE cov: 49 ft: 352 corp: 147/2980b lim: 4096 exec/s: 606082 rss: 36Mb L: 15/34 MS: 5 ShuffleBytes-EraseBytes-ChangeBit-CopyPart-CMP- DE: "\377\377\377\377\377\377\377!"-
#611414	REDUCE cov: 49 ft: 352 corp: 147/2978b lim: 4096 exec/s: 611414 rss: 36Mb L: 17/34 MS: 2 EraseBytes-ChangeBinInt-
#627846	REDUCE cov: 49 ft: 352 corp: 147/2976b lim: 4096 exec/s: 627846 rss: 36Mb L: 18/34 MS: 2 InsertByte-EraseBytes-
#672256	REDUCE cov: 49 ft: 352 corp: 147/2974b lim: 4096 exec/s: 672256 rss: 36Mb L: 18/34 MS: 5 ChangeBinInt-ChangeBinInt-InsertRepeatedBytes-ChangeBit-EraseBytes-
#684079	REDUCE cov: 49 ft: 352 corp: 147/2972b lim: 4096 exec/s: 684079 rss: 36Mb L: 18/34 MS: 3 PersAutoDict-ChangeBit-EraseBytes- DE: "\377\377\377\377\377\377\377!"-
#720596	REDUCE cov: 49 ft: 352 corp: 147/2970b lim: 4096 exec/s: 720596 rss: 36Mb L: 15/34 MS: 2 EraseBytes-PersAutoDict- DE: "\377\377\377\377\377\377\377!"-
#743973	REDUCE cov: 49 ft: 352 corp: 147/2968b lim: 4096 exec/s: 743973 rss: 36Mb L: 16/34 MS: 2 InsertByte-EraseBytes-
#758617	REDUCE cov: 49 ft: 352 corp: 147/2966b lim: 4096 exec/s: 758617 rss: 36Mb L: 18/34 MS: 4 ChangeBinInt-ChangeBinInt-ChangeBit-EraseBytes-
#831249	REDUCE cov: 49 ft: 352 corp: 147/2962b lim: 4096 exec/s: 831249 rss: 36Mb L: 16/34 MS: 2 PersAutoDict-EraseBytes- DE: "\377\377\377\377\377\377\377!"-
#866706	REDUCE cov: 49 ft: 352 corp: 147/2960b lim: 4096 exec/s: 433353 rss: 36Mb L: 16/34 MS: 2 PersAutoDict-EraseBytes- DE: "\377\377\377\377"-
#887762	NEW    cov: 49 ft: 353 corp: 148/2993b lim: 4096 exec/s: 443881 rss: 36Mb L: 33/34 MS: 1 InsertRepeatedBytes-
#890195	REDUCE cov: 49 ft: 353 corp: 148/2991b lim: 4096 exec/s: 445097 rss: 36Mb L: 16/34 MS: 3 CrossOver-ShuffleBytes-EraseBytes-
#894487	NEW    cov: 49 ft: 354 corp: 149/3008b lim: 4096 exec/s: 447243 rss: 36Mb L: 17/34 MS: 2 ChangeBit-EraseBytes-
#895386	REDUCE cov: 49 ft: 354 corp: 149/3007b lim: 4096 exec/s: 447693 rss: 36Mb L: 16/34 MS: 4 ChangeBit-ChangeBit-InsertByte-EraseBytes-
#895693	REDUCE cov: 49 ft: 354 corp: 149/3006b lim: 4096 exec/s: 447846 rss: 36Mb L: 15/34 MS: 2 CrossOver-EraseBytes-
#913645	REDUCE cov: 49 ft: 354 corp: 149/3004b lim: 4096 exec/s: 456822 rss: 36Mb L: 26/34 MS: 2 InsertByte-EraseBytes-
#919424	REDUCE cov: 49 ft: 354 corp: 149/3002b lim: 4096 exec/s: 459712 rss: 36Mb L: 18/34 MS: 4 CopyPart-PersAutoDict-EraseBytes-EraseBytes- DE: "\001\000"-
#951410	NEW    cov: 49 ft: 355 corp: 150/3019b lim: 4096 exec/s: 475705 rss: 36Mb L: 17/34 MS: 1 InsertByte-
#951507	REDUCE cov: 49 ft: 355 corp: 150/3017b lim: 4096 exec/s: 475753 rss: 36Mb L: 15/34 MS: 2 CrossOver-EraseBytes-
#1048576	pulse  cov: 49 ft: 355 corp: 150/3017b lim: 4096 exec/s: 524288 rss: 36Mb
#1076891	REDUCE cov: 49 ft: 356 corp: 151/3041b lim: 4096 exec/s: 538445 rss: 36Mb L: 24/34 MS: 4 CopyPart-ChangeByte-EraseBytes-ChangeBinInt-
#1082334	REDUCE cov: 49 ft: 356 corp: 151/3039b lim: 4096 exec/s: 541167 rss: 36Mb L: 18/34 MS: 3 EraseBytes-InsertByte-ChangeBit-
#1126382	REDUCE cov: 49 ft: 356 corp: 151/3037b lim: 4096 exec/s: 563191 rss: 36Mb L: 18/34 MS: 3 PersAutoDict-EraseBytes-PersAutoDict- DE: "\034\000\000\000\000\000\000\000"-"\377\377\377\377"-
#1131694	NEW    cov: 49 ft: 357 corp: 152/3056b lim: 4096 exec/s: 565847 rss: 36Mb L: 19/34 MS: 2 CopyPart-ChangeBinInt-
#1133905	NEW    cov: 49 ft: 358 corp: 153/3075b lim: 4096 exec/s: 566952 rss: 36Mb L: 19/34 MS: 1 ChangeBit-
#1134042	NEW    cov: 49 ft: 359 corp: 154/3094b lim: 4096 exec/s: 567021 rss: 36Mb L: 19/34 MS: 2 ChangeASCIIInt-ChangeASCIIInt-
#1134788	NEW    cov: 49 ft: 360 corp: 155/3113b lim: 4096 exec/s: 567394 rss: 36Mb L: 19/34 MS: 1 ChangeASCIIInt-
#1135004	NEW    cov: 49 ft: 361 corp: 156/3132b lim: 4096 exec/s: 567502 rss: 36Mb L: 19/34 MS: 1 ChangeASCIIInt-
#1137820	NEW    cov: 49 ft: 362 corp: 157/3151b lim: 4096 exec/s: 568910 rss: 36Mb L: 19/34 MS: 1 ChangeASCIIInt-
#1139106	NEW    cov: 49 ft: 363 corp: 158/3170b lim: 4096 exec/s: 569553 rss: 36Mb L: 19/34 MS: 1 ChangeBinInt-
#1139127	NEW    cov: 49 ft: 364 corp: 159/3189b lim: 4096 exec/s: 569563 rss: 36Mb L: 19/34 MS: 1 CrossOver-
#1143279	REDUCE cov: 49 ft: 364 corp: 159/3187b lim: 4096 exec/s: 571639 rss: 36Mb L: 17/34 MS: 2 EraseBytes-InsertByte-
#1154686	REDUCE cov: 49 ft: 364 corp: 159/3185b lim: 4096 exec/s: 577343 rss: 36Mb L: 18/34 MS: 2 EraseBytes-PersAutoDict- DE: "\377\377"-
#1191998	REDUCE cov: 49 ft: 364 corp: 159/3183b lim: 4096 exec/s: 595999 rss: 36Mb L: 18/34 MS: 2 EraseBytes-ChangeByte-
#1206727	REDUCE cov: 49 ft: 364 corp: 159/3181b lim: 4096 exec/s: 603363 rss: 36Mb L: 16/34 MS: 4 EraseBytes-CopyPart-CMP-InsertByte- DE: "\000\000"-
#1209570	REDUCE cov: 49 ft: 364 corp: 159/3179b lim: 4096 exec/s: 604785 rss: 36Mb L: 18/34 MS: 3 ChangeByte-CrossOver-EraseBytes-
#1211546	NEW    cov: 49 ft: 365 corp: 160/3198b lim: 4096 exec/s: 605773 rss: 36Mb L: 19/34 MS: 1 CrossOver-
#1211698	NEW    cov: 49 ft: 366 corp: 161/3217b lim: 4096 exec/s: 605849 rss: 36Mb L: 19/34 MS: 2 ShuffleBytes-ChangeBit-
#1211824	NEW    cov: 49 ft: 367 corp: 162/3236b lim: 4096 exec/s: 605912 rss: 36Mb L: 19/34 MS: 1 ChangeASCIIInt-
#1359947	REDUCE cov: 49 ft: 367 corp: 162/3234b lim: 4096 exec/s: 453315 rss: 36Mb L: 16/34 MS: 3 ChangeBit-CopyPart-EraseBytes-
#1376404	REDUCE cov: 49 ft: 367 corp: 162/3232b lim: 4096 exec/s: 458801 rss: 36Mb L: 18/34 MS: 2 CrossOver-EraseBytes-
#1411113	REDUCE cov: 49 ft: 367 corp: 162/3230b lim: 4096 exec/s: 470371 rss: 36Mb L: 16/34 MS: 4 PersAutoDict-EraseBytes-ChangeBinInt-CopyPart- DE: "\377\377\377\377"-
#1475951	REDUCE cov: 49 ft: 367 corp: 162/3228b lim: 4096 exec/s: 491983 rss: 36Mb L: 20/34 MS: 3 ChangeBit-ChangeBinInt-EraseBytes-
#1477544	REDUCE cov: 49 ft: 367 corp: 162/3226b lim: 4096 exec/s: 492514 rss: 36Mb L: 16/34 MS: 3 EraseBytes-CrossOver-CopyPart-
#1547941	REDUCE cov: 49 ft: 367 corp: 162/3224b lim: 4096 exec/s: 515980 rss: 36Mb L: 17/34 MS: 2 ChangeBit-EraseBytes-
#1557773	REDUCE cov: 49 ft: 367 corp: 162/3222b lim: 4096 exec/s: 519257 rss: 36Mb L: 16/34 MS: 2 CrossOver-EraseBytes-
#1566186	REDUCE cov: 49 ft: 367 corp: 162/3220b lim: 4096 exec/s: 522062 rss: 36Mb L: 16/34 MS: 3 ChangeByte-ChangeBinInt-EraseBytes-
#1574304	REDUCE cov: 49 ft: 367 corp: 162/3218b lim: 4096 exec/s: 524768 rss: 36Mb L: 17/34 MS: 3 ChangeASCIIInt-CrossOver-EraseBytes-
#1578941	NEW    cov: 49 ft: 368 corp: 163/3246b lim: 4096 exec/s: 526313 rss: 36Mb L: 28/34 MS: 2 ShuffleBytes-ChangeBinInt-
#1585993	REDUCE cov: 49 ft: 368 corp: 163/3242b lim: 4096 exec/s: 528664 rss: 36Mb L: 20/34 MS: 2 EraseBytes-PersAutoDict- DE: "\377\377"-
#1593931	REDUCE cov: 49 ft: 368 corp: 163/3240b lim: 4096 exec/s: 531310 rss: 36Mb L: 18/34 MS: 3 CopyPart-EraseBytes-CopyPart-
#1604710	REDUCE cov: 49 ft: 368 corp: 163/3238b lim: 4096 exec/s: 534903 rss: 36Mb L: 16/34 MS: 4 ShuffleBytes-EraseBytes-ChangeByte-InsertByte-
#1618647	REDUCE cov: 49 ft: 368 corp: 163/3236b lim: 4096 exec/s: 539549 rss: 36Mb L: 24/34 MS: 2 ChangeByte-EraseBytes-
#1705435	REDUCE cov: 49 ft: 368 corp: 163/3234b lim: 4096 exec/s: 568478 rss: 36Mb L: 18/34 MS: 3 ChangeBit-EraseBytes-InsertByte-
#1725644	REDUCE cov: 49 ft: 368 corp: 163/3230b lim: 4096 exec/s: 575214 rss: 36Mb L: 22/34 MS: 4 CrossOver-InsertByte-EraseBytes-PersAutoDict- DE: "\377\377"-
#1836766	REDUCE cov: 49 ft: 368 corp: 163/3228b lim: 4096 exec/s: 459191 rss: 36Mb L: 18/34 MS: 2 CrossOver-EraseBytes-
#1878641	REDUCE cov: 49 ft: 368 corp: 163/3224b lim: 4096 exec/s: 469660 rss: 36Mb L: 20/34 MS: 5 ChangeASCIIInt-ChangeBit-EraseBytes-InsertByte-ChangeBinInt-
#1950888	REDUCE cov: 49 ft: 368 corp: 163/3222b lim: 4096 exec/s: 487722 rss: 36Mb L: 18/34 MS: 2 CMP-EraseBytes- DE: "\377`"-
#1994750	REDUCE cov: 49 ft: 368 corp: 163/3221b lim: 4096 exec/s: 498687 rss: 36Mb L: 16/34 MS: 2 EraseBytes-ChangeBit-
#2046330	REDUCE cov: 49 ft: 368 corp: 163/3219b lim: 4096 exec/s: 511582 rss: 36Mb L: 26/34 MS: 5 EraseBytes-ChangeByte-ChangeBinInt-ChangeByte-ChangeByte-
#2097152	pulse  cov: 49 ft: 368 corp: 163/3219b lim: 4096 exec/s: 524288 rss: 36Mb
#2123546	REDUCE cov: 49 ft: 372 corp: 164/3239b lim: 4096 exec/s: 530886 rss: 36Mb L: 20/34 MS: 1 CopyPart-
#2149697	NEW    cov: 49 ft: 373 corp: 165/3259b lim: 4096 exec/s: 537424 rss: 36Mb L: 20/34 MS: 1 ChangeBit-
#2156749	NEW    cov: 49 ft: 375 corp: 166/3279b lim: 4096 exec/s: 539187 rss: 36Mb L: 20/34 MS: 2 CopyPart-ChangeASCIIInt-
#2175531	REDUCE cov: 49 ft: 375 corp: 166/3275b lim: 4096 exec/s: 543882 rss: 36Mb L: 16/34 MS: 2 EraseBytes-ChangeBinInt-
#2194530	REDUCE cov: 49 ft: 375 corp: 166/3273b lim: 4096 exec/s: 438906 rss: 36Mb L: 16/34 MS: 4 InsertByte-CrossOver-EraseBytes-PersAutoDict- DE: "\377\377\377\377"-
#2200327	NEW    cov: 49 ft: 377 corp: 167/3293b lim: 4096 exec/s: 440065 rss: 36Mb L: 20/34 MS: 2 ShuffleBytes-CrossOver-
#2212918	NEW    cov: 49 ft: 378 corp: 168/3313b lim: 4096 exec/s: 442583 rss: 36Mb L: 20/34 MS: 1 ChangeBit-
#2278144	REDUCE cov: 49 ft: 378 corp: 168/3312b lim: 4096 exec/s: 455628 rss: 36Mb L: 32/34 MS: 1 EraseBytes-
#2290908	REDUCE cov: 49 ft: 378 corp: 168/3308b lim: 4096 exec/s: 458181 rss: 36Mb L: 22/34 MS: 4 EraseBytes-ChangeBit-CopyPart-ChangeByte-
#2365080	REDUCE cov: 49 ft: 378 corp: 168/3306b lim: 4096 exec/s: 473016 rss: 36Mb L: 17/34 MS: 2 PersAutoDict-EraseBytes- DE: "\377\377"-
#2442049	REDUCE cov: 49 ft: 378 corp: 168/3304b lim: 4096 exec/s: 488409 rss: 36Mb L: 16/34 MS: 4 ShuffleBytes-EraseBytes-ChangeByte-InsertByte-
#2506081	NEW    cov: 49 ft: 379 corp: 169/3332b lim: 4096 exec/s: 501216 rss: 36Mb L: 28/34 MS: 2 ShuffleBytes-ChangeByte-
#2528037	REDUCE cov: 49 ft: 380 corp: 170/3358b lim: 4096 exec/s: 505607 rss: 36Mb L: 26/34 MS: 1 CopyPart-
#2577766	NEW    cov: 49 ft: 382 corp: 171/3378b lim: 4096 exec/s: 515553 rss: 36Mb L: 20/34 MS: 4 CopyPart-ChangeASCIIInt-CopyPart-ChangeASCIIInt-
#2590073	REDUCE cov: 49 ft: 383 corp: 172/3395b lim: 4096 exec/s: 518014 rss: 36Mb L: 17/34 MS: 2 ChangeBit-ChangeBit-
#2621435	NEW    cov: 49 ft: 384 corp: 173/3412b lim: 4096 exec/s: 436905 rss: 36Mb L: 17/34 MS: 2 ShuffleBytes-ChangeASCIIInt-
#2629211	NEW    cov: 49 ft: 385 corp: 174/3429b lim: 4096 exec/s: 438201 rss: 36Mb L: 17/34 MS: 1 CrossOver-
#2649661	REDUCE cov: 49 ft: 385 corp: 174/3427b lim: 4096 exec/s: 441610 rss: 36Mb L: 17/34 MS: 5 ChangeASCIIInt-EraseBytes-ChangeBit-ChangeByte-ChangeBinInt-
#2828297	NEW    cov: 49 ft: 387 corp: 175/3447b lim: 4096 exec/s: 471382 rss: 36Mb L: 20/34 MS: 1 CrossOver-
#3073066	REDUCE cov: 49 ft: 387 corp: 175/3445b lim: 4096 exec/s: 439009 rss: 36Mb L: 22/34 MS: 4 CrossOver-CrossOver-ShuffleBytes-EraseBytes-
#3244331	REDUCE cov: 49 ft: 387 corp: 175/3443b lim: 4096 exec/s: 463475 rss: 36Mb L: 18/34 MS: 5 InsertByte-ShuffleBytes-EraseBytes-ChangeBit-InsertByte-
#3293020	REDUCE cov: 49 ft: 387 corp: 175/3441b lim: 4096 exec/s: 470431 rss: 36Mb L: 20/34 MS: 4 EraseBytes-ChangeByte-CopyPart-InsertByte-
#3338779	REDUCE cov: 49 ft: 387 corp: 175/3440b lim: 4096 exec/s: 476968 rss: 36Mb L: 16/34 MS: 4 ChangeASCIIInt-InsertByte-CopyPart-EraseBytes-
#3532198	REDUCE cov: 49 ft: 387 corp: 175/3438b lim: 4096 exec/s: 441524 rss: 36Mb L: 18/34 MS: 4 CrossOver-ChangeBit-ChangeBinInt-EraseBytes-
#3593887	REDUCE cov: 49 ft: 387 corp: 175/3436b lim: 4096 exec/s: 449235 rss: 36Mb L: 20/34 MS: 4 ChangeASCIIInt-ChangeByte-ChangeASCIIInt-EraseBytes-
#3672970	REDUCE cov: 49 ft: 387 corp: 175/3435b lim: 4096 exec/s: 459121 rss: 36Mb L: 18/34 MS: 3 InsertByte-ChangeByte-EraseBytes-
#3680634	REDUCE cov: 49 ft: 387 corp: 175/3431b lim: 4096 exec/s: 460079 rss: 36Mb L: 22/34 MS: 4 CopyPart-EraseBytes-PersAutoDict-ChangeBit- DE: "\377`"-
#3686891	REDUCE cov: 49 ft: 387 corp: 175/3429b lim: 4096 exec/s: 460861 rss: 36Mb L: 26/34 MS: 2 EraseBytes-ChangeByte-
#3781234	REDUCE cov: 49 ft: 387 corp: 175/3427b lim: 4096 exec/s: 472654 rss: 36Mb L: 18/34 MS: 3 ChangeBit-ChangeByte-EraseBytes-
#3912358	NEW    cov: 49 ft: 388 corp: 176/3447b lim: 4096 exec/s: 489044 rss: 36Mb L: 20/34 MS: 4 CopyPart-ShuffleBytes-ChangeASCIIInt-ShuffleBytes-
#4050060	REDUCE cov: 49 ft: 388 corp: 176/3445b lim: 4096 exec/s: 450006 rss: 36Mb L: 17/34 MS: 2 EraseBytes-InsertByte-
#4194304	pulse  cov: 49 ft: 388 corp: 176/3445b lim: 4096 exec/s: 466033 rss: 36Mb
#4348552	REDUCE cov: 49 ft: 388 corp: 176/3443b lim: 4096 exec/s: 483172 rss: 36Mb L: 16/34 MS: 2 EraseBytes-ChangeBinInt-
#4349265	REDUCE cov: 49 ft: 388 corp: 176/3441b lim: 4096 exec/s: 483251 rss: 36Mb L: 16/34 MS: 3 ChangeASCIIInt-EraseBytes-CopyPart-
#4416150	REDUCE cov: 49 ft: 388 corp: 176/3439b lim: 4096 exec/s: 441615 rss: 36Mb L: 18/34 MS: 5 ChangeBinInt-ShuffleBytes-ChangeASCIIInt-CrossOver-EraseBytes-
#4833497	REDUCE cov: 49 ft: 388 corp: 176/3437b lim: 4096 exec/s: 483349 rss: 36Mb L: 18/34 MS: 2 EraseBytes-ChangeByte-
#5002239	REDUCE cov: 49 ft: 388 corp: 176/3435b lim: 4096 exec/s: 454749 rss: 36Mb L: 16/34 MS: 2 EraseBytes-CopyPart-
#5089073	REDUCE cov: 49 ft: 388 corp: 176/3433b lim: 4096 exec/s: 462643 rss: 36Mb L: 16/34 MS: 4 ShuffleBytes-ChangeBinInt-ChangeByte-EraseBytes-
#5092191	NEW    cov: 50 ft: 394 corp: 177/3462b lim: 4096 exec/s: 462926 rss: 36Mb L: 29/34 MS: 3 ShuffleBytes-InsertByte-ShuffleBytes-
#5149663	REDUCE cov: 50 ft: 394 corp: 177/3460b lim: 4096 exec/s: 468151 rss: 36Mb L: 20/34 MS: 2 ChangeByte-EraseBytes-
#5344217	REDUCE cov: 50 ft: 394 corp: 177/3459b lim: 4096 exec/s: 445351 rss: 36Mb L: 16/34 MS: 4 EraseBytes-ShuffleBytes-ChangeBinInt-ChangeBinInt-
#5640407	REDUCE cov: 50 ft: 394 corp: 177/3457b lim: 4096 exec/s: 470033 rss: 36Mb L: 16/34 MS: 5 ChangeByte-ChangeBinInt-ChangeBinInt-EraseBytes-EraseBytes-
#5789485	REDUCE cov: 50 ft: 394 corp: 177/3455b lim: 4096 exec/s: 445345 rss: 36Mb L: 17/34 MS: 3 PersAutoDict-ChangeByte-EraseBytes- DE: "\377\377"-
#6240787	REDUCE cov: 50 ft: 394 corp: 177/3453b lim: 4096 exec/s: 445770 rss: 36Mb L: 16/34 MS: 2 EraseBytes-InsertByte-
#6646771	REDUCE cov: 50 ft: 394 corp: 177/3451b lim: 4096 exec/s: 443118 rss: 36Mb L: 24/34 MS: 4 PersAutoDict-InsertByte-ChangeByte-EraseBytes- DE: "\377\377\377\377"-
#6692698	REDUCE cov: 50 ft: 394 corp: 177/3450b lim: 4096 exec/s: 446179 rss: 36Mb L: 17/34 MS: 2 EraseBytes-ChangeBinInt-
#6831252	REDUCE cov: 50 ft: 394 corp: 177/3448b lim: 4096 exec/s: 455416 rss: 36Mb L: 18/34 MS: 4 InsertByte-InsertRepeatedBytes-InsertByte-EraseBytes-
#7058938	NEW    cov: 50 ft: 395 corp: 178/3476b lim: 4096 exec/s: 470595 rss: 36Mb L: 28/34 MS: 1 ChangeByte-
#7098616	REDUCE cov: 50 ft: 395 corp: 178/3471b lim: 4096 exec/s: 443663 rss: 36Mb L: 15/34 MS: 3 ShuffleBytes-ChangeByte-EraseBytes-
#7160558	REDUCE cov: 50 ft: 395 corp: 178/3469b lim: 4096 exec/s: 447534 rss: 36Mb L: 26/34 MS: 2 ChangeBinInt-EraseBytes-
#7191675	REDUCE cov: 50 ft: 395 corp: 178/3467b lim: 4096 exec/s: 449479 rss: 36Mb L: 16/34 MS: 2 EraseBytes-CopyPart-
#7236311	REDUCE cov: 50 ft: 395 corp: 178/3466b lim: 4096 exec/s: 452269 rss: 36Mb L: 16/34 MS: 1 EraseBytes-
#7252613	REDUCE cov: 50 ft: 395 corp: 178/3464b lim: 4096 exec/s: 453288 rss: 36Mb L: 18/34 MS: 2 EraseBytes-InsertByte-
#7918056	REDUCE cov: 50 ft: 395 corp: 178/3463b lim: 4096 exec/s: 465768 rss: 36Mb L: 15/34 MS: 3 ChangeByte-EraseBytes-ChangeBit-
#7996748	REDUCE cov: 50 ft: 395 corp: 178/3461b lim: 4096 exec/s: 444263 rss: 36Mb L: 16/34 MS: 2 PersAutoDict-EraseBytes- DE: "\377\377\377\377\377\377\377\377"-
#8160755	REDUCE cov: 50 ft: 395 corp: 178/3459b lim: 4096 exec/s: 453375 rss: 36Mb L: 18/34 MS: 2 EraseBytes-CopyPart-
#8231164	REDUCE cov: 50 ft: 395 corp: 178/3457b lim: 4096 exec/s: 457286 rss: 36Mb L: 22/34 MS: 4 ChangeBinInt-ChangeBinInt-EraseBytes-ShuffleBytes-
#8388608	pulse  cov: 50 ft: 395 corp: 178/3457b lim: 4096 exec/s: 466033 rss: 36Mb
#8399366	REDUCE cov: 50 ft: 395 corp: 178/3455b lim: 4096 exec/s: 466631 rss: 36Mb L: 18/34 MS: 2 EraseBytes-PersAutoDict- DE: "\377\377"-
#8719780	REDUCE cov: 50 ft: 395 corp: 178/3453b lim: 4096 exec/s: 458935 rss: 36Mb L: 18/34 MS: 4 ShuffleBytes-CopyPart-ShuffleBytes-EraseBytes-
#8778119	REDUCE cov: 50 ft: 395 corp: 178/3452b lim: 4096 exec/s: 462006 rss: 36Mb L: 16/34 MS: 4 CrossOver-ChangeBit-PersAutoDict-EraseBytes- DE: "\377\377\377\377"-
#9335260	NEW    cov: 50 ft: 401 corp: 179/3482b lim: 4096 exec/s: 444536 rss: 36Mb L: 30/34 MS: 1 InsertByte-
#9341712	NEW    cov: 50 ft: 403 corp: 180/3512b lim: 4096 exec/s: 444843 rss: 36Mb L: 30/34 MS: 2 CopyPart-ShuffleBytes-
#9576170	REDUCE cov: 50 ft: 403 corp: 180/3510b lim: 4096 exec/s: 456008 rss: 36Mb L: 20/34 MS: 3 ChangeByte-InsertRepeatedBytes-EraseBytes-
#10263282	REDUCE cov: 50 ft: 403 corp: 180/3508b lim: 4096 exec/s: 446229 rss: 36Mb L: 17/34 MS: 2 EraseBytes-ChangeByte-
#11101789	REDUCE cov: 50 ft: 403 corp: 180/3506b lim: 4096 exec/s: 444071 rss: 36Mb L: 16/34 MS: 2 EraseBytes-PersAutoDict- DE: "\377\377"-
#11214352	REDUCE cov: 50 ft: 403 corp: 180/3505b lim: 4096 exec/s: 448574 rss: 36Mb L: 15/34 MS: 3 EraseBytes-CrossOver-ChangeBit-
#11619322	REDUCE cov: 50 ft: 403 corp: 180/3503b lim: 4096 exec/s: 446897 rss: 36Mb L: 20/34 MS: 5 InsertByte-EraseBytes-ShuffleBytes-ChangeASCIIInt-ChangeBit-
#11629549	REDUCE cov: 50 ft: 403 corp: 180/3501b lim: 4096 exec/s: 447290 rss: 36Mb L: 17/34 MS: 2 PersAutoDict-EraseBytes- DE: "\377\377\377\377"-
#11907154	REDUCE cov: 50 ft: 403 corp: 180/3499b lim: 4096 exec/s: 457967 rss: 36Mb L: 18/34 MS: 5 ChangeBinInt-ShuffleBytes-EraseBytes-CMP-ChangeBinInt- DE: "\377\377\377\377\377\377\377!"-
#12584941	REDUCE cov: 50 ft: 403 corp: 180/3497b lim: 4096 exec/s: 449462 rss: 36Mb L: 16/34 MS: 2 InsertByte-EraseBytes-
#12611960	REDUCE cov: 50 ft: 403 corp: 180/3496b lim: 4096 exec/s: 450427 rss: 36Mb L: 15/34 MS: 4 InsertByte-EraseBytes-CrossOver-ChangeBit-
#12778817	REDUCE cov: 50 ft: 403 corp: 180/3494b lim: 4096 exec/s: 456386 rss: 36Mb L: 18/34 MS: 2 CopyPart-EraseBytes-
#12841820	REDUCE cov: 50 ft: 403 corp: 180/3492b lim: 4096 exec/s: 458636 rss: 36Mb L: 16/34 MS: 3 CrossOver-InsertByte-EraseBytes-
#13292412	REDUCE cov: 50 ft: 403 corp: 180/3490b lim: 4096 exec/s: 443080 rss: 36Mb L: 16/34 MS: 2 InsertByte-EraseBytes-
#13540417	REDUCE cov: 50 ft: 403 corp: 180/3488b lim: 4096 exec/s: 451347 rss: 36Mb L: 18/34 MS: 5 ChangeBinInt-InsertByte-ChangeBinInt-EraseBytes-CopyPart-
#13862781	REDUCE cov: 50 ft: 403 corp: 180/3486b lim: 4096 exec/s: 447186 rss: 36Mb L: 17/34 MS: 4 PersAutoDict-CMP-PersAutoDict-EraseBytes- DE: "\377\377"-"\377\377\377Y"-"\000\000\000\000"-
#14185135	REDUCE cov: 50 ft: 403 corp: 180/3484b lim: 4096 exec/s: 443285 rss: 36Mb L: 18/34 MS: 4 ChangeASCIIInt-CopyPart-EraseBytes-ChangeBit-
#14600738	REDUCE cov: 50 ft: 403 corp: 180/3482b lim: 4096 exec/s: 456273 rss: 36Mb L: 26/34 MS: 3 ShuffleBytes-EraseBytes-ChangeByte-
#14856696	REDUCE cov: 50 ft: 403 corp: 180/3480b lim: 4096 exec/s: 450202 rss: 36Mb L: 18/34 MS: 3 InsertByte-EraseBytes-InsertByte-
#15252056	REDUCE cov: 50 ft: 403 corp: 180/3478b lim: 4096 exec/s: 448589 rss: 36Mb L: 16/34 MS: 5 ChangeASCIIInt-ChangeBinInt-EraseBytes-ChangeASCIIInt-EraseBytes-
#15730198	REDUCE cov: 50 ft: 403 corp: 180/3476b lim: 4096 exec/s: 449434 rss: 36Mb L: 16/34 MS: 2 ChangeByte-EraseBytes-
#16777216	pulse  cov: 50 ft: 403 corp: 180/3476b lim: 4096 exec/s: 453438 rss: 36Mb
#16857941	REDUCE cov: 50 ft: 403 corp: 180/3468b lim: 4096 exec/s: 443630 rss: 36Mb L: 20/34 MS: 3 EraseBytes-InsertByte-ChangeBinInt-
#17467054	REDUCE cov: 50 ft: 403 corp: 180/3467b lim: 4096 exec/s: 447873 rss: 36Mb L: 16/34 MS: 3 ChangeBit-EraseBytes-InsertByte-
#17747188	REDUCE cov: 50 ft: 403 corp: 180/3466b lim: 4096 exec/s: 443679 rss: 36Mb L: 15/34 MS: 4 ChangeBinInt-EraseBytes-CopyPart-CopyPart-
#18617230	REDUCE cov: 50 ft: 403 corp: 180/3464b lim: 4096 exec/s: 443267 rss: 36Mb L: 16/34 MS: 2 EraseBytes-CopyPart-
#19147453	REDUCE cov: 50 ft: 403 corp: 180/3463b lim: 4096 exec/s: 445289 rss: 36Mb L: 16/34 MS: 3 EraseBytes-PersAutoDict-ChangeBinInt- DE: "\000\000"-
#21160863	REDUCE cov: 50 ft: 403 corp: 180/3462b lim: 4096 exec/s: 450231 rss: 36Mb L: 15/34 MS: 5 EraseBytes-ChangeByte-ChangeBit-ShuffleBytes-CrossOver-
#22510660	REDUCE cov: 50 ft: 403 corp: 180/3460b lim: 4096 exec/s: 450213 rss: 36Mb L: 16/34 MS: 2 CopyPart-EraseBytes-
#24084248	REDUCE cov: 50 ft: 403 corp: 180/3458b lim: 4096 exec/s: 446004 rss: 37Mb L: 16/34 MS: 3 CopyPart-EraseBytes-ChangeByte-
#24799221	REDUCE cov: 50 ft: 403 corp: 180/3454b lim: 4096 exec/s: 442843 rss: 37Mb L: 16/34 MS: 3 PersAutoDict-ChangeBit-EraseBytes- DE: "\001\000"-
#26641853	REDUCE cov: 50 ft: 403 corp: 180/3452b lim: 4096 exec/s: 444030 rss: 37Mb L: 16/34 MS: 2 EraseBytes-CopyPart-
#26644462	REDUCE cov: 50 ft: 403 corp: 180/3448b lim: 4096 exec/s: 444074 rss: 37Mb L: 24/34 MS: 4 CopyPart-EraseBytes-CrossOver-ChangeBit-
#26897514	REDUCE cov: 50 ft: 403 corp: 180/3446b lim: 4096 exec/s: 448291 rss: 37Mb L: 18/34 MS: 2 EraseBytes-ChangeBit-
#27367127	NEW    cov: 50 ft: 404 corp: 181/3466b lim: 4096 exec/s: 448641 rss: 37Mb L: 20/34 MS: 3 CrossOver-CrossOver-ChangeBit-
#33554432	pulse  cov: 50 ft: 404 corp: 181/3466b lim: 4096 exec/s: 441505 rss: 37Mb
#34167252	REDUCE cov: 50 ft: 404 corp: 181/3465b lim: 4096 exec/s: 443730 rss: 37Mb L: 16/34 MS: 5 ChangeBit-InsertByte-ShuffleBytes-ChangeASCIIInt-EraseBytes-
#38201702	REDUCE cov: 50 ft: 404 corp: 181/3464b lim: 4096 exec/s: 444205 rss: 37Mb L: 15/34 MS: 5 ChangeBit-ShuffleBytes-ShuffleBytes-EraseBytes-PersAutoDict- DE: "\377\377"-
#38569450	REDUCE cov: 50 ft: 404 corp: 181/3456b lim: 4096 exec/s: 443327 rss: 37Mb L: 20/34 MS: 3 ChangeBinInt-EraseBytes-InsertByte-
#38655089	REDUCE cov: 50 ft: 404 corp: 181/3455b lim: 4096 exec/s: 444311 rss: 37Mb L: 16/34 MS: 4 InsertByte-InsertByte-EraseBytes-ChangeBit-
#42186767	REDUCE cov: 50 ft: 404 corp: 181/3454b lim: 4096 exec/s: 444071 rss: 37Mb L: 16/34 MS: 3 CMP-ChangeBit-EraseBytes- DE: "\377\377\377Y"-
#42683340	REDUCE cov: 50 ft: 404 corp: 181/3452b lim: 4096 exec/s: 444618 rss: 37Mb L: 16/34 MS: 3 ChangeBit-PersAutoDict-EraseBytes- DE: "\377\377"-
#50102968	REDUCE cov: 50 ft: 404 corp: 181/3451b lim: 4096 exec/s: 443389 rss: 37Mb L: 19/34 MS: 3 CopyPart-ChangeBit-EraseBytes-
#51031898	REDUCE cov: 50 ft: 407 corp: 182/3474b lim: 4096 exec/s: 443755 rss: 37Mb L: 23/34 MS: 5 InsertByte-CMP-CrossOver-EraseBytes-CopyPart- DE: "\377\377\377\377\377\377\377\010"-
#51640182	REDUCE cov: 50 ft: 407 corp: 182/3470b lim: 4096 exec/s: 441369 rss: 37Mb L: 24/34 MS: 4 EraseBytes-ChangeBit-ChangeBinInt-ChangeBit-
#52530144	REDUCE cov: 50 ft: 408 corp: 183/3486b lim: 4096 exec/s: 441429 rss: 37Mb L: 16/34 MS: 2 ChangeBit-ChangeASCIIInt-
#52935432	REDUCE cov: 50 ft: 408 corp: 183/3484b lim: 4096 exec/s: 441128 rss: 37Mb L: 16/34 MS: 3 EraseBytes-ShuffleBytes-CopyPart-
#57593054	REDUCE cov: 50 ft: 408 corp: 183/3483b lim: 4096 exec/s: 443023 rss: 37Mb L: 16/34 MS: 2 ChangeBit-EraseBytes-
#59395677	REDUCE cov: 50 ft: 408 corp: 183/3481b lim: 4096 exec/s: 443251 rss: 37Mb L: 16/34 MS: 3 ShuffleBytes-PersAutoDict-EraseBytes- DE: "\377\377\377\377\377\377\377!"-
#60532417	REDUCE cov: 50 ft: 410 corp: 184/3501b lim: 4096 exec/s: 441842 rss: 37Mb L: 20/34 MS: 5 ChangeByte-InsertByte-PersAutoDict-ShuffleBytes-CopyPart- DE: "\377\377"-
#60536795	REDUCE cov: 50 ft: 410 corp: 184/3499b lim: 4096 exec/s: 441874 rss: 37Mb L: 18/34 MS: 3 ChangeASCIIInt-EraseBytes-ChangeByte-
#60717693	REDUCE cov: 50 ft: 410 corp: 184/3497b lim: 4096 exec/s: 443194 rss: 37Mb L: 16/34 MS: 3 CopyPart-CopyPart-EraseBytes-
#62699145	REDUCE cov: 50 ft: 410 corp: 184/3495b lim: 4096 exec/s: 441543 rss: 37Mb L: 16/34 MS: 2 CopyPart-EraseBytes-
#63591092	REDUCE cov: 50 ft: 411 corp: 185/3511b lim: 4096 exec/s: 441604 rss: 37Mb L: 16/34 MS: 2 CopyPart-CopyPart-
#64645454	REDUCE cov: 50 ft: 411 corp: 185/3509b lim: 4096 exec/s: 442777 rss: 37Mb L: 24/34 MS: 2 ChangeBit-EraseBytes-
#70160591	REDUCE cov: 50 ft: 411 corp: 185/3508b lim: 4096 exec/s: 441261 rss: 37Mb L: 16/34 MS: 2 ChangeBit-EraseBytes-
#71755103	REDUCE cov: 50 ft: 411 corp: 185/3507b lim: 4096 exec/s: 440215 rss: 37Mb L: 16/34 MS: 2 ChangeBit-EraseBytes-
#75406996	REDUCE cov: 50 ft: 411 corp: 185/3505b lim: 4096 exec/s: 440976 rss: 37Mb L: 24/34 MS: 3 CrossOver-CopyPart-EraseBytes-
#75719448	REDUCE cov: 50 ft: 411 corp: 185/3503b lim: 4096 exec/s: 440229 rss: 37Mb L: 24/34 MS: 2 InsertByte-EraseBytes-
#83942995	REDUCE cov: 50 ft: 411 corp: 185/3501b lim: 4096 exec/s: 441805 rss: 37Mb L: 16/34 MS: 2 CrossOver-EraseBytes-
#84173267	REDUCE cov: 50 ft: 411 corp: 185/3499b lim: 4096 exec/s: 440697 rss: 37Mb L: 22/34 MS: 2 InsertByte-EraseBytes-
#85625927	REDUCE cov: 50 ft: 411 corp: 185/3498b lim: 4096 exec/s: 441370 rss: 37Mb L: 15/34 MS: 5 ChangeBinInt-EraseBytes-ShuffleBytes-ShuffleBytes-ChangeBit-
#105785655	NEW    cov: 50 ft: 412 corp: 186/3531b lim: 4096 exec/s: 440773 rss: 37Mb L: 33/34 MS: 3 ChangeBinInt-InsertRepeatedBytes-EraseBytes-
#121096617	REDUCE cov: 50 ft: 412 corp: 186/3530b lim: 4096 exec/s: 440351 rss: 37Mb L: 16/34 MS: 2 EraseBytes-ChangeBinInt-
panic: found special char in iban [recovered]
	panic: found special char in iban

goroutine 17 [running, locked to thread]:
git.ultraware.nl/iddinkgroep/fundament-api.Fuzz.func1()
	git.ultraware.nl/iddinkgroep/fundament-api/fuzz.go:19 +0xa5
panic({0x55c01ebf9760?, 0x55c01ec0cc70?})
	runtime/panic.go:914 +0x21f
git.ultraware.nl/iddinkgroep/fundament-api.Fuzz({0xc000294108, 0x14})
	git.ultraware.nl/iddinkgroep/fundament-api/fuzz.go:34 +0x2b9
git.ultraware.nl/iddinkgroep/fundament-api.Fuzz_(...)
	git.ultraware.nl/iddinkgroep/fundament-api/fuzz.1527825026.go:6
main.LLVMFuzzerTestOneInput(...)
	./main.170485750.go:21
==5554== ERROR: libFuzzer: deadly signal
    #0 0x55c01eb1c630 in __sanitizer_print_stack_trace (/seedai/experiments/libfuzzer/source_iban/libfuzzer+0xaf630) (BuildId: 688cb25bec4564588da2a67f6a2b25148a0fd5d4)
    #1 0x55c01eae8755 in fuzzer::PrintStackTrace() (/seedai/experiments/libfuzzer/source_iban/libfuzzer+0x7b755) (BuildId: 688cb25bec4564588da2a67f6a2b25148a0fd5d4)
    #2 0x55c01eac73a9 in fuzzer::Fuzzer::CrashCallback() (.part.0) FuzzerLoop.cpp.o
    #3 0x55c01eac746a in fuzzer::Fuzzer::StaticCrashSignalCallback() (/seedai/experiments/libfuzzer/source_iban/libfuzzer+0x5a46a) (BuildId: 688cb25bec4564588da2a67f6a2b25148a0fd5d4)
    #4 0x7fd6b294070f  (/usr/lib/libc.so.6+0x3e70f) (BuildId: 316d0d3666387f0e8fb98773f51aa1801027c5ab)
    #5 0x55c01eb7c160 in runtime.raise.abi0 runtime/sys_linux_amd64.s:153

NOTE: libFuzzer has rudimentary signal handlers.
      Combine libFuzzer with AddressSanitizer or similar for better crash reports.
SUMMARY: libFuzzer: deadly signal
MS: 3 ChangeByte-CrossOver-CopyPart-; base unit: 523825fd0734bb3acd70cfaf8353372af2165c4c
0x65,0x65,0x6a,0x41,0x2d,0x30,0x30,0x30,0x30,0x30,0x30,0x30,0x30,0x30,0x30,0x30,0x30,0x30,0x69,0x69,
eejA-0000000000000ii
artifact_prefix='./'; Test unit written to ./crash-4a656f8c104537cb813636a735e5f6fa9188b670
Base64: ZWVqQS0wMDAwMDAwMDAwMDAwaWk=
