INFO: Running with entropic power schedule (0xFF, 100).
INFO: Seed: 3222707906
INFO: Loaded 1 modules   (70 inline 8-bit counters): 70 [0x555bf2095030, 0x555bf2095076), 
INFO: Loaded 1 PC tables (70 PCs): 70 [0xc000068000,0xc000068460), 
INFO:       10 files found in corpus
INFO: -max_len is not provided; libFuzzer will not generate inputs larger than 4096 bytes
INFO: seed corpus: files: 10 min: 2b max: 600b total: 659b rss: 29Mb
#11	INITED cov: 11 ft: 27 corp: 5/49b exec/s: 0 rss: 29Mb
#14	NEW    cov: 11 ft: 29 corp: 6/77b lim: 32 exec/s: 0 rss: 29Mb L: 28/32 MS: 3 EraseBytes-CopyPart-CopyPart-
#15	NEW    cov: 11 ft: 30 corp: 7/82b lim: 32 exec/s: 0 rss: 29Mb L: 5/32 MS: 1 CrossOver-
#16	NEW    cov: 11 ft: 32 corp: 8/106b lim: 32 exec/s: 0 rss: 29Mb L: 24/32 MS: 1 EraseBytes-
#18	NEW    cov: 11 ft: 33 corp: 9/137b lim: 32 exec/s: 0 rss: 29Mb L: 31/32 MS: 2 CopyPart-CopyPart-
#33	NEW    cov: 11 ft: 34 corp: 10/149b lim: 32 exec/s: 0 rss: 29Mb L: 12/32 MS: 5 CrossOver-ChangeByte-CMP-ChangeByte-CrossOver- DE: "\377\377\377\377"-
#38	REDUCE cov: 11 ft: 34 corp: 10/145b lim: 32 exec/s: 0 rss: 29Mb L: 20/32 MS: 5 ShuffleBytes-ChangeByte-CrossOver-ShuffleBytes-EraseBytes-
#45	NEW    cov: 11 ft: 35 corp: 11/159b lim: 32 exec/s: 0 rss: 29Mb L: 14/32 MS: 2 CopyPart-InsertRepeatedBytes-
#51	NEW    cov: 11 ft: 36 corp: 12/188b lim: 32 exec/s: 0 rss: 29Mb L: 29/32 MS: 1 InsertByte-
#129	NEW    cov: 11 ft: 38 corp: 13/203b lim: 32 exec/s: 0 rss: 29Mb L: 15/32 MS: 3 ShuffleBytes-ShuffleBytes-CrossOver-
#273	REDUCE cov: 11 ft: 38 corp: 13/183b lim: 32 exec/s: 0 rss: 29Mb L: 11/32 MS: 4 ShuffleBytes-CopyPart-EraseBytes-EraseBytes-
#644	REDUCE cov: 11 ft: 38 corp: 13/179b lim: 32 exec/s: 0 rss: 30Mb L: 7/32 MS: 1 EraseBytes-
#1150	NEW    cov: 11 ft: 39 corp: 14/212b lim: 37 exec/s: 0 rss: 30Mb L: 33/33 MS: 1 CopyPart-
#1190	REDUCE cov: 11 ft: 41 corp: 15/246b lim: 37 exec/s: 0 rss: 30Mb L: 34/34 MS: 5 ChangeBinInt-InsertRepeatedBytes-CopyPart-CopyPart-CrossOver-
#2026	NEW    cov: 13 ft: 47 corp: 16/275b lim: 42 exec/s: 0 rss: 30Mb L: 29/34 MS: 1 InsertRepeatedBytes-
#2059	NEW    cov: 13 ft: 48 corp: 17/305b lim: 42 exec/s: 0 rss: 30Mb L: 30/34 MS: 3 ShuffleBytes-InsertByte-ShuffleBytes-
#2070	NEW    cov: 13 ft: 49 corp: 18/335b lim: 42 exec/s: 0 rss: 30Mb L: 30/34 MS: 1 CrossOver-
#2118	REDUCE cov: 13 ft: 49 corp: 18/323b lim: 42 exec/s: 0 rss: 30Mb L: 18/34 MS: 3 PersAutoDict-CrossOver-PersAutoDict- DE: "\377\377\377\377"-"\377\377\377\377"-
#2136	NEW    cov: 30 ft: 118 corp: 19/347b lim: 42 exec/s: 0 rss: 30Mb L: 24/34 MS: 3 ShuffleBytes-ChangeByte-EraseBytes-
#2217	NEW    cov: 30 ft: 119 corp: 20/371b lim: 42 exec/s: 0 rss: 30Mb L: 24/34 MS: 1 ChangeByte-
#2233	NEW    cov: 30 ft: 121 corp: 21/395b lim: 42 exec/s: 0 rss: 30Mb L: 24/34 MS: 1 ShuffleBytes-
#2241	NEW    cov: 30 ft: 133 corp: 22/417b lim: 42 exec/s: 0 rss: 30Mb L: 22/34 MS: 3 ChangeBinInt-CrossOver-EraseBytes-
#2242	NEW    cov: 30 ft: 134 corp: 23/448b lim: 42 exec/s: 0 rss: 30Mb L: 31/34 MS: 1 InsertByte-
#2264	REDUCE cov: 30 ft: 139 corp: 24/466b lim: 42 exec/s: 0 rss: 30Mb L: 18/34 MS: 2 ChangeBit-CopyPart-
#2287	NEW    cov: 30 ft: 140 corp: 25/481b lim: 42 exec/s: 0 rss: 30Mb L: 15/34 MS: 3 CMP-EraseBytes-InsertByte- DE: "\001\000\000\000"-
#2308	NEW    cov: 30 ft: 142 corp: 26/505b lim: 42 exec/s: 0 rss: 30Mb L: 24/34 MS: 1 PersAutoDict- DE: "\001\000\000\000"-
#2320	NEW    cov: 30 ft: 152 corp: 27/527b lim: 42 exec/s: 0 rss: 30Mb L: 22/34 MS: 2 ChangeByte-ChangeBinInt-
#2341	NEW    cov: 30 ft: 153 corp: 28/549b lim: 42 exec/s: 0 rss: 30Mb L: 22/34 MS: 1 ChangeBinInt-
#2347	NEW    cov: 30 ft: 154 corp: 29/572b lim: 42 exec/s: 0 rss: 30Mb L: 23/34 MS: 1 InsertByte-
#2350	NEW    cov: 30 ft: 157 corp: 30/588b lim: 42 exec/s: 0 rss: 30Mb L: 16/34 MS: 3 ShuffleBytes-ChangeBit-EraseBytes-
#2381	NEW    cov: 30 ft: 158 corp: 31/606b lim: 42 exec/s: 0 rss: 30Mb L: 18/34 MS: 1 ChangeBit-
#2396	NEW    cov: 30 ft: 159 corp: 32/631b lim: 42 exec/s: 0 rss: 30Mb L: 25/34 MS: 5 ChangeBit-PersAutoDict-InsertByte-ChangeBinInt-ChangeBit- DE: "\377\377\377\377"-
#2687	NEW    cov: 30 ft: 160 corp: 33/647b lim: 42 exec/s: 0 rss: 30Mb L: 16/34 MS: 1 EraseBytes-
#2726	NEW    cov: 30 ft: 161 corp: 34/665b lim: 42 exec/s: 0 rss: 30Mb L: 18/34 MS: 4 ChangeByte-ChangeBit-ChangeByte-EraseBytes-
#2820	NEW    cov: 30 ft: 163 corp: 35/683b lim: 42 exec/s: 0 rss: 30Mb L: 18/34 MS: 4 ShuffleBytes-EraseBytes-ShuffleBytes-ChangeBinInt-
#2866	NEW    cov: 30 ft: 167 corp: 36/701b lim: 42 exec/s: 0 rss: 30Mb L: 18/34 MS: 1 ShuffleBytes-
#2901	REDUCE cov: 30 ft: 167 corp: 36/700b lim: 42 exec/s: 0 rss: 30Mb L: 17/34 MS: 5 ChangeBit-InsertByte-EraseBytes-InsertRepeatedBytes-InsertByte-
#3043	NEW    cov: 30 ft: 169 corp: 37/724b lim: 42 exec/s: 0 rss: 30Mb L: 24/34 MS: 2 ChangeBinInt-ShuffleBytes-
#3089	NEW    cov: 30 ft: 170 corp: 38/740b lim: 42 exec/s: 0 rss: 30Mb L: 16/34 MS: 1 CrossOver-
#3095	NEW    cov: 30 ft: 174 corp: 39/758b lim: 42 exec/s: 0 rss: 30Mb L: 18/34 MS: 1 ChangeBit-
#3206	NEW    cov: 30 ft: 175 corp: 40/773b lim: 42 exec/s: 0 rss: 30Mb L: 15/34 MS: 1 ShuffleBytes-
#3247	NEW    cov: 30 ft: 178 corp: 41/791b lim: 42 exec/s: 0 rss: 30Mb L: 18/34 MS: 1 CopyPart-
#3315	NEW    cov: 30 ft: 179 corp: 42/807b lim: 42 exec/s: 0 rss: 30Mb L: 16/34 MS: 3 ChangeByte-EraseBytes-ChangeByte-
#3528	REDUCE cov: 30 ft: 179 corp: 42/804b lim: 42 exec/s: 0 rss: 30Mb L: 1/34 MS: 3 CrossOver-CrossOver-EraseBytes-
#3662	REDUCE cov: 30 ft: 179 corp: 42/800b lim: 42 exec/s: 0 rss: 30Mb L: 26/34 MS: 4 InsertByte-EraseBytes-InsertRepeatedBytes-EraseBytes-
#3829	REDUCE cov: 30 ft: 179 corp: 42/794b lim: 42 exec/s: 0 rss: 30Mb L: 23/34 MS: 2 PersAutoDict-EraseBytes- DE: "\001\000\000\000"-
#4273	NEW    cov: 30 ft: 180 corp: 43/810b lim: 42 exec/s: 0 rss: 31Mb L: 16/34 MS: 4 InsertByte-ChangeByte-EraseBytes-ChangeBinInt-
#4304	REDUCE cov: 30 ft: 180 corp: 43/809b lim: 42 exec/s: 0 rss: 31Mb L: 21/34 MS: 1 EraseBytes-
#4486	REDUCE cov: 30 ft: 180 corp: 43/807b lim: 42 exec/s: 0 rss: 31Mb L: 21/34 MS: 2 EraseBytes-ChangeByte-
#4490	REDUCE cov: 30 ft: 180 corp: 43/806b lim: 42 exec/s: 0 rss: 31Mb L: 30/34 MS: 4 ShuffleBytes-ChangeBinInt-CrossOver-ChangeBinInt-
#4579	NEW    cov: 30 ft: 181 corp: 44/822b lim: 42 exec/s: 0 rss: 31Mb L: 16/34 MS: 4 ShuffleBytes-CrossOver-CrossOver-EraseBytes-
#4631	NEW    cov: 30 ft: 182 corp: 45/838b lim: 42 exec/s: 0 rss: 31Mb L: 16/34 MS: 2 CMP-ChangeBit- DE: "\000\000"-
#4697	NEW    cov: 30 ft: 184 corp: 46/856b lim: 42 exec/s: 0 rss: 31Mb L: 18/34 MS: 1 ShuffleBytes-
#4723	NEW    cov: 30 ft: 185 corp: 47/878b lim: 42 exec/s: 0 rss: 31Mb L: 22/34 MS: 1 ChangeByte-
#4849	NEW    cov: 30 ft: 186 corp: 48/896b lim: 42 exec/s: 0 rss: 31Mb L: 18/34 MS: 1 ChangeBinInt-
#5068	REDUCE cov: 30 ft: 186 corp: 48/892b lim: 42 exec/s: 0 rss: 31Mb L: 26/34 MS: 4 CopyPart-CrossOver-CopyPart-EraseBytes-
#5162	REDUCE cov: 30 ft: 186 corp: 48/891b lim: 42 exec/s: 0 rss: 31Mb L: 15/34 MS: 4 PersAutoDict-ChangeBit-PersAutoDict-EraseBytes- DE: "\001\000\000\000"-"\001\000\000\000"-
#5586	REDUCE cov: 30 ft: 186 corp: 48/888b lim: 42 exec/s: 0 rss: 31Mb L: 23/34 MS: 4 PersAutoDict-ShuffleBytes-EraseBytes-CrossOver- DE: "\001\000\000\000"-
#5588	NEW    cov: 30 ft: 187 corp: 49/906b lim: 42 exec/s: 0 rss: 31Mb L: 18/34 MS: 2 ShuffleBytes-ChangeByte-
#6673	NEW    cov: 32 ft: 196 corp: 50/930b lim: 52 exec/s: 0 rss: 31Mb L: 24/34 MS: 5 CopyPart-ChangeBit-EraseBytes-InsertRepeatedBytes-InsertByte-
#6754	NEW    cov: 32 ft: 198 corp: 51/948b lim: 52 exec/s: 0 rss: 31Mb L: 18/34 MS: 1 ChangeBit-
#7323	REDUCE cov: 32 ft: 198 corp: 51/942b lim: 57 exec/s: 0 rss: 31Mb L: 16/34 MS: 4 PersAutoDict-EraseBytes-PersAutoDict-ChangeBinInt- DE: "\377\377\377\377"-"\001\000\000\000"-
#7569	REDUCE cov: 32 ft: 199 corp: 52/958b lim: 57 exec/s: 0 rss: 31Mb L: 16/34 MS: 1 ShuffleBytes-
#7844	REDUCE cov: 32 ft: 199 corp: 52/956b lim: 57 exec/s: 0 rss: 31Mb L: 19/34 MS: 5 EraseBytes-ChangeBinInt-EraseBytes-EraseBytes-CrossOver-
#8770	REDUCE cov: 32 ft: 199 corp: 52/950b lim: 62 exec/s: 0 rss: 32Mb L: 17/34 MS: 1 EraseBytes-
#9213	NEW    cov: 32 ft: 200 corp: 53/974b lim: 62 exec/s: 0 rss: 32Mb L: 24/34 MS: 3 ChangeBinInt-ChangeBinInt-ChangeByte-
#9290	NEW    cov: 32 ft: 202 corp: 54/992b lim: 62 exec/s: 0 rss: 32Mb L: 18/34 MS: 2 CopyPart-ShuffleBytes-
#10371	NEW    cov: 32 ft: 204 corp: 55/1016b lim: 67 exec/s: 0 rss: 32Mb L: 24/34 MS: 1 ShuffleBytes-
#10475	REDUCE cov: 32 ft: 204 corp: 55/1015b lim: 67 exec/s: 0 rss: 32Mb L: 15/34 MS: 4 ChangeByte-InsertByte-CopyPart-EraseBytes-
#10630	REDUCE cov: 32 ft: 204 corp: 55/1013b lim: 67 exec/s: 0 rss: 32Mb L: 16/34 MS: 5 ChangeBit-InsertRepeatedBytes-ShuffleBytes-ChangeBinInt-EraseBytes-
#10667	REDUCE cov: 32 ft: 204 corp: 55/1011b lim: 67 exec/s: 0 rss: 32Mb L: 22/34 MS: 2 CrossOver-InsertRepeatedBytes-
#11408	REDUCE cov: 33 ft: 208 corp: 56/1033b lim: 73 exec/s: 0 rss: 32Mb L: 22/34 MS: 1 ChangeBit-
#11653	REDUCE cov: 33 ft: 208 corp: 56/1027b lim: 73 exec/s: 0 rss: 32Mb L: 15/34 MS: 5 ChangeBinInt-PersAutoDict-CopyPart-ChangeBit-EraseBytes- DE: "\000\000"-
#12444	NEW    cov: 33 ft: 209 corp: 57/1049b lim: 79 exec/s: 0 rss: 32Mb L: 22/34 MS: 1 CrossOver-
#12645	NEW    cov: 33 ft: 210 corp: 58/1071b lim: 79 exec/s: 0 rss: 32Mb L: 22/34 MS: 1 CopyPart-
#12708	REDUCE cov: 33 ft: 210 corp: 58/1070b lim: 79 exec/s: 0 rss: 32Mb L: 18/34 MS: 3 ChangeBit-InsertByte-EraseBytes-
#12809	NEW    cov: 33 ft: 213 corp: 59/1092b lim: 79 exec/s: 0 rss: 32Mb L: 22/34 MS: 1 ChangeBinInt-
#13410	NEW    cov: 33 ft: 214 corp: 60/1114b lim: 79 exec/s: 0 rss: 32Mb L: 22/34 MS: 1 ChangeBinInt-
#14252	REDUCE cov: 33 ft: 214 corp: 60/1112b lim: 85 exec/s: 0 rss: 33Mb L: 24/34 MS: 2 EraseBytes-PersAutoDict- DE: "\001\000\000\000"-
#14393	NEW    cov: 33 ft: 215 corp: 61/1134b lim: 85 exec/s: 0 rss: 33Mb L: 22/34 MS: 1 CrossOver-
#15294	NEW    cov: 33 ft: 216 corp: 62/1156b lim: 91 exec/s: 0 rss: 33Mb L: 22/34 MS: 1 ChangeBinInt-
#15406	REDUCE cov: 33 ft: 216 corp: 62/1152b lim: 91 exec/s: 0 rss: 33Mb L: 19/34 MS: 2 EraseBytes-ChangeBinInt-
#15604	REDUCE cov: 33 ft: 216 corp: 62/1147b lim: 91 exec/s: 0 rss: 33Mb L: 17/34 MS: 3 EraseBytes-InsertByte-ChangeByte-
#17160	NEW    cov: 33 ft: 218 corp: 63/1169b lim: 103 exec/s: 0 rss: 33Mb L: 22/34 MS: 1 ChangeBit-
#19153	NEW    cov: 33 ft: 219 corp: 64/1193b lim: 121 exec/s: 0 rss: 34Mb L: 24/34 MS: 3 ChangeBit-ShuffleBytes-ChangeBit-
#19154	NEW    cov: 33 ft: 221 corp: 65/1211b lim: 121 exec/s: 0 rss: 34Mb L: 18/34 MS: 1 ChangeBit-
#24231	NEW    cov: 33 ft: 223 corp: 66/1239b lim: 168 exec/s: 0 rss: 34Mb L: 28/34 MS: 2 ChangeBinInt-ChangeByte-
#25658	REDUCE cov: 33 ft: 223 corp: 66/1237b lim: 182 exec/s: 0 rss: 34Mb L: 26/34 MS: 2 ShuffleBytes-EraseBytes-
#26335	NEW    cov: 33 ft: 224 corp: 67/1259b lim: 182 exec/s: 0 rss: 34Mb L: 22/34 MS: 2 ShuffleBytes-CopyPart-
#27275	REDUCE cov: 33 ft: 225 corp: 68/1279b lim: 189 exec/s: 0 rss: 34Mb L: 20/34 MS: 5 InsertByte-EraseBytes-InsertRepeatedBytes-InsertByte-EraseBytes-
#27393	REDUCE cov: 33 ft: 225 corp: 68/1277b lim: 189 exec/s: 0 rss: 34Mb L: 16/34 MS: 3 PersAutoDict-ChangeByte-EraseBytes- DE: "\001\000\000\000"-
#28419	NEW    cov: 33 ft: 226 corp: 69/1297b lim: 196 exec/s: 0 rss: 34Mb L: 20/34 MS: 1 CMP- DE: "\001\000\000\000"-
#31281	NEW    cov: 33 ft: 227 corp: 70/1317b lim: 224 exec/s: 0 rss: 34Mb L: 20/34 MS: 2 ShuffleBytes-CopyPart-
#31995	REDUCE cov: 33 ft: 227 corp: 70/1315b lim: 231 exec/s: 0 rss: 34Mb L: 18/34 MS: 4 CopyPart-CopyPart-EraseBytes-ChangeBit-
#36757	REDUCE cov: 33 ft: 227 corp: 70/1313b lim: 275 exec/s: 0 rss: 35Mb L: 22/34 MS: 2 EraseBytes-PersAutoDict- DE: "\001\000\000\000"-
#38238	NEW    cov: 33 ft: 229 corp: 71/1331b lim: 283 exec/s: 0 rss: 35Mb L: 18/34 MS: 1 ChangeASCIIInt-
#42305	NEW    cov: 34 ft: 232 corp: 72/1347b lim: 323 exec/s: 0 rss: 35Mb L: 16/34 MS: 2 ChangeByte-ShuffleBytes-
#48381	REDUCE cov: 34 ft: 232 corp: 72/1346b lim: 379 exec/s: 0 rss: 35Mb L: 15/34 MS: 1 EraseBytes-
#49638	NEW    cov: 34 ft: 233 corp: 73/1364b lim: 387 exec/s: 0 rss: 35Mb L: 18/34 MS: 2 ChangeBinInt-ChangeByte-
#50405	REDUCE cov: 34 ft: 233 corp: 73/1358b lim: 387 exec/s: 0 rss: 35Mb L: 16/34 MS: 2 CMP-EraseBytes- DE: "\377\377\377\377\377\377\377\023"-
#51361	REDUCE cov: 34 ft: 233 corp: 73/1357b lim: 395 exec/s: 0 rss: 35Mb L: 15/34 MS: 1 EraseBytes-
#54105	REDUCE cov: 34 ft: 233 corp: 73/1354b lim: 419 exec/s: 0 rss: 35Mb L: 15/34 MS: 4 PersAutoDict-ChangeBit-PersAutoDict-EraseBytes- DE: "\000\000"-"\377\377\377\377\377\377\377\023"-
#54278	REDUCE cov: 34 ft: 233 corp: 73/1352b lim: 419 exec/s: 0 rss: 35Mb L: 22/34 MS: 3 CopyPart-ChangeBit-EraseBytes-
#55455	REDUCE cov: 34 ft: 233 corp: 73/1350b lim: 427 exec/s: 0 rss: 35Mb L: 20/34 MS: 2 ChangeBinInt-EraseBytes-
#56508	NEW    cov: 34 ft: 235 corp: 74/1368b lim: 435 exec/s: 0 rss: 35Mb L: 18/34 MS: 3 ChangeASCIIInt-ChangeBit-ChangeASCIIInt-
#65075	NEW    cov: 34 ft: 237 corp: 75/1386b lim: 515 exec/s: 0 rss: 35Mb L: 18/34 MS: 2 ChangeByte-ChangeASCIIInt-
#65301	NEW    cov: 35 ft: 242 corp: 76/1404b lim: 515 exec/s: 0 rss: 35Mb L: 18/34 MS: 1 ChangeByte-
#71222	NEW    cov: 35 ft: 243 corp: 77/1422b lim: 569 exec/s: 0 rss: 35Mb L: 18/34 MS: 1 ChangeBit-
#71550	NEW    cov: 35 ft: 244 corp: 78/1440b lim: 569 exec/s: 0 rss: 35Mb L: 18/34 MS: 3 PersAutoDict-ShuffleBytes-ShuffleBytes- DE: "\000\000"-
#71559	NEW    cov: 35 ft: 245 corp: 79/1458b lim: 569 exec/s: 0 rss: 35Mb L: 18/34 MS: 4 ChangeBit-CopyPart-ChangeByte-ShuffleBytes-
#72387	REDUCE cov: 35 ft: 245 corp: 79/1456b lim: 569 exec/s: 0 rss: 35Mb L: 16/34 MS: 3 EraseBytes-ChangeByte-ChangeByte-
#72388	NEW    cov: 35 ft: 246 corp: 80/1474b lim: 569 exec/s: 0 rss: 35Mb L: 18/34 MS: 1 ChangeBit-
#75559	REDUCE cov: 35 ft: 247 corp: 81/1490b lim: 596 exec/s: 0 rss: 35Mb L: 16/34 MS: 1 ShuffleBytes-
#75776	NEW    cov: 35 ft: 248 corp: 82/1506b lim: 596 exec/s: 0 rss: 35Mb L: 16/34 MS: 2 ShuffleBytes-ChangeBinInt-
#75887	NEW    cov: 35 ft: 249 corp: 83/1524b lim: 596 exec/s: 0 rss: 35Mb L: 18/34 MS: 1 CopyPart-
#77429	NEW    cov: 35 ft: 250 corp: 84/1542b lim: 605 exec/s: 0 rss: 35Mb L: 18/34 MS: 2 ShuffleBytes-ShuffleBytes-
#77635	NEW    cov: 35 ft: 251 corp: 85/1560b lim: 605 exec/s: 0 rss: 35Mb L: 18/34 MS: 1 ChangeBit-
#80472	NEW    cov: 35 ft: 252 corp: 86/1576b lim: 632 exec/s: 0 rss: 35Mb L: 16/34 MS: 2 CrossOver-ShuffleBytes-
#81135	NEW    cov: 35 ft: 253 corp: 87/1594b lim: 632 exec/s: 0 rss: 35Mb L: 18/34 MS: 3 CopyPart-ShuffleBytes-ChangeBinInt-
#82323	REDUCE cov: 35 ft: 253 corp: 87/1592b lim: 641 exec/s: 0 rss: 35Mb L: 22/34 MS: 3 ShuffleBytes-EraseBytes-ChangeByte-
#84423	REDUCE cov: 35 ft: 253 corp: 87/1590b lim: 659 exec/s: 0 rss: 35Mb L: 15/34 MS: 5 ChangeBinInt-ChangeByte-ShuffleBytes-PersAutoDict-EraseBytes- DE: "\000\000"-
#86345	NEW    cov: 35 ft: 254 corp: 88/1608b lim: 677 exec/s: 0 rss: 35Mb L: 18/34 MS: 2 ChangeBinInt-ChangeByte-
#87237	NEW    cov: 35 ft: 255 corp: 89/1624b lim: 677 exec/s: 0 rss: 35Mb L: 16/34 MS: 2 EraseBytes-InsertByte-
#88008	NEW    cov: 35 ft: 256 corp: 90/1642b lim: 677 exec/s: 0 rss: 35Mb L: 18/34 MS: 1 CopyPart-
#89339	NEW    cov: 48 ft: 309 corp: 91/1664b lim: 686 exec/s: 0 rss: 35Mb L: 22/34 MS: 1 ChangeByte-
#91580	NEW    cov: 48 ft: 310 corp: 92/1682b lim: 704 exec/s: 0 rss: 35Mb L: 18/34 MS: 1 ShuffleBytes-
#99140	REDUCE cov: 48 ft: 310 corp: 92/1680b lim: 776 exec/s: 0 rss: 35Mb L: 16/34 MS: 5 ChangeBinInt-EraseBytes-PersAutoDict-EraseBytes-ShuffleBytes- DE: "\001\000\000\000"-
#103392	NEW    cov: 48 ft: 311 corp: 93/1702b lim: 812 exec/s: 0 rss: 35Mb L: 22/34 MS: 2 ShuffleBytes-ChangeBit-
#105203	NEW    cov: 48 ft: 312 corp: 94/1720b lim: 830 exec/s: 0 rss: 35Mb L: 18/34 MS: 1 ChangeBit-
#106435	REDUCE cov: 48 ft: 312 corp: 94/1718b lim: 839 exec/s: 0 rss: 35Mb L: 16/34 MS: 2 CrossOver-EraseBytes-
#108453	REDUCE cov: 48 ft: 313 corp: 95/1733b lim: 857 exec/s: 0 rss: 35Mb L: 15/34 MS: 3 ChangeByte-ChangeBit-CrossOver-
#109285	NEW    cov: 48 ft: 314 corp: 96/1751b lim: 857 exec/s: 0 rss: 35Mb L: 18/34 MS: 2 ChangeBit-ChangeByte-
#112148	NEW    cov: 50 ft: 326 corp: 97/1773b lim: 884 exec/s: 0 rss: 35Mb L: 22/34 MS: 3 ChangeByte-ChangeBinInt-ShuffleBytes-
#119037	REDUCE cov: 50 ft: 326 corp: 97/1771b lim: 947 exec/s: 0 rss: 35Mb L: 15/34 MS: 4 PersAutoDict-EraseBytes-ChangeBit-InsertByte- DE: "\377\377\377\377\377\377\377\023"-
#120208	NEW    cov: 50 ft: 327 corp: 98/1789b lim: 956 exec/s: 0 rss: 35Mb L: 18/34 MS: 1 ChangeASCIIInt-
#122815	REDUCE cov: 50 ft: 327 corp: 98/1787b lim: 974 exec/s: 0 rss: 35Mb L: 16/34 MS: 2 CopyPart-EraseBytes-
#124624	REDUCE cov: 50 ft: 327 corp: 98/1783b lim: 983 exec/s: 0 rss: 35Mb L: 21/34 MS: 4 ChangeBit-ChangeByte-CopyPart-EraseBytes-
#126344	REDUCE cov: 50 ft: 327 corp: 98/1781b lim: 992 exec/s: 0 rss: 35Mb L: 16/34 MS: 5 EraseBytes-InsertByte-ShuffleBytes-ChangeByte-ChangeByte-
#134046	REDUCE cov: 50 ft: 327 corp: 98/1779b lim: 1068 exec/s: 0 rss: 35Mb L: 15/34 MS: 2 EraseBytes-ChangeBit-
#142983	NEW    cov: 50 ft: 328 corp: 99/1801b lim: 1148 exec/s: 0 rss: 35Mb L: 22/34 MS: 2 ShuffleBytes-ChangeBit-
#147264	NEW    cov: 50 ft: 329 corp: 100/1819b lim: 1188 exec/s: 0 rss: 35Mb L: 18/34 MS: 1 ChangeASCIIInt-
#147510	NEW    cov: 50 ft: 330 corp: 101/1837b lim: 1188 exec/s: 0 rss: 35Mb L: 18/34 MS: 1 CopyPart-
#149901	NEW    cov: 50 ft: 332 corp: 102/1855b lim: 1208 exec/s: 0 rss: 35Mb L: 18/34 MS: 1 ChangeBit-
#152818	NEW    cov: 50 ft: 333 corp: 103/1877b lim: 1228 exec/s: 0 rss: 35Mb L: 22/34 MS: 2 ShuffleBytes-ChangeBit-
#159745	REDUCE cov: 50 ft: 333 corp: 103/1875b lim: 1288 exec/s: 0 rss: 35Mb L: 16/34 MS: 2 ChangeBit-EraseBytes-
#161016	NEW    cov: 50 ft: 334 corp: 104/1893b lim: 1298 exec/s: 0 rss: 35Mb L: 18/34 MS: 1 ShuffleBytes-
#164018	NEW    cov: 50 ft: 335 corp: 105/1911b lim: 1318 exec/s: 0 rss: 35Mb L: 18/34 MS: 2 ChangeBinInt-ChangeASCIIInt-
#169959	NEW    cov: 50 ft: 336 corp: 106/1929b lim: 1368 exec/s: 0 rss: 35Mb L: 18/34 MS: 1 ShuffleBytes-
#178996	NEW    cov: 50 ft: 337 corp: 107/1947b lim: 1448 exec/s: 0 rss: 35Mb L: 18/34 MS: 2 ChangeASCIIInt-ChangeBinInt-
#178998	REDUCE cov: 50 ft: 337 corp: 107/1945b lim: 1448 exec/s: 0 rss: 35Mb L: 16/34 MS: 2 InsertByte-EraseBytes-
#183819	NEW    cov: 50 ft: 338 corp: 108/1963b lim: 1488 exec/s: 0 rss: 35Mb L: 18/34 MS: 1 CopyPart-
#188515	NEW    cov: 50 ft: 340 corp: 109/1981b lim: 1528 exec/s: 0 rss: 35Mb L: 18/34 MS: 1 ChangeBinInt-
#188801	NEW    cov: 50 ft: 341 corp: 110/1999b lim: 1528 exec/s: 0 rss: 35Mb L: 18/34 MS: 1 ShuffleBytes-
#194606	REDUCE cov: 50 ft: 341 corp: 110/1994b lim: 1578 exec/s: 0 rss: 35Mb L: 19/34 MS: 5 EraseBytes-InsertByte-ChangeBinInt-PersAutoDict-InsertByte- DE: "\001\000\000\000"-
#194684	NEW    cov: 50 ft: 342 corp: 111/2012b lim: 1578 exec/s: 0 rss: 35Mb L: 18/34 MS: 3 ChangeASCIIInt-ChangeBit-CopyPart-
#202069	REDUCE cov: 50 ft: 342 corp: 111/2008b lim: 1648 exec/s: 0 rss: 35Mb L: 18/34 MS: 5 CMP-InsertByte-EraseBytes-EraseBytes-CopyPart- DE: "\377\377"-
#205597	REDUCE cov: 50 ft: 342 corp: 111/2006b lim: 1678 exec/s: 0 rss: 35Mb L: 16/34 MS: 3 EraseBytes-ChangeByte-InsertByte-
#212835	REDUCE cov: 50 ft: 342 corp: 111/2005b lim: 1748 exec/s: 0 rss: 35Mb L: 18/34 MS: 3 CrossOver-ShuffleBytes-EraseBytes-
#220556	NEW    cov: 50 ft: 343 corp: 112/2023b lim: 1818 exec/s: 0 rss: 35Mb L: 18/34 MS: 1 ChangeASCIIInt-
#222888	NEW    cov: 50 ft: 344 corp: 113/2041b lim: 1838 exec/s: 0 rss: 35Mb L: 18/34 MS: 2 ChangeBinInt-CopyPart-
#225304	NEW    cov: 50 ft: 346 corp: 114/2059b lim: 1858 exec/s: 0 rss: 35Mb L: 18/34 MS: 1 ShuffleBytes-
#232371	NEW    cov: 50 ft: 353 corp: 115/2081b lim: 1928 exec/s: 0 rss: 35Mb L: 22/34 MS: 2 ShuffleBytes-ChangeByte-
#237334	NEW    cov: 50 ft: 355 corp: 116/2103b lim: 1968 exec/s: 0 rss: 35Mb L: 22/34 MS: 3 ShuffleBytes-ShuffleBytes-CopyPart-
#263528	REDUCE cov: 50 ft: 355 corp: 116/2101b lim: 2224 exec/s: 0 rss: 35Mb L: 16/34 MS: 4 PersAutoDict-ShuffleBytes-ChangeByte-EraseBytes- DE: "\377\377\377\377"-
#264544	NEW    cov: 50 ft: 356 corp: 117/2119b lim: 2224 exec/s: 0 rss: 35Mb L: 18/34 MS: 1 ChangeBinInt-
#284251	REDUCE cov: 50 ft: 356 corp: 117/2117b lim: 2411 exec/s: 0 rss: 35Mb L: 16/34 MS: 2 EraseBytes-InsertByte-
#284892	REDUCE cov: 50 ft: 356 corp: 117/2115b lim: 2411 exec/s: 0 rss: 35Mb L: 19/34 MS: 1 EraseBytes-
#291708	NEW    cov: 50 ft: 357 corp: 118/2133b lim: 2477 exec/s: 0 rss: 35Mb L: 18/34 MS: 1 CopyPart-
#294644	NEW    cov: 50 ft: 358 corp: 119/2151b lim: 2499 exec/s: 0 rss: 35Mb L: 18/34 MS: 1 ChangeBit-
#296335	NEW    cov: 50 ft: 359 corp: 120/2169b lim: 2510 exec/s: 0 rss: 35Mb L: 18/34 MS: 1 ChangeASCIIInt-
#300072	NEW    cov: 50 ft: 360 corp: 121/2187b lim: 2543 exec/s: 0 rss: 35Mb L: 18/34 MS: 2 ChangeBit-ChangeASCIIInt-
#301243	NEW    cov: 50 ft: 361 corp: 122/2205b lim: 2554 exec/s: 0 rss: 35Mb L: 18/34 MS: 1 ChangeASCIIInt-
#303286	NEW    cov: 50 ft: 363 corp: 123/2223b lim: 2565 exec/s: 0 rss: 35Mb L: 18/34 MS: 3 ChangeBinInt-CopyPart-ChangeASCIIInt-
#305812	NEW    cov: 50 ft: 364 corp: 124/2241b lim: 2587 exec/s: 0 rss: 35Mb L: 18/34 MS: 1 CopyPart-
#308274	NEW    cov: 50 ft: 365 corp: 125/2259b lim: 2609 exec/s: 0 rss: 35Mb L: 18/34 MS: 2 ShuffleBytes-ShuffleBytes-
#308440	NEW    cov: 50 ft: 366 corp: 126/2277b lim: 2609 exec/s: 0 rss: 35Mb L: 18/34 MS: 1 ShuffleBytes-
#314177	NEW    cov: 50 ft: 367 corp: 127/2295b lim: 2664 exec/s: 0 rss: 35Mb L: 18/34 MS: 2 ShuffleBytes-CopyPart-
#314680	NEW    cov: 50 ft: 368 corp: 128/2313b lim: 2664 exec/s: 0 rss: 35Mb L: 18/34 MS: 3 ShuffleBytes-ShuffleBytes-ShuffleBytes-
#321614	NEW    cov: 50 ft: 369 corp: 129/2340b lim: 2730 exec/s: 0 rss: 35Mb L: 27/34 MS: 4 CopyPart-ChangeASCIIInt-CrossOver-CrossOver-
#331670	NEW    cov: 50 ft: 370 corp: 130/2358b lim: 2829 exec/s: 0 rss: 35Mb L: 18/34 MS: 1 CopyPart-
#337651	NEW    cov: 50 ft: 371 corp: 131/2376b lim: 2884 exec/s: 0 rss: 35Mb L: 18/34 MS: 1 ChangeBit-
#349370	REDUCE cov: 50 ft: 371 corp: 131/2374b lim: 2994 exec/s: 0 rss: 36Mb L: 16/34 MS: 4 ChangeBit-ChangeByte-ShuffleBytes-EraseBytes-
#354382	NEW    cov: 50 ft: 378 corp: 132/2401b lim: 3038 exec/s: 0 rss: 36Mb L: 27/34 MS: 2 ChangeBit-ChangeASCIIInt-
#362360	NEW    cov: 50 ft: 379 corp: 133/2423b lim: 3115 exec/s: 0 rss: 36Mb L: 22/34 MS: 3 ChangeBit-ChangeBit-ChangeBinInt-
#368737	NEW    cov: 50 ft: 380 corp: 134/2441b lim: 3170 exec/s: 0 rss: 36Mb L: 18/34 MS: 2 PersAutoDict-ChangeBit- DE: "\000\000"-
#369540	REDUCE cov: 50 ft: 380 corp: 134/2439b lim: 3170 exec/s: 0 rss: 36Mb L: 16/34 MS: 3 ChangeBit-ChangeByte-EraseBytes-
#379107	REDUCE cov: 50 ft: 380 corp: 134/2437b lim: 3258 exec/s: 0 rss: 36Mb L: 16/34 MS: 2 ChangeBit-EraseBytes-
#384803	NEW    cov: 50 ft: 381 corp: 135/2455b lim: 3313 exec/s: 0 rss: 36Mb L: 18/34 MS: 1 ChangeBit-
#389510	REDUCE cov: 50 ft: 381 corp: 135/2453b lim: 3357 exec/s: 0 rss: 36Mb L: 16/34 MS: 2 EraseBytes-ChangeBit-
#396642	REDUCE cov: 50 ft: 381 corp: 135/2451b lim: 3423 exec/s: 0 rss: 36Mb L: 16/34 MS: 2 EraseBytes-InsertByte-
#401995	REDUCE cov: 50 ft: 381 corp: 135/2449b lim: 3467 exec/s: 0 rss: 36Mb L: 16/34 MS: 3 ChangeBit-ChangeBit-EraseBytes-
#404368	REDUCE cov: 50 ft: 381 corp: 135/2445b lim: 3489 exec/s: 0 rss: 36Mb L: 15/34 MS: 3 ChangeBinInt-ChangeBit-EraseBytes-
#412257	REDUCE cov: 50 ft: 381 corp: 135/2443b lim: 3566 exec/s: 412257 rss: 36Mb L: 20/34 MS: 3 InsertByte-ChangeByte-EraseBytes-
#423689	NEW    cov: 50 ft: 382 corp: 136/2461b lim: 3676 exec/s: 423689 rss: 36Mb L: 18/34 MS: 2 ChangeASCIIInt-ChangeASCIIInt-
#446118	REDUCE cov: 50 ft: 382 corp: 136/2460b lim: 3896 exec/s: 446118 rss: 36Mb L: 17/34 MS: 4 EraseBytes-CopyPart-ChangeByte-InsertByte-
#472226	REDUCE cov: 50 ft: 382 corp: 136/2458b lim: 4096 exec/s: 472226 rss: 36Mb L: 18/34 MS: 3 PersAutoDict-CopyPart-EraseBytes- DE: "\000\000"-
#490113	REDUCE cov: 50 ft: 385 corp: 137/2484b lim: 4096 exec/s: 490113 rss: 36Mb L: 26/34 MS: 2 CopyPart-PersAutoDict- DE: "\377\377"-
#492848	REDUCE cov: 50 ft: 385 corp: 137/2482b lim: 4096 exec/s: 492848 rss: 36Mb L: 16/34 MS: 5 CrossOver-ChangeASCIIInt-EraseBytes-ChangeBit-ChangeByte-
#504057	REDUCE cov: 50 ft: 385 corp: 137/2480b lim: 4096 exec/s: 504057 rss: 36Mb L: 24/34 MS: 4 ShuffleBytes-EraseBytes-ChangeByte-ChangeByte-
#523085	REDUCE cov: 50 ft: 385 corp: 137/2478b lim: 4096 exec/s: 523085 rss: 36Mb L: 22/34 MS: 3 ChangeBinInt-InsertByte-EraseBytes-
#524916	NEW    cov: 50 ft: 386 corp: 138/2505b lim: 4096 exec/s: 524916 rss: 36Mb L: 27/34 MS: 1 ChangeBit-
#526824	REDUCE cov: 50 ft: 386 corp: 138/2503b lim: 4096 exec/s: 526824 rss: 36Mb L: 20/34 MS: 3 EraseBytes-InsertByte-CopyPart-
#567812	REDUCE cov: 50 ft: 386 corp: 138/2502b lim: 4096 exec/s: 567812 rss: 36Mb L: 16/34 MS: 3 ChangeByte-ChangeByte-EraseBytes-
#604909	NEW    cov: 50 ft: 388 corp: 139/2529b lim: 4096 exec/s: 604909 rss: 36Mb L: 27/34 MS: 2 ChangeBit-CopyPart-
#655726	REDUCE cov: 50 ft: 388 corp: 139/2527b lim: 4096 exec/s: 655726 rss: 36Mb L: 16/34 MS: 2 EraseBytes-InsertByte-
#656784	REDUCE cov: 50 ft: 388 corp: 139/2525b lim: 4096 exec/s: 656784 rss: 36Mb L: 16/34 MS: 3 EraseBytes-ChangeASCIIInt-CopyPart-
#657586	NEW    cov: 50 ft: 389 corp: 140/2547b lim: 4096 exec/s: 657586 rss: 36Mb L: 22/34 MS: 2 ChangeASCIIInt-ChangeBit-
#670894	REDUCE cov: 50 ft: 389 corp: 140/2545b lim: 4096 exec/s: 670894 rss: 36Mb L: 16/34 MS: 3 ChangeBit-EraseBytes-ChangeByte-
#698500	NEW    cov: 50 ft: 395 corp: 141/2567b lim: 4096 exec/s: 698500 rss: 36Mb L: 22/34 MS: 1 CrossOver-
#720192	REDUCE cov: 50 ft: 395 corp: 141/2565b lim: 4096 exec/s: 720192 rss: 36Mb L: 17/34 MS: 2 EraseBytes-PersAutoDict- DE: "\377\377"-
#791440	REDUCE cov: 50 ft: 395 corp: 141/2563b lim: 4096 exec/s: 791440 rss: 36Mb L: 16/34 MS: 3 EraseBytes-InsertByte-InsertByte-
#848188	REDUCE cov: 50 ft: 395 corp: 141/2561b lim: 4096 exec/s: 848188 rss: 36Mb L: 18/34 MS: 3 ShuffleBytes-ChangeBit-EraseBytes-
#851300	REDUCE cov: 50 ft: 395 corp: 141/2559b lim: 4096 exec/s: 851300 rss: 36Mb L: 16/34 MS: 2 ChangeByte-EraseBytes-
#865510	NEW    cov: 50 ft: 396 corp: 142/2586b lim: 4096 exec/s: 432755 rss: 36Mb L: 27/34 MS: 5 ShuffleBytes-ChangeASCIIInt-ChangeBit-ChangeASCIIInt-ChangeByte-
#885395	NEW    cov: 50 ft: 398 corp: 143/2608b lim: 4096 exec/s: 442697 rss: 36Mb L: 22/34 MS: 5 CrossOver-ChangeByte-ChangeASCIIInt-ShuffleBytes-CopyPart-
#952187	NEW    cov: 50 ft: 399 corp: 144/2635b lim: 4096 exec/s: 476093 rss: 36Mb L: 27/34 MS: 2 ChangeBinInt-ShuffleBytes-
#1039290	REDUCE cov: 50 ft: 399 corp: 144/2633b lim: 4096 exec/s: 519645 rss: 36Mb L: 16/34 MS: 3 EraseBytes-InsertByte-EraseBytes-
#1040022	REDUCE cov: 50 ft: 399 corp: 144/2631b lim: 4096 exec/s: 520011 rss: 36Mb L: 16/34 MS: 2 ChangeBit-EraseBytes-
#1048576	pulse  cov: 50 ft: 399 corp: 144/2631b lim: 4096 exec/s: 524288 rss: 36Mb
#1049975	NEW    cov: 50 ft: 400 corp: 145/2653b lim: 4096 exec/s: 524987 rss: 36Mb L: 22/34 MS: 3 ChangeBit-ShuffleBytes-ChangeASCIIInt-
#1052344	REDUCE cov: 50 ft: 400 corp: 145/2651b lim: 4096 exec/s: 526172 rss: 36Mb L: 16/34 MS: 4 CrossOver-ChangeBit-ChangeByte-EraseBytes-
#1093997	REDUCE cov: 50 ft: 400 corp: 145/2650b lim: 4096 exec/s: 546998 rss: 36Mb L: 15/34 MS: 3 ShuffleBytes-PersAutoDict-EraseBytes- DE: "\377\377\377\377\377\377\377\023"-
#1109906	NEW    cov: 50 ft: 404 corp: 146/2677b lim: 4096 exec/s: 554953 rss: 36Mb L: 27/34 MS: 4 ChangeASCIIInt-ShuffleBytes-ChangeBinInt-ChangeASCIIInt-
#1115034	REDUCE cov: 50 ft: 404 corp: 146/2675b lim: 4096 exec/s: 557517 rss: 36Mb L: 16/34 MS: 3 EraseBytes-ChangeBinInt-ChangeByte-
#1218776	NEW    cov: 50 ft: 405 corp: 147/2697b lim: 4096 exec/s: 609388 rss: 36Mb L: 22/34 MS: 2 ChangeBit-ChangeASCIIInt-
#1429641	REDUCE cov: 50 ft: 405 corp: 147/2695b lim: 4096 exec/s: 476547 rss: 36Mb L: 16/34 MS: 5 CrossOver-ShuffleBytes-ChangeBinInt-EraseBytes-InsertByte-
#1476039	NEW    cov: 50 ft: 411 corp: 148/2726b lim: 4096 exec/s: 492013 rss: 36Mb L: 31/34 MS: 3 ChangeBit-CopyPart-ChangeASCIIInt-
#1476615	NEW    cov: 50 ft: 413 corp: 149/2757b lim: 4096 exec/s: 492205 rss: 36Mb L: 31/34 MS: 1 ChangeASCIIInt-
#1557067	REDUCE cov: 50 ft: 413 corp: 149/2755b lim: 4096 exec/s: 519022 rss: 36Mb L: 16/34 MS: 2 EraseBytes-InsertByte-
#1557525	REDUCE cov: 50 ft: 413 corp: 149/2754b lim: 4096 exec/s: 519175 rss: 36Mb L: 15/34 MS: 3 EraseBytes-ChangeByte-ChangeBit-
#1571928	REDUCE cov: 50 ft: 413 corp: 149/2752b lim: 4096 exec/s: 523976 rss: 36Mb L: 16/34 MS: 3 ChangeBit-EraseBytes-InsertByte-
#1629565	REDUCE cov: 50 ft: 413 corp: 149/2750b lim: 4096 exec/s: 543188 rss: 36Mb L: 16/34 MS: 2 EraseBytes-InsertByte-
#1839549	REDUCE cov: 50 ft: 413 corp: 149/2748b lim: 4096 exec/s: 459887 rss: 36Mb L: 16/34 MS: 4 CrossOver-EraseBytes-EraseBytes-InsertByte-
#1840901	REDUCE cov: 50 ft: 413 corp: 149/2746b lim: 4096 exec/s: 460225 rss: 36Mb L: 16/34 MS: 2 PersAutoDict-EraseBytes- DE: "\377\377"-
#1996847	NEW    cov: 50 ft: 414 corp: 150/2778b lim: 4096 exec/s: 499211 rss: 36Mb L: 32/34 MS: 1 InsertByte-
#2097152	pulse  cov: 50 ft: 414 corp: 150/2778b lim: 4096 exec/s: 524288 rss: 36Mb
#2183243	NEW    cov: 50 ft: 416 corp: 151/2809b lim: 4096 exec/s: 436648 rss: 36Mb L: 31/34 MS: 1 CrossOver-
#2212882	REDUCE cov: 50 ft: 416 corp: 151/2807b lim: 4096 exec/s: 442576 rss: 36Mb L: 16/34 MS: 4 ChangeBinInt-ChangeBit-ChangeBit-EraseBytes-
#2252575	REDUCE cov: 50 ft: 416 corp: 151/2805b lim: 4096 exec/s: 450515 rss: 36Mb L: 16/34 MS: 3 EraseBytes-ChangeByte-ChangeBit-
#2421219	NEW    cov: 50 ft: 418 corp: 152/2825b lim: 4096 exec/s: 484243 rss: 36Mb L: 20/34 MS: 4 PersAutoDict-CopyPart-CrossOver-ShuffleBytes- DE: "\377\377"-
#2475800	NEW    cov: 50 ft: 419 corp: 153/2845b lim: 4096 exec/s: 495160 rss: 36Mb L: 20/34 MS: 1 ChangeBit-
#2480961	NEW    cov: 50 ft: 420 corp: 154/2865b lim: 4096 exec/s: 496192 rss: 36Mb L: 20/34 MS: 1 ChangeBit-
#2481259	REDUCE cov: 50 ft: 420 corp: 154/2863b lim: 4096 exec/s: 496251 rss: 36Mb L: 16/34 MS: 3 InsertByte-CopyPart-EraseBytes-
#2511996	REDUCE cov: 50 ft: 420 corp: 154/2861b lim: 4096 exec/s: 502399 rss: 36Mb L: 16/34 MS: 2 EraseBytes-ChangeBinInt-
#2596463	NEW    cov: 50 ft: 422 corp: 155/2892b lim: 4096 exec/s: 519292 rss: 36Mb L: 31/34 MS: 2 ChangeASCIIInt-ChangeASCIIInt-
#2822231	REDUCE cov: 50 ft: 422 corp: 155/2890b lim: 4096 exec/s: 470371 rss: 36Mb L: 16/34 MS: 3 ChangeBit-ChangeASCIIInt-EraseBytes-
#2893078	REDUCE cov: 50 ft: 422 corp: 155/2888b lim: 4096 exec/s: 482179 rss: 36Mb L: 16/34 MS: 2 InsertByte-EraseBytes-
#3187953	REDUCE cov: 50 ft: 422 corp: 155/2886b lim: 4096 exec/s: 455421 rss: 36Mb L: 16/34 MS: 5 ShuffleBytes-PersAutoDict-ChangeByte-ChangeASCIIInt-EraseBytes- DE: "\377\377\377\377"-
#3303277	NEW    cov: 50 ft: 424 corp: 156/2917b lim: 4096 exec/s: 471896 rss: 36Mb L: 31/34 MS: 4 ChangeBit-CrossOver-ChangeBit-CopyPart-
#3526747	REDUCE cov: 50 ft: 424 corp: 156/2915b lim: 4096 exec/s: 440843 rss: 36Mb L: 16/34 MS: 5 CopyPart-EraseBytes-CopyPart-ShuffleBytes-ChangeByte-
#3858494	REDUCE cov: 50 ft: 424 corp: 156/2914b lim: 4096 exec/s: 482311 rss: 36Mb L: 15/34 MS: 2 EraseBytes-ChangeBit-
#4018534	REDUCE cov: 50 ft: 424 corp: 156/2912b lim: 4096 exec/s: 446503 rss: 36Mb L: 16/34 MS: 5 ChangeBinInt-ChangeByte-ChangeBit-PersAutoDict-EraseBytes- DE: "\377\377"-
#4047214	REDUCE cov: 50 ft: 424 corp: 156/2910b lim: 4096 exec/s: 449690 rss: 36Mb L: 16/34 MS: 5 ChangeByte-ShuffleBytes-ChangeByte-EraseBytes-InsertByte-
#4091151	REDUCE cov: 50 ft: 424 corp: 156/2908b lim: 4096 exec/s: 454572 rss: 36Mb L: 16/34 MS: 2 CrossOver-EraseBytes-
#4102387	REDUCE cov: 50 ft: 425 corp: 157/2924b lim: 4096 exec/s: 455820 rss: 36Mb L: 16/34 MS: 1 CMP- DE: "S\000"-
#4221604	REDUCE cov: 50 ft: 425 corp: 157/2922b lim: 4096 exec/s: 469067 rss: 36Mb L: 16/34 MS: 2 EraseBytes-ChangeBit-
#4320753	NEW    cov: 50 ft: 426 corp: 158/2937b lim: 4096 exec/s: 480083 rss: 36Mb L: 15/34 MS: 4 ChangeByte-CrossOver-ShuffleBytes-EraseBytes-
#4357926	REDUCE cov: 50 ft: 426 corp: 158/2936b lim: 4096 exec/s: 484214 rss: 36Mb L: 15/34 MS: 3 ChangeBinInt-ChangeBinInt-EraseBytes-
#4381584	REDUCE cov: 50 ft: 426 corp: 158/2934b lim: 4096 exec/s: 438158 rss: 36Mb L: 16/34 MS: 3 CMP-PersAutoDict-EraseBytes- DE: "b\000\000\000"-"\377\377\377\377"-
#4459722	REDUCE cov: 50 ft: 426 corp: 158/2933b lim: 4096 exec/s: 445972 rss: 36Mb L: 15/34 MS: 3 ShuffleBytes-EraseBytes-InsertByte-
#4759104	NEW    cov: 50 ft: 430 corp: 159/2948b lim: 4096 exec/s: 475910 rss: 36Mb L: 15/34 MS: 2 CrossOver-ChangeBit-
#4835651	NEW    cov: 50 ft: 431 corp: 160/2968b lim: 4096 exec/s: 439604 rss: 36Mb L: 20/34 MS: 2 CopyPart-ChangeByte-
#4877106	NEW    cov: 50 ft: 432 corp: 161/2983b lim: 4096 exec/s: 443373 rss: 36Mb L: 15/34 MS: 5 ShuffleBytes-ShuffleBytes-CopyPart-ShuffleBytes-CopyPart-
#4879557	NEW    cov: 50 ft: 433 corp: 162/2998b lim: 4096 exec/s: 443596 rss: 36Mb L: 15/34 MS: 1 ChangeBit-
#5086653	NEW    cov: 50 ft: 434 corp: 163/3018b lim: 4096 exec/s: 462423 rss: 36Mb L: 20/34 MS: 1 ChangeBit-
#5314355	REDUCE cov: 50 ft: 434 corp: 163/3016b lim: 4096 exec/s: 442862 rss: 36Mb L: 16/34 MS: 2 EraseBytes-InsertByte-
#5584161	NEW    cov: 50 ft: 435 corp: 164/3036b lim: 4096 exec/s: 465346 rss: 36Mb L: 20/34 MS: 1 ChangeBit-
#5616787	NEW    cov: 50 ft: 436 corp: 165/3056b lim: 4096 exec/s: 468065 rss: 36Mb L: 20/34 MS: 1 ChangeBit-
#5720448	NEW    cov: 50 ft: 438 corp: 166/3087b lim: 4096 exec/s: 440034 rss: 36Mb L: 31/34 MS: 1 CopyPart-
#5930220	REDUCE cov: 50 ft: 438 corp: 166/3085b lim: 4096 exec/s: 456170 rss: 36Mb L: 16/34 MS: 2 EraseBytes-ChangeByte-
#5964347	REDUCE cov: 50 ft: 438 corp: 166/3083b lim: 4096 exec/s: 458795 rss: 36Mb L: 16/34 MS: 2 ChangeBinInt-EraseBytes-
#6881556	REDUCE cov: 50 ft: 438 corp: 166/3082b lim: 4096 exec/s: 458770 rss: 36Mb L: 15/34 MS: 4 EraseBytes-ShuffleBytes-ShuffleBytes-ChangeBit-
#9577903	REDUCE cov: 50 ft: 438 corp: 166/3080b lim: 4096 exec/s: 456090 rss: 36Mb L: 16/34 MS: 2 EraseBytes-ChangeByte-
#9999071	REDUCE cov: 50 ft: 438 corp: 166/3078b lim: 4096 exec/s: 454503 rss: 36Mb L: 16/34 MS: 3 EraseBytes-ShuffleBytes-ChangeBit-
#10990305	REDUCE cov: 50 ft: 438 corp: 166/3076b lim: 4096 exec/s: 457929 rss: 36Mb L: 16/34 MS: 4 InsertByte-CopyPart-CopyPart-EraseBytes-
#11741279	REDUCE cov: 50 ft: 438 corp: 166/3074b lim: 4096 exec/s: 451587 rss: 36Mb L: 16/34 MS: 4 EraseBytes-CopyPart-InsertByte-ChangeByte-
#11768451	REDUCE cov: 50 ft: 438 corp: 166/3072b lim: 4096 exec/s: 452632 rss: 36Mb L: 15/34 MS: 2 EraseBytes-CopyPart-
#13952555	REDUCE cov: 50 ft: 438 corp: 166/3071b lim: 4096 exec/s: 450082 rss: 36Mb L: 15/34 MS: 4 ChangeByte-ChangeBit-ChangeByte-EraseBytes-
#14395044	REDUCE cov: 50 ft: 438 corp: 166/3070b lim: 4096 exec/s: 449845 rss: 36Mb L: 15/34 MS: 4 CrossOver-CopyPart-CrossOver-EraseBytes-
#16777216	pulse  cov: 50 ft: 438 corp: 166/3070b lim: 4096 exec/s: 453438 rss: 36Mb
#20378346	REDUCE cov: 50 ft: 438 corp: 166/3068b lim: 4096 exec/s: 443007 rss: 36Mb L: 20/34 MS: 2 ChangeBinInt-EraseBytes-
#22270776	REDUCE cov: 50 ft: 438 corp: 166/3066b lim: 4096 exec/s: 445415 rss: 36Mb L: 20/34 MS: 5 CrossOver-EraseBytes-CrossOver-ChangeASCIIInt-EraseBytes-
#24327340	REDUCE cov: 50 ft: 438 corp: 166/3065b lim: 4096 exec/s: 442315 rss: 36Mb L: 15/34 MS: 4 EraseBytes-CrossOver-ChangeBinInt-InsertByte-
#30032805	NEW    cov: 50 ft: 439 corp: 167/3094b lim: 4096 exec/s: 441658 rss: 36Mb L: 29/34 MS: 5 ChangeBit-EraseBytes-EraseBytes-CrossOver-ChangeBinInt-
#31777039	REDUCE cov: 50 ft: 439 corp: 167/3092b lim: 4096 exec/s: 441347 rss: 36Mb L: 20/34 MS: 4 ChangeBinInt-ChangeBinInt-InsertByte-EraseBytes-
#31818663	REDUCE cov: 50 ft: 439 corp: 167/3091b lim: 4096 exec/s: 441925 rss: 36Mb L: 15/34 MS: 4 EraseBytes-ChangeBit-ChangeBit-PersAutoDict- DE: "\377\377"-
#32107723	REDUCE cov: 50 ft: 439 corp: 167/3089b lim: 4096 exec/s: 445940 rss: 36Mb L: 20/34 MS: 5 EraseBytes-EraseBytes-ChangeByte-ShuffleBytes-CopyPart-
#33554432	pulse  cov: 50 ft: 439 corp: 167/3089b lim: 4096 exec/s: 441505 rss: 36Mb
#35280005	REDUCE cov: 50 ft: 439 corp: 167/3084b lim: 4096 exec/s: 441000 rss: 36Mb L: 22/34 MS: 2 EraseBytes-InsertByte-
#35969518	REDUCE cov: 50 ft: 439 corp: 167/3083b lim: 4096 exec/s: 444068 rss: 36Mb L: 15/34 MS: 3 InsertByte-ChangeByte-EraseBytes-
#37170338	REDUCE cov: 50 ft: 439 corp: 167/3082b lim: 4096 exec/s: 442504 rss: 36Mb L: 15/34 MS: 5 EraseBytes-PersAutoDict-CrossOver-PersAutoDict-ChangeByte- DE: "\001\000\000\000"-"\000\000"-
#38367765	REDUCE cov: 50 ft: 439 corp: 167/3081b lim: 4096 exec/s: 441008 rss: 36Mb L: 26/34 MS: 2 ChangeBinInt-EraseBytes-
#39052110	REDUCE cov: 50 ft: 439 corp: 167/3080b lim: 4096 exec/s: 443773 rss: 36Mb L: 15/34 MS: 5 CopyPart-ChangeBit-CrossOver-ChangeByte-EraseBytes-
#39327297	REDUCE cov: 50 ft: 439 corp: 167/3079b lim: 4096 exec/s: 441879 rss: 36Mb L: 15/34 MS: 2 EraseBytes-CrossOver-
#55928355	REDUCE cov: 50 ft: 439 corp: 167/3070b lim: 4096 exec/s: 440380 rss: 37Mb L: 22/34 MS: 3 ShuffleBytes-EraseBytes-CrossOver-
#62859389	REDUCE cov: 50 ft: 439 corp: 167/3068b lim: 4096 exec/s: 442671 rss: 37Mb L: 20/34 MS: 4 ChangeBinInt-EraseBytes-CopyPart-InsertByte-
#63179650	NEW    cov: 50 ft: 440 corp: 168/3083b lim: 4096 exec/s: 441815 rss: 37Mb L: 15/34 MS: 1 CrossOver-
#64070078	NEW    cov: 50 ft: 441 corp: 169/3098b lim: 4096 exec/s: 441862 rss: 37Mb L: 15/34 MS: 3 ChangeASCIIInt-CopyPart-CrossOver-
#64937512	NEW    cov: 50 ft: 442 corp: 170/3113b lim: 4096 exec/s: 441751 rss: 37Mb L: 15/34 MS: 4 ChangeASCIIInt-ChangeASCIIInt-CopyPart-CopyPart-
#66522765	REDUCE cov: 50 ft: 442 corp: 170/3107b lim: 4096 exec/s: 440548 rss: 37Mb L: 25/34 MS: 3 EraseBytes-ShuffleBytes-ChangeBinInt-
#67108864	pulse  cov: 50 ft: 442 corp: 170/3107b lim: 4096 exec/s: 441505 rss: 37Mb
#71934385	REDUCE cov: 50 ft: 442 corp: 170/3102b lim: 4096 exec/s: 441315 rss: 37Mb L: 15/34 MS: 5 EraseBytes-ShuffleBytes-InsertByte-CrossOver-EraseBytes-
#72965054	REDUCE cov: 50 ft: 442 corp: 170/3101b lim: 4096 exec/s: 439548 rss: 37Mb L: 15/34 MS: 4 CrossOver-CrossOver-InsertByte-EraseBytes-
#86968733	REDUCE cov: 50 ft: 442 corp: 170/3097b lim: 4096 exec/s: 439236 rss: 37Mb L: 22/34 MS: 4 EraseBytes-CopyPart-ChangeASCIIInt-ChangeBit-
#94274600	REDUCE cov: 50 ft: 442 corp: 170/3095b lim: 4096 exec/s: 440535 rss: 37Mb L: 20/34 MS: 2 EraseBytes-ChangeBit-
#94791797	REDUCE cov: 50 ft: 442 corp: 170/3094b lim: 4096 exec/s: 440892 rss: 37Mb L: 15/34 MS: 2 EraseBytes-ChangeBit-
#100153381	REDUCE cov: 50 ft: 442 corp: 170/3093b lim: 4096 exec/s: 439269 rss: 37Mb L: 15/34 MS: 4 InsertRepeatedBytes-ChangeBit-ChangeBit-EraseBytes-
panic: found special char in iban [recovered]
	panic: found special char in iban

goroutine 17 [running, locked to thread]:
git.ultraware.nl/iddinkgroep/fundament-api.Fuzz.func1()
	git.ultraware.nl/iddinkgroep/fundament-api/fuzz.go:19 +0xa5
panic({0x555bf165f760?, 0x555bf1672c70?})
	runtime/panic.go:914 +0x21f
git.ultraware.nl/iddinkgroep/fundament-api.Fuzz({0xc0000ed4d0, 0x14})
	git.ultraware.nl/iddinkgroep/fundament-api/fuzz.go:34 +0x2b9
git.ultraware.nl/iddinkgroep/fundament-api.Fuzz_(...)
	git.ultraware.nl/iddinkgroep/fundament-api/fuzz.1527825026.go:6
main.LLVMFuzzerTestOneInput(...)
	./main.170485750.go:21
==22239== ERROR: libFuzzer: deadly signal
    #0 0x555bf1582630 in __sanitizer_print_stack_trace (/seedai/experiments/libfuzzer/source_iban/libfuzzer+0xaf630) (BuildId: 688cb25bec4564588da2a67f6a2b25148a0fd5d4)
    #1 0x555bf154e755 in fuzzer::PrintStackTrace() (/seedai/experiments/libfuzzer/source_iban/libfuzzer+0x7b755) (BuildId: 688cb25bec4564588da2a67f6a2b25148a0fd5d4)
    #2 0x555bf152d3a9 in fuzzer::Fuzzer::CrashCallback() (.part.0) FuzzerLoop.cpp.o
    #3 0x555bf152d46a in fuzzer::Fuzzer::StaticCrashSignalCallback() (/seedai/experiments/libfuzzer/source_iban/libfuzzer+0x5a46a) (BuildId: 688cb25bec4564588da2a67f6a2b25148a0fd5d4)
    #4 0x7f33593a270f  (/usr/lib/libc.so.6+0x3e70f) (BuildId: 316d0d3666387f0e8fb98773f51aa1801027c5ab)
    #5 0x555bf15e2160 in runtime.raise.abi0 runtime/sys_linux_amd64.s:153

NOTE: libFuzzer has rudimentary signal handlers.
      Combine libFuzzer with AddressSanitizer or similar for better crash reports.
SUMMARY: libFuzzer: deadly signal
MS: 3 ChangeASCIIInt-CopyPart-CopyPart-; base unit: 564ce0a7886b6afae6d7e87857fa4d5c32c385e7
0x41,0x74,0x74,0x74,0x2d,0x30,0x30,0x30,0x30,0x30,0x30,0x30,0x30,0x30,0x34,0x41,0x30,0x30,0x30,0x30,
Attt-0000000004A0000
artifact_prefix='./'; Test unit written to ./crash-e4b0346e6087acbd9984a1dcfd1ddb2d0fa8fc4d
Base64: QXR0dC0wMDAwMDAwMDA0QTAwMDA=
