INFO: Running with entropic power schedule (0xFF, 100).
INFO: Seed: 1880971000
INFO: Loaded 1 modules   (9631 inline 8-bit counters): 9631 [0x561a24e19270, 0x561a24e1b80f), 
INFO: Loaded 1 PC tables (9631 PCs): 9631 [0xc000080000,0xc0000a59f0), 
INFO:       28 files found in corpus
INFO: -max_len is not provided; libFuzzer will not generate inputs larger than 4096 bytes
INFO: seed corpus: files: 28 min: 8b max: 33b total: 719b rss: 33Mb
#29	INITED cov: 509 ft: 1756 corp: 18/442b exec/s: 0 rss: 33Mb
#30	NEW    cov: 510 ft: 1767 corp: 19/454b lim: 33 exec/s: 0 rss: 33Mb L: 12/33 MS: 1 CopyPart-
#33	NEW    cov: 510 ft: 1771 corp: 20/484b lim: 33 exec/s: 0 rss: 34Mb L: 30/33 MS: 3 EraseBytes-InsertRepeatedBytes-CMP- DE: "\377\377\377\377\377\377\377\004"-
#34	NEW    cov: 514 ft: 1782 corp: 21/515b lim: 33 exec/s: 0 rss: 34Mb L: 31/33 MS: 1 ShuffleBytes-
#37	NEW    cov: 580 ft: 1992 corp: 22/533b lim: 33 exec/s: 0 rss: 34Mb L: 18/33 MS: 3 ShuffleBytes-ShuffleBytes-CopyPart-
#42	NEW    cov: 580 ft: 1993 corp: 23/564b lim: 33 exec/s: 0 rss: 34Mb L: 31/33 MS: 5 InsertByte-ChangeBit-ShuffleBytes-ChangeBit-ShuffleBytes-
#44	NEW    cov: 597 ft: 2084 corp: 24/597b lim: 33 exec/s: 0 rss: 34Mb L: 33/33 MS: 2 InsertRepeatedBytes-ChangeBit-
#45	NEW    cov: 598 ft: 2089 corp: 25/609b lim: 33 exec/s: 0 rss: 34Mb L: 12/33 MS: 1 CrossOver-
#48	NEW    cov: 605 ft: 2144 corp: 26/642b lim: 33 exec/s: 0 rss: 34Mb L: 33/33 MS: 3 InsertRepeatedBytes-ChangeByte-ChangeBinInt-
#49	NEW    cov: 606 ft: 2176 corp: 27/660b lim: 33 exec/s: 0 rss: 34Mb L: 18/33 MS: 1 CopyPart-
#51	NEW    cov: 614 ft: 2288 corp: 28/690b lim: 33 exec/s: 0 rss: 34Mb L: 30/33 MS: 2 ChangeBinInt-CMP- DE: "\000\000\000\000\000\000\000\000"-
#52	NEW    cov: 618 ft: 2324 corp: 29/702b lim: 33 exec/s: 0 rss: 34Mb L: 12/33 MS: 1 ChangeBit-
#54	NEW    cov: 618 ft: 2342 corp: 30/724b lim: 33 exec/s: 0 rss: 34Mb L: 22/33 MS: 2 EraseBytes-CMP- DE: "\200\000\000\000\000\000\000\000"-
#56	NEW    cov: 659 ft: 2492 corp: 31/754b lim: 33 exec/s: 0 rss: 34Mb L: 30/33 MS: 2 ChangeByte-ChangeByte-
#57	NEW    cov: 669 ft: 2539 corp: 32/785b lim: 33 exec/s: 0 rss: 34Mb L: 31/33 MS: 1 CMP- DE: "\001\000\000\000\000\000\000\010"-
#59	NEW    cov: 669 ft: 2545 corp: 33/795b lim: 33 exec/s: 0 rss: 34Mb L: 10/33 MS: 2 CrossOver-CrossOver-
#60	NEW    cov: 669 ft: 2551 corp: 34/824b lim: 33 exec/s: 0 rss: 34Mb L: 29/33 MS: 1 InsertByte-
#61	NEW    cov: 669 ft: 2557 corp: 35/856b lim: 33 exec/s: 0 rss: 34Mb L: 32/33 MS: 1 InsertRepeatedBytes-
#62	NEW    cov: 669 ft: 2600 corp: 36/887b lim: 33 exec/s: 0 rss: 34Mb L: 31/33 MS: 1 ChangeByte-
#63	NEW    cov: 669 ft: 2604 corp: 37/917b lim: 33 exec/s: 0 rss: 34Mb L: 30/33 MS: 1 CopyPart-
#65	NEW    cov: 672 ft: 2636 corp: 38/933b lim: 33 exec/s: 0 rss: 34Mb L: 16/33 MS: 2 CrossOver-ChangeBit-
#66	NEW    cov: 673 ft: 2673 corp: 39/963b lim: 33 exec/s: 0 rss: 34Mb L: 30/33 MS: 1 CrossOver-
#68	NEW    cov: 673 ft: 2689 corp: 40/995b lim: 33 exec/s: 0 rss: 34Mb L: 32/33 MS: 2 PersAutoDict-CMP- DE: "\377\377\377\377\377\377\377\004"-">\000"-
#69	NEW    cov: 675 ft: 2706 corp: 41/1011b lim: 33 exec/s: 0 rss: 34Mb L: 16/33 MS: 1 ChangeBit-
#70	NEW    cov: 675 ft: 2709 corp: 42/1025b lim: 33 exec/s: 0 rss: 34Mb L: 14/33 MS: 1 InsertRepeatedBytes-
#71	NEW    cov: 695 ft: 2767 corp: 43/1035b lim: 33 exec/s: 0 rss: 34Mb L: 10/33 MS: 1 ChangeBinInt-
#75	NEW    cov: 695 ft: 2768 corp: 44/1068b lim: 33 exec/s: 0 rss: 34Mb L: 33/33 MS: 4 InsertRepeatedBytes-CMP-ChangeASCIIInt-ChangeByte- DE: "-02"-
#77	NEW    cov: 709 ft: 2845 corp: 45/1098b lim: 33 exec/s: 0 rss: 34Mb L: 30/33 MS: 2 InsertByte-CrossOver-
#79	NEW    cov: 712 ft: 2905 corp: 46/1131b lim: 33 exec/s: 0 rss: 34Mb L: 33/33 MS: 2 CopyPart-CopyPart-
#80	NEW    cov: 712 ft: 2921 corp: 47/1163b lim: 33 exec/s: 0 rss: 34Mb L: 32/33 MS: 1 InsertRepeatedBytes-
#81	NEW    cov: 712 ft: 2927 corp: 48/1194b lim: 33 exec/s: 0 rss: 34Mb L: 31/33 MS: 1 ChangeBinInt-
#83	NEW    cov: 712 ft: 2929 corp: 49/1224b lim: 33 exec/s: 0 rss: 34Mb L: 30/33 MS: 2 ChangeByte-CopyPart-
#85	NEW    cov: 712 ft: 2934 corp: 50/1250b lim: 33 exec/s: 0 rss: 34Mb L: 26/33 MS: 2 PersAutoDict-ChangeByte- DE: "\377\377\377\377\377\377\377\004"-
#86	NEW    cov: 712 ft: 2936 corp: 51/1275b lim: 33 exec/s: 0 rss: 34Mb L: 25/33 MS: 1 ChangeByte-
#87	NEW    cov: 712 ft: 2952 corp: 52/1286b lim: 33 exec/s: 0 rss: 34Mb L: 11/33 MS: 1 InsertByte-
#88	NEW    cov: 712 ft: 2974 corp: 53/1294b lim: 33 exec/s: 0 rss: 34Mb L: 8/33 MS: 1 PersAutoDict- DE: "\377\377\377\377\377\377\377\004"-
#91	NEW    cov: 712 ft: 2978 corp: 54/1301b lim: 33 exec/s: 0 rss: 34Mb L: 7/33 MS: 3 PersAutoDict-ChangeBit-EraseBytes- DE: "\000\000\000\000\000\000\000\000"-
#92	NEW    cov: 712 ft: 2988 corp: 55/1333b lim: 33 exec/s: 0 rss: 34Mb L: 32/33 MS: 1 CrossOver-
#94	NEW    cov: 712 ft: 2991 corp: 56/1359b lim: 33 exec/s: 0 rss: 34Mb L: 26/33 MS: 2 ChangeASCIIInt-ShuffleBytes-
#95	NEW    cov: 712 ft: 3013 corp: 57/1377b lim: 33 exec/s: 0 rss: 34Mb L: 18/33 MS: 1 CrossOver-
#97	NEW    cov: 712 ft: 3015 corp: 58/1408b lim: 33 exec/s: 0 rss: 34Mb L: 31/33 MS: 2 InsertByte-PersAutoDict- DE: "-02"-
#99	NEW    cov: 716 ft: 3052 corp: 59/1438b lim: 33 exec/s: 0 rss: 34Mb L: 30/33 MS: 2 CopyPart-CopyPart-
#104	NEW    cov: 717 ft: 3069 corp: 60/1471b lim: 33 exec/s: 0 rss: 34Mb L: 33/33 MS: 5 ChangeByte-CopyPart-ShuffleBytes-CopyPart-ChangeByte-
#106	NEW    cov: 724 ft: 3098 corp: 61/1496b lim: 33 exec/s: 0 rss: 35Mb L: 25/33 MS: 2 ChangeByte-ChangeByte-
#108	REDUCE cov: 724 ft: 3098 corp: 61/1492b lim: 33 exec/s: 0 rss: 35Mb L: 26/33 MS: 2 InsertByte-EraseBytes-
#109	NEW    cov: 724 ft: 3102 corp: 62/1507b lim: 33 exec/s: 0 rss: 35Mb L: 15/33 MS: 1 PersAutoDict- DE: "\001\000\000\000\000\000\000\010"-
#110	NEW    cov: 724 ft: 3108 corp: 63/1539b lim: 33 exec/s: 0 rss: 35Mb L: 32/33 MS: 1 PersAutoDict- DE: ">\000"-
#111	NEW    cov: 724 ft: 3124 corp: 64/1551b lim: 33 exec/s: 0 rss: 35Mb L: 12/33 MS: 1 ChangeBinInt-
#112	NEW    cov: 724 ft: 3125 corp: 65/1561b lim: 33 exec/s: 0 rss: 35Mb L: 10/33 MS: 1 ChangeBit-
#115	NEW    cov: 724 ft: 3127 corp: 66/1594b lim: 33 exec/s: 0 rss: 35Mb L: 33/33 MS: 3 ShuffleBytes-ChangeBit-PersAutoDict- DE: ">\000"-
#116	NEW    cov: 743 ft: 3168 corp: 67/1604b lim: 33 exec/s: 0 rss: 35Mb L: 10/33 MS: 1 ChangeBit-
#118	NEW    cov: 743 ft: 3169 corp: 68/1637b lim: 33 exec/s: 0 rss: 35Mb L: 33/33 MS: 2 ShuffleBytes-ChangeBinInt-
#122	NEW    cov: 743 ft: 3170 corp: 69/1657b lim: 33 exec/s: 0 rss: 35Mb L: 20/33 MS: 4 ShuffleBytes-CMP-PersAutoDict-ChangeBinInt- DE: "\000\000\000\000\000\000\000\007"-"-02"-
#123	NEW    cov: 745 ft: 3198 corp: 70/1688b lim: 33 exec/s: 0 rss: 35Mb L: 31/33 MS: 1 ChangeBinInt-
#124	NEW    cov: 746 ft: 3205 corp: 71/1713b lim: 33 exec/s: 0 rss: 35Mb L: 25/33 MS: 1 PersAutoDict- DE: "\000\000\000\000\000\000\000\007"-
#125	NEW    cov: 747 ft: 3209 corp: 72/1739b lim: 33 exec/s: 0 rss: 35Mb L: 26/33 MS: 1 ChangeBinInt-
#126	NEW    cov: 747 ft: 3212 corp: 73/1769b lim: 33 exec/s: 0 rss: 35Mb L: 30/33 MS: 1 ShuffleBytes-
#127	NEW    cov: 747 ft: 3214 corp: 74/1779b lim: 33 exec/s: 0 rss: 35Mb L: 10/33 MS: 1 PersAutoDict- DE: "-02"-
#128	NEW    cov: 747 ft: 3215 corp: 75/1789b lim: 33 exec/s: 0 rss: 35Mb L: 10/33 MS: 1 CopyPart-
#129	NEW    cov: 747 ft: 3216 corp: 76/1822b lim: 33 exec/s: 0 rss: 35Mb L: 33/33 MS: 1 ShuffleBytes-
#130	NEW    cov: 747 ft: 3221 corp: 77/1830b lim: 33 exec/s: 0 rss: 35Mb L: 8/33 MS: 1 PersAutoDict- DE: "-02"-
#131	NEW    cov: 748 ft: 3232 corp: 78/1860b lim: 33 exec/s: 0 rss: 35Mb L: 30/33 MS: 1 CopyPart-
#132	NEW    cov: 748 ft: 3233 corp: 79/1891b lim: 33 exec/s: 0 rss: 35Mb L: 31/33 MS: 1 ChangeBit-
#133	REDUCE cov: 748 ft: 3233 corp: 79/1889b lim: 33 exec/s: 0 rss: 35Mb L: 8/33 MS: 1 EraseBytes-
#140	NEW    cov: 751 ft: 3247 corp: 80/1900b lim: 33 exec/s: 0 rss: 35Mb L: 11/33 MS: 2 EraseBytes-CrossOver-
#142	NEW    cov: 751 ft: 3250 corp: 81/1912b lim: 33 exec/s: 0 rss: 35Mb L: 12/33 MS: 2 ChangeByte-ChangeByte-
#145	NEW    cov: 751 ft: 3255 corp: 82/1945b lim: 33 exec/s: 0 rss: 35Mb L: 33/33 MS: 3 ChangeBit-ChangeByte-CMP- DE: "scri0t"-
#148	NEW    cov: 751 ft: 3262 corp: 83/1949b lim: 33 exec/s: 0 rss: 35Mb L: 4/33 MS: 3 ChangeBit-InsertByte-CrossOver-
#149	NEW    cov: 751 ft: 3263 corp: 84/1970b lim: 33 exec/s: 0 rss: 35Mb L: 21/33 MS: 1 EraseBytes-
#151	NEW    cov: 751 ft: 3266 corp: 85/1988b lim: 33 exec/s: 0 rss: 35Mb L: 18/33 MS: 2 ChangeBit-CrossOver-
#154	NEW    cov: 752 ft: 3272 corp: 86/1997b lim: 33 exec/s: 0 rss: 35Mb L: 9/33 MS: 3 CopyPart-EraseBytes-ChangeBinInt-
#158	NEW    cov: 752 ft: 3282 corp: 87/2030b lim: 33 exec/s: 0 rss: 35Mb L: 33/33 MS: 4 ChangeByte-ChangeBit-ChangeBinInt-ChangeBinInt-
#160	NEW    cov: 752 ft: 3284 corp: 88/2063b lim: 33 exec/s: 0 rss: 35Mb L: 33/33 MS: 2 InsertByte-ChangeBinInt-
#166	NEW    cov: 752 ft: 3285 corp: 89/2077b lim: 33 exec/s: 0 rss: 35Mb L: 14/33 MS: 1 CMP- DE: "-07:00"-
#168	NEW    cov: 752 ft: 3299 corp: 90/2110b lim: 33 exec/s: 0 rss: 35Mb L: 33/33 MS: 2 ChangeBit-CopyPart-
#169	NEW    cov: 754 ft: 3304 corp: 91/2122b lim: 33 exec/s: 0 rss: 35Mb L: 12/33 MS: 1 PersAutoDict- DE: "-02"-
#170	NEW    cov: 783 ft: 3363 corp: 92/2153b lim: 33 exec/s: 0 rss: 35Mb L: 31/33 MS: 1 CMP- DE: "\177\000"-
#172	NEW    cov: 783 ft: 3374 corp: 93/2184b lim: 33 exec/s: 0 rss: 36Mb L: 31/33 MS: 2 ShuffleBytes-ChangeBinInt-
#176	NEW    cov: 783 ft: 3401 corp: 94/2216b lim: 33 exec/s: 0 rss: 36Mb L: 32/33 MS: 4 ChangeBinInt-EraseBytes-CopyPart-CrossOver-
#182	NEW    cov: 783 ft: 3404 corp: 95/2248b lim: 33 exec/s: 0 rss: 36Mb L: 32/33 MS: 1 CMP- DE: "\001\000\000\000\000\000\000\000"-
#183	NEW    cov: 783 ft: 3410 corp: 96/2259b lim: 33 exec/s: 0 rss: 36Mb L: 11/33 MS: 1 EraseBytes-
#184	NEW    cov: 783 ft: 3414 corp: 97/2292b lim: 33 exec/s: 0 rss: 36Mb L: 33/33 MS: 1 ShuffleBytes-
#185	NEW    cov: 783 ft: 3419 corp: 98/2322b lim: 33 exec/s: 0 rss: 36Mb L: 30/33 MS: 1 CrossOver-
#186	NEW    cov: 783 ft: 3423 corp: 99/2354b lim: 33 exec/s: 0 rss: 36Mb L: 32/33 MS: 1 ChangeBit-
#187	NEW    cov: 788 ft: 3453 corp: 100/2382b lim: 33 exec/s: 0 rss: 36Mb L: 28/33 MS: 1 ChangeBinInt-
#188	NEW    cov: 788 ft: 3455 corp: 101/2407b lim: 33 exec/s: 0 rss: 36Mb L: 25/33 MS: 1 ChangeBinInt-
#189	NEW    cov: 788 ft: 3467 corp: 102/2416b lim: 33 exec/s: 0 rss: 36Mb L: 9/33 MS: 1 ChangeBinInt-
#190	NEW    cov: 789 ft: 3477 corp: 103/2446b lim: 33 exec/s: 0 rss: 36Mb L: 30/33 MS: 1 ChangeByte-
#192	NEW    cov: 789 ft: 3484 corp: 104/2456b lim: 33 exec/s: 0 rss: 36Mb L: 10/33 MS: 2 CrossOver-InsertByte-
#193	NEW    cov: 789 ft: 3491 corp: 105/2487b lim: 33 exec/s: 0 rss: 36Mb L: 31/33 MS: 1 InsertByte-
#194	NEW    cov: 789 ft: 3494 corp: 106/2503b lim: 33 exec/s: 0 rss: 36Mb L: 16/33 MS: 1 ChangeByte-
#195	NEW    cov: 789 ft: 3495 corp: 107/2508b lim: 33 exec/s: 0 rss: 36Mb L: 5/33 MS: 1 EraseBytes-
#196	NEW    cov: 789 ft: 3522 corp: 108/2541b lim: 33 exec/s: 0 rss: 36Mb L: 33/33 MS: 1 CopyPart-
#200	NEW    cov: 789 ft: 3545 corp: 109/2572b lim: 33 exec/s: 0 rss: 36Mb L: 31/33 MS: 4 ChangeByte-CMP-ShuffleBytes-CopyPart- DE: "skript"-
#201	NEW    cov: 791 ft: 3550 corp: 110/2587b lim: 33 exec/s: 0 rss: 36Mb L: 15/33 MS: 1 InsertRepeatedBytes-
#202	NEW    cov: 791 ft: 3551 corp: 111/2618b lim: 33 exec/s: 0 rss: 36Mb L: 31/33 MS: 1 CopyPart-
#205	NEW    cov: 791 ft: 3554 corp: 112/2647b lim: 33 exec/s: 0 rss: 36Mb L: 29/33 MS: 3 ChangeBit-ChangeBinInt-ShuffleBytes-
#207	NEW    cov: 791 ft: 3557 corp: 113/2658b lim: 33 exec/s: 0 rss: 36Mb L: 11/33 MS: 2 InsertByte-CopyPart-
#209	NEW    cov: 791 ft: 3558 corp: 114/2691b lim: 33 exec/s: 0 rss: 36Mb L: 33/33 MS: 2 ChangeBit-ChangeBinInt-
#210	NEW    cov: 791 ft: 3562 corp: 115/2703b lim: 33 exec/s: 0 rss: 36Mb L: 12/33 MS: 1 ChangeBinInt-
#212	NEW    cov: 791 ft: 3563 corp: 116/2711b lim: 33 exec/s: 0 rss: 36Mb L: 8/33 MS: 2 ChangeByte-PersAutoDict- DE: "\001\000\000\000\000\000\000\000"-
#213	NEW    cov: 791 ft: 3565 corp: 117/2742b lim: 33 exec/s: 0 rss: 36Mb L: 31/33 MS: 1 ChangeBinInt-
#214	NEW    cov: 791 ft: 3566 corp: 118/2772b lim: 33 exec/s: 0 rss: 36Mb L: 30/33 MS: 1 InsertByte-
#226	NEW    cov: 791 ft: 3573 corp: 119/2803b lim: 33 exec/s: 0 rss: 36Mb L: 31/33 MS: 2 CMP-CrossOver- DE: "ocript"-
#227	NEW    cov: 791 ft: 3585 corp: 120/2813b lim: 33 exec/s: 0 rss: 36Mb L: 10/33 MS: 1 ShuffleBytes-
#228	NEW    cov: 791 ft: 3586 corp: 121/2820b lim: 33 exec/s: 0 rss: 36Mb L: 7/33 MS: 1 CopyPart-
#232	NEW    cov: 791 ft: 3590 corp: 122/2830b lim: 33 exec/s: 0 rss: 36Mb L: 10/33 MS: 4 ChangeBinInt-ChangeByte-ChangeByte-ChangeBit-
#237	NEW    cov: 791 ft: 3591 corp: 123/2848b lim: 33 exec/s: 0 rss: 36Mb L: 18/33 MS: 5 CopyPart-CrossOver-CMP-CrossOver-ChangeByte- DE: "433\000\000\000\000\000"-
#238	NEW    cov: 791 ft: 3592 corp: 124/2866b lim: 33 exec/s: 0 rss: 36Mb L: 18/33 MS: 1 ChangeBinInt-
#240	NEW    cov: 791 ft: 3599 corp: 125/2898b lim: 33 exec/s: 0 rss: 36Mb L: 32/33 MS: 2 InsertByte-ChangeBinInt-
#241	NEW    cov: 791 ft: 3612 corp: 126/2931b lim: 33 exec/s: 0 rss: 36Mb L: 33/33 MS: 1 PersAutoDict- DE: "\177\000"-
#244	NEW    cov: 791 ft: 3617 corp: 127/2961b lim: 33 exec/s: 0 rss: 36Mb L: 30/33 MS: 3 CopyPart-ChangeBit-EraseBytes-
#246	NEW    cov: 791 ft: 3620 corp: 128/2992b lim: 33 exec/s: 0 rss: 36Mb L: 31/33 MS: 2 ShuffleBytes-PersAutoDict- DE: "skript"-
#248	NEW    cov: 791 ft: 3621 corp: 129/3022b lim: 33 exec/s: 0 rss: 36Mb L: 30/33 MS: 2 ChangeByte-ChangeBit-
#254	NEW    cov: 791 ft: 3622 corp: 130/3054b lim: 33 exec/s: 0 rss: 36Mb L: 32/33 MS: 1 ShuffleBytes-
#258	NEW    cov: 791 ft: 3623 corp: 131/3076b lim: 33 exec/s: 0 rss: 36Mb L: 22/33 MS: 4 ChangeBit-PersAutoDict-ChangeASCIIInt-CrossOver- DE: "433\000\000\000\000\000"-
#264	NEW    cov: 791 ft: 3624 corp: 132/3108b lim: 33 exec/s: 0 rss: 36Mb L: 32/33 MS: 1 CMP- DE: "\000\000\000\004"-
#265	NEW    cov: 791 ft: 3627 corp: 133/3140b lim: 33 exec/s: 0 rss: 36Mb L: 32/33 MS: 1 ChangeBinInt-
#266	NEW    cov: 794 ft: 3656 corp: 134/3172b lim: 33 exec/s: 0 rss: 36Mb L: 32/33 MS: 1 InsertByte-
#267	NEW    cov: 794 ft: 3657 corp: 135/3187b lim: 33 exec/s: 0 rss: 36Mb L: 15/33 MS: 1 PersAutoDict- DE: "\177\000"-
#271	NEW    cov: 794 ft: 3659 corp: 136/3219b lim: 33 exec/s: 0 rss: 36Mb L: 32/33 MS: 4 InsertByte-ShuffleBytes-ChangeBit-CrossOver-
#273	NEW    cov: 797 ft: 3674 corp: 137/3252b lim: 33 exec/s: 0 rss: 36Mb L: 33/33 MS: 2 ChangeBit-ChangeBit-
#274	NEW    cov: 797 ft: 3676 corp: 138/3264b lim: 33 exec/s: 0 rss: 36Mb L: 12/33 MS: 1 CrossOver-
#278	NEW    cov: 798 ft: 3690 corp: 139/3283b lim: 33 exec/s: 0 rss: 36Mb L: 19/33 MS: 4 ShuffleBytes-EraseBytes-CopyPart-ChangeByte-
#284	NEW    cov: 798 ft: 3696 corp: 140/3312b lim: 33 exec/s: 0 rss: 36Mb L: 29/33 MS: 1 CopyPart-
#285	NEW    cov: 801 ft: 3708 corp: 141/3345b lim: 33 exec/s: 0 rss: 36Mb L: 33/33 MS: 1 CopyPart-
#286	NEW    cov: 801 ft: 3710 corp: 142/3356b lim: 33 exec/s: 0 rss: 36Mb L: 11/33 MS: 1 ChangeBit-
#289	NEW    cov: 801 ft: 3711 corp: 143/3389b lim: 33 exec/s: 0 rss: 36Mb L: 33/33 MS: 3 ChangeBit-CopyPart-InsertByte-
#292	NEW    cov: 801 ft: 3712 corp: 144/3422b lim: 33 exec/s: 0 rss: 36Mb L: 33/33 MS: 3 InsertRepeatedBytes-ShuffleBytes-ChangeByte-
#293	NEW    cov: 801 ft: 3713 corp: 145/3444b lim: 33 exec/s: 0 rss: 36Mb L: 22/33 MS: 1 InsertRepeatedBytes-
#299	NEW    cov: 801 ft: 3716 corp: 146/3469b lim: 33 exec/s: 0 rss: 36Mb L: 25/33 MS: 1 PersAutoDict- DE: ">\000"-
#303	NEW    cov: 801 ft: 3717 corp: 147/3478b lim: 33 exec/s: 0 rss: 36Mb L: 9/33 MS: 4 EraseBytes-InsertByte-ChangeByte-EraseBytes-
#305	NEW    cov: 801 ft: 3718 corp: 148/3507b lim: 33 exec/s: 0 rss: 36Mb L: 29/33 MS: 2 InsertRepeatedBytes-ChangeByte-
#306	NEW    cov: 801 ft: 3719 corp: 149/3522b lim: 33 exec/s: 0 rss: 36Mb L: 15/33 MS: 1 ChangeBinInt-
#307	NEW    cov: 801 ft: 3720 corp: 150/3531b lim: 33 exec/s: 0 rss: 36Mb L: 9/33 MS: 1 ChangeBinInt-
#308	NEW    cov: 801 ft: 3734 corp: 151/3561b lim: 33 exec/s: 0 rss: 36Mb L: 30/33 MS: 1 CopyPart-
#309	NEW    cov: 801 ft: 3736 corp: 152/3594b lim: 33 exec/s: 0 rss: 36Mb L: 33/33 MS: 1 CopyPart-
#310	NEW    cov: 801 ft: 3739 corp: 153/3624b lim: 33 exec/s: 0 rss: 36Mb L: 30/33 MS: 1 ChangeBinInt-
panic: unexpected script tag

goroutine 17 [running, locked to thread]:
git.ultraware.nl/iddinkgroep/fundament-api.Fuzz({0xc000482b60?, 0x561a253c5c20?})
	git.ultraware.nl/iddinkgroep/fundament-api/fuzz.go:16 +0x1df
git.ultraware.nl/iddinkgroep/fundament-api.Fuzz_(...)
	git.ultraware.nl/iddinkgroep/fundament-api/fuzz.1564991230.go:6
main.LLVMFuzzerTestOneInput(...)
	./main.281461698.go:21
==22426== ERROR: libFuzzer: deadly signal
    #0 0x561a241dd630 in __sanitizer_print_stack_trace (/seedai/experiments/libfuzzer/source_clean_html/libfuzzer+0xd2630) (BuildId: d90bef6f09e3e624333610ebdf4ab8552e095b2f)
    #1 0x561a241a9755 in fuzzer::PrintStackTrace() (/seedai/experiments/libfuzzer/source_clean_html/libfuzzer+0x9e755) (BuildId: d90bef6f09e3e624333610ebdf4ab8552e095b2f)
    #2 0x561a241883a9 in fuzzer::Fuzzer::CrashCallback() (.part.0) FuzzerLoop.cpp.o
    #3 0x561a2418846a in fuzzer::Fuzzer::StaticCrashSignalCallback() (/seedai/experiments/libfuzzer/source_clean_html/libfuzzer+0x7d46a) (BuildId: d90bef6f09e3e624333610ebdf4ab8552e095b2f)
    #4 0x7f7afdc3870f  (/usr/lib/libc.so.6+0x3e70f) (BuildId: 316d0d3666387f0e8fb98773f51aa1801027c5ab)
    #5 0x561a24241c80 in runtime.raise.abi0 runtime/sys_linux_amd64.s:153

NOTE: libFuzzer has rudimentary signal handlers.
      Combine libFuzzer with AddressSanitizer or similar for better crash reports.
SUMMARY: libFuzzer: deadly signal
MS: 3 InsertRepeatedBytes-CrossOver-CrossOver-; base unit: f7f4da48ce768d5581356aacfb8b889e84227f85
0x3c,0x3c,0x3c,0x73,0x63,0x72,0x69,0x30,0x74,0x3e,0x73,0x63,0x72,0x69,0x70,0x74,0x3e,0x61,0x6c,0xff,0xff,0xff,0x65,0x72,0x74,0x61,0x6c,0x28,0x31,0x2e,0x35,
<<<scri0t>script>al\377\377\377ertal(1.5
artifact_prefix='./'; Test unit written to ./crash-078674667683f1572343464d7219824258a929d2
Base64: PDw8c2NyaTB0PnNjcmlwdD5hbP///2VydGFsKDEuNQ==
