INFO: Running with entropic power schedule (0xFF, 100).
INFO: Seed: 1887660412
INFO: Loaded 1 modules   (70 inline 8-bit counters): 70 [0x55b9abbc4030, 0x55b9abbc4076), 
INFO: Loaded 1 PC tables (70 PCs): 70 [0xc000068000,0xc000068460), 
INFO:        7 files found in corpus
INFO: -max_len is not provided; libFuzzer will not generate inputs larger than 4096 bytes
INFO: seed corpus: files: 7 min: 8b max: 25b total: 131b rss: 29Mb
#8	INITED cov: 43 ft: 142 corp: 6/106b exec/s: 0 rss: 29Mb
#14	NEW    cov: 43 ft: 143 corp: 7/127b lim: 23 exec/s: 0 rss: 29Mb L: 21/23 MS: 1 InsertRepeatedBytes-
#15	NEW    cov: 45 ft: 151 corp: 8/145b lim: 23 exec/s: 0 rss: 29Mb L: 18/23 MS: 1 CMP- DE: "\001\000\000\000\000\000\000\022"-
#18	NEW    cov: 45 ft: 152 corp: 9/157b lim: 23 exec/s: 0 rss: 29Mb L: 12/23 MS: 3 InsertByte-ChangeBit-CrossOver-
#26	NEW    cov: 46 ft: 155 corp: 10/180b lim: 23 exec/s: 0 rss: 29Mb L: 23/23 MS: 3 ChangeByte-ChangeBit-PersAutoDict- DE: "\001\000\000\000\000\000\000\022"-
#30	NEW    cov: 46 ft: 156 corp: 11/184b lim: 23 exec/s: 0 rss: 29Mb L: 4/23 MS: 4 InsertByte-ChangeBit-ChangeByte-CrossOver-
#36	NEW    cov: 46 ft: 158 corp: 12/198b lim: 23 exec/s: 0 rss: 29Mb L: 14/23 MS: 1 EraseBytes-
#37	NEW    cov: 46 ft: 159 corp: 13/199b lim: 23 exec/s: 0 rss: 29Mb L: 1/23 MS: 1 CrossOver-
#41	NEW    cov: 46 ft: 161 corp: 14/215b lim: 23 exec/s: 0 rss: 29Mb L: 16/23 MS: 4 CrossOver-ChangeBit-EraseBytes-PersAutoDict- DE: "\001\000\000\000\000\000\000\022"-
#43	NEW    cov: 46 ft: 163 corp: 15/230b lim: 23 exec/s: 0 rss: 29Mb L: 15/23 MS: 2 ChangeBinInt-EraseBytes-
#90	NEW    cov: 46 ft: 167 corp: 16/248b lim: 23 exec/s: 0 rss: 29Mb L: 18/23 MS: 2 ChangeBit-InsertByte-
#94	REDUCE cov: 46 ft: 167 corp: 16/243b lim: 23 exec/s: 0 rss: 29Mb L: 18/23 MS: 4 CopyPart-ShuffleBytes-ShuffleBytes-CrossOver-
#113	NEW    cov: 46 ft: 175 corp: 17/259b lim: 23 exec/s: 0 rss: 29Mb L: 16/23 MS: 4 ChangeASCIIInt-ChangeBinInt-PersAutoDict-PersAutoDict- DE: "\001\000\000\000\000\000\000\022"-"\001\000\000\000\000\000\000\022"-
#196	REDUCE cov: 46 ft: 175 corp: 17/258b lim: 23 exec/s: 0 rss: 29Mb L: 3/23 MS: 3 InsertByte-CopyPart-EraseBytes-
#197	NEW    cov: 46 ft: 177 corp: 18/274b lim: 23 exec/s: 0 rss: 29Mb L: 16/23 MS: 1 ChangeBit-
#203	NEW    cov: 46 ft: 181 corp: 19/292b lim: 23 exec/s: 0 rss: 29Mb L: 18/23 MS: 1 ChangeByte-
#240	REDUCE cov: 46 ft: 181 corp: 19/291b lim: 23 exec/s: 0 rss: 29Mb L: 20/23 MS: 2 EraseBytes-CopyPart-
#276	REDUCE cov: 46 ft: 182 corp: 20/312b lim: 23 exec/s: 0 rss: 30Mb L: 21/23 MS: 1 InsertByte-
#307	NEW    cov: 46 ft: 183 corp: 21/314b lim: 23 exec/s: 0 rss: 30Mb L: 2/23 MS: 1 InsertByte-
#323	NEW    cov: 46 ft: 185 corp: 22/332b lim: 23 exec/s: 0 rss: 30Mb L: 18/23 MS: 1 ChangeASCIIInt-
#360	NEW    cov: 46 ft: 186 corp: 23/351b lim: 23 exec/s: 0 rss: 30Mb L: 19/23 MS: 2 CMP-ChangeBinInt- DE: "\377/"-
#369	REDUCE cov: 46 ft: 186 corp: 23/350b lim: 23 exec/s: 0 rss: 30Mb L: 17/23 MS: 4 InsertByte-InsertRepeatedBytes-EraseBytes-InsertRepeatedBytes-
#420	NEW    cov: 46 ft: 192 corp: 24/368b lim: 23 exec/s: 0 rss: 30Mb L: 18/23 MS: 1 ChangeByte-
#506	REDUCE cov: 46 ft: 192 corp: 24/367b lim: 23 exec/s: 0 rss: 30Mb L: 2/23 MS: 1 EraseBytes-
#628	REDUCE cov: 46 ft: 192 corp: 24/353b lim: 23 exec/s: 0 rss: 30Mb L: 9/21 MS: 2 ShuffleBytes-CrossOver-
#714	NEW    cov: 46 ft: 200 corp: 25/371b lim: 23 exec/s: 0 rss: 30Mb L: 18/21 MS: 1 ShuffleBytes-
#752	NEW    cov: 46 ft: 202 corp: 26/387b lim: 23 exec/s: 0 rss: 30Mb L: 16/21 MS: 3 ChangeByte-ChangeByte-ChangeByte-
#843	NEW    cov: 46 ft: 204 corp: 27/405b lim: 23 exec/s: 0 rss: 30Mb L: 18/21 MS: 1 CrossOver-
#849	NEW    cov: 46 ft: 209 corp: 28/423b lim: 23 exec/s: 0 rss: 30Mb L: 18/21 MS: 1 ShuffleBytes-
#850	NEW    cov: 46 ft: 210 corp: 29/441b lim: 23 exec/s: 0 rss: 30Mb L: 18/21 MS: 1 ChangeBit-
#941	NEW    cov: 46 ft: 213 corp: 30/459b lim: 23 exec/s: 0 rss: 30Mb L: 18/21 MS: 1 ChangeBit-
#959	NEW    cov: 46 ft: 214 corp: 31/475b lim: 23 exec/s: 0 rss: 30Mb L: 16/21 MS: 3 EraseBytes-InsertByte-ChangeBit-
#1027	NEW    cov: 46 ft: 215 corp: 32/493b lim: 23 exec/s: 0 rss: 30Mb L: 18/21 MS: 3 ShuffleBytes-ShuffleBytes-ShuffleBytes-
#1038	NEW    cov: 46 ft: 219 corp: 33/511b lim: 23 exec/s: 0 rss: 30Mb L: 18/21 MS: 1 ChangeBit-
#1041	REDUCE cov: 46 ft: 219 corp: 33/510b lim: 23 exec/s: 0 rss: 30Mb L: 1/21 MS: 3 CopyPart-ChangeByte-EraseBytes-
#1047	NEW    cov: 46 ft: 221 corp: 34/528b lim: 23 exec/s: 0 rss: 30Mb L: 18/21 MS: 1 ChangeASCIIInt-
#1115	NEW    cov: 46 ft: 222 corp: 35/546b lim: 23 exec/s: 0 rss: 30Mb L: 18/21 MS: 3 CrossOver-ShuffleBytes-ChangeASCIIInt-
#1246	NEW    cov: 46 ft: 223 corp: 36/564b lim: 23 exec/s: 0 rss: 30Mb L: 18/21 MS: 1 CrossOver-
#1313	NEW    cov: 46 ft: 226 corp: 37/580b lim: 23 exec/s: 0 rss: 30Mb L: 16/21 MS: 2 ChangeASCIIInt-ChangeByte-
#1445	NEW    cov: 46 ft: 227 corp: 38/598b lim: 23 exec/s: 0 rss: 30Mb L: 18/21 MS: 2 ChangeASCIIInt-ChangeBit-
#1446	NEW    cov: 47 ft: 228 corp: 39/616b lim: 23 exec/s: 0 rss: 30Mb L: 18/21 MS: 1 ChangeByte-
#1691	NEW    cov: 47 ft: 229 corp: 40/634b lim: 23 exec/s: 0 rss: 30Mb L: 18/21 MS: 5 ChangeASCIIInt-CMP-InsertByte-EraseBytes-ChangeBinInt- DE: "7\000"-
#1808	NEW    cov: 47 ft: 231 corp: 41/652b lim: 23 exec/s: 0 rss: 30Mb L: 18/21 MS: 2 ChangeBit-ChangeASCIIInt-
#1884	NEW    cov: 47 ft: 233 corp: 42/670b lim: 23 exec/s: 0 rss: 30Mb L: 18/21 MS: 1 CrossOver-
#1943	NEW    cov: 47 ft: 236 corp: 43/686b lim: 23 exec/s: 0 rss: 30Mb L: 16/21 MS: 4 ChangeASCIIInt-ChangeByte-ChangeBit-InsertByte-
#1999	REDUCE cov: 47 ft: 236 corp: 43/682b lim: 23 exec/s: 0 rss: 30Mb L: 15/21 MS: 1 EraseBytes-
#2035	NEW    cov: 48 ft: 241 corp: 44/700b lim: 23 exec/s: 0 rss: 30Mb L: 18/21 MS: 1 EraseBytes-
#2302	NEW    cov: 48 ft: 242 corp: 45/718b lim: 23 exec/s: 0 rss: 30Mb L: 18/21 MS: 2 ShuffleBytes-ChangeBit-
#2633	REDUCE cov: 48 ft: 242 corp: 45/714b lim: 23 exec/s: 0 rss: 30Mb L: 5/21 MS: 1 EraseBytes-
#2664	NEW    cov: 48 ft: 243 corp: 46/732b lim: 23 exec/s: 0 rss: 30Mb L: 18/21 MS: 1 ChangeASCIIInt-
#2709	REDUCE cov: 48 ft: 243 corp: 46/729b lim: 23 exec/s: 0 rss: 30Mb L: 15/21 MS: 5 InsertRepeatedBytes-ChangeASCIIInt-CopyPart-ChangeBit-EraseBytes-
#2931	REDUCE cov: 48 ft: 243 corp: 46/727b lim: 23 exec/s: 0 rss: 30Mb L: 3/21 MS: 2 CrossOver-EraseBytes-
#2942	NEW    cov: 48 ft: 244 corp: 47/745b lim: 23 exec/s: 0 rss: 30Mb L: 18/21 MS: 1 ShuffleBytes-
#3354	NEW    cov: 48 ft: 245 corp: 48/763b lim: 27 exec/s: 0 rss: 31Mb L: 18/21 MS: 2 ChangeByte-ChangeByte-
#3432	NEW    cov: 48 ft: 246 corp: 49/790b lim: 27 exec/s: 0 rss: 31Mb L: 27/27 MS: 3 InsertRepeatedBytes-InsertByte-InsertRepeatedBytes-
#3488	NEW    cov: 48 ft: 247 corp: 50/808b lim: 27 exec/s: 0 rss: 31Mb L: 18/27 MS: 1 InsertByte-
#3659	NEW    cov: 48 ft: 248 corp: 51/835b lim: 27 exec/s: 0 rss: 31Mb L: 27/27 MS: 1 InsertRepeatedBytes-
#3925	NEW    cov: 48 ft: 249 corp: 52/853b lim: 27 exec/s: 0 rss: 31Mb L: 18/27 MS: 1 CopyPart-
#4086	NEW    cov: 48 ft: 250 corp: 53/871b lim: 27 exec/s: 0 rss: 31Mb L: 18/27 MS: 1 ChangeBit-
#4515	REDUCE cov: 48 ft: 251 corp: 54/902b lim: 31 exec/s: 0 rss: 31Mb L: 31/31 MS: 4 ChangeBinInt-InsertRepeatedBytes-CMP-InsertRepeatedBytes- DE: "\022\000\000\000\000\000\000\000"-
#4591	REDUCE cov: 48 ft: 252 corp: 55/917b lim: 31 exec/s: 0 rss: 31Mb L: 15/31 MS: 1 ChangeBinInt-
#4632	NEW    cov: 48 ft: 253 corp: 56/935b lim: 31 exec/s: 0 rss: 31Mb L: 18/31 MS: 1 ChangeBit-
#4709	NEW    cov: 48 ft: 254 corp: 57/964b lim: 31 exec/s: 0 rss: 31Mb L: 29/31 MS: 2 ChangeBinInt-CMP- DE: "F\000"-
#5123	NEW    cov: 48 ft: 255 corp: 58/997b lim: 35 exec/s: 0 rss: 31Mb L: 33/33 MS: 4 ShuffleBytes-InsertByte-ChangeBinInt-InsertRepeatedBytes-
#5222	NEW    cov: 48 ft: 257 corp: 59/1031b lim: 35 exec/s: 0 rss: 31Mb L: 34/34 MS: 4 CopyPart-ShuffleBytes-CopyPart-InsertRepeatedBytes-
#5319	NEW    cov: 48 ft: 258 corp: 60/1047b lim: 35 exec/s: 0 rss: 31Mb L: 16/34 MS: 2 ChangeByte-EraseBytes-
#5350	NEW    cov: 48 ft: 259 corp: 61/1065b lim: 35 exec/s: 0 rss: 31Mb L: 18/34 MS: 1 ChangeBinInt-
#5387	REDUCE cov: 48 ft: 259 corp: 61/1063b lim: 35 exec/s: 0 rss: 31Mb L: 16/34 MS: 2 ChangeByte-EraseBytes-
#5477	REDUCE cov: 48 ft: 259 corp: 61/1062b lim: 35 exec/s: 0 rss: 31Mb L: 19/34 MS: 5 ChangeBit-ChangeBinInt-InsertRepeatedBytes-ChangeBit-EraseBytes-
#5498	NEW    cov: 48 ft: 260 corp: 62/1080b lim: 35 exec/s: 0 rss: 31Mb L: 18/34 MS: 1 CopyPart-
#6119	NEW    cov: 48 ft: 261 corp: 63/1098b lim: 40 exec/s: 0 rss: 31Mb L: 18/34 MS: 1 ShuffleBytes-
#6370	NEW    cov: 48 ft: 263 corp: 64/1116b lim: 40 exec/s: 0 rss: 31Mb L: 18/34 MS: 1 ShuffleBytes-
#6441	NEW    cov: 48 ft: 264 corp: 65/1134b lim: 40 exec/s: 0 rss: 31Mb L: 18/34 MS: 1 ChangeASCIIInt-
#6547	NEW    cov: 48 ft: 265 corp: 66/1150b lim: 40 exec/s: 0 rss: 31Mb L: 16/34 MS: 1 ChangeBinInt-
#6773	NEW    cov: 48 ft: 266 corp: 67/1168b lim: 40 exec/s: 0 rss: 31Mb L: 18/34 MS: 1 CopyPart-
#6809	NEW    cov: 48 ft: 267 corp: 68/1186b lim: 40 exec/s: 0 rss: 31Mb L: 18/34 MS: 1 ChangeASCIIInt-
#7477	REDUCE cov: 48 ft: 268 corp: 69/1201b lim: 45 exec/s: 0 rss: 31Mb L: 15/34 MS: 3 ChangeBinInt-ShuffleBytes-ChangeBinInt-
#7865	NEW    cov: 48 ft: 269 corp: 70/1219b lim: 45 exec/s: 0 rss: 31Mb L: 18/34 MS: 3 CopyPart-ShuffleBytes-ChangeBinInt-
#7946	REDUCE cov: 48 ft: 269 corp: 70/1217b lim: 45 exec/s: 0 rss: 31Mb L: 15/34 MS: 1 EraseBytes-
#8075	REDUCE cov: 48 ft: 269 corp: 70/1213b lim: 45 exec/s: 0 rss: 32Mb L: 15/34 MS: 4 EraseBytes-ChangeByte-ChangeBinInt-CrossOver-
#8886	NEW    cov: 48 ft: 270 corp: 71/1231b lim: 50 exec/s: 0 rss: 32Mb L: 18/34 MS: 1 ChangeBinInt-
#8887	NEW    cov: 48 ft: 271 corp: 72/1249b lim: 50 exec/s: 0 rss: 32Mb L: 18/34 MS: 1 ShuffleBytes-
#9053	NEW    cov: 48 ft: 272 corp: 73/1267b lim: 50 exec/s: 0 rss: 32Mb L: 18/34 MS: 1 ChangeASCIIInt-
#9664	NEW    cov: 48 ft: 273 corp: 74/1285b lim: 55 exec/s: 0 rss: 32Mb L: 18/34 MS: 1 ShuffleBytes-
#10050	NEW    cov: 48 ft: 274 corp: 75/1303b lim: 55 exec/s: 0 rss: 32Mb L: 18/34 MS: 1 ChangeBit-
#10367	NEW    cov: 48 ft: 275 corp: 76/1321b lim: 55 exec/s: 0 rss: 32Mb L: 18/34 MS: 2 ChangeBinInt-ChangeBinInt-
#11020	NEW    cov: 48 ft: 276 corp: 77/1339b lim: 60 exec/s: 0 rss: 32Mb L: 18/34 MS: 3 CopyPart-CrossOver-ShuffleBytes-
#11482	REDUCE cov: 48 ft: 276 corp: 77/1337b lim: 60 exec/s: 0 rss: 32Mb L: 16/34 MS: 2 CrossOver-PersAutoDict- DE: "\377/"-
#12218	NEW    cov: 48 ft: 277 corp: 78/1355b lim: 65 exec/s: 0 rss: 32Mb L: 18/34 MS: 1 ChangeBit-
#15275	NEW    cov: 48 ft: 278 corp: 79/1373b lim: 95 exec/s: 0 rss: 33Mb L: 18/34 MS: 2 ChangeASCIIInt-ChangeBinInt-
#16177	REDUCE cov: 48 ft: 278 corp: 79/1372b lim: 101 exec/s: 0 rss: 33Mb L: 17/34 MS: 2 ChangeBinInt-EraseBytes-
#16272	REDUCE cov: 48 ft: 278 corp: 79/1370b lim: 101 exec/s: 0 rss: 33Mb L: 16/34 MS: 5 ChangeBinInt-InsertByte-EraseBytes-CrossOver-InsertByte-
#16678	REDUCE cov: 48 ft: 278 corp: 79/1369b lim: 101 exec/s: 0 rss: 33Mb L: 16/34 MS: 1 EraseBytes-
#18374	REDUCE cov: 48 ft: 279 corp: 80/1385b lim: 113 exec/s: 0 rss: 33Mb L: 16/34 MS: 1 ChangeASCIIInt-
#18445	NEW    cov: 48 ft: 280 corp: 81/1403b lim: 113 exec/s: 0 rss: 33Mb L: 18/34 MS: 1 CopyPart-
#19563	NEW    cov: 48 ft: 282 corp: 82/1421b lim: 119 exec/s: 0 rss: 34Mb L: 18/34 MS: 3 ChangeASCIIInt-ShuffleBytes-ChangeByte-
#20274	REDUCE cov: 48 ft: 282 corp: 82/1420b lim: 125 exec/s: 0 rss: 34Mb L: 15/34 MS: 1 EraseBytes-
#20760	NEW    cov: 48 ft: 283 corp: 83/1438b lim: 125 exec/s: 0 rss: 34Mb L: 18/34 MS: 1 ChangeASCIIInt-
#21052	NEW    cov: 48 ft: 284 corp: 84/1456b lim: 125 exec/s: 0 rss: 34Mb L: 18/34 MS: 2 CopyPart-ChangeASCIIInt-
#22479	NEW    cov: 48 ft: 291 corp: 85/1474b lim: 138 exec/s: 0 rss: 34Mb L: 18/34 MS: 2 ChangeBit-CopyPart-
#23501	NEW    cov: 48 ft: 292 corp: 86/1492b lim: 145 exec/s: 0 rss: 34Mb L: 18/34 MS: 2 ChangeBit-CopyPart-
#24002	NEW    cov: 48 ft: 293 corp: 87/1510b lim: 145 exec/s: 0 rss: 34Mb L: 18/34 MS: 1 CopyPart-
#27903	NEW    cov: 48 ft: 294 corp: 88/1528b lim: 180 exec/s: 0 rss: 34Mb L: 18/34 MS: 1 ShuffleBytes-
#30014	NEW    cov: 49 ft: 297 corp: 89/1546b lim: 194 exec/s: 0 rss: 34Mb L: 18/34 MS: 1 ChangeByte-
#30645	NEW    cov: 49 ft: 298 corp: 90/1564b lim: 194 exec/s: 0 rss: 34Mb L: 18/34 MS: 1 ShuffleBytes-
#33361	NEW    cov: 49 ft: 299 corp: 91/1582b lim: 215 exec/s: 0 rss: 35Mb L: 18/34 MS: 1 ShuffleBytes-
#41507	NEW    cov: 50 ft: 313 corp: 92/1600b lim: 289 exec/s: 0 rss: 35Mb L: 18/34 MS: 1 ChangeBit-
#41634	NEW    cov: 50 ft: 314 corp: 93/1618b lim: 289 exec/s: 0 rss: 35Mb L: 18/34 MS: 2 ChangeASCIIInt-ChangeByte-
#41751	NEW    cov: 50 ft: 315 corp: 94/1636b lim: 289 exec/s: 0 rss: 35Mb L: 18/34 MS: 2 ChangeByte-CrossOver-
#42062	NEW    cov: 50 ft: 317 corp: 95/1654b lim: 289 exec/s: 0 rss: 35Mb L: 18/34 MS: 1 ChangeBit-
#47974	NEW    cov: 50 ft: 318 corp: 96/1670b lim: 345 exec/s: 0 rss: 35Mb L: 16/34 MS: 2 ChangeBit-CopyPart-
#49645	NEW    cov: 50 ft: 319 corp: 97/1688b lim: 361 exec/s: 0 rss: 35Mb L: 18/34 MS: 1 ChangeBit-
#52151	NEW    cov: 50 ft: 323 corp: 98/1706b lim: 385 exec/s: 0 rss: 35Mb L: 18/34 MS: 1 CopyPart-
#56482	NEW    cov: 50 ft: 324 corp: 99/1724b lim: 425 exec/s: 0 rss: 35Mb L: 18/34 MS: 1 ChangeByte-
#66593	NEW    cov: 50 ft: 325 corp: 100/1742b lim: 522 exec/s: 0 rss: 35Mb L: 18/34 MS: 1 ChangeASCIIInt-
#68434	NEW    cov: 50 ft: 326 corp: 101/1760b lim: 540 exec/s: 0 rss: 35Mb L: 18/34 MS: 1 ChangeBit-
#69716	NEW    cov: 50 ft: 328 corp: 102/1778b lim: 549 exec/s: 0 rss: 35Mb L: 18/34 MS: 2 CopyPart-ChangeASCIIInt-
#70167	NEW    cov: 50 ft: 329 corp: 103/1796b lim: 549 exec/s: 0 rss: 35Mb L: 18/34 MS: 1 CopyPart-
#71758	NEW    cov: 50 ft: 330 corp: 104/1814b lim: 558 exec/s: 0 rss: 35Mb L: 18/34 MS: 1 ShuffleBytes-
#72555	NEW    cov: 50 ft: 331 corp: 105/1832b lim: 558 exec/s: 0 rss: 35Mb L: 18/34 MS: 2 ChangeBinInt-ShuffleBytes-
#72726	NEW    cov: 50 ft: 332 corp: 106/1850b lim: 558 exec/s: 0 rss: 35Mb L: 18/34 MS: 1 ShuffleBytes-
#72757	NEW    cov: 50 ft: 333 corp: 107/1868b lim: 558 exec/s: 0 rss: 35Mb L: 18/34 MS: 1 CrossOver-
#75688	NEW    cov: 50 ft: 334 corp: 108/1886b lim: 585 exec/s: 0 rss: 35Mb L: 18/34 MS: 1 ShuffleBytes-
#76604	NEW    cov: 50 ft: 335 corp: 109/1904b lim: 594 exec/s: 0 rss: 35Mb L: 18/34 MS: 1 CopyPart-
#81177	NEW    cov: 50 ft: 336 corp: 110/1922b lim: 639 exec/s: 0 rss: 35Mb L: 18/34 MS: 3 ShuffleBytes-ChangeBit-CopyPart-
#84018	NEW    cov: 50 ft: 337 corp: 111/1940b lim: 666 exec/s: 0 rss: 35Mb L: 18/34 MS: 1 ChangeBit-
#84814	NEW    cov: 50 ft: 338 corp: 112/1958b lim: 666 exec/s: 0 rss: 35Mb L: 18/34 MS: 1 CrossOver-
#87220	NEW    cov: 50 ft: 339 corp: 113/1976b lim: 684 exec/s: 0 rss: 35Mb L: 18/34 MS: 1 CopyPart-
#88671	NEW    cov: 50 ft: 340 corp: 114/1994b lim: 693 exec/s: 0 rss: 35Mb L: 18/34 MS: 1 CrossOver-
#99207	NEW    cov: 50 ft: 341 corp: 115/2012b lim: 792 exec/s: 0 rss: 35Mb L: 18/34 MS: 1 ChangeASCIIInt-
#99323	NEW    cov: 50 ft: 342 corp: 116/2030b lim: 792 exec/s: 0 rss: 35Mb L: 18/34 MS: 1 ChangeASCIIInt-
#104184	NEW    cov: 50 ft: 343 corp: 117/2048b lim: 837 exec/s: 0 rss: 35Mb L: 18/34 MS: 1 ChangeBit-
#105050	NEW    cov: 50 ft: 344 corp: 118/2066b lim: 837 exec/s: 0 rss: 35Mb L: 18/34 MS: 1 CopyPart-
#107878	NEW    cov: 50 ft: 345 corp: 119/2084b lim: 864 exec/s: 0 rss: 35Mb L: 18/34 MS: 3 ChangeBit-ChangeBit-ChangeASCIIInt-
#110249	NEW    cov: 50 ft: 346 corp: 120/2102b lim: 882 exec/s: 0 rss: 35Mb L: 18/34 MS: 1 CopyPart-
#110890	NEW    cov: 50 ft: 348 corp: 121/2120b lim: 882 exec/s: 0 rss: 35Mb L: 18/34 MS: 1 CopyPart-
#118288	NEW    cov: 50 ft: 349 corp: 122/2138b lim: 954 exec/s: 0 rss: 35Mb L: 18/34 MS: 3 ShuffleBytes-ChangeBit-ShuffleBytes-
#118344	NEW    cov: 50 ft: 350 corp: 123/2156b lim: 954 exec/s: 0 rss: 35Mb L: 18/34 MS: 1 ChangeByte-
#118900	NEW    cov: 50 ft: 351 corp: 124/2174b lim: 954 exec/s: 0 rss: 35Mb L: 18/34 MS: 1 ChangeASCIIInt-
#123541	NEW    cov: 50 ft: 352 corp: 125/2192b lim: 999 exec/s: 0 rss: 35Mb L: 18/34 MS: 1 ChangeBinInt-
#124059	REDUCE cov: 50 ft: 352 corp: 125/2190b lim: 999 exec/s: 0 rss: 35Mb L: 16/34 MS: 3 CopyPart-ChangeBit-EraseBytes-
#128695	NEW    cov: 50 ft: 353 corp: 126/2208b lim: 1036 exec/s: 0 rss: 35Mb L: 18/34 MS: 1 ChangeASCIIInt-
#146358	NEW    cov: 50 ft: 354 corp: 127/2226b lim: 1206 exec/s: 0 rss: 35Mb L: 18/34 MS: 3 ChangeBit-ChangeByte-CopyPart-
#148670	REDUCE cov: 50 ft: 354 corp: 127/2224b lim: 1226 exec/s: 0 rss: 35Mb L: 16/34 MS: 2 EraseBytes-ChangeBit-
#153608	REDUCE cov: 50 ft: 354 corp: 127/2222b lim: 1266 exec/s: 0 rss: 35Mb L: 16/34 MS: 3 ChangeASCIIInt-InsertByte-EraseBytes-
#173404	NEW    cov: 50 ft: 355 corp: 128/2240b lim: 1456 exec/s: 0 rss: 35Mb L: 18/34 MS: 1 ChangeBit-
#221310	NEW    cov: 50 ft: 356 corp: 129/2258b lim: 1926 exec/s: 0 rss: 35Mb L: 18/34 MS: 1 ChangeASCIIInt-
#235437	NEW    cov: 50 ft: 357 corp: 130/2274b lim: 2056 exec/s: 0 rss: 35Mb L: 16/34 MS: 2 ChangeBit-CopyPart-
#242610	NEW    cov: 50 ft: 359 corp: 131/2290b lim: 2122 exec/s: 0 rss: 35Mb L: 16/34 MS: 3 ShuffleBytes-ChangeByte-CMP- DE: "\377\377\377\377\377\377\377\017"-
#247047	NEW    cov: 50 ft: 360 corp: 132/2306b lim: 2166 exec/s: 0 rss: 35Mb L: 16/34 MS: 2 CMP-CopyPart- DE: "\023\000\000\000\000\000\000\000"-
#249256	REDUCE cov: 50 ft: 360 corp: 132/2305b lim: 2177 exec/s: 0 rss: 35Mb L: 15/34 MS: 4 CopyPart-ShuffleBytes-EraseBytes-InsertByte-
#253838	REDUCE cov: 50 ft: 360 corp: 132/2304b lim: 2221 exec/s: 0 rss: 35Mb L: 15/34 MS: 2 PersAutoDict-EraseBytes- DE: "\001\000\000\000\000\000\000\022"-
#267546	REDUCE cov: 50 ft: 360 corp: 132/2302b lim: 2353 exec/s: 0 rss: 35Mb L: 16/34 MS: 3 ChangeByte-ChangeByte-EraseBytes-
#279022	NEW    cov: 50 ft: 361 corp: 133/2318b lim: 2463 exec/s: 0 rss: 35Mb L: 16/34 MS: 1 CopyPart-
#288121	REDUCE cov: 50 ft: 362 corp: 134/2338b lim: 2551 exec/s: 0 rss: 35Mb L: 20/34 MS: 4 CMP-CopyPart-CopyPart-EraseBytes- DE: "\377\377\377\377\377\377\377\021"-
#303998	REDUCE cov: 50 ft: 364 corp: 135/2368b lim: 2705 exec/s: 0 rss: 35Mb L: 30/34 MS: 2 CopyPart-CopyPart-
#305900	NEW    cov: 50 ft: 365 corp: 136/2398b lim: 2716 exec/s: 0 rss: 35Mb L: 30/34 MS: 2 CopyPart-ChangeByte-
#314287	NEW    cov: 50 ft: 369 corp: 137/2428b lim: 2793 exec/s: 0 rss: 35Mb L: 30/34 MS: 2 ChangeBinInt-CopyPart-
#323864	NEW    cov: 50 ft: 370 corp: 138/2446b lim: 2881 exec/s: 0 rss: 35Mb L: 18/34 MS: 2 ChangeByte-ChangeBinInt-
#373364	REDUCE cov: 50 ft: 370 corp: 138/2444b lim: 3365 exec/s: 0 rss: 35Mb L: 16/34 MS: 5 ChangeASCIIInt-CrossOver-ChangeASCIIInt-PersAutoDict-EraseBytes- DE: "\377/"-
#381457	REDUCE cov: 50 ft: 370 corp: 138/2440b lim: 3442 exec/s: 0 rss: 35Mb L: 26/34 MS: 3 CMP-EraseBytes-ChangeBinInt- DE: "\000\000\000F"-
#393079	REDUCE cov: 50 ft: 370 corp: 138/2438b lim: 3552 exec/s: 0 rss: 35Mb L: 16/34 MS: 2 ChangeBit-EraseBytes-
#401705	NEW    cov: 50 ft: 372 corp: 139/2456b lim: 3629 exec/s: 0 rss: 35Mb L: 18/34 MS: 1 ChangeByte-
#422345	REDUCE cov: 50 ft: 372 corp: 139/2454b lim: 3827 exec/s: 0 rss: 35Mb L: 16/34 MS: 5 CopyPart-ChangeBinInt-ChangeBinInt-ChangeASCIIInt-EraseBytes-
#461305	NEW    cov: 50 ft: 373 corp: 140/2472b lim: 4096 exec/s: 461305 rss: 35Mb L: 18/34 MS: 1 ChangeBit-
#467546	NEW    cov: 50 ft: 374 corp: 141/2490b lim: 4096 exec/s: 467546 rss: 35Mb L: 18/34 MS: 1 ChangeBit-
#483987	NEW    cov: 50 ft: 375 corp: 142/2508b lim: 4096 exec/s: 483987 rss: 35Mb L: 18/34 MS: 1 ChangeBit-
#596529	NEW    cov: 50 ft: 376 corp: 143/2526b lim: 4096 exec/s: 596529 rss: 35Mb L: 18/34 MS: 2 ChangeBinInt-ChangeBit-
#608896	REDUCE cov: 50 ft: 376 corp: 143/2524b lim: 4096 exec/s: 608896 rss: 35Mb L: 19/34 MS: 2 EraseBytes-PersAutoDict- DE: "\377\377\377\377\377\377\377\017"-
#612952	REDUCE cov: 50 ft: 376 corp: 143/2522b lim: 4096 exec/s: 612952 rss: 35Mb L: 17/34 MS: 1 EraseBytes-
#656274	NEW    cov: 50 ft: 378 corp: 144/2540b lim: 4096 exec/s: 656274 rss: 35Mb L: 18/34 MS: 2 CopyPart-ChangeByte-
#663115	NEW    cov: 50 ft: 380 corp: 145/2558b lim: 4096 exec/s: 663115 rss: 35Mb L: 18/34 MS: 1 ChangeBit-
#666497	NEW    cov: 50 ft: 381 corp: 146/2576b lim: 4096 exec/s: 666497 rss: 35Mb L: 18/34 MS: 2 ChangeBit-CrossOver-
#808051	REDUCE cov: 50 ft: 381 corp: 146/2574b lim: 4096 exec/s: 808051 rss: 36Mb L: 16/34 MS: 4 CrossOver-EraseBytes-ChangeASCIIInt-PersAutoDict- DE: "F\000"-
#832931	REDUCE cov: 50 ft: 381 corp: 146/2572b lim: 4096 exec/s: 832931 rss: 36Mb L: 28/34 MS: 5 CopyPart-EraseBytes-CopyPart-ShuffleBytes-InsertByte-
#843913	REDUCE cov: 50 ft: 381 corp: 146/2570b lim: 4096 exec/s: 843913 rss: 36Mb L: 16/34 MS: 2 CrossOver-ChangeByte-
#874554	NEW    cov: 50 ft: 382 corp: 147/2588b lim: 4096 exec/s: 874554 rss: 36Mb L: 18/34 MS: 1 CopyPart-
#875015	NEW    cov: 50 ft: 383 corp: 148/2606b lim: 4096 exec/s: 875015 rss: 36Mb L: 18/34 MS: 1 ChangeBit-
#893907	REDUCE cov: 50 ft: 383 corp: 148/2604b lim: 4096 exec/s: 446953 rss: 36Mb L: 16/34 MS: 2 EraseBytes-ChangeByte-
#974009	REDUCE cov: 50 ft: 383 corp: 148/2602b lim: 4096 exec/s: 487004 rss: 36Mb L: 16/34 MS: 2 EraseBytes-ChangeByte-
#1011656	REDUCE cov: 50 ft: 383 corp: 148/2600b lim: 4096 exec/s: 505828 rss: 36Mb L: 16/34 MS: 2 InsertByte-EraseBytes-
#1048576	pulse  cov: 50 ft: 383 corp: 148/2600b lim: 4096 exec/s: 524288 rss: 36Mb
#1129590	REDUCE cov: 50 ft: 383 corp: 148/2598b lim: 4096 exec/s: 564795 rss: 36Mb L: 16/34 MS: 4 ShuffleBytes-ChangeByte-EraseBytes-ChangeBit-
#1137337	REDUCE cov: 50 ft: 383 corp: 148/2596b lim: 4096 exec/s: 568668 rss: 36Mb L: 16/34 MS: 2 ChangeByte-EraseBytes-
#1213621	REDUCE cov: 50 ft: 383 corp: 148/2594b lim: 4096 exec/s: 606810 rss: 36Mb L: 16/34 MS: 4 ChangeBit-ChangeBit-CrossOver-EraseBytes-
#1261316	REDUCE cov: 50 ft: 383 corp: 148/2592b lim: 4096 exec/s: 630658 rss: 36Mb L: 15/34 MS: 5 EraseBytes-ChangeASCIIInt-CMP-ChangeByte-PersAutoDict- DE: "\0016"-"\377\377\377\377\377\377\377\021"-
#1305665	REDUCE cov: 50 ft: 383 corp: 148/2590b lim: 4096 exec/s: 652832 rss: 36Mb L: 16/34 MS: 4 ChangeBit-ChangeByte-EraseBytes-ChangeBinInt-
#1341804	REDUCE cov: 50 ft: 383 corp: 148/2588b lim: 4096 exec/s: 670902 rss: 36Mb L: 25/34 MS: 4 CMP-EraseBytes-CopyPart-InsertByte- DE: "\010\000\000\000\000\000\000\000"-
#1390501	REDUCE cov: 50 ft: 383 corp: 148/2586b lim: 4096 exec/s: 463500 rss: 36Mb L: 16/34 MS: 2 EraseBytes-ChangeBinInt-
#1400368	NEW    cov: 50 ft: 384 corp: 149/2604b lim: 4096 exec/s: 466789 rss: 36Mb L: 18/34 MS: 2 ChangeASCIIInt-ChangeBit-
#1413586	REDUCE cov: 50 ft: 384 corp: 149/2602b lim: 4096 exec/s: 471195 rss: 36Mb L: 28/34 MS: 3 ChangeBit-EraseBytes-InsertByte-
#1426041	NEW    cov: 50 ft: 385 corp: 150/2622b lim: 4096 exec/s: 475347 rss: 36Mb L: 20/34 MS: 5 ShuffleBytes-ChangeASCIIInt-ChangeByte-ShuffleBytes-ChangeBinInt-
#1426711	REDUCE cov: 50 ft: 385 corp: 150/2621b lim: 4096 exec/s: 475570 rss: 36Mb L: 19/34 MS: 5 InsertRepeatedBytes-ChangeByte-EraseBytes-EraseBytes-EraseBytes-
#1427783	REDUCE cov: 50 ft: 385 corp: 150/2618b lim: 4096 exec/s: 475927 rss: 36Mb L: 16/34 MS: 2 ChangeByte-EraseBytes-
#1429234	REDUCE cov: 50 ft: 385 corp: 150/2617b lim: 4096 exec/s: 476411 rss: 36Mb L: 15/34 MS: 1 EraseBytes-
#1433007	REDUCE cov: 50 ft: 385 corp: 150/2615b lim: 4096 exec/s: 477669 rss: 36Mb L: 16/34 MS: 3 EraseBytes-ChangeBit-InsertByte-
#1485354	REDUCE cov: 50 ft: 385 corp: 150/2613b lim: 4096 exec/s: 495118 rss: 36Mb L: 16/34 MS: 2 ChangeByte-EraseBytes-
#1503133	NEW    cov: 50 ft: 386 corp: 151/2631b lim: 4096 exec/s: 501044 rss: 36Mb L: 18/34 MS: 4 ChangeASCIIInt-ChangeByte-ChangeBit-ChangeBinInt-
#1509094	NEW    cov: 50 ft: 388 corp: 152/2649b lim: 4096 exec/s: 503031 rss: 36Mb L: 18/34 MS: 1 ChangeBit-
#1519052	REDUCE cov: 50 ft: 389 corp: 153/2681b lim: 4096 exec/s: 506350 rss: 36Mb L: 32/34 MS: 3 CopyPart-ChangeBit-EraseBytes-
#1537154	NEW    cov: 50 ft: 395 corp: 154/2713b lim: 4096 exec/s: 512384 rss: 36Mb L: 32/34 MS: 2 ChangeBit-CopyPart-
#1540805	NEW    cov: 50 ft: 396 corp: 155/2745b lim: 4096 exec/s: 513601 rss: 36Mb L: 32/34 MS: 1 CopyPart-
#1541281	NEW    cov: 50 ft: 407 corp: 156/2777b lim: 4096 exec/s: 513760 rss: 36Mb L: 32/34 MS: 1 ShuffleBytes-
#1542323	NEW    cov: 50 ft: 409 corp: 157/2809b lim: 4096 exec/s: 514107 rss: 36Mb L: 32/34 MS: 2 ShuffleBytes-CopyPart-
#1542865	NEW    cov: 50 ft: 410 corp: 158/2841b lim: 4096 exec/s: 514288 rss: 36Mb L: 32/34 MS: 2 ChangeASCIIInt-CopyPart-
#1557192	NEW    cov: 50 ft: 412 corp: 159/2873b lim: 4096 exec/s: 519064 rss: 36Mb L: 32/34 MS: 2 ChangeBit-CopyPart-
#1563408	NEW    cov: 50 ft: 414 corp: 160/2905b lim: 4096 exec/s: 521136 rss: 36Mb L: 32/34 MS: 1 ChangeByte-
#1601574	NEW    cov: 50 ft: 416 corp: 161/2937b lim: 4096 exec/s: 533858 rss: 36Mb L: 32/34 MS: 1 CopyPart-
#1610610	NEW    cov: 50 ft: 418 corp: 162/2969b lim: 4096 exec/s: 536870 rss: 36Mb L: 32/34 MS: 1 ShuffleBytes-
#1709597	NEW    cov: 50 ft: 420 corp: 163/2987b lim: 4096 exec/s: 569865 rss: 36Mb L: 18/34 MS: 2 ChangeByte-ChangeByte-
#1751724	REDUCE cov: 50 ft: 420 corp: 163/2973b lim: 4096 exec/s: 583908 rss: 36Mb L: 18/34 MS: 2 CrossOver-EraseBytes-
#1763124	NEW    cov: 50 ft: 421 corp: 164/2994b lim: 4096 exec/s: 587708 rss: 36Mb L: 21/34 MS: 5 InsertByte-ChangeByte-ShuffleBytes-EraseBytes-CopyPart-
#1858782	REDUCE cov: 50 ft: 421 corp: 164/2992b lim: 4096 exec/s: 464695 rss: 36Mb L: 26/34 MS: 3 ChangeBit-ShuffleBytes-EraseBytes-
#1949759	REDUCE cov: 50 ft: 421 corp: 164/2990b lim: 4096 exec/s: 487439 rss: 36Mb L: 16/34 MS: 2 ChangeByte-EraseBytes-
#2009155	NEW    cov: 50 ft: 422 corp: 165/3022b lim: 4096 exec/s: 502288 rss: 36Mb L: 32/34 MS: 1 ChangeBinInt-
#2023810	REDUCE cov: 50 ft: 422 corp: 165/3020b lim: 4096 exec/s: 505952 rss: 36Mb L: 30/34 MS: 5 ChangeASCIIInt-InsertByte-CopyPart-EraseBytes-InsertByte-
#2042935	REDUCE cov: 50 ft: 422 corp: 165/3016b lim: 4096 exec/s: 510733 rss: 36Mb L: 26/34 MS: 5 EraseBytes-PersAutoDict-CrossOver-CMP-ChangeBinInt- DE: "\377\377\377\377\377\377\377\017"-"\001\000\000\000\000\000\000\000"-
#2097152	pulse  cov: 50 ft: 422 corp: 165/3016b lim: 4096 exec/s: 524288 rss: 36Mb
#2106400	REDUCE cov: 50 ft: 422 corp: 165/3014b lim: 4096 exec/s: 526600 rss: 36Mb L: 24/34 MS: 5 EraseBytes-ChangeBinInt-ShuffleBytes-ChangeBit-CrossOver-
#2570900	REDUCE cov: 50 ft: 422 corp: 165/3012b lim: 4096 exec/s: 514180 rss: 36Mb L: 22/34 MS: 5 ChangeByte-EraseBytes-PersAutoDict-CMP-PersAutoDict- DE: "\000\000\000F"-"\377\377\3775"-"\000\000\000F"-
#2578485	REDUCE cov: 50 ft: 422 corp: 165/3010b lim: 4096 exec/s: 515697 rss: 36Mb L: 20/34 MS: 5 EraseBytes-CopyPart-EraseBytes-CopyPart-EraseBytes-
#2663342	REDUCE cov: 50 ft: 422 corp: 165/3008b lim: 4096 exec/s: 532668 rss: 36Mb L: 16/34 MS: 2 ChangeByte-EraseBytes-
#2861564	REDUCE cov: 50 ft: 422 corp: 165/3006b lim: 4096 exec/s: 476927 rss: 36Mb L: 16/34 MS: 2 EraseBytes-ChangeBinInt-
#2881683	REDUCE cov: 50 ft: 422 corp: 165/3004b lim: 4096 exec/s: 480280 rss: 36Mb L: 18/34 MS: 4 ChangeByte-CopyPart-EraseBytes-ChangeBinInt-
panic: found special char in iban [recovered]
	panic: found special char in iban

goroutine 17 [running, locked to thread]:
git.ultraware.nl/iddinkgroep/fundament-api.Fuzz.func1()
	git.ultraware.nl/iddinkgroep/fundament-api/fuzz.go:19 +0xa5
panic({0x55b9ab18e760?, 0x55b9ab1a1c70?})
	runtime/panic.go:914 +0x21f
git.ultraware.nl/iddinkgroep/fundament-api.Fuzz({0xc000538588, 0x12})
	git.ultraware.nl/iddinkgroep/fundament-api/fuzz.go:34 +0x2b9
git.ultraware.nl/iddinkgroep/fundament-api.Fuzz_(...)
	git.ultraware.nl/iddinkgroep/fundament-api/fuzz.1527825026.go:6
main.LLVMFuzzerTestOneInput(...)
	./main.170485750.go:21
==11595== ERROR: libFuzzer: deadly signal
    #0 0x55b9ab0b1630 in __sanitizer_print_stack_trace (/seedai/experiments/libfuzzer/source_iban/libfuzzer+0xaf630) (BuildId: 688cb25bec4564588da2a67f6a2b25148a0fd5d4)
    #1 0x55b9ab07d755 in fuzzer::PrintStackTrace() (/seedai/experiments/libfuzzer/source_iban/libfuzzer+0x7b755) (BuildId: 688cb25bec4564588da2a67f6a2b25148a0fd5d4)
    #2 0x55b9ab05c3a9 in fuzzer::Fuzzer::CrashCallback() (.part.0) FuzzerLoop.cpp.o
    #3 0x55b9ab05c46a in fuzzer::Fuzzer::StaticCrashSignalCallback() (/seedai/experiments/libfuzzer/source_iban/libfuzzer+0x5a46a) (BuildId: 688cb25bec4564588da2a67f6a2b25148a0fd5d4)
    #4 0x7f4214d6770f  (/usr/lib/libc.so.6+0x3e70f) (BuildId: 316d0d3666387f0e8fb98773f51aa1801027c5ab)
    #5 0x55b9ab111160 in runtime.raise.abi0 runtime/sys_linux_amd64.s:153

NOTE: libFuzzer has rudimentary signal handlers.
      Combine libFuzzer with AddressSanitizer or similar for better crash reports.
SUMMARY: libFuzzer: deadly signal
MS: 2 CopyPart-ChangeASCIIInt-; base unit: 1cc907b89ac988d498e14796e21c4d09a1a93145
0x46,0x49,0x32,0x36,0x2d,0x30,0x30,0x30,0x30,0x30,0x30,0x30,0x30,0x30,0x35,0x30,0x37,0x32,
FI26-0000000005072
artifact_prefix='./'; Test unit written to ./crash-2ff70056545aeb2958ff97cddb336dec559c232a
Base64: RkkyNi0wMDAwMDAwMDA1MDcy
