INFO: Running with entropic power schedule (0xFF, 100).
INFO: Seed: 369299030
INFO: Loaded 1 modules   (70 inline 8-bit counters): 70 [0x5621a0807030, 0x5621a0807076), 
INFO: Loaded 1 PC tables (70 PCs): 70 [0xc000068000,0xc000068460), 
INFO:        9 files found in corpus
INFO: -max_len is not provided; libFuzzer will not generate inputs larger than 4096 bytes
INFO: seed corpus: files: 9 min: 1b max: 261b total: 696b rss: 30Mb
#10	INITED cov: 9 ft: 23 corp: 5/32b exec/s: 0 rss: 30Mb
#59	NEW    cov: 9 ft: 24 corp: 6/34b lim: 13 exec/s: 0 rss: 30Mb L: 2/13 MS: 4 CrossOver-InsertByte-ChangeBit-EraseBytes-
#98	REDUCE cov: 9 ft: 24 corp: 6/32b lim: 13 exec/s: 0 rss: 30Mb L: 8/13 MS: 4 ShuffleBytes-ChangeByte-CrossOver-EraseBytes-
#404	NEW    cov: 9 ft: 25 corp: 7/46b lim: 16 exec/s: 0 rss: 30Mb L: 14/14 MS: 1 InsertByte-
#416	REDUCE cov: 11 ft: 31 corp: 8/61b lim: 16 exec/s: 0 rss: 30Mb L: 15/15 MS: 2 CrossOver-CopyPart-
#418	NEW    cov: 11 ft: 33 corp: 9/77b lim: 16 exec/s: 0 rss: 30Mb L: 16/16 MS: 2 InsertByte-InsertByte-
#585	NEW    cov: 13 ft: 39 corp: 10/92b lim: 16 exec/s: 0 rss: 30Mb L: 15/16 MS: 2 ChangeBit-InsertByte-
#664	NEW    cov: 13 ft: 40 corp: 11/107b lim: 16 exec/s: 0 rss: 30Mb L: 15/16 MS: 4 ChangeBit-EraseBytes-EraseBytes-CrossOver-
#785	NEW    cov: 13 ft: 42 corp: 12/122b lim: 16 exec/s: 0 rss: 30Mb L: 15/16 MS: 1 ShuffleBytes-
#797	NEW    cov: 13 ft: 43 corp: 13/138b lim: 16 exec/s: 0 rss: 30Mb L: 16/16 MS: 2 ChangeBit-CrossOver-
#829	NEW    cov: 13 ft: 44 corp: 14/153b lim: 16 exec/s: 0 rss: 30Mb L: 15/16 MS: 2 ChangeByte-ChangeBinInt-
#832	NEW    cov: 13 ft: 45 corp: 15/169b lim: 16 exec/s: 0 rss: 30Mb L: 16/16 MS: 3 ChangeBit-InsertByte-CopyPart-
#1000	NEW    cov: 13 ft: 46 corp: 16/185b lim: 16 exec/s: 0 rss: 30Mb L: 16/16 MS: 3 InsertByte-ChangeByte-CMP- DE: "\377\377\377\377"-
#1010	NEW    cov: 13 ft: 47 corp: 17/201b lim: 16 exec/s: 0 rss: 30Mb L: 16/16 MS: 5 CrossOver-ChangeBinInt-CopyPart-ShuffleBytes-PersAutoDict- DE: "\377\377\377\377"-
#1113	NEW    cov: 25 ft: 93 corp: 18/217b lim: 16 exec/s: 0 rss: 30Mb L: 16/16 MS: 3 ChangeBinInt-ChangeByte-PersAutoDict- DE: "\377\377\377\377"-
#1116	NEW    cov: 25 ft: 96 corp: 19/233b lim: 16 exec/s: 0 rss: 30Mb L: 16/16 MS: 3 PersAutoDict-ChangeByte-ChangeByte- DE: "\377\377\377\377"-
#1235	NEW    cov: 25 ft: 97 corp: 20/249b lim: 16 exec/s: 0 rss: 30Mb L: 16/16 MS: 4 ShuffleBytes-ChangeByte-ChangeBinInt-ChangeByte-
#1239	NEW    cov: 25 ft: 98 corp: 21/265b lim: 16 exec/s: 0 rss: 30Mb L: 16/16 MS: 4 ChangeBinInt-PersAutoDict-CopyPart-PersAutoDict- DE: "\377\377\377\377"-"\377\377\377\377"-
#1363	NEW    cov: 25 ft: 101 corp: 22/280b lim: 16 exec/s: 0 rss: 30Mb L: 15/16 MS: 4 EraseBytes-CrossOver-CopyPart-EraseBytes-
#1369	REDUCE cov: 25 ft: 101 corp: 22/279b lim: 16 exec/s: 0 rss: 30Mb L: 15/16 MS: 1 EraseBytes-
#1523	NEW    cov: 25 ft: 102 corp: 23/294b lim: 16 exec/s: 0 rss: 30Mb L: 15/16 MS: 4 ChangeBinInt-CrossOver-ChangeBit-CopyPart-
#1694	NEW    cov: 25 ft: 103 corp: 24/310b lim: 16 exec/s: 0 rss: 30Mb L: 16/16 MS: 1 ChangeBinInt-
#1725	NEW    cov: 25 ft: 104 corp: 25/326b lim: 16 exec/s: 0 rss: 30Mb L: 16/16 MS: 1 ChangeBinInt-
#1752	NEW    cov: 25 ft: 105 corp: 26/342b lim: 16 exec/s: 0 rss: 30Mb L: 16/16 MS: 2 ChangeByte-ChangeBit-
#2091	NEW    cov: 25 ft: 107 corp: 27/358b lim: 16 exec/s: 0 rss: 30Mb L: 16/16 MS: 4 CopyPart-CopyPart-ShuffleBytes-CrossOver-
#2143	NEW    cov: 25 ft: 108 corp: 28/374b lim: 16 exec/s: 0 rss: 30Mb L: 16/16 MS: 2 CopyPart-CMP- DE: "\001\000"-
#2536	NEW    cov: 25 ft: 109 corp: 29/390b lim: 16 exec/s: 0 rss: 30Mb L: 16/16 MS: 3 CopyPart-ShuffleBytes-ChangeBit-
#2867	REDUCE cov: 25 ft: 109 corp: 29/389b lim: 16 exec/s: 0 rss: 31Mb L: 15/16 MS: 1 EraseBytes-
#3008	NEW    cov: 25 ft: 111 corp: 30/405b lim: 16 exec/s: 0 rss: 31Mb L: 16/16 MS: 1 ChangeByte-
#3164	NEW    cov: 25 ft: 112 corp: 31/421b lim: 16 exec/s: 0 rss: 31Mb L: 16/16 MS: 1 ChangeByte-
#3195	NEW    cov: 25 ft: 114 corp: 32/437b lim: 16 exec/s: 0 rss: 31Mb L: 16/16 MS: 1 InsertByte-
#3293	NEW    cov: 25 ft: 115 corp: 33/453b lim: 16 exec/s: 0 rss: 31Mb L: 16/16 MS: 3 ShuffleBytes-CopyPart-ChangeBinInt-
#3428	NEW    cov: 25 ft: 116 corp: 34/468b lim: 16 exec/s: 0 rss: 31Mb L: 15/16 MS: 5 ChangeByte-ChangeBit-ChangeBinInt-ChangeBinInt-CopyPart-
#3834	REDUCE cov: 25 ft: 117 corp: 35/487b lim: 20 exec/s: 0 rss: 31Mb L: 19/19 MS: 1 InsertRepeatedBytes-
#3835	NEW    cov: 25 ft: 118 corp: 36/507b lim: 20 exec/s: 0 rss: 31Mb L: 20/20 MS: 1 CMP- DE: "\000\000\000\000"-
#3877	NEW    cov: 30 ft: 132 corp: 37/527b lim: 20 exec/s: 0 rss: 31Mb L: 20/20 MS: 2 PersAutoDict-InsertByte- DE: "\377\377\377\377"-
#3889	NEW    cov: 30 ft: 133 corp: 38/546b lim: 20 exec/s: 0 rss: 31Mb L: 19/20 MS: 2 ChangeBinInt-InsertRepeatedBytes-
#4027	NEW    cov: 30 ft: 134 corp: 39/566b lim: 20 exec/s: 0 rss: 31Mb L: 20/20 MS: 3 ChangeBit-CopyPart-CrossOver-
#4146	REDUCE cov: 30 ft: 134 corp: 39/564b lim: 20 exec/s: 0 rss: 31Mb L: 18/20 MS: 4 ChangeBinInt-ChangeByte-CopyPart-EraseBytes-
#4176	REDUCE cov: 30 ft: 134 corp: 39/563b lim: 20 exec/s: 0 rss: 31Mb L: 17/20 MS: 5 EraseBytes-CrossOver-ChangeBinInt-ChangeBinInt-EraseBytes-
#4193	NEW    cov: 30 ft: 135 corp: 40/579b lim: 20 exec/s: 0 rss: 31Mb L: 16/20 MS: 2 InsertByte-EraseBytes-
#4479	NEW    cov: 30 ft: 137 corp: 41/599b lim: 20 exec/s: 0 rss: 31Mb L: 20/20 MS: 1 ChangeASCIIInt-
#4965	NEW    cov: 30 ft: 138 corp: 42/615b lim: 24 exec/s: 0 rss: 31Mb L: 16/20 MS: 1 ChangeByte-
#5221	NEW    cov: 30 ft: 141 corp: 43/635b lim: 24 exec/s: 0 rss: 31Mb L: 20/20 MS: 1 ShuffleBytes-
#5372	NEW    cov: 30 ft: 144 corp: 44/655b lim: 24 exec/s: 0 rss: 31Mb L: 20/20 MS: 1 ShuffleBytes-
#5780	NEW    cov: 30 ft: 145 corp: 45/683b lim: 28 exec/s: 0 rss: 31Mb L: 28/28 MS: 3 EraseBytes-ChangeBinInt-CopyPart-
#5783	REDUCE cov: 30 ft: 145 corp: 45/682b lim: 28 exec/s: 0 rss: 31Mb L: 27/27 MS: 3 EraseBytes-InsertByte-CopyPart-
#6195	NEW    cov: 30 ft: 146 corp: 46/713b lim: 32 exec/s: 0 rss: 31Mb L: 31/31 MS: 2 ShuffleBytes-CopyPart-
#6224	NEW    cov: 30 ft: 147 corp: 47/742b lim: 32 exec/s: 0 rss: 31Mb L: 29/31 MS: 4 CopyPart-PersAutoDict-CopyPart-CopyPart- DE: "\000\000\000\000"-
#6730	NEW    cov: 30 ft: 149 corp: 48/762b lim: 37 exec/s: 0 rss: 31Mb L: 20/31 MS: 1 ChangeBinInt-
#6816	NEW    cov: 30 ft: 150 corp: 49/795b lim: 37 exec/s: 0 rss: 31Mb L: 33/33 MS: 1 InsertRepeatedBytes-
#6891	REDUCE cov: 30 ft: 150 corp: 49/794b lim: 37 exec/s: 0 rss: 31Mb L: 15/33 MS: 5 CopyPart-ChangeBinInt-CrossOver-ChangeBit-CrossOver-
#6997	NEW    cov: 30 ft: 152 corp: 50/828b lim: 37 exec/s: 0 rss: 32Mb L: 34/34 MS: 1 InsertRepeatedBytes-
#8063	NEW    cov: 30 ft: 154 corp: 51/848b lim: 47 exec/s: 0 rss: 32Mb L: 20/34 MS: 1 ChangeASCIIInt-
#8160	NEW    cov: 30 ft: 156 corp: 52/868b lim: 47 exec/s: 0 rss: 32Mb L: 20/34 MS: 2 ChangeBit-ShuffleBytes-
#9026	NEW    cov: 30 ft: 158 corp: 53/888b lim: 52 exec/s: 0 rss: 32Mb L: 20/34 MS: 1 ChangeASCIIInt-
#10422	NEW    cov: 30 ft: 160 corp: 54/908b lim: 62 exec/s: 0 rss: 32Mb L: 20/34 MS: 1 ChangeASCIIInt-
#11557	NEW    cov: 30 ft: 161 corp: 55/932b lim: 73 exec/s: 0 rss: 33Mb L: 24/34 MS: 5 CrossOver-CrossOver-CMP-InsertByte-PersAutoDict- DE: "\026\000\000\000\000\000\000\000"-"\000\000\000\000"-
#15458	NEW    cov: 30 ft: 169 corp: 56/952b lim: 109 exec/s: 0 rss: 34Mb L: 20/34 MS: 1 CrossOver-
#19544	NEW    cov: 30 ft: 171 corp: 57/972b lim: 147 exec/s: 0 rss: 35Mb L: 20/34 MS: 1 ChangeBit-
#21410	NEW    cov: 30 ft: 173 corp: 58/992b lim: 161 exec/s: 0 rss: 35Mb L: 20/34 MS: 1 ShuffleBytes-
#22551	NEW    cov: 30 ft: 174 corp: 59/1012b lim: 168 exec/s: 0 rss: 35Mb L: 20/34 MS: 1 CrossOver-
#24297	NEW    cov: 30 ft: 175 corp: 60/1027b lim: 182 exec/s: 0 rss: 35Mb L: 15/34 MS: 1 ChangeBit-
#26258	NEW    cov: 30 ft: 177 corp: 61/1047b lim: 196 exec/s: 0 rss: 35Mb L: 20/34 MS: 1 ShuffleBytes-
#28234	NEW    cov: 30 ft: 179 corp: 62/1067b lim: 210 exec/s: 0 rss: 35Mb L: 20/34 MS: 1 ChangeBinInt-
#30780	NEW    cov: 30 ft: 181 corp: 63/1087b lim: 231 exec/s: 0 rss: 35Mb L: 20/34 MS: 1 ChangeBit-
#31785	NEW    cov: 30 ft: 182 corp: 64/1115b lim: 238 exec/s: 0 rss: 35Mb L: 28/34 MS: 5 CMP-CopyPart-ShuffleBytes-CMP-CMP- DE: "#\000\000\000\000\000\000\000"-"\021\000\000\000\000\000\000\000"-"B\000\000\000\000\000\000\000"-
#31941	NEW    cov: 30 ft: 184 corp: 65/1135b lim: 238 exec/s: 0 rss: 35Mb L: 20/34 MS: 1 ShuffleBytes-
#32702	NEW    cov: 30 ft: 186 corp: 66/1155b lim: 245 exec/s: 0 rss: 35Mb L: 20/34 MS: 1 ChangeBit-
#37093	NEW    cov: 30 ft: 188 corp: 67/1175b lim: 283 exec/s: 0 rss: 35Mb L: 20/34 MS: 1 ChangeByte-
#55504	NEW    cov: 30 ft: 190 corp: 68/1195b lim: 459 exec/s: 0 rss: 35Mb L: 20/34 MS: 1 ShuffleBytes-
#66035	NEW    cov: 30 ft: 192 corp: 69/1215b lim: 560 exec/s: 0 rss: 35Mb L: 20/34 MS: 1 ShuffleBytes-
#67492	REDUCE cov: 30 ft: 192 corp: 69/1213b lim: 569 exec/s: 0 rss: 35Mb L: 18/34 MS: 2 EraseBytes-ChangeByte-
#67923	NEW    cov: 30 ft: 194 corp: 70/1233b lim: 569 exec/s: 0 rss: 35Mb L: 20/34 MS: 1 ChangeBit-
#70440	REDUCE cov: 30 ft: 194 corp: 70/1231b lim: 587 exec/s: 0 rss: 35Mb L: 22/34 MS: 2 EraseBytes-InsertByte-
#73273	REDUCE cov: 30 ft: 194 corp: 70/1230b lim: 614 exec/s: 0 rss: 35Mb L: 15/34 MS: 3 ChangeBit-CopyPart-EraseBytes-
#74081	REDUCE cov: 30 ft: 194 corp: 70/1228b lim: 614 exec/s: 0 rss: 35Mb L: 17/34 MS: 3 EraseBytes-ChangeBit-ChangeBit-
#76549	REDUCE cov: 30 ft: 194 corp: 70/1226b lim: 632 exec/s: 0 rss: 35Mb L: 18/34 MS: 3 InsertByte-CopyPart-EraseBytes-
#85537	REDUCE cov: 30 ft: 194 corp: 70/1225b lim: 713 exec/s: 0 rss: 35Mb L: 15/34 MS: 3 PersAutoDict-EraseBytes-ChangeBinInt- DE: "\026\000\000\000\000\000\000\000"-
#86797	NEW    cov: 30 ft: 202 corp: 71/1251b lim: 722 exec/s: 0 rss: 35Mb L: 26/34 MS: 5 InsertRepeatedBytes-ChangeASCIIInt-InsertByte-EraseBytes-ChangeBinInt-
#86973	NEW    cov: 30 ft: 207 corp: 72/1277b lim: 722 exec/s: 0 rss: 35Mb L: 26/34 MS: 1 CrossOver-
#93549	NEW    cov: 31 ft: 210 corp: 73/1297b lim: 785 exec/s: 0 rss: 35Mb L: 20/34 MS: 1 ChangeByte-
#97016	REDUCE cov: 31 ft: 210 corp: 73/1295b lim: 812 exec/s: 0 rss: 35Mb L: 24/34 MS: 2 CMP-EraseBytes- DE: "\377\377\377\377"-
#100642	NEW    cov: 31 ft: 211 corp: 74/1310b lim: 848 exec/s: 0 rss: 35Mb L: 15/34 MS: 1 ChangeBit-
#125739	NEW    cov: 31 ft: 212 corp: 75/1337b lim: 1088 exec/s: 0 rss: 35Mb L: 27/34 MS: 2 ChangeBinInt-CopyPart-
#125746	REDUCE cov: 31 ft: 212 corp: 75/1336b lim: 1088 exec/s: 0 rss: 35Mb L: 26/34 MS: 2 ChangeBinInt-EraseBytes-
#125809	REDUCE cov: 31 ft: 212 corp: 75/1326b lim: 1088 exec/s: 0 rss: 35Mb L: 16/34 MS: 3 ShuffleBytes-ChangeBit-EraseBytes-
#127061	REDUCE cov: 31 ft: 212 corp: 75/1325b lim: 1098 exec/s: 0 rss: 35Mb L: 15/34 MS: 2 ChangeBit-EraseBytes-
#162268	REDUCE cov: 31 ft: 212 corp: 75/1323b lim: 1448 exec/s: 0 rss: 35Mb L: 18/34 MS: 2 EraseBytes-CopyPart-
#166817	NEW    cov: 31 ft: 213 corp: 76/1351b lim: 1488 exec/s: 0 rss: 35Mb L: 28/34 MS: 4 PersAutoDict-ShuffleBytes-ChangeBinInt-PersAutoDict- DE: "\026\000\000\000\000\000\000\000"-"\021\000\000\000\000\000\000\000"-
#176009	REDUCE cov: 31 ft: 213 corp: 76/1349b lim: 1578 exec/s: 0 rss: 35Mb L: 22/34 MS: 2 EraseBytes-InsertByte-
#188100	NEW    cov: 31 ft: 214 corp: 77/1377b lim: 1698 exec/s: 0 rss: 35Mb L: 28/34 MS: 1 ChangeBinInt-
#188916	NEW    cov: 31 ft: 215 corp: 78/1405b lim: 1698 exec/s: 0 rss: 35Mb L: 28/34 MS: 1 ChangeBit-
#191956	REDUCE cov: 31 ft: 215 corp: 78/1403b lim: 1728 exec/s: 0 rss: 35Mb L: 26/34 MS: 5 PersAutoDict-ChangeBit-CrossOver-EraseBytes-InsertByte- DE: "\000\000\000\000"-
#203264	NEW    cov: 31 ft: 216 corp: 79/1431b lim: 1838 exec/s: 0 rss: 35Mb L: 28/34 MS: 3 ShuffleBytes-ChangeByte-ChangeByte-
#232303	REDUCE cov: 33 ft: 222 corp: 80/1459b lim: 2125 exec/s: 0 rss: 35Mb L: 28/34 MS: 4 ShuffleBytes-ChangeByte-InsertRepeatedBytes-EraseBytes-
#232899	NEW    cov: 33 ft: 223 corp: 81/1487b lim: 2125 exec/s: 0 rss: 35Mb L: 28/34 MS: 1 ChangeBinInt-
#232956	NEW    cov: 33 ft: 224 corp: 82/1515b lim: 2125 exec/s: 0 rss: 35Mb L: 28/34 MS: 2 ChangeBit-ChangeBit-
#233150	NEW    cov: 33 ft: 225 corp: 83/1543b lim: 2125 exec/s: 0 rss: 35Mb L: 28/34 MS: 4 ChangeBit-ChangeBit-ChangeByte-CopyPart-
#233261	NEW    cov: 33 ft: 226 corp: 84/1571b lim: 2125 exec/s: 0 rss: 35Mb L: 28/34 MS: 1 ChangeByte-
#233572	NEW    cov: 33 ft: 227 corp: 85/1599b lim: 2125 exec/s: 0 rss: 35Mb L: 28/34 MS: 1 ChangeBit-
#233683	NEW    cov: 33 ft: 229 corp: 86/1627b lim: 2125 exec/s: 0 rss: 35Mb L: 28/34 MS: 1 CopyPart-
#234131	REDUCE cov: 33 ft: 229 corp: 86/1625b lim: 2125 exec/s: 0 rss: 35Mb L: 18/34 MS: 3 ShuffleBytes-CopyPart-EraseBytes-
#234233	NEW    cov: 33 ft: 230 corp: 87/1653b lim: 2125 exec/s: 0 rss: 35Mb L: 28/34 MS: 2 ShuffleBytes-ChangeByte-
#234999	NEW    cov: 34 ft: 231 corp: 88/1681b lim: 2125 exec/s: 0 rss: 35Mb L: 28/34 MS: 1 ChangeByte-
#236327	REDUCE cov: 34 ft: 231 corp: 88/1679b lim: 2136 exec/s: 0 rss: 35Mb L: 26/34 MS: 3 InsertByte-InsertByte-EraseBytes-
#238860	REDUCE cov: 34 ft: 231 corp: 88/1677b lim: 2158 exec/s: 0 rss: 35Mb L: 18/34 MS: 3 CopyPart-InsertByte-EraseBytes-
#243596	NEW    cov: 34 ft: 232 corp: 89/1705b lim: 2202 exec/s: 0 rss: 35Mb L: 28/34 MS: 1 ShuffleBytes-
#245507	NEW    cov: 46 ft: 281 corp: 90/1733b lim: 2213 exec/s: 0 rss: 35Mb L: 28/34 MS: 1 ShuffleBytes-
#247293	NEW    cov: 46 ft: 283 corp: 91/1761b lim: 2224 exec/s: 0 rss: 35Mb L: 28/34 MS: 1 ChangeBinInt-
#249979	NEW    cov: 46 ft: 284 corp: 92/1789b lim: 2246 exec/s: 0 rss: 35Mb L: 28/34 MS: 1 ChangeBit-
#251722	NEW    cov: 46 ft: 286 corp: 93/1817b lim: 2257 exec/s: 0 rss: 35Mb L: 28/34 MS: 3 ShuffleBytes-ChangeBit-ChangeBinInt-
#254683	NEW    cov: 46 ft: 287 corp: 94/1845b lim: 2279 exec/s: 0 rss: 35Mb L: 28/34 MS: 1 ChangeBit-
#255154	NEW    cov: 46 ft: 288 corp: 95/1873b lim: 2279 exec/s: 0 rss: 35Mb L: 28/34 MS: 1 ShuffleBytes-
#257120	NEW    cov: 46 ft: 295 corp: 96/1901b lim: 2290 exec/s: 0 rss: 35Mb L: 28/34 MS: 1 ChangeBit-
#258711	NEW    cov: 46 ft: 296 corp: 97/1929b lim: 2301 exec/s: 0 rss: 35Mb L: 28/34 MS: 1 ChangeByte-
#270532	NEW    cov: 48 ft: 304 corp: 98/1957b lim: 2411 exec/s: 0 rss: 35Mb L: 28/34 MS: 1 CrossOver-
#280549	REDUCE cov: 48 ft: 304 corp: 98/1955b lim: 2510 exec/s: 0 rss: 35Mb L: 24/34 MS: 2 EraseBytes-InsertByte-
#285525	NEW    cov: 48 ft: 305 corp: 99/1983b lim: 2554 exec/s: 0 rss: 35Mb L: 28/34 MS: 1 ChangeBit-
#299827	NEW    cov: 48 ft: 312 corp: 100/2014b lim: 2686 exec/s: 0 rss: 35Mb L: 31/34 MS: 2 CrossOver-EraseBytes-
#327128	NEW    cov: 49 ft: 323 corp: 101/2045b lim: 2950 exec/s: 0 rss: 35Mb L: 31/34 MS: 1 ChangeByte-
#340485	NEW    cov: 49 ft: 324 corp: 102/2073b lim: 3082 exec/s: 0 rss: 35Mb L: 28/34 MS: 2 ShuffleBytes-ChangeBit-
#343091	REDUCE cov: 50 ft: 329 corp: 103/2091b lim: 3104 exec/s: 0 rss: 35Mb L: 18/34 MS: 1 ChangeBinInt-
#343877	NEW    cov: 50 ft: 331 corp: 104/2119b lim: 3104 exec/s: 0 rss: 35Mb L: 28/34 MS: 1 ChangeBit-
#345138	NEW    cov: 50 ft: 332 corp: 105/2137b lim: 3115 exec/s: 0 rss: 35Mb L: 18/34 MS: 1 ChangeBit-
#346379	NEW    cov: 50 ft: 333 corp: 106/2155b lim: 3126 exec/s: 0 rss: 35Mb L: 18/34 MS: 1 CopyPart-
#348995	NEW    cov: 50 ft: 335 corp: 107/2183b lim: 3148 exec/s: 0 rss: 35Mb L: 28/34 MS: 1 ChangeBit-
#349256	NEW    cov: 50 ft: 336 corp: 108/2201b lim: 3148 exec/s: 0 rss: 35Mb L: 18/34 MS: 1 ChangeBit-
#349492	NEW    cov: 50 ft: 337 corp: 109/2219b lim: 3148 exec/s: 0 rss: 35Mb L: 18/34 MS: 1 ChangeBit-
#349803	NEW    cov: 50 ft: 338 corp: 110/2237b lim: 3148 exec/s: 0 rss: 35Mb L: 18/34 MS: 1 CopyPart-
#352351	NEW    cov: 50 ft: 339 corp: 111/2255b lim: 3170 exec/s: 0 rss: 35Mb L: 18/34 MS: 3 ChangeBit-ChangeBit-ChangeBit-
#352482	NEW    cov: 50 ft: 340 corp: 112/2273b lim: 3170 exec/s: 0 rss: 35Mb L: 18/34 MS: 1 ChangeBinInt-
#353530	NEW    cov: 50 ft: 341 corp: 113/2291b lim: 3170 exec/s: 0 rss: 35Mb L: 18/34 MS: 3 ShuffleBytes-ChangeByte-ChangeBit-
#353716	NEW    cov: 50 ft: 342 corp: 114/2309b lim: 3170 exec/s: 0 rss: 35Mb L: 18/34 MS: 1 CopyPart-
#355017	NEW    cov: 50 ft: 343 corp: 115/2327b lim: 3181 exec/s: 0 rss: 35Mb L: 18/34 MS: 1 CrossOver-
#358128	NEW    cov: 50 ft: 344 corp: 116/2345b lim: 3203 exec/s: 0 rss: 35Mb L: 18/34 MS: 1 ShuffleBytes-
#360684	NEW    cov: 50 ft: 345 corp: 117/2363b lim: 3225 exec/s: 0 rss: 35Mb L: 18/34 MS: 1 ShuffleBytes-
#364688	REDUCE cov: 50 ft: 345 corp: 117/2362b lim: 3258 exec/s: 0 rss: 35Mb L: 23/34 MS: 4 EraseBytes-CrossOver-ChangeBit-ChangeBit-
#365270	NEW    cov: 50 ft: 346 corp: 118/2380b lim: 3258 exec/s: 0 rss: 35Mb L: 18/34 MS: 2 ChangeByte-ChangeBit-
#369990	REDUCE cov: 50 ft: 346 corp: 118/2374b lim: 3302 exec/s: 0 rss: 35Mb L: 20/34 MS: 5 PersAutoDict-ChangeByte-PersAutoDict-EraseBytes-EraseBytes- DE: "\377\377\377\377"-"\377\377\377\377"-
#420259	NEW    cov: 50 ft: 347 corp: 119/2392b lim: 3797 exec/s: 420259 rss: 35Mb L: 18/34 MS: 4 ChangeBit-ChangeByte-ChangeBinInt-CopyPart-
#431945	NEW    cov: 50 ft: 348 corp: 120/2410b lim: 3907 exec/s: 431945 rss: 35Mb L: 18/34 MS: 1 ShuffleBytes-
#450147	NEW    cov: 50 ft: 349 corp: 121/2438b lim: 4083 exec/s: 450147 rss: 35Mb L: 28/34 MS: 2 ShuffleBytes-ChangeByte-
#500489	REDUCE cov: 50 ft: 349 corp: 121/2436b lim: 4096 exec/s: 500489 rss: 35Mb L: 16/34 MS: 2 ChangeByte-EraseBytes-
#506160	NEW    cov: 50 ft: 350 corp: 122/2456b lim: 4096 exec/s: 506160 rss: 35Mb L: 20/34 MS: 1 ShuffleBytes-
#509662	NEW    cov: 50 ft: 352 corp: 123/2484b lim: 4096 exec/s: 509662 rss: 35Mb L: 28/34 MS: 2 CopyPart-ChangeByte-
#510533	NEW    cov: 50 ft: 354 corp: 124/2512b lim: 4096 exec/s: 510533 rss: 35Mb L: 28/34 MS: 1 ChangeByte-
#511759	NEW    cov: 50 ft: 355 corp: 125/2530b lim: 4096 exec/s: 511759 rss: 35Mb L: 18/34 MS: 1 ChangeBit-
#549062	NEW    cov: 50 ft: 358 corp: 126/2561b lim: 4096 exec/s: 549062 rss: 35Mb L: 31/34 MS: 3 ChangeASCIIInt-ShuffleBytes-CopyPart-
#613042	REDUCE cov: 50 ft: 358 corp: 126/2559b lim: 4096 exec/s: 613042 rss: 36Mb L: 18/34 MS: 5 ShuffleBytes-CrossOver-EraseBytes-InsertByte-InsertByte-
#624499	REDUCE cov: 50 ft: 358 corp: 126/2557b lim: 4096 exec/s: 624499 rss: 36Mb L: 18/34 MS: 2 EraseBytes-ChangeBinInt-
#638222	REDUCE cov: 50 ft: 358 corp: 126/2550b lim: 4096 exec/s: 638222 rss: 36Mb L: 21/34 MS: 3 ChangeBinInt-EraseBytes-EraseBytes-
#647800	NEW    cov: 50 ft: 359 corp: 127/2581b lim: 4096 exec/s: 647800 rss: 36Mb L: 31/34 MS: 3 ChangeByte-CopyPart-ChangeBit-
#651581	NEW    cov: 50 ft: 360 corp: 128/2599b lim: 4096 exec/s: 651581 rss: 36Mb L: 18/34 MS: 1 ChangeBinInt-
#685053	REDUCE cov: 50 ft: 360 corp: 128/2597b lim: 4096 exec/s: 685053 rss: 36Mb L: 21/34 MS: 2 ChangeByte-EraseBytes-
#693744	NEW    cov: 50 ft: 361 corp: 129/2617b lim: 4096 exec/s: 693744 rss: 36Mb L: 20/34 MS: 1 CrossOver-
#708120	NEW    cov: 50 ft: 362 corp: 130/2637b lim: 4096 exec/s: 708120 rss: 36Mb L: 20/34 MS: 1 ChangeBit-
#736716	NEW    cov: 50 ft: 363 corp: 131/2665b lim: 4096 exec/s: 736716 rss: 36Mb L: 28/34 MS: 1 ChangeBit-
#760835	REDUCE cov: 50 ft: 363 corp: 131/2664b lim: 4096 exec/s: 760835 rss: 36Mb L: 20/34 MS: 4 PersAutoDict-ChangeByte-EraseBytes-InsertByte- DE: "B\000\000\000\000\000\000\000"-
#763576	NEW    cov: 50 ft: 364 corp: 132/2692b lim: 4096 exec/s: 763576 rss: 36Mb L: 28/34 MS: 1 ChangeBinInt-
#766102	NEW    cov: 50 ft: 365 corp: 133/2720b lim: 4096 exec/s: 766102 rss: 36Mb L: 28/34 MS: 1 ChangeByte-
#799164	NEW    cov: 50 ft: 366 corp: 134/2751b lim: 4096 exec/s: 799164 rss: 36Mb L: 31/34 MS: 2 ChangeASCIIInt-ChangeBinInt-
#813043	REDUCE cov: 50 ft: 366 corp: 134/2749b lim: 4096 exec/s: 813043 rss: 36Mb L: 16/34 MS: 4 EraseBytes-ShuffleBytes-ChangeBit-ChangeBinInt-
#840744	NEW    cov: 50 ft: 367 corp: 135/2769b lim: 4096 exec/s: 840744 rss: 36Mb L: 20/34 MS: 1 ChangeByte-
#865847	REDUCE cov: 50 ft: 367 corp: 135/2767b lim: 4096 exec/s: 432923 rss: 36Mb L: 16/34 MS: 3 CopyPart-ChangeBinInt-EraseBytes-
#884593	NEW    cov: 50 ft: 368 corp: 136/2787b lim: 4096 exec/s: 442296 rss: 36Mb L: 20/34 MS: 1 ChangeBinInt-
#900647	REDUCE cov: 50 ft: 368 corp: 136/2785b lim: 4096 exec/s: 450323 rss: 36Mb L: 16/34 MS: 4 ChangeBinInt-ChangeByte-ShuffleBytes-EraseBytes-
#906018	NEW    cov: 50 ft: 369 corp: 137/2805b lim: 4096 exec/s: 453009 rss: 36Mb L: 20/34 MS: 1 CopyPart-
#911585	NEW    cov: 50 ft: 370 corp: 138/2825b lim: 4096 exec/s: 455792 rss: 36Mb L: 20/34 MS: 2 ChangeBit-ChangeBit-
#919154	NEW    cov: 50 ft: 371 corp: 139/2847b lim: 4096 exec/s: 459577 rss: 36Mb L: 22/34 MS: 4 CrossOver-InsertByte-ChangeByte-EraseBytes-
#961001	NEW    cov: 50 ft: 372 corp: 140/2868b lim: 4096 exec/s: 480500 rss: 36Mb L: 21/34 MS: 2 CopyPart-ChangeBit-
#985407	NEW    cov: 50 ft: 373 corp: 141/2889b lim: 4096 exec/s: 492703 rss: 36Mb L: 21/34 MS: 1 ShuffleBytes-
#991019	REDUCE cov: 50 ft: 373 corp: 141/2887b lim: 4096 exec/s: 495509 rss: 36Mb L: 18/34 MS: 2 ChangeBinInt-EraseBytes-
#1022325	REDUCE cov: 50 ft: 373 corp: 141/2886b lim: 4096 exec/s: 511162 rss: 36Mb L: 20/34 MS: 1 EraseBytes-
#1027537	REDUCE cov: 50 ft: 373 corp: 141/2884b lim: 4096 exec/s: 513768 rss: 36Mb L: 19/34 MS: 2 EraseBytes-PersAutoDict- DE: "\377\377\377\377"-
#1063913	NEW    cov: 50 ft: 374 corp: 142/2915b lim: 4096 exec/s: 531956 rss: 36Mb L: 31/34 MS: 1 ChangeByte-
#1067145	REDUCE cov: 50 ft: 375 corp: 143/2933b lim: 4096 exec/s: 533572 rss: 36Mb L: 18/34 MS: 2 ShuffleBytes-ChangeBinInt-
#1093595	REDUCE cov: 50 ft: 375 corp: 143/2931b lim: 4096 exec/s: 546797 rss: 36Mb L: 20/34 MS: 5 ShuffleBytes-EraseBytes-ShuffleBytes-ChangeByte-InsertByte-
#1099538	REDUCE cov: 50 ft: 375 corp: 143/2929b lim: 4096 exec/s: 549769 rss: 36Mb L: 16/34 MS: 3 EraseBytes-ShuffleBytes-ChangeByte-
#1130411	REDUCE cov: 50 ft: 375 corp: 143/2927b lim: 4096 exec/s: 565205 rss: 36Mb L: 18/34 MS: 3 ChangeByte-ChangeByte-EraseBytes-
#1136564	NEW    cov: 50 ft: 377 corp: 144/2958b lim: 4096 exec/s: 568282 rss: 36Mb L: 31/34 MS: 3 ShuffleBytes-ChangeBit-ChangeByte-
#1178252	REDUCE cov: 50 ft: 378 corp: 145/2978b lim: 4096 exec/s: 589126 rss: 36Mb L: 20/34 MS: 3 ChangeBit-ChangeASCIIInt-CopyPart-
#1179138	NEW    cov: 50 ft: 379 corp: 146/2998b lim: 4096 exec/s: 589569 rss: 36Mb L: 20/34 MS: 1 ShuffleBytes-
#1184764	NEW    cov: 50 ft: 380 corp: 147/3018b lim: 4096 exec/s: 592382 rss: 36Mb L: 20/34 MS: 1 CopyPart-
#1190495	NEW    cov: 50 ft: 381 corp: 148/3050b lim: 4096 exec/s: 595247 rss: 36Mb L: 32/34 MS: 1 InsertByte-
#1196441	NEW    cov: 50 ft: 382 corp: 149/3070b lim: 4096 exec/s: 598220 rss: 36Mb L: 20/34 MS: 1 ShuffleBytes-
#1198857	NEW    cov: 50 ft: 383 corp: 150/3090b lim: 4096 exec/s: 599428 rss: 36Mb L: 20/34 MS: 1 ChangeBit-
#1205649	NEW    cov: 50 ft: 384 corp: 151/3110b lim: 4096 exec/s: 602824 rss: 36Mb L: 20/34 MS: 2 ChangeASCIIInt-ShuffleBytes-
#1209280	NEW    cov: 50 ft: 385 corp: 152/3130b lim: 4096 exec/s: 604640 rss: 36Mb L: 20/34 MS: 1 ChangeBinInt-
#1228181	NEW    cov: 50 ft: 386 corp: 153/3150b lim: 4096 exec/s: 614090 rss: 36Mb L: 20/34 MS: 1 ShuffleBytes-
#1235472	NEW    cov: 50 ft: 387 corp: 154/3170b lim: 4096 exec/s: 617736 rss: 36Mb L: 20/34 MS: 1 ChangeBit-
#1236218	NEW    cov: 50 ft: 388 corp: 155/3190b lim: 4096 exec/s: 618109 rss: 36Mb L: 20/34 MS: 1 ChangeBinInt-
#1236733	REDUCE cov: 50 ft: 388 corp: 155/3189b lim: 4096 exec/s: 618366 rss: 36Mb L: 15/34 MS: 5 EraseBytes-ShuffleBytes-CopyPart-CopyPart-ChangeBinInt-
#1242320	NEW    cov: 50 ft: 389 corp: 156/3209b lim: 4096 exec/s: 621160 rss: 36Mb L: 20/34 MS: 2 ShuffleBytes-ChangeASCIIInt-
#1248503	NEW    cov: 50 ft: 390 corp: 157/3229b lim: 4096 exec/s: 624251 rss: 36Mb L: 20/34 MS: 3 ChangeASCIIInt-ChangeBit-CopyPart-
#1248809	NEW    cov: 50 ft: 391 corp: 158/3249b lim: 4096 exec/s: 624404 rss: 36Mb L: 20/34 MS: 1 CopyPart-
#1252136	NEW    cov: 50 ft: 392 corp: 159/3269b lim: 4096 exec/s: 626068 rss: 36Mb L: 20/34 MS: 2 ChangeByte-ShuffleBytes-
#1255161	NEW    cov: 50 ft: 393 corp: 160/3289b lim: 4096 exec/s: 627580 rss: 36Mb L: 20/34 MS: 5 ChangeBit-ChangeBit-ShuffleBytes-ShuffleBytes-ChangeASCIIInt-
#1257118	NEW    cov: 50 ft: 395 corp: 161/3309b lim: 4096 exec/s: 628559 rss: 36Mb L: 20/34 MS: 2 ShuffleBytes-ShuffleBytes-
#1261564	NEW    cov: 50 ft: 396 corp: 162/3329b lim: 4096 exec/s: 630782 rss: 36Mb L: 20/34 MS: 1 ChangeASCIIInt-
#1262060	NEW    cov: 50 ft: 397 corp: 163/3349b lim: 4096 exec/s: 631030 rss: 36Mb L: 20/34 MS: 1 ChangeBinInt-
#1264431	NEW    cov: 50 ft: 398 corp: 164/3369b lim: 4096 exec/s: 632215 rss: 36Mb L: 20/34 MS: 1 ChangeASCIIInt-
#1271163	NEW    cov: 50 ft: 399 corp: 165/3389b lim: 4096 exec/s: 635581 rss: 36Mb L: 20/34 MS: 2 ChangeByte-ChangeBinInt-
#1274580	NEW    cov: 50 ft: 401 corp: 166/3417b lim: 4096 exec/s: 637290 rss: 36Mb L: 28/34 MS: 2 ChangeByte-CrossOver-
#1362108	REDUCE cov: 50 ft: 401 corp: 166/3415b lim: 4096 exec/s: 454036 rss: 36Mb L: 18/34 MS: 3 InsertByte-ShuffleBytes-EraseBytes-
#1413514	NEW    cov: 50 ft: 402 corp: 167/3435b lim: 4096 exec/s: 471171 rss: 36Mb L: 20/34 MS: 1 CopyPart-
#1420496	NEW    cov: 50 ft: 405 corp: 168/3466b lim: 4096 exec/s: 473498 rss: 36Mb L: 31/34 MS: 2 ShuffleBytes-ChangeASCIIInt-
#1422942	NEW    cov: 50 ft: 406 corp: 169/3486b lim: 4096 exec/s: 474314 rss: 36Mb L: 20/34 MS: 1 ChangeASCIIInt-
#1426169	REDUCE cov: 50 ft: 406 corp: 169/3484b lim: 4096 exec/s: 475389 rss: 36Mb L: 18/34 MS: 2 EraseBytes-ChangeByte-
#1457712	REDUCE cov: 50 ft: 406 corp: 169/3482b lim: 4096 exec/s: 485904 rss: 36Mb L: 18/34 MS: 3 CopyPart-ChangeBinInt-EraseBytes-
#1491010	REDUCE cov: 50 ft: 406 corp: 169/3480b lim: 4096 exec/s: 497003 rss: 36Mb L: 18/34 MS: 3 EraseBytes-ChangeByte-ChangeBinInt-
#1522632	REDUCE cov: 50 ft: 406 corp: 169/3478b lim: 4096 exec/s: 507544 rss: 36Mb L: 18/34 MS: 2 EraseBytes-ChangeByte-
#1542813	REDUCE cov: 50 ft: 406 corp: 169/3477b lim: 4096 exec/s: 514271 rss: 36Mb L: 18/34 MS: 1 EraseBytes-
#1544836	REDUCE cov: 50 ft: 406 corp: 169/3475b lim: 4096 exec/s: 514945 rss: 36Mb L: 18/34 MS: 3 EraseBytes-ChangeBinInt-InsertByte-
#1575939	REDUCE cov: 50 ft: 406 corp: 169/3473b lim: 4096 exec/s: 525313 rss: 36Mb L: 16/34 MS: 3 ChangeByte-InsertByte-EraseBytes-
#1594688	REDUCE cov: 50 ft: 406 corp: 169/3471b lim: 4096 exec/s: 531562 rss: 36Mb L: 16/34 MS: 4 InsertByte-ShuffleBytes-EraseBytes-PersAutoDict- DE: "\377\377\377\377"-
#1594998	REDUCE cov: 50 ft: 406 corp: 169/3469b lim: 4096 exec/s: 531666 rss: 36Mb L: 16/34 MS: 5 InsertByte-CopyPart-ChangeBinInt-CrossOver-EraseBytes-
#1775343	REDUCE cov: 50 ft: 406 corp: 169/3467b lim: 4096 exec/s: 443835 rss: 36Mb L: 18/34 MS: 5 CrossOver-ChangeBinInt-ChangeBinInt-ChangeASCIIInt-EraseBytes-
#1787122	REDUCE cov: 50 ft: 406 corp: 169/3465b lim: 4096 exec/s: 446780 rss: 36Mb L: 18/34 MS: 4 ChangeBit-InsertByte-EraseBytes-ShuffleBytes-
#1898114	REDUCE cov: 50 ft: 406 corp: 169/3463b lim: 4096 exec/s: 474528 rss: 36Mb L: 18/34 MS: 2 ChangeByte-EraseBytes-
#1902703	REDUCE cov: 50 ft: 406 corp: 169/3461b lim: 4096 exec/s: 475675 rss: 36Mb L: 18/34 MS: 4 InsertRepeatedBytes-EraseBytes-ChangeBit-EraseBytes-
#1903500	NEW    cov: 50 ft: 409 corp: 170/3489b lim: 4096 exec/s: 475875 rss: 36Mb L: 28/34 MS: 2 CopyPart-ChangeASCIIInt-
#1921409	REDUCE cov: 50 ft: 409 corp: 170/3487b lim: 4096 exec/s: 480352 rss: 36Mb L: 18/34 MS: 4 ChangeBinInt-EraseBytes-ChangeBit-InsertByte-
#1952806	REDUCE cov: 50 ft: 409 corp: 170/3485b lim: 4096 exec/s: 488201 rss: 36Mb L: 18/34 MS: 2 InsertRepeatedBytes-EraseBytes-
#2043528	REDUCE cov: 50 ft: 409 corp: 170/3483b lim: 4096 exec/s: 510882 rss: 36Mb L: 16/34 MS: 2 PersAutoDict-EraseBytes- DE: "\377\377\377\377"-
#2048510	REDUCE cov: 50 ft: 409 corp: 170/3481b lim: 4096 exec/s: 512127 rss: 36Mb L: 18/34 MS: 2 EraseBytes-InsertByte-
#2054212	REDUCE cov: 50 ft: 409 corp: 170/3479b lim: 4096 exec/s: 513553 rss: 36Mb L: 18/34 MS: 2 InsertByte-EraseBytes-
#2118435	REDUCE cov: 50 ft: 409 corp: 170/3477b lim: 4096 exec/s: 529608 rss: 36Mb L: 26/34 MS: 3 ChangeBinInt-InsertByte-EraseBytes-
#2198203	REDUCE cov: 50 ft: 409 corp: 170/3475b lim: 4096 exec/s: 439640 rss: 36Mb L: 18/34 MS: 3 ChangeBinInt-ChangeBinInt-EraseBytes-
#2323394	NEW    cov: 50 ft: 411 corp: 171/3503b lim: 4096 exec/s: 464678 rss: 36Mb L: 28/34 MS: 1 ChangeASCIIInt-
#2406894	REDUCE cov: 50 ft: 411 corp: 171/3501b lim: 4096 exec/s: 481378 rss: 36Mb L: 18/34 MS: 5 EraseBytes-CMP-ChangeASCIIInt-CMP-EraseBytes- DE: "\0000"-"\377\377\377`"-
#2498413	REDUCE cov: 50 ft: 411 corp: 171/3500b lim: 4096 exec/s: 499682 rss: 36Mb L: 15/34 MS: 4 CopyPart-CMP-InsertByte-EraseBytes- DE: "\377\377\377\377\377\377\377)"-
#2673850	REDUCE cov: 50 ft: 411 corp: 171/3498b lim: 4096 exec/s: 445641 rss: 36Mb L: 16/34 MS: 2 ChangeBinInt-EraseBytes-
#2771092	REDUCE cov: 50 ft: 411 corp: 171/3496b lim: 4096 exec/s: 461848 rss: 36Mb L: 18/34 MS: 2 InsertByte-EraseBytes-
#2877206	REDUCE cov: 50 ft: 411 corp: 171/3492b lim: 4096 exec/s: 479534 rss: 36Mb L: 16/34 MS: 4 ChangeBit-PersAutoDict-InsertByte-EraseBytes- DE: "\377\377\377\377"-
#2885923	REDUCE cov: 50 ft: 411 corp: 171/3490b lim: 4096 exec/s: 480987 rss: 36Mb L: 18/34 MS: 2 ChangeByte-EraseBytes-
#2890336	REDUCE cov: 50 ft: 411 corp: 171/3488b lim: 4096 exec/s: 481722 rss: 36Mb L: 18/34 MS: 3 EraseBytes-PersAutoDict-InsertByte- DE: "\377\377\377\377"-
#2899616	REDUCE cov: 50 ft: 411 corp: 171/3486b lim: 4096 exec/s: 483269 rss: 36Mb L: 18/34 MS: 5 ChangeBit-ChangeByte-ChangeASCIIInt-EraseBytes-CrossOver-
#3020934	REDUCE cov: 50 ft: 411 corp: 171/3484b lim: 4096 exec/s: 503489 rss: 36Mb L: 16/34 MS: 3 EraseBytes-CrossOver-ChangeBit-
#3024805	REDUCE cov: 50 ft: 412 corp: 172/3502b lim: 4096 exec/s: 504134 rss: 36Mb L: 18/34 MS: 1 ChangeByte-
#3175049	REDUCE cov: 50 ft: 412 corp: 172/3500b lim: 4096 exec/s: 453578 rss: 36Mb L: 15/34 MS: 4 EraseBytes-ChangeBit-ChangeBinInt-ChangeByte-
#3193022	REDUCE cov: 50 ft: 412 corp: 172/3498b lim: 4096 exec/s: 456146 rss: 36Mb L: 18/34 MS: 3 ChangeBinInt-InsertByte-EraseBytes-
#3506943	NEW    cov: 50 ft: 413 corp: 173/3516b lim: 4096 exec/s: 500991 rss: 36Mb L: 18/34 MS: 1 ChangeBit-
#3594078	REDUCE cov: 50 ft: 413 corp: 173/3514b lim: 4096 exec/s: 449259 rss: 36Mb L: 16/34 MS: 5 ChangeByte-ShuffleBytes-ShuffleBytes-EraseBytes-PersAutoDict- DE: "\377\377\377\377"-
#3634560	REDUCE cov: 50 ft: 413 corp: 173/3512b lim: 4096 exec/s: 454320 rss: 36Mb L: 18/34 MS: 2 EraseBytes-InsertByte-
#3667483	REDUCE cov: 50 ft: 413 corp: 173/3510b lim: 4096 exec/s: 458435 rss: 36Mb L: 18/34 MS: 3 PersAutoDict-CMP-EraseBytes- DE: "\377\377\377\377"-"e\000"-
#3859806	NEW    cov: 50 ft: 414 corp: 174/3538b lim: 4096 exec/s: 482475 rss: 36Mb L: 28/34 MS: 3 ShuffleBytes-ChangeBit-ChangeBit-
#4194304	pulse  cov: 50 ft: 414 corp: 174/3538b lim: 4096 exec/s: 466033 rss: 36Mb
#4473469	NEW    cov: 50 ft: 417 corp: 175/3566b lim: 4096 exec/s: 447346 rss: 36Mb L: 28/34 MS: 3 ShuffleBytes-ChangeBinInt-ChangeByte-
#4671167	REDUCE cov: 50 ft: 417 corp: 175/3560b lim: 4096 exec/s: 467116 rss: 36Mb L: 22/34 MS: 3 EraseBytes-ChangeBinInt-PersAutoDict- DE: "\377\377\377`"-
#4710940	REDUCE cov: 50 ft: 417 corp: 175/3558b lim: 4096 exec/s: 471094 rss: 36Mb L: 16/34 MS: 3 ChangeBinInt-ChangeBinInt-EraseBytes-
#4768792	REDUCE cov: 50 ft: 417 corp: 175/3556b lim: 4096 exec/s: 476879 rss: 36Mb L: 20/34 MS: 2 InsertByte-EraseBytes-
#4786151	REDUCE cov: 50 ft: 417 corp: 175/3554b lim: 4096 exec/s: 478615 rss: 36Mb L: 18/34 MS: 4 EraseBytes-CopyPart-ChangeBit-ChangeByte-
#4806063	REDUCE cov: 50 ft: 417 corp: 175/3552b lim: 4096 exec/s: 480606 rss: 36Mb L: 16/34 MS: 2 CopyPart-EraseBytes-
#5141006	REDUCE cov: 50 ft: 417 corp: 175/3549b lim: 4096 exec/s: 467364 rss: 36Mb L: 15/34 MS: 3 EraseBytes-ShuffleBytes-ChangeBit-
#5145950	REDUCE cov: 50 ft: 417 corp: 175/3547b lim: 4096 exec/s: 467813 rss: 36Mb L: 16/34 MS: 4 ChangeBit-PersAutoDict-ChangeByte-EraseBytes- DE: "\377\377\377\377"-
#5192872	REDUCE cov: 50 ft: 419 corp: 176/3563b lim: 4096 exec/s: 472079 rss: 36Mb L: 16/34 MS: 2 InsertByte-CrossOver-
#5193596	REDUCE cov: 50 ft: 419 corp: 176/3561b lim: 4096 exec/s: 472145 rss: 36Mb L: 26/34 MS: 4 ChangeBinInt-EraseBytes-PersAutoDict-ChangeBinInt- DE: "\001\000"-
#5254639	REDUCE cov: 50 ft: 419 corp: 176/3559b lim: 4096 exec/s: 477694 rss: 36Mb L: 16/34 MS: 3 EraseBytes-ChangeBinInt-CopyPart-
#5337448	REDUCE cov: 50 ft: 419 corp: 176/3557b lim: 4096 exec/s: 444787 rss: 36Mb L: 16/34 MS: 4 EraseBytes-InsertByte-ShuffleBytes-PersAutoDict- DE: "\377\377\377\377"-
#5463531	REDUCE cov: 50 ft: 419 corp: 176/3555b lim: 4096 exec/s: 455294 rss: 36Mb L: 16/34 MS: 3 ChangeBinInt-PersAutoDict-EraseBytes- DE: "\377\377\377`"-
#6240038	REDUCE cov: 50 ft: 419 corp: 176/3552b lim: 4096 exec/s: 445717 rss: 36Mb L: 15/34 MS: 2 EraseBytes-ChangeBinInt-
#6728685	REDUCE cov: 50 ft: 419 corp: 176/3550b lim: 4096 exec/s: 448579 rss: 36Mb L: 16/34 MS: 2 PersAutoDict-EraseBytes- DE: "\377\377\377`"-
#6963358	REDUCE cov: 50 ft: 419 corp: 176/3549b lim: 4096 exec/s: 464223 rss: 36Mb L: 15/34 MS: 3 ChangeBinInt-EraseBytes-CopyPart-
#6964910	REDUCE cov: 50 ft: 419 corp: 176/3542b lim: 4096 exec/s: 464327 rss: 36Mb L: 21/34 MS: 2 EraseBytes-EraseBytes-
#7060312	REDUCE cov: 50 ft: 419 corp: 176/3540b lim: 4096 exec/s: 470687 rss: 36Mb L: 16/34 MS: 2 EraseBytes-CrossOver-
#7083624	REDUCE cov: 50 ft: 421 corp: 177/3561b lim: 4096 exec/s: 472241 rss: 36Mb L: 21/34 MS: 2 ChangeBinInt-CrossOver-
#8388608	pulse  cov: 50 ft: 421 corp: 177/3561b lim: 4096 exec/s: 466033 rss: 36Mb
#8937607	REDUCE cov: 50 ft: 421 corp: 177/3559b lim: 4096 exec/s: 446880 rss: 36Mb L: 16/34 MS: 3 ChangeBit-ChangeByte-EraseBytes-
#9162190	REDUCE cov: 50 ft: 421 corp: 177/3557b lim: 4096 exec/s: 458109 rss: 36Mb L: 18/34 MS: 3 InsertByte-EraseBytes-InsertByte-
#9426132	REDUCE cov: 50 ft: 421 corp: 177/3555b lim: 4096 exec/s: 448863 rss: 36Mb L: 16/34 MS: 2 ChangeByte-EraseBytes-
#9626455	REDUCE cov: 50 ft: 422 corp: 178/3587b lim: 4096 exec/s: 458402 rss: 36Mb L: 32/34 MS: 3 ChangeByte-InsertRepeatedBytes-EraseBytes-
#9813991	NEW    cov: 50 ft: 425 corp: 179/3619b lim: 4096 exec/s: 446090 rss: 36Mb L: 32/34 MS: 1 ChangeBit-
#9826500	REDUCE cov: 50 ft: 425 corp: 179/3617b lim: 4096 exec/s: 446659 rss: 36Mb L: 16/34 MS: 4 PersAutoDict-ShuffleBytes-PersAutoDict-EraseBytes- DE: "\0000"-"\377\377\377\377"-
#10356498	REDUCE cov: 50 ft: 425 corp: 179/3615b lim: 4096 exec/s: 450282 rss: 36Mb L: 16/34 MS: 3 ChangeByte-EraseBytes-InsertByte-
#11056277	REDUCE cov: 50 ft: 425 corp: 179/3613b lim: 4096 exec/s: 460678 rss: 36Mb L: 18/34 MS: 4 CopyPart-EraseBytes-ShuffleBytes-InsertByte-
#11472657	REDUCE cov: 50 ft: 425 corp: 179/3612b lim: 4096 exec/s: 458906 rss: 36Mb L: 15/34 MS: 5 EraseBytes-ChangeBinInt-ChangeByte-ChangeBit-CrossOver-
#11887787	REDUCE cov: 50 ft: 425 corp: 179/3604b lim: 4096 exec/s: 457222 rss: 36Mb L: 20/34 MS: 5 ChangeBit-PersAutoDict-ChangeByte-ChangeBit-EraseBytes- DE: "#\000\000\000\000\000\000\000"-
#12640125	REDUCE cov: 50 ft: 425 corp: 179/3602b lim: 4096 exec/s: 451433 rss: 36Mb L: 18/34 MS: 3 ChangeBit-EraseBytes-CrossOver-
#12707450	REDUCE cov: 50 ft: 425 corp: 179/3600b lim: 4096 exec/s: 453837 rss: 36Mb L: 16/34 MS: 5 PersAutoDict-PersAutoDict-EraseBytes-InsertRepeatedBytes-EraseBytes- DE: "\0000"-"\377\377\377`"-
#15418873	REDUCE cov: 50 ft: 425 corp: 179/3599b lim: 4096 exec/s: 453496 rss: 36Mb L: 15/34 MS: 3 ShuffleBytes-ChangeBit-EraseBytes-
#16596020	REDUCE cov: 50 ft: 425 corp: 179/3592b lim: 4096 exec/s: 448541 rss: 36Mb L: 21/34 MS: 2 EraseBytes-EraseBytes-
#16777216	pulse  cov: 50 ft: 425 corp: 179/3592b lim: 4096 exec/s: 453438 rss: 36Mb
#20293799	REDUCE cov: 50 ft: 425 corp: 179/3590b lim: 4096 exec/s: 450973 rss: 37Mb L: 16/34 MS: 4 ShuffleBytes-CopyPart-CopyPart-EraseBytes-
#20325122	REDUCE cov: 50 ft: 425 corp: 179/3583b lim: 4096 exec/s: 451669 rss: 37Mb L: 21/34 MS: 3 InsertByte-EraseBytes-EraseBytes-
#21624557	REDUCE cov: 50 ft: 425 corp: 179/3582b lim: 4096 exec/s: 450511 rss: 37Mb L: 15/34 MS: 5 ShuffleBytes-ChangeByte-CrossOver-ChangeBinInt-EraseBytes-
#23777981	REDUCE cov: 50 ft: 425 corp: 179/3580b lim: 4096 exec/s: 448641 rss: 37Mb L: 16/34 MS: 4 CopyPart-EraseBytes-ShuffleBytes-CMP- DE: "\377\377"-
#24830403	REDUCE cov: 50 ft: 425 corp: 179/3578b lim: 4096 exec/s: 443400 rss: 37Mb L: 16/34 MS: 2 EraseBytes-ChangeByte-
#24969096	REDUCE cov: 50 ft: 425 corp: 179/3576b lim: 4096 exec/s: 445876 rss: 37Mb L: 16/34 MS: 3 ChangeBit-EraseBytes-CrossOver-
#27081260	REDUCE cov: 50 ft: 425 corp: 179/3574b lim: 4096 exec/s: 443955 rss: 37Mb L: 16/34 MS: 4 ChangeByte-ChangeBinInt-InsertRepeatedBytes-EraseBytes-
#30377543	NEW    cov: 50 ft: 427 corp: 180/3606b lim: 4096 exec/s: 446728 rss: 37Mb L: 32/34 MS: 3 ShuffleBytes-ChangeBit-ChangeByte-
#31758385	REDUCE cov: 50 ft: 427 corp: 180/3604b lim: 4096 exec/s: 447301 rss: 37Mb L: 18/34 MS: 2 PersAutoDict-EraseBytes- DE: "\377\377\377`"-
#36182038	REDUCE cov: 50 ft: 427 corp: 180/3602b lim: 4096 exec/s: 446691 rss: 37Mb L: 26/34 MS: 3 ShuffleBytes-ChangeByte-EraseBytes-
#36397913	REDUCE cov: 50 ft: 427 corp: 180/3600b lim: 4096 exec/s: 443876 rss: 37Mb L: 16/34 MS: 5 ChangeBit-EraseBytes-ChangeBit-ChangeASCIIInt-InsertByte-
#37791826	NEW    cov: 50 ft: 429 corp: 181/3628b lim: 4096 exec/s: 444609 rss: 37Mb L: 28/34 MS: 3 ChangeBinInt-CopyPart-CopyPart-
#37872778	NEW    cov: 50 ft: 431 corp: 182/3656b lim: 4096 exec/s: 445562 rss: 37Mb L: 28/34 MS: 2 CopyPart-CopyPart-
#38753317	REDUCE cov: 50 ft: 431 corp: 182/3649b lim: 4096 exec/s: 445440 rss: 37Mb L: 21/34 MS: 4 ChangeBinInt-EraseBytes-InsertByte-EraseBytes-
#38937054	NEW    cov: 50 ft: 433 corp: 183/3677b lim: 4096 exec/s: 442466 rss: 37Mb L: 28/34 MS: 2 CrossOver-ShuffleBytes-
#38969786	NEW    cov: 50 ft: 434 corp: 184/3705b lim: 4096 exec/s: 442838 rss: 37Mb L: 28/34 MS: 2 ChangeByte-ChangeBit-
#39077457	NEW    cov: 50 ft: 435 corp: 185/3733b lim: 4096 exec/s: 444062 rss: 37Mb L: 28/34 MS: 1 ChangeBit-
#40066001	REDUCE cov: 50 ft: 435 corp: 185/3732b lim: 4096 exec/s: 445177 rss: 37Mb L: 15/34 MS: 4 ShuffleBytes-InsertByte-EraseBytes-ChangeBit-
#41197363	REDUCE cov: 50 ft: 435 corp: 185/3730b lim: 4096 exec/s: 442982 rss: 37Mb L: 18/34 MS: 2 EraseBytes-InsertByte-
#41888052	REDUCE cov: 50 ft: 435 corp: 185/3729b lim: 4096 exec/s: 445617 rss: 37Mb L: 15/34 MS: 4 ChangeBit-ShuffleBytes-CopyPart-EraseBytes-
#42105757	REDUCE cov: 50 ft: 435 corp: 185/3728b lim: 4096 exec/s: 443218 rss: 37Mb L: 15/34 MS: 5 InsertByte-CMP-ChangeBinInt-EraseBytes-PersAutoDict- DE: "\000z"-"\377\377\377\377"-
#43369059	NEW    cov: 50 ft: 436 corp: 186/3756b lim: 4096 exec/s: 442541 rss: 37Mb L: 28/34 MS: 2 ShuffleBytes-CopyPart-
#50413652	REDUCE cov: 50 ft: 436 corp: 186/3749b lim: 4096 exec/s: 442225 rss: 37Mb L: 21/34 MS: 3 CMP-CrossOver-EraseBytes- DE: "\000\000\000\000\000\000\000\027"-
#51599292	REDUCE cov: 50 ft: 436 corp: 186/3748b lim: 4096 exec/s: 444821 rss: 37Mb L: 15/34 MS: 5 PersAutoDict-CopyPart-ChangeBit-CopyPart-EraseBytes- DE: "\377\377\377\377"-
#54399042	REDUCE cov: 50 ft: 436 corp: 186/3746b lim: 4096 exec/s: 442268 rss: 37Mb L: 16/34 MS: 5 CopyPart-EraseBytes-PersAutoDict-CopyPart-ChangeBit- DE: "e\000"-
#54705244	REDUCE cov: 50 ft: 437 corp: 187/3764b lim: 4096 exec/s: 441171 rss: 37Mb L: 18/34 MS: 2 ChangeBinInt-ShuffleBytes-
#55478831	REDUCE cov: 50 ft: 437 corp: 187/3762b lim: 4096 exec/s: 443830 rss: 37Mb L: 18/34 MS: 2 EraseBytes-CopyPart-
#57224224	REDUCE cov: 50 ft: 437 corp: 187/3760b lim: 4096 exec/s: 443598 rss: 37Mb L: 16/34 MS: 3 ChangeBit-InsertByte-EraseBytes-
#57291305	NEW    cov: 50 ft: 438 corp: 188/3778b lim: 4096 exec/s: 444118 rss: 37Mb L: 18/34 MS: 1 ChangeByte-
#59004684	REDUCE cov: 50 ft: 438 corp: 188/3777b lim: 4096 exec/s: 443644 rss: 37Mb L: 20/34 MS: 4 CrossOver-ChangeBit-ChangeBit-EraseBytes-
#60387983	REDUCE cov: 50 ft: 438 corp: 188/3769b lim: 4096 exec/s: 444029 rss: 37Mb L: 18/34 MS: 4 InsertByte-EraseBytes-ShuffleBytes-EraseBytes-
#66162922	REDUCE cov: 50 ft: 438 corp: 188/3767b lim: 4096 exec/s: 441086 rss: 37Mb L: 16/34 MS: 4 InsertByte-EraseBytes-CMP-ChangeBit- DE: "\3771"-
#67108864	pulse  cov: 50 ft: 438 corp: 188/3767b lim: 4096 exec/s: 441505 rss: 37Mb
#68791637	REDUCE cov: 50 ft: 438 corp: 188/3759b lim: 4096 exec/s: 440972 rss: 37Mb L: 20/34 MS: 5 CrossOver-ShuffleBytes-EraseBytes-ChangeBit-ChangeBit-
#76918711	REDUCE cov: 50 ft: 438 corp: 188/3757b lim: 4096 exec/s: 442061 rss: 37Mb L: 16/34 MS: 4 EraseBytes-ShuffleBytes-CrossOver-ChangeBit-
#85181060	REDUCE cov: 50 ft: 438 corp: 188/3756b lim: 4096 exec/s: 441352 rss: 37Mb L: 15/34 MS: 4 CMP-EraseBytes-InsertByte-ChangeBit- DE: "R\000\000\000\000\000\000\000"-
#85296014	REDUCE cov: 50 ft: 438 corp: 188/3755b lim: 4096 exec/s: 441948 rss: 37Mb L: 15/34 MS: 4 PersAutoDict-EraseBytes-ChangeByte-ChangeBit- DE: "\377\377\377`"-
#85599277	REDUCE cov: 50 ft: 438 corp: 188/3753b lim: 4096 exec/s: 441233 rss: 37Mb L: 16/34 MS: 3 InsertByte-EraseBytes-ChangeBit-
#88260844	REDUCE cov: 50 ft: 438 corp: 188/3751b lim: 4096 exec/s: 441304 rss: 37Mb L: 19/34 MS: 2 EraseBytes-ChangeBinInt-
#88695533	REDUCE cov: 50 ft: 438 corp: 188/3750b lim: 4096 exec/s: 441271 rss: 37Mb L: 15/34 MS: 4 ShuffleBytes-EraseBytes-PersAutoDict-ChangeByte- DE: "R\000\000\000\000\000\000\000"-
#88951366	REDUCE cov: 50 ft: 438 corp: 188/3749b lim: 4096 exec/s: 442544 rss: 37Mb L: 15/34 MS: 3 ChangeBit-EraseBytes-ChangeByte-
#97671859	NEW    cov: 50 ft: 440 corp: 189/3779b lim: 4096 exec/s: 441954 rss: 37Mb L: 30/34 MS: 3 CrossOver-EraseBytes-ChangeBit-
#103838044	NEW    cov: 50 ft: 441 corp: 190/3813b lim: 4096 exec/s: 441864 rss: 37Mb L: 34/34 MS: 5 InsertRepeatedBytes-EraseBytes-ChangeASCIIInt-ChangeBinInt-EraseBytes-
#106241349	REDUCE cov: 50 ft: 441 corp: 190/3812b lim: 4096 exec/s: 440835 rss: 37Mb L: 15/34 MS: 5 EraseBytes-CopyPart-CrossOver-ChangeByte-ChangeByte-
#114105762	REDUCE cov: 50 ft: 441 corp: 190/3809b lim: 4096 exec/s: 442270 rss: 37Mb L: 15/34 MS: 3 ChangeByte-ChangeByte-EraseBytes-
#120078542	REDUCE cov: 50 ft: 441 corp: 190/3807b lim: 4096 exec/s: 441465 rss: 37Mb L: 16/34 MS: 5 CMP-ChangeBit-EraseBytes-PersAutoDict-ChangeBit- DE: "2\000\000\000"-"\3771"-
#130072757	REDUCE cov: 50 ft: 441 corp: 190/3806b lim: 4096 exec/s: 442424 rss: 37Mb L: 15/34 MS: 5 EraseBytes-ChangeBit-ShuffleBytes-PersAutoDict-ChangeBinInt- DE: "\3771"-
#130479262	REDUCE cov: 50 ft: 441 corp: 190/3804b lim: 4096 exec/s: 442302 rss: 37Mb L: 16/34 MS: 5 ChangeASCIIInt-ChangeBinInt-InsertByte-EraseBytes-ChangeBit-
#132775717	REDUCE cov: 50 ft: 441 corp: 190/3802b lim: 4096 exec/s: 442585 rss: 37Mb L: 16/34 MS: 5 ChangeASCIIInt-PersAutoDict-ChangeBit-InsertByte-EraseBytes- DE: "\377\377\377\377"-
#134112696	REDUCE cov: 50 ft: 441 corp: 190/3798b lim: 4096 exec/s: 442616 rss: 37Mb L: 27/34 MS: 4 ChangeByte-ChangeBinInt-EraseBytes-ChangeASCIIInt-
#134809469	REDUCE cov: 50 ft: 441 corp: 190/3796b lim: 4096 exec/s: 441998 rss: 37Mb L: 16/34 MS: 3 ChangeBinInt-EraseBytes-CrossOver-
#137391691	REDUCE cov: 50 ft: 441 corp: 190/3788b lim: 4096 exec/s: 441773 rss: 37Mb L: 20/34 MS: 2 EraseBytes-ShuffleBytes-
#138127146	NEW    cov: 50 ft: 442 corp: 191/3804b lim: 4096 exec/s: 442715 rss: 37Mb L: 16/34 MS: 5 InsertRepeatedBytes-PersAutoDict-EraseBytes-ChangeBit-EraseBytes- DE: "\377\377\377\377"-
#139275866	NEW    cov: 50 ft: 443 corp: 192/3820b lim: 4096 exec/s: 442145 rss: 37Mb L: 16/34 MS: 5 ChangeASCIIInt-ChangeByte-ShuffleBytes-CopyPart-EraseBytes-
#139281402	NEW    cov: 50 ft: 444 corp: 193/3836b lim: 4096 exec/s: 442163 rss: 37Mb L: 16/34 MS: 1 ChangeBit-
#139468203	NEW    cov: 50 ft: 445 corp: 194/3852b lim: 4096 exec/s: 441355 rss: 37Mb L: 16/34 MS: 1 ChangeBit-
#139534986	REDUCE cov: 50 ft: 445 corp: 194/3844b lim: 4096 exec/s: 441566 rss: 37Mb L: 20/34 MS: 3 ShuffleBytes-ChangeBinInt-EraseBytes-
#160230613	REDUCE cov: 50 ft: 445 corp: 194/3840b lim: 4096 exec/s: 442626 rss: 37Mb L: 16/34 MS: 2 ChangeBit-EraseBytes-
#162998925	REDUCE cov: 50 ft: 445 corp: 194/3837b lim: 4096 exec/s: 441731 rss: 37Mb L: 15/34 MS: 2 ChangeBinInt-EraseBytes-
#170011320	REDUCE cov: 50 ft: 445 corp: 194/3829b lim: 4096 exec/s: 442737 rss: 37Mb L: 20/34 MS: 5 EraseBytes-InsertByte-ShuffleBytes-ChangeBit-ChangeBit-
#170252695	REDUCE cov: 50 ft: 446 corp: 195/3844b lim: 4096 exec/s: 442214 rss: 37Mb L: 15/34 MS: 5 ChangeBinInt-ShuffleBytes-ChangeByte-ShuffleBytes-ChangeBit-
#171185513	REDUCE cov: 50 ft: 446 corp: 195/3842b lim: 4096 exec/s: 442339 rss: 37Mb L: 16/34 MS: 3 CMP-InsertByte-EraseBytes- DE: "\377\377\377\377\377\377\377\033"-
#173770543	REDUCE cov: 50 ft: 446 corp: 195/3840b lim: 4096 exec/s: 442164 rss: 37Mb L: 16/34 MS: 5 ChangeByte-InsertByte-EraseBytes-CrossOver-EraseBytes-
#180618996	REDUCE cov: 50 ft: 446 corp: 195/3832b lim: 4096 exec/s: 442693 rss: 37Mb L: 20/34 MS: 3 EraseBytes-ChangeASCIIInt-ShuffleBytes-
#182836792	NEW    cov: 50 ft: 449 corp: 196/3847b lim: 4096 exec/s: 442704 rss: 37Mb L: 15/34 MS: 1 CrossOver-
#183538542	REDUCE cov: 50 ft: 449 corp: 196/3845b lim: 4096 exec/s: 442261 rss: 37Mb L: 16/34 MS: 5 ChangeByte-ChangeASCIIInt-ChangeASCIIInt-ChangeBit-EraseBytes-
#186706956	REDUCE cov: 50 ft: 449 corp: 196/3833b lim: 4096 exec/s: 442433 rss: 37Mb L: 16/34 MS: 4 EraseBytes-ChangeByte-ChangeBit-CrossOver-
#191723485	REDUCE cov: 50 ft: 449 corp: 196/3832b lim: 4096 exec/s: 442779 rss: 37Mb L: 15/34 MS: 4 EraseBytes-ShuffleBytes-ChangeBit-ChangeByte-
#197258163	REDUCE cov: 50 ft: 449 corp: 196/3830b lim: 4096 exec/s: 442282 rss: 37Mb L: 16/34 MS: 3 PersAutoDict-EraseBytes-ChangeBit- DE: "\3771"-
#216749738	REDUCE cov: 50 ft: 449 corp: 196/3822b lim: 4096 exec/s: 443250 rss: 37Mb L: 20/34 MS: 5 ShuffleBytes-EraseBytes-ChangeASCIIInt-ChangeBit-ChangeASCIIInt-
#217172473	REDUCE cov: 50 ft: 449 corp: 196/3817b lim: 4096 exec/s: 443209 rss: 37Mb L: 23/34 MS: 5 ChangeBinInt-EraseBytes-EraseBytes-CopyPart-ChangeBinInt-
panic: found special char in iban [recovered]
	panic: found special char in iban

goroutine 17 [running, locked to thread]:
git.ultraware.nl/iddinkgroep/fundament-api.Fuzz.func1()
	git.ultraware.nl/iddinkgroep/fundament-api/fuzz.go:19 +0xa5
panic({0x56219fdd1760?, 0x56219fde4c70?})
	runtime/panic.go:914 +0x21f
git.ultraware.nl/iddinkgroep/fundament-api.Fuzz({0xc0002834b8, 0x14})
	git.ultraware.nl/iddinkgroep/fundament-api/fuzz.go:34 +0x2b9
git.ultraware.nl/iddinkgroep/fundament-api.Fuzz_(...)
	git.ultraware.nl/iddinkgroep/fundament-api/fuzz.1527825026.go:6
main.LLVMFuzzerTestOneInput(...)
	./main.170485750.go:21
==10174== ERROR: libFuzzer: deadly signal
    #0 0x56219fcf4630 in __sanitizer_print_stack_trace (/seedai/experiments/libfuzzer/source_iban/libfuzzer+0xaf630) (BuildId: 688cb25bec4564588da2a67f6a2b25148a0fd5d4)
    #1 0x56219fcc0755 in fuzzer::PrintStackTrace() (/seedai/experiments/libfuzzer/source_iban/libfuzzer+0x7b755) (BuildId: 688cb25bec4564588da2a67f6a2b25148a0fd5d4)
    #2 0x56219fc9f3a9 in fuzzer::Fuzzer::CrashCallback() (.part.0) FuzzerLoop.cpp.o
    #3 0x56219fc9f46a in fuzzer::Fuzzer::StaticCrashSignalCallback() (/seedai/experiments/libfuzzer/source_iban/libfuzzer+0x5a46a) (BuildId: 688cb25bec4564588da2a67f6a2b25148a0fd5d4)
    #4 0x7f0e3716070f  (/usr/lib/libc.so.6+0x3e70f) (BuildId: 316d0d3666387f0e8fb98773f51aa1801027c5ab)
    #5 0x56219fd54160 in runtime.raise.abi0 runtime/sys_linux_amd64.s:153

NOTE: libFuzzer has rudimentary signal handlers.
      Combine libFuzzer with AddressSanitizer or similar for better crash reports.
SUMMARY: libFuzzer: deadly signal
MS: 3 CrossOver-CopyPart-ChangeBit-; base unit: a6899897dae7ad58efa3219f975336f0a1778323
0x4c,0x75,0x6c,0x6c,0x2d,0x30,0x30,0x30,0x30,0x30,0x30,0x30,0x30,0x30,0x30,0x31,0x30,0x30,0x30,0x30,
Lull-000000000010000
artifact_prefix='./'; Test unit written to ./crash-80622ec6075853a388beadd5807093ac38388793
Base64: THVsbC0wMDAwMDAwMDAwMTAwMDA=
