INFO: Running with entropic power schedule (0xFF, 100).
INFO: Seed: 2460922742
INFO: Loaded 1 modules   (70 inline 8-bit counters): 70 [0x55b81d4b9030, 0x55b81d4b9076), 
INFO: Loaded 1 PC tables (70 PCs): 70 [0xc000068000,0xc000068460), 
INFO:        8 files found in corpus
INFO: -max_len is not provided; libFuzzer will not generate inputs larger than 4096 bytes
INFO: seed corpus: files: 8 min: 343b max: 2400b total: 6689b rss: 29Mb
#9	INITED exec/s: 0 rss: 29Mb
WARNING: no interesting inputs were found so far. Is the code instrumented for coverage?
This may also happen if the target rejected all inputs we tried so far
#10	NEW    cov: 9 ft: 15 corp: 2/2b lim: 4 exec/s: 0 rss: 29Mb L: 1/1 MS: 1 ChangeBinInt-
#12	NEW    cov: 9 ft: 16 corp: 3/4b lim: 4 exec/s: 0 rss: 29Mb L: 2/2 MS: 2 ChangeBit-CrossOver-
#30	NEW    cov: 9 ft: 19 corp: 4/7b lim: 4 exec/s: 0 rss: 29Mb L: 3/3 MS: 3 CopyPart-CrossOver-InsertByte-
#266	NEW    cov: 9 ft: 20 corp: 5/12b lim: 6 exec/s: 0 rss: 29Mb L: 5/5 MS: 1 InsertRepeatedBytes-
#479	NEW    cov: 9 ft: 21 corp: 6/20b lim: 8 exec/s: 0 rss: 29Mb L: 8/8 MS: 3 CrossOver-ChangeBit-CopyPart-
#489	NEW    cov: 9 ft: 22 corp: 7/27b lim: 8 exec/s: 0 rss: 29Mb L: 7/8 MS: 5 ChangeBit-InsertByte-ChangeBit-ChangeByte-InsertByte-
#1111	NEW    cov: 9 ft: 23 corp: 8/41b lim: 14 exec/s: 0 rss: 30Mb L: 14/14 MS: 2 CopyPart-InsertRepeatedBytes-
#1139	NEW    cov: 9 ft: 25 corp: 9/54b lim: 14 exec/s: 0 rss: 30Mb L: 13/14 MS: 3 ShuffleBytes-ChangeByte-EraseBytes-
#1453	NEW    cov: 11 ft: 31 corp: 10/70b lim: 17 exec/s: 0 rss: 30Mb L: 16/16 MS: 4 InsertByte-CrossOver-ChangeByte-InsertRepeatedBytes-
#1461	NEW    cov: 11 ft: 33 corp: 11/85b lim: 17 exec/s: 0 rss: 30Mb L: 15/16 MS: 3 ChangeBinInt-EraseBytes-InsertByte-
#1474	NEW    cov: 11 ft: 34 corp: 12/102b lim: 17 exec/s: 0 rss: 30Mb L: 17/17 MS: 3 CrossOver-InsertByte-CrossOver-
#1780	NEW    cov: 13 ft: 40 corp: 13/118b lim: 17 exec/s: 0 rss: 30Mb L: 16/17 MS: 1 InsertRepeatedBytes-
#1846	NEW    cov: 13 ft: 41 corp: 14/134b lim: 17 exec/s: 0 rss: 30Mb L: 16/17 MS: 1 CopyPart-
#1858	NEW    cov: 13 ft: 42 corp: 15/150b lim: 17 exec/s: 0 rss: 30Mb L: 16/17 MS: 2 ChangeBit-ChangeBinInt-
#2004	NEW    cov: 13 ft: 43 corp: 16/167b lim: 17 exec/s: 0 rss: 30Mb L: 17/17 MS: 1 InsertByte-
#2036	REDUCE cov: 13 ft: 43 corp: 16/166b lim: 17 exec/s: 0 rss: 30Mb L: 15/17 MS: 2 ChangeBinInt-EraseBytes-
#2058	REDUCE cov: 13 ft: 45 corp: 17/181b lim: 17 exec/s: 0 rss: 30Mb L: 15/17 MS: 2 CopyPart-CrossOver-
#2074	NEW    cov: 13 ft: 46 corp: 18/198b lim: 17 exec/s: 0 rss: 30Mb L: 17/17 MS: 1 CopyPart-
#2089	NEW    cov: 13 ft: 47 corp: 19/215b lim: 17 exec/s: 0 rss: 30Mb L: 17/17 MS: 5 CrossOver-EraseBytes-CrossOver-CopyPart-ChangeByte-
#2391	REDUCE cov: 13 ft: 48 corp: 20/230b lim: 17 exec/s: 0 rss: 30Mb L: 15/17 MS: 2 ShuffleBytes-ChangeByte-
#2562	NEW    cov: 25 ft: 89 corp: 21/246b lim: 17 exec/s: 0 rss: 30Mb L: 16/17 MS: 1 CopyPart-
#2974	REDUCE cov: 25 ft: 90 corp: 22/265b lim: 21 exec/s: 0 rss: 30Mb L: 19/19 MS: 2 InsertRepeatedBytes-CopyPart-
#3102	NEW    cov: 25 ft: 91 corp: 23/283b lim: 21 exec/s: 0 rss: 30Mb L: 18/19 MS: 3 InsertByte-CopyPart-CopyPart-
#3218	NEW    cov: 25 ft: 92 corp: 24/299b lim: 21 exec/s: 0 rss: 30Mb L: 16/19 MS: 1 CMP- DE: "\012\000\000\000\000\000\000\000"-
#3425	NEW    cov: 25 ft: 95 corp: 25/315b lim: 21 exec/s: 0 rss: 30Mb L: 16/19 MS: 2 PersAutoDict-CMP- DE: "\012\000\000\000\000\000\000\000"-"\024\000\000\000\000\000\000\000"-
#3463	NEW    cov: 25 ft: 96 corp: 26/335b lim: 21 exec/s: 0 rss: 30Mb L: 20/20 MS: 3 ShuffleBytes-InsertRepeatedBytes-ChangeBinInt-
#3474	NEW    cov: 25 ft: 97 corp: 27/355b lim: 21 exec/s: 0 rss: 30Mb L: 20/20 MS: 1 CopyPart-
#3481	NEW    cov: 25 ft: 99 corp: 28/375b lim: 21 exec/s: 0 rss: 30Mb L: 20/20 MS: 2 CrossOver-InsertRepeatedBytes-
#3572	NEW    cov: 25 ft: 102 corp: 29/395b lim: 21 exec/s: 0 rss: 30Mb L: 20/20 MS: 1 ChangeByte-
#3708	NEW    cov: 25 ft: 103 corp: 30/415b lim: 21 exec/s: 0 rss: 30Mb L: 20/20 MS: 1 CMP- DE: "\000\000\000\000"-
#3989	NEW    cov: 25 ft: 105 corp: 31/435b lim: 21 exec/s: 0 rss: 30Mb L: 20/20 MS: 1 ChangeBit-
#4135	NEW    cov: 25 ft: 106 corp: 32/452b lim: 21 exec/s: 0 rss: 30Mb L: 17/20 MS: 1 ChangeBit-
#4154	NEW    cov: 25 ft: 109 corp: 33/472b lim: 21 exec/s: 0 rss: 30Mb L: 20/20 MS: 4 EraseBytes-ChangeByte-InsertByte-InsertByte-
#4286	NEW    cov: 30 ft: 124 corp: 34/488b lim: 21 exec/s: 0 rss: 30Mb L: 16/20 MS: 2 ChangeByte-CopyPart-
#4713	REDUCE cov: 30 ft: 124 corp: 34/486b lim: 25 exec/s: 0 rss: 31Mb L: 15/20 MS: 2 EraseBytes-ChangeByte-
#4731	NEW    cov: 30 ft: 126 corp: 35/506b lim: 25 exec/s: 0 rss: 31Mb L: 20/20 MS: 3 ShuffleBytes-ChangeByte-ChangeByte-
#4987	NEW    cov: 30 ft: 127 corp: 36/524b lim: 25 exec/s: 0 rss: 31Mb L: 18/20 MS: 1 ChangeBinInt-
#5364	REDUCE cov: 30 ft: 127 corp: 36/522b lim: 25 exec/s: 0 rss: 31Mb L: 15/20 MS: 2 ShuffleBytes-EraseBytes-
#5407	NEW    cov: 30 ft: 128 corp: 37/542b lim: 25 exec/s: 0 rss: 31Mb L: 20/20 MS: 3 ChangeBit-ChangeBinInt-ChangeByte-
#5418	NEW    cov: 30 ft: 130 corp: 38/558b lim: 25 exec/s: 0 rss: 31Mb L: 16/20 MS: 1 ChangeBit-
#5639	NEW    cov: 31 ft: 135 corp: 39/574b lim: 25 exec/s: 0 rss: 31Mb L: 16/20 MS: 1 ChangeByte-
#5805	NEW    cov: 31 ft: 136 corp: 40/590b lim: 25 exec/s: 0 rss: 31Mb L: 16/20 MS: 1 ChangeBit-
#5936	NEW    cov: 31 ft: 139 corp: 41/610b lim: 25 exec/s: 0 rss: 31Mb L: 20/20 MS: 1 PersAutoDict- DE: "\024\000\000\000\000\000\000\000"-
#6360	NEW    cov: 31 ft: 140 corp: 42/637b lim: 29 exec/s: 0 rss: 31Mb L: 27/27 MS: 4 CrossOver-ShuffleBytes-ChangeByte-InsertRepeatedBytes-
#6381	NEW    cov: 31 ft: 141 corp: 43/666b lim: 29 exec/s: 0 rss: 31Mb L: 29/29 MS: 1 CopyPart-
#6461	NEW    cov: 31 ft: 151 corp: 44/686b lim: 29 exec/s: 0 rss: 31Mb L: 20/29 MS: 5 EraseBytes-EraseBytes-InsertRepeatedBytes-CMP-CrossOver- DE: "\000\000"-
#6658	NEW    cov: 31 ft: 152 corp: 45/706b lim: 29 exec/s: 0 rss: 31Mb L: 20/29 MS: 2 EraseBytes-InsertRepeatedBytes-
#7058	NEW    cov: 31 ft: 155 corp: 46/726b lim: 29 exec/s: 0 rss: 31Mb L: 20/29 MS: 5 ShuffleBytes-InsertByte-InsertByte-ChangeBit-CrossOver-
#7122	NEW    cov: 31 ft: 156 corp: 47/753b lim: 29 exec/s: 0 rss: 31Mb L: 27/29 MS: 4 ChangeBit-InsertRepeatedBytes-CopyPart-ChangeBit-
#7546	NEW    cov: 31 ft: 157 corp: 48/784b lim: 33 exec/s: 0 rss: 31Mb L: 31/31 MS: 4 CMP-CrossOver-ChangeByte-InsertRepeatedBytes- DE: "\015\000\000\000\000\000\000\000"-
#7616	NEW    cov: 31 ft: 158 corp: 49/817b lim: 33 exec/s: 0 rss: 31Mb L: 33/33 MS: 5 InsertRepeatedBytes-ChangeBit-ChangeBinInt-CrossOver-InsertByte-
#7666	REDUCE cov: 31 ft: 158 corp: 49/806b lim: 33 exec/s: 0 rss: 31Mb L: 16/33 MS: 5 ShuffleBytes-ShuffleBytes-InsertByte-EraseBytes-CopyPart-
#7685	REDUCE cov: 31 ft: 160 corp: 50/826b lim: 33 exec/s: 0 rss: 31Mb L: 20/33 MS: 4 ShuffleBytes-CopyPart-ChangeBinInt-CMP- DE: "\001\000\000\000"-
#7956	NEW    cov: 31 ft: 161 corp: 51/842b lim: 33 exec/s: 0 rss: 31Mb L: 16/33 MS: 1 ShuffleBytes-
#8288	NEW    cov: 31 ft: 162 corp: 52/858b lim: 33 exec/s: 0 rss: 31Mb L: 16/33 MS: 2 ShuffleBytes-ChangeBinInt-
#8819	NEW    cov: 31 ft: 164 corp: 53/892b lim: 38 exec/s: 0 rss: 32Mb L: 34/34 MS: 1 CopyPart-
#9316	REDUCE cov: 31 ft: 164 corp: 53/891b lim: 38 exec/s: 0 rss: 32Mb L: 15/34 MS: 2 EraseBytes-PersAutoDict- DE: "\000\000"-
#9362	NEW    cov: 33 ft: 175 corp: 54/911b lim: 38 exec/s: 0 rss: 32Mb L: 20/34 MS: 1 CopyPart-
#9446	NEW    cov: 33 ft: 176 corp: 55/927b lim: 38 exec/s: 0 rss: 32Mb L: 16/34 MS: 4 ChangeBit-ShuffleBytes-ShuffleBytes-ChangeBit-
#9651	NEW    cov: 33 ft: 179 corp: 56/947b lim: 38 exec/s: 0 rss: 32Mb L: 20/34 MS: 5 CrossOver-CrossOver-ChangeByte-ChangeBit-CopyPart-
#9742	NEW    cov: 33 ft: 186 corp: 57/967b lim: 38 exec/s: 0 rss: 32Mb L: 20/34 MS: 1 ChangeByte-
#9763	NEW    cov: 33 ft: 187 corp: 58/987b lim: 38 exec/s: 0 rss: 32Mb L: 20/34 MS: 1 ShuffleBytes-
#10121	REDUCE cov: 33 ft: 187 corp: 58/985b lim: 38 exec/s: 0 rss: 32Mb L: 16/34 MS: 3 EraseBytes-ChangeByte-InsertByte-
#10882	NEW    cov: 33 ft: 188 corp: 59/1005b lim: 43 exec/s: 0 rss: 32Mb L: 20/34 MS: 1 ShuffleBytes-
#11678	NEW    cov: 33 ft: 189 corp: 60/1025b lim: 48 exec/s: 0 rss: 32Mb L: 20/34 MS: 1 ChangeByte-
#11944	NEW    cov: 33 ft: 190 corp: 61/1041b lim: 48 exec/s: 0 rss: 32Mb L: 16/34 MS: 1 ShuffleBytes-
#12450	NEW    cov: 33 ft: 191 corp: 62/1061b lim: 53 exec/s: 0 rss: 32Mb L: 20/34 MS: 1 CrossOver-
#12846	NEW    cov: 34 ft: 194 corp: 63/1081b lim: 53 exec/s: 0 rss: 32Mb L: 20/34 MS: 1 CopyPart-
#12997	NEW    cov: 34 ft: 195 corp: 64/1101b lim: 53 exec/s: 0 rss: 32Mb L: 20/34 MS: 1 CrossOver-
#13688	NEW    cov: 34 ft: 196 corp: 65/1121b lim: 58 exec/s: 0 rss: 32Mb L: 20/34 MS: 1 ChangeBit-
#13909	NEW    cov: 34 ft: 197 corp: 66/1141b lim: 58 exec/s: 0 rss: 33Mb L: 20/34 MS: 1 ChangeBinInt-
#14310	NEW    cov: 34 ft: 198 corp: 67/1161b lim: 58 exec/s: 0 rss: 33Mb L: 20/34 MS: 1 ShuffleBytes-
#14344	REDUCE cov: 34 ft: 198 corp: 67/1159b lim: 58 exec/s: 0 rss: 33Mb L: 18/34 MS: 4 InsertByte-ChangeByte-InsertByte-EraseBytes-
#14676	NEW    cov: 34 ft: 199 corp: 68/1179b lim: 58 exec/s: 0 rss: 33Mb L: 20/34 MS: 2 CrossOver-CopyPart-
#15157	NEW    cov: 34 ft: 200 corp: 69/1199b lim: 58 exec/s: 0 rss: 33Mb L: 20/34 MS: 1 ChangeBit-
#16776	REDUCE cov: 34 ft: 200 corp: 69/1197b lim: 74 exec/s: 0 rss: 33Mb L: 18/34 MS: 4 ChangeByte-CrossOver-InsertByte-InsertByte-
#17547	NEW    cov: 34 ft: 201 corp: 70/1213b lim: 80 exec/s: 0 rss: 33Mb L: 16/34 MS: 1 ChangeBinInt-
#17559	NEW    cov: 34 ft: 202 corp: 71/1233b lim: 80 exec/s: 0 rss: 33Mb L: 20/34 MS: 2 ShuffleBytes-CopyPart-
#18608	NEW    cov: 34 ft: 203 corp: 72/1253b lim: 86 exec/s: 0 rss: 34Mb L: 20/34 MS: 4 ChangeByte-ChangeBinInt-ChangeByte-ShuffleBytes-
#20399	NEW    cov: 34 ft: 204 corp: 73/1269b lim: 98 exec/s: 0 rss: 34Mb L: 16/34 MS: 1 ShuffleBytes-
#21271	NEW    cov: 34 ft: 205 corp: 74/1286b lim: 104 exec/s: 0 rss: 34Mb L: 17/34 MS: 2 ChangeByte-CrossOver-
#21338	NEW    cov: 34 ft: 206 corp: 75/1302b lim: 104 exec/s: 0 rss: 34Mb L: 16/34 MS: 2 CopyPart-ShuffleBytes-
#22028	NEW    cov: 34 ft: 207 corp: 76/1317b lim: 110 exec/s: 0 rss: 34Mb L: 15/34 MS: 5 ChangeBit-ChangeBit-CopyPart-ChangeBinInt-ChangeBit-
#24030	NEW    cov: 34 ft: 208 corp: 77/1333b lim: 128 exec/s: 0 rss: 34Mb L: 16/34 MS: 2 ChangeByte-ChangeBit-
#25806	NEW    cov: 34 ft: 209 corp: 78/1349b lim: 142 exec/s: 0 rss: 34Mb L: 16/34 MS: 1 ChangeBit-
#27105	REDUCE cov: 34 ft: 209 corp: 78/1348b lim: 149 exec/s: 0 rss: 34Mb L: 16/34 MS: 4 EraseBytes-CrossOver-PersAutoDict-EraseBytes- DE: "\024\000\000\000\000\000\000\000"-
#27388	NEW    cov: 35 ft: 212 corp: 79/1364b lim: 149 exec/s: 0 rss: 34Mb L: 16/34 MS: 3 ChangeBinInt-ChangeBit-ChangeBinInt-
#27444	NEW    cov: 35 ft: 213 corp: 80/1384b lim: 149 exec/s: 0 rss: 34Mb L: 20/34 MS: 1 ChangeBinInt-
#29770	NEW    cov: 35 ft: 214 corp: 81/1404b lim: 170 exec/s: 0 rss: 34Mb L: 20/34 MS: 1 ChangeByte-
#29989	NEW    cov: 35 ft: 215 corp: 82/1424b lim: 170 exec/s: 0 rss: 34Mb L: 20/34 MS: 4 ChangeBit-ShuffleBytes-ChangeBit-CrossOver-
#33870	NEW    cov: 35 ft: 216 corp: 83/1440b lim: 205 exec/s: 0 rss: 34Mb L: 16/34 MS: 1 ShuffleBytes-
#34406	REDUCE cov: 35 ft: 216 corp: 83/1439b lim: 205 exec/s: 0 rss: 34Mb L: 15/34 MS: 1 EraseBytes-
#36358	REDUCE cov: 35 ft: 216 corp: 83/1437b lim: 219 exec/s: 0 rss: 34Mb L: 16/34 MS: 2 EraseBytes-InsertByte-
#36529	NEW    cov: 47 ft: 261 corp: 84/1457b lim: 219 exec/s: 0 rss: 34Mb L: 20/34 MS: 1 CopyPart-
#40230	NEW    cov: 47 ft: 262 corp: 85/1477b lim: 254 exec/s: 0 rss: 34Mb L: 20/34 MS: 1 ChangeBit-
#40987	REDUCE cov: 47 ft: 262 corp: 85/1476b lim: 261 exec/s: 0 rss: 34Mb L: 15/34 MS: 2 CrossOver-EraseBytes-
#42009	REDUCE cov: 47 ft: 262 corp: 85/1474b lim: 269 exec/s: 0 rss: 34Mb L: 18/34 MS: 2 ChangeByte-EraseBytes-
#43281	NEW    cov: 47 ft: 263 corp: 86/1490b lim: 277 exec/s: 0 rss: 34Mb L: 16/34 MS: 2 ShuffleBytes-ShuffleBytes-
#43707	NEW    cov: 47 ft: 264 corp: 87/1510b lim: 277 exec/s: 0 rss: 34Mb L: 20/34 MS: 1 CopyPart-
#44493	NEW    cov: 47 ft: 265 corp: 88/1530b lim: 277 exec/s: 0 rss: 34Mb L: 20/34 MS: 1 ChangeByte-
#45433	REDUCE cov: 47 ft: 265 corp: 88/1526b lim: 285 exec/s: 0 rss: 34Mb L: 16/34 MS: 5 ChangeBit-EraseBytes-InsertByte-ChangeByte-ChangeBinInt-
#46989	NEW    cov: 47 ft: 269 corp: 89/1546b lim: 293 exec/s: 0 rss: 34Mb L: 20/34 MS: 1 ChangeBit-
#47170	NEW    cov: 47 ft: 272 corp: 90/1566b lim: 293 exec/s: 0 rss: 34Mb L: 20/34 MS: 1 ChangeBit-
#50361	NEW    cov: 47 ft: 274 corp: 91/1586b lim: 317 exec/s: 0 rss: 34Mb L: 20/34 MS: 1 ChangeBit-
#51454	REDUCE cov: 47 ft: 274 corp: 91/1585b lim: 325 exec/s: 0 rss: 34Mb L: 15/34 MS: 3 ShuffleBytes-ChangeBinInt-EraseBytes-
#54055	NEW    cov: 47 ft: 275 corp: 92/1601b lim: 349 exec/s: 0 rss: 34Mb L: 16/34 MS: 1 ShuffleBytes-
#55291	NEW    cov: 47 ft: 276 corp: 93/1621b lim: 357 exec/s: 0 rss: 34Mb L: 20/34 MS: 1 ChangeBit-
#56932	NEW    cov: 49 ft: 285 corp: 94/1641b lim: 373 exec/s: 0 rss: 34Mb L: 20/34 MS: 1 ChangeBit-
#59949	NEW    cov: 49 ft: 286 corp: 95/1661b lim: 397 exec/s: 0 rss: 34Mb L: 20/34 MS: 2 CopyPart-ChangeBit-
#64172	REDUCE cov: 49 ft: 286 corp: 95/1659b lim: 437 exec/s: 0 rss: 34Mb L: 18/34 MS: 3 EraseBytes-ChangeBit-ChangeBit-
#64894	NEW    cov: 49 ft: 290 corp: 96/1679b lim: 437 exec/s: 0 rss: 34Mb L: 20/34 MS: 2 ShuffleBytes-ChangeBit-
#68735	NEW    cov: 49 ft: 292 corp: 97/1699b lim: 469 exec/s: 0 rss: 34Mb L: 20/34 MS: 1 ChangeBit-
#74222	NEW    cov: 49 ft: 295 corp: 98/1719b lim: 517 exec/s: 0 rss: 34Mb L: 20/34 MS: 2 ChangeByte-ChangeBinInt-
#75928	NEW    cov: 49 ft: 296 corp: 99/1739b lim: 526 exec/s: 0 rss: 35Mb L: 20/34 MS: 1 ChangeBit-
#96392	NEW    cov: 49 ft: 297 corp: 100/1759b lim: 724 exec/s: 0 rss: 35Mb L: 20/34 MS: 4 ChangeBit-ChangeBit-ChangeBit-ChangeByte-
#105684	NEW    cov: 49 ft: 298 corp: 101/1779b lim: 814 exec/s: 0 rss: 35Mb L: 20/34 MS: 2 ChangeByte-ChangeBit-
#109656	REDUCE cov: 49 ft: 298 corp: 101/1777b lim: 850 exec/s: 0 rss: 35Mb L: 18/34 MS: 2 EraseBytes-InsertByte-
#116254	NEW    cov: 49 ft: 299 corp: 102/1793b lim: 913 exec/s: 0 rss: 35Mb L: 16/34 MS: 3 ShuffleBytes-ChangeByte-ChangeBinInt-
#143375	NEW    cov: 49 ft: 300 corp: 103/1809b lim: 1180 exec/s: 0 rss: 35Mb L: 16/34 MS: 1 ChangeBit-
#143727	REDUCE cov: 49 ft: 301 corp: 104/1825b lim: 1180 exec/s: 0 rss: 35Mb L: 16/34 MS: 2 ChangeBinInt-ChangeBinInt-
#149697	REDUCE cov: 49 ft: 301 corp: 104/1823b lim: 1230 exec/s: 0 rss: 35Mb L: 18/34 MS: 5 ChangeASCIIInt-ChangeByte-InsertByte-EraseBytes-ChangeByte-
#150239	REDUCE cov: 49 ft: 301 corp: 104/1821b lim: 1230 exec/s: 0 rss: 35Mb L: 18/34 MS: 2 InsertByte-EraseBytes-
#150431	NEW    cov: 49 ft: 302 corp: 105/1837b lim: 1230 exec/s: 0 rss: 35Mb L: 16/34 MS: 2 ChangeBinInt-ChangeBit-
#180762	NEW    cov: 49 ft: 303 corp: 106/1857b lim: 1530 exec/s: 0 rss: 35Mb L: 20/34 MS: 1 ChangeBit-
#192862	REDUCE cov: 49 ft: 303 corp: 106/1855b lim: 1650 exec/s: 0 rss: 35Mb L: 16/34 MS: 5 EraseBytes-ShuffleBytes-InsertByte-InsertByte-CrossOver-
#200050	REDUCE cov: 49 ft: 303 corp: 106/1853b lim: 1720 exec/s: 0 rss: 35Mb L: 16/34 MS: 3 ChangeBit-EraseBytes-ChangeBinInt-
#213877	NEW    cov: 49 ft: 306 corp: 107/1873b lim: 1850 exec/s: 0 rss: 35Mb L: 20/34 MS: 2 ChangeByte-ShuffleBytes-
#236394	NEW    cov: 49 ft: 307 corp: 108/1893b lim: 2072 exec/s: 0 rss: 35Mb L: 20/34 MS: 2 ShuffleBytes-ChangeBinInt-
#259341	REDUCE cov: 49 ft: 307 corp: 108/1891b lim: 2292 exec/s: 0 rss: 35Mb L: 15/34 MS: 2 EraseBytes-CrossOver-
#262230	REDUCE cov: 49 ft: 307 corp: 108/1889b lim: 2314 exec/s: 0 rss: 35Mb L: 16/34 MS: 4 ChangeBinInt-ChangeBit-EraseBytes-ChangeByte-
#273768	REDUCE cov: 49 ft: 307 corp: 108/1887b lim: 2424 exec/s: 0 rss: 35Mb L: 18/34 MS: 3 ChangeByte-ChangeByte-EraseBytes-
#312167	REDUCE cov: 49 ft: 307 corp: 108/1885b lim: 2798 exec/s: 0 rss: 35Mb L: 18/34 MS: 4 ShuffleBytes-EraseBytes-CrossOver-EraseBytes-
#332955	REDUCE cov: 49 ft: 307 corp: 108/1883b lim: 2996 exec/s: 0 rss: 35Mb L: 16/34 MS: 3 PersAutoDict-ChangeBinInt-EraseBytes- DE: "\001\000\000\000"-
#350956	NEW    cov: 49 ft: 309 corp: 109/1903b lim: 3172 exec/s: 0 rss: 35Mb L: 20/34 MS: 1 CrossOver-
#388063	NEW    cov: 49 ft: 315 corp: 110/1923b lim: 3535 exec/s: 0 rss: 35Mb L: 20/34 MS: 2 ChangeByte-ChangeBit-
#430325	NEW    cov: 49 ft: 316 corp: 111/1939b lim: 3953 exec/s: 0 rss: 35Mb L: 16/34 MS: 2 EraseBytes-InsertByte-
#441130	REDUCE cov: 49 ft: 316 corp: 111/1937b lim: 4052 exec/s: 441130 rss: 35Mb L: 16/34 MS: 2 EraseBytes-InsertByte-
#460950	REDUCE cov: 49 ft: 316 corp: 111/1935b lim: 4096 exec/s: 460950 rss: 35Mb L: 18/34 MS: 5 CopyPart-ChangeByte-ShuffleBytes-EraseBytes-ChangeByte-
#487248	REDUCE cov: 49 ft: 316 corp: 111/1933b lim: 4096 exec/s: 487248 rss: 35Mb L: 18/34 MS: 3 EraseBytes-InsertByte-ChangeBinInt-
#493281	NEW    cov: 49 ft: 317 corp: 112/1949b lim: 4096 exec/s: 493281 rss: 35Mb L: 16/34 MS: 3 CrossOver-ChangeBinInt-ChangeBit-
#584657	NEW    cov: 49 ft: 318 corp: 113/1965b lim: 4096 exec/s: 584657 rss: 35Mb L: 16/34 MS: 1 ChangeASCIIInt-
#590628	NEW    cov: 49 ft: 319 corp: 114/1981b lim: 4096 exec/s: 590628 rss: 35Mb L: 16/34 MS: 1 ShuffleBytes-
#614082	NEW    cov: 49 ft: 320 corp: 115/2001b lim: 4096 exec/s: 614082 rss: 35Mb L: 20/34 MS: 4 ChangeByte-CrossOver-ChangeBit-ChangeBit-
#614979	NEW    cov: 49 ft: 322 corp: 116/2021b lim: 4096 exec/s: 614979 rss: 35Mb L: 20/34 MS: 2 ShuffleBytes-ChangeByte-
#654589	NEW    cov: 49 ft: 323 corp: 117/2041b lim: 4096 exec/s: 654589 rss: 35Mb L: 20/34 MS: 5 ShuffleBytes-ShuffleBytes-ChangeASCIIInt-ShuffleBytes-ChangeASCIIInt-
#662256	NEW    cov: 49 ft: 325 corp: 118/2061b lim: 4096 exec/s: 662256 rss: 35Mb L: 20/34 MS: 2 ChangeByte-ChangeASCIIInt-
#683464	REDUCE cov: 49 ft: 325 corp: 118/2059b lim: 4096 exec/s: 683464 rss: 35Mb L: 18/34 MS: 3 ChangeByte-ChangeBit-EraseBytes-
#712040	NEW    cov: 49 ft: 326 corp: 119/2075b lim: 4096 exec/s: 712040 rss: 35Mb L: 16/34 MS: 1 ChangeBit-
#722221	NEW    cov: 49 ft: 327 corp: 120/2091b lim: 4096 exec/s: 722221 rss: 35Mb L: 16/34 MS: 1 ChangeByte-
#726526	REDUCE cov: 49 ft: 327 corp: 120/2089b lim: 4096 exec/s: 726526 rss: 35Mb L: 16/34 MS: 5 ChangeByte-ChangeBinInt-CopyPart-EraseBytes-ChangeByte-
#727258	NEW    cov: 49 ft: 328 corp: 121/2105b lim: 4096 exec/s: 727258 rss: 35Mb L: 16/34 MS: 2 ChangeByte-CopyPart-
#734981	NEW    cov: 49 ft: 329 corp: 122/2121b lim: 4096 exec/s: 734981 rss: 35Mb L: 16/34 MS: 3 EraseBytes-InsertByte-ChangeBit-
#742227	NEW    cov: 49 ft: 330 corp: 123/2137b lim: 4096 exec/s: 742227 rss: 35Mb L: 16/34 MS: 1 ShuffleBytes-
#758244	NEW    cov: 49 ft: 331 corp: 124/2157b lim: 4096 exec/s: 758244 rss: 35Mb L: 20/34 MS: 2 ChangeASCIIInt-ChangeByte-
#759295	NEW    cov: 49 ft: 332 corp: 125/2173b lim: 4096 exec/s: 759295 rss: 35Mb L: 16/34 MS: 1 ChangeByte-
#796806	NEW    cov: 49 ft: 333 corp: 126/2189b lim: 4096 exec/s: 796806 rss: 35Mb L: 16/34 MS: 1 ChangeBinInt-
#803125	REDUCE cov: 49 ft: 333 corp: 126/2187b lim: 4096 exec/s: 803125 rss: 35Mb L: 16/34 MS: 4 ChangeBit-ChangeBit-EraseBytes-InsertByte-
#853819	NEW    cov: 49 ft: 334 corp: 127/2207b lim: 4096 exec/s: 853819 rss: 36Mb L: 20/34 MS: 4 ShuffleBytes-ChangeBit-ChangeBinInt-ShuffleBytes-
#854673	NEW    cov: 49 ft: 335 corp: 128/2227b lim: 4096 exec/s: 854673 rss: 36Mb L: 20/34 MS: 4 CopyPart-ChangeBit-ShuffleBytes-ChangeBinInt-
#874874	NEW    cov: 49 ft: 336 corp: 129/2243b lim: 4096 exec/s: 874874 rss: 36Mb L: 16/34 MS: 1 ShuffleBytes-
#903222	NEW    cov: 49 ft: 337 corp: 130/2259b lim: 4096 exec/s: 451611 rss: 36Mb L: 16/34 MS: 3 ChangeBit-ChangeASCIIInt-CopyPart-
#907764	NEW    cov: 49 ft: 338 corp: 131/2275b lim: 4096 exec/s: 453882 rss: 36Mb L: 16/34 MS: 2 ShuffleBytes-ChangeASCIIInt-
#912311	NEW    cov: 49 ft: 339 corp: 132/2291b lim: 4096 exec/s: 456155 rss: 36Mb L: 16/34 MS: 2 ChangeByte-CopyPart-
#912622	NEW    cov: 49 ft: 340 corp: 133/2307b lim: 4096 exec/s: 456311 rss: 36Mb L: 16/34 MS: 1 ChangeByte-
#913593	NEW    cov: 49 ft: 341 corp: 134/2323b lim: 4096 exec/s: 456796 rss: 36Mb L: 16/34 MS: 1 ChangeBinInt-
#921195	REDUCE cov: 49 ft: 341 corp: 134/2322b lim: 4096 exec/s: 460597 rss: 36Mb L: 16/34 MS: 2 ChangeBit-EraseBytes-
#924621	NEW    cov: 49 ft: 342 corp: 135/2338b lim: 4096 exec/s: 462310 rss: 36Mb L: 16/34 MS: 1 ChangeBit-
#931227	NEW    cov: 49 ft: 343 corp: 136/2354b lim: 4096 exec/s: 465613 rss: 36Mb L: 16/34 MS: 1 ShuffleBytes-
#939644	NEW    cov: 49 ft: 344 corp: 137/2372b lim: 4096 exec/s: 469822 rss: 36Mb L: 18/34 MS: 2 CopyPart-PersAutoDict- DE: "\000\000"-
#939711	NEW    cov: 49 ft: 345 corp: 138/2392b lim: 4096 exec/s: 469855 rss: 36Mb L: 20/34 MS: 2 ChangeASCIIInt-CopyPart-
#940877	NEW    cov: 49 ft: 346 corp: 139/2410b lim: 4096 exec/s: 470438 rss: 36Mb L: 18/34 MS: 1 ShuffleBytes-
#944075	NEW    cov: 49 ft: 347 corp: 140/2428b lim: 4096 exec/s: 472037 rss: 36Mb L: 18/34 MS: 3 ChangeBit-ShuffleBytes-CopyPart-
#945166	NEW    cov: 49 ft: 348 corp: 141/2446b lim: 4096 exec/s: 472583 rss: 36Mb L: 18/34 MS: 1 ShuffleBytes-
#946482	NEW    cov: 49 ft: 349 corp: 142/2464b lim: 4096 exec/s: 473241 rss: 36Mb L: 18/34 MS: 1 ChangeBit-
#946549	NEW    cov: 49 ft: 351 corp: 143/2482b lim: 4096 exec/s: 473274 rss: 36Mb L: 18/34 MS: 2 PersAutoDict-ChangeByte- DE: "\001\000\000\000"-
#946565	NEW    cov: 49 ft: 352 corp: 144/2500b lim: 4096 exec/s: 473282 rss: 36Mb L: 18/34 MS: 1 CopyPart-
#950187	NEW    cov: 49 ft: 353 corp: 145/2518b lim: 4096 exec/s: 475093 rss: 36Mb L: 18/34 MS: 2 PersAutoDict-CrossOver- DE: "\000\000"-
#957049	NEW    cov: 49 ft: 355 corp: 146/2536b lim: 4096 exec/s: 478524 rss: 36Mb L: 18/34 MS: 2 ChangeASCIIInt-ChangeBit-
#957420	NEW    cov: 49 ft: 356 corp: 147/2554b lim: 4096 exec/s: 478710 rss: 36Mb L: 18/34 MS: 1 ChangeBit-
#958206	NEW    cov: 49 ft: 357 corp: 148/2572b lim: 4096 exec/s: 479103 rss: 36Mb L: 18/34 MS: 1 ChangeBinInt-
#968959	NEW    cov: 49 ft: 358 corp: 149/2591b lim: 4096 exec/s: 484479 rss: 36Mb L: 19/34 MS: 3 InsertByte-ShuffleBytes-ChangeBit-
#983780	NEW    cov: 49 ft: 359 corp: 150/2609b lim: 4096 exec/s: 491890 rss: 36Mb L: 18/34 MS: 1 CopyPart-
#984086	NEW    cov: 49 ft: 360 corp: 151/2627b lim: 4096 exec/s: 492043 rss: 36Mb L: 18/34 MS: 1 ChangeASCIIInt-
#984237	NEW    cov: 49 ft: 361 corp: 152/2645b lim: 4096 exec/s: 492118 rss: 36Mb L: 18/34 MS: 1 ChangeASCIIInt-
#987335	NEW    cov: 49 ft: 362 corp: 153/2663b lim: 4096 exec/s: 493667 rss: 36Mb L: 18/34 MS: 3 CopyPart-ChangeBinInt-ChangeASCIIInt-
#1048576	pulse  cov: 49 ft: 362 corp: 153/2663b lim: 4096 exec/s: 524288 rss: 36Mb
#1097162	NEW    cov: 49 ft: 363 corp: 154/2681b lim: 4096 exec/s: 548581 rss: 36Mb L: 18/34 MS: 2 ShuffleBytes-CrossOver-
#1140073	REDUCE cov: 49 ft: 363 corp: 154/2680b lim: 4096 exec/s: 570036 rss: 36Mb L: 18/34 MS: 1 EraseBytes-
#1140950	REDUCE cov: 49 ft: 363 corp: 154/2678b lim: 4096 exec/s: 570475 rss: 36Mb L: 16/34 MS: 2 EraseBytes-ChangeBit-
#1269981	NEW    cov: 49 ft: 364 corp: 155/2698b lim: 4096 exec/s: 634990 rss: 36Mb L: 20/34 MS: 1 ChangeBit-
#1305883	REDUCE cov: 49 ft: 364 corp: 155/2696b lim: 4096 exec/s: 652941 rss: 36Mb L: 16/34 MS: 2 InsertByte-EraseBytes-
#1343499	NEW    cov: 49 ft: 366 corp: 156/2716b lim: 4096 exec/s: 671749 rss: 36Mb L: 20/34 MS: 1 ChangeBit-
#1450938	REDUCE cov: 49 ft: 366 corp: 156/2714b lim: 4096 exec/s: 483646 rss: 36Mb L: 16/34 MS: 4 InsertByte-ChangeByte-PersAutoDict-EraseBytes- DE: "\001\000\000\000"-
#1472904	NEW    cov: 49 ft: 367 corp: 157/2734b lim: 4096 exec/s: 490968 rss: 36Mb L: 20/34 MS: 1 ChangeBit-
#1528877	REDUCE cov: 49 ft: 367 corp: 157/2732b lim: 4096 exec/s: 509625 rss: 36Mb L: 18/34 MS: 3 InsertByte-EraseBytes-CrossOver-
#1739569	REDUCE cov: 49 ft: 367 corp: 157/2730b lim: 4096 exec/s: 579856 rss: 36Mb L: 16/34 MS: 2 ChangeByte-EraseBytes-
#1762255	NEW    cov: 49 ft: 369 corp: 158/2750b lim: 4096 exec/s: 587418 rss: 36Mb L: 20/34 MS: 1 ChangeByte-
#1764248	NEW    cov: 49 ft: 371 corp: 159/2770b lim: 4096 exec/s: 588082 rss: 36Mb L: 20/34 MS: 3 ShuffleBytes-ChangeByte-ChangeASCIIInt-
#1980021	REDUCE cov: 49 ft: 371 corp: 159/2768b lim: 4096 exec/s: 495005 rss: 36Mb L: 18/34 MS: 3 ChangeBit-CopyPart-EraseBytes-
#1999218	REDUCE cov: 49 ft: 371 corp: 159/2766b lim: 4096 exec/s: 499804 rss: 36Mb L: 16/34 MS: 2 ChangeBinInt-EraseBytes-
#2056494	NEW    cov: 49 ft: 372 corp: 160/2786b lim: 4096 exec/s: 514123 rss: 36Mb L: 20/34 MS: 1 CopyPart-
#2079005	NEW    cov: 49 ft: 373 corp: 161/2806b lim: 4096 exec/s: 519751 rss: 36Mb L: 20/34 MS: 1 ChangeBit-
#2097152	pulse  cov: 49 ft: 373 corp: 161/2806b lim: 4096 exec/s: 524288 rss: 36Mb
#2600322	REDUCE cov: 49 ft: 373 corp: 161/2804b lim: 4096 exec/s: 520064 rss: 36Mb L: 16/34 MS: 2 EraseBytes-CrossOver-
#2641724	REDUCE cov: 49 ft: 373 corp: 161/2802b lim: 4096 exec/s: 528344 rss: 36Mb L: 16/34 MS: 2 EraseBytes-ChangeByte-
#2729540	REDUCE cov: 49 ft: 374 corp: 162/2818b lim: 4096 exec/s: 545908 rss: 36Mb L: 16/34 MS: 1 ChangeByte-
#2731222	REDUCE cov: 49 ft: 374 corp: 162/2817b lim: 4096 exec/s: 546244 rss: 36Mb L: 15/34 MS: 2 PersAutoDict-EraseBytes- DE: "\000\000\000\000"-
#2733585	REDUCE cov: 49 ft: 375 corp: 163/2832b lim: 4096 exec/s: 546717 rss: 36Mb L: 15/34 MS: 3 CrossOver-ChangeASCIIInt-CopyPart-
#2743051	NEW    cov: 49 ft: 376 corp: 164/2863b lim: 4096 exec/s: 457175 rss: 36Mb L: 31/34 MS: 1 CrossOver-
#2752519	NEW    cov: 49 ft: 383 corp: 165/2894b lim: 4096 exec/s: 458753 rss: 36Mb L: 31/34 MS: 3 CrossOver-ShuffleBytes-CrossOver-
#2769036	NEW    cov: 50 ft: 392 corp: 166/2925b lim: 4096 exec/s: 461506 rss: 36Mb L: 31/34 MS: 2 ChangeASCIIInt-ChangeBinInt-
#2881319	NEW    cov: 50 ft: 395 corp: 167/2947b lim: 4096 exec/s: 480219 rss: 36Mb L: 22/34 MS: 3 EraseBytes-ChangeBit-ChangeASCIIInt-
#2888890	NEW    cov: 50 ft: 396 corp: 168/2979b lim: 4096 exec/s: 481481 rss: 36Mb L: 32/34 MS: 1 InsertByte-
#2917557	NEW    cov: 50 ft: 397 corp: 169/3011b lim: 4096 exec/s: 486259 rss: 36Mb L: 32/34 MS: 2 ShuffleBytes-ChangeBit-
#3352949	REDUCE cov: 50 ft: 397 corp: 169/3010b lim: 4096 exec/s: 478992 rss: 36Mb L: 31/34 MS: 2 ChangeBit-EraseBytes-
#3600901	REDUCE cov: 50 ft: 397 corp: 169/3008b lim: 4096 exec/s: 514414 rss: 36Mb L: 16/34 MS: 2 EraseBytes-CopyPart-
#4070351	REDUCE cov: 50 ft: 397 corp: 169/3006b lim: 4096 exec/s: 508793 rss: 36Mb L: 29/34 MS: 5 CrossOver-EraseBytes-ChangeByte-PersAutoDict-CMP- DE: "\001\000\000\000"-"\001M"-
#4194304	pulse  cov: 50 ft: 397 corp: 169/3006b lim: 4096 exec/s: 466033 rss: 36Mb
#4294533	REDUCE cov: 50 ft: 397 corp: 169/3004b lim: 4096 exec/s: 477170 rss: 36Mb L: 27/34 MS: 2 EraseBytes-InsertByte-
#4810621	REDUCE cov: 50 ft: 397 corp: 169/3002b lim: 4096 exec/s: 481062 rss: 37Mb L: 16/34 MS: 3 EraseBytes-ChangeBit-ChangeBinInt-
#4816201	REDUCE cov: 50 ft: 397 corp: 169/3000b lim: 4096 exec/s: 481620 rss: 37Mb L: 16/34 MS: 5 EraseBytes-InsertByte-CopyPart-CopyPart-InsertByte-
#4882554	REDUCE cov: 50 ft: 397 corp: 169/2998b lim: 4096 exec/s: 488255 rss: 37Mb L: 16/34 MS: 3 EraseBytes-ShuffleBytes-InsertByte-
#4952956	REDUCE cov: 50 ft: 397 corp: 169/2996b lim: 4096 exec/s: 495295 rss: 37Mb L: 25/34 MS: 2 InsertByte-EraseBytes-
#5173419	REDUCE cov: 50 ft: 397 corp: 169/2994b lim: 4096 exec/s: 470310 rss: 37Mb L: 23/34 MS: 3 InsertByte-ChangeByte-EraseBytes-
#5269204	REDUCE cov: 50 ft: 397 corp: 169/2992b lim: 4096 exec/s: 479018 rss: 37Mb L: 21/34 MS: 5 ChangeASCIIInt-CMP-EraseBytes-ChangeBinInt-ChangeBinInt- DE: "\001\000\000\000\000\000\000\037"-
#5308700	NEW    cov: 50 ft: 399 corp: 170/3023b lim: 4096 exec/s: 482609 rss: 37Mb L: 31/34 MS: 1 CrossOver-
#5820612	REDUCE cov: 50 ft: 399 corp: 170/3021b lim: 4096 exec/s: 485051 rss: 37Mb L: 16/34 MS: 2 EraseBytes-InsertByte-
#6033634	REDUCE cov: 50 ft: 399 corp: 170/3019b lim: 4096 exec/s: 464125 rss: 37Mb L: 16/34 MS: 2 EraseBytes-ChangeByte-
#6048671	REDUCE cov: 50 ft: 399 corp: 170/3017b lim: 4096 exec/s: 465282 rss: 37Mb L: 16/34 MS: 2 ChangeBinInt-EraseBytes-
#6132140	REDUCE cov: 50 ft: 399 corp: 170/3015b lim: 4096 exec/s: 471703 rss: 37Mb L: 19/34 MS: 4 ChangeByte-ShuffleBytes-EraseBytes-ChangeByte-
#6237588	REDUCE cov: 50 ft: 399 corp: 170/3006b lim: 4096 exec/s: 479814 rss: 37Mb L: 22/34 MS: 3 ChangeByte-EraseBytes-ChangeBit-
#6539406	REDUCE cov: 50 ft: 399 corp: 170/3005b lim: 4096 exec/s: 467100 rss: 37Mb L: 15/34 MS: 3 ChangeByte-ChangeBit-EraseBytes-
#7142456	REDUCE cov: 50 ft: 399 corp: 170/3003b lim: 4096 exec/s: 476163 rss: 37Mb L: 18/34 MS: 5 ChangeBit-CrossOver-CrossOver-CopyPart-EraseBytes-
#7231629	REDUCE cov: 50 ft: 399 corp: 170/3001b lim: 4096 exec/s: 451976 rss: 37Mb L: 16/34 MS: 3 ChangeASCIIInt-EraseBytes-ChangeBinInt-
#7418151	REDUCE cov: 50 ft: 399 corp: 170/2999b lim: 4096 exec/s: 463634 rss: 37Mb L: 16/34 MS: 2 ChangeByte-EraseBytes-
#7545134	REDUCE cov: 50 ft: 399 corp: 170/2997b lim: 4096 exec/s: 471570 rss: 37Mb L: 16/34 MS: 3 ChangeBinInt-EraseBytes-ChangeBit-
#7915101	REDUCE cov: 50 ft: 399 corp: 170/2995b lim: 4096 exec/s: 465594 rss: 37Mb L: 16/34 MS: 2 ChangeBit-EraseBytes-
#8388608	pulse  cov: 50 ft: 399 corp: 170/2995b lim: 4096 exec/s: 466033 rss: 37Mb
#8474354	REDUCE cov: 50 ft: 399 corp: 170/2993b lim: 4096 exec/s: 470797 rss: 37Mb L: 16/34 MS: 3 InsertByte-ChangeBit-EraseBytes-
#8490106	REDUCE cov: 50 ft: 399 corp: 170/2991b lim: 4096 exec/s: 471672 rss: 37Mb L: 18/34 MS: 2 EraseBytes-InsertByte-
#8794269	REDUCE cov: 50 ft: 399 corp: 170/2989b lim: 4096 exec/s: 462856 rss: 37Mb L: 17/34 MS: 3 EraseBytes-ChangeBinInt-ChangeByte-
#9887237	REDUCE cov: 50 ft: 399 corp: 170/2987b lim: 4096 exec/s: 449419 rss: 37Mb L: 16/34 MS: 3 ShuffleBytes-EraseBytes-ChangeBinInt-
#10130524	REDUCE cov: 50 ft: 399 corp: 170/2985b lim: 4096 exec/s: 460478 rss: 37Mb L: 18/34 MS: 2 CrossOver-EraseBytes-
#10350705	NEW    cov: 50 ft: 400 corp: 171/3001b lim: 4096 exec/s: 450030 rss: 37Mb L: 16/34 MS: 1 ShuffleBytes-
#10464111	NEW    cov: 50 ft: 401 corp: 172/3017b lim: 4096 exec/s: 454961 rss: 37Mb L: 16/34 MS: 1 ChangeBit-
#10698368	REDUCE cov: 50 ft: 401 corp: 172/3015b lim: 4096 exec/s: 465146 rss: 37Mb L: 16/34 MS: 2 ChangeBinInt-EraseBytes-
#10823537	REDUCE cov: 50 ft: 401 corp: 172/3013b lim: 4096 exec/s: 450980 rss: 37Mb L: 18/34 MS: 4 PersAutoDict-ChangeBit-ShuffleBytes-EraseBytes- DE: "\000\000"-
#12018535	REDUCE cov: 50 ft: 401 corp: 172/3012b lim: 4096 exec/s: 462251 rss: 37Mb L: 15/34 MS: 3 ChangeBit-EraseBytes-ChangeBinInt-
#12465578	NEW    cov: 50 ft: 405 corp: 173/3043b lim: 4096 exec/s: 461688 rss: 37Mb L: 31/34 MS: 3 EraseBytes-InsertRepeatedBytes-EraseBytes-
#13264010	REDUCE cov: 50 ft: 405 corp: 173/3041b lim: 4096 exec/s: 457379 rss: 37Mb L: 18/34 MS: 2 ChangeBinInt-EraseBytes-
#14384237	REDUCE cov: 50 ft: 405 corp: 173/3039b lim: 4096 exec/s: 449507 rss: 37Mb L: 16/34 MS: 2 EraseBytes-CrossOver-
#14407710	REDUCE cov: 50 ft: 405 corp: 173/3038b lim: 4096 exec/s: 450240 rss: 37Mb L: 15/34 MS: 3 CrossOver-ChangeBit-EraseBytes-
#16173337	REDUCE cov: 50 ft: 405 corp: 173/3036b lim: 4096 exec/s: 449259 rss: 37Mb L: 16/34 MS: 2 ChangeByte-EraseBytes-
#16777216	pulse  cov: 50 ft: 405 corp: 173/3036b lim: 4096 exec/s: 453438 rss: 37Mb
#16809584	REDUCE cov: 50 ft: 405 corp: 173/3034b lim: 4096 exec/s: 454313 rss: 37Mb L: 16/34 MS: 2 EraseBytes-ChangeBit-
#17511420	NEW    cov: 50 ft: 406 corp: 174/3050b lim: 4096 exec/s: 449010 rss: 37Mb L: 16/34 MS: 1 ChangeByte-
#17602671	NEW    cov: 50 ft: 407 corp: 175/3066b lim: 4096 exec/s: 451350 rss: 37Mb L: 16/34 MS: 1 ChangeByte-
#19338511	REDUCE cov: 50 ft: 407 corp: 175/3064b lim: 4096 exec/s: 449732 rss: 37Mb L: 18/34 MS: 5 CopyPart-ShuffleBytes-ShuffleBytes-EraseBytes-ChangeBit-
#20614002	NEW    cov: 50 ft: 408 corp: 176/3080b lim: 4096 exec/s: 458088 rss: 37Mb L: 16/34 MS: 1 CrossOver-
#30746185	REDUCE cov: 50 ft: 408 corp: 176/3076b lim: 4096 exec/s: 452149 rss: 37Mb L: 16/34 MS: 3 EraseBytes-ChangeBit-ChangeBinInt-
#32099709	REDUCE cov: 50 ft: 408 corp: 176/3075b lim: 4096 exec/s: 452108 rss: 37Mb L: 15/34 MS: 4 EraseBytes-InsertByte-ChangeByte-ChangeBit-
#32718617	NEW    cov: 50 ft: 409 corp: 177/3106b lim: 4096 exec/s: 454425 rss: 37Mb L: 31/34 MS: 3 ChangeASCIIInt-CopyPart-CopyPart-
#33344345	REDUCE cov: 50 ft: 409 corp: 177/3095b lim: 4096 exec/s: 450599 rss: 37Mb L: 20/34 MS: 3 ChangeASCIIInt-EraseBytes-ShuffleBytes-
#33554432	pulse  cov: 50 ft: 409 corp: 177/3095b lim: 4096 exec/s: 453438 rss: 37Mb
panic: found special char in iban [recovered]
	panic: found special char in iban

goroutine 17 [running, locked to thread]:
git.ultraware.nl/iddinkgroep/fundament-api.Fuzz.func1()
	git.ultraware.nl/iddinkgroep/fundament-api/fuzz.go:19 +0xa5
panic({0x55b81ca83760?, 0x55b81ca96c70?})
	runtime/panic.go:914 +0x21f
git.ultraware.nl/iddinkgroep/fundament-api.Fuzz({0xc0002d6f18, 0x16})
	git.ultraware.nl/iddinkgroep/fundament-api/fuzz.go:34 +0x2b9
git.ultraware.nl/iddinkgroep/fundament-api.Fuzz_(...)
	git.ultraware.nl/iddinkgroep/fundament-api/fuzz.1527825026.go:6
main.LLVMFuzzerTestOneInput(...)
	./main.170485750.go:21
==15023== ERROR: libFuzzer: deadly signal
    #0 0x55b81c9a6630 in __sanitizer_print_stack_trace (/seedai/experiments/libfuzzer/source_iban/libfuzzer+0xaf630) (BuildId: 688cb25bec4564588da2a67f6a2b25148a0fd5d4)
    #1 0x55b81c972755 in fuzzer::PrintStackTrace() (/seedai/experiments/libfuzzer/source_iban/libfuzzer+0x7b755) (BuildId: 688cb25bec4564588da2a67f6a2b25148a0fd5d4)
    #2 0x55b81c9513a9 in fuzzer::Fuzzer::CrashCallback() (.part.0) FuzzerLoop.cpp.o
    #3 0x55b81c95146a in fuzzer::Fuzzer::StaticCrashSignalCallback() (/seedai/experiments/libfuzzer/source_iban/libfuzzer+0x5a46a) (BuildId: 688cb25bec4564588da2a67f6a2b25148a0fd5d4)
    #4 0x7f895af7570f  (/usr/lib/libc.so.6+0x3e70f) (BuildId: 316d0d3666387f0e8fb98773f51aa1801027c5ab)
    #5 0x55b81ca06160 in runtime.raise.abi0 runtime/sys_linux_amd64.s:153

NOTE: libFuzzer has rudimentary signal handlers.
      Combine libFuzzer with AddressSanitizer or similar for better crash reports.
SUMMARY: libFuzzer: deadly signal
MS: 2 ShuffleBytes-CrossOver-; base unit: e6c3cf06ec1be5142df5a0bff42b4dda1dce7505
0x4d,0x45,0x41,0x38,0x2d,0x30,0x30,0x30,0x30,0x30,0x30,0x30,0x30,0x41,0x30,0x30,0x30,0x30,0x45,0x30,0x45,0x78,
MEA8-00000000A0000E0Ex
artifact_prefix='./'; Test unit written to ./crash-a062fc1c69c867c3683b7bb22072d9193d45b3d2
Base64: TUVBOC0wMDAwMDAwMEEwMDAwRTBFeA==
