INFO: Running with entropic power schedule (0xFF, 100).
INFO: Seed: 2904394450
INFO: Loaded 1 modules   (70 inline 8-bit counters): 70 [0x557b4a441030, 0x557b4a441076), 
INFO: Loaded 1 PC tables (70 PCs): 70 [0xc000068000,0xc000068460), 
INFO:        1 files found in corpus
INFO: -max_len is not provided; libFuzzer will not generate inputs larger than 4096 bytes
INFO: seed corpus: files: 1 min: 2b max: 2b total: 2b rss: 29Mb
#2	INITED cov: 9 ft: 15 corp: 1/2b exec/s: 0 rss: 29Mb
#5	NEW    cov: 9 ft: 18 corp: 2/5b lim: 4 exec/s: 0 rss: 29Mb L: 3/3 MS: 3 CopyPart-ShuffleBytes-InsertByte-
#10	NEW    cov: 9 ft: 19 corp: 3/9b lim: 4 exec/s: 0 rss: 29Mb L: 4/4 MS: 5 ChangeBinInt-CrossOver-ChangeBinInt-InsertByte-CrossOver-
#57	REDUCE cov: 9 ft: 19 corp: 3/6b lim: 4 exec/s: 0 rss: 29Mb L: 1/3 MS: 2 EraseBytes-EraseBytes-
#267	NEW    cov: 9 ft: 20 corp: 4/11b lim: 6 exec/s: 0 rss: 30Mb L: 5/5 MS: 5 ChangeByte-CrossOver-ShuffleBytes-ChangeBinInt-CrossOver-
#477	NEW    cov: 9 ft: 21 corp: 5/19b lim: 8 exec/s: 0 rss: 30Mb L: 8/8 MS: 5 ChangeBit-CopyPart-EraseBytes-EraseBytes-InsertRepeatedBytes-
#507	NEW    cov: 9 ft: 22 corp: 6/26b lim: 8 exec/s: 0 rss: 30Mb L: 7/8 MS: 5 ChangeByte-CrossOver-ChangeByte-CrossOver-InsertByte-
#1124	NEW    cov: 9 ft: 23 corp: 7/40b lim: 14 exec/s: 0 rss: 30Mb L: 14/14 MS: 2 CrossOver-InsertRepeatedBytes-
#1128	REDUCE cov: 9 ft: 24 corp: 8/52b lim: 14 exec/s: 0 rss: 30Mb L: 12/14 MS: 4 CMP-CMP-ChangeBinInt-InsertRepeatedBytes- DE: "\000\000\000\000\000\000\000L"-"\377\377\377\377"-
#1143	REDUCE cov: 9 ft: 25 corp: 9/65b lim: 14 exec/s: 0 rss: 30Mb L: 13/14 MS: 5 ChangeByte-CopyPart-ChangeByte-ChangeBit-InsertRepeatedBytes-
#1449	REDUCE cov: 11 ft: 31 corp: 10/81b lim: 17 exec/s: 0 rss: 30Mb L: 16/16 MS: 1 InsertRepeatedBytes-
#1452	NEW    cov: 11 ft: 33 corp: 11/96b lim: 17 exec/s: 0 rss: 30Mb L: 15/16 MS: 3 InsertRepeatedBytes-ChangeBinInt-InsertByte-
#1458	NEW    cov: 11 ft: 34 corp: 12/113b lim: 17 exec/s: 0 rss: 30Mb L: 17/17 MS: 1 InsertByte-
#1542	NEW    cov: 13 ft: 40 corp: 13/129b lim: 17 exec/s: 0 rss: 30Mb L: 16/17 MS: 4 ChangeByte-PersAutoDict-ChangeBit-CrossOver- DE: "\377\377\377\377"-
#1548	NEW    cov: 13 ft: 41 corp: 14/145b lim: 17 exec/s: 0 rss: 30Mb L: 16/17 MS: 1 CMP- DE: "\000\000"-
#1798	NEW    cov: 13 ft: 42 corp: 15/161b lim: 17 exec/s: 0 rss: 30Mb L: 16/17 MS: 5 EraseBytes-ShuffleBytes-PersAutoDict-ShuffleBytes-CrossOver- DE: "\377\377\377\377"-
#1816	NEW    cov: 13 ft: 43 corp: 16/177b lim: 17 exec/s: 0 rss: 30Mb L: 16/17 MS: 3 ChangeBit-ChangeByte-PersAutoDict- DE: "\000\000\000\000\000\000\000L"-
#1910	NEW    cov: 13 ft: 44 corp: 17/194b lim: 17 exec/s: 0 rss: 30Mb L: 17/17 MS: 4 ChangeBinInt-ChangeBit-CrossOver-PersAutoDict- DE: "\000\000\000\000\000\000\000L"-
#1916	NEW    cov: 13 ft: 45 corp: 18/211b lim: 17 exec/s: 0 rss: 30Mb L: 17/17 MS: 1 CrossOver-
#2050	NEW    cov: 13 ft: 46 corp: 19/228b lim: 17 exec/s: 0 rss: 30Mb L: 17/17 MS: 4 ChangeByte-ChangeBinInt-ShuffleBytes-CrossOver-
#2141	NEW    cov: 13 ft: 47 corp: 20/243b lim: 17 exec/s: 0 rss: 30Mb L: 15/17 MS: 1 EraseBytes-
#2148	NEW    cov: 13 ft: 48 corp: 21/260b lim: 17 exec/s: 0 rss: 30Mb L: 17/17 MS: 2 CopyPart-CopyPart-
#2244	NEW    cov: 25 ft: 93 corp: 22/276b lim: 17 exec/s: 0 rss: 30Mb L: 16/17 MS: 1 ChangeBinInt-
#2265	NEW    cov: 25 ft: 94 corp: 23/292b lim: 17 exec/s: 0 rss: 30Mb L: 16/17 MS: 1 CopyPart-
#2279	NEW    cov: 25 ft: 95 corp: 24/309b lim: 17 exec/s: 0 rss: 30Mb L: 17/17 MS: 4 CopyPart-CopyPart-CopyPart-CopyPart-
#2455	NEW    cov: 25 ft: 97 corp: 25/325b lim: 17 exec/s: 0 rss: 30Mb L: 16/17 MS: 1 ChangeByte-
#2573	NEW    cov: 25 ft: 99 corp: 26/341b lim: 17 exec/s: 0 rss: 30Mb L: 16/17 MS: 3 PersAutoDict-ChangeBit-CrossOver- DE: "\377\377\377\377"-
#2604	NEW    cov: 25 ft: 100 corp: 27/357b lim: 17 exec/s: 0 rss: 30Mb L: 16/17 MS: 1 ChangeBinInt-
#2750	NEW    cov: 25 ft: 102 corp: 28/373b lim: 17 exec/s: 0 rss: 30Mb L: 16/17 MS: 1 ChangeBinInt-
#2948	REDUCE cov: 25 ft: 102 corp: 28/371b lim: 17 exec/s: 0 rss: 30Mb L: 15/17 MS: 3 ShuffleBytes-CopyPart-CrossOver-
#3100	REDUCE cov: 25 ft: 106 corp: 29/387b lim: 17 exec/s: 0 rss: 30Mb L: 16/17 MS: 2 CMP-InsertByte- DE: "\000\000"-
#3204	REDUCE cov: 25 ft: 106 corp: 29/386b lim: 17 exec/s: 0 rss: 30Mb L: 15/17 MS: 4 EraseBytes-EraseBytes-CopyPart-PersAutoDict- DE: "\000\000\000\000\000\000\000L"-
#3620	NEW    cov: 25 ft: 107 corp: 30/407b lim: 21 exec/s: 0 rss: 30Mb L: 21/21 MS: 1 InsertRepeatedBytes-
#4159	NEW    cov: 25 ft: 109 corp: 31/424b lim: 25 exec/s: 0 rss: 30Mb L: 17/21 MS: 4 EraseBytes-ChangeBit-InsertRepeatedBytes-EraseBytes-
#4161	NEW    cov: 25 ft: 110 corp: 32/442b lim: 25 exec/s: 0 rss: 31Mb L: 18/21 MS: 2 ChangeByte-InsertByte-
#4277	NEW    cov: 25 ft: 112 corp: 33/458b lim: 25 exec/s: 0 rss: 31Mb L: 16/21 MS: 1 ChangeByte-
#4683	NEW    cov: 25 ft: 114 corp: 34/487b lim: 29 exec/s: 0 rss: 31Mb L: 29/29 MS: 1 PersAutoDict- DE: "\000\000\000\000\000\000\000L"-
#4812	REDUCE cov: 25 ft: 114 corp: 34/486b lim: 29 exec/s: 0 rss: 31Mb L: 16/29 MS: 4 ChangeBit-CrossOver-CMP-EraseBytes- DE: "\027\000\000\000\000\000\000\000"-
#5272	NEW    cov: 25 ft: 115 corp: 35/517b lim: 33 exec/s: 0 rss: 31Mb L: 31/31 MS: 5 CopyPart-ChangeBit-InsertByte-ChangeBinInt-InsertByte-
#5285	NEW    cov: 25 ft: 116 corp: 36/550b lim: 33 exec/s: 0 rss: 31Mb L: 33/33 MS: 3 CrossOver-ChangeBinInt-CrossOver-
#5521	NEW    cov: 25 ft: 118 corp: 37/566b lim: 33 exec/s: 0 rss: 31Mb L: 16/33 MS: 1 ChangeByte-
#5564	NEW    cov: 25 ft: 119 corp: 38/586b lim: 33 exec/s: 0 rss: 31Mb L: 20/33 MS: 3 EraseBytes-ChangeByte-PersAutoDict- DE: "\000\000\000\000\000\000\000L"-
#5771	REDUCE cov: 25 ft: 119 corp: 38/584b lim: 33 exec/s: 0 rss: 31Mb L: 19/33 MS: 2 ChangeBinInt-CrossOver-
#6132	REDUCE cov: 25 ft: 120 corp: 39/600b lim: 33 exec/s: 0 rss: 31Mb L: 16/33 MS: 1 InsertByte-
#6656	REDUCE cov: 25 ft: 120 corp: 39/599b lim: 38 exec/s: 0 rss: 31Mb L: 15/33 MS: 4 EraseBytes-InsertByte-CMP-PersAutoDict- DE: "\013\000\000\000\000\000\000\000"-"\377\377\377\377"-
#6735	NEW    cov: 25 ft: 122 corp: 40/633b lim: 38 exec/s: 0 rss: 31Mb L: 34/34 MS: 4 ChangeBinInt-ChangeByte-CopyPart-InsertRepeatedBytes-
#7168	NEW    cov: 25 ft: 123 corp: 41/666b lim: 38 exec/s: 0 rss: 31Mb L: 33/34 MS: 3 ChangeBit-ShuffleBytes-ChangeByte-
#8034	REDUCE cov: 25 ft: 123 corp: 41/662b lim: 43 exec/s: 0 rss: 31Mb L: 29/34 MS: 1 EraseBytes-
#8205	REDUCE cov: 25 ft: 123 corp: 41/657b lim: 43 exec/s: 0 rss: 31Mb L: 24/34 MS: 1 CrossOver-
#8556	NEW    cov: 25 ft: 124 corp: 42/673b lim: 43 exec/s: 0 rss: 31Mb L: 16/34 MS: 1 CrossOver-
#8628	NEW    cov: 25 ft: 125 corp: 43/689b lim: 43 exec/s: 0 rss: 31Mb L: 16/34 MS: 2 CrossOver-ChangeByte-
#9599	REDUCE cov: 25 ft: 125 corp: 43/682b lim: 48 exec/s: 0 rss: 32Mb L: 17/34 MS: 1 EraseBytes-
#10193	REDUCE cov: 25 ft: 125 corp: 43/680b lim: 53 exec/s: 0 rss: 32Mb L: 15/34 MS: 4 ChangeByte-InsertByte-ShuffleBytes-EraseBytes-
#10819	NEW    cov: 25 ft: 126 corp: 44/697b lim: 58 exec/s: 0 rss: 32Mb L: 17/34 MS: 1 ChangeByte-
#10912	REDUCE cov: 25 ft: 126 corp: 44/695b lim: 58 exec/s: 0 rss: 32Mb L: 15/34 MS: 3 PersAutoDict-EraseBytes-ChangeByte- DE: "\377\377\377\377"-
#11305	REDUCE cov: 25 ft: 126 corp: 44/693b lim: 58 exec/s: 0 rss: 32Mb L: 15/34 MS: 3 CopyPart-ShuffleBytes-EraseBytes-
#12231	REDUCE cov: 25 ft: 126 corp: 44/692b lim: 63 exec/s: 0 rss: 32Mb L: 15/34 MS: 1 EraseBytes-
#13584	REDUCE cov: 25 ft: 126 corp: 44/691b lim: 74 exec/s: 0 rss: 33Mb L: 15/34 MS: 3 CopyPart-InsertByte-EraseBytes-
#21892	NEW    cov: 25 ft: 127 corp: 45/709b lim: 156 exec/s: 0 rss: 34Mb L: 18/34 MS: 3 InsertByte-ChangeByte-InsertByte-
#23597	REDUCE cov: 25 ft: 128 corp: 46/725b lim: 170 exec/s: 0 rss: 34Mb L: 16/34 MS: 5 InsertByte-ShuffleBytes-PersAutoDict-CopyPart-CopyPart- DE: "\000\000\000\000\000\000\000L"-
#24488	NEW    cov: 25 ft: 129 corp: 47/741b lim: 177 exec/s: 0 rss: 34Mb L: 16/34 MS: 1 PersAutoDict- DE: "\027\000\000\000\000\000\000\000"-
#27261	REDUCE cov: 25 ft: 129 corp: 47/739b lim: 198 exec/s: 0 rss: 34Mb L: 15/34 MS: 3 ChangeByte-CopyPart-EraseBytes-
#31007	REDUCE cov: 25 ft: 130 corp: 48/754b lim: 233 exec/s: 0 rss: 34Mb L: 15/34 MS: 1 ChangeByte-
#35294	REDUCE cov: 25 ft: 130 corp: 48/752b lim: 269 exec/s: 0 rss: 34Mb L: 16/34 MS: 2 EraseBytes-ChangeBinInt-
#36594	REDUCE cov: 25 ft: 130 corp: 48/751b lim: 277 exec/s: 0 rss: 34Mb L: 15/34 MS: 5 InsertByte-CMP-ChangeBit-EraseBytes-InsertByte- DE: "\025\000\000\000\000\000\000\000"-
#37542	REDUCE cov: 25 ft: 130 corp: 48/749b lim: 285 exec/s: 0 rss: 34Mb L: 15/34 MS: 3 ChangeBit-InsertByte-EraseBytes-
#39855	REDUCE cov: 25 ft: 131 corp: 49/764b lim: 301 exec/s: 0 rss: 35Mb L: 15/34 MS: 3 CMP-ChangeByte-CopyPart- DE: " \000\000\000\000\000\000\000"-
#57443	NEW    cov: 25 ft: 132 corp: 50/780b lim: 469 exec/s: 0 rss: 35Mb L: 16/34 MS: 3 ChangeBinInt-ChangeByte-ChangeBinInt-
#58022	REDUCE cov: 25 ft: 132 corp: 50/778b lim: 469 exec/s: 0 rss: 35Mb L: 16/34 MS: 4 CrossOver-EraseBytes-ChangeBit-CopyPart-
#86876	REDUCE cov: 30 ft: 148 corp: 51/798b lim: 751 exec/s: 0 rss: 35Mb L: 20/34 MS: 4 EraseBytes-InsertRepeatedBytes-ShuffleBytes-InsertByte-
#87477	NEW    cov: 30 ft: 156 corp: 52/818b lim: 751 exec/s: 0 rss: 35Mb L: 20/34 MS: 1 CrossOver-
#88783	NEW    cov: 30 ft: 158 corp: 53/838b lim: 760 exec/s: 0 rss: 35Mb L: 20/34 MS: 1 ChangeByte-
#89909	NEW    cov: 30 ft: 160 corp: 54/858b lim: 769 exec/s: 0 rss: 35Mb L: 20/34 MS: 1 ChangeBinInt-
#89975	NEW    cov: 30 ft: 162 corp: 55/878b lim: 769 exec/s: 0 rss: 35Mb L: 20/34 MS: 1 ChangeBinInt-
#90301	NEW    cov: 30 ft: 167 corp: 56/898b lim: 769 exec/s: 0 rss: 35Mb L: 20/34 MS: 1 ChangeByte-
#91422	NEW    cov: 30 ft: 168 corp: 57/918b lim: 778 exec/s: 0 rss: 35Mb L: 20/34 MS: 1 ShuffleBytes-
#91748	NEW    cov: 30 ft: 170 corp: 58/938b lim: 778 exec/s: 0 rss: 35Mb L: 20/34 MS: 1 ChangeBit-
#92394	NEW    cov: 30 ft: 172 corp: 59/958b lim: 778 exec/s: 0 rss: 35Mb L: 20/34 MS: 1 ChangeBit-
#92526	NEW    cov: 30 ft: 175 corp: 60/978b lim: 778 exec/s: 0 rss: 35Mb L: 20/34 MS: 2 CrossOver-ShuffleBytes-
#93162	NEW    cov: 30 ft: 177 corp: 61/998b lim: 778 exec/s: 0 rss: 35Mb L: 20/34 MS: 1 ShuffleBytes-
#94453	NEW    cov: 30 ft: 186 corp: 62/1018b lim: 787 exec/s: 0 rss: 35Mb L: 20/34 MS: 1 CopyPart-
#94655	NEW    cov: 30 ft: 187 corp: 63/1038b lim: 787 exec/s: 0 rss: 35Mb L: 20/34 MS: 2 CopyPart-CrossOver-
#95271	NEW    cov: 30 ft: 189 corp: 64/1058b lim: 787 exec/s: 0 rss: 35Mb L: 20/34 MS: 1 ChangeBit-
#96612	NEW    cov: 30 ft: 191 corp: 65/1078b lim: 796 exec/s: 0 rss: 35Mb L: 20/34 MS: 1 ChangeBinInt-
#97158	NEW    cov: 30 ft: 193 corp: 66/1098b lim: 796 exec/s: 0 rss: 35Mb L: 20/34 MS: 1 ShuffleBytes-
#100614	NEW    cov: 30 ft: 195 corp: 67/1118b lim: 823 exec/s: 0 rss: 35Mb L: 20/34 MS: 1 ShuffleBytes-
#104651	REDUCE cov: 30 ft: 195 corp: 67/1116b lim: 859 exec/s: 0 rss: 35Mb L: 18/34 MS: 2 EraseBytes-InsertByte-
#108947	NEW    cov: 30 ft: 197 corp: 68/1136b lim: 895 exec/s: 0 rss: 35Mb L: 20/34 MS: 1 ChangeBinInt-
#109555	NEW    cov: 31 ft: 200 corp: 69/1156b lim: 895 exec/s: 0 rss: 35Mb L: 20/34 MS: 3 ChangeByte-CrossOver-ChangeByte-
#115436	NEW    cov: 32 ft: 205 corp: 70/1176b lim: 949 exec/s: 0 rss: 35Mb L: 20/34 MS: 1 ChangeBit-
#119867	NEW    cov: 32 ft: 206 corp: 71/1196b lim: 985 exec/s: 0 rss: 35Mb L: 20/34 MS: 1 ChangeBit-
#123258	NEW    cov: 32 ft: 207 corp: 72/1216b lim: 1012 exec/s: 0 rss: 35Mb L: 20/34 MS: 1 ChangeBit-
#126886	NEW    cov: 32 ft: 212 corp: 73/1238b lim: 1040 exec/s: 0 rss: 35Mb L: 22/34 MS: 3 PersAutoDict-ShuffleBytes-CopyPart- DE: "\000\000"-
#127287	NEW    cov: 32 ft: 213 corp: 74/1260b lim: 1040 exec/s: 0 rss: 35Mb L: 22/34 MS: 1 ChangeBinInt-
#128969	NEW    cov: 34 ft: 217 corp: 75/1282b lim: 1050 exec/s: 0 rss: 35Mb L: 22/34 MS: 2 CMP-CrossOver- DE: "\000\000"-
#130042	NEW    cov: 34 ft: 218 corp: 76/1304b lim: 1060 exec/s: 0 rss: 35Mb L: 22/34 MS: 3 ChangeBit-CopyPart-ShuffleBytes-
#130974	NEW    cov: 35 ft: 221 corp: 77/1326b lim: 1060 exec/s: 0 rss: 35Mb L: 22/34 MS: 2 EraseBytes-InsertByte-
#131001	NEW    cov: 35 ft: 222 corp: 78/1348b lim: 1060 exec/s: 0 rss: 35Mb L: 22/34 MS: 2 ChangeBit-ShuffleBytes-
#131002	NEW    cov: 35 ft: 223 corp: 79/1370b lim: 1060 exec/s: 0 rss: 35Mb L: 22/34 MS: 1 ShuffleBytes-
#132118	NEW    cov: 35 ft: 224 corp: 80/1392b lim: 1070 exec/s: 0 rss: 35Mb L: 22/34 MS: 1 ChangeBinInt-
#132364	NEW    cov: 35 ft: 225 corp: 81/1414b lim: 1070 exec/s: 0 rss: 35Mb L: 22/34 MS: 1 ChangeBinInt-
#133360	NEW    cov: 35 ft: 226 corp: 82/1436b lim: 1070 exec/s: 0 rss: 35Mb L: 22/34 MS: 1 ChangeBit-
#133581	NEW    cov: 35 ft: 229 corp: 83/1458b lim: 1070 exec/s: 0 rss: 35Mb L: 22/34 MS: 1 CopyPart-
#135073	NEW    cov: 35 ft: 230 corp: 84/1480b lim: 1080 exec/s: 0 rss: 35Mb L: 22/34 MS: 2 ChangeBit-CopyPart-
#135234	NEW    cov: 35 ft: 231 corp: 85/1502b lim: 1080 exec/s: 0 rss: 35Mb L: 22/34 MS: 1 ShuffleBytes-
#138719	NEW    cov: 35 ft: 232 corp: 86/1524b lim: 1110 exec/s: 0 rss: 35Mb L: 22/34 MS: 5 CopyPart-CrossOver-ChangeBit-ShuffleBytes-ChangeByte-
#141681	NEW    cov: 50 ft: 291 corp: 87/1546b lim: 1130 exec/s: 0 rss: 35Mb L: 22/34 MS: 2 CopyPart-ShuffleBytes-
#141802	NEW    cov: 50 ft: 292 corp: 88/1568b lim: 1130 exec/s: 0 rss: 35Mb L: 22/34 MS: 1 ChangeBit-
#144238	NEW    cov: 50 ft: 302 corp: 89/1590b lim: 1150 exec/s: 0 rss: 35Mb L: 22/34 MS: 1 ChangeByte-
#145179	NEW    cov: 50 ft: 306 corp: 90/1612b lim: 1150 exec/s: 0 rss: 35Mb L: 22/34 MS: 1 ChangeBit-
#147450	NEW    cov: 50 ft: 307 corp: 91/1632b lim: 1170 exec/s: 0 rss: 35Mb L: 20/34 MS: 1 ShuffleBytes-
#152601	NEW    cov: 50 ft: 308 corp: 92/1654b lim: 1220 exec/s: 0 rss: 35Mb L: 22/34 MS: 1 ChangeBit-
#158152	NEW    cov: 50 ft: 309 corp: 93/1674b lim: 1270 exec/s: 0 rss: 35Mb L: 20/34 MS: 1 ChangeBit-
#158283	NEW    cov: 50 ft: 310 corp: 94/1694b lim: 1270 exec/s: 0 rss: 35Mb L: 20/34 MS: 1 ShuffleBytes-
#159222	NEW    cov: 50 ft: 311 corp: 95/1714b lim: 1270 exec/s: 0 rss: 35Mb L: 20/34 MS: 4 InsertByte-InsertByte-EraseBytes-CopyPart-
#159518	NEW    cov: 50 ft: 312 corp: 96/1734b lim: 1270 exec/s: 0 rss: 35Mb L: 20/34 MS: 1 ChangeBinInt-
#161534	NEW    cov: 50 ft: 313 corp: 97/1754b lim: 1290 exec/s: 0 rss: 35Mb L: 20/34 MS: 1 CrossOver-
#162491	NEW    cov: 50 ft: 314 corp: 98/1774b lim: 1290 exec/s: 0 rss: 35Mb L: 20/34 MS: 2 ChangeBinInt-ChangeBit-
#165657	NEW    cov: 50 ft: 315 corp: 99/1794b lim: 1320 exec/s: 0 rss: 35Mb L: 20/34 MS: 1 ChangeBinInt-
#166288	NEW    cov: 50 ft: 316 corp: 100/1814b lim: 1320 exec/s: 0 rss: 35Mb L: 20/34 MS: 1 ChangeBinInt-
#173660	NEW    cov: 50 ft: 317 corp: 101/1834b lim: 1390 exec/s: 0 rss: 35Mb L: 20/34 MS: 2 ChangeBinInt-CopyPart-
#175456	NEW    cov: 50 ft: 318 corp: 102/1854b lim: 1400 exec/s: 0 rss: 35Mb L: 20/34 MS: 1 CopyPart-
#178822	NEW    cov: 50 ft: 319 corp: 103/1876b lim: 1430 exec/s: 0 rss: 35Mb L: 22/34 MS: 1 ChangeBinInt-
#181001	REDUCE cov: 50 ft: 319 corp: 103/1873b lim: 1450 exec/s: 0 rss: 35Mb L: 17/34 MS: 4 ChangeBinInt-PersAutoDict-InsertByte-EraseBytes- DE: " \000\000\000\000\000\000\000"-
#184342	NEW    cov: 50 ft: 320 corp: 104/1893b lim: 1480 exec/s: 0 rss: 35Mb L: 20/34 MS: 1 ChangeBinInt-
#198533	NEW    cov: 50 ft: 321 corp: 105/1913b lim: 1620 exec/s: 0 rss: 35Mb L: 20/34 MS: 1 ChangeByte-
#200382	REDUCE cov: 50 ft: 321 corp: 105/1909b lim: 1630 exec/s: 0 rss: 35Mb L: 16/34 MS: 4 PersAutoDict-EraseBytes-ChangeBit-ChangeBinInt- DE: "\013\000\000\000\000\000\000\000"-
#203168	NEW    cov: 50 ft: 322 corp: 106/1929b lim: 1650 exec/s: 0 rss: 35Mb L: 20/34 MS: 1 ChangeBit-
#204839	NEW    cov: 50 ft: 323 corp: 107/1949b lim: 1660 exec/s: 0 rss: 35Mb L: 20/34 MS: 1 ChangeBit-
#208575	NEW    cov: 50 ft: 324 corp: 108/1969b lim: 1690 exec/s: 0 rss: 35Mb L: 20/34 MS: 1 ChangeBinInt-
#210113	NEW    cov: 50 ft: 326 corp: 109/1991b lim: 1700 exec/s: 0 rss: 35Mb L: 22/34 MS: 3 CopyPart-ChangeBinInt-ChangeBit-
#211786	REDUCE cov: 50 ft: 326 corp: 109/1989b lim: 1710 exec/s: 0 rss: 35Mb L: 18/34 MS: 3 ShuffleBytes-InsertByte-EraseBytes-
#228362	NEW    cov: 50 ft: 328 corp: 110/2011b lim: 1870 exec/s: 0 rss: 35Mb L: 22/34 MS: 1 ChangeBit-
#256628	REDUCE cov: 50 ft: 329 corp: 111/2027b lim: 2149 exec/s: 0 rss: 35Mb L: 16/34 MS: 1 ChangeBit-
#258045	NEW    cov: 50 ft: 330 corp: 112/2047b lim: 2160 exec/s: 0 rss: 35Mb L: 20/34 MS: 2 ShuffleBytes-ChangeBinInt-
#280103	NEW    cov: 50 ft: 331 corp: 113/2069b lim: 2369 exec/s: 0 rss: 35Mb L: 22/34 MS: 3 ShuffleBytes-ChangeBinInt-ChangeBinInt-
#283702	NEW    cov: 50 ft: 333 corp: 114/2091b lim: 2402 exec/s: 0 rss: 35Mb L: 22/34 MS: 4 ChangeByte-ChangeByte-ChangeBit-ChangeBit-
#287860	REDUCE cov: 50 ft: 333 corp: 114/2089b lim: 2435 exec/s: 0 rss: 35Mb L: 18/34 MS: 3 PersAutoDict-PersAutoDict-EraseBytes- DE: "\025\000\000\000\000\000\000\000"-"\377\377\377\377"-
#291986	NEW    cov: 50 ft: 335 corp: 115/2111b lim: 2468 exec/s: 0 rss: 35Mb L: 22/34 MS: 1 ChangeBit-
#296935	REDUCE cov: 50 ft: 335 corp: 115/2109b lim: 2512 exec/s: 0 rss: 35Mb L: 18/34 MS: 4 CrossOver-EraseBytes-ChangeBit-ChangeBit-
#303789	NEW    cov: 50 ft: 340 corp: 116/2131b lim: 2578 exec/s: 0 rss: 35Mb L: 22/34 MS: 4 InsertByte-ChangeBinInt-EraseBytes-ChangeBit-
#341582	REDUCE cov: 50 ft: 340 corp: 116/2129b lim: 2952 exec/s: 0 rss: 35Mb L: 18/34 MS: 3 ChangeBinInt-EraseBytes-InsertByte-
#376939	REDUCE cov: 50 ft: 340 corp: 116/2127b lim: 3293 exec/s: 0 rss: 35Mb L: 18/34 MS: 2 CopyPart-EraseBytes-
#396642	NEW    cov: 50 ft: 341 corp: 117/2155b lim: 3480 exec/s: 0 rss: 35Mb L: 28/34 MS: 3 ChangeASCIIInt-ShuffleBytes-CopyPart-
#396748	NEW    cov: 50 ft: 342 corp: 118/2183b lim: 3480 exec/s: 0 rss: 35Mb L: 28/34 MS: 1 CopyPart-
#404159	NEW    cov: 50 ft: 345 corp: 119/2211b lim: 3546 exec/s: 0 rss: 35Mb L: 28/34 MS: 1 ChangeASCIIInt-
#408308	REDUCE cov: 50 ft: 345 corp: 119/2203b lim: 3579 exec/s: 0 rss: 35Mb L: 20/34 MS: 4 ChangeByte-ShuffleBytes-EraseBytes-ChangeBinInt-
#413951	REDUCE cov: 50 ft: 345 corp: 119/2199b lim: 3634 exec/s: 0 rss: 35Mb L: 16/34 MS: 3 CMP-EraseBytes-CopyPart- DE: "b\000"-
#416427	REDUCE cov: 50 ft: 346 corp: 120/2217b lim: 3656 exec/s: 0 rss: 35Mb L: 18/34 MS: 1 ChangeBinInt-
#421228	NEW    cov: 50 ft: 347 corp: 121/2235b lim: 3700 exec/s: 0 rss: 35Mb L: 18/34 MS: 1 ChangeBit-
#431035	NEW    cov: 50 ft: 348 corp: 122/2258b lim: 3788 exec/s: 431035 rss: 35Mb L: 23/34 MS: 2 CrossOver-ChangeByte-
#431904	REDUCE cov: 50 ft: 348 corp: 122/2255b lim: 3788 exec/s: 431904 rss: 35Mb L: 20/34 MS: 4 ChangeBit-InsertByte-InsertByte-EraseBytes-
#432593	REDUCE cov: 50 ft: 348 corp: 122/2253b lim: 3788 exec/s: 432593 rss: 35Mb L: 18/34 MS: 4 EraseBytes-ChangeASCIIInt-CrossOver-CopyPart-
#432717	REDUCE cov: 50 ft: 348 corp: 122/2251b lim: 3788 exec/s: 432717 rss: 35Mb L: 16/34 MS: 4 ShuffleBytes-EraseBytes-ShuffleBytes-PersAutoDict- DE: "b\000"-
#435506	REDUCE cov: 50 ft: 348 corp: 122/2250b lim: 3810 exec/s: 435506 rss: 35Mb L: 15/34 MS: 4 EraseBytes-CrossOver-InsertByte-EraseBytes-
#450043	REDUCE cov: 50 ft: 349 corp: 123/2265b lim: 3953 exec/s: 450043 rss: 35Mb L: 15/34 MS: 2 ChangeBinInt-CrossOver-
#457058	REDUCE cov: 50 ft: 349 corp: 123/2263b lim: 4019 exec/s: 457058 rss: 35Mb L: 18/34 MS: 5 ChangeByte-InsertByte-ChangeBit-ChangeBinInt-EraseBytes-
#460560	REDUCE cov: 50 ft: 349 corp: 123/2261b lim: 4052 exec/s: 460560 rss: 35Mb L: 18/34 MS: 2 ChangeBinInt-EraseBytes-
#463227	REDUCE cov: 50 ft: 349 corp: 123/2260b lim: 4074 exec/s: 463227 rss: 35Mb L: 16/34 MS: 2 InsertByte-EraseBytes-
#472108	NEW    cov: 50 ft: 350 corp: 124/2278b lim: 4096 exec/s: 472108 rss: 35Mb L: 18/34 MS: 1 ChangeBit-
#496244	NEW    cov: 50 ft: 352 corp: 125/2300b lim: 4096 exec/s: 496244 rss: 36Mb L: 22/34 MS: 1 ChangeBit-
#554476	REDUCE cov: 50 ft: 352 corp: 125/2298b lim: 4096 exec/s: 554476 rss: 36Mb L: 16/34 MS: 2 EraseBytes-ChangeByte-
#576209	REDUCE cov: 50 ft: 352 corp: 125/2296b lim: 4096 exec/s: 576209 rss: 36Mb L: 18/34 MS: 3 InsertByte-InsertByte-EraseBytes-
#618310	NEW    cov: 50 ft: 353 corp: 126/2314b lim: 4096 exec/s: 618310 rss: 36Mb L: 18/34 MS: 1 CopyPart-
#619398	REDUCE cov: 50 ft: 354 corp: 127/2332b lim: 4096 exec/s: 619398 rss: 36Mb L: 18/34 MS: 3 ChangeByte-CopyPart-ChangeBit-
#619539	NEW    cov: 50 ft: 355 corp: 128/2350b lim: 4096 exec/s: 619539 rss: 36Mb L: 18/34 MS: 1 ShuffleBytes-
#620362	REDUCE cov: 50 ft: 355 corp: 128/2348b lim: 4096 exec/s: 620362 rss: 36Mb L: 16/34 MS: 3 CopyPart-ChangeBit-EraseBytes-
#635518	NEW    cov: 50 ft: 356 corp: 129/2366b lim: 4096 exec/s: 635518 rss: 36Mb L: 18/34 MS: 1 ShuffleBytes-
#645218	REDUCE cov: 50 ft: 356 corp: 129/2364b lim: 4096 exec/s: 645218 rss: 36Mb L: 16/34 MS: 5 ChangeBit-PersAutoDict-ChangeBit-PersAutoDict-EraseBytes- DE: "\000\000"-"\025\000\000\000\000\000\000\000"-
#651655	REDUCE cov: 50 ft: 356 corp: 129/2362b lim: 4096 exec/s: 651655 rss: 36Mb L: 18/34 MS: 2 EraseBytes-CrossOver-
#695871	NEW    cov: 50 ft: 357 corp: 130/2380b lim: 4096 exec/s: 695871 rss: 36Mb L: 18/34 MS: 1 ChangeByte-
#711220	REDUCE cov: 50 ft: 357 corp: 130/2378b lim: 4096 exec/s: 711220 rss: 36Mb L: 18/34 MS: 4 InsertRepeatedBytes-ChangeBit-EraseBytes-EraseBytes-
#718697	NEW    cov: 50 ft: 358 corp: 131/2396b lim: 4096 exec/s: 718697 rss: 36Mb L: 18/34 MS: 2 ChangeASCIIInt-ChangeASCIIInt-
#726593	NEW    cov: 50 ft: 359 corp: 132/2414b lim: 4096 exec/s: 726593 rss: 36Mb L: 18/34 MS: 1 CopyPart-
#728164	NEW    cov: 50 ft: 360 corp: 133/2432b lim: 4096 exec/s: 728164 rss: 36Mb L: 18/34 MS: 1 CopyPart-
#729942	NEW    cov: 50 ft: 361 corp: 134/2452b lim: 4096 exec/s: 729942 rss: 36Mb L: 20/34 MS: 3 InsertByte-ChangeByte-InsertByte-
#730535	NEW    cov: 50 ft: 363 corp: 135/2472b lim: 4096 exec/s: 730535 rss: 36Mb L: 20/34 MS: 3 ChangeByte-ChangeBit-ChangeASCIIInt-
#730966	NEW    cov: 50 ft: 364 corp: 136/2492b lim: 4096 exec/s: 730966 rss: 36Mb L: 20/34 MS: 1 ChangeASCIIInt-
#730979	NEW    cov: 50 ft: 365 corp: 137/2512b lim: 4096 exec/s: 730979 rss: 36Mb L: 20/34 MS: 3 ShuffleBytes-ShuffleBytes-ChangeASCIIInt-
#730990	NEW    cov: 50 ft: 366 corp: 138/2532b lim: 4096 exec/s: 730990 rss: 36Mb L: 20/34 MS: 1 ChangeASCIIInt-
#731041	NEW    cov: 50 ft: 367 corp: 139/2552b lim: 4096 exec/s: 731041 rss: 36Mb L: 20/34 MS: 1 ShuffleBytes-
#731422	NEW    cov: 50 ft: 368 corp: 140/2572b lim: 4096 exec/s: 731422 rss: 36Mb L: 20/34 MS: 1 ChangeASCIIInt-
#732113	NEW    cov: 50 ft: 369 corp: 141/2592b lim: 4096 exec/s: 732113 rss: 36Mb L: 20/34 MS: 1 ShuffleBytes-
#733099	NEW    cov: 50 ft: 370 corp: 142/2610b lim: 4096 exec/s: 733099 rss: 36Mb L: 18/34 MS: 1 ShuffleBytes-
#736775	NEW    cov: 50 ft: 371 corp: 143/2630b lim: 4096 exec/s: 736775 rss: 36Mb L: 20/34 MS: 1 ChangeBit-
#736881	REDUCE cov: 50 ft: 371 corp: 143/2628b lim: 4096 exec/s: 736881 rss: 36Mb L: 18/34 MS: 1 EraseBytes-
#737697	NEW    cov: 50 ft: 373 corp: 144/2648b lim: 4096 exec/s: 737697 rss: 36Mb L: 20/34 MS: 1 CrossOver-
#738683	REDUCE cov: 50 ft: 373 corp: 144/2646b lim: 4096 exec/s: 738683 rss: 36Mb L: 18/34 MS: 1 EraseBytes-
#740124	NEW    cov: 50 ft: 375 corp: 145/2666b lim: 4096 exec/s: 740124 rss: 36Mb L: 20/34 MS: 1 ShuffleBytes-
#742395	REDUCE cov: 50 ft: 376 corp: 146/2684b lim: 4096 exec/s: 742395 rss: 36Mb L: 18/34 MS: 1 CopyPart-
#743666	NEW    cov: 50 ft: 377 corp: 147/2702b lim: 4096 exec/s: 743666 rss: 36Mb L: 18/34 MS: 1 CopyPart-
#748128	NEW    cov: 50 ft: 378 corp: 148/2720b lim: 4096 exec/s: 748128 rss: 36Mb L: 18/34 MS: 2 ChangeASCIIInt-CopyPart-
#748269	NEW    cov: 50 ft: 379 corp: 149/2738b lim: 4096 exec/s: 748269 rss: 36Mb L: 18/34 MS: 1 ChangeBit-
#787320	REDUCE cov: 50 ft: 379 corp: 149/2736b lim: 4096 exec/s: 787320 rss: 36Mb L: 18/34 MS: 1 EraseBytes-
#787407	NEW    cov: 50 ft: 380 corp: 150/2756b lim: 4096 exec/s: 787407 rss: 36Mb L: 20/34 MS: 2 ShuffleBytes-CrossOver-
#791349	REDUCE cov: 50 ft: 380 corp: 150/2754b lim: 4096 exec/s: 791349 rss: 36Mb L: 18/34 MS: 2 ChangeByte-EraseBytes-
#795140	NEW    cov: 50 ft: 381 corp: 151/2772b lim: 4096 exec/s: 795140 rss: 36Mb L: 18/34 MS: 1 CrossOver-
#818201	NEW    cov: 50 ft: 382 corp: 152/2792b lim: 4096 exec/s: 818201 rss: 36Mb L: 20/34 MS: 1 ChangeByte-
#828117	REDUCE cov: 50 ft: 382 corp: 152/2790b lim: 4096 exec/s: 828117 rss: 36Mb L: 18/34 MS: 1 EraseBytes-
#839273	REDUCE cov: 50 ft: 382 corp: 152/2788b lim: 4096 exec/s: 839273 rss: 36Mb L: 18/34 MS: 1 EraseBytes-
#881566	REDUCE cov: 50 ft: 382 corp: 152/2786b lim: 4096 exec/s: 440783 rss: 36Mb L: 18/34 MS: 3 ChangeASCIIInt-EraseBytes-ChangeBinInt-
#894968	REDUCE cov: 50 ft: 382 corp: 152/2784b lim: 4096 exec/s: 447484 rss: 36Mb L: 18/34 MS: 2 CMP-EraseBytes- DE: "\000\000"-
#907591	REDUCE cov: 50 ft: 382 corp: 152/2782b lim: 4096 exec/s: 453795 rss: 36Mb L: 16/34 MS: 3 ChangeBinInt-ChangeByte-EraseBytes-
#961909	REDUCE cov: 50 ft: 382 corp: 152/2778b lim: 4096 exec/s: 480954 rss: 36Mb L: 16/34 MS: 3 PersAutoDict-ChangeBinInt-EraseBytes- DE: "\027\000\000\000\000\000\000\000"-
#967956	REDUCE cov: 50 ft: 382 corp: 152/2776b lim: 4096 exec/s: 483978 rss: 36Mb L: 16/34 MS: 2 EraseBytes-ChangeBinInt-
#979563	REDUCE cov: 50 ft: 382 corp: 152/2774b lim: 4096 exec/s: 489781 rss: 36Mb L: 18/34 MS: 2 ShuffleBytes-EraseBytes-
#980210	REDUCE cov: 50 ft: 382 corp: 152/2772b lim: 4096 exec/s: 490105 rss: 36Mb L: 16/34 MS: 2 CopyPart-EraseBytes-
#998889	REDUCE cov: 50 ft: 382 corp: 152/2770b lim: 4096 exec/s: 499444 rss: 36Mb L: 16/34 MS: 4 ShuffleBytes-PersAutoDict-PersAutoDict-EraseBytes- DE: "\000\000"-"\377\377\377\377"-
#1001620	REDUCE cov: 50 ft: 382 corp: 152/2768b lim: 4096 exec/s: 500810 rss: 36Mb L: 18/34 MS: 1 EraseBytes-
#1021112	REDUCE cov: 50 ft: 382 corp: 152/2766b lim: 4096 exec/s: 510556 rss: 36Mb L: 16/34 MS: 2 EraseBytes-ChangeByte-
#1025380	REDUCE cov: 50 ft: 382 corp: 152/2764b lim: 4096 exec/s: 512690 rss: 36Mb L: 16/34 MS: 3 ChangeBit-EraseBytes-ChangeBit-
#1047961	NEW    cov: 50 ft: 385 corp: 153/2786b lim: 4096 exec/s: 523980 rss: 36Mb L: 22/34 MS: 1 CrossOver-
#1048576	pulse  cov: 50 ft: 385 corp: 153/2786b lim: 4096 exec/s: 524288 rss: 36Mb
#1065264	REDUCE cov: 50 ft: 385 corp: 153/2784b lim: 4096 exec/s: 532632 rss: 36Mb L: 18/34 MS: 3 CopyPart-ChangeASCIIInt-EraseBytes-
#1081845	NEW    cov: 50 ft: 386 corp: 154/2806b lim: 4096 exec/s: 540922 rss: 36Mb L: 22/34 MS: 1 ChangeBit-
#1087718	NEW    cov: 50 ft: 388 corp: 155/2828b lim: 4096 exec/s: 543859 rss: 36Mb L: 22/34 MS: 3 ShuffleBytes-ShuffleBytes-ChangeBinInt-
#1122475	NEW    cov: 50 ft: 389 corp: 156/2850b lim: 4096 exec/s: 561237 rss: 36Mb L: 22/34 MS: 2 CopyPart-ChangeBinInt-
#1163717	NEW    cov: 50 ft: 390 corp: 157/2872b lim: 4096 exec/s: 581858 rss: 36Mb L: 22/34 MS: 2 PersAutoDict-CopyPart- DE: "\000\000"-
#1168348	NEW    cov: 50 ft: 392 corp: 158/2894b lim: 4096 exec/s: 584174 rss: 36Mb L: 22/34 MS: 1 ChangeByte-
#1187758	REDUCE cov: 50 ft: 392 corp: 158/2892b lim: 4096 exec/s: 593879 rss: 36Mb L: 18/34 MS: 5 CrossOver-ChangeByte-CrossOver-EraseBytes-ChangeBit-
#1193800	REDUCE cov: 50 ft: 392 corp: 158/2890b lim: 4096 exec/s: 596900 rss: 36Mb L: 16/34 MS: 2 EraseBytes-InsertByte-
#1304687	REDUCE cov: 50 ft: 392 corp: 158/2888b lim: 4096 exec/s: 652343 rss: 36Mb L: 18/34 MS: 2 ChangeBit-EraseBytes-
#1326386	REDUCE cov: 50 ft: 392 corp: 158/2886b lim: 4096 exec/s: 442128 rss: 36Mb L: 16/34 MS: 4 CopyPart-ChangeASCIIInt-ChangeBinInt-EraseBytes-
#1478362	REDUCE cov: 50 ft: 392 corp: 158/2884b lim: 4096 exec/s: 492787 rss: 36Mb L: 18/34 MS: 1 EraseBytes-
#1494184	NEW    cov: 50 ft: 393 corp: 159/2906b lim: 4096 exec/s: 498061 rss: 36Mb L: 22/34 MS: 2 ChangeByte-ChangeBinInt-
#1498291	REDUCE cov: 50 ft: 393 corp: 159/2904b lim: 4096 exec/s: 499430 rss: 36Mb L: 16/34 MS: 2 ChangeBit-EraseBytes-
#1500383	REDUCE cov: 50 ft: 393 corp: 159/2902b lim: 4096 exec/s: 500127 rss: 36Mb L: 20/34 MS: 2 EraseBytes-ChangeBit-
#1591195	REDUCE cov: 50 ft: 393 corp: 159/2900b lim: 4096 exec/s: 530398 rss: 36Mb L: 20/34 MS: 2 EraseBytes-ChangeByte-
#1630187	REDUCE cov: 50 ft: 393 corp: 159/2898b lim: 4096 exec/s: 543395 rss: 36Mb L: 18/34 MS: 2 EraseBytes-ChangeBinInt-
#1659080	NEW    cov: 50 ft: 397 corp: 160/2925b lim: 4096 exec/s: 553026 rss: 36Mb L: 27/34 MS: 3 CopyPart-CopyPart-EraseBytes-
#1669106	REDUCE cov: 50 ft: 397 corp: 160/2923b lim: 4096 exec/s: 556368 rss: 36Mb L: 18/34 MS: 1 EraseBytes-
#1765334	REDUCE cov: 50 ft: 397 corp: 160/2921b lim: 4096 exec/s: 588444 rss: 36Mb L: 18/34 MS: 3 ChangeByte-EraseBytes-InsertByte-
#1859707	REDUCE cov: 50 ft: 397 corp: 160/2919b lim: 4096 exec/s: 464926 rss: 36Mb L: 18/34 MS: 3 ShuffleBytes-EraseBytes-ChangeBinInt-
#1911829	REDUCE cov: 50 ft: 397 corp: 160/2917b lim: 4096 exec/s: 477957 rss: 36Mb L: 16/34 MS: 2 EraseBytes-ChangeBit-
#1928391	REDUCE cov: 50 ft: 397 corp: 160/2915b lim: 4096 exec/s: 482097 rss: 36Mb L: 16/34 MS: 2 EraseBytes-ChangeBinInt-
#1956954	REDUCE cov: 50 ft: 397 corp: 160/2913b lim: 4096 exec/s: 489238 rss: 36Mb L: 16/34 MS: 3 ChangeBinInt-ChangeBit-EraseBytes-
#2002006	REDUCE cov: 50 ft: 397 corp: 160/2911b lim: 4096 exec/s: 500501 rss: 36Mb L: 16/34 MS: 2 EraseBytes-ChangeByte-
#2031063	REDUCE cov: 50 ft: 397 corp: 160/2909b lim: 4096 exec/s: 507765 rss: 36Mb L: 18/34 MS: 2 EraseBytes-CrossOver-
#2097152	pulse  cov: 50 ft: 397 corp: 160/2909b lim: 4096 exec/s: 524288 rss: 36Mb
#2104741	NEW    cov: 50 ft: 398 corp: 161/2924b lim: 4096 exec/s: 526185 rss: 36Mb L: 15/34 MS: 3 EraseBytes-InsertByte-ChangeBinInt-
#2213168	REDUCE cov: 50 ft: 398 corp: 161/2922b lim: 4096 exec/s: 553292 rss: 36Mb L: 18/34 MS: 2 InsertByte-EraseBytes-
#2246400	REDUCE cov: 50 ft: 398 corp: 161/2920b lim: 4096 exec/s: 449280 rss: 36Mb L: 18/34 MS: 2 ChangeBinInt-EraseBytes-
#2283793	REDUCE cov: 50 ft: 398 corp: 161/2919b lim: 4096 exec/s: 456758 rss: 36Mb L: 16/34 MS: 3 ShuffleBytes-EraseBytes-ChangeBit-
#2317146	NEW    cov: 50 ft: 399 corp: 162/2941b lim: 4096 exec/s: 463429 rss: 36Mb L: 22/34 MS: 3 ShuffleBytes-ChangeBinInt-ChangeBit-
#2390517	NEW    cov: 50 ft: 403 corp: 163/2956b lim: 4096 exec/s: 478103 rss: 36Mb L: 15/34 MS: 1 CopyPart-
#2579788	NEW    cov: 50 ft: 404 corp: 164/2978b lim: 4096 exec/s: 515957 rss: 36Mb L: 22/34 MS: 1 ChangeBit-
#2729284	NEW    cov: 50 ft: 405 corp: 165/3011b lim: 4096 exec/s: 454880 rss: 36Mb L: 33/34 MS: 1 InsertRepeatedBytes-
#2799415	REDUCE cov: 50 ft: 405 corp: 165/3010b lim: 4096 exec/s: 466569 rss: 36Mb L: 32/34 MS: 1 EraseBytes-
#2800092	REDUCE cov: 50 ft: 405 corp: 165/3008b lim: 4096 exec/s: 466682 rss: 36Mb L: 16/34 MS: 2 CrossOver-EraseBytes-
#2881779	REDUCE cov: 50 ft: 405 corp: 165/3006b lim: 4096 exec/s: 480296 rss: 36Mb L: 16/34 MS: 2 CopyPart-EraseBytes-
#2921901	REDUCE cov: 50 ft: 405 corp: 165/3004b lim: 4096 exec/s: 486983 rss: 36Mb L: 18/34 MS: 2 ChangeBinInt-EraseBytes-
#2946639	REDUCE cov: 50 ft: 405 corp: 165/3002b lim: 4096 exec/s: 491106 rss: 36Mb L: 16/34 MS: 3 EraseBytes-InsertByte-ChangeBit-
#2950271	REDUCE cov: 50 ft: 405 corp: 165/3000b lim: 4096 exec/s: 491711 rss: 36Mb L: 18/34 MS: 2 EraseBytes-ChangeBit-
#3033808	REDUCE cov: 50 ft: 405 corp: 165/2998b lim: 4096 exec/s: 505634 rss: 36Mb L: 16/34 MS: 2 ChangeBinInt-EraseBytes-
#3100045	REDUCE cov: 50 ft: 405 corp: 165/2996b lim: 4096 exec/s: 516674 rss: 36Mb L: 16/34 MS: 2 ChangeByte-EraseBytes-
#3135087	REDUCE cov: 50 ft: 405 corp: 165/2994b lim: 4096 exec/s: 522514 rss: 36Mb L: 16/34 MS: 2 InsertByte-EraseBytes-
#3171393	NEW    cov: 50 ft: 407 corp: 166/3016b lim: 4096 exec/s: 453056 rss: 36Mb L: 22/34 MS: 1 ChangeBit-
#3175119	REDUCE cov: 50 ft: 408 corp: 167/3034b lim: 4096 exec/s: 453588 rss: 36Mb L: 18/34 MS: 1 ChangeBinInt-
#3181761	REDUCE cov: 50 ft: 408 corp: 167/3032b lim: 4096 exec/s: 454537 rss: 36Mb L: 16/34 MS: 2 ChangeBit-EraseBytes-
#3469769	REDUCE cov: 50 ft: 409 corp: 168/3048b lim: 4096 exec/s: 495681 rss: 36Mb L: 16/34 MS: 3 CrossOver-ChangeBit-ChangeBit-
#3648886	REDUCE cov: 50 ft: 409 corp: 168/3046b lim: 4096 exec/s: 456110 rss: 36Mb L: 16/34 MS: 2 ChangeBit-EraseBytes-
#3812735	REDUCE cov: 50 ft: 409 corp: 168/3044b lim: 4096 exec/s: 476591 rss: 36Mb L: 16/34 MS: 4 ChangeBinInt-ChangeBinInt-ChangeBit-EraseBytes-
#3860940	REDUCE cov: 50 ft: 409 corp: 168/3042b lim: 4096 exec/s: 482617 rss: 36Mb L: 16/34 MS: 5 ChangeBinInt-ShuffleBytes-ShuffleBytes-PersAutoDict-EraseBytes- DE: " \000\000\000\000\000\000\000"-
#3993468	REDUCE cov: 50 ft: 409 corp: 168/3040b lim: 4096 exec/s: 499183 rss: 36Mb L: 20/34 MS: 3 ChangeBit-ChangeByte-EraseBytes-
#4139745	REDUCE cov: 50 ft: 409 corp: 168/3038b lim: 4096 exec/s: 459971 rss: 36Mb L: 16/34 MS: 2 ChangeBinInt-EraseBytes-
#4180613	REDUCE cov: 50 ft: 409 corp: 168/3036b lim: 4096 exec/s: 464512 rss: 36Mb L: 18/34 MS: 3 InsertByte-ChangeBinInt-EraseBytes-
#4194304	pulse  cov: 50 ft: 409 corp: 168/3036b lim: 4096 exec/s: 466033 rss: 36Mb
#4316329	NEW    cov: 50 ft: 412 corp: 169/3058b lim: 4096 exec/s: 479592 rss: 36Mb L: 22/34 MS: 1 ChangeByte-
#4416487	REDUCE cov: 50 ft: 412 corp: 169/3056b lim: 4096 exec/s: 490720 rss: 36Mb L: 16/34 MS: 3 ChangeByte-InsertByte-EraseBytes-
#4569910	REDUCE cov: 50 ft: 412 corp: 169/3054b lim: 4096 exec/s: 456991 rss: 36Mb L: 20/34 MS: 3 EraseBytes-ChangeBit-InsertByte-
#4849702	REDUCE cov: 50 ft: 412 corp: 169/3052b lim: 4096 exec/s: 484970 rss: 36Mb L: 16/34 MS: 2 InsertByte-EraseBytes-
#5385245	REDUCE cov: 50 ft: 412 corp: 169/3051b lim: 4096 exec/s: 489567 rss: 36Mb L: 15/34 MS: 3 ChangeByte-ChangeBit-EraseBytes-
#5460269	REDUCE cov: 50 ft: 412 corp: 169/3050b lim: 4096 exec/s: 455022 rss: 36Mb L: 15/34 MS: 4 ChangeBit-ChangeBinInt-ChangeBinInt-EraseBytes-
#5498413	REDUCE cov: 50 ft: 412 corp: 169/3048b lim: 4096 exec/s: 458201 rss: 36Mb L: 16/34 MS: 4 CMP-EraseBytes-InsertByte-EraseBytes- DE: "\376\377\377\377\377\377\377\377"-
#5742356	REDUCE cov: 50 ft: 412 corp: 169/3046b lim: 4096 exec/s: 478529 rss: 36Mb L: 16/34 MS: 3 EraseBytes-ChangeBit-ChangeBinInt-
#5858366	NEW    cov: 50 ft: 413 corp: 170/3068b lim: 4096 exec/s: 488197 rss: 36Mb L: 22/34 MS: 5 CrossOver-ChangeASCIIInt-ChangeByte-ChangeBit-CrossOver-
#5861497	NEW    cov: 50 ft: 415 corp: 171/3090b lim: 4096 exec/s: 488458 rss: 36Mb L: 22/34 MS: 1 CopyPart-
#5894208	NEW    cov: 50 ft: 416 corp: 172/3112b lim: 4096 exec/s: 453400 rss: 36Mb L: 22/34 MS: 1 ChangeBit-
#5911719	NEW    cov: 50 ft: 417 corp: 173/3134b lim: 4096 exec/s: 454747 rss: 36Mb L: 22/34 MS: 1 ChangeBit-
#6017262	REDUCE cov: 50 ft: 417 corp: 173/3132b lim: 4096 exec/s: 462866 rss: 36Mb L: 16/34 MS: 3 PersAutoDict-CopyPart-EraseBytes- DE: "\376\377\377\377\377\377\377\377"-
#6143149	REDUCE cov: 50 ft: 417 corp: 173/3130b lim: 4096 exec/s: 472549 rss: 36Mb L: 16/34 MS: 2 ChangeBinInt-EraseBytes-
#6173085	NEW    cov: 50 ft: 418 corp: 174/3152b lim: 4096 exec/s: 474852 rss: 36Mb L: 22/34 MS: 1 ChangeBit-
#6625542	REDUCE cov: 50 ft: 418 corp: 174/3150b lim: 4096 exec/s: 473253 rss: 36Mb L: 16/34 MS: 2 InsertByte-EraseBytes-
#7259589	REDUCE cov: 50 ft: 418 corp: 174/3148b lim: 4096 exec/s: 453724 rss: 36Mb L: 16/34 MS: 2 EraseBytes-InsertByte-
#7917969	REDUCE cov: 50 ft: 418 corp: 174/3147b lim: 4096 exec/s: 465762 rss: 36Mb L: 15/34 MS: 5 ChangeBinInt-PersAutoDict-EraseBytes-ChangeBit-InsertByte- DE: "\000\000"-
#8007978	REDUCE cov: 50 ft: 418 corp: 174/3145b lim: 4096 exec/s: 471057 rss: 36Mb L: 16/34 MS: 4 CrossOver-ChangeByte-PersAutoDict-EraseBytes- DE: "\377\377\377\377"-
#8257197	REDUCE cov: 50 ft: 418 corp: 174/3144b lim: 4096 exec/s: 458733 rss: 36Mb L: 15/34 MS: 4 InsertByte-PersAutoDict-EraseBytes-ChangeBit- DE: "\000\000"-
#8388608	pulse  cov: 50 ft: 418 corp: 174/3144b lim: 4096 exec/s: 466033 rss: 36Mb
#8969477	REDUCE cov: 50 ft: 418 corp: 174/3142b lim: 4096 exec/s: 472077 rss: 36Mb L: 16/34 MS: 5 InsertByte-ChangeBit-ChangeByte-PersAutoDict-EraseBytes- DE: "\376\377\377\377\377\377\377\377"-
#9049689	REDUCE cov: 50 ft: 418 corp: 174/3140b lim: 4096 exec/s: 452484 rss: 36Mb L: 16/34 MS: 2 EraseBytes-ChangeBit-
#9296446	REDUCE cov: 50 ft: 418 corp: 174/3138b lim: 4096 exec/s: 464822 rss: 36Mb L: 16/34 MS: 2 ChangeByte-EraseBytes-
#9377065	REDUCE cov: 50 ft: 418 corp: 174/3136b lim: 4096 exec/s: 468853 rss: 36Mb L: 16/34 MS: 4 ChangeBit-EraseBytes-InsertByte-EraseBytes-
#9496160	REDUCE cov: 50 ft: 418 corp: 174/3135b lim: 4096 exec/s: 474808 rss: 36Mb L: 15/34 MS: 5 ChangeBit-ChangeBit-EraseBytes-ChangeBinInt-InsertByte-
#9587454	REDUCE cov: 50 ft: 418 corp: 174/3134b lim: 4096 exec/s: 456545 rss: 36Mb L: 15/34 MS: 4 EraseBytes-ChangeBit-ChangeBinInt-InsertByte-
#10244694	REDUCE cov: 50 ft: 418 corp: 174/3133b lim: 4096 exec/s: 465667 rss: 36Mb L: 15/34 MS: 5 ChangeBit-InsertByte-ShuffleBytes-EraseBytes-ChangeBinInt-
#10659162	REDUCE cov: 50 ft: 418 corp: 174/3131b lim: 4096 exec/s: 463441 rss: 36Mb L: 16/34 MS: 3 EraseBytes-CopyPart-CopyPart-
#12999930	REDUCE cov: 50 ft: 418 corp: 174/3130b lim: 4096 exec/s: 464283 rss: 36Mb L: 15/34 MS: 3 EraseBytes-ChangeBinInt-ChangeBit-
#14357782	REDUCE cov: 50 ft: 418 corp: 174/3128b lim: 4096 exec/s: 463154 rss: 36Mb L: 16/34 MS: 2 ChangeBit-EraseBytes-
#14445274	REDUCE cov: 50 ft: 418 corp: 174/3126b lim: 4096 exec/s: 465976 rss: 36Mb L: 16/34 MS: 2 InsertRepeatedBytes-EraseBytes-
#16088104	REDUCE cov: 50 ft: 418 corp: 174/3125b lim: 4096 exec/s: 459660 rss: 36Mb L: 15/34 MS: 5 ChangeBit-ChangeBinInt-CrossOver-ChangeBinInt-EraseBytes-
#16914161	REDUCE cov: 50 ft: 418 corp: 174/3123b lim: 4096 exec/s: 457139 rss: 36Mb L: 16/34 MS: 2 InsertByte-EraseBytes-
#17196808	REDUCE cov: 50 ft: 418 corp: 174/3121b lim: 4096 exec/s: 464778 rss: 36Mb L: 16/34 MS: 2 PersAutoDict-EraseBytes- DE: "\376\377\377\377\377\377\377\377"-
#17535687	REDUCE cov: 50 ft: 418 corp: 174/3119b lim: 4096 exec/s: 461465 rss: 36Mb L: 16/34 MS: 4 ChangeByte-ChangeBit-CrossOver-EraseBytes-
#17666509	REDUCE cov: 50 ft: 418 corp: 174/3117b lim: 4096 exec/s: 464908 rss: 36Mb L: 16/34 MS: 2 ChangeBit-EraseBytes-
#18634183	REDUCE cov: 50 ft: 418 corp: 174/3115b lim: 4096 exec/s: 454492 rss: 36Mb L: 16/34 MS: 4 ChangeASCIIInt-CopyPart-ChangeBit-EraseBytes-
#19234632	REDUCE cov: 50 ft: 418 corp: 174/3113b lim: 4096 exec/s: 457967 rss: 36Mb L: 16/34 MS: 4 ChangeByte-CopyPart-ChangeBinInt-EraseBytes-
#19622995	REDUCE cov: 50 ft: 418 corp: 174/3109b lim: 4096 exec/s: 456348 rss: 36Mb L: 24/34 MS: 3 EraseBytes-EraseBytes-ChangeByte-
#19908877	REDUCE cov: 50 ft: 418 corp: 174/3107b lim: 4096 exec/s: 462997 rss: 36Mb L: 16/34 MS: 2 ChangeBit-EraseBytes-
#22217689	REDUCE cov: 50 ft: 418 corp: 174/3105b lim: 4096 exec/s: 462868 rss: 36Mb L: 16/34 MS: 2 EraseBytes-ChangeBit-
#24767363	REDUCE cov: 50 ft: 418 corp: 174/3103b lim: 4096 exec/s: 458654 rss: 36Mb L: 16/34 MS: 4 ChangeBit-InsertRepeatedBytes-EraseBytes-ChangeBinInt-
#24819056	REDUCE cov: 50 ft: 418 corp: 174/3102b lim: 4096 exec/s: 459612 rss: 36Mb L: 15/34 MS: 3 CrossOver-ChangeByte-EraseBytes-
#28842176	NEW    cov: 50 ft: 419 corp: 175/3124b lim: 4096 exec/s: 457812 rss: 36Mb L: 22/34 MS: 5 ChangeASCIIInt-ChangeBinInt-ShuffleBytes-ShuffleBytes-CopyPart-
#28884283	NEW    cov: 50 ft: 420 corp: 176/3146b lim: 4096 exec/s: 458480 rss: 36Mb L: 22/34 MS: 2 ChangeASCIIInt-CopyPart-
#32293506	REDUCE cov: 50 ft: 420 corp: 176/3145b lim: 4096 exec/s: 454838 rss: 36Mb L: 15/34 MS: 3 ChangeBit-ChangeBit-EraseBytes-
#33554432	pulse  cov: 50 ft: 420 corp: 176/3145b lim: 4096 exec/s: 453438 rss: 36Mb
#33650311	REDUCE cov: 50 ft: 422 corp: 177/3171b lim: 4096 exec/s: 454733 rss: 36Mb L: 26/34 MS: 5 ChangeBit-ChangeBit-CMP-InsertByte-InsertByte- DE: "\015\000\000\000\000\000\000\000"-
#33652695	REDUCE cov: 50 ft: 422 corp: 177/3169b lim: 4096 exec/s: 454766 rss: 36Mb L: 24/34 MS: 4 ChangeBinInt-CrossOver-EraseBytes-ChangeBit-
#33654772	REDUCE cov: 50 ft: 422 corp: 177/3167b lim: 4096 exec/s: 454794 rss: 36Mb L: 22/34 MS: 2 ChangeByte-EraseBytes-
#33658137	REDUCE cov: 50 ft: 422 corp: 177/3165b lim: 4096 exec/s: 454839 rss: 36Mb L: 20/34 MS: 5 ChangeBit-ChangeBinInt-ChangeBinInt-ChangeBinInt-EraseBytes-
#33659635	REDUCE cov: 50 ft: 422 corp: 177/3163b lim: 4096 exec/s: 454859 rss: 36Mb L: 18/34 MS: 3 ShuffleBytes-EraseBytes-InsertByte-
#33683489	REDUCE cov: 50 ft: 422 corp: 177/3161b lim: 4096 exec/s: 455182 rss: 36Mb L: 16/34 MS: 4 PersAutoDict-ChangeByte-ChangeBinInt-EraseBytes- DE: "\377\377\377\377"-
#33783148	REDUCE cov: 50 ft: 423 corp: 178/3177b lim: 4096 exec/s: 456529 rss: 36Mb L: 16/34 MS: 4 ChangeBinInt-ShuffleBytes-ChangeBit-CrossOver-
#34854985	REDUCE cov: 50 ft: 423 corp: 178/3175b lim: 4096 exec/s: 452662 rss: 36Mb L: 20/34 MS: 2 EraseBytes-ChangeByte-
#36533073	NEW    cov: 50 ft: 429 corp: 179/3205b lim: 4096 exec/s: 456663 rss: 36Mb L: 30/34 MS: 3 CopyPart-CrossOver-ChangeBit-
#36591154	NEW    cov: 50 ft: 430 corp: 180/3235b lim: 4096 exec/s: 457389 rss: 36Mb L: 30/34 MS: 1 ChangeBit-
#38609688	REDUCE cov: 50 ft: 430 corp: 180/3233b lim: 4096 exec/s: 454231 rss: 36Mb L: 20/34 MS: 4 EraseBytes-ChangeBit-ChangeBit-ChangeBinInt-
#39145633	NEW    cov: 50 ft: 431 corp: 181/3266b lim: 4096 exec/s: 455181 rss: 36Mb L: 33/34 MS: 5 EraseBytes-CMP-InsertByte-CopyPart-InsertRepeatedBytes- DE: "\377\377\377\377"-
#40975560	NEW    cov: 50 ft: 432 corp: 182/3298b lim: 4096 exec/s: 455284 rss: 36Mb L: 32/34 MS: 2 CrossOver-CopyPart-
#40989423	NEW    cov: 50 ft: 434 corp: 183/3330b lim: 4096 exec/s: 455438 rss: 36Mb L: 32/34 MS: 3 ChangeByte-ChangeByte-ChangeBinInt-
#41021354	NEW    cov: 50 ft: 435 corp: 184/3362b lim: 4096 exec/s: 455792 rss: 36Mb L: 32/34 MS: 1 CrossOver-
#47745749	REDUCE cov: 50 ft: 435 corp: 184/3361b lim: 4096 exec/s: 454721 rss: 36Mb L: 15/34 MS: 5 CopyPart-CopyPart-ChangeBit-EraseBytes-ChangeBinInt-
#48382827	REDUCE cov: 50 ft: 435 corp: 184/3359b lim: 4096 exec/s: 456441 rss: 36Mb L: 20/34 MS: 3 ChangeBit-EraseBytes-CopyPart-
#48643324	NEW    cov: 50 ft: 436 corp: 185/3375b lim: 4096 exec/s: 454610 rss: 36Mb L: 16/34 MS: 2 CopyPart-ChangeASCIIInt-
#48713832	REDUCE cov: 50 ft: 436 corp: 185/3374b lim: 4096 exec/s: 455269 rss: 36Mb L: 15/34 MS: 3 EraseBytes-ChangeBit-ChangeBinInt-
#53804971	REDUCE cov: 50 ft: 436 corp: 185/3372b lim: 4096 exec/s: 455974 rss: 37Mb L: 20/34 MS: 4 InsertRepeatedBytes-ChangeBit-EraseBytes-CrossOver-
#55352101	REDUCE cov: 50 ft: 436 corp: 185/3371b lim: 4096 exec/s: 453705 rss: 37Mb L: 15/34 MS: 5 ChangeBit-EraseBytes-ChangeBit-InsertByte-ChangeByte-
#59799584	REDUCE cov: 50 ft: 436 corp: 185/3365b lim: 4096 exec/s: 453027 rss: 37Mb L: 16/34 MS: 3 ChangeByte-EraseBytes-ChangeBinInt-
#67108864	pulse  cov: 50 ft: 436 corp: 185/3365b lim: 4096 exec/s: 453438 rss: 37Mb
#81348787	REDUCE cov: 50 ft: 437 corp: 186/3385b lim: 4096 exec/s: 454462 rss: 37Mb L: 20/34 MS: 3 InsertRepeatedBytes-ChangeBit-EraseBytes-
#81351553	NEW    cov: 50 ft: 438 corp: 187/3405b lim: 4096 exec/s: 454477 rss: 37Mb L: 20/34 MS: 1 ChangeBit-
#81352979	NEW    cov: 50 ft: 439 corp: 188/3425b lim: 4096 exec/s: 454485 rss: 37Mb L: 20/34 MS: 1 ChangeBit-
#81353420	NEW    cov: 50 ft: 440 corp: 189/3445b lim: 4096 exec/s: 454488 rss: 37Mb L: 20/34 MS: 1 ChangeBit-
#85156159	REDUCE cov: 50 ft: 440 corp: 189/3444b lim: 4096 exec/s: 452958 rss: 37Mb L: 15/34 MS: 4 ShuffleBytes-PersAutoDict-EraseBytes-InsertByte- DE: " \000\000\000\000\000\000\000"-
#108563744	REDUCE cov: 50 ft: 440 corp: 189/3443b lim: 4096 exec/s: 452348 rss: 37Mb L: 15/34 MS: 5 ChangeBit-ShuffleBytes-EraseBytes-CrossOver-ChangeBit-
#121928081	REDUCE cov: 50 ft: 440 corp: 189/3439b lim: 4096 exec/s: 453264 rss: 38Mb L: 18/34 MS: 2 EraseBytes-CrossOver-
#123613660	REDUCE cov: 50 ft: 440 corp: 189/3437b lim: 4096 exec/s: 452797 rss: 38Mb L: 18/34 MS: 4 InsertByte-InsertByte-ChangeBit-EraseBytes-
#132618413	REDUCE cov: 50 ft: 440 corp: 189/3436b lim: 4096 exec/s: 452622 rss: 38Mb L: 27/34 MS: 3 EraseBytes-CopyPart-ShuffleBytes-
#134217728	pulse  cov: 50 ft: 440 corp: 189/3436b lim: 4096 exec/s: 453438 rss: 38Mb
#139127093	REDUCE cov: 50 ft: 440 corp: 189/3435b lim: 4096 exec/s: 453182 rss: 38Mb L: 15/34 MS: 5 EraseBytes-EraseBytes-PersAutoDict-ChangeBit-CrossOver- DE: "b\000"-
#153862893	NEW    cov: 50 ft: 441 corp: 190/3456b lim: 4096 exec/s: 452537 rss: 38Mb L: 21/34 MS: 5 CopyPart-ChangeBit-CopyPart-EraseBytes-EraseBytes-
#159751110	REDUCE cov: 50 ft: 441 corp: 190/3455b lim: 4096 exec/s: 452552 rss: 38Mb L: 15/34 MS: 2 CrossOver-EraseBytes-
#161056058	REDUCE cov: 50 ft: 441 corp: 190/3454b lim: 4096 exec/s: 452404 rss: 38Mb L: 15/34 MS: 3 ChangeBit-InsertByte-EraseBytes-
#166948970	REDUCE cov: 50 ft: 441 corp: 190/3452b lim: 4096 exec/s: 452436 rss: 38Mb L: 20/34 MS: 2 EraseBytes-InsertByte-
#171417359	REDUCE cov: 50 ft: 441 corp: 190/3451b lim: 4096 exec/s: 452288 rss: 38Mb L: 15/34 MS: 4 InsertByte-ChangeBit-EraseBytes-ChangeBinInt-
#181319879	REDUCE cov: 50 ft: 441 corp: 190/3450b lim: 4096 exec/s: 452169 rss: 38Mb L: 15/34 MS: 5 ChangeBit-PersAutoDict-CMP-ChangeBit-EraseBytes- DE: "\377\377\377\377"-"\000\000\000\000\000\000\000\011"-
#202511562	REDUCE cov: 50 ft: 441 corp: 190/3449b lim: 4096 exec/s: 453046 rss: 38Mb L: 15/34 MS: 3 EraseBytes-ChangeByte-CrossOver-
#210288126	REDUCE cov: 50 ft: 441 corp: 190/3445b lim: 4096 exec/s: 452232 rss: 38Mb L: 16/34 MS: 4 InsertByte-CopyPart-ChangeBinInt-EraseBytes-
#221666104	REDUCE cov: 50 ft: 441 corp: 190/3444b lim: 4096 exec/s: 452379 rss: 38Mb L: 15/34 MS: 3 EraseBytes-ChangeByte-ChangeBit-
#256622114	REDUCE cov: 50 ft: 441 corp: 190/3440b lim: 4096 exec/s: 451799 rss: 38Mb L: 18/34 MS: 5 ChangeASCIIInt-CopyPart-CopyPart-EraseBytes-EraseBytes-
#268435456	pulse  cov: 50 ft: 441 corp: 190/3440b lim: 4096 exec/s: 451911 rss: 38Mb
==13228== libFuzzer: run interrupted; exiting
==13228== libFuzzer: run interrupted; exiting
