INFO: Running with entropic power schedule (0xFF, 100).
INFO: Seed: 4253825819
INFO: Loaded 1 modules   (70 inline 8-bit counters): 70 [0x5570dc92c030, 0x5570dc92c076), 
INFO: Loaded 1 PC tables (70 PCs): 70 [0xc000068000,0xc000068460), 
INFO:        9 files found in corpus
INFO: -max_len is not provided; libFuzzer will not generate inputs larger than 4096 bytes
INFO: seed corpus: files: 9 min: 24b max: 600b total: 1816b rss: 30Mb
#10	INITED cov: 10 ft: 21 corp: 2/56b exec/s: 0 rss: 30Mb
#15	NEW    cov: 10 ft: 23 corp: 3/82b lim: 32 exec/s: 0 rss: 30Mb L: 26/32 MS: 5 ShuffleBytes-CMP-ChangeBinInt-ChangeByte-EraseBytes- DE: "\377\377"-
#17	NEW    cov: 10 ft: 24 corp: 4/103b lim: 32 exec/s: 0 rss: 30Mb L: 21/32 MS: 2 ChangeBinInt-EraseBytes-
#18	NEW    cov: 10 ft: 26 corp: 5/133b lim: 32 exec/s: 0 rss: 30Mb L: 30/32 MS: 1 InsertRepeatedBytes-
#19	NEW    cov: 10 ft: 27 corp: 6/164b lim: 32 exec/s: 0 rss: 30Mb L: 31/32 MS: 1 InsertByte-
#24	NEW    cov: 10 ft: 28 corp: 7/180b lim: 32 exec/s: 0 rss: 30Mb L: 16/32 MS: 5 ChangeBinInt-ChangeByte-ShuffleBytes-EraseBytes-EraseBytes-
#34	NEW    cov: 11 ft: 30 corp: 8/189b lim: 32 exec/s: 0 rss: 30Mb L: 9/32 MS: 5 ShuffleBytes-InsertByte-PersAutoDict-EraseBytes-EraseBytes- DE: "\377\377"-
#42	NEW    cov: 11 ft: 31 corp: 9/207b lim: 32 exec/s: 0 rss: 30Mb L: 18/32 MS: 3 ChangeBit-ChangeByte-EraseBytes-
#45	REDUCE cov: 11 ft: 31 corp: 9/203b lim: 32 exec/s: 0 rss: 30Mb L: 20/32 MS: 3 EraseBytes-ChangeBinInt-InsertByte-
#65	NEW    cov: 11 ft: 32 corp: 10/209b lim: 32 exec/s: 0 rss: 30Mb L: 6/32 MS: 5 ChangeBit-ChangeByte-CrossOver-CopyPart-CrossOver-
#71	NEW    cov: 11 ft: 33 corp: 11/223b lim: 32 exec/s: 0 rss: 30Mb L: 14/32 MS: 1 EraseBytes-
#126	NEW    cov: 11 ft: 35 corp: 12/238b lim: 32 exec/s: 0 rss: 30Mb L: 15/32 MS: 5 CopyPart-CopyPart-CopyPart-ChangeBinInt-EraseBytes-
#155	NEW    cov: 11 ft: 36 corp: 13/250b lim: 32 exec/s: 0 rss: 30Mb L: 12/32 MS: 4 PersAutoDict-CMP-EraseBytes-EraseBytes- DE: "\377\377"-"\377\377"-
#156	REDUCE cov: 11 ft: 36 corp: 13/243b lim: 32 exec/s: 0 rss: 30Mb L: 9/32 MS: 1 EraseBytes-
#157	NEW    cov: 11 ft: 37 corp: 14/272b lim: 32 exec/s: 0 rss: 30Mb L: 29/32 MS: 1 CrossOver-
#239	REDUCE cov: 11 ft: 37 corp: 14/269b lim: 32 exec/s: 0 rss: 30Mb L: 6/32 MS: 2 InsertByte-EraseBytes-
#243	NEW    cov: 13 ft: 43 corp: 15/284b lim: 32 exec/s: 0 rss: 30Mb L: 15/32 MS: 4 CrossOver-ShuffleBytes-ShuffleBytes-ChangeBit-
#284	NEW    cov: 13 ft: 44 corp: 16/300b lim: 32 exec/s: 0 rss: 30Mb L: 16/32 MS: 1 InsertByte-
#310	NEW    cov: 13 ft: 46 corp: 17/322b lim: 32 exec/s: 0 rss: 30Mb L: 22/32 MS: 1 CrossOver-
#317	REDUCE cov: 13 ft: 46 corp: 17/320b lim: 32 exec/s: 0 rss: 30Mb L: 4/32 MS: 2 ChangeByte-EraseBytes-
#331	NEW    cov: 13 ft: 47 corp: 18/346b lim: 32 exec/s: 0 rss: 30Mb L: 26/32 MS: 4 InsertRepeatedBytes-CrossOver-ChangeByte-PersAutoDict- DE: "\377\377"-
#399	NEW    cov: 13 ft: 49 corp: 19/362b lim: 32 exec/s: 0 rss: 30Mb L: 16/32 MS: 3 ChangeByte-CopyPart-ChangeByte-
#411	NEW    cov: 25 ft: 100 corp: 20/379b lim: 32 exec/s: 0 rss: 30Mb L: 17/32 MS: 2 InsertByte-ChangeBinInt-
#413	REDUCE cov: 25 ft: 100 corp: 20/378b lim: 32 exec/s: 0 rss: 30Mb L: 3/32 MS: 2 InsertByte-EraseBytes-
#419	NEW    cov: 25 ft: 101 corp: 21/393b lim: 32 exec/s: 0 rss: 30Mb L: 15/32 MS: 1 CrossOver-
#454	NEW    cov: 25 ft: 105 corp: 22/414b lim: 32 exec/s: 0 rss: 30Mb L: 21/32 MS: 5 InsertByte-CrossOver-ChangeBinInt-ChangeBinInt-InsertByte-
#482	REDUCE cov: 25 ft: 105 corp: 22/411b lim: 32 exec/s: 0 rss: 30Mb L: 3/32 MS: 3 ChangeBit-CopyPart-EraseBytes-
#519	NEW    cov: 25 ft: 106 corp: 23/429b lim: 32 exec/s: 0 rss: 30Mb L: 18/32 MS: 2 InsertByte-ChangeBinInt-
#527	REDUCE cov: 25 ft: 106 corp: 23/412b lim: 32 exec/s: 0 rss: 30Mb L: 14/32 MS: 3 CrossOver-ChangeBinInt-CrossOver-
#560	REDUCE cov: 25 ft: 106 corp: 23/404b lim: 32 exec/s: 0 rss: 30Mb L: 18/32 MS: 3 InsertRepeatedBytes-ChangeBinInt-CrossOver-
#684	REDUCE cov: 25 ft: 106 corp: 23/403b lim: 32 exec/s: 0 rss: 30Mb L: 8/32 MS: 4 ShuffleBytes-CopyPart-CopyPart-EraseBytes-
#692	REDUCE cov: 25 ft: 107 corp: 24/405b lim: 32 exec/s: 0 rss: 30Mb L: 2/32 MS: 3 ChangeByte-ChangeBit-EraseBytes-
#708	REDUCE cov: 25 ft: 107 corp: 24/398b lim: 32 exec/s: 0 rss: 30Mb L: 7/32 MS: 1 EraseBytes-
#725	NEW    cov: 25 ft: 108 corp: 25/416b lim: 32 exec/s: 0 rss: 30Mb L: 18/32 MS: 2 CopyPart-ChangeBinInt-
#791	NEW    cov: 25 ft: 109 corp: 26/442b lim: 32 exec/s: 0 rss: 30Mb L: 26/32 MS: 1 CMP- DE: "\000\000\000\000\000\000\000\025"-
#1165	NEW    cov: 25 ft: 112 corp: 27/459b lim: 32 exec/s: 0 rss: 30Mb L: 17/32 MS: 4 ChangeBit-CopyPart-ChangeByte-EraseBytes-
#1387	REDUCE cov: 25 ft: 112 corp: 27/458b lim: 32 exec/s: 0 rss: 30Mb L: 1/32 MS: 2 ChangeBit-EraseBytes-
#1398	REDUCE cov: 25 ft: 112 corp: 27/457b lim: 32 exec/s: 0 rss: 30Mb L: 2/32 MS: 1 EraseBytes-
#1505	REDUCE cov: 25 ft: 112 corp: 27/451b lim: 32 exec/s: 0 rss: 30Mb L: 16/32 MS: 2 InsertRepeatedBytes-EraseBytes-
#1520	REDUCE cov: 25 ft: 112 corp: 27/450b lim: 32 exec/s: 0 rss: 30Mb L: 15/32 MS: 5 CopyPart-PersAutoDict-CopyPart-EraseBytes-InsertByte- DE: "\377\377"-
#1528	NEW    cov: 25 ft: 114 corp: 28/469b lim: 32 exec/s: 0 rss: 30Mb L: 19/32 MS: 3 InsertByte-CopyPart-PersAutoDict- DE: "\000\000\000\000\000\000\000\025"-
#1541	NEW    cov: 25 ft: 115 corp: 29/485b lim: 32 exec/s: 0 rss: 30Mb L: 16/32 MS: 3 ChangeBit-InsertByte-ChangeByte-
#1637	REDUCE cov: 25 ft: 116 corp: 30/500b lim: 32 exec/s: 0 rss: 30Mb L: 15/32 MS: 1 ChangeByte-
#1654	NEW    cov: 25 ft: 117 corp: 31/517b lim: 32 exec/s: 0 rss: 30Mb L: 17/32 MS: 2 ChangeBinInt-ChangeByte-
#1729	REDUCE cov: 25 ft: 117 corp: 31/516b lim: 32 exec/s: 0 rss: 30Mb L: 17/32 MS: 5 ChangeBinInt-PersAutoDict-ChangeBit-ShuffleBytes-EraseBytes- DE: "\000\000\000\000\000\000\000\025"-
#1908	REDUCE cov: 25 ft: 117 corp: 31/515b lim: 32 exec/s: 0 rss: 30Mb L: 1/32 MS: 4 InsertRepeatedBytes-ChangeBinInt-CrossOver-CrossOver-
#2304	NEW    cov: 25 ft: 120 corp: 32/536b lim: 32 exec/s: 0 rss: 31Mb L: 21/32 MS: 1 ChangeBit-
#2495	NEW    cov: 25 ft: 121 corp: 33/553b lim: 32 exec/s: 0 rss: 31Mb L: 17/32 MS: 1 PersAutoDict- DE: "\000\000\000\000\000\000\000\025"-
#2616	REDUCE cov: 25 ft: 121 corp: 33/552b lim: 32 exec/s: 0 rss: 31Mb L: 15/32 MS: 1 EraseBytes-
#2726	NEW    cov: 25 ft: 122 corp: 34/573b lim: 32 exec/s: 0 rss: 31Mb L: 21/32 MS: 5 PersAutoDict-EraseBytes-CMP-PersAutoDict-CopyPart- DE: "\000\000\000\000\000\000\000\025"-"\000\000"-"\000\000\000\000\000\000\000\025"-
#2904	REDUCE cov: 25 ft: 122 corp: 34/565b lim: 32 exec/s: 0 rss: 31Mb L: 10/32 MS: 3 ChangeBit-ShuffleBytes-EraseBytes-
#2907	NEW    cov: 30 ft: 136 corp: 35/584b lim: 32 exec/s: 0 rss: 31Mb L: 19/32 MS: 3 ChangeBinInt-EraseBytes-CrossOver-
#3156	NEW    cov: 30 ft: 137 corp: 36/599b lim: 32 exec/s: 0 rss: 31Mb L: 15/32 MS: 4 InsertByte-EraseBytes-ChangeByte-ChangeBinInt-
#3524	REDUCE cov: 30 ft: 137 corp: 36/592b lim: 32 exec/s: 0 rss: 31Mb L: 3/32 MS: 3 ChangeBinInt-EraseBytes-EraseBytes-
#3830	NEW    cov: 30 ft: 138 corp: 37/611b lim: 32 exec/s: 0 rss: 31Mb L: 19/32 MS: 1 ChangeByte-
#4025	REDUCE cov: 30 ft: 138 corp: 37/610b lim: 32 exec/s: 0 rss: 31Mb L: 29/32 MS: 5 EraseBytes-CrossOver-InsertRepeatedBytes-ChangeBit-InsertByte-
#4151	REDUCE cov: 30 ft: 138 corp: 37/608b lim: 32 exec/s: 0 rss: 31Mb L: 15/32 MS: 1 EraseBytes-
#4269	REDUCE cov: 30 ft: 139 corp: 38/634b lim: 32 exec/s: 0 rss: 31Mb L: 26/32 MS: 3 ShuffleBytes-CopyPart-PersAutoDict- DE: "\000\000"-
#4565	REDUCE cov: 30 ft: 139 corp: 38/627b lim: 32 exec/s: 0 rss: 31Mb L: 19/32 MS: 1 EraseBytes-
#5075	REDUCE cov: 30 ft: 140 corp: 39/660b lim: 37 exec/s: 0 rss: 31Mb L: 33/33 MS: 5 ShuffleBytes-InsertRepeatedBytes-CopyPart-ChangeBinInt-EraseBytes-
#5280	NEW    cov: 30 ft: 142 corp: 40/694b lim: 37 exec/s: 0 rss: 31Mb L: 34/34 MS: 5 CopyPart-CopyPart-CMP-InsertByte-PersAutoDict- DE: "\017\000\000\000\000\000\000\000"-"\000\000\000\000\000\000\000\025"-
#5521	NEW    cov: 30 ft: 154 corp: 41/713b lim: 37 exec/s: 0 rss: 31Mb L: 19/34 MS: 1 ShuffleBytes-
#5552	NEW    cov: 30 ft: 156 corp: 42/732b lim: 37 exec/s: 0 rss: 31Mb L: 19/34 MS: 1 ShuffleBytes-
#6235	REDUCE cov: 30 ft: 156 corp: 42/730b lim: 42 exec/s: 0 rss: 31Mb L: 27/34 MS: 3 EraseBytes-ChangeByte-InsertRepeatedBytes-
#6531	NEW    cov: 30 ft: 158 corp: 43/749b lim: 42 exec/s: 0 rss: 31Mb L: 19/34 MS: 1 ChangeBit-
#7267	NEW    cov: 30 ft: 160 corp: 44/768b lim: 47 exec/s: 0 rss: 32Mb L: 19/34 MS: 1 ChangeBit-
#8494	REDUCE cov: 30 ft: 160 corp: 44/766b lim: 57 exec/s: 0 rss: 32Mb L: 17/34 MS: 2 InsertByte-EraseBytes-
#9802	NEW    cov: 30 ft: 161 corp: 45/787b lim: 67 exec/s: 0 rss: 32Mb L: 21/34 MS: 3 InsertByte-CopyPart-InsertByte-
#10910	REDUCE cov: 30 ft: 161 corp: 45/785b lim: 73 exec/s: 0 rss: 32Mb L: 16/34 MS: 3 ChangeBinInt-ChangeBinInt-EraseBytes-
#11022	NEW    cov: 30 ft: 163 corp: 46/804b lim: 73 exec/s: 0 rss: 32Mb L: 19/34 MS: 2 ShuffleBytes-ChangeBinInt-
#11198	NEW    cov: 30 ft: 167 corp: 47/823b lim: 73 exec/s: 0 rss: 33Mb L: 19/34 MS: 1 ChangeBinInt-
#11379	NEW    cov: 30 ft: 169 corp: 48/842b lim: 73 exec/s: 0 rss: 33Mb L: 19/34 MS: 1 ChangeBit-
#11883	NEW    cov: 30 ft: 170 corp: 49/865b lim: 73 exec/s: 0 rss: 33Mb L: 23/34 MS: 4 CrossOver-CopyPart-ChangeByte-CrossOver-
#12154	NEW    cov: 30 ft: 172 corp: 50/884b lim: 73 exec/s: 0 rss: 33Mb L: 19/34 MS: 1 ShuffleBytes-
#13295	NEW    cov: 30 ft: 174 corp: 51/903b lim: 79 exec/s: 0 rss: 33Mb L: 19/34 MS: 1 ShuffleBytes-
#13525	REDUCE cov: 30 ft: 174 corp: 51/899b lim: 79 exec/s: 0 rss: 33Mb L: 17/34 MS: 5 ShuffleBytes-ChangeByte-InsertByte-EraseBytes-PersAutoDict- DE: "\377\377"-
#14146	NEW    cov: 30 ft: 176 corp: 52/918b lim: 85 exec/s: 0 rss: 33Mb L: 19/34 MS: 1 ShuffleBytes-
#14361	NEW    cov: 30 ft: 177 corp: 53/941b lim: 85 exec/s: 0 rss: 33Mb L: 23/34 MS: 5 ChangeByte-ChangeByte-CopyPart-ChangeByte-CrossOver-
#17177	NEW    cov: 30 ft: 186 corp: 54/964b lim: 109 exec/s: 0 rss: 34Mb L: 23/34 MS: 1 CopyPart-
#18448	NEW    cov: 30 ft: 191 corp: 55/987b lim: 121 exec/s: 0 rss: 34Mb L: 23/34 MS: 1 CrossOver-
#18884	NEW    cov: 30 ft: 194 corp: 56/1010b lim: 121 exec/s: 0 rss: 34Mb L: 23/34 MS: 1 ChangeBinInt-
#19890	NEW    cov: 30 ft: 196 corp: 57/1029b lim: 127 exec/s: 0 rss: 34Mb L: 19/34 MS: 1 CrossOver-
#20003	REDUCE cov: 30 ft: 196 corp: 57/1025b lim: 127 exec/s: 0 rss: 34Mb L: 22/34 MS: 3 EraseBytes-PersAutoDict-CMP- DE: "\377\377"-"\000\000"-
#20091	REDUCE cov: 30 ft: 196 corp: 57/1014b lim: 127 exec/s: 0 rss: 34Mb L: 8/34 MS: 3 EraseBytes-ChangeByte-EraseBytes-
#20578	NEW    cov: 30 ft: 198 corp: 58/1037b lim: 127 exec/s: 0 rss: 34Mb L: 23/34 MS: 2 ChangeBit-ShuffleBytes-
#21014	REDUCE cov: 30 ft: 198 corp: 58/1033b lim: 127 exec/s: 0 rss: 34Mb L: 4/34 MS: 1 EraseBytes-
#21015	NEW    cov: 32 ft: 201 corp: 59/1056b lim: 127 exec/s: 0 rss: 34Mb L: 23/34 MS: 1 CopyPart-
#22111	NEW    cov: 32 ft: 203 corp: 60/1075b lim: 133 exec/s: 0 rss: 35Mb L: 19/34 MS: 1 CrossOver-
#22364	REDUCE cov: 32 ft: 203 corp: 60/1072b lim: 133 exec/s: 0 rss: 35Mb L: 1/34 MS: 3 EraseBytes-CopyPart-EraseBytes-
#22440	NEW    cov: 32 ft: 204 corp: 61/1095b lim: 133 exec/s: 0 rss: 35Mb L: 23/34 MS: 1 CopyPart-
#24937	NEW    cov: 32 ft: 206 corp: 62/1118b lim: 154 exec/s: 0 rss: 35Mb L: 23/34 MS: 2 ShuffleBytes-ChangeBit-
#27248	NEW    cov: 32 ft: 208 corp: 63/1141b lim: 175 exec/s: 0 rss: 35Mb L: 23/34 MS: 1 ChangeBit-
#29949	NEW    cov: 32 ft: 209 corp: 64/1164b lim: 196 exec/s: 0 rss: 35Mb L: 23/34 MS: 1 CopyPart-
#31280	NEW    cov: 32 ft: 210 corp: 65/1187b lim: 203 exec/s: 0 rss: 35Mb L: 23/34 MS: 1 ShuffleBytes-
#31496	NEW    cov: 33 ft: 213 corp: 66/1210b lim: 203 exec/s: 0 rss: 35Mb L: 23/34 MS: 1 ChangeByte-
#32982	NEW    cov: 33 ft: 214 corp: 67/1233b lim: 217 exec/s: 0 rss: 35Mb L: 23/34 MS: 1 CopyPart-
#33148	NEW    cov: 33 ft: 215 corp: 68/1256b lim: 217 exec/s: 0 rss: 35Mb L: 23/34 MS: 1 ChangeByte-
#33404	NEW    cov: 33 ft: 216 corp: 69/1279b lim: 217 exec/s: 0 rss: 35Mb L: 23/34 MS: 1 ChangeBit-
#34128	NEW    cov: 33 ft: 217 corp: 70/1294b lim: 224 exec/s: 0 rss: 35Mb L: 15/34 MS: 4 ChangeByte-EraseBytes-EraseBytes-CopyPart-
#34592	REDUCE cov: 33 ft: 217 corp: 70/1292b lim: 224 exec/s: 0 rss: 35Mb L: 20/34 MS: 4 PersAutoDict-ChangeBinInt-EraseBytes-ChangeBinInt- DE: "\000\000"-
#36358	NEW    cov: 33 ft: 218 corp: 71/1315b lim: 238 exec/s: 0 rss: 35Mb L: 23/34 MS: 1 ChangeBit-
#36673	NEW    cov: 33 ft: 219 corp: 72/1338b lim: 238 exec/s: 0 rss: 35Mb L: 23/34 MS: 5 ShuffleBytes-PersAutoDict-ChangeBit-CMP-CopyPart- DE: "\000\000"-"\001\000\000\000\000\000\000\027"-
#36994	NEW    cov: 33 ft: 220 corp: 73/1361b lim: 238 exec/s: 0 rss: 35Mb L: 23/34 MS: 1 ChangeByte-
#40015	NEW    cov: 33 ft: 222 corp: 74/1380b lim: 267 exec/s: 0 rss: 35Mb L: 19/34 MS: 1 ShuffleBytes-
#41903	NEW    cov: 33 ft: 223 corp: 75/1403b lim: 283 exec/s: 0 rss: 35Mb L: 23/34 MS: 3 ShuffleBytes-CMP-CopyPart- DE: "\001\000"-
#42730	REDUCE cov: 33 ft: 223 corp: 75/1401b lim: 291 exec/s: 0 rss: 35Mb L: 15/34 MS: 2 EraseBytes-ChangeBinInt-
#45281	NEW    cov: 33 ft: 225 corp: 76/1424b lim: 315 exec/s: 0 rss: 35Mb L: 23/34 MS: 1 ShuffleBytes-
#48472	NEW    cov: 33 ft: 226 corp: 77/1447b lim: 339 exec/s: 0 rss: 35Mb L: 23/34 MS: 1 ChangeByte-
#50698	NEW    cov: 33 ft: 228 corp: 78/1470b lim: 355 exec/s: 0 rss: 35Mb L: 23/34 MS: 1 CopyPart-
#54191	REDUCE cov: 33 ft: 228 corp: 78/1468b lim: 387 exec/s: 0 rss: 35Mb L: 21/34 MS: 3 InsertByte-ChangeBit-EraseBytes-
#55457	NEW    cov: 46 ft: 286 corp: 79/1491b lim: 395 exec/s: 0 rss: 35Mb L: 23/34 MS: 1 ShuffleBytes-
#57763	NEW    cov: 46 ft: 287 corp: 80/1514b lim: 411 exec/s: 0 rss: 35Mb L: 23/34 MS: 1 ChangeBit-
#62144	NEW    cov: 46 ft: 288 corp: 81/1537b lim: 451 exec/s: 0 rss: 35Mb L: 23/34 MS: 1 ShuffleBytes-
#64570	REDUCE cov: 46 ft: 288 corp: 81/1529b lim: 475 exec/s: 0 rss: 35Mb L: 13/34 MS: 1 EraseBytes-
#66383	REDUCE cov: 46 ft: 288 corp: 81/1527b lim: 491 exec/s: 0 rss: 35Mb L: 15/34 MS: 3 PersAutoDict-EraseBytes-ChangeBinInt- DE: "\377\377"-
#68876	REDUCE cov: 46 ft: 288 corp: 81/1525b lim: 515 exec/s: 0 rss: 35Mb L: 17/34 MS: 3 InsertByte-ChangeBit-EraseBytes-
#76051	REDUCE cov: 46 ft: 289 corp: 82/1552b lim: 578 exec/s: 0 rss: 35Mb L: 27/34 MS: 5 EraseBytes-InsertRepeatedBytes-ChangeByte-ChangeBit-CrossOver-
#76172	NEW    cov: 46 ft: 290 corp: 83/1575b lim: 578 exec/s: 0 rss: 35Mb L: 23/34 MS: 1 ChangeBit-
#81848	NEW    cov: 47 ft: 295 corp: 84/1598b lim: 632 exec/s: 0 rss: 35Mb L: 23/34 MS: 1 ChangeByte-
#82514	NEW    cov: 47 ft: 296 corp: 85/1621b lim: 632 exec/s: 0 rss: 35Mb L: 23/34 MS: 1 ChangeBinInt-
#83325	NEW    cov: 47 ft: 297 corp: 86/1648b lim: 632 exec/s: 0 rss: 35Mb L: 27/34 MS: 1 CopyPart-
#83937	NEW    cov: 47 ft: 298 corp: 87/1671b lim: 632 exec/s: 0 rss: 35Mb L: 23/34 MS: 2 ShuffleBytes-ShuffleBytes-
#84968	NEW    cov: 47 ft: 299 corp: 88/1694b lim: 641 exec/s: 0 rss: 35Mb L: 23/34 MS: 1 ShuffleBytes-
#85894	NEW    cov: 47 ft: 301 corp: 89/1717b lim: 650 exec/s: 0 rss: 35Mb L: 23/34 MS: 1 ShuffleBytes-
#86331	NEW    cov: 47 ft: 302 corp: 90/1740b lim: 650 exec/s: 0 rss: 35Mb L: 23/34 MS: 2 ShuffleBytes-ChangeByte-
#87882	NEW    cov: 47 ft: 303 corp: 91/1763b lim: 659 exec/s: 0 rss: 35Mb L: 23/34 MS: 1 CopyPart-
#89088	NEW    cov: 47 ft: 304 corp: 92/1786b lim: 668 exec/s: 0 rss: 35Mb L: 23/34 MS: 1 ChangeBit-
#90137	REDUCE cov: 47 ft: 304 corp: 92/1784b lim: 677 exec/s: 0 rss: 35Mb L: 21/34 MS: 4 CrossOver-ShuffleBytes-ChangeByte-InsertByte-
#90908	NEW    cov: 47 ft: 305 corp: 93/1807b lim: 677 exec/s: 0 rss: 35Mb L: 23/34 MS: 1 ChangeByte-
#91363	NEW    cov: 47 ft: 306 corp: 94/1826b lim: 677 exec/s: 0 rss: 35Mb L: 19/34 MS: 5 InsertByte-ShuffleBytes-EraseBytes-ShuffleBytes-ChangeBinInt-
#92254	NEW    cov: 47 ft: 308 corp: 95/1853b lim: 677 exec/s: 0 rss: 35Mb L: 27/34 MS: 1 ChangeBit-
#95785	NEW    cov: 47 ft: 309 corp: 96/1876b lim: 704 exec/s: 0 rss: 35Mb L: 23/34 MS: 1 ShuffleBytes-
#96337	NEW    cov: 47 ft: 310 corp: 97/1899b lim: 704 exec/s: 0 rss: 35Mb L: 23/34 MS: 2 ChangeBit-ShuffleBytes-
#99098	NEW    cov: 47 ft: 311 corp: 98/1922b lim: 731 exec/s: 0 rss: 35Mb L: 23/34 MS: 1 CopyPart-
#99634	NEW    cov: 49 ft: 319 corp: 99/1945b lim: 731 exec/s: 0 rss: 35Mb L: 23/34 MS: 1 ChangeBit-
#103310	NEW    cov: 50 ft: 322 corp: 100/1964b lim: 767 exec/s: 0 rss: 35Mb L: 19/34 MS: 1 ChangeByte-
#103966	NEW    cov: 50 ft: 324 corp: 101/1991b lim: 767 exec/s: 0 rss: 35Mb L: 27/34 MS: 1 ChangeBit-
#104703	NEW    cov: 50 ft: 328 corp: 102/2014b lim: 767 exec/s: 0 rss: 35Mb L: 23/34 MS: 2 ChangeASCIIInt-ShuffleBytes-
#104934	NEW    cov: 50 ft: 329 corp: 103/2037b lim: 767 exec/s: 0 rss: 35Mb L: 23/34 MS: 1 ChangeBit-
#105929	REDUCE cov: 50 ft: 329 corp: 103/2035b lim: 776 exec/s: 0 rss: 35Mb L: 25/34 MS: 5 ChangeByte-ChangeBinInt-InsertByte-CopyPart-EraseBytes-
#105995	NEW    cov: 50 ft: 331 corp: 104/2062b lim: 776 exec/s: 0 rss: 35Mb L: 27/34 MS: 1 CrossOver-
#107501	NEW    cov: 50 ft: 333 corp: 105/2089b lim: 785 exec/s: 0 rss: 35Mb L: 27/34 MS: 1 ChangeBit-
#107688	NEW    cov: 50 ft: 334 corp: 106/2112b lim: 785 exec/s: 0 rss: 35Mb L: 23/34 MS: 2 ChangeBit-ChangeBinInt-
#110525	NEW    cov: 50 ft: 336 corp: 107/2139b lim: 812 exec/s: 0 rss: 35Mb L: 27/34 MS: 2 ShuffleBytes-ChangeBit-
#113108	REDUCE cov: 50 ft: 336 corp: 107/2137b lim: 830 exec/s: 0 rss: 35Mb L: 23/34 MS: 3 EraseBytes-ShuffleBytes-ChangeByte-
#115016	REDUCE cov: 50 ft: 337 corp: 108/2160b lim: 848 exec/s: 0 rss: 35Mb L: 23/34 MS: 3 PersAutoDict-ChangeBit-ChangeBit- DE: "\000\000"-
#115268	REDUCE cov: 50 ft: 337 corp: 108/2156b lim: 848 exec/s: 0 rss: 35Mb L: 19/34 MS: 2 ChangeByte-EraseBytes-
#115544	NEW    cov: 50 ft: 338 corp: 109/2179b lim: 848 exec/s: 0 rss: 35Mb L: 23/34 MS: 1 ShuffleBytes-
#115620	REDUCE cov: 50 ft: 338 corp: 109/2178b lim: 848 exec/s: 0 rss: 35Mb L: 18/34 MS: 1 EraseBytes-
#115655	NEW    cov: 50 ft: 339 corp: 110/2193b lim: 848 exec/s: 0 rss: 35Mb L: 15/34 MS: 5 CMP-PersAutoDict-CrossOver-ChangeBit-EraseBytes- DE: "\027\000\000\000\000\000\000\000"-"\001\000\000\000\000\000\000\027"-
#118881	NEW    cov: 50 ft: 341 corp: 111/2216b lim: 875 exec/s: 0 rss: 35Mb L: 23/34 MS: 1 ChangeBit-
#120244	REDUCE cov: 50 ft: 341 corp: 111/2212b lim: 884 exec/s: 0 rss: 35Mb L: 19/34 MS: 3 EraseBytes-ChangeBinInt-PersAutoDict- DE: "\377\377"-
#121501	REDUCE cov: 50 ft: 341 corp: 111/2211b lim: 893 exec/s: 0 rss: 35Mb L: 17/34 MS: 2 ChangeByte-EraseBytes-
#122271	REDUCE cov: 50 ft: 341 corp: 111/2210b lim: 893 exec/s: 0 rss: 35Mb L: 16/34 MS: 5 CopyPart-CrossOver-InsertByte-ChangeBit-EraseBytes-
#122453	REDUCE cov: 50 ft: 341 corp: 111/2209b lim: 893 exec/s: 0 rss: 35Mb L: 15/34 MS: 2 ChangeBinInt-EraseBytes-
#128269	NEW    cov: 50 ft: 342 corp: 112/2232b lim: 947 exec/s: 0 rss: 35Mb L: 23/34 MS: 1 ShuffleBytes-
#146293	NEW    cov: 50 ft: 346 corp: 113/2255b lim: 1118 exec/s: 0 rss: 35Mb L: 23/34 MS: 4 ChangeBit-ShuffleBytes-ChangeByte-ChangeBinInt-
#146372	REDUCE cov: 50 ft: 346 corp: 113/2251b lim: 1118 exec/s: 0 rss: 35Mb L: 19/34 MS: 4 ChangeBit-InsertByte-EraseBytes-PersAutoDict- DE: "\377\377"-
#147350	REDUCE cov: 50 ft: 346 corp: 113/2250b lim: 1118 exec/s: 0 rss: 35Mb L: 15/34 MS: 3 InsertByte-EraseBytes-PersAutoDict- DE: "\377\377"-
#153116	NEW    cov: 50 ft: 347 corp: 114/2273b lim: 1168 exec/s: 0 rss: 35Mb L: 23/34 MS: 1 ChangeBit-
#153813	NEW    cov: 50 ft: 348 corp: 115/2296b lim: 1168 exec/s: 0 rss: 35Mb L: 23/34 MS: 2 ChangeByte-ShuffleBytes-
#154093	NEW    cov: 50 ft: 349 corp: 116/2311b lim: 1168 exec/s: 0 rss: 35Mb L: 15/34 MS: 5 InsertByte-EraseBytes-CrossOver-ShuffleBytes-InsertByte-
#158285	REDUCE cov: 50 ft: 349 corp: 116/2309b lim: 1208 exec/s: 0 rss: 35Mb L: 21/34 MS: 2 EraseBytes-InsertByte-
#159252	REDUCE cov: 50 ft: 349 corp: 116/2305b lim: 1208 exec/s: 0 rss: 35Mb L: 19/34 MS: 2 EraseBytes-ChangeBinInt-
#159515	REDUCE cov: 50 ft: 349 corp: 116/2303b lim: 1208 exec/s: 0 rss: 35Mb L: 15/34 MS: 3 ChangeByte-InsertByte-EraseBytes-
#160313	NEW    cov: 50 ft: 350 corp: 117/2326b lim: 1208 exec/s: 0 rss: 35Mb L: 23/34 MS: 3 ChangeBit-ShuffleBytes-ChangeBit-
#177369	NEW    cov: 50 ft: 351 corp: 118/2349b lim: 1368 exec/s: 0 rss: 35Mb L: 23/34 MS: 1 ChangeBit-
#177786	NEW    cov: 50 ft: 355 corp: 119/2372b lim: 1368 exec/s: 0 rss: 35Mb L: 23/34 MS: 2 CopyPart-ChangeByte-
#178914	REDUCE cov: 50 ft: 355 corp: 119/2370b lim: 1378 exec/s: 0 rss: 35Mb L: 21/34 MS: 3 InsertByte-InsertByte-EraseBytes-
#185795	NEW    cov: 50 ft: 356 corp: 120/2393b lim: 1438 exec/s: 0 rss: 35Mb L: 23/34 MS: 1 ChangeByte-
#189316	NEW    cov: 50 ft: 358 corp: 121/2416b lim: 1468 exec/s: 0 rss: 35Mb L: 23/34 MS: 1 ChangeBit-
#191883	NEW    cov: 50 ft: 359 corp: 122/2439b lim: 1488 exec/s: 0 rss: 35Mb L: 23/34 MS: 2 CopyPart-ChangeBinInt-
#192271	REDUCE cov: 50 ft: 359 corp: 122/2437b lim: 1488 exec/s: 0 rss: 35Mb L: 15/34 MS: 3 EraseBytes-InsertRepeatedBytes-ChangeByte-
#195782	NEW    cov: 50 ft: 360 corp: 123/2460b lim: 1518 exec/s: 0 rss: 35Mb L: 23/34 MS: 1 ChangeByte-
#200604	NEW    cov: 50 ft: 361 corp: 124/2483b lim: 1558 exec/s: 0 rss: 35Mb L: 23/34 MS: 2 PersAutoDict-ShuffleBytes- DE: "\000\000"-
#203270	NEW    cov: 50 ft: 362 corp: 125/2506b lim: 1578 exec/s: 0 rss: 35Mb L: 23/34 MS: 1 ChangeBit-
#215592	NEW    cov: 50 ft: 363 corp: 126/2529b lim: 1698 exec/s: 0 rss: 35Mb L: 23/34 MS: 2 CopyPart-EraseBytes-
#215663	NEW    cov: 50 ft: 364 corp: 127/2552b lim: 1698 exec/s: 0 rss: 35Mb L: 23/34 MS: 1 ChangeByte-
#217707	REDUCE cov: 50 ft: 364 corp: 127/2550b lim: 1718 exec/s: 0 rss: 35Mb L: 17/34 MS: 4 EraseBytes-ChangeBit-CopyPart-ChangeByte-
#220738	NEW    cov: 50 ft: 365 corp: 128/2573b lim: 1748 exec/s: 0 rss: 35Mb L: 23/34 MS: 1 ChangeBit-
#220929	NEW    cov: 50 ft: 366 corp: 129/2596b lim: 1748 exec/s: 0 rss: 35Mb L: 23/34 MS: 1 ChangeASCIIInt-
#220936	NEW    cov: 50 ft: 367 corp: 130/2619b lim: 1748 exec/s: 0 rss: 35Mb L: 23/34 MS: 2 ShuffleBytes-CrossOver-
#221668	NEW    cov: 50 ft: 368 corp: 131/2642b lim: 1748 exec/s: 0 rss: 35Mb L: 23/34 MS: 2 ChangeByte-ChangeASCIIInt-
#224750	NEW    cov: 50 ft: 369 corp: 132/2665b lim: 1778 exec/s: 0 rss: 35Mb L: 23/34 MS: 2 ChangeBit-CrossOver-
#225016	NEW    cov: 50 ft: 370 corp: 133/2688b lim: 1778 exec/s: 0 rss: 35Mb L: 23/34 MS: 1 ChangeByte-
#227182	NEW    cov: 50 ft: 371 corp: 134/2711b lim: 1798 exec/s: 0 rss: 35Mb L: 23/34 MS: 1 ChangeASCIIInt-
#228459	NEW    cov: 50 ft: 372 corp: 135/2734b lim: 1808 exec/s: 0 rss: 35Mb L: 23/34 MS: 2 ChangeBinInt-ShuffleBytes-
#233677	NEW    cov: 50 ft: 374 corp: 136/2757b lim: 1858 exec/s: 0 rss: 35Mb L: 23/34 MS: 3 ChangeBit-ChangeASCIIInt-CopyPart-
#244173	NEW    cov: 50 ft: 376 corp: 137/2780b lim: 1958 exec/s: 0 rss: 35Mb L: 23/34 MS: 1 CopyPart-
#244529	NEW    cov: 50 ft: 378 corp: 138/2803b lim: 1958 exec/s: 0 rss: 35Mb L: 23/34 MS: 1 CopyPart-
#245858	REDUCE cov: 50 ft: 378 corp: 138/2801b lim: 1968 exec/s: 0 rss: 35Mb L: 17/34 MS: 4 CopyPart-EraseBytes-ChangeBit-InsertByte-
#246959	NEW    cov: 50 ft: 379 corp: 139/2824b lim: 1978 exec/s: 0 rss: 35Mb L: 23/34 MS: 1 ChangeASCIIInt-
#247295	NEW    cov: 50 ft: 380 corp: 140/2847b lim: 1978 exec/s: 0 rss: 35Mb L: 23/34 MS: 1 ChangeASCIIInt-
#248034	NEW    cov: 50 ft: 381 corp: 141/2870b lim: 1978 exec/s: 0 rss: 35Mb L: 23/34 MS: 4 ChangeBit-ShuffleBytes-CopyPart-ChangeBit-
#249154	REDUCE cov: 50 ft: 381 corp: 141/2868b lim: 1988 exec/s: 0 rss: 35Mb L: 19/34 MS: 5 ChangeBinInt-ChangeByte-ChangeBit-ChangeByte-EraseBytes-
#251370	NEW    cov: 50 ft: 382 corp: 142/2891b lim: 2008 exec/s: 0 rss: 35Mb L: 23/34 MS: 1 ShuffleBytes-
#251442	NEW    cov: 50 ft: 383 corp: 143/2914b lim: 2008 exec/s: 0 rss: 35Mb L: 23/34 MS: 2 ChangeByte-ShuffleBytes-
#254082	REDUCE cov: 50 ft: 383 corp: 143/2912b lim: 2028 exec/s: 0 rss: 35Mb L: 21/34 MS: 5 EraseBytes-ShuffleBytes-CrossOver-ChangeASCIIInt-ChangeBinInt-
#254375	NEW    cov: 50 ft: 384 corp: 144/2935b lim: 2028 exec/s: 0 rss: 35Mb L: 23/34 MS: 3 ChangeBit-ShuffleBytes-ChangeASCIIInt-
#255182	NEW    cov: 50 ft: 385 corp: 145/2958b lim: 2028 exec/s: 0 rss: 35Mb L: 23/34 MS: 2 ShuffleBytes-CopyPart-
#256997	REDUCE cov: 50 ft: 385 corp: 145/2956b lim: 2038 exec/s: 0 rss: 35Mb L: 21/34 MS: 5 InsertByte-EraseBytes-InsertByte-CopyPart-EraseBytes-
#260549	NEW    cov: 50 ft: 386 corp: 146/2979b lim: 2070 exec/s: 0 rss: 36Mb L: 23/34 MS: 2 ChangeByte-ChangeASCIIInt-
#262269	REDUCE cov: 50 ft: 386 corp: 146/2977b lim: 2081 exec/s: 0 rss: 36Mb L: 21/34 MS: 5 ChangeBit-ChangeBinInt-CrossOver-ShuffleBytes-EraseBytes-
#262768	REDUCE cov: 50 ft: 386 corp: 146/2973b lim: 2081 exec/s: 0 rss: 36Mb L: 19/34 MS: 4 ChangeBinInt-ChangeBinInt-ShuffleBytes-EraseBytes-
#264639	NEW    cov: 50 ft: 387 corp: 147/2996b lim: 2092 exec/s: 0 rss: 36Mb L: 23/34 MS: 1 CopyPart-
#267060	NEW    cov: 50 ft: 388 corp: 148/3019b lim: 2114 exec/s: 0 rss: 36Mb L: 23/34 MS: 1 ChangeASCIIInt-
#267436	NEW    cov: 50 ft: 389 corp: 149/3042b lim: 2114 exec/s: 0 rss: 36Mb L: 23/34 MS: 1 ChangeASCIIInt-
#271462	NEW    cov: 50 ft: 390 corp: 150/3065b lim: 2147 exec/s: 0 rss: 36Mb L: 23/34 MS: 1 ChangeBit-
#271969	REDUCE cov: 50 ft: 390 corp: 150/3063b lim: 2147 exec/s: 0 rss: 36Mb L: 24/34 MS: 2 CrossOver-EraseBytes-
#278905	NEW    cov: 50 ft: 391 corp: 151/3086b lim: 2213 exec/s: 0 rss: 36Mb L: 23/34 MS: 1 ChangeBit-
#296708	REDUCE cov: 50 ft: 391 corp: 151/3084b lim: 2389 exec/s: 0 rss: 36Mb L: 21/34 MS: 3 InsertByte-ShuffleBytes-EraseBytes-
#313370	REDUCE cov: 50 ft: 391 corp: 151/3082b lim: 2554 exec/s: 0 rss: 36Mb L: 21/34 MS: 2 EraseBytes-ChangeBit-
#322242	REDUCE cov: 50 ft: 391 corp: 151/3080b lim: 2642 exec/s: 0 rss: 36Mb L: 19/34 MS: 2 ChangeByte-EraseBytes-
#326203	NEW    cov: 50 ft: 392 corp: 152/3103b lim: 2675 exec/s: 0 rss: 36Mb L: 23/34 MS: 1 CopyPart-
#330295	REDUCE cov: 50 ft: 392 corp: 152/3101b lim: 2708 exec/s: 0 rss: 36Mb L: 17/34 MS: 2 ChangeByte-EraseBytes-
#336135	REDUCE cov: 50 ft: 392 corp: 152/3097b lim: 2763 exec/s: 0 rss: 36Mb L: 19/34 MS: 5 CopyPart-ChangeByte-CrossOver-CrossOver-EraseBytes-
#350193	REDUCE cov: 50 ft: 392 corp: 152/3095b lim: 2895 exec/s: 0 rss: 36Mb L: 17/34 MS: 3 ChangeByte-ChangeByte-EraseBytes-
#364398	REDUCE cov: 50 ft: 392 corp: 152/3093b lim: 3027 exec/s: 0 rss: 36Mb L: 21/34 MS: 5 CMP-ChangeBit-EraseBytes-ShuffleBytes-InsertByte- DE: "\000z"-
#365455	NEW    cov: 50 ft: 394 corp: 153/3116b lim: 3027 exec/s: 0 rss: 36Mb L: 23/34 MS: 2 ShuffleBytes-CrossOver-
#371194	REDUCE cov: 50 ft: 394 corp: 153/3114b lim: 3082 exec/s: 0 rss: 36Mb L: 21/34 MS: 4 CMP-ChangeBinInt-ChangeBit-EraseBytes- DE: "\001\000\000\000\000\000\000\017"-
#380086	NEW    cov: 50 ft: 395 corp: 154/3137b lim: 3170 exec/s: 0 rss: 36Mb L: 23/34 MS: 2 ChangeByte-ChangeBinInt-
#402228	REDUCE cov: 50 ft: 395 corp: 154/3135b lim: 3390 exec/s: 0 rss: 36Mb L: 21/34 MS: 2 ChangeByte-EraseBytes-
#403759	REDUCE cov: 50 ft: 395 corp: 154/3131b lim: 3401 exec/s: 403759 rss: 36Mb L: 15/34 MS: 3 ChangeBit-EraseBytes-CMP- DE: "\377\377\377`"-
#408967	REDUCE cov: 50 ft: 395 corp: 154/3123b lim: 3445 exec/s: 408967 rss: 36Mb L: 15/34 MS: 3 ChangeBinInt-EraseBytes-EraseBytes-
#425699	REDUCE cov: 50 ft: 395 corp: 154/3121b lim: 3610 exec/s: 425699 rss: 36Mb L: 21/34 MS: 2 ChangeByte-EraseBytes-
#431742	REDUCE cov: 50 ft: 395 corp: 154/3119b lim: 3665 exec/s: 431742 rss: 36Mb L: 15/34 MS: 3 ShuffleBytes-PersAutoDict-EraseBytes- DE: "\377\377"-
#441021	REDUCE cov: 50 ft: 395 corp: 154/3113b lim: 3753 exec/s: 441021 rss: 36Mb L: 17/34 MS: 4 ChangeBinInt-ChangeBinInt-ChangeBinInt-EraseBytes-
#446768	REDUCE cov: 50 ft: 395 corp: 154/3111b lim: 3808 exec/s: 446768 rss: 36Mb L: 18/34 MS: 2 EraseBytes-ChangeBinInt-
#462658	REDUCE cov: 50 ft: 395 corp: 154/3110b lim: 3962 exec/s: 462658 rss: 36Mb L: 15/34 MS: 5 CMP-ChangeBinInt-InsertByte-ShuffleBytes-EraseBytes- DE: "\377\377\377\377\377\377\377\026"-
#499817	REDUCE cov: 50 ft: 395 corp: 154/3108b lim: 4096 exec/s: 499817 rss: 36Mb L: 15/34 MS: 4 InsertByte-ChangeBit-PersAutoDict-EraseBytes- DE: "\377\377\377\377\377\377\377\026"-
#512219	REDUCE cov: 50 ft: 395 corp: 154/3104b lim: 4096 exec/s: 512219 rss: 36Mb L: 19/34 MS: 2 EraseBytes-PersAutoDict- DE: "\377\377"-
#526526	REDUCE cov: 50 ft: 395 corp: 154/3102b lim: 4096 exec/s: 526526 rss: 36Mb L: 21/34 MS: 2 EraseBytes-ChangeByte-
#536771	REDUCE cov: 50 ft: 397 corp: 155/3124b lim: 4096 exec/s: 536771 rss: 36Mb L: 22/34 MS: 5 ShuffleBytes-InsertByte-ChangeBinInt-ChangeBit-ShuffleBytes-
#542253	REDUCE cov: 50 ft: 397 corp: 155/3120b lim: 4096 exec/s: 542253 rss: 36Mb L: 19/34 MS: 2 EraseBytes-CrossOver-
#548888	REDUCE cov: 50 ft: 397 corp: 155/3118b lim: 4096 exec/s: 548888 rss: 36Mb L: 21/34 MS: 5 ChangeByte-ChangeASCIIInt-EraseBytes-CrossOver-ChangeBinInt-
#558084	NEW    cov: 50 ft: 399 corp: 156/3141b lim: 4096 exec/s: 558084 rss: 36Mb L: 23/34 MS: 1 ChangeByte-
#559641	REDUCE cov: 50 ft: 399 corp: 156/3139b lim: 4096 exec/s: 559641 rss: 36Mb L: 22/34 MS: 2 ChangeBit-EraseBytes-
panic: found special char in iban [recovered]
	panic: found special char in iban

goroutine 17 [running, locked to thread]:
git.ultraware.nl/iddinkgroep/fundament-api.Fuzz.func1()
	git.ultraware.nl/iddinkgroep/fundament-api/fuzz.go:19 +0xa5
panic({0x5570dbef6760?, 0x5570dbf09c70?})
	runtime/panic.go:914 +0x21f
git.ultraware.nl/iddinkgroep/fundament-api.Fuzz({0xc0000df638, 0x17})
	git.ultraware.nl/iddinkgroep/fundament-api/fuzz.go:34 +0x2b9
git.ultraware.nl/iddinkgroep/fundament-api.Fuzz_(...)
	git.ultraware.nl/iddinkgroep/fundament-api/fuzz.1527825026.go:6
main.LLVMFuzzerTestOneInput(...)
	./main.170485750.go:21
==30466== ERROR: libFuzzer: deadly signal
    #0 0x5570dbe19630 in __sanitizer_print_stack_trace (/seedai/experiments/libfuzzer/source_iban/libfuzzer+0xaf630) (BuildId: 688cb25bec4564588da2a67f6a2b25148a0fd5d4)
    #1 0x5570dbde5755 in fuzzer::PrintStackTrace() (/seedai/experiments/libfuzzer/source_iban/libfuzzer+0x7b755) (BuildId: 688cb25bec4564588da2a67f6a2b25148a0fd5d4)
    #2 0x5570dbdc43a9 in fuzzer::Fuzzer::CrashCallback() (.part.0) FuzzerLoop.cpp.o
    #3 0x5570dbdc446a in fuzzer::Fuzzer::StaticCrashSignalCallback() (/seedai/experiments/libfuzzer/source_iban/libfuzzer+0x5a46a) (BuildId: 688cb25bec4564588da2a67f6a2b25148a0fd5d4)
    #4 0x7fea9946070f  (/usr/lib/libc.so.6+0x3e70f) (BuildId: 316d0d3666387f0e8fb98773f51aa1801027c5ab)
    #5 0x5570dbe79160 in runtime.raise.abi0 runtime/sys_linux_amd64.s:153

NOTE: libFuzzer has rudimentary signal handlers.
      Combine libFuzzer with AddressSanitizer or similar for better crash reports.
SUMMARY: libFuzzer: deadly signal
MS: 2 CopyPart-CopyPart-; base unit: 0a85d017c996b2fc095c0196eaf8f5c9066f8f8b
0x69,0x6c,0x6f,0x43,0x2d,0x30,0x30,0x30,0x30,0x30,0x30,0x30,0x30,0x30,0x65,0x6e,0x6c,0x6f,0x43,0x72,0x6e,0x72,0x65,
iloC-000000000enloCrnre
artifact_prefix='./'; Test unit written to ./crash-ab7cb1c5b85fb19b311cf1feeaac312adfbe5b57
Base64: aWxvQy0wMDAwMDAwMDBlbmxvQ3JucmU=
