INFO: Running with entropic power schedule (0xFF, 100).
INFO: Seed: 2957188282
INFO: Loaded 1 modules   (70 inline 8-bit counters): 70 [0x55f32ccb8030, 0x55f32ccb8076), 
INFO: Loaded 1 PC tables (70 PCs): 70 [0xc000068000,0xc000068460), 
INFO:        7 files found in corpus
INFO: -max_len is not provided; libFuzzer will not generate inputs larger than 4096 bytes
INFO: seed corpus: files: 7 min: 18b max: 600b total: 2015b rss: 29Mb
#8	INITED cov: 10 ft: 18 corp: 1/18b exec/s: 0 rss: 29Mb
#10	NEW    cov: 11 ft: 22 corp: 2/27b lim: 18 exec/s: 0 rss: 29Mb L: 9/18 MS: 2 ChangeByte-EraseBytes-
#11	NEW    cov: 11 ft: 23 corp: 3/32b lim: 18 exec/s: 0 rss: 29Mb L: 5/18 MS: 1 CrossOver-
#12	REDUCE cov: 11 ft: 23 corp: 3/30b lim: 18 exec/s: 0 rss: 29Mb L: 3/18 MS: 1 EraseBytes-
#15	NEW    cov: 11 ft: 25 corp: 4/46b lim: 18 exec/s: 0 rss: 29Mb L: 16/18 MS: 3 ChangeByte-ShuffleBytes-CrossOver-
#19	NEW    cov: 11 ft: 26 corp: 5/57b lim: 18 exec/s: 0 rss: 29Mb L: 11/18 MS: 4 CrossOver-InsertByte-ChangeBinInt-EraseBytes-
#27	NEW    cov: 11 ft: 28 corp: 6/72b lim: 18 exec/s: 0 rss: 29Mb L: 15/18 MS: 3 CrossOver-ShuffleBytes-EraseBytes-
#29	NEW    cov: 11 ft: 29 corp: 7/86b lim: 18 exec/s: 0 rss: 29Mb L: 14/18 MS: 2 CopyPart-EraseBytes-
#49	NEW    cov: 11 ft: 30 corp: 8/94b lim: 18 exec/s: 0 rss: 29Mb L: 8/18 MS: 5 EraseBytes-ShuffleBytes-ChangeByte-InsertByte-InsertByte-
#65	NEW    cov: 11 ft: 31 corp: 9/106b lim: 18 exec/s: 0 rss: 29Mb L: 12/18 MS: 1 InsertByte-
#73	REDUCE cov: 11 ft: 31 corp: 9/102b lim: 18 exec/s: 0 rss: 29Mb L: 4/18 MS: 3 ChangeByte-EraseBytes-EraseBytes-
#140	REDUCE cov: 11 ft: 33 corp: 10/104b lim: 18 exec/s: 0 rss: 29Mb L: 2/18 MS: 2 InsertByte-EraseBytes-
#143	REDUCE cov: 11 ft: 33 corp: 10/103b lim: 18 exec/s: 0 rss: 29Mb L: 2/18 MS: 3 ShuffleBytes-ChangeByte-EraseBytes-
#149	REDUCE cov: 11 ft: 33 corp: 10/102b lim: 18 exec/s: 0 rss: 29Mb L: 1/18 MS: 1 EraseBytes-
#172	NEW    cov: 11 ft: 34 corp: 11/115b lim: 18 exec/s: 0 rss: 29Mb L: 13/18 MS: 3 ShuffleBytes-ChangeBit-EraseBytes-
#233	REDUCE cov: 11 ft: 34 corp: 11/113b lim: 18 exec/s: 0 rss: 29Mb L: 2/18 MS: 1 EraseBytes-
#379	REDUCE cov: 11 ft: 34 corp: 11/109b lim: 18 exec/s: 0 rss: 30Mb L: 7/18 MS: 1 EraseBytes-
#458	REDUCE cov: 11 ft: 34 corp: 11/108b lim: 18 exec/s: 0 rss: 30Mb L: 1/18 MS: 4 ChangeBinInt-ChangeByte-ChangeByte-EraseBytes-
#868	NEW    cov: 11 ft: 35 corp: 12/127b lim: 22 exec/s: 0 rss: 30Mb L: 19/19 MS: 5 InsertRepeatedBytes-CopyPart-ChangeBinInt-ChangeBit-CrossOver-
#1679	NEW    cov: 11 ft: 36 corp: 13/154b lim: 30 exec/s: 0 rss: 30Mb L: 27/27 MS: 1 CrossOver-
#1705	NEW    cov: 11 ft: 37 corp: 14/183b lim: 30 exec/s: 0 rss: 30Mb L: 29/29 MS: 1 CopyPart-
#2122	REDUCE cov: 11 ft: 38 corp: 15/216b lim: 34 exec/s: 0 rss: 30Mb L: 33/33 MS: 2 InsertRepeatedBytes-CrossOver-
#2125	NEW    cov: 11 ft: 39 corp: 16/248b lim: 34 exec/s: 0 rss: 30Mb L: 32/33 MS: 3 ShuffleBytes-ShuffleBytes-InsertRepeatedBytes-
#2170	NEW    cov: 11 ft: 41 corp: 17/282b lim: 34 exec/s: 0 rss: 30Mb L: 34/34 MS: 5 ShuffleBytes-ShuffleBytes-ChangeBit-CopyPart-InsertRepeatedBytes-
#2374	REDUCE cov: 11 ft: 41 corp: 17/281b lim: 34 exec/s: 0 rss: 30Mb L: 31/34 MS: 4 EraseBytes-InsertByte-CopyPart-CopyPart-
#12460	NEW    cov: 13 ft: 47 corp: 18/296b lim: 130 exec/s: 0 rss: 32Mb L: 15/34 MS: 1 InsertByte-
#12496	NEW    cov: 13 ft: 48 corp: 19/311b lim: 130 exec/s: 0 rss: 32Mb L: 15/34 MS: 1 ChangeBinInt-
#12511	NEW    cov: 13 ft: 51 corp: 20/337b lim: 130 exec/s: 0 rss: 32Mb L: 26/34 MS: 5 ShuffleBytes-ShuffleBytes-ShuffleBytes-ShuffleBytes-CopyPart-
#12539	NEW    cov: 13 ft: 52 corp: 21/360b lim: 130 exec/s: 0 rss: 32Mb L: 23/34 MS: 3 EraseBytes-ShuffleBytes-CrossOver-
#12575	NEW    cov: 13 ft: 53 corp: 22/390b lim: 130 exec/s: 0 rss: 32Mb L: 30/34 MS: 1 CMP- DE: "\377\377\377\377"-
#12591	NEW    cov: 13 ft: 54 corp: 23/409b lim: 130 exec/s: 0 rss: 32Mb L: 19/34 MS: 1 PersAutoDict- DE: "\377\377\377\377"-
#12755	NEW    cov: 13 ft: 55 corp: 24/439b lim: 130 exec/s: 0 rss: 32Mb L: 30/34 MS: 4 ShuffleBytes-CrossOver-ChangeBinInt-EraseBytes-
#12872	NEW    cov: 25 ft: 99 corp: 25/461b lim: 130 exec/s: 0 rss: 32Mb L: 22/34 MS: 2 ChangeByte-EraseBytes-
#12876	NEW    cov: 25 ft: 100 corp: 26/482b lim: 130 exec/s: 0 rss: 32Mb L: 21/34 MS: 4 PersAutoDict-CrossOver-PersAutoDict-EraseBytes- DE: "\377\377\377\377"-"\377\377\377\377"-
#12981	NEW    cov: 25 ft: 101 corp: 27/515b lim: 130 exec/s: 0 rss: 32Mb L: 33/34 MS: 5 ChangeBit-ChangeBit-EraseBytes-PersAutoDict-CrossOver- DE: "\377\377\377\377"-
#13017	REDUCE cov: 25 ft: 101 corp: 27/514b lim: 130 exec/s: 0 rss: 32Mb L: 29/34 MS: 1 EraseBytes-
#13022	REDUCE cov: 25 ft: 101 corp: 27/499b lim: 130 exec/s: 0 rss: 32Mb L: 15/34 MS: 5 ChangeBit-CMP-CrossOver-CrossOver-InsertByte- DE: "\020\000\000\000\000\000\000\000"-
#13280	REDUCE cov: 25 ft: 101 corp: 27/496b lim: 130 exec/s: 0 rss: 32Mb L: 20/34 MS: 3 ChangeBit-ChangeByte-EraseBytes-
#13331	NEW    cov: 25 ft: 106 corp: 28/517b lim: 130 exec/s: 0 rss: 32Mb L: 21/34 MS: 1 ChangeBit-
#13514	REDUCE cov: 25 ft: 111 corp: 29/540b lim: 130 exec/s: 0 rss: 32Mb L: 23/34 MS: 3 InsertByte-InsertByte-InsertByte-
#13661	NEW    cov: 25 ft: 112 corp: 30/565b lim: 130 exec/s: 0 rss: 32Mb L: 25/34 MS: 2 InsertByte-InsertByte-
#13988	REDUCE cov: 25 ft: 112 corp: 30/564b lim: 130 exec/s: 0 rss: 32Mb L: 20/34 MS: 2 PersAutoDict-EraseBytes- DE: "\020\000\000\000\000\000\000\000"-
#14041	REDUCE cov: 25 ft: 113 corp: 31/593b lim: 130 exec/s: 0 rss: 32Mb L: 29/34 MS: 3 PersAutoDict-CopyPart-ChangeBit- DE: "\020\000\000\000\000\000\000\000"-
#14077	NEW    cov: 25 ft: 114 corp: 32/615b lim: 130 exec/s: 0 rss: 32Mb L: 22/34 MS: 1 CMP- DE: "\000\000\000\000"-
#14221	REDUCE cov: 25 ft: 115 corp: 33/635b lim: 130 exec/s: 0 rss: 32Mb L: 20/34 MS: 4 ChangeBinInt-ChangeBit-CopyPart-ChangeBinInt-
#14237	NEW    cov: 25 ft: 117 corp: 34/660b lim: 130 exec/s: 0 rss: 32Mb L: 25/34 MS: 1 ChangeByte-
#14243	NEW    cov: 25 ft: 118 corp: 35/682b lim: 130 exec/s: 0 rss: 32Mb L: 22/34 MS: 1 ChangeBit-
#14324	NEW    cov: 25 ft: 119 corp: 36/704b lim: 130 exec/s: 0 rss: 32Mb L: 22/34 MS: 1 ChangeBit-
#14626	REDUCE cov: 25 ft: 119 corp: 36/700b lim: 130 exec/s: 0 rss: 32Mb L: 22/34 MS: 2 InsertRepeatedBytes-CrossOver-
#14642	NEW    cov: 25 ft: 120 corp: 37/722b lim: 130 exec/s: 0 rss: 32Mb L: 22/34 MS: 1 ChangeBinInt-
#14878	REDUCE cov: 25 ft: 120 corp: 37/720b lim: 130 exec/s: 0 rss: 32Mb L: 20/34 MS: 1 EraseBytes-
#15169	NEW    cov: 25 ft: 121 corp: 38/745b lim: 130 exec/s: 0 rss: 32Mb L: 25/34 MS: 1 ChangeByte-
#15356	REDUCE cov: 25 ft: 121 corp: 38/744b lim: 130 exec/s: 0 rss: 32Mb L: 21/34 MS: 2 EraseBytes-ChangeBinInt-
#15374	REDUCE cov: 25 ft: 121 corp: 38/742b lim: 130 exec/s: 0 rss: 32Mb L: 18/34 MS: 3 ChangeBit-EraseBytes-CopyPart-
#15704	REDUCE cov: 25 ft: 121 corp: 38/740b lim: 130 exec/s: 0 rss: 32Mb L: 20/34 MS: 5 ChangeBit-ChangeASCIIInt-ShuffleBytes-InsertByte-CrossOver-
#16196	NEW    cov: 25 ft: 122 corp: 39/760b lim: 130 exec/s: 0 rss: 32Mb L: 20/34 MS: 2 ChangeBit-InsertByte-
#16917	NEW    cov: 25 ft: 123 corp: 40/785b lim: 137 exec/s: 0 rss: 32Mb L: 25/34 MS: 1 ChangeByte-
#17354	NEW    cov: 25 ft: 124 corp: 41/807b lim: 137 exec/s: 0 rss: 32Mb L: 22/34 MS: 2 ChangeBinInt-CopyPart-
#17424	REDUCE cov: 25 ft: 124 corp: 41/806b lim: 137 exec/s: 0 rss: 32Mb L: 21/34 MS: 5 ChangeBinInt-ShuffleBytes-EraseBytes-PersAutoDict-InsertByte- DE: "\377\377\377\377"-
#17795	REDUCE cov: 25 ft: 125 corp: 42/824b lim: 137 exec/s: 0 rss: 33Mb L: 18/34 MS: 1 ChangeBit-
#18089	REDUCE cov: 25 ft: 125 corp: 42/823b lim: 137 exec/s: 0 rss: 33Mb L: 19/34 MS: 4 InsertByte-EraseBytes-ChangeByte-InsertByte-
#18262	REDUCE cov: 25 ft: 125 corp: 42/822b lim: 137 exec/s: 0 rss: 33Mb L: 28/34 MS: 3 ChangeBit-EraseBytes-InsertByte-
#18566	REDUCE cov: 25 ft: 125 corp: 42/821b lim: 137 exec/s: 0 rss: 33Mb L: 27/34 MS: 4 InsertByte-ShuffleBytes-InsertByte-EraseBytes-
#19294	REDUCE cov: 25 ft: 125 corp: 42/819b lim: 144 exec/s: 0 rss: 33Mb L: 16/34 MS: 3 ShuffleBytes-InsertByte-EraseBytes-
#20487	REDUCE cov: 25 ft: 126 corp: 43/842b lim: 151 exec/s: 0 rss: 33Mb L: 23/34 MS: 3 InsertByte-CrossOver-ChangeBit-
#21191	REDUCE cov: 25 ft: 126 corp: 43/838b lim: 151 exec/s: 0 rss: 33Mb L: 17/34 MS: 4 CMP-InsertByte-CrossOver-CMP- DE: "#\000\000\000\000\000\000\000"-"\377\377"-
#21679	REDUCE cov: 25 ft: 126 corp: 43/836b lim: 151 exec/s: 0 rss: 34Mb L: 21/34 MS: 3 ChangeByte-CopyPart-EraseBytes-
#21890	REDUCE cov: 25 ft: 126 corp: 43/834b lim: 151 exec/s: 0 rss: 34Mb L: 19/34 MS: 1 EraseBytes-
#22036	REDUCE cov: 25 ft: 126 corp: 43/831b lim: 151 exec/s: 0 rss: 34Mb L: 16/34 MS: 1 EraseBytes-
#22452	REDUCE cov: 25 ft: 127 corp: 44/852b lim: 151 exec/s: 0 rss: 34Mb L: 21/34 MS: 1 ChangeBinInt-
#22958	NEW    cov: 25 ft: 128 corp: 45/873b lim: 151 exec/s: 0 rss: 34Mb L: 21/34 MS: 1 CopyPart-
#23910	REDUCE cov: 25 ft: 128 corp: 45/870b lim: 158 exec/s: 0 rss: 34Mb L: 22/34 MS: 2 EraseBytes-InsertByte-
#23977	REDUCE cov: 25 ft: 128 corp: 45/868b lim: 158 exec/s: 0 rss: 34Mb L: 31/34 MS: 2 ChangeBinInt-EraseBytes-
#25410	REDUCE cov: 25 ft: 128 corp: 45/866b lim: 172 exec/s: 0 rss: 34Mb L: 18/34 MS: 3 ChangeBit-ChangeBit-EraseBytes-
#25902	NEW    cov: 25 ft: 129 corp: 46/886b lim: 172 exec/s: 0 rss: 34Mb L: 20/34 MS: 2 ChangeByte-ChangeByte-
#26021	REDUCE cov: 25 ft: 129 corp: 46/884b lim: 172 exec/s: 0 rss: 34Mb L: 18/34 MS: 4 EraseBytes-ChangeBinInt-ChangeBit-CopyPart-
#26380	REDUCE cov: 25 ft: 129 corp: 46/883b lim: 172 exec/s: 0 rss: 34Mb L: 16/34 MS: 4 InsertByte-EraseBytes-CrossOver-PersAutoDict- DE: "\377\377\377\377"-
#27509	REDUCE cov: 25 ft: 129 corp: 46/882b lim: 179 exec/s: 0 rss: 34Mb L: 15/34 MS: 4 EraseBytes-InsertRepeatedBytes-CrossOver-EraseBytes-
#29633	REDUCE cov: 25 ft: 129 corp: 46/877b lim: 200 exec/s: 0 rss: 34Mb L: 22/34 MS: 4 PersAutoDict-ChangeBit-EraseBytes-CopyPart- DE: "\377\377\377\377"-
#30779	NEW    cov: 25 ft: 130 corp: 47/892b lim: 207 exec/s: 0 rss: 34Mb L: 15/34 MS: 1 CopyPart-
#32954	REDUCE cov: 25 ft: 130 corp: 47/890b lim: 228 exec/s: 0 rss: 34Mb L: 18/34 MS: 5 EraseBytes-ChangeBit-ChangeBinInt-InsertByte-InsertByte-
#33347	REDUCE cov: 25 ft: 130 corp: 47/888b lim: 228 exec/s: 0 rss: 34Mb L: 23/34 MS: 3 InsertByte-EraseBytes-ChangeBinInt-
#33496	REDUCE cov: 25 ft: 130 corp: 47/887b lim: 228 exec/s: 0 rss: 34Mb L: 15/34 MS: 4 ChangeByte-InsertByte-EraseBytes-InsertByte-
#34492	NEW    cov: 25 ft: 131 corp: 48/907b lim: 235 exec/s: 0 rss: 34Mb L: 20/34 MS: 1 ChangeBinInt-
#35425	REDUCE cov: 25 ft: 131 corp: 48/904b lim: 242 exec/s: 0 rss: 34Mb L: 18/34 MS: 3 EraseBytes-CopyPart-InsertByte-
#36054	REDUCE cov: 25 ft: 131 corp: 48/903b lim: 242 exec/s: 0 rss: 34Mb L: 21/34 MS: 4 EraseBytes-CopyPart-CrossOver-ChangeByte-
#36347	REDUCE cov: 25 ft: 131 corp: 48/901b lim: 242 exec/s: 0 rss: 34Mb L: 17/34 MS: 3 InsertRepeatedBytes-ChangeBinInt-EraseBytes-
#36979	REDUCE cov: 25 ft: 131 corp: 48/900b lim: 242 exec/s: 0 rss: 34Mb L: 21/34 MS: 2 ShuffleBytes-EraseBytes-
#37594	REDUCE cov: 25 ft: 131 corp: 48/898b lim: 242 exec/s: 0 rss: 34Mb L: 20/34 MS: 5 CrossOver-ChangeByte-ChangeBinInt-EraseBytes-PersAutoDict- DE: "\377\377\377\377"-
#39260	REDUCE cov: 25 ft: 131 corp: 48/897b lim: 256 exec/s: 0 rss: 35Mb L: 17/34 MS: 1 EraseBytes-
#41289	REDUCE cov: 25 ft: 131 corp: 48/895b lim: 272 exec/s: 0 rss: 35Mb L: 15/34 MS: 4 ChangeByte-ShuffleBytes-EraseBytes-ChangeBinInt-
#43886	REDUCE cov: 25 ft: 131 corp: 48/893b lim: 296 exec/s: 0 rss: 35Mb L: 15/34 MS: 2 EraseBytes-ChangeByte-
#44598	REDUCE cov: 25 ft: 131 corp: 48/891b lim: 296 exec/s: 0 rss: 35Mb L: 18/34 MS: 2 EraseBytes-CrossOver-
#44666	REDUCE cov: 25 ft: 131 corp: 48/889b lim: 296 exec/s: 0 rss: 35Mb L: 27/34 MS: 3 EraseBytes-InsertByte-ChangeByte-
#51033	REDUCE cov: 25 ft: 131 corp: 48/887b lim: 352 exec/s: 0 rss: 35Mb L: 18/34 MS: 2 PersAutoDict-EraseBytes- DE: "\377\377"-
#51540	REDUCE cov: 25 ft: 131 corp: 48/884b lim: 352 exec/s: 0 rss: 35Mb L: 19/34 MS: 2 EraseBytes-PersAutoDict- DE: "\377\377\377\377"-
#54108	REDUCE cov: 25 ft: 131 corp: 48/882b lim: 376 exec/s: 0 rss: 35Mb L: 16/34 MS: 3 ChangeBit-EraseBytes-PersAutoDict- DE: "\377\377\377\377"-
#54566	REDUCE cov: 25 ft: 131 corp: 48/881b lim: 376 exec/s: 0 rss: 35Mb L: 20/34 MS: 3 CMP-ShuffleBytes-EraseBytes- DE: "\001\000"-
#55818	REDUCE cov: 25 ft: 131 corp: 48/879b lim: 384 exec/s: 0 rss: 35Mb L: 16/34 MS: 2 EraseBytes-ChangeBit-
#56481	REDUCE cov: 25 ft: 131 corp: 48/877b lim: 384 exec/s: 0 rss: 35Mb L: 17/34 MS: 3 EraseBytes-InsertByte-ChangeBinInt-
#57108	REDUCE cov: 25 ft: 131 corp: 48/875b lim: 384 exec/s: 0 rss: 35Mb L: 23/34 MS: 2 EraseBytes-CrossOver-
#59833	REDUCE cov: 25 ft: 131 corp: 48/874b lim: 408 exec/s: 0 rss: 35Mb L: 15/34 MS: 5 ShuffleBytes-ChangeBinInt-PersAutoDict-ChangeByte-EraseBytes- DE: "\020\000\000\000\000\000\000\000"-
#60159	REDUCE cov: 25 ft: 131 corp: 48/871b lim: 408 exec/s: 0 rss: 35Mb L: 16/34 MS: 1 EraseBytes-
#60166	REDUCE cov: 25 ft: 131 corp: 48/869b lim: 408 exec/s: 0 rss: 35Mb L: 21/34 MS: 2 ChangeByte-EraseBytes-
#64108	REDUCE cov: 25 ft: 131 corp: 48/867b lim: 440 exec/s: 0 rss: 35Mb L: 21/34 MS: 2 EraseBytes-ChangeBit-
#64811	REDUCE cov: 25 ft: 131 corp: 48/866b lim: 440 exec/s: 0 rss: 35Mb L: 20/34 MS: 3 ChangeBinInt-EraseBytes-CMP- DE: "\000\000\000\000"-
#67720	REDUCE cov: 25 ft: 131 corp: 48/864b lim: 464 exec/s: 0 rss: 35Mb L: 19/34 MS: 4 CopyPart-EraseBytes-InsertByte-EraseBytes-
#72521	REDUCE cov: 25 ft: 132 corp: 49/880b lim: 504 exec/s: 0 rss: 35Mb L: 16/34 MS: 1 ChangeBit-
#74090	REDUCE cov: 25 ft: 133 corp: 50/895b lim: 512 exec/s: 0 rss: 35Mb L: 15/34 MS: 4 CopyPart-ChangeBit-ChangeByte-ChangeBinInt-
#74617	REDUCE cov: 25 ft: 133 corp: 50/894b lim: 512 exec/s: 0 rss: 35Mb L: 19/34 MS: 2 CopyPart-EraseBytes-
#76180	REDUCE cov: 25 ft: 133 corp: 50/889b lim: 521 exec/s: 0 rss: 35Mb L: 17/34 MS: 3 EraseBytes-CrossOver-EraseBytes-
#78128	REDUCE cov: 25 ft: 133 corp: 50/887b lim: 539 exec/s: 0 rss: 35Mb L: 16/34 MS: 3 EraseBytes-InsertByte-InsertByte-
#78765	REDUCE cov: 25 ft: 133 corp: 50/885b lim: 539 exec/s: 0 rss: 35Mb L: 16/34 MS: 2 EraseBytes-CopyPart-
#81264	REDUCE cov: 25 ft: 133 corp: 50/883b lim: 557 exec/s: 0 rss: 35Mb L: 16/34 MS: 4 EraseBytes-EraseBytes-EraseBytes-CMP- DE: "\001\000\000\000\000\000\000\""-
#81530	REDUCE cov: 25 ft: 133 corp: 50/882b lim: 557 exec/s: 0 rss: 35Mb L: 15/34 MS: 1 EraseBytes-
#81830	REDUCE cov: 25 ft: 133 corp: 50/881b lim: 557 exec/s: 0 rss: 35Mb L: 20/34 MS: 5 PersAutoDict-EraseBytes-ChangeByte-PersAutoDict-CopyPart- DE: "#\000\000\000\000\000\000\000"-"\377\377"-
#82254	REDUCE cov: 25 ft: 133 corp: 50/879b lim: 557 exec/s: 0 rss: 35Mb L: 18/34 MS: 4 PersAutoDict-CrossOver-ChangeBit-EraseBytes- DE: "\000\000\000\000"-
#84503	REDUCE cov: 25 ft: 133 corp: 50/877b lim: 575 exec/s: 0 rss: 35Mb L: 17/34 MS: 4 ChangeBit-ChangeBit-EraseBytes-CMP- DE: "\377\377"-
#84971	REDUCE cov: 25 ft: 133 corp: 50/875b lim: 575 exec/s: 0 rss: 35Mb L: 15/34 MS: 3 PersAutoDict-EraseBytes-CopyPart- DE: "\377\377\377\377"-
#85254	REDUCE cov: 25 ft: 133 corp: 50/873b lim: 575 exec/s: 0 rss: 35Mb L: 18/34 MS: 3 ChangeByte-CopyPart-EraseBytes-
#91629	REDUCE cov: 25 ft: 133 corp: 50/872b lim: 638 exec/s: 0 rss: 35Mb L: 16/34 MS: 5 EraseBytes-CopyPart-ChangeBit-ShuffleBytes-ChangeBit-
#92415	REDUCE cov: 25 ft: 133 corp: 50/871b lim: 638 exec/s: 0 rss: 35Mb L: 17/34 MS: 1 EraseBytes-
#103741	REDUCE cov: 25 ft: 133 corp: 50/870b lim: 746 exec/s: 0 rss: 35Mb L: 20/34 MS: 1 EraseBytes-
#112273	REDUCE cov: 25 ft: 133 corp: 50/869b lim: 827 exec/s: 0 rss: 35Mb L: 19/34 MS: 2 ShuffleBytes-EraseBytes-
#116334	REDUCE cov: 25 ft: 133 corp: 50/868b lim: 863 exec/s: 0 rss: 35Mb L: 18/34 MS: 1 EraseBytes-
#121146	REDUCE cov: 25 ft: 133 corp: 50/867b lim: 908 exec/s: 0 rss: 35Mb L: 15/34 MS: 2 InsertByte-EraseBytes-
#122390	REDUCE cov: 25 ft: 133 corp: 50/865b lim: 917 exec/s: 0 rss: 35Mb L: 19/34 MS: 4 ChangeByte-EraseBytes-ChangeBinInt-ChangeBinInt-
#125869	REDUCE cov: 25 ft: 133 corp: 50/863b lim: 944 exec/s: 0 rss: 35Mb L: 17/34 MS: 4 PersAutoDict-InsertByte-EraseBytes-CopyPart- DE: "\377\377\377\377"-
#131792	REDUCE cov: 25 ft: 133 corp: 50/860b lim: 998 exec/s: 0 rss: 35Mb L: 24/34 MS: 3 EraseBytes-CopyPart-InsertByte-
#136541	REDUCE cov: 25 ft: 133 corp: 50/858b lim: 1045 exec/s: 0 rss: 35Mb L: 18/34 MS: 4 CrossOver-CrossOver-CopyPart-EraseBytes-
#144784	REDUCE cov: 25 ft: 133 corp: 50/857b lim: 1125 exec/s: 0 rss: 35Mb L: 22/34 MS: 3 ChangeBit-EraseBytes-PersAutoDict- DE: "\000\000\000\000"-
#149621	REDUCE cov: 25 ft: 133 corp: 50/856b lim: 1165 exec/s: 0 rss: 35Mb L: 15/34 MS: 2 EraseBytes-InsertByte-
#160999	REDUCE cov: 25 ft: 133 corp: 50/852b lim: 1275 exec/s: 0 rss: 35Mb L: 27/34 MS: 3 ChangeByte-EraseBytes-CopyPart-
#162178	REDUCE cov: 25 ft: 133 corp: 50/847b lim: 1285 exec/s: 0 rss: 35Mb L: 16/34 MS: 4 CopyPart-ChangeBit-EraseBytes-ChangeBit-
#168310	REDUCE cov: 25 ft: 133 corp: 50/846b lim: 1345 exec/s: 0 rss: 35Mb L: 16/34 MS: 2 ChangeByte-EraseBytes-
#173462	REDUCE cov: 25 ft: 133 corp: 50/844b lim: 1395 exec/s: 0 rss: 35Mb L: 16/34 MS: 2 ChangeByte-EraseBytes-
#175246	REDUCE cov: 25 ft: 133 corp: 50/842b lim: 1405 exec/s: 0 rss: 35Mb L: 16/34 MS: 4 ShuffleBytes-ChangeBinInt-ChangeBit-EraseBytes-
#177073	REDUCE cov: 25 ft: 133 corp: 50/841b lim: 1415 exec/s: 0 rss: 35Mb L: 16/34 MS: 2 ChangeByte-EraseBytes-
#185890	REDUCE cov: 25 ft: 134 corp: 51/856b lim: 1495 exec/s: 0 rss: 35Mb L: 15/34 MS: 2 ChangeByte-CopyPart-
#201020	REDUCE cov: 25 ft: 134 corp: 51/854b lim: 1645 exec/s: 0 rss: 35Mb L: 17/34 MS: 5 PersAutoDict-EraseBytes-ChangeBit-InsertByte-EraseBytes- DE: "\001\000\000\000\000\000\000\""-
#209691	REDUCE cov: 25 ft: 134 corp: 51/853b lim: 1725 exec/s: 0 rss: 35Mb L: 16/34 MS: 1 EraseBytes-
#239491	REDUCE cov: 25 ft: 134 corp: 51/851b lim: 2015 exec/s: 0 rss: 35Mb L: 23/34 MS: 5 ChangeBit-EraseBytes-ChangeBit-ShuffleBytes-InsertByte-
#247135	REDUCE cov: 25 ft: 134 corp: 51/849b lim: 2088 exec/s: 0 rss: 35Mb L: 16/34 MS: 4 PersAutoDict-CopyPart-EraseBytes-ChangeBit- DE: "\377\377\377\377"-
#254734	REDUCE cov: 25 ft: 134 corp: 51/847b lim: 2154 exec/s: 0 rss: 35Mb L: 15/34 MS: 4 InsertByte-InsertByte-EraseBytes-ChangeByte-
#305274	REDUCE cov: 25 ft: 134 corp: 51/846b lim: 2649 exec/s: 0 rss: 35Mb L: 22/34 MS: 5 PersAutoDict-EraseBytes-PersAutoDict-CMP-EraseBytes- DE: "\001\000"-"\377\377"-"\000\000"-
#333316	REDUCE cov: 30 ft: 148 corp: 52/862b lim: 2924 exec/s: 0 rss: 35Mb L: 16/34 MS: 2 EraseBytes-InsertRepeatedBytes-
#333602	NEW    cov: 30 ft: 149 corp: 53/878b lim: 2924 exec/s: 0 rss: 35Mb L: 16/34 MS: 1 CrossOver-
#333768	NEW    cov: 30 ft: 151 corp: 54/894b lim: 2924 exec/s: 0 rss: 35Mb L: 16/34 MS: 1 ChangeBit-
#333854	NEW    cov: 30 ft: 153 corp: 55/910b lim: 2924 exec/s: 0 rss: 35Mb L: 16/34 MS: 1 ChangeBinInt-
#336148	NEW    cov: 30 ft: 154 corp: 56/926b lim: 2946 exec/s: 0 rss: 35Mb L: 16/34 MS: 4 CopyPart-CopyPart-EraseBytes-CopyPart-
#337114	NEW    cov: 30 ft: 156 corp: 57/942b lim: 2946 exec/s: 0 rss: 35Mb L: 16/34 MS: 1 ChangeBit-
#337325	NEW    cov: 30 ft: 158 corp: 58/958b lim: 2946 exec/s: 0 rss: 35Mb L: 16/34 MS: 1 ShuffleBytes-
#338596	NEW    cov: 30 ft: 160 corp: 59/974b lim: 2957 exec/s: 0 rss: 35Mb L: 16/34 MS: 1 ShuffleBytes-
#340627	NEW    cov: 31 ft: 165 corp: 60/990b lim: 2968 exec/s: 0 rss: 35Mb L: 16/34 MS: 1 ChangeBit-
#340834	NEW    cov: 31 ft: 172 corp: 61/1006b lim: 2968 exec/s: 0 rss: 35Mb L: 16/34 MS: 2 ChangeBinInt-CopyPart-
#341045	NEW    cov: 31 ft: 173 corp: 62/1022b lim: 2968 exec/s: 0 rss: 35Mb L: 16/34 MS: 1 ShuffleBytes-
#341082	NEW    cov: 31 ft: 174 corp: 63/1038b lim: 2968 exec/s: 0 rss: 35Mb L: 16/34 MS: 2 ChangeBit-ShuffleBytes-
#342838	NEW    cov: 31 ft: 175 corp: 64/1054b lim: 2979 exec/s: 0 rss: 35Mb L: 16/34 MS: 1 ChangeByte-
#343091	NEW    cov: 31 ft: 176 corp: 65/1070b lim: 2979 exec/s: 0 rss: 35Mb L: 16/34 MS: 3 ChangeBit-ChangeBit-ShuffleBytes-
#343818	NEW    cov: 31 ft: 177 corp: 66/1086b lim: 2979 exec/s: 0 rss: 35Mb L: 16/34 MS: 2 ChangeBit-ShuffleBytes-
#343930	NEW    cov: 31 ft: 178 corp: 67/1102b lim: 2979 exec/s: 0 rss: 35Mb L: 16/34 MS: 2 ChangeByte-ShuffleBytes-
#344616	NEW    cov: 31 ft: 179 corp: 68/1118b lim: 2979 exec/s: 0 rss: 35Mb L: 16/34 MS: 1 ChangeByte-
#344639	NEW    cov: 31 ft: 180 corp: 69/1148b lim: 2979 exec/s: 0 rss: 35Mb L: 30/34 MS: 3 EraseBytes-ChangeBit-CrossOver-
#344990	NEW    cov: 31 ft: 181 corp: 70/1164b lim: 2979 exec/s: 0 rss: 35Mb L: 16/34 MS: 1 ChangeBinInt-
#345226	NEW    cov: 31 ft: 182 corp: 71/1180b lim: 2979 exec/s: 0 rss: 35Mb L: 16/34 MS: 1 ChangeBit-
#345287	NEW    cov: 31 ft: 183 corp: 72/1196b lim: 2979 exec/s: 0 rss: 35Mb L: 16/34 MS: 1 CopyPart-
#345923	NEW    cov: 31 ft: 190 corp: 73/1212b lim: 2979 exec/s: 0 rss: 35Mb L: 16/34 MS: 1 CopyPart-
#346155	NEW    cov: 31 ft: 191 corp: 74/1228b lim: 2979 exec/s: 0 rss: 35Mb L: 16/34 MS: 2 ChangeBit-ShuffleBytes-
#346651	NEW    cov: 33 ft: 195 corp: 75/1244b lim: 2979 exec/s: 0 rss: 35Mb L: 16/34 MS: 1 ChangeByte-
#347802	NEW    cov: 33 ft: 196 corp: 76/1260b lim: 2990 exec/s: 0 rss: 35Mb L: 16/34 MS: 1 ShuffleBytes-
#347903	NEW    cov: 33 ft: 197 corp: 77/1276b lim: 2990 exec/s: 0 rss: 35Mb L: 16/34 MS: 1 ChangeByte-
#348890	NEW    cov: 34 ft: 205 corp: 78/1292b lim: 2990 exec/s: 0 rss: 35Mb L: 16/34 MS: 2 ShuffleBytes-CopyPart-
#349241	NEW    cov: 34 ft: 206 corp: 79/1308b lim: 2990 exec/s: 0 rss: 35Mb L: 16/34 MS: 1 ChangeBit-
#349297	NEW    cov: 34 ft: 207 corp: 80/1324b lim: 2990 exec/s: 0 rss: 35Mb L: 16/34 MS: 1 CopyPart-
#349928	NEW    cov: 34 ft: 208 corp: 81/1340b lim: 2990 exec/s: 0 rss: 35Mb L: 16/34 MS: 1 ShuffleBytes-
#350265	NEW    cov: 35 ft: 211 corp: 82/1356b lim: 2990 exec/s: 0 rss: 35Mb L: 16/34 MS: 2 InsertByte-EraseBytes-
#350521	NEW    cov: 35 ft: 212 corp: 83/1372b lim: 2990 exec/s: 0 rss: 35Mb L: 16/34 MS: 1 ChangeBit-
#350660	NEW    cov: 35 ft: 213 corp: 84/1388b lim: 2990 exec/s: 0 rss: 35Mb L: 16/34 MS: 4 EraseBytes-ShuffleBytes-InsertByte-CopyPart-
#350931	NEW    cov: 35 ft: 214 corp: 85/1404b lim: 2990 exec/s: 0 rss: 35Mb L: 16/34 MS: 1 ChangeBit-
#351707	NEW    cov: 47 ft: 264 corp: 86/1420b lim: 2990 exec/s: 0 rss: 35Mb L: 16/34 MS: 1 CrossOver-
#351883	NEW    cov: 47 ft: 265 corp: 87/1436b lim: 2990 exec/s: 0 rss: 35Mb L: 16/34 MS: 1 ChangeBit-
#353542	NEW    cov: 47 ft: 266 corp: 88/1452b lim: 3001 exec/s: 0 rss: 35Mb L: 16/34 MS: 4 ChangeByte-CopyPart-ChangeASCIIInt-CopyPart-
#353768	NEW    cov: 47 ft: 267 corp: 89/1468b lim: 3001 exec/s: 0 rss: 35Mb L: 16/34 MS: 1 ShuffleBytes-
#353920	NEW    cov: 49 ft: 283 corp: 90/1484b lim: 3001 exec/s: 0 rss: 35Mb L: 16/34 MS: 2 ChangeBit-ShuffleBytes-
#354727	NEW    cov: 49 ft: 284 corp: 91/1500b lim: 3001 exec/s: 0 rss: 35Mb L: 16/34 MS: 2 ChangeBinInt-CopyPart-
#355238	NEW    cov: 49 ft: 285 corp: 92/1516b lim: 3001 exec/s: 0 rss: 35Mb L: 16/34 MS: 1 ChangeBinInt-
#355854	NEW    cov: 49 ft: 286 corp: 93/1532b lim: 3001 exec/s: 0 rss: 35Mb L: 16/34 MS: 1 ShuffleBytes-
#356965	NEW    cov: 49 ft: 287 corp: 94/1548b lim: 3012 exec/s: 0 rss: 35Mb L: 16/34 MS: 1 ChangeBit-
#357371	NEW    cov: 49 ft: 288 corp: 95/1564b lim: 3012 exec/s: 0 rss: 35Mb L: 16/34 MS: 1 ChangeBit-
#358354	NEW    cov: 49 ft: 292 corp: 96/1580b lim: 3012 exec/s: 0 rss: 35Mb L: 16/34 MS: 3 CopyPart-ChangeASCIIInt-ShuffleBytes-
#359335	NEW    cov: 49 ft: 293 corp: 97/1596b lim: 3012 exec/s: 0 rss: 35Mb L: 16/34 MS: 1 ChangeBit-
#361686	NEW    cov: 49 ft: 294 corp: 98/1612b lim: 3034 exec/s: 0 rss: 35Mb L: 16/34 MS: 1 ChangeBit-
#366897	NEW    cov: 49 ft: 295 corp: 99/1628b lim: 3078 exec/s: 0 rss: 35Mb L: 16/34 MS: 1 ChangeBit-
#369109	NEW    cov: 49 ft: 296 corp: 100/1644b lim: 3100 exec/s: 0 rss: 35Mb L: 16/34 MS: 2 ShuffleBytes-ShuffleBytes-
#369585	NEW    cov: 49 ft: 297 corp: 101/1660b lim: 3100 exec/s: 0 rss: 35Mb L: 16/34 MS: 1 ChangeBinInt-
#370254	NEW    cov: 49 ft: 298 corp: 102/1676b lim: 3100 exec/s: 0 rss: 35Mb L: 16/34 MS: 4 ShuffleBytes-CrossOver-CopyPart-ShuffleBytes-
#371815	NEW    cov: 49 ft: 299 corp: 103/1692b lim: 3111 exec/s: 0 rss: 35Mb L: 16/34 MS: 1 ChangeBit-
#379491	NEW    cov: 49 ft: 300 corp: 104/1708b lim: 3177 exec/s: 0 rss: 35Mb L: 16/34 MS: 1 ChangeByte-
#379795	NEW    cov: 49 ft: 301 corp: 105/1724b lim: 3177 exec/s: 0 rss: 35Mb L: 16/34 MS: 4 ChangeByte-ChangeByte-EraseBytes-InsertByte-
#382412	REDUCE cov: 49 ft: 301 corp: 105/1722b lim: 3199 exec/s: 0 rss: 35Mb L: 28/34 MS: 2 EraseBytes-ChangeBinInt-
#382655	REDUCE cov: 49 ft: 301 corp: 105/1721b lim: 3199 exec/s: 0 rss: 35Mb L: 27/34 MS: 3 PersAutoDict-CrossOver-EraseBytes- DE: "\000\000"-
#384387	NEW    cov: 49 ft: 303 corp: 106/1737b lim: 3210 exec/s: 0 rss: 35Mb L: 16/34 MS: 2 ChangeBinInt-ShuffleBytes-
#386220	REDUCE cov: 49 ft: 303 corp: 106/1734b lim: 3221 exec/s: 0 rss: 35Mb L: 24/34 MS: 3 InsertByte-ChangeBinInt-EraseBytes-
#392016	NEW    cov: 49 ft: 304 corp: 107/1750b lim: 3276 exec/s: 0 rss: 35Mb L: 16/34 MS: 1 ChangeBit-
#393772	NEW    cov: 49 ft: 305 corp: 108/1766b lim: 3287 exec/s: 0 rss: 35Mb L: 16/34 MS: 1 ChangeBit-
#394793	NEW    cov: 49 ft: 306 corp: 109/1782b lim: 3287 exec/s: 0 rss: 35Mb L: 16/34 MS: 1 ChangeByte-
#397115	NEW    cov: 49 ft: 309 corp: 110/1798b lim: 3309 exec/s: 0 rss: 35Mb L: 16/34 MS: 2 CrossOver-ChangeASCIIInt-
#402342	NEW    cov: 49 ft: 313 corp: 111/1814b lim: 3353 exec/s: 0 rss: 35Mb L: 16/34 MS: 2 ChangeByte-ChangeASCIIInt-
#407034	NEW    cov: 49 ft: 314 corp: 112/1830b lim: 3397 exec/s: 407034 rss: 35Mb L: 16/34 MS: 1 ChangeBinInt-
#409060	NEW    cov: 49 ft: 315 corp: 113/1846b lim: 3408 exec/s: 409060 rss: 35Mb L: 16/34 MS: 1 ChangeByte-
#411862	NEW    cov: 49 ft: 316 corp: 114/1862b lim: 3430 exec/s: 411862 rss: 35Mb L: 16/34 MS: 2 ChangeBit-ShuffleBytes-
#413453	NEW    cov: 49 ft: 317 corp: 115/1878b lim: 3441 exec/s: 413453 rss: 35Mb L: 16/34 MS: 1 ChangeASCIIInt-
#414440	NEW    cov: 49 ft: 318 corp: 116/1894b lim: 3441 exec/s: 414440 rss: 35Mb L: 16/34 MS: 2 ShuffleBytes-ChangeBit-
#417341	NEW    cov: 49 ft: 319 corp: 117/1910b lim: 3463 exec/s: 417341 rss: 35Mb L: 16/34 MS: 1 ChangeBit-
#418579	NEW    cov: 49 ft: 320 corp: 118/1926b lim: 3474 exec/s: 418579 rss: 35Mb L: 16/34 MS: 3 ChangeBit-CopyPart-ChangeASCIIInt-
#433660	NEW    cov: 49 ft: 324 corp: 119/1942b lim: 3617 exec/s: 433660 rss: 35Mb L: 16/34 MS: 1 ChangeByte-
#440426	NEW    cov: 49 ft: 325 corp: 120/1958b lim: 3683 exec/s: 440426 rss: 35Mb L: 16/34 MS: 1 ChangeBit-
#442448	NEW    cov: 49 ft: 326 corp: 121/1974b lim: 3694 exec/s: 442448 rss: 35Mb L: 16/34 MS: 2 ChangeByte-ChangeBinInt-
#450624	NEW    cov: 49 ft: 329 corp: 122/1990b lim: 3771 exec/s: 450624 rss: 35Mb L: 16/34 MS: 1 ChangeBit-
#454401	NEW    cov: 49 ft: 330 corp: 123/2006b lim: 3804 exec/s: 454401 rss: 35Mb L: 16/34 MS: 2 CopyPart-ChangeBit-
#471712	NEW    cov: 49 ft: 333 corp: 124/2022b lim: 3969 exec/s: 471712 rss: 35Mb L: 16/34 MS: 1 ChangeByte-
#474063	NEW    cov: 49 ft: 334 corp: 125/2038b lim: 3991 exec/s: 474063 rss: 35Mb L: 16/34 MS: 1 CrossOver-
#474999	NEW    cov: 49 ft: 335 corp: 126/2054b lim: 3991 exec/s: 474999 rss: 35Mb L: 16/34 MS: 1 ChangeBit-
#475215	NEW    cov: 49 ft: 336 corp: 127/2070b lim: 3991 exec/s: 475215 rss: 35Mb L: 16/34 MS: 1 ShuffleBytes-
#477846	NEW    cov: 49 ft: 337 corp: 128/2086b lim: 4013 exec/s: 477846 rss: 35Mb L: 16/34 MS: 1 CopyPart-
#504532	NEW    cov: 49 ft: 338 corp: 129/2102b lim: 4096 exec/s: 504532 rss: 35Mb L: 16/34 MS: 1 ChangeByte-
#584993	NEW    cov: 49 ft: 339 corp: 130/2118b lim: 4096 exec/s: 584993 rss: 35Mb L: 16/34 MS: 1 ChangeBinInt-
#586154	NEW    cov: 49 ft: 340 corp: 131/2134b lim: 4096 exec/s: 586154 rss: 35Mb L: 16/34 MS: 1 ShuffleBytes-
#597495	NEW    cov: 49 ft: 341 corp: 132/2150b lim: 4096 exec/s: 597495 rss: 35Mb L: 16/34 MS: 1 ShuffleBytes-
#599197	NEW    cov: 49 ft: 342 corp: 133/2166b lim: 4096 exec/s: 599197 rss: 35Mb L: 16/34 MS: 2 ChangeBinInt-ChangeASCIIInt-
#612108	NEW    cov: 49 ft: 343 corp: 134/2182b lim: 4096 exec/s: 612108 rss: 35Mb L: 16/34 MS: 1 ChangeBit-
#624444	NEW    cov: 49 ft: 344 corp: 135/2198b lim: 4096 exec/s: 624444 rss: 35Mb L: 16/34 MS: 1 ShuffleBytes-
#673416	REDUCE cov: 49 ft: 344 corp: 135/2196b lim: 4096 exec/s: 673416 rss: 36Mb L: 22/34 MS: 2 EraseBytes-ChangeBinInt-
#737267	NEW    cov: 49 ft: 345 corp: 136/2212b lim: 4096 exec/s: 737267 rss: 36Mb L: 16/34 MS: 1 CopyPart-
#740503	NEW    cov: 49 ft: 346 corp: 137/2228b lim: 4096 exec/s: 740503 rss: 36Mb L: 16/34 MS: 1 ChangeASCIIInt-
#749390	NEW    cov: 49 ft: 347 corp: 138/2244b lim: 4096 exec/s: 749390 rss: 36Mb L: 16/34 MS: 2 ChangeBinInt-ShuffleBytes-
#761666	NEW    cov: 49 ft: 348 corp: 139/2260b lim: 4096 exec/s: 761666 rss: 36Mb L: 16/34 MS: 1 ChangeBit-
#764087	NEW    cov: 49 ft: 349 corp: 140/2276b lim: 4096 exec/s: 764087 rss: 36Mb L: 16/34 MS: 1 ChangeBit-
#764789	NEW    cov: 49 ft: 350 corp: 141/2292b lim: 4096 exec/s: 764789 rss: 36Mb L: 16/34 MS: 2 ChangeBit-CopyPart-
#765760	NEW    cov: 49 ft: 351 corp: 142/2320b lim: 4096 exec/s: 765760 rss: 36Mb L: 28/34 MS: 1 CopyPart-
#770001	NEW    cov: 49 ft: 352 corp: 143/2336b lim: 4096 exec/s: 770001 rss: 36Mb L: 16/34 MS: 1 ChangeBinInt-
#795982	NEW    cov: 49 ft: 353 corp: 144/2352b lim: 4096 exec/s: 795982 rss: 36Mb L: 16/34 MS: 1 CopyPart-
#810513	NEW    cov: 49 ft: 354 corp: 145/2368b lim: 4096 exec/s: 810513 rss: 36Mb L: 16/34 MS: 1 CopyPart-
#810949	NEW    cov: 49 ft: 355 corp: 146/2384b lim: 4096 exec/s: 810949 rss: 36Mb L: 16/34 MS: 1 ChangeASCIIInt-
#811045	NEW    cov: 49 ft: 356 corp: 147/2400b lim: 4096 exec/s: 811045 rss: 36Mb L: 16/34 MS: 1 ChangeASCIIInt-
#811566	NEW    cov: 49 ft: 357 corp: 148/2416b lim: 4096 exec/s: 811566 rss: 36Mb L: 16/34 MS: 1 ChangeBit-
#812432	NEW    cov: 49 ft: 358 corp: 149/2432b lim: 4096 exec/s: 812432 rss: 36Mb L: 16/34 MS: 1 ChangeBit-
#814513	NEW    cov: 49 ft: 359 corp: 150/2448b lim: 4096 exec/s: 814513 rss: 36Mb L: 16/34 MS: 1 ChangeASCIIInt-
#814699	NEW    cov: 49 ft: 361 corp: 151/2464b lim: 4096 exec/s: 814699 rss: 36Mb L: 16/34 MS: 1 CrossOver-
#814800	NEW    cov: 49 ft: 362 corp: 152/2480b lim: 4096 exec/s: 814800 rss: 36Mb L: 16/34 MS: 1 ChangeASCIIInt-
#815101	NEW    cov: 49 ft: 363 corp: 153/2496b lim: 4096 exec/s: 815101 rss: 36Mb L: 16/34 MS: 1 ChangeASCIIInt-
#815182	NEW    cov: 49 ft: 365 corp: 154/2512b lim: 4096 exec/s: 815182 rss: 36Mb L: 16/34 MS: 1 ChangeASCIIInt-
#815779	NEW    cov: 49 ft: 366 corp: 155/2528b lim: 4096 exec/s: 815779 rss: 36Mb L: 16/34 MS: 2 ChangeBinInt-ChangeBit-
#816620	NEW    cov: 49 ft: 367 corp: 156/2544b lim: 4096 exec/s: 816620 rss: 36Mb L: 16/34 MS: 1 ChangeBinInt-
#816771	NEW    cov: 49 ft: 368 corp: 157/2560b lim: 4096 exec/s: 816771 rss: 36Mb L: 16/34 MS: 1 CopyPart-
#817182	NEW    cov: 49 ft: 369 corp: 158/2576b lim: 4096 exec/s: 817182 rss: 36Mb L: 16/34 MS: 1 ChangeASCIIInt-
#817498	NEW    cov: 49 ft: 370 corp: 159/2592b lim: 4096 exec/s: 817498 rss: 36Mb L: 16/34 MS: 1 ChangeASCIIInt-
#820340	NEW    cov: 49 ft: 371 corp: 160/2608b lim: 4096 exec/s: 820340 rss: 36Mb L: 16/34 MS: 2 ShuffleBytes-ChangeBit-
#824016	NEW    cov: 49 ft: 372 corp: 161/2624b lim: 4096 exec/s: 824016 rss: 36Mb L: 16/34 MS: 1 ShuffleBytes-
#826442	NEW    cov: 49 ft: 374 corp: 162/2652b lim: 4096 exec/s: 826442 rss: 36Mb L: 28/34 MS: 1 CopyPart-
panic: found special char in iban [recovered]
	panic: found special char in iban

goroutine 17 [running, locked to thread]:
git.ultraware.nl/iddinkgroep/fundament-api.Fuzz.func1()
	git.ultraware.nl/iddinkgroep/fundament-api/fuzz.go:19 +0xa5
panic({0x55f32c282760?, 0x55f32c295c70?})
	runtime/panic.go:914 +0x21f
git.ultraware.nl/iddinkgroep/fundament-api.Fuzz({0xc000014f30, 0x10})
	git.ultraware.nl/iddinkgroep/fundament-api/fuzz.go:34 +0x2b9
git.ultraware.nl/iddinkgroep/fundament-api.Fuzz_(...)
	git.ultraware.nl/iddinkgroep/fundament-api/fuzz.1527825026.go:6
main.LLVMFuzzerTestOneInput(...)
	./main.170485750.go:21
==26004== ERROR: libFuzzer: deadly signal
    #0 0x55f32c1a5630 in __sanitizer_print_stack_trace (/seedai/experiments/libfuzzer/source_iban/libfuzzer+0xaf630) (BuildId: 688cb25bec4564588da2a67f6a2b25148a0fd5d4)
    #1 0x55f32c171755 in fuzzer::PrintStackTrace() (/seedai/experiments/libfuzzer/source_iban/libfuzzer+0x7b755) (BuildId: 688cb25bec4564588da2a67f6a2b25148a0fd5d4)
    #2 0x55f32c1503a9 in fuzzer::Fuzzer::CrashCallback() (.part.0) FuzzerLoop.cpp.o
    #3 0x55f32c15046a in fuzzer::Fuzzer::StaticCrashSignalCallback() (/seedai/experiments/libfuzzer/source_iban/libfuzzer+0x5a46a) (BuildId: 688cb25bec4564588da2a67f6a2b25148a0fd5d4)
    #4 0x7f77741c970f  (/usr/lib/libc.so.6+0x3e70f) (BuildId: 316d0d3666387f0e8fb98773f51aa1801027c5ab)
    #5 0x55f32c205160 in runtime.raise.abi0 runtime/sys_linux_amd64.s:153

NOTE: libFuzzer has rudimentary signal handlers.
      Combine libFuzzer with AddressSanitizer or similar for better crash reports.
SUMMARY: libFuzzer: deadly signal
MS: 1 CrossOver-; base unit: f71ba1f3280d88603ed889cb3995b9b5143c7bcd
0x62,0x65,0x6c,0x6d,0x2d,0x30,0x30,0x30,0x30,0x30,0x30,0x30,0x30,0x31,0x6d,0x36,
belm-000000001m6
artifact_prefix='./'; Test unit written to ./crash-de83ac63eff00117ba4a50fa870cd7eb5a10541a
Base64: YmVsbS0wMDAwMDAwMDFtNg==
