INFO: Running with entropic power schedule (0xFF, 100).
INFO: Seed: 3582084765
INFO: Loaded 1 modules   (70 inline 8-bit counters): 70 [0x55a00e48e030, 0x55a00e48e076), 
INFO: Loaded 1 PC tables (70 PCs): 70 [0xc000068000,0xc000068460), 
INFO:       32 files found in corpus
INFO: -max_len is not provided; libFuzzer will not generate inputs larger than 4096 bytes
INFO: seed corpus: files: 32 min: 1b max: 33b total: 528b rss: 29Mb
#33	INITED cov: 11 ft: 38 corp: 15/226b exec/s: 0 rss: 29Mb
#77	NEW    cov: 11 ft: 39 corp: 16/240b lim: 33 exec/s: 0 rss: 29Mb L: 14/33 MS: 4 ChangeBit-CrossOver-InsertRepeatedBytes-CrossOver-
#885	NEW    cov: 11 ft: 41 corp: 17/274b lim: 38 exec/s: 0 rss: 30Mb L: 34/34 MS: 3 CopyPart-ChangeByte-InsertRepeatedBytes-
#7449	NEW    cov: 13 ft: 47 corp: 18/290b lim: 98 exec/s: 0 rss: 31Mb L: 16/34 MS: 4 ChangeByte-ChangeBit-ChangeByte-InsertRepeatedBytes-
#7505	NEW    cov: 13 ft: 49 corp: 19/317b lim: 98 exec/s: 0 rss: 31Mb L: 27/34 MS: 1 CopyPart-
#7506	NEW    cov: 13 ft: 50 corp: 20/342b lim: 98 exec/s: 0 rss: 31Mb L: 25/34 MS: 1 CrossOver-
#7558	NEW    cov: 13 ft: 51 corp: 21/365b lim: 98 exec/s: 0 rss: 31Mb L: 23/34 MS: 2 CrossOver-EraseBytes-
#7745	NEW    cov: 13 ft: 52 corp: 22/382b lim: 98 exec/s: 0 rss: 31Mb L: 17/34 MS: 2 CrossOver-CrossOver-
#7818	NEW    cov: 13 ft: 53 corp: 23/399b lim: 98 exec/s: 0 rss: 31Mb L: 17/34 MS: 3 ChangeASCIIInt-CopyPart-InsertByte-
#7869	NEW    cov: 25 ft: 93 corp: 24/417b lim: 98 exec/s: 0 rss: 31Mb L: 18/34 MS: 1 InsertByte-
#7877	NEW    cov: 25 ft: 97 corp: 25/435b lim: 98 exec/s: 0 rss: 31Mb L: 18/34 MS: 3 ChangeASCIIInt-CopyPart-InsertByte-
#8138	NEW    cov: 30 ft: 114 corp: 26/453b lim: 98 exec/s: 0 rss: 31Mb L: 18/34 MS: 1 InsertByte-
#8148	NEW    cov: 30 ft: 115 corp: 27/470b lim: 98 exec/s: 0 rss: 31Mb L: 17/34 MS: 5 CrossOver-ChangeBit-InsertRepeatedBytes-CrossOver-InsertRepeatedBytes-
#8187	NEW    cov: 30 ft: 118 corp: 28/488b lim: 98 exec/s: 0 rss: 31Mb L: 18/34 MS: 4 ShuffleBytes-ChangeASCIIInt-ShuffleBytes-CMP- DE: "\000\000\000\000\000\000\000\024"-
#8208	NEW    cov: 30 ft: 120 corp: 29/506b lim: 98 exec/s: 0 rss: 31Mb L: 18/34 MS: 1 ChangeBit-
#8215	NEW    cov: 30 ft: 124 corp: 30/524b lim: 98 exec/s: 0 rss: 31Mb L: 18/34 MS: 2 ChangeASCIIInt-ChangeBit-
#8250	NEW    cov: 30 ft: 125 corp: 31/557b lim: 98 exec/s: 0 rss: 31Mb L: 33/34 MS: 5 CrossOver-CMP-ChangeASCIIInt-ChangeBit-CopyPart- DE: "\001\000\000\000"-
#8307	NEW    cov: 30 ft: 127 corp: 32/575b lim: 98 exec/s: 0 rss: 31Mb L: 18/34 MS: 2 CopyPart-ChangeByte-
#8339	NEW    cov: 30 ft: 140 corp: 33/593b lim: 98 exec/s: 0 rss: 31Mb L: 18/34 MS: 2 ShuffleBytes-CopyPart-
#8390	NEW    cov: 30 ft: 142 corp: 34/611b lim: 98 exec/s: 0 rss: 31Mb L: 18/34 MS: 1 PersAutoDict- DE: "\001\000\000\000"-
#8486	NEW    cov: 30 ft: 143 corp: 35/629b lim: 98 exec/s: 0 rss: 31Mb L: 18/34 MS: 1 PersAutoDict- DE: "\000\000\000\000\000\000\000\024"-
#8675	NEW    cov: 30 ft: 145 corp: 36/647b lim: 98 exec/s: 0 rss: 31Mb L: 18/34 MS: 4 ChangeByte-ChangeASCIIInt-ChangeBit-ChangeByte-
#8722	NEW    cov: 30 ft: 147 corp: 37/665b lim: 98 exec/s: 0 rss: 31Mb L: 18/34 MS: 2 ChangeASCIIInt-CrossOver-
#8839	NEW    cov: 30 ft: 155 corp: 38/683b lim: 98 exec/s: 0 rss: 31Mb L: 18/34 MS: 2 ShuffleBytes-CMP- DE: "\006\000\000\000\000\000\000\000"-
#8880	NEW    cov: 30 ft: 156 corp: 39/701b lim: 98 exec/s: 0 rss: 31Mb L: 18/34 MS: 1 ChangeBit-
#8956	NEW    cov: 30 ft: 158 corp: 40/719b lim: 98 exec/s: 0 rss: 31Mb L: 18/34 MS: 1 ChangeBinInt-
#9197	NEW    cov: 30 ft: 159 corp: 41/737b lim: 98 exec/s: 0 rss: 31Mb L: 18/34 MS: 1 ChangeBinInt-
#9228	NEW    cov: 30 ft: 161 corp: 42/755b lim: 98 exec/s: 0 rss: 31Mb L: 18/34 MS: 1 ChangeBit-
#9359	NEW    cov: 30 ft: 163 corp: 43/773b lim: 98 exec/s: 0 rss: 31Mb L: 18/34 MS: 1 ChangeBit-
#9365	NEW    cov: 30 ft: 164 corp: 44/791b lim: 98 exec/s: 0 rss: 31Mb L: 18/34 MS: 1 ChangeBit-
#9416	NEW    cov: 30 ft: 165 corp: 45/809b lim: 98 exec/s: 0 rss: 31Mb L: 18/34 MS: 1 ChangeBinInt-
#9530	REDUCE cov: 30 ft: 165 corp: 45/806b lim: 98 exec/s: 0 rss: 31Mb L: 15/34 MS: 4 CMP-PersAutoDict-ChangeBinInt-EraseBytes- DE: "\001\000\000\000"-"\001\000\000\000"-
#9557	NEW    cov: 30 ft: 168 corp: 46/824b lim: 98 exec/s: 0 rss: 31Mb L: 18/34 MS: 2 ChangeByte-ChangeBinInt-
#9737	NEW    cov: 30 ft: 169 corp: 47/844b lim: 98 exec/s: 0 rss: 31Mb L: 20/34 MS: 5 ChangeBinInt-EraseBytes-PersAutoDict-CMP-CopyPart- DE: "\001\000\000\000"-"\000\000\000\000"-
#9743	NEW    cov: 30 ft: 171 corp: 48/862b lim: 98 exec/s: 0 rss: 31Mb L: 18/34 MS: 1 ChangeBit-
#9935	NEW    cov: 30 ft: 172 corp: 49/881b lim: 98 exec/s: 0 rss: 31Mb L: 19/34 MS: 2 InsertByte-ChangeBit-
#10092	NEW    cov: 30 ft: 174 corp: 50/899b lim: 98 exec/s: 0 rss: 31Mb L: 18/34 MS: 2 ShuffleBytes-ChangeByte-
#10283	NEW    cov: 30 ft: 175 corp: 51/917b lim: 98 exec/s: 0 rss: 31Mb L: 18/34 MS: 1 ChangeByte-
#10284	NEW    cov: 30 ft: 176 corp: 52/935b lim: 98 exec/s: 0 rss: 31Mb L: 18/34 MS: 1 ChangeBit-
#10350	NEW    cov: 30 ft: 178 corp: 53/953b lim: 98 exec/s: 0 rss: 31Mb L: 18/34 MS: 1 ChangeByte-
#10863	NEW    cov: 30 ft: 179 corp: 54/971b lim: 98 exec/s: 0 rss: 31Mb L: 18/34 MS: 3 CopyPart-ShuffleBytes-ShuffleBytes-
#11134	NEW    cov: 30 ft: 180 corp: 55/991b lim: 98 exec/s: 0 rss: 32Mb L: 20/34 MS: 1 ChangeByte-
#11265	NEW    cov: 30 ft: 182 corp: 56/1009b lim: 98 exec/s: 0 rss: 32Mb L: 18/34 MS: 1 ChangeBit-
#11561	REDUCE cov: 30 ft: 182 corp: 56/1008b lim: 98 exec/s: 0 rss: 32Mb L: 18/34 MS: 1 EraseBytes-
#11723	NEW    cov: 30 ft: 183 corp: 57/1026b lim: 98 exec/s: 0 rss: 32Mb L: 18/34 MS: 2 ChangeBit-ChangeByte-
#11780	NEW    cov: 30 ft: 184 corp: 58/1044b lim: 98 exec/s: 0 rss: 32Mb L: 18/34 MS: 2 EraseBytes-CopyPart-
#11910	REDUCE cov: 30 ft: 184 corp: 58/1042b lim: 98 exec/s: 0 rss: 32Mb L: 16/34 MS: 5 CopyPart-ChangeBit-CrossOver-EraseBytes-InsertByte-
#12036	NEW    cov: 30 ft: 186 corp: 59/1060b lim: 98 exec/s: 0 rss: 32Mb L: 18/34 MS: 1 ChangeByte-
#12559	NEW    cov: 30 ft: 187 corp: 60/1078b lim: 98 exec/s: 0 rss: 32Mb L: 18/34 MS: 3 ChangeASCIIInt-ChangeBinInt-ChangeByte-
#12812	NEW    cov: 32 ft: 197 corp: 61/1098b lim: 98 exec/s: 0 rss: 32Mb L: 20/34 MS: 3 ChangeASCIIInt-ChangeByte-EraseBytes-
#13204	NEW    cov: 32 ft: 201 corp: 62/1118b lim: 98 exec/s: 0 rss: 32Mb L: 20/34 MS: 2 InsertByte-CopyPart-
#13360	NEW    cov: 32 ft: 202 corp: 63/1138b lim: 98 exec/s: 0 rss: 32Mb L: 20/34 MS: 1 ChangeBit-
#13644	NEW    cov: 32 ft: 204 corp: 64/1156b lim: 98 exec/s: 0 rss: 32Mb L: 18/34 MS: 4 InsertByte-ShuffleBytes-CrossOver-EraseBytes-
#14035	NEW    cov: 32 ft: 206 corp: 65/1176b lim: 98 exec/s: 0 rss: 32Mb L: 20/34 MS: 1 ChangeBit-
#14121	NEW    cov: 32 ft: 207 corp: 66/1196b lim: 98 exec/s: 0 rss: 32Mb L: 20/34 MS: 1 CopyPart-
#14527	NEW    cov: 32 ft: 208 corp: 67/1216b lim: 98 exec/s: 0 rss: 32Mb L: 20/34 MS: 1 ChangeByte-
#14804	REDUCE cov: 32 ft: 208 corp: 67/1214b lim: 98 exec/s: 0 rss: 32Mb L: 16/34 MS: 2 EraseBytes-ChangeBinInt-
#14831	NEW    cov: 32 ft: 209 corp: 68/1232b lim: 98 exec/s: 0 rss: 32Mb L: 18/34 MS: 2 ChangeBit-ChangeByte-
#14891	REDUCE cov: 32 ft: 209 corp: 68/1230b lim: 98 exec/s: 0 rss: 32Mb L: 16/34 MS: 5 CrossOver-ChangeBit-EraseBytes-ChangeASCIIInt-CMP- DE: "\000\000"-
#14903	REDUCE cov: 32 ft: 209 corp: 68/1228b lim: 98 exec/s: 0 rss: 32Mb L: 16/34 MS: 2 EraseBytes-ChangeBinInt-
#15333	REDUCE cov: 32 ft: 209 corp: 68/1222b lim: 98 exec/s: 0 rss: 32Mb L: 19/34 MS: 5 ChangeBinInt-CrossOver-ChangeBit-ShuffleBytes-InsertByte-
#15699	NEW    cov: 32 ft: 210 corp: 69/1242b lim: 98 exec/s: 0 rss: 32Mb L: 20/34 MS: 1 ChangeByte-
#16151	REDUCE cov: 32 ft: 210 corp: 69/1240b lim: 98 exec/s: 0 rss: 33Mb L: 16/34 MS: 2 CopyPart-EraseBytes-
#17195	REDUCE cov: 32 ft: 210 corp: 69/1238b lim: 104 exec/s: 0 rss: 33Mb L: 16/34 MS: 4 EraseBytes-ChangeByte-EraseBytes-ChangeBinInt-
#17436	REDUCE cov: 32 ft: 211 corp: 70/1253b lim: 104 exec/s: 0 rss: 33Mb L: 15/34 MS: 1 CrossOver-
#17592	NEW    cov: 32 ft: 212 corp: 71/1273b lim: 104 exec/s: 0 rss: 33Mb L: 20/34 MS: 1 ChangeBinInt-
#17610	NEW    cov: 33 ft: 213 corp: 72/1293b lim: 104 exec/s: 0 rss: 33Mb L: 20/34 MS: 3 CopyPart-ShuffleBytes-ChangeBinInt-
#17746	REDUCE cov: 33 ft: 213 corp: 72/1292b lim: 104 exec/s: 0 rss: 33Mb L: 15/34 MS: 1 EraseBytes-
#17997	NEW    cov: 33 ft: 215 corp: 73/1310b lim: 104 exec/s: 0 rss: 33Mb L: 18/34 MS: 1 ChangeASCIIInt-
#18262	REDUCE cov: 33 ft: 216 corp: 74/1326b lim: 104 exec/s: 0 rss: 33Mb L: 16/34 MS: 5 ChangeBit-ChangeByte-CopyPart-ChangeByte-ChangeBinInt-
#18819	NEW    cov: 33 ft: 217 corp: 75/1346b lim: 104 exec/s: 0 rss: 33Mb L: 20/34 MS: 2 ChangeByte-ChangeByte-
#20010	NEW    cov: 33 ft: 219 corp: 76/1364b lim: 110 exec/s: 0 rss: 33Mb L: 18/34 MS: 1 ChangeASCIIInt-
#21591	NEW    cov: 33 ft: 220 corp: 77/1384b lim: 122 exec/s: 0 rss: 34Mb L: 20/34 MS: 1 ChangeByte-
#23537	NEW    cov: 33 ft: 222 corp: 78/1402b lim: 135 exec/s: 0 rss: 34Mb L: 18/34 MS: 1 ChangeByte-
#24733	NEW    cov: 33 ft: 225 corp: 79/1420b lim: 142 exec/s: 0 rss: 34Mb L: 18/34 MS: 1 CopyPart-
#25954	NEW    cov: 33 ft: 226 corp: 80/1440b lim: 149 exec/s: 0 rss: 35Mb L: 20/34 MS: 1 ChangeBit-
#27150	NEW    cov: 33 ft: 228 corp: 81/1458b lim: 156 exec/s: 0 rss: 35Mb L: 18/34 MS: 1 ChangeBit-
#27533	REDUCE cov: 33 ft: 228 corp: 81/1456b lim: 156 exec/s: 0 rss: 35Mb L: 16/34 MS: 3 ChangeByte-ChangeBit-EraseBytes-
#28204	NEW    cov: 46 ft: 274 corp: 82/1476b lim: 156 exec/s: 0 rss: 35Mb L: 20/34 MS: 1 ChangeASCIIInt-
#28512	NEW    cov: 46 ft: 276 corp: 83/1494b lim: 156 exec/s: 0 rss: 35Mb L: 18/34 MS: 3 ChangeByte-ChangeByte-CopyPart-
#32878	NEW    cov: 47 ft: 285 corp: 84/1514b lim: 198 exec/s: 0 rss: 35Mb L: 20/34 MS: 1 ChangeBit-
#33949	NEW    cov: 47 ft: 287 corp: 85/1532b lim: 205 exec/s: 0 rss: 35Mb L: 18/34 MS: 1 ChangeByte-
#34126	REDUCE cov: 47 ft: 287 corp: 85/1531b lim: 205 exec/s: 0 rss: 35Mb L: 18/34 MS: 2 EraseBytes-CMP- DE: "\377\377\377\377"-
#35086	REDUCE cov: 47 ft: 287 corp: 85/1525b lim: 212 exec/s: 0 rss: 35Mb L: 17/34 MS: 5 ChangeBit-InsertByte-InsertByte-ChangeASCIIInt-EraseBytes-
#37014	NEW    cov: 48 ft: 290 corp: 86/1545b lim: 226 exec/s: 0 rss: 35Mb L: 20/34 MS: 3 ChangeByte-CopyPart-ChangeByte-
#37221	REDUCE cov: 48 ft: 291 corp: 87/1561b lim: 226 exec/s: 0 rss: 35Mb L: 16/34 MS: 2 ChangeByte-ChangeBinInt-
#40347	NEW    cov: 48 ft: 293 corp: 88/1581b lim: 254 exec/s: 0 rss: 35Mb L: 20/34 MS: 1 ChangeBit-
#40563	NEW    cov: 48 ft: 295 corp: 89/1599b lim: 254 exec/s: 0 rss: 35Mb L: 18/34 MS: 1 ShuffleBytes-
#41870	REDUCE cov: 48 ft: 295 corp: 89/1597b lim: 261 exec/s: 0 rss: 36Mb L: 16/34 MS: 2 CrossOver-EraseBytes-
#41976	NEW    cov: 48 ft: 296 corp: 90/1617b lim: 261 exec/s: 0 rss: 36Mb L: 20/34 MS: 1 ChangeBit-
#43127	NEW    cov: 48 ft: 297 corp: 91/1637b lim: 269 exec/s: 0 rss: 36Mb L: 20/34 MS: 1 ChangeByte-
#44193	NEW    cov: 48 ft: 298 corp: 92/1653b lim: 277 exec/s: 0 rss: 36Mb L: 16/34 MS: 1 ChangeBit-
#44526	REDUCE cov: 48 ft: 298 corp: 92/1652b lim: 277 exec/s: 0 rss: 36Mb L: 19/34 MS: 3 CrossOver-ShuffleBytes-EraseBytes-
#45165	NEW    cov: 48 ft: 300 corp: 93/1672b lim: 277 exec/s: 0 rss: 36Mb L: 20/34 MS: 4 InsertByte-ChangeByte-ChangeByte-InsertByte-
#46836	NEW    cov: 48 ft: 302 corp: 94/1692b lim: 293 exec/s: 0 rss: 36Mb L: 20/34 MS: 1 CrossOver-
#47244	REDUCE cov: 48 ft: 302 corp: 94/1691b lim: 293 exec/s: 0 rss: 36Mb L: 16/34 MS: 3 ChangeByte-PersAutoDict-EraseBytes- DE: "\377\377\377\377"-
#48393	REDUCE cov: 48 ft: 302 corp: 94/1688b lim: 301 exec/s: 0 rss: 36Mb L: 16/34 MS: 4 ShuffleBytes-InsertByte-ChangeBit-EraseBytes-
#49303	REDUCE cov: 48 ft: 302 corp: 94/1684b lim: 309 exec/s: 0 rss: 36Mb L: 23/34 MS: 5 CrossOver-PersAutoDict-PersAutoDict-CopyPart-PersAutoDict- DE: "\000\000\000\000"-"\377\377\377\377"-"\000\000\000\000"-
#50220	NEW    cov: 48 ft: 304 corp: 95/1702b lim: 317 exec/s: 0 rss: 36Mb L: 18/34 MS: 2 ChangeASCIIInt-ChangeBit-
#50397	NEW    cov: 48 ft: 306 corp: 96/1722b lim: 317 exec/s: 0 rss: 36Mb L: 20/34 MS: 2 ChangeBit-ChangeByte-
#50927	REDUCE cov: 48 ft: 306 corp: 96/1720b lim: 317 exec/s: 0 rss: 36Mb L: 15/34 MS: 5 CopyPart-EraseBytes-PersAutoDict-CopyPart-EraseBytes- DE: "\001\000\000\000"-
#51408	NEW    cov: 48 ft: 307 corp: 97/1740b lim: 317 exec/s: 0 rss: 36Mb L: 20/34 MS: 1 CopyPart-
#59014	REDUCE cov: 48 ft: 307 corp: 97/1739b lim: 389 exec/s: 0 rss: 36Mb L: 15/34 MS: 1 EraseBytes-
#59537	NEW    cov: 49 ft: 312 corp: 98/1757b lim: 389 exec/s: 0 rss: 36Mb L: 18/34 MS: 3 ShuffleBytes-ChangeASCIIInt-ChangeByte-
#59703	NEW    cov: 49 ft: 313 corp: 99/1775b lim: 389 exec/s: 0 rss: 36Mb L: 18/34 MS: 1 CrossOver-
#62830	NEW    cov: 49 ft: 314 corp: 100/1793b lim: 413 exec/s: 0 rss: 36Mb L: 18/34 MS: 2 ChangeBinInt-ChangeASCIIInt-
#63706	REDUCE cov: 49 ft: 314 corp: 100/1792b lim: 421 exec/s: 0 rss: 36Mb L: 15/34 MS: 1 EraseBytes-
#63972	NEW    cov: 49 ft: 315 corp: 101/1812b lim: 421 exec/s: 0 rss: 36Mb L: 20/34 MS: 1 ChangeBit-
#64643	NEW    cov: 49 ft: 316 corp: 102/1830b lim: 421 exec/s: 0 rss: 36Mb L: 18/34 MS: 1 ChangeBit-
#64891	NEW    cov: 49 ft: 317 corp: 103/1850b lim: 421 exec/s: 0 rss: 36Mb L: 20/34 MS: 3 ShuffleBytes-ShuffleBytes-ChangeBit-
#65472	NEW    cov: 49 ft: 318 corp: 104/1868b lim: 421 exec/s: 0 rss: 36Mb L: 18/34 MS: 1 ChangeBit-
#65548	NEW    cov: 49 ft: 319 corp: 105/1886b lim: 421 exec/s: 0 rss: 36Mb L: 18/34 MS: 1 ChangeBit-
#65899	NEW    cov: 49 ft: 320 corp: 106/1904b lim: 421 exec/s: 0 rss: 36Mb L: 18/34 MS: 1 ShuffleBytes-
#66030	NEW    cov: 49 ft: 321 corp: 107/1922b lim: 421 exec/s: 0 rss: 36Mb L: 18/34 MS: 1 ChangeBit-
#68961	NEW    cov: 49 ft: 322 corp: 108/1940b lim: 445 exec/s: 0 rss: 36Mb L: 18/34 MS: 1 ShuffleBytes-
#71262	NEW    cov: 49 ft: 323 corp: 109/1958b lim: 461 exec/s: 0 rss: 36Mb L: 18/34 MS: 1 ChangeASCIIInt-
#72464	REDUCE cov: 49 ft: 323 corp: 109/1954b lim: 469 exec/s: 0 rss: 36Mb L: 19/34 MS: 2 EraseBytes-InsertByte-
#72611	NEW    cov: 49 ft: 324 corp: 110/1972b lim: 469 exec/s: 0 rss: 36Mb L: 18/34 MS: 2 PersAutoDict-EraseBytes- DE: "\001\000\000\000"-
#73343	NEW    cov: 49 ft: 325 corp: 111/1990b lim: 469 exec/s: 0 rss: 36Mb L: 18/34 MS: 2 ShuffleBytes-ShuffleBytes-
#74229	NEW    cov: 49 ft: 326 corp: 112/2008b lim: 477 exec/s: 0 rss: 36Mb L: 18/34 MS: 1 ShuffleBytes-
#74520	NEW    cov: 49 ft: 327 corp: 113/2028b lim: 477 exec/s: 0 rss: 36Mb L: 20/34 MS: 1 CopyPart-
#78631	NEW    cov: 49 ft: 328 corp: 114/2046b lim: 517 exec/s: 0 rss: 36Mb L: 18/34 MS: 1 ChangeBinInt-
#79062	NEW    cov: 49 ft: 329 corp: 115/2064b lim: 517 exec/s: 0 rss: 36Mb L: 18/34 MS: 1 ChangeBit-
#79204	NEW    cov: 49 ft: 330 corp: 116/2082b lim: 517 exec/s: 0 rss: 36Mb L: 18/34 MS: 2 ShuffleBytes-ShuffleBytes-
#79508	REDUCE cov: 49 ft: 330 corp: 116/2079b lim: 517 exec/s: 0 rss: 36Mb L: 15/34 MS: 4 CrossOver-EraseBytes-ChangeBinInt-ChangeBit-
#80944	NEW    cov: 49 ft: 331 corp: 117/2097b lim: 526 exec/s: 0 rss: 36Mb L: 18/34 MS: 1 ShuffleBytes-
#84035	NEW    cov: 49 ft: 332 corp: 118/2115b lim: 553 exec/s: 0 rss: 36Mb L: 18/34 MS: 1 ChangeASCIIInt-
#85781	NEW    cov: 49 ft: 337 corp: 119/2135b lim: 562 exec/s: 0 rss: 36Mb L: 20/34 MS: 1 ChangeBinInt-
#87862	NEW    cov: 49 ft: 338 corp: 120/2153b lim: 580 exec/s: 0 rss: 36Mb L: 18/34 MS: 1 ShuffleBytes-
#95259	REDUCE cov: 49 ft: 338 corp: 120/2151b lim: 652 exec/s: 0 rss: 36Mb L: 16/34 MS: 2 ChangeBit-EraseBytes-
#96950	NEW    cov: 49 ft: 339 corp: 121/2169b lim: 661 exec/s: 0 rss: 36Mb L: 18/34 MS: 1 ChangeBit-
#98211	NEW    cov: 49 ft: 340 corp: 122/2187b lim: 670 exec/s: 0 rss: 36Mb L: 18/34 MS: 1 ShuffleBytes-
#98953	NEW    cov: 49 ft: 341 corp: 123/2205b lim: 670 exec/s: 0 rss: 36Mb L: 18/34 MS: 2 ChangeBit-ChangeASCIIInt-
#99014	NEW    cov: 49 ft: 345 corp: 124/2225b lim: 670 exec/s: 0 rss: 36Mb L: 20/34 MS: 1 ChangeByte-
#99070	NEW    cov: 49 ft: 346 corp: 125/2243b lim: 670 exec/s: 0 rss: 36Mb L: 18/34 MS: 1 ChangeASCIIInt-
#99157	NEW    cov: 49 ft: 347 corp: 126/2261b lim: 670 exec/s: 0 rss: 36Mb L: 18/34 MS: 2 ShuffleBytes-ChangeASCIIInt-
#100889	REDUCE cov: 49 ft: 347 corp: 126/2259b lim: 679 exec/s: 0 rss: 36Mb L: 16/34 MS: 2 EraseBytes-InsertByte-
#102420	NEW    cov: 49 ft: 348 corp: 127/2277b lim: 688 exec/s: 0 rss: 36Mb L: 18/34 MS: 1 ChangeByte-
#103166	NEW    cov: 49 ft: 349 corp: 128/2295b lim: 688 exec/s: 0 rss: 36Mb L: 18/34 MS: 1 ChangeBinInt-
#103707	NEW    cov: 49 ft: 350 corp: 129/2313b lim: 688 exec/s: 0 rss: 36Mb L: 18/34 MS: 1 ShuffleBytes-
#104616	REDUCE cov: 49 ft: 350 corp: 129/2312b lim: 697 exec/s: 0 rss: 36Mb L: 32/34 MS: 4 ChangeASCIIInt-ChangeBit-ChangeBinInt-EraseBytes-
#106673	NEW    cov: 49 ft: 351 corp: 130/2332b lim: 715 exec/s: 0 rss: 36Mb L: 20/34 MS: 2 PersAutoDict-CrossOver- DE: "\000\000\000\000\000\000\000\024"-
#110079	NEW    cov: 49 ft: 352 corp: 131/2352b lim: 742 exec/s: 0 rss: 36Mb L: 20/34 MS: 1 ChangeBit-
#113576	NEW    cov: 49 ft: 353 corp: 132/2370b lim: 769 exec/s: 0 rss: 36Mb L: 18/34 MS: 2 ChangeASCIIInt-ShuffleBytes-
#116222	NEW    cov: 49 ft: 355 corp: 133/2388b lim: 787 exec/s: 0 rss: 36Mb L: 18/34 MS: 1 CopyPart-
#116368	NEW    cov: 49 ft: 356 corp: 134/2406b lim: 787 exec/s: 0 rss: 36Mb L: 18/34 MS: 1 ChangeASCIIInt-
#116529	NEW    cov: 49 ft: 358 corp: 135/2424b lim: 787 exec/s: 0 rss: 36Mb L: 18/34 MS: 1 ChangeASCIIInt-
#117220	NEW    cov: 49 ft: 359 corp: 136/2442b lim: 787 exec/s: 0 rss: 36Mb L: 18/34 MS: 1 ChangeBinInt-
#117241	NEW    cov: 49 ft: 360 corp: 137/2460b lim: 787 exec/s: 0 rss: 36Mb L: 18/34 MS: 1 ShuffleBytes-
#119592	NEW    cov: 49 ft: 361 corp: 138/2480b lim: 805 exec/s: 0 rss: 36Mb L: 20/34 MS: 1 CrossOver-
#119903	NEW    cov: 49 ft: 362 corp: 139/2498b lim: 805 exec/s: 0 rss: 36Mb L: 18/34 MS: 1 ChangeASCIIInt-
#120059	NEW    cov: 49 ft: 363 corp: 140/2516b lim: 805 exec/s: 0 rss: 36Mb L: 18/34 MS: 1 ChangeByte-
#121180	NEW    cov: 49 ft: 364 corp: 141/2534b lim: 814 exec/s: 0 rss: 36Mb L: 18/34 MS: 1 ShuffleBytes-
#121612	NEW    cov: 49 ft: 367 corp: 142/2554b lim: 814 exec/s: 0 rss: 36Mb L: 20/34 MS: 2 CopyPart-ChangeBinInt-
#122105	NEW    cov: 49 ft: 368 corp: 143/2572b lim: 814 exec/s: 0 rss: 36Mb L: 18/34 MS: 3 CrossOver-ChangeBinInt-ChangeBinInt-
#122866	NEW    cov: 49 ft: 369 corp: 144/2590b lim: 814 exec/s: 0 rss: 36Mb L: 18/34 MS: 1 CopyPart-
#123408	NEW    cov: 49 ft: 370 corp: 145/2608b lim: 814 exec/s: 0 rss: 36Mb L: 18/34 MS: 2 ChangeBinInt-ShuffleBytes-
#124454	NEW    cov: 49 ft: 371 corp: 146/2626b lim: 823 exec/s: 0 rss: 36Mb L: 18/34 MS: 1 ChangeASCIIInt-
#125187	REDUCE cov: 49 ft: 371 corp: 146/2621b lim: 823 exec/s: 0 rss: 36Mb L: 27/34 MS: 3 PersAutoDict-ChangeASCIIInt-EraseBytes- DE: "\000\000"-
#126168	NEW    cov: 49 ft: 372 corp: 147/2639b lim: 832 exec/s: 0 rss: 36Mb L: 18/34 MS: 1 ChangeASCIIInt-
#130834	NEW    cov: 49 ft: 373 corp: 148/2657b lim: 877 exec/s: 0 rss: 36Mb L: 18/34 MS: 1 ChangeASCIIInt-
#147310	NEW    cov: 49 ft: 374 corp: 149/2675b lim: 1040 exec/s: 0 rss: 36Mb L: 18/34 MS: 1 ChangeASCIIInt-
#160005	REDUCE cov: 49 ft: 374 corp: 149/2673b lim: 1160 exec/s: 0 rss: 36Mb L: 17/34 MS: 5 EraseBytes-PersAutoDict-ChangeBit-CopyPart-CopyPart- DE: "\377\377\377\377"-
#170923	REDUCE cov: 49 ft: 374 corp: 149/2671b lim: 1260 exec/s: 0 rss: 36Mb L: 25/34 MS: 3 EraseBytes-ShuffleBytes-InsertByte-
#175028	REDUCE cov: 49 ft: 374 corp: 149/2669b lim: 1300 exec/s: 0 rss: 36Mb L: 23/34 MS: 5 CrossOver-CrossOver-ChangeByte-InsertByte-EraseBytes-
#176124	NEW    cov: 49 ft: 378 corp: 150/2689b lim: 1310 exec/s: 0 rss: 36Mb L: 20/34 MS: 1 ChangeByte-
#177729	REDUCE cov: 49 ft: 378 corp: 150/2687b lim: 1320 exec/s: 0 rss: 36Mb L: 16/34 MS: 5 EraseBytes-ShuffleBytes-ChangeBinInt-ChangeBinInt-InsertByte-
#184177	NEW    cov: 49 ft: 383 corp: 151/2707b lim: 1380 exec/s: 0 rss: 36Mb L: 20/34 MS: 3 CrossOver-ChangeASCIIInt-ChangeByte-
#252215	REDUCE cov: 49 ft: 383 corp: 151/2705b lim: 2050 exec/s: 0 rss: 36Mb L: 16/34 MS: 3 InsertByte-ShuffleBytes-EraseBytes-
#254218	REDUCE cov: 49 ft: 383 corp: 151/2703b lim: 2061 exec/s: 0 rss: 36Mb L: 16/34 MS: 3 EraseBytes-EraseBytes-ChangeByte-
#257444	REDUCE cov: 49 ft: 383 corp: 151/2701b lim: 2083 exec/s: 0 rss: 36Mb L: 15/34 MS: 1 EraseBytes-
#258140	NEW    cov: 49 ft: 386 corp: 152/2721b lim: 2083 exec/s: 0 rss: 36Mb L: 20/34 MS: 1 CrossOver-
#283850	REDUCE cov: 49 ft: 386 corp: 152/2719b lim: 2336 exec/s: 0 rss: 36Mb L: 16/34 MS: 5 ChangeBinInt-PersAutoDict-ChangeByte-ChangeBinInt-EraseBytes- DE: "\000\000"-
#355615	REDUCE cov: 49 ft: 386 corp: 152/2717b lim: 3040 exec/s: 0 rss: 36Mb L: 16/34 MS: 5 ChangeBit-EraseBytes-CrossOver-ChangeASCIIInt-InsertByte-
#378904	REDUCE cov: 49 ft: 386 corp: 152/2715b lim: 3271 exec/s: 0 rss: 36Mb L: 16/34 MS: 4 ChangeBinInt-EraseBytes-ChangeASCIIInt-CMP- DE: "\000\000\0002"-
#387232	REDUCE cov: 49 ft: 386 corp: 152/2714b lim: 3348 exec/s: 0 rss: 36Mb L: 16/34 MS: 3 ChangeByte-InsertByte-EraseBytes-
#394464	REDUCE cov: 49 ft: 386 corp: 152/2713b lim: 3414 exec/s: 0 rss: 36Mb L: 15/34 MS: 2 ChangeByte-EraseBytes-
#412008	REDUCE cov: 49 ft: 386 corp: 152/2711b lim: 3579 exec/s: 412008 rss: 36Mb L: 16/34 MS: 2 ChangeBit-EraseBytes-
#414687	REDUCE cov: 49 ft: 386 corp: 152/2709b lim: 3601 exec/s: 414687 rss: 36Mb L: 16/34 MS: 4 ChangeByte-ChangeBit-InsertByte-EraseBytes-
#418886	REDUCE cov: 49 ft: 386 corp: 152/2707b lim: 3634 exec/s: 418886 rss: 36Mb L: 16/34 MS: 4 ShuffleBytes-ChangeASCIIInt-ChangeBit-EraseBytes-
#481209	REDUCE cov: 49 ft: 386 corp: 152/2705b lim: 4096 exec/s: 481209 rss: 36Mb L: 18/34 MS: 3 ChangeByte-EraseBytes-ChangeByte-
#494326	NEW    cov: 49 ft: 388 corp: 153/2725b lim: 4096 exec/s: 494326 rss: 36Mb L: 20/34 MS: 2 ChangeBit-ChangeBit-
#498422	NEW    cov: 49 ft: 389 corp: 154/2745b lim: 4096 exec/s: 498422 rss: 36Mb L: 20/34 MS: 1 ChangeBit-
#499263	NEW    cov: 49 ft: 391 corp: 155/2765b lim: 4096 exec/s: 499263 rss: 36Mb L: 20/34 MS: 1 CrossOver-
#501811	NEW    cov: 49 ft: 392 corp: 156/2783b lim: 4096 exec/s: 501811 rss: 36Mb L: 18/34 MS: 3 ChangeASCIIInt-ChangeBit-ChangeBit-
#569058	NEW    cov: 49 ft: 393 corp: 157/2803b lim: 4096 exec/s: 569058 rss: 36Mb L: 20/34 MS: 2 ChangeBit-ChangeBit-
#586439	NEW    cov: 49 ft: 394 corp: 158/2823b lim: 4096 exec/s: 586439 rss: 36Mb L: 20/34 MS: 1 CrossOver-
#603380	NEW    cov: 49 ft: 395 corp: 159/2843b lim: 4096 exec/s: 603380 rss: 36Mb L: 20/34 MS: 1 ChangeBinInt-
#614761	NEW    cov: 49 ft: 397 corp: 160/2863b lim: 4096 exec/s: 614761 rss: 36Mb L: 20/34 MS: 1 ChangeASCIIInt-
#622517	NEW    cov: 49 ft: 399 corp: 161/2883b lim: 4096 exec/s: 622517 rss: 36Mb L: 20/34 MS: 1 ChangeBit-
#628843	NEW    cov: 49 ft: 400 corp: 162/2903b lim: 4096 exec/s: 628843 rss: 36Mb L: 20/34 MS: 1 ChangeASCIIInt-
#642309	NEW    cov: 49 ft: 402 corp: 163/2923b lim: 4096 exec/s: 642309 rss: 36Mb L: 20/34 MS: 1 ChangeBit-
#650908	REDUCE cov: 49 ft: 402 corp: 163/2921b lim: 4096 exec/s: 650908 rss: 36Mb L: 16/34 MS: 4 ChangeBit-ShuffleBytes-ChangeBit-EraseBytes-
#651145	NEW    cov: 49 ft: 404 corp: 164/2941b lim: 4096 exec/s: 651145 rss: 36Mb L: 20/34 MS: 2 ChangeBinInt-ShuffleBytes-
#662702	NEW    cov: 49 ft: 406 corp: 165/2961b lim: 4096 exec/s: 662702 rss: 36Mb L: 20/34 MS: 2 ChangeBit-ChangeBit-
#668861	NEW    cov: 49 ft: 408 corp: 166/2981b lim: 4096 exec/s: 668861 rss: 36Mb L: 20/34 MS: 4 ShuffleBytes-ChangeASCIIInt-ChangeByte-ChangeByte-
#773920	REDUCE cov: 49 ft: 408 corp: 166/2979b lim: 4096 exec/s: 773920 rss: 36Mb L: 16/34 MS: 4 PersAutoDict-EraseBytes-ChangeBinInt-ChangeBit- DE: "\001\000\000\000"-
#871476	REDUCE cov: 49 ft: 409 corp: 167/2998b lim: 4096 exec/s: 435738 rss: 36Mb L: 19/34 MS: 1 InsertRepeatedBytes-
#872052	REDUCE cov: 49 ft: 409 corp: 167/2997b lim: 4096 exec/s: 436026 rss: 36Mb L: 18/34 MS: 1 EraseBytes-
#873588	REDUCE cov: 49 ft: 409 corp: 167/2996b lim: 4096 exec/s: 436794 rss: 36Mb L: 17/34 MS: 1 EraseBytes-
#873710	REDUCE cov: 49 ft: 409 corp: 167/2994b lim: 4096 exec/s: 436855 rss: 36Mb L: 15/34 MS: 2 InsertByte-EraseBytes-
#874101	REDUCE cov: 49 ft: 410 corp: 168/3009b lim: 4096 exec/s: 437050 rss: 36Mb L: 15/34 MS: 1 ChangeBinInt-
#874425	REDUCE cov: 49 ft: 410 corp: 168/3007b lim: 4096 exec/s: 437212 rss: 36Mb L: 21/34 MS: 4 ChangeByte-ShuffleBytes-PersAutoDict-EraseBytes- DE: "\377\377\377\377"-
#914930	NEW    cov: 49 ft: 411 corp: 169/3034b lim: 4096 exec/s: 457465 rss: 36Mb L: 27/34 MS: 5 CopyPart-InsertByte-ChangeByte-ChangeBit-ChangeByte-
#975472	REDUCE cov: 49 ft: 411 corp: 169/3032b lim: 4096 exec/s: 487736 rss: 36Mb L: 18/34 MS: 2 EraseBytes-ChangeBit-
#1048576	pulse  cov: 49 ft: 411 corp: 169/3032b lim: 4096 exec/s: 524288 rss: 36Mb
#1061650	REDUCE cov: 49 ft: 411 corp: 169/3030b lim: 4096 exec/s: 530825 rss: 36Mb L: 25/34 MS: 3 EraseBytes-ChangeBinInt-InsertByte-
#1195487	REDUCE cov: 49 ft: 411 corp: 169/3028b lim: 4096 exec/s: 597743 rss: 36Mb L: 16/34 MS: 2 EraseBytes-InsertByte-
#1226752	REDUCE cov: 49 ft: 411 corp: 169/3026b lim: 4096 exec/s: 613376 rss: 36Mb L: 16/34 MS: 5 EraseBytes-CopyPart-ChangeBit-CopyPart-CrossOver-
#1235190	REDUCE cov: 49 ft: 411 corp: 169/3022b lim: 4096 exec/s: 617595 rss: 36Mb L: 21/34 MS: 3 PersAutoDict-EraseBytes-PersAutoDict- DE: "\001\000\000\000"-"\377\377\377\377"-
#1263657	NEW    cov: 49 ft: 414 corp: 170/3042b lim: 4096 exec/s: 631828 rss: 36Mb L: 20/34 MS: 2 CrossOver-ChangeASCIIInt-
#1295216	NEW    cov: 49 ft: 415 corp: 171/3076b lim: 4096 exec/s: 647608 rss: 36Mb L: 34/34 MS: 4 CrossOver-InsertRepeatedBytes-EraseBytes-CopyPart-
#1387848	REDUCE cov: 49 ft: 415 corp: 171/3074b lim: 4096 exec/s: 462616 rss: 36Mb L: 16/34 MS: 2 InsertByte-EraseBytes-
#1455706	REDUCE cov: 49 ft: 415 corp: 171/3072b lim: 4096 exec/s: 485235 rss: 36Mb L: 16/34 MS: 3 ChangeByte-ChangeBinInt-EraseBytes-
#1457424	REDUCE cov: 49 ft: 415 corp: 171/3070b lim: 4096 exec/s: 485808 rss: 36Mb L: 16/34 MS: 3 EraseBytes-InsertByte-ShuffleBytes-
#1548621	REDUCE cov: 49 ft: 415 corp: 171/3068b lim: 4096 exec/s: 516207 rss: 36Mb L: 19/34 MS: 2 ChangeBit-EraseBytes-
#1751385	REDUCE cov: 49 ft: 415 corp: 171/3066b lim: 4096 exec/s: 583795 rss: 36Mb L: 16/34 MS: 4 EraseBytes-ChangeBinInt-ChangeASCIIInt-ChangeByte-
#1935513	REDUCE cov: 49 ft: 415 corp: 171/3064b lim: 4096 exec/s: 483878 rss: 36Mb L: 16/34 MS: 3 ChangeBinInt-EraseBytes-InsertByte-
#1971765	REDUCE cov: 49 ft: 415 corp: 171/3062b lim: 4096 exec/s: 492941 rss: 36Mb L: 16/34 MS: 2 EraseBytes-ChangeBinInt-
#2015907	REDUCE cov: 49 ft: 415 corp: 171/3060b lim: 4096 exec/s: 503976 rss: 36Mb L: 16/34 MS: 2 InsertRepeatedBytes-EraseBytes-
#2097152	pulse  cov: 49 ft: 415 corp: 171/3060b lim: 4096 exec/s: 524288 rss: 36Mb
#2274251	REDUCE cov: 49 ft: 415 corp: 171/3058b lim: 4096 exec/s: 454850 rss: 36Mb L: 16/34 MS: 4 ChangeBit-EraseBytes-InsertByte-InsertByte-
#2406046	REDUCE cov: 49 ft: 415 corp: 171/3056b lim: 4096 exec/s: 481209 rss: 36Mb L: 16/34 MS: 5 InsertByte-CrossOver-CopyPart-EraseBytes-ChangeBinInt-
#2440190	REDUCE cov: 49 ft: 415 corp: 171/3055b lim: 4096 exec/s: 488038 rss: 36Mb L: 18/34 MS: 4 EraseBytes-PersAutoDict-CopyPart-CopyPart- DE: "\377\377\377\377"-
#2453764	REDUCE cov: 49 ft: 415 corp: 171/3054b lim: 4096 exec/s: 490752 rss: 36Mb L: 17/34 MS: 4 PersAutoDict-InsertByte-CopyPart-EraseBytes- DE: "\000\000"-
#2549967	REDUCE cov: 49 ft: 415 corp: 171/3052b lim: 4096 exec/s: 509993 rss: 36Mb L: 16/34 MS: 3 ChangeByte-ChangeASCIIInt-EraseBytes-
#2601749	NEW    cov: 50 ft: 420 corp: 172/3074b lim: 4096 exec/s: 520349 rss: 36Mb L: 22/34 MS: 2 ChangeBit-CopyPart-
#2628553	REDUCE cov: 50 ft: 420 corp: 172/3072b lim: 4096 exec/s: 525710 rss: 36Mb L: 16/34 MS: 4 ShuffleBytes-ChangeByte-EraseBytes-InsertByte-
#2752101	REDUCE cov: 50 ft: 420 corp: 172/3070b lim: 4096 exec/s: 458683 rss: 36Mb L: 16/34 MS: 3 ChangeBit-EraseBytes-ChangeByte-
#2782143	NEW    cov: 50 ft: 421 corp: 173/3090b lim: 4096 exec/s: 463690 rss: 36Mb L: 20/34 MS: 2 ChangeByte-ShuffleBytes-
#2817577	REDUCE cov: 50 ft: 421 corp: 173/3088b lim: 4096 exec/s: 469596 rss: 36Mb L: 18/34 MS: 4 ChangeByte-EraseBytes-InsertByte-InsertByte-
#2834950	REDUCE cov: 50 ft: 421 corp: 173/3086b lim: 4096 exec/s: 472491 rss: 36Mb L: 16/34 MS: 3 ChangeBinInt-CrossOver-EraseBytes-
#2881338	REDUCE cov: 50 ft: 421 corp: 173/3084b lim: 4096 exec/s: 480223 rss: 36Mb L: 16/34 MS: 3 ChangeBit-EraseBytes-ChangeBinInt-
#2885246	REDUCE cov: 50 ft: 421 corp: 173/3082b lim: 4096 exec/s: 480874 rss: 36Mb L: 16/34 MS: 3 InsertByte-CrossOver-EraseBytes-
#3125368	REDUCE cov: 50 ft: 421 corp: 173/3080b lim: 4096 exec/s: 446481 rss: 36Mb L: 16/34 MS: 2 EraseBytes-InsertByte-
#3286795	REDUCE cov: 50 ft: 421 corp: 173/3078b lim: 4096 exec/s: 469542 rss: 36Mb L: 16/34 MS: 2 PersAutoDict-EraseBytes- DE: "\377\377\377\377"-
#3346467	REDUCE cov: 50 ft: 421 corp: 173/3076b lim: 4096 exec/s: 478066 rss: 36Mb L: 16/34 MS: 2 EraseBytes-InsertByte-
#3431480	REDUCE cov: 50 ft: 421 corp: 173/3075b lim: 4096 exec/s: 490211 rss: 36Mb L: 15/34 MS: 3 EraseBytes-CrossOver-ChangeBinInt-
#3467907	REDUCE cov: 50 ft: 421 corp: 173/3073b lim: 4096 exec/s: 495415 rss: 36Mb L: 16/34 MS: 2 ChangeByte-EraseBytes-
#3521656	REDUCE cov: 50 ft: 421 corp: 173/3072b lim: 4096 exec/s: 503093 rss: 36Mb L: 15/34 MS: 4 ChangeBit-ChangeByte-EraseBytes-CopyPart-
#3581814	REDUCE cov: 50 ft: 421 corp: 173/3070b lim: 4096 exec/s: 447726 rss: 36Mb L: 19/34 MS: 3 ChangeBinInt-InsertByte-EraseBytes-
#3682037	REDUCE cov: 50 ft: 421 corp: 173/3068b lim: 4096 exec/s: 460254 rss: 36Mb L: 16/34 MS: 3 EraseBytes-CMP-ChangeByte- DE: "\377\377\377@"-
#3737014	REDUCE cov: 50 ft: 421 corp: 173/3066b lim: 4096 exec/s: 467126 rss: 36Mb L: 16/34 MS: 2 EraseBytes-ChangeBit-
#4194304	pulse  cov: 50 ft: 421 corp: 173/3066b lim: 4096 exec/s: 466033 rss: 36Mb
#4677633	REDUCE cov: 50 ft: 421 corp: 173/3064b lim: 4096 exec/s: 467763 rss: 36Mb L: 16/34 MS: 4 EraseBytes-ChangeASCIIInt-CopyPart-ChangeBinInt-
#4722900	REDUCE cov: 50 ft: 421 corp: 173/3062b lim: 4096 exec/s: 472290 rss: 36Mb L: 16/34 MS: 2 ChangeByte-EraseBytes-
#4855714	REDUCE cov: 50 ft: 421 corp: 173/3060b lim: 4096 exec/s: 485571 rss: 36Mb L: 15/34 MS: 4 EraseBytes-ChangeBinInt-PersAutoDict-ChangeByte- DE: "\377\377\377@"-
#4862631	REDUCE cov: 50 ft: 421 corp: 173/3058b lim: 4096 exec/s: 486263 rss: 36Mb L: 17/34 MS: 2 EraseBytes-CMP- DE: "\377\377\377\377\377\377\377\017"-
#4942888	REDUCE cov: 50 ft: 421 corp: 173/3056b lim: 4096 exec/s: 449353 rss: 36Mb L: 16/34 MS: 2 ChangeByte-EraseBytes-
#4951651	NEW    cov: 50 ft: 422 corp: 174/3076b lim: 4096 exec/s: 450150 rss: 36Mb L: 20/34 MS: 3 ShuffleBytes-ChangeByte-CrossOver-
#5147764	REDUCE cov: 50 ft: 422 corp: 174/3074b lim: 4096 exec/s: 467978 rss: 36Mb L: 16/34 MS: 3 ChangeBinInt-ChangeByte-EraseBytes-
#5179976	NEW    cov: 50 ft: 423 corp: 175/3094b lim: 4096 exec/s: 470906 rss: 36Mb L: 20/34 MS: 2 ChangeBit-ChangeBit-
#5300944	REDUCE cov: 50 ft: 423 corp: 175/3093b lim: 4096 exec/s: 481904 rss: 36Mb L: 15/34 MS: 3 CopyPart-ChangeBit-EraseBytes-
#5414241	REDUCE cov: 50 ft: 423 corp: 175/3091b lim: 4096 exec/s: 451186 rss: 36Mb L: 16/34 MS: 2 EraseBytes-InsertByte-
#5439317	NEW    cov: 50 ft: 424 corp: 176/3111b lim: 4096 exec/s: 453276 rss: 36Mb L: 20/34 MS: 1 ChangeBit-
#5677919	REDUCE cov: 50 ft: 424 corp: 176/3109b lim: 4096 exec/s: 473159 rss: 36Mb L: 16/34 MS: 2 EraseBytes-InsertByte-
#6141616	REDUCE cov: 50 ft: 424 corp: 176/3107b lim: 4096 exec/s: 472432 rss: 36Mb L: 16/34 MS: 2 InsertByte-EraseBytes-
#6166203	REDUCE cov: 50 ft: 424 corp: 176/3105b lim: 4096 exec/s: 474323 rss: 36Mb L: 16/34 MS: 2 EraseBytes-InsertByte-
#6262046	REDUCE cov: 50 ft: 424 corp: 176/3103b lim: 4096 exec/s: 447289 rss: 36Mb L: 16/34 MS: 3 InsertRepeatedBytes-ChangeBinInt-EraseBytes-
#6786183	REDUCE cov: 50 ft: 425 corp: 177/3119b lim: 4096 exec/s: 452412 rss: 36Mb L: 16/34 MS: 2 ChangeASCIIInt-ChangeByte-
#7193803	NEW    cov: 50 ft: 426 corp: 178/3153b lim: 4096 exec/s: 449612 rss: 36Mb L: 34/34 MS: 5 InsertRepeatedBytes-InsertRepeatedBytes-ChangeByte-ChangeASCIIInt-EraseBytes-
#7194890	REDUCE cov: 50 ft: 426 corp: 178/3151b lim: 4096 exec/s: 449680 rss: 36Mb L: 32/34 MS: 2 InsertByte-EraseBytes-
#7537213	REDUCE cov: 50 ft: 426 corp: 178/3149b lim: 4096 exec/s: 471075 rss: 36Mb L: 16/34 MS: 3 CrossOver-ChangeBinInt-EraseBytes-
#8139380	REDUCE cov: 50 ft: 426 corp: 178/3147b lim: 4096 exec/s: 452187 rss: 36Mb L: 16/34 MS: 2 EraseBytes-ChangeByte-
#8277294	REDUCE cov: 50 ft: 426 corp: 178/3145b lim: 4096 exec/s: 459849 rss: 36Mb L: 16/34 MS: 4 EraseBytes-CopyPart-ShuffleBytes-ChangeBit-
#8388608	pulse  cov: 50 ft: 426 corp: 178/3145b lim: 4096 exec/s: 466033 rss: 36Mb
#9045529	REDUCE cov: 50 ft: 426 corp: 178/3143b lim: 4096 exec/s: 452276 rss: 36Mb L: 16/34 MS: 5 ChangeBinInt-ChangeByte-PersAutoDict-ChangeByte-EraseBytes- DE: "\000\000\000\000"-
#9530942	REDUCE cov: 50 ft: 426 corp: 178/3141b lim: 4096 exec/s: 453854 rss: 36Mb L: 16/34 MS: 3 ChangeBinInt-PersAutoDict-EraseBytes- DE: "\000\000"-
#10958454	REDUCE cov: 50 ft: 426 corp: 178/3139b lim: 4096 exec/s: 456602 rss: 36Mb L: 16/34 MS: 2 ChangeByte-EraseBytes-
#12396593	REDUCE cov: 50 ft: 426 corp: 178/3137b lim: 4096 exec/s: 459133 rss: 36Mb L: 16/34 MS: 4 InsertByte-ChangeByte-CopyPart-EraseBytes-
#12484377	REDUCE cov: 50 ft: 426 corp: 178/3136b lim: 4096 exec/s: 462384 rss: 36Mb L: 15/34 MS: 4 EraseBytes-ChangeBinInt-InsertByte-ChangeBit-
#13025384	REDUCE cov: 50 ft: 426 corp: 178/3134b lim: 4096 exec/s: 449151 rss: 36Mb L: 16/34 MS: 2 EraseBytes-InsertByte-
#13609776	REDUCE cov: 50 ft: 426 corp: 178/3132b lim: 4096 exec/s: 453659 rss: 36Mb L: 16/34 MS: 2 ChangeBit-EraseBytes-
#13827369	REDUCE cov: 50 ft: 426 corp: 178/3130b lim: 4096 exec/s: 460912 rss: 36Mb L: 16/34 MS: 3 ChangeByte-EraseBytes-CopyPart-
#14546456	REDUCE cov: 50 ft: 426 corp: 178/3128b lim: 4096 exec/s: 454576 rss: 36Mb L: 15/34 MS: 2 ChangeBit-EraseBytes-
#16777216	pulse  cov: 50 ft: 426 corp: 178/3128b lim: 4096 exec/s: 453438 rss: 36Mb
#17847640	NEW    cov: 50 ft: 427 corp: 179/3158b lim: 4096 exec/s: 457631 rss: 36Mb L: 30/34 MS: 4 EraseBytes-ChangeASCIIInt-ChangeBit-CopyPart-
#17850091	NEW    cov: 50 ft: 429 corp: 180/3188b lim: 4096 exec/s: 457694 rss: 36Mb L: 30/34 MS: 1 CrossOver-
#17999973	NEW    cov: 50 ft: 435 corp: 181/3218b lim: 4096 exec/s: 449999 rss: 36Mb L: 30/34 MS: 2 ShuffleBytes-CrossOver-
#19118656	REDUCE cov: 50 ft: 435 corp: 181/3214b lim: 4096 exec/s: 455206 rss: 36Mb L: 16/34 MS: 3 CopyPart-EraseBytes-CrossOver-
#20894830	REDUCE cov: 50 ft: 435 corp: 181/3213b lim: 4096 exec/s: 454235 rss: 36Mb L: 15/34 MS: 4 EraseBytes-InsertByte-ChangeBit-InsertByte-
#25404027	REDUCE cov: 50 ft: 435 corp: 181/3211b lim: 4096 exec/s: 453643 rss: 36Mb L: 16/34 MS: 2 InsertByte-EraseBytes-
#25906794	REDUCE cov: 50 ft: 435 corp: 181/3209b lim: 4096 exec/s: 446668 rss: 36Mb L: 16/34 MS: 2 ChangeByte-EraseBytes-
#27253456	NEW    cov: 50 ft: 436 corp: 182/3239b lim: 4096 exec/s: 446777 rss: 36Mb L: 30/34 MS: 2 InsertRepeatedBytes-EraseBytes-
#32189936	REDUCE cov: 50 ft: 436 corp: 182/3238b lim: 4096 exec/s: 447082 rss: 36Mb L: 15/34 MS: 5 CopyPart-ChangeBit-EraseBytes-ChangeBinInt-ChangeBit-
#33554432	pulse  cov: 50 ft: 436 corp: 182/3238b lim: 4096 exec/s: 447392 rss: 36Mb
#36024755	REDUCE cov: 50 ft: 436 corp: 182/3237b lim: 4096 exec/s: 444750 rss: 36Mb L: 15/34 MS: 4 PersAutoDict-ChangeBinInt-EraseBytes-ChangeBit- DE: "\000\000"-
#40074425	REDUCE cov: 50 ft: 436 corp: 182/3236b lim: 4096 exec/s: 445271 rss: 36Mb L: 16/34 MS: 5 ChangeBit-ChangeByte-EraseBytes-ChangeBit-InsertByte-
#54056330	REDUCE cov: 50 ft: 436 corp: 182/3235b lim: 4096 exec/s: 443084 rss: 36Mb L: 15/34 MS: 5 InsertByte-EraseBytes-ChangeBit-ShuffleBytes-ChangeBinInt-
#55046518	REDUCE cov: 50 ft: 436 corp: 182/3231b lim: 4096 exec/s: 443923 rss: 36Mb L: 16/34 MS: 3 ShuffleBytes-EraseBytes-ChangeBinInt-
#61849442	REDUCE cov: 50 ft: 436 corp: 182/3230b lim: 4096 exec/s: 441781 rss: 36Mb L: 15/34 MS: 4 ChangeBit-ShuffleBytes-EraseBytes-ChangeByte-
#67108864	pulse  cov: 50 ft: 436 corp: 182/3230b lim: 4096 exec/s: 444429 rss: 37Mb
#68895735	REDUCE cov: 50 ft: 436 corp: 182/3229b lim: 4096 exec/s: 444488 rss: 37Mb L: 15/34 MS: 3 EraseBytes-ChangeBit-ChangeBit-
panic: found special char in iban [recovered]
	panic: found special char in iban

goroutine 17 [running, locked to thread]:
git.ultraware.nl/iddinkgroep/fundament-api.Fuzz.func1()
	git.ultraware.nl/iddinkgroep/fundament-api/fuzz.go:19 +0xa5
panic({0x55a00da58760?, 0x55a00da6bc70?})
	runtime/panic.go:914 +0x21f
git.ultraware.nl/iddinkgroep/fundament-api.Fuzz({0xc000075560, 0x14})
	git.ultraware.nl/iddinkgroep/fundament-api/fuzz.go:34 +0x2b9
git.ultraware.nl/iddinkgroep/fundament-api.Fuzz_(...)
	git.ultraware.nl/iddinkgroep/fundament-api/fuzz.1527825026.go:6
main.LLVMFuzzerTestOneInput(...)
	./main.170485750.go:21
==15527== ERROR: libFuzzer: deadly signal
    #0 0x55a00d97b630 in __sanitizer_print_stack_trace (/seedai/experiments/libfuzzer/source_iban/libfuzzer+0xaf630) (BuildId: 688cb25bec4564588da2a67f6a2b25148a0fd5d4)
    #1 0x55a00d947755 in fuzzer::PrintStackTrace() (/seedai/experiments/libfuzzer/source_iban/libfuzzer+0x7b755) (BuildId: 688cb25bec4564588da2a67f6a2b25148a0fd5d4)
    #2 0x55a00d9263a9 in fuzzer::Fuzzer::CrashCallback() (.part.0) FuzzerLoop.cpp.o
    #3 0x55a00d92646a in fuzzer::Fuzzer::StaticCrashSignalCallback() (/seedai/experiments/libfuzzer/source_iban/libfuzzer+0x5a46a) (BuildId: 688cb25bec4564588da2a67f6a2b25148a0fd5d4)
    #4 0x7f5c6fc5d70f  (/usr/lib/libc.so.6+0x3e70f) (BuildId: 316d0d3666387f0e8fb98773f51aa1801027c5ab)
    #5 0x55a00d9db160 in runtime.raise.abi0 runtime/sys_linux_amd64.s:153

NOTE: libFuzzer has rudimentary signal handlers.
      Combine libFuzzer with AddressSanitizer or similar for better crash reports.
SUMMARY: libFuzzer: deadly signal
MS: 4 CrossOver-ChangeASCIIInt-CopyPart-InsertByte-; base unit: 674812368907279f554f384ada343fead79c6283
0x45,0x45,0x45,0x47,0x2d,0x30,0x30,0x30,0x30,0x30,0x30,0x30,0x30,0x45,0x4e,0x45,0x45,0x45,0x45,0x45,
EEEG-00000000ENEEEEE
artifact_prefix='./'; Test unit written to ./crash-a7c265cfbeccf71277ed8c580a2a908dc1c69ec6
Base64: RUVFRy0wMDAwMDAwMEVORUVFRUU=
