INFO: Running with entropic power schedule (0xFF, 100).
INFO: Seed: 1360533586
INFO: Loaded 1 modules   (70 inline 8-bit counters): 70 [0x556817bfc030, 0x556817bfc076), 
INFO: Loaded 1 PC tables (70 PCs): 70 [0xc000068000,0xc000068460), 
INFO:        4 files found in corpus
INFO: -max_len is not provided; libFuzzer will not generate inputs larger than 4096 bytes
INFO: seed corpus: files: 4 min: 5b max: 18b total: 46b rss: 29Mb
#5	INITED cov: 43 ft: 157 corp: 3/41b exec/s: 0 rss: 29Mb
#6	NEW    cov: 43 ft: 159 corp: 4/48b lim: 18 exec/s: 0 rss: 29Mb L: 7/18 MS: 1 CrossOver-
#7	NEW    cov: 44 ft: 162 corp: 5/65b lim: 18 exec/s: 0 rss: 29Mb L: 17/18 MS: 1 CrossOver-
#8	NEW    cov: 44 ft: 163 corp: 6/83b lim: 18 exec/s: 0 rss: 29Mb L: 18/18 MS: 1 ChangeASCIIInt-
#9	NEW    cov: 44 ft: 166 corp: 7/101b lim: 18 exec/s: 0 rss: 29Mb L: 18/18 MS: 1 ChangeASCIIInt-
#10	NEW    cov: 45 ft: 175 corp: 8/119b lim: 18 exec/s: 0 rss: 29Mb L: 18/18 MS: 1 CrossOver-
#15	NEW    cov: 45 ft: 176 corp: 9/128b lim: 18 exec/s: 0 rss: 29Mb L: 9/18 MS: 5 ShuffleBytes-ChangeBinInt-InsertByte-ChangeASCIIInt-EraseBytes-
#24	NEW    cov: 45 ft: 177 corp: 10/142b lim: 18 exec/s: 0 rss: 29Mb L: 14/18 MS: 4 ChangeBinInt-EraseBytes-ChangeBit-InsertRepeatedBytes-
#25	NEW    cov: 45 ft: 178 corp: 11/150b lim: 18 exec/s: 0 rss: 29Mb L: 8/18 MS: 1 InsertByte-
#26	NEW    cov: 45 ft: 181 corp: 12/168b lim: 18 exec/s: 0 rss: 29Mb L: 18/18 MS: 1 CopyPart-
#27	NEW    cov: 45 ft: 186 corp: 13/186b lim: 18 exec/s: 0 rss: 29Mb L: 18/18 MS: 1 ShuffleBytes-
#38	NEW    cov: 46 ft: 189 corp: 14/204b lim: 18 exec/s: 0 rss: 29Mb L: 18/18 MS: 1 CrossOver-
#50	NEW    cov: 46 ft: 191 corp: 15/222b lim: 18 exec/s: 0 rss: 29Mb L: 18/18 MS: 2 ShuffleBytes-CrossOver-
#53	NEW    cov: 46 ft: 192 corp: 16/238b lim: 18 exec/s: 0 rss: 29Mb L: 16/18 MS: 3 CrossOver-ChangeByte-CMP- DE: "\000\000\000\000\000\000\000\022"-
#56	NEW    cov: 46 ft: 193 corp: 17/256b lim: 18 exec/s: 0 rss: 29Mb L: 18/18 MS: 3 ChangeBinInt-CopyPart-ChangeByte-
#57	NEW    cov: 46 ft: 201 corp: 18/274b lim: 18 exec/s: 0 rss: 29Mb L: 18/18 MS: 1 ChangeBinInt-
#64	NEW    cov: 46 ft: 203 corp: 19/291b lim: 18 exec/s: 0 rss: 29Mb L: 17/18 MS: 2 CopyPart-EraseBytes-
#71	NEW    cov: 46 ft: 206 corp: 20/309b lim: 18 exec/s: 0 rss: 29Mb L: 18/18 MS: 2 ShuffleBytes-CopyPart-
#76	NEW    cov: 46 ft: 208 corp: 21/322b lim: 18 exec/s: 0 rss: 29Mb L: 13/18 MS: 5 InsertByte-CrossOver-ChangeByte-ChangeByte-EraseBytes-
#77	NEW    cov: 46 ft: 212 corp: 22/337b lim: 18 exec/s: 0 rss: 29Mb L: 15/18 MS: 1 EraseBytes-
#88	NEW    cov: 46 ft: 220 corp: 23/355b lim: 18 exec/s: 0 rss: 29Mb L: 18/18 MS: 1 CopyPart-
#102	NEW    cov: 46 ft: 223 corp: 24/373b lim: 18 exec/s: 0 rss: 29Mb L: 18/18 MS: 4 ChangeASCIIInt-ChangeByte-PersAutoDict-PersAutoDict- DE: "\000\000\000\000\000\000\000\022"-"\000\000\000\000\000\000\000\022"-
#135	NEW    cov: 46 ft: 225 corp: 25/391b lim: 18 exec/s: 0 rss: 29Mb L: 18/18 MS: 3 ShuffleBytes-CopyPart-ChangeBit-
#138	NEW    cov: 46 ft: 227 corp: 26/409b lim: 18 exec/s: 0 rss: 29Mb L: 18/18 MS: 3 ShuffleBytes-ShuffleBytes-PersAutoDict- DE: "\000\000\000\000\000\000\000\022"-
#225	REDUCE cov: 46 ft: 227 corp: 26/408b lim: 18 exec/s: 0 rss: 29Mb L: 16/18 MS: 2 ShuffleBytes-EraseBytes-
#231	NEW    cov: 46 ft: 228 corp: 27/426b lim: 18 exec/s: 0 rss: 30Mb L: 18/18 MS: 1 ChangeBit-
#232	NEW    cov: 46 ft: 229 corp: 28/444b lim: 18 exec/s: 0 rss: 30Mb L: 18/18 MS: 1 CopyPart-
#233	NEW    cov: 47 ft: 230 corp: 29/462b lim: 18 exec/s: 0 rss: 30Mb L: 18/18 MS: 1 ChangeByte-
#235	NEW    cov: 47 ft: 232 corp: 30/480b lim: 18 exec/s: 0 rss: 30Mb L: 18/18 MS: 2 ShuffleBytes-ChangeBinInt-
#242	NEW    cov: 47 ft: 236 corp: 31/498b lim: 18 exec/s: 0 rss: 30Mb L: 18/18 MS: 2 ChangeBinInt-ChangeBit-
#285	NEW    cov: 47 ft: 237 corp: 32/516b lim: 18 exec/s: 0 rss: 30Mb L: 18/18 MS: 3 CrossOver-ShuffleBytes-ChangeBit-
#291	NEW    cov: 47 ft: 238 corp: 33/534b lim: 18 exec/s: 0 rss: 30Mb L: 18/18 MS: 1 ChangeASCIIInt-
#328	NEW    cov: 47 ft: 240 corp: 34/550b lim: 18 exec/s: 0 rss: 30Mb L: 16/18 MS: 2 ChangeByte-EraseBytes-
#336	NEW    cov: 47 ft: 241 corp: 35/568b lim: 18 exec/s: 0 rss: 30Mb L: 18/18 MS: 3 ChangeByte-ChangeASCIIInt-ChangeByte-
#388	NEW    cov: 47 ft: 243 corp: 36/586b lim: 18 exec/s: 0 rss: 30Mb L: 18/18 MS: 2 ChangeBit-CopyPart-
#412	NEW    cov: 47 ft: 245 corp: 37/604b lim: 18 exec/s: 0 rss: 30Mb L: 18/18 MS: 4 ChangeByte-ChangeByte-ChangeBinInt-CrossOver-
#449	NEW    cov: 47 ft: 246 corp: 38/622b lim: 18 exec/s: 0 rss: 30Mb L: 18/18 MS: 2 CopyPart-ChangeBit-
#496	NEW    cov: 47 ft: 247 corp: 39/640b lim: 18 exec/s: 0 rss: 30Mb L: 18/18 MS: 2 ChangeBit-ChangeByte-
#507	NEW    cov: 47 ft: 249 corp: 40/658b lim: 18 exec/s: 0 rss: 30Mb L: 18/18 MS: 1 ChangeByte-
#579	NEW    cov: 47 ft: 251 corp: 41/676b lim: 18 exec/s: 0 rss: 30Mb L: 18/18 MS: 2 ChangeByte-ChangeBit-
#658	NEW    cov: 47 ft: 253 corp: 42/678b lim: 18 exec/s: 0 rss: 30Mb L: 2/18 MS: 4 ShuffleBytes-ChangeBinInt-EraseBytes-CrossOver-
#710	NEW    cov: 47 ft: 254 corp: 43/696b lim: 18 exec/s: 0 rss: 30Mb L: 18/18 MS: 2 CrossOver-ChangeBinInt-
#776	NEW    cov: 47 ft: 256 corp: 44/714b lim: 18 exec/s: 0 rss: 30Mb L: 18/18 MS: 1 ShuffleBytes-
#783	NEW    cov: 47 ft: 257 corp: 45/732b lim: 18 exec/s: 0 rss: 30Mb L: 18/18 MS: 2 ShuffleBytes-ChangeByte-
#798	REDUCE cov: 47 ft: 257 corp: 45/730b lim: 18 exec/s: 0 rss: 30Mb L: 16/18 MS: 5 EraseBytes-InsertByte-ChangeASCIIInt-PersAutoDict-InsertByte- DE: "\000\000\000\000\000\000\000\022"-
#841	REDUCE cov: 47 ft: 257 corp: 45/729b lim: 18 exec/s: 0 rss: 30Mb L: 8/18 MS: 3 InsertRepeatedBytes-CopyPart-EraseBytes-
#1105	NEW    cov: 47 ft: 264 corp: 46/747b lim: 18 exec/s: 0 rss: 30Mb L: 18/18 MS: 4 ChangeASCIIInt-ChangeBit-ChangeBinInt-CopyPart-
#1257	REDUCE cov: 47 ft: 264 corp: 46/740b lim: 18 exec/s: 0 rss: 30Mb L: 1/18 MS: 2 InsertByte-CrossOver-
#1263	NEW    cov: 47 ft: 266 corp: 47/758b lim: 18 exec/s: 0 rss: 30Mb L: 18/18 MS: 1 ChangeByte-
#1295	NEW    cov: 47 ft: 268 corp: 48/776b lim: 18 exec/s: 0 rss: 30Mb L: 18/18 MS: 2 ShuffleBytes-ShuffleBytes-
#1531	NEW    cov: 47 ft: 269 corp: 49/794b lim: 18 exec/s: 0 rss: 30Mb L: 18/18 MS: 1 ChangeASCIIInt-
#1909	NEW    cov: 47 ft: 271 corp: 50/812b lim: 18 exec/s: 0 rss: 30Mb L: 18/18 MS: 3 CopyPart-ChangeByte-ShuffleBytes-
#2016	REDUCE cov: 47 ft: 271 corp: 50/811b lim: 18 exec/s: 0 rss: 30Mb L: 17/18 MS: 2 CrossOver-CopyPart-
#2036	REDUCE cov: 47 ft: 271 corp: 50/809b lim: 18 exec/s: 0 rss: 30Mb L: 16/18 MS: 5 ChangeASCIIInt-EraseBytes-ChangeASCIIInt-InsertRepeatedBytes-ChangeBinInt-
#2344	NEW    cov: 47 ft: 274 corp: 51/827b lim: 18 exec/s: 0 rss: 31Mb L: 18/18 MS: 3 CrossOver-ChangeASCIIInt-CrossOver-
#2435	NEW    cov: 47 ft: 276 corp: 52/845b lim: 18 exec/s: 0 rss: 31Mb L: 18/18 MS: 1 CopyPart-
#2801	NEW    cov: 47 ft: 278 corp: 53/863b lim: 18 exec/s: 0 rss: 31Mb L: 18/18 MS: 1 CopyPart-
#3207	NEW    cov: 47 ft: 279 corp: 54/884b lim: 22 exec/s: 0 rss: 31Mb L: 21/21 MS: 1 InsertRepeatedBytes-
#3319	REDUCE cov: 47 ft: 279 corp: 54/882b lim: 22 exec/s: 0 rss: 31Mb L: 16/21 MS: 2 EraseBytes-InsertByte-
#3507	REDUCE cov: 47 ft: 279 corp: 54/880b lim: 22 exec/s: 0 rss: 31Mb L: 16/21 MS: 3 CrossOver-InsertRepeatedBytes-EraseBytes-
#3549	REDUCE cov: 47 ft: 280 corp: 55/901b lim: 22 exec/s: 0 rss: 31Mb L: 21/21 MS: 2 ChangeByte-CopyPart-
#3720	REDUCE cov: 47 ft: 281 corp: 56/922b lim: 22 exec/s: 0 rss: 31Mb L: 21/21 MS: 1 InsertRepeatedBytes-
#3896	REDUCE cov: 47 ft: 281 corp: 56/921b lim: 22 exec/s: 0 rss: 31Mb L: 15/21 MS: 1 EraseBytes-
#3990	REDUCE cov: 47 ft: 281 corp: 56/920b lim: 22 exec/s: 0 rss: 31Mb L: 15/21 MS: 4 ChangeBinInt-EraseBytes-PersAutoDict-EraseBytes- DE: "\000\000\000\000\000\000\000\022"-
#4057	REDUCE cov: 47 ft: 281 corp: 56/919b lim: 22 exec/s: 0 rss: 31Mb L: 16/21 MS: 2 ChangeBit-EraseBytes-
#4112	REDUCE cov: 47 ft: 281 corp: 56/917b lim: 22 exec/s: 0 rss: 31Mb L: 19/21 MS: 5 ChangeASCIIInt-CrossOver-CrossOver-EraseBytes-CrossOver-
#4147	REDUCE cov: 47 ft: 281 corp: 56/916b lim: 22 exec/s: 0 rss: 31Mb L: 20/21 MS: 5 ChangeBinInt-ShuffleBytes-ChangeBit-ChangeBinInt-EraseBytes-
#4239	NEW    cov: 47 ft: 282 corp: 57/934b lim: 22 exec/s: 0 rss: 31Mb L: 18/21 MS: 2 ShuffleBytes-ChangeBinInt-
#5052	REDUCE cov: 47 ft: 283 corp: 58/961b lim: 30 exec/s: 0 rss: 31Mb L: 27/27 MS: 3 ShuffleBytes-ChangeASCIIInt-PersAutoDict- DE: "\000\000\000\000\000\000\000\022"-
#5122	REDUCE cov: 47 ft: 284 corp: 59/990b lim: 30 exec/s: 0 rss: 31Mb L: 29/29 MS: 5 CopyPart-CopyPart-CMP-ChangeByte-InsertByte- DE: "6\000\000\000"-
#5230	REDUCE cov: 47 ft: 284 corp: 59/989b lim: 30 exec/s: 0 rss: 31Mb L: 19/29 MS: 3 ChangeBinInt-ChangeASCIIInt-CrossOver-
#5256	NEW    cov: 47 ft: 285 corp: 60/1018b lim: 30 exec/s: 0 rss: 31Mb L: 29/29 MS: 1 PersAutoDict- DE: "\000\000\000\000\000\000\000\022"-
#5352	NEW    cov: 47 ft: 286 corp: 61/1036b lim: 30 exec/s: 0 rss: 31Mb L: 18/29 MS: 1 ChangeBinInt-
#5776	NEW    cov: 47 ft: 287 corp: 62/1068b lim: 34 exec/s: 0 rss: 31Mb L: 32/32 MS: 4 InsertRepeatedBytes-EraseBytes-ChangeASCIIInt-InsertRepeatedBytes-
#5806	REDUCE cov: 47 ft: 287 corp: 62/1066b lim: 34 exec/s: 0 rss: 31Mb L: 16/32 MS: 5 CrossOver-ChangeByte-ChangeASCIIInt-ChangeByte-EraseBytes-
#5813	NEW    cov: 47 ft: 289 corp: 63/1100b lim: 34 exec/s: 0 rss: 31Mb L: 34/34 MS: 2 ChangeASCIIInt-InsertRepeatedBytes-
#5856	NEW    cov: 47 ft: 290 corp: 64/1133b lim: 34 exec/s: 0 rss: 31Mb L: 33/34 MS: 3 PersAutoDict-PersAutoDict-CrossOver- DE: "6\000\000\000"-"6\000\000\000"-
#5986	REDUCE cov: 47 ft: 290 corp: 64/1130b lim: 34 exec/s: 0 rss: 31Mb L: 15/34 MS: 5 InsertRepeatedBytes-ChangeASCIIInt-ChangeBinInt-ChangeASCIIInt-EraseBytes-
#7202	NEW    cov: 47 ft: 291 corp: 65/1148b lim: 44 exec/s: 0 rss: 32Mb L: 18/34 MS: 1 CopyPart-
#8067	REDUCE cov: 47 ft: 291 corp: 65/1147b lim: 49 exec/s: 0 rss: 32Mb L: 31/34 MS: 5 ChangeByte-ChangeBit-ChangeASCIIInt-ChangeBit-EraseBytes-
#10414	NEW    cov: 47 ft: 292 corp: 66/1165b lim: 70 exec/s: 0 rss: 32Mb L: 18/34 MS: 2 ChangeASCIIInt-ChangeBinInt-
#12054	REDUCE cov: 47 ft: 292 corp: 66/1157b lim: 82 exec/s: 0 rss: 32Mb L: 21/34 MS: 5 PersAutoDict-EraseBytes-CopyPart-CopyPart-ChangeBinInt- DE: "6\000\000\000"-
#12173	REDUCE cov: 47 ft: 293 corp: 67/1181b lim: 82 exec/s: 0 rss: 32Mb L: 24/34 MS: 4 ShuffleBytes-CopyPart-ShuffleBytes-CopyPart-
#13289	NEW    cov: 48 ft: 300 corp: 68/1199b lim: 88 exec/s: 0 rss: 33Mb L: 18/34 MS: 1 ChangeBit-
#15240	NEW    cov: 49 ft: 305 corp: 69/1217b lim: 106 exec/s: 0 rss: 33Mb L: 18/34 MS: 1 ChangeByte-
#15591	NEW    cov: 49 ft: 308 corp: 70/1235b lim: 106 exec/s: 0 rss: 33Mb L: 18/34 MS: 1 ChangeBit-
#16860	REDUCE cov: 49 ft: 308 corp: 70/1234b lim: 118 exec/s: 0 rss: 33Mb L: 15/34 MS: 4 InsertByte-ChangeBinInt-CopyPart-EraseBytes-
#16996	REDUCE cov: 49 ft: 308 corp: 70/1233b lim: 118 exec/s: 0 rss: 33Mb L: 17/34 MS: 1 EraseBytes-
#17887	NEW    cov: 49 ft: 309 corp: 71/1251b lim: 124 exec/s: 0 rss: 34Mb L: 18/34 MS: 1 ChangeBit-
#19109	REDUCE cov: 49 ft: 309 corp: 71/1247b lim: 130 exec/s: 0 rss: 34Mb L: 20/34 MS: 2 ChangeBinInt-EraseBytes-
#19374	REDUCE cov: 49 ft: 309 corp: 71/1245b lim: 130 exec/s: 0 rss: 34Mb L: 16/34 MS: 5 EraseBytes-ChangeBinInt-PersAutoDict-CrossOver-EraseBytes- DE: "\000\000\000\000\000\000\000\022"-
#21320	NEW    cov: 49 ft: 310 corp: 72/1263b lim: 144 exec/s: 0 rss: 34Mb L: 18/34 MS: 1 ChangeBinInt-
#21862	REDUCE cov: 49 ft: 311 corp: 73/1283b lim: 144 exec/s: 0 rss: 34Mb L: 20/34 MS: 2 ChangeBit-ChangeBit-
#22239	REDUCE cov: 49 ft: 311 corp: 73/1280b lim: 144 exec/s: 0 rss: 34Mb L: 17/34 MS: 2 ChangeByte-EraseBytes-
#22337	NEW    cov: 49 ft: 312 corp: 74/1298b lim: 144 exec/s: 0 rss: 34Mb L: 18/34 MS: 3 CopyPart-ChangeBit-EraseBytes-
#22619	NEW    cov: 49 ft: 313 corp: 75/1316b lim: 144 exec/s: 0 rss: 34Mb L: 18/34 MS: 2 ChangeByte-CopyPart-
#23613	REDUCE cov: 49 ft: 313 corp: 75/1315b lim: 151 exec/s: 0 rss: 34Mb L: 18/34 MS: 4 InsertByte-ChangeASCIIInt-ChangeBinInt-EraseBytes-
#23856	REDUCE cov: 49 ft: 315 corp: 76/1337b lim: 151 exec/s: 0 rss: 34Mb L: 22/34 MS: 3 EraseBytes-ShuffleBytes-CrossOver-
#24534	NEW    cov: 49 ft: 316 corp: 77/1355b lim: 151 exec/s: 0 rss: 34Mb L: 18/34 MS: 3 ChangeBinInt-ChangeASCIIInt-ChangeBit-
#26024	REDUCE cov: 49 ft: 316 corp: 77/1353b lim: 165 exec/s: 0 rss: 34Mb L: 18/34 MS: 5 CrossOver-CMP-EraseBytes-ShuffleBytes-CopyPart- DE: "\0016"-
#26090	NEW    cov: 49 ft: 317 corp: 78/1371b lim: 165 exec/s: 0 rss: 34Mb L: 18/34 MS: 1 CopyPart-
#26149	NEW    cov: 49 ft: 318 corp: 79/1395b lim: 165 exec/s: 0 rss: 34Mb L: 24/34 MS: 4 ShuffleBytes-PersAutoDict-ChangeBit-PersAutoDict- DE: "6\000\000\000"-"\0016"-
#26553	REDUCE cov: 49 ft: 318 corp: 79/1394b lim: 165 exec/s: 0 rss: 34Mb L: 16/34 MS: 4 ChangeBinInt-EraseBytes-EraseBytes-PersAutoDict- DE: "\000\000\000\000\000\000\000\022"-
#26934	REDUCE cov: 49 ft: 318 corp: 79/1393b lim: 165 exec/s: 0 rss: 34Mb L: 17/34 MS: 1 EraseBytes-
#29637	REDUCE cov: 49 ft: 318 corp: 79/1392b lim: 186 exec/s: 0 rss: 34Mb L: 15/34 MS: 3 InsertByte-InsertByte-EraseBytes-
#30118	NEW    cov: 49 ft: 320 corp: 80/1410b lim: 186 exec/s: 0 rss: 34Mb L: 18/34 MS: 1 ChangeBit-
#32824	NEW    cov: 49 ft: 321 corp: 81/1428b lim: 207 exec/s: 0 rss: 35Mb L: 18/34 MS: 1 ShuffleBytes-
#33174	REDUCE cov: 49 ft: 321 corp: 81/1427b lim: 207 exec/s: 0 rss: 35Mb L: 16/34 MS: 5 ChangeByte-ChangeBit-CopyPart-ChangeBit-EraseBytes-
#37821	NEW    cov: 49 ft: 323 corp: 82/1445b lim: 249 exec/s: 0 rss: 35Mb L: 18/34 MS: 2 ChangeByte-ShuffleBytes-
#38908	REDUCE cov: 49 ft: 324 corp: 83/1460b lim: 256 exec/s: 0 rss: 35Mb L: 15/34 MS: 2 ChangeBinInt-CrossOver-
#40821	NEW    cov: 49 ft: 325 corp: 84/1478b lim: 272 exec/s: 0 rss: 35Mb L: 18/34 MS: 3 ChangeBit-ChangeBit-ChangeASCIIInt-
#42327	NEW    cov: 49 ft: 326 corp: 85/1496b lim: 280 exec/s: 0 rss: 35Mb L: 18/34 MS: 1 ShuffleBytes-
#42511	REDUCE cov: 49 ft: 326 corp: 85/1494b lim: 280 exec/s: 0 rss: 35Mb L: 15/34 MS: 4 ChangeBit-InsertByte-EraseBytes-CMP- DE: "\0004"-
#48918	NEW    cov: 49 ft: 327 corp: 86/1512b lim: 336 exec/s: 0 rss: 35Mb L: 18/34 MS: 2 ChangeASCIIInt-ChangeBit-
#48929	NEW    cov: 49 ft: 328 corp: 87/1530b lim: 336 exec/s: 0 rss: 35Mb L: 18/34 MS: 1 ShuffleBytes-
#51520	NEW    cov: 49 ft: 329 corp: 88/1548b lim: 360 exec/s: 0 rss: 35Mb L: 18/34 MS: 1 ChangeBit-
#52236	NEW    cov: 49 ft: 331 corp: 89/1566b lim: 360 exec/s: 0 rss: 35Mb L: 18/34 MS: 1 ChangeBit-
#52994	REDUCE cov: 49 ft: 331 corp: 89/1564b lim: 360 exec/s: 0 rss: 35Mb L: 16/34 MS: 3 CrossOver-InsertByte-EraseBytes-
#53750	NEW    cov: 49 ft: 332 corp: 90/1582b lim: 360 exec/s: 0 rss: 35Mb L: 18/34 MS: 1 ChangeBit-
#55356	NEW    cov: 49 ft: 333 corp: 91/1600b lim: 368 exec/s: 0 rss: 35Mb L: 18/34 MS: 1 ChangeASCIIInt-
#59035	REDUCE cov: 49 ft: 333 corp: 91/1598b lim: 400 exec/s: 0 rss: 35Mb L: 16/34 MS: 4 ShuffleBytes-InsertByte-InsertByte-EraseBytes-
#59474	NEW    cov: 49 ft: 334 corp: 92/1630b lim: 400 exec/s: 0 rss: 35Mb L: 32/34 MS: 4 CrossOver-PersAutoDict-CrossOver-CopyPart- DE: "\0016"-
#60091	REDUCE cov: 49 ft: 334 corp: 92/1628b lim: 400 exec/s: 0 rss: 35Mb L: 16/34 MS: 2 InsertByte-EraseBytes-
#60658	NEW    cov: 49 ft: 335 corp: 93/1646b lim: 400 exec/s: 0 rss: 35Mb L: 18/34 MS: 2 ShuffleBytes-CrossOver-
#60686	NEW    cov: 49 ft: 336 corp: 94/1664b lim: 400 exec/s: 0 rss: 35Mb L: 18/34 MS: 3 CopyPart-ShuffleBytes-CrossOver-
#61194	REDUCE cov: 49 ft: 336 corp: 94/1663b lim: 400 exec/s: 0 rss: 35Mb L: 15/34 MS: 3 InsertByte-CopyPart-EraseBytes-
#65145	NEW    cov: 49 ft: 337 corp: 95/1681b lim: 432 exec/s: 0 rss: 35Mb L: 18/34 MS: 1 ChangeBit-
#67666	NEW    cov: 50 ft: 340 corp: 96/1699b lim: 456 exec/s: 0 rss: 35Mb L: 18/34 MS: 1 ChangeBinInt-
#70377	NEW    cov: 50 ft: 341 corp: 97/1717b lim: 480 exec/s: 0 rss: 35Mb L: 18/34 MS: 1 CopyPart-
#71101	REDUCE cov: 50 ft: 341 corp: 97/1716b lim: 480 exec/s: 0 rss: 35Mb L: 16/34 MS: 4 ShuffleBytes-ChangeByte-ChangeASCIIInt-EraseBytes-
#71368	NEW    cov: 50 ft: 346 corp: 98/1734b lim: 480 exec/s: 0 rss: 35Mb L: 18/34 MS: 2 CopyPart-ChangeBit-
#76069	NEW    cov: 50 ft: 347 corp: 99/1752b lim: 521 exec/s: 0 rss: 35Mb L: 18/34 MS: 1 ChangeBit-
#79151	NEW    cov: 50 ft: 348 corp: 100/1770b lim: 548 exec/s: 0 rss: 35Mb L: 18/34 MS: 2 ChangeByte-ChangeBit-
#79707	NEW    cov: 50 ft: 349 corp: 101/1788b lim: 548 exec/s: 0 rss: 35Mb L: 18/34 MS: 1 ChangeBit-
#80921	REDUCE cov: 50 ft: 350 corp: 102/1804b lim: 557 exec/s: 0 rss: 35Mb L: 16/34 MS: 4 CopyPart-CMP-ChangeBit-ChangeBit- DE: "8\000\000\000"-
#82398	NEW    cov: 50 ft: 352 corp: 103/1822b lim: 566 exec/s: 0 rss: 35Mb L: 18/34 MS: 2 ShuffleBytes-ShuffleBytes-
#90376	NEW    cov: 50 ft: 353 corp: 104/1840b lim: 638 exec/s: 0 rss: 35Mb L: 18/34 MS: 3 ShuffleBytes-ChangeBit-ChangeBit-
#93177	NEW    cov: 50 ft: 354 corp: 105/1858b lim: 665 exec/s: 0 rss: 35Mb L: 18/34 MS: 1 ChangeBit-
#93753	REDUCE cov: 50 ft: 354 corp: 105/1857b lim: 665 exec/s: 0 rss: 35Mb L: 15/34 MS: 1 EraseBytes-
#95334	NEW    cov: 50 ft: 356 corp: 106/1875b lim: 674 exec/s: 0 rss: 35Mb L: 18/34 MS: 1 ChangeBit-
#99497	REDUCE cov: 50 ft: 357 corp: 107/1890b lim: 710 exec/s: 0 rss: 35Mb L: 15/34 MS: 3 PersAutoDict-InsertByte-EraseBytes- DE: "6\000\000\000"-
#100768	NEW    cov: 50 ft: 358 corp: 108/1908b lim: 719 exec/s: 0 rss: 35Mb L: 18/34 MS: 1 CopyPart-
#101629	NEW    cov: 50 ft: 359 corp: 109/1926b lim: 719 exec/s: 0 rss: 35Mb L: 18/34 MS: 1 ChangeByte-
#103601	NEW    cov: 50 ft: 360 corp: 110/1958b lim: 737 exec/s: 0 rss: 35Mb L: 32/34 MS: 2 ChangeASCIIInt-CrossOver-
#104392	NEW    cov: 50 ft: 371 corp: 111/1990b lim: 737 exec/s: 0 rss: 35Mb L: 32/34 MS: 1 ChangeASCIIInt-
#105473	NEW    cov: 50 ft: 372 corp: 112/2022b lim: 746 exec/s: 0 rss: 35Mb L: 32/34 MS: 1 ChangeASCIIInt-
#113578	NEW    cov: 50 ft: 373 corp: 113/2040b lim: 818 exec/s: 0 rss: 35Mb L: 18/34 MS: 5 ChangeBinInt-ChangeBinInt-ShuffleBytes-ChangeBinInt-ChangeBinInt-
#115619	NEW    cov: 50 ft: 375 corp: 114/2072b lim: 836 exec/s: 0 rss: 35Mb L: 32/34 MS: 1 ChangeBit-
#116440	NEW    cov: 50 ft: 376 corp: 115/2090b lim: 836 exec/s: 0 rss: 35Mb L: 18/34 MS: 1 ChangeByte-
#125993	REDUCE cov: 50 ft: 376 corp: 115/2088b lim: 926 exec/s: 0 rss: 35Mb L: 16/34 MS: 3 ChangeByte-CrossOver-EraseBytes-
#126092	NEW    cov: 50 ft: 378 corp: 116/2106b lim: 926 exec/s: 0 rss: 35Mb L: 18/34 MS: 4 ChangeASCIIInt-CrossOver-CopyPart-EraseBytes-
#132635	NEW    cov: 50 ft: 379 corp: 117/2124b lim: 989 exec/s: 0 rss: 35Mb L: 18/34 MS: 3 ChangeBinInt-ChangeBinInt-CopyPart-
#135426	NEW    cov: 50 ft: 380 corp: 118/2142b lim: 1016 exec/s: 0 rss: 35Mb L: 18/34 MS: 1 ChangeByte-
#139177	NEW    cov: 50 ft: 381 corp: 119/2160b lim: 1045 exec/s: 0 rss: 35Mb L: 18/34 MS: 1 ChangeByte-
#147853	NEW    cov: 50 ft: 387 corp: 120/2192b lim: 1125 exec/s: 0 rss: 35Mb L: 32/34 MS: 1 CrossOver-
#154734	NEW    cov: 50 ft: 388 corp: 121/2210b lim: 1185 exec/s: 0 rss: 35Mb L: 18/34 MS: 1 ShuffleBytes-
#164339	REDUCE cov: 50 ft: 388 corp: 121/2208b lim: 1275 exec/s: 0 rss: 35Mb L: 16/34 MS: 5 ChangeByte-ChangeASCIIInt-CopyPart-EraseBytes-InsertByte-
#168966	REDUCE cov: 50 ft: 388 corp: 121/2206b lim: 1315 exec/s: 0 rss: 35Mb L: 16/34 MS: 2 EraseBytes-ChangeBinInt-
#210932	NEW    cov: 50 ft: 389 corp: 122/2224b lim: 1725 exec/s: 0 rss: 35Mb L: 18/34 MS: 1 ChangeBit-
#211634	REDUCE cov: 50 ft: 389 corp: 122/2222b lim: 1725 exec/s: 0 rss: 35Mb L: 16/34 MS: 2 ChangeBit-EraseBytes-
#237619	REDUCE cov: 50 ft: 389 corp: 122/2220b lim: 1975 exec/s: 0 rss: 35Mb L: 19/34 MS: 5 PersAutoDict-ChangeASCIIInt-ChangeBinInt-InsertByte-EraseBytes- DE: "8\000\000\000"-
#238755	NEW    cov: 50 ft: 390 corp: 123/2238b lim: 1985 exec/s: 0 rss: 35Mb L: 18/34 MS: 1 ChangeBinInt-
#252279	REDUCE cov: 50 ft: 391 corp: 124/2255b lim: 2110 exec/s: 0 rss: 35Mb L: 17/34 MS: 4 ChangeASCIIInt-PersAutoDict-ShuffleBytes-ChangeBinInt- DE: "\0004"-
#253616	REDUCE cov: 50 ft: 391 corp: 124/2253b lim: 2121 exec/s: 0 rss: 35Mb L: 15/34 MS: 2 CMP-EraseBytes- DE: "6\000"-
#270700	REDUCE cov: 50 ft: 391 corp: 124/2249b lim: 2286 exec/s: 0 rss: 35Mb L: 18/34 MS: 4 ChangeByte-CopyPart-EraseBytes-CopyPart-
#282183	NEW    cov: 50 ft: 392 corp: 125/2267b lim: 2396 exec/s: 0 rss: 35Mb L: 18/34 MS: 3 CopyPart-ShuffleBytes-CopyPart-
#284254	NEW    cov: 50 ft: 394 corp: 126/2285b lim: 2407 exec/s: 0 rss: 35Mb L: 18/34 MS: 1 CopyPart-
#284421	NEW    cov: 50 ft: 396 corp: 127/2303b lim: 2407 exec/s: 0 rss: 35Mb L: 18/34 MS: 2 ChangeByte-ChangeByte-
#287400	NEW    cov: 50 ft: 397 corp: 128/2321b lim: 2429 exec/s: 0 rss: 35Mb L: 18/34 MS: 4 ChangeBit-ChangeByte-ChangeASCIIInt-ChangeByte-
#287436	NEW    cov: 50 ft: 398 corp: 129/2339b lim: 2429 exec/s: 0 rss: 35Mb L: 18/34 MS: 1 ChangeBit-
#288063	NEW    cov: 50 ft: 399 corp: 130/2357b lim: 2429 exec/s: 0 rss: 35Mb L: 18/34 MS: 2 ChangeByte-ChangeBit-
#288869	NEW    cov: 50 ft: 400 corp: 131/2375b lim: 2429 exec/s: 0 rss: 35Mb L: 18/34 MS: 1 ChangeBit-
#289140	NEW    cov: 50 ft: 401 corp: 132/2393b lim: 2429 exec/s: 0 rss: 35Mb L: 18/34 MS: 1 ChangeBit-
#293806	NEW    cov: 50 ft: 402 corp: 133/2411b lim: 2473 exec/s: 0 rss: 35Mb L: 18/34 MS: 1 ChangeASCIIInt-
#294522	NEW    cov: 50 ft: 403 corp: 134/2429b lim: 2473 exec/s: 0 rss: 35Mb L: 18/34 MS: 1 ChangeASCIIInt-
#295670	NEW    cov: 50 ft: 404 corp: 135/2447b lim: 2484 exec/s: 0 rss: 35Mb L: 18/34 MS: 3 PersAutoDict-PersAutoDict-ChangeBinInt- DE: "\0016"-"\0016"-
#297826	NEW    cov: 50 ft: 405 corp: 136/2465b lim: 2495 exec/s: 0 rss: 35Mb L: 18/34 MS: 1 ChangeASCIIInt-
#301882	NEW    cov: 50 ft: 406 corp: 137/2483b lim: 2528 exec/s: 0 rss: 35Mb L: 18/34 MS: 1 CopyPart-
#305083	NEW    cov: 50 ft: 407 corp: 138/2501b lim: 2550 exec/s: 0 rss: 35Mb L: 18/34 MS: 1 ChangeBit-
#306304	NEW    cov: 50 ft: 409 corp: 139/2519b lim: 2561 exec/s: 0 rss: 35Mb L: 18/34 MS: 1 CrossOver-
#306685	NEW    cov: 50 ft: 410 corp: 140/2537b lim: 2561 exec/s: 0 rss: 35Mb L: 18/34 MS: 1 CopyPart-
#307316	NEW    cov: 50 ft: 411 corp: 141/2555b lim: 2561 exec/s: 0 rss: 35Mb L: 18/34 MS: 1 ChangeBit-
#311499	NEW    cov: 50 ft: 412 corp: 142/2573b lim: 2594 exec/s: 0 rss: 35Mb L: 18/34 MS: 3 ChangeBit-CrossOver-ChangeBit-
#312120	NEW    cov: 50 ft: 413 corp: 143/2591b lim: 2594 exec/s: 0 rss: 35Mb L: 18/34 MS: 1 ChangeASCIIInt-
#312216	NEW    cov: 50 ft: 414 corp: 144/2609b lim: 2594 exec/s: 0 rss: 35Mb L: 18/34 MS: 1 CrossOver-
#312477	NEW    cov: 50 ft: 415 corp: 145/2627b lim: 2594 exec/s: 0 rss: 35Mb L: 18/34 MS: 1 ChangeASCIIInt-
#317793	NEW    cov: 50 ft: 416 corp: 146/2645b lim: 2638 exec/s: 0 rss: 35Mb L: 18/34 MS: 1 ChangeByte-
#319580	NEW    cov: 50 ft: 417 corp: 147/2663b lim: 2649 exec/s: 0 rss: 35Mb L: 18/34 MS: 2 ChangeBit-PersAutoDict- DE: "6\000"-
#324446	NEW    cov: 50 ft: 418 corp: 148/2681b lim: 2693 exec/s: 0 rss: 35Mb L: 18/34 MS: 1 CrossOver-
#328715	NEW    cov: 50 ft: 419 corp: 149/2699b lim: 2726 exec/s: 0 rss: 35Mb L: 18/34 MS: 4 ShuffleBytes-ChangeASCIIInt-ShuffleBytes-ChangeBinInt-
#330981	NEW    cov: 50 ft: 420 corp: 150/2717b lim: 2748 exec/s: 0 rss: 35Mb L: 18/34 MS: 1 CopyPart-
#339002	NEW    cov: 50 ft: 422 corp: 151/2735b lim: 2825 exec/s: 0 rss: 35Mb L: 18/34 MS: 1 CrossOver-
#351173	NEW    cov: 50 ft: 423 corp: 152/2753b lim: 2946 exec/s: 0 rss: 35Mb L: 18/34 MS: 1 ChangeASCIIInt-
#356541	REDUCE cov: 50 ft: 423 corp: 152/2751b lim: 2990 exec/s: 0 rss: 35Mb L: 16/34 MS: 3 EraseBytes-ChangeByte-InsertByte-
#364039	REDUCE cov: 50 ft: 423 corp: 152/2749b lim: 3056 exec/s: 0 rss: 35Mb L: 16/34 MS: 3 EraseBytes-ChangeBinInt-ChangeBit-
#405849	REDUCE cov: 50 ft: 424 corp: 153/2777b lim: 3463 exec/s: 405849 rss: 35Mb L: 28/34 MS: 4 CrossOver-CrossOver-ChangeBit-EraseBytes-
#413041	REDUCE cov: 50 ft: 424 corp: 153/2775b lim: 3529 exec/s: 413041 rss: 35Mb L: 16/34 MS: 2 CrossOver-EraseBytes-
#415381	REDUCE cov: 50 ft: 424 corp: 153/2773b lim: 3551 exec/s: 415381 rss: 35Mb L: 16/34 MS: 5 EraseBytes-PersAutoDict-EraseBytes-ChangeASCIIInt-ChangeByte- DE: "6\000"-
#432334	REDUCE cov: 50 ft: 424 corp: 153/2771b lim: 3716 exec/s: 432334 rss: 35Mb L: 17/34 MS: 3 EraseBytes-InsertByte-InsertByte-
#454646	REDUCE cov: 50 ft: 425 corp: 154/2787b lim: 3936 exec/s: 454646 rss: 35Mb L: 16/34 MS: 2 ChangeByte-ChangeByte-
#489945	REDUCE cov: 50 ft: 425 corp: 154/2785b lim: 4096 exec/s: 489945 rss: 35Mb L: 16/34 MS: 4 EraseBytes-CopyPart-ShuffleBytes-InsertByte-
#517951	NEW    cov: 50 ft: 428 corp: 155/2803b lim: 4096 exec/s: 517951 rss: 35Mb L: 18/34 MS: 1 CopyPart-
#523649	REDUCE cov: 50 ft: 428 corp: 155/2801b lim: 4096 exec/s: 523649 rss: 35Mb L: 16/34 MS: 3 ChangeBit-ChangeByte-EraseBytes-
panic: found special char in iban [recovered]
	panic: found special char in iban

goroutine 17 [running, locked to thread]:
git.ultraware.nl/iddinkgroep/fundament-api.Fuzz.func1()
	git.ultraware.nl/iddinkgroep/fundament-api/fuzz.go:19 +0xa5
panic({0x5568171c6760?, 0x5568171d9c70?})
	runtime/panic.go:914 +0x21f
git.ultraware.nl/iddinkgroep/fundament-api.Fuzz({0xc00001c960, 0x12})
	git.ultraware.nl/iddinkgroep/fundament-api/fuzz.go:34 +0x2b9
git.ultraware.nl/iddinkgroep/fundament-api.Fuzz_(...)
	git.ultraware.nl/iddinkgroep/fundament-api/fuzz.1527825026.go:6
main.LLVMFuzzerTestOneInput(...)
	./main.170485750.go:21
==9874== ERROR: libFuzzer: deadly signal
    #0 0x5568170e9630 in __sanitizer_print_stack_trace (/seedai/experiments/libfuzzer/source_iban/libfuzzer+0xaf630) (BuildId: 688cb25bec4564588da2a67f6a2b25148a0fd5d4)
    #1 0x5568170b5755 in fuzzer::PrintStackTrace() (/seedai/experiments/libfuzzer/source_iban/libfuzzer+0x7b755) (BuildId: 688cb25bec4564588da2a67f6a2b25148a0fd5d4)
    #2 0x5568170943a9 in fuzzer::Fuzzer::CrashCallback() (.part.0) FuzzerLoop.cpp.o
    #3 0x55681709446a in fuzzer::Fuzzer::StaticCrashSignalCallback() (/seedai/experiments/libfuzzer/source_iban/libfuzzer+0x5a46a) (BuildId: 688cb25bec4564588da2a67f6a2b25148a0fd5d4)
    #4 0x7f2dfd36d70f  (/usr/lib/libc.so.6+0x3e70f) (BuildId: 316d0d3666387f0e8fb98773f51aa1801027c5ab)
    #5 0x556817149160 in runtime.raise.abi0 runtime/sys_linux_amd64.s:153

NOTE: libFuzzer has rudimentary signal handlers.
      Combine libFuzzer with AddressSanitizer or similar for better crash reports.
SUMMARY: libFuzzer: deadly signal
MS: 1 CopyPart-; base unit: 5b4727af1e474f642b0fc3a13c47172877c40371
0x4e,0x4c,0x39,0x31,0x2d,0x30,0x30,0x30,0x30,0x30,0x30,0x30,0x30,0x4c,0x39,0x31,0x4a,0x56,
NL91-00000000L91JV
artifact_prefix='./'; Test unit written to ./crash-b6c806d01de7bb55a213ca274f585f5a9028966f
Base64: Tkw5MS0wMDAwMDAwMEw5MUpW
