INFO: Running with entropic power schedule (0xFF, 100).
INFO: Seed: 1607326935
INFO: Loaded 1 modules   (70 inline 8-bit counters): 70 [0x562a64a5b030, 0x562a64a5b076), 
INFO: Loaded 1 PC tables (70 PCs): 70 [0xc000068000,0xc000068460), 
INFO:       11 files found in corpus
INFO: -max_len is not provided; libFuzzer will not generate inputs larger than 4096 bytes
INFO: seed corpus: files: 11 min: 1b max: 200b total: 554b rss: 29Mb
#12	INITED cov: 13 ft: 34 corp: 6/73b exec/s: 0 rss: 29Mb
#21	NEW    cov: 13 ft: 35 corp: 7/75b lim: 21 exec/s: 0 rss: 29Mb L: 2/21 MS: 4 ShuffleBytes-ChangeASCIIInt-CrossOver-InsertByte-
#32	NEW    cov: 13 ft: 36 corp: 8/91b lim: 21 exec/s: 0 rss: 29Mb L: 16/21 MS: 1 InsertRepeatedBytes-
#38	NEW    cov: 13 ft: 38 corp: 9/105b lim: 21 exec/s: 0 rss: 29Mb L: 14/21 MS: 1 CrossOver-
#55	NEW    cov: 13 ft: 42 corp: 10/120b lim: 21 exec/s: 0 rss: 29Mb L: 15/21 MS: 2 ChangeASCIIInt-EraseBytes-
#63	NEW    cov: 13 ft: 44 corp: 11/141b lim: 21 exec/s: 0 rss: 29Mb L: 21/21 MS: 3 InsertRepeatedBytes-CrossOver-CopyPart-
#101	NEW    cov: 13 ft: 45 corp: 12/152b lim: 21 exec/s: 0 rss: 30Mb L: 11/21 MS: 3 ChangeByte-CrossOver-EraseBytes-
#108	NEW    cov: 13 ft: 46 corp: 13/169b lim: 21 exec/s: 0 rss: 30Mb L: 17/21 MS: 2 InsertByte-InsertByte-
#134	NEW    cov: 13 ft: 47 corp: 14/188b lim: 21 exec/s: 0 rss: 30Mb L: 19/21 MS: 1 InsertRepeatedBytes-
#141	REDUCE cov: 13 ft: 47 corp: 14/187b lim: 21 exec/s: 0 rss: 30Mb L: 10/21 MS: 2 InsertRepeatedBytes-CrossOver-
#154	NEW    cov: 25 ft: 92 corp: 15/205b lim: 21 exec/s: 0 rss: 30Mb L: 18/21 MS: 3 ShuffleBytes-CopyPart-ChangeBinInt-
#184	REDUCE cov: 25 ft: 93 corp: 16/225b lim: 21 exec/s: 0 rss: 30Mb L: 20/21 MS: 5 ShuffleBytes-EraseBytes-InsertRepeatedBytes-ShuffleBytes-CrossOver-
#199	NEW    cov: 25 ft: 97 corp: 17/244b lim: 21 exec/s: 0 rss: 30Mb L: 19/21 MS: 5 ChangeASCIIInt-ChangeByte-ChangeBinInt-CrossOver-ChangeBit-
#205	NEW    cov: 25 ft: 98 corp: 18/265b lim: 21 exec/s: 0 rss: 30Mb L: 21/21 MS: 1 CopyPart-
#271	NEW    cov: 25 ft: 100 corp: 19/286b lim: 21 exec/s: 0 rss: 30Mb L: 21/21 MS: 1 InsertRepeatedBytes-
#318	NEW    cov: 25 ft: 101 corp: 20/304b lim: 21 exec/s: 0 rss: 30Mb L: 18/21 MS: 2 CopyPart-CrossOver-
#355	NEW    cov: 25 ft: 103 corp: 21/325b lim: 21 exec/s: 0 rss: 30Mb L: 21/21 MS: 2 ChangeByte-InsertRepeatedBytes-
#423	NEW    cov: 25 ft: 104 corp: 22/346b lim: 21 exec/s: 0 rss: 30Mb L: 21/21 MS: 3 CrossOver-ShuffleBytes-CrossOver-
#431	NEW    cov: 25 ft: 105 corp: 23/365b lim: 21 exec/s: 0 rss: 30Mb L: 19/21 MS: 3 ShuffleBytes-CopyPart-CrossOver-
#517	NEW    cov: 30 ft: 121 corp: 24/386b lim: 21 exec/s: 0 rss: 30Mb L: 21/21 MS: 1 CopyPart-
#603	REDUCE cov: 30 ft: 121 corp: 24/385b lim: 21 exec/s: 0 rss: 30Mb L: 9/21 MS: 1 EraseBytes-
#611	NEW    cov: 30 ft: 122 corp: 25/406b lim: 21 exec/s: 0 rss: 30Mb L: 21/21 MS: 3 ChangeBinInt-EraseBytes-InsertRepeatedBytes-
#633	REDUCE cov: 30 ft: 122 corp: 25/403b lim: 21 exec/s: 0 rss: 30Mb L: 17/21 MS: 2 EraseBytes-InsertRepeatedBytes-
#634	NEW    cov: 30 ft: 135 corp: 26/424b lim: 21 exec/s: 0 rss: 30Mb L: 21/21 MS: 1 CopyPart-
#726	NEW    cov: 30 ft: 136 corp: 27/445b lim: 21 exec/s: 0 rss: 30Mb L: 21/21 MS: 2 ChangeByte-ChangeBit-
#780	NEW    cov: 30 ft: 149 corp: 28/465b lim: 21 exec/s: 0 rss: 30Mb L: 20/21 MS: 4 CrossOver-CopyPart-ChangeBit-EraseBytes-
#867	NEW    cov: 30 ft: 150 corp: 29/486b lim: 21 exec/s: 0 rss: 30Mb L: 21/21 MS: 2 ShuffleBytes-ChangeBit-
#884	REDUCE cov: 30 ft: 150 corp: 29/483b lim: 21 exec/s: 0 rss: 30Mb L: 18/21 MS: 2 ShuffleBytes-EraseBytes-
#885	NEW    cov: 30 ft: 152 corp: 30/504b lim: 21 exec/s: 0 rss: 30Mb L: 21/21 MS: 1 ChangeBit-
#906	NEW    cov: 30 ft: 154 corp: 31/524b lim: 21 exec/s: 0 rss: 30Mb L: 20/21 MS: 1 ChangeASCIIInt-
#1028	REDUCE cov: 30 ft: 154 corp: 31/522b lim: 21 exec/s: 0 rss: 30Mb L: 19/21 MS: 2 CrossOver-InsertByte-
#1091	NEW    cov: 30 ft: 155 corp: 32/543b lim: 21 exec/s: 0 rss: 30Mb L: 21/21 MS: 3 ChangeASCIIInt-CopyPart-ChangeBinInt-
#1118	REDUCE cov: 30 ft: 155 corp: 32/542b lim: 21 exec/s: 0 rss: 30Mb L: 3/21 MS: 2 ChangeByte-EraseBytes-
#1144	REDUCE cov: 30 ft: 155 corp: 32/541b lim: 21 exec/s: 0 rss: 30Mb L: 16/21 MS: 1 EraseBytes-
#1185	NEW    cov: 30 ft: 157 corp: 33/562b lim: 21 exec/s: 0 rss: 30Mb L: 21/21 MS: 1 ChangeASCIIInt-
#1195	REDUCE cov: 30 ft: 157 corp: 33/560b lim: 21 exec/s: 0 rss: 30Mb L: 16/21 MS: 5 ChangeByte-ShuffleBytes-ChangeByte-CrossOver-InsertRepeatedBytes-
#1203	REDUCE cov: 30 ft: 157 corp: 33/559b lim: 21 exec/s: 0 rss: 30Mb L: 18/21 MS: 3 CrossOver-ShuffleBytes-CrossOver-
#1382	NEW    cov: 30 ft: 159 corp: 34/580b lim: 21 exec/s: 0 rss: 30Mb L: 21/21 MS: 4 CMP-ChangeBit-ChangeBit-ChangeASCIIInt- DE: "\001\000"-
#1419	NEW    cov: 30 ft: 160 corp: 35/598b lim: 21 exec/s: 0 rss: 30Mb L: 18/21 MS: 2 EraseBytes-ChangeBit-
#1436	NEW    cov: 30 ft: 161 corp: 36/619b lim: 21 exec/s: 0 rss: 30Mb L: 21/21 MS: 2 EraseBytes-CrossOver-
#1462	NEW    cov: 30 ft: 162 corp: 37/639b lim: 21 exec/s: 0 rss: 30Mb L: 20/21 MS: 1 CopyPart-
#1606	REDUCE cov: 30 ft: 162 corp: 37/636b lim: 21 exec/s: 0 rss: 30Mb L: 15/21 MS: 4 ChangeByte-PersAutoDict-ChangeASCIIInt-EraseBytes- DE: "\001\000"-
#1622	NEW    cov: 30 ft: 163 corp: 38/656b lim: 21 exec/s: 0 rss: 30Mb L: 20/21 MS: 1 CrossOver-
#1668	NEW    cov: 30 ft: 166 corp: 39/676b lim: 21 exec/s: 0 rss: 30Mb L: 20/21 MS: 1 CopyPart-
#1671	REDUCE cov: 30 ft: 166 corp: 39/675b lim: 21 exec/s: 0 rss: 30Mb L: 8/21 MS: 3 ChangeByte-EraseBytes-PersAutoDict- DE: "\001\000"-
#1697	NEW    cov: 30 ft: 168 corp: 40/696b lim: 21 exec/s: 0 rss: 30Mb L: 21/21 MS: 1 ChangeASCIIInt-
#1710	REDUCE cov: 30 ft: 168 corp: 40/695b lim: 21 exec/s: 0 rss: 30Mb L: 20/21 MS: 3 ShuffleBytes-PersAutoDict-EraseBytes- DE: "\001\000"-
#1739	NEW    cov: 30 ft: 170 corp: 41/716b lim: 21 exec/s: 0 rss: 30Mb L: 21/21 MS: 4 ChangeASCIIInt-ChangeByte-PersAutoDict-ChangeByte- DE: "\001\000"-
#1780	NEW    cov: 30 ft: 171 corp: 42/737b lim: 21 exec/s: 0 rss: 30Mb L: 21/21 MS: 1 CopyPart-
#2026	NEW    cov: 30 ft: 173 corp: 43/758b lim: 21 exec/s: 0 rss: 30Mb L: 21/21 MS: 1 ChangeASCIIInt-
#2238	NEW    cov: 30 ft: 175 corp: 44/778b lim: 21 exec/s: 0 rss: 30Mb L: 20/21 MS: 2 ChangeASCIIInt-ShuffleBytes-
#2243	NEW    cov: 30 ft: 176 corp: 45/793b lim: 21 exec/s: 0 rss: 30Mb L: 15/21 MS: 5 EraseBytes-CMP-CrossOver-CrossOver-CMP- DE: "\000\000\000\000"-"\000\000\000\000"-
#2306	NEW    cov: 30 ft: 178 corp: 46/814b lim: 21 exec/s: 0 rss: 30Mb L: 21/21 MS: 3 ChangeASCIIInt-CopyPart-ShuffleBytes-
#2393	NEW    cov: 32 ft: 188 corp: 47/835b lim: 21 exec/s: 0 rss: 30Mb L: 21/21 MS: 2 CopyPart-CopyPart-
#2584	REDUCE cov: 32 ft: 189 corp: 48/850b lim: 21 exec/s: 0 rss: 31Mb L: 15/21 MS: 1 CopyPart-
#2643	REDUCE cov: 32 ft: 189 corp: 48/849b lim: 21 exec/s: 0 rss: 31Mb L: 20/21 MS: 4 CrossOver-CrossOver-CopyPart-CrossOver-
#2654	NEW    cov: 32 ft: 190 corp: 49/870b lim: 21 exec/s: 0 rss: 31Mb L: 21/21 MS: 1 ChangeASCIIInt-
#2665	NEW    cov: 32 ft: 191 corp: 50/891b lim: 21 exec/s: 0 rss: 31Mb L: 21/21 MS: 1 CrossOver-
#2961	NEW    cov: 32 ft: 192 corp: 51/912b lim: 21 exec/s: 0 rss: 31Mb L: 21/21 MS: 1 ChangeBit-
#3040	REDUCE cov: 32 ft: 192 corp: 51/910b lim: 21 exec/s: 0 rss: 31Mb L: 19/21 MS: 4 ChangeBit-ChangeBit-EraseBytes-InsertByte-
#3097	NEW    cov: 32 ft: 193 corp: 52/930b lim: 21 exec/s: 0 rss: 31Mb L: 20/21 MS: 2 PersAutoDict-ChangeBinInt- DE: "\001\000"-
#3453	NEW    cov: 32 ft: 194 corp: 53/951b lim: 21 exec/s: 0 rss: 31Mb L: 21/21 MS: 1 ShuffleBytes-
#3489	REDUCE cov: 32 ft: 194 corp: 53/950b lim: 21 exec/s: 0 rss: 31Mb L: 18/21 MS: 1 EraseBytes-
#3500	NEW    cov: 32 ft: 195 corp: 54/971b lim: 21 exec/s: 0 rss: 31Mb L: 21/21 MS: 1 ChangeASCIIInt-
#3544	NEW    cov: 32 ft: 196 corp: 55/992b lim: 21 exec/s: 0 rss: 31Mb L: 21/21 MS: 4 InsertRepeatedBytes-CrossOver-CopyPart-CopyPart-
#3555	NEW    cov: 32 ft: 197 corp: 56/1013b lim: 21 exec/s: 0 rss: 31Mb L: 21/21 MS: 1 ChangeBinInt-
#3606	NEW    cov: 32 ft: 198 corp: 57/1034b lim: 21 exec/s: 0 rss: 31Mb L: 21/21 MS: 1 ShuffleBytes-
#3649	REDUCE cov: 32 ft: 198 corp: 57/1033b lim: 21 exec/s: 0 rss: 31Mb L: 15/21 MS: 3 CopyPart-CopyPart-EraseBytes-
#3720	NEW    cov: 33 ft: 199 corp: 58/1054b lim: 21 exec/s: 0 rss: 31Mb L: 21/21 MS: 1 ChangeByte-
#3876	NEW    cov: 33 ft: 202 corp: 59/1075b lim: 21 exec/s: 0 rss: 31Mb L: 21/21 MS: 1 CopyPart-
#4029	NEW    cov: 33 ft: 204 corp: 60/1095b lim: 21 exec/s: 0 rss: 31Mb L: 20/21 MS: 3 ChangeBit-ChangeBit-ChangeASCIIInt-
#4083	NEW    cov: 33 ft: 206 corp: 61/1116b lim: 21 exec/s: 0 rss: 31Mb L: 21/21 MS: 4 ShuffleBytes-ChangeBit-ChangeBinInt-CrossOver-
#4124	NEW    cov: 33 ft: 207 corp: 62/1137b lim: 21 exec/s: 0 rss: 31Mb L: 21/21 MS: 1 CopyPart-
#4724	REDUCE cov: 33 ft: 207 corp: 62/1134b lim: 25 exec/s: 0 rss: 31Mb L: 18/21 MS: 5 ChangeASCIIInt-InsertByte-ChangeByte-ChangeBinInt-EraseBytes-
#4738	REDUCE cov: 33 ft: 207 corp: 62/1132b lim: 25 exec/s: 0 rss: 31Mb L: 18/21 MS: 4 EraseBytes-ShuffleBytes-ChangeBit-ChangeBit-
#5011	REDUCE cov: 33 ft: 207 corp: 62/1130b lim: 25 exec/s: 0 rss: 31Mb L: 19/21 MS: 3 ChangeByte-EraseBytes-PersAutoDict- DE: "\001\000"-
#5455	NEW    cov: 33 ft: 208 corp: 63/1157b lim: 29 exec/s: 0 rss: 31Mb L: 27/27 MS: 4 EraseBytes-CopyPart-PersAutoDict-InsertRepeatedBytes- DE: "\000\000\000\000"-
#5468	NEW    cov: 33 ft: 209 corp: 64/1186b lim: 29 exec/s: 0 rss: 31Mb L: 29/29 MS: 3 ChangeASCIIInt-InsertRepeatedBytes-CrossOver-
#5952	NEW    cov: 33 ft: 210 corp: 65/1218b lim: 33 exec/s: 0 rss: 31Mb L: 32/32 MS: 4 ChangeASCIIInt-ChangeByte-ChangeBinInt-InsertRepeatedBytes-
#5956	NEW    cov: 33 ft: 211 corp: 66/1251b lim: 33 exec/s: 0 rss: 31Mb L: 33/33 MS: 4 CopyPart-InsertRepeatedBytes-InsertByte-InsertByte-
#6243	NEW    cov: 33 ft: 212 corp: 67/1272b lim: 33 exec/s: 0 rss: 31Mb L: 21/33 MS: 2 ShuffleBytes-ChangeByte-
#6557	REDUCE cov: 33 ft: 212 corp: 67/1271b lim: 33 exec/s: 0 rss: 32Mb L: 31/33 MS: 4 PersAutoDict-CrossOver-ChangeByte-CopyPart- DE: "\000\000\000\000"-
#6890	REDUCE cov: 33 ft: 212 corp: 67/1270b lim: 33 exec/s: 0 rss: 32Mb L: 18/33 MS: 3 ShuffleBytes-CrossOver-EraseBytes-
#6923	REDUCE cov: 33 ft: 212 corp: 67/1269b lim: 33 exec/s: 0 rss: 32Mb L: 20/33 MS: 3 CMP-PersAutoDict-EraseBytes- DE: "\024\000\000\000\000\000\000\000"-"\000\000\000\000"-
#7474	NEW    cov: 46 ft: 271 corp: 68/1290b lim: 38 exec/s: 0 rss: 32Mb L: 21/33 MS: 1 ChangeByte-
#7485	NEW    cov: 46 ft: 273 corp: 69/1311b lim: 38 exec/s: 0 rss: 32Mb L: 21/33 MS: 1 CopyPart-
#7497	NEW    cov: 46 ft: 275 corp: 70/1345b lim: 38 exec/s: 0 rss: 32Mb L: 34/34 MS: 2 EraseBytes-InsertRepeatedBytes-
#7653	NEW    cov: 46 ft: 276 corp: 71/1366b lim: 38 exec/s: 0 rss: 32Mb L: 21/34 MS: 1 ShuffleBytes-
#8609	NEW    cov: 46 ft: 277 corp: 72/1387b lim: 43 exec/s: 0 rss: 32Mb L: 21/34 MS: 1 ChangeBit-
#8926	NEW    cov: 46 ft: 278 corp: 73/1410b lim: 43 exec/s: 0 rss: 32Mb L: 23/34 MS: 2 ShuffleBytes-CMP- DE: "\036\000\000\000\000\000\000\000"-
#9467	NEW    cov: 46 ft: 279 corp: 74/1434b lim: 48 exec/s: 0 rss: 32Mb L: 24/34 MS: 1 EraseBytes-
#10668	NEW    cov: 46 ft: 281 corp: 75/1455b lim: 58 exec/s: 0 rss: 33Mb L: 21/34 MS: 1 ShuffleBytes-
#12844	NEW    cov: 46 ft: 282 corp: 76/1475b lim: 74 exec/s: 0 rss: 33Mb L: 20/34 MS: 1 ChangeBinInt-
#13012	REDUCE cov: 46 ft: 282 corp: 76/1474b lim: 74 exec/s: 0 rss: 33Mb L: 17/34 MS: 3 EraseBytes-ChangeBinInt-ChangeBit-
#14104	NEW    cov: 46 ft: 283 corp: 77/1495b lim: 80 exec/s: 0 rss: 33Mb L: 21/34 MS: 2 ChangeASCIIInt-ShuffleBytes-
#14806	REDUCE cov: 46 ft: 283 corp: 77/1494b lim: 86 exec/s: 0 rss: 33Mb L: 17/34 MS: 2 EraseBytes-InsertByte-
#15374	REDUCE cov: 46 ft: 283 corp: 77/1492b lim: 86 exec/s: 0 rss: 34Mb L: 18/34 MS: 3 CrossOver-InsertByte-EraseBytes-
#16640	NEW    cov: 46 ft: 284 corp: 78/1513b lim: 98 exec/s: 0 rss: 34Mb L: 21/34 MS: 1 ChangeBit-
#17348	REDUCE cov: 46 ft: 284 corp: 78/1509b lim: 104 exec/s: 0 rss: 34Mb L: 15/34 MS: 3 EraseBytes-ChangeBit-ChangeBinInt-
#17707	REDUCE cov: 46 ft: 284 corp: 78/1508b lim: 104 exec/s: 0 rss: 34Mb L: 20/34 MS: 4 ChangeBit-CopyPart-ChangeByte-EraseBytes-
#18108	REDUCE cov: 46 ft: 285 corp: 79/1523b lim: 104 exec/s: 0 rss: 34Mb L: 15/34 MS: 1 ChangeByte-
#19717	REDUCE cov: 46 ft: 285 corp: 79/1519b lim: 116 exec/s: 0 rss: 34Mb L: 16/34 MS: 4 EraseBytes-ChangeByte-ShuffleBytes-InsertByte-
#20516	REDUCE cov: 46 ft: 285 corp: 79/1518b lim: 122 exec/s: 0 rss: 34Mb L: 16/34 MS: 4 InsertByte-CopyPart-EraseBytes-ChangeByte-
#23247	NEW    cov: 47 ft: 293 corp: 80/1539b lim: 149 exec/s: 0 rss: 34Mb L: 21/34 MS: 1 ChangeASCIIInt-
#24576	NEW    cov: 47 ft: 294 corp: 81/1555b lim: 156 exec/s: 0 rss: 34Mb L: 16/34 MS: 4 InsertByte-ChangeBinInt-EraseBytes-ChangeBit-
#33167	NEW    cov: 47 ft: 296 corp: 82/1576b lim: 240 exec/s: 0 rss: 34Mb L: 21/34 MS: 1 ChangeASCIIInt-
#34413	NEW    cov: 47 ft: 303 corp: 83/1597b lim: 247 exec/s: 0 rss: 35Mb L: 21/34 MS: 1 ChangeBit-
#38639	NEW    cov: 47 ft: 306 corp: 84/1618b lim: 285 exec/s: 0 rss: 35Mb L: 21/34 MS: 1 ChangeBit-
#44530	NEW    cov: 47 ft: 307 corp: 85/1639b lim: 341 exec/s: 0 rss: 35Mb L: 21/34 MS: 1 ChangeBit-
#46309	REDUCE cov: 47 ft: 307 corp: 85/1638b lim: 357 exec/s: 0 rss: 35Mb L: 18/34 MS: 4 ShuffleBytes-InsertByte-EraseBytes-EraseBytes-
#48174	REDUCE cov: 47 ft: 307 corp: 85/1637b lim: 373 exec/s: 0 rss: 35Mb L: 15/34 MS: 5 CrossOver-EraseBytes-ChangeASCIIInt-InsertByte-InsertByte-
#50772	REDUCE cov: 47 ft: 307 corp: 85/1635b lim: 397 exec/s: 0 rss: 35Mb L: 16/34 MS: 3 ChangeByte-EraseBytes-CopyPart-
#55298	REDUCE cov: 47 ft: 307 corp: 85/1634b lim: 437 exec/s: 0 rss: 35Mb L: 20/34 MS: 1 EraseBytes-
#56469	REDUCE cov: 47 ft: 307 corp: 85/1633b lim: 445 exec/s: 0 rss: 35Mb L: 20/34 MS: 1 EraseBytes-
#60530	NEW    cov: 47 ft: 309 corp: 86/1654b lim: 485 exec/s: 0 rss: 35Mb L: 21/34 MS: 1 ChangeBit-
#61147	REDUCE cov: 47 ft: 309 corp: 86/1653b lim: 485 exec/s: 0 rss: 35Mb L: 20/34 MS: 2 CopyPart-EraseBytes-
#62218	REDUCE cov: 47 ft: 309 corp: 86/1652b lim: 493 exec/s: 0 rss: 35Mb L: 18/34 MS: 1 EraseBytes-
#62710	REDUCE cov: 47 ft: 311 corp: 87/1672b lim: 493 exec/s: 0 rss: 35Mb L: 20/34 MS: 2 ChangeBit-CrossOver-
#66377	REDUCE cov: 47 ft: 311 corp: 87/1671b lim: 526 exec/s: 0 rss: 35Mb L: 20/34 MS: 2 CrossOver-EraseBytes-
#66415	REDUCE cov: 47 ft: 311 corp: 87/1666b lim: 526 exec/s: 0 rss: 35Mb L: 16/34 MS: 3 EraseBytes-EraseBytes-CrossOver-
#70793	REDUCE cov: 47 ft: 311 corp: 87/1665b lim: 562 exec/s: 0 rss: 35Mb L: 20/34 MS: 3 PersAutoDict-PersAutoDict-CrossOver- DE: "\001\000"-"\024\000\000\000\000\000\000\000"-
#74760	REDUCE cov: 47 ft: 311 corp: 87/1663b lim: 598 exec/s: 0 rss: 35Mb L: 16/34 MS: 2 EraseBytes-ChangeByte-
#80419	REDUCE cov: 47 ft: 311 corp: 87/1662b lim: 652 exec/s: 0 rss: 35Mb L: 15/34 MS: 4 ChangeASCIIInt-ShuffleBytes-ShuffleBytes-EraseBytes-
#80462	REDUCE cov: 47 ft: 311 corp: 87/1661b lim: 652 exec/s: 0 rss: 35Mb L: 20/34 MS: 3 InsertByte-ChangeBinInt-EraseBytes-
#82019	REDUCE cov: 47 ft: 313 corp: 88/1681b lim: 661 exec/s: 0 rss: 35Mb L: 20/34 MS: 2 ShuffleBytes-ChangeBit-
#85097	REDUCE cov: 47 ft: 313 corp: 88/1679b lim: 688 exec/s: 0 rss: 35Mb L: 15/34 MS: 3 EraseBytes-EraseBytes-CMP- DE: "\377\377\377\377\377\377\377;"-
#85997	REDUCE cov: 47 ft: 313 corp: 88/1678b lim: 688 exec/s: 0 rss: 35Mb L: 19/34 MS: 5 ChangeBit-EraseBytes-ShuffleBytes-InsertByte-PersAutoDict- DE: "\000\000\000\000"-
#87548	REDUCE cov: 47 ft: 313 corp: 88/1677b lim: 697 exec/s: 0 rss: 35Mb L: 20/34 MS: 1 EraseBytes-
#88908	REDUCE cov: 47 ft: 313 corp: 88/1676b lim: 706 exec/s: 0 rss: 35Mb L: 20/34 MS: 5 InsertRepeatedBytes-EraseBytes-ChangeByte-ShuffleBytes-CrossOver-
#93164	REDUCE cov: 47 ft: 313 corp: 88/1674b lim: 742 exec/s: 0 rss: 35Mb L: 15/34 MS: 1 EraseBytes-
#94486	REDUCE cov: 47 ft: 313 corp: 88/1672b lim: 751 exec/s: 0 rss: 35Mb L: 18/34 MS: 2 InsertByte-EraseBytes-
#95533	REDUCE cov: 47 ft: 313 corp: 88/1671b lim: 760 exec/s: 0 rss: 35Mb L: 20/34 MS: 2 InsertByte-EraseBytes-
#103500	REDUCE cov: 47 ft: 313 corp: 88/1670b lim: 832 exec/s: 0 rss: 35Mb L: 22/34 MS: 2 CrossOver-EraseBytes-
#103698	REDUCE cov: 47 ft: 316 corp: 89/1690b lim: 832 exec/s: 0 rss: 35Mb L: 20/34 MS: 3 ChangeBit-CopyPart-CopyPart-
#104784	REDUCE cov: 47 ft: 316 corp: 89/1689b lim: 841 exec/s: 0 rss: 35Mb L: 20/34 MS: 1 EraseBytes-
#106537	REDUCE cov: 47 ft: 316 corp: 89/1687b lim: 850 exec/s: 0 rss: 35Mb L: 19/34 MS: 3 EraseBytes-ChangeBit-ChangeBinInt-
#107257	NEW    cov: 47 ft: 318 corp: 90/1703b lim: 850 exec/s: 0 rss: 35Mb L: 16/34 MS: 5 ChangeASCIIInt-InsertByte-ChangeBit-ChangeBinInt-CMP- DE: "\377\377\377\377\377\377\377!"-
#108241	REDUCE cov: 47 ft: 318 corp: 90/1701b lim: 859 exec/s: 0 rss: 35Mb L: 16/34 MS: 4 ChangeBit-EraseBytes-ChangeASCIIInt-CopyPart-
#121534	NEW    cov: 48 ft: 323 corp: 91/1722b lim: 985 exec/s: 0 rss: 35Mb L: 21/34 MS: 3 EraseBytes-ShuffleBytes-InsertByte-
#122505	NEW    cov: 48 ft: 324 corp: 92/1743b lim: 994 exec/s: 0 rss: 35Mb L: 21/34 MS: 1 ChangeByte-
#122901	NEW    cov: 48 ft: 326 corp: 93/1764b lim: 994 exec/s: 0 rss: 35Mb L: 21/34 MS: 1 ChangeBinInt-
#125339	NEW    cov: 48 ft: 327 corp: 94/1785b lim: 1012 exec/s: 0 rss: 35Mb L: 21/34 MS: 3 ChangeBit-PersAutoDict-ShuffleBytes- DE: "\000\000\000\000"-
#125725	NEW    cov: 48 ft: 328 corp: 95/1806b lim: 1012 exec/s: 0 rss: 35Mb L: 21/34 MS: 1 ChangeBinInt-
#126198	REDUCE cov: 48 ft: 328 corp: 95/1804b lim: 1012 exec/s: 0 rss: 35Mb L: 17/34 MS: 3 ChangeBinInt-ShuffleBytes-EraseBytes-
#126327	REDUCE cov: 48 ft: 328 corp: 95/1802b lim: 1012 exec/s: 0 rss: 35Mb L: 19/34 MS: 4 ChangeASCIIInt-ChangeBit-ShuffleBytes-EraseBytes-
#126553	NEW    cov: 48 ft: 329 corp: 96/1823b lim: 1012 exec/s: 0 rss: 35Mb L: 21/34 MS: 1 ChangeASCIIInt-
#128144	NEW    cov: 48 ft: 330 corp: 97/1844b lim: 1021 exec/s: 0 rss: 35Mb L: 21/34 MS: 1 ShuffleBytes-
#128300	REDUCE cov: 48 ft: 331 corp: 98/1863b lim: 1021 exec/s: 0 rss: 35Mb L: 19/34 MS: 1 ChangeBit-
#128462	NEW    cov: 48 ft: 332 corp: 99/1884b lim: 1021 exec/s: 0 rss: 35Mb L: 21/34 MS: 2 ChangeByte-CrossOver-
#129178	NEW    cov: 48 ft: 333 corp: 100/1905b lim: 1021 exec/s: 0 rss: 35Mb L: 21/34 MS: 1 ChangeASCIIInt-
#130789	REDUCE cov: 48 ft: 334 corp: 101/1924b lim: 1030 exec/s: 0 rss: 35Mb L: 19/34 MS: 1 ShuffleBytes-
#130891	NEW    cov: 48 ft: 338 corp: 102/1945b lim: 1030 exec/s: 0 rss: 35Mb L: 21/34 MS: 2 CopyPart-ChangeByte-
#132863	NEW    cov: 48 ft: 339 corp: 103/1966b lim: 1040 exec/s: 0 rss: 35Mb L: 21/34 MS: 2 ShuffleBytes-ShuffleBytes-
#134829	NEW    cov: 48 ft: 340 corp: 104/1987b lim: 1050 exec/s: 0 rss: 35Mb L: 21/34 MS: 1 ShuffleBytes-
#136156	NEW    cov: 48 ft: 341 corp: 105/2008b lim: 1060 exec/s: 0 rss: 35Mb L: 21/34 MS: 2 ChangeBit-ChangeASCIIInt-
#136612	NEW    cov: 49 ft: 344 corp: 106/2028b lim: 1060 exec/s: 0 rss: 35Mb L: 20/34 MS: 1 ChangeByte-
#138003	NEW    cov: 49 ft: 345 corp: 107/2049b lim: 1070 exec/s: 0 rss: 35Mb L: 21/34 MS: 1 ChangeBit-
#138078	REDUCE cov: 49 ft: 345 corp: 107/2046b lim: 1070 exec/s: 0 rss: 35Mb L: 17/34 MS: 5 ChangeByte-ChangeBit-CrossOver-EraseBytes-CrossOver-
#139150	REDUCE cov: 49 ft: 345 corp: 107/2045b lim: 1080 exec/s: 0 rss: 35Mb L: 20/34 MS: 2 InsertByte-EraseBytes-
#140241	NEW    cov: 49 ft: 346 corp: 108/2066b lim: 1090 exec/s: 0 rss: 35Mb L: 21/34 MS: 1 ChangeBit-
#140563	REDUCE cov: 49 ft: 346 corp: 108/2065b lim: 1090 exec/s: 0 rss: 35Mb L: 20/34 MS: 2 EraseBytes-CopyPart-
#140974	NEW    cov: 49 ft: 347 corp: 109/2086b lim: 1090 exec/s: 0 rss: 35Mb L: 21/34 MS: 1 ChangeBit-
#141120	NEW    cov: 49 ft: 348 corp: 110/2106b lim: 1090 exec/s: 0 rss: 35Mb L: 20/34 MS: 1 ChangeBit-
#141172	REDUCE cov: 49 ft: 348 corp: 110/2105b lim: 1090 exec/s: 0 rss: 35Mb L: 20/34 MS: 2 PersAutoDict-EraseBytes- DE: "\000\000\000\000"-
#142309	NEW    cov: 49 ft: 349 corp: 111/2126b lim: 1100 exec/s: 0 rss: 35Mb L: 21/34 MS: 2 ChangeASCIIInt-ShuffleBytes-
#143592	REDUCE cov: 49 ft: 349 corp: 111/2125b lim: 1110 exec/s: 0 rss: 35Mb L: 20/34 MS: 3 ShuffleBytes-EraseBytes-PersAutoDict- DE: "\001\000"-
#145545	NEW    cov: 49 ft: 350 corp: 112/2140b lim: 1120 exec/s: 0 rss: 35Mb L: 15/34 MS: 3 PersAutoDict-ChangeBinInt-ChangeBit- DE: "\377\377\377\377\377\377\377;"-
#146619	NEW    cov: 49 ft: 351 corp: 113/2161b lim: 1130 exec/s: 0 rss: 35Mb L: 21/34 MS: 4 ShuffleBytes-ShuffleBytes-ChangeBit-ChangeBinInt-
#154066	REDUCE cov: 49 ft: 351 corp: 113/2159b lim: 1200 exec/s: 0 rss: 35Mb L: 19/34 MS: 2 ChangeBit-EraseBytes-
#155217	REDUCE cov: 49 ft: 351 corp: 113/2158b lim: 1210 exec/s: 0 rss: 35Mb L: 18/34 MS: 1 EraseBytes-
#155474	REDUCE cov: 49 ft: 351 corp: 113/2157b lim: 1210 exec/s: 0 rss: 35Mb L: 20/34 MS: 2 EraseBytes-CopyPart-
#156278	REDUCE cov: 49 ft: 351 corp: 113/2156b lim: 1210 exec/s: 0 rss: 35Mb L: 20/34 MS: 4 ChangeByte-PersAutoDict-InsertByte-EraseBytes- DE: "\001\000"-
#156960	REDUCE cov: 49 ft: 351 corp: 113/2155b lim: 1210 exec/s: 0 rss: 35Mb L: 20/34 MS: 2 CMP-EraseBytes- DE: "Y\000\000\000"-
#163411	REDUCE cov: 49 ft: 352 corp: 114/2175b lim: 1270 exec/s: 0 rss: 35Mb L: 20/34 MS: 1 ChangeBinInt-
#164822	NEW    cov: 49 ft: 353 corp: 115/2196b lim: 1280 exec/s: 0 rss: 35Mb L: 21/34 MS: 1 ShuffleBytes-
#166181	REDUCE cov: 49 ft: 353 corp: 115/2194b lim: 1290 exec/s: 0 rss: 35Mb L: 19/34 MS: 4 CMP-InsertRepeatedBytes-EraseBytes-InsertByte- DE: "\000\000\0005"-
#166212	NEW    cov: 49 ft: 354 corp: 116/2215b lim: 1290 exec/s: 0 rss: 35Mb L: 21/34 MS: 1 ChangeBinInt-
#174759	REDUCE cov: 49 ft: 354 corp: 116/2213b lim: 1370 exec/s: 0 rss: 35Mb L: 17/34 MS: 2 ChangeBinInt-EraseBytes-
#178187	REDUCE cov: 49 ft: 354 corp: 116/2212b lim: 1400 exec/s: 0 rss: 35Mb L: 19/34 MS: 3 EraseBytes-ChangeASCIIInt-PersAutoDict- DE: "\000\000\0005"-
#179634	NEW    cov: 49 ft: 355 corp: 117/2233b lim: 1410 exec/s: 0 rss: 35Mb L: 21/34 MS: 2 ChangeBinInt-ShuffleBytes-
#186192	NEW    cov: 49 ft: 356 corp: 118/2254b lim: 1470 exec/s: 0 rss: 35Mb L: 21/34 MS: 3 ShuffleBytes-CMP-CrossOver- DE: "\023\000\000\000\000\000\000\000"-
#187360	NEW    cov: 49 ft: 357 corp: 119/2275b lim: 1480 exec/s: 0 rss: 35Mb L: 21/34 MS: 3 ChangeASCIIInt-PersAutoDict-CopyPart- DE: "\023\000\000\000\000\000\000\000"-
#193101	REDUCE cov: 49 ft: 357 corp: 119/2274b lim: 1530 exec/s: 0 rss: 35Mb L: 20/34 MS: 1 EraseBytes-
#195158	REDUCE cov: 49 ft: 357 corp: 119/2273b lim: 1550 exec/s: 0 rss: 35Mb L: 20/34 MS: 2 CrossOver-EraseBytes-
#195389	NEW    cov: 49 ft: 358 corp: 120/2294b lim: 1550 exec/s: 0 rss: 35Mb L: 21/34 MS: 1 ShuffleBytes-
#195482	NEW    cov: 49 ft: 359 corp: 121/2315b lim: 1550 exec/s: 0 rss: 35Mb L: 21/34 MS: 3 ChangeBit-ChangeASCIIInt-ShuffleBytes-
#196921	REDUCE cov: 49 ft: 359 corp: 121/2314b lim: 1560 exec/s: 0 rss: 35Mb L: 20/34 MS: 4 EraseBytes-ChangeBinInt-ChangeASCIIInt-CrossOver-
#201353	REDUCE cov: 49 ft: 359 corp: 121/2313b lim: 1600 exec/s: 0 rss: 35Mb L: 20/34 MS: 2 EraseBytes-PersAutoDict- DE: "Y\000\000\000"-
#201644	REDUCE cov: 49 ft: 359 corp: 121/2312b lim: 1600 exec/s: 0 rss: 35Mb L: 20/34 MS: 1 EraseBytes-
#202023	REDUCE cov: 49 ft: 359 corp: 121/2311b lim: 1600 exec/s: 0 rss: 35Mb L: 20/34 MS: 4 InsertByte-EraseBytes-ChangeASCIIInt-InsertByte-
#204779	REDUCE cov: 49 ft: 360 corp: 122/2331b lim: 1620 exec/s: 0 rss: 35Mb L: 20/34 MS: 1 CopyPart-
#205285	REDUCE cov: 49 ft: 362 corp: 123/2351b lim: 1620 exec/s: 0 rss: 35Mb L: 20/34 MS: 1 ShuffleBytes-
#208436	REDUCE cov: 49 ft: 363 corp: 124/2371b lim: 1650 exec/s: 0 rss: 35Mb L: 20/34 MS: 1 CrossOver-
#208842	NEW    cov: 49 ft: 364 corp: 125/2391b lim: 1650 exec/s: 0 rss: 35Mb L: 20/34 MS: 1 ChangeASCIIInt-
#212074	NEW    cov: 49 ft: 365 corp: 126/2411b lim: 1680 exec/s: 0 rss: 35Mb L: 20/34 MS: 2 EraseBytes-InsertByte-
#212499	REDUCE cov: 49 ft: 365 corp: 126/2410b lim: 1680 exec/s: 0 rss: 35Mb L: 21/34 MS: 5 ShuffleBytes-EraseBytes-ShuffleBytes-CopyPart-EraseBytes-
#213346	NEW    cov: 49 ft: 366 corp: 127/2430b lim: 1680 exec/s: 0 rss: 35Mb L: 20/34 MS: 2 ChangeASCIIInt-ChangeBit-
#213743	NEW    cov: 49 ft: 367 corp: 128/2450b lim: 1680 exec/s: 0 rss: 35Mb L: 20/34 MS: 2 CopyPart-ShuffleBytes-
#216799	NEW    cov: 49 ft: 368 corp: 129/2470b lim: 1710 exec/s: 0 rss: 35Mb L: 20/34 MS: 1 ChangeBinInt-
#217542	REDUCE cov: 49 ft: 368 corp: 129/2468b lim: 1710 exec/s: 0 rss: 35Mb L: 16/34 MS: 3 EraseBytes-ChangeASCIIInt-InsertByte-
#218384	NEW    cov: 49 ft: 369 corp: 130/2488b lim: 1710 exec/s: 0 rss: 35Mb L: 20/34 MS: 2 ChangeASCIIInt-CopyPart-
#219341	REDUCE cov: 49 ft: 369 corp: 130/2486b lim: 1710 exec/s: 0 rss: 35Mb L: 18/34 MS: 2 ChangeBinInt-EraseBytes-
#220161	REDUCE cov: 49 ft: 369 corp: 130/2484b lim: 1710 exec/s: 0 rss: 35Mb L: 18/34 MS: 5 ChangeByte-CopyPart-ChangeBinInt-EraseBytes-ChangeBinInt-
#224607	REDUCE cov: 49 ft: 369 corp: 130/2483b lim: 1750 exec/s: 0 rss: 35Mb L: 20/34 MS: 1 EraseBytes-
#226697	REDUCE cov: 49 ft: 369 corp: 130/2481b lim: 1770 exec/s: 0 rss: 35Mb L: 16/34 MS: 5 ChangeBit-ShuffleBytes-ChangeBinInt-CopyPart-EraseBytes-
#228752	NEW    cov: 49 ft: 370 corp: 131/2501b lim: 1790 exec/s: 0 rss: 35Mb L: 20/34 MS: 5 ChangeByte-ChangeBit-CopyPart-CMP-CopyPart- DE: "\000\000\000s"-
#229558	NEW    cov: 49 ft: 372 corp: 132/2521b lim: 1790 exec/s: 0 rss: 35Mb L: 20/34 MS: 1 ChangeASCIIInt-
#229654	NEW    cov: 49 ft: 373 corp: 133/2541b lim: 1790 exec/s: 0 rss: 35Mb L: 20/34 MS: 1 ShuffleBytes-
#233186	NEW    cov: 49 ft: 374 corp: 134/2561b lim: 1820 exec/s: 0 rss: 35Mb L: 20/34 MS: 2 EraseBytes-InsertByte-
#233372	NEW    cov: 49 ft: 375 corp: 135/2581b lim: 1820 exec/s: 0 rss: 35Mb L: 20/34 MS: 1 ChangeASCIIInt-
#233563	NEW    cov: 49 ft: 377 corp: 136/2601b lim: 1820 exec/s: 0 rss: 35Mb L: 20/34 MS: 1 ChangeASCIIInt-
#234329	NEW    cov: 49 ft: 378 corp: 137/2621b lim: 1820 exec/s: 0 rss: 35Mb L: 20/34 MS: 1 ChangeBit-
#238205	NEW    cov: 49 ft: 379 corp: 138/2641b lim: 1850 exec/s: 0 rss: 35Mb L: 20/34 MS: 1 CrossOver-
#239156	NEW    cov: 49 ft: 381 corp: 139/2661b lim: 1850 exec/s: 0 rss: 35Mb L: 20/34 MS: 1 CrossOver-
#240802	NEW    cov: 49 ft: 382 corp: 140/2681b lim: 1860 exec/s: 0 rss: 35Mb L: 20/34 MS: 1 ChangeByte-
#248263	REDUCE cov: 49 ft: 382 corp: 140/2680b lim: 1930 exec/s: 0 rss: 35Mb L: 20/34 MS: 1 EraseBytes-
#257365	NEW    cov: 49 ft: 383 corp: 141/2700b lim: 2020 exec/s: 0 rss: 35Mb L: 20/34 MS: 2 ShuffleBytes-ChangeBit-
#261721	REDUCE cov: 49 ft: 383 corp: 141/2699b lim: 2061 exec/s: 0 rss: 36Mb L: 16/34 MS: 1 EraseBytes-
#262028	NEW    cov: 49 ft: 384 corp: 142/2719b lim: 2061 exec/s: 0 rss: 36Mb L: 20/34 MS: 2 ChangeBinInt-CopyPart-
#265484	NEW    cov: 49 ft: 385 corp: 143/2739b lim: 2094 exec/s: 0 rss: 36Mb L: 20/34 MS: 1 CopyPart-
#273995	NEW    cov: 49 ft: 386 corp: 144/2759b lim: 2171 exec/s: 0 rss: 36Mb L: 20/34 MS: 1 ChangeASCIIInt-
#285156	NEW    cov: 49 ft: 387 corp: 145/2780b lim: 2281 exec/s: 0 rss: 36Mb L: 21/34 MS: 1 ShuffleBytes-
#285174	REDUCE cov: 49 ft: 387 corp: 145/2778b lim: 2281 exec/s: 0 rss: 36Mb L: 15/34 MS: 3 ChangeBit-ShuffleBytes-EraseBytes-
#286786	REDUCE cov: 49 ft: 387 corp: 145/2777b lim: 2292 exec/s: 0 rss: 36Mb L: 20/34 MS: 2 PersAutoDict-EraseBytes- DE: "Y\000\000\000"-
#293349	REDUCE cov: 49 ft: 387 corp: 145/2776b lim: 2347 exec/s: 0 rss: 36Mb L: 16/34 MS: 3 CopyPart-ShuffleBytes-EraseBytes-
#301338	REDUCE cov: 49 ft: 387 corp: 145/2774b lim: 2424 exec/s: 0 rss: 36Mb L: 18/34 MS: 4 CopyPart-ChangeBinInt-EraseBytes-ChangeByte-
#308820	REDUCE cov: 49 ft: 387 corp: 145/2772b lim: 2490 exec/s: 0 rss: 36Mb L: 18/34 MS: 2 EraseBytes-ChangeByte-
#313498	REDUCE cov: 49 ft: 387 corp: 145/2771b lim: 2534 exec/s: 0 rss: 36Mb L: 20/34 MS: 3 ShuffleBytes-PersAutoDict-EraseBytes- DE: "\000\000\000s"-
#319610	REDUCE cov: 49 ft: 387 corp: 145/2769b lim: 2589 exec/s: 0 rss: 36Mb L: 18/34 MS: 2 ChangeBit-EraseBytes-
#327027	REDUCE cov: 49 ft: 387 corp: 145/2766b lim: 2655 exec/s: 0 rss: 36Mb L: 18/34 MS: 2 ChangeBinInt-EraseBytes-
#333608	REDUCE cov: 49 ft: 387 corp: 145/2765b lim: 2710 exec/s: 0 rss: 36Mb L: 20/34 MS: 1 EraseBytes-
#339075	REDUCE cov: 49 ft: 387 corp: 145/2764b lim: 2754 exec/s: 0 rss: 36Mb L: 17/34 MS: 2 CMP-EraseBytes- DE: "'\000\000\000\000\000\000\000"-
#342188	REDUCE cov: 49 ft: 387 corp: 145/2763b lim: 2776 exec/s: 0 rss: 36Mb L: 20/34 MS: 3 CrossOver-EraseBytes-ChangeBinInt-
#344155	REDUCE cov: 49 ft: 387 corp: 145/2761b lim: 2787 exec/s: 0 rss: 36Mb L: 16/34 MS: 2 CopyPart-EraseBytes-
#360978	REDUCE cov: 49 ft: 387 corp: 145/2759b lim: 2952 exec/s: 0 rss: 36Mb L: 19/34 MS: 3 ChangeBinInt-CrossOver-EraseBytes-
#367496	REDUCE cov: 49 ft: 387 corp: 145/2758b lim: 3007 exec/s: 0 rss: 36Mb L: 20/34 MS: 3 ChangeASCIIInt-EraseBytes-CopyPart-
#377797	REDUCE cov: 49 ft: 387 corp: 145/2757b lim: 3106 exec/s: 0 rss: 36Mb L: 16/34 MS: 1 EraseBytes-
#380685	REDUCE cov: 49 ft: 387 corp: 145/2756b lim: 3128 exec/s: 0 rss: 36Mb L: 18/34 MS: 3 InsertByte-ChangeASCIIInt-EraseBytes-
#392481	REDUCE cov: 49 ft: 388 corp: 146/2776b lim: 3238 exec/s: 0 rss: 36Mb L: 20/34 MS: 1 CrossOver-
#396032	REDUCE cov: 49 ft: 390 corp: 147/2796b lim: 3271 exec/s: 0 rss: 36Mb L: 20/34 MS: 1 ChangeBit-
#399452	REDUCE cov: 49 ft: 390 corp: 147/2795b lim: 3304 exec/s: 399452 rss: 36Mb L: 20/34 MS: 4 ChangeByte-CMP-ChangeByte-EraseBytes- DE: "\005\000\000\000\000\000\000\000"-
#403774	REDUCE cov: 49 ft: 390 corp: 147/2793b lim: 3337 exec/s: 403774 rss: 36Mb L: 18/34 MS: 2 EraseBytes-ChangeByte-
#414963	REDUCE cov: 49 ft: 390 corp: 147/2789b lim: 3447 exec/s: 414963 rss: 36Mb L: 16/34 MS: 4 EraseBytes-ChangeBit-ChangeASCIIInt-ChangeBinInt-
#446772	REDUCE cov: 49 ft: 390 corp: 147/2788b lim: 3755 exec/s: 446772 rss: 36Mb L: 17/34 MS: 4 EraseBytes-ChangeByte-ChangeBit-InsertByte-
#447413	REDUCE cov: 49 ft: 390 corp: 147/2787b lim: 3755 exec/s: 447413 rss: 36Mb L: 20/34 MS: 1 EraseBytes-
#478865	REDUCE cov: 49 ft: 390 corp: 147/2785b lim: 4063 exec/s: 478865 rss: 36Mb L: 18/34 MS: 2 ChangeByte-EraseBytes-
#483444	REDUCE cov: 49 ft: 390 corp: 147/2783b lim: 4096 exec/s: 483444 rss: 36Mb L: 18/34 MS: 4 EraseBytes-InsertByte-CopyPart-InsertByte-
#486569	REDUCE cov: 49 ft: 390 corp: 147/2781b lim: 4096 exec/s: 486569 rss: 36Mb L: 18/34 MS: 5 CopyPart-ChangeByte-PersAutoDict-CMP-EraseBytes- DE: "\377\377\377\377\377\377\377;"-"\017\000\000\000\000\000\000\000"-
#489605	REDUCE cov: 49 ft: 390 corp: 147/2780b lim: 4096 exec/s: 489605 rss: 36Mb L: 20/34 MS: 1 EraseBytes-
#497984	REDUCE cov: 49 ft: 390 corp: 147/2778b lim: 4096 exec/s: 497984 rss: 36Mb L: 18/34 MS: 4 ChangeBit-EraseBytes-ChangeASCIIInt-ChangeByte-
#512064	REDUCE cov: 49 ft: 390 corp: 147/2777b lim: 4096 exec/s: 512064 rss: 36Mb L: 18/34 MS: 5 ShuffleBytes-CopyPart-ShuffleBytes-PersAutoDict-EraseBytes- DE: "\024\000\000\000\000\000\000\000"-
#518731	NEW    cov: 49 ft: 393 corp: 148/2797b lim: 4096 exec/s: 518731 rss: 36Mb L: 20/34 MS: 2 ChangeBit-ChangeBit-
#519192	REDUCE cov: 49 ft: 393 corp: 148/2796b lim: 4096 exec/s: 519192 rss: 36Mb L: 20/34 MS: 1 EraseBytes-
#523434	NEW    cov: 49 ft: 397 corp: 149/2817b lim: 4096 exec/s: 523434 rss: 36Mb L: 21/34 MS: 2 ChangeASCIIInt-CrossOver-
#526945	REDUCE cov: 49 ft: 397 corp: 149/2816b lim: 4096 exec/s: 526945 rss: 36Mb L: 20/34 MS: 1 EraseBytes-
#535600	REDUCE cov: 49 ft: 397 corp: 149/2814b lim: 4096 exec/s: 535600 rss: 36Mb L: 16/34 MS: 5 CopyPart-InsertByte-ChangeASCIIInt-ChangeBinInt-EraseBytes-
#539747	NEW    cov: 49 ft: 398 corp: 150/2835b lim: 4096 exec/s: 539747 rss: 36Mb L: 21/34 MS: 2 ChangeBinInt-ChangeBinInt-
#556191	REDUCE cov: 49 ft: 398 corp: 150/2834b lim: 4096 exec/s: 556191 rss: 36Mb L: 20/34 MS: 4 EraseBytes-CopyPart-ChangeBit-CrossOver-
#593897	REDUCE cov: 49 ft: 398 corp: 150/2833b lim: 4096 exec/s: 593897 rss: 36Mb L: 20/34 MS: 1 EraseBytes-
#596849	REDUCE cov: 49 ft: 398 corp: 150/2831b lim: 4096 exec/s: 596849 rss: 36Mb L: 18/34 MS: 2 InsertByte-EraseBytes-
#610075	REDUCE cov: 49 ft: 398 corp: 150/2830b lim: 4096 exec/s: 610075 rss: 36Mb L: 18/34 MS: 1 EraseBytes-
#613065	REDUCE cov: 49 ft: 398 corp: 150/2828b lim: 4096 exec/s: 613065 rss: 36Mb L: 18/34 MS: 5 CrossOver-PersAutoDict-ChangeBit-EraseBytes-CrossOver- DE: "\377\377\377\377\377\377\377;"-
#617441	REDUCE cov: 49 ft: 398 corp: 150/2827b lim: 4096 exec/s: 617441 rss: 36Mb L: 18/34 MS: 1 EraseBytes-
#633849	NEW    cov: 49 ft: 400 corp: 151/2847b lim: 4096 exec/s: 633849 rss: 36Mb L: 20/34 MS: 3 ChangeASCIIInt-ChangeBit-ChangeBinInt-
#653800	REDUCE cov: 49 ft: 400 corp: 151/2846b lim: 4096 exec/s: 653800 rss: 36Mb L: 20/34 MS: 1 EraseBytes-
#673073	REDUCE cov: 49 ft: 400 corp: 151/2844b lim: 4096 exec/s: 673073 rss: 36Mb L: 18/34 MS: 3 ChangeBit-ChangeBit-EraseBytes-
#680231	REDUCE cov: 49 ft: 400 corp: 151/2843b lim: 4096 exec/s: 680231 rss: 36Mb L: 20/34 MS: 3 ChangeByte-ChangeBit-EraseBytes-
#689744	REDUCE cov: 49 ft: 400 corp: 151/2841b lim: 4096 exec/s: 689744 rss: 36Mb L: 18/34 MS: 3 EraseBytes-ChangeBit-ChangeBit-
#691280	REDUCE cov: 49 ft: 400 corp: 151/2840b lim: 4096 exec/s: 691280 rss: 36Mb L: 20/34 MS: 1 EraseBytes-
#695197	REDUCE cov: 49 ft: 400 corp: 151/2838b lim: 4096 exec/s: 695197 rss: 36Mb L: 18/34 MS: 2 EraseBytes-ChangeBit-
#695587	REDUCE cov: 49 ft: 400 corp: 151/2836b lim: 4096 exec/s: 695587 rss: 36Mb L: 18/34 MS: 5 EraseBytes-ChangeBit-ShuffleBytes-PersAutoDict-InsertByte- DE: "\001\000"-
#713269	REDUCE cov: 49 ft: 400 corp: 151/2834b lim: 4096 exec/s: 713269 rss: 36Mb L: 16/34 MS: 2 EraseBytes-CopyPart-
#751470	NEW    cov: 49 ft: 402 corp: 152/2854b lim: 4096 exec/s: 751470 rss: 36Mb L: 20/34 MS: 1 CrossOver-
#759028	REDUCE cov: 49 ft: 402 corp: 152/2852b lim: 4096 exec/s: 759028 rss: 36Mb L: 18/34 MS: 3 EraseBytes-ChangeBinInt-CopyPart-
#792075	REDUCE cov: 49 ft: 402 corp: 152/2850b lim: 4096 exec/s: 792075 rss: 36Mb L: 16/34 MS: 2 ChangeASCIIInt-EraseBytes-
#792186	REDUCE cov: 49 ft: 403 corp: 153/2870b lim: 4096 exec/s: 792186 rss: 36Mb L: 20/34 MS: 1 ChangeBit-
#792443	REDUCE cov: 49 ft: 403 corp: 153/2868b lim: 4096 exec/s: 792443 rss: 36Mb L: 18/34 MS: 2 ChangeByte-EraseBytes-
#818609	REDUCE cov: 49 ft: 403 corp: 153/2867b lim: 4096 exec/s: 818609 rss: 36Mb L: 16/34 MS: 1 EraseBytes-
#857475	REDUCE cov: 49 ft: 403 corp: 153/2866b lim: 4096 exec/s: 428737 rss: 36Mb L: 20/34 MS: 1 EraseBytes-
#938320	REDUCE cov: 49 ft: 403 corp: 153/2864b lim: 4096 exec/s: 469160 rss: 36Mb L: 18/34 MS: 5 ChangeBit-CrossOver-ShuffleBytes-ChangeBinInt-EraseBytes-
#944507	REDUCE cov: 49 ft: 403 corp: 153/2862b lim: 4096 exec/s: 472253 rss: 36Mb L: 16/34 MS: 2 EraseBytes-ChangeByte-
#947504	REDUCE cov: 49 ft: 403 corp: 153/2861b lim: 4096 exec/s: 473752 rss: 36Mb L: 20/34 MS: 2 ShuffleBytes-EraseBytes-
#1046436	REDUCE cov: 49 ft: 403 corp: 153/2859b lim: 4096 exec/s: 523218 rss: 36Mb L: 16/34 MS: 2 EraseBytes-InsertByte-
#1048576	pulse  cov: 49 ft: 403 corp: 153/2859b lim: 4096 exec/s: 524288 rss: 36Mb
#1066652	NEW    cov: 49 ft: 404 corp: 154/2879b lim: 4096 exec/s: 533326 rss: 36Mb L: 20/34 MS: 1 ChangeBinInt-
#1098430	REDUCE cov: 49 ft: 404 corp: 154/2877b lim: 4096 exec/s: 549215 rss: 36Mb L: 18/34 MS: 3 ShuffleBytes-EraseBytes-ChangeByte-
#1098903	REDUCE cov: 49 ft: 404 corp: 154/2875b lim: 4096 exec/s: 549451 rss: 36Mb L: 16/34 MS: 3 ChangeByte-InsertByte-EraseBytes-
#1119808	REDUCE cov: 49 ft: 404 corp: 154/2871b lim: 4096 exec/s: 559904 rss: 36Mb L: 16/34 MS: 5 ShuffleBytes-EraseBytes-ChangeBit-CrossOver-ChangeBinInt-
#1119986	REDUCE cov: 49 ft: 404 corp: 154/2869b lim: 4096 exec/s: 559993 rss: 36Mb L: 16/34 MS: 3 EraseBytes-ChangeByte-InsertByte-
#1135246	REDUCE cov: 49 ft: 404 corp: 154/2867b lim: 4096 exec/s: 567623 rss: 36Mb L: 18/34 MS: 5 ChangeByte-ChangeByte-EraseBytes-ShuffleBytes-EraseBytes-
#1137393	REDUCE cov: 49 ft: 404 corp: 154/2865b lim: 4096 exec/s: 568696 rss: 36Mb L: 18/34 MS: 2 EraseBytes-ChangeByte-
#1145087	REDUCE cov: 49 ft: 404 corp: 154/2864b lim: 4096 exec/s: 572543 rss: 36Mb L: 20/34 MS: 4 EraseBytes-ChangeASCIIInt-ChangeASCIIInt-CopyPart-
#1151073	REDUCE cov: 49 ft: 404 corp: 154/2863b lim: 4096 exec/s: 575536 rss: 36Mb L: 20/34 MS: 1 EraseBytes-
#1173281	REDUCE cov: 49 ft: 404 corp: 154/2861b lim: 4096 exec/s: 586640 rss: 36Mb L: 16/34 MS: 3 InsertByte-ShuffleBytes-EraseBytes-
#1192294	REDUCE cov: 49 ft: 404 corp: 154/2859b lim: 4096 exec/s: 596147 rss: 36Mb L: 18/34 MS: 3 ChangeASCIIInt-ChangeBit-EraseBytes-
#1207482	REDUCE cov: 49 ft: 404 corp: 154/2858b lim: 4096 exec/s: 603741 rss: 36Mb L: 20/34 MS: 3 InsertRepeatedBytes-ChangeBit-EraseBytes-
#1222654	REDUCE cov: 49 ft: 404 corp: 154/2856b lim: 4096 exec/s: 611327 rss: 36Mb L: 18/34 MS: 2 EraseBytes-ChangeBinInt-
#1304902	REDUCE cov: 49 ft: 404 corp: 154/2854b lim: 4096 exec/s: 434967 rss: 36Mb L: 16/34 MS: 3 ShuffleBytes-EraseBytes-ChangeBit-
#1333214	REDUCE cov: 49 ft: 404 corp: 154/2852b lim: 4096 exec/s: 444404 rss: 36Mb L: 16/34 MS: 2 InsertByte-EraseBytes-
#1337763	REDUCE cov: 49 ft: 404 corp: 154/2850b lim: 4096 exec/s: 445921 rss: 36Mb L: 16/34 MS: 4 ChangeBit-EraseBytes-CMP-ChangeBinInt- DE: ":\000"-
#1366585	REDUCE cov: 49 ft: 404 corp: 154/2848b lim: 4096 exec/s: 455528 rss: 36Mb L: 16/34 MS: 2 ChangeByte-EraseBytes-
#1391129	NEW    cov: 49 ft: 405 corp: 155/2881b lim: 4096 exec/s: 463709 rss: 36Mb L: 33/34 MS: 4 CrossOver-InsertRepeatedBytes-ChangeBinInt-EraseBytes-
#1411166	REDUCE cov: 49 ft: 405 corp: 155/2879b lim: 4096 exec/s: 470388 rss: 36Mb L: 18/34 MS: 2 ChangeBinInt-EraseBytes-
#1445383	REDUCE cov: 49 ft: 405 corp: 155/2878b lim: 4096 exec/s: 481794 rss: 36Mb L: 20/34 MS: 2 ChangeByte-EraseBytes-
#1463524	REDUCE cov: 49 ft: 408 corp: 156/2898b lim: 4096 exec/s: 487841 rss: 36Mb L: 20/34 MS: 1 CopyPart-
#1479873	REDUCE cov: 49 ft: 408 corp: 156/2897b lim: 4096 exec/s: 493291 rss: 36Mb L: 20/34 MS: 4 ChangeBit-ChangeByte-ChangeBinInt-EraseBytes-
#1480357	REDUCE cov: 49 ft: 408 corp: 156/2895b lim: 4096 exec/s: 493452 rss: 36Mb L: 16/34 MS: 4 InsertRepeatedBytes-ChangeBinInt-InsertByte-EraseBytes-
#1505059	NEW    cov: 49 ft: 409 corp: 157/2924b lim: 4096 exec/s: 501686 rss: 36Mb L: 29/34 MS: 2 CopyPart-ChangeBit-
#1506535	NEW    cov: 50 ft: 415 corp: 158/2953b lim: 4096 exec/s: 502178 rss: 36Mb L: 29/34 MS: 1 ChangeASCIIInt-
#1531428	REDUCE cov: 50 ft: 415 corp: 158/2949b lim: 4096 exec/s: 510476 rss: 36Mb L: 16/34 MS: 3 CopyPart-InsertRepeatedBytes-EraseBytes-
#1583929	REDUCE cov: 50 ft: 415 corp: 158/2948b lim: 4096 exec/s: 527976 rss: 36Mb L: 18/34 MS: 1 EraseBytes-
#1628666	REDUCE cov: 50 ft: 415 corp: 158/2946b lim: 4096 exec/s: 542888 rss: 36Mb L: 18/34 MS: 2 EraseBytes-ChangeByte-
#1639209	REDUCE cov: 50 ft: 415 corp: 158/2944b lim: 4096 exec/s: 546403 rss: 36Mb L: 16/34 MS: 3 CopyPart-ChangeByte-EraseBytes-
#1664916	REDUCE cov: 50 ft: 415 corp: 158/2942b lim: 4096 exec/s: 554972 rss: 36Mb L: 16/34 MS: 2 EraseBytes-ChangeByte-
#1680152	NEW    cov: 50 ft: 416 corp: 159/2962b lim: 4096 exec/s: 560050 rss: 36Mb L: 20/34 MS: 1 ChangeByte-
#1680390	NEW    cov: 50 ft: 417 corp: 160/2982b lim: 4096 exec/s: 560130 rss: 36Mb L: 20/34 MS: 3 ChangeASCIIInt-ShuffleBytes-ShuffleBytes-
#1693992	REDUCE cov: 50 ft: 417 corp: 160/2980b lim: 4096 exec/s: 564664 rss: 36Mb L: 16/34 MS: 2 EraseBytes-ChangeByte-
#1700516	REDUCE cov: 50 ft: 417 corp: 160/2979b lim: 4096 exec/s: 566838 rss: 36Mb L: 20/34 MS: 4 ChangeBinInt-ChangeASCIIInt-CopyPart-EraseBytes-
#1747380	REDUCE cov: 50 ft: 417 corp: 160/2977b lim: 4096 exec/s: 436845 rss: 36Mb L: 18/34 MS: 4 EraseBytes-ChangeBit-ShuffleBytes-ChangeByte-
#1749742	REDUCE cov: 50 ft: 417 corp: 160/2975b lim: 4096 exec/s: 437435 rss: 36Mb L: 18/34 MS: 2 EraseBytes-ChangeByte-
#1813465	REDUCE cov: 50 ft: 417 corp: 160/2973b lim: 4096 exec/s: 453366 rss: 36Mb L: 18/34 MS: 3 CopyPart-InsertByte-EraseBytes-
#1820256	REDUCE cov: 50 ft: 418 corp: 161/2991b lim: 4096 exec/s: 455064 rss: 36Mb L: 18/34 MS: 1 ChangeByte-
#1843490	REDUCE cov: 50 ft: 418 corp: 161/2989b lim: 4096 exec/s: 460872 rss: 36Mb L: 18/34 MS: 4 CopyPart-CMP-CopyPart-EraseBytes- DE: "\377\377\377\377\377\377\377\024"-
#1889173	REDUCE cov: 50 ft: 418 corp: 161/2987b lim: 4096 exec/s: 472293 rss: 36Mb L: 16/34 MS: 3 ShuffleBytes-InsertByte-EraseBytes-
#1924870	REDUCE cov: 50 ft: 418 corp: 161/2985b lim: 4096 exec/s: 481217 rss: 36Mb L: 16/34 MS: 2 EraseBytes-ChangeByte-
#1932867	REDUCE cov: 50 ft: 418 corp: 161/2983b lim: 4096 exec/s: 483216 rss: 36Mb L: 16/34 MS: 2 EraseBytes-InsertByte-
#1963036	REDUCE cov: 50 ft: 418 corp: 161/2982b lim: 4096 exec/s: 490759 rss: 36Mb L: 15/34 MS: 4 ChangeBit-ChangeByte-ChangeBit-EraseBytes-
#2001932	REDUCE cov: 50 ft: 418 corp: 161/2981b lim: 4096 exec/s: 500483 rss: 36Mb L: 20/34 MS: 1 EraseBytes-
#2106532	REDUCE cov: 50 ft: 418 corp: 161/2979b lim: 4096 exec/s: 526633 rss: 36Mb L: 18/34 MS: 5 PersAutoDict-EraseBytes-ChangeASCIIInt-EraseBytes-InsertByte- DE: "\017\000\000\000\000\000\000\000"-
#2139909	REDUCE cov: 50 ft: 418 corp: 161/2978b lim: 4096 exec/s: 534977 rss: 36Mb L: 15/34 MS: 2 ChangeByte-EraseBytes-
#2152366	REDUCE cov: 50 ft: 418 corp: 161/2976b lim: 4096 exec/s: 538091 rss: 36Mb L: 18/34 MS: 2 EraseBytes-ChangeBinInt-
#2196779	REDUCE cov: 50 ft: 418 corp: 161/2974b lim: 4096 exec/s: 439355 rss: 36Mb L: 18/34 MS: 3 PersAutoDict-EraseBytes-ChangeByte- DE: "'\000\000\000\000\000\000\000"-
#2234481	REDUCE cov: 50 ft: 418 corp: 161/2972b lim: 4096 exec/s: 446896 rss: 36Mb L: 18/34 MS: 2 EraseBytes-InsertByte-
#2341093	REDUCE cov: 50 ft: 418 corp: 161/2970b lim: 4096 exec/s: 468218 rss: 36Mb L: 18/34 MS: 2 EraseBytes-ChangeByte-
#2374436	REDUCE cov: 50 ft: 418 corp: 161/2968b lim: 4096 exec/s: 474887 rss: 36Mb L: 16/34 MS: 3 ChangeASCIIInt-ChangeByte-EraseBytes-
#2374838	REDUCE cov: 50 ft: 418 corp: 161/2966b lim: 4096 exec/s: 474967 rss: 36Mb L: 16/34 MS: 2 ChangeByte-EraseBytes-
#2394115	REDUCE cov: 50 ft: 418 corp: 161/2964b lim: 4096 exec/s: 478823 rss: 36Mb L: 18/34 MS: 2 EraseBytes-ChangeBit-
#2400666	REDUCE cov: 50 ft: 418 corp: 161/2963b lim: 4096 exec/s: 480133 rss: 36Mb L: 20/34 MS: 1 EraseBytes-
#2547196	REDUCE cov: 50 ft: 418 corp: 161/2961b lim: 4096 exec/s: 509439 rss: 36Mb L: 16/34 MS: 5 CrossOver-ChangeBinInt-EraseBytes-CrossOver-ChangeByte-
#2564374	REDUCE cov: 50 ft: 418 corp: 161/2959b lim: 4096 exec/s: 512874 rss: 36Mb L: 18/34 MS: 3 ChangeByte-CopyPart-EraseBytes-
#2596461	REDUCE cov: 50 ft: 418 corp: 161/2957b lim: 4096 exec/s: 432743 rss: 36Mb L: 16/34 MS: 2 ChangeByte-EraseBytes-
#2704489	REDUCE cov: 50 ft: 418 corp: 161/2955b lim: 4096 exec/s: 450748 rss: 36Mb L: 18/34 MS: 3 ShuffleBytes-CrossOver-EraseBytes-
#2722836	NEW    cov: 50 ft: 419 corp: 162/2984b lim: 4096 exec/s: 453806 rss: 36Mb L: 29/34 MS: 2 ShuffleBytes-ChangeByte-
#2863618	REDUCE cov: 50 ft: 419 corp: 162/2982b lim: 4096 exec/s: 477269 rss: 36Mb L: 18/34 MS: 2 EraseBytes-ChangeBit-
#2879436	REDUCE cov: 50 ft: 419 corp: 162/2980b lim: 4096 exec/s: 479906 rss: 36Mb L: 16/34 MS: 3 InsertByte-EraseBytes-InsertByte-
#2906983	REDUCE cov: 50 ft: 419 corp: 162/2978b lim: 4096 exec/s: 484497 rss: 36Mb L: 18/34 MS: 2 ChangeBit-EraseBytes-
#2974000	REDUCE cov: 50 ft: 419 corp: 162/2976b lim: 4096 exec/s: 495666 rss: 36Mb L: 16/34 MS: 2 CopyPart-EraseBytes-
#3068033	REDUCE cov: 50 ft: 419 corp: 162/2974b lim: 4096 exec/s: 438290 rss: 36Mb L: 16/34 MS: 3 ShuffleBytes-EraseBytes-CrossOver-
#3196110	REDUCE cov: 50 ft: 419 corp: 162/2972b lim: 4096 exec/s: 456587 rss: 36Mb L: 18/34 MS: 2 EraseBytes-InsertByte-
#3272699	REDUCE cov: 50 ft: 419 corp: 162/2970b lim: 4096 exec/s: 467528 rss: 36Mb L: 16/34 MS: 4 ChangeBit-EraseBytes-ChangeBit-ChangeByte-
#3311666	NEW    cov: 50 ft: 420 corp: 163/3004b lim: 4096 exec/s: 473095 rss: 36Mb L: 34/34 MS: 2 InsertRepeatedBytes-EraseBytes-
#3311797	REDUCE cov: 50 ft: 420 corp: 163/3002b lim: 4096 exec/s: 473113 rss: 36Mb L: 32/34 MS: 1 EraseBytes-
#3434395	REDUCE cov: 50 ft: 420 corp: 163/3000b lim: 4096 exec/s: 490627 rss: 36Mb L: 27/34 MS: 3 InsertByte-ChangeByte-EraseBytes-
#3558452	REDUCE cov: 50 ft: 420 corp: 163/2999b lim: 4096 exec/s: 444806 rss: 36Mb L: 17/34 MS: 2 EraseBytes-CopyPart-
#3594749	REDUCE cov: 50 ft: 420 corp: 163/2997b lim: 4096 exec/s: 449343 rss: 36Mb L: 25/34 MS: 2 InsertByte-EraseBytes-
#3642727	REDUCE cov: 50 ft: 420 corp: 163/2995b lim: 4096 exec/s: 455340 rss: 36Mb L: 16/34 MS: 3 EraseBytes-ChangeBinInt-ChangeByte-
#3644625	REDUCE cov: 50 ft: 420 corp: 163/2993b lim: 4096 exec/s: 455578 rss: 36Mb L: 16/34 MS: 3 InsertByte-ChangeBinInt-EraseBytes-
#3653770	REDUCE cov: 50 ft: 420 corp: 163/2991b lim: 4096 exec/s: 456721 rss: 36Mb L: 16/34 MS: 5 ChangeByte-EraseBytes-ChangeByte-ChangeBinInt-ChangeByte-
#3707878	REDUCE cov: 50 ft: 420 corp: 163/2989b lim: 4096 exec/s: 463484 rss: 36Mb L: 16/34 MS: 3 CopyPart-ChangeBinInt-EraseBytes-
#3740736	REDUCE cov: 50 ft: 420 corp: 163/2987b lim: 4096 exec/s: 467592 rss: 36Mb L: 18/34 MS: 3 InsertByte-EraseBytes-CrossOver-
#3872102	REDUCE cov: 50 ft: 420 corp: 163/2986b lim: 4096 exec/s: 484012 rss: 36Mb L: 20/34 MS: 1 EraseBytes-
#3925401	REDUCE cov: 50 ft: 420 corp: 163/2984b lim: 4096 exec/s: 490675 rss: 36Mb L: 16/34 MS: 4 PersAutoDict-InsertByte-EraseBytes-InsertByte- DE: "\000\000\000s"-
#3953094	REDUCE cov: 50 ft: 420 corp: 163/2982b lim: 4096 exec/s: 439232 rss: 36Mb L: 18/34 MS: 3 ChangeBinInt-ChangeBit-EraseBytes-
#3966171	REDUCE cov: 50 ft: 420 corp: 163/2980b lim: 4096 exec/s: 440685 rss: 36Mb L: 16/34 MS: 2 InsertByte-EraseBytes-
#3994003	REDUCE cov: 50 ft: 420 corp: 163/2978b lim: 4096 exec/s: 443778 rss: 36Mb L: 18/34 MS: 2 ChangeBinInt-EraseBytes-
#4194304	pulse  cov: 50 ft: 420 corp: 163/2978b lim: 4096 exec/s: 466033 rss: 36Mb
#4355920	REDUCE cov: 50 ft: 420 corp: 163/2976b lim: 4096 exec/s: 483991 rss: 36Mb L: 16/34 MS: 2 EraseBytes-InsertByte-
#4595664	REDUCE cov: 50 ft: 420 corp: 163/2974b lim: 4096 exec/s: 459566 rss: 36Mb L: 16/34 MS: 4 ChangeBinInt-ChangeByte-InsertByte-EraseBytes-
#5108794	REDUCE cov: 50 ft: 420 corp: 163/2973b lim: 4096 exec/s: 464435 rss: 36Mb L: 28/34 MS: 5 PersAutoDict-CMP-EraseBytes-CopyPart-EraseBytes- DE: "\023\000\000\000\000\000\000\000"-"0\000\000\000"-
#5520276	REDUCE cov: 50 ft: 420 corp: 163/2971b lim: 4096 exec/s: 460023 rss: 36Mb L: 16/34 MS: 2 ChangeBinInt-EraseBytes-
#5709274	REDUCE cov: 50 ft: 420 corp: 163/2969b lim: 4096 exec/s: 475772 rss: 36Mb L: 16/34 MS: 3 CopyPart-EraseBytes-ChangeByte-
#5998194	NEW    cov: 50 ft: 421 corp: 164/2989b lim: 4096 exec/s: 461399 rss: 36Mb L: 20/34 MS: 5 InsertRepeatedBytes-EraseBytes-EraseBytes-ChangeASCIIInt-ChangeASCIIInt-
#6266056	REDUCE cov: 50 ft: 421 corp: 164/2987b lim: 4096 exec/s: 447575 rss: 36Mb L: 16/34 MS: 2 ChangeBit-EraseBytes-
#6912958	REDUCE cov: 50 ft: 421 corp: 164/2986b lim: 4096 exec/s: 460863 rss: 36Mb L: 18/34 MS: 2 ShuffleBytes-EraseBytes-
#7058780	REDUCE cov: 50 ft: 421 corp: 164/2984b lim: 4096 exec/s: 470585 rss: 36Mb L: 16/34 MS: 2 EraseBytes-InsertByte-
#7124927	REDUCE cov: 50 ft: 421 corp: 164/2982b lim: 4096 exec/s: 445307 rss: 36Mb L: 16/34 MS: 2 ChangeBinInt-EraseBytes-
#7369727	REDUCE cov: 50 ft: 421 corp: 164/2980b lim: 4096 exec/s: 460607 rss: 36Mb L: 16/34 MS: 5 CMP-CopyPart-CopyPart-EraseBytes-CrossOver- DE: "\001\000\0007"-
#7490274	REDUCE cov: 50 ft: 421 corp: 164/2979b lim: 4096 exec/s: 468142 rss: 36Mb L: 15/34 MS: 2 CopyPart-EraseBytes-
#7538406	REDUCE cov: 50 ft: 421 corp: 164/2977b lim: 4096 exec/s: 443435 rss: 36Mb L: 23/34 MS: 2 InsertByte-EraseBytes-
#7746248	REDUCE cov: 50 ft: 421 corp: 164/2975b lim: 4096 exec/s: 455661 rss: 36Mb L: 16/34 MS: 2 EraseBytes-InsertByte-
#8298358	NEW    cov: 50 ft: 422 corp: 165/2993b lim: 4096 exec/s: 461019 rss: 36Mb L: 18/34 MS: 5 InsertByte-ChangeBit-EraseBytes-ShuffleBytes-CrossOver-
#8388608	pulse  cov: 50 ft: 422 corp: 165/2993b lim: 4096 exec/s: 466033 rss: 36Mb
#8484455	REDUCE cov: 50 ft: 422 corp: 165/2991b lim: 4096 exec/s: 446550 rss: 36Mb L: 16/34 MS: 2 EraseBytes-InsertByte-
#9421207	REDUCE cov: 50 ft: 422 corp: 165/2990b lim: 4096 exec/s: 448628 rss: 36Mb L: 15/34 MS: 2 EraseBytes-CrossOver-
#9612104	REDUCE cov: 50 ft: 422 corp: 165/2988b lim: 4096 exec/s: 457719 rss: 36Mb L: 18/34 MS: 2 EraseBytes-CrossOver-
#9627566	REDUCE cov: 50 ft: 422 corp: 165/2986b lim: 4096 exec/s: 458455 rss: 36Mb L: 16/34 MS: 2 ChangeByte-EraseBytes-
#10377550	REDUCE cov: 50 ft: 422 corp: 165/2984b lim: 4096 exec/s: 451197 rss: 36Mb L: 16/34 MS: 4 ChangeByte-CopyPart-ChangeBit-EraseBytes-
#11064493	REDUCE cov: 50 ft: 422 corp: 165/2982b lim: 4096 exec/s: 442579 rss: 36Mb L: 16/34 MS: 3 ChangeByte-EraseBytes-InsertByte-
#11396345	REDUCE cov: 50 ft: 422 corp: 165/2978b lim: 4096 exec/s: 455853 rss: 36Mb L: 16/34 MS: 2 EraseBytes-ShuffleBytes-
#11997997	REDUCE cov: 50 ft: 422 corp: 165/2976b lim: 4096 exec/s: 444370 rss: 36Mb L: 16/34 MS: 2 EraseBytes-ChangeBit-
#12166202	REDUCE cov: 50 ft: 422 corp: 165/2975b lim: 4096 exec/s: 450600 rss: 36Mb L: 15/34 MS: 5 CopyPart-EraseBytes-ChangeBit-ChangeByte-InsertByte-
#12423879	REDUCE cov: 50 ft: 422 corp: 165/2974b lim: 4096 exec/s: 443709 rss: 36Mb L: 15/34 MS: 2 CrossOver-EraseBytes-
#13087046	NEW    cov: 50 ft: 423 corp: 166/2994b lim: 4096 exec/s: 451277 rss: 36Mb L: 20/34 MS: 2 ChangeByte-ShuffleBytes-
#15320541	REDUCE cov: 50 ft: 423 corp: 166/2992b lim: 4096 exec/s: 450604 rss: 36Mb L: 18/34 MS: 5 CMP-EraseBytes-EraseBytes-ChangeBit-PersAutoDict- DE: "\025\000\000\000\000\000\000\000"-"\005\000\000\000\000\000\000\000"-
#16777216	pulse  cov: 50 ft: 423 corp: 166/2992b lim: 4096 exec/s: 453438 rss: 36Mb
#16989641	REDUCE cov: 50 ft: 423 corp: 166/2991b lim: 4096 exec/s: 447095 rss: 36Mb L: 15/34 MS: 5 ChangeByte-ChangeBinInt-ChangeBinInt-EraseBytes-CrossOver-
#17967438	REDUCE cov: 50 ft: 423 corp: 166/2989b lim: 4096 exec/s: 449185 rss: 36Mb L: 16/34 MS: 2 CrossOver-EraseBytes-
#18056543	REDUCE cov: 50 ft: 423 corp: 166/2988b lim: 4096 exec/s: 451413 rss: 36Mb L: 15/34 MS: 5 ShuffleBytes-CMP-ChangeBinInt-ChangeByte-EraseBytes- DE: "!\000\000\000\000\000\000\000"-
#20879625	REDUCE cov: 50 ft: 423 corp: 166/2986b lim: 4096 exec/s: 444247 rss: 36Mb L: 16/34 MS: 2 ChangeBinInt-EraseBytes-
#23422587	REDUCE cov: 50 ft: 423 corp: 166/2984b lim: 4096 exec/s: 450434 rss: 36Mb L: 16/34 MS: 2 CrossOver-EraseBytes-
#28150911	REDUCE cov: 50 ft: 423 corp: 166/2982b lim: 4096 exec/s: 446839 rss: 36Mb L: 16/34 MS: 4 EraseBytes-ChangeBinInt-ChangeASCIIInt-ChangeBit-
#29101633	REDUCE cov: 50 ft: 423 corp: 166/2980b lim: 4096 exec/s: 447717 rss: 36Mb L: 16/34 MS: 2 EraseBytes-ChangeByte-
#29194090	REDUCE cov: 50 ft: 423 corp: 166/2979b lim: 4096 exec/s: 442334 rss: 36Mb L: 15/34 MS: 2 EraseBytes-CrossOver-
#31556087	REDUCE cov: 50 ft: 423 corp: 166/2977b lim: 4096 exec/s: 444451 rss: 36Mb L: 16/34 MS: 2 ChangeByte-EraseBytes-
#32870704	NEW    cov: 50 ft: 426 corp: 167/3000b lim: 4096 exec/s: 444198 rss: 36Mb L: 23/34 MS: 2 CopyPart-ChangeBit-
#45221849	REDUCE cov: 50 ft: 426 corp: 167/2999b lim: 4096 exec/s: 443351 rss: 37Mb L: 15/34 MS: 5 InsertByte-ChangeBinInt-InsertByte-EraseBytes-ChangeBit-
#45752682	REDUCE cov: 50 ft: 426 corp: 167/2997b lim: 4096 exec/s: 444200 rss: 37Mb L: 21/34 MS: 3 ChangeASCIIInt-InsertByte-EraseBytes-
#46048895	REDUCE cov: 50 ft: 426 corp: 167/2996b lim: 4096 exec/s: 442777 rss: 37Mb L: 15/34 MS: 3 ChangeASCIIInt-CrossOver-EraseBytes-
#51589078	NEW    cov: 50 ft: 432 corp: 168/3027b lim: 4096 exec/s: 444733 rss: 37Mb L: 31/34 MS: 3 CopyPart-CopyPart-ChangeByte-
#51596611	NEW    cov: 50 ft: 434 corp: 169/3058b lim: 4096 exec/s: 444798 rss: 37Mb L: 31/34 MS: 3 ChangeBinInt-ChangeByte-ChangeBit-
#57091964	REDUCE cov: 50 ft: 434 corp: 169/3057b lim: 4096 exec/s: 442573 rss: 37Mb L: 15/34 MS: 3 ChangeByte-EraseBytes-CrossOver-
#62033616	REDUCE cov: 50 ft: 434 corp: 169/3056b lim: 4096 exec/s: 443097 rss: 37Mb L: 30/34 MS: 2 EraseBytes-ChangeBit-
#62055349	REDUCE cov: 50 ft: 436 corp: 170/3086b lim: 4096 exec/s: 443252 rss: 37Mb L: 30/34 MS: 3 ShuffleBytes-ShuffleBytes-ChangeBit-
#65532996	REDUCE cov: 50 ft: 436 corp: 170/3084b lim: 4096 exec/s: 442790 rss: 37Mb L: 16/34 MS: 2 EraseBytes-ChangeBinInt-
#67108864	pulse  cov: 50 ft: 436 corp: 170/3084b lim: 4096 exec/s: 441505 rss: 37Mb
#79997843	REDUCE cov: 50 ft: 436 corp: 170/3083b lim: 4096 exec/s: 441977 rss: 37Mb L: 15/34 MS: 2 EraseBytes-CopyPart-
#121630902	REDUCE cov: 50 ft: 436 corp: 170/3081b lim: 4096 exec/s: 439100 rss: 37Mb L: 18/34 MS: 4 CopyPart-EraseBytes-CopyPart-ChangeBit-
#123156191	REDUCE cov: 50 ft: 436 corp: 170/3080b lim: 4096 exec/s: 439843 rss: 37Mb L: 15/34 MS: 4 ChangeASCIIInt-ChangeByte-InsertByte-EraseBytes-
#152197775	REDUCE cov: 50 ft: 436 corp: 170/3078b lim: 4096 exec/s: 439877 rss: 37Mb L: 15/34 MS: 4 ShuffleBytes-ChangeBit-EraseBytes-ChangeBit-
panic: found special char in iban [recovered]
	panic: found special char in iban

goroutine 17 [running, locked to thread]:
git.ultraware.nl/iddinkgroep/fundament-api.Fuzz.func1()
	git.ultraware.nl/iddinkgroep/fundament-api/fuzz.go:19 +0xa5
panic({0x562a64025760?, 0x562a64038c70?})
	runtime/panic.go:914 +0x21f
git.ultraware.nl/iddinkgroep/fundament-api.Fuzz({0xc000262d80, 0x14})
	git.ultraware.nl/iddinkgroep/fundament-api/fuzz.go:34 +0x2b9
git.ultraware.nl/iddinkgroep/fundament-api.Fuzz_(...)
	git.ultraware.nl/iddinkgroep/fundament-api/fuzz.1527825026.go:6
main.LLVMFuzzerTestOneInput(...)
	./main.170485750.go:21
==29750== ERROR: libFuzzer: deadly signal
    #0 0x562a63f48630 in __sanitizer_print_stack_trace (/seedai/experiments/libfuzzer/source_iban/libfuzzer+0xaf630) (BuildId: 688cb25bec4564588da2a67f6a2b25148a0fd5d4)
    #1 0x562a63f14755 in fuzzer::PrintStackTrace() (/seedai/experiments/libfuzzer/source_iban/libfuzzer+0x7b755) (BuildId: 688cb25bec4564588da2a67f6a2b25148a0fd5d4)
    #2 0x562a63ef33a9 in fuzzer::Fuzzer::CrashCallback() (.part.0) FuzzerLoop.cpp.o
    #3 0x562a63ef346a in fuzzer::Fuzzer::StaticCrashSignalCallback() (/seedai/experiments/libfuzzer/source_iban/libfuzzer+0x5a46a) (BuildId: 688cb25bec4564588da2a67f6a2b25148a0fd5d4)
    #4 0x7efea28a470f  (/usr/lib/libc.so.6+0x3e70f) (BuildId: 316d0d3666387f0e8fb98773f51aa1801027c5ab)
    #5 0x562a63fa8160 in runtime.raise.abi0 runtime/sys_linux_amd64.s:153

NOTE: libFuzzer has rudimentary signal handlers.
      Combine libFuzzer with AddressSanitizer or similar for better crash reports.
SUMMARY: libFuzzer: deadly signal
MS: 3 ChangeASCIIInt-ChangeBit-CrossOver-; base unit: 98df1cdf2228269607c9145e31c6cf2d6fdda150
0x41,0x54,0x55,0x49,0x2d,0x30,0x30,0x30,0x30,0x30,0x30,0x30,0x30,0x39,0x34,0x54,0x55,0x34,0x35,0x36,
ATUI-0000000094TU456
artifact_prefix='./'; Test unit written to ./crash-b60ab70cf701e899f6fcaf84233cbe171a56bae4
Base64: QVRVSS0wMDAwMDAwMDk0VFU0NTY=
