INFO: Running with entropic power schedule (0xFF, 100).
INFO: Seed: 2568277168
INFO: Loaded 1 modules   (70 inline 8-bit counters): 70 [0x563620718030, 0x563620718076), 
INFO: Loaded 1 PC tables (70 PCs): 70 [0xc000068000,0xc000068460), 
INFO:        0 files found in corpus
INFO: -max_len is not provided; libFuzzer will not generate inputs larger than 4096 bytes
INFO: A corpus is not provided, starting from an empty corpus
#2	INITED cov: 9 ft: 15 corp: 1/1b exec/s: 0 rss: 30Mb
#4	NEW    cov: 9 ft: 16 corp: 2/3b lim: 4 exec/s: 0 rss: 30Mb L: 2/2 MS: 2 ChangeBit-CrossOver-
#7	NEW    cov: 9 ft: 19 corp: 3/6b lim: 4 exec/s: 0 rss: 30Mb L: 3/3 MS: 3 InsertByte-ChangeBit-InsertByte-
#231	NEW    cov: 9 ft: 20 corp: 4/11b lim: 6 exec/s: 0 rss: 30Mb L: 5/5 MS: 4 InsertByte-ChangeByte-EraseBytes-InsertRepeatedBytes-
#445	NEW    cov: 9 ft: 21 corp: 5/19b lim: 8 exec/s: 0 rss: 30Mb L: 8/8 MS: 4 InsertByte-InsertRepeatedBytes-InsertByte-CMP- DE: "\000\000"-
#462	NEW    cov: 9 ft: 22 corp: 6/26b lim: 8 exec/s: 0 rss: 30Mb L: 7/8 MS: 2 EraseBytes-CopyPart-
#1080	NEW    cov: 9 ft: 23 corp: 7/38b lim: 14 exec/s: 0 rss: 30Mb L: 12/12 MS: 3 ChangeBit-CopyPart-InsertByte-
#1087	NEW    cov: 9 ft: 24 corp: 8/52b lim: 14 exec/s: 0 rss: 30Mb L: 14/14 MS: 2 EraseBytes-InsertRepeatedBytes-
#1122	NEW    cov: 9 ft: 25 corp: 9/65b lim: 14 exec/s: 0 rss: 30Mb L: 13/14 MS: 5 PersAutoDict-CrossOver-InsertRepeatedBytes-ShuffleBytes-InsertByte- DE: "\000\000"-
#1444	NEW    cov: 11 ft: 31 corp: 10/81b lim: 17 exec/s: 0 rss: 30Mb L: 16/16 MS: 2 ChangeByte-CrossOver-
#1446	NEW    cov: 11 ft: 32 corp: 11/98b lim: 17 exec/s: 0 rss: 30Mb L: 17/17 MS: 2 ChangeBinInt-InsertRepeatedBytes-
#1473	NEW    cov: 11 ft: 34 corp: 12/113b lim: 17 exec/s: 0 rss: 30Mb L: 15/17 MS: 2 CrossOver-CopyPart-
#1909	NEW    cov: 11 ft: 35 corp: 13/132b lim: 21 exec/s: 0 rss: 30Mb L: 19/19 MS: 1 InsertRepeatedBytes-
#2733	NEW    cov: 11 ft: 36 corp: 14/159b lim: 29 exec/s: 0 rss: 30Mb L: 27/27 MS: 4 ChangeByte-ShuffleBytes-InsertByte-InsertRepeatedBytes-
#2752	NEW    cov: 11 ft: 37 corp: 15/188b lim: 29 exec/s: 0 rss: 30Mb L: 29/29 MS: 4 PersAutoDict-PersAutoDict-InsertRepeatedBytes-InsertByte- DE: "\000\000"-"\000\000"-
#3180	NEW    cov: 11 ft: 38 corp: 16/221b lim: 33 exec/s: 0 rss: 30Mb L: 33/33 MS: 3 InsertByte-EraseBytes-InsertRepeatedBytes-
#3224	NEW    cov: 11 ft: 39 corp: 17/252b lim: 33 exec/s: 0 rss: 30Mb L: 31/33 MS: 4 InsertRepeatedBytes-ChangeByte-CrossOver-CrossOver-
#3759	NEW    cov: 11 ft: 41 corp: 18/286b lim: 38 exec/s: 0 rss: 31Mb L: 34/34 MS: 5 InsertByte-CopyPart-ShuffleBytes-PersAutoDict-CrossOver- DE: "\000\000"-
#532593	NEW    cov: 13 ft: 47 corp: 19/301b lim: 4096 exec/s: 0 rss: 35Mb L: 15/34 MS: 4 ChangeByte-ChangeByte-InsertByte-InsertByte-
#532635	NEW    cov: 13 ft: 49 corp: 20/323b lim: 4096 exec/s: 0 rss: 35Mb L: 22/34 MS: 2 ChangeByte-CopyPart-
#532671	NEW    cov: 13 ft: 50 corp: 21/338b lim: 4096 exec/s: 0 rss: 35Mb L: 15/34 MS: 1 CrossOver-
#532681	NEW    cov: 13 ft: 51 corp: 22/354b lim: 4096 exec/s: 0 rss: 35Mb L: 16/34 MS: 5 ShuffleBytes-ChangeBinInt-ChangeASCIIInt-ChangeBit-InsertByte-
#532697	NEW    cov: 25 ft: 97 corp: 23/372b lim: 4096 exec/s: 0 rss: 35Mb L: 18/34 MS: 1 PersAutoDict- DE: "\000\000"-
#532714	NEW    cov: 25 ft: 98 corp: 24/394b lim: 4096 exec/s: 0 rss: 35Mb L: 22/34 MS: 2 ChangeBit-ChangeByte-
#532825	REDUCE cov: 25 ft: 98 corp: 24/393b lim: 4096 exec/s: 0 rss: 35Mb L: 15/34 MS: 1 EraseBytes-
#532841	NEW    cov: 25 ft: 99 corp: 25/416b lim: 4096 exec/s: 0 rss: 35Mb L: 23/34 MS: 1 CopyPart-
#532869	REDUCE cov: 25 ft: 100 corp: 26/433b lim: 4096 exec/s: 0 rss: 35Mb L: 17/34 MS: 3 PersAutoDict-CrossOver-ChangeByte- DE: "\000\000"-
#532885	NEW    cov: 25 ft: 101 corp: 27/456b lim: 4096 exec/s: 0 rss: 35Mb L: 23/34 MS: 1 InsertByte-
#532910	NEW    cov: 25 ft: 103 corp: 28/478b lim: 4096 exec/s: 0 rss: 35Mb L: 22/34 MS: 5 ShuffleBytes-ShuffleBytes-ShuffleBytes-ChangeByte-CopyPart-
#532963	NEW    cov: 25 ft: 105 corp: 29/493b lim: 4096 exec/s: 0 rss: 35Mb L: 15/34 MS: 3 ChangeBit-ChangeASCIIInt-ChangeBinInt-
#533006	NEW    cov: 25 ft: 106 corp: 30/517b lim: 4096 exec/s: 0 rss: 35Mb L: 24/34 MS: 3 CMP-InsertByte-InsertByte- DE: "\001\000\000\000"-
#533091	NEW    cov: 25 ft: 107 corp: 31/533b lim: 4096 exec/s: 0 rss: 35Mb L: 16/34 MS: 5 ChangeBit-ChangeBit-InsertByte-ChangeBinInt-ChangeByte-
#533143	NEW    cov: 25 ft: 108 corp: 32/551b lim: 4096 exec/s: 0 rss: 35Mb L: 18/34 MS: 2 ChangeBinInt-ChangeBit-
#533314	NEW    cov: 25 ft: 110 corp: 33/566b lim: 4096 exec/s: 0 rss: 35Mb L: 15/34 MS: 1 ChangeBit-
#533483	NEW    cov: 25 ft: 112 corp: 34/581b lim: 4096 exec/s: 0 rss: 35Mb L: 15/34 MS: 4 InsertByte-InsertByte-ChangeBinInt-EraseBytes-
#533809	NEW    cov: 25 ft: 113 corp: 35/605b lim: 4096 exec/s: 0 rss: 35Mb L: 24/34 MS: 1 ChangeBinInt-
#533980	NEW    cov: 25 ft: 114 corp: 36/623b lim: 4096 exec/s: 0 rss: 35Mb L: 18/34 MS: 1 InsertByte-
#534110	REDUCE cov: 25 ft: 114 corp: 36/621b lim: 4096 exec/s: 0 rss: 35Mb L: 22/34 MS: 5 InsertByte-ChangeASCIIInt-ChangeBinInt-CMP-EraseBytes- DE: "\377\377"-
#535139	REDUCE cov: 25 ft: 114 corp: 36/617b lim: 4096 exec/s: 0 rss: 35Mb L: 18/34 MS: 4 EraseBytes-ChangeBinInt-InsertByte-ChangeBit-
#535353	REDUCE cov: 25 ft: 115 corp: 37/637b lim: 4096 exec/s: 0 rss: 35Mb L: 20/34 MS: 4 InsertByte-ShuffleBytes-PersAutoDict-CopyPart- DE: "\001\000\000\000"-
#535589	NEW    cov: 25 ft: 117 corp: 38/659b lim: 4096 exec/s: 0 rss: 35Mb L: 22/34 MS: 1 ChangeByte-
#535618	REDUCE cov: 25 ft: 117 corp: 38/657b lim: 4096 exec/s: 0 rss: 35Mb L: 16/34 MS: 4 CrossOver-ChangeByte-InsertByte-EraseBytes-
#536091	NEW    cov: 25 ft: 118 corp: 39/683b lim: 4096 exec/s: 0 rss: 35Mb L: 26/34 MS: 3 EraseBytes-InsertRepeatedBytes-EraseBytes-
#536178	NEW    cov: 25 ft: 119 corp: 40/703b lim: 4096 exec/s: 0 rss: 35Mb L: 20/34 MS: 2 PersAutoDict-ChangeBit- DE: "\377\377"-
#536223	REDUCE cov: 25 ft: 119 corp: 40/702b lim: 4096 exec/s: 0 rss: 35Mb L: 15/34 MS: 5 InsertByte-ChangeBinInt-ChangeBinInt-ChangeBinInt-EraseBytes-
#536287	REDUCE cov: 25 ft: 120 corp: 41/720b lim: 4096 exec/s: 0 rss: 35Mb L: 18/34 MS: 4 InsertByte-ChangeASCIIInt-InsertByte-InsertByte-
#536593	REDUCE cov: 25 ft: 121 corp: 42/737b lim: 4096 exec/s: 0 rss: 35Mb L: 17/34 MS: 1 InsertByte-
#536765	NEW    cov: 25 ft: 122 corp: 43/753b lim: 4096 exec/s: 0 rss: 35Mb L: 16/34 MS: 2 CrossOver-EraseBytes-
#536769	NEW    cov: 25 ft: 123 corp: 44/778b lim: 4096 exec/s: 0 rss: 35Mb L: 25/34 MS: 4 ChangeBinInt-EraseBytes-ChangeByte-CrossOver-
#537272	REDUCE cov: 25 ft: 123 corp: 44/776b lim: 4096 exec/s: 0 rss: 35Mb L: 18/34 MS: 3 EraseBytes-ChangeBit-ChangeBinInt-
#537521	REDUCE cov: 25 ft: 123 corp: 44/766b lim: 4096 exec/s: 0 rss: 35Mb L: 15/34 MS: 4 ChangeASCIIInt-ChangeBit-CrossOver-EraseBytes-
#537528	NEW    cov: 25 ft: 124 corp: 45/788b lim: 4096 exec/s: 0 rss: 35Mb L: 22/34 MS: 2 ChangeASCIIInt-CrossOver-
#539248	NEW    cov: 25 ft: 125 corp: 46/814b lim: 4096 exec/s: 0 rss: 35Mb L: 26/34 MS: 5 ChangeBit-CMP-ChangeBit-ChangeByte-EraseBytes- DE: "\001\000"-
#545058	REDUCE cov: 25 ft: 125 corp: 46/812b lim: 4096 exec/s: 0 rss: 35Mb L: 22/34 MS: 5 ShuffleBytes-ChangeASCIIInt-ChangeBinInt-EraseBytes-InsertByte-
#546973	REDUCE cov: 25 ft: 125 corp: 46/810b lim: 4096 exec/s: 0 rss: 35Mb L: 15/34 MS: 5 PersAutoDict-CopyPart-EraseBytes-InsertByte-PersAutoDict- DE: "\377\377"-"\001\000\000\000"-
#547727	REDUCE cov: 25 ft: 125 corp: 46/806b lim: 4096 exec/s: 0 rss: 35Mb L: 18/34 MS: 4 ChangeBinInt-InsertByte-ShuffleBytes-EraseBytes-
#548276	REDUCE cov: 25 ft: 125 corp: 46/804b lim: 4096 exec/s: 0 rss: 35Mb L: 16/34 MS: 4 CrossOver-CrossOver-EraseBytes-ChangeBinInt-
#551368	REDUCE cov: 25 ft: 125 corp: 46/802b lim: 4096 exec/s: 0 rss: 35Mb L: 16/34 MS: 2 EraseBytes-ChangeByte-
#556337	REDUCE cov: 25 ft: 125 corp: 46/798b lim: 4096 exec/s: 0 rss: 35Mb L: 18/34 MS: 4 ChangeBit-ChangeBit-EraseBytes-ChangeBinInt-
#560429	NEW    cov: 25 ft: 126 corp: 47/816b lim: 4096 exec/s: 0 rss: 35Mb L: 18/34 MS: 2 CopyPart-CopyPart-
#560896	REDUCE cov: 25 ft: 126 corp: 47/815b lim: 4096 exec/s: 0 rss: 35Mb L: 17/34 MS: 2 ChangeBit-EraseBytes-
#561394	REDUCE cov: 25 ft: 126 corp: 47/813b lim: 4096 exec/s: 0 rss: 35Mb L: 20/34 MS: 3 CrossOver-EraseBytes-PersAutoDict- DE: "\001\000\000\000"-
#561795	REDUCE cov: 25 ft: 126 corp: 47/811b lim: 4096 exec/s: 0 rss: 35Mb L: 15/34 MS: 1 EraseBytes-
#564639	NEW    cov: 25 ft: 128 corp: 48/835b lim: 4096 exec/s: 0 rss: 35Mb L: 24/34 MS: 4 ShuffleBytes-PersAutoDict-ChangeASCIIInt-CrossOver- DE: "\000\000"-
#564906	NEW    cov: 25 ft: 129 corp: 49/859b lim: 4096 exec/s: 0 rss: 35Mb L: 24/34 MS: 2 ChangeByte-PersAutoDict- DE: "\000\000"-
#565235	REDUCE cov: 25 ft: 129 corp: 49/857b lim: 4096 exec/s: 0 rss: 35Mb L: 22/34 MS: 4 PersAutoDict-EraseBytes-ChangeBinInt-ChangeByte- DE: "\001\000"-
#567161	NEW    cov: 25 ft: 130 corp: 50/873b lim: 4096 exec/s: 0 rss: 35Mb L: 16/34 MS: 1 ChangeBinInt-
#569963	REDUCE cov: 25 ft: 132 corp: 51/888b lim: 4096 exec/s: 0 rss: 35Mb L: 15/34 MS: 2 ChangeByte-ChangeBinInt-
#572176	NEW    cov: 25 ft: 133 corp: 52/916b lim: 4096 exec/s: 0 rss: 35Mb L: 28/34 MS: 3 InsertRepeatedBytes-ChangeByte-EraseBytes-
#582264	REDUCE cov: 25 ft: 133 corp: 52/914b lim: 4096 exec/s: 582264 rss: 35Mb L: 24/34 MS: 3 ShuffleBytes-EraseBytes-PersAutoDict- DE: "\377\377"-
#583816	REDUCE cov: 25 ft: 133 corp: 52/912b lim: 4096 exec/s: 583816 rss: 35Mb L: 16/34 MS: 2 ShuffleBytes-EraseBytes-
#583949	REDUCE cov: 25 ft: 133 corp: 52/910b lim: 4096 exec/s: 583949 rss: 35Mb L: 15/34 MS: 3 ChangeBinInt-CopyPart-EraseBytes-
#584037	REDUCE cov: 25 ft: 133 corp: 52/909b lim: 4096 exec/s: 584037 rss: 35Mb L: 21/34 MS: 3 CopyPart-ChangeBit-EraseBytes-
#586202	REDUCE cov: 25 ft: 133 corp: 52/907b lim: 4096 exec/s: 586202 rss: 35Mb L: 21/34 MS: 5 InsertRepeatedBytes-EraseBytes-CrossOver-CopyPart-InsertByte-
#599018	NEW    cov: 30 ft: 156 corp: 53/935b lim: 4096 exec/s: 599018 rss: 35Mb L: 28/34 MS: 1 CopyPart-
#599349	NEW    cov: 30 ft: 164 corp: 54/963b lim: 4096 exec/s: 599349 rss: 35Mb L: 28/34 MS: 1 ChangeBinInt-
#599751	NEW    cov: 30 ft: 172 corp: 55/991b lim: 4096 exec/s: 599751 rss: 35Mb L: 28/34 MS: 2 ShuffleBytes-ChangeBinInt-
#599802	NEW    cov: 30 ft: 177 corp: 56/1019b lim: 4096 exec/s: 599802 rss: 35Mb L: 28/34 MS: 1 CMP- DE: "\035\000\000\000\000\000\000\000"-
#600003	NEW    cov: 30 ft: 179 corp: 57/1047b lim: 4096 exec/s: 600003 rss: 35Mb L: 28/34 MS: 1 CrossOver-
#600500	NEW    cov: 30 ft: 181 corp: 58/1075b lim: 4096 exec/s: 600500 rss: 35Mb L: 28/34 MS: 2 ChangeBit-ChangeBit-
#600767	NEW    cov: 30 ft: 185 corp: 59/1103b lim: 4096 exec/s: 600767 rss: 35Mb L: 28/34 MS: 2 ChangeBit-ChangeBit-
#601213	NEW    cov: 30 ft: 187 corp: 60/1131b lim: 4096 exec/s: 601213 rss: 35Mb L: 28/34 MS: 1 ChangeBit-
#601502	NEW    cov: 30 ft: 189 corp: 61/1159b lim: 4096 exec/s: 601502 rss: 35Mb L: 28/34 MS: 4 CMP-ChangeBit-CrossOver-ChangeBinInt- DE: "\001\000"-
#601623	NEW    cov: 30 ft: 191 corp: 62/1187b lim: 4096 exec/s: 601623 rss: 35Mb L: 28/34 MS: 1 ChangeBinInt-
#602134	NEW    cov: 30 ft: 193 corp: 63/1215b lim: 4096 exec/s: 602134 rss: 35Mb L: 28/34 MS: 1 ChangeASCIIInt-
#602310	NEW    cov: 30 ft: 195 corp: 64/1243b lim: 4096 exec/s: 602310 rss: 35Mb L: 28/34 MS: 1 ChangeBit-
#602351	NEW    cov: 30 ft: 197 corp: 65/1271b lim: 4096 exec/s: 602351 rss: 35Mb L: 28/34 MS: 1 ChangeBit-
#602382	NEW    cov: 30 ft: 199 corp: 66/1299b lim: 4096 exec/s: 602382 rss: 35Mb L: 28/34 MS: 1 ChangeBit-
#602880	NEW    cov: 30 ft: 200 corp: 67/1327b lim: 4096 exec/s: 602880 rss: 35Mb L: 28/34 MS: 3 ChangeBit-CrossOver-ChangeBinInt-
#603186	NEW    cov: 32 ft: 204 corp: 68/1355b lim: 4096 exec/s: 603186 rss: 35Mb L: 28/34 MS: 1 CrossOver-
#603188	NEW    cov: 32 ft: 206 corp: 69/1383b lim: 4096 exec/s: 603188 rss: 35Mb L: 28/34 MS: 2 CopyPart-ShuffleBytes-
#603596	NEW    cov: 32 ft: 208 corp: 70/1411b lim: 4096 exec/s: 603596 rss: 35Mb L: 28/34 MS: 3 ChangeASCIIInt-ChangeBinInt-ChangeASCIIInt-
#604278	REDUCE cov: 32 ft: 208 corp: 70/1403b lim: 4096 exec/s: 604278 rss: 35Mb L: 20/34 MS: 2 EraseBytes-ChangeBinInt-
#604690	NEW    cov: 32 ft: 210 corp: 71/1431b lim: 4096 exec/s: 604690 rss: 35Mb L: 28/34 MS: 2 ChangeBinInt-ChangeBit-
#607436	NEW    cov: 32 ft: 212 corp: 72/1459b lim: 4096 exec/s: 607436 rss: 35Mb L: 28/34 MS: 1 ChangeASCIIInt-
#609263	NEW    cov: 32 ft: 213 corp: 73/1475b lim: 4096 exec/s: 609263 rss: 35Mb L: 16/34 MS: 2 ShuffleBytes-ChangeBinInt-
#609759	NEW    cov: 32 ft: 214 corp: 74/1503b lim: 4096 exec/s: 609759 rss: 35Mb L: 28/34 MS: 1 ChangeBinInt-
#610585	NEW    cov: 33 ft: 218 corp: 75/1531b lim: 4096 exec/s: 610585 rss: 35Mb L: 28/34 MS: 1 ChangeBit-
#611121	NEW    cov: 33 ft: 219 corp: 76/1559b lim: 4096 exec/s: 611121 rss: 35Mb L: 28/34 MS: 1 ChangeBit-
#611312	NEW    cov: 33 ft: 220 corp: 77/1587b lim: 4096 exec/s: 611312 rss: 35Mb L: 28/34 MS: 1 ChangeByte-
#611868	NEW    cov: 33 ft: 221 corp: 78/1615b lim: 4096 exec/s: 611868 rss: 35Mb L: 28/34 MS: 1 ChangeBit-
#612325	NEW    cov: 33 ft: 222 corp: 79/1643b lim: 4096 exec/s: 612325 rss: 35Mb L: 28/34 MS: 2 ChangeBit-ShuffleBytes-
#612363	NEW    cov: 33 ft: 223 corp: 80/1671b lim: 4096 exec/s: 612363 rss: 35Mb L: 28/34 MS: 3 ShuffleBytes-CrossOver-EraseBytes-
#613099	NEW    cov: 47 ft: 282 corp: 81/1699b lim: 4096 exec/s: 613099 rss: 35Mb L: 28/34 MS: 1 ChangeASCIIInt-
#613186	NEW    cov: 47 ft: 283 corp: 82/1727b lim: 4096 exec/s: 613186 rss: 35Mb L: 28/34 MS: 2 ChangeASCIIInt-ShuffleBytes-
#616694	REDUCE cov: 47 ft: 283 corp: 82/1725b lim: 4096 exec/s: 616694 rss: 35Mb L: 19/34 MS: 3 InsertByte-ChangeASCIIInt-EraseBytes-
#619991	REDUCE cov: 47 ft: 283 corp: 82/1723b lim: 4096 exec/s: 619991 rss: 35Mb L: 26/34 MS: 2 ChangeBit-EraseBytes-
#626238	REDUCE cov: 47 ft: 283 corp: 82/1722b lim: 4096 exec/s: 626238 rss: 35Mb L: 15/34 MS: 2 EraseBytes-PersAutoDict- DE: "\377\377"-
#630676	NEW    cov: 47 ft: 284 corp: 83/1750b lim: 4096 exec/s: 630676 rss: 35Mb L: 28/34 MS: 3 PersAutoDict-ChangeByte-EraseBytes- DE: "\001\000\000\000"-
#632453	NEW    cov: 48 ft: 289 corp: 84/1778b lim: 4096 exec/s: 632453 rss: 35Mb L: 28/34 MS: 2 ChangeASCIIInt-ChangeByte-
#633021	REDUCE cov: 48 ft: 289 corp: 84/1776b lim: 4096 exec/s: 633021 rss: 35Mb L: 19/34 MS: 3 CopyPart-ShuffleBytes-EraseBytes-
#633068	NEW    cov: 48 ft: 290 corp: 85/1804b lim: 4096 exec/s: 633068 rss: 35Mb L: 28/34 MS: 2 ShuffleBytes-ChangeBinInt-
#633554	NEW    cov: 48 ft: 291 corp: 86/1832b lim: 4096 exec/s: 633554 rss: 35Mb L: 28/34 MS: 1 CrossOver-
#633850	NEW    cov: 48 ft: 292 corp: 87/1860b lim: 4096 exec/s: 633850 rss: 35Mb L: 28/34 MS: 1 ShuffleBytes-
#633906	NEW    cov: 48 ft: 293 corp: 88/1888b lim: 4096 exec/s: 633906 rss: 35Mb L: 28/34 MS: 1 ChangeByte-
#634873	NEW    cov: 48 ft: 295 corp: 89/1916b lim: 4096 exec/s: 634873 rss: 35Mb L: 28/34 MS: 2 PersAutoDict-ChangeByte- DE: "\001\000"-
#635119	NEW    cov: 48 ft: 296 corp: 90/1944b lim: 4096 exec/s: 635119 rss: 35Mb L: 28/34 MS: 1 ChangeBit-
#635175	NEW    cov: 48 ft: 297 corp: 91/1972b lim: 4096 exec/s: 635175 rss: 35Mb L: 28/34 MS: 1 ChangeBit-
#638290	REDUCE cov: 48 ft: 297 corp: 91/1970b lim: 4096 exec/s: 638290 rss: 35Mb L: 26/34 MS: 5 ChangeByte-ChangeBit-EraseBytes-ChangeBit-PersAutoDict- DE: "\000\000"-
#638651	NEW    cov: 48 ft: 298 corp: 92/1998b lim: 4096 exec/s: 638651 rss: 35Mb L: 28/34 MS: 1 ChangeBit-
#640840	NEW    cov: 49 ft: 301 corp: 93/2026b lim: 4096 exec/s: 640840 rss: 35Mb L: 28/34 MS: 4 ShuffleBytes-ChangeByte-ChangeByte-ChangeByte-
#642090	REDUCE cov: 49 ft: 301 corp: 93/2024b lim: 4096 exec/s: 642090 rss: 35Mb L: 17/34 MS: 5 ShuffleBytes-CMP-ChangeBinInt-EraseBytes-ChangeByte- DE: "1\000\000\000"-
#642761	NEW    cov: 49 ft: 302 corp: 94/2052b lim: 4096 exec/s: 642761 rss: 35Mb L: 28/34 MS: 1 ShuffleBytes-
#643062	NEW    cov: 49 ft: 303 corp: 95/2080b lim: 4096 exec/s: 643062 rss: 35Mb L: 28/34 MS: 1 ChangeBit-
#643334	REDUCE cov: 49 ft: 303 corp: 95/2078b lim: 4096 exec/s: 643334 rss: 35Mb L: 26/34 MS: 2 InsertByte-EraseBytes-
#643738	REDUCE cov: 49 ft: 303 corp: 95/2072b lim: 4096 exec/s: 643738 rss: 35Mb L: 22/34 MS: 4 ChangeBinInt-ChangeByte-EraseBytes-InsertByte-
#650204	NEW    cov: 49 ft: 304 corp: 96/2100b lim: 4096 exec/s: 650204 rss: 35Mb L: 28/34 MS: 1 ChangeBit-
#652013	NEW    cov: 49 ft: 310 corp: 97/2128b lim: 4096 exec/s: 652013 rss: 36Mb L: 28/34 MS: 4 ShuffleBytes-ShuffleBytes-ChangeBit-ChangeBit-
#652697	REDUCE cov: 49 ft: 310 corp: 97/2126b lim: 4096 exec/s: 652697 rss: 36Mb L: 26/34 MS: 4 ChangeByte-ChangeBinInt-EraseBytes-InsertByte-
#653709	NEW    cov: 49 ft: 311 corp: 98/2154b lim: 4096 exec/s: 653709 rss: 36Mb L: 28/34 MS: 2 ShuffleBytes-ChangeBit-
#654510	REDUCE cov: 49 ft: 312 corp: 99/2180b lim: 4096 exec/s: 654510 rss: 36Mb L: 26/34 MS: 1 ChangeBinInt-
#655171	NEW    cov: 49 ft: 313 corp: 100/2206b lim: 4096 exec/s: 655171 rss: 36Mb L: 26/34 MS: 1 ShuffleBytes-
#659729	NEW    cov: 49 ft: 314 corp: 101/2234b lim: 4096 exec/s: 659729 rss: 36Mb L: 28/34 MS: 3 ChangeByte-ChangeBit-ChangeByte-
#662251	NEW    cov: 49 ft: 315 corp: 102/2262b lim: 4096 exec/s: 662251 rss: 36Mb L: 28/34 MS: 2 ChangeByte-ChangeBit-
#662759	REDUCE cov: 49 ft: 315 corp: 102/2260b lim: 4096 exec/s: 662759 rss: 36Mb L: 26/34 MS: 3 ChangeBit-EraseBytes-PersAutoDict- DE: "\035\000\000\000\000\000\000\000"-
#664034	REDUCE cov: 49 ft: 315 corp: 102/2258b lim: 4096 exec/s: 664034 rss: 36Mb L: 24/34 MS: 5 ChangeBit-EraseBytes-ChangeByte-InsertByte-InsertByte-
#664981	NEW    cov: 49 ft: 316 corp: 103/2286b lim: 4096 exec/s: 664981 rss: 36Mb L: 28/34 MS: 2 ChangeBit-ShuffleBytes-
#666596	REDUCE cov: 49 ft: 316 corp: 103/2284b lim: 4096 exec/s: 666596 rss: 36Mb L: 24/34 MS: 5 CrossOver-ChangeBinInt-ChangeBit-EraseBytes-PersAutoDict- DE: "\377\377"-
#668960	REDUCE cov: 49 ft: 316 corp: 103/2282b lim: 4096 exec/s: 668960 rss: 36Mb L: 24/34 MS: 4 CopyPart-PersAutoDict-EraseBytes-ChangeByte- DE: "\001\000\000\000"-
#670052	NEW    cov: 49 ft: 317 corp: 104/2310b lim: 4096 exec/s: 670052 rss: 36Mb L: 28/34 MS: 2 ChangeASCIIInt-ChangeBit-
#671619	REDUCE cov: 49 ft: 317 corp: 104/2309b lim: 4096 exec/s: 671619 rss: 36Mb L: 22/34 MS: 2 EraseBytes-ChangeBit-
#673501	NEW    cov: 49 ft: 318 corp: 105/2337b lim: 4096 exec/s: 673501 rss: 36Mb L: 28/34 MS: 2 ShuffleBytes-ChangeBinInt-
#676658	REDUCE cov: 49 ft: 318 corp: 105/2335b lim: 4096 exec/s: 676658 rss: 36Mb L: 24/34 MS: 2 ChangeByte-EraseBytes-
#691744	NEW    cov: 49 ft: 319 corp: 106/2363b lim: 4096 exec/s: 691744 rss: 36Mb L: 28/34 MS: 1 ChangeBit-
#701405	NEW    cov: 49 ft: 320 corp: 107/2391b lim: 4096 exec/s: 701405 rss: 36Mb L: 28/34 MS: 1 ChangeBit-
#704373	NEW    cov: 49 ft: 321 corp: 108/2419b lim: 4096 exec/s: 704373 rss: 36Mb L: 28/34 MS: 3 ChangeBit-ChangeBinInt-ChangeASCIIInt-
#705196	REDUCE cov: 49 ft: 321 corp: 108/2415b lim: 4096 exec/s: 705196 rss: 36Mb L: 20/34 MS: 3 ChangeBit-EraseBytes-ChangeBinInt-
#706888	REDUCE cov: 49 ft: 321 corp: 108/2413b lim: 4096 exec/s: 706888 rss: 36Mb L: 26/34 MS: 2 EraseBytes-CrossOver-
#708760	NEW    cov: 49 ft: 322 corp: 109/2441b lim: 4096 exec/s: 708760 rss: 36Mb L: 28/34 MS: 2 ChangeByte-ShuffleBytes-
#711806	NEW    cov: 49 ft: 323 corp: 110/2469b lim: 4096 exec/s: 711806 rss: 36Mb L: 28/34 MS: 1 ChangeBit-
#716884	REDUCE cov: 49 ft: 323 corp: 110/2467b lim: 4096 exec/s: 716884 rss: 36Mb L: 20/34 MS: 3 ShuffleBytes-ChangeByte-EraseBytes-
#733927	NEW    cov: 49 ft: 325 corp: 111/2495b lim: 4096 exec/s: 733927 rss: 36Mb L: 28/34 MS: 3 ChangeByte-ChangeBit-ChangeBit-
#735176	REDUCE cov: 49 ft: 325 corp: 111/2491b lim: 4096 exec/s: 735176 rss: 36Mb L: 24/34 MS: 4 EraseBytes-ChangeBinInt-CrossOver-InsertByte-
#740992	NEW    cov: 49 ft: 326 corp: 112/2519b lim: 4096 exec/s: 740992 rss: 36Mb L: 28/34 MS: 1 ChangeBinInt-
#742118	NEW    cov: 49 ft: 327 corp: 113/2547b lim: 4096 exec/s: 742118 rss: 36Mb L: 28/34 MS: 1 ChangeASCIIInt-
#746125	REDUCE cov: 49 ft: 327 corp: 113/2545b lim: 4096 exec/s: 746125 rss: 36Mb L: 26/34 MS: 2 EraseBytes-ChangeBinInt-
#757092	REDUCE cov: 49 ft: 327 corp: 113/2543b lim: 4096 exec/s: 757092 rss: 36Mb L: 16/34 MS: 2 PersAutoDict-EraseBytes- DE: "\377\377"-
#758387	REDUCE cov: 49 ft: 327 corp: 113/2539b lim: 4096 exec/s: 758387 rss: 36Mb L: 24/34 MS: 5 CopyPart-EraseBytes-ChangeBit-PersAutoDict-ChangeBinInt- DE: "\377\377"-
#759252	REDUCE cov: 49 ft: 327 corp: 113/2533b lim: 4096 exec/s: 759252 rss: 36Mb L: 22/34 MS: 5 CrossOver-InsertByte-ChangeBit-CrossOver-EraseBytes-
#759504	NEW    cov: 49 ft: 328 corp: 114/2561b lim: 4096 exec/s: 759504 rss: 36Mb L: 28/34 MS: 2 ChangeASCIIInt-ChangeASCIIInt-
#760775	NEW    cov: 49 ft: 329 corp: 115/2589b lim: 4096 exec/s: 760775 rss: 36Mb L: 28/34 MS: 1 CopyPart-
#762525	NEW    cov: 49 ft: 331 corp: 116/2617b lim: 4096 exec/s: 762525 rss: 36Mb L: 28/34 MS: 5 ShuffleBytes-ChangeByte-ChangeBinInt-ChangeBinInt-ChangeASCIIInt-
#763127	NEW    cov: 49 ft: 334 corp: 117/2645b lim: 4096 exec/s: 763127 rss: 36Mb L: 28/34 MS: 2 ChangeASCIIInt-CrossOver-
#775378	NEW    cov: 49 ft: 336 corp: 118/2673b lim: 4096 exec/s: 775378 rss: 36Mb L: 28/34 MS: 1 ChangeByte-
#786345	NEW    cov: 49 ft: 337 corp: 119/2701b lim: 4096 exec/s: 786345 rss: 36Mb L: 28/34 MS: 2 ShuffleBytes-ChangeBinInt-
#786507	REDUCE cov: 49 ft: 337 corp: 119/2698b lim: 4096 exec/s: 786507 rss: 36Mb L: 19/34 MS: 2 EraseBytes-CopyPart-
#797059	NEW    cov: 49 ft: 340 corp: 120/2726b lim: 4096 exec/s: 797059 rss: 36Mb L: 28/34 MS: 2 ChangeASCIIInt-CopyPart-
#805946	REDUCE cov: 49 ft: 340 corp: 120/2724b lim: 4096 exec/s: 805946 rss: 36Mb L: 24/34 MS: 2 EraseBytes-PersAutoDict- DE: "\377\377"-
#806852	NEW    cov: 49 ft: 341 corp: 121/2752b lim: 4096 exec/s: 806852 rss: 36Mb L: 28/34 MS: 1 ChangeBit-
#808993	NEW    cov: 49 ft: 343 corp: 122/2780b lim: 4096 exec/s: 808993 rss: 36Mb L: 28/34 MS: 1 ChangeBit-
#814605	NEW    cov: 49 ft: 345 corp: 123/2808b lim: 4096 exec/s: 814605 rss: 36Mb L: 28/34 MS: 2 ChangeByte-ShuffleBytes-
#815133	NEW    cov: 49 ft: 346 corp: 124/2836b lim: 4096 exec/s: 815133 rss: 36Mb L: 28/34 MS: 3 ShuffleBytes-ChangeASCIIInt-ChangeASCIIInt-
#837635	REDUCE cov: 49 ft: 346 corp: 124/2834b lim: 4096 exec/s: 837635 rss: 36Mb L: 22/34 MS: 2 CrossOver-EraseBytes-
#841077	REDUCE cov: 49 ft: 346 corp: 124/2832b lim: 4096 exec/s: 841077 rss: 36Mb L: 26/34 MS: 2 InsertByte-EraseBytes-
#841808	NEW    cov: 49 ft: 347 corp: 125/2860b lim: 4096 exec/s: 841808 rss: 36Mb L: 28/34 MS: 1 ChangeBit-
#846690	REDUCE cov: 49 ft: 347 corp: 125/2858b lim: 4096 exec/s: 846690 rss: 36Mb L: 26/34 MS: 2 ChangeBit-EraseBytes-
#872467	REDUCE cov: 49 ft: 347 corp: 125/2856b lim: 4096 exec/s: 872467 rss: 36Mb L: 18/34 MS: 2 EraseBytes-ChangeBit-
#875424	REDUCE cov: 49 ft: 347 corp: 125/2854b lim: 4096 exec/s: 875424 rss: 36Mb L: 22/34 MS: 2 EraseBytes-InsertByte-
#894199	REDUCE cov: 49 ft: 347 corp: 125/2852b lim: 4096 exec/s: 894199 rss: 36Mb L: 26/34 MS: 5 ChangeASCIIInt-ChangeByte-CopyPart-EraseBytes-InsertByte-
#905972	REDUCE cov: 49 ft: 347 corp: 125/2850b lim: 4096 exec/s: 905972 rss: 36Mb L: 20/34 MS: 3 ChangeBinInt-ChangeBit-EraseBytes-
#910855	REDUCE cov: 49 ft: 347 corp: 125/2848b lim: 4096 exec/s: 910855 rss: 36Mb L: 26/34 MS: 3 CrossOver-ChangeByte-EraseBytes-
#913507	NEW    cov: 49 ft: 348 corp: 126/2876b lim: 4096 exec/s: 913507 rss: 36Mb L: 28/34 MS: 2 CopyPart-ChangeByte-
#921333	NEW    cov: 49 ft: 349 corp: 127/2904b lim: 4096 exec/s: 921333 rss: 36Mb L: 28/34 MS: 1 ShuffleBytes-
#926569	NEW    cov: 49 ft: 353 corp: 128/2932b lim: 4096 exec/s: 926569 rss: 36Mb L: 28/34 MS: 1 CrossOver-
#936826	REDUCE cov: 49 ft: 353 corp: 128/2930b lim: 4096 exec/s: 936826 rss: 36Mb L: 22/34 MS: 2 ChangeBinInt-EraseBytes-
#941674	REDUCE cov: 49 ft: 353 corp: 128/2928b lim: 4096 exec/s: 941674 rss: 36Mb L: 26/34 MS: 3 CrossOver-ChangeByte-EraseBytes-
#945708	REDUCE cov: 49 ft: 353 corp: 128/2924b lim: 4096 exec/s: 945708 rss: 36Mb L: 18/34 MS: 4 ShuffleBytes-ChangeBit-ChangeBit-EraseBytes-
#948736	REDUCE cov: 49 ft: 353 corp: 128/2922b lim: 4096 exec/s: 948736 rss: 36Mb L: 22/34 MS: 3 ChangeBit-CopyPart-EraseBytes-
#955229	REDUCE cov: 49 ft: 353 corp: 128/2918b lim: 4096 exec/s: 955229 rss: 36Mb L: 24/34 MS: 3 ChangeASCIIInt-EraseBytes-PersAutoDict- DE: "\377\377"-
#960712	REDUCE cov: 49 ft: 353 corp: 128/2914b lim: 4096 exec/s: 960712 rss: 36Mb L: 22/34 MS: 3 ChangeBinInt-EraseBytes-PersAutoDict- DE: "\377\377"-
#962103	NEW    cov: 49 ft: 356 corp: 129/2942b lim: 4096 exec/s: 962103 rss: 36Mb L: 28/34 MS: 1 ChangeBit-
#971873	REDUCE cov: 49 ft: 356 corp: 129/2940b lim: 4096 exec/s: 971873 rss: 36Mb L: 18/34 MS: 5 ChangeBit-ChangeBit-ShuffleBytes-ChangeBit-EraseBytes-
#982988	REDUCE cov: 49 ft: 356 corp: 129/2934b lim: 4096 exec/s: 491494 rss: 36Mb L: 22/34 MS: 5 PersAutoDict-PersAutoDict-ShuffleBytes-ChangeASCIIInt-EraseBytes- DE: "\377\377"-"\377\377"-
#995937	REDUCE cov: 49 ft: 356 corp: 129/2928b lim: 4096 exec/s: 497968 rss: 36Mb L: 20/34 MS: 4 CopyPart-ChangeBinInt-ChangeASCIIInt-EraseBytes-
#995964	REDUCE cov: 49 ft: 356 corp: 129/2926b lim: 4096 exec/s: 497982 rss: 36Mb L: 26/34 MS: 2 ChangeBit-EraseBytes-
#1021472	REDUCE cov: 49 ft: 356 corp: 129/2922b lim: 4096 exec/s: 510736 rss: 36Mb L: 22/34 MS: 3 PersAutoDict-EraseBytes-ChangeBinInt- DE: "1\000\000\000"-
#1022053	REDUCE cov: 49 ft: 357 corp: 130/2948b lim: 4096 exec/s: 511026 rss: 36Mb L: 26/34 MS: 1 CopyPart-
#1029871	REDUCE cov: 49 ft: 357 corp: 130/2946b lim: 4096 exec/s: 514935 rss: 36Mb L: 26/34 MS: 3 ChangeASCIIInt-EraseBytes-InsertByte-
#1032783	REDUCE cov: 49 ft: 357 corp: 130/2944b lim: 4096 exec/s: 516391 rss: 36Mb L: 20/34 MS: 2 EraseBytes-ChangeBit-
#1033664	NEW    cov: 49 ft: 358 corp: 131/2970b lim: 4096 exec/s: 516832 rss: 36Mb L: 26/34 MS: 1 CopyPart-
#1040635	NEW    cov: 49 ft: 359 corp: 132/2996b lim: 4096 exec/s: 520317 rss: 36Mb L: 26/34 MS: 1 ChangeBit-
#1041481	NEW    cov: 49 ft: 360 corp: 133/3022b lim: 4096 exec/s: 520740 rss: 36Mb L: 26/34 MS: 1 ShuffleBytes-
#1042282	NEW    cov: 49 ft: 361 corp: 134/3048b lim: 4096 exec/s: 521141 rss: 36Mb L: 26/34 MS: 1 ChangeASCIIInt-
#1042538	NEW    cov: 49 ft: 362 corp: 135/3074b lim: 4096 exec/s: 521269 rss: 36Mb L: 26/34 MS: 1 ChangeASCIIInt-
#1044720	NEW    cov: 49 ft: 363 corp: 136/3100b lim: 4096 exec/s: 522360 rss: 36Mb L: 26/34 MS: 2 ChangeByte-ChangeBinInt-
#1045567	NEW    cov: 49 ft: 365 corp: 137/3126b lim: 4096 exec/s: 522783 rss: 36Mb L: 26/34 MS: 2 ChangeBinInt-ChangeByte-
#1045624	NEW    cov: 49 ft: 366 corp: 138/3152b lim: 4096 exec/s: 522812 rss: 36Mb L: 26/34 MS: 2 ChangeBit-ChangeASCIIInt-
#1048576	pulse  cov: 49 ft: 366 corp: 138/3152b lim: 4096 exec/s: 524288 rss: 36Mb
#1048875	NEW    cov: 49 ft: 367 corp: 139/3178b lim: 4096 exec/s: 524437 rss: 36Mb L: 26/34 MS: 1 ChangeASCIIInt-
#1049186	NEW    cov: 49 ft: 368 corp: 140/3206b lim: 4096 exec/s: 524593 rss: 36Mb L: 28/34 MS: 1 ChangeBit-
#1050727	NEW    cov: 49 ft: 369 corp: 141/3232b lim: 4096 exec/s: 525363 rss: 36Mb L: 26/34 MS: 1 ChangeASCIIInt-
#1053089	NEW    cov: 49 ft: 370 corp: 142/3258b lim: 4096 exec/s: 526544 rss: 36Mb L: 26/34 MS: 2 ShuffleBytes-CopyPart-
#1056510	NEW    cov: 49 ft: 371 corp: 143/3284b lim: 4096 exec/s: 528255 rss: 36Mb L: 26/34 MS: 1 ChangeASCIIInt-
#1060716	NEW    cov: 49 ft: 373 corp: 144/3310b lim: 4096 exec/s: 530358 rss: 36Mb L: 26/34 MS: 1 CopyPart-
#1065617	NEW    cov: 49 ft: 374 corp: 145/3336b lim: 4096 exec/s: 532808 rss: 36Mb L: 26/34 MS: 1 ChangeASCIIInt-
#1066078	NEW    cov: 49 ft: 375 corp: 146/3362b lim: 4096 exec/s: 533039 rss: 36Mb L: 26/34 MS: 1 ChangeASCIIInt-
#1071034	NEW    cov: 49 ft: 376 corp: 147/3388b lim: 4096 exec/s: 535517 rss: 36Mb L: 26/34 MS: 1 CopyPart-
#1071576	NEW    cov: 49 ft: 377 corp: 148/3414b lim: 4096 exec/s: 535788 rss: 36Mb L: 26/34 MS: 2 ChangeBinInt-ChangeASCIIInt-
#1071709	NEW    cov: 49 ft: 378 corp: 149/3440b lim: 4096 exec/s: 535854 rss: 36Mb L: 26/34 MS: 3 CrossOver-ChangeBinInt-CopyPart-
#1074243	REDUCE cov: 49 ft: 378 corp: 149/3436b lim: 4096 exec/s: 537121 rss: 36Mb L: 24/34 MS: 4 EraseBytes-ChangeByte-CopyPart-ChangeByte-
#1075496	NEW    cov: 49 ft: 379 corp: 150/3462b lim: 4096 exec/s: 537748 rss: 36Mb L: 26/34 MS: 3 ChangeBit-CrossOver-ShuffleBytes-
#1078474	NEW    cov: 49 ft: 381 corp: 151/3490b lim: 4096 exec/s: 539237 rss: 36Mb L: 28/34 MS: 3 CrossOver-ChangeASCIIInt-ChangeByte-
#1080660	NEW    cov: 49 ft: 382 corp: 152/3516b lim: 4096 exec/s: 540330 rss: 36Mb L: 26/34 MS: 1 ChangeASCIIInt-
#1083696	NEW    cov: 49 ft: 383 corp: 153/3542b lim: 4096 exec/s: 541848 rss: 36Mb L: 26/34 MS: 1 ChangeASCIIInt-
#1086213	NEW    cov: 49 ft: 384 corp: 154/3570b lim: 4096 exec/s: 543106 rss: 36Mb L: 28/34 MS: 2 ChangeBinInt-ChangeBit-
#1087548	NEW    cov: 49 ft: 385 corp: 155/3598b lim: 4096 exec/s: 543774 rss: 36Mb L: 28/34 MS: 5 ChangeASCIIInt-ChangeASCIIInt-ChangeByte-ChangeBinInt-ChangeBit-
#1091430	REDUCE cov: 49 ft: 385 corp: 155/3594b lim: 4096 exec/s: 545715 rss: 36Mb L: 22/34 MS: 2 EraseBytes-PersAutoDict- DE: "\377\377"-
#1098860	REDUCE cov: 49 ft: 385 corp: 155/3592b lim: 4096 exec/s: 549430 rss: 36Mb L: 24/34 MS: 5 InsertByte-ChangeBit-CrossOver-EraseBytes-PersAutoDict- DE: "\377\377"-
#1101289	REDUCE cov: 49 ft: 385 corp: 155/3588b lim: 4096 exec/s: 550644 rss: 36Mb L: 22/34 MS: 4 ChangeBinInt-ChangeBit-EraseBytes-EraseBytes-
#1112506	REDUCE cov: 49 ft: 385 corp: 155/3586b lim: 4096 exec/s: 556253 rss: 36Mb L: 20/34 MS: 2 EraseBytes-ChangeBinInt-
#1119498	NEW    cov: 49 ft: 388 corp: 156/3614b lim: 4096 exec/s: 559749 rss: 36Mb L: 28/34 MS: 2 ChangeBit-ChangeBinInt-
#1120380	NEW    cov: 49 ft: 390 corp: 157/3642b lim: 4096 exec/s: 560190 rss: 36Mb L: 28/34 MS: 2 ChangeASCIIInt-ChangeBit-
#1126668	REDUCE cov: 49 ft: 390 corp: 157/3640b lim: 4096 exec/s: 563334 rss: 36Mb L: 22/34 MS: 3 ShuffleBytes-CMP-EraseBytes- DE: "\377\377\377\377\377\377\377\033"-
#1127373	REDUCE cov: 49 ft: 390 corp: 157/3638b lim: 4096 exec/s: 563686 rss: 36Mb L: 17/34 MS: 5 ChangeBit-EraseBytes-CopyPart-InsertByte-EraseBytes-
#1136106	REDUCE cov: 49 ft: 390 corp: 157/3636b lim: 4096 exec/s: 568053 rss: 36Mb L: 24/34 MS: 3 ChangeASCIIInt-PersAutoDict-EraseBytes- DE: "\377\377\377\377\377\377\377\033"-
#1149053	REDUCE cov: 49 ft: 390 corp: 157/3634b lim: 4096 exec/s: 574526 rss: 36Mb L: 26/34 MS: 2 EraseBytes-InsertByte-
#1152030	REDUCE cov: 49 ft: 390 corp: 157/3632b lim: 4096 exec/s: 576015 rss: 36Mb L: 22/34 MS: 2 EraseBytes-InsertByte-
#1161264	REDUCE cov: 49 ft: 390 corp: 157/3630b lim: 4096 exec/s: 580632 rss: 36Mb L: 24/34 MS: 4 EraseBytes-ChangeASCIIInt-ChangeBinInt-ChangeByte-
#1186702	REDUCE cov: 49 ft: 390 corp: 157/3628b lim: 4096 exec/s: 593351 rss: 36Mb L: 16/34 MS: 3 CMP-CopyPart-EraseBytes- DE: "\000\000\000\000\000\000\000\011"-
#1199146	REDUCE cov: 49 ft: 390 corp: 157/3626b lim: 4096 exec/s: 599573 rss: 36Mb L: 16/34 MS: 4 EraseBytes-InsertByte-ChangeBit-InsertByte-
#1207689	REDUCE cov: 49 ft: 390 corp: 157/3624b lim: 4096 exec/s: 603844 rss: 36Mb L: 24/34 MS: 3 EraseBytes-ChangeBit-ChangeBit-
#1219512	REDUCE cov: 49 ft: 390 corp: 157/3622b lim: 4096 exec/s: 609756 rss: 36Mb L: 24/34 MS: 3 ChangeASCIIInt-ChangeByte-EraseBytes-
#1225884	REDUCE cov: 49 ft: 390 corp: 157/3620b lim: 4096 exec/s: 612942 rss: 36Mb L: 26/34 MS: 2 ChangeByte-EraseBytes-
#1238932	REDUCE cov: 49 ft: 390 corp: 157/3616b lim: 4096 exec/s: 619466 rss: 36Mb L: 22/34 MS: 3 CrossOver-EraseBytes-ChangeBinInt-
#1245369	REDUCE cov: 49 ft: 390 corp: 157/3614b lim: 4096 exec/s: 622684 rss: 36Mb L: 18/34 MS: 2 PersAutoDict-EraseBytes- DE: "\377\377"-
#1267223	REDUCE cov: 49 ft: 390 corp: 157/3612b lim: 4096 exec/s: 633611 rss: 36Mb L: 16/34 MS: 4 CrossOver-CopyPart-EraseBytes-CrossOver-
#1269045	NEW    cov: 49 ft: 392 corp: 158/3640b lim: 4096 exec/s: 634522 rss: 36Mb L: 28/34 MS: 2 ShuffleBytes-ChangeBit-
#1286048	REDUCE cov: 49 ft: 393 corp: 159/3655b lim: 4096 exec/s: 643024 rss: 36Mb L: 15/34 MS: 3 ChangeBit-PersAutoDict-CMP- DE: "\000\000"-"\015\000\000\000\000\000\000\000"-
#1291741	REDUCE cov: 49 ft: 393 corp: 159/3653b lim: 4096 exec/s: 645870 rss: 36Mb L: 24/34 MS: 3 EraseBytes-CopyPart-ChangeByte-
#1307648	REDUCE cov: 49 ft: 393 corp: 159/3651b lim: 4096 exec/s: 653824 rss: 36Mb L: 24/34 MS: 2 EraseBytes-InsertByte-
#1328455	REDUCE cov: 49 ft: 393 corp: 159/3647b lim: 4096 exec/s: 664227 rss: 36Mb L: 22/34 MS: 2 EraseBytes-ChangeBinInt-
#1360548	REDUCE cov: 49 ft: 393 corp: 159/3645b lim: 4096 exec/s: 680274 rss: 36Mb L: 22/34 MS: 3 PersAutoDict-EraseBytes-PersAutoDict- DE: "\000\000\000\000\000\000\000\011"-"\377\377"-
#1361509	REDUCE cov: 49 ft: 394 corp: 160/3667b lim: 4096 exec/s: 680754 rss: 36Mb L: 22/34 MS: 1 ChangeBinInt-
#1362069	REDUCE cov: 49 ft: 394 corp: 160/3665b lim: 4096 exec/s: 681034 rss: 36Mb L: 20/34 MS: 5 CopyPart-InsertByte-InsertByte-ChangeBinInt-EraseBytes-
#1376749	NEW    cov: 49 ft: 395 corp: 161/3693b lim: 4096 exec/s: 688374 rss: 36Mb L: 28/34 MS: 5 ChangeASCIIInt-ShuffleBytes-ShuffleBytes-ShuffleBytes-ChangeByte-
#1393789	REDUCE cov: 49 ft: 395 corp: 161/3691b lim: 4096 exec/s: 696894 rss: 36Mb L: 22/34 MS: 5 EraseBytes-CopyPart-InsertRepeatedBytes-ShuffleBytes-ShuffleBytes-
#1399582	REDUCE cov: 49 ft: 395 corp: 161/3689b lim: 4096 exec/s: 699791 rss: 36Mb L: 17/34 MS: 3 EraseBytes-CopyPart-ChangeBit-
#1406916	REDUCE cov: 49 ft: 395 corp: 161/3687b lim: 4096 exec/s: 703458 rss: 36Mb L: 24/34 MS: 4 InsertByte-InsertByte-CopyPart-EraseBytes-
#1407943	REDUCE cov: 49 ft: 395 corp: 161/3685b lim: 4096 exec/s: 469314 rss: 36Mb L: 24/34 MS: 2 EraseBytes-PersAutoDict- DE: "\377\377"-
#1465250	REDUCE cov: 49 ft: 395 corp: 161/3683b lim: 4096 exec/s: 488416 rss: 36Mb L: 16/34 MS: 2 EraseBytes-CopyPart-
#1472017	REDUCE cov: 49 ft: 395 corp: 161/3681b lim: 4096 exec/s: 490672 rss: 36Mb L: 22/34 MS: 2 EraseBytes-ChangeByte-
#1486940	REDUCE cov: 49 ft: 395 corp: 161/3679b lim: 4096 exec/s: 495646 rss: 36Mb L: 26/34 MS: 3 ChangeBinInt-CrossOver-EraseBytes-
#1492763	REDUCE cov: 49 ft: 395 corp: 161/3675b lim: 4096 exec/s: 497587 rss: 36Mb L: 22/34 MS: 3 ChangeBinInt-ChangeBit-EraseBytes-
#1510073	REDUCE cov: 49 ft: 395 corp: 161/3673b lim: 4096 exec/s: 503357 rss: 36Mb L: 24/34 MS: 5 InsertByte-ChangeASCIIInt-PersAutoDict-ChangeBit-EraseBytes- DE: "\001\000"-
#1524817	REDUCE cov: 49 ft: 395 corp: 161/3670b lim: 4096 exec/s: 508272 rss: 36Mb L: 19/34 MS: 4 ShuffleBytes-EraseBytes-ChangeBinInt-ChangeBit-
#1536657	REDUCE cov: 49 ft: 395 corp: 161/3668b lim: 4096 exec/s: 512219 rss: 36Mb L: 20/34 MS: 5 CMP-ChangeByte-EraseBytes-CopyPart-CopyPart- DE: "\000\000\000a"-
#1536740	REDUCE cov: 49 ft: 395 corp: 161/3666b lim: 4096 exec/s: 512246 rss: 36Mb L: 24/34 MS: 3 ChangeBinInt-EraseBytes-InsertByte-
#1562103	REDUCE cov: 49 ft: 395 corp: 161/3664b lim: 4096 exec/s: 520701 rss: 36Mb L: 24/34 MS: 3 ChangeBit-ChangeBinInt-EraseBytes-
#1578661	REDUCE cov: 49 ft: 395 corp: 161/3662b lim: 4096 exec/s: 526220 rss: 36Mb L: 20/34 MS: 3 EraseBytes-ChangeBinInt-ChangeByte-
#1581440	REDUCE cov: 49 ft: 395 corp: 161/3661b lim: 4096 exec/s: 527146 rss: 36Mb L: 16/34 MS: 4 PersAutoDict-EraseBytes-EraseBytes-InsertRepeatedBytes- DE: "\001\000"-
#1585897	REDUCE cov: 49 ft: 395 corp: 161/3659b lim: 4096 exec/s: 528632 rss: 36Mb L: 24/34 MS: 2 EraseBytes-ChangeBinInt-
#1601109	REDUCE cov: 49 ft: 395 corp: 161/3657b lim: 4096 exec/s: 533703 rss: 36Mb L: 20/34 MS: 2 EraseBytes-ChangeBit-
#1607191	REDUCE cov: 49 ft: 395 corp: 161/3655b lim: 4096 exec/s: 535730 rss: 36Mb L: 26/34 MS: 2 EraseBytes-ChangeBinInt-
#1642668	REDUCE cov: 49 ft: 395 corp: 161/3651b lim: 4096 exec/s: 547556 rss: 36Mb L: 22/34 MS: 2 EraseBytes-ChangeByte-
#1697441	REDUCE cov: 49 ft: 395 corp: 161/3649b lim: 4096 exec/s: 565813 rss: 36Mb L: 24/34 MS: 3 ChangeBit-CrossOver-EraseBytes-
#1703798	NEW    cov: 49 ft: 397 corp: 162/3677b lim: 4096 exec/s: 567932 rss: 36Mb L: 28/34 MS: 2 CopyPart-CopyPart-
#1730625	REDUCE cov: 49 ft: 397 corp: 162/3675b lim: 4096 exec/s: 576875 rss: 36Mb L: 24/34 MS: 2 EraseBytes-ChangeBit-
#1731113	REDUCE cov: 49 ft: 397 corp: 162/3667b lim: 4096 exec/s: 577037 rss: 36Mb L: 20/34 MS: 3 ChangeASCIIInt-EraseBytes-ChangeBinInt-
#1758823	REDUCE cov: 49 ft: 397 corp: 162/3665b lim: 4096 exec/s: 586274 rss: 36Mb L: 20/34 MS: 5 CMP-ChangeBit-CrossOver-EraseBytes-InsertByte- DE: "\032\000\000\000\000\000\000\000"-
#1761290	REDUCE cov: 49 ft: 397 corp: 162/3663b lim: 4096 exec/s: 587096 rss: 36Mb L: 24/34 MS: 2 ChangeByte-EraseBytes-
#1791055	REDUCE cov: 49 ft: 397 corp: 162/3661b lim: 4096 exec/s: 597018 rss: 36Mb L: 18/34 MS: 5 ShuffleBytes-InsertByte-CrossOver-ChangeByte-EraseBytes-
#1802593	REDUCE cov: 49 ft: 397 corp: 162/3659b lim: 4096 exec/s: 600864 rss: 36Mb L: 22/34 MS: 3 InsertByte-ShuffleBytes-EraseBytes-
#1811890	REDUCE cov: 49 ft: 397 corp: 162/3657b lim: 4096 exec/s: 603963 rss: 36Mb L: 17/34 MS: 2 ChangeByte-EraseBytes-
#1815142	REDUCE cov: 49 ft: 397 corp: 162/3655b lim: 4096 exec/s: 605047 rss: 36Mb L: 15/34 MS: 2 ChangeBinInt-EraseBytes-
#1883829	REDUCE cov: 49 ft: 397 corp: 162/3653b lim: 4096 exec/s: 470957 rss: 36Mb L: 18/34 MS: 2 ChangeByte-EraseBytes-
#1894322	REDUCE cov: 49 ft: 397 corp: 162/3651b lim: 4096 exec/s: 473580 rss: 36Mb L: 24/34 MS: 3 ChangeBinInt-ChangeByte-EraseBytes-
#1898989	REDUCE cov: 49 ft: 397 corp: 162/3649b lim: 4096 exec/s: 474747 rss: 36Mb L: 22/34 MS: 2 EraseBytes-ChangeByte-
#1899227	REDUCE cov: 49 ft: 397 corp: 162/3647b lim: 4096 exec/s: 474806 rss: 36Mb L: 22/34 MS: 3 InsertByte-CopyPart-EraseBytes-
#1934104	REDUCE cov: 49 ft: 397 corp: 162/3645b lim: 4096 exec/s: 483526 rss: 36Mb L: 24/34 MS: 2 EraseBytes-InsertByte-
#1973581	REDUCE cov: 49 ft: 397 corp: 162/3643b lim: 4096 exec/s: 493395 rss: 36Mb L: 24/34 MS: 2 EraseBytes-InsertByte-
#2018746	REDUCE cov: 49 ft: 397 corp: 162/3641b lim: 4096 exec/s: 504686 rss: 36Mb L: 22/34 MS: 5 CMP-ChangeByte-EraseBytes-ChangeBinInt-CopyPart- DE: ":\000\000\000"-
#2033630	REDUCE cov: 49 ft: 397 corp: 162/3639b lim: 4096 exec/s: 508407 rss: 36Mb L: 22/34 MS: 4 ShuffleBytes-EraseBytes-CrossOver-InsertByte-
#2079589	REDUCE cov: 49 ft: 397 corp: 162/3637b lim: 4096 exec/s: 519897 rss: 36Mb L: 20/34 MS: 4 ShuffleBytes-CopyPart-InsertByte-EraseBytes-
#2082682	REDUCE cov: 49 ft: 397 corp: 162/3633b lim: 4096 exec/s: 520670 rss: 36Mb L: 22/34 MS: 3 EraseBytes-ChangeBit-ChangeBinInt-
#2083744	REDUCE cov: 49 ft: 397 corp: 162/3631b lim: 4096 exec/s: 520936 rss: 36Mb L: 18/34 MS: 2 ChangeByte-EraseBytes-
#2085314	REDUCE cov: 49 ft: 397 corp: 162/3627b lim: 4096 exec/s: 521328 rss: 36Mb L: 22/34 MS: 5 ChangeByte-PersAutoDict-ChangeBinInt-PersAutoDict-EraseBytes- DE: "\377\377\377\377\377\377\377\033"-"\377\377"-
#2086501	REDUCE cov: 49 ft: 397 corp: 162/3623b lim: 4096 exec/s: 521625 rss: 36Mb L: 22/34 MS: 2 EraseBytes-ChangeBinInt-
#2097152	pulse  cov: 49 ft: 397 corp: 162/3623b lim: 4096 exec/s: 524288 rss: 36Mb
#2104358	REDUCE cov: 49 ft: 397 corp: 162/3621b lim: 4096 exec/s: 526089 rss: 36Mb L: 22/34 MS: 2 EraseBytes-CopyPart-
#2105003	REDUCE cov: 49 ft: 397 corp: 162/3617b lim: 4096 exec/s: 526250 rss: 36Mb L: 18/34 MS: 5 InsertRepeatedBytes-CrossOver-ChangeBinInt-EraseBytes-ChangeBit-
#2108555	REDUCE cov: 49 ft: 397 corp: 162/3616b lim: 4096 exec/s: 527138 rss: 36Mb L: 15/34 MS: 2 CopyPart-EraseBytes-
#2141993	REDUCE cov: 49 ft: 397 corp: 162/3611b lim: 4096 exec/s: 535498 rss: 36Mb L: 19/34 MS: 3 CrossOver-ChangeByte-EraseBytes-
#2152021	REDUCE cov: 49 ft: 397 corp: 162/3609b lim: 4096 exec/s: 538005 rss: 36Mb L: 22/34 MS: 3 ChangeASCIIInt-ChangeByte-EraseBytes-
#2179166	REDUCE cov: 49 ft: 397 corp: 162/3607b lim: 4096 exec/s: 544791 rss: 36Mb L: 18/34 MS: 5 CopyPart-EraseBytes-ChangeBit-ShuffleBytes-ChangeBit-
#2237118	REDUCE cov: 49 ft: 397 corp: 162/3605b lim: 4096 exec/s: 559279 rss: 36Mb L: 20/34 MS: 2 ChangeBit-EraseBytes-
#2239486	REDUCE cov: 49 ft: 397 corp: 162/3603b lim: 4096 exec/s: 559871 rss: 36Mb L: 20/34 MS: 3 ShuffleBytes-EraseBytes-InsertByte-
#2258364	REDUCE cov: 49 ft: 397 corp: 162/3601b lim: 4096 exec/s: 564591 rss: 36Mb L: 22/34 MS: 3 EraseBytes-InsertByte-InsertByte-
#2269376	REDUCE cov: 49 ft: 397 corp: 162/3599b lim: 4096 exec/s: 567344 rss: 36Mb L: 24/34 MS: 2 EraseBytes-CopyPart-
#2295618	REDUCE cov: 49 ft: 397 corp: 162/3597b lim: 4096 exec/s: 459123 rss: 36Mb L: 22/34 MS: 2 EraseBytes-CopyPart-
#2307025	REDUCE cov: 49 ft: 397 corp: 162/3595b lim: 4096 exec/s: 461405 rss: 36Mb L: 20/34 MS: 2 EraseBytes-InsertByte-
#2326474	REDUCE cov: 49 ft: 397 corp: 162/3591b lim: 4096 exec/s: 465294 rss: 36Mb L: 24/34 MS: 4 CrossOver-EraseBytes-ChangeByte-ChangeBinInt-
#2436962	REDUCE cov: 49 ft: 397 corp: 162/3589b lim: 4096 exec/s: 487392 rss: 36Mb L: 20/34 MS: 3 EraseBytes-ShuffleBytes-InsertByte-
#2457470	REDUCE cov: 49 ft: 397 corp: 162/3587b lim: 4096 exec/s: 491494 rss: 36Mb L: 20/34 MS: 3 InsertByte-EraseBytes-CrossOver-
#2464622	REDUCE cov: 49 ft: 397 corp: 162/3584b lim: 4096 exec/s: 492924 rss: 36Mb L: 19/34 MS: 2 ChangeBit-EraseBytes-
#2502103	REDUCE cov: 49 ft: 398 corp: 163/3606b lim: 4096 exec/s: 500420 rss: 36Mb L: 22/34 MS: 1 ChangeByte-
#2508731	REDUCE cov: 49 ft: 398 corp: 163/3604b lim: 4096 exec/s: 501746 rss: 36Mb L: 18/34 MS: 3 EraseBytes-InsertByte-PersAutoDict- DE: "\377\377"-
#2510064	REDUCE cov: 49 ft: 398 corp: 163/3602b lim: 4096 exec/s: 502012 rss: 36Mb L: 20/34 MS: 3 InsertByte-ChangeBinInt-EraseBytes-
#2537487	REDUCE cov: 49 ft: 398 corp: 163/3600b lim: 4096 exec/s: 507497 rss: 36Mb L: 24/34 MS: 3 ChangeASCIIInt-InsertByte-EraseBytes-
#2579801	REDUCE cov: 49 ft: 398 corp: 163/3598b lim: 4096 exec/s: 515960 rss: 36Mb L: 20/34 MS: 4 ChangeASCIIInt-EraseBytes-ChangeBit-PersAutoDict- DE: "\377\377"-
#2617994	REDUCE cov: 49 ft: 398 corp: 163/3596b lim: 4096 exec/s: 523598 rss: 36Mb L: 22/34 MS: 3 ChangeBit-InsertByte-EraseBytes-
#2711462	REDUCE cov: 49 ft: 398 corp: 163/3593b lim: 4096 exec/s: 451910 rss: 36Mb L: 15/34 MS: 3 EraseBytes-ChangeByte-ChangeBinInt-
#2791389	REDUCE cov: 49 ft: 398 corp: 163/3591b lim: 4096 exec/s: 465231 rss: 36Mb L: 26/34 MS: 2 InsertByte-EraseBytes-
#2832266	REDUCE cov: 49 ft: 398 corp: 163/3589b lim: 4096 exec/s: 472044 rss: 36Mb L: 22/34 MS: 2 CrossOver-EraseBytes-
#2851355	REDUCE cov: 49 ft: 398 corp: 163/3588b lim: 4096 exec/s: 475225 rss: 36Mb L: 19/34 MS: 4 PersAutoDict-ChangeBit-PersAutoDict-EraseBytes- DE: "\377\377"-"\000\000"-
#2869023	REDUCE cov: 49 ft: 398 corp: 163/3584b lim: 4096 exec/s: 478170 rss: 36Mb L: 20/34 MS: 3 CopyPart-EraseBytes-PersAutoDict- DE: "\377\377"-
#2894302	REDUCE cov: 49 ft: 399 corp: 164/3603b lim: 4096 exec/s: 482383 rss: 36Mb L: 19/34 MS: 4 ChangeBit-CMP-CMP-CrossOver- DE: "\012\000\000\000\000\000\000\000"-"\377\377\377y"-
#2894738	REDUCE cov: 49 ft: 399 corp: 164/3602b lim: 4096 exec/s: 482456 rss: 36Mb L: 18/34 MS: 1 EraseBytes-
#2894762	REDUCE cov: 49 ft: 399 corp: 164/3599b lim: 4096 exec/s: 482460 rss: 36Mb L: 15/34 MS: 4 ChangeByte-ChangeBit-ShuffleBytes-EraseBytes-
#2896598	REDUCE cov: 49 ft: 401 corp: 165/3621b lim: 4096 exec/s: 482766 rss: 36Mb L: 22/34 MS: 1 CopyPart-
#2915671	REDUCE cov: 49 ft: 401 corp: 165/3619b lim: 4096 exec/s: 485945 rss: 36Mb L: 20/34 MS: 3 EraseBytes-ChangeByte-InsertByte-
#2922664	REDUCE cov: 49 ft: 401 corp: 165/3617b lim: 4096 exec/s: 487110 rss: 36Mb L: 20/34 MS: 3 CopyPart-EraseBytes-PersAutoDict- DE: "\377\377\377y"-
#2938243	REDUCE cov: 49 ft: 401 corp: 165/3615b lim: 4096 exec/s: 489707 rss: 36Mb L: 18/34 MS: 4 ChangeBinInt-EraseBytes-CopyPart-ChangeBit-
#2972582	REDUCE cov: 49 ft: 401 corp: 165/3613b lim: 4096 exec/s: 495430 rss: 36Mb L: 24/34 MS: 4 InsertByte-ShuffleBytes-ChangeBinInt-EraseBytes-
#2977051	REDUCE cov: 49 ft: 401 corp: 165/3611b lim: 4096 exec/s: 496175 rss: 36Mb L: 16/34 MS: 4 CopyPart-ChangeByte-ChangeBit-EraseBytes-
#3046674	REDUCE cov: 49 ft: 401 corp: 165/3609b lim: 4096 exec/s: 507779 rss: 36Mb L: 20/34 MS: 3 PersAutoDict-ChangeBinInt-EraseBytes- DE: "\377\377"-
#3061376	REDUCE cov: 49 ft: 401 corp: 165/3603b lim: 4096 exec/s: 510229 rss: 36Mb L: 20/34 MS: 2 CrossOver-EraseBytes-
#3076973	REDUCE cov: 49 ft: 401 corp: 165/3601b lim: 4096 exec/s: 512828 rss: 36Mb L: 22/34 MS: 2 EraseBytes-ChangeBinInt-
#3080917	REDUCE cov: 49 ft: 401 corp: 165/3599b lim: 4096 exec/s: 513486 rss: 36Mb L: 22/34 MS: 4 ChangeBit-EraseBytes-ChangeBit-ChangeByte-
#3127700	REDUCE cov: 49 ft: 401 corp: 165/3597b lim: 4096 exec/s: 521283 rss: 36Mb L: 22/34 MS: 3 PersAutoDict-EraseBytes-InsertByte- DE: "\000\000"-
#3154007	REDUCE cov: 49 ft: 401 corp: 165/3595b lim: 4096 exec/s: 450572 rss: 36Mb L: 20/34 MS: 2 PersAutoDict-EraseBytes- DE: "\377\377"-
#3159544	REDUCE cov: 49 ft: 401 corp: 165/3593b lim: 4096 exec/s: 451363 rss: 36Mb L: 22/34 MS: 2 EraseBytes-InsertByte-
#3209902	REDUCE cov: 49 ft: 401 corp: 165/3589b lim: 4096 exec/s: 458557 rss: 36Mb L: 20/34 MS: 3 ChangeByte-EraseBytes-PersAutoDict- DE: "\377\377\377y"-
#3245790	REDUCE cov: 49 ft: 401 corp: 165/3587b lim: 4096 exec/s: 463684 rss: 36Mb L: 18/34 MS: 3 EraseBytes-ChangeBinInt-CrossOver-
#3282973	REDUCE cov: 49 ft: 401 corp: 165/3585b lim: 4096 exec/s: 468996 rss: 36Mb L: 18/34 MS: 3 EraseBytes-ChangeByte-ChangeByte-
#3287537	REDUCE cov: 49 ft: 401 corp: 165/3584b lim: 4096 exec/s: 469648 rss: 36Mb L: 15/34 MS: 4 EraseBytes-ChangeBit-ChangeBinInt-ChangeBit-
#3303631	REDUCE cov: 49 ft: 401 corp: 165/3582b lim: 4096 exec/s: 471947 rss: 36Mb L: 18/34 MS: 4 EraseBytes-InsertByte-ShuffleBytes-InsertByte-
#3307404	REDUCE cov: 49 ft: 401 corp: 165/3580b lim: 4096 exec/s: 472486 rss: 36Mb L: 16/34 MS: 3 ShuffleBytes-ChangeBinInt-EraseBytes-
#3318111	REDUCE cov: 49 ft: 401 corp: 165/3578b lim: 4096 exec/s: 474015 rss: 36Mb L: 18/34 MS: 2 EraseBytes-InsertByte-
#3422781	REDUCE cov: 49 ft: 401 corp: 165/3576b lim: 4096 exec/s: 488968 rss: 36Mb L: 20/34 MS: 5 ChangeBinInt-ChangeBinInt-PersAutoDict-ShuffleBytes-EraseBytes- DE: "\377\377"-
#3481110	REDUCE cov: 49 ft: 401 corp: 165/3574b lim: 4096 exec/s: 497301 rss: 36Mb L: 20/34 MS: 4 InsertByte-PersAutoDict-InsertByte-EraseBytes- DE: "\000\000"-
#3563187	REDUCE cov: 49 ft: 401 corp: 165/3572b lim: 4096 exec/s: 509026 rss: 36Mb L: 18/34 MS: 2 EraseBytes-ChangeByte-
#3613814	REDUCE cov: 49 ft: 401 corp: 165/3568b lim: 4096 exec/s: 451726 rss: 36Mb L: 16/34 MS: 2 ChangeByte-EraseBytes-
#3886848	REDUCE cov: 49 ft: 401 corp: 165/3562b lim: 4096 exec/s: 485856 rss: 36Mb L: 18/34 MS: 4 ChangeBit-InsertRepeatedBytes-ChangeByte-EraseBytes-
#3915161	REDUCE cov: 49 ft: 401 corp: 165/3560b lim: 4096 exec/s: 489395 rss: 36Mb L: 16/34 MS: 3 InsertByte-CrossOver-EraseBytes-
#3949929	REDUCE cov: 49 ft: 401 corp: 165/3558b lim: 4096 exec/s: 493741 rss: 36Mb L: 20/34 MS: 3 ChangeBinInt-CrossOver-EraseBytes-
#3956341	REDUCE cov: 49 ft: 401 corp: 165/3554b lim: 4096 exec/s: 494542 rss: 36Mb L: 20/34 MS: 2 EraseBytes-CMP- DE: "\377\377\3776"-
#3969878	REDUCE cov: 49 ft: 401 corp: 165/3552b lim: 4096 exec/s: 496234 rss: 36Mb L: 16/34 MS: 2 PersAutoDict-EraseBytes- DE: "\377\377"-
#3979672	REDUCE cov: 49 ft: 401 corp: 165/3550b lim: 4096 exec/s: 497459 rss: 36Mb L: 17/34 MS: 4 EraseBytes-ChangeASCIIInt-ChangeBinInt-ChangeBinInt-
#3987414	REDUCE cov: 49 ft: 401 corp: 165/3548b lim: 4096 exec/s: 498426 rss: 36Mb L: 20/34 MS: 2 EraseBytes-CrossOver-
#4083653	REDUCE cov: 49 ft: 401 corp: 165/3546b lim: 4096 exec/s: 453739 rss: 36Mb L: 20/34 MS: 4 PersAutoDict-CMP-ChangeBinInt-EraseBytes- DE: "\377\377"-"\000a"-
#4116631	REDUCE cov: 49 ft: 401 corp: 165/3544b lim: 4096 exec/s: 457403 rss: 36Mb L: 26/34 MS: 3 EraseBytes-ChangeByte-ChangeByte-
#4194304	pulse  cov: 49 ft: 401 corp: 165/3544b lim: 4096 exec/s: 466033 rss: 36Mb
#4246855	REDUCE cov: 49 ft: 401 corp: 165/3542b lim: 4096 exec/s: 471872 rss: 36Mb L: 20/34 MS: 4 ChangeByte-ChangeBit-EraseBytes-InsertByte-
#4371614	REDUCE cov: 49 ft: 401 corp: 165/3540b lim: 4096 exec/s: 485734 rss: 36Mb L: 20/34 MS: 4 ShuffleBytes-ChangeBit-EraseBytes-CrossOver-
#4383072	REDUCE cov: 49 ft: 401 corp: 165/3538b lim: 4096 exec/s: 487008 rss: 36Mb L: 20/34 MS: 3 CrossOver-ChangeBit-EraseBytes-
#4451782	REDUCE cov: 49 ft: 401 corp: 165/3536b lim: 4096 exec/s: 445178 rss: 36Mb L: 18/34 MS: 5 EraseBytes-EraseBytes-CopyPart-InsertRepeatedBytes-ChangeBinInt-
#4577354	REDUCE cov: 49 ft: 401 corp: 165/3532b lim: 4096 exec/s: 457735 rss: 36Mb L: 22/34 MS: 2 ChangeBinInt-EraseBytes-
#4582051	REDUCE cov: 49 ft: 401 corp: 165/3530b lim: 4096 exec/s: 458205 rss: 36Mb L: 20/34 MS: 2 CopyPart-EraseBytes-
#4676044	REDUCE cov: 49 ft: 401 corp: 165/3529b lim: 4096 exec/s: 467604 rss: 36Mb L: 19/34 MS: 3 ShuffleBytes-ChangeBit-EraseBytes-
#4710062	REDUCE cov: 49 ft: 401 corp: 165/3527b lim: 4096 exec/s: 471006 rss: 36Mb L: 18/34 MS: 3 ChangeByte-InsertByte-EraseBytes-
#4725174	REDUCE cov: 49 ft: 401 corp: 165/3524b lim: 4096 exec/s: 472517 rss: 36Mb L: 15/34 MS: 2 ChangeBinInt-EraseBytes-
#4815054	REDUCE cov: 49 ft: 401 corp: 165/3522b lim: 4096 exec/s: 481505 rss: 36Mb L: 20/34 MS: 5 InsertByte-CopyPart-ChangeBinInt-EraseBytes-InsertByte-
#4855246	REDUCE cov: 49 ft: 401 corp: 165/3520b lim: 4096 exec/s: 485524 rss: 36Mb L: 20/34 MS: 2 EraseBytes-ChangeBinInt-
#4953988	REDUCE cov: 49 ft: 401 corp: 165/3518b lim: 4096 exec/s: 450362 rss: 36Mb L: 16/34 MS: 2 CopyPart-EraseBytes-
#4982651	REDUCE cov: 49 ft: 401 corp: 165/3517b lim: 4096 exec/s: 452968 rss: 36Mb L: 15/34 MS: 3 ChangeASCIIInt-CMP-EraseBytes- DE: "t\000\000\000"-
#4989214	REDUCE cov: 49 ft: 401 corp: 165/3513b lim: 4096 exec/s: 453564 rss: 36Mb L: 20/34 MS: 3 InsertByte-EraseBytes-InsertByte-
#5019382	REDUCE cov: 49 ft: 401 corp: 165/3511b lim: 4096 exec/s: 456307 rss: 36Mb L: 22/34 MS: 3 EraseBytes-ChangeASCIIInt-InsertByte-
#5039789	REDUCE cov: 49 ft: 401 corp: 165/3509b lim: 4096 exec/s: 458162 rss: 36Mb L: 18/34 MS: 2 EraseBytes-ChangeByte-
#5166287	REDUCE cov: 49 ft: 402 corp: 166/3525b lim: 4096 exec/s: 469662 rss: 36Mb L: 16/34 MS: 3 CMP-InsertByte-ChangeBit- DE: "\377\377\377O"-
#5183044	REDUCE cov: 49 ft: 402 corp: 166/3523b lim: 4096 exec/s: 471185 rss: 36Mb L: 18/34 MS: 2 EraseBytes-CopyPart-
#5221714	REDUCE cov: 49 ft: 402 corp: 166/3521b lim: 4096 exec/s: 474701 rss: 36Mb L: 20/34 MS: 5 ChangeByte-ChangeByte-EraseBytes-PersAutoDict-CopyPart- DE: "\377\377"-
#5275032	REDUCE cov: 49 ft: 402 corp: 166/3515b lim: 4096 exec/s: 479548 rss: 36Mb L: 16/34 MS: 3 PersAutoDict-EraseBytes-ChangeBinInt- DE: "\377\377\377\377\377\377\377\033"-
#5343094	REDUCE cov: 49 ft: 402 corp: 166/3513b lim: 4096 exec/s: 445257 rss: 36Mb L: 18/34 MS: 2 CopyPart-EraseBytes-
#5400641	REDUCE cov: 49 ft: 402 corp: 166/3511b lim: 4096 exec/s: 450053 rss: 36Mb L: 16/34 MS: 2 ChangeBinInt-EraseBytes-
#5576206	REDUCE cov: 49 ft: 402 corp: 166/3509b lim: 4096 exec/s: 464683 rss: 36Mb L: 17/34 MS: 5 EraseBytes-ShuffleBytes-ChangeBit-ChangeByte-ChangeByte-
#5594858	REDUCE cov: 49 ft: 402 corp: 166/3507b lim: 4096 exec/s: 466238 rss: 36Mb L: 18/34 MS: 2 EraseBytes-ChangeBit-
#5647420	REDUCE cov: 49 ft: 402 corp: 166/3505b lim: 4096 exec/s: 470618 rss: 36Mb L: 18/34 MS: 2 PersAutoDict-EraseBytes- DE: "\377\377\377y"-
#5724708	REDUCE cov: 49 ft: 402 corp: 166/3503b lim: 4096 exec/s: 440362 rss: 36Mb L: 20/34 MS: 3 InsertByte-ChangeBit-EraseBytes-
#5734977	REDUCE cov: 49 ft: 402 corp: 166/3496b lim: 4096 exec/s: 441152 rss: 36Mb L: 21/34 MS: 4 ChangeByte-EraseBytes-ShuffleBytes-EraseBytes-
#5926567	REDUCE cov: 50 ft: 406 corp: 167/3517b lim: 4096 exec/s: 455889 rss: 36Mb L: 21/34 MS: 5 CopyPart-ShuffleBytes-CopyPart-ChangeBit-ShuffleBytes-
#6026380	REDUCE cov: 50 ft: 406 corp: 167/3515b lim: 4096 exec/s: 463567 rss: 36Mb L: 22/34 MS: 3 ChangeBit-EraseBytes-PersAutoDict- DE: "\377\377\3776"-
#6115857	REDUCE cov: 50 ft: 406 corp: 167/3513b lim: 4096 exec/s: 470450 rss: 36Mb L: 16/34 MS: 2 EraseBytes-CopyPart-
#6127221	REDUCE cov: 50 ft: 406 corp: 167/3510b lim: 4096 exec/s: 471324 rss: 36Mb L: 23/34 MS: 4 ChangeBit-CopyPart-PersAutoDict-EraseBytes- DE: "\001\000"-
#6300368	REDUCE cov: 50 ft: 406 corp: 167/3508b lim: 4096 exec/s: 450026 rss: 36Mb L: 20/34 MS: 2 ChangeByte-EraseBytes-
#6356270	REDUCE cov: 50 ft: 406 corp: 167/3506b lim: 4096 exec/s: 454019 rss: 36Mb L: 20/34 MS: 2 EraseBytes-ChangeBit-
#6816164	REDUCE cov: 50 ft: 406 corp: 167/3504b lim: 4096 exec/s: 454410 rss: 36Mb L: 15/34 MS: 4 InsertByte-ChangeBit-ChangeBinInt-EraseBytes-
#6957443	REDUCE cov: 50 ft: 412 corp: 168/3534b lim: 4096 exec/s: 463829 rss: 36Mb L: 30/34 MS: 4 CrossOver-ShuffleBytes-ChangeByte-CopyPart-
#6964470	NEW    cov: 50 ft: 416 corp: 169/3564b lim: 4096 exec/s: 464298 rss: 36Mb L: 30/34 MS: 2 ChangeBit-ChangeBit-
#7264527	REDUCE cov: 50 ft: 416 corp: 169/3562b lim: 4096 exec/s: 454032 rss: 36Mb L: 18/34 MS: 2 EraseBytes-CopyPart-
#7264664	REDUCE cov: 50 ft: 416 corp: 169/3560b lim: 4096 exec/s: 454041 rss: 36Mb L: 18/34 MS: 2 PersAutoDict-EraseBytes- DE: "\377\377\377O"-
#7335698	REDUCE cov: 50 ft: 416 corp: 169/3558b lim: 4096 exec/s: 458481 rss: 36Mb L: 20/34 MS: 4 InsertByte-ShuffleBytes-EraseBytes-ChangeByte-
#7688821	REDUCE cov: 50 ft: 416 corp: 169/3557b lim: 4096 exec/s: 452283 rss: 36Mb L: 16/34 MS: 3 EraseBytes-ChangeBit-PersAutoDict- DE: "\001\000"-
#7847133	REDUCE cov: 50 ft: 416 corp: 169/3556b lim: 4096 exec/s: 461596 rss: 36Mb L: 15/34 MS: 2 ChangeBinInt-EraseBytes-
#7941111	REDUCE cov: 50 ft: 416 corp: 169/3554b lim: 4096 exec/s: 441172 rss: 36Mb L: 17/34 MS: 3 ChangeBinInt-InsertByte-EraseBytes-
#8247742	NEW    cov: 50 ft: 417 corp: 170/3582b lim: 4096 exec/s: 458207 rss: 36Mb L: 28/34 MS: 1 CopyPart-
#8334056	REDUCE cov: 50 ft: 417 corp: 170/3580b lim: 4096 exec/s: 438634 rss: 36Mb L: 15/34 MS: 4 ChangeBinInt-CMP-ChangeBit-EraseBytes- DE: "\377\377\377\377\377\377\377\020"-
#8388608	pulse  cov: 50 ft: 417 corp: 170/3580b lim: 4096 exec/s: 441505 rss: 36Mb
#8572450	REDUCE cov: 50 ft: 417 corp: 170/3578b lim: 4096 exec/s: 451181 rss: 36Mb L: 20/34 MS: 4 ChangeBit-ChangeBinInt-EraseBytes-ShuffleBytes-
#8575282	REDUCE cov: 50 ft: 417 corp: 170/3576b lim: 4096 exec/s: 451330 rss: 36Mb L: 18/34 MS: 2 EraseBytes-ChangeByte-
#8878319	NEW    cov: 50 ft: 419 corp: 171/3604b lim: 4096 exec/s: 443915 rss: 36Mb L: 28/34 MS: 2 ShuffleBytes-CopyPart-
#8914416	REDUCE cov: 50 ft: 419 corp: 171/3602b lim: 4096 exec/s: 445720 rss: 36Mb L: 18/34 MS: 2 ChangeByte-EraseBytes-
#9129358	REDUCE cov: 50 ft: 419 corp: 171/3600b lim: 4096 exec/s: 456467 rss: 36Mb L: 24/34 MS: 2 PersAutoDict-EraseBytes- DE: "\377\377\377y"-
#9135840	REDUCE cov: 50 ft: 419 corp: 171/3598b lim: 4096 exec/s: 456792 rss: 36Mb L: 18/34 MS: 2 PersAutoDict-EraseBytes- DE: "\377\377\377O"-
#9355185	REDUCE cov: 50 ft: 419 corp: 171/3596b lim: 4096 exec/s: 445485 rss: 36Mb L: 20/34 MS: 5 CopyPart-CopyPart-InsertByte-EraseBytes-CrossOver-
#9721973	REDUCE cov: 50 ft: 419 corp: 171/3594b lim: 4096 exec/s: 441907 rss: 36Mb L: 18/34 MS: 3 PersAutoDict-EraseBytes-ChangeBinInt- DE: "\377\377\377O"-
#9903667	REDUCE cov: 50 ft: 419 corp: 171/3592b lim: 4096 exec/s: 450166 rss: 36Mb L: 18/34 MS: 4 EraseBytes-ChangeByte-ChangeByte-ChangeByte-
#10472029	REDUCE cov: 50 ft: 419 corp: 171/3589b lim: 4096 exec/s: 455305 rss: 36Mb L: 17/34 MS: 2 ChangeBit-EraseBytes-
#11194981	REDUCE cov: 50 ft: 419 corp: 171/3588b lim: 4096 exec/s: 447799 rss: 36Mb L: 17/34 MS: 2 EraseBytes-ChangeBit-
#11460603	REDUCE cov: 50 ft: 419 corp: 171/3587b lim: 4096 exec/s: 440792 rss: 36Mb L: 17/34 MS: 2 ChangeBit-EraseBytes-
#11749751	REDUCE cov: 50 ft: 419 corp: 171/3585b lim: 4096 exec/s: 451913 rss: 36Mb L: 18/34 MS: 3 EraseBytes-ChangeBinInt-ChangeBinInt-
#12272994	REDUCE cov: 50 ft: 419 corp: 171/3583b lim: 4096 exec/s: 438321 rss: 36Mb L: 18/34 MS: 3 PersAutoDict-CopyPart-EraseBytes- DE: "\377\377\377\377\377\377\377\033"-
#12563541	REDUCE cov: 50 ft: 419 corp: 171/3582b lim: 4096 exec/s: 448697 rss: 36Mb L: 15/34 MS: 2 ChangeBinInt-EraseBytes-
#12746350	REDUCE cov: 50 ft: 419 corp: 171/3580b lim: 4096 exec/s: 439529 rss: 36Mb L: 20/34 MS: 4 CopyPart-PersAutoDict-ChangeByte-EraseBytes- DE: "\377\377\3776"-
#12947938	REDUCE cov: 50 ft: 419 corp: 171/3578b lim: 4096 exec/s: 446480 rss: 36Mb L: 16/34 MS: 3 CopyPart-CopyPart-EraseBytes-
#12960480	REDUCE cov: 50 ft: 420 corp: 172/3612b lim: 4096 exec/s: 446913 rss: 36Mb L: 34/34 MS: 2 InsertRepeatedBytes-EraseBytes-
#13016483	REDUCE cov: 50 ft: 420 corp: 172/3611b lim: 4096 exec/s: 448844 rss: 36Mb L: 17/34 MS: 3 ShuffleBytes-EraseBytes-ChangeBit-
#13446960	REDUCE cov: 50 ft: 420 corp: 172/3609b lim: 4096 exec/s: 448232 rss: 36Mb L: 18/34 MS: 2 EraseBytes-ChangeBinInt-
#13574443	REDUCE cov: 50 ft: 420 corp: 172/3607b lim: 4096 exec/s: 437885 rss: 36Mb L: 20/34 MS: 3 EraseBytes-ChangeASCIIInt-InsertByte-
#14228831	REDUCE cov: 50 ft: 420 corp: 172/3600b lim: 4096 exec/s: 444650 rss: 36Mb L: 19/34 MS: 3 CrossOver-InsertByte-EraseBytes-
#14613916	REDUCE cov: 50 ft: 420 corp: 172/3598b lim: 4096 exec/s: 442845 rss: 36Mb L: 18/34 MS: 5 ChangeByte-EraseBytes-CopyPart-ShuffleBytes-PersAutoDict- DE: "\377\377"-
#14678868	REDUCE cov: 50 ft: 420 corp: 172/3596b lim: 4096 exec/s: 444814 rss: 36Mb L: 17/34 MS: 2 ChangeBinInt-EraseBytes-
#14702395	REDUCE cov: 50 ft: 420 corp: 172/3594b lim: 4096 exec/s: 445527 rss: 36Mb L: 16/34 MS: 2 EraseBytes-ChangeByte-
#15277390	REDUCE cov: 50 ft: 420 corp: 172/3592b lim: 4096 exec/s: 449335 rss: 36Mb L: 18/34 MS: 5 ChangeByte-ChangeASCIIInt-ChangeByte-EraseBytes-ShuffleBytes-
#16040253	REDUCE cov: 50 ft: 420 corp: 172/3590b lim: 4096 exec/s: 445562 rss: 36Mb L: 18/34 MS: 3 CopyPart-CrossOver-EraseBytes-
#16742076	REDUCE cov: 50 ft: 420 corp: 172/3589b lim: 4096 exec/s: 440580 rss: 36Mb L: 15/34 MS: 3 EraseBytes-CrossOver-ChangeBit-
#16763218	REDUCE cov: 50 ft: 420 corp: 172/3587b lim: 4096 exec/s: 441137 rss: 36Mb L: 18/34 MS: 2 PersAutoDict-EraseBytes- DE: "\377\377"-
#16777216	pulse  cov: 50 ft: 420 corp: 172/3587b lim: 4096 exec/s: 441505 rss: 36Mb
#16857237	REDUCE cov: 50 ft: 420 corp: 172/3586b lim: 4096 exec/s: 443611 rss: 36Mb L: 17/34 MS: 4 ChangeBit-ShuffleBytes-ShuffleBytes-EraseBytes-
#16902505	REDUCE cov: 50 ft: 420 corp: 172/3584b lim: 4096 exec/s: 444802 rss: 36Mb L: 18/34 MS: 3 PersAutoDict-ChangeByte-EraseBytes- DE: "\377\377\377\377\377\377\377\020"-
#17059242	REDUCE cov: 50 ft: 420 corp: 172/3582b lim: 4096 exec/s: 437416 rss: 36Mb L: 16/34 MS: 2 ChangeBinInt-EraseBytes-
#17225584	REDUCE cov: 50 ft: 420 corp: 172/3580b lim: 4096 exec/s: 441681 rss: 36Mb L: 18/34 MS: 2 EraseBytes-ChangeByte-
#17550822	REDUCE cov: 50 ft: 420 corp: 172/3579b lim: 4096 exec/s: 438770 rss: 36Mb L: 19/34 MS: 3 EraseBytes-ChangeASCIIInt-ChangeBit-
#17972389	REDUCE cov: 50 ft: 420 corp: 172/3578b lim: 4096 exec/s: 438350 rss: 36Mb L: 15/34 MS: 2 EraseBytes-ChangeBinInt-
#18120346	REDUCE cov: 50 ft: 420 corp: 172/3576b lim: 4096 exec/s: 441959 rss: 36Mb L: 17/34 MS: 2 EraseBytes-ChangeByte-
#18920813	NEW    cov: 50 ft: 421 corp: 173/3608b lim: 4096 exec/s: 440018 rss: 36Mb L: 32/34 MS: 2 InsertByte-InsertByte-
#19372695	REDUCE cov: 50 ft: 421 corp: 173/3607b lim: 4096 exec/s: 440288 rss: 36Mb L: 17/34 MS: 2 ChangeBit-EraseBytes-
#19998297	REDUCE cov: 50 ft: 421 corp: 173/3606b lim: 4096 exec/s: 444406 rss: 37Mb L: 15/34 MS: 2 EraseBytes-ChangeBit-
#20374619	REDUCE cov: 50 ft: 421 corp: 173/3602b lim: 4096 exec/s: 442926 rss: 37Mb L: 24/34 MS: 2 ChangeByte-EraseBytes-
#20387648	REDUCE cov: 50 ft: 421 corp: 173/3598b lim: 4096 exec/s: 443209 rss: 37Mb L: 24/34 MS: 4 ChangeByte-InsertByte-ShuffleBytes-EraseBytes-
#22275755	REDUCE cov: 50 ft: 421 corp: 173/3596b lim: 4096 exec/s: 445515 rss: 37Mb L: 17/34 MS: 2 ChangeBinInt-EraseBytes-
#23161712	REDUCE cov: 50 ft: 421 corp: 173/3594b lim: 4096 exec/s: 445417 rss: 37Mb L: 16/34 MS: 2 EraseBytes-CrossOver-
#24054919	REDUCE cov: 50 ft: 421 corp: 173/3592b lim: 4096 exec/s: 437362 rss: 37Mb L: 26/34 MS: 2 InsertByte-EraseBytes-
#24698561	REDUCE cov: 50 ft: 421 corp: 173/3590b lim: 4096 exec/s: 441045 rss: 37Mb L: 16/34 MS: 2 ChangeByte-EraseBytes-
#25252424	REDUCE cov: 50 ft: 421 corp: 173/3589b lim: 4096 exec/s: 443024 rss: 37Mb L: 15/34 MS: 3 EraseBytes-ChangeByte-ChangeBit-
#25423451	REDUCE cov: 50 ft: 421 corp: 173/3587b lim: 4096 exec/s: 438335 rss: 37Mb L: 18/34 MS: 2 CMP-EraseBytes- DE: "\377\377\377\377\377\377\377\010"-
#25821909	REDUCE cov: 50 ft: 421 corp: 173/3585b lim: 4096 exec/s: 437659 rss: 37Mb L: 18/34 MS: 3 EraseBytes-ShuffleBytes-ChangeByte-
#25992867	REDUCE cov: 50 ft: 421 corp: 173/3583b lim: 4096 exec/s: 440557 rss: 37Mb L: 16/34 MS: 3 EraseBytes-ShuffleBytes-ChangeByte-
#26385410	REDUCE cov: 50 ft: 421 corp: 173/3582b lim: 4096 exec/s: 439756 rss: 37Mb L: 17/34 MS: 3 ShuffleBytes-CrossOver-EraseBytes-
#26660848	REDUCE cov: 50 ft: 421 corp: 173/3581b lim: 4096 exec/s: 444347 rss: 37Mb L: 15/34 MS: 3 EraseBytes-ChangeByte-ChangeBit-
#26761350	REDUCE cov: 50 ft: 421 corp: 173/3579b lim: 4096 exec/s: 438710 rss: 37Mb L: 18/34 MS: 2 EraseBytes-ChangeByte-
#27439078	REDUCE cov: 50 ft: 421 corp: 173/3578b lim: 4096 exec/s: 442565 rss: 37Mb L: 17/34 MS: 3 ChangeBit-ShuffleBytes-EraseBytes-
#29059526	REDUCE cov: 50 ft: 421 corp: 173/3576b lim: 4096 exec/s: 440295 rss: 37Mb L: 16/34 MS: 3 ChangeASCIIInt-ChangeByte-EraseBytes-
#29092984	REDUCE cov: 50 ft: 421 corp: 173/3575b lim: 4096 exec/s: 440802 rss: 37Mb L: 15/34 MS: 3 PersAutoDict-EraseBytes-ChangeBit- DE: "\377\377\3776"-
#29265299	REDUCE cov: 50 ft: 421 corp: 173/3573b lim: 4096 exec/s: 443413 rss: 37Mb L: 16/34 MS: 5 InsertRepeatedBytes-InsertByte-CrossOver-EraseBytes-EraseBytes-
#30261142	REDUCE cov: 50 ft: 421 corp: 173/3571b lim: 4096 exec/s: 438567 rss: 37Mb L: 18/34 MS: 3 ChangeBit-ChangeByte-EraseBytes-
#31562889	REDUCE cov: 50 ft: 421 corp: 173/3570b lim: 4096 exec/s: 438373 rss: 37Mb L: 17/34 MS: 2 EraseBytes-ChangeBit-
#32876031	REDUCE cov: 50 ft: 421 corp: 173/3569b lim: 4096 exec/s: 438347 rss: 37Mb L: 17/34 MS: 2 EraseBytes-ChangeBit-
#33468361	REDUCE cov: 50 ft: 421 corp: 173/3567b lim: 4096 exec/s: 440373 rss: 37Mb L: 15/34 MS: 5 ChangeBit-PersAutoDict-CMP-ChangeBit-EraseBytes- DE: "\377\377"-"\001\000\000\000\000\000\000\031"-
#33554432	pulse  cov: 50 ft: 421 corp: 173/3567b lim: 4096 exec/s: 441505 rss: 37Mb
#34707348	REDUCE cov: 50 ft: 421 corp: 173/3565b lim: 4096 exec/s: 439333 rss: 37Mb L: 18/34 MS: 2 PersAutoDict-EraseBytes- DE: "\377\377\377y"-
#34742656	REDUCE cov: 50 ft: 421 corp: 173/3564b lim: 4096 exec/s: 439780 rss: 37Mb L: 22/34 MS: 3 EraseBytes-ShuffleBytes-ChangeByte-
#35552764	REDUCE cov: 50 ft: 421 corp: 173/3563b lim: 4096 exec/s: 438923 rss: 37Mb L: 15/34 MS: 3 ChangeBit-ChangeByte-EraseBytes-
#36598317	NEW    cov: 50 ft: 422 corp: 174/3591b lim: 4096 exec/s: 440943 rss: 37Mb L: 28/34 MS: 3 CopyPart-ChangeASCIIInt-ChangeASCIIInt-
#37605584	REDUCE cov: 50 ft: 422 corp: 174/3589b lim: 4096 exec/s: 442418 rss: 37Mb L: 15/34 MS: 2 EraseBytes-ChangeBinInt-
#38517821	REDUCE cov: 50 ft: 422 corp: 174/3587b lim: 4096 exec/s: 437702 rss: 37Mb L: 16/34 MS: 2 CrossOver-EraseBytes-
#39120344	REDUCE cov: 50 ft: 422 corp: 174/3585b lim: 4096 exec/s: 439554 rss: 37Mb L: 16/34 MS: 3 CrossOver-ChangeBinInt-EraseBytes-
#41804117	REDUCE cov: 50 ft: 422 corp: 174/3583b lim: 4096 exec/s: 440043 rss: 37Mb L: 16/34 MS: 3 PersAutoDict-CMP-EraseBytes- DE: "\377\377\377O"-"\377\377\377\377\377\377\377\033"-
#43319497	REDUCE cov: 50 ft: 422 corp: 174/3578b lim: 4096 exec/s: 437570 rss: 37Mb L: 17/34 MS: 5 ChangeByte-PersAutoDict-EraseBytes-InsertByte-CopyPart- DE: "\001\000\000\000\000\000\000\031"-
#43361389	REDUCE cov: 50 ft: 422 corp: 174/3576b lim: 4096 exec/s: 437993 rss: 37Mb L: 16/34 MS: 2 PersAutoDict-EraseBytes- DE: "\377\377\377\377\377\377\377\020"-
#44245891	REDUCE cov: 50 ft: 422 corp: 174/3575b lim: 4096 exec/s: 438078 rss: 37Mb L: 17/34 MS: 2 ChangeBit-EraseBytes-
#44613779	REDUCE cov: 50 ft: 422 corp: 174/3574b lim: 4096 exec/s: 441720 rss: 37Mb L: 15/34 MS: 3 EraseBytes-InsertByte-ChangeBit-
#44725787	REDUCE cov: 50 ft: 422 corp: 174/3573b lim: 4096 exec/s: 438488 rss: 37Mb L: 17/34 MS: 3 ChangeBit-ChangeBit-EraseBytes-
#45881771	REDUCE cov: 50 ft: 422 corp: 174/3572b lim: 4096 exec/s: 441170 rss: 37Mb L: 17/34 MS: 4 EraseBytes-ChangeByte-CrossOver-InsertByte-
#48600528	REDUCE cov: 50 ft: 422 corp: 174/3570b lim: 4096 exec/s: 437842 rss: 37Mb L: 15/34 MS: 2 CMP-EraseBytes- DE: "\377\377\377\377\377\377\377\377"-
#52666657	NEW    cov: 50 ft: 423 corp: 175/3585b lim: 4096 exec/s: 438888 rss: 37Mb L: 15/34 MS: 4 ChangeBit-ChangeBinInt-EraseBytes-EraseBytes-
#52676198	NEW    cov: 50 ft: 429 corp: 176/3600b lim: 4096 exec/s: 438968 rss: 37Mb L: 15/34 MS: 1 ChangeBit-
#53081581	REDUCE cov: 50 ft: 429 corp: 176/3599b lim: 4096 exec/s: 438690 rss: 37Mb L: 15/34 MS: 3 ChangeByte-PersAutoDict-EraseBytes- DE: "t\000\000\000"-
#54667993	REDUCE cov: 50 ft: 429 corp: 176/3598b lim: 4096 exec/s: 440870 rss: 37Mb L: 17/34 MS: 2 EraseBytes-ChangeBit-
#56141890	REDUCE cov: 50 ft: 429 corp: 176/3597b lim: 4096 exec/s: 438608 rss: 37Mb L: 19/34 MS: 2 EraseBytes-ChangeByte-
#58172428	REDUCE cov: 50 ft: 429 corp: 176/3596b lim: 4096 exec/s: 440700 rss: 37Mb L: 16/34 MS: 3 EraseBytes-ChangeByte-CrossOver-
#58495915	REDUCE cov: 50 ft: 429 corp: 176/3594b lim: 4096 exec/s: 439818 rss: 37Mb L: 15/34 MS: 2 CMP-EraseBytes- DE: "\377\377\377\377\377\377\377\033"-
#60008627	REDUCE cov: 50 ft: 429 corp: 176/3593b lim: 4096 exec/s: 438019 rss: 37Mb L: 19/34 MS: 2 EraseBytes-ChangeBinInt-
#60462904	REDUCE cov: 50 ft: 429 corp: 176/3591b lim: 4096 exec/s: 438136 rss: 37Mb L: 16/34 MS: 2 PersAutoDict-EraseBytes- DE: "\377\377\377\377\377\377\377\377"-
#61166837	REDUCE cov: 50 ft: 429 corp: 176/3590b lim: 4096 exec/s: 440049 rss: 37Mb L: 17/34 MS: 3 ChangeBit-ChangeBinInt-EraseBytes-
#62154152	REDUCE cov: 50 ft: 429 corp: 176/3588b lim: 4096 exec/s: 440809 rss: 37Mb L: 22/34 MS: 5 CMP-CrossOver-CMP-EraseBytes-EraseBytes- DE: "\377\377\377X"-"y\000"-
#63574195	REDUCE cov: 50 ft: 429 corp: 176/3586b lim: 4096 exec/s: 438442 rss: 37Mb L: 17/34 MS: 3 PersAutoDict-ChangeByte-EraseBytes- DE: "\015\000\000\000\000\000\000\000"-
#64857887	REDUCE cov: 50 ft: 429 corp: 176/3585b lim: 4096 exec/s: 438228 rss: 37Mb L: 15/34 MS: 2 EraseBytes-ChangeBit-
#67108864	pulse  cov: 50 ft: 429 corp: 176/3585b lim: 4096 exec/s: 438620 rss: 37Mb
#67903639	REDUCE cov: 50 ft: 429 corp: 176/3584b lim: 4096 exec/s: 438087 rss: 37Mb L: 15/34 MS: 2 InsertByte-EraseBytes-
#68487527	REDUCE cov: 50 ft: 429 corp: 176/3582b lim: 4096 exec/s: 439022 rss: 37Mb L: 15/34 MS: 3 InsertByte-EraseBytes-ChangeBinInt-
#68741699	REDUCE cov: 50 ft: 429 corp: 176/3581b lim: 4096 exec/s: 440651 rss: 37Mb L: 15/34 MS: 2 EraseBytes-ChangeBit-
#69772487	REDUCE cov: 50 ft: 429 corp: 176/3580b lim: 4096 exec/s: 438820 rss: 37Mb L: 15/34 MS: 3 ChangeBit-ChangeBit-EraseBytes-
#69798034	REDUCE cov: 50 ft: 429 corp: 176/3579b lim: 4096 exec/s: 438981 rss: 37Mb L: 16/34 MS: 2 EraseBytes-ChangeBinInt-
#70943012	REDUCE cov: 50 ft: 429 corp: 176/3577b lim: 4096 exec/s: 440639 rss: 37Mb L: 16/34 MS: 3 InsertByte-EraseBytes-CMP- DE: "a\000"-
#73619226	NEW    cov: 50 ft: 430 corp: 177/3592b lim: 4096 exec/s: 438209 rss: 37Mb L: 15/34 MS: 4 ShuffleBytes-ChangeByte-CrossOver-CrossOver-
#74838254	REDUCE cov: 50 ft: 430 corp: 177/3590b lim: 4096 exec/s: 440225 rss: 37Mb L: 15/34 MS: 3 InsertByte-EraseBytes-CrossOver-
#77547072	REDUCE cov: 50 ft: 430 corp: 177/3589b lim: 4096 exec/s: 438119 rss: 37Mb L: 15/34 MS: 3 InsertByte-ChangeBinInt-EraseBytes-
#78499914	REDUCE cov: 50 ft: 430 corp: 177/3587b lim: 4096 exec/s: 438547 rss: 37Mb L: 20/34 MS: 2 EraseBytes-InsertByte-
#82825808	REDUCE cov: 50 ft: 430 corp: 177/3585b lim: 4096 exec/s: 438231 rss: 37Mb L: 15/34 MS: 4 ChangeByte-InsertRepeatedBytes-ChangeBinInt-EraseBytes-
#86742235	REDUCE cov: 50 ft: 430 corp: 177/3584b lim: 4096 exec/s: 438092 rss: 37Mb L: 16/34 MS: 2 PersAutoDict-EraseBytes- DE: "a\000"-
#93610722	REDUCE cov: 50 ft: 430 corp: 177/3583b lim: 4096 exec/s: 439486 rss: 37Mb L: 15/34 MS: 2 EraseBytes-ChangeBit-
#94078676	REDUCE cov: 50 ft: 430 corp: 177/3582b lim: 4096 exec/s: 437575 rss: 37Mb L: 19/34 MS: 4 ChangeBit-ChangeBit-ChangeBinInt-EraseBytes-
#100086191	REDUCE cov: 50 ft: 430 corp: 177/3581b lim: 4096 exec/s: 438974 rss: 37Mb L: 16/34 MS: 5 ChangeByte-ChangeBinInt-CrossOver-EraseBytes-ChangeByte-
#104117086	REDUCE cov: 50 ft: 430 corp: 177/3580b lim: 4096 exec/s: 437466 rss: 37Mb L: 17/34 MS: 5 ChangeASCIIInt-CopyPart-CrossOver-ChangeBit-EraseBytes-
#107285883	REDUCE cov: 50 ft: 430 corp: 177/3579b lim: 4096 exec/s: 437901 rss: 37Mb L: 18/34 MS: 2 ChangeBit-EraseBytes-
#114912732	REDUCE cov: 50 ft: 430 corp: 177/3578b lim: 4096 exec/s: 436930 rss: 37Mb L: 17/34 MS: 4 ChangeBit-ChangeASCIIInt-ShuffleBytes-EraseBytes-
#115737817	REDUCE cov: 50 ft: 430 corp: 177/3575b lim: 4096 exec/s: 438400 rss: 37Mb L: 25/34 MS: 5 ChangeBinInt-CopyPart-CopyPart-ShuffleBytes-EraseBytes-
#116686474	REDUCE cov: 50 ft: 430 corp: 177/3573b lim: 4096 exec/s: 437027 rss: 37Mb L: 17/34 MS: 2 ChangeBit-EraseBytes-
#119198619	REDUCE cov: 50 ft: 430 corp: 177/3572b lim: 4096 exec/s: 438230 rss: 37Mb L: 15/34 MS: 5 ChangeBinInt-ChangeByte-ChangeASCIIInt-ShuffleBytes-EraseBytes-
#121179331	NEW    cov: 50 ft: 432 corp: 178/3587b lim: 4096 exec/s: 437470 rss: 37Mb L: 15/34 MS: 2 CopyPart-CopyPart-
#121182338	NEW    cov: 50 ft: 433 corp: 179/3602b lim: 4096 exec/s: 437481 rss: 37Mb L: 15/34 MS: 2 ChangeASCIIInt-ChangeBit-
#121199364	NEW    cov: 50 ft: 434 corp: 180/3617b lim: 4096 exec/s: 437542 rss: 37Mb L: 15/34 MS: 1 ChangeBit-
#122212862	REDUCE cov: 50 ft: 434 corp: 180/3616b lim: 4096 exec/s: 438038 rss: 37Mb L: 15/34 MS: 3 ChangeByte-EraseBytes-ChangeBinInt-
panic: found special char in iban [recovered]
	panic: found special char in iban

goroutine 17 [running, locked to thread]:
git.ultraware.nl/iddinkgroep/fundament-api.Fuzz.func1()
	git.ultraware.nl/iddinkgroep/fundament-api/fuzz.go:19 +0xa5
panic({0x56361fce2760?, 0x56361fcf5c70?})
	runtime/panic.go:914 +0x21f
git.ultraware.nl/iddinkgroep/fundament-api.Fuzz({0xc00036d890, 0xf})
	git.ultraware.nl/iddinkgroep/fundament-api/fuzz.go:34 +0x2b9
git.ultraware.nl/iddinkgroep/fundament-api.Fuzz_(...)
	git.ultraware.nl/iddinkgroep/fundament-api/fuzz.118480564.go:6
main.LLVMFuzzerTestOneInput(...)
	./main.2998056864.go:21
==4530== ERROR: libFuzzer: deadly signal
    #0 0x56361fc05630 in __sanitizer_print_stack_trace (/seedai/experiments/libfuzzer/libfuzzer+0xaf630) (BuildId: 23115454fcc2d139f458d53fa43ce200a20c84b2)
    #1 0x56361fbd1755 in fuzzer::PrintStackTrace() (/seedai/experiments/libfuzzer/libfuzzer+0x7b755) (BuildId: 23115454fcc2d139f458d53fa43ce200a20c84b2)
    #2 0x56361fbb03a9 in fuzzer::Fuzzer::CrashCallback() (.part.0) FuzzerLoop.cpp.o
    #3 0x56361fbb046a in fuzzer::Fuzzer::StaticCrashSignalCallback() (/seedai/experiments/libfuzzer/libfuzzer+0x5a46a) (BuildId: 23115454fcc2d139f458d53fa43ce200a20c84b2)
    #4 0x7f8d4ef5c70f  (/usr/lib/libc.so.6+0x3e70f) (BuildId: 316d0d3666387f0e8fb98773f51aa1801027c5ab)
    #5 0x56361fc65160 in runtime.raise.abi0 runtime/sys_linux_amd64.s:153

NOTE: libFuzzer has rudimentary signal handlers.
      Combine libFuzzer with AddressSanitizer or similar for better crash reports.
SUMMARY: libFuzzer: deadly signal
MS: 2 ChangeByte-ShuffleBytes-; base unit: 00f6c25ce235a0ebbf1eec9c9e1cd0dc54d517f0
0x6e,0x6f,0x30,0x6f,0x2d,0x30,0x30,0x30,0x30,0x30,0x30,0x30,0x30,0x30,0x30,
no0o-0000000000
artifact_prefix='./'; Test unit written to ./crash-67d66554b8a3c606163aacd21a451dda1d566743
Base64: bm8wby0wMDAwMDAwMDAw
