INFO: Running with entropic power schedule (0xFF, 100).
INFO: Seed: 2254743249
INFO: Loaded 1 modules   (70 inline 8-bit counters): 70 [0x55655f93a030, 0x55655f93a076), 
INFO: Loaded 1 PC tables (70 PCs): 70 [0xc000068000,0xc000068460), 
INFO:        0 files found in corpus
INFO: -max_len is not provided; libFuzzer will not generate inputs larger than 4096 bytes
INFO: A corpus is not provided, starting from an empty corpus
#2	INITED cov: 9 ft: 15 corp: 1/1b exec/s: 0 rss: 29Mb
#8	NEW    cov: 9 ft: 16 corp: 2/3b lim: 4 exec/s: 0 rss: 29Mb L: 2/2 MS: 1 InsertByte-
#17	NEW    cov: 9 ft: 19 corp: 3/6b lim: 4 exec/s: 0 rss: 29Mb L: 3/3 MS: 4 ShuffleBytes-ChangeBinInt-CrossOver-CopyPart-
#237	NEW    cov: 9 ft: 20 corp: 4/11b lim: 6 exec/s: 0 rss: 29Mb L: 5/5 MS: 5 InsertByte-ChangeBit-CopyPart-ChangeByte-CopyPart-
#443	NEW    cov: 9 ft: 21 corp: 5/18b lim: 8 exec/s: 0 rss: 30Mb L: 7/7 MS: 1 InsertRepeatedBytes-
#444	NEW    cov: 9 ft: 22 corp: 6/26b lim: 8 exec/s: 0 rss: 30Mb L: 8/8 MS: 1 InsertByte-
#1069	NEW    cov: 9 ft: 23 corp: 7/38b lim: 14 exec/s: 0 rss: 30Mb L: 12/12 MS: 5 CrossOver-ChangeBinInt-ChangeByte-CopyPart-InsertRepeatedBytes-
#1070	NEW    cov: 9 ft: 24 corp: 8/51b lim: 14 exec/s: 0 rss: 30Mb L: 13/13 MS: 1 CopyPart-
#1100	NEW    cov: 9 ft: 25 corp: 9/65b lim: 14 exec/s: 0 rss: 30Mb L: 14/14 MS: 5 ChangeByte-InsertByte-ChangeBinInt-ShuffleBytes-CopyPart-
#1418	NEW    cov: 11 ft: 31 corp: 10/81b lim: 17 exec/s: 0 rss: 30Mb L: 16/16 MS: 3 InsertRepeatedBytes-ChangeByte-InsertRepeatedBytes-
#1421	NEW    cov: 11 ft: 33 corp: 11/96b lim: 17 exec/s: 0 rss: 30Mb L: 15/16 MS: 3 ShuffleBytes-InsertByte-InsertRepeatedBytes-
#1478	NEW    cov: 11 ft: 34 corp: 12/113b lim: 17 exec/s: 0 rss: 30Mb L: 17/17 MS: 2 ChangeBit-InsertByte-
#1916	NEW    cov: 11 ft: 35 corp: 13/132b lim: 21 exec/s: 0 rss: 30Mb L: 19/19 MS: 3 CopyPart-ChangeBit-CrossOver-
#2744	NEW    cov: 11 ft: 36 corp: 14/159b lim: 29 exec/s: 0 rss: 30Mb L: 27/27 MS: 3 CopyPart-ChangeByte-InsertRepeatedBytes-
#2745	NEW    cov: 11 ft: 37 corp: 15/188b lim: 29 exec/s: 0 rss: 30Mb L: 29/29 MS: 1 InsertRepeatedBytes-
#3151	NEW    cov: 11 ft: 38 corp: 16/219b lim: 33 exec/s: 0 rss: 30Mb L: 31/31 MS: 1 CopyPart-
#3168	NEW    cov: 11 ft: 39 corp: 17/252b lim: 33 exec/s: 0 rss: 30Mb L: 33/33 MS: 2 ChangeBinInt-CopyPart-
#3688	NEW    cov: 11 ft: 41 corp: 18/286b lim: 38 exec/s: 0 rss: 31Mb L: 34/34 MS: 5 ChangeBit-InsertRepeatedBytes-EraseBytes-CopyPart-EraseBytes-
#6343	NEW    cov: 13 ft: 47 corp: 19/317b lim: 63 exec/s: 0 rss: 31Mb L: 31/34 MS: 5 ChangeBit-EraseBytes-ChangeBinInt-ChangeASCIIInt-ChangeBit-
#6497	NEW    cov: 13 ft: 48 corp: 20/348b lim: 63 exec/s: 0 rss: 31Mb L: 31/34 MS: 4 CopyPart-ChangeASCIIInt-ChangeByte-CopyPart-
#7106	NEW    cov: 13 ft: 49 corp: 21/376b lim: 68 exec/s: 0 rss: 31Mb L: 28/34 MS: 4 ShuffleBytes-CrossOver-ChangeASCIIInt-EraseBytes-
#7647	NEW    cov: 13 ft: 50 corp: 22/404b lim: 68 exec/s: 0 rss: 31Mb L: 28/34 MS: 1 CrossOver-
#7715	REDUCE cov: 13 ft: 50 corp: 22/394b lim: 68 exec/s: 0 rss: 31Mb L: 18/34 MS: 3 ChangeByte-CMP-EraseBytes- DE: "\000\000"-
#7855	NEW    cov: 13 ft: 51 corp: 23/416b lim: 68 exec/s: 0 rss: 31Mb L: 22/34 MS: 5 ChangeASCIIInt-ShuffleBytes-InsertRepeatedBytes-EraseBytes-CrossOver-
#7914	REDUCE cov: 13 ft: 51 corp: 23/406b lim: 68 exec/s: 0 rss: 31Mb L: 21/34 MS: 4 ChangeBit-ShuffleBytes-ChangeASCIIInt-CrossOver-
#8042	REDUCE cov: 13 ft: 51 corp: 23/404b lim: 68 exec/s: 0 rss: 31Mb L: 26/34 MS: 3 EraseBytes-ChangeBinInt-CopyPart-
#8123	REDUCE cov: 13 ft: 51 corp: 23/403b lim: 68 exec/s: 0 rss: 31Mb L: 20/34 MS: 1 EraseBytes-
#8164	NEW    cov: 13 ft: 52 corp: 24/418b lim: 68 exec/s: 0 rss: 31Mb L: 15/34 MS: 1 ChangeBinInt-
#8203	REDUCE cov: 13 ft: 52 corp: 24/409b lim: 68 exec/s: 0 rss: 31Mb L: 22/34 MS: 4 ChangeByte-ChangeByte-EraseBytes-ChangeBinInt-
#8409	REDUCE cov: 13 ft: 52 corp: 24/408b lim: 68 exec/s: 0 rss: 31Mb L: 21/34 MS: 1 EraseBytes-
#8421	NEW    cov: 13 ft: 53 corp: 25/424b lim: 68 exec/s: 0 rss: 31Mb L: 16/34 MS: 2 InsertByte-ChangeBinInt-
#8453	REDUCE cov: 13 ft: 53 corp: 25/418b lim: 68 exec/s: 0 rss: 31Mb L: 15/34 MS: 2 EraseBytes-PersAutoDict- DE: "\000\000"-
#8489	NEW    cov: 13 ft: 54 corp: 26/434b lim: 68 exec/s: 0 rss: 31Mb L: 16/34 MS: 1 PersAutoDict- DE: "\000\000"-
#8600	REDUCE cov: 13 ft: 54 corp: 26/432b lim: 68 exec/s: 0 rss: 31Mb L: 16/34 MS: 1 EraseBytes-
#8611	NEW    cov: 13 ft: 55 corp: 27/447b lim: 68 exec/s: 0 rss: 31Mb L: 15/34 MS: 1 CMP- DE: "\000\000"-
#8638	NEW    cov: 13 ft: 56 corp: 28/468b lim: 68 exec/s: 0 rss: 31Mb L: 21/34 MS: 2 CopyPart-InsertByte-
#8991	REDUCE cov: 13 ft: 56 corp: 28/467b lim: 68 exec/s: 0 rss: 31Mb L: 15/34 MS: 3 PersAutoDict-ChangeBinInt-EraseBytes- DE: "\000\000"-
#9067	NEW    cov: 25 ft: 106 corp: 29/489b lim: 68 exec/s: 0 rss: 31Mb L: 22/34 MS: 1 InsertByte-
#9123	REDUCE cov: 25 ft: 106 corp: 29/486b lim: 68 exec/s: 0 rss: 31Mb L: 17/34 MS: 1 EraseBytes-
#9125	NEW    cov: 25 ft: 109 corp: 30/510b lim: 68 exec/s: 0 rss: 31Mb L: 24/34 MS: 2 CrossOver-CMP- DE: "\026\000\000\000\000\000\000\000"-
#9462	REDUCE cov: 25 ft: 109 corp: 30/508b lim: 68 exec/s: 0 rss: 32Mb L: 15/34 MS: 2 PersAutoDict-CrossOver- DE: "\000\000"-
#9758	REDUCE cov: 25 ft: 109 corp: 30/507b lim: 68 exec/s: 0 rss: 32Mb L: 15/34 MS: 1 EraseBytes-
#10919	REDUCE cov: 25 ft: 110 corp: 31/522b lim: 74 exec/s: 0 rss: 32Mb L: 15/34 MS: 1 ChangeBinInt-
#11084	REDUCE cov: 25 ft: 110 corp: 31/521b lim: 74 exec/s: 0 rss: 32Mb L: 15/34 MS: 5 ChangeASCIIInt-EraseBytes-ChangeByte-ChangeBit-CopyPart-
#11114	NEW    cov: 25 ft: 115 corp: 32/537b lim: 74 exec/s: 0 rss: 32Mb L: 16/34 MS: 5 ShuffleBytes-CrossOver-ChangeByte-ShuffleBytes-InsertByte-
#11639	NEW    cov: 25 ft: 116 corp: 33/553b lim: 74 exec/s: 0 rss: 32Mb L: 16/34 MS: 5 ChangeBit-PersAutoDict-ChangeByte-InsertByte-ChangeByte- DE: "\000\000"-
#12170	NEW    cov: 25 ft: 117 corp: 34/569b lim: 74 exec/s: 0 rss: 32Mb L: 16/34 MS: 1 ChangeByte-
#12222	NEW    cov: 25 ft: 118 corp: 35/585b lim: 74 exec/s: 0 rss: 32Mb L: 16/34 MS: 2 ChangeBinInt-ChangeBit-
#12543	NEW    cov: 25 ft: 119 corp: 36/607b lim: 74 exec/s: 0 rss: 32Mb L: 22/34 MS: 1 InsertByte-
#12564	NEW    cov: 25 ft: 120 corp: 37/623b lim: 74 exec/s: 0 rss: 32Mb L: 16/34 MS: 1 ChangeByte-
#15035	NEW    cov: 25 ft: 121 corp: 38/647b lim: 98 exec/s: 0 rss: 33Mb L: 24/34 MS: 1 CopyPart-
#15476	NEW    cov: 25 ft: 122 corp: 39/669b lim: 98 exec/s: 0 rss: 33Mb L: 22/34 MS: 1 ChangeBinInt-
#16502	NEW    cov: 25 ft: 123 corp: 40/691b lim: 104 exec/s: 0 rss: 33Mb L: 22/34 MS: 1 ChangeBinInt-
#17023	NEW    cov: 25 ft: 124 corp: 41/713b lim: 104 exec/s: 0 rss: 33Mb L: 22/34 MS: 1 ChangeByte-
#17775	NEW    cov: 25 ft: 125 corp: 42/740b lim: 110 exec/s: 0 rss: 33Mb L: 27/34 MS: 2 CopyPart-ChangeBinInt-
#17908	REDUCE cov: 25 ft: 125 corp: 42/731b lim: 110 exec/s: 0 rss: 33Mb L: 18/34 MS: 3 ChangeBinInt-ChangeByte-EraseBytes-
#18511	REDUCE cov: 25 ft: 125 corp: 42/729b lim: 110 exec/s: 0 rss: 33Mb L: 16/34 MS: 3 InsertRepeatedBytes-CrossOver-CopyPart-
#18887	REDUCE cov: 25 ft: 127 corp: 43/745b lim: 110 exec/s: 0 rss: 33Mb L: 16/34 MS: 1 CopyPart-
#20228	REDUCE cov: 25 ft: 128 corp: 44/761b lim: 122 exec/s: 0 rss: 34Mb L: 16/34 MS: 1 CMP- DE: "\010\000\000\000\000\000\000\000"-
#21929	NEW    cov: 30 ft: 142 corp: 45/777b lim: 135 exec/s: 0 rss: 34Mb L: 16/34 MS: 1 CopyPart-
#23590	NEW    cov: 30 ft: 143 corp: 46/793b lim: 149 exec/s: 0 rss: 34Mb L: 16/34 MS: 1 CopyPart-
#23657	NEW    cov: 30 ft: 144 corp: 47/815b lim: 149 exec/s: 0 rss: 34Mb L: 22/34 MS: 2 ChangeBinInt-ChangeBinInt-
#24159	REDUCE cov: 30 ft: 144 corp: 47/813b lim: 149 exec/s: 0 rss: 34Mb L: 20/34 MS: 2 CMP-EraseBytes- DE: "\377\377\377\377\377\377\377\035"-
#24422	NEW    cov: 30 ft: 145 corp: 48/833b lim: 149 exec/s: 0 rss: 34Mb L: 20/34 MS: 3 ChangeBinInt-EraseBytes-ChangeBinInt-
#24470	NEW    cov: 30 ft: 147 corp: 49/849b lim: 149 exec/s: 0 rss: 34Mb L: 16/34 MS: 3 ChangeBit-ChangeByte-ShuffleBytes-
#24874	REDUCE cov: 30 ft: 148 corp: 50/867b lim: 149 exec/s: 0 rss: 34Mb L: 18/34 MS: 4 PersAutoDict-EraseBytes-ChangeByte-PersAutoDict- DE: "\026\000\000\000\000\000\000\000"-"\010\000\000\000\000\000\000\000"-
#24955	NEW    cov: 30 ft: 150 corp: 51/883b lim: 149 exec/s: 0 rss: 34Mb L: 16/34 MS: 1 ShuffleBytes-
#25851	NEW    cov: 30 ft: 151 corp: 52/901b lim: 156 exec/s: 0 rss: 34Mb L: 18/34 MS: 1 CopyPart-
#26282	NEW    cov: 30 ft: 153 corp: 53/917b lim: 156 exec/s: 0 rss: 34Mb L: 16/34 MS: 1 ChangeBinInt-
#26375	NEW    cov: 30 ft: 155 corp: 54/933b lim: 156 exec/s: 0 rss: 34Mb L: 16/34 MS: 3 ShuffleBytes-CopyPart-CopyPart-
#27396	NEW    cov: 30 ft: 157 corp: 55/949b lim: 163 exec/s: 0 rss: 34Mb L: 16/34 MS: 1 ChangeBinInt-
#27517	NEW    cov: 30 ft: 159 corp: 56/965b lim: 163 exec/s: 0 rss: 34Mb L: 16/34 MS: 1 ChangeBit-
#27549	NEW    cov: 30 ft: 167 corp: 57/981b lim: 163 exec/s: 0 rss: 34Mb L: 16/34 MS: 2 ChangeBit-CopyPart-
#27550	NEW    cov: 30 ft: 169 corp: 58/997b lim: 163 exec/s: 0 rss: 34Mb L: 16/34 MS: 1 ChangeBit-
#27561	NEW    cov: 30 ft: 171 corp: 59/1013b lim: 163 exec/s: 0 rss: 34Mb L: 16/34 MS: 1 ChangeBinInt-
#27653	NEW    cov: 30 ft: 172 corp: 60/1029b lim: 163 exec/s: 0 rss: 34Mb L: 16/34 MS: 2 ChangeByte-ShuffleBytes-
#27929	NEW    cov: 30 ft: 174 corp: 61/1045b lim: 163 exec/s: 0 rss: 34Mb L: 16/34 MS: 1 ChangeBit-
#28181	NEW    cov: 30 ft: 177 corp: 62/1061b lim: 163 exec/s: 0 rss: 34Mb L: 16/34 MS: 2 CrossOver-EraseBytes-
#28413	NEW    cov: 30 ft: 178 corp: 63/1077b lim: 163 exec/s: 0 rss: 34Mb L: 16/34 MS: 2 ChangeByte-CopyPart-
#28716	REDUCE cov: 30 ft: 179 corp: 64/1092b lim: 163 exec/s: 0 rss: 34Mb L: 15/34 MS: 3 PersAutoDict-CrossOver-PersAutoDict- DE: "\010\000\000\000\000\000\000\000"-"\010\000\000\000\000\000\000\000"-
#30147	REDUCE cov: 30 ft: 179 corp: 64/1091b lim: 177 exec/s: 0 rss: 34Mb L: 15/34 MS: 1 EraseBytes-
#31048	NEW    cov: 30 ft: 181 corp: 65/1107b lim: 184 exec/s: 0 rss: 34Mb L: 16/34 MS: 1 ChangeBit-
#31245	NEW    cov: 30 ft: 183 corp: 66/1125b lim: 184 exec/s: 0 rss: 34Mb L: 18/34 MS: 2 EraseBytes-CopyPart-
#31792	NEW    cov: 30 ft: 184 corp: 67/1143b lim: 184 exec/s: 0 rss: 34Mb L: 18/34 MS: 2 ShuffleBytes-ChangeByte-
#34483	NEW    cov: 30 ft: 186 corp: 68/1159b lim: 205 exec/s: 0 rss: 34Mb L: 16/34 MS: 1 ShuffleBytes-
#36409	NEW    cov: 30 ft: 188 corp: 69/1175b lim: 219 exec/s: 0 rss: 34Mb L: 16/34 MS: 1 ShuffleBytes-
#36564	REDUCE cov: 30 ft: 188 corp: 69/1171b lim: 219 exec/s: 0 rss: 34Mb L: 22/34 MS: 5 ChangeByte-ChangeBit-ChangeBit-ChangeASCIIInt-EraseBytes-
#40606	NEW    cov: 30 ft: 190 corp: 70/1187b lim: 254 exec/s: 0 rss: 35Mb L: 16/34 MS: 2 CopyPart-ShuffleBytes-
#40983	NEW    cov: 30 ft: 192 corp: 71/1203b lim: 254 exec/s: 0 rss: 35Mb L: 16/34 MS: 2 ChangeBit-ShuffleBytes-
#41920	NEW    cov: 32 ft: 204 corp: 72/1221b lim: 261 exec/s: 0 rss: 35Mb L: 18/34 MS: 2 CopyPart-EraseBytes-
#43586	NEW    cov: 32 ft: 205 corp: 73/1239b lim: 277 exec/s: 0 rss: 35Mb L: 18/34 MS: 1 ShuffleBytes-
#44432	NEW    cov: 32 ft: 207 corp: 74/1255b lim: 285 exec/s: 0 rss: 35Mb L: 16/34 MS: 1 ChangeBit-
#48558	NEW    cov: 32 ft: 209 corp: 75/1271b lim: 325 exec/s: 0 rss: 35Mb L: 16/34 MS: 1 ShuffleBytes-
#49283	NEW    cov: 33 ft: 213 corp: 76/1289b lim: 325 exec/s: 0 rss: 35Mb L: 18/34 MS: 5 CopyPart-CrossOver-CrossOver-InsertByte-EraseBytes-
#49284	NEW    cov: 33 ft: 214 corp: 77/1307b lim: 325 exec/s: 0 rss: 35Mb L: 18/34 MS: 1 ChangeBit-
#49500	NEW    cov: 33 ft: 215 corp: 78/1325b lim: 325 exec/s: 0 rss: 35Mb L: 18/34 MS: 1 ChangeByte-
#49946	NEW    cov: 33 ft: 218 corp: 79/1343b lim: 325 exec/s: 0 rss: 35Mb L: 18/34 MS: 1 ShuffleBytes-
#51519	NEW    cov: 34 ft: 221 corp: 80/1359b lim: 333 exec/s: 0 rss: 35Mb L: 16/34 MS: 3 CopyPart-ShuffleBytes-ChangeBit-
#51725	NEW    cov: 34 ft: 222 corp: 81/1377b lim: 333 exec/s: 0 rss: 35Mb L: 18/34 MS: 1 ShuffleBytes-
#53971	NEW    cov: 34 ft: 223 corp: 82/1395b lim: 349 exec/s: 0 rss: 35Mb L: 18/34 MS: 1 ChangeBit-
#55567	NEW    cov: 34 ft: 225 corp: 83/1413b lim: 357 exec/s: 0 rss: 35Mb L: 18/34 MS: 1 CopyPart-
#56248	NEW    cov: 34 ft: 230 corp: 84/1431b lim: 357 exec/s: 0 rss: 35Mb L: 18/34 MS: 1 ChangeByte-
#57719	NEW    cov: 34 ft: 231 corp: 85/1449b lim: 365 exec/s: 0 rss: 35Mb L: 18/34 MS: 1 CopyPart-
#81075	NEW    cov: 47 ft: 284 corp: 86/1467b lim: 589 exec/s: 0 rss: 35Mb L: 18/34 MS: 1 CopyPart-
#87619	REDUCE cov: 47 ft: 284 corp: 86/1466b lim: 652 exec/s: 0 rss: 35Mb L: 19/34 MS: 4 EraseBytes-ChangeBit-ChangeByte-ChangeBinInt-
#88925	NEW    cov: 48 ft: 289 corp: 87/1482b lim: 661 exec/s: 0 rss: 35Mb L: 16/34 MS: 1 ChangeByte-
#92428	NEW    cov: 48 ft: 290 corp: 88/1498b lim: 688 exec/s: 0 rss: 35Mb L: 16/34 MS: 3 EraseBytes-InsertByte-ChangeBinInt-
#92864	NEW    cov: 48 ft: 291 corp: 89/1514b lim: 688 exec/s: 0 rss: 35Mb L: 16/34 MS: 1 ShuffleBytes-
#93085	NEW    cov: 48 ft: 293 corp: 90/1530b lim: 688 exec/s: 0 rss: 35Mb L: 16/34 MS: 1 ShuffleBytes-
#93646	NEW    cov: 48 ft: 294 corp: 91/1546b lim: 688 exec/s: 0 rss: 35Mb L: 16/34 MS: 1 CopyPart-
#95817	NEW    cov: 48 ft: 295 corp: 92/1562b lim: 706 exec/s: 0 rss: 35Mb L: 16/34 MS: 1 ShuffleBytes-
#96578	NEW    cov: 48 ft: 296 corp: 93/1578b lim: 706 exec/s: 0 rss: 35Mb L: 16/34 MS: 1 ShuffleBytes-
#99139	NEW    cov: 48 ft: 297 corp: 94/1594b lim: 724 exec/s: 0 rss: 35Mb L: 16/34 MS: 1 ChangeByte-
#100870	NEW    cov: 48 ft: 298 corp: 95/1610b lim: 733 exec/s: 0 rss: 35Mb L: 16/34 MS: 1 ChangeASCIIInt-
#102226	NEW    cov: 48 ft: 299 corp: 96/1626b lim: 742 exec/s: 0 rss: 35Mb L: 16/34 MS: 1 ChangeASCIIInt-
#102652	NEW    cov: 48 ft: 300 corp: 97/1642b lim: 742 exec/s: 0 rss: 35Mb L: 16/34 MS: 1 ChangeByte-
#104428	NEW    cov: 48 ft: 301 corp: 98/1658b lim: 751 exec/s: 0 rss: 35Mb L: 16/34 MS: 1 ShuffleBytes-
#104430	REDUCE cov: 48 ft: 301 corp: 98/1656b lim: 751 exec/s: 0 rss: 35Mb L: 20/34 MS: 2 EraseBytes-InsertByte-
#109292	NEW    cov: 48 ft: 302 corp: 99/1672b lim: 796 exec/s: 0 rss: 35Mb L: 16/34 MS: 2 ChangeBinInt-ChangeBit-
#109804	NEW    cov: 48 ft: 303 corp: 100/1700b lim: 796 exec/s: 0 rss: 35Mb L: 28/34 MS: 2 ShuffleBytes-CopyPart-
#117862	NEW    cov: 48 ft: 304 corp: 101/1716b lim: 868 exec/s: 0 rss: 35Mb L: 16/34 MS: 3 ShuffleBytes-ChangeASCIIInt-ChangeASCIIInt-
#120016	REDUCE cov: 48 ft: 304 corp: 101/1715b lim: 886 exec/s: 0 rss: 35Mb L: 21/34 MS: 4 EraseBytes-ShuffleBytes-PersAutoDict-CopyPart- DE: "\377\377\377\377\377\377\377\035"-
#120844	REDUCE cov: 48 ft: 304 corp: 101/1713b lim: 886 exec/s: 0 rss: 35Mb L: 20/34 MS: 3 InsertByte-ChangeBinInt-EraseBytes-
#122386	REDUCE cov: 48 ft: 304 corp: 101/1711b lim: 895 exec/s: 0 rss: 35Mb L: 18/34 MS: 2 ChangeBit-EraseBytes-
#123512	NEW    cov: 48 ft: 305 corp: 102/1727b lim: 904 exec/s: 0 rss: 35Mb L: 16/34 MS: 1 ChangeBit-
#127849	NEW    cov: 48 ft: 306 corp: 103/1743b lim: 940 exec/s: 0 rss: 35Mb L: 16/34 MS: 2 EraseBytes-InsertByte-
#128900	NEW    cov: 48 ft: 307 corp: 104/1759b lim: 949 exec/s: 0 rss: 35Mb L: 16/34 MS: 1 ChangeBinInt-
#131761	NEW    cov: 48 ft: 308 corp: 105/1775b lim: 976 exec/s: 0 rss: 35Mb L: 16/34 MS: 1 ChangeBinInt-
#132177	NEW    cov: 48 ft: 309 corp: 106/1793b lim: 976 exec/s: 0 rss: 35Mb L: 18/34 MS: 1 ChangeBit-
#136844	NEW    cov: 48 ft: 310 corp: 107/1811b lim: 1021 exec/s: 0 rss: 35Mb L: 18/34 MS: 2 CopyPart-ChangeBit-
#137615	NEW    cov: 48 ft: 311 corp: 108/1827b lim: 1021 exec/s: 0 rss: 35Mb L: 16/34 MS: 1 ChangeBinInt-
#138016	NEW    cov: 48 ft: 313 corp: 109/1845b lim: 1021 exec/s: 0 rss: 35Mb L: 18/34 MS: 1 ChangeBit-
#138257	NEW    cov: 48 ft: 314 corp: 110/1861b lim: 1021 exec/s: 0 rss: 35Mb L: 16/34 MS: 1 ChangeByte-
#138609	NEW    cov: 48 ft: 315 corp: 111/1877b lim: 1021 exec/s: 0 rss: 35Mb L: 16/34 MS: 2 CrossOver-ChangeBinInt-
#140569	REDUCE cov: 48 ft: 315 corp: 111/1872b lim: 1040 exec/s: 0 rss: 35Mb L: 17/34 MS: 5 EraseBytes-ChangeByte-ChangeBit-ChangeBinInt-PersAutoDict- DE: "\000\000"-
#144225	NEW    cov: 48 ft: 316 corp: 112/1890b lim: 1070 exec/s: 0 rss: 35Mb L: 18/34 MS: 1 ChangeBit-
#146181	NEW    cov: 48 ft: 321 corp: 113/1918b lim: 1080 exec/s: 0 rss: 35Mb L: 28/34 MS: 1 ShuffleBytes-
#175082	NEW    cov: 48 ft: 322 corp: 114/1934b lim: 1360 exec/s: 0 rss: 35Mb L: 16/34 MS: 1 ChangeBit-
#191378	NEW    cov: 48 ft: 323 corp: 115/1950b lim: 1520 exec/s: 0 rss: 35Mb L: 16/34 MS: 1 ShuffleBytes-
#213691	REDUCE cov: 48 ft: 323 corp: 115/1948b lim: 1740 exec/s: 0 rss: 35Mb L: 18/34 MS: 3 EraseBytes-ChangeByte-CopyPart-
#238873	NEW    cov: 48 ft: 324 corp: 116/1966b lim: 1990 exec/s: 0 rss: 35Mb L: 18/34 MS: 2 ChangeBinInt-ShuffleBytes-
#285779	NEW    cov: 48 ft: 327 corp: 117/1994b lim: 2446 exec/s: 0 rss: 35Mb L: 28/34 MS: 1 ChangeBit-
#287090	NEW    cov: 48 ft: 329 corp: 118/2012b lim: 2457 exec/s: 0 rss: 35Mb L: 18/34 MS: 1 ChangeBit-
#290152	REDUCE cov: 48 ft: 329 corp: 118/2010b lim: 2479 exec/s: 0 rss: 35Mb L: 20/34 MS: 2 EraseBytes-ChangeByte-
#298870	REDUCE cov: 48 ft: 329 corp: 118/2008b lim: 2556 exec/s: 0 rss: 35Mb L: 18/34 MS: 3 ShuffleBytes-EraseBytes-ChangeByte-
#310689	NEW    cov: 48 ft: 331 corp: 119/2038b lim: 2666 exec/s: 0 rss: 35Mb L: 30/34 MS: 4 CrossOver-EraseBytes-ChangeBit-CrossOver-
#311015	NEW    cov: 48 ft: 337 corp: 120/2068b lim: 2666 exec/s: 0 rss: 35Mb L: 30/34 MS: 1 ShuffleBytes-
#312031	REDUCE cov: 48 ft: 338 corp: 121/2086b lim: 2666 exec/s: 0 rss: 35Mb L: 18/34 MS: 1 ChangeBinInt-
#322235	REDUCE cov: 48 ft: 338 corp: 121/2084b lim: 2765 exec/s: 0 rss: 35Mb L: 17/34 MS: 4 ChangeBit-ChangeBinInt-EraseBytes-CrossOver-
#333186	NEW    cov: 48 ft: 339 corp: 122/2100b lim: 2864 exec/s: 0 rss: 35Mb L: 16/34 MS: 1 ShuffleBytes-
#343077	NEW    cov: 48 ft: 341 corp: 123/2130b lim: 2952 exec/s: 0 rss: 35Mb L: 30/34 MS: 1 CopyPart-
#345638	NEW    cov: 48 ft: 342 corp: 124/2148b lim: 2974 exec/s: 0 rss: 35Mb L: 18/34 MS: 1 ChangeBinInt-
#393460	REDUCE cov: 48 ft: 342 corp: 124/2144b lim: 3447 exec/s: 0 rss: 35Mb L: 17/34 MS: 2 EraseBytes-ChangeBinInt-
#481445	REDUCE cov: 48 ft: 342 corp: 124/2142b lim: 4096 exec/s: 481445 rss: 35Mb L: 16/34 MS: 5 ShuffleBytes-ChangeBit-EraseBytes-ChangeASCIIInt-InsertByte-
#481958	NEW    cov: 48 ft: 343 corp: 125/2160b lim: 4096 exec/s: 481958 rss: 35Mb L: 18/34 MS: 3 ChangeBinInt-ChangeBinInt-ShuffleBytes-
#483004	NEW    cov: 48 ft: 344 corp: 126/2178b lim: 4096 exec/s: 483004 rss: 35Mb L: 18/34 MS: 1 ChangeBit-
#483510	NEW    cov: 48 ft: 345 corp: 127/2194b lim: 4096 exec/s: 483510 rss: 35Mb L: 16/34 MS: 1 ChangeBit-
#496405	REDUCE cov: 48 ft: 345 corp: 127/2189b lim: 4096 exec/s: 496405 rss: 35Mb L: 16/34 MS: 5 ChangeBinInt-EraseBytes-ChangeByte-ChangeASCIIInt-CopyPart-
#501578	NEW    cov: 48 ft: 346 corp: 128/2219b lim: 4096 exec/s: 501578 rss: 35Mb L: 30/34 MS: 3 ChangeBit-ShuffleBytes-ChangeBinInt-
#524489	NEW    cov: 48 ft: 347 corp: 129/2249b lim: 4096 exec/s: 524489 rss: 35Mb L: 30/34 MS: 1 ChangeBit-
#645251	NEW    cov: 48 ft: 348 corp: 130/2265b lim: 4096 exec/s: 645251 rss: 36Mb L: 16/34 MS: 2 CopyPart-ChangeBit-
#649463	NEW    cov: 48 ft: 349 corp: 131/2281b lim: 4096 exec/s: 649463 rss: 36Mb L: 16/34 MS: 2 ChangeBinInt-ChangeBinInt-
#672025	NEW    cov: 50 ft: 357 corp: 132/2311b lim: 4096 exec/s: 672025 rss: 36Mb L: 30/34 MS: 2 ChangeBinInt-ChangeByte-
#672427	NEW    cov: 50 ft: 358 corp: 133/2327b lim: 4096 exec/s: 672427 rss: 36Mb L: 16/34 MS: 2 ChangeBinInt-ChangeByte-
#673603	NEW    cov: 50 ft: 359 corp: 134/2343b lim: 4096 exec/s: 673603 rss: 36Mb L: 16/34 MS: 1 ChangeBit-
#690869	REDUCE cov: 50 ft: 359 corp: 134/2342b lim: 4096 exec/s: 690869 rss: 36Mb L: 16/34 MS: 1 EraseBytes-
#707078	REDUCE cov: 50 ft: 359 corp: 134/2340b lim: 4096 exec/s: 707078 rss: 36Mb L: 16/34 MS: 4 ChangeByte-EraseBytes-InsertByte-CrossOver-
#737064	NEW    cov: 50 ft: 360 corp: 135/2356b lim: 4096 exec/s: 737064 rss: 36Mb L: 16/34 MS: 1 ChangeByte-
#740866	NEW    cov: 50 ft: 361 corp: 136/2372b lim: 4096 exec/s: 740866 rss: 36Mb L: 16/34 MS: 2 ShuffleBytes-ChangeByte-
#742697	NEW    cov: 50 ft: 362 corp: 137/2388b lim: 4096 exec/s: 742697 rss: 36Mb L: 16/34 MS: 1 ChangeBinInt-
#747863	NEW    cov: 50 ft: 365 corp: 138/2416b lim: 4096 exec/s: 747863 rss: 36Mb L: 28/34 MS: 1 CrossOver-
#784058	NEW    cov: 50 ft: 368 corp: 139/2434b lim: 4096 exec/s: 784058 rss: 36Mb L: 18/34 MS: 5 ChangeBinInt-CrossOver-ChangeBit-CopyPart-CopyPart-
#789440	REDUCE cov: 50 ft: 368 corp: 139/2432b lim: 4096 exec/s: 789440 rss: 36Mb L: 16/34 MS: 2 EraseBytes-ChangeByte-
#792365	REDUCE cov: 50 ft: 368 corp: 139/2428b lim: 4096 exec/s: 792365 rss: 36Mb L: 16/34 MS: 5 ShuffleBytes-ChangeBinInt-EraseBytes-CopyPart-ChangeByte-
#797756	NEW    cov: 50 ft: 370 corp: 140/2444b lim: 4096 exec/s: 797756 rss: 36Mb L: 16/34 MS: 1 CopyPart-
#797837	NEW    cov: 50 ft: 371 corp: 141/2460b lim: 4096 exec/s: 797837 rss: 36Mb L: 16/34 MS: 1 ChangeASCIIInt-
#800893	NEW    cov: 50 ft: 372 corp: 142/2476b lim: 4096 exec/s: 800893 rss: 36Mb L: 16/34 MS: 1 ShuffleBytes-
#801344	NEW    cov: 50 ft: 373 corp: 143/2492b lim: 4096 exec/s: 801344 rss: 36Mb L: 16/34 MS: 1 ChangeASCIIInt-
#801600	NEW    cov: 50 ft: 374 corp: 144/2508b lim: 4096 exec/s: 801600 rss: 36Mb L: 16/34 MS: 1 ChangeBit-
#802106	NEW    cov: 50 ft: 375 corp: 145/2524b lim: 4096 exec/s: 802106 rss: 36Mb L: 16/34 MS: 1 ChangeASCIIInt-
#806407	NEW    cov: 50 ft: 376 corp: 146/2540b lim: 4096 exec/s: 806407 rss: 36Mb L: 16/34 MS: 1 CopyPart-
#806548	NEW    cov: 50 ft: 377 corp: 147/2556b lim: 4096 exec/s: 806548 rss: 36Mb L: 16/34 MS: 1 ChangeBit-
#807005	NEW    cov: 50 ft: 378 corp: 148/2572b lim: 4096 exec/s: 807005 rss: 36Mb L: 16/34 MS: 2 ShuffleBytes-ChangeASCIIInt-
#807106	NEW    cov: 50 ft: 380 corp: 149/2588b lim: 4096 exec/s: 807106 rss: 36Mb L: 16/34 MS: 1 ChangeASCIIInt-
#807222	NEW    cov: 50 ft: 381 corp: 150/2604b lim: 4096 exec/s: 807222 rss: 36Mb L: 16/34 MS: 1 ChangeASCIIInt-
#807419	NEW    cov: 50 ft: 383 corp: 151/2620b lim: 4096 exec/s: 807419 rss: 36Mb L: 16/34 MS: 2 ShuffleBytes-ChangeASCIIInt-
#807690	NEW    cov: 50 ft: 384 corp: 152/2636b lim: 4096 exec/s: 807690 rss: 36Mb L: 16/34 MS: 1 ChangeASCIIInt-
#809701	NEW    cov: 50 ft: 385 corp: 153/2652b lim: 4096 exec/s: 809701 rss: 36Mb L: 16/34 MS: 1 ChangeASCIIInt-
#810043	NEW    cov: 50 ft: 386 corp: 154/2668b lim: 4096 exec/s: 810043 rss: 36Mb L: 16/34 MS: 2 ShuffleBytes-CrossOver-
#811149	NEW    cov: 50 ft: 387 corp: 155/2684b lim: 4096 exec/s: 811149 rss: 36Mb L: 16/34 MS: 1 CrossOver-
#812176	NEW    cov: 50 ft: 388 corp: 156/2700b lim: 4096 exec/s: 812176 rss: 36Mb L: 16/34 MS: 2 ChangeASCIIInt-ChangeASCIIInt-
#813452	NEW    cov: 50 ft: 389 corp: 157/2716b lim: 4096 exec/s: 813452 rss: 36Mb L: 16/34 MS: 1 ChangeBit-
#815308	NEW    cov: 50 ft: 390 corp: 158/2732b lim: 4096 exec/s: 815308 rss: 36Mb L: 16/34 MS: 1 CrossOver-
#859686	NEW    cov: 50 ft: 391 corp: 159/2760b lim: 4096 exec/s: 429843 rss: 36Mb L: 28/34 MS: 3 CopyPart-CopyPart-ChangeASCIIInt-
#871537	NEW    cov: 50 ft: 393 corp: 160/2788b lim: 4096 exec/s: 435768 rss: 36Mb L: 28/34 MS: 1 CopyPart-
#1020031	NEW    cov: 50 ft: 394 corp: 161/2811b lim: 4096 exec/s: 510015 rss: 36Mb L: 23/34 MS: 4 ChangeBit-ChangeByte-ChangeByte-CrossOver-
#1020060	REDUCE cov: 50 ft: 394 corp: 161/2809b lim: 4096 exec/s: 510030 rss: 36Mb L: 21/34 MS: 4 ChangeBit-PersAutoDict-ChangeBit-EraseBytes- DE: "\000\000"-
#1021303	REDUCE cov: 50 ft: 396 corp: 162/2831b lim: 4096 exec/s: 510651 rss: 36Mb L: 22/34 MS: 3 InsertByte-ChangeBit-CopyPart-
#1021497	REDUCE cov: 50 ft: 396 corp: 162/2828b lim: 4096 exec/s: 510748 rss: 36Mb L: 18/34 MS: 4 InsertByte-CopyPart-ChangeBit-EraseBytes-
#1024364	REDUCE cov: 50 ft: 396 corp: 162/2827b lim: 4096 exec/s: 512182 rss: 36Mb L: 17/34 MS: 2 InsertByte-EraseBytes-
#1028261	REDUCE cov: 50 ft: 396 corp: 162/2826b lim: 4096 exec/s: 514130 rss: 36Mb L: 16/34 MS: 2 EraseBytes-CopyPart-
#1032437	REDUCE cov: 50 ft: 396 corp: 162/2825b lim: 4096 exec/s: 516218 rss: 36Mb L: 15/34 MS: 1 EraseBytes-
#1037608	REDUCE cov: 50 ft: 397 corp: 163/2840b lim: 4096 exec/s: 518804 rss: 36Mb L: 15/34 MS: 1 CopyPart-
#1046900	REDUCE cov: 50 ft: 397 corp: 163/2838b lim: 4096 exec/s: 523450 rss: 36Mb L: 20/34 MS: 2 EraseBytes-ChangeBit-
#1048576	pulse  cov: 50 ft: 397 corp: 163/2838b lim: 4096 exec/s: 524288 rss: 36Mb
#1064262	REDUCE cov: 50 ft: 397 corp: 163/2836b lim: 4096 exec/s: 532131 rss: 36Mb L: 18/34 MS: 2 EraseBytes-CopyPart-
#1067319	NEW    cov: 50 ft: 399 corp: 164/2864b lim: 4096 exec/s: 533659 rss: 36Mb L: 28/34 MS: 2 ChangeBit-ChangeBinInt-
#1130797	REDUCE cov: 50 ft: 399 corp: 164/2862b lim: 4096 exec/s: 565398 rss: 36Mb L: 16/34 MS: 3 PersAutoDict-EraseBytes-ChangeBinInt- DE: "\026\000\000\000\000\000\000\000"-
#1244896	REDUCE cov: 50 ft: 399 corp: 164/2860b lim: 4096 exec/s: 622448 rss: 36Mb L: 20/34 MS: 4 ChangeBinInt-EraseBytes-ChangeByte-InsertByte-
#1306908	NEW    cov: 50 ft: 400 corp: 165/2888b lim: 4096 exec/s: 435636 rss: 36Mb L: 28/34 MS: 2 ChangeBinInt-ChangeASCIIInt-
#1409062	REDUCE cov: 50 ft: 401 corp: 166/2917b lim: 4096 exec/s: 469687 rss: 36Mb L: 29/34 MS: 4 CopyPart-CMP-ChangeByte-ChangeBinInt- DE: "f\000\000\000"-
#1409098	REDUCE cov: 50 ft: 401 corp: 166/2912b lim: 4096 exec/s: 469699 rss: 36Mb L: 24/34 MS: 1 EraseBytes-
#1409600	REDUCE cov: 50 ft: 401 corp: 166/2909b lim: 4096 exec/s: 469866 rss: 36Mb L: 21/34 MS: 2 ChangeByte-EraseBytes-
#1409647	REDUCE cov: 50 ft: 401 corp: 166/2904b lim: 4096 exec/s: 469882 rss: 36Mb L: 16/34 MS: 2 ShuffleBytes-EraseBytes-
#1423203	REDUCE cov: 50 ft: 401 corp: 166/2903b lim: 4096 exec/s: 474401 rss: 36Mb L: 15/34 MS: 1 EraseBytes-
#1433387	REDUCE cov: 50 ft: 401 corp: 166/2901b lim: 4096 exec/s: 477795 rss: 36Mb L: 16/34 MS: 4 EraseBytes-CrossOver-ChangeByte-PersAutoDict- DE: "\000\000"-
#1513525	NEW    cov: 50 ft: 403 corp: 167/2931b lim: 4096 exec/s: 504508 rss: 36Mb L: 30/34 MS: 3 ShuffleBytes-CrossOver-CopyPart-
#1615486	NEW    cov: 50 ft: 405 corp: 168/2959b lim: 4096 exec/s: 538495 rss: 36Mb L: 28/34 MS: 1 CrossOver-
#1820214	REDUCE cov: 50 ft: 405 corp: 168/2957b lim: 4096 exec/s: 455053 rss: 36Mb L: 15/34 MS: 3 InsertByte-PersAutoDict-EraseBytes- DE: "\377\377\377\377\377\377\377\035"-
#1939851	NEW    cov: 50 ft: 409 corp: 169/2985b lim: 4096 exec/s: 484962 rss: 36Mb L: 28/34 MS: 2 ShuffleBytes-ChangeASCIIInt-
#2013034	REDUCE cov: 50 ft: 409 corp: 169/2983b lim: 4096 exec/s: 503258 rss: 36Mb L: 15/34 MS: 3 PersAutoDict-EraseBytes-EraseBytes- DE: "\377\377\377\377\377\377\377\035"-
#2084406	NEW    cov: 50 ft: 411 corp: 170/3013b lim: 4096 exec/s: 521101 rss: 36Mb L: 30/34 MS: 2 CrossOver-ChangeBinInt-
#2097152	pulse  cov: 50 ft: 411 corp: 170/3013b lim: 4096 exec/s: 524288 rss: 36Mb
#2142497	NEW    cov: 50 ft: 414 corp: 171/3043b lim: 4096 exec/s: 535624 rss: 36Mb L: 30/34 MS: 1 ChangeASCIIInt-
#2256933	NEW    cov: 50 ft: 415 corp: 172/3076b lim: 4096 exec/s: 451386 rss: 36Mb L: 33/34 MS: 1 InsertRepeatedBytes-
#2283056	REDUCE cov: 50 ft: 415 corp: 172/3072b lim: 4096 exec/s: 456611 rss: 36Mb L: 16/34 MS: 3 ChangeBinInt-EraseBytes-ChangeByte-
#2478632	REDUCE cov: 50 ft: 415 corp: 172/3071b lim: 4096 exec/s: 495726 rss: 36Mb L: 32/34 MS: 1 EraseBytes-
#2706570	REDUCE cov: 50 ft: 415 corp: 172/3061b lim: 4096 exec/s: 451095 rss: 36Mb L: 18/34 MS: 3 ChangeBinInt-CopyPart-EraseBytes-
#2717707	NEW    cov: 50 ft: 416 corp: 173/3091b lim: 4096 exec/s: 452951 rss: 36Mb L: 30/34 MS: 2 ChangeASCIIInt-ChangeBinInt-
#2857633	NEW    cov: 50 ft: 417 corp: 174/3121b lim: 4096 exec/s: 476272 rss: 36Mb L: 30/34 MS: 1 ChangeBit-
#3502670	NEW    cov: 50 ft: 418 corp: 175/3139b lim: 4096 exec/s: 437833 rss: 36Mb L: 18/34 MS: 2 ShuffleBytes-CrossOver-
#4194304	pulse  cov: 50 ft: 418 corp: 175/3139b lim: 4096 exec/s: 466033 rss: 36Mb
#4773072	REDUCE cov: 50 ft: 418 corp: 175/3137b lim: 4096 exec/s: 477307 rss: 36Mb L: 16/34 MS: 2 EraseBytes-InsertByte-
#6006992	REDUCE cov: 50 ft: 418 corp: 175/3135b lim: 4096 exec/s: 462076 rss: 36Mb L: 20/34 MS: 5 InsertByte-CopyPart-CopyPart-InsertByte-EraseBytes-
#8014567	REDUCE cov: 50 ft: 418 corp: 175/3125b lim: 4096 exec/s: 445253 rss: 36Mb L: 18/34 MS: 5 ShuffleBytes-CopyPart-CopyPart-EraseBytes-EraseBytes-
#8388608	pulse  cov: 50 ft: 418 corp: 175/3125b lim: 4096 exec/s: 441505 rss: 36Mb
#10110162	REDUCE cov: 50 ft: 418 corp: 175/3119b lim: 4096 exec/s: 459552 rss: 36Mb L: 22/34 MS: 5 EraseBytes-ChangeBinInt-CopyPart-ChangeBinInt-ChangeBit-
#15664977	REDUCE cov: 50 ft: 418 corp: 175/3109b lim: 4096 exec/s: 447570 rss: 36Mb L: 18/34 MS: 5 InsertByte-ShuffleBytes-ShuffleBytes-ChangeBinInt-EraseBytes-
#16777216	pulse  cov: 50 ft: 418 corp: 175/3109b lim: 4096 exec/s: 441505 rss: 36Mb
#17501909	REDUCE cov: 50 ft: 418 corp: 175/3101b lim: 4096 exec/s: 448766 rss: 36Mb L: 20/34 MS: 2 EraseBytes-CopyPart-
#18210342	NEW    cov: 50 ft: 419 corp: 176/3117b lim: 4096 exec/s: 444154 rss: 36Mb L: 16/34 MS: 3 ChangeASCIIInt-ChangeASCIIInt-ChangeBinInt-
#19551776	NEW    cov: 50 ft: 422 corp: 177/3136b lim: 4096 exec/s: 444358 rss: 36Mb L: 19/34 MS: 4 EraseBytes-ChangeByte-ChangeASCIIInt-CopyPart-
#19572217	NEW    cov: 50 ft: 423 corp: 178/3155b lim: 4096 exec/s: 444823 rss: 36Mb L: 19/34 MS: 1 ChangeBit-
#19586708	NEW    cov: 50 ft: 424 corp: 179/3174b lim: 4096 exec/s: 445152 rss: 36Mb L: 19/34 MS: 1 CopyPart-
#26227098	REDUCE cov: 50 ft: 424 corp: 179/3173b lim: 4096 exec/s: 444527 rss: 36Mb L: 15/34 MS: 5 ChangeBit-EraseBytes-ShuffleBytes-ShuffleBytes-ChangeBinInt-
#29627003	REDUCE cov: 50 ft: 424 corp: 179/3172b lim: 4096 exec/s: 442194 rss: 36Mb L: 15/34 MS: 5 PersAutoDict-ChangeBinInt-ChangeByte-EraseBytes-CrossOver- DE: "f\000\000\000"-
#32853837	REDUCE cov: 50 ft: 424 corp: 179/3170b lim: 4096 exec/s: 443970 rss: 36Mb L: 18/34 MS: 4 InsertByte-EraseBytes-ShuffleBytes-InsertByte-
#32994474	REDUCE cov: 50 ft: 424 corp: 179/3169b lim: 4096 exec/s: 445871 rss: 36Mb L: 15/34 MS: 2 EraseBytes-CrossOver-
#33554432	pulse  cov: 50 ft: 424 corp: 179/3169b lim: 4096 exec/s: 441505 rss: 36Mb
#46007162	REDUCE cov: 50 ft: 424 corp: 179/3159b lim: 4096 exec/s: 442376 rss: 36Mb L: 18/34 MS: 3 ShuffleBytes-EraseBytes-ChangeASCIIInt-
#59634613	NEW    cov: 50 ft: 426 corp: 180/3189b lim: 4096 exec/s: 441737 rss: 37Mb L: 30/34 MS: 1 CrossOver-
#69953050	REDUCE cov: 50 ft: 426 corp: 180/3188b lim: 4096 exec/s: 442740 rss: 37Mb L: 15/34 MS: 2 CrossOver-EraseBytes-
#87434020	REDUCE cov: 50 ft: 426 corp: 180/3187b lim: 4096 exec/s: 441585 rss: 37Mb L: 15/34 MS: 5 EraseBytes-ChangeBit-InsertByte-ShuffleBytes-ChangeBinInt-
#90006757	REDUCE cov: 50 ft: 429 corp: 181/3202b lim: 4096 exec/s: 441209 rss: 37Mb L: 15/34 MS: 2 CopyPart-CopyPart-
#105702292	REDUCE cov: 50 ft: 429 corp: 181/3187b lim: 4096 exec/s: 442269 rss: 37Mb L: 15/34 MS: 5 ShuffleBytes-EraseBytes-ChangeByte-ChangeBit-EraseBytes-
#118955835	REDUCE cov: 50 ft: 429 corp: 181/3186b lim: 4096 exec/s: 442215 rss: 37Mb L: 15/34 MS: 3 EraseBytes-ChangeBit-ChangeBinInt-
#130633008	REDUCE cov: 50 ft: 429 corp: 181/3185b lim: 4096 exec/s: 441327 rss: 37Mb L: 15/34 MS: 3 ChangeByte-ChangeBinInt-EraseBytes-
#143275130	REDUCE cov: 50 ft: 429 corp: 181/3184b lim: 4096 exec/s: 440846 rss: 37Mb L: 15/34 MS: 2 EraseBytes-CrossOver-
panic: found special char in iban [recovered]
	panic: found special char in iban

goroutine 17 [running, locked to thread]:
git.ultraware.nl/iddinkgroep/fundament-api.Fuzz.func1()
	git.ultraware.nl/iddinkgroep/fundament-api/fuzz.go:19 +0xa5
panic({0x55655ef04760?, 0x55655ef17c70?})
	runtime/panic.go:914 +0x21f
git.ultraware.nl/iddinkgroep/fundament-api.Fuzz({0xc00001d038, 0x12})
	git.ultraware.nl/iddinkgroep/fundament-api/fuzz.go:34 +0x2b9
git.ultraware.nl/iddinkgroep/fundament-api.Fuzz_(...)
	git.ultraware.nl/iddinkgroep/fundament-api/fuzz.118480564.go:6
main.LLVMFuzzerTestOneInput(...)
	./main.2998056864.go:21
==13392== ERROR: libFuzzer: deadly signal
    #0 0x55655ee27630 in __sanitizer_print_stack_trace (/seedai/experiments/libfuzzer/libfuzzer+0xaf630) (BuildId: 23115454fcc2d139f458d53fa43ce200a20c84b2)
    #1 0x55655edf3755 in fuzzer::PrintStackTrace() (/seedai/experiments/libfuzzer/libfuzzer+0x7b755) (BuildId: 23115454fcc2d139f458d53fa43ce200a20c84b2)
    #2 0x55655edd23a9 in fuzzer::Fuzzer::CrashCallback() (.part.0) FuzzerLoop.cpp.o
    #3 0x55655edd246a in fuzzer::Fuzzer::StaticCrashSignalCallback() (/seedai/experiments/libfuzzer/libfuzzer+0x5a46a) (BuildId: 23115454fcc2d139f458d53fa43ce200a20c84b2)
    #4 0x7fb2c046470f  (/usr/lib/libc.so.6+0x3e70f) (BuildId: 316d0d3666387f0e8fb98773f51aa1801027c5ab)
    #5 0x55655ee87160 in runtime.raise.abi0 runtime/sys_linux_amd64.s:153

NOTE: libFuzzer has rudimentary signal handlers.
      Combine libFuzzer with AddressSanitizer or similar for better crash reports.
SUMMARY: libFuzzer: deadly signal
MS: 5 ChangeBit-ChangeBit-CrossOver-InsertByte-EraseBytes-; base unit: 7465bd871b1dea385126cca06462226983ec3c2b
0x64,0x6b,0x7a,0x64,0x2d,0x30,0x30,0x30,0x30,0x30,0x30,0x30,0x30,0x6e,0x6b,0x64,0x6f,0x6a,
dkzd-00000000nkdoj
artifact_prefix='./'; Test unit written to ./crash-0ffedd40c6cabd37643cb2e55d3d648fb1f80ab3
Base64: ZGt6ZC0wMDAwMDAwMG5rZG9q
