INFO: Running with entropic power schedule (0xFF, 100).
INFO: Seed: 3983587911
INFO: Loaded 1 modules   (70 inline 8-bit counters): 70 [0x559376078030, 0x559376078076), 
INFO: Loaded 1 PC tables (70 PCs): 70 [0xc000068000,0xc000068460), 
INFO:       10 files found in corpus
INFO: -max_len is not provided; libFuzzer will not generate inputs larger than 4096 bytes
INFO: seed corpus: files: 10 min: 8b max: 28b total: 158b rss: 29Mb
#11	INITED cov: 11 ft: 29 corp: 7/98b exec/s: 0 rss: 29Mb
#12	NEW    cov: 11 ft: 31 corp: 8/113b lim: 28 exec/s: 0 rss: 29Mb L: 15/28 MS: 1 InsertRepeatedBytes-
#25	NEW    cov: 11 ft: 34 corp: 9/115b lim: 28 exec/s: 0 rss: 29Mb L: 2/28 MS: 3 CrossOver-ChangeBit-CrossOver-
#59	NEW    cov: 11 ft: 35 corp: 10/131b lim: 28 exec/s: 0 rss: 29Mb L: 16/28 MS: 4 ChangeByte-EraseBytes-ChangeBit-InsertRepeatedBytes-
#173	NEW    cov: 11 ft: 36 corp: 11/145b lim: 28 exec/s: 0 rss: 29Mb L: 14/28 MS: 4 ChangeByte-ChangeBinInt-CopyPart-EraseBytes-
#221	REDUCE cov: 11 ft: 36 corp: 11/141b lim: 28 exec/s: 0 rss: 29Mb L: 6/28 MS: 3 EraseBytes-CopyPart-InsertByte-
#429	REDUCE cov: 11 ft: 36 corp: 11/138b lim: 28 exec/s: 0 rss: 30Mb L: 3/28 MS: 3 ChangeBinInt-CrossOver-EraseBytes-
#838	NEW    cov: 11 ft: 37 corp: 12/169b lim: 32 exec/s: 0 rss: 30Mb L: 31/31 MS: 4 ChangeByte-CopyPart-ShuffleBytes-InsertByte-
#867	NEW    cov: 11 ft: 38 corp: 13/198b lim: 32 exec/s: 0 rss: 30Mb L: 29/31 MS: 4 CopyPart-ChangeByte-ChangeBit-CopyPart-
#1080	REDUCE cov: 11 ft: 38 corp: 13/194b lim: 32 exec/s: 0 rss: 30Mb L: 7/31 MS: 3 CopyPart-CrossOver-EraseBytes-
#1296	NEW    cov: 13 ft: 44 corp: 14/225b lim: 32 exec/s: 0 rss: 30Mb L: 31/31 MS: 1 CopyPart-
#1303	NEW    cov: 13 ft: 45 corp: 15/256b lim: 32 exec/s: 0 rss: 30Mb L: 31/31 MS: 2 ChangeBit-ChangeBinInt-
#1304	NEW    cov: 13 ft: 47 corp: 16/274b lim: 32 exec/s: 0 rss: 30Mb L: 18/31 MS: 1 EraseBytes-
#1360	NEW    cov: 13 ft: 48 corp: 17/296b lim: 32 exec/s: 0 rss: 30Mb L: 22/31 MS: 1 CrossOver-
#1366	REDUCE cov: 13 ft: 48 corp: 17/294b lim: 32 exec/s: 0 rss: 30Mb L: 20/31 MS: 1 EraseBytes-
#1377	NEW    cov: 13 ft: 49 corp: 18/315b lim: 32 exec/s: 0 rss: 30Mb L: 21/31 MS: 1 CopyPart-
#1383	REDUCE cov: 13 ft: 51 corp: 19/338b lim: 32 exec/s: 0 rss: 30Mb L: 23/31 MS: 1 CrossOver-
#1428	NEW    cov: 30 ft: 113 corp: 20/365b lim: 32 exec/s: 0 rss: 30Mb L: 27/31 MS: 5 ChangeBinInt-ShuffleBytes-EraseBytes-InsertByte-CrossOver-
#1468	NEW    cov: 30 ft: 114 corp: 21/390b lim: 32 exec/s: 0 rss: 30Mb L: 25/31 MS: 5 ChangeBinInt-ShuffleBytes-ShuffleBytes-CopyPart-InsertRepeatedBytes-
#1473	NEW    cov: 30 ft: 119 corp: 22/406b lim: 32 exec/s: 0 rss: 30Mb L: 16/31 MS: 5 EraseBytes-InsertRepeatedBytes-InsertRepeatedBytes-ChangeBit-CrossOver-
#1554	NEW    cov: 30 ft: 127 corp: 23/431b lim: 32 exec/s: 0 rss: 30Mb L: 25/31 MS: 1 ChangeBit-
#1560	NEW    cov: 30 ft: 137 corp: 24/452b lim: 32 exec/s: 0 rss: 30Mb L: 21/31 MS: 1 ChangeBinInt-
#1656	NEW    cov: 30 ft: 154 corp: 25/479b lim: 32 exec/s: 0 rss: 30Mb L: 27/31 MS: 1 CopyPart-
#1690	NEW    cov: 30 ft: 158 corp: 26/506b lim: 32 exec/s: 0 rss: 30Mb L: 27/31 MS: 4 ShuffleBytes-ChangeASCIIInt-ChangeASCIIInt-ShuffleBytes-
#1706	NEW    cov: 30 ft: 159 corp: 27/537b lim: 32 exec/s: 0 rss: 30Mb L: 31/31 MS: 1 ChangeByte-
#1753	NEW    cov: 30 ft: 161 corp: 28/563b lim: 32 exec/s: 0 rss: 30Mb L: 26/31 MS: 2 ChangeByte-CopyPart-
#1755	REDUCE cov: 30 ft: 161 corp: 28/558b lim: 32 exec/s: 0 rss: 30Mb L: 20/31 MS: 2 EraseBytes-ChangeBinInt-
#1827	REDUCE cov: 30 ft: 161 corp: 28/556b lim: 32 exec/s: 0 rss: 30Mb L: 19/31 MS: 2 ShuffleBytes-EraseBytes-
#1892	REDUCE cov: 30 ft: 161 corp: 28/555b lim: 32 exec/s: 0 rss: 30Mb L: 18/31 MS: 5 ChangeBinInt-InsertByte-ChangeByte-ChangeByte-EraseBytes-
#1919	NEW    cov: 30 ft: 163 corp: 29/582b lim: 32 exec/s: 0 rss: 30Mb L: 27/31 MS: 2 ChangeByte-ShuffleBytes-
#1966	NEW    cov: 30 ft: 164 corp: 30/608b lim: 32 exec/s: 0 rss: 30Mb L: 26/31 MS: 2 ChangeBit-CopyPart-
#2055	REDUCE cov: 30 ft: 164 corp: 30/605b lim: 32 exec/s: 0 rss: 30Mb L: 15/31 MS: 4 CrossOver-EraseBytes-ChangeBit-ChangeByte-
#2083	NEW    cov: 30 ft: 166 corp: 31/637b lim: 32 exec/s: 0 rss: 30Mb L: 32/32 MS: 3 CopyPart-ShuffleBytes-CopyPart-
#2120	NEW    cov: 30 ft: 167 corp: 32/663b lim: 32 exec/s: 0 rss: 30Mb L: 26/32 MS: 2 ChangeBit-CMP- DE: "\017\000\000\000\000\000\000\000"-
#2201	NEW    cov: 30 ft: 169 corp: 33/689b lim: 32 exec/s: 0 rss: 30Mb L: 26/32 MS: 1 CopyPart-
#2217	NEW    cov: 30 ft: 174 corp: 34/716b lim: 32 exec/s: 0 rss: 30Mb L: 27/32 MS: 1 ChangeByte-
#2267	NEW    cov: 30 ft: 175 corp: 35/743b lim: 32 exec/s: 0 rss: 30Mb L: 27/32 MS: 5 ChangeBinInt-InsertByte-InsertRepeatedBytes-ChangeByte-EraseBytes-
#2281	NEW    cov: 30 ft: 177 corp: 36/766b lim: 32 exec/s: 0 rss: 30Mb L: 23/32 MS: 4 ChangeBit-ChangeBit-ChangeByte-CrossOver-
#2362	NEW    cov: 30 ft: 179 corp: 37/782b lim: 32 exec/s: 0 rss: 30Mb L: 16/32 MS: 1 ChangeBinInt-
#2469	REDUCE cov: 30 ft: 179 corp: 37/774b lim: 32 exec/s: 0 rss: 30Mb L: 19/32 MS: 2 ShuffleBytes-CrossOver-
#2570	NEW    cov: 30 ft: 180 corp: 38/795b lim: 32 exec/s: 0 rss: 30Mb L: 21/32 MS: 1 EraseBytes-
#2596	NEW    cov: 30 ft: 181 corp: 39/811b lim: 32 exec/s: 0 rss: 30Mb L: 16/32 MS: 1 EraseBytes-
#2782	NEW    cov: 30 ft: 183 corp: 40/837b lim: 32 exec/s: 0 rss: 30Mb L: 26/32 MS: 1 ChangeBit-
#2843	NEW    cov: 30 ft: 185 corp: 41/863b lim: 32 exec/s: 0 rss: 30Mb L: 26/32 MS: 1 ChangeBinInt-
#3073	NEW    cov: 30 ft: 188 corp: 42/889b lim: 32 exec/s: 0 rss: 31Mb L: 26/32 MS: 5 PersAutoDict-ChangeBinInt-EraseBytes-ShuffleBytes-InsertRepeatedBytes- DE: "\017\000\000\000\000\000\000\000"-
#3202	REDUCE cov: 30 ft: 188 corp: 42/886b lim: 32 exec/s: 0 rss: 31Mb L: 20/32 MS: 4 CMP-ChangeByte-InsertByte-EraseBytes- DE: "\377\377"-
#3286	NEW    cov: 30 ft: 190 corp: 43/918b lim: 32 exec/s: 0 rss: 31Mb L: 32/32 MS: 4 EraseBytes-CrossOver-InsertRepeatedBytes-CrossOver-
#3560	REDUCE cov: 30 ft: 191 corp: 44/939b lim: 32 exec/s: 0 rss: 31Mb L: 21/32 MS: 4 InsertByte-ChangeBit-ChangeByte-ChangeBinInt-
#4048	REDUCE cov: 30 ft: 191 corp: 44/933b lim: 32 exec/s: 0 rss: 31Mb L: 15/32 MS: 3 ChangeByte-EraseBytes-CrossOver-
#4075	NEW    cov: 30 ft: 192 corp: 45/950b lim: 32 exec/s: 0 rss: 31Mb L: 17/32 MS: 2 CopyPart-CopyPart-
#4171	REDUCE cov: 30 ft: 192 corp: 45/948b lim: 32 exec/s: 0 rss: 31Mb L: 15/32 MS: 1 EraseBytes-
#4247	REDUCE cov: 30 ft: 192 corp: 45/947b lim: 32 exec/s: 0 rss: 31Mb L: 15/32 MS: 1 EraseBytes-
#4275	REDUCE cov: 30 ft: 192 corp: 45/936b lim: 32 exec/s: 0 rss: 31Mb L: 20/32 MS: 3 ChangeByte-EraseBytes-CMP- DE: "\377\377\377\377"-
#4407	REDUCE cov: 32 ft: 197 corp: 46/952b lim: 32 exec/s: 0 rss: 31Mb L: 16/32 MS: 2 ChangeASCIIInt-InsertByte-
#4744	REDUCE cov: 32 ft: 199 corp: 47/968b lim: 32 exec/s: 0 rss: 31Mb L: 16/32 MS: 2 ChangeASCIIInt-InsertByte-
#4850	NEW    cov: 32 ft: 201 corp: 48/1000b lim: 32 exec/s: 0 rss: 31Mb L: 32/32 MS: 1 ChangeBit-
#4961	REDUCE cov: 32 ft: 201 corp: 48/996b lim: 32 exec/s: 0 rss: 31Mb L: 22/32 MS: 1 EraseBytes-
#5021	NEW    cov: 33 ft: 204 corp: 49/1022b lim: 32 exec/s: 0 rss: 31Mb L: 26/32 MS: 5 InsertByte-ChangeByte-EraseBytes-CMP-CopyPart- DE: "\377\377"-
#5172	REDUCE cov: 33 ft: 205 corp: 50/1038b lim: 32 exec/s: 0 rss: 31Mb L: 16/32 MS: 1 CopyPart-
#5483	NEW    cov: 33 ft: 206 corp: 51/1054b lim: 32 exec/s: 0 rss: 31Mb L: 16/32 MS: 1 ChangeASCIIInt-
#5554	NEW    cov: 33 ft: 208 corp: 52/1070b lim: 32 exec/s: 0 rss: 31Mb L: 16/32 MS: 1 ChangeASCIIInt-
#5650	NEW    cov: 47 ft: 271 corp: 53/1086b lim: 32 exec/s: 0 rss: 31Mb L: 16/32 MS: 1 ChangeBit-
#5656	NEW    cov: 47 ft: 272 corp: 54/1102b lim: 32 exec/s: 0 rss: 31Mb L: 16/32 MS: 1 CopyPart-
#5777	NEW    cov: 48 ft: 273 corp: 55/1118b lim: 32 exec/s: 0 rss: 31Mb L: 16/32 MS: 1 ChangeByte-
#6035	REDUCE cov: 48 ft: 273 corp: 55/1116b lim: 32 exec/s: 0 rss: 31Mb L: 17/32 MS: 3 CopyPart-CrossOver-CMP- DE: "\000\000\000\000"-
#6372	REDUCE cov: 48 ft: 273 corp: 55/1114b lim: 32 exec/s: 0 rss: 31Mb L: 29/32 MS: 2 ChangeBinInt-EraseBytes-
#6522	NEW    cov: 48 ft: 274 corp: 56/1138b lim: 32 exec/s: 0 rss: 31Mb L: 24/32 MS: 5 CopyPart-ChangeBinInt-ChangeByte-EraseBytes-CrossOver-
#6793	REDUCE cov: 48 ft: 275 corp: 57/1160b lim: 32 exec/s: 0 rss: 32Mb L: 22/32 MS: 1 CopyPart-
#7000	REDUCE cov: 48 ft: 275 corp: 57/1153b lim: 32 exec/s: 0 rss: 32Mb L: 17/32 MS: 2 CrossOver-InsertRepeatedBytes-
#7068	NEW    cov: 48 ft: 277 corp: 58/1169b lim: 32 exec/s: 0 rss: 32Mb L: 16/32 MS: 3 ShuffleBytes-ChangeByte-CrossOver-
#7733	NEW    cov: 48 ft: 279 corp: 59/1203b lim: 37 exec/s: 0 rss: 32Mb L: 34/34 MS: 5 ShuffleBytes-CopyPart-InsertRepeatedBytes-ChangeBinInt-CMP- DE: "6\000"-
#7870	NEW    cov: 48 ft: 280 corp: 60/1236b lim: 37 exec/s: 0 rss: 32Mb L: 33/34 MS: 2 CrossOver-InsertByte-
#7913	REDUCE cov: 48 ft: 280 corp: 60/1235b lim: 37 exec/s: 0 rss: 32Mb L: 15/34 MS: 3 ShuffleBytes-ShuffleBytes-EraseBytes-
#8332	REDUCE cov: 48 ft: 280 corp: 60/1233b lim: 37 exec/s: 0 rss: 32Mb L: 15/34 MS: 4 InsertByte-CMP-InsertByte-EraseBytes- DE: "\000\000\000\000\000\000\000\""-
#8724	REDUCE cov: 48 ft: 280 corp: 60/1232b lim: 37 exec/s: 0 rss: 32Mb L: 16/34 MS: 2 EraseBytes-CMP- DE: "0\000"-
#9090	NEW    cov: 48 ft: 281 corp: 61/1248b lim: 37 exec/s: 0 rss: 32Mb L: 16/34 MS: 1 CrossOver-
#9321	REDUCE cov: 48 ft: 281 corp: 61/1247b lim: 37 exec/s: 0 rss: 32Mb L: 20/34 MS: 1 EraseBytes-
#9472	NEW    cov: 48 ft: 282 corp: 62/1263b lim: 37 exec/s: 0 rss: 32Mb L: 16/34 MS: 1 CopyPart-
#10157	REDUCE cov: 48 ft: 282 corp: 62/1255b lim: 42 exec/s: 0 rss: 32Mb L: 15/34 MS: 5 PersAutoDict-PersAutoDict-ChangeASCIIInt-ChangeBit-EraseBytes- DE: "\000\000\000\000"-"\377\377\377\377"-
#10868	NEW    cov: 49 ft: 298 corp: 63/1283b lim: 47 exec/s: 0 rss: 33Mb L: 28/34 MS: 1 CrossOver-
#11302	REDUCE cov: 49 ft: 298 corp: 63/1281b lim: 47 exec/s: 0 rss: 33Mb L: 24/34 MS: 4 EraseBytes-CMP-ChangeByte-ChangeByte- DE: "\010\000\000\000\000\000\000\000"-
#12118	REDUCE cov: 49 ft: 298 corp: 63/1280b lim: 52 exec/s: 0 rss: 33Mb L: 31/34 MS: 1 EraseBytes-
#12128	REDUCE cov: 49 ft: 298 corp: 63/1279b lim: 52 exec/s: 0 rss: 33Mb L: 17/34 MS: 5 ChangeBit-InsertByte-InsertByte-EraseBytes-PersAutoDict- DE: "\017\000\000\000\000\000\000\000"-
#12369	REDUCE cov: 49 ft: 299 corp: 64/1310b lim: 52 exec/s: 0 rss: 33Mb L: 31/34 MS: 1 CrossOver-
#12738	REDUCE cov: 49 ft: 299 corp: 64/1306b lim: 52 exec/s: 0 rss: 33Mb L: 28/34 MS: 4 InsertRepeatedBytes-ShuffleBytes-EraseBytes-InsertByte-
#12960	NEW    cov: 49 ft: 300 corp: 65/1322b lim: 52 exec/s: 0 rss: 33Mb L: 16/34 MS: 2 ShuffleBytes-ChangeASCIIInt-
#14466	NEW    cov: 49 ft: 301 corp: 66/1338b lim: 62 exec/s: 0 rss: 33Mb L: 16/34 MS: 1 ChangeBit-
#14560	REDUCE cov: 49 ft: 301 corp: 66/1334b lim: 62 exec/s: 0 rss: 33Mb L: 16/34 MS: 4 CrossOver-ChangeBinInt-CopyPart-EraseBytes-
#15601	REDUCE cov: 49 ft: 303 corp: 67/1365b lim: 67 exec/s: 0 rss: 34Mb L: 31/34 MS: 1 CopyPart-
#15909	REDUCE cov: 49 ft: 304 corp: 68/1385b lim: 67 exec/s: 0 rss: 34Mb L: 20/34 MS: 3 EraseBytes-InsertByte-ChangeBinInt-
#17886	NEW    cov: 49 ft: 306 corp: 69/1401b lim: 85 exec/s: 0 rss: 34Mb L: 16/34 MS: 2 ChangeASCIIInt-ShuffleBytes-
#18143	NEW    cov: 49 ft: 307 corp: 70/1417b lim: 85 exec/s: 0 rss: 34Mb L: 16/34 MS: 2 CopyPart-ChangeASCIIInt-
#20065	REDUCE cov: 49 ft: 307 corp: 70/1416b lim: 103 exec/s: 0 rss: 34Mb L: 19/34 MS: 2 CMP-EraseBytes- DE: "#\000\000\000\000\000\000\000"-
#20617	REDUCE cov: 49 ft: 307 corp: 70/1414b lim: 103 exec/s: 0 rss: 34Mb L: 17/34 MS: 2 PersAutoDict-EraseBytes- DE: "\000\000\000\000"-
#20828	NEW    cov: 50 ft: 312 corp: 71/1441b lim: 103 exec/s: 0 rss: 34Mb L: 27/34 MS: 1 ChangeByte-
#21394	NEW    cov: 50 ft: 313 corp: 72/1457b lim: 103 exec/s: 0 rss: 34Mb L: 16/34 MS: 1 ChangeBit-
#23038	REDUCE cov: 50 ft: 313 corp: 72/1456b lim: 115 exec/s: 0 rss: 34Mb L: 25/34 MS: 4 PersAutoDict-InsertByte-EraseBytes-CMP- DE: "6\000"-"\001D"-
#23594	REDUCE cov: 50 ft: 314 corp: 73/1471b lim: 115 exec/s: 0 rss: 34Mb L: 15/34 MS: 1 ChangeBinInt-
#24197	REDUCE cov: 50 ft: 314 corp: 73/1470b lim: 115 exec/s: 0 rss: 34Mb L: 15/34 MS: 3 ShuffleBytes-EraseBytes-InsertByte-
#26528	REDUCE cov: 50 ft: 314 corp: 73/1466b lim: 133 exec/s: 0 rss: 34Mb L: 5/34 MS: 1 EraseBytes-
#30919	REDUCE cov: 50 ft: 314 corp: 73/1465b lim: 175 exec/s: 0 rss: 34Mb L: 19/34 MS: 1 EraseBytes-
#31311	REDUCE cov: 50 ft: 314 corp: 73/1464b lim: 175 exec/s: 0 rss: 34Mb L: 19/34 MS: 2 EraseBytes-InsertByte-
#32369	NEW    cov: 50 ft: 315 corp: 74/1480b lim: 182 exec/s: 0 rss: 34Mb L: 16/34 MS: 3 PersAutoDict-ChangeBit-CMP- DE: "\000\000\000\000\000\000\000\""-"\001\000\0000"-
#32960	NEW    cov: 50 ft: 316 corp: 75/1508b lim: 182 exec/s: 0 rss: 34Mb L: 28/34 MS: 1 ChangeBit-
#33983	NEW    cov: 50 ft: 318 corp: 76/1524b lim: 189 exec/s: 0 rss: 34Mb L: 16/34 MS: 3 ChangeBit-ChangeBit-CopyPart-
#34050	REDUCE cov: 50 ft: 318 corp: 76/1523b lim: 189 exec/s: 0 rss: 34Mb L: 20/34 MS: 2 EraseBytes-CopyPart-
#34130	REDUCE cov: 50 ft: 318 corp: 76/1521b lim: 189 exec/s: 0 rss: 34Mb L: 22/34 MS: 5 ShuffleBytes-EraseBytes-ChangeByte-ChangeByte-ChangeBit-
#34816	REDUCE cov: 50 ft: 318 corp: 76/1520b lim: 189 exec/s: 0 rss: 34Mb L: 19/34 MS: 1 EraseBytes-
#35812	NEW    cov: 50 ft: 320 corp: 77/1547b lim: 196 exec/s: 0 rss: 34Mb L: 27/34 MS: 1 ChangeBinInt-
#36844	NEW    cov: 50 ft: 321 corp: 78/1579b lim: 203 exec/s: 0 rss: 34Mb L: 32/34 MS: 2 ShuffleBytes-CrossOver-
#37135	NEW    cov: 50 ft: 322 corp: 79/1595b lim: 203 exec/s: 0 rss: 34Mb L: 16/34 MS: 1 ChangeBit-
#39464	REDUCE cov: 50 ft: 322 corp: 79/1594b lim: 224 exec/s: 0 rss: 34Mb L: 16/34 MS: 4 EraseBytes-CrossOver-ChangeASCIIInt-InsertByte-
#40096	NEW    cov: 50 ft: 323 corp: 80/1621b lim: 224 exec/s: 0 rss: 34Mb L: 27/34 MS: 2 ChangeByte-CopyPart-
#42732	NEW    cov: 50 ft: 324 corp: 81/1648b lim: 245 exec/s: 0 rss: 34Mb L: 27/34 MS: 1 CrossOver-
#42873	NEW    cov: 50 ft: 325 corp: 82/1675b lim: 245 exec/s: 0 rss: 34Mb L: 27/34 MS: 1 CrossOver-
#42902	REDUCE cov: 50 ft: 325 corp: 82/1672b lim: 245 exec/s: 0 rss: 34Mb L: 16/34 MS: 4 ChangeByte-ChangeBinInt-CrossOver-EraseBytes-
#43133	NEW    cov: 50 ft: 326 corp: 83/1688b lim: 245 exec/s: 0 rss: 34Mb L: 16/34 MS: 1 ChangeBit-
#44479	NEW    cov: 50 ft: 327 corp: 84/1715b lim: 252 exec/s: 0 rss: 34Mb L: 27/34 MS: 1 ChangeASCIIInt-
#44535	NEW    cov: 50 ft: 328 corp: 85/1742b lim: 252 exec/s: 0 rss: 34Mb L: 27/34 MS: 1 ChangeBit-
#44784	NEW    cov: 50 ft: 329 corp: 86/1772b lim: 252 exec/s: 0 rss: 34Mb L: 30/34 MS: 4 ChangeBit-InsertByte-PersAutoDict-ChangeBinInt- DE: "0\000"-
#46691	NEW    cov: 50 ft: 340 corp: 87/1804b lim: 267 exec/s: 0 rss: 34Mb L: 32/34 MS: 2 CrossOver-CrossOver-
#46804	NEW    cov: 50 ft: 341 corp: 88/1831b lim: 267 exec/s: 0 rss: 34Mb L: 27/34 MS: 3 ShuffleBytes-ChangeByte-ShuffleBytes-
#47590	NEW    cov: 50 ft: 342 corp: 89/1858b lim: 267 exec/s: 0 rss: 34Mb L: 27/34 MS: 1 ShuffleBytes-
#47601	REDUCE cov: 50 ft: 342 corp: 89/1857b lim: 267 exec/s: 0 rss: 34Mb L: 26/34 MS: 1 EraseBytes-
#48027	NEW    cov: 50 ft: 343 corp: 90/1885b lim: 267 exec/s: 0 rss: 34Mb L: 28/34 MS: 1 ChangeBit-
#48758	REDUCE cov: 50 ft: 344 corp: 91/1911b lim: 267 exec/s: 0 rss: 34Mb L: 26/34 MS: 1 ChangeASCIIInt-
#51009	NEW    cov: 50 ft: 345 corp: 92/1941b lim: 283 exec/s: 0 rss: 34Mb L: 30/34 MS: 1 ShuffleBytes-
#55665	NEW    cov: 50 ft: 346 corp: 93/1968b lim: 323 exec/s: 0 rss: 35Mb L: 27/34 MS: 1 ChangeBit-
#55753	REDUCE cov: 50 ft: 346 corp: 93/1962b lim: 323 exec/s: 0 rss: 35Mb L: 24/34 MS: 3 ChangeBinInt-ChangeByte-EraseBytes-
#56744	NEW    cov: 50 ft: 347 corp: 94/1989b lim: 331 exec/s: 0 rss: 35Mb L: 27/34 MS: 1 ChangeBinInt-
#57205	NEW    cov: 50 ft: 351 corp: 95/2021b lim: 331 exec/s: 0 rss: 35Mb L: 32/34 MS: 1 CopyPart-
#57897	REDUCE cov: 50 ft: 351 corp: 95/2020b lim: 331 exec/s: 0 rss: 35Mb L: 26/34 MS: 2 EraseBytes-CopyPart-
#58703	NEW    cov: 50 ft: 352 corp: 96/2047b lim: 339 exec/s: 0 rss: 35Mb L: 27/34 MS: 1 ShuffleBytes-
#58745	NEW    cov: 50 ft: 353 corp: 97/2074b lim: 339 exec/s: 0 rss: 35Mb L: 27/34 MS: 2 ChangeBit-ChangeASCIIInt-
#63212	NEW    cov: 50 ft: 354 corp: 98/2101b lim: 379 exec/s: 0 rss: 35Mb L: 27/34 MS: 2 ShuffleBytes-ChangeBinInt-
#64115	REDUCE cov: 50 ft: 354 corp: 98/2098b lim: 387 exec/s: 0 rss: 35Mb L: 28/34 MS: 3 ChangeBinInt-ChangeByte-EraseBytes-
#65126	REDUCE cov: 50 ft: 355 corp: 99/2124b lim: 395 exec/s: 0 rss: 35Mb L: 26/34 MS: 1 ShuffleBytes-
#67997	NEW    cov: 50 ft: 356 corp: 100/2140b lim: 419 exec/s: 0 rss: 35Mb L: 16/34 MS: 1 ChangeBinInt-
#68029	REDUCE cov: 50 ft: 356 corp: 100/2139b lim: 419 exec/s: 0 rss: 35Mb L: 25/34 MS: 2 CopyPart-EraseBytes-
#69021	REDUCE cov: 50 ft: 356 corp: 100/2137b lim: 427 exec/s: 0 rss: 35Mb L: 24/34 MS: 2 ChangeByte-EraseBytes-
#78078	REDUCE cov: 50 ft: 356 corp: 100/2136b lim: 515 exec/s: 0 rss: 35Mb L: 26/34 MS: 2 InsertRepeatedBytes-EraseBytes-
#84898	REDUCE cov: 50 ft: 356 corp: 100/2135b lim: 578 exec/s: 0 rss: 35Mb L: 15/34 MS: 5 InsertByte-CrossOver-ChangeBit-ChangeByte-EraseBytes-
#85904	REDUCE cov: 50 ft: 356 corp: 100/2134b lim: 587 exec/s: 0 rss: 35Mb L: 15/34 MS: 1 EraseBytes-
#88840	NEW    cov: 50 ft: 358 corp: 101/2150b lim: 614 exec/s: 0 rss: 35Mb L: 16/34 MS: 1 ChangeBit-
#91326	NEW    cov: 50 ft: 359 corp: 102/2177b lim: 632 exec/s: 0 rss: 35Mb L: 27/34 MS: 1 ChangeBit-
#94757	NEW    cov: 50 ft: 361 corp: 103/2193b lim: 659 exec/s: 0 rss: 35Mb L: 16/34 MS: 1 ShuffleBytes-
#97446	REDUCE cov: 50 ft: 361 corp: 103/2192b lim: 677 exec/s: 0 rss: 35Mb L: 26/34 MS: 4 EraseBytes-ChangeASCIIInt-ShuffleBytes-ChangeBinInt-
#102512	REDUCE cov: 50 ft: 361 corp: 103/2191b lim: 722 exec/s: 0 rss: 35Mb L: 26/34 MS: 1 EraseBytes-
#105936	REDUCE cov: 50 ft: 361 corp: 103/2190b lim: 749 exec/s: 0 rss: 35Mb L: 26/34 MS: 4 PersAutoDict-CopyPart-ChangeBinInt-EraseBytes- DE: "6\000"-
#122208	NEW    cov: 50 ft: 362 corp: 104/2206b lim: 902 exec/s: 0 rss: 35Mb L: 16/34 MS: 2 ChangeBinInt-ChangeBit-
#124698	REDUCE cov: 50 ft: 362 corp: 104/2204b lim: 920 exec/s: 0 rss: 35Mb L: 18/34 MS: 5 ChangeBinInt-CMP-ChangeByte-CopyPart-EraseBytes- DE: "\000\000\000\000\000\000\000\010"-
#125130	REDUCE cov: 50 ft: 362 corp: 104/2202b lim: 920 exec/s: 0 rss: 35Mb L: 24/34 MS: 2 EraseBytes-InsertByte-
#133536	REDUCE cov: 50 ft: 362 corp: 104/2201b lim: 1001 exec/s: 0 rss: 35Mb L: 27/34 MS: 1 EraseBytes-
#136828	REDUCE cov: 50 ft: 362 corp: 104/2196b lim: 1028 exec/s: 0 rss: 35Mb L: 21/34 MS: 2 PersAutoDict-EraseBytes- DE: "\377\377\377\377"-
#137900	REDUCE cov: 50 ft: 362 corp: 104/2194b lim: 1038 exec/s: 0 rss: 35Mb L: 24/34 MS: 2 PersAutoDict-EraseBytes- DE: "\377\377"-
#143228	NEW    cov: 50 ft: 365 corp: 105/2210b lim: 1088 exec/s: 0 rss: 35Mb L: 16/34 MS: 3 ChangeASCIIInt-ChangeBit-ChangeASCIIInt-
#145344	NEW    cov: 50 ft: 366 corp: 106/2237b lim: 1108 exec/s: 0 rss: 35Mb L: 27/34 MS: 1 ChangeByte-
#145420	REDUCE cov: 50 ft: 366 corp: 106/2236b lim: 1108 exec/s: 0 rss: 35Mb L: 31/34 MS: 1 EraseBytes-
#147177	REDUCE cov: 50 ft: 366 corp: 106/2235b lim: 1118 exec/s: 0 rss: 35Mb L: 28/34 MS: 2 EraseBytes-InsertByte-
#147227	REDUCE cov: 50 ft: 366 corp: 106/2234b lim: 1118 exec/s: 0 rss: 35Mb L: 17/34 MS: 5 CMP-CrossOver-ChangeBit-InsertByte-EraseBytes- DE: "\377\377\377\377\377\377\377\027"-
#153115	REDUCE cov: 50 ft: 366 corp: 106/2232b lim: 1168 exec/s: 0 rss: 35Mb L: 22/34 MS: 3 CrossOver-EraseBytes-InsertByte-
#166658	REDUCE cov: 50 ft: 366 corp: 106/2231b lim: 1298 exec/s: 0 rss: 35Mb L: 15/34 MS: 3 EraseBytes-ChangeByte-InsertByte-
#167100	NEW    cov: 50 ft: 368 corp: 107/2259b lim: 1298 exec/s: 0 rss: 35Mb L: 28/34 MS: 2 ChangeBit-ChangeBinInt-
#168500	REDUCE cov: 50 ft: 368 corp: 107/2256b lim: 1308 exec/s: 0 rss: 35Mb L: 24/34 MS: 5 ChangeByte-EraseBytes-InsertByte-InsertByte-ShuffleBytes-
#178325	REDUCE cov: 50 ft: 368 corp: 107/2255b lim: 1398 exec/s: 0 rss: 35Mb L: 16/34 MS: 5 PersAutoDict-ChangeBinInt-EraseBytes-CopyPart-CopyPart- DE: "\377\377\377\377\377\377\377\027"-
#182282	REDUCE cov: 50 ft: 369 corp: 108/2286b lim: 1428 exec/s: 0 rss: 35Mb L: 31/34 MS: 2 ChangeASCIIInt-ChangeByte-
#185568	REDUCE cov: 50 ft: 369 corp: 108/2285b lim: 1458 exec/s: 0 rss: 35Mb L: 27/34 MS: 1 EraseBytes-
#188424	REDUCE cov: 50 ft: 370 corp: 109/2311b lim: 1478 exec/s: 0 rss: 35Mb L: 26/34 MS: 1 ShuffleBytes-
#193057	REDUCE cov: 50 ft: 370 corp: 109/2309b lim: 1518 exec/s: 0 rss: 35Mb L: 24/34 MS: 3 InsertByte-EraseBytes-ChangeBit-
#193588	NEW    cov: 50 ft: 371 corp: 110/2325b lim: 1518 exec/s: 0 rss: 35Mb L: 16/34 MS: 1 ChangeByte-
#195860	REDUCE cov: 50 ft: 373 corp: 111/2352b lim: 1538 exec/s: 0 rss: 35Mb L: 27/34 MS: 2 ChangeBinInt-ChangeBit-
#196076	NEW    cov: 50 ft: 374 corp: 112/2383b lim: 1538 exec/s: 0 rss: 35Mb L: 31/34 MS: 1 ChangeASCIIInt-
#200457	REDUCE cov: 50 ft: 374 corp: 112/2382b lim: 1578 exec/s: 0 rss: 35Mb L: 26/34 MS: 1 EraseBytes-
#203574	NEW    cov: 50 ft: 380 corp: 113/2414b lim: 1608 exec/s: 0 rss: 35Mb L: 32/34 MS: 2 ChangeBinInt-CopyPart-
#207945	NEW    cov: 50 ft: 381 corp: 114/2430b lim: 1648 exec/s: 0 rss: 35Mb L: 16/34 MS: 1 ShuffleBytes-
#213677	REDUCE cov: 50 ft: 381 corp: 114/2429b lim: 1698 exec/s: 0 rss: 35Mb L: 26/34 MS: 2 EraseBytes-CMP- DE: "0\000\000\000"-
#214115	REDUCE cov: 50 ft: 381 corp: 114/2427b lim: 1698 exec/s: 0 rss: 35Mb L: 25/34 MS: 3 ChangeASCIIInt-ChangeByte-EraseBytes-
#214575	REDUCE cov: 50 ft: 381 corp: 114/2425b lim: 1698 exec/s: 0 rss: 35Mb L: 15/34 MS: 5 InsertByte-EraseBytes-InsertByte-CopyPart-ChangeByte-
#218933	REDUCE cov: 50 ft: 381 corp: 114/2421b lim: 1738 exec/s: 0 rss: 35Mb L: 24/34 MS: 3 EraseBytes-ChangeByte-CMP- DE: "\377\377\377\377\377\377\377\377"-
#219934	REDUCE cov: 50 ft: 381 corp: 114/2420b lim: 1738 exec/s: 0 rss: 35Mb L: 24/34 MS: 1 EraseBytes-
#243629	REDUCE cov: 50 ft: 381 corp: 114/2419b lim: 1968 exec/s: 0 rss: 35Mb L: 23/34 MS: 5 InsertByte-InsertByte-ChangeBit-PersAutoDict-EraseBytes- DE: "0\000"-
#245840	REDUCE cov: 50 ft: 381 corp: 114/2418b lim: 1988 exec/s: 0 rss: 35Mb L: 23/34 MS: 1 EraseBytes-
#256033	REDUCE cov: 50 ft: 381 corp: 114/2417b lim: 2081 exec/s: 0 rss: 35Mb L: 18/34 MS: 3 ShuffleBytes-ChangeBinInt-EraseBytes-
#256081	REDUCE cov: 50 ft: 381 corp: 114/2415b lim: 2081 exec/s: 0 rss: 35Mb L: 25/34 MS: 3 EraseBytes-InsertByte-InsertByte-
#262717	REDUCE cov: 50 ft: 381 corp: 114/2414b lim: 2147 exec/s: 0 rss: 35Mb L: 24/34 MS: 1 EraseBytes-
#267253	REDUCE cov: 50 ft: 381 corp: 114/2413b lim: 2191 exec/s: 0 rss: 35Mb L: 22/34 MS: 1 EraseBytes-
#267283	REDUCE cov: 50 ft: 381 corp: 114/2411b lim: 2191 exec/s: 0 rss: 35Mb L: 23/34 MS: 5 InsertByte-ChangeBinInt-CopyPart-ChangeByte-EraseBytes-
#271730	NEW    cov: 50 ft: 382 corp: 115/2427b lim: 2235 exec/s: 0 rss: 35Mb L: 16/34 MS: 2 ShuffleBytes-ShuffleBytes-
#277922	REDUCE cov: 50 ft: 382 corp: 115/2423b lim: 2290 exec/s: 0 rss: 35Mb L: 24/34 MS: 2 EraseBytes-CopyPart-
#278806	REDUCE cov: 50 ft: 382 corp: 115/2422b lim: 2290 exec/s: 0 rss: 35Mb L: 25/34 MS: 4 CrossOver-CrossOver-CopyPart-EraseBytes-
#279161	REDUCE cov: 50 ft: 382 corp: 115/2420b lim: 2290 exec/s: 0 rss: 35Mb L: 23/34 MS: 5 InsertByte-CMP-EraseBytes-ChangeBinInt-InsertByte- DE: "\001\000\000A"-
#285353	REDUCE cov: 50 ft: 382 corp: 115/2414b lim: 2345 exec/s: 0 rss: 35Mb L: 21/34 MS: 2 EraseBytes-ChangeBinInt-
#285787	REDUCE cov: 50 ft: 382 corp: 115/2412b lim: 2345 exec/s: 0 rss: 35Mb L: 22/34 MS: 4 CopyPart-ChangeByte-CMP-EraseBytes- DE: "\001F"-
#292433	REDUCE cov: 50 ft: 382 corp: 115/2411b lim: 2411 exec/s: 0 rss: 35Mb L: 21/34 MS: 1 EraseBytes-
#301212	REDUCE cov: 50 ft: 382 corp: 115/2408b lim: 2488 exec/s: 0 rss: 35Mb L: 24/34 MS: 4 ShuffleBytes-ChangeBit-CrossOver-EraseBytes-
#304951	REDUCE cov: 50 ft: 382 corp: 115/2402b lim: 2521 exec/s: 0 rss: 35Mb L: 20/34 MS: 4 CopyPart-ChangeBit-EraseBytes-PersAutoDict- DE: "\377\377"-
#305942	NEW    cov: 50 ft: 384 corp: 116/2429b lim: 2521 exec/s: 0 rss: 35Mb L: 27/34 MS: 1 ChangeBit-
#314443	REDUCE cov: 50 ft: 384 corp: 116/2428b lim: 2598 exec/s: 0 rss: 35Mb L: 26/34 MS: 1 EraseBytes-
#316517	REDUCE cov: 50 ft: 384 corp: 116/2424b lim: 2609 exec/s: 0 rss: 35Mb L: 20/34 MS: 4 CopyPart-InsertByte-EraseBytes-ChangeBinInt-
#324684	REDUCE cov: 50 ft: 384 corp: 116/2422b lim: 2686 exec/s: 0 rss: 35Mb L: 22/34 MS: 2 EraseBytes-ChangeByte-
#330222	REDUCE cov: 50 ft: 384 corp: 116/2420b lim: 2741 exec/s: 0 rss: 35Mb L: 16/34 MS: 3 EraseBytes-ShuffleBytes-ChangeBinInt-
#333043	NEW    cov: 50 ft: 386 corp: 117/2451b lim: 2763 exec/s: 0 rss: 35Mb L: 31/34 MS: 1 ChangeBit-
#343681	REDUCE cov: 50 ft: 386 corp: 117/2449b lim: 2862 exec/s: 0 rss: 35Mb L: 29/34 MS: 3 ChangeBit-EraseBytes-InsertByte-
#348115	REDUCE cov: 50 ft: 386 corp: 117/2448b lim: 2906 exec/s: 0 rss: 35Mb L: 18/34 MS: 4 ChangeBinInt-ChangeBinInt-ChangeBit-EraseBytes-
#365676	REDUCE cov: 50 ft: 387 corp: 118/2474b lim: 3071 exec/s: 0 rss: 35Mb L: 26/34 MS: 1 ChangeByte-
#369142	REDUCE cov: 50 ft: 387 corp: 118/2473b lim: 3104 exec/s: 0 rss: 35Mb L: 20/34 MS: 1 EraseBytes-
#371598	REDUCE cov: 50 ft: 387 corp: 118/2470b lim: 3126 exec/s: 0 rss: 35Mb L: 24/34 MS: 1 CrossOver-
#373223	REDUCE cov: 50 ft: 387 corp: 118/2467b lim: 3137 exec/s: 0 rss: 35Mb L: 18/34 MS: 5 InsertByte-ShuffleBytes-InsertByte-ChangeBinInt-EraseBytes-
#379660	REDUCE cov: 50 ft: 387 corp: 118/2465b lim: 3192 exec/s: 0 rss: 35Mb L: 22/34 MS: 2 ChangeBit-EraseBytes-
#385794	NEW    cov: 50 ft: 389 corp: 119/2489b lim: 3247 exec/s: 0 rss: 35Mb L: 24/34 MS: 4 CopyPart-CrossOver-ChangeBinInt-CrossOver-
#396554	REDUCE cov: 50 ft: 389 corp: 119/2486b lim: 3346 exec/s: 0 rss: 35Mb L: 15/34 MS: 5 InsertRepeatedBytes-EraseBytes-EraseBytes-ChangeASCIIInt-ChangeByte-
#397320	NEW    cov: 50 ft: 390 corp: 120/2512b lim: 3346 exec/s: 0 rss: 35Mb L: 26/34 MS: 1 ChangeByte-
#401971	NEW    cov: 50 ft: 391 corp: 121/2538b lim: 3390 exec/s: 0 rss: 35Mb L: 26/34 MS: 1 ChangeASCIIInt-
#403648	NEW    cov: 50 ft: 392 corp: 122/2564b lim: 3401 exec/s: 0 rss: 36Mb L: 26/34 MS: 2 ChangeByte-ChangeBinInt-
#404221	NEW    cov: 50 ft: 393 corp: 123/2590b lim: 3401 exec/s: 404221 rss: 36Mb L: 26/34 MS: 1 ChangeASCIIInt-
#406872	NEW    cov: 50 ft: 394 corp: 124/2616b lim: 3423 exec/s: 406872 rss: 36Mb L: 26/34 MS: 1 ChangeBit-
#417478	NEW    cov: 50 ft: 395 corp: 125/2642b lim: 3522 exec/s: 417478 rss: 36Mb L: 26/34 MS: 1 ShuffleBytes-
#420771	REDUCE cov: 50 ft: 395 corp: 125/2640b lim: 3544 exec/s: 420771 rss: 36Mb L: 24/34 MS: 3 ChangeBinInt-InsertByte-EraseBytes-
#436557	REDUCE cov: 50 ft: 395 corp: 125/2639b lim: 3698 exec/s: 436557 rss: 36Mb L: 23/34 MS: 1 EraseBytes-
#438169	NEW    cov: 50 ft: 396 corp: 126/2665b lim: 3709 exec/s: 438169 rss: 36Mb L: 26/34 MS: 2 ChangeASCIIInt-CopyPart-
#438281	NEW    cov: 50 ft: 397 corp: 127/2691b lim: 3709 exec/s: 438281 rss: 36Mb L: 26/34 MS: 2 CopyPart-ChangeASCIIInt-
#439052	NEW    cov: 50 ft: 398 corp: 128/2717b lim: 3709 exec/s: 439052 rss: 36Mb L: 26/34 MS: 1 ChangeASCIIInt-
#439338	NEW    cov: 50 ft: 399 corp: 129/2743b lim: 3709 exec/s: 439338 rss: 36Mb L: 26/34 MS: 1 CrossOver-
#441094	REDUCE cov: 50 ft: 399 corp: 129/2742b lim: 3720 exec/s: 441094 rss: 36Mb L: 25/34 MS: 1 EraseBytes-
#442255	NEW    cov: 50 ft: 400 corp: 130/2768b lim: 3731 exec/s: 442255 rss: 36Mb L: 26/34 MS: 1 ChangeASCIIInt-
#442887	NEW    cov: 50 ft: 401 corp: 131/2794b lim: 3731 exec/s: 442887 rss: 36Mb L: 26/34 MS: 2 ShuffleBytes-ChangeByte-
#443268	NEW    cov: 50 ft: 402 corp: 132/2820b lim: 3731 exec/s: 443268 rss: 36Mb L: 26/34 MS: 1 CopyPart-
#443479	NEW    cov: 50 ft: 403 corp: 133/2846b lim: 3731 exec/s: 443479 rss: 36Mb L: 26/34 MS: 1 ChangeASCIIInt-
#443535	NEW    cov: 50 ft: 404 corp: 134/2872b lim: 3731 exec/s: 443535 rss: 36Mb L: 26/34 MS: 1 CopyPart-
#444521	NEW    cov: 50 ft: 406 corp: 135/2898b lim: 3731 exec/s: 444521 rss: 36Mb L: 26/34 MS: 1 ChangeASCIIInt-
#445452	NEW    cov: 50 ft: 408 corp: 136/2924b lim: 3731 exec/s: 445452 rss: 36Mb L: 26/34 MS: 1 ChangeASCIIInt-
#445728	NEW    cov: 50 ft: 409 corp: 137/2950b lim: 3731 exec/s: 445728 rss: 36Mb L: 26/34 MS: 1 ChangeByte-
#445844	REDUCE cov: 50 ft: 409 corp: 137/2949b lim: 3731 exec/s: 445844 rss: 36Mb L: 15/34 MS: 1 EraseBytes-
#445901	NEW    cov: 50 ft: 410 corp: 138/2975b lim: 3731 exec/s: 445901 rss: 36Mb L: 26/34 MS: 2 ChangeBinInt-ChangeBit-
#447388	NEW    cov: 50 ft: 411 corp: 139/2991b lim: 3742 exec/s: 447388 rss: 36Mb L: 16/34 MS: 2 EraseBytes-CopyPart-
#448504	NEW    cov: 50 ft: 412 corp: 140/3017b lim: 3753 exec/s: 448504 rss: 36Mb L: 26/34 MS: 1 ChangeASCIIInt-
#450735	NEW    cov: 50 ft: 413 corp: 141/3043b lim: 3775 exec/s: 450735 rss: 36Mb L: 26/34 MS: 1 ShuffleBytes-
#454226	NEW    cov: 50 ft: 414 corp: 142/3069b lim: 3808 exec/s: 454226 rss: 36Mb L: 26/34 MS: 1 ChangeBit-
#454659	REDUCE cov: 50 ft: 414 corp: 142/3065b lim: 3808 exec/s: 454659 rss: 36Mb L: 22/34 MS: 3 ChangeASCIIInt-InsertRepeatedBytes-EraseBytes-
#455105	NEW    cov: 50 ft: 415 corp: 143/3091b lim: 3808 exec/s: 455105 rss: 36Mb L: 26/34 MS: 1 ChangeASCIIInt-
#457436	REDUCE cov: 50 ft: 416 corp: 144/3112b lim: 3830 exec/s: 457436 rss: 36Mb L: 21/34 MS: 1 EraseBytes-
#468232	REDUCE cov: 50 ft: 416 corp: 144/3111b lim: 3929 exec/s: 468232 rss: 36Mb L: 26/34 MS: 1 EraseBytes-
#471988	REDUCE cov: 50 ft: 416 corp: 144/3110b lim: 3962 exec/s: 471988 rss: 36Mb L: 25/34 MS: 1 EraseBytes-
#473514	NEW    cov: 50 ft: 417 corp: 145/3136b lim: 3973 exec/s: 473514 rss: 36Mb L: 26/34 MS: 1 CopyPart-
#476010	NEW    cov: 50 ft: 418 corp: 146/3162b lim: 3995 exec/s: 476010 rss: 36Mb L: 26/34 MS: 1 CMP- DE: "I\000\000\000\000\000\000\000"-
#476281	NEW    cov: 50 ft: 419 corp: 147/3178b lim: 3995 exec/s: 476281 rss: 36Mb L: 16/34 MS: 1 ChangeBit-
#478550	REDUCE cov: 50 ft: 419 corp: 147/3176b lim: 4017 exec/s: 478550 rss: 36Mb L: 24/34 MS: 4 ChangeByte-CrossOver-ChangeASCIIInt-EraseBytes-
#490374	REDUCE cov: 50 ft: 419 corp: 147/3174b lim: 4096 exec/s: 490374 rss: 36Mb L: 22/34 MS: 4 EraseBytes-ChangeBit-InsertRepeatedBytes-ChangeByte-
#511117	REDUCE cov: 50 ft: 419 corp: 147/3172b lim: 4096 exec/s: 511117 rss: 36Mb L: 24/34 MS: 3 InsertByte-EraseBytes-InsertByte-
#512982	REDUCE cov: 50 ft: 419 corp: 147/3171b lim: 4096 exec/s: 512982 rss: 36Mb L: 23/34 MS: 5 ChangeBit-ChangeBinInt-CrossOver-CopyPart-EraseBytes-
#522871	REDUCE cov: 50 ft: 419 corp: 147/3169b lim: 4096 exec/s: 522871 rss: 36Mb L: 22/34 MS: 4 EraseBytes-ChangeBinInt-PersAutoDict-ChangeByte- DE: "6\000"-
#525523	REDUCE cov: 50 ft: 419 corp: 147/3167b lim: 4096 exec/s: 525523 rss: 36Mb L: 24/34 MS: 2 InsertByte-EraseBytes-
#525665	REDUCE cov: 50 ft: 419 corp: 147/3165b lim: 4096 exec/s: 525665 rss: 36Mb L: 24/34 MS: 2 ChangeByte-EraseBytes-
#528036	REDUCE cov: 50 ft: 420 corp: 148/3190b lim: 4096 exec/s: 528036 rss: 36Mb L: 25/34 MS: 1 ShuffleBytes-
#532577	REDUCE cov: 50 ft: 420 corp: 148/3189b lim: 4096 exec/s: 532577 rss: 36Mb L: 23/34 MS: 1 EraseBytes-
#544719	REDUCE cov: 50 ft: 420 corp: 148/3187b lim: 4096 exec/s: 544719 rss: 36Mb L: 24/34 MS: 2 EraseBytes-InsertByte-
#553288	REDUCE cov: 50 ft: 420 corp: 148/3186b lim: 4096 exec/s: 553288 rss: 36Mb L: 25/34 MS: 4 ChangeASCIIInt-CopyPart-ChangeByte-EraseBytes-
#565700	REDUCE cov: 50 ft: 420 corp: 148/3178b lim: 4096 exec/s: 565700 rss: 36Mb L: 18/34 MS: 2 EraseBytes-ChangeBinInt-
#576046	REDUCE cov: 50 ft: 420 corp: 148/3177b lim: 4096 exec/s: 576046 rss: 36Mb L: 23/34 MS: 1 EraseBytes-
#583197	NEW    cov: 50 ft: 421 corp: 149/3209b lim: 4096 exec/s: 583197 rss: 36Mb L: 32/34 MS: 1 ShuffleBytes-
#587748	REDUCE cov: 50 ft: 421 corp: 149/3208b lim: 4096 exec/s: 587748 rss: 36Mb L: 22/34 MS: 1 EraseBytes-
#592762	REDUCE cov: 50 ft: 421 corp: 149/3206b lim: 4096 exec/s: 592762 rss: 36Mb L: 20/34 MS: 4 ChangeBit-ShuffleBytes-EraseBytes-PersAutoDict- DE: "\377\377"-
#599378	REDUCE cov: 50 ft: 421 corp: 149/3205b lim: 4096 exec/s: 599378 rss: 36Mb L: 31/34 MS: 1 EraseBytes-
#599704	REDUCE cov: 50 ft: 422 corp: 150/3236b lim: 4096 exec/s: 599704 rss: 36Mb L: 31/34 MS: 1 CopyPart-
#604553	REDUCE cov: 50 ft: 422 corp: 150/3235b lim: 4096 exec/s: 604553 rss: 36Mb L: 23/34 MS: 4 ShuffleBytes-CMP-ChangeBinInt-EraseBytes- DE: "[\000\000\000"-
#611328	REDUCE cov: 50 ft: 422 corp: 150/3233b lim: 4096 exec/s: 611328 rss: 36Mb L: 21/34 MS: 5 InsertByte-InsertByte-CopyPart-ShuffleBytes-EraseBytes-
#620531	REDUCE cov: 50 ft: 422 corp: 150/3231b lim: 4096 exec/s: 620531 rss: 36Mb L: 20/34 MS: 3 ChangeBit-EraseBytes-InsertByte-
#653936	REDUCE cov: 50 ft: 422 corp: 150/3229b lim: 4096 exec/s: 653936 rss: 36Mb L: 21/34 MS: 5 EraseBytes-InsertByte-CMP-ShuffleBytes-PersAutoDict- DE: "\377Y"-"6\000"-
#661666	REDUCE cov: 50 ft: 422 corp: 150/3227b lim: 4096 exec/s: 661666 rss: 36Mb L: 24/34 MS: 5 InsertRepeatedBytes-EraseBytes-EraseBytes-CopyPart-CMP- DE: "\000\000\000\000\000\000\000\000"-
#663283	REDUCE cov: 50 ft: 422 corp: 150/3225b lim: 4096 exec/s: 663283 rss: 36Mb L: 24/34 MS: 2 ChangeBit-EraseBytes-
#677500	REDUCE cov: 50 ft: 422 corp: 150/3223b lim: 4096 exec/s: 677500 rss: 36Mb L: 22/34 MS: 2 ChangeByte-EraseBytes-
#696141	REDUCE cov: 50 ft: 422 corp: 150/3222b lim: 4096 exec/s: 696141 rss: 36Mb L: 25/34 MS: 1 EraseBytes-
#707508	REDUCE cov: 50 ft: 422 corp: 150/3220b lim: 4096 exec/s: 707508 rss: 36Mb L: 24/34 MS: 2 InsertByte-EraseBytes-
#714445	REDUCE cov: 50 ft: 422 corp: 150/3218b lim: 4096 exec/s: 714445 rss: 36Mb L: 23/34 MS: 2 CrossOver-EraseBytes-
#716279	REDUCE cov: 50 ft: 422 corp: 150/3216b lim: 4096 exec/s: 716279 rss: 36Mb L: 24/34 MS: 4 ShuffleBytes-ChangeBinInt-ChangeBinInt-EraseBytes-
#716585	REDUCE cov: 50 ft: 422 corp: 150/3215b lim: 4096 exec/s: 716585 rss: 36Mb L: 25/34 MS: 1 EraseBytes-
#752710	REDUCE cov: 50 ft: 422 corp: 150/3213b lim: 4096 exec/s: 752710 rss: 36Mb L: 16/34 MS: 5 ChangeByte-InsertByte-PersAutoDict-ChangeBinInt-EraseBytes- DE: "\017\000\000\000\000\000\000\000"-
#755509	REDUCE cov: 50 ft: 422 corp: 150/3211b lim: 4096 exec/s: 755509 rss: 36Mb L: 24/34 MS: 4 ChangeBinInt-EraseBytes-ChangeASCIIInt-CrossOver-
#775550	REDUCE cov: 50 ft: 422 corp: 150/3210b lim: 4096 exec/s: 775550 rss: 36Mb L: 23/34 MS: 1 EraseBytes-
#778200	REDUCE cov: 50 ft: 422 corp: 150/3202b lim: 4096 exec/s: 778200 rss: 36Mb L: 18/34 MS: 5 InsertByte-EraseBytes-CrossOver-ChangeBinInt-PersAutoDict- DE: "\377\377\377\377"-
#779216	REDUCE cov: 50 ft: 422 corp: 150/3201b lim: 4096 exec/s: 779216 rss: 36Mb L: 22/34 MS: 1 EraseBytes-
#783695	REDUCE cov: 50 ft: 422 corp: 150/3199b lim: 4096 exec/s: 783695 rss: 36Mb L: 29/34 MS: 4 ChangeByte-ChangeBinInt-EraseBytes-InsertByte-
#785898	REDUCE cov: 50 ft: 422 corp: 150/3197b lim: 4096 exec/s: 785898 rss: 36Mb L: 24/34 MS: 3 InsertByte-CopyPart-EraseBytes-
#800804	REDUCE cov: 50 ft: 422 corp: 150/3196b lim: 4096 exec/s: 800804 rss: 36Mb L: 25/34 MS: 1 EraseBytes-
#840250	REDUCE cov: 50 ft: 422 corp: 150/3195b lim: 4096 exec/s: 420125 rss: 36Mb L: 25/34 MS: 1 EraseBytes-
#848784	REDUCE cov: 50 ft: 422 corp: 150/3191b lim: 4096 exec/s: 424392 rss: 36Mb L: 19/34 MS: 4 ChangeASCIIInt-ChangeBinInt-ChangeByte-EraseBytes-
#852432	REDUCE cov: 50 ft: 422 corp: 150/3189b lim: 4096 exec/s: 426216 rss: 36Mb L: 24/34 MS: 3 ChangeBinInt-EraseBytes-PersAutoDict- DE: "\001F"-
#878874	REDUCE cov: 50 ft: 422 corp: 150/3188b lim: 4096 exec/s: 439437 rss: 36Mb L: 19/34 MS: 2 ChangeBit-EraseBytes-
#889991	REDUCE cov: 50 ft: 422 corp: 150/3186b lim: 4096 exec/s: 444995 rss: 36Mb L: 24/34 MS: 2 EraseBytes-ChangeByte-
#897913	REDUCE cov: 50 ft: 422 corp: 150/3185b lim: 4096 exec/s: 448956 rss: 36Mb L: 19/34 MS: 2 InsertByte-EraseBytes-
#901669	REDUCE cov: 50 ft: 422 corp: 150/3184b lim: 4096 exec/s: 450834 rss: 36Mb L: 25/34 MS: 1 EraseBytes-
#907095	REDUCE cov: 50 ft: 422 corp: 150/3183b lim: 4096 exec/s: 453547 rss: 36Mb L: 21/34 MS: 1 EraseBytes-
#923131	REDUCE cov: 50 ft: 422 corp: 150/3182b lim: 4096 exec/s: 461565 rss: 36Mb L: 17/34 MS: 1 EraseBytes-
#935666	REDUCE cov: 50 ft: 422 corp: 150/3180b lim: 4096 exec/s: 467833 rss: 36Mb L: 23/34 MS: 5 CopyPart-ChangeByte-ChangeBit-ChangeASCIIInt-EraseBytes-
#937604	REDUCE cov: 50 ft: 422 corp: 150/3178b lim: 4096 exec/s: 468802 rss: 36Mb L: 23/34 MS: 3 EraseBytes-CMP-ChangeBinInt- DE: "Y\000\000\000"-
#942670	REDUCE cov: 50 ft: 422 corp: 150/3177b lim: 4096 exec/s: 471335 rss: 36Mb L: 20/34 MS: 1 EraseBytes-
#952521	REDUCE cov: 50 ft: 422 corp: 150/3176b lim: 4096 exec/s: 476260 rss: 36Mb L: 25/34 MS: 1 EraseBytes-
#959609	REDUCE cov: 50 ft: 422 corp: 150/3174b lim: 4096 exec/s: 479804 rss: 36Mb L: 23/34 MS: 3 ChangeBinInt-ChangeASCIIInt-EraseBytes-
#961166	REDUCE cov: 50 ft: 422 corp: 150/3172b lim: 4096 exec/s: 480583 rss: 36Mb L: 25/34 MS: 2 EraseBytes-InsertByte-
#982143	REDUCE cov: 50 ft: 422 corp: 150/3170b lim: 4096 exec/s: 491071 rss: 36Mb L: 20/34 MS: 2 EraseBytes-ChangeBit-
#989992	REDUCE cov: 50 ft: 422 corp: 150/3166b lim: 4096 exec/s: 494996 rss: 36Mb L: 18/34 MS: 4 ChangeBinInt-EraseBytes-ChangeBinInt-ChangeBinInt-
#992257	REDUCE cov: 50 ft: 422 corp: 150/3164b lim: 4096 exec/s: 496128 rss: 36Mb L: 21/34 MS: 5 EraseBytes-InsertByte-CopyPart-ChangeBit-InsertByte-
#1008501	REDUCE cov: 50 ft: 422 corp: 150/3162b lim: 4096 exec/s: 504250 rss: 36Mb L: 20/34 MS: 4 PersAutoDict-CMP-InsertByte-EraseBytes- DE: "\377\377\377\377"-"4\000"-
#1010932	NEW    cov: 50 ft: 423 corp: 151/3178b lim: 4096 exec/s: 505466 rss: 36Mb L: 16/34 MS: 1 ChangeByte-
#1012914	REDUCE cov: 50 ft: 423 corp: 151/3176b lim: 4096 exec/s: 506457 rss: 36Mb L: 22/34 MS: 2 EraseBytes-InsertByte-
#1051361	REDUCE cov: 50 ft: 423 corp: 151/3174b lim: 4096 exec/s: 525680 rss: 36Mb L: 24/34 MS: 2 EraseBytes-InsertByte-
#1053687	REDUCE cov: 50 ft: 423 corp: 151/3173b lim: 4096 exec/s: 526843 rss: 36Mb L: 22/34 MS: 1 EraseBytes-
#1078924	REDUCE cov: 50 ft: 423 corp: 151/3171b lim: 4096 exec/s: 539462 rss: 36Mb L: 21/34 MS: 2 ChangeBit-EraseBytes-
#1087712	REDUCE cov: 50 ft: 423 corp: 151/3169b lim: 4096 exec/s: 543856 rss: 36Mb L: 22/34 MS: 3 ChangeBit-ChangeBinInt-EraseBytes-
#1087858	REDUCE cov: 50 ft: 423 corp: 151/3168b lim: 4096 exec/s: 543929 rss: 36Mb L: 23/34 MS: 1 EraseBytes-
#1096346	REDUCE cov: 50 ft: 423 corp: 151/3166b lim: 4096 exec/s: 548173 rss: 36Mb L: 24/34 MS: 3 EraseBytes-ChangeBit-ChangeByte-
#1101159	REDUCE cov: 50 ft: 423 corp: 151/3164b lim: 4096 exec/s: 550579 rss: 36Mb L: 28/34 MS: 3 ChangeByte-EraseBytes-ChangeBinInt-
#1115164	REDUCE cov: 50 ft: 423 corp: 151/3162b lim: 4096 exec/s: 557582 rss: 36Mb L: 19/34 MS: 5 CopyPart-ChangeBit-EraseBytes-InsertByte-ChangeByte-
#1149590	REDUCE cov: 50 ft: 423 corp: 151/3161b lim: 4096 exec/s: 574795 rss: 36Mb L: 17/34 MS: 1 EraseBytes-
#1156580	REDUCE cov: 50 ft: 423 corp: 151/3159b lim: 4096 exec/s: 578290 rss: 36Mb L: 19/34 MS: 5 ChangeByte-ChangeBit-ChangeBit-ChangeASCIIInt-EraseBytes-
#1159742	REDUCE cov: 50 ft: 423 corp: 151/3155b lim: 4096 exec/s: 579871 rss: 36Mb L: 19/34 MS: 2 EraseBytes-ChangeBinInt-
#1175448	REDUCE cov: 50 ft: 424 corp: 152/3176b lim: 4096 exec/s: 587724 rss: 36Mb L: 21/34 MS: 1 ShuffleBytes-
#1176096	REDUCE cov: 50 ft: 424 corp: 152/3175b lim: 4096 exec/s: 588048 rss: 36Mb L: 23/34 MS: 3 ShuffleBytes-ChangeByte-EraseBytes-
#1186594	REDUCE cov: 50 ft: 424 corp: 152/3174b lim: 4096 exec/s: 593297 rss: 36Mb L: 31/34 MS: 3 CrossOver-CopyPart-EraseBytes-
#1192629	REDUCE cov: 50 ft: 424 corp: 152/3172b lim: 4096 exec/s: 596314 rss: 36Mb L: 22/34 MS: 5 CopyPart-EraseBytes-ChangeByte-ChangeBit-ChangeBit-
#1193374	REDUCE cov: 50 ft: 424 corp: 152/3171b lim: 4096 exec/s: 596687 rss: 36Mb L: 25/34 MS: 5 EraseBytes-ShuffleBytes-CopyPart-ChangeBinInt-EraseBytes-
#1193577	REDUCE cov: 50 ft: 424 corp: 152/3169b lim: 4096 exec/s: 596788 rss: 36Mb L: 22/34 MS: 3 ChangeASCIIInt-EraseBytes-CrossOver-
#1204768	NEW    cov: 50 ft: 425 corp: 153/3190b lim: 4096 exec/s: 602384 rss: 36Mb L: 21/34 MS: 1 ChangeBinInt-
#1213130	REDUCE cov: 50 ft: 425 corp: 153/3188b lim: 4096 exec/s: 606565 rss: 36Mb L: 19/34 MS: 2 EraseBytes-CopyPart-
#1215348	REDUCE cov: 50 ft: 425 corp: 153/3186b lim: 4096 exec/s: 607674 rss: 36Mb L: 26/34 MS: 3 ChangeBinInt-PersAutoDict-EraseBytes- DE: "\377\377\377\377\377\377\377\027"-
#1221992	REDUCE cov: 50 ft: 425 corp: 153/3184b lim: 4096 exec/s: 610996 rss: 36Mb L: 21/34 MS: 4 ChangeBit-ChangeASCIIInt-EraseBytes-InsertByte-
#1235425	REDUCE cov: 50 ft: 425 corp: 153/3182b lim: 4096 exec/s: 617712 rss: 36Mb L: 20/34 MS: 3 ChangeBit-EraseBytes-InsertByte-
#1249716	REDUCE cov: 50 ft: 425 corp: 153/3181b lim: 4096 exec/s: 624858 rss: 36Mb L: 19/34 MS: 1 EraseBytes-
#1250063	REDUCE cov: 50 ft: 425 corp: 153/3175b lim: 4096 exec/s: 625031 rss: 36Mb L: 17/34 MS: 2 PersAutoDict-EraseBytes- DE: "\377\377\377\377\377\377\377\027"-
#1276989	REDUCE cov: 50 ft: 425 corp: 153/3174b lim: 4096 exec/s: 425663 rss: 36Mb L: 26/34 MS: 1 EraseBytes-
#1279897	REDUCE cov: 50 ft: 425 corp: 153/3172b lim: 4096 exec/s: 426632 rss: 36Mb L: 21/34 MS: 3 ShuffleBytes-ChangeBinInt-EraseBytes-
#1288384	REDUCE cov: 50 ft: 425 corp: 153/3168b lim: 4096 exec/s: 429461 rss: 36Mb L: 22/34 MS: 2 CopyPart-EraseBytes-
#1297165	REDUCE cov: 50 ft: 425 corp: 153/3167b lim: 4096 exec/s: 432388 rss: 36Mb L: 31/34 MS: 1 EraseBytes-
#1310288	REDUCE cov: 50 ft: 425 corp: 153/3165b lim: 4096 exec/s: 436762 rss: 36Mb L: 19/34 MS: 3 ChangeBit-EraseBytes-ChangeByte-
#1336691	REDUCE cov: 50 ft: 425 corp: 153/3159b lim: 4096 exec/s: 445563 rss: 36Mb L: 23/34 MS: 3 ChangeBinInt-EraseBytes-ChangeBinInt-
#1337759	REDUCE cov: 50 ft: 425 corp: 153/3157b lim: 4096 exec/s: 445919 rss: 36Mb L: 29/34 MS: 3 ChangeASCIIInt-ChangeByte-EraseBytes-
#1341691	REDUCE cov: 50 ft: 425 corp: 153/3155b lim: 4096 exec/s: 447230 rss: 36Mb L: 19/34 MS: 2 EraseBytes-CopyPart-
#1344793	REDUCE cov: 50 ft: 425 corp: 153/3153b lim: 4096 exec/s: 448264 rss: 36Mb L: 17/34 MS: 2 EraseBytes-PersAutoDict- DE: "\377\377\377\377"-
#1345489	REDUCE cov: 50 ft: 425 corp: 153/3152b lim: 4096 exec/s: 448496 rss: 36Mb L: 21/34 MS: 1 EraseBytes-
#1352285	REDUCE cov: 50 ft: 425 corp: 153/3151b lim: 4096 exec/s: 450761 rss: 36Mb L: 23/34 MS: 1 EraseBytes-
#1366224	REDUCE cov: 50 ft: 425 corp: 153/3149b lim: 4096 exec/s: 455408 rss: 36Mb L: 19/34 MS: 4 InsertRepeatedBytes-CMP-InsertByte-EraseBytes- DE: "\377`"-
#1386746	REDUCE cov: 50 ft: 425 corp: 153/3147b lim: 4096 exec/s: 462248 rss: 36Mb L: 20/34 MS: 2 EraseBytes-ChangeBinInt-
#1387034	REDUCE cov: 50 ft: 425 corp: 153/3145b lim: 4096 exec/s: 462344 rss: 36Mb L: 19/34 MS: 3 InsertByte-ShuffleBytes-EraseBytes-
#1407493	REDUCE cov: 50 ft: 425 corp: 153/3143b lim: 4096 exec/s: 469164 rss: 36Mb L: 27/34 MS: 4 EraseBytes-ChangeBinInt-ChangeByte-InsertByte-
#1411794	REDUCE cov: 50 ft: 425 corp: 153/3142b lim: 4096 exec/s: 470598 rss: 36Mb L: 24/34 MS: 1 EraseBytes-
#1412737	REDUCE cov: 50 ft: 425 corp: 153/3140b lim: 4096 exec/s: 470912 rss: 36Mb L: 24/34 MS: 3 ChangeBit-EraseBytes-ChangeByte-
#1436756	REDUCE cov: 50 ft: 425 corp: 153/3138b lim: 4096 exec/s: 478918 rss: 36Mb L: 17/34 MS: 4 CrossOver-ChangeBinInt-EraseBytes-EraseBytes-
#1458765	REDUCE cov: 50 ft: 425 corp: 153/3137b lim: 4096 exec/s: 486255 rss: 36Mb L: 16/34 MS: 4 EraseBytes-ChangeASCIIInt-ShuffleBytes-ShuffleBytes-
#1495191	REDUCE cov: 50 ft: 425 corp: 153/3136b lim: 4096 exec/s: 498397 rss: 36Mb L: 25/34 MS: 1 EraseBytes-
#1525038	REDUCE cov: 50 ft: 425 corp: 153/3135b lim: 4096 exec/s: 508346 rss: 36Mb L: 23/34 MS: 2 EraseBytes-ShuffleBytes-
#1525384	REDUCE cov: 50 ft: 425 corp: 153/3134b lim: 4096 exec/s: 508461 rss: 36Mb L: 21/34 MS: 1 EraseBytes-
#1543023	REDUCE cov: 50 ft: 425 corp: 153/3130b lim: 4096 exec/s: 514341 rss: 36Mb L: 18/34 MS: 4 ChangeBit-ShuffleBytes-EraseBytes-PersAutoDict- DE: "\377\377\377\377\377\377\377\377"-
#1599120	REDUCE cov: 50 ft: 425 corp: 153/3126b lim: 4096 exec/s: 533040 rss: 36Mb L: 19/34 MS: 2 EraseBytes-ChangeBinInt-
#1623142	REDUCE cov: 50 ft: 425 corp: 153/3124b lim: 4096 exec/s: 541047 rss: 36Mb L: 20/34 MS: 2 EraseBytes-ChangeByte-
#1624878	REDUCE cov: 50 ft: 425 corp: 153/3123b lim: 4096 exec/s: 541626 rss: 36Mb L: 25/34 MS: 1 EraseBytes-
#1627986	REDUCE cov: 50 ft: 425 corp: 153/3121b lim: 4096 exec/s: 542662 rss: 36Mb L: 23/34 MS: 3 ChangeBit-InsertByte-EraseBytes-
#1639013	REDUCE cov: 50 ft: 425 corp: 153/3119b lim: 4096 exec/s: 546337 rss: 36Mb L: 19/34 MS: 2 EraseBytes-InsertByte-
#1648106	REDUCE cov: 50 ft: 425 corp: 153/3117b lim: 4096 exec/s: 549368 rss: 36Mb L: 23/34 MS: 3 ChangeBit-EraseBytes-PersAutoDict- DE: "\377Y"-
#1659277	REDUCE cov: 50 ft: 425 corp: 153/3116b lim: 4096 exec/s: 553092 rss: 36Mb L: 21/34 MS: 1 EraseBytes-
#1664313	REDUCE cov: 50 ft: 425 corp: 153/3115b lim: 4096 exec/s: 554771 rss: 36Mb L: 26/34 MS: 1 EraseBytes-
#1673496	REDUCE cov: 50 ft: 425 corp: 153/3113b lim: 4096 exec/s: 557832 rss: 36Mb L: 21/34 MS: 3 ShuffleBytes-InsertByte-EraseBytes-
#1674613	REDUCE cov: 50 ft: 425 corp: 153/3110b lim: 4096 exec/s: 558204 rss: 36Mb L: 20/34 MS: 2 EraseBytes-ShuffleBytes-
#1689599	REDUCE cov: 50 ft: 425 corp: 153/3109b lim: 4096 exec/s: 422399 rss: 36Mb L: 23/34 MS: 1 EraseBytes-
#1693177	REDUCE cov: 50 ft: 425 corp: 153/3107b lim: 4096 exec/s: 423294 rss: 36Mb L: 27/34 MS: 3 ChangeBit-ChangeBit-EraseBytes-
#1720818	REDUCE cov: 50 ft: 425 corp: 153/3106b lim: 4096 exec/s: 430204 rss: 36Mb L: 19/34 MS: 1 EraseBytes-
#1722649	REDUCE cov: 50 ft: 425 corp: 153/3105b lim: 4096 exec/s: 430662 rss: 36Mb L: 18/34 MS: 1 EraseBytes-
#1732450	REDUCE cov: 50 ft: 425 corp: 153/3104b lim: 4096 exec/s: 433112 rss: 36Mb L: 25/34 MS: 1 EraseBytes-
#1747966	REDUCE cov: 50 ft: 425 corp: 153/3103b lim: 4096 exec/s: 436991 rss: 36Mb L: 20/34 MS: 1 EraseBytes-
#1753919	REDUCE cov: 50 ft: 425 corp: 153/3101b lim: 4096 exec/s: 438479 rss: 36Mb L: 22/34 MS: 3 ChangeBit-CMP-EraseBytes- DE: "\377\377\377y"-
#1770367	REDUCE cov: 50 ft: 425 corp: 153/3100b lim: 4096 exec/s: 442591 rss: 36Mb L: 23/34 MS: 3 EraseBytes-ChangeBinInt-ShuffleBytes-
#1794353	NEW    cov: 50 ft: 426 corp: 154/3116b lim: 4096 exec/s: 448588 rss: 36Mb L: 16/34 MS: 1 ChangeBit-
#1890252	REDUCE cov: 50 ft: 426 corp: 154/3114b lim: 4096 exec/s: 472563 rss: 36Mb L: 18/34 MS: 4 ChangeByte-PersAutoDict-EraseBytes-EraseBytes- DE: "6\000"-
#1894504	REDUCE cov: 50 ft: 426 corp: 154/3112b lim: 4096 exec/s: 473626 rss: 36Mb L: 17/34 MS: 2 InsertByte-EraseBytes-
#1911156	REDUCE cov: 50 ft: 426 corp: 154/3110b lim: 4096 exec/s: 477789 rss: 36Mb L: 16/34 MS: 2 CopyPart-EraseBytes-
#1950768	REDUCE cov: 50 ft: 426 corp: 154/3108b lim: 4096 exec/s: 487692 rss: 36Mb L: 19/34 MS: 2 InsertByte-EraseBytes-
#1954064	REDUCE cov: 50 ft: 427 corp: 155/3125b lim: 4096 exec/s: 488516 rss: 36Mb L: 17/34 MS: 1 ChangeBinInt-
#1967425	REDUCE cov: 50 ft: 427 corp: 155/3124b lim: 4096 exec/s: 491856 rss: 36Mb L: 21/34 MS: 1 EraseBytes-
#1980222	REDUCE cov: 50 ft: 427 corp: 155/3122b lim: 4096 exec/s: 495055 rss: 36Mb L: 17/34 MS: 2 PersAutoDict-EraseBytes- DE: "\377\377\377\377"-
#2003998	REDUCE cov: 50 ft: 427 corp: 155/3121b lim: 4096 exec/s: 500999 rss: 36Mb L: 16/34 MS: 1 EraseBytes-
#2049405	REDUCE cov: 50 ft: 427 corp: 155/3120b lim: 4096 exec/s: 512351 rss: 36Mb L: 19/34 MS: 2 ChangeBinInt-EraseBytes-
#2054332	REDUCE cov: 50 ft: 427 corp: 155/3118b lim: 4096 exec/s: 513583 rss: 36Mb L: 17/34 MS: 2 ChangeByte-EraseBytes-
#2054523	REDUCE cov: 50 ft: 427 corp: 155/3117b lim: 4096 exec/s: 513630 rss: 36Mb L: 19/34 MS: 1 EraseBytes-
#2055344	REDUCE cov: 50 ft: 427 corp: 155/3116b lim: 4096 exec/s: 513836 rss: 36Mb L: 21/34 MS: 1 EraseBytes-
#2069342	REDUCE cov: 50 ft: 427 corp: 155/3114b lim: 4096 exec/s: 517335 rss: 36Mb L: 23/34 MS: 3 EraseBytes-ShuffleBytes-PersAutoDict- DE: "\377Y"-
#2097152	pulse  cov: 50 ft: 427 corp: 155/3114b lim: 4096 exec/s: 524288 rss: 36Mb
#2128022	REDUCE cov: 50 ft: 427 corp: 155/3112b lim: 4096 exec/s: 425604 rss: 36Mb L: 23/34 MS: 5 CopyPart-InsertByte-ChangeByte-ChangeByte-EraseBytes-
#2180519	NEW    cov: 50 ft: 428 corp: 156/3128b lim: 4096 exec/s: 436103 rss: 36Mb L: 16/34 MS: 2 CrossOver-ChangeASCIIInt-
#2193097	REDUCE cov: 50 ft: 428 corp: 156/3126b lim: 4096 exec/s: 438619 rss: 36Mb L: 19/34 MS: 3 PersAutoDict-ChangeBit-EraseBytes- DE: "\377`"-
#2197329	REDUCE cov: 50 ft: 428 corp: 156/3120b lim: 4096 exec/s: 439465 rss: 36Mb L: 17/34 MS: 2 EraseBytes-InsertRepeatedBytes-
#2212901	REDUCE cov: 50 ft: 428 corp: 156/3118b lim: 4096 exec/s: 442580 rss: 36Mb L: 17/34 MS: 2 InsertRepeatedBytes-EraseBytes-
#2217718	REDUCE cov: 50 ft: 428 corp: 156/3116b lim: 4096 exec/s: 443543 rss: 36Mb L: 24/34 MS: 2 ChangeBinInt-EraseBytes-
#2236665	REDUCE cov: 50 ft: 428 corp: 156/3115b lim: 4096 exec/s: 447333 rss: 36Mb L: 23/34 MS: 2 PersAutoDict-EraseBytes- DE: "\001D"-
#2247752	REDUCE cov: 50 ft: 428 corp: 156/3114b lim: 4096 exec/s: 449550 rss: 36Mb L: 23/34 MS: 2 ChangeBit-EraseBytes-
#2251364	REDUCE cov: 50 ft: 428 corp: 156/3112b lim: 4096 exec/s: 450272 rss: 36Mb L: 21/34 MS: 2 CMP-EraseBytes- DE: "\3770"-
#2257501	REDUCE cov: 50 ft: 428 corp: 156/3110b lim: 4096 exec/s: 451500 rss: 36Mb L: 20/34 MS: 2 EraseBytes-ChangeBit-
#2269448	REDUCE cov: 50 ft: 428 corp: 156/3106b lim: 4096 exec/s: 453889 rss: 36Mb L: 19/34 MS: 2 CrossOver-EraseBytes-
#2345987	REDUCE cov: 50 ft: 428 corp: 156/3104b lim: 4096 exec/s: 469197 rss: 36Mb L: 20/34 MS: 4 CopyPart-CrossOver-ChangeByte-EraseBytes-
#2348760	REDUCE cov: 50 ft: 428 corp: 156/3103b lim: 4096 exec/s: 469752 rss: 36Mb L: 22/34 MS: 3 PersAutoDict-EraseBytes-EraseBytes- DE: "\017\000\000\000\000\000\000\000"-
#2466882	REDUCE cov: 50 ft: 428 corp: 156/3101b lim: 4096 exec/s: 493376 rss: 36Mb L: 22/34 MS: 2 ChangeBinInt-EraseBytes-
#2467769	REDUCE cov: 50 ft: 428 corp: 156/3095b lim: 4096 exec/s: 493553 rss: 36Mb L: 19/34 MS: 2 EraseBytes-PersAutoDict- DE: "\377\377\377y"-
#2502216	REDUCE cov: 50 ft: 428 corp: 156/3093b lim: 4096 exec/s: 500443 rss: 36Mb L: 17/34 MS: 2 EraseBytes-CrossOver-
#2587379	REDUCE cov: 50 ft: 428 corp: 156/3092b lim: 4096 exec/s: 431229 rss: 36Mb L: 18/34 MS: 3 EraseBytes-ChangeBit-ShuffleBytes-
#2608136	REDUCE cov: 50 ft: 428 corp: 156/3090b lim: 4096 exec/s: 434689 rss: 36Mb L: 15/34 MS: 2 PersAutoDict-EraseBytes- DE: "\377\377"-
#2620332	REDUCE cov: 50 ft: 428 corp: 156/3089b lim: 4096 exec/s: 436722 rss: 36Mb L: 27/34 MS: 1 EraseBytes-
#2627541	REDUCE cov: 50 ft: 428 corp: 156/3087b lim: 4096 exec/s: 437923 rss: 36Mb L: 18/34 MS: 4 ChangeByte-ChangeBit-CopyPart-EraseBytes-
#2638393	REDUCE cov: 50 ft: 428 corp: 156/3085b lim: 4096 exec/s: 439732 rss: 36Mb L: 17/34 MS: 2 ChangeBinInt-EraseBytes-
#2671676	REDUCE cov: 50 ft: 428 corp: 156/3083b lim: 4096 exec/s: 445279 rss: 36Mb L: 23/34 MS: 3 PersAutoDict-ShuffleBytes-EraseBytes- DE: "\377Y"-
#2677555	REDUCE cov: 50 ft: 428 corp: 156/3079b lim: 4096 exec/s: 446259 rss: 36Mb L: 18/34 MS: 4 CrossOver-EraseBytes-ShuffleBytes-EraseBytes-
#2713919	REDUCE cov: 50 ft: 428 corp: 156/3077b lim: 4096 exec/s: 452319 rss: 36Mb L: 17/34 MS: 4 InsertByte-ChangeBinInt-EraseBytes-ChangeByte-
#2717730	REDUCE cov: 50 ft: 428 corp: 156/3076b lim: 4096 exec/s: 452955 rss: 36Mb L: 22/34 MS: 1 EraseBytes-
#2719206	REDUCE cov: 50 ft: 428 corp: 156/3075b lim: 4096 exec/s: 453201 rss: 36Mb L: 17/34 MS: 1 EraseBytes-
#2723843	REDUCE cov: 50 ft: 428 corp: 156/3073b lim: 4096 exec/s: 453973 rss: 36Mb L: 25/34 MS: 2 EraseBytes-ChangeBit-
#2738986	REDUCE cov: 50 ft: 428 corp: 156/3071b lim: 4096 exec/s: 456497 rss: 36Mb L: 17/34 MS: 3 CopyPart-InsertByte-EraseBytes-
#2747197	REDUCE cov: 50 ft: 428 corp: 156/3070b lim: 4096 exec/s: 457866 rss: 36Mb L: 16/34 MS: 1 EraseBytes-
#2796330	REDUCE cov: 50 ft: 430 corp: 157/3099b lim: 4096 exec/s: 466055 rss: 36Mb L: 29/34 MS: 3 ChangeBinInt-ChangeByte-InsertByte-
#2798205	REDUCE cov: 50 ft: 430 corp: 157/3091b lim: 4096 exec/s: 466367 rss: 36Mb L: 21/34 MS: 5 ChangeBit-EraseBytes-CopyPart-ChangeASCIIInt-ChangeBinInt-
#2801061	REDUCE cov: 50 ft: 430 corp: 157/3090b lim: 4096 exec/s: 466843 rss: 36Mb L: 25/34 MS: 1 EraseBytes-
#2804047	REDUCE cov: 50 ft: 430 corp: 157/3089b lim: 4096 exec/s: 467341 rss: 36Mb L: 20/34 MS: 1 EraseBytes-
#2854629	REDUCE cov: 50 ft: 430 corp: 157/3087b lim: 4096 exec/s: 475771 rss: 36Mb L: 18/34 MS: 2 EraseBytes-ChangeByte-
#2893464	REDUCE cov: 50 ft: 430 corp: 157/3085b lim: 4096 exec/s: 482244 rss: 36Mb L: 19/34 MS: 5 ChangeASCIIInt-InsertByte-InsertByte-ChangeASCIIInt-EraseBytes-
#2929841	REDUCE cov: 50 ft: 430 corp: 157/3081b lim: 4096 exec/s: 488306 rss: 36Mb L: 19/34 MS: 2 CMP-EraseBytes- DE: "\377\377\377\377\377\377\377!"-
#2944689	REDUCE cov: 50 ft: 430 corp: 157/3079b lim: 4096 exec/s: 490781 rss: 36Mb L: 16/34 MS: 3 CopyPart-EraseBytes-ChangeByte-
#3067422	REDUCE cov: 50 ft: 430 corp: 157/3077b lim: 4096 exec/s: 438203 rss: 36Mb L: 18/34 MS: 3 PersAutoDict-EraseBytes-PersAutoDict- DE: "\377\377\377\377"-"\000\000\000\000\000\000\000\010"-
#3069518	REDUCE cov: 50 ft: 430 corp: 157/3076b lim: 4096 exec/s: 438502 rss: 36Mb L: 23/34 MS: 1 EraseBytes-
#3119740	REDUCE cov: 50 ft: 430 corp: 157/3074b lim: 4096 exec/s: 445677 rss: 36Mb L: 21/34 MS: 2 InsertByte-EraseBytes-
#3334862	REDUCE cov: 50 ft: 430 corp: 157/3072b lim: 4096 exec/s: 476408 rss: 36Mb L: 19/34 MS: 2 EraseBytes-ChangeBinInt-
#3441588	REDUCE cov: 50 ft: 430 corp: 157/3071b lim: 4096 exec/s: 430198 rss: 36Mb L: 17/34 MS: 1 EraseBytes-
#3507680	REDUCE cov: 50 ft: 430 corp: 157/3069b lim: 4096 exec/s: 438460 rss: 36Mb L: 19/34 MS: 2 CMP-EraseBytes- DE: "\377\377\377/"-
#3517325	REDUCE cov: 50 ft: 430 corp: 157/3067b lim: 4096 exec/s: 439665 rss: 36Mb L: 19/34 MS: 5 ChangeBinInt-CrossOver-ChangeBinInt-CopyPart-EraseBytes-
#3523478	REDUCE cov: 50 ft: 430 corp: 157/3065b lim: 4096 exec/s: 440434 rss: 36Mb L: 21/34 MS: 3 EraseBytes-ShuffleBytes-ChangeBinInt-
#3544224	REDUCE cov: 50 ft: 430 corp: 157/3064b lim: 4096 exec/s: 443028 rss: 36Mb L: 26/34 MS: 1 EraseBytes-
#3552345	REDUCE cov: 50 ft: 430 corp: 157/3063b lim: 4096 exec/s: 444043 rss: 36Mb L: 20/34 MS: 1 EraseBytes-
#3576822	REDUCE cov: 50 ft: 430 corp: 157/3061b lim: 4096 exec/s: 447102 rss: 36Mb L: 18/34 MS: 2 ChangeByte-EraseBytes-
#3612683	REDUCE cov: 50 ft: 430 corp: 157/3060b lim: 4096 exec/s: 451585 rss: 36Mb L: 19/34 MS: 1 EraseBytes-
#3612955	REDUCE cov: 50 ft: 430 corp: 157/3058b lim: 4096 exec/s: 451619 rss: 36Mb L: 21/34 MS: 2 EraseBytes-ChangeBinInt-
#3635079	REDUCE cov: 50 ft: 430 corp: 157/3054b lim: 4096 exec/s: 454384 rss: 36Mb L: 21/34 MS: 4 CrossOver-PersAutoDict-PersAutoDict-EraseBytes- DE: "\000\000\000\000\000\000\000\""-"\377\377"-
#3636333	REDUCE cov: 50 ft: 430 corp: 157/3051b lim: 4096 exec/s: 454541 rss: 36Mb L: 17/34 MS: 4 ChangeASCIIInt-InsertByte-EraseBytes-ShuffleBytes-
#3714306	REDUCE cov: 50 ft: 430 corp: 157/3049b lim: 4096 exec/s: 464288 rss: 36Mb L: 20/34 MS: 3 EraseBytes-ChangeBinInt-InsertByte-
#3722182	REDUCE cov: 50 ft: 430 corp: 157/3048b lim: 4096 exec/s: 465272 rss: 36Mb L: 27/34 MS: 1 EraseBytes-
#3730829	REDUCE cov: 50 ft: 430 corp: 157/3046b lim: 4096 exec/s: 466353 rss: 36Mb L: 25/34 MS: 2 CrossOver-EraseBytes-
#3832140	REDUCE cov: 50 ft: 430 corp: 157/3045b lim: 4096 exec/s: 479017 rss: 36Mb L: 26/34 MS: 1 EraseBytes-
#3867762	REDUCE cov: 50 ft: 430 corp: 157/3043b lim: 4096 exec/s: 429751 rss: 36Mb L: 17/34 MS: 2 ShuffleBytes-EraseBytes-
#3870160	REDUCE cov: 50 ft: 430 corp: 157/3042b lim: 4096 exec/s: 430017 rss: 36Mb L: 15/34 MS: 3 EraseBytes-PersAutoDict-ChangeBit- DE: "\377\377"-
#4011923	REDUCE cov: 50 ft: 430 corp: 157/3040b lim: 4096 exec/s: 445769 rss: 36Mb L: 19/34 MS: 3 ChangeBinInt-CopyPart-EraseBytes-
#4039356	REDUCE cov: 50 ft: 430 corp: 157/3038b lim: 4096 exec/s: 448817 rss: 36Mb L: 19/34 MS: 3 ChangeByte-CrossOver-EraseBytes-
#4194304	pulse  cov: 50 ft: 430 corp: 157/3038b lim: 4096 exec/s: 466033 rss: 36Mb
#4217382	REDUCE cov: 50 ft: 430 corp: 157/3037b lim: 4096 exec/s: 468598 rss: 36Mb L: 25/34 MS: 1 EraseBytes-
#4275894	REDUCE cov: 50 ft: 430 corp: 157/3035b lim: 4096 exec/s: 475099 rss: 36Mb L: 20/34 MS: 2 EraseBytes-CopyPart-
#4392546	REDUCE cov: 50 ft: 430 corp: 157/3034b lim: 4096 exec/s: 439254 rss: 36Mb L: 19/34 MS: 2 ChangeBit-EraseBytes-
#4558311	REDUCE cov: 50 ft: 430 corp: 157/3030b lim: 4096 exec/s: 455831 rss: 36Mb L: 21/34 MS: 5 EraseBytes-ChangeBit-PersAutoDict-ChangeBinInt-ChangeByte- DE: "\377\377"-
#4629013	REDUCE cov: 50 ft: 430 corp: 157/3029b lim: 4096 exec/s: 462901 rss: 36Mb L: 19/34 MS: 2 InsertByte-EraseBytes-
#4689076	REDUCE cov: 50 ft: 430 corp: 157/3027b lim: 4096 exec/s: 468907 rss: 36Mb L: 17/34 MS: 3 EraseBytes-ChangeBit-PersAutoDict- DE: "\377`"-
#4712794	REDUCE cov: 50 ft: 430 corp: 157/3025b lim: 4096 exec/s: 428435 rss: 36Mb L: 23/34 MS: 3 ChangeByte-EraseBytes-InsertByte-
#4716111	REDUCE cov: 50 ft: 430 corp: 157/3023b lim: 4096 exec/s: 428737 rss: 36Mb L: 21/34 MS: 2 EraseBytes-CMP- DE: "\377s"-
#4730933	REDUCE cov: 50 ft: 430 corp: 157/3021b lim: 4096 exec/s: 430084 rss: 36Mb L: 17/34 MS: 2 ChangeByte-EraseBytes-
#4797517	REDUCE cov: 50 ft: 431 corp: 158/3055b lim: 4096 exec/s: 436137 rss: 36Mb L: 34/34 MS: 4 EraseBytes-InsertRepeatedBytes-ChangeBinInt-CopyPart-
#4945015	REDUCE cov: 50 ft: 431 corp: 158/3053b lim: 4096 exec/s: 449546 rss: 36Mb L: 17/34 MS: 3 ChangeByte-EraseBytes-ChangeBit-
#4947307	REDUCE cov: 50 ft: 431 corp: 158/3051b lim: 4096 exec/s: 449755 rss: 36Mb L: 18/34 MS: 2 ChangeBinInt-EraseBytes-
#5023146	REDUCE cov: 50 ft: 431 corp: 158/3049b lim: 4096 exec/s: 456649 rss: 36Mb L: 21/34 MS: 4 InsertRepeatedBytes-ChangeBinInt-EraseBytes-EraseBytes-
#5082335	REDUCE cov: 50 ft: 431 corp: 158/3047b lim: 4096 exec/s: 462030 rss: 36Mb L: 20/34 MS: 4 ChangeByte-EraseBytes-ChangeBit-InsertByte-
#5166463	REDUCE cov: 50 ft: 431 corp: 158/3045b lim: 4096 exec/s: 430538 rss: 36Mb L: 17/34 MS: 3 ChangeBit-EraseBytes-InsertByte-
#5175475	REDUCE cov: 50 ft: 431 corp: 158/3043b lim: 4096 exec/s: 431289 rss: 36Mb L: 17/34 MS: 2 EraseBytes-ChangeByte-
#5330956	REDUCE cov: 50 ft: 431 corp: 158/3042b lim: 4096 exec/s: 444246 rss: 36Mb L: 25/34 MS: 1 EraseBytes-
#5453287	REDUCE cov: 50 ft: 431 corp: 158/3040b lim: 4096 exec/s: 454440 rss: 36Mb L: 15/34 MS: 1 EraseBytes-
#5597996	REDUCE cov: 50 ft: 431 corp: 158/3038b lim: 4096 exec/s: 430615 rss: 36Mb L: 17/34 MS: 4 CrossOver-EraseBytes-ChangeBit-ChangeBinInt-
#5828418	REDUCE cov: 50 ft: 431 corp: 158/3036b lim: 4096 exec/s: 448339 rss: 36Mb L: 17/34 MS: 2 CrossOver-EraseBytes-
#6010475	REDUCE cov: 50 ft: 431 corp: 158/3034b lim: 4096 exec/s: 462344 rss: 36Mb L: 23/34 MS: 2 EraseBytes-CopyPart-
#6104492	REDUCE cov: 50 ft: 431 corp: 158/3033b lim: 4096 exec/s: 436035 rss: 36Mb L: 23/34 MS: 2 ChangeBit-EraseBytes-
#6137991	REDUCE cov: 50 ft: 431 corp: 158/3032b lim: 4096 exec/s: 438427 rss: 36Mb L: 16/34 MS: 4 ShuffleBytes-ShuffleBytes-ShuffleBytes-EraseBytes-
#6163425	REDUCE cov: 50 ft: 431 corp: 158/3030b lim: 4096 exec/s: 440244 rss: 36Mb L: 21/34 MS: 4 ChangeBinInt-CopyPart-ChangeBinInt-EraseBytes-
#6433647	REDUCE cov: 50 ft: 431 corp: 158/3027b lim: 4096 exec/s: 459546 rss: 36Mb L: 20/34 MS: 2 EraseBytes-ChangeBit-
#6470259	REDUCE cov: 50 ft: 431 corp: 158/3026b lim: 4096 exec/s: 431350 rss: 36Mb L: 16/34 MS: 2 EraseBytes-ChangeBinInt-
#6497676	REDUCE cov: 50 ft: 431 corp: 158/3022b lim: 4096 exec/s: 433178 rss: 36Mb L: 15/34 MS: 2 CrossOver-EraseBytes-
#6612195	REDUCE cov: 50 ft: 431 corp: 158/3018b lim: 4096 exec/s: 440813 rss: 36Mb L: 19/34 MS: 4 EraseBytes-ShuffleBytes-CrossOver-ChangeBinInt-
#6774597	REDUCE cov: 50 ft: 431 corp: 158/3016b lim: 4096 exec/s: 451639 rss: 36Mb L: 19/34 MS: 2 EraseBytes-ChangeByte-
#6980405	REDUCE cov: 50 ft: 431 corp: 158/3014b lim: 4096 exec/s: 436275 rss: 36Mb L: 17/34 MS: 3 CopyPart-InsertByte-EraseBytes-
#7019883	REDUCE cov: 50 ft: 431 corp: 158/3012b lim: 4096 exec/s: 438742 rss: 36Mb L: 17/34 MS: 3 InsertRepeatedBytes-ChangeByte-EraseBytes-
#7323636	REDUCE cov: 50 ft: 431 corp: 158/3010b lim: 4096 exec/s: 457727 rss: 36Mb L: 17/34 MS: 3 EraseBytes-EraseBytes-PersAutoDict- DE: "\377\377\377\377"-
#7344176	REDUCE cov: 50 ft: 431 corp: 158/3008b lim: 4096 exec/s: 432010 rss: 36Mb L: 19/34 MS: 5 ShuffleBytes-EraseBytes-CopyPart-ChangeASCIIInt-ChangeBinInt-
#7351607	REDUCE cov: 50 ft: 431 corp: 158/3007b lim: 4096 exec/s: 432447 rss: 36Mb L: 21/34 MS: 1 EraseBytes-
#7394678	REDUCE cov: 50 ft: 431 corp: 158/3006b lim: 4096 exec/s: 434981 rss: 36Mb L: 16/34 MS: 1 EraseBytes-
#7532939	REDUCE cov: 50 ft: 432 corp: 159/3023b lim: 4096 exec/s: 443114 rss: 36Mb L: 17/34 MS: 1 ChangeByte-
#7596996	REDUCE cov: 50 ft: 432 corp: 159/3021b lim: 4096 exec/s: 446882 rss: 36Mb L: 19/34 MS: 2 InsertByte-EraseBytes-
#7803217	REDUCE cov: 50 ft: 432 corp: 159/3020b lim: 4096 exec/s: 433512 rss: 36Mb L: 19/34 MS: 1 EraseBytes-
#8203517	REDUCE cov: 50 ft: 432 corp: 159/3018b lim: 4096 exec/s: 455750 rss: 36Mb L: 17/34 MS: 5 CrossOver-CrossOver-EraseBytes-EraseBytes-InsertByte-
#8373604	REDUCE cov: 50 ft: 432 corp: 159/3016b lim: 4096 exec/s: 440716 rss: 36Mb L: 16/34 MS: 2 EraseBytes-ChangeByte-
#8500000	REDUCE cov: 50 ft: 432 corp: 159/3015b lim: 4096 exec/s: 447368 rss: 36Mb L: 17/34 MS: 1 EraseBytes-
#8606863	REDUCE cov: 50 ft: 432 corp: 159/3013b lim: 4096 exec/s: 452992 rss: 36Mb L: 17/34 MS: 3 ChangeASCIIInt-EraseBytes-PersAutoDict- DE: "\3770"-
#9259860	REDUCE cov: 50 ft: 432 corp: 159/3011b lim: 4096 exec/s: 440945 rss: 36Mb L: 21/34 MS: 2 EraseBytes-ChangeBinInt-
#9758637	REDUCE cov: 50 ft: 432 corp: 159/3009b lim: 4096 exec/s: 443574 rss: 36Mb L: 19/34 MS: 2 EraseBytes-InsertByte-
#9933279	REDUCE cov: 50 ft: 432 corp: 159/3007b lim: 4096 exec/s: 451512 rss: 36Mb L: 17/34 MS: 2 CrossOver-EraseBytes-
#11027222	REDUCE cov: 50 ft: 432 corp: 159/3005b lim: 4096 exec/s: 441088 rss: 36Mb L: 17/34 MS: 3 CopyPart-ChangeASCIIInt-EraseBytes-
#11131479	REDUCE cov: 50 ft: 432 corp: 159/3003b lim: 4096 exec/s: 445259 rss: 36Mb L: 16/34 MS: 2 EraseBytes-ChangeByte-
#11311131	REDUCE cov: 50 ft: 432 corp: 159/3001b lim: 4096 exec/s: 435043 rss: 36Mb L: 19/34 MS: 2 EraseBytes-InsertByte-
#11736544	REDUCE cov: 50 ft: 432 corp: 159/2999b lim: 4096 exec/s: 434686 rss: 36Mb L: 17/34 MS: 3 CMP-EraseBytes-ChangeByte- DE: "\377\377\377Y"-
#11787586	REDUCE cov: 50 ft: 432 corp: 159/2997b lim: 4096 exec/s: 436577 rss: 36Mb L: 17/34 MS: 2 InsertByte-EraseBytes-
#12171154	REDUCE cov: 50 ft: 432 corp: 159/2996b lim: 4096 exec/s: 434684 rss: 36Mb L: 15/34 MS: 3 EraseBytes-ChangeBit-InsertByte-
#12351209	REDUCE cov: 50 ft: 432 corp: 159/2995b lim: 4096 exec/s: 441114 rss: 36Mb L: 16/34 MS: 5 ChangeBinInt-ChangeBit-ChangeByte-EraseBytes-ChangeByte-
#12430168	REDUCE cov: 50 ft: 432 corp: 159/2994b lim: 4096 exec/s: 443934 rss: 36Mb L: 18/34 MS: 4 ShuffleBytes-EraseBytes-ChangeByte-ChangeBit-
#13449835	REDUCE cov: 50 ft: 432 corp: 159/2992b lim: 4096 exec/s: 433865 rss: 36Mb L: 18/34 MS: 2 InsertByte-EraseBytes-
#13589892	REDUCE cov: 50 ft: 432 corp: 159/2990b lim: 4096 exec/s: 438383 rss: 36Mb L: 18/34 MS: 2 PersAutoDict-EraseBytes- DE: "\377\377\377Y"-
#13970436	REDUCE cov: 50 ft: 432 corp: 159/2989b lim: 4096 exec/s: 436576 rss: 36Mb L: 16/34 MS: 4 ChangeBit-CMP-CMP-EraseBytes- DE: "a\000"-"t\000"-
#14320131	REDUCE cov: 50 ft: 432 corp: 159/2987b lim: 4096 exec/s: 433943 rss: 36Mb L: 17/34 MS: 5 ChangeASCIIInt-ChangeASCIIInt-EraseBytes-ChangeASCIIInt-InsertByte-
#14535424	REDUCE cov: 50 ft: 432 corp: 159/2985b lim: 4096 exec/s: 440467 rss: 36Mb L: 19/34 MS: 3 CrossOver-ChangeBinInt-EraseBytes-
#16056333	REDUCE cov: 50 ft: 432 corp: 159/2973b lim: 4096 exec/s: 433954 rss: 36Mb L: 19/34 MS: 4 ChangeASCIIInt-EraseBytes-ShuffleBytes-ShuffleBytes-
#16777216	pulse  cov: 50 ft: 432 corp: 159/2973b lim: 4096 exec/s: 441505 rss: 36Mb
#17250495	REDUCE cov: 50 ft: 432 corp: 159/2971b lim: 4096 exec/s: 442320 rss: 36Mb L: 17/34 MS: 2 ChangeBinInt-EraseBytes-
#17254908	REDUCE cov: 50 ft: 432 corp: 159/2969b lim: 4096 exec/s: 442433 rss: 36Mb L: 16/34 MS: 3 PersAutoDict-ChangeBit-EraseBytes- DE: "\377\377\377\377\377\377\377\377"-
#17314686	REDUCE cov: 50 ft: 432 corp: 159/2967b lim: 4096 exec/s: 443966 rss: 36Mb L: 17/34 MS: 3 EraseBytes-ShuffleBytes-CMP- DE: "\377@"-
#17373553	REDUCE cov: 50 ft: 432 corp: 159/2965b lim: 4096 exec/s: 434338 rss: 36Mb L: 15/34 MS: 2 EraseBytes-ChangeByte-
#17805672	REDUCE cov: 50 ft: 432 corp: 159/2963b lim: 4096 exec/s: 434284 rss: 36Mb L: 16/34 MS: 4 InsertByte-CopyPart-EraseBytes-ChangeBinInt-
#17882876	REDUCE cov: 50 ft: 432 corp: 159/2961b lim: 4096 exec/s: 436167 rss: 36Mb L: 17/34 MS: 4 CopyPart-ChangeBit-EraseBytes-PersAutoDict- DE: "\377\377\377y"-
#18843851	NEW    cov: 50 ft: 434 corp: 160/2993b lim: 4096 exec/s: 438229 rss: 36Mb L: 32/34 MS: 5 ChangeBinInt-ChangeBit-ChangeASCIIInt-ChangeByte-InsertByte-
#18906742	NEW    cov: 50 ft: 436 corp: 161/3025b lim: 4096 exec/s: 439691 rss: 36Mb L: 32/34 MS: 1 CrossOver-
#19147349	REDUCE cov: 50 ft: 436 corp: 161/3023b lim: 4096 exec/s: 435167 rss: 36Mb L: 15/34 MS: 2 PersAutoDict-EraseBytes- DE: "\377\377\377\377\377\377\377!"-
#19230045	NEW    cov: 50 ft: 437 corp: 162/3055b lim: 4096 exec/s: 437046 rss: 36Mb L: 32/34 MS: 1 CopyPart-
panic: found special char in iban [recovered]
	panic: found special char in iban

goroutine 17 [running, locked to thread]:
git.ultraware.nl/iddinkgroep/fundament-api.Fuzz.func1()
	git.ultraware.nl/iddinkgroep/fundament-api/fuzz.go:19 +0xa5
panic({0x559375642760?, 0x559375655c70?})
	runtime/panic.go:914 +0x21f
git.ultraware.nl/iddinkgroep/fundament-api.Fuzz({0xc0002a67a0, 0x1f})
	git.ultraware.nl/iddinkgroep/fundament-api/fuzz.go:34 +0x2b9
git.ultraware.nl/iddinkgroep/fundament-api.Fuzz_(...)
	git.ultraware.nl/iddinkgroep/fundament-api/fuzz.1527825026.go:6
main.LLVMFuzzerTestOneInput(...)
	./main.170485750.go:21
==25182== ERROR: libFuzzer: deadly signal
    #0 0x559375565630 in __sanitizer_print_stack_trace (/seedai/experiments/libfuzzer/source_iban/libfuzzer+0xaf630) (BuildId: 688cb25bec4564588da2a67f6a2b25148a0fd5d4)
    #1 0x559375531755 in fuzzer::PrintStackTrace() (/seedai/experiments/libfuzzer/source_iban/libfuzzer+0x7b755) (BuildId: 688cb25bec4564588da2a67f6a2b25148a0fd5d4)
    #2 0x5593755103a9 in fuzzer::Fuzzer::CrashCallback() (.part.0) FuzzerLoop.cpp.o
    #3 0x55937551046a in fuzzer::Fuzzer::StaticCrashSignalCallback() (/seedai/experiments/libfuzzer/source_iban/libfuzzer+0x5a46a) (BuildId: 688cb25bec4564588da2a67f6a2b25148a0fd5d4)
    #4 0x7f6fd5f2670f  (/usr/lib/libc.so.6+0x3e70f) (BuildId: 316d0d3666387f0e8fb98773f51aa1801027c5ab)
    #5 0x5593755c5160 in runtime.raise.abi0 runtime/sys_linux_amd64.s:153

NOTE: libFuzzer has rudimentary signal handlers.
      Combine libFuzzer with AddressSanitizer or similar for better crash reports.
SUMMARY: libFuzzer: deadly signal
MS: 1 CrossOver-; base unit: ffecdfe71b07a3888658170a5d1a3f486f4dadd5
0x73,0x63,0x74,0x42,0x2d,0x30,0x30,0x30,0x30,0x30,0x30,0x30,0x30,0x32,0x74,0x42,0x45,0x33,0x65,0x31,0x39,0x31,0x45,0x44,0x32,0x74,0x42,0x45,0x33,0x31,0x44,
sctB-000000002tBE3e191ED2tBE31D
artifact_prefix='./'; Test unit written to ./crash-a174c97800ae4e71c616b1d4a56e26154be753f1
Base64: c2N0Qi0wMDAwMDAwMDJ0QkUzZTE5MUVEMnRCRTMxRA==
