INFO: Running with entropic power schedule (0xFF, 100).
INFO: Seed: 4268923262
INFO: Loaded 1 modules   (70 inline 8-bit counters): 70 [0x555bd3047030, 0x555bd3047076), 
INFO: Loaded 1 PC tables (70 PCs): 70 [0xc000068000,0xc000068460), 
INFO:        0 files found in corpus
INFO: -max_len is not provided; libFuzzer will not generate inputs larger than 4096 bytes
INFO: A corpus is not provided, starting from an empty corpus
#2	INITED cov: 9 ft: 15 corp: 1/1b exec/s: 0 rss: 30Mb
#4	NEW    cov: 9 ft: 16 corp: 2/3b lim: 4 exec/s: 0 rss: 30Mb L: 2/2 MS: 2 ChangeByte-CrossOver-
#5	NEW    cov: 9 ft: 17 corp: 3/7b lim: 4 exec/s: 0 rss: 30Mb L: 4/4 MS: 1 CMP- DE: "\001\000"-
#13	NEW    cov: 9 ft: 19 corp: 4/10b lim: 4 exec/s: 0 rss: 30Mb L: 3/4 MS: 3 CrossOver-ChangeBit-EraseBytes-
#21	REDUCE cov: 9 ft: 19 corp: 4/9b lim: 4 exec/s: 0 rss: 30Mb L: 3/3 MS: 3 ChangeBinInt-ShuffleBytes-EraseBytes-
#230	NEW    cov: 9 ft: 20 corp: 5/14b lim: 6 exec/s: 0 rss: 30Mb L: 5/5 MS: 4 ChangeByte-CopyPart-InsertByte-PersAutoDict- DE: "\001\000"-
#436	REDUCE cov: 9 ft: 21 corp: 6/22b lim: 8 exec/s: 0 rss: 30Mb L: 8/8 MS: 1 InsertRepeatedBytes-
#446	NEW    cov: 9 ft: 22 corp: 7/29b lim: 8 exec/s: 0 rss: 30Mb L: 7/8 MS: 5 ShuffleBytes-ChangeByte-ChangeBinInt-CopyPart-InsertByte-
#1065	NEW    cov: 9 ft: 24 corp: 8/42b lim: 14 exec/s: 0 rss: 30Mb L: 13/13 MS: 4 EraseBytes-ShuffleBytes-ChangeBit-InsertRepeatedBytes-
#1069	NEW    cov: 9 ft: 25 corp: 9/56b lim: 14 exec/s: 0 rss: 30Mb L: 14/14 MS: 4 EraseBytes-ChangeBit-CrossOver-CopyPart-
#1392	NEW    cov: 11 ft: 31 corp: 10/72b lim: 17 exec/s: 0 rss: 30Mb L: 16/16 MS: 3 PersAutoDict-ChangeBinInt-InsertRepeatedBytes- DE: "\001\000"-
#1405	NEW    cov: 11 ft: 32 corp: 11/89b lim: 17 exec/s: 0 rss: 30Mb L: 17/17 MS: 3 ChangeBit-ShuffleBytes-InsertByte-
#1418	NEW    cov: 11 ft: 34 corp: 12/104b lim: 17 exec/s: 0 rss: 30Mb L: 15/17 MS: 3 InsertRepeatedBytes-ChangeBit-InsertByte-
#1837	REDUCE cov: 11 ft: 35 corp: 13/123b lim: 21 exec/s: 0 rss: 30Mb L: 19/19 MS: 4 ChangeBit-CopyPart-CrossOver-CopyPart-
#2675	REDUCE cov: 11 ft: 36 corp: 14/150b lim: 29 exec/s: 0 rss: 30Mb L: 27/27 MS: 3 ChangeBit-ChangeBinInt-InsertRepeatedBytes-
#2766	NEW    cov: 11 ft: 37 corp: 15/179b lim: 29 exec/s: 0 rss: 30Mb L: 29/29 MS: 1 InsertRepeatedBytes-
#3208	NEW    cov: 11 ft: 38 corp: 16/210b lim: 33 exec/s: 0 rss: 30Mb L: 31/31 MS: 2 InsertRepeatedBytes-CrossOver-
#3235	NEW    cov: 11 ft: 39 corp: 17/243b lim: 33 exec/s: 0 rss: 30Mb L: 33/33 MS: 2 ChangeByte-PersAutoDict- DE: "\001\000"-
#3759	NEW    cov: 11 ft: 41 corp: 18/277b lim: 38 exec/s: 0 rss: 31Mb L: 34/34 MS: 4 ShuffleBytes-ChangeBit-CrossOver-InsertRepeatedBytes-
#11719	NEW    cov: 13 ft: 47 corp: 19/298b lim: 116 exec/s: 0 rss: 32Mb L: 21/34 MS: 5 CrossOver-ChangeBit-EraseBytes-ChangeBit-ChangeByte-
#11805	NEW    cov: 13 ft: 48 corp: 20/321b lim: 116 exec/s: 0 rss: 32Mb L: 23/34 MS: 1 PersAutoDict- DE: "\001\000"-
#11816	NEW    cov: 13 ft: 49 corp: 21/345b lim: 116 exec/s: 0 rss: 32Mb L: 24/34 MS: 1 InsertByte-
#11829	NEW    cov: 13 ft: 50 corp: 22/366b lim: 116 exec/s: 0 rss: 32Mb L: 21/34 MS: 3 ChangeByte-ChangeByte-ShuffleBytes-
#11850	NEW    cov: 13 ft: 51 corp: 23/385b lim: 116 exec/s: 0 rss: 32Mb L: 19/34 MS: 1 EraseBytes-
#11852	NEW    cov: 13 ft: 52 corp: 24/409b lim: 116 exec/s: 0 rss: 32Mb L: 24/34 MS: 2 ShuffleBytes-CrossOver-
#11904	REDUCE cov: 13 ft: 52 corp: 24/404b lim: 116 exec/s: 0 rss: 32Mb L: 18/34 MS: 2 EraseBytes-PersAutoDict- DE: "\001\000"-
#11914	REDUCE cov: 13 ft: 52 corp: 24/396b lim: 116 exec/s: 0 rss: 32Mb L: 16/34 MS: 5 CopyPart-EraseBytes-ShuffleBytes-ChangeBit-ShuffleBytes-
#12344	REDUCE cov: 13 ft: 52 corp: 24/388b lim: 116 exec/s: 0 rss: 32Mb L: 16/34 MS: 5 ChangeByte-EraseBytes-ChangeBit-InsertRepeatedBytes-CrossOver-
#12426	REDUCE cov: 13 ft: 53 corp: 25/404b lim: 116 exec/s: 0 rss: 32Mb L: 16/34 MS: 2 ChangeByte-ChangeBinInt-
#12479	REDUCE cov: 13 ft: 53 corp: 25/403b lim: 116 exec/s: 0 rss: 32Mb L: 15/34 MS: 3 ChangeByte-InsertByte-EraseBytes-
#13516	REDUCE cov: 13 ft: 53 corp: 25/397b lim: 122 exec/s: 0 rss: 32Mb L: 15/34 MS: 2 EraseBytes-CrossOver-
#13717	REDUCE cov: 13 ft: 53 corp: 25/396b lim: 122 exec/s: 0 rss: 32Mb L: 17/34 MS: 1 EraseBytes-
#14147	REDUCE cov: 13 ft: 53 corp: 25/394b lim: 122 exec/s: 0 rss: 32Mb L: 15/34 MS: 5 CMP-CMP-EraseBytes-InsertByte-ShuffleBytes- DE: "\020\000\000\000\000\000\000\000"-"\017\000\000\000\000\000\000\000"-
#14354	REDUCE cov: 13 ft: 53 corp: 25/393b lim: 122 exec/s: 0 rss: 32Mb L: 15/34 MS: 2 EraseBytes-InsertByte-
#14526	REDUCE cov: 13 ft: 54 corp: 26/409b lim: 122 exec/s: 0 rss: 32Mb L: 16/34 MS: 2 InsertByte-ChangeBinInt-
#14747	REDUCE cov: 13 ft: 55 corp: 27/424b lim: 122 exec/s: 0 rss: 32Mb L: 15/34 MS: 1 PersAutoDict- DE: "\020\000\000\000\000\000\000\000"-
#14753	NEW    cov: 25 ft: 102 corp: 28/440b lim: 122 exec/s: 0 rss: 32Mb L: 16/34 MS: 1 InsertByte-
#14926	REDUCE cov: 25 ft: 102 corp: 28/439b lim: 122 exec/s: 0 rss: 32Mb L: 15/34 MS: 3 EraseBytes-ChangeBit-CMP- DE: "\001\000"-
#15554	REDUCE cov: 25 ft: 103 corp: 29/454b lim: 128 exec/s: 0 rss: 32Mb L: 15/34 MS: 3 ChangeBinInt-ChangeBinInt-CopyPart-
#15910	NEW    cov: 25 ft: 107 corp: 30/470b lim: 128 exec/s: 0 rss: 33Mb L: 16/34 MS: 1 ChangeByte-
#15946	NEW    cov: 25 ft: 109 corp: 31/486b lim: 128 exec/s: 0 rss: 33Mb L: 16/34 MS: 1 ChangeByte-
#16342	NEW    cov: 25 ft: 111 corp: 32/502b lim: 128 exec/s: 0 rss: 33Mb L: 16/34 MS: 1 ChangeByte-
#16558	NEW    cov: 25 ft: 113 corp: 33/518b lim: 128 exec/s: 0 rss: 33Mb L: 16/34 MS: 1 ChangeBit-
#16665	NEW    cov: 25 ft: 114 corp: 34/536b lim: 128 exec/s: 0 rss: 33Mb L: 18/34 MS: 2 CrossOver-CopyPart-
#16728	REDUCE cov: 25 ft: 115 corp: 35/551b lim: 128 exec/s: 0 rss: 33Mb L: 15/34 MS: 3 EraseBytes-InsertByte-ChangeBit-
#16764	NEW    cov: 25 ft: 117 corp: 36/567b lim: 128 exec/s: 0 rss: 33Mb L: 16/34 MS: 1 ChangeBit-
#17165	NEW    cov: 25 ft: 118 corp: 37/583b lim: 128 exec/s: 0 rss: 33Mb L: 16/34 MS: 1 ChangeByte-
#17479	REDUCE cov: 25 ft: 118 corp: 37/582b lim: 128 exec/s: 0 rss: 33Mb L: 15/34 MS: 4 ChangeBit-EraseBytes-CMP-InsertByte- DE: "\001\000\000\000"-
#17506	NEW    cov: 25 ft: 119 corp: 38/600b lim: 128 exec/s: 0 rss: 33Mb L: 18/34 MS: 2 ChangeByte-ChangeBit-
#17647	NEW    cov: 25 ft: 120 corp: 39/618b lim: 128 exec/s: 0 rss: 33Mb L: 18/34 MS: 1 ChangeBinInt-
#19205	NEW    cov: 25 ft: 122 corp: 40/638b lim: 142 exec/s: 0 rss: 33Mb L: 20/34 MS: 3 InsertByte-ShuffleBytes-PersAutoDict- DE: "\001\000\000\000"-
#19602	NEW    cov: 30 ft: 141 corp: 41/654b lim: 142 exec/s: 0 rss: 33Mb L: 16/34 MS: 2 ChangeBinInt-InsertByte-
#19754	NEW    cov: 30 ft: 142 corp: 42/672b lim: 142 exec/s: 0 rss: 33Mb L: 18/34 MS: 2 ChangeByte-CMP- DE: "\001\000\000\000\000\000\000\024"-
#20045	NEW    cov: 30 ft: 143 corp: 43/688b lim: 142 exec/s: 0 rss: 33Mb L: 16/34 MS: 1 ChangeByte-
#20301	NEW    cov: 30 ft: 145 corp: 44/703b lim: 142 exec/s: 0 rss: 33Mb L: 15/34 MS: 1 ShuffleBytes-
#20931	NEW    cov: 30 ft: 147 corp: 45/723b lim: 142 exec/s: 0 rss: 34Mb L: 20/34 MS: 5 InsertRepeatedBytes-ShuffleBytes-EraseBytes-CopyPart-ChangeBit-
#22017	NEW    cov: 30 ft: 155 corp: 46/743b lim: 149 exec/s: 0 rss: 34Mb L: 20/34 MS: 1 PersAutoDict- DE: "\020\000\000\000\000\000\000\000"-
#22045	NEW    cov: 30 ft: 157 corp: 47/763b lim: 149 exec/s: 0 rss: 34Mb L: 20/34 MS: 3 ShuffleBytes-ChangeBinInt-ChangeBit-
#22356	NEW    cov: 30 ft: 161 corp: 48/779b lim: 149 exec/s: 0 rss: 34Mb L: 16/34 MS: 1 ChangeBit-
#22362	NEW    cov: 30 ft: 162 corp: 49/799b lim: 149 exec/s: 0 rss: 34Mb L: 20/34 MS: 1 CopyPart-
#22648	NEW    cov: 30 ft: 164 corp: 50/815b lim: 149 exec/s: 0 rss: 34Mb L: 16/34 MS: 1 ChangeBinInt-
#22789	NEW    cov: 30 ft: 168 corp: 51/831b lim: 149 exec/s: 0 rss: 34Mb L: 16/34 MS: 1 ShuffleBytes-
#23786	NEW    cov: 30 ft: 169 corp: 52/849b lim: 156 exec/s: 0 rss: 34Mb L: 18/34 MS: 2 ShuffleBytes-ChangeByte-
#24697	NEW    cov: 30 ft: 170 corp: 53/869b lim: 163 exec/s: 0 rss: 34Mb L: 20/34 MS: 1 CopyPart-
#24718	REDUCE cov: 30 ft: 170 corp: 53/867b lim: 163 exec/s: 0 rss: 34Mb L: 19/34 MS: 1 EraseBytes-
#24895	NEW    cov: 30 ft: 171 corp: 54/887b lim: 163 exec/s: 0 rss: 34Mb L: 20/34 MS: 2 ChangeBit-ChangeByte-
#24907	NEW    cov: 30 ft: 172 corp: 55/903b lim: 163 exec/s: 0 rss: 34Mb L: 16/34 MS: 2 ShuffleBytes-ShuffleBytes-
#24970	NEW    cov: 32 ft: 186 corp: 56/923b lim: 163 exec/s: 0 rss: 34Mb L: 20/34 MS: 3 CrossOver-ChangeBit-CopyPart-
#25386	NEW    cov: 32 ft: 187 corp: 57/943b lim: 163 exec/s: 0 rss: 34Mb L: 20/34 MS: 1 ChangeBinInt-
#25982	NEW    cov: 32 ft: 192 corp: 58/963b lim: 163 exec/s: 0 rss: 34Mb L: 20/34 MS: 1 PersAutoDict- DE: "\001\000"-
#26243	NEW    cov: 32 ft: 194 corp: 59/979b lim: 163 exec/s: 0 rss: 34Mb L: 16/34 MS: 1 ShuffleBytes-
#26714	NEW    cov: 32 ft: 196 corp: 60/999b lim: 163 exec/s: 0 rss: 34Mb L: 20/34 MS: 1 ChangeBinInt-
#29025	NEW    cov: 32 ft: 198 corp: 61/1019b lim: 184 exec/s: 0 rss: 34Mb L: 20/34 MS: 1 ShuffleBytes-
#29441	NEW    cov: 32 ft: 200 corp: 62/1035b lim: 184 exec/s: 0 rss: 35Mb L: 16/34 MS: 1 ChangeBit-
#29587	NEW    cov: 32 ft: 202 corp: 63/1055b lim: 184 exec/s: 0 rss: 35Mb L: 20/34 MS: 1 ChangeByte-
#29904	REDUCE cov: 32 ft: 202 corp: 63/1053b lim: 184 exec/s: 0 rss: 35Mb L: 16/34 MS: 2 ChangeByte-EraseBytes-
#29931	NEW    cov: 32 ft: 204 corp: 64/1073b lim: 184 exec/s: 0 rss: 35Mb L: 20/34 MS: 2 ChangeBit-ShuffleBytes-
#31682	NEW    cov: 32 ft: 206 corp: 65/1093b lim: 198 exec/s: 0 rss: 35Mb L: 20/34 MS: 1 ShuffleBytes-
#33908	NEW    cov: 32 ft: 208 corp: 66/1113b lim: 219 exec/s: 0 rss: 35Mb L: 20/34 MS: 1 ChangeBit-
#34915	NEW    cov: 32 ft: 209 corp: 67/1133b lim: 226 exec/s: 0 rss: 35Mb L: 20/34 MS: 2 ChangeByte-ChangeByte-
#35246	NEW    cov: 33 ft: 212 corp: 68/1153b lim: 226 exec/s: 0 rss: 35Mb L: 20/34 MS: 1 CopyPart-
#35832	NEW    cov: 33 ft: 213 corp: 69/1173b lim: 226 exec/s: 0 rss: 35Mb L: 20/34 MS: 1 CrossOver-
#36899	NEW    cov: 33 ft: 214 corp: 70/1193b lim: 233 exec/s: 0 rss: 35Mb L: 20/34 MS: 2 ChangeBit-ChangeBinInt-
#37205	NEW    cov: 33 ft: 215 corp: 71/1213b lim: 233 exec/s: 0 rss: 35Mb L: 20/34 MS: 1 ChangeBinInt-
#43246	NEW    cov: 33 ft: 216 corp: 72/1233b lim: 293 exec/s: 0 rss: 35Mb L: 20/34 MS: 1 ChangeBinInt-
#43282	NEW    cov: 33 ft: 218 corp: 73/1253b lim: 293 exec/s: 0 rss: 35Mb L: 20/34 MS: 1 ChangeByte-
#43382	NEW    cov: 33 ft: 219 corp: 74/1273b lim: 293 exec/s: 0 rss: 35Mb L: 20/34 MS: 5 CrossOver-ChangeBinInt-CopyPart-PersAutoDict-CopyPart- DE: "\001\000\000\000\000\000\000\024"-
#43498	NEW    cov: 33 ft: 221 corp: 75/1289b lim: 293 exec/s: 0 rss: 35Mb L: 16/34 MS: 1 ChangeBit-
#43686	NEW    cov: 34 ft: 224 corp: 76/1305b lim: 293 exec/s: 0 rss: 35Mb L: 16/34 MS: 3 ChangeByte-ChangeBit-ShuffleBytes-
#44247	NEW    cov: 34 ft: 225 corp: 77/1325b lim: 293 exec/s: 0 rss: 35Mb L: 20/34 MS: 1 ChangeBit-
#51818	NEW    cov: 34 ft: 226 corp: 78/1345b lim: 365 exec/s: 0 rss: 35Mb L: 20/34 MS: 1 ChangeByte-
#53609	NEW    cov: 34 ft: 227 corp: 79/1365b lim: 381 exec/s: 0 rss: 35Mb L: 20/34 MS: 1 ChangeBinInt-
#55211	NEW    cov: 46 ft: 279 corp: 80/1385b lim: 389 exec/s: 0 rss: 35Mb L: 20/34 MS: 2 ChangeBit-CopyPart-
#67477	NEW    cov: 46 ft: 280 corp: 81/1405b lim: 509 exec/s: 0 rss: 35Mb L: 20/34 MS: 1 ChangeBit-
#69378	NEW    cov: 46 ft: 282 corp: 82/1425b lim: 526 exec/s: 0 rss: 35Mb L: 20/34 MS: 1 ChangeBit-
#74849	NEW    cov: 46 ft: 284 corp: 83/1445b lim: 580 exec/s: 0 rss: 35Mb L: 20/34 MS: 1 CopyPart-
#78115	NEW    cov: 46 ft: 285 corp: 84/1460b lim: 607 exec/s: 0 rss: 35Mb L: 15/34 MS: 1 ChangeBinInt-
#78723	REDUCE cov: 46 ft: 285 corp: 84/1458b lim: 607 exec/s: 0 rss: 35Mb L: 16/34 MS: 3 CopyPart-ChangeBit-EraseBytes-
#90694	NEW    cov: 46 ft: 286 corp: 85/1478b lim: 724 exec/s: 0 rss: 35Mb L: 20/34 MS: 1 ChangeBit-
#127015	NEW    cov: 46 ft: 287 corp: 86/1494b lim: 1080 exec/s: 0 rss: 35Mb L: 16/34 MS: 1 ChangeByte-
#129533	REDUCE cov: 46 ft: 287 corp: 86/1492b lim: 1100 exec/s: 0 rss: 35Mb L: 17/34 MS: 3 EraseBytes-CopyPart-CopyPart-
#140585	NEW    cov: 48 ft: 295 corp: 87/1512b lim: 1200 exec/s: 0 rss: 35Mb L: 20/34 MS: 2 ShuffleBytes-ChangeByte-
#147392	NEW    cov: 49 ft: 300 corp: 88/1532b lim: 1260 exec/s: 0 rss: 35Mb L: 20/34 MS: 2 ChangeByte-ChangeByte-
#147614	NEW    cov: 49 ft: 302 corp: 89/1552b lim: 1260 exec/s: 0 rss: 35Mb L: 20/34 MS: 2 ChangeBit-ShuffleBytes-
#147977	NEW    cov: 49 ft: 303 corp: 90/1572b lim: 1260 exec/s: 0 rss: 35Mb L: 20/34 MS: 3 ChangeByte-ChangeBinInt-ChangeBinInt-
#148038	NEW    cov: 49 ft: 304 corp: 91/1592b lim: 1260 exec/s: 0 rss: 35Mb L: 20/34 MS: 1 ChangeBinInt-
#148439	NEW    cov: 49 ft: 305 corp: 92/1612b lim: 1260 exec/s: 0 rss: 35Mb L: 20/34 MS: 1 ShuffleBytes-
#150565	NEW    cov: 49 ft: 306 corp: 93/1632b lim: 1280 exec/s: 0 rss: 35Mb L: 20/34 MS: 1 ChangeByte-
#150616	NEW    cov: 49 ft: 307 corp: 94/1652b lim: 1280 exec/s: 0 rss: 35Mb L: 20/34 MS: 1 CopyPart-
#150907	NEW    cov: 49 ft: 308 corp: 95/1672b lim: 1280 exec/s: 0 rss: 35Mb L: 20/34 MS: 1 ChangeBit-
#152028	NEW    cov: 49 ft: 309 corp: 96/1692b lim: 1290 exec/s: 0 rss: 35Mb L: 20/34 MS: 1 ChangeByte-
#152839	NEW    cov: 49 ft: 310 corp: 97/1712b lim: 1290 exec/s: 0 rss: 35Mb L: 20/34 MS: 1 ChangeBit-
#154670	NEW    cov: 49 ft: 311 corp: 98/1732b lim: 1300 exec/s: 0 rss: 35Mb L: 20/34 MS: 1 ChangeASCIIInt-
#157497	NEW    cov: 49 ft: 312 corp: 99/1752b lim: 1320 exec/s: 0 rss: 35Mb L: 20/34 MS: 2 CMP-ChangeASCIIInt- DE: "\025\000\000\000\000\000\000\000"-
#163180	REDUCE cov: 49 ft: 312 corp: 99/1750b lim: 1370 exec/s: 0 rss: 35Mb L: 15/34 MS: 3 EraseBytes-CopyPart-CMP- DE: "\377i"-
#163331	NEW    cov: 49 ft: 313 corp: 100/1766b lim: 1370 exec/s: 0 rss: 35Mb L: 16/34 MS: 1 ChangeBit-
#166183	NEW    cov: 49 ft: 314 corp: 101/1786b lim: 1390 exec/s: 0 rss: 35Mb L: 20/34 MS: 2 CopyPart-CopyPart-
#170179	NEW    cov: 49 ft: 315 corp: 102/1806b lim: 1420 exec/s: 0 rss: 35Mb L: 20/34 MS: 1 ShuffleBytes-
#173330	NEW    cov: 49 ft: 316 corp: 103/1826b lim: 1450 exec/s: 0 rss: 35Mb L: 20/34 MS: 1 ChangeBit-
#179051	NEW    cov: 49 ft: 317 corp: 104/1846b lim: 1500 exec/s: 0 rss: 35Mb L: 20/34 MS: 1 ChangeBit-
#192603	NEW    cov: 49 ft: 318 corp: 105/1866b lim: 1630 exec/s: 0 rss: 35Mb L: 20/34 MS: 2 CopyPart-ShuffleBytes-
#198760	REDUCE cov: 49 ft: 318 corp: 105/1864b lim: 1690 exec/s: 0 rss: 35Mb L: 18/34 MS: 2 ChangeByte-EraseBytes-
#204732	REDUCE cov: 49 ft: 318 corp: 105/1862b lim: 1740 exec/s: 0 rss: 35Mb L: 18/34 MS: 2 ChangeByte-EraseBytes-
#205885	REDUCE cov: 49 ft: 318 corp: 105/1860b lim: 1750 exec/s: 0 rss: 35Mb L: 18/34 MS: 3 PersAutoDict-EraseBytes-InsertByte- DE: "\020\000\000\000\000\000\000\000"-
#207626	NEW    cov: 49 ft: 319 corp: 106/1880b lim: 1760 exec/s: 0 rss: 35Mb L: 20/34 MS: 1 ChangeBit-
#207642	NEW    cov: 49 ft: 320 corp: 107/1900b lim: 1760 exec/s: 0 rss: 35Mb L: 20/34 MS: 1 ShuffleBytes-
#207809	NEW    cov: 49 ft: 321 corp: 108/1920b lim: 1760 exec/s: 0 rss: 35Mb L: 20/34 MS: 2 CMP-ChangeBit- DE: "#\000\000\000\000\000\000\000"-
#211816	NEW    cov: 49 ft: 325 corp: 109/1940b lim: 1790 exec/s: 0 rss: 35Mb L: 20/34 MS: 2 ChangeBit-CopyPart-
#213645	NEW    cov: 49 ft: 326 corp: 110/1960b lim: 1800 exec/s: 0 rss: 35Mb L: 20/34 MS: 4 CrossOver-ChangeASCIIInt-ChangeByte-ShuffleBytes-
#217822	NEW    cov: 49 ft: 327 corp: 111/1980b lim: 1840 exec/s: 0 rss: 35Mb L: 20/34 MS: 2 ShuffleBytes-CopyPart-
#224778	NEW    cov: 49 ft: 328 corp: 112/2000b lim: 1900 exec/s: 0 rss: 35Mb L: 20/34 MS: 1 ShuffleBytes-
#227810	NEW    cov: 49 ft: 329 corp: 113/2020b lim: 1930 exec/s: 0 rss: 35Mb L: 20/34 MS: 2 CMP-CrossOver- DE: "\001\000\000\000\000\000\000\015"-
#228297	REDUCE cov: 49 ft: 329 corp: 113/2018b lim: 1930 exec/s: 0 rss: 35Mb L: 18/34 MS: 2 ChangeBit-EraseBytes-
#231590	NEW    cov: 49 ft: 330 corp: 114/2038b lim: 1960 exec/s: 0 rss: 35Mb L: 20/34 MS: 3 ShuffleBytes-CrossOver-CopyPart-
#232007	NEW    cov: 49 ft: 331 corp: 115/2058b lim: 1960 exec/s: 0 rss: 35Mb L: 20/34 MS: 2 ChangeByte-CopyPart-
#241848	NEW    cov: 49 ft: 332 corp: 116/2078b lim: 2050 exec/s: 0 rss: 35Mb L: 20/34 MS: 1 CopyPart-
#242469	NEW    cov: 49 ft: 333 corp: 117/2098b lim: 2050 exec/s: 0 rss: 35Mb L: 20/34 MS: 1 ShuffleBytes-
#245725	NEW    cov: 49 ft: 336 corp: 118/2118b lim: 2072 exec/s: 0 rss: 35Mb L: 20/34 MS: 1 ChangeByte-
#246471	NEW    cov: 49 ft: 337 corp: 119/2138b lim: 2072 exec/s: 0 rss: 35Mb L: 20/34 MS: 1 ChangeBit-
#247898	NEW    cov: 49 ft: 338 corp: 120/2158b lim: 2083 exec/s: 0 rss: 35Mb L: 20/34 MS: 2 ShuffleBytes-CopyPart-
#248305	NEW    cov: 49 ft: 340 corp: 121/2178b lim: 2083 exec/s: 0 rss: 35Mb L: 20/34 MS: 2 ShuffleBytes-ChangeBinInt-
#249871	NEW    cov: 49 ft: 341 corp: 122/2198b lim: 2094 exec/s: 0 rss: 35Mb L: 20/34 MS: 1 ChangeASCIIInt-
#251407	NEW    cov: 49 ft: 342 corp: 123/2218b lim: 2105 exec/s: 0 rss: 35Mb L: 20/34 MS: 1 CopyPart-
#251749	NEW    cov: 49 ft: 343 corp: 124/2238b lim: 2105 exec/s: 0 rss: 35Mb L: 20/34 MS: 2 ShuffleBytes-ChangeASCIIInt-
#251960	NEW    cov: 49 ft: 345 corp: 125/2258b lim: 2105 exec/s: 0 rss: 35Mb L: 20/34 MS: 1 ChangeByte-
#252316	NEW    cov: 49 ft: 347 corp: 126/2278b lim: 2105 exec/s: 0 rss: 35Mb L: 20/34 MS: 1 ChangeASCIIInt-
#252502	NEW    cov: 49 ft: 348 corp: 127/2298b lim: 2105 exec/s: 0 rss: 35Mb L: 20/34 MS: 1 ChangeBinInt-
#253083	NEW    cov: 49 ft: 350 corp: 128/2318b lim: 2105 exec/s: 0 rss: 35Mb L: 20/34 MS: 1 ChangeASCIIInt-
#253614	NEW    cov: 49 ft: 351 corp: 129/2338b lim: 2105 exec/s: 0 rss: 35Mb L: 20/34 MS: 1 ChangeBinInt-
#253775	NEW    cov: 49 ft: 352 corp: 130/2358b lim: 2105 exec/s: 0 rss: 35Mb L: 20/34 MS: 1 ChangeASCIIInt-
#254256	NEW    cov: 49 ft: 354 corp: 131/2378b lim: 2105 exec/s: 0 rss: 35Mb L: 20/34 MS: 1 ShuffleBytes-
#255647	NEW    cov: 49 ft: 356 corp: 132/2398b lim: 2116 exec/s: 0 rss: 35Mb L: 20/34 MS: 1 ChangeBit-
#257889	REDUCE cov: 49 ft: 356 corp: 132/2396b lim: 2138 exec/s: 0 rss: 35Mb L: 18/34 MS: 2 EraseBytes-ChangeByte-
#258626	REDUCE cov: 49 ft: 356 corp: 132/2394b lim: 2138 exec/s: 0 rss: 35Mb L: 18/34 MS: 2 ChangeByte-EraseBytes-
#259002	NEW    cov: 49 ft: 357 corp: 133/2414b lim: 2138 exec/s: 0 rss: 35Mb L: 20/34 MS: 1 ChangeBit-
#261783	NEW    cov: 49 ft: 358 corp: 134/2434b lim: 2160 exec/s: 0 rss: 35Mb L: 20/34 MS: 1 ChangeASCIIInt-
#263049	NEW    cov: 49 ft: 359 corp: 135/2450b lim: 2171 exec/s: 0 rss: 35Mb L: 16/34 MS: 1 ChangeByte-
#263175	NEW    cov: 49 ft: 360 corp: 136/2470b lim: 2171 exec/s: 0 rss: 35Mb L: 20/34 MS: 1 ShuffleBytes-
#265111	NEW    cov: 49 ft: 361 corp: 137/2490b lim: 2182 exec/s: 0 rss: 35Mb L: 20/34 MS: 1 ChangeBit-
#268220	REDUCE cov: 49 ft: 361 corp: 137/2488b lim: 2204 exec/s: 0 rss: 35Mb L: 18/34 MS: 4 ChangeByte-CrossOver-CMP-EraseBytes- DE: "\377y"-
#268232	NEW    cov: 49 ft: 362 corp: 138/2508b lim: 2204 exec/s: 0 rss: 35Mb L: 20/34 MS: 2 ChangeBit-ShuffleBytes-
#283500	REDUCE cov: 49 ft: 362 corp: 138/2506b lim: 2347 exec/s: 0 rss: 35Mb L: 18/34 MS: 3 PersAutoDict-EraseBytes-ChangeBinInt- DE: "\020\000\000\000\000\000\000\000"-
#296322	REDUCE cov: 49 ft: 362 corp: 138/2504b lim: 2468 exec/s: 0 rss: 35Mb L: 18/34 MS: 2 EraseBytes-ChangeByte-
#302640	REDUCE cov: 49 ft: 362 corp: 138/2502b lim: 2523 exec/s: 0 rss: 35Mb L: 16/34 MS: 3 ChangeBinInt-ShuffleBytes-EraseBytes-
#308570	REDUCE cov: 49 ft: 362 corp: 138/2500b lim: 2578 exec/s: 0 rss: 35Mb L: 18/34 MS: 5 ShuffleBytes-InsertByte-EraseBytes-InsertByte-ChangeBinInt-
#313807	NEW    cov: 49 ft: 363 corp: 139/2520b lim: 2622 exec/s: 0 rss: 36Mb L: 20/34 MS: 2 ShuffleBytes-CopyPart-
#314408	NEW    cov: 49 ft: 364 corp: 140/2540b lim: 2622 exec/s: 0 rss: 36Mb L: 20/34 MS: 1 ChangeASCIIInt-
#315944	NEW    cov: 49 ft: 365 corp: 141/2560b lim: 2633 exec/s: 0 rss: 36Mb L: 20/34 MS: 1 CopyPart-
#317695	NEW    cov: 49 ft: 366 corp: 142/2580b lim: 2644 exec/s: 0 rss: 36Mb L: 20/34 MS: 1 ShuffleBytes-
#324211	NEW    cov: 49 ft: 367 corp: 143/2600b lim: 2699 exec/s: 0 rss: 36Mb L: 20/34 MS: 1 CrossOver-
#361340	REDUCE cov: 49 ft: 367 corp: 143/2598b lim: 3062 exec/s: 0 rss: 36Mb L: 18/34 MS: 4 ShuffleBytes-CrossOver-EraseBytes-EraseBytes-
#365085	REDUCE cov: 49 ft: 367 corp: 143/2597b lim: 3095 exec/s: 0 rss: 36Mb L: 15/34 MS: 5 CopyPart-ChangeBit-EraseBytes-InsertByte-InsertByte-
#383703	REDUCE cov: 49 ft: 367 corp: 143/2595b lim: 3271 exec/s: 0 rss: 36Mb L: 17/34 MS: 3 ShuffleBytes-ChangeBit-EraseBytes-
#428481	REDUCE cov: 49 ft: 367 corp: 143/2593b lim: 3711 exec/s: 428481 rss: 36Mb L: 18/34 MS: 3 ChangeBit-ChangeBit-EraseBytes-
#454869	REDUCE cov: 49 ft: 367 corp: 143/2591b lim: 3964 exec/s: 454869 rss: 36Mb L: 16/34 MS: 3 ChangeBinInt-ShuffleBytes-EraseBytes-
#480735	NEW    cov: 49 ft: 368 corp: 144/2607b lim: 4096 exec/s: 480735 rss: 36Mb L: 16/34 MS: 1 ChangeBit-
#491284	REDUCE cov: 49 ft: 368 corp: 144/2603b lim: 4096 exec/s: 491284 rss: 36Mb L: 16/34 MS: 4 ChangeBit-PersAutoDict-InsertByte-EraseBytes- DE: "\377y"-
#529155	NEW    cov: 49 ft: 370 corp: 145/2623b lim: 4096 exec/s: 529155 rss: 36Mb L: 20/34 MS: 1 CopyPart-
#535872	REDUCE cov: 49 ft: 370 corp: 145/2621b lim: 4096 exec/s: 535872 rss: 36Mb L: 18/34 MS: 2 CrossOver-EraseBytes-
#543832	REDUCE cov: 49 ft: 370 corp: 145/2619b lim: 4096 exec/s: 543832 rss: 36Mb L: 18/34 MS: 5 ChangeByte-ChangeByte-ChangeByte-InsertByte-EraseBytes-
#592122	REDUCE cov: 49 ft: 370 corp: 145/2617b lim: 4096 exec/s: 592122 rss: 36Mb L: 18/34 MS: 5 ChangeBinInt-CopyPart-InsertByte-PersAutoDict-EraseBytes- DE: "\377y"-
#599615	REDUCE cov: 49 ft: 370 corp: 145/2615b lim: 4096 exec/s: 599615 rss: 36Mb L: 16/34 MS: 3 ChangeBinInt-EraseBytes-PersAutoDict- DE: "\377i"-
#626072	REDUCE cov: 49 ft: 370 corp: 145/2611b lim: 4096 exec/s: 626072 rss: 36Mb L: 16/34 MS: 2 EraseBytes-ChangeBinInt-
#634539	REDUCE cov: 49 ft: 370 corp: 145/2609b lim: 4096 exec/s: 634539 rss: 36Mb L: 18/34 MS: 2 PersAutoDict-EraseBytes- DE: "\377i"-
#661586	REDUCE cov: 49 ft: 370 corp: 145/2605b lim: 4096 exec/s: 661586 rss: 36Mb L: 16/34 MS: 2 EraseBytes-CrossOver-
#672724	REDUCE cov: 49 ft: 370 corp: 145/2603b lim: 4096 exec/s: 672724 rss: 36Mb L: 18/34 MS: 3 CopyPart-CMP-EraseBytes- DE: "\377\377\377m"-
#750672	REDUCE cov: 49 ft: 370 corp: 145/2601b lim: 4096 exec/s: 750672 rss: 36Mb L: 18/34 MS: 3 CrossOver-InsertByte-EraseBytes-
#761332	REDUCE cov: 49 ft: 370 corp: 145/2597b lim: 4096 exec/s: 761332 rss: 36Mb L: 16/34 MS: 5 InsertByte-PersAutoDict-CrossOver-ChangeByte-EraseBytes- DE: "\377y"-
#765176	REDUCE cov: 49 ft: 370 corp: 145/2595b lim: 4096 exec/s: 765176 rss: 36Mb L: 16/34 MS: 4 ChangeByte-ChangeASCIIInt-PersAutoDict-EraseBytes- DE: "\377\377\377m"-
#782131	REDUCE cov: 49 ft: 370 corp: 145/2591b lim: 4096 exec/s: 782131 rss: 36Mb L: 16/34 MS: 5 ChangeASCIIInt-CrossOver-EraseBytes-ChangeBit-EraseBytes-
#796039	REDUCE cov: 49 ft: 370 corp: 145/2589b lim: 4096 exec/s: 796039 rss: 36Mb L: 18/34 MS: 3 ChangeBit-EraseBytes-InsertByte-
#815814	REDUCE cov: 49 ft: 370 corp: 145/2587b lim: 4096 exec/s: 815814 rss: 36Mb L: 16/34 MS: 5 CopyPart-ChangeASCIIInt-EraseBytes-InsertByte-InsertByte-
#872200	NEW    cov: 49 ft: 373 corp: 146/2607b lim: 4096 exec/s: 872200 rss: 36Mb L: 20/34 MS: 1 CrossOver-
#903952	REDUCE cov: 49 ft: 373 corp: 146/2605b lim: 4096 exec/s: 451976 rss: 36Mb L: 18/34 MS: 2 ChangeByte-EraseBytes-
#924441	NEW    cov: 49 ft: 374 corp: 147/2621b lim: 4096 exec/s: 462220 rss: 36Mb L: 16/34 MS: 4 ChangeByte-ShuffleBytes-EraseBytes-PersAutoDict- DE: "\001\000\000\000\000\000\000\024"-
#924624	REDUCE cov: 49 ft: 374 corp: 147/2620b lim: 4096 exec/s: 462312 rss: 36Mb L: 15/34 MS: 3 ChangeByte-EraseBytes-PersAutoDict- DE: "\377i"-
#924693	REDUCE cov: 49 ft: 374 corp: 147/2616b lim: 4096 exec/s: 462346 rss: 36Mb L: 16/34 MS: 4 InsertByte-EraseBytes-InsertByte-ChangeBinInt-
#926190	REDUCE cov: 49 ft: 374 corp: 147/2614b lim: 4096 exec/s: 463095 rss: 36Mb L: 18/34 MS: 2 EraseBytes-ChangeBit-
#926357	REDUCE cov: 49 ft: 375 corp: 148/2629b lim: 4096 exec/s: 463178 rss: 36Mb L: 15/34 MS: 2 ChangeByte-ChangeBinInt-
#930778	NEW    cov: 49 ft: 377 corp: 149/2649b lim: 4096 exec/s: 465389 rss: 36Mb L: 20/34 MS: 1 ChangeBit-
#967650	REDUCE cov: 49 ft: 378 corp: 150/2668b lim: 4096 exec/s: 483825 rss: 36Mb L: 19/34 MS: 2 PersAutoDict-ChangeBinInt- DE: "\001\000\000\000"-
#970564	REDUCE cov: 49 ft: 378 corp: 150/2664b lim: 4096 exec/s: 485282 rss: 36Mb L: 16/34 MS: 4 InsertByte-EraseBytes-ChangeBinInt-ChangeBinInt-
#978738	REDUCE cov: 49 ft: 378 corp: 150/2662b lim: 4096 exec/s: 489369 rss: 36Mb L: 17/34 MS: 4 ShuffleBytes-ChangeByte-ChangeBit-EraseBytes-
#993960	REDUCE cov: 49 ft: 378 corp: 150/2660b lim: 4096 exec/s: 496980 rss: 36Mb L: 16/34 MS: 2 PersAutoDict-EraseBytes- DE: "\377\377\377m"-
#1048576	pulse  cov: 49 ft: 378 corp: 150/2660b lim: 4096 exec/s: 524288 rss: 36Mb
#1066481	NEW    cov: 49 ft: 380 corp: 151/2680b lim: 4096 exec/s: 533240 rss: 36Mb L: 20/34 MS: 1 CopyPart-
#1083613	REDUCE cov: 49 ft: 380 corp: 151/2678b lim: 4096 exec/s: 541806 rss: 36Mb L: 18/34 MS: 2 EraseBytes-CrossOver-
#1131295	NEW    cov: 49 ft: 384 corp: 152/2698b lim: 4096 exec/s: 565647 rss: 36Mb L: 20/34 MS: 2 ChangeBit-CopyPart-
#1138782	REDUCE cov: 49 ft: 384 corp: 152/2696b lim: 4096 exec/s: 569391 rss: 36Mb L: 18/34 MS: 2 PersAutoDict-EraseBytes- DE: "\377i"-
#1174043	NEW    cov: 49 ft: 387 corp: 153/2716b lim: 4096 exec/s: 587021 rss: 36Mb L: 20/34 MS: 1 ChangeASCIIInt-
#1198820	NEW    cov: 49 ft: 389 corp: 154/2736b lim: 4096 exec/s: 599410 rss: 36Mb L: 20/34 MS: 2 ShuffleBytes-ChangeBinInt-
#1236597	REDUCE cov: 49 ft: 389 corp: 154/2734b lim: 4096 exec/s: 618298 rss: 36Mb L: 18/34 MS: 2 ChangeBit-EraseBytes-
#1260178	NEW    cov: 49 ft: 392 corp: 155/2754b lim: 4096 exec/s: 630089 rss: 36Mb L: 20/34 MS: 1 ChangeASCIIInt-
#1274720	REDUCE cov: 49 ft: 392 corp: 155/2750b lim: 4096 exec/s: 637360 rss: 36Mb L: 16/34 MS: 2 ChangeBinInt-EraseBytes-
#1281018	REDUCE cov: 49 ft: 392 corp: 155/2748b lim: 4096 exec/s: 640509 rss: 36Mb L: 18/34 MS: 3 InsertByte-EraseBytes-InsertByte-
#1285711	REDUCE cov: 49 ft: 392 corp: 155/2746b lim: 4096 exec/s: 642855 rss: 36Mb L: 18/34 MS: 3 CopyPart-PersAutoDict-EraseBytes- DE: "\377i"-
#1327288	NEW    cov: 49 ft: 393 corp: 156/2766b lim: 4096 exec/s: 663644 rss: 36Mb L: 20/34 MS: 2 ChangeByte-CopyPart-
#1340719	NEW    cov: 49 ft: 395 corp: 157/2786b lim: 4096 exec/s: 446906 rss: 36Mb L: 20/34 MS: 1 CrossOver-
#1376996	NEW    cov: 49 ft: 396 corp: 158/2815b lim: 4096 exec/s: 458998 rss: 36Mb L: 29/34 MS: 2 ShuffleBytes-InsertRepeatedBytes-
#1412854	REDUCE cov: 49 ft: 396 corp: 158/2813b lim: 4096 exec/s: 470951 rss: 36Mb L: 18/34 MS: 3 ChangeBinInt-ChangeBinInt-EraseBytes-
#1447416	REDUCE cov: 49 ft: 396 corp: 158/2809b lim: 4096 exec/s: 482472 rss: 36Mb L: 16/34 MS: 2 ChangeBit-EraseBytes-
#1451167	NEW    cov: 50 ft: 402 corp: 159/2838b lim: 4096 exec/s: 483722 rss: 36Mb L: 29/34 MS: 1 ShuffleBytes-
#1454609	REDUCE cov: 50 ft: 402 corp: 159/2836b lim: 4096 exec/s: 484869 rss: 36Mb L: 16/34 MS: 2 EraseBytes-PersAutoDict- DE: "\377i"-
#1466762	NEW    cov: 50 ft: 403 corp: 160/2856b lim: 4096 exec/s: 488920 rss: 36Mb L: 20/34 MS: 3 ChangeASCIIInt-ChangeBit-ChangeASCIIInt-
#1554815	REDUCE cov: 50 ft: 403 corp: 160/2854b lim: 4096 exec/s: 518271 rss: 36Mb L: 18/34 MS: 3 ChangeBit-ChangeBinInt-EraseBytes-
#1675461	NEW    cov: 50 ft: 404 corp: 161/2874b lim: 4096 exec/s: 558487 rss: 36Mb L: 20/34 MS: 1 ChangeBit-
#1775658	REDUCE cov: 50 ft: 404 corp: 161/2872b lim: 4096 exec/s: 591886 rss: 36Mb L: 18/34 MS: 2 EraseBytes-ChangeBit-
#1827209	NEW    cov: 50 ft: 405 corp: 162/2906b lim: 4096 exec/s: 456802 rss: 36Mb L: 34/34 MS: 1 InsertRepeatedBytes-
#1830627	REDUCE cov: 50 ft: 405 corp: 162/2904b lim: 4096 exec/s: 457656 rss: 36Mb L: 16/34 MS: 3 InsertByte-EraseBytes-ChangeByte-
#1841031	REDUCE cov: 50 ft: 405 corp: 162/2902b lim: 4096 exec/s: 460257 rss: 36Mb L: 18/34 MS: 4 ShuffleBytes-ChangeBit-EraseBytes-EraseBytes-
#1843094	REDUCE cov: 50 ft: 405 corp: 162/2900b lim: 4096 exec/s: 460773 rss: 36Mb L: 18/34 MS: 3 CMP-EraseBytes-ChangeBinInt- DE: "f\000\000\000\000\000\000\000"-
#1853382	REDUCE cov: 50 ft: 405 corp: 162/2898b lim: 4096 exec/s: 463345 rss: 36Mb L: 16/34 MS: 3 InsertByte-ChangeByte-EraseBytes-
#1876878	REDUCE cov: 50 ft: 405 corp: 162/2897b lim: 4096 exec/s: 469219 rss: 36Mb L: 33/34 MS: 1 EraseBytes-
#1904000	REDUCE cov: 50 ft: 405 corp: 162/2895b lim: 4096 exec/s: 476000 rss: 36Mb L: 16/34 MS: 2 ChangeByte-EraseBytes-
#1942846	REDUCE cov: 50 ft: 405 corp: 162/2894b lim: 4096 exec/s: 485711 rss: 36Mb L: 32/34 MS: 1 EraseBytes-
#2012335	REDUCE cov: 50 ft: 405 corp: 162/2892b lim: 4096 exec/s: 503083 rss: 36Mb L: 16/34 MS: 4 CopyPart-ChangeByte-ChangeBit-EraseBytes-
#2022232	REDUCE cov: 50 ft: 405 corp: 162/2890b lim: 4096 exec/s: 505558 rss: 36Mb L: 18/34 MS: 2 EraseBytes-ChangeByte-
#2097152	pulse  cov: 50 ft: 405 corp: 162/2890b lim: 4096 exec/s: 524288 rss: 36Mb
#2146904	REDUCE cov: 50 ft: 405 corp: 162/2888b lim: 4096 exec/s: 536726 rss: 36Mb L: 18/34 MS: 2 ChangeBit-EraseBytes-
#2363441	REDUCE cov: 50 ft: 405 corp: 162/2886b lim: 4096 exec/s: 472688 rss: 36Mb L: 16/34 MS: 2 ChangeByte-EraseBytes-
#2669319	REDUCE cov: 50 ft: 405 corp: 162/2884b lim: 4096 exec/s: 533863 rss: 36Mb L: 16/34 MS: 3 ChangeByte-CopyPart-EraseBytes-
#2745276	REDUCE cov: 50 ft: 405 corp: 162/2880b lim: 4096 exec/s: 457546 rss: 36Mb L: 16/34 MS: 2 ChangeBinInt-EraseBytes-
#2823009	REDUCE cov: 50 ft: 405 corp: 162/2878b lim: 4096 exec/s: 470501 rss: 36Mb L: 18/34 MS: 3 InsertByte-CopyPart-EraseBytes-
#2887231	REDUCE cov: 50 ft: 405 corp: 162/2876b lim: 4096 exec/s: 481205 rss: 36Mb L: 16/34 MS: 2 ChangeBit-EraseBytes-
#3045418	REDUCE cov: 50 ft: 405 corp: 162/2874b lim: 4096 exec/s: 507569 rss: 36Mb L: 16/34 MS: 2 ChangeByte-EraseBytes-
#3086940	REDUCE cov: 50 ft: 405 corp: 162/2872b lim: 4096 exec/s: 514490 rss: 36Mb L: 16/34 MS: 2 ChangeBinInt-EraseBytes-
#3142045	REDUCE cov: 50 ft: 405 corp: 162/2870b lim: 4096 exec/s: 448863 rss: 36Mb L: 18/34 MS: 5 ChangeASCIIInt-ChangeByte-EraseBytes-ChangeASCIIInt-InsertByte-
#3330463	REDUCE cov: 50 ft: 405 corp: 162/2868b lim: 4096 exec/s: 475780 rss: 36Mb L: 16/34 MS: 3 PersAutoDict-ChangeByte-EraseBytes- DE: "\377i"-
#3356964	NEW    cov: 50 ft: 406 corp: 163/2888b lim: 4096 exec/s: 479566 rss: 36Mb L: 20/34 MS: 1 CopyPart-
#3550496	REDUCE cov: 50 ft: 406 corp: 163/2886b lim: 4096 exec/s: 507213 rss: 36Mb L: 16/34 MS: 2 EraseBytes-ChangeByte-
#3643331	REDUCE cov: 50 ft: 406 corp: 163/2884b lim: 4096 exec/s: 455416 rss: 36Mb L: 16/34 MS: 5 ChangeASCIIInt-ChangeByte-EraseBytes-ChangeASCIIInt-ChangeByte-
#3686435	REDUCE cov: 50 ft: 406 corp: 163/2882b lim: 4096 exec/s: 460804 rss: 36Mb L: 18/34 MS: 4 ChangeASCIIInt-ChangeASCIIInt-EraseBytes-ChangeBit-
#3711929	REDUCE cov: 50 ft: 406 corp: 163/2880b lim: 4096 exec/s: 463991 rss: 36Mb L: 18/34 MS: 4 InsertByte-ShuffleBytes-ChangeBinInt-EraseBytes-
#4261401	REDUCE cov: 50 ft: 406 corp: 163/2878b lim: 4096 exec/s: 473489 rss: 36Mb L: 16/34 MS: 2 CopyPart-EraseBytes-
#4563358	REDUCE cov: 50 ft: 406 corp: 163/2876b lim: 4096 exec/s: 456335 rss: 36Mb L: 16/34 MS: 2 CopyPart-EraseBytes-
#4823543	REDUCE cov: 50 ft: 406 corp: 163/2874b lim: 4096 exec/s: 482354 rss: 36Mb L: 18/34 MS: 5 EraseBytes-CopyPart-CopyPart-CrossOver-InsertByte-
#4845502	REDUCE cov: 50 ft: 406 corp: 163/2872b lim: 4096 exec/s: 484550 rss: 36Mb L: 16/34 MS: 4 CopyPart-ChangeByte-EraseBytes-ChangeByte-
#4888096	REDUCE cov: 50 ft: 406 corp: 163/2870b lim: 4096 exec/s: 488809 rss: 36Mb L: 16/34 MS: 4 InsertByte-CrossOver-EraseBytes-ChangeBinInt-
#4951903	NEW    cov: 50 ft: 407 corp: 164/2890b lim: 4096 exec/s: 450173 rss: 36Mb L: 20/34 MS: 2 CopyPart-ChangeBinInt-
#5031636	REDUCE cov: 50 ft: 407 corp: 164/2888b lim: 4096 exec/s: 457421 rss: 36Mb L: 16/34 MS: 3 EraseBytes-ChangeByte-ChangeByte-
#5056333	REDUCE cov: 50 ft: 407 corp: 164/2886b lim: 4096 exec/s: 459666 rss: 36Mb L: 16/34 MS: 2 PersAutoDict-EraseBytes- DE: "\377i"-
#5130796	REDUCE cov: 50 ft: 407 corp: 164/2884b lim: 4096 exec/s: 466436 rss: 36Mb L: 16/34 MS: 3 InsertByte-CopyPart-EraseBytes-
#5198067	NEW    cov: 50 ft: 408 corp: 165/2904b lim: 4096 exec/s: 472551 rss: 36Mb L: 20/34 MS: 1 ChangeBit-
#5263464	REDUCE cov: 50 ft: 408 corp: 165/2902b lim: 4096 exec/s: 478496 rss: 36Mb L: 18/34 MS: 2 EraseBytes-ChangeBit-
#5380011	REDUCE cov: 50 ft: 409 corp: 166/2918b lim: 4096 exec/s: 448334 rss: 36Mb L: 16/34 MS: 2 ChangeASCIIInt-ChangeBit-
#5572408	REDUCE cov: 50 ft: 409 corp: 166/2916b lim: 4096 exec/s: 464367 rss: 36Mb L: 16/34 MS: 2 EraseBytes-ChangeByte-
#5864992	NEW    cov: 50 ft: 415 corp: 167/2946b lim: 4096 exec/s: 451153 rss: 36Mb L: 30/34 MS: 4 CrossOver-ShuffleBytes-EraseBytes-CrossOver-
#5899593	NEW    cov: 50 ft: 417 corp: 168/2976b lim: 4096 exec/s: 453814 rss: 36Mb L: 30/34 MS: 1 ShuffleBytes-
#6290416	REDUCE cov: 50 ft: 417 corp: 168/2975b lim: 4096 exec/s: 449315 rss: 36Mb L: 15/34 MS: 3 CMP-ChangeByte-EraseBytes- DE: "\001\000\000\000\000\000\000\017"-
#6906303	REDUCE cov: 50 ft: 417 corp: 168/2973b lim: 4096 exec/s: 460420 rss: 36Mb L: 16/34 MS: 2 EraseBytes-InsertByte-
#7317296	REDUCE cov: 50 ft: 417 corp: 168/2971b lim: 4096 exec/s: 457331 rss: 36Mb L: 16/34 MS: 3 EraseBytes-ShuffleBytes-ChangeByte-
#7499029	REDUCE cov: 50 ft: 417 corp: 168/2970b lim: 4096 exec/s: 468689 rss: 36Mb L: 15/34 MS: 3 ChangeBit-ShuffleBytes-EraseBytes-
#7634101	REDUCE cov: 50 ft: 417 corp: 168/2968b lim: 4096 exec/s: 449064 rss: 36Mb L: 16/34 MS: 2 ChangeByte-EraseBytes-
#7641078	NEW    cov: 50 ft: 418 corp: 169/2988b lim: 4096 exec/s: 449475 rss: 36Mb L: 20/34 MS: 2 ChangeASCIIInt-CrossOver-
#7683609	NEW    cov: 50 ft: 419 corp: 170/3008b lim: 4096 exec/s: 451977 rss: 36Mb L: 20/34 MS: 1 ChangeByte-
#7685817	REDUCE cov: 50 ft: 419 corp: 170/3006b lim: 4096 exec/s: 452106 rss: 36Mb L: 16/34 MS: 3 CopyPart-EraseBytes-ChangeByte-
#7798453	NEW    cov: 50 ft: 420 corp: 171/3026b lim: 4096 exec/s: 458732 rss: 36Mb L: 20/34 MS: 1 ChangeBit-
#7820604	NEW    cov: 50 ft: 422 corp: 172/3046b lim: 4096 exec/s: 460035 rss: 36Mb L: 20/34 MS: 1 ChangeBinInt-
#8167435	NEW    cov: 50 ft: 423 corp: 173/3066b lim: 4096 exec/s: 453746 rss: 36Mb L: 20/34 MS: 1 CopyPart-
#8388608	pulse  cov: 50 ft: 423 corp: 173/3066b lim: 4096 exec/s: 466033 rss: 36Mb
#8713353	REDUCE cov: 50 ft: 423 corp: 173/3065b lim: 4096 exec/s: 458597 rss: 36Mb L: 17/34 MS: 3 CrossOver-ChangeBit-EraseBytes-
#8943120	REDUCE cov: 50 ft: 423 corp: 173/3064b lim: 4096 exec/s: 470690 rss: 36Mb L: 16/34 MS: 2 EraseBytes-ChangeByte-
#10155837	REDUCE cov: 50 ft: 423 corp: 173/3062b lim: 4096 exec/s: 461628 rss: 36Mb L: 16/34 MS: 2 EraseBytes-PersAutoDict- DE: "\377i"-
#10628349	REDUCE cov: 50 ft: 423 corp: 173/3058b lim: 4096 exec/s: 462102 rss: 36Mb L: 16/34 MS: 2 EraseBytes-ChangeBit-
#10911499	REDUCE cov: 50 ft: 423 corp: 173/3057b lim: 4096 exec/s: 454645 rss: 36Mb L: 15/34 MS: 5 ChangeBinInt-ShuffleBytes-CrossOver-ChangeBinInt-EraseBytes-
#11428401	REDUCE cov: 50 ft: 423 corp: 173/3055b lim: 4096 exec/s: 457136 rss: 36Mb L: 16/34 MS: 2 EraseBytes-InsertByte-
#11900767	NEW    cov: 50 ft: 424 corp: 174/3075b lim: 4096 exec/s: 457721 rss: 36Mb L: 20/34 MS: 1 CopyPart-
#12617727	NEW    cov: 50 ft: 427 corp: 175/3098b lim: 4096 exec/s: 450633 rss: 36Mb L: 23/34 MS: 5 CMP-PersAutoDict-CrossOver-ChangeASCIIInt-CopyPart- DE: "B\000\000\000"-"\001\000\000\000\000\000\000\017"-
#13079619	REDUCE cov: 50 ft: 427 corp: 175/3096b lim: 4096 exec/s: 451021 rss: 36Mb L: 16/34 MS: 2 InsertByte-EraseBytes-
#13647396	NEW    cov: 50 ft: 428 corp: 176/3111b lim: 4096 exec/s: 454913 rss: 36Mb L: 15/34 MS: 2 ChangeBit-EraseBytes-
#13705405	NEW    cov: 50 ft: 431 corp: 177/3126b lim: 4096 exec/s: 456846 rss: 36Mb L: 15/34 MS: 4 ChangeByte-CopyPart-ShuffleBytes-ShuffleBytes-
#16094553	REDUCE cov: 50 ft: 431 corp: 177/3125b lim: 4096 exec/s: 459844 rss: 37Mb L: 15/34 MS: 3 ChangeBit-CopyPart-EraseBytes-
#16413230	REDUCE cov: 50 ft: 431 corp: 177/3121b lim: 4096 exec/s: 455923 rss: 37Mb L: 16/34 MS: 2 EraseBytes-ChangeBit-
#16777216	pulse  cov: 50 ft: 431 corp: 177/3121b lim: 4096 exec/s: 453438 rss: 37Mb
#16915663	REDUCE cov: 50 ft: 431 corp: 177/3120b lim: 4096 exec/s: 457180 rss: 37Mb L: 15/34 MS: 3 ChangeBinInt-EraseBytes-InsertByte-
#18001571	REDUCE cov: 50 ft: 431 corp: 177/3118b lim: 4096 exec/s: 450039 rss: 37Mb L: 16/34 MS: 3 ChangeBinInt-ChangeBit-EraseBytes-
#18888788	REDUCE cov: 50 ft: 431 corp: 177/3116b lim: 4096 exec/s: 449733 rss: 37Mb L: 16/34 MS: 2 InsertByte-EraseBytes-
#21988216	REDUCE cov: 50 ft: 431 corp: 177/3114b lim: 4096 exec/s: 448739 rss: 37Mb L: 16/34 MS: 3 ChangeBinInt-ChangeBinInt-EraseBytes-
#22596569	REDUCE cov: 50 ft: 431 corp: 177/3110b lim: 4096 exec/s: 451931 rss: 37Mb L: 16/34 MS: 3 ChangeBit-EraseBytes-EraseBytes-
#23457483	REDUCE cov: 50 ft: 431 corp: 177/3109b lim: 4096 exec/s: 451105 rss: 37Mb L: 15/34 MS: 4 EraseBytes-ChangeBit-ShuffleBytes-ChangeBit-
#32286639	NEW    cov: 50 ft: 432 corp: 178/3125b lim: 4096 exec/s: 448425 rss: 37Mb L: 16/34 MS: 1 CrossOver-
#33630898	REDUCE cov: 50 ft: 432 corp: 178/3123b lim: 4096 exec/s: 448411 rss: 37Mb L: 18/34 MS: 4 EraseBytes-CopyPart-CopyPart-InsertByte-
#34736066	REDUCE cov: 50 ft: 432 corp: 178/3121b lim: 4096 exec/s: 451117 rss: 37Mb L: 16/34 MS: 3 ChangeASCIIInt-EraseBytes-PersAutoDict- DE: "\377i"-
#35418136	REDUCE cov: 50 ft: 432 corp: 178/3117b lim: 4096 exec/s: 448330 rss: 37Mb L: 16/34 MS: 5 ChangeBit-ChangeBit-ShuffleBytes-EraseBytes-ChangeBit-
#36382740	NEW    cov: 50 ft: 434 corp: 179/3141b lim: 4096 exec/s: 449169 rss: 37Mb L: 24/34 MS: 4 PersAutoDict-ChangeBinInt-ChangeBit-CopyPart- DE: "\017\000\000\000\000\000\000\000"-
#36402684	REDUCE cov: 50 ft: 434 corp: 179/3139b lim: 4096 exec/s: 449415 rss: 37Mb L: 22/34 MS: 4 PersAutoDict-InsertByte-ChangeBinInt-EraseBytes- DE: "#\000\000\000\000\000\000\000"-
#36424477	REDUCE cov: 50 ft: 434 corp: 179/3135b lim: 4096 exec/s: 449684 rss: 37Mb L: 18/34 MS: 3 ChangeBit-EraseBytes-InsertByte-
#36528305	REDUCE cov: 50 ft: 434 corp: 179/3133b lim: 4096 exec/s: 450966 rss: 37Mb L: 16/34 MS: 3 CopyPart-InsertByte-EraseBytes-
#36694154	REDUCE cov: 50 ft: 435 corp: 180/3149b lim: 4096 exec/s: 447489 rss: 37Mb L: 16/34 MS: 4 CrossOver-ChangeBinInt-ChangeByte-ChangeBinInt-
#38190163	REDUCE cov: 50 ft: 435 corp: 180/3148b lim: 4096 exec/s: 449296 rss: 37Mb L: 15/34 MS: 4 CrossOver-ChangeBit-EraseBytes-ChangeBit-
#38254452	REDUCE cov: 50 ft: 435 corp: 180/3147b lim: 4096 exec/s: 450052 rss: 37Mb L: 15/34 MS: 4 ChangeByte-ChangeByte-EraseBytes-ChangeBit-
#38651350	REDUCE cov: 50 ft: 435 corp: 180/3143b lim: 4096 exec/s: 449434 rss: 37Mb L: 16/34 MS: 3 InsertByte-ChangeBit-EraseBytes-
#39138559	REDUCE cov: 50 ft: 435 corp: 180/3142b lim: 4096 exec/s: 449868 rss: 37Mb L: 15/34 MS: 4 CopyPart-ChangeByte-EraseBytes-CrossOver-
#39672214	NEW    cov: 50 ft: 436 corp: 181/3174b lim: 4096 exec/s: 450820 rss: 37Mb L: 32/34 MS: 5 PersAutoDict-CrossOver-ChangeBit-CopyPart-CopyPart- DE: "\377i"-
#39673631	NEW    cov: 50 ft: 439 corp: 182/3206b lim: 4096 exec/s: 450836 rss: 37Mb L: 32/34 MS: 2 CrossOver-ShuffleBytes-
#59373534	NEW    cov: 50 ft: 440 corp: 183/3226b lim: 4096 exec/s: 449799 rss: 37Mb L: 20/34 MS: 3 ChangeByte-ChangeBinInt-CopyPart-
#59960026	REDUCE cov: 50 ft: 440 corp: 183/3224b lim: 4096 exec/s: 447462 rss: 37Mb L: 18/34 MS: 2 CMP-EraseBytes- DE: "\377/"-
#60006985	REDUCE cov: 50 ft: 440 corp: 183/3220b lim: 4096 exec/s: 447813 rss: 37Mb L: 16/34 MS: 4 ChangeBinInt-EraseBytes-ChangeBit-ChangeASCIIInt-
#60338904	REDUCE cov: 50 ft: 440 corp: 183/3218b lim: 4096 exec/s: 446954 rss: 37Mb L: 16/34 MS: 4 ChangeByte-InsertByte-EraseBytes-CrossOver-
#67108864	pulse  cov: 50 ft: 440 corp: 183/3218b lim: 4096 exec/s: 447392 rss: 37Mb
#73480304	REDUCE cov: 50 ft: 440 corp: 183/3214b lim: 4096 exec/s: 448050 rss: 37Mb L: 16/34 MS: 5 CrossOver-EraseBytes-ChangeByte-PersAutoDict-EraseBytes- DE: "\001\000"-
#77971288	REDUCE cov: 50 ft: 440 corp: 183/3210b lim: 4096 exec/s: 448110 rss: 37Mb L: 16/34 MS: 4 ChangeBit-CopyPart-ChangeBit-EraseBytes-
#89815272	REDUCE cov: 50 ft: 440 corp: 183/3206b lim: 4096 exec/s: 446842 rss: 37Mb L: 16/34 MS: 4 EraseBytes-ChangeBit-ShuffleBytes-EraseBytes-
#92338989	NEW    cov: 50 ft: 441 corp: 184/3226b lim: 4096 exec/s: 446082 rss: 37Mb L: 20/34 MS: 2 InsertRepeatedBytes-EraseBytes-
#98908712	REDUCE cov: 50 ft: 441 corp: 184/3225b lim: 4096 exec/s: 447550 rss: 39Mb L: 15/34 MS: 3 EraseBytes-ChangeBit-ChangeByte-
#102532157	REDUCE cov: 50 ft: 441 corp: 184/3224b lim: 4096 exec/s: 445791 rss: 39Mb L: 15/34 MS: 5 EraseBytes-ChangeByte-CopyPart-ChangeBit-ChangeBit-
#104434489	NEW    cov: 50 ft: 442 corp: 185/3258b lim: 4096 exec/s: 446301 rss: 39Mb L: 34/34 MS: 2 InsertRepeatedBytes-EraseBytes-
#107146752	REDUCE cov: 50 ft: 442 corp: 185/3254b lim: 4096 exec/s: 446444 rss: 39Mb L: 16/34 MS: 3 ChangeByte-CrossOver-EraseBytes-
#113589261	REDUCE cov: 50 ft: 442 corp: 185/3250b lim: 4096 exec/s: 447201 rss: 39Mb L: 16/34 MS: 4 EraseBytes-ChangeByte-ShuffleBytes-ChangeBit-
#121266488	REDUCE cov: 50 ft: 442 corp: 185/3246b lim: 4096 exec/s: 445832 rss: 39Mb L: 16/34 MS: 2 EraseBytes-InsertByte-
#132349520	NEW    cov: 50 ft: 443 corp: 186/3266b lim: 4096 exec/s: 445621 rss: 39Mb L: 20/34 MS: 2 CopyPart-CopyPart-
#132367761	NEW    cov: 50 ft: 444 corp: 187/3286b lim: 4096 exec/s: 445682 rss: 39Mb L: 20/34 MS: 1 ChangeBit-
#132735122	NEW    cov: 50 ft: 445 corp: 188/3306b lim: 4096 exec/s: 445419 rss: 39Mb L: 20/34 MS: 1 ChangeBit-
#134217728	pulse  cov: 50 ft: 445 corp: 188/3306b lim: 4096 exec/s: 445906 rss: 39Mb
#136149896	REDUCE cov: 50 ft: 445 corp: 188/3302b lim: 4096 exec/s: 446393 rss: 39Mb L: 16/34 MS: 4 InsertByte-CrossOver-CrossOver-EraseBytes-
#137592850	REDUCE cov: 50 ft: 445 corp: 188/3300b lim: 4096 exec/s: 445284 rss: 39Mb L: 16/34 MS: 4 CrossOver-CMP-ShuffleBytes-EraseBytes- DE: "\377e"-
#151613793	REDUCE cov: 50 ft: 445 corp: 188/3296b lim: 4096 exec/s: 445922 rss: 39Mb L: 16/34 MS: 3 PersAutoDict-EraseBytes-ChangeBit- DE: "\377e"-
panic: found special char in iban [recovered]
	panic: found special char in iban

goroutine 17 [running, locked to thread]:
git.ultraware.nl/iddinkgroep/fundament-api.Fuzz.func1()
	git.ultraware.nl/iddinkgroep/fundament-api/fuzz.go:19 +0xa5
panic({0x555bd2611760?, 0x555bd2624c70?})
	runtime/panic.go:914 +0x21f
git.ultraware.nl/iddinkgroep/fundament-api.Fuzz({0xc00046d1b8, 0x14})
	git.ultraware.nl/iddinkgroep/fundament-api/fuzz.go:34 +0x2b9
git.ultraware.nl/iddinkgroep/fundament-api.Fuzz_(...)
	git.ultraware.nl/iddinkgroep/fundament-api/fuzz.118480564.go:6
main.LLVMFuzzerTestOneInput(...)
	./main.2998056864.go:21
==14852== ERROR: libFuzzer: deadly signal
    #0 0x555bd2534630 in __sanitizer_print_stack_trace (/seedai/experiments/libfuzzer/libfuzzer+0xaf630) (BuildId: 23115454fcc2d139f458d53fa43ce200a20c84b2)
    #1 0x555bd2500755 in fuzzer::PrintStackTrace() (/seedai/experiments/libfuzzer/libfuzzer+0x7b755) (BuildId: 23115454fcc2d139f458d53fa43ce200a20c84b2)
    #2 0x555bd24df3a9 in fuzzer::Fuzzer::CrashCallback() (.part.0) FuzzerLoop.cpp.o
    #3 0x555bd24df46a in fuzzer::Fuzzer::StaticCrashSignalCallback() (/seedai/experiments/libfuzzer/libfuzzer+0x5a46a) (BuildId: 23115454fcc2d139f458d53fa43ce200a20c84b2)
    #4 0x7fafe2e0f70f  (/usr/lib/libc.so.6+0x3e70f) (BuildId: 316d0d3666387f0e8fb98773f51aa1801027c5ab)
    #5 0x555bd2594160 in runtime.raise.abi0 runtime/sys_linux_amd64.s:153

NOTE: libFuzzer has rudimentary signal handlers.
      Combine libFuzzer with AddressSanitizer or similar for better crash reports.
SUMMARY: libFuzzer: deadly signal
MS: 3 EraseBytes-CopyPart-CrossOver-; base unit: da81d5f9349aa0cf281cbe7ceefead149c8e03aa
0x42,0x61,0x6b,0x6a,0x2d,0x30,0x30,0x30,0x30,0x30,0x30,0x30,0x30,0x30,0x35,0x62,0x30,0x35,0x62,0x6a,
Bakj-0000000005b05bj
artifact_prefix='./'; Test unit written to ./crash-2833d13da112064160865f6ba5ffd955483fa3b5
Base64: QmFrai0wMDAwMDAwMDA1YjA1Ymo=
