INFO: Running with entropic power schedule (0xFF, 100).
INFO: Seed: 635888602
INFO: Loaded 1 modules   (70 inline 8-bit counters): 70 [0x56010667e030, 0x56010667e076), 
INFO: Loaded 1 PC tables (70 PCs): 70 [0xc000068000,0xc000068460), 
INFO:       10 files found in corpus
INFO: -max_len is not provided; libFuzzer will not generate inputs larger than 4096 bytes
INFO: seed corpus: files: 10 min: 1b max: 2b total: 11b rss: 30Mb
#11	INITED cov: 9 ft: 16 corp: 2/3b exec/s: 0 rss: 30Mb
#12	NEW    cov: 9 ft: 19 corp: 3/6b lim: 4 exec/s: 0 rss: 30Mb L: 3/3 MS: 1 InsertByte-
#229	NEW    cov: 9 ft: 20 corp: 4/11b lim: 6 exec/s: 0 rss: 30Mb L: 5/5 MS: 2 InsertByte-InsertByte-
#439	NEW    cov: 9 ft: 21 corp: 5/18b lim: 8 exec/s: 0 rss: 30Mb L: 7/7 MS: 5 ShuffleBytes-EraseBytes-ShuffleBytes-CrossOver-InsertByte-
#445	NEW    cov: 9 ft: 22 corp: 6/26b lim: 8 exec/s: 0 rss: 30Mb L: 8/8 MS: 1 InsertByte-
#1059	NEW    cov: 9 ft: 23 corp: 7/40b lim: 14 exec/s: 0 rss: 30Mb L: 14/14 MS: 4 CMP-ChangeASCIIInt-CrossOver-CopyPart- DE: "\001\000"-
#1082	NEW    cov: 9 ft: 25 corp: 8/53b lim: 14 exec/s: 0 rss: 30Mb L: 13/14 MS: 3 PersAutoDict-PersAutoDict-InsertRepeatedBytes- DE: "\001\000"-"\001\000"-
#1398	NEW    cov: 11 ft: 31 corp: 9/70b lim: 17 exec/s: 0 rss: 30Mb L: 17/17 MS: 1 InsertRepeatedBytes-
#1403	NEW    cov: 11 ft: 33 corp: 10/85b lim: 17 exec/s: 0 rss: 30Mb L: 15/17 MS: 5 CopyPart-EraseBytes-EraseBytes-InsertRepeatedBytes-InsertByte-
#1445	NEW    cov: 11 ft: 34 corp: 11/101b lim: 17 exec/s: 0 rss: 30Mb L: 16/17 MS: 2 CopyPart-CopyPart-
#1553	NEW    cov: 13 ft: 40 corp: 12/117b lim: 17 exec/s: 0 rss: 30Mb L: 16/17 MS: 3 CrossOver-CrossOver-CopyPart-
#1564	NEW    cov: 13 ft: 42 corp: 13/133b lim: 17 exec/s: 0 rss: 30Mb L: 16/17 MS: 1 ChangeBit-
#1675	NEW    cov: 13 ft: 43 corp: 14/148b lim: 17 exec/s: 0 rss: 30Mb L: 15/17 MS: 1 CopyPart-
#1686	NEW    cov: 13 ft: 45 corp: 15/165b lim: 17 exec/s: 0 rss: 30Mb L: 17/17 MS: 1 InsertByte-
#1715	NEW    cov: 13 ft: 46 corp: 16/182b lim: 17 exec/s: 0 rss: 30Mb L: 17/17 MS: 4 ShuffleBytes-InsertByte-ChangeByte-InsertByte-
#1831	NEW    cov: 13 ft: 47 corp: 17/198b lim: 17 exec/s: 0 rss: 30Mb L: 16/17 MS: 1 InsertRepeatedBytes-
#1832	NEW    cov: 25 ft: 92 corp: 18/215b lim: 17 exec/s: 0 rss: 30Mb L: 17/17 MS: 1 ChangeBit-
#1940	NEW    cov: 25 ft: 95 corp: 19/231b lim: 17 exec/s: 0 rss: 30Mb L: 16/17 MS: 3 PersAutoDict-ChangeByte-ChangeBinInt- DE: "\001\000"-
#1956	NEW    cov: 25 ft: 96 corp: 20/248b lim: 17 exec/s: 0 rss: 30Mb L: 17/17 MS: 1 CopyPart-
#1977	NEW    cov: 25 ft: 98 corp: 21/264b lim: 17 exec/s: 0 rss: 30Mb L: 16/17 MS: 1 ChangeBinInt-
#1983	NEW    cov: 25 ft: 99 corp: 22/280b lim: 17 exec/s: 0 rss: 30Mb L: 16/17 MS: 1 ChangeBit-
#2410	NEW    cov: 25 ft: 100 corp: 23/299b lim: 21 exec/s: 0 rss: 30Mb L: 19/19 MS: 2 ChangeBit-PersAutoDict- DE: "\001\000"-
#2680	NEW    cov: 25 ft: 103 corp: 24/319b lim: 21 exec/s: 0 rss: 30Mb L: 20/20 MS: 5 CrossOver-CMP-CrossOver-InsertByte-ChangeBinInt- DE: "\016\000\000\000\000\000\000\000"-
#2681	NEW    cov: 25 ft: 105 corp: 25/335b lim: 21 exec/s: 0 rss: 30Mb L: 16/20 MS: 1 ChangeByte-
#2917	NEW    cov: 25 ft: 106 corp: 26/351b lim: 21 exec/s: 0 rss: 30Mb L: 16/20 MS: 1 ChangeByte-
#3023	NEW    cov: 25 ft: 107 corp: 27/367b lim: 21 exec/s: 0 rss: 30Mb L: 16/20 MS: 1 ChangeBinInt-
#3105	NEW    cov: 25 ft: 109 corp: 28/384b lim: 21 exec/s: 0 rss: 30Mb L: 17/20 MS: 2 ChangeBit-InsertByte-
#3451	NEW    cov: 25 ft: 112 corp: 29/404b lim: 21 exec/s: 0 rss: 31Mb L: 20/20 MS: 1 ChangeBinInt-
#3516	REDUCE cov: 25 ft: 112 corp: 29/402b lim: 21 exec/s: 0 rss: 31Mb L: 15/20 MS: 5 ChangeBit-ChangeBit-CMP-ChangeBit-EraseBytes- DE: "\377\377\377\377"-
#3753	REDUCE cov: 25 ft: 112 corp: 29/401b lim: 21 exec/s: 0 rss: 31Mb L: 16/20 MS: 2 CopyPart-EraseBytes-
#3882	NEW    cov: 25 ft: 114 corp: 30/419b lim: 21 exec/s: 0 rss: 31Mb L: 18/20 MS: 4 PersAutoDict-ChangeBit-ChangeBit-ChangeByte- DE: "\001\000"-
#3887	REDUCE cov: 25 ft: 114 corp: 30/418b lim: 21 exec/s: 0 rss: 31Mb L: 15/20 MS: 5 CopyPart-ChangeBit-CrossOver-ShuffleBytes-EraseBytes-
#3889	REDUCE cov: 25 ft: 114 corp: 30/417b lim: 21 exec/s: 0 rss: 31Mb L: 15/20 MS: 2 PersAutoDict-EraseBytes- DE: "\001\000"-
#4211	NEW    cov: 25 ft: 115 corp: 31/437b lim: 21 exec/s: 0 rss: 31Mb L: 20/20 MS: 2 ChangeBit-ChangeByte-
#4329	NEW    cov: 25 ft: 116 corp: 32/453b lim: 21 exec/s: 0 rss: 31Mb L: 16/20 MS: 3 CopyPart-ShuffleBytes-ChangeBit-
#4335	NEW    cov: 25 ft: 118 corp: 33/469b lim: 21 exec/s: 0 rss: 31Mb L: 16/20 MS: 1 ChangeByte-
#4737	NEW    cov: 25 ft: 119 corp: 34/485b lim: 21 exec/s: 0 rss: 31Mb L: 16/20 MS: 2 ShuffleBytes-ChangeBinInt-
#5019	NEW    cov: 25 ft: 120 corp: 35/503b lim: 21 exec/s: 0 rss: 31Mb L: 18/20 MS: 2 CopyPart-ChangeByte-
#5835	REDUCE cov: 25 ft: 120 corp: 35/502b lim: 29 exec/s: 0 rss: 31Mb L: 15/20 MS: 1 EraseBytes-
#5844	NEW    cov: 25 ft: 122 corp: 36/531b lim: 29 exec/s: 0 rss: 31Mb L: 29/29 MS: 4 ShuffleBytes-ChangeBit-ChangeBit-InsertRepeatedBytes-
#6195	NEW    cov: 30 ft: 136 corp: 37/549b lim: 29 exec/s: 0 rss: 31Mb L: 18/29 MS: 1 ShuffleBytes-
#6546	REDUCE cov: 30 ft: 137 corp: 38/564b lim: 29 exec/s: 0 rss: 31Mb L: 15/29 MS: 1 ChangeByte-
#6680	NEW    cov: 30 ft: 138 corp: 39/589b lim: 29 exec/s: 0 rss: 31Mb L: 25/29 MS: 4 ChangeBit-EraseBytes-CMP-ChangeByte- DE: "\001\000\000\000\000\000\000\021"-
#7095	REDUCE cov: 30 ft: 139 corp: 40/621b lim: 33 exec/s: 0 rss: 31Mb L: 32/32 MS: 5 EraseBytes-ChangeBinInt-ChangeBit-CMP-InsertRepeatedBytes- DE: "\001\000"-
#7147	NEW    cov: 30 ft: 140 corp: 41/637b lim: 33 exec/s: 0 rss: 31Mb L: 16/32 MS: 2 ChangeByte-ChangeBinInt-
#7218	NEW    cov: 30 ft: 141 corp: 42/670b lim: 33 exec/s: 0 rss: 31Mb L: 33/33 MS: 1 PersAutoDict- DE: "\016\000\000\000\000\000\000\000"-
#7235	REDUCE cov: 30 ft: 141 corp: 42/668b lim: 33 exec/s: 0 rss: 31Mb L: 23/33 MS: 2 EraseBytes-InsertByte-
#7242	NEW    cov: 30 ft: 142 corp: 43/688b lim: 33 exec/s: 0 rss: 31Mb L: 20/33 MS: 2 ShuffleBytes-ChangeByte-
#7631	REDUCE cov: 30 ft: 142 corp: 43/687b lim: 33 exec/s: 0 rss: 31Mb L: 31/33 MS: 4 CrossOver-CrossOver-InsertRepeatedBytes-CrossOver-
#7672	NEW    cov: 30 ft: 144 corp: 44/705b lim: 33 exec/s: 0 rss: 31Mb L: 18/33 MS: 1 ChangeBit-
#8273	NEW    cov: 30 ft: 146 corp: 45/739b lim: 38 exec/s: 0 rss: 31Mb L: 34/34 MS: 1 InsertByte-
#9876	REDUCE cov: 30 ft: 146 corp: 45/737b lim: 53 exec/s: 0 rss: 32Mb L: 15/34 MS: 3 CrossOver-EraseBytes-PersAutoDict- DE: "\001\000"-
#13326	REDUCE cov: 30 ft: 147 corp: 46/762b lim: 86 exec/s: 0 rss: 32Mb L: 25/34 MS: 5 ChangeBinInt-CrossOver-CopyPart-InsertByte-ChangeBinInt-
#15545	REDUCE cov: 30 ft: 147 corp: 46/760b lim: 104 exec/s: 0 rss: 33Mb L: 21/34 MS: 4 ChangeByte-PersAutoDict-ShuffleBytes-EraseBytes- DE: "\377\377\377\377"-
#16897	NEW    cov: 30 ft: 149 corp: 47/778b lim: 116 exec/s: 0 rss: 33Mb L: 18/34 MS: 2 ChangeBit-ChangeBit-
#17818	NEW    cov: 30 ft: 151 corp: 48/796b lim: 122 exec/s: 0 rss: 33Mb L: 18/34 MS: 1 ChangeBit-
#17985	NEW    cov: 30 ft: 153 corp: 49/814b lim: 122 exec/s: 0 rss: 33Mb L: 18/34 MS: 2 ChangeBit-ChangeBinInt-
#19096	NEW    cov: 30 ft: 155 corp: 50/832b lim: 128 exec/s: 0 rss: 34Mb L: 18/34 MS: 1 ShuffleBytes-
#20799	NEW    cov: 30 ft: 157 corp: 51/850b lim: 142 exec/s: 0 rss: 34Mb L: 18/34 MS: 3 ShuffleBytes-ChangeBit-ChangeByte-
#21160	NEW    cov: 30 ft: 159 corp: 52/868b lim: 142 exec/s: 0 rss: 34Mb L: 18/34 MS: 1 ChangeBit-
#21446	NEW    cov: 30 ft: 160 corp: 53/886b lim: 142 exec/s: 0 rss: 34Mb L: 18/34 MS: 1 ShuffleBytes-
#23638	REDUCE cov: 30 ft: 160 corp: 53/885b lim: 163 exec/s: 0 rss: 35Mb L: 16/34 MS: 2 EraseBytes-InsertByte-
#24625	NEW    cov: 30 ft: 162 corp: 54/903b lim: 170 exec/s: 0 rss: 35Mb L: 18/34 MS: 2 ChangeBinInt-ChangeBit-
#25203	NEW    cov: 30 ft: 163 corp: 55/937b lim: 170 exec/s: 0 rss: 35Mb L: 34/34 MS: 3 CopyPart-PersAutoDict-ChangeBit- DE: "\001\000"-
#25219	REDUCE cov: 30 ft: 163 corp: 55/928b lim: 170 exec/s: 0 rss: 35Mb L: 25/34 MS: 1 EraseBytes-
#25350	NEW    cov: 30 ft: 164 corp: 56/946b lim: 170 exec/s: 0 rss: 35Mb L: 18/34 MS: 1 ChangeBinInt-
#25433	REDUCE cov: 30 ft: 164 corp: 56/937b lim: 170 exec/s: 0 rss: 35Mb L: 16/34 MS: 3 CrossOver-InsertByte-EraseBytes-
#26685	NEW    cov: 30 ft: 173 corp: 57/955b lim: 177 exec/s: 0 rss: 35Mb L: 18/34 MS: 2 CopyPart-EraseBytes-
#28018	REDUCE cov: 30 ft: 173 corp: 57/953b lim: 184 exec/s: 0 rss: 35Mb L: 18/34 MS: 3 EraseBytes-ChangeBit-InsertByte-
#30861	NEW    cov: 30 ft: 175 corp: 58/971b lim: 212 exec/s: 0 rss: 35Mb L: 18/34 MS: 3 ShuffleBytes-ShuffleBytes-ShuffleBytes-
#31405	NEW    cov: 30 ft: 185 corp: 59/991b lim: 212 exec/s: 0 rss: 35Mb L: 20/34 MS: 4 CrossOver-CrossOver-ChangeBit-EraseBytes-
#31742	REDUCE cov: 30 ft: 185 corp: 59/989b lim: 212 exec/s: 0 rss: 35Mb L: 19/34 MS: 2 ChangeBit-EraseBytes-
#32123	NEW    cov: 30 ft: 186 corp: 60/1009b lim: 212 exec/s: 0 rss: 35Mb L: 20/34 MS: 1 ShuffleBytes-
#32453	NEW    cov: 30 ft: 187 corp: 61/1029b lim: 212 exec/s: 0 rss: 35Mb L: 20/34 MS: 5 ShuffleBytes-InsertByte-ShuffleBytes-ChangeByte-EraseBytes-
#32986	REDUCE cov: 30 ft: 187 corp: 61/1027b lim: 212 exec/s: 0 rss: 35Mb L: 16/34 MS: 3 ChangeBinInt-EraseBytes-CopyPart-
#33027	NEW    cov: 30 ft: 189 corp: 62/1047b lim: 212 exec/s: 0 rss: 35Mb L: 20/34 MS: 1 ShuffleBytes-
#33259	REDUCE cov: 30 ft: 189 corp: 62/1043b lim: 212 exec/s: 0 rss: 35Mb L: 21/34 MS: 2 ChangeBinInt-EraseBytes-
#33715	NEW    cov: 30 ft: 190 corp: 63/1063b lim: 212 exec/s: 0 rss: 35Mb L: 20/34 MS: 1 ChangeByte-
#33987	NEW    cov: 30 ft: 194 corp: 64/1083b lim: 212 exec/s: 0 rss: 35Mb L: 20/34 MS: 2 ChangeByte-ShuffleBytes-
#36053	NEW    cov: 30 ft: 199 corp: 65/1103b lim: 226 exec/s: 0 rss: 35Mb L: 20/34 MS: 1 ChangeByte-
#36704	NEW    cov: 30 ft: 201 corp: 66/1123b lim: 226 exec/s: 0 rss: 35Mb L: 20/34 MS: 1 CopyPart-
#38400	NEW    cov: 32 ft: 206 corp: 67/1143b lim: 240 exec/s: 0 rss: 35Mb L: 20/34 MS: 1 CopyPart-
#38541	NEW    cov: 32 ft: 208 corp: 68/1163b lim: 240 exec/s: 0 rss: 35Mb L: 20/34 MS: 1 CopyPart-
#39212	NEW    cov: 32 ft: 210 corp: 69/1183b lim: 240 exec/s: 0 rss: 35Mb L: 20/34 MS: 1 ShuffleBytes-
#40708	NEW    cov: 33 ft: 213 corp: 70/1203b lim: 254 exec/s: 0 rss: 35Mb L: 20/34 MS: 1 ChangeBit-
#41925	REDUCE cov: 33 ft: 213 corp: 70/1202b lim: 261 exec/s: 0 rss: 35Mb L: 15/34 MS: 2 ChangeByte-EraseBytes-
#42556	NEW    cov: 33 ft: 215 corp: 71/1222b lim: 261 exec/s: 0 rss: 35Mb L: 20/34 MS: 1 ShuffleBytes-
#43957	NEW    cov: 33 ft: 216 corp: 72/1242b lim: 269 exec/s: 0 rss: 35Mb L: 20/34 MS: 1 ShuffleBytes-
#43994	NEW    cov: 33 ft: 217 corp: 73/1262b lim: 269 exec/s: 0 rss: 35Mb L: 20/34 MS: 2 ShuffleBytes-CopyPart-
#44620	NEW    cov: 33 ft: 218 corp: 74/1282b lim: 269 exec/s: 0 rss: 35Mb L: 20/34 MS: 1 ShuffleBytes-
#44686	NEW    cov: 33 ft: 219 corp: 75/1302b lim: 269 exec/s: 0 rss: 35Mb L: 20/34 MS: 1 CopyPart-
#48968	NEW    cov: 33 ft: 220 corp: 76/1322b lim: 309 exec/s: 0 rss: 35Mb L: 20/34 MS: 2 PersAutoDict-ShuffleBytes- DE: "\377\377\377\377"-
#49184	NEW    cov: 34 ft: 225 corp: 77/1342b lim: 309 exec/s: 0 rss: 35Mb L: 20/34 MS: 1 ChangeByte-
#49827	NEW    cov: 34 ft: 226 corp: 78/1362b lim: 309 exec/s: 0 rss: 35Mb L: 20/34 MS: 3 ShuffleBytes-ChangeByte-CrossOver-
#50568	NEW    cov: 34 ft: 227 corp: 79/1382b lim: 309 exec/s: 0 rss: 35Mb L: 20/34 MS: 1 CopyPart-
#52005	NEW    cov: 34 ft: 228 corp: 80/1402b lim: 317 exec/s: 0 rss: 35Mb L: 20/34 MS: 2 ChangeByte-ChangeByte-
#53021	NEW    cov: 34 ft: 229 corp: 81/1422b lim: 325 exec/s: 0 rss: 35Mb L: 20/34 MS: 1 ShuffleBytes-
#53262	NEW    cov: 34 ft: 230 corp: 82/1442b lim: 325 exec/s: 0 rss: 35Mb L: 20/34 MS: 1 ChangeByte-
#53380	REDUCE cov: 34 ft: 231 corp: 83/1457b lim: 325 exec/s: 0 rss: 35Mb L: 15/34 MS: 3 ShuffleBytes-ShuffleBytes-CMP- DE: "\023\000\000\000\000\000\000\000"-
#54466	NEW    cov: 34 ft: 232 corp: 84/1477b lim: 333 exec/s: 0 rss: 35Mb L: 20/34 MS: 1 ChangeByte-
#54638	NEW    cov: 34 ft: 233 corp: 85/1497b lim: 333 exec/s: 0 rss: 35Mb L: 20/34 MS: 2 ShuffleBytes-ChangeBit-
#55634	NEW    cov: 34 ft: 234 corp: 86/1517b lim: 341 exec/s: 0 rss: 35Mb L: 20/34 MS: 1 ChangeBinInt-
#55965	NEW    cov: 34 ft: 235 corp: 87/1537b lim: 341 exec/s: 0 rss: 35Mb L: 20/34 MS: 1 ShuffleBytes-
#57022	NEW    cov: 34 ft: 236 corp: 88/1557b lim: 349 exec/s: 0 rss: 35Mb L: 20/34 MS: 2 ChangeByte-ChangeBinInt-
#57788	NEW    cov: 34 ft: 237 corp: 89/1577b lim: 349 exec/s: 0 rss: 35Mb L: 20/34 MS: 1 ShuffleBytes-
#58894	NEW    cov: 34 ft: 238 corp: 90/1597b lim: 357 exec/s: 0 rss: 35Mb L: 20/34 MS: 1 ChangeByte-
#60205	NEW    cov: 34 ft: 239 corp: 91/1617b lim: 365 exec/s: 0 rss: 35Mb L: 20/34 MS: 1 ChangeASCIIInt-
#60386	NEW    cov: 34 ft: 240 corp: 92/1637b lim: 365 exec/s: 0 rss: 35Mb L: 20/34 MS: 1 ChangeASCIIInt-
#61367	NEW    cov: 34 ft: 241 corp: 93/1657b lim: 373 exec/s: 0 rss: 35Mb L: 20/34 MS: 1 CopyPart-
#61433	NEW    cov: 34 ft: 242 corp: 94/1677b lim: 373 exec/s: 0 rss: 35Mb L: 20/34 MS: 1 ChangeBit-
#63899	NEW    cov: 34 ft: 243 corp: 95/1697b lim: 397 exec/s: 0 rss: 35Mb L: 20/34 MS: 1 CrossOver-
#64150	NEW    cov: 46 ft: 291 corp: 96/1717b lim: 397 exec/s: 0 rss: 35Mb L: 20/34 MS: 1 CopyPart-
#64586	NEW    cov: 46 ft: 292 corp: 97/1737b lim: 397 exec/s: 0 rss: 35Mb L: 20/34 MS: 1 ShuffleBytes-
#65093	NEW    cov: 46 ft: 293 corp: 98/1757b lim: 397 exec/s: 0 rss: 35Mb L: 20/34 MS: 2 ShuffleBytes-CopyPart-
#68149	NEW    cov: 46 ft: 294 corp: 99/1777b lim: 421 exec/s: 0 rss: 35Mb L: 20/34 MS: 1 ShuffleBytes-
#73052	REDUCE cov: 46 ft: 294 corp: 99/1775b lim: 469 exec/s: 0 rss: 35Mb L: 18/34 MS: 3 CrossOver-EraseBytes-InsertByte-
#74125	REDUCE cov: 46 ft: 294 corp: 99/1773b lim: 477 exec/s: 0 rss: 35Mb L: 16/34 MS: 3 ChangeBit-EraseBytes-CopyPart-
#76891	NEW    cov: 46 ft: 297 corp: 100/1793b lim: 501 exec/s: 0 rss: 35Mb L: 20/34 MS: 1 ChangeBit-
#80633	NEW    cov: 46 ft: 300 corp: 101/1813b lim: 535 exec/s: 0 rss: 35Mb L: 20/34 MS: 2 CopyPart-ShuffleBytes-
#80919	NEW    cov: 46 ft: 304 corp: 102/1833b lim: 535 exec/s: 0 rss: 35Mb L: 20/34 MS: 1 ChangeBit-
#80940	NEW    cov: 46 ft: 305 corp: 103/1853b lim: 535 exec/s: 0 rss: 35Mb L: 20/34 MS: 1 ChangeBit-
#82912	REDUCE cov: 46 ft: 305 corp: 103/1851b lim: 553 exec/s: 0 rss: 35Mb L: 16/34 MS: 2 InsertByte-EraseBytes-
#92158	NEW    cov: 47 ft: 308 corp: 104/1871b lim: 643 exec/s: 0 rss: 35Mb L: 20/34 MS: 1 ChangeByte-
#94079	NEW    cov: 47 ft: 310 corp: 105/1891b lim: 661 exec/s: 0 rss: 35Mb L: 20/34 MS: 1 ChangeBit-
#95705	NEW    cov: 47 ft: 315 corp: 106/1911b lim: 670 exec/s: 0 rss: 35Mb L: 20/34 MS: 1 ChangeBit-
#97252	NEW    cov: 47 ft: 317 corp: 107/1931b lim: 679 exec/s: 0 rss: 35Mb L: 20/34 MS: 2 ShuffleBytes-ChangeBit-
#100413	NEW    cov: 47 ft: 318 corp: 108/1951b lim: 706 exec/s: 0 rss: 35Mb L: 20/34 MS: 1 ChangeBit-
#110451	REDUCE cov: 47 ft: 318 corp: 108/1949b lim: 805 exec/s: 0 rss: 35Mb L: 18/34 MS: 3 ChangeBinInt-ChangeBinInt-EraseBytes-
#116533	NEW    cov: 47 ft: 319 corp: 109/1969b lim: 859 exec/s: 0 rss: 35Mb L: 20/34 MS: 2 ChangeBinInt-ChangeByte-
#123274	NEW    cov: 47 ft: 320 corp: 110/1997b lim: 922 exec/s: 0 rss: 35Mb L: 28/34 MS: 1 CrossOver-
#123561	NEW    cov: 49 ft: 328 corp: 111/2017b lim: 922 exec/s: 0 rss: 35Mb L: 20/34 MS: 2 ShuffleBytes-ChangeBinInt-
#123902	NEW    cov: 49 ft: 329 corp: 112/2037b lim: 922 exec/s: 0 rss: 35Mb L: 20/34 MS: 1 ChangeASCIIInt-
#130360	NEW    cov: 49 ft: 333 corp: 113/2057b lim: 985 exec/s: 0 rss: 35Mb L: 20/34 MS: 3 ChangeBit-ChangeBinInt-ChangeBit-
#133198	REDUCE cov: 49 ft: 333 corp: 113/2055b lim: 1012 exec/s: 0 rss: 35Mb L: 18/34 MS: 3 InsertByte-EraseBytes-ChangeBit-
#144639	NEW    cov: 49 ft: 334 corp: 114/2075b lim: 1120 exec/s: 0 rss: 35Mb L: 20/34 MS: 1 ChangeBit-
#148620	REDUCE cov: 49 ft: 335 corp: 115/2091b lim: 1150 exec/s: 0 rss: 35Mb L: 16/34 MS: 1 ChangeBit-
#149564	REDUCE cov: 49 ft: 335 corp: 115/2087b lim: 1150 exec/s: 0 rss: 35Mb L: 17/34 MS: 4 ChangeBinInt-CopyPart-ShuffleBytes-EraseBytes-
#153860	NEW    cov: 49 ft: 336 corp: 116/2107b lim: 1190 exec/s: 0 rss: 35Mb L: 20/34 MS: 1 ShuffleBytes-
#166817	REDUCE cov: 49 ft: 336 corp: 116/2105b lim: 1310 exec/s: 0 rss: 35Mb L: 18/34 MS: 2 InsertByte-EraseBytes-
#166885	REDUCE cov: 49 ft: 336 corp: 116/2103b lim: 1310 exec/s: 0 rss: 35Mb L: 18/34 MS: 3 ShuffleBytes-EraseBytes-ChangeByte-
#183641	REDUCE cov: 49 ft: 337 corp: 117/2121b lim: 1470 exec/s: 0 rss: 35Mb L: 18/34 MS: 1 ChangeBit-
#208619	REDUCE cov: 49 ft: 337 corp: 117/2119b lim: 1710 exec/s: 0 rss: 35Mb L: 18/34 MS: 3 EraseBytes-CopyPart-ChangeByte-
#210211	REDUCE cov: 49 ft: 337 corp: 117/2117b lim: 1720 exec/s: 0 rss: 35Mb L: 18/34 MS: 2 EraseBytes-ChangeByte-
#211832	NEW    cov: 49 ft: 338 corp: 118/2133b lim: 1730 exec/s: 0 rss: 35Mb L: 16/34 MS: 1 ChangeBit-
#213703	NEW    cov: 49 ft: 340 corp: 119/2153b lim: 1740 exec/s: 0 rss: 35Mb L: 20/34 MS: 1 ChangeByte-
#216582	REDUCE cov: 49 ft: 340 corp: 119/2151b lim: 1760 exec/s: 0 rss: 35Mb L: 16/34 MS: 4 ShuffleBytes-EraseBytes-ChangeByte-ChangeBit-
#231718	NEW    cov: 49 ft: 341 corp: 120/2171b lim: 1910 exec/s: 0 rss: 35Mb L: 20/34 MS: 1 ShuffleBytes-
#234280	REDUCE cov: 49 ft: 341 corp: 120/2169b lim: 1930 exec/s: 0 rss: 35Mb L: 16/34 MS: 2 InsertByte-EraseBytes-
#264037	REDUCE cov: 49 ft: 342 corp: 121/2185b lim: 2226 exec/s: 0 rss: 35Mb L: 16/34 MS: 2 ChangeByte-ChangeBinInt-
#268895	REDUCE cov: 49 ft: 342 corp: 121/2183b lim: 2270 exec/s: 0 rss: 35Mb L: 16/34 MS: 3 ChangeBit-PersAutoDict-EraseBytes- DE: "\377\377\377\377"-
#280412	REDUCE cov: 49 ft: 342 corp: 121/2179b lim: 2380 exec/s: 0 rss: 35Mb L: 16/34 MS: 2 EraseBytes-ChangeBinInt-
#286861	REDUCE cov: 49 ft: 342 corp: 121/2177b lim: 2435 exec/s: 0 rss: 35Mb L: 18/34 MS: 4 CopyPart-ChangeByte-CMP-EraseBytes- DE: "{\000"-
#294973	NEW    cov: 49 ft: 343 corp: 122/2197b lim: 2512 exec/s: 0 rss: 35Mb L: 20/34 MS: 2 CopyPart-ShuffleBytes-
#300309	NEW    cov: 49 ft: 344 corp: 123/2217b lim: 2556 exec/s: 0 rss: 35Mb L: 20/34 MS: 1 ChangeBinInt-
#302157	REDUCE cov: 49 ft: 344 corp: 123/2215b lim: 2567 exec/s: 0 rss: 35Mb L: 18/34 MS: 3 ChangeBinInt-EraseBytes-InsertByte-
#308899	REDUCE cov: 49 ft: 344 corp: 123/2213b lim: 2633 exec/s: 0 rss: 35Mb L: 16/34 MS: 2 EraseBytes-CMP- DE: "\377\377"-
#312221	REDUCE cov: 49 ft: 344 corp: 123/2209b lim: 2666 exec/s: 0 rss: 35Mb L: 16/34 MS: 2 EraseBytes-PersAutoDict- DE: "\377\377"-
#327038	REDUCE cov: 49 ft: 344 corp: 123/2207b lim: 2809 exec/s: 0 rss: 35Mb L: 18/34 MS: 2 EraseBytes-ChangeByte-
#332259	NEW    cov: 49 ft: 345 corp: 124/2227b lim: 2853 exec/s: 0 rss: 35Mb L: 20/34 MS: 1 ChangeBit-
#343607	REDUCE cov: 49 ft: 345 corp: 124/2225b lim: 2963 exec/s: 0 rss: 36Mb L: 18/34 MS: 3 ChangeByte-ChangeByte-EraseBytes-
#348742	REDUCE cov: 49 ft: 345 corp: 124/2223b lim: 3007 exec/s: 0 rss: 36Mb L: 18/34 MS: 5 ShuffleBytes-ChangeByte-ChangeBinInt-ChangeBit-EraseBytes-
#350604	REDUCE cov: 49 ft: 345 corp: 124/2219b lim: 3018 exec/s: 0 rss: 36Mb L: 16/34 MS: 2 PersAutoDict-EraseBytes- DE: "\377\377"-
#350607	REDUCE cov: 49 ft: 345 corp: 124/2215b lim: 3018 exec/s: 0 rss: 36Mb L: 16/34 MS: 3 EraseBytes-PersAutoDict-EraseBytes- DE: "\377\377"-
#354195	REDUCE cov: 49 ft: 345 corp: 124/2213b lim: 3051 exec/s: 0 rss: 36Mb L: 18/34 MS: 3 ChangeByte-EraseBytes-InsertByte-
#362892	REDUCE cov: 49 ft: 346 corp: 125/2231b lim: 3128 exec/s: 0 rss: 36Mb L: 18/34 MS: 2 ChangeByte-CopyPart-
#369015	NEW    cov: 49 ft: 350 corp: 126/2251b lim: 3183 exec/s: 0 rss: 36Mb L: 20/34 MS: 3 ChangeBit-CopyPart-ChangeASCIIInt-
#430690	REDUCE cov: 49 ft: 350 corp: 126/2249b lim: 3788 exec/s: 430690 rss: 36Mb L: 17/34 MS: 2 ChangeByte-EraseBytes-
#472037	REDUCE cov: 49 ft: 350 corp: 126/2247b lim: 4096 exec/s: 472037 rss: 36Mb L: 18/34 MS: 2 ChangeBit-EraseBytes-
#498175	REDUCE cov: 49 ft: 350 corp: 126/2245b lim: 4096 exec/s: 498175 rss: 36Mb L: 18/34 MS: 3 ChangeBit-ChangeBinInt-EraseBytes-
#505824	NEW    cov: 49 ft: 351 corp: 127/2265b lim: 4096 exec/s: 505824 rss: 36Mb L: 20/34 MS: 4 ChangeBit-ChangeBit-CopyPart-ShuffleBytes-
#517801	NEW    cov: 49 ft: 356 corp: 128/2285b lim: 4096 exec/s: 517801 rss: 36Mb L: 20/34 MS: 2 ChangeByte-ChangeBit-
#540263	REDUCE cov: 49 ft: 357 corp: 129/2303b lim: 4096 exec/s: 540263 rss: 36Mb L: 18/34 MS: 2 ChangeBit-ChangeByte-
#540859	NEW    cov: 49 ft: 358 corp: 130/2321b lim: 4096 exec/s: 540859 rss: 36Mb L: 18/34 MS: 1 ChangeASCIIInt-
#549670	NEW    cov: 49 ft: 359 corp: 131/2339b lim: 4096 exec/s: 549670 rss: 36Mb L: 18/34 MS: 1 CopyPart-
#552402	NEW    cov: 49 ft: 360 corp: 132/2357b lim: 4096 exec/s: 552402 rss: 36Mb L: 18/34 MS: 2 ChangeASCIIInt-CrossOver-
#575679	NEW    cov: 49 ft: 361 corp: 133/2375b lim: 4096 exec/s: 575679 rss: 36Mb L: 18/34 MS: 2 ChangeBit-ChangeBinInt-
#590848	REDUCE cov: 49 ft: 361 corp: 133/2373b lim: 4096 exec/s: 590848 rss: 36Mb L: 18/34 MS: 4 ChangeBit-PersAutoDict-PersAutoDict-EraseBytes- DE: "\377\377\377\377"-"\016\000\000\000\000\000\000\000"-
#592966	REDUCE cov: 49 ft: 361 corp: 133/2371b lim: 4096 exec/s: 592966 rss: 36Mb L: 16/34 MS: 3 ChangeByte-EraseBytes-CMP- DE: "\377D"-
#640336	REDUCE cov: 49 ft: 361 corp: 133/2369b lim: 4096 exec/s: 640336 rss: 36Mb L: 16/34 MS: 5 EraseBytes-CrossOver-ChangeByte-ChangeBinInt-EraseBytes-
#657572	NEW    cov: 49 ft: 362 corp: 134/2387b lim: 4096 exec/s: 657572 rss: 36Mb L: 18/34 MS: 1 ShuffleBytes-
#693244	NEW    cov: 49 ft: 363 corp: 135/2407b lim: 4096 exec/s: 693244 rss: 36Mb L: 20/34 MS: 2 ChangeASCIIInt-ChangeBit-
#711951	REDUCE cov: 49 ft: 363 corp: 135/2405b lim: 4096 exec/s: 711951 rss: 36Mb L: 16/34 MS: 2 ChangeByte-EraseBytes-
#725157	NEW    cov: 49 ft: 365 corp: 136/2423b lim: 4096 exec/s: 725157 rss: 36Mb L: 18/34 MS: 1 CopyPart-
#725228	NEW    cov: 49 ft: 366 corp: 137/2441b lim: 4096 exec/s: 725228 rss: 36Mb L: 18/34 MS: 1 CopyPart-
#725909	NEW    cov: 49 ft: 367 corp: 138/2459b lim: 4096 exec/s: 725909 rss: 36Mb L: 18/34 MS: 1 ChangeBit-
#726105	NEW    cov: 49 ft: 368 corp: 139/2477b lim: 4096 exec/s: 726105 rss: 36Mb L: 18/34 MS: 1 ShuffleBytes-
#726391	NEW    cov: 49 ft: 369 corp: 140/2495b lim: 4096 exec/s: 726391 rss: 36Mb L: 18/34 MS: 1 CopyPart-
#728535	NEW    cov: 49 ft: 370 corp: 141/2513b lim: 4096 exec/s: 728535 rss: 36Mb L: 18/34 MS: 4 ChangeBit-EraseBytes-ChangeASCIIInt-InsertByte-
#728641	NEW    cov: 49 ft: 373 corp: 142/2533b lim: 4096 exec/s: 728641 rss: 36Mb L: 20/34 MS: 1 CrossOver-
#729047	NEW    cov: 49 ft: 374 corp: 143/2551b lim: 4096 exec/s: 729047 rss: 36Mb L: 18/34 MS: 1 CopyPart-
#729203	NEW    cov: 49 ft: 376 corp: 144/2571b lim: 4096 exec/s: 729203 rss: 36Mb L: 20/34 MS: 1 CopyPart-
#729204	NEW    cov: 49 ft: 377 corp: 145/2589b lim: 4096 exec/s: 729204 rss: 36Mb L: 18/34 MS: 1 CrossOver-
#729650	NEW    cov: 49 ft: 379 corp: 146/2607b lim: 4096 exec/s: 729650 rss: 36Mb L: 18/34 MS: 1 CopyPart-
#729761	NEW    cov: 49 ft: 380 corp: 147/2625b lim: 4096 exec/s: 729761 rss: 36Mb L: 18/34 MS: 1 ChangeBinInt-
#729822	NEW    cov: 49 ft: 381 corp: 148/2643b lim: 4096 exec/s: 729822 rss: 36Mb L: 18/34 MS: 1 ChangeASCIIInt-
#730449	NEW    cov: 49 ft: 382 corp: 149/2661b lim: 4096 exec/s: 730449 rss: 36Mb L: 18/34 MS: 2 ChangeByte-ChangeASCIIInt-
#730775	NEW    cov: 49 ft: 383 corp: 150/2679b lim: 4096 exec/s: 730775 rss: 36Mb L: 18/34 MS: 1 ChangeBit-
#735361	NEW    cov: 49 ft: 384 corp: 151/2697b lim: 4096 exec/s: 735361 rss: 36Mb L: 18/34 MS: 1 ChangeByte-
#736577	NEW    cov: 49 ft: 385 corp: 152/2715b lim: 4096 exec/s: 736577 rss: 36Mb L: 18/34 MS: 1 ChangeBit-
#736957	NEW    cov: 49 ft: 386 corp: 153/2733b lim: 4096 exec/s: 736957 rss: 36Mb L: 18/34 MS: 5 ChangeBit-ChangeBinInt-ChangeBit-CrossOver-CopyPart-
#742909	REDUCE cov: 49 ft: 386 corp: 153/2731b lim: 4096 exec/s: 742909 rss: 36Mb L: 18/34 MS: 2 InsertByte-EraseBytes-
#759740	NEW    cov: 49 ft: 387 corp: 154/2749b lim: 4096 exec/s: 759740 rss: 36Mb L: 18/34 MS: 1 ChangeBit-
#760131	NEW    cov: 49 ft: 388 corp: 155/2767b lim: 4096 exec/s: 760131 rss: 36Mb L: 18/34 MS: 1 ShuffleBytes-
#763643	NEW    cov: 49 ft: 389 corp: 156/2785b lim: 4096 exec/s: 763643 rss: 36Mb L: 18/34 MS: 2 ChangeBit-ChangeASCIIInt-
#768369	NEW    cov: 49 ft: 390 corp: 157/2803b lim: 4096 exec/s: 768369 rss: 36Mb L: 18/34 MS: 1 ChangeASCIIInt-
#805666	REDUCE cov: 49 ft: 390 corp: 157/2801b lim: 4096 exec/s: 805666 rss: 36Mb L: 16/34 MS: 2 ChangeBinInt-EraseBytes-
#836322	NEW    cov: 49 ft: 391 corp: 158/2821b lim: 4096 exec/s: 836322 rss: 36Mb L: 20/34 MS: 1 ChangeBit-
#847750	REDUCE cov: 49 ft: 391 corp: 158/2817b lim: 4096 exec/s: 847750 rss: 36Mb L: 16/34 MS: 3 InsertByte-PersAutoDict-EraseBytes- DE: "\377\377\377\377"-
#884677	REDUCE cov: 49 ft: 391 corp: 158/2815b lim: 4096 exec/s: 442338 rss: 36Mb L: 18/34 MS: 2 PersAutoDict-EraseBytes- DE: "\377\377"-
#900505	REDUCE cov: 49 ft: 391 corp: 158/2813b lim: 4096 exec/s: 450252 rss: 36Mb L: 16/34 MS: 3 ShuffleBytes-EraseBytes-ChangeBinInt-
#1043978	REDUCE cov: 49 ft: 391 corp: 158/2811b lim: 4096 exec/s: 521989 rss: 36Mb L: 16/34 MS: 3 ChangeByte-EraseBytes-ChangeBit-
#1076418	REDUCE cov: 49 ft: 391 corp: 158/2809b lim: 4096 exec/s: 538209 rss: 36Mb L: 16/34 MS: 5 ChangeByte-ChangeBit-EraseBytes-ChangeByte-InsertByte-
#1105657	REDUCE cov: 49 ft: 391 corp: 158/2807b lim: 4096 exec/s: 552828 rss: 36Mb L: 16/34 MS: 4 InsertRepeatedBytes-EraseBytes-EraseBytes-ChangeByte-
#1139579	REDUCE cov: 49 ft: 391 corp: 158/2805b lim: 4096 exec/s: 569789 rss: 36Mb L: 16/34 MS: 2 InsertByte-EraseBytes-
#1222465	NEW    cov: 49 ft: 393 corp: 159/2825b lim: 4096 exec/s: 611232 rss: 36Mb L: 20/34 MS: 1 CrossOver-
#1337953	NEW    cov: 49 ft: 394 corp: 160/2845b lim: 4096 exec/s: 445984 rss: 36Mb L: 20/34 MS: 3 ChangeByte-ChangeASCIIInt-ChangeBit-
#1341990	REDUCE cov: 49 ft: 394 corp: 160/2841b lim: 4096 exec/s: 447330 rss: 36Mb L: 16/34 MS: 2 PersAutoDict-EraseBytes- DE: "\377\377\377\377"-
#1356243	NEW    cov: 49 ft: 395 corp: 161/2861b lim: 4096 exec/s: 452081 rss: 36Mb L: 20/34 MS: 3 CopyPart-EraseBytes-ChangeByte-
#1392125	REDUCE cov: 49 ft: 395 corp: 161/2859b lim: 4096 exec/s: 464041 rss: 36Mb L: 16/34 MS: 2 PersAutoDict-EraseBytes- DE: "\377\377"-
#1411297	REDUCE cov: 49 ft: 395 corp: 161/2857b lim: 4096 exec/s: 470432 rss: 36Mb L: 15/34 MS: 2 EraseBytes-ChangeBinInt-
#1474592	REDUCE cov: 49 ft: 395 corp: 161/2855b lim: 4096 exec/s: 491530 rss: 36Mb L: 16/34 MS: 5 InsertByte-PersAutoDict-ChangeASCIIInt-ChangeBit-EraseBytes- DE: "\377\377"-
#1486844	REDUCE cov: 49 ft: 395 corp: 161/2853b lim: 4096 exec/s: 495614 rss: 36Mb L: 16/34 MS: 2 EraseBytes-CMP- DE: "\377@"-
#1601366	REDUCE cov: 49 ft: 395 corp: 161/2851b lim: 4096 exec/s: 533788 rss: 36Mb L: 16/34 MS: 2 EraseBytes-ChangeBit-
#1604444	REDUCE cov: 49 ft: 395 corp: 161/2849b lim: 4096 exec/s: 534814 rss: 36Mb L: 16/34 MS: 3 CopyPart-PersAutoDict-EraseBytes- DE: "\377D"-
#1616815	NEW    cov: 49 ft: 396 corp: 162/2869b lim: 4096 exec/s: 538938 rss: 36Mb L: 20/34 MS: 1 ChangeBit-
#1656257	REDUCE cov: 49 ft: 396 corp: 162/2867b lim: 4096 exec/s: 552085 rss: 36Mb L: 16/34 MS: 2 EraseBytes-PersAutoDict- DE: "\377\377\377\377"-
#1797101	REDUCE cov: 49 ft: 396 corp: 162/2865b lim: 4096 exec/s: 449275 rss: 36Mb L: 15/34 MS: 4 CopyPart-InsertByte-EraseBytes-InsertByte-
#1944988	NEW    cov: 49 ft: 400 corp: 163/2885b lim: 4096 exec/s: 486247 rss: 36Mb L: 20/34 MS: 2 CopyPart-CrossOver-
#2008705	REDUCE cov: 49 ft: 400 corp: 163/2883b lim: 4096 exec/s: 502176 rss: 36Mb L: 16/34 MS: 2 EraseBytes-InsertByte-
#2028914	NEW    cov: 49 ft: 403 corp: 164/2903b lim: 4096 exec/s: 507228 rss: 36Mb L: 20/34 MS: 4 ChangeASCIIInt-ChangeBit-ShuffleBytes-ChangeASCIIInt-
#2097152	pulse  cov: 49 ft: 403 corp: 164/2903b lim: 4096 exec/s: 524288 rss: 36Mb
#2125826	NEW    cov: 49 ft: 405 corp: 165/2923b lim: 4096 exec/s: 531456 rss: 36Mb L: 20/34 MS: 2 ChangeBit-ChangeBit-
#2134428	REDUCE cov: 49 ft: 405 corp: 165/2921b lim: 4096 exec/s: 533607 rss: 36Mb L: 16/34 MS: 2 EraseBytes-InsertByte-
#2139911	NEW    cov: 49 ft: 406 corp: 166/2937b lim: 4096 exec/s: 534977 rss: 36Mb L: 16/34 MS: 3 EraseBytes-ChangeBit-ChangeByte-
#2140364	NEW    cov: 49 ft: 408 corp: 167/2969b lim: 4096 exec/s: 535091 rss: 36Mb L: 32/34 MS: 3 ChangeByte-PersAutoDict-CopyPart- DE: "\001\000\000\000\000\000\000\021"-
#2140560	REDUCE cov: 49 ft: 408 corp: 167/2968b lim: 4096 exec/s: 535140 rss: 36Mb L: 15/34 MS: 1 EraseBytes-
#2142203	REDUCE cov: 49 ft: 414 corp: 168/3000b lim: 4096 exec/s: 535550 rss: 36Mb L: 32/34 MS: 3 CopyPart-ShuffleBytes-CrossOver-
#2148281	REDUCE cov: 49 ft: 414 corp: 168/2998b lim: 4096 exec/s: 537070 rss: 36Mb L: 30/34 MS: 3 ShuffleBytes-EraseBytes-PersAutoDict- DE: "\377D"-
#2156558	NEW    cov: 49 ft: 419 corp: 169/3030b lim: 4096 exec/s: 539139 rss: 36Mb L: 32/34 MS: 2 CopyPart-ChangeASCIIInt-
#2159625	REDUCE cov: 49 ft: 419 corp: 169/3028b lim: 4096 exec/s: 539906 rss: 36Mb L: 28/34 MS: 2 EraseBytes-CopyPart-
#2174698	REDUCE cov: 49 ft: 419 corp: 169/3026b lim: 4096 exec/s: 543674 rss: 36Mb L: 26/34 MS: 3 ChangeBinInt-EraseBytes-ChangeBinInt-
#2175246	NEW    cov: 49 ft: 421 corp: 170/3058b lim: 4096 exec/s: 543811 rss: 36Mb L: 32/34 MS: 3 ChangeByte-ShuffleBytes-CopyPart-
#2180891	REDUCE cov: 49 ft: 421 corp: 170/3056b lim: 4096 exec/s: 545222 rss: 36Mb L: 24/34 MS: 5 CopyPart-ChangeBinInt-ChangeByte-InsertByte-EraseBytes-
#2194830	REDUCE cov: 49 ft: 421 corp: 170/3054b lim: 4096 exec/s: 548707 rss: 36Mb L: 22/34 MS: 4 InsertByte-EraseBytes-ChangeBit-CopyPart-
#2201524	REDUCE cov: 49 ft: 421 corp: 170/3052b lim: 4096 exec/s: 550381 rss: 36Mb L: 20/34 MS: 4 InsertByte-ChangeByte-ChangeBinInt-EraseBytes-
#2207975	NEW    cov: 49 ft: 422 corp: 171/3084b lim: 4096 exec/s: 551993 rss: 36Mb L: 32/34 MS: 1 CopyPart-
#2309818	REDUCE cov: 49 ft: 422 corp: 171/3082b lim: 4096 exec/s: 461963 rss: 36Mb L: 18/34 MS: 3 ChangeBit-EraseBytes-ChangeBinInt-
#2324073	REDUCE cov: 49 ft: 422 corp: 171/3080b lim: 4096 exec/s: 464814 rss: 36Mb L: 16/34 MS: 5 EraseBytes-PersAutoDict-CopyPart-InsertByte-InsertByte- DE: "\377\377\377\377"-
#2397655	NEW    cov: 49 ft: 423 corp: 172/3100b lim: 4096 exec/s: 479531 rss: 36Mb L: 20/34 MS: 2 ChangeASCIIInt-CopyPart-
#2455993	REDUCE cov: 49 ft: 423 corp: 172/3098b lim: 4096 exec/s: 491198 rss: 36Mb L: 16/34 MS: 3 CopyPart-EraseBytes-ChangeBit-
#2672235	REDUCE cov: 49 ft: 423 corp: 172/3096b lim: 4096 exec/s: 445372 rss: 36Mb L: 16/34 MS: 2 ChangeBit-EraseBytes-
#3237318	REDUCE cov: 49 ft: 423 corp: 172/3094b lim: 4096 exec/s: 462474 rss: 36Mb L: 16/34 MS: 3 ChangeBinInt-EraseBytes-CMP- DE: "\377S"-
#3459237	REDUCE cov: 49 ft: 423 corp: 172/3092b lim: 4096 exec/s: 494176 rss: 36Mb L: 16/34 MS: 4 ChangeBinInt-InsertByte-ChangeBinInt-EraseBytes-
#3538848	NEW    cov: 49 ft: 424 corp: 173/3112b lim: 4096 exec/s: 505549 rss: 36Mb L: 20/34 MS: 1 ChangeBinInt-
#3601490	REDUCE cov: 49 ft: 424 corp: 173/3110b lim: 4096 exec/s: 450186 rss: 36Mb L: 16/34 MS: 2 EraseBytes-PersAutoDict- DE: "\377S"-
#3660593	REDUCE cov: 49 ft: 424 corp: 173/3108b lim: 4096 exec/s: 457574 rss: 36Mb L: 16/34 MS: 3 ChangeBinInt-EraseBytes-ChangeByte-
#3665602	REDUCE cov: 49 ft: 424 corp: 173/3106b lim: 4096 exec/s: 458200 rss: 36Mb L: 16/34 MS: 4 PersAutoDict-EraseBytes-CopyPart-PersAutoDict- DE: "\001\000\000\000\000\000\000\021"-"\377\377"-
#3717447	REDUCE cov: 49 ft: 424 corp: 173/3104b lim: 4096 exec/s: 464680 rss: 36Mb L: 16/34 MS: 5 CopyPart-EraseBytes-PersAutoDict-ChangeBit-ShuffleBytes- DE: "\377\377"-
#3854398	NEW    cov: 49 ft: 425 corp: 174/3124b lim: 4096 exec/s: 481799 rss: 36Mb L: 20/34 MS: 1 ChangeBit-
#4194304	pulse  cov: 49 ft: 425 corp: 174/3124b lim: 4096 exec/s: 466033 rss: 36Mb
#4825441	REDUCE cov: 49 ft: 425 corp: 174/3122b lim: 4096 exec/s: 482544 rss: 36Mb L: 16/34 MS: 3 EraseBytes-ChangeBit-ChangeByte-
#5211878	REDUCE cov: 49 ft: 425 corp: 174/3120b lim: 4096 exec/s: 473807 rss: 36Mb L: 16/34 MS: 2 EraseBytes-ChangeBinInt-
#5541376	REDUCE cov: 49 ft: 425 corp: 174/3118b lim: 4096 exec/s: 461781 rss: 36Mb L: 16/34 MS: 3 ChangeByte-InsertByte-EraseBytes-
#5911838	REDUCE cov: 49 ft: 425 corp: 174/3116b lim: 4096 exec/s: 454756 rss: 36Mb L: 16/34 MS: 2 EraseBytes-ChangeBit-
#6328100	NEW    cov: 49 ft: 426 corp: 175/3136b lim: 4096 exec/s: 452007 rss: 36Mb L: 20/34 MS: 2 CopyPart-ChangeASCIIInt-
#6539998	REDUCE cov: 49 ft: 426 corp: 175/3134b lim: 4096 exec/s: 467142 rss: 36Mb L: 16/34 MS: 3 ChangeByte-EraseBytes-InsertByte-
#7069666	REDUCE cov: 49 ft: 426 corp: 175/3132b lim: 4096 exec/s: 471311 rss: 36Mb L: 16/34 MS: 3 ChangeBit-ChangeByte-EraseBytes-
#7407469	REDUCE cov: 49 ft: 426 corp: 175/3130b lim: 4096 exec/s: 462966 rss: 36Mb L: 16/34 MS: 3 PersAutoDict-EraseBytes-InsertByte- DE: "\016\000\000\000\000\000\000\000"-
#7431521	REDUCE cov: 49 ft: 426 corp: 175/3128b lim: 4096 exec/s: 464470 rss: 36Mb L: 16/34 MS: 2 ChangeBinInt-EraseBytes-
#7866339	REDUCE cov: 49 ft: 426 corp: 175/3126b lim: 4096 exec/s: 462725 rss: 36Mb L: 18/34 MS: 3 CopyPart-CrossOver-EraseBytes-
#8582236	REDUCE cov: 49 ft: 426 corp: 175/3124b lim: 4096 exec/s: 451696 rss: 36Mb L: 18/34 MS: 2 CrossOver-EraseBytes-
#8611706	REDUCE cov: 49 ft: 426 corp: 175/3123b lim: 4096 exec/s: 453247 rss: 36Mb L: 15/34 MS: 5 EraseBytes-PersAutoDict-CMP-ChangeBit-InsertByte- DE: "\377\377"-"\000\000\000\000\000\000\000\""-
#9198853	NEW    cov: 50 ft: 431 corp: 176/3150b lim: 4096 exec/s: 459942 rss: 36Mb L: 27/34 MS: 2 ChangeBit-CopyPart-
#9250982	REDUCE cov: 50 ft: 431 corp: 176/3148b lim: 4096 exec/s: 462549 rss: 36Mb L: 18/34 MS: 4 EraseBytes-InsertByte-ChangeBinInt-PersAutoDict- DE: "\377D"-
#10166959	REDUCE cov: 50 ft: 431 corp: 176/3146b lim: 4096 exec/s: 462134 rss: 36Mb L: 16/34 MS: 2 ChangeBinInt-EraseBytes-
#11305747	REDUCE cov: 50 ft: 431 corp: 176/3144b lim: 4096 exec/s: 452229 rss: 36Mb L: 16/34 MS: 3 ChangeByte-InsertByte-EraseBytes-
#11508669	REDUCE cov: 50 ft: 431 corp: 176/3142b lim: 4096 exec/s: 460346 rss: 36Mb L: 16/34 MS: 2 EraseBytes-ChangeByte-
#14417416	NEW    cov: 50 ft: 432 corp: 177/3158b lim: 4096 exec/s: 450544 rss: 36Mb L: 16/34 MS: 2 ChangeBit-ShuffleBytes-
#14591657	NEW    cov: 50 ft: 433 corp: 178/3190b lim: 4096 exec/s: 455989 rss: 36Mb L: 32/34 MS: 1 CopyPart-
#15113849	REDUCE cov: 50 ft: 433 corp: 178/3188b lim: 4096 exec/s: 457995 rss: 36Mb L: 16/34 MS: 2 InsertByte-EraseBytes-
#15295612	REDUCE cov: 50 ft: 433 corp: 178/3186b lim: 4096 exec/s: 449870 rss: 36Mb L: 16/34 MS: 3 ChangeASCIIInt-InsertByte-EraseBytes-
#15317794	REDUCE cov: 50 ft: 433 corp: 178/3184b lim: 4096 exec/s: 450523 rss: 36Mb L: 16/34 MS: 2 EraseBytes-ChangeBit-
#15813503	REDUCE cov: 50 ft: 433 corp: 178/3183b lim: 4096 exec/s: 451814 rss: 36Mb L: 16/34 MS: 4 EraseBytes-ChangeBit-ChangeBit-CopyPart-
#16777216	pulse  cov: 50 ft: 433 corp: 178/3183b lim: 4096 exec/s: 453438 rss: 36Mb
#17663560	REDUCE cov: 50 ft: 433 corp: 178/3181b lim: 4096 exec/s: 452911 rss: 36Mb L: 18/34 MS: 2 PersAutoDict-EraseBytes- DE: "\377S"-
#19460580	REDUCE cov: 50 ft: 433 corp: 178/3180b lim: 4096 exec/s: 452571 rss: 36Mb L: 15/34 MS: 5 ChangeByte-EraseBytes-InsertByte-ChangeBinInt-ChangeByte-
#21639432	REDUCE cov: 50 ft: 433 corp: 178/3178b lim: 4096 exec/s: 450821 rss: 36Mb L: 16/34 MS: 2 PersAutoDict-EraseBytes- DE: "\377\377"-
#24286125	REDUCE cov: 50 ft: 433 corp: 178/3176b lim: 4096 exec/s: 449743 rss: 36Mb L: 16/34 MS: 3 ChangeBinInt-ShuffleBytes-EraseBytes-
#25999083	REDUCE cov: 50 ft: 433 corp: 178/3175b lim: 4096 exec/s: 448260 rss: 36Mb L: 15/34 MS: 3 EraseBytes-CopyPart-ChangeByte-
#26568616	REDUCE cov: 50 ft: 433 corp: 178/3173b lim: 4096 exec/s: 450315 rss: 36Mb L: 16/34 MS: 3 ShuffleBytes-EraseBytes-ChangeBinInt-
#27917613	REDUCE cov: 50 ft: 433 corp: 178/3172b lim: 4096 exec/s: 450284 rss: 36Mb L: 15/34 MS: 2 EraseBytes-ShuffleBytes-
#33554432	pulse  cov: 50 ft: 433 corp: 178/3172b lim: 4096 exec/s: 447392 rss: 36Mb
#36191612	REDUCE cov: 50 ft: 433 corp: 178/3168b lim: 4096 exec/s: 446810 rss: 36Mb L: 16/34 MS: 4 ShuffleBytes-CrossOver-ShuffleBytes-EraseBytes-
#38954259	REDUCE cov: 50 ft: 433 corp: 178/3166b lim: 4096 exec/s: 447750 rss: 36Mb L: 16/34 MS: 2 PersAutoDict-EraseBytes- DE: "\377D"-
#49077693	REDUCE cov: 50 ft: 433 corp: 178/3165b lim: 4096 exec/s: 446160 rss: 36Mb L: 15/34 MS: 4 ChangeByte-InsertByte-CopyPart-EraseBytes-
#54468711	REDUCE cov: 50 ft: 433 corp: 178/3163b lim: 4096 exec/s: 446464 rss: 36Mb L: 16/34 MS: 3 ChangeByte-EraseBytes-ChangeBinInt-
#61342689	REDUCE cov: 50 ft: 433 corp: 178/3162b lim: 4096 exec/s: 444512 rss: 37Mb L: 15/34 MS: 3 ShuffleBytes-CMP-EraseBytes- DE: "\377\377\377\377\377\377\377 "-
#66480829	REDUCE cov: 50 ft: 433 corp: 178/3161b lim: 4096 exec/s: 446180 rss: 37Mb L: 15/34 MS: 5 ChangeByte-ChangeBinInt-ChangeBit-EraseBytes-PersAutoDict- DE: "\377\377"-
#67108864	pulse  cov: 50 ft: 433 corp: 178/3161b lim: 4096 exec/s: 447392 rss: 37Mb
#68158327	REDUCE cov: 50 ft: 433 corp: 178/3160b lim: 4096 exec/s: 445479 rss: 37Mb L: 15/34 MS: 3 EraseBytes-ChangeBinInt-ChangeByte-
#81750664	NEW    cov: 50 ft: 435 corp: 179/3181b lim: 4096 exec/s: 444297 rss: 37Mb L: 21/34 MS: 2 EraseBytes-ShuffleBytes-
#87337697	REDUCE cov: 50 ft: 435 corp: 179/3180b lim: 4096 exec/s: 445600 rss: 37Mb L: 15/34 MS: 3 PersAutoDict-EraseBytes-InsertByte- DE: "\377\377\377\377\377\377\377 "-
#94574601	REDUCE cov: 50 ft: 435 corp: 179/3179b lim: 4096 exec/s: 444012 rss: 37Mb L: 15/34 MS: 4 PersAutoDict-PersAutoDict-InsertByte-EraseBytes- DE: "\001\000"-"\377\377\377\377\377\377\377 "-
#99918670	REDUCE cov: 50 ft: 435 corp: 179/3178b lim: 4096 exec/s: 444082 rss: 37Mb L: 15/34 MS: 4 CMP-EraseBytes-ChangeBit-ChangeByte- DE: "0\000\000\000"-
#105053489	REDUCE cov: 50 ft: 435 corp: 179/3177b lim: 4096 exec/s: 445141 rss: 37Mb L: 15/34 MS: 4 ShuffleBytes-ChangeByte-EraseBytes-PersAutoDict- DE: "\377\377\377\377\377\377\377 "-
#110275611	REDUCE cov: 50 ft: 436 corp: 180/3193b lim: 4096 exec/s: 444659 rss: 37Mb L: 16/34 MS: 2 ChangeASCIIInt-ChangeASCIIInt-
#110777002	NEW    cov: 50 ft: 437 corp: 181/3209b lim: 4096 exec/s: 444887 rss: 37Mb L: 16/34 MS: 1 ChangeASCIIInt-
#114575848	NEW    cov: 50 ft: 438 corp: 182/3225b lim: 4096 exec/s: 444092 rss: 37Mb L: 16/34 MS: 1 CopyPart-
#121073775	REDUCE cov: 50 ft: 438 corp: 182/3224b lim: 4096 exec/s: 445124 rss: 37Mb L: 15/34 MS: 2 PersAutoDict-EraseBytes- DE: "\377\377\377\377\377\377\377 "-
#127725449	REDUCE cov: 50 ft: 438 corp: 182/3223b lim: 4096 exec/s: 445036 rss: 37Mb L: 15/34 MS: 4 PersAutoDict-InsertByte-PersAutoDict-EraseBytes- DE: "\377\377\377\377\377\377\377 "-"\001\000"-
#133552329	REDUCE cov: 50 ft: 439 corp: 183/3256b lim: 4096 exec/s: 443695 rss: 37Mb L: 33/34 MS: 5 ChangeBit-InsertRepeatedBytes-ShuffleBytes-EraseBytes-EraseBytes-
#134217728	pulse  cov: 50 ft: 439 corp: 183/3256b lim: 4096 exec/s: 444429 rss: 37Mb
#177156979	REDUCE cov: 50 ft: 439 corp: 183/3255b lim: 4096 exec/s: 444002 rss: 37Mb L: 15/34 MS: 5 EraseBytes-CopyPart-CopyPart-ChangeByte-InsertByte-
#187287107	REDUCE cov: 50 ft: 439 corp: 183/3254b lim: 4096 exec/s: 444862 rss: 37Mb L: 15/34 MS: 3 ChangeByte-EraseBytes-ChangeBit-
#193640132	REDUCE cov: 50 ft: 439 corp: 183/3253b lim: 4096 exec/s: 444128 rss: 37Mb L: 15/34 MS: 5 ChangeBinInt-ChangeBit-EraseBytes-ChangeByte-InsertByte-
#221806801	NEW    cov: 50 ft: 441 corp: 184/3279b lim: 4096 exec/s: 444502 rss: 37Mb L: 26/34 MS: 4 ChangeBinInt-ShuffleBytes-ChangeBit-EraseBytes-
#248459656	REDUCE cov: 50 ft: 441 corp: 184/3278b lim: 4096 exec/s: 444471 rss: 37Mb L: 15/34 MS: 5 ShuffleBytes-ChangeByte-CrossOver-InsertByte-EraseBytes-
==8061== libFuzzer: run interrupted; exiting
==8061== libFuzzer: run interrupted; exiting
