INFO: Running with entropic power schedule (0xFF, 100).
INFO: Seed: 1624136545
INFO: Loaded 1 modules   (70 inline 8-bit counters): 70 [0x558570bb1030, 0x558570bb1076), 
INFO: Loaded 1 PC tables (70 PCs): 70 [0xc000068000,0xc000068460), 
INFO:       12 files found in corpus
INFO: -max_len is not provided; libFuzzer will not generate inputs larger than 4096 bytes
INFO: seed corpus: files: 12 min: 4b max: 202b total: 595b rss: 30Mb
#13	INITED cov: 31 ft: 97 corp: 8/159b exec/s: 0 rss: 30Mb
#15	NEW    cov: 31 ft: 98 corp: 9/192b lim: 34 exec/s: 0 rss: 30Mb L: 33/34 MS: 2 InsertRepeatedBytes-CrossOver-
#22	NEW    cov: 31 ft: 100 corp: 10/223b lim: 34 exec/s: 0 rss: 30Mb L: 31/34 MS: 2 CopyPart-InsertByte-
#32	NEW    cov: 31 ft: 102 corp: 11/255b lim: 34 exec/s: 0 rss: 30Mb L: 32/34 MS: 5 CrossOver-ShuffleBytes-InsertRepeatedBytes-InsertByte-InsertRepeatedBytes-
#44	NEW    cov: 31 ft: 103 corp: 12/268b lim: 34 exec/s: 0 rss: 30Mb L: 13/34 MS: 2 InsertByte-CopyPart-
#46	NEW    cov: 31 ft: 104 corp: 13/293b lim: 34 exec/s: 0 rss: 30Mb L: 25/34 MS: 2 InsertByte-CMP- DE: "\000\000"-
#66	NEW    cov: 31 ft: 105 corp: 14/307b lim: 34 exec/s: 0 rss: 30Mb L: 14/34 MS: 5 InsertRepeatedBytes-PersAutoDict-EraseBytes-CopyPart-EraseBytes- DE: "\000\000"-
#116	NEW    cov: 31 ft: 107 corp: 15/322b lim: 34 exec/s: 0 rss: 30Mb L: 15/34 MS: 5 PersAutoDict-InsertByte-InsertRepeatedBytes-EraseBytes-PersAutoDict- DE: "\000\000"-"\000\000"-
#154	NEW    cov: 31 ft: 108 corp: 16/355b lim: 34 exec/s: 0 rss: 30Mb L: 33/34 MS: 3 ChangeASCIIInt-ChangeASCIIInt-CMP- DE: "\377\377\377\377\377\377\377\014"-
#199	NEW    cov: 31 ft: 109 corp: 17/389b lim: 34 exec/s: 0 rss: 30Mb L: 34/34 MS: 5 ChangeBinInt-CrossOver-InsertRepeatedBytes-ChangeBit-CrossOver-
#265	NEW    cov: 31 ft: 110 corp: 18/404b lim: 34 exec/s: 0 rss: 30Mb L: 15/34 MS: 1 EraseBytes-
#276	REDUCE cov: 31 ft: 110 corp: 18/401b lim: 34 exec/s: 0 rss: 30Mb L: 3/34 MS: 1 EraseBytes-
#338	NEW    cov: 31 ft: 111 corp: 19/403b lim: 34 exec/s: 0 rss: 30Mb L: 2/34 MS: 2 ChangeBinInt-EraseBytes-
#454	NEW    cov: 32 ft: 124 corp: 20/429b lim: 34 exec/s: 0 rss: 30Mb L: 26/34 MS: 1 ChangeBit-
#491	NEW    cov: 32 ft: 125 corp: 21/459b lim: 34 exec/s: 0 rss: 30Mb L: 30/34 MS: 2 CopyPart-PersAutoDict- DE: "\377\377\377\377\377\377\377\014"-
#499	NEW    cov: 32 ft: 133 corp: 22/485b lim: 34 exec/s: 0 rss: 30Mb L: 26/34 MS: 3 ChangeBinInt-ChangeASCIIInt-ShuffleBytes-
#502	REDUCE cov: 32 ft: 133 corp: 22/484b lim: 34 exec/s: 0 rss: 30Mb L: 1/34 MS: 3 InsertByte-EraseBytes-EraseBytes-
#553	NEW    cov: 32 ft: 137 corp: 23/506b lim: 34 exec/s: 0 rss: 30Mb L: 22/34 MS: 1 ChangeBit-
#590	NEW    cov: 32 ft: 140 corp: 24/528b lim: 34 exec/s: 0 rss: 30Mb L: 22/34 MS: 2 ShuffleBytes-ShuffleBytes-
#606	REDUCE cov: 32 ft: 140 corp: 24/527b lim: 34 exec/s: 0 rss: 30Mb L: 12/34 MS: 1 EraseBytes-
#608	NEW    cov: 32 ft: 146 corp: 25/549b lim: 34 exec/s: 0 rss: 30Mb L: 22/34 MS: 2 ChangeBit-CrossOver-
#630	NEW    cov: 32 ft: 150 corp: 26/571b lim: 34 exec/s: 0 rss: 30Mb L: 22/34 MS: 2 ShuffleBytes-CrossOver-
#644	REDUCE cov: 32 ft: 150 corp: 26/568b lim: 34 exec/s: 0 rss: 30Mb L: 31/34 MS: 4 CopyPart-EraseBytes-CrossOver-CMP- DE: "\377\377\377\377"-
#655	NEW    cov: 32 ft: 151 corp: 27/590b lim: 34 exec/s: 0 rss: 30Mb L: 22/34 MS: 1 ChangeASCIIInt-
#676	NEW    cov: 32 ft: 152 corp: 28/606b lim: 34 exec/s: 0 rss: 30Mb L: 16/34 MS: 1 CrossOver-
#687	NEW    cov: 32 ft: 156 corp: 29/628b lim: 34 exec/s: 0 rss: 30Mb L: 22/34 MS: 1 ShuffleBytes-
#728	NEW    cov: 32 ft: 157 corp: 30/645b lim: 34 exec/s: 0 rss: 30Mb L: 17/34 MS: 1 EraseBytes-
#731	REDUCE cov: 32 ft: 157 corp: 30/637b lim: 34 exec/s: 0 rss: 30Mb L: 25/34 MS: 3 ChangeByte-CopyPart-EraseBytes-
#838	NEW    cov: 32 ft: 165 corp: 31/658b lim: 34 exec/s: 0 rss: 30Mb L: 21/34 MS: 2 InsertByte-EraseBytes-
#954	NEW    cov: 32 ft: 168 corp: 32/680b lim: 34 exec/s: 0 rss: 30Mb L: 22/34 MS: 1 ChangeASCIIInt-
#1015	NEW    cov: 32 ft: 169 corp: 33/702b lim: 34 exec/s: 0 rss: 30Mb L: 22/34 MS: 1 ChangeASCIIInt-
#1171	NEW    cov: 32 ft: 170 corp: 34/724b lim: 34 exec/s: 0 rss: 30Mb L: 22/34 MS: 1 ChangeByte-
#1193	NEW    cov: 32 ft: 171 corp: 35/746b lim: 34 exec/s: 0 rss: 30Mb L: 22/34 MS: 2 ShuffleBytes-ChangeASCIIInt-
#1234	NEW    cov: 32 ft: 173 corp: 36/772b lim: 34 exec/s: 0 rss: 30Mb L: 26/34 MS: 1 ChangeASCIIInt-
#1304	REDUCE cov: 32 ft: 173 corp: 36/771b lim: 34 exec/s: 0 rss: 30Mb L: 25/34 MS: 5 ChangeASCIIInt-ChangeByte-CopyPart-EraseBytes-ChangeByte-
#1311	NEW    cov: 33 ft: 174 corp: 37/793b lim: 34 exec/s: 0 rss: 30Mb L: 22/34 MS: 2 ChangeASCIIInt-ChangeBit-
#1406	NEW    cov: 33 ft: 181 corp: 38/811b lim: 34 exec/s: 0 rss: 30Mb L: 18/34 MS: 5 ChangeASCIIInt-ChangeBinInt-ChangeBit-CopyPart-EraseBytes-
#1447	NEW    cov: 33 ft: 186 corp: 39/839b lim: 34 exec/s: 0 rss: 30Mb L: 28/34 MS: 1 EraseBytes-
#1458	NEW    cov: 33 ft: 188 corp: 40/861b lim: 34 exec/s: 0 rss: 30Mb L: 22/34 MS: 1 ShuffleBytes-
#1459	NEW    cov: 33 ft: 190 corp: 41/883b lim: 34 exec/s: 0 rss: 30Mb L: 22/34 MS: 1 ChangeBit-
#1760	NEW    cov: 33 ft: 192 corp: 42/905b lim: 34 exec/s: 0 rss: 30Mb L: 22/34 MS: 1 ShuffleBytes-
#1822	REDUCE cov: 33 ft: 192 corp: 42/904b lim: 34 exec/s: 0 rss: 30Mb L: 25/34 MS: 2 CopyPart-CrossOver-
#1906	NEW    cov: 33 ft: 193 corp: 43/925b lim: 34 exec/s: 0 rss: 30Mb L: 21/34 MS: 4 CrossOver-InsertByte-CrossOver-EraseBytes-
#2264	REDUCE cov: 33 ft: 193 corp: 43/914b lim: 34 exec/s: 0 rss: 31Mb L: 20/34 MS: 3 ChangeBit-EraseBytes-PersAutoDict- DE: "\377\377\377\377"-
#2480	REDUCE cov: 33 ft: 195 corp: 44/939b lim: 34 exec/s: 0 rss: 31Mb L: 25/34 MS: 1 ChangeByte-
#2859	REDUCE cov: 33 ft: 195 corp: 44/938b lim: 34 exec/s: 0 rss: 31Mb L: 21/34 MS: 4 CMP-CopyPart-ShuffleBytes-EraseBytes- DE: "\000\000\000\000"-
#2942	NEW    cov: 33 ft: 197 corp: 45/963b lim: 34 exec/s: 0 rss: 31Mb L: 25/34 MS: 3 EraseBytes-CrossOver-InsertByte-
#2965	NEW    cov: 33 ft: 198 corp: 46/992b lim: 34 exec/s: 0 rss: 31Mb L: 29/34 MS: 3 InsertRepeatedBytes-InsertRepeatedBytes-EraseBytes-
#3181	REDUCE cov: 33 ft: 198 corp: 46/983b lim: 34 exec/s: 0 rss: 31Mb L: 16/34 MS: 1 EraseBytes-
#3201	NEW    cov: 33 ft: 199 corp: 47/1008b lim: 34 exec/s: 0 rss: 31Mb L: 25/34 MS: 5 ChangeBinInt-CrossOver-ChangeASCIIInt-ChangeByte-InsertByte-
#4087	NEW    cov: 33 ft: 201 corp: 48/1036b lim: 39 exec/s: 0 rss: 31Mb L: 28/34 MS: 1 ChangeASCIIInt-
#4246	REDUCE cov: 33 ft: 201 corp: 48/1035b lim: 39 exec/s: 0 rss: 31Mb L: 21/34 MS: 4 ChangeBit-ChangeBit-EraseBytes-ChangeByte-
#4363	NEW    cov: 33 ft: 202 corp: 49/1057b lim: 39 exec/s: 0 rss: 31Mb L: 22/34 MS: 2 ChangeASCIIInt-CopyPart-
#4369	NEW    cov: 47 ft: 267 corp: 50/1078b lim: 39 exec/s: 0 rss: 31Mb L: 21/34 MS: 1 ShuffleBytes-
#4395	NEW    cov: 47 ft: 274 corp: 51/1106b lim: 39 exec/s: 0 rss: 31Mb L: 28/34 MS: 1 ChangeASCIIInt-
#4841	NEW    cov: 48 ft: 280 corp: 52/1127b lim: 39 exec/s: 0 rss: 31Mb L: 21/34 MS: 1 ChangeByte-
#5049	REDUCE cov: 48 ft: 280 corp: 52/1121b lim: 39 exec/s: 0 rss: 31Mb L: 23/34 MS: 3 CopyPart-ChangeByte-EraseBytes-
#5340	NEW    cov: 48 ft: 282 corp: 53/1149b lim: 39 exec/s: 0 rss: 31Mb L: 28/34 MS: 1 CrossOver-
#5515	REDUCE cov: 48 ft: 282 corp: 53/1147b lim: 39 exec/s: 0 rss: 31Mb L: 23/34 MS: 5 EraseBytes-CrossOver-ChangeByte-EraseBytes-InsertByte-
#5566	NEW    cov: 48 ft: 286 corp: 54/1168b lim: 39 exec/s: 0 rss: 31Mb L: 21/34 MS: 1 ChangeBit-
#5595	REDUCE cov: 48 ft: 286 corp: 54/1167b lim: 39 exec/s: 0 rss: 31Mb L: 24/34 MS: 4 ChangeASCIIInt-InsertByte-CrossOver-EraseBytes-
#5646	NEW    cov: 48 ft: 288 corp: 55/1195b lim: 39 exec/s: 0 rss: 31Mb L: 28/34 MS: 1 ChangeBit-
#5664	NEW    cov: 48 ft: 291 corp: 56/1229b lim: 39 exec/s: 0 rss: 31Mb L: 34/34 MS: 3 ShuffleBytes-CopyPart-InsertByte-
#5690	REDUCE cov: 48 ft: 291 corp: 56/1227b lim: 39 exec/s: 0 rss: 31Mb L: 21/34 MS: 1 EraseBytes-
#5892	NEW    cov: 48 ft: 292 corp: 57/1255b lim: 39 exec/s: 0 rss: 31Mb L: 28/34 MS: 2 ShuffleBytes-CopyPart-
#6032	REDUCE cov: 48 ft: 292 corp: 57/1254b lim: 39 exec/s: 0 rss: 31Mb L: 15/34 MS: 5 CrossOver-InsertByte-PersAutoDict-ChangeBinInt-EraseBytes- DE: "\000\000\000\000"-
#6072	NEW    cov: 48 ft: 293 corp: 58/1282b lim: 39 exec/s: 0 rss: 31Mb L: 28/34 MS: 5 CMP-CopyPart-CopyPart-ChangeByte-EraseBytes- DE: "\023\000\000\000\000\000\000\000"-
#6074	REDUCE cov: 48 ft: 295 corp: 59/1306b lim: 39 exec/s: 0 rss: 31Mb L: 24/34 MS: 2 ShuffleBytes-InsertByte-
#6135	NEW    cov: 48 ft: 296 corp: 60/1334b lim: 39 exec/s: 0 rss: 31Mb L: 28/34 MS: 1 CopyPart-
#6918	NEW    cov: 49 ft: 301 corp: 61/1356b lim: 44 exec/s: 0 rss: 32Mb L: 22/34 MS: 3 ShuffleBytes-ChangeBit-ChangeByte-
#7390	REDUCE cov: 49 ft: 301 corp: 61/1354b lim: 44 exec/s: 0 rss: 32Mb L: 26/34 MS: 2 ChangeByte-EraseBytes-
#7916	NEW    cov: 49 ft: 302 corp: 62/1376b lim: 49 exec/s: 0 rss: 32Mb L: 22/34 MS: 1 CrossOver-
#8250	NEW    cov: 49 ft: 307 corp: 63/1394b lim: 49 exec/s: 0 rss: 32Mb L: 18/34 MS: 4 InsertRepeatedBytes-ChangeByte-ChangeASCIIInt-EraseBytes-
#8321	NEW    cov: 49 ft: 308 corp: 64/1416b lim: 49 exec/s: 0 rss: 32Mb L: 22/34 MS: 1 ChangeByte-
#8553	NEW    cov: 49 ft: 309 corp: 65/1434b lim: 49 exec/s: 0 rss: 32Mb L: 18/34 MS: 2 ShuffleBytes-ChangeBit-
#8664	NEW    cov: 49 ft: 310 corp: 66/1456b lim: 49 exec/s: 0 rss: 32Mb L: 22/34 MS: 1 ChangeASCIIInt-
#9035	NEW    cov: 49 ft: 311 corp: 67/1484b lim: 49 exec/s: 0 rss: 32Mb L: 28/34 MS: 1 CrossOver-
#9162	NEW    cov: 49 ft: 312 corp: 68/1512b lim: 49 exec/s: 0 rss: 32Mb L: 28/34 MS: 2 ChangeBinInt-ChangeBinInt-
#9763	NEW    cov: 49 ft: 313 corp: 69/1540b lim: 54 exec/s: 0 rss: 32Mb L: 28/34 MS: 1 ChangeBit-
#9813	REDUCE cov: 49 ft: 313 corp: 69/1537b lim: 54 exec/s: 0 rss: 32Mb L: 25/34 MS: 5 ChangeBinInt-ChangeByte-ChangeByte-ChangeBit-EraseBytes-
#10219	REDUCE cov: 49 ft: 313 corp: 69/1532b lim: 54 exec/s: 0 rss: 32Mb L: 16/34 MS: 1 EraseBytes-
#10660	NEW    cov: 49 ft: 315 corp: 70/1554b lim: 54 exec/s: 0 rss: 32Mb L: 22/34 MS: 1 ChangeByte-
#11129	REDUCE cov: 49 ft: 315 corp: 70/1544b lim: 54 exec/s: 0 rss: 33Mb L: 15/34 MS: 4 PersAutoDict-ChangeASCIIInt-CrossOver-EraseBytes- DE: "\023\000\000\000\000\000\000\000"-
#11445	NEW    cov: 49 ft: 316 corp: 71/1561b lim: 54 exec/s: 0 rss: 33Mb L: 17/34 MS: 1 ChangeBinInt-
#11538	REDUCE cov: 49 ft: 316 corp: 71/1559b lim: 54 exec/s: 0 rss: 33Mb L: 15/34 MS: 3 ChangeByte-EraseBytes-ChangeBinInt-
#11614	NEW    cov: 49 ft: 317 corp: 72/1581b lim: 54 exec/s: 0 rss: 33Mb L: 22/34 MS: 1 ShuffleBytes-
#11921	REDUCE cov: 49 ft: 318 corp: 73/1598b lim: 54 exec/s: 0 rss: 33Mb L: 17/34 MS: 2 CMP-InsertByte- DE: "\001\000\000\000\000\000\000\022"-
#12973	REDUCE cov: 49 ft: 318 corp: 73/1597b lim: 64 exec/s: 0 rss: 33Mb L: 15/34 MS: 2 ChangeASCIIInt-EraseBytes-
#13419	NEW    cov: 49 ft: 319 corp: 74/1625b lim: 64 exec/s: 0 rss: 33Mb L: 28/34 MS: 1 CrossOver-
#14126	REDUCE cov: 49 ft: 319 corp: 74/1624b lim: 70 exec/s: 0 rss: 33Mb L: 21/34 MS: 2 ChangeASCIIInt-EraseBytes-
#14762	NEW    cov: 49 ft: 321 corp: 75/1646b lim: 76 exec/s: 0 rss: 33Mb L: 22/34 MS: 1 ChangeBinInt-
#15132	REDUCE cov: 49 ft: 321 corp: 75/1645b lim: 76 exec/s: 0 rss: 33Mb L: 24/34 MS: 5 ChangeBinInt-CopyPart-CrossOver-EraseBytes-ChangeBit-
#15714	REDUCE cov: 49 ft: 321 corp: 75/1642b lim: 76 exec/s: 0 rss: 33Mb L: 18/34 MS: 2 InsertByte-EraseBytes-
#16065	NEW    cov: 49 ft: 322 corp: 76/1664b lim: 76 exec/s: 0 rss: 34Mb L: 22/34 MS: 1 ChangeASCIIInt-
#16381	NEW    cov: 49 ft: 323 corp: 77/1686b lim: 76 exec/s: 0 rss: 34Mb L: 22/34 MS: 1 ChangeBit-
#16417	NEW    cov: 49 ft: 324 corp: 78/1708b lim: 76 exec/s: 0 rss: 34Mb L: 22/34 MS: 1 CopyPart-
#16518	NEW    cov: 49 ft: 325 corp: 79/1729b lim: 76 exec/s: 0 rss: 34Mb L: 21/34 MS: 1 ChangeASCIIInt-
#16744	NEW    cov: 49 ft: 326 corp: 80/1751b lim: 76 exec/s: 0 rss: 34Mb L: 22/34 MS: 1 ChangeASCIIInt-
#16835	REDUCE cov: 49 ft: 327 corp: 81/1766b lim: 76 exec/s: 0 rss: 34Mb L: 15/34 MS: 1 ChangeBinInt-
#17396	REDUCE cov: 49 ft: 327 corp: 81/1765b lim: 76 exec/s: 0 rss: 34Mb L: 21/34 MS: 1 EraseBytes-
#17417	NEW    cov: 49 ft: 328 corp: 82/1787b lim: 76 exec/s: 0 rss: 34Mb L: 22/34 MS: 1 ChangeBit-
#18828	REDUCE cov: 49 ft: 328 corp: 82/1786b lim: 88 exec/s: 0 rss: 34Mb L: 21/34 MS: 1 EraseBytes-
#20301	REDUCE cov: 49 ft: 328 corp: 82/1784b lim: 100 exec/s: 0 rss: 35Mb L: 23/34 MS: 3 EraseBytes-CopyPart-ChangeByte-
#21473	REDUCE cov: 49 ft: 328 corp: 82/1783b lim: 106 exec/s: 0 rss: 35Mb L: 22/34 MS: 2 EraseBytes-InsertByte-
#21794	REDUCE cov: 49 ft: 328 corp: 82/1781b lim: 106 exec/s: 0 rss: 35Mb L: 20/34 MS: 1 EraseBytes-
#22546	NEW    cov: 50 ft: 331 corp: 83/1810b lim: 112 exec/s: 0 rss: 35Mb L: 29/34 MS: 2 InsertByte-CopyPart-
#23362	NEW    cov: 50 ft: 332 corp: 84/1832b lim: 118 exec/s: 0 rss: 35Mb L: 22/34 MS: 1 ChangeBinInt-
#24245	REDUCE cov: 50 ft: 332 corp: 84/1831b lim: 124 exec/s: 0 rss: 35Mb L: 21/34 MS: 3 ShuffleBytes-EraseBytes-InsertByte-
#26038	REDUCE cov: 50 ft: 332 corp: 84/1825b lim: 137 exec/s: 0 rss: 35Mb L: 17/34 MS: 3 EraseBytes-CMP-ChangeBit- DE: "!\000\000\000\000\000\000\000"-
#26128	REDUCE cov: 50 ft: 332 corp: 84/1824b lim: 137 exec/s: 0 rss: 35Mb L: 28/34 MS: 5 ChangeBit-InsertByte-InsertByte-ChangeByte-CrossOver-
#27726	REDUCE cov: 50 ft: 332 corp: 84/1822b lim: 151 exec/s: 0 rss: 35Mb L: 26/34 MS: 3 EraseBytes-CMP-ChangeBinInt- DE: "1\000"-
#28087	NEW    cov: 50 ft: 333 corp: 85/1844b lim: 151 exec/s: 0 rss: 35Mb L: 22/34 MS: 1 ChangeASCIIInt-
#28231	REDUCE cov: 50 ft: 333 corp: 85/1843b lim: 151 exec/s: 0 rss: 35Mb L: 15/34 MS: 4 ChangeASCIIInt-EraseBytes-CrossOver-CopyPart-
#31022	NEW    cov: 50 ft: 334 corp: 86/1865b lim: 172 exec/s: 0 rss: 35Mb L: 22/34 MS: 1 ShuffleBytes-
#31288	NEW    cov: 50 ft: 335 corp: 87/1887b lim: 172 exec/s: 0 rss: 35Mb L: 22/34 MS: 1 ShuffleBytes-
#31376	REDUCE cov: 50 ft: 335 corp: 87/1885b lim: 172 exec/s: 0 rss: 35Mb L: 26/34 MS: 3 ChangeByte-EraseBytes-CrossOver-
#32120	REDUCE cov: 50 ft: 335 corp: 87/1883b lim: 179 exec/s: 0 rss: 35Mb L: 16/34 MS: 4 EraseBytes-ChangeBit-ShuffleBytes-ChangeByte-
#32485	REDUCE cov: 50 ft: 335 corp: 87/1880b lim: 179 exec/s: 0 rss: 35Mb L: 21/34 MS: 5 CopyPart-CopyPart-CopyPart-PersAutoDict-EraseBytes- DE: "\023\000\000\000\000\000\000\000"-
#32946	REDUCE cov: 50 ft: 335 corp: 87/1876b lim: 179 exec/s: 0 rss: 35Mb L: 20/34 MS: 1 EraseBytes-
#33782	NEW    cov: 50 ft: 338 corp: 88/1904b lim: 186 exec/s: 0 rss: 35Mb L: 28/34 MS: 1 ChangeBit-
#37197	REDUCE cov: 50 ft: 339 corp: 89/1920b lim: 214 exec/s: 0 rss: 35Mb L: 16/34 MS: 5 ChangeASCIIInt-ChangeASCIIInt-ChangeASCIIInt-InsertByte-ChangeBit-
#37313	NEW    cov: 50 ft: 340 corp: 90/1942b lim: 214 exec/s: 0 rss: 35Mb L: 22/34 MS: 1 ChangeASCIIInt-
#37714	NEW    cov: 50 ft: 341 corp: 91/1964b lim: 214 exec/s: 0 rss: 35Mb L: 22/34 MS: 1 ShuffleBytes-
#38786	REDUCE cov: 50 ft: 341 corp: 91/1963b lim: 221 exec/s: 0 rss: 35Mb L: 20/34 MS: 2 EraseBytes-ChangeBit-
#43179	REDUCE cov: 50 ft: 341 corp: 91/1960b lim: 264 exec/s: 0 rss: 35Mb L: 18/34 MS: 3 ChangeByte-EraseBytes-ChangeByte-
#44382	REDUCE cov: 50 ft: 341 corp: 91/1957b lim: 272 exec/s: 0 rss: 35Mb L: 21/34 MS: 3 ShuffleBytes-ChangeBinInt-EraseBytes-
#44830	REDUCE cov: 50 ft: 341 corp: 91/1956b lim: 272 exec/s: 0 rss: 35Mb L: 17/34 MS: 3 ChangeByte-EraseBytes-InsertByte-
#46144	REDUCE cov: 50 ft: 341 corp: 91/1955b lim: 280 exec/s: 0 rss: 35Mb L: 25/34 MS: 4 CopyPart-EraseBytes-ChangeASCIIInt-PersAutoDict- DE: "\001\000\000\000\000\000\000\022"-
#47427	REDUCE cov: 50 ft: 341 corp: 91/1954b lim: 288 exec/s: 0 rss: 35Mb L: 25/34 MS: 3 EraseBytes-ShuffleBytes-CrossOver-
#48928	REDUCE cov: 50 ft: 341 corp: 91/1953b lim: 296 exec/s: 0 rss: 35Mb L: 27/34 MS: 1 EraseBytes-
#51436	REDUCE cov: 50 ft: 341 corp: 91/1951b lim: 320 exec/s: 0 rss: 35Mb L: 20/34 MS: 3 EraseBytes-ChangeBit-PersAutoDict- DE: "\023\000\000\000\000\000\000\000"-
#52574	REDUCE cov: 50 ft: 341 corp: 91/1940b lim: 328 exec/s: 0 rss: 35Mb L: 19/34 MS: 3 EraseBytes-PersAutoDict-PersAutoDict- DE: "\377\377\377\377\377\377\377\014"-"1\000"-
#57000	NEW    cov: 50 ft: 343 corp: 92/1958b lim: 368 exec/s: 0 rss: 35Mb L: 18/34 MS: 1 CopyPart-
#58156	REDUCE cov: 50 ft: 343 corp: 92/1957b lim: 376 exec/s: 0 rss: 35Mb L: 15/34 MS: 1 EraseBytes-
#59078	REDUCE cov: 50 ft: 343 corp: 92/1956b lim: 384 exec/s: 0 rss: 35Mb L: 19/34 MS: 2 PersAutoDict-EraseBytes- DE: "\001\000\000\000\000\000\000\022"-
#59520	NEW    cov: 50 ft: 344 corp: 93/1974b lim: 384 exec/s: 0 rss: 35Mb L: 18/34 MS: 2 ChangeBinInt-ChangeByte-
#62272	REDUCE cov: 50 ft: 344 corp: 93/1973b lim: 408 exec/s: 0 rss: 35Mb L: 20/34 MS: 2 ShuffleBytes-EraseBytes-
#62553	REDUCE cov: 50 ft: 345 corp: 94/1993b lim: 408 exec/s: 0 rss: 35Mb L: 20/34 MS: 1 ShuffleBytes-
#63924	REDUCE cov: 50 ft: 345 corp: 94/1991b lim: 416 exec/s: 0 rss: 35Mb L: 20/34 MS: 1 EraseBytes-
#64069	REDUCE cov: 50 ft: 346 corp: 95/2012b lim: 416 exec/s: 0 rss: 35Mb L: 21/34 MS: 5 CopyPart-CopyPart-CopyPart-ShuffleBytes-CrossOver-
#65718	REDUCE cov: 50 ft: 346 corp: 95/2011b lim: 432 exec/s: 0 rss: 35Mb L: 16/34 MS: 4 PersAutoDict-ChangeASCIIInt-ShuffleBytes-EraseBytes- DE: "1\000"-
#66056	REDUCE cov: 50 ft: 346 corp: 95/2008b lim: 432 exec/s: 0 rss: 35Mb L: 17/34 MS: 3 InsertByte-ChangeBit-EraseBytes-
#69003	REDUCE cov: 50 ft: 346 corp: 95/2007b lim: 456 exec/s: 0 rss: 35Mb L: 16/34 MS: 2 ChangeByte-EraseBytes-
#70844	REDUCE cov: 50 ft: 346 corp: 95/2006b lim: 472 exec/s: 0 rss: 35Mb L: 20/34 MS: 1 EraseBytes-
#70961	NEW    cov: 50 ft: 349 corp: 96/2034b lim: 472 exec/s: 0 rss: 35Mb L: 28/34 MS: 2 ChangeASCIIInt-ChangeByte-
#74022	REDUCE cov: 50 ft: 349 corp: 96/2033b lim: 496 exec/s: 0 rss: 35Mb L: 26/34 MS: 1 EraseBytes-
#74354	REDUCE cov: 50 ft: 349 corp: 96/2031b lim: 496 exec/s: 0 rss: 35Mb L: 20/34 MS: 2 ShuffleBytes-EraseBytes-
#74570	NEW    cov: 50 ft: 350 corp: 97/2052b lim: 496 exec/s: 0 rss: 35Mb L: 21/34 MS: 1 ChangeBit-
#75504	REDUCE cov: 50 ft: 350 corp: 97/2051b lim: 504 exec/s: 0 rss: 35Mb L: 20/34 MS: 4 ChangeBit-ChangeASCIIInt-CopyPart-EraseBytes-
#76155	NEW    cov: 50 ft: 351 corp: 98/2073b lim: 504 exec/s: 0 rss: 35Mb L: 22/34 MS: 1 ShuffleBytes-
#76569	REDUCE cov: 50 ft: 351 corp: 98/2070b lim: 504 exec/s: 0 rss: 35Mb L: 22/34 MS: 4 ChangeBinInt-EraseBytes-ChangeByte-CrossOver-
#77168	REDUCE cov: 50 ft: 351 corp: 98/2069b lim: 504 exec/s: 0 rss: 35Mb L: 24/34 MS: 4 PersAutoDict-CrossOver-ChangeBit-EraseBytes- DE: "\000\000"-
#78254	REDUCE cov: 50 ft: 351 corp: 98/2068b lim: 512 exec/s: 0 rss: 35Mb L: 24/34 MS: 1 EraseBytes-
#86745	REDUCE cov: 50 ft: 351 corp: 98/2067b lim: 593 exec/s: 0 rss: 35Mb L: 21/34 MS: 1 EraseBytes-
#86901	REDUCE cov: 50 ft: 351 corp: 98/2066b lim: 593 exec/s: 0 rss: 35Mb L: 21/34 MS: 1 EraseBytes-
#95492	NEW    cov: 50 ft: 352 corp: 99/2088b lim: 674 exec/s: 0 rss: 35Mb L: 22/34 MS: 1 ShuffleBytes-
#96813	NEW    cov: 50 ft: 353 corp: 100/2116b lim: 683 exec/s: 0 rss: 35Mb L: 28/34 MS: 1 ChangeBit-
#102104	NEW    cov: 50 ft: 354 corp: 101/2138b lim: 728 exec/s: 0 rss: 35Mb L: 22/34 MS: 1 CrossOver-
#103955	NEW    cov: 50 ft: 355 corp: 102/2160b lim: 746 exec/s: 0 rss: 35Mb L: 22/34 MS: 1 ChangeASCIIInt-
#109183	REDUCE cov: 50 ft: 355 corp: 102/2158b lim: 791 exec/s: 0 rss: 35Mb L: 15/34 MS: 3 ChangeBit-EraseBytes-InsertByte-
#109639	NEW    cov: 50 ft: 356 corp: 103/2180b lim: 791 exec/s: 0 rss: 35Mb L: 22/34 MS: 1 ShuffleBytes-
#110032	REDUCE cov: 50 ft: 356 corp: 103/2178b lim: 791 exec/s: 0 rss: 35Mb L: 18/34 MS: 3 ChangeBit-EraseBytes-ChangeByte-
#110112	REDUCE cov: 50 ft: 356 corp: 103/2177b lim: 791 exec/s: 0 rss: 35Mb L: 23/34 MS: 5 ChangeBinInt-ChangeBit-EraseBytes-ChangeBit-ChangeBinInt-
#114284	REDUCE cov: 50 ft: 356 corp: 103/2175b lim: 827 exec/s: 0 rss: 35Mb L: 18/34 MS: 2 EraseBytes-InsertByte-
#115625	REDUCE cov: 50 ft: 356 corp: 103/2174b lim: 836 exec/s: 0 rss: 35Mb L: 21/34 MS: 1 EraseBytes-
#118656	NEW    cov: 50 ft: 357 corp: 104/2196b lim: 863 exec/s: 0 rss: 35Mb L: 22/34 MS: 1 ChangeASCIIInt-
#119232	NEW    cov: 50 ft: 358 corp: 105/2218b lim: 863 exec/s: 0 rss: 35Mb L: 22/34 MS: 1 ShuffleBytes-
#120694	NEW    cov: 50 ft: 359 corp: 106/2240b lim: 872 exec/s: 0 rss: 35Mb L: 22/34 MS: 2 ChangeASCIIInt-ShuffleBytes-
#120995	NEW    cov: 50 ft: 360 corp: 107/2261b lim: 872 exec/s: 0 rss: 35Mb L: 21/34 MS: 1 ChangeBit-
#121246	REDUCE cov: 50 ft: 360 corp: 107/2260b lim: 872 exec/s: 0 rss: 35Mb L: 21/34 MS: 1 EraseBytes-
#128748	NEW    cov: 50 ft: 361 corp: 108/2282b lim: 944 exec/s: 0 rss: 35Mb L: 22/34 MS: 2 ChangeASCIIInt-ChangeBit-
#130064	NEW    cov: 50 ft: 362 corp: 109/2304b lim: 953 exec/s: 0 rss: 35Mb L: 22/34 MS: 1 ShuffleBytes-
#131430	REDUCE cov: 50 ft: 362 corp: 109/2303b lim: 962 exec/s: 0 rss: 35Mb L: 21/34 MS: 1 EraseBytes-
#131817	NEW    cov: 50 ft: 363 corp: 110/2325b lim: 962 exec/s: 0 rss: 35Mb L: 22/34 MS: 2 ChangeASCIIInt-ChangeASCIIInt-
#131838	REDUCE cov: 50 ft: 363 corp: 110/2324b lim: 962 exec/s: 0 rss: 35Mb L: 21/34 MS: 1 EraseBytes-
#132105	REDUCE cov: 50 ft: 363 corp: 110/2322b lim: 962 exec/s: 0 rss: 35Mb L: 18/34 MS: 2 ChangeBinInt-EraseBytes-
#132446	REDUCE cov: 50 ft: 363 corp: 110/2321b lim: 962 exec/s: 0 rss: 35Mb L: 21/34 MS: 1 EraseBytes-
#134862	REDUCE cov: 50 ft: 363 corp: 110/2319b lim: 980 exec/s: 0 rss: 36Mb L: 20/34 MS: 1 EraseBytes-
#136307	REDUCE cov: 50 ft: 363 corp: 110/2316b lim: 989 exec/s: 0 rss: 36Mb L: 18/34 MS: 5 ChangeByte-CopyPart-ChangeASCIIInt-ChangeASCIIInt-EraseBytes-
#139709	REDUCE cov: 50 ft: 363 corp: 110/2315b lim: 1016 exec/s: 0 rss: 36Mb L: 19/34 MS: 2 InsertByte-EraseBytes-
#140384	REDUCE cov: 50 ft: 363 corp: 110/2310b lim: 1016 exec/s: 0 rss: 36Mb L: 17/34 MS: 5 CrossOver-ShuffleBytes-ChangeBit-ChangeBinInt-EraseBytes-
#140782	REDUCE cov: 50 ft: 364 corp: 111/2330b lim: 1016 exec/s: 0 rss: 36Mb L: 20/34 MS: 3 InsertByte-PersAutoDict-ChangeBinInt- DE: "\000\000\000\000"-
#141563	NEW    cov: 50 ft: 365 corp: 112/2352b lim: 1016 exec/s: 0 rss: 36Mb L: 22/34 MS: 1 ShuffleBytes-
#142989	NEW    cov: 50 ft: 366 corp: 113/2374b lim: 1025 exec/s: 0 rss: 36Mb L: 22/34 MS: 1 ShuffleBytes-
#144006	NEW    cov: 50 ft: 367 corp: 114/2396b lim: 1035 exec/s: 0 rss: 36Mb L: 22/34 MS: 2 ChangeBit-ChangeBinInt-
#147649	REDUCE cov: 50 ft: 367 corp: 114/2394b lim: 1065 exec/s: 0 rss: 36Mb L: 15/34 MS: 3 ChangeBinInt-InsertByte-EraseBytes-
#149325	REDUCE cov: 50 ft: 367 corp: 114/2393b lim: 1075 exec/s: 0 rss: 36Mb L: 21/34 MS: 1 EraseBytes-
#150051	REDUCE cov: 50 ft: 367 corp: 114/2391b lim: 1075 exec/s: 0 rss: 36Mb L: 20/34 MS: 1 EraseBytes-
#150381	REDUCE cov: 50 ft: 367 corp: 114/2389b lim: 1075 exec/s: 0 rss: 36Mb L: 17/34 MS: 5 ChangeByte-EraseBytes-ChangeBit-CopyPart-EraseBytes-
#154135	REDUCE cov: 50 ft: 367 corp: 114/2386b lim: 1105 exec/s: 0 rss: 36Mb L: 19/34 MS: 4 EraseBytes-ChangeByte-ShuffleBytes-InsertByte-
#154556	REDUCE cov: 50 ft: 367 corp: 114/2385b lim: 1105 exec/s: 0 rss: 36Mb L: 27/34 MS: 1 EraseBytes-
#154893	REDUCE cov: 50 ft: 367 corp: 114/2384b lim: 1105 exec/s: 0 rss: 36Mb L: 19/34 MS: 2 ChangeBit-EraseBytes-
#155769	NEW    cov: 50 ft: 369 corp: 115/2406b lim: 1105 exec/s: 0 rss: 36Mb L: 22/34 MS: 1 ShuffleBytes-
#155995	NEW    cov: 50 ft: 370 corp: 116/2428b lim: 1105 exec/s: 0 rss: 36Mb L: 22/34 MS: 1 ChangeBit-
#156701	REDUCE cov: 50 ft: 370 corp: 116/2427b lim: 1105 exec/s: 0 rss: 36Mb L: 17/34 MS: 1 EraseBytes-
#157028	NEW    cov: 50 ft: 371 corp: 117/2449b lim: 1105 exec/s: 0 rss: 36Mb L: 22/34 MS: 2 ChangeByte-CopyPart-
#163079	REDUCE cov: 50 ft: 371 corp: 117/2448b lim: 1165 exec/s: 0 rss: 36Mb L: 20/34 MS: 1 EraseBytes-
#166571	REDUCE cov: 50 ft: 371 corp: 117/2447b lim: 1195 exec/s: 0 rss: 36Mb L: 17/34 MS: 2 CrossOver-EraseBytes-
#169337	NEW    cov: 50 ft: 372 corp: 118/2469b lim: 1215 exec/s: 0 rss: 36Mb L: 22/34 MS: 1 ShuffleBytes-
#169794	REDUCE cov: 50 ft: 372 corp: 118/2468b lim: 1215 exec/s: 0 rss: 36Mb L: 23/34 MS: 2 EraseBytes-PersAutoDict- DE: "!\000\000\000\000\000\000\000"-
#171440	NEW    cov: 50 ft: 373 corp: 119/2490b lim: 1225 exec/s: 0 rss: 36Mb L: 22/34 MS: 1 CopyPart-
#172489	REDUCE cov: 50 ft: 373 corp: 119/2488b lim: 1235 exec/s: 0 rss: 36Mb L: 21/34 MS: 4 EraseBytes-InsertByte-ChangeBit-InsertByte-
#173100	REDUCE cov: 50 ft: 373 corp: 119/2487b lim: 1235 exec/s: 0 rss: 36Mb L: 20/34 MS: 1 EraseBytes-
#173521	NEW    cov: 50 ft: 374 corp: 120/2509b lim: 1235 exec/s: 0 rss: 36Mb L: 22/34 MS: 1 ChangeBinInt-
#175318	REDUCE cov: 50 ft: 374 corp: 120/2507b lim: 1245 exec/s: 0 rss: 36Mb L: 20/34 MS: 2 EraseBytes-CopyPart-
#177209	NEW    cov: 50 ft: 375 corp: 121/2529b lim: 1255 exec/s: 0 rss: 36Mb L: 22/34 MS: 1 ChangeBit-
#178245	REDUCE cov: 50 ft: 375 corp: 121/2528b lim: 1265 exec/s: 0 rss: 36Mb L: 21/34 MS: 1 EraseBytes-
#178276	REDUCE cov: 50 ft: 375 corp: 121/2527b lim: 1265 exec/s: 0 rss: 36Mb L: 20/34 MS: 1 EraseBytes-
#178612	NEW    cov: 50 ft: 376 corp: 122/2549b lim: 1265 exec/s: 0 rss: 36Mb L: 22/34 MS: 1 ChangeASCIIInt-
#179009	REDUCE cov: 50 ft: 378 corp: 123/2569b lim: 1265 exec/s: 0 rss: 36Mb L: 20/34 MS: 2 ChangeBit-ChangeASCIIInt-
#179727	REDUCE cov: 50 ft: 378 corp: 123/2567b lim: 1265 exec/s: 0 rss: 36Mb L: 20/34 MS: 3 ShuffleBytes-EraseBytes-ChangeBit-
#180579	REDUCE cov: 50 ft: 379 corp: 124/2587b lim: 1265 exec/s: 0 rss: 36Mb L: 20/34 MS: 2 ChangeByte-ChangeASCIIInt-
#180655	NEW    cov: 50 ft: 380 corp: 125/2607b lim: 1265 exec/s: 0 rss: 36Mb L: 20/34 MS: 1 ChangeASCIIInt-
#180671	NEW    cov: 50 ft: 381 corp: 126/2629b lim: 1265 exec/s: 0 rss: 36Mb L: 22/34 MS: 1 ChangeASCIIInt-
#181287	REDUCE cov: 50 ft: 381 corp: 126/2628b lim: 1265 exec/s: 0 rss: 36Mb L: 25/34 MS: 1 EraseBytes-
#189119	REDUCE cov: 50 ft: 381 corp: 126/2625b lim: 1335 exec/s: 0 rss: 36Mb L: 18/34 MS: 2 ChangeBinInt-EraseBytes-
#191794	REDUCE cov: 50 ft: 381 corp: 126/2622b lim: 1355 exec/s: 0 rss: 36Mb L: 25/34 MS: 5 ChangeASCIIInt-PersAutoDict-ShuffleBytes-ShuffleBytes-EraseBytes- DE: "\377\377\377\377"-
#193630	NEW    cov: 50 ft: 382 corp: 127/2642b lim: 1365 exec/s: 0 rss: 36Mb L: 20/34 MS: 1 ChangeASCIIInt-
#196151	REDUCE cov: 50 ft: 382 corp: 127/2641b lim: 1385 exec/s: 0 rss: 36Mb L: 21/34 MS: 1 EraseBytes-
#200087	REDUCE cov: 50 ft: 382 corp: 127/2640b lim: 1415 exec/s: 0 rss: 36Mb L: 21/34 MS: 1 EraseBytes-
#200778	REDUCE cov: 50 ft: 382 corp: 127/2638b lim: 1415 exec/s: 0 rss: 36Mb L: 20/34 MS: 1 EraseBytes-
#200810	REDUCE cov: 50 ft: 382 corp: 127/2636b lim: 1415 exec/s: 0 rss: 36Mb L: 20/34 MS: 2 EraseBytes-ChangeBinInt-
#202626	REDUCE cov: 50 ft: 382 corp: 127/2635b lim: 1425 exec/s: 0 rss: 36Mb L: 21/34 MS: 1 EraseBytes-
#203468	REDUCE cov: 50 ft: 382 corp: 127/2634b lim: 1425 exec/s: 0 rss: 36Mb L: 24/34 MS: 2 EraseBytes-PersAutoDict- DE: "\001\000\000\000\000\000\000\022"-
#213199	REDUCE cov: 50 ft: 382 corp: 127/2633b lim: 1515 exec/s: 0 rss: 36Mb L: 21/34 MS: 1 EraseBytes-
panic: found special char in iban [recovered]
	panic: found special char in iban

goroutine 17 [running, locked to thread]:
git.ultraware.nl/iddinkgroep/fundament-api.Fuzz.func1()
	git.ultraware.nl/iddinkgroep/fundament-api/fuzz.go:19 +0xa5
panic({0x55857017b760?, 0x55857018ec70?})
	runtime/panic.go:914 +0x21f
git.ultraware.nl/iddinkgroep/fundament-api.Fuzz({0xc000209080, 0x14})
	git.ultraware.nl/iddinkgroep/fundament-api/fuzz.go:34 +0x2b9
git.ultraware.nl/iddinkgroep/fundament-api.Fuzz_(...)
	git.ultraware.nl/iddinkgroep/fundament-api/fuzz.1527825026.go:6
main.LLVMFuzzerTestOneInput(...)
	./main.170485750.go:21
==30782== ERROR: libFuzzer: deadly signal
    #0 0x55857009e630 in __sanitizer_print_stack_trace (/seedai/experiments/libfuzzer/source_iban/libfuzzer+0xaf630) (BuildId: 688cb25bec4564588da2a67f6a2b25148a0fd5d4)
    #1 0x55857006a755 in fuzzer::PrintStackTrace() (/seedai/experiments/libfuzzer/source_iban/libfuzzer+0x7b755) (BuildId: 688cb25bec4564588da2a67f6a2b25148a0fd5d4)
    #2 0x5585700493a9 in fuzzer::Fuzzer::CrashCallback() (.part.0) FuzzerLoop.cpp.o
    #3 0x55857004946a in fuzzer::Fuzzer::StaticCrashSignalCallback() (/seedai/experiments/libfuzzer/source_iban/libfuzzer+0x5a46a) (BuildId: 688cb25bec4564588da2a67f6a2b25148a0fd5d4)
    #4 0x7fc033d6170f  (/usr/lib/libc.so.6+0x3e70f) (BuildId: 316d0d3666387f0e8fb98773f51aa1801027c5ab)
    #5 0x5585700fe160 in runtime.raise.abi0 runtime/sys_linux_amd64.s:153

NOTE: libFuzzer has rudimentary signal handlers.
      Combine libFuzzer with AddressSanitizer or similar for better crash reports.
SUMMARY: libFuzzer: deadly signal
MS: 1 CopyPart-; base unit: f15f0fc0ea09bb81819c4df86ab5f24c6743cb2f
0x4e,0x4c,0x33,0x20,0x69,0x2d,0x30,0x30,0x30,0x30,0x30,0x30,0x30,0x30,0x30,0x30,0x35,0x4d,0x20,0x30,
NL3 i-00000000005M 0
artifact_prefix='./'; Test unit written to ./crash-3a2eabb3f5b82ba9d5a4a1f237f4ae0e9790127b
Base64: TkwzIGktMDAwMDAwMDAwMDVNIDA=
