INFO: Running with entropic power schedule (0xFF, 100).
INFO: Seed: 2034942358
INFO: Loaded 1 modules   (70 inline 8-bit counters): 70 [0x56257e204030, 0x56257e204076), 
INFO: Loaded 1 PC tables (70 PCs): 70 [0xc000068000,0xc000068460), 
INFO:        9 files found in corpus
INFO: -max_len is not provided; libFuzzer will not generate inputs larger than 4096 bytes
INFO: seed corpus: files: 9 min: 51b max: 400b total: 2030b rss: 30Mb
#10	INITED exec/s: 0 rss: 30Mb
WARNING: no interesting inputs were found so far. Is the code instrumented for coverage?
This may also happen if the target rejected all inputs we tried so far
#11	NEW    cov: 9 ft: 15 corp: 2/2b lim: 4 exec/s: 0 rss: 30Mb L: 1/1 MS: 1 ChangeBit-
#14	NEW    cov: 9 ft: 16 corp: 3/4b lim: 4 exec/s: 0 rss: 30Mb L: 2/2 MS: 3 ChangeBinInt-ShuffleBytes-InsertByte-
#36	NEW    cov: 9 ft: 19 corp: 4/7b lim: 4 exec/s: 0 rss: 30Mb L: 3/3 MS: 2 CopyPart-CrossOver-
#296	NEW    cov: 9 ft: 20 corp: 5/12b lim: 6 exec/s: 0 rss: 30Mb L: 5/5 MS: 5 CrossOver-CrossOver-ShuffleBytes-ShuffleBytes-CrossOver-
#503	NEW    cov: 9 ft: 21 corp: 6/19b lim: 8 exec/s: 0 rss: 30Mb L: 7/7 MS: 2 InsertByte-InsertRepeatedBytes-
#518	NEW    cov: 9 ft: 22 corp: 7/27b lim: 8 exec/s: 0 rss: 30Mb L: 8/8 MS: 5 CopyPart-EraseBytes-ChangeByte-CrossOver-InsertRepeatedBytes-
#1132	NEW    cov: 9 ft: 23 corp: 8/39b lim: 14 exec/s: 0 rss: 30Mb L: 12/12 MS: 4 InsertRepeatedBytes-ChangeBit-ChangeBinInt-CrossOver-
#1161	NEW    cov: 9 ft: 24 corp: 9/53b lim: 14 exec/s: 0 rss: 30Mb L: 14/14 MS: 4 ChangeBit-InsertByte-ChangeByte-CopyPart-
#1190	NEW    cov: 9 ft: 25 corp: 10/66b lim: 14 exec/s: 0 rss: 30Mb L: 13/14 MS: 4 CMP-CrossOver-ChangeByte-InsertRepeatedBytes- DE: "\377\377\377\377"-
#1501	NEW    cov: 11 ft: 31 corp: 11/81b lim: 17 exec/s: 0 rss: 30Mb L: 15/15 MS: 1 CMP- DE: "\001\000"-
#1507	NEW    cov: 11 ft: 33 corp: 12/97b lim: 17 exec/s: 0 rss: 30Mb L: 16/16 MS: 1 CopyPart-
#1514	NEW    cov: 11 ft: 34 corp: 13/114b lim: 17 exec/s: 0 rss: 30Mb L: 17/17 MS: 2 InsertByte-InsertByte-
#1924	NEW    cov: 11 ft: 35 corp: 14/133b lim: 21 exec/s: 0 rss: 30Mb L: 19/19 MS: 5 ChangeByte-EraseBytes-PersAutoDict-PersAutoDict-CrossOver- DE: "\001\000"-"\377\377\377\377"-
#2744	NEW    cov: 11 ft: 36 corp: 15/161b lim: 29 exec/s: 0 rss: 30Mb L: 28/28 MS: 5 ChangeBinInt-ChangeBinInt-ChangeBinInt-CopyPart-InsertRepeatedBytes-
#2755	NEW    cov: 11 ft: 37 corp: 16/190b lim: 29 exec/s: 0 rss: 30Mb L: 29/29 MS: 1 CopyPart-
#3212	NEW    cov: 11 ft: 38 corp: 17/221b lim: 33 exec/s: 0 rss: 30Mb L: 31/31 MS: 2 InsertByte-InsertRepeatedBytes-
#3229	NEW    cov: 11 ft: 39 corp: 18/254b lim: 33 exec/s: 0 rss: 30Mb L: 33/33 MS: 2 ChangeBinInt-InsertRepeatedBytes-
#3786	NEW    cov: 11 ft: 41 corp: 19/288b lim: 38 exec/s: 0 rss: 31Mb L: 34/34 MS: 2 PersAutoDict-InsertRepeatedBytes- DE: "\001\000"-
#7219	REDUCE cov: 11 ft: 41 corp: 19/287b lim: 68 exec/s: 0 rss: 31Mb L: 27/34 MS: 3 PersAutoDict-ChangeBit-EraseBytes- DE: "\001\000"-
#208668	NEW    cov: 13 ft: 47 corp: 20/303b lim: 2061 exec/s: 0 rss: 35Mb L: 16/34 MS: 4 EraseBytes-ChangeBinInt-ChangeByte-ChangeByte-
#208715	NEW    cov: 13 ft: 49 corp: 21/319b lim: 2061 exec/s: 0 rss: 35Mb L: 16/34 MS: 2 ShuffleBytes-ChangeBinInt-
#208742	NEW    cov: 13 ft: 51 corp: 22/339b lim: 2061 exec/s: 0 rss: 35Mb L: 20/34 MS: 2 ChangeBinInt-PersAutoDict- DE: "\377\377\377\377"-
#208743	NEW    cov: 13 ft: 52 corp: 23/363b lim: 2061 exec/s: 0 rss: 35Mb L: 24/34 MS: 1 CrossOver-
#208766	NEW    cov: 13 ft: 53 corp: 24/392b lim: 2061 exec/s: 0 rss: 35Mb L: 29/34 MS: 3 CopyPart-CrossOver-EraseBytes-
#208767	NEW    cov: 13 ft: 54 corp: 25/412b lim: 2061 exec/s: 0 rss: 35Mb L: 20/34 MS: 1 CrossOver-
#209218	NEW    cov: 25 ft: 99 corp: 26/434b lim: 2061 exec/s: 0 rss: 35Mb L: 22/34 MS: 1 CopyPart-
#209424	NEW    cov: 25 ft: 100 corp: 27/455b lim: 2061 exec/s: 0 rss: 35Mb L: 21/34 MS: 1 InsertByte-
#209617	NEW    cov: 25 ft: 102 corp: 28/471b lim: 2061 exec/s: 0 rss: 35Mb L: 16/34 MS: 3 EraseBytes-InsertByte-CopyPart-
#209844	NEW    cov: 30 ft: 120 corp: 29/487b lim: 2061 exec/s: 0 rss: 35Mb L: 16/34 MS: 2 ChangeBit-CrossOver-
#209874	NEW    cov: 30 ft: 121 corp: 30/516b lim: 2061 exec/s: 0 rss: 35Mb L: 29/34 MS: 5 ChangeBit-InsertByte-EraseBytes-CopyPart-InsertRepeatedBytes-
#210025	NEW    cov: 30 ft: 123 corp: 31/538b lim: 2061 exec/s: 0 rss: 35Mb L: 22/34 MS: 1 ChangeBit-
#210091	NEW    cov: 30 ft: 124 corp: 32/560b lim: 2061 exec/s: 0 rss: 35Mb L: 22/34 MS: 1 ChangeBinInt-
#210094	NEW    cov: 30 ft: 125 corp: 33/580b lim: 2061 exec/s: 0 rss: 35Mb L: 20/34 MS: 3 ChangeBit-CrossOver-EraseBytes-
#210210	NEW    cov: 30 ft: 126 corp: 34/602b lim: 2061 exec/s: 0 rss: 35Mb L: 22/34 MS: 1 InsertByte-
#210312	NEW    cov: 30 ft: 127 corp: 35/619b lim: 2061 exec/s: 0 rss: 35Mb L: 17/34 MS: 2 InsertByte-ChangeBinInt-
#210447	NEW    cov: 30 ft: 128 corp: 36/643b lim: 2061 exec/s: 0 rss: 35Mb L: 24/34 MS: 5 ChangeByte-ChangeBit-InsertByte-CopyPart-InsertByte-
#210603	NEW    cov: 30 ft: 130 corp: 37/659b lim: 2061 exec/s: 0 rss: 35Mb L: 16/34 MS: 1 ChangeBinInt-
#210714	NEW    cov: 30 ft: 131 corp: 38/681b lim: 2061 exec/s: 0 rss: 35Mb L: 22/34 MS: 1 CMP- DE: "\025\000\000\000\000\000\000\000"-
#210830	REDUCE cov: 30 ft: 131 corp: 38/679b lim: 2061 exec/s: 0 rss: 35Mb L: 22/34 MS: 1 EraseBytes-
#210951	NEW    cov: 30 ft: 132 corp: 39/698b lim: 2061 exec/s: 0 rss: 35Mb L: 19/34 MS: 1 PersAutoDict- DE: "\001\000"-
#211087	NEW    cov: 30 ft: 134 corp: 40/720b lim: 2061 exec/s: 0 rss: 35Mb L: 22/34 MS: 1 InsertByte-
#211704	NEW    cov: 30 ft: 136 corp: 41/742b lim: 2061 exec/s: 0 rss: 35Mb L: 22/34 MS: 2 ShuffleBytes-ChangeByte-
#211796	REDUCE cov: 30 ft: 136 corp: 41/737b lim: 2061 exec/s: 0 rss: 35Mb L: 24/34 MS: 2 ChangeBinInt-EraseBytes-
#211859	NEW    cov: 30 ft: 137 corp: 42/754b lim: 2061 exec/s: 0 rss: 35Mb L: 17/34 MS: 3 ChangeBit-ChangeBit-CopyPart-
#211976	NEW    cov: 30 ft: 138 corp: 43/776b lim: 2061 exec/s: 0 rss: 35Mb L: 22/34 MS: 2 ShuffleBytes-ChangeByte-
#212023	REDUCE cov: 30 ft: 138 corp: 43/771b lim: 2061 exec/s: 0 rss: 35Mb L: 19/34 MS: 2 ChangeBit-EraseBytes-
#213449	NEW    cov: 30 ft: 139 corp: 44/787b lim: 2072 exec/s: 0 rss: 35Mb L: 16/34 MS: 1 ChangeBit-
#213722	NEW    cov: 30 ft: 141 corp: 45/804b lim: 2072 exec/s: 0 rss: 35Mb L: 17/34 MS: 3 CrossOver-ChangeBinInt-ChangeBit-
#215349	NEW    cov: 30 ft: 144 corp: 46/820b lim: 2083 exec/s: 0 rss: 35Mb L: 16/34 MS: 2 CopyPart-ChangeBit-
#215406	NEW    cov: 30 ft: 145 corp: 47/837b lim: 2083 exec/s: 0 rss: 35Mb L: 17/34 MS: 2 CMP-ChangeBinInt- DE: "\001\000\000\000\000\000\000\033"-
#215448	REDUCE cov: 30 ft: 145 corp: 47/836b lim: 2083 exec/s: 0 rss: 35Mb L: 16/34 MS: 2 ChangeByte-EraseBytes-
#215730	REDUCE cov: 30 ft: 145 corp: 47/834b lim: 2083 exec/s: 0 rss: 35Mb L: 15/34 MS: 2 EraseBytes-ChangeByte-
#215785	REDUCE cov: 30 ft: 145 corp: 47/833b lim: 2083 exec/s: 0 rss: 35Mb L: 19/34 MS: 5 CopyPart-CrossOver-EraseBytes-ChangeByte-ChangeByte-
#218327	REDUCE cov: 30 ft: 145 corp: 47/832b lim: 2105 exec/s: 0 rss: 35Mb L: 15/34 MS: 2 PersAutoDict-EraseBytes- DE: "\025\000\000\000\000\000\000\000"-
#218657	REDUCE cov: 30 ft: 145 corp: 47/831b lim: 2105 exec/s: 0 rss: 35Mb L: 16/34 MS: 5 ChangeByte-PersAutoDict-ChangeBit-InsertByte-EraseBytes- DE: "\377\377\377\377"-
#219568	NEW    cov: 30 ft: 147 corp: 48/847b lim: 2105 exec/s: 0 rss: 35Mb L: 16/34 MS: 1 ChangeByte-
#219654	NEW    cov: 30 ft: 148 corp: 49/866b lim: 2105 exec/s: 0 rss: 35Mb L: 19/34 MS: 1 PersAutoDict- DE: "\025\000\000\000\000\000\000\000"-
#221782	NEW    cov: 30 ft: 149 corp: 50/887b lim: 2116 exec/s: 0 rss: 35Mb L: 21/34 MS: 3 InsertByte-InsertByte-ChangeBinInt-
#222183	NEW    cov: 30 ft: 151 corp: 51/903b lim: 2116 exec/s: 0 rss: 35Mb L: 16/34 MS: 1 ShuffleBytes-
#222329	NEW    cov: 30 ft: 153 corp: 52/919b lim: 2116 exec/s: 0 rss: 35Mb L: 16/34 MS: 1 ChangeByte-
#222625	NEW    cov: 30 ft: 155 corp: 53/935b lim: 2116 exec/s: 0 rss: 35Mb L: 16/34 MS: 1 ChangeBit-
#222746	REDUCE cov: 30 ft: 155 corp: 53/934b lim: 2116 exec/s: 0 rss: 35Mb L: 15/34 MS: 1 EraseBytes-
#222828	REDUCE cov: 30 ft: 155 corp: 53/933b lim: 2116 exec/s: 0 rss: 35Mb L: 18/34 MS: 2 EraseBytes-InsertByte-
#223347	REDUCE cov: 30 ft: 155 corp: 53/931b lim: 2116 exec/s: 0 rss: 35Mb L: 20/34 MS: 4 EraseBytes-PersAutoDict-CopyPart-ChangeBinInt- DE: "\377\377\377\377"-
#224980	REDUCE cov: 30 ft: 155 corp: 53/929b lim: 2127 exec/s: 0 rss: 35Mb L: 20/34 MS: 3 EraseBytes-InsertByte-InsertByte-
#225493	NEW    cov: 30 ft: 157 corp: 54/945b lim: 2127 exec/s: 0 rss: 35Mb L: 16/34 MS: 3 ChangeByte-ChangeBinInt-ShuffleBytes-
#225832	REDUCE cov: 30 ft: 157 corp: 54/943b lim: 2127 exec/s: 0 rss: 35Mb L: 18/34 MS: 4 ShuffleBytes-CrossOver-InsertByte-EraseBytes-
#226347	REDUCE cov: 30 ft: 157 corp: 54/940b lim: 2127 exec/s: 0 rss: 35Mb L: 21/34 MS: 5 PersAutoDict-PersAutoDict-EraseBytes-CMP-InsertByte- DE: "\377\377\377\377"-"\001\000"-"\000\000"-
#228679	NEW    cov: 30 ft: 158 corp: 55/962b lim: 2149 exec/s: 0 rss: 35Mb L: 22/34 MS: 2 ChangeBit-ChangeBinInt-
#228755	REDUCE cov: 30 ft: 158 corp: 55/955b lim: 2149 exec/s: 0 rss: 35Mb L: 15/34 MS: 1 EraseBytes-
#228808	REDUCE cov: 30 ft: 158 corp: 55/953b lim: 2149 exec/s: 0 rss: 35Mb L: 20/34 MS: 3 ShuffleBytes-CMP-EraseBytes- DE: "\377\377"-
#231076	REDUCE cov: 30 ft: 158 corp: 55/951b lim: 2171 exec/s: 0 rss: 35Mb L: 19/34 MS: 3 ChangeBit-CMP-EraseBytes- DE: "\376\377\377\377\377\377\377\377"-
#231378	REDUCE cov: 30 ft: 158 corp: 55/949b lim: 2171 exec/s: 0 rss: 35Mb L: 19/34 MS: 2 EraseBytes-InsertByte-
#232020	NEW    cov: 30 ft: 160 corp: 56/965b lim: 2171 exec/s: 0 rss: 35Mb L: 16/34 MS: 2 ChangeBinInt-ChangeBit-
#232266	NEW    cov: 30 ft: 162 corp: 57/981b lim: 2171 exec/s: 0 rss: 35Mb L: 16/34 MS: 1 ChangeBit-
#234647	NEW    cov: 30 ft: 164 corp: 58/997b lim: 2193 exec/s: 0 rss: 35Mb L: 16/34 MS: 1 ChangeBit-
#235478	NEW    cov: 30 ft: 166 corp: 59/1013b lim: 2193 exec/s: 0 rss: 35Mb L: 16/34 MS: 1 ChangeBinInt-
#236009	REDUCE cov: 30 ft: 166 corp: 59/1010b lim: 2193 exec/s: 0 rss: 35Mb L: 16/34 MS: 1 EraseBytes-
#237121	REDUCE cov: 30 ft: 166 corp: 59/1007b lim: 2204 exec/s: 0 rss: 35Mb L: 16/34 MS: 2 ChangeBinInt-EraseBytes-
#237503	REDUCE cov: 30 ft: 166 corp: 59/1003b lim: 2204 exec/s: 0 rss: 35Mb L: 25/34 MS: 2 PersAutoDict-EraseBytes- DE: "\377\377\377\377"-
#238214	REDUCE cov: 30 ft: 166 corp: 59/1002b lim: 2204 exec/s: 0 rss: 35Mb L: 15/34 MS: 1 EraseBytes-
#238754	REDUCE cov: 30 ft: 166 corp: 59/1001b lim: 2204 exec/s: 0 rss: 35Mb L: 19/34 MS: 5 InsertByte-ShuffleBytes-ShuffleBytes-InsertByte-EraseBytes-
#241427	REDUCE cov: 30 ft: 166 corp: 59/999b lim: 2226 exec/s: 0 rss: 35Mb L: 20/34 MS: 3 EraseBytes-InsertByte-CopyPart-
#242428	NEW    cov: 30 ft: 167 corp: 60/1015b lim: 2226 exec/s: 0 rss: 35Mb L: 16/34 MS: 1 ChangeByte-
#242906	NEW    cov: 31 ft: 172 corp: 61/1033b lim: 2226 exec/s: 0 rss: 35Mb L: 18/34 MS: 3 InsertByte-ChangeByte-InsertByte-
#244075	REDUCE cov: 31 ft: 172 corp: 61/1031b lim: 2237 exec/s: 0 rss: 35Mb L: 18/34 MS: 4 InsertByte-EraseBytes-ChangeByte-CopyPart-
#247806	NEW    cov: 31 ft: 173 corp: 62/1049b lim: 2270 exec/s: 0 rss: 35Mb L: 18/34 MS: 1 ShuffleBytes-
#247851	REDUCE cov: 31 ft: 173 corp: 62/1045b lim: 2270 exec/s: 0 rss: 35Mb L: 15/34 MS: 5 PersAutoDict-CrossOver-ChangeBit-EraseBytes-PersAutoDict- DE: "\001\000"-"\377\377"-
#251722	NEW    cov: 31 ft: 174 corp: 63/1063b lim: 2303 exec/s: 0 rss: 35Mb L: 18/34 MS: 1 ShuffleBytes-
#253122	REDUCE cov: 31 ft: 174 corp: 63/1061b lim: 2314 exec/s: 0 rss: 35Mb L: 17/34 MS: 5 ChangeBit-ChangeBit-EraseBytes-ChangeBit-InsertByte-
#253553	NEW    cov: 31 ft: 175 corp: 64/1079b lim: 2314 exec/s: 0 rss: 35Mb L: 18/34 MS: 1 ShuffleBytes-
#253749	NEW    cov: 32 ft: 178 corp: 65/1097b lim: 2314 exec/s: 0 rss: 35Mb L: 18/34 MS: 1 ChangeByte-
#253945	NEW    cov: 32 ft: 179 corp: 66/1115b lim: 2314 exec/s: 0 rss: 35Mb L: 18/34 MS: 1 ChangeBit-
#255428	REDUCE cov: 32 ft: 179 corp: 66/1105b lim: 2325 exec/s: 0 rss: 35Mb L: 15/34 MS: 3 EraseBytes-InsertByte-ChangeBinInt-
#255824	NEW    cov: 32 ft: 180 corp: 67/1123b lim: 2325 exec/s: 0 rss: 35Mb L: 18/34 MS: 1 ChangeBit-
#256297	REDUCE cov: 32 ft: 180 corp: 67/1121b lim: 2325 exec/s: 0 rss: 35Mb L: 15/34 MS: 3 PersAutoDict-ChangeBit-EraseBytes- DE: "\377\377"-
#256303	NEW    cov: 32 ft: 181 corp: 68/1139b lim: 2325 exec/s: 0 rss: 35Mb L: 18/34 MS: 1 ChangeBinInt-
#258270	NEW    cov: 32 ft: 182 corp: 69/1155b lim: 2336 exec/s: 0 rss: 35Mb L: 16/34 MS: 2 ShuffleBytes-ChangeByte-
#259991	NEW    cov: 32 ft: 183 corp: 70/1171b lim: 2347 exec/s: 0 rss: 35Mb L: 16/34 MS: 1 ChangeByte-
#261018	REDUCE cov: 32 ft: 183 corp: 70/1169b lim: 2347 exec/s: 0 rss: 35Mb L: 16/34 MS: 2 CopyPart-EraseBytes-
#263044	NEW    cov: 32 ft: 184 corp: 71/1187b lim: 2358 exec/s: 0 rss: 35Mb L: 18/34 MS: 1 ChangeBit-
#263902	NEW    cov: 32 ft: 185 corp: 72/1209b lim: 2358 exec/s: 0 rss: 35Mb L: 22/34 MS: 3 ChangeByte-CopyPart-EraseBytes-
#265877	NEW    cov: 32 ft: 186 corp: 73/1237b lim: 2369 exec/s: 0 rss: 35Mb L: 28/34 MS: 5 InsertByte-InsertByte-InsertRepeatedBytes-EraseBytes-PersAutoDict- DE: "\001\000"-
#267055	REDUCE cov: 32 ft: 186 corp: 73/1233b lim: 2380 exec/s: 0 rss: 35Mb L: 18/34 MS: 3 EraseBytes-InsertByte-CMP- DE: "\377\377"-
#268211	NEW    cov: 32 ft: 188 corp: 74/1251b lim: 2391 exec/s: 0 rss: 35Mb L: 18/34 MS: 1 ChangeByte-
#268678	NEW    cov: 32 ft: 195 corp: 75/1269b lim: 2391 exec/s: 0 rss: 35Mb L: 18/34 MS: 2 PersAutoDict-CopyPart- DE: "\000\000"-
#269074	NEW    cov: 32 ft: 196 corp: 76/1285b lim: 2391 exec/s: 0 rss: 35Mb L: 16/34 MS: 1 ChangeBinInt-
#270245	NEW    cov: 32 ft: 197 corp: 77/1303b lim: 2402 exec/s: 0 rss: 35Mb L: 18/34 MS: 1 ChangeBit-
#270491	NEW    cov: 32 ft: 198 corp: 78/1321b lim: 2402 exec/s: 0 rss: 35Mb L: 18/34 MS: 1 ChangeASCIIInt-
#271167	NEW    cov: 32 ft: 199 corp: 79/1339b lim: 2402 exec/s: 0 rss: 35Mb L: 18/34 MS: 1 ChangeASCIIInt-
#272953	NEW    cov: 32 ft: 200 corp: 80/1367b lim: 2413 exec/s: 0 rss: 35Mb L: 28/34 MS: 1 CMP- DE: "\030\000\000\000\000\000\000\000"-
#273601	REDUCE cov: 32 ft: 200 corp: 80/1363b lim: 2413 exec/s: 0 rss: 35Mb L: 15/34 MS: 3 ShuffleBytes-EraseBytes-CMP- DE: "\377\377\377\377"-
#277333	NEW    cov: 32 ft: 201 corp: 81/1381b lim: 2446 exec/s: 0 rss: 35Mb L: 18/34 MS: 2 ChangeByte-ChangeBinInt-
#278016	REDUCE cov: 32 ft: 201 corp: 81/1380b lim: 2446 exec/s: 0 rss: 35Mb L: 15/34 MS: 3 InsertByte-CopyPart-EraseBytes-
#280292	NEW    cov: 32 ft: 202 corp: 82/1398b lim: 2468 exec/s: 0 rss: 35Mb L: 18/34 MS: 1 ShuffleBytes-
#283886	REDUCE cov: 32 ft: 202 corp: 82/1396b lim: 2501 exec/s: 0 rss: 35Mb L: 17/34 MS: 4 ChangeByte-EraseBytes-ShuffleBytes-InsertByte-
#286413	REDUCE cov: 32 ft: 202 corp: 82/1394b lim: 2523 exec/s: 0 rss: 35Mb L: 16/34 MS: 2 PersAutoDict-EraseBytes- DE: "\377\377\377\377"-
#287491	NEW    cov: 32 ft: 203 corp: 83/1412b lim: 2523 exec/s: 0 rss: 35Mb L: 18/34 MS: 3 InsertByte-EraseBytes-ChangeASCIIInt-
#292217	NEW    cov: 32 ft: 204 corp: 84/1430b lim: 2567 exec/s: 0 rss: 35Mb L: 18/34 MS: 1 ChangeBit-
#293843	NEW    cov: 32 ft: 205 corp: 85/1446b lim: 2578 exec/s: 0 rss: 35Mb L: 16/34 MS: 1 ChangeBit-
#299079	NEW    cov: 32 ft: 206 corp: 86/1464b lim: 2622 exec/s: 0 rss: 35Mb L: 18/34 MS: 1 ChangeBit-
#305391	REDUCE cov: 32 ft: 206 corp: 86/1462b lim: 2677 exec/s: 0 rss: 35Mb L: 16/34 MS: 2 EraseBytes-ChangeBinInt-
#314237	NEW    cov: 32 ft: 207 corp: 87/1480b lim: 2765 exec/s: 0 rss: 35Mb L: 18/34 MS: 1 ChangeBit-
#320990	REDUCE cov: 32 ft: 207 corp: 87/1478b lim: 2831 exec/s: 0 rss: 35Mb L: 18/34 MS: 3 ChangeByte-EraseBytes-CMP- DE: "\377\377"-
#323081	NEW    cov: 32 ft: 208 corp: 88/1496b lim: 2842 exec/s: 0 rss: 35Mb L: 18/34 MS: 1 ChangeBit-
#331288	REDUCE cov: 32 ft: 208 corp: 88/1494b lim: 2919 exec/s: 0 rss: 35Mb L: 16/34 MS: 2 CopyPart-EraseBytes-
#335155	REDUCE cov: 32 ft: 208 corp: 88/1492b lim: 2952 exec/s: 0 rss: 35Mb L: 15/34 MS: 2 InsertByte-EraseBytes-
#335436	NEW    cov: 32 ft: 209 corp: 89/1510b lim: 2952 exec/s: 0 rss: 35Mb L: 18/34 MS: 1 ShuffleBytes-
#335888	REDUCE cov: 32 ft: 209 corp: 89/1508b lim: 2952 exec/s: 0 rss: 35Mb L: 20/34 MS: 2 EraseBytes-InsertByte-
#348735	REDUCE cov: 32 ft: 209 corp: 89/1502b lim: 3073 exec/s: 0 rss: 35Mb L: 16/34 MS: 2 ChangeBinInt-EraseBytes-
#361588	REDUCE cov: 32 ft: 209 corp: 89/1500b lim: 3194 exec/s: 0 rss: 35Mb L: 16/34 MS: 3 CMP-ShuffleBytes-EraseBytes- DE: "\377\377\377\377\377\377\377\377"-
#367796	NEW    cov: 32 ft: 216 corp: 90/1526b lim: 3249 exec/s: 0 rss: 35Mb L: 26/34 MS: 3 ChangeBinInt-CopyPart-PersAutoDict- DE: "\001\000\000\000\000\000\000\033"-
#370104	REDUCE cov: 32 ft: 216 corp: 90/1524b lim: 3271 exec/s: 0 rss: 35Mb L: 16/34 MS: 3 ChangeBit-ShuffleBytes-EraseBytes-
#384715	NEW    cov: 32 ft: 217 corp: 91/1542b lim: 3414 exec/s: 0 rss: 35Mb L: 18/34 MS: 1 ChangeBit-
#385892	NEW    cov: 32 ft: 218 corp: 92/1558b lim: 3425 exec/s: 0 rss: 35Mb L: 16/34 MS: 2 ChangeBinInt-ShuffleBytes-
#386908	NEW    cov: 32 ft: 220 corp: 93/1574b lim: 3425 exec/s: 0 rss: 35Mb L: 16/34 MS: 1 CopyPart-
#388619	REDUCE cov: 32 ft: 220 corp: 93/1573b lim: 3436 exec/s: 0 rss: 35Mb L: 15/34 MS: 1 EraseBytes-
#405293	REDUCE cov: 32 ft: 220 corp: 93/1572b lim: 3601 exec/s: 0 rss: 35Mb L: 17/34 MS: 4 PersAutoDict-InsertByte-CopyPart-EraseBytes- DE: "\376\377\377\377\377\377\377\377"-
#406839	NEW    cov: 32 ft: 224 corp: 94/1598b lim: 3612 exec/s: 0 rss: 35Mb L: 26/34 MS: 1 CrossOver-
#416682	REDUCE cov: 32 ft: 224 corp: 94/1597b lim: 3700 exec/s: 0 rss: 35Mb L: 16/34 MS: 3 InsertByte-CopyPart-EraseBytes-
#417936	REDUCE cov: 32 ft: 224 corp: 94/1595b lim: 3711 exec/s: 0 rss: 35Mb L: 16/34 MS: 4 EraseBytes-ChangeBinInt-ChangeBit-ChangeBit-
#419397	NEW    cov: 32 ft: 225 corp: 95/1613b lim: 3722 exec/s: 0 rss: 35Mb L: 18/34 MS: 1 ChangeBinInt-
#423480	REDUCE cov: 32 ft: 225 corp: 95/1611b lim: 3755 exec/s: 0 rss: 35Mb L: 20/34 MS: 3 ChangeBit-CrossOver-EraseBytes-
#425446	NEW    cov: 32 ft: 226 corp: 96/1629b lim: 3766 exec/s: 0 rss: 35Mb L: 18/34 MS: 1 ChangeByte-
#431862	REDUCE cov: 32 ft: 226 corp: 96/1628b lim: 3821 exec/s: 0 rss: 35Mb L: 15/34 MS: 1 EraseBytes-
#433539	NEW    cov: 32 ft: 227 corp: 97/1654b lim: 3832 exec/s: 0 rss: 35Mb L: 26/34 MS: 2 CopyPart-ChangeByte-
#439455	NEW    cov: 32 ft: 228 corp: 98/1672b lim: 3887 exec/s: 0 rss: 35Mb L: 18/34 MS: 1 ShuffleBytes-
#439879	REDUCE cov: 32 ft: 228 corp: 98/1667b lim: 3887 exec/s: 0 rss: 35Mb L: 21/34 MS: 4 InsertByte-ChangeBit-ChangeByte-EraseBytes-
#440975	REDUCE cov: 32 ft: 229 corp: 99/1683b lim: 3887 exec/s: 0 rss: 35Mb L: 16/34 MS: 1 ChangeBit-
#443026	NEW    cov: 32 ft: 230 corp: 100/1701b lim: 3898 exec/s: 0 rss: 35Mb L: 18/34 MS: 1 ChangeBinInt-
#447887	REDUCE cov: 32 ft: 231 corp: 101/1716b lim: 3942 exec/s: 0 rss: 35Mb L: 15/34 MS: 1 ChangeBinInt-
#448702	REDUCE cov: 32 ft: 231 corp: 101/1714b lim: 3942 exec/s: 0 rss: 35Mb L: 18/34 MS: 5 ChangeBinInt-EraseBytes-EraseBytes-InsertByte-CopyPart-
#470363	NEW    cov: 32 ft: 232 corp: 102/1730b lim: 4096 exec/s: 470363 rss: 35Mb L: 16/34 MS: 2 ShuffleBytes-ChangeBit-
#478811	REDUCE cov: 32 ft: 233 corp: 103/1745b lim: 4096 exec/s: 478811 rss: 35Mb L: 15/34 MS: 3 ShuffleBytes-CopyPart-ChangeBinInt-
#484355	REDUCE cov: 32 ft: 233 corp: 103/1743b lim: 4096 exec/s: 484355 rss: 35Mb L: 15/34 MS: 4 ChangeBinInt-EraseBytes-ChangeByte-ChangeBinInt-
#509157	REDUCE cov: 32 ft: 233 corp: 103/1741b lim: 4096 exec/s: 509157 rss: 35Mb L: 16/34 MS: 2 EraseBytes-InsertByte-
#513378	NEW    cov: 32 ft: 234 corp: 104/1757b lim: 4096 exec/s: 513378 rss: 35Mb L: 16/34 MS: 1 ChangeByte-
#520302	NEW    cov: 32 ft: 235 corp: 105/1773b lim: 4096 exec/s: 520302 rss: 35Mb L: 16/34 MS: 4 PersAutoDict-ShuffleBytes-ChangeByte-CopyPart- DE: "\377\377\377\377"-
#536321	REDUCE cov: 32 ft: 235 corp: 105/1771b lim: 4096 exec/s: 536321 rss: 35Mb L: 16/34 MS: 4 ChangeByte-CMP-ChangeByte-EraseBytes- DE: "\377\377\377\377"-
#550723	REDUCE cov: 32 ft: 235 corp: 105/1769b lim: 4096 exec/s: 550723 rss: 35Mb L: 16/34 MS: 2 CrossOver-EraseBytes-
#577794	REDUCE cov: 32 ft: 236 corp: 106/1785b lim: 4096 exec/s: 577794 rss: 35Mb L: 16/34 MS: 1 ChangeBinInt-
#591433	REDUCE cov: 32 ft: 236 corp: 106/1782b lim: 4096 exec/s: 591433 rss: 35Mb L: 15/34 MS: 4 ChangeBit-ChangeBit-EraseBytes-InsertByte-
#642846	REDUCE cov: 32 ft: 236 corp: 106/1780b lim: 4096 exec/s: 642846 rss: 36Mb L: 20/34 MS: 3 PersAutoDict-EraseBytes-ChangeBinInt- DE: "\025\000\000\000\000\000\000\000"-
#659808	REDUCE cov: 32 ft: 237 corp: 107/1796b lim: 4096 exec/s: 659808 rss: 36Mb L: 16/34 MS: 2 ChangeBinInt-CopyPart-
#666924	NEW    cov: 32 ft: 238 corp: 108/1812b lim: 4096 exec/s: 666924 rss: 36Mb L: 16/34 MS: 1 ChangeASCIIInt-
#668521	REDUCE cov: 32 ft: 238 corp: 108/1810b lim: 4096 exec/s: 668521 rss: 36Mb L: 16/34 MS: 2 InsertByte-EraseBytes-
#681809	NEW    cov: 32 ft: 239 corp: 109/1828b lim: 4096 exec/s: 681809 rss: 36Mb L: 18/34 MS: 3 InsertByte-ChangeASCIIInt-InsertByte-
#694291	REDUCE cov: 32 ft: 239 corp: 109/1826b lim: 4096 exec/s: 694291 rss: 36Mb L: 16/34 MS: 2 EraseBytes-ChangeBinInt-
#701868	REDUCE cov: 32 ft: 239 corp: 109/1824b lim: 4096 exec/s: 701868 rss: 36Mb L: 18/34 MS: 2 EraseBytes-ChangeByte-
#703279	NEW    cov: 32 ft: 240 corp: 110/1840b lim: 4096 exec/s: 703279 rss: 36Mb L: 16/34 MS: 1 ChangeBinInt-
#706405	NEW    cov: 32 ft: 241 corp: 111/1858b lim: 4096 exec/s: 706405 rss: 36Mb L: 18/34 MS: 1 ChangeBinInt-
#707306	NEW    cov: 32 ft: 242 corp: 112/1876b lim: 4096 exec/s: 707306 rss: 36Mb L: 18/34 MS: 1 ChangeASCIIInt-
#748022	NEW    cov: 32 ft: 244 corp: 113/1894b lim: 4096 exec/s: 748022 rss: 36Mb L: 18/34 MS: 1 CopyPart-
#748598	NEW    cov: 32 ft: 245 corp: 114/1912b lim: 4096 exec/s: 748598 rss: 36Mb L: 18/34 MS: 1 ChangeASCIIInt-
#748954	NEW    cov: 32 ft: 247 corp: 115/1930b lim: 4096 exec/s: 748954 rss: 36Mb L: 18/34 MS: 1 ChangeASCIIInt-
#751315	NEW    cov: 32 ft: 249 corp: 116/1948b lim: 4096 exec/s: 751315 rss: 36Mb L: 18/34 MS: 1 ChangeBit-
#754158	NEW    cov: 32 ft: 250 corp: 117/1970b lim: 4096 exec/s: 754158 rss: 36Mb L: 22/34 MS: 3 CMP-CopyPart-EraseBytes- DE: "\000\000"-
#754621	NEW    cov: 32 ft: 251 corp: 118/1992b lim: 4096 exec/s: 754621 rss: 36Mb L: 22/34 MS: 3 ChangeASCIIInt-ChangeBit-ChangeASCIIInt-
#759147	NEW    cov: 32 ft: 252 corp: 119/2014b lim: 4096 exec/s: 759147 rss: 36Mb L: 22/34 MS: 1 ShuffleBytes-
#759238	NEW    cov: 32 ft: 253 corp: 120/2036b lim: 4096 exec/s: 759238 rss: 36Mb L: 22/34 MS: 1 ShuffleBytes-
#760054	NEW    cov: 32 ft: 254 corp: 121/2058b lim: 4096 exec/s: 760054 rss: 36Mb L: 22/34 MS: 1 ChangeBit-
#760410	NEW    cov: 32 ft: 255 corp: 122/2080b lim: 4096 exec/s: 760410 rss: 36Mb L: 22/34 MS: 1 ChangeByte-
#761851	NEW    cov: 32 ft: 256 corp: 123/2102b lim: 4096 exec/s: 761851 rss: 36Mb L: 22/34 MS: 1 CopyPart-
#766689	REDUCE cov: 32 ft: 256 corp: 123/2100b lim: 4096 exec/s: 766689 rss: 36Mb L: 16/34 MS: 3 InsertByte-EraseBytes-PersAutoDict- DE: "\377\377\377\377"-
#769860	NEW    cov: 32 ft: 258 corp: 124/2122b lim: 4096 exec/s: 769860 rss: 36Mb L: 22/34 MS: 1 ChangeASCIIInt-
#771631	NEW    cov: 32 ft: 259 corp: 125/2144b lim: 4096 exec/s: 771631 rss: 36Mb L: 22/34 MS: 1 ShuffleBytes-
#774679	NEW    cov: 32 ft: 260 corp: 126/2166b lim: 4096 exec/s: 774679 rss: 36Mb L: 22/34 MS: 3 ChangeByte-ChangeASCIIInt-ChangeASCIIInt-
#777041	NEW    cov: 32 ft: 261 corp: 127/2188b lim: 4096 exec/s: 777041 rss: 36Mb L: 22/34 MS: 2 ChangeBit-ChangeASCIIInt-
#779172	NEW    cov: 32 ft: 262 corp: 128/2210b lim: 4096 exec/s: 779172 rss: 36Mb L: 22/34 MS: 1 ShuffleBytes-
#809675	REDUCE cov: 32 ft: 262 corp: 128/2209b lim: 4096 exec/s: 809675 rss: 36Mb L: 15/34 MS: 3 EraseBytes-CrossOver-CrossOver-
#861832	NEW    cov: 32 ft: 263 corp: 129/2229b lim: 4096 exec/s: 861832 rss: 36Mb L: 20/34 MS: 2 InsertByte-EraseBytes-
#880354	NEW    cov: 32 ft: 264 corp: 130/2251b lim: 4096 exec/s: 880354 rss: 36Mb L: 22/34 MS: 2 CrossOver-ChangeASCIIInt-
#882705	NEW    cov: 32 ft: 265 corp: 131/2273b lim: 4096 exec/s: 882705 rss: 36Mb L: 22/34 MS: 1 ShuffleBytes-
#888826	NEW    cov: 32 ft: 266 corp: 132/2295b lim: 4096 exec/s: 888826 rss: 36Mb L: 22/34 MS: 1 CopyPart-
#953660	REDUCE cov: 32 ft: 266 corp: 132/2293b lim: 4096 exec/s: 476830 rss: 36Mb L: 20/34 MS: 4 ShuffleBytes-ChangeBinInt-PersAutoDict-EraseBytes- DE: "\377\377\377\377"-
#1007055	NEW    cov: 34 ft: 269 corp: 133/2321b lim: 4096 exec/s: 503527 rss: 36Mb L: 28/34 MS: 5 InsertRepeatedBytes-CrossOver-EraseBytes-ChangeBit-EraseBytes-
#1013994	NEW    cov: 34 ft: 270 corp: 134/2349b lim: 4096 exec/s: 506997 rss: 36Mb L: 28/34 MS: 4 ChangeBinInt-CopyPart-ShuffleBytes-CopyPart-
#1022530	NEW    cov: 34 ft: 272 corp: 135/2377b lim: 4096 exec/s: 511265 rss: 36Mb L: 28/34 MS: 1 CopyPart-
#1028156	NEW    cov: 34 ft: 273 corp: 136/2405b lim: 4096 exec/s: 514078 rss: 36Mb L: 28/34 MS: 1 CopyPart-
#1048576	pulse  cov: 34 ft: 273 corp: 136/2405b lim: 4096 exec/s: 524288 rss: 36Mb
#1063793	REDUCE cov: 34 ft: 273 corp: 136/2403b lim: 4096 exec/s: 531896 rss: 36Mb L: 18/34 MS: 2 ChangeBit-EraseBytes-
#1065611	NEW    cov: 35 ft: 276 corp: 137/2431b lim: 4096 exec/s: 532805 rss: 36Mb L: 28/34 MS: 3 ShuffleBytes-ChangeBit-CopyPart-
panic: found special char in iban [recovered]
	panic: found special char in iban

goroutine 17 [running, locked to thread]:
git.ultraware.nl/iddinkgroep/fundament-api.Fuzz.func1()
	git.ultraware.nl/iddinkgroep/fundament-api/fuzz.go:19 +0xa5
panic({0x56257d7ce760?, 0x56257d7e1c70?})
	runtime/panic.go:914 +0x21f
git.ultraware.nl/iddinkgroep/fundament-api.Fuzz({0xc00013bd60, 0x1c})
	git.ultraware.nl/iddinkgroep/fundament-api/fuzz.go:34 +0x2b9
git.ultraware.nl/iddinkgroep/fundament-api.Fuzz_(...)
	git.ultraware.nl/iddinkgroep/fundament-api/fuzz.1527825026.go:6
main.LLVMFuzzerTestOneInput(...)
	./main.170485750.go:21
==8209== ERROR: libFuzzer: deadly signal
    #0 0x56257d6f1630 in __sanitizer_print_stack_trace (/seedai/experiments/libfuzzer/source_iban/libfuzzer+0xaf630) (BuildId: 688cb25bec4564588da2a67f6a2b25148a0fd5d4)
    #1 0x56257d6bd755 in fuzzer::PrintStackTrace() (/seedai/experiments/libfuzzer/source_iban/libfuzzer+0x7b755) (BuildId: 688cb25bec4564588da2a67f6a2b25148a0fd5d4)
    #2 0x56257d69c3a9 in fuzzer::Fuzzer::CrashCallback() (.part.0) FuzzerLoop.cpp.o
    #3 0x56257d69c46a in fuzzer::Fuzzer::StaticCrashSignalCallback() (/seedai/experiments/libfuzzer/source_iban/libfuzzer+0x5a46a) (BuildId: 688cb25bec4564588da2a67f6a2b25148a0fd5d4)
    #4 0x7ffb4dee470f  (/usr/lib/libc.so.6+0x3e70f) (BuildId: 316d0d3666387f0e8fb98773f51aa1801027c5ab)
    #5 0x56257d751160 in runtime.raise.abi0 runtime/sys_linux_amd64.s:153

NOTE: libFuzzer has rudimentary signal handlers.
      Combine libFuzzer with AddressSanitizer or similar for better crash reports.
SUMMARY: libFuzzer: deadly signal
MS: 1 ChangeBinInt-; base unit: f8fcf5166b653dd3e862903ba2e3e244ed1bd988
0x50,0x4c,0x30,0x30,0x2d,0x30,0x30,0x30,0x30,0x30,0x30,0x30,0x30,0x30,0x30,0x30,0x30,0x30,0x30,0x30,0x30,0x41,0x36,0x30,0x30,0x30,0x30,0x6e,
PL00-0000000000000000A60000n
artifact_prefix='./'; Test unit written to ./crash-ad4b095a1f7c2aa81a1af958c8fe624682f395a2
Base64: UEwwMC0wMDAwMDAwMDAwMDAwMDAwQTYwMDAwbg==
