INFO: Running with entropic power schedule (0xFF, 100).
INFO: Seed: 130237126
INFO: Loaded 1 modules   (70 inline 8-bit counters): 70 [0x56318902a030, 0x56318902a076), 
INFO: Loaded 1 PC tables (70 PCs): 70 [0xc000068000,0xc000068460), 
INFO:       24 files found in corpus
INFO: -max_len is not provided; libFuzzer will not generate inputs larger than 4096 bytes
INFO: seed corpus: files: 24 min: 1b max: 526b total: 788b rss: 30Mb
#25	INITED cov: 11 ft: 35 corp: 13/132b exec/s: 0 rss: 30Mb
#209	NEW    cov: 13 ft: 41 corp: 14/148b lim: 19 exec/s: 0 rss: 30Mb L: 16/19 MS: 4 ChangeBit-ShuffleBytes-ChangeByte-CrossOver-
#275	NEW    cov: 13 ft: 42 corp: 15/165b lim: 19 exec/s: 0 rss: 30Mb L: 17/19 MS: 1 InsertByte-
#338	NEW    cov: 13 ft: 43 corp: 16/183b lim: 19 exec/s: 0 rss: 30Mb L: 18/19 MS: 3 ChangeBit-ChangeBit-CopyPart-
#343	NEW    cov: 13 ft: 45 corp: 17/199b lim: 19 exec/s: 0 rss: 30Mb L: 16/19 MS: 5 CopyPart-InsertByte-ChangeBit-InsertByte-InsertByte-
#380	NEW    cov: 13 ft: 47 corp: 18/216b lim: 19 exec/s: 0 rss: 30Mb L: 17/19 MS: 2 ChangeBinInt-ChangeBinInt-
#386	NEW    cov: 13 ft: 48 corp: 19/233b lim: 19 exec/s: 0 rss: 30Mb L: 17/19 MS: 1 ShuffleBytes-
#497	NEW    cov: 13 ft: 49 corp: 20/252b lim: 19 exec/s: 0 rss: 30Mb L: 19/19 MS: 1 CopyPart-
#498	NEW    cov: 13 ft: 50 corp: 21/267b lim: 19 exec/s: 0 rss: 30Mb L: 15/19 MS: 1 EraseBytes-
#509	NEW    cov: 13 ft: 51 corp: 22/286b lim: 19 exec/s: 0 rss: 30Mb L: 19/19 MS: 1 CopyPart-
#631	NEW    cov: 25 ft: 100 corp: 23/304b lim: 19 exec/s: 0 rss: 30Mb L: 18/19 MS: 2 CrossOver-EraseBytes-
#651	NEW    cov: 25 ft: 101 corp: 24/321b lim: 19 exec/s: 0 rss: 30Mb L: 17/19 MS: 5 EraseBytes-ChangeByte-InsertByte-InsertByte-ChangeBinInt-
#662	REDUCE cov: 25 ft: 101 corp: 24/318b lim: 19 exec/s: 0 rss: 30Mb L: 15/19 MS: 1 EraseBytes-
#768	NEW    cov: 25 ft: 104 corp: 25/334b lim: 19 exec/s: 0 rss: 30Mb L: 16/19 MS: 1 InsertByte-
#825	NEW    cov: 25 ft: 107 corp: 26/352b lim: 19 exec/s: 0 rss: 30Mb L: 18/19 MS: 2 ChangeBinInt-InsertByte-
#1098	NEW    cov: 25 ft: 110 corp: 27/368b lim: 19 exec/s: 0 rss: 30Mb L: 16/19 MS: 3 CopyPart-ChangeByte-InsertByte-
#1129	NEW    cov: 25 ft: 112 corp: 28/384b lim: 19 exec/s: 0 rss: 30Mb L: 16/19 MS: 1 ChangeBinInt-
#1143	NEW    cov: 25 ft: 113 corp: 29/402b lim: 19 exec/s: 0 rss: 30Mb L: 18/19 MS: 4 InsertByte-CrossOver-EraseBytes-InsertByte-
#1506	REDUCE cov: 25 ft: 113 corp: 29/400b lim: 19 exec/s: 0 rss: 30Mb L: 15/19 MS: 3 ChangeByte-CopyPart-EraseBytes-
#1844	NEW    cov: 25 ft: 114 corp: 30/418b lim: 19 exec/s: 0 rss: 30Mb L: 18/19 MS: 3 CrossOver-ChangeBit-InsertByte-
#1969	NEW    cov: 25 ft: 115 corp: 31/435b lim: 19 exec/s: 0 rss: 30Mb L: 17/19 MS: 5 ChangeByte-ChangeBit-CopyPart-ChangeByte-InsertByte-
#2400	NEW    cov: 25 ft: 116 corp: 32/453b lim: 23 exec/s: 0 rss: 31Mb L: 18/19 MS: 1 ChangeByte-
#2668	REDUCE cov: 25 ft: 116 corp: 32/451b lim: 23 exec/s: 0 rss: 31Mb L: 16/19 MS: 3 EraseBytes-ChangeByte-ChangeBit-
#2856	NEW    cov: 25 ft: 117 corp: 33/467b lim: 23 exec/s: 0 rss: 31Mb L: 16/19 MS: 3 ChangeByte-ChangeBit-ChangeBit-
#3249	NEW    cov: 25 ft: 118 corp: 34/487b lim: 23 exec/s: 0 rss: 31Mb L: 20/20 MS: 3 ChangeBit-ChangeByte-InsertRepeatedBytes-
#3361	NEW    cov: 25 ft: 119 corp: 35/510b lim: 23 exec/s: 0 rss: 31Mb L: 23/23 MS: 2 CrossOver-CrossOver-
#3763	REDUCE cov: 30 ft: 133 corp: 36/530b lim: 23 exec/s: 0 rss: 31Mb L: 20/23 MS: 2 InsertRepeatedBytes-InsertByte-
#3786	NEW    cov: 30 ft: 134 corp: 37/553b lim: 23 exec/s: 0 rss: 31Mb L: 23/23 MS: 3 CopyPart-ChangeBinInt-CopyPart-
#4029	REDUCE cov: 30 ft: 134 corp: 37/551b lim: 23 exec/s: 0 rss: 31Mb L: 15/23 MS: 3 ChangeBinInt-ChangeByte-EraseBytes-
#4108	NEW    cov: 30 ft: 135 corp: 38/574b lim: 23 exec/s: 0 rss: 31Mb L: 23/23 MS: 4 ShuffleBytes-ChangeBit-ShuffleBytes-CrossOver-
#4238	NEW    cov: 30 ft: 136 corp: 39/597b lim: 23 exec/s: 0 rss: 31Mb L: 23/23 MS: 5 ShuffleBytes-InsertRepeatedBytes-CopyPart-CopyPart-CopyPart-
#4379	NEW    cov: 30 ft: 138 corp: 40/620b lim: 23 exec/s: 0 rss: 31Mb L: 23/23 MS: 1 ChangeBit-
#4626	NEW    cov: 30 ft: 148 corp: 41/643b lim: 23 exec/s: 0 rss: 31Mb L: 23/23 MS: 2 ChangeASCIIInt-ChangeBinInt-
#4751	NEW    cov: 30 ft: 151 corp: 42/666b lim: 23 exec/s: 0 rss: 31Mb L: 23/23 MS: 5 ChangeBinInt-EraseBytes-ChangeBit-ChangeBinInt-CrossOver-
#4878	NEW    cov: 30 ft: 154 corp: 43/689b lim: 23 exec/s: 0 rss: 31Mb L: 23/23 MS: 2 ShuffleBytes-CrossOver-
#5087	NEW    cov: 30 ft: 165 corp: 44/712b lim: 23 exec/s: 0 rss: 31Mb L: 23/23 MS: 4 ChangeBit-ShuffleBytes-ChangeASCIIInt-CopyPart-
#5117	NEW    cov: 32 ft: 174 corp: 45/735b lim: 23 exec/s: 0 rss: 31Mb L: 23/23 MS: 5 ChangeASCIIInt-EraseBytes-CopyPart-CrossOver-CrossOver-
#5170	NEW    cov: 32 ft: 181 corp: 46/758b lim: 23 exec/s: 0 rss: 31Mb L: 23/23 MS: 3 ShuffleBytes-ChangeByte-CopyPart-
#5236	NEW    cov: 32 ft: 182 corp: 47/781b lim: 23 exec/s: 0 rss: 31Mb L: 23/23 MS: 1 CopyPart-
#5428	NEW    cov: 32 ft: 185 corp: 48/804b lim: 23 exec/s: 0 rss: 31Mb L: 23/23 MS: 2 ChangeASCIIInt-CrossOver-
#5439	NEW    cov: 32 ft: 187 corp: 49/827b lim: 23 exec/s: 0 rss: 31Mb L: 23/23 MS: 1 ChangeBinInt-
#5475	NEW    cov: 32 ft: 188 corp: 50/850b lim: 23 exec/s: 0 rss: 31Mb L: 23/23 MS: 1 CopyPart-
#5486	NEW    cov: 32 ft: 189 corp: 51/873b lim: 23 exec/s: 0 rss: 31Mb L: 23/23 MS: 1 ShuffleBytes-
#5555	NEW    cov: 33 ft: 194 corp: 52/896b lim: 23 exec/s: 0 rss: 31Mb L: 23/23 MS: 4 ChangeBinInt-ChangeBit-ChangeByte-CopyPart-
#5791	NEW    cov: 33 ft: 195 corp: 53/919b lim: 23 exec/s: 0 rss: 32Mb L: 23/23 MS: 1 CopyPart-
#5793	REDUCE cov: 33 ft: 195 corp: 53/917b lim: 23 exec/s: 0 rss: 32Mb L: 21/23 MS: 2 EraseBytes-InsertByte-
#5871	NEW    cov: 33 ft: 196 corp: 54/940b lim: 23 exec/s: 0 rss: 32Mb L: 23/23 MS: 3 ChangeByte-ChangeByte-ShuffleBytes-
#5984	NEW    cov: 34 ft: 199 corp: 55/963b lim: 23 exec/s: 0 rss: 32Mb L: 23/23 MS: 3 CrossOver-EraseBytes-InsertByte-
#6000	NEW    cov: 34 ft: 200 corp: 56/986b lim: 23 exec/s: 0 rss: 32Mb L: 23/23 MS: 1 ShuffleBytes-
#6311	NEW    cov: 34 ft: 201 corp: 57/1009b lim: 23 exec/s: 0 rss: 32Mb L: 23/23 MS: 1 ShuffleBytes-
#6405	NEW    cov: 34 ft: 202 corp: 58/1032b lim: 23 exec/s: 0 rss: 32Mb L: 23/23 MS: 4 CrossOver-CopyPart-CopyPart-CopyPart-
#6831	NEW    cov: 34 ft: 203 corp: 59/1055b lim: 27 exec/s: 0 rss: 32Mb L: 23/23 MS: 1 ShuffleBytes-
#6842	NEW    cov: 34 ft: 204 corp: 60/1082b lim: 27 exec/s: 0 rss: 32Mb L: 27/27 MS: 1 CopyPart-
#7254	NEW    cov: 34 ft: 205 corp: 61/1113b lim: 31 exec/s: 0 rss: 32Mb L: 31/31 MS: 2 CrossOver-CopyPart-
#7281	NEW    cov: 34 ft: 206 corp: 62/1142b lim: 31 exec/s: 0 rss: 32Mb L: 29/31 MS: 2 ChangeASCIIInt-InsertRepeatedBytes-
#7727	NEW    cov: 34 ft: 207 corp: 63/1175b lim: 35 exec/s: 0 rss: 32Mb L: 33/33 MS: 1 CopyPart-
#7786	NEW    cov: 34 ft: 209 corp: 64/1209b lim: 35 exec/s: 0 rss: 32Mb L: 34/34 MS: 4 ChangeByte-ChangeByte-CopyPart-InsertRepeatedBytes-
#8749	NEW    cov: 34 ft: 210 corp: 65/1232b lim: 40 exec/s: 0 rss: 32Mb L: 23/34 MS: 3 ChangeByte-CopyPart-ChangeBit-
#9035	NEW    cov: 34 ft: 211 corp: 66/1255b lim: 40 exec/s: 0 rss: 32Mb L: 23/34 MS: 1 ChangeBit-
#9226	NEW    cov: 34 ft: 212 corp: 67/1278b lim: 40 exec/s: 0 rss: 32Mb L: 23/34 MS: 1 ChangeBit-
#9510	REDUCE cov: 34 ft: 212 corp: 67/1276b lim: 40 exec/s: 0 rss: 33Mb L: 15/34 MS: 4 ChangeBit-EraseBytes-ShuffleBytes-InsertByte-
#9681	NEW    cov: 34 ft: 214 corp: 68/1299b lim: 40 exec/s: 0 rss: 33Mb L: 23/34 MS: 1 ChangeBit-
#10217	NEW    cov: 34 ft: 215 corp: 69/1322b lim: 45 exec/s: 0 rss: 33Mb L: 23/34 MS: 1 ChangeByte-
#10298	NEW    cov: 34 ft: 216 corp: 70/1345b lim: 45 exec/s: 0 rss: 33Mb L: 23/34 MS: 1 ShuffleBytes-
#12103	NEW    cov: 34 ft: 217 corp: 71/1369b lim: 60 exec/s: 0 rss: 33Mb L: 24/34 MS: 5 InsertRepeatedBytes-ShuffleBytes-EraseBytes-InsertByte-EraseBytes-
#13499	NEW    cov: 34 ft: 218 corp: 72/1392b lim: 71 exec/s: 0 rss: 33Mb L: 23/34 MS: 1 ChangeByte-
#13600	NEW    cov: 47 ft: 265 corp: 73/1415b lim: 71 exec/s: 0 rss: 33Mb L: 23/34 MS: 1 ChangeBit-
#14697	NEW    cov: 47 ft: 266 corp: 74/1438b lim: 77 exec/s: 0 rss: 34Mb L: 23/34 MS: 2 ChangeBit-ChangeASCIIInt-
#15473	NEW    cov: 47 ft: 267 corp: 75/1461b lim: 83 exec/s: 0 rss: 34Mb L: 23/34 MS: 1 ShuffleBytes-
#15694	NEW    cov: 47 ft: 268 corp: 76/1484b lim: 83 exec/s: 0 rss: 34Mb L: 23/34 MS: 1 ChangeASCIIInt-
#15843	NEW    cov: 47 ft: 269 corp: 77/1507b lim: 83 exec/s: 0 rss: 34Mb L: 23/34 MS: 4 InsertRepeatedBytes-InsertRepeatedBytes-EraseBytes-EraseBytes-
#17345	NEW    cov: 47 ft: 270 corp: 78/1530b lim: 95 exec/s: 0 rss: 34Mb L: 23/34 MS: 2 ChangeBit-ShuffleBytes-
#17386	NEW    cov: 47 ft: 271 corp: 79/1553b lim: 95 exec/s: 0 rss: 34Mb L: 23/34 MS: 1 ChangeASCIIInt-
#19418	NEW    cov: 47 ft: 272 corp: 80/1576b lim: 113 exec/s: 0 rss: 35Mb L: 23/34 MS: 2 ChangeASCIIInt-ChangeBinInt-
#20460	NEW    cov: 47 ft: 273 corp: 81/1599b lim: 119 exec/s: 0 rss: 35Mb L: 23/34 MS: 2 ChangeASCIIInt-ChangeASCIIInt-
#20781	NEW    cov: 47 ft: 274 corp: 82/1622b lim: 119 exec/s: 0 rss: 35Mb L: 23/34 MS: 1 ChangeByte-
#22090	NEW    cov: 47 ft: 275 corp: 83/1645b lim: 131 exec/s: 0 rss: 35Mb L: 23/34 MS: 4 CrossOver-ChangeBit-CopyPart-EraseBytes-
#22821	NEW    cov: 47 ft: 276 corp: 84/1668b lim: 138 exec/s: 0 rss: 35Mb L: 23/34 MS: 1 ChangeASCIIInt-
#24728	NEW    cov: 47 ft: 277 corp: 85/1691b lim: 152 exec/s: 0 rss: 35Mb L: 23/34 MS: 2 ChangeASCIIInt-ChangeASCIIInt-
#25713	NEW    cov: 47 ft: 278 corp: 86/1707b lim: 159 exec/s: 0 rss: 35Mb L: 16/34 MS: 5 ChangeBinInt-InsertByte-EraseBytes-ShuffleBytes-ChangeBinInt-
#26744	REDUCE cov: 47 ft: 278 corp: 86/1699b lim: 166 exec/s: 0 rss: 35Mb L: 15/34 MS: 1 EraseBytes-
#28072	REDUCE cov: 47 ft: 278 corp: 86/1697b lim: 173 exec/s: 0 rss: 35Mb L: 21/34 MS: 3 CMP-EraseBytes-ChangeBit- DE: "\023\000\000\000\000\000\000\000"-
#29378	NEW    cov: 47 ft: 279 corp: 87/1720b lim: 180 exec/s: 0 rss: 35Mb L: 23/34 MS: 1 ChangeBinInt-
#31915	NEW    cov: 47 ft: 280 corp: 88/1743b lim: 201 exec/s: 0 rss: 35Mb L: 23/34 MS: 2 ChangeBinInt-ChangeByte-
#33476	NEW    cov: 47 ft: 282 corp: 89/1766b lim: 215 exec/s: 0 rss: 35Mb L: 23/34 MS: 1 ChangeBit-
#36114	NEW    cov: 47 ft: 283 corp: 90/1789b lim: 236 exec/s: 0 rss: 35Mb L: 23/34 MS: 3 ShuffleBytes-ChangeByte-ChangeBinInt-
#37330	NEW    cov: 47 ft: 286 corp: 91/1812b lim: 243 exec/s: 0 rss: 35Mb L: 23/34 MS: 1 CopyPart-
#39241	NEW    cov: 47 ft: 288 corp: 92/1835b lim: 257 exec/s: 0 rss: 35Mb L: 23/34 MS: 1 ChangeBit-
#41382	NEW    cov: 47 ft: 289 corp: 93/1851b lim: 273 exec/s: 0 rss: 35Mb L: 16/34 MS: 1 ChangeByte-
#42173	NEW    cov: 47 ft: 290 corp: 94/1874b lim: 273 exec/s: 0 rss: 35Mb L: 23/34 MS: 1 ChangeByte-
#44332	REDUCE cov: 47 ft: 290 corp: 94/1872b lim: 289 exec/s: 0 rss: 35Mb L: 21/34 MS: 4 PersAutoDict-CopyPart-EraseBytes-InsertByte- DE: "\023\000\000\000\000\000\000\000"-
#44813	NEW    cov: 47 ft: 291 corp: 95/1895b lim: 289 exec/s: 0 rss: 35Mb L: 23/34 MS: 1 ChangeBit-
#48159	NEW    cov: 47 ft: 293 corp: 96/1918b lim: 321 exec/s: 0 rss: 35Mb L: 23/34 MS: 1 ChangeBit-
#48740	NEW    cov: 47 ft: 295 corp: 97/1941b lim: 321 exec/s: 0 rss: 35Mb L: 23/34 MS: 1 ChangeBit-
#51746	NEW    cov: 47 ft: 296 corp: 98/1964b lim: 345 exec/s: 0 rss: 35Mb L: 23/34 MS: 1 ChangeBit-
#60852	NEW    cov: 47 ft: 297 corp: 99/1987b lim: 433 exec/s: 0 rss: 35Mb L: 23/34 MS: 1 ChangeByte-
#69508	NEW    cov: 47 ft: 298 corp: 100/2010b lim: 513 exec/s: 0 rss: 35Mb L: 23/34 MS: 1 CrossOver-
#69629	NEW    cov: 47 ft: 299 corp: 101/2033b lim: 513 exec/s: 0 rss: 35Mb L: 23/34 MS: 1 ChangeBit-
#72725	NEW    cov: 47 ft: 300 corp: 102/2056b lim: 540 exec/s: 0 rss: 35Mb L: 23/34 MS: 1 ChangeBit-
#76806	NEW    cov: 47 ft: 302 corp: 103/2079b lim: 576 exec/s: 0 rss: 35Mb L: 23/34 MS: 1 ChangeBit-
#77136	NEW    cov: 47 ft: 303 corp: 104/2102b lim: 576 exec/s: 0 rss: 35Mb L: 23/34 MS: 5 ChangeBinInt-PersAutoDict-PersAutoDict-EraseBytes-PersAutoDict- DE: "\023\000\000\000\000\000\000\000"-"\023\000\000\000\000\000\000\000"-"\023\000\000\000\000\000\000\000"-
#77724	NEW    cov: 47 ft: 304 corp: 105/2125b lim: 576 exec/s: 0 rss: 35Mb L: 23/34 MS: 3 CrossOver-PersAutoDict-CopyPart- DE: "\023\000\000\000\000\000\000\000"-
#80835	NEW    cov: 47 ft: 305 corp: 106/2148b lim: 603 exec/s: 0 rss: 35Mb L: 23/34 MS: 1 ChangeASCIIInt-
#83145	REDUCE cov: 47 ft: 305 corp: 106/2146b lim: 621 exec/s: 0 rss: 35Mb L: 21/34 MS: 5 ChangeBit-ChangeASCIIInt-InsertByte-EraseBytes-InsertByte-
#83862	REDUCE cov: 47 ft: 305 corp: 106/2144b lim: 621 exec/s: 0 rss: 35Mb L: 15/34 MS: 2 EraseBytes-CopyPart-
#97025	REDUCE cov: 47 ft: 305 corp: 106/2142b lim: 747 exec/s: 0 rss: 35Mb L: 21/34 MS: 3 ChangeByte-CrossOver-EraseBytes-
#101344	REDUCE cov: 47 ft: 305 corp: 106/2140b lim: 783 exec/s: 0 rss: 35Mb L: 21/34 MS: 4 InsertRepeatedBytes-ChangeByte-ChangeBit-EraseBytes-
#105851	NEW    cov: 47 ft: 306 corp: 107/2163b lim: 819 exec/s: 0 rss: 35Mb L: 23/34 MS: 2 ShuffleBytes-ChangeBinInt-
#107717	NEW    cov: 47 ft: 308 corp: 108/2186b lim: 837 exec/s: 0 rss: 35Mb L: 23/34 MS: 1 ChangeBit-
#107863	NEW    cov: 49 ft: 316 corp: 109/2209b lim: 837 exec/s: 0 rss: 35Mb L: 23/34 MS: 1 ChangeBinInt-
#116686	NEW    cov: 50 ft: 319 corp: 110/2232b lim: 918 exec/s: 0 rss: 35Mb L: 23/34 MS: 3 InsertByte-EraseBytes-InsertByte-
#117538	REDUCE cov: 50 ft: 319 corp: 110/2228b lim: 918 exec/s: 0 rss: 35Mb L: 19/34 MS: 2 EraseBytes-ChangeBinInt-
#123401	REDUCE cov: 50 ft: 319 corp: 110/2226b lim: 972 exec/s: 0 rss: 35Mb L: 21/34 MS: 3 InsertByte-PersAutoDict-EraseBytes- DE: "\023\000\000\000\000\000\000\000"-
#126109	REDUCE cov: 50 ft: 319 corp: 110/2225b lim: 990 exec/s: 0 rss: 35Mb L: 22/34 MS: 3 ChangeASCIIInt-ChangeBit-EraseBytes-
#131193	REDUCE cov: 50 ft: 319 corp: 110/2221b lim: 1036 exec/s: 0 rss: 35Mb L: 19/34 MS: 4 ChangeBinInt-ChangeBinInt-EraseBytes-ChangeBit-
#138215	REDUCE cov: 50 ft: 319 corp: 110/2219b lim: 1096 exec/s: 0 rss: 35Mb L: 16/34 MS: 2 ChangeBit-EraseBytes-
#142426	NEW    cov: 50 ft: 320 corp: 111/2242b lim: 1136 exec/s: 0 rss: 35Mb L: 23/34 MS: 1 ChangeByte-
#143284	REDUCE cov: 50 ft: 320 corp: 111/2241b lim: 1136 exec/s: 0 rss: 35Mb L: 15/34 MS: 3 CrossOver-EraseBytes-InsertByte-
#147650	NEW    cov: 50 ft: 321 corp: 112/2264b lim: 1176 exec/s: 0 rss: 35Mb L: 23/34 MS: 1 ShuffleBytes-
#156011	NEW    cov: 50 ft: 322 corp: 113/2292b lim: 1256 exec/s: 0 rss: 36Mb L: 28/34 MS: 1 InsertRepeatedBytes-
#157787	NEW    cov: 50 ft: 323 corp: 114/2315b lim: 1266 exec/s: 0 rss: 36Mb L: 23/34 MS: 1 CopyPart-
#164799	NEW    cov: 50 ft: 328 corp: 115/2343b lim: 1326 exec/s: 0 rss: 36Mb L: 28/34 MS: 2 ShuffleBytes-ShuffleBytes-
#171920	NEW    cov: 50 ft: 333 corp: 116/2366b lim: 1396 exec/s: 0 rss: 36Mb L: 23/34 MS: 1 CopyPart-
#187776	NEW    cov: 50 ft: 334 corp: 117/2389b lim: 1546 exec/s: 0 rss: 36Mb L: 23/34 MS: 1 ShuffleBytes-
#195638	NEW    cov: 50 ft: 335 corp: 118/2412b lim: 1616 exec/s: 0 rss: 36Mb L: 23/34 MS: 2 ChangeBit-ChangeBit-
#200090	REDUCE cov: 50 ft: 335 corp: 118/2410b lim: 1656 exec/s: 0 rss: 36Mb L: 21/34 MS: 2 EraseBytes-ChangeByte-
#203692	REDUCE cov: 50 ft: 335 corp: 118/2408b lim: 1686 exec/s: 0 rss: 36Mb L: 21/34 MS: 2 ChangeBit-EraseBytes-
#213508	NEW    cov: 50 ft: 336 corp: 119/2431b lim: 1776 exec/s: 0 rss: 36Mb L: 23/34 MS: 1 ShuffleBytes-
#214454	NEW    cov: 50 ft: 337 corp: 120/2459b lim: 1776 exec/s: 0 rss: 36Mb L: 28/34 MS: 1 ChangeBit-
#218020	REDUCE cov: 50 ft: 338 corp: 121/2480b lim: 1806 exec/s: 0 rss: 36Mb L: 21/34 MS: 1 ChangeBit-
#225051	NEW    cov: 50 ft: 339 corp: 122/2503b lim: 1866 exec/s: 0 rss: 36Mb L: 23/34 MS: 1 ShuffleBytes-
#230120	REDUCE cov: 50 ft: 339 corp: 122/2499b lim: 1916 exec/s: 0 rss: 36Mb L: 19/34 MS: 4 ChangeBit-EraseBytes-InsertByte-InsertByte-
#260127	NEW    cov: 50 ft: 341 corp: 123/2522b lim: 2210 exec/s: 0 rss: 36Mb L: 23/34 MS: 2 ChangeBinInt-ShuffleBytes-
#266654	NEW    cov: 50 ft: 342 corp: 124/2545b lim: 2265 exec/s: 0 rss: 36Mb L: 23/34 MS: 2 CopyPart-ShuffleBytes-
#272255	NEW    cov: 50 ft: 349 corp: 125/2568b lim: 2320 exec/s: 0 rss: 36Mb L: 23/34 MS: 1 CrossOver-
#275546	NEW    cov: 50 ft: 350 corp: 126/2591b lim: 2342 exec/s: 0 rss: 36Mb L: 23/34 MS: 1 ChangeBit-
#282778	REDUCE cov: 50 ft: 350 corp: 126/2589b lim: 2408 exec/s: 0 rss: 36Mb L: 19/34 MS: 2 EraseBytes-InsertByte-
#285051	REDUCE cov: 50 ft: 350 corp: 126/2587b lim: 2430 exec/s: 0 rss: 36Mb L: 21/34 MS: 3 InsertByte-EraseBytes-ChangeBit-
#292267	NEW    cov: 50 ft: 351 corp: 127/2610b lim: 2496 exec/s: 0 rss: 36Mb L: 23/34 MS: 1 ChangeBit-
#296167	REDUCE cov: 50 ft: 351 corp: 127/2606b lim: 2529 exec/s: 0 rss: 36Mb L: 19/34 MS: 5 CrossOver-ChangeBinInt-ShuffleBytes-CopyPart-EraseBytes-
#307379	REDUCE cov: 50 ft: 351 corp: 127/2604b lim: 2639 exec/s: 0 rss: 36Mb L: 21/34 MS: 2 InsertByte-EraseBytes-
#313492	REDUCE cov: 50 ft: 351 corp: 127/2602b lim: 2694 exec/s: 0 rss: 36Mb L: 21/34 MS: 3 ShuffleBytes-ChangeBit-EraseBytes-
#326457	REDUCE cov: 50 ft: 351 corp: 127/2598b lim: 2815 exec/s: 0 rss: 36Mb L: 17/34 MS: 5 ShuffleBytes-EraseBytes-CMP-ChangeBinInt-ChangeByte- DE: "\377\377"-
#332060	REDUCE cov: 50 ft: 351 corp: 127/2596b lim: 2870 exec/s: 0 rss: 36Mb L: 21/34 MS: 3 ShuffleBytes-EraseBytes-ChangeByte-
#339631	NEW    cov: 50 ft: 353 corp: 128/2619b lim: 2936 exec/s: 0 rss: 36Mb L: 23/34 MS: 1 CopyPart-
#339967	NEW    cov: 50 ft: 354 corp: 129/2642b lim: 2936 exec/s: 0 rss: 36Mb L: 23/34 MS: 1 ChangeByte-
#340854	NEW    cov: 50 ft: 355 corp: 130/2665b lim: 2936 exec/s: 0 rss: 36Mb L: 23/34 MS: 2 CopyPart-ShuffleBytes-
#343470	NEW    cov: 50 ft: 356 corp: 131/2688b lim: 2958 exec/s: 0 rss: 36Mb L: 23/34 MS: 1 ShuffleBytes-
#344696	NEW    cov: 50 ft: 357 corp: 132/2711b lim: 2969 exec/s: 0 rss: 36Mb L: 23/34 MS: 1 ChangeASCIIInt-
#345878	REDUCE cov: 50 ft: 357 corp: 132/2707b lim: 2980 exec/s: 0 rss: 36Mb L: 19/34 MS: 2 PersAutoDict-EraseBytes- DE: "\377\377"-
#345935	REDUCE cov: 50 ft: 357 corp: 132/2705b lim: 2980 exec/s: 0 rss: 36Mb L: 21/34 MS: 2 ChangeBinInt-EraseBytes-
#346776	NEW    cov: 50 ft: 358 corp: 133/2728b lim: 2980 exec/s: 0 rss: 36Mb L: 23/34 MS: 1 ShuffleBytes-
#347127	NEW    cov: 50 ft: 359 corp: 134/2751b lim: 2980 exec/s: 0 rss: 36Mb L: 23/34 MS: 1 ChangeASCIIInt-
#348098	NEW    cov: 50 ft: 360 corp: 135/2774b lim: 2980 exec/s: 0 rss: 36Mb L: 23/34 MS: 1 ShuffleBytes-
#349412	REDUCE cov: 50 ft: 360 corp: 135/2772b lim: 2991 exec/s: 0 rss: 36Mb L: 19/34 MS: 4 PersAutoDict-EraseBytes-ChangeBinInt-ChangeBinInt- DE: "\377\377"-
#352004	REDUCE cov: 50 ft: 360 corp: 135/2770b lim: 3013 exec/s: 0 rss: 36Mb L: 15/34 MS: 2 PersAutoDict-EraseBytes- DE: "\377\377"-
#353030	NEW    cov: 50 ft: 361 corp: 136/2793b lim: 3013 exec/s: 0 rss: 36Mb L: 23/34 MS: 1 ChangeASCIIInt-
#355131	NEW    cov: 50 ft: 362 corp: 137/2816b lim: 3024 exec/s: 0 rss: 36Mb L: 23/34 MS: 1 ChangeBinInt-
#357712	NEW    cov: 50 ft: 363 corp: 138/2839b lim: 3046 exec/s: 0 rss: 36Mb L: 23/34 MS: 1 ShuffleBytes-
#363363	NEW    cov: 50 ft: 365 corp: 139/2862b lim: 3101 exec/s: 0 rss: 36Mb L: 23/34 MS: 1 CopyPart-
#364821	NEW    cov: 50 ft: 366 corp: 140/2885b lim: 3112 exec/s: 0 rss: 36Mb L: 23/34 MS: 3 ChangeASCIIInt-ChangeByte-ChangeBit-
#367507	NEW    cov: 50 ft: 367 corp: 141/2908b lim: 3134 exec/s: 0 rss: 36Mb L: 23/34 MS: 1 ShuffleBytes-
#372268	REDUCE cov: 50 ft: 367 corp: 141/2904b lim: 3178 exec/s: 0 rss: 36Mb L: 19/34 MS: 1 CrossOver-
#372320	NEW    cov: 50 ft: 368 corp: 142/2927b lim: 3178 exec/s: 0 rss: 36Mb L: 23/34 MS: 2 ChangeBinInt-ShuffleBytes-
#374335	NEW    cov: 50 ft: 369 corp: 143/2950b lim: 3189 exec/s: 0 rss: 36Mb L: 23/34 MS: 5 ChangeBinInt-CopyPart-InsertByte-ChangeBinInt-EraseBytes-
#376076	NEW    cov: 50 ft: 370 corp: 144/2973b lim: 3200 exec/s: 0 rss: 36Mb L: 23/34 MS: 1 ChangeASCIIInt-
#376979	REDUCE cov: 50 ft: 370 corp: 144/2971b lim: 3200 exec/s: 0 rss: 36Mb L: 21/34 MS: 3 InsertByte-ChangeBit-EraseBytes-
#377558	REDUCE cov: 50 ft: 370 corp: 144/2969b lim: 3200 exec/s: 0 rss: 36Mb L: 16/34 MS: 4 EraseBytes-ChangeASCIIInt-ChangeBit-CopyPart-
#379647	REDUCE cov: 50 ft: 370 corp: 144/2967b lim: 3211 exec/s: 0 rss: 36Mb L: 21/34 MS: 4 PersAutoDict-EraseBytes-InsertByte-InsertByte- DE: "\377\377"-
#383408	NEW    cov: 50 ft: 371 corp: 145/2990b lim: 3244 exec/s: 0 rss: 36Mb L: 23/34 MS: 1 ChangeBinInt-
#384484	NEW    cov: 50 ft: 372 corp: 146/3013b lim: 3244 exec/s: 0 rss: 36Mb L: 23/34 MS: 1 ChangeBit-
#385428	REDUCE cov: 50 ft: 372 corp: 146/3011b lim: 3244 exec/s: 0 rss: 36Mb L: 21/34 MS: 4 ChangeBit-EraseBytes-CopyPart-ChangeBit-
#388385	REDUCE cov: 50 ft: 372 corp: 146/3007b lim: 3266 exec/s: 0 rss: 36Mb L: 19/34 MS: 2 EraseBytes-PersAutoDict- DE: "\377\377"-
#393111	NEW    cov: 50 ft: 374 corp: 147/3030b lim: 3310 exec/s: 0 rss: 36Mb L: 23/34 MS: 1 CMP- DE: "Y\000"-
#405729	REDUCE cov: 50 ft: 374 corp: 147/3028b lim: 3431 exec/s: 0 rss: 36Mb L: 21/34 MS: 3 ChangeBinInt-ChangeByte-EraseBytes-
#405980	NEW    cov: 50 ft: 375 corp: 148/3051b lim: 3431 exec/s: 0 rss: 36Mb L: 23/34 MS: 1 ChangeByte-
#406543	REDUCE cov: 50 ft: 375 corp: 148/3049b lim: 3431 exec/s: 0 rss: 36Mb L: 21/34 MS: 3 CrossOver-InsertByte-EraseBytes-
#408100	REDUCE cov: 50 ft: 375 corp: 148/3047b lim: 3442 exec/s: 0 rss: 36Mb L: 19/34 MS: 2 EraseBytes-ChangeBinInt-
#415863	REDUCE cov: 50 ft: 375 corp: 148/3041b lim: 3519 exec/s: 415863 rss: 36Mb L: 17/34 MS: 3 ChangeBinInt-CopyPart-EraseBytes-
#422762	REDUCE cov: 50 ft: 375 corp: 148/3039b lim: 3585 exec/s: 422762 rss: 36Mb L: 15/34 MS: 3 EraseBytes-ChangeByte-InsertByte-
#442937	REDUCE cov: 50 ft: 375 corp: 148/3037b lim: 3783 exec/s: 442937 rss: 36Mb L: 21/34 MS: 5 ChangeBit-CopyPart-PersAutoDict-ChangeBit-EraseBytes- DE: "\023\000\000\000\000\000\000\000"-
#448990	REDUCE cov: 50 ft: 375 corp: 148/3035b lim: 3838 exec/s: 448990 rss: 36Mb L: 21/34 MS: 3 ChangeByte-ChangeByte-EraseBytes-
#451754	REDUCE cov: 50 ft: 375 corp: 148/3033b lim: 3860 exec/s: 451754 rss: 36Mb L: 21/34 MS: 4 CrossOver-EraseBytes-ChangeBinInt-CopyPart-
#456804	REDUCE cov: 50 ft: 375 corp: 148/3031b lim: 3904 exec/s: 456804 rss: 36Mb L: 17/34 MS: 5 ChangeBit-ChangeBit-ChangeBit-CopyPart-EraseBytes-
#460669	REDUCE cov: 50 ft: 375 corp: 148/3027b lim: 3937 exec/s: 460669 rss: 36Mb L: 18/34 MS: 5 CopyPart-EraseBytes-ChangeBinInt-ShuffleBytes-ChangeBinInt-
#461492	NEW    cov: 50 ft: 377 corp: 149/3050b lim: 3937 exec/s: 461492 rss: 36Mb L: 23/34 MS: 3 ChangeBit-ShuffleBytes-ChangeByte-
#462676	REDUCE cov: 50 ft: 377 corp: 149/3048b lim: 3948 exec/s: 462676 rss: 36Mb L: 15/34 MS: 4 EraseBytes-PersAutoDict-ChangeBit-ChangeByte- DE: "\377\377"-
#468074	REDUCE cov: 50 ft: 377 corp: 149/3046b lim: 3992 exec/s: 468074 rss: 36Mb L: 19/34 MS: 3 ChangeBit-ChangeBinInt-EraseBytes-
#474034	REDUCE cov: 50 ft: 377 corp: 149/3045b lim: 4047 exec/s: 474034 rss: 36Mb L: 20/34 MS: 5 ShuffleBytes-PersAutoDict-ChangeBinInt-ChangeBit-EraseBytes- DE: "Y\000"-
#477897	REDUCE cov: 50 ft: 377 corp: 149/3043b lim: 4080 exec/s: 477897 rss: 36Mb L: 19/34 MS: 3 EraseBytes-ChangeByte-CopyPart-
#510598	NEW    cov: 50 ft: 379 corp: 150/3066b lim: 4096 exec/s: 510598 rss: 36Mb L: 23/34 MS: 1 CrossOver-
#522968	REDUCE cov: 50 ft: 379 corp: 150/3064b lim: 4096 exec/s: 522968 rss: 36Mb L: 21/34 MS: 5 CopyPart-ChangeBinInt-EraseBytes-CMP-PersAutoDict- DE: "\001\000\000I"-"Y\000"-
#527714	NEW    cov: 50 ft: 380 corp: 151/3087b lim: 4096 exec/s: 527714 rss: 36Mb L: 23/34 MS: 1 CopyPart-
#535370	NEW    cov: 50 ft: 382 corp: 152/3110b lim: 4096 exec/s: 535370 rss: 36Mb L: 23/34 MS: 1 ChangeBit-
#539573	REDUCE cov: 50 ft: 382 corp: 152/3108b lim: 4096 exec/s: 539573 rss: 36Mb L: 21/34 MS: 3 CopyPart-ChangeByte-EraseBytes-
#547845	REDUCE cov: 50 ft: 382 corp: 152/3104b lim: 4096 exec/s: 547845 rss: 36Mb L: 17/34 MS: 2 InsertRepeatedBytes-EraseBytes-
#549007	NEW    cov: 50 ft: 383 corp: 153/3127b lim: 4096 exec/s: 549007 rss: 36Mb L: 23/34 MS: 2 ChangeBit-ChangeBit-
#568784	REDUCE cov: 50 ft: 383 corp: 153/3125b lim: 4096 exec/s: 568784 rss: 36Mb L: 21/34 MS: 2 ChangeBit-EraseBytes-
#593541	REDUCE cov: 50 ft: 383 corp: 153/3123b lim: 4096 exec/s: 593541 rss: 36Mb L: 21/34 MS: 2 InsertByte-EraseBytes-
#596599	REDUCE cov: 50 ft: 383 corp: 153/3119b lim: 4096 exec/s: 596599 rss: 36Mb L: 19/34 MS: 3 CrossOver-EraseBytes-ChangeBinInt-
#606124	REDUCE cov: 50 ft: 383 corp: 153/3117b lim: 4096 exec/s: 606124 rss: 36Mb L: 15/34 MS: 5 ChangeBit-EraseBytes-ChangeBit-CMP-ChangeBinInt- DE: "\001\000\000\000\000\000\000\000"-
#616151	REDUCE cov: 50 ft: 383 corp: 153/3115b lim: 4096 exec/s: 616151 rss: 36Mb L: 21/34 MS: 2 EraseBytes-ChangeByte-
#616520	REDUCE cov: 50 ft: 383 corp: 153/3114b lim: 4096 exec/s: 616520 rss: 36Mb L: 18/34 MS: 4 CopyPart-EraseBytes-ShuffleBytes-CrossOver-
#657918	REDUCE cov: 50 ft: 383 corp: 153/3112b lim: 4096 exec/s: 657918 rss: 36Mb L: 21/34 MS: 3 ChangeASCIIInt-InsertByte-EraseBytes-
#658206	REDUCE cov: 50 ft: 383 corp: 153/3108b lim: 4096 exec/s: 658206 rss: 36Mb L: 15/34 MS: 3 ChangeByte-EraseBytes-PersAutoDict- DE: "\377\377"-
#660448	REDUCE cov: 50 ft: 383 corp: 153/3106b lim: 4096 exec/s: 660448 rss: 36Mb L: 19/34 MS: 2 ChangeBinInt-EraseBytes-
#678385	REDUCE cov: 50 ft: 383 corp: 153/3104b lim: 4096 exec/s: 678385 rss: 36Mb L: 21/34 MS: 2 ChangeBinInt-EraseBytes-
#682671	NEW    cov: 50 ft: 384 corp: 154/3127b lim: 4096 exec/s: 682671 rss: 36Mb L: 23/34 MS: 1 ChangeBit-
#690532	NEW    cov: 50 ft: 385 corp: 155/3150b lim: 4096 exec/s: 690532 rss: 36Mb L: 23/34 MS: 1 ChangeByte-
#696821	REDUCE cov: 50 ft: 385 corp: 155/3146b lim: 4096 exec/s: 696821 rss: 36Mb L: 19/34 MS: 4 ChangeASCIIInt-EraseBytes-ChangeBinInt-CrossOver-
#714731	REDUCE cov: 50 ft: 385 corp: 155/3144b lim: 4096 exec/s: 714731 rss: 36Mb L: 21/34 MS: 5 ShuffleBytes-EraseBytes-InsertByte-ChangeASCIIInt-InsertByte-
#737128	REDUCE cov: 50 ft: 385 corp: 155/3142b lim: 4096 exec/s: 737128 rss: 36Mb L: 19/34 MS: 2 ChangeByte-EraseBytes-
#758922	REDUCE cov: 50 ft: 385 corp: 155/3140b lim: 4096 exec/s: 758922 rss: 36Mb L: 16/34 MS: 4 PersAutoDict-EraseBytes-CopyPart-CopyPart- DE: "\001\000\000\000\000\000\000\000"-
#762473	NEW    cov: 50 ft: 386 corp: 156/3163b lim: 4096 exec/s: 762473 rss: 36Mb L: 23/34 MS: 1 ChangeBit-
#762721	REDUCE cov: 50 ft: 386 corp: 156/3161b lim: 4096 exec/s: 762721 rss: 36Mb L: 19/34 MS: 3 ChangeByte-EraseBytes-CMP- DE: "S\000\000\000"-
#768733	REDUCE cov: 50 ft: 386 corp: 156/3158b lim: 4096 exec/s: 768733 rss: 36Mb L: 18/34 MS: 2 EraseBytes-ChangeBit-
#770428	REDUCE cov: 50 ft: 386 corp: 156/3154b lim: 4096 exec/s: 770428 rss: 36Mb L: 19/34 MS: 5 ShuffleBytes-EraseBytes-InsertByte-ChangeBit-ChangeBit-
#773990	REDUCE cov: 50 ft: 386 corp: 156/3150b lim: 4096 exec/s: 773990 rss: 36Mb L: 19/34 MS: 2 EraseBytes-CrossOver-
#774262	REDUCE cov: 50 ft: 386 corp: 156/3149b lim: 4096 exec/s: 774262 rss: 36Mb L: 23/34 MS: 2 ChangeBit-EraseBytes-
#778596	REDUCE cov: 50 ft: 386 corp: 156/3148b lim: 4096 exec/s: 778596 rss: 36Mb L: 22/34 MS: 4 ChangeBit-ChangeByte-ShuffleBytes-EraseBytes-
#783230	REDUCE cov: 50 ft: 386 corp: 156/3146b lim: 4096 exec/s: 783230 rss: 36Mb L: 21/34 MS: 4 InsertByte-ChangeByte-InsertByte-EraseBytes-
#803535	REDUCE cov: 50 ft: 386 corp: 156/3144b lim: 4096 exec/s: 803535 rss: 36Mb L: 21/34 MS: 5 ChangeBit-ChangeBit-ShuffleBytes-EraseBytes-ChangeBinInt-
#816107	REDUCE cov: 50 ft: 386 corp: 156/3142b lim: 4096 exec/s: 816107 rss: 36Mb L: 17/34 MS: 2 EraseBytes-CopyPart-
#816761	REDUCE cov: 50 ft: 386 corp: 156/3138b lim: 4096 exec/s: 816761 rss: 36Mb L: 19/34 MS: 4 ChangeByte-EraseBytes-ChangeASCIIInt-PersAutoDict- DE: "\377\377"-
#841809	REDUCE cov: 50 ft: 386 corp: 156/3136b lim: 4096 exec/s: 841809 rss: 36Mb L: 19/34 MS: 3 CrossOver-PersAutoDict-EraseBytes- DE: "\377\377"-
#842127	REDUCE cov: 50 ft: 386 corp: 156/3134b lim: 4096 exec/s: 842127 rss: 36Mb L: 21/34 MS: 3 ChangeBit-ChangeByte-EraseBytes-
#848816	REDUCE cov: 50 ft: 386 corp: 156/3132b lim: 4096 exec/s: 848816 rss: 36Mb L: 21/34 MS: 4 EraseBytes-PersAutoDict-ChangeBinInt-PersAutoDict- DE: "\377\377"-"S\000\000\000"-
#857458	REDUCE cov: 50 ft: 386 corp: 156/3130b lim: 4096 exec/s: 428729 rss: 36Mb L: 19/34 MS: 2 EraseBytes-InsertByte-
#860891	REDUCE cov: 50 ft: 386 corp: 156/3128b lim: 4096 exec/s: 430445 rss: 36Mb L: 21/34 MS: 3 ChangeByte-EraseBytes-ChangeByte-
#880278	REDUCE cov: 50 ft: 386 corp: 156/3124b lim: 4096 exec/s: 440139 rss: 36Mb L: 17/34 MS: 2 EraseBytes-PersAutoDict- DE: "\377\377"-
#901765	REDUCE cov: 50 ft: 386 corp: 156/3122b lim: 4096 exec/s: 450882 rss: 36Mb L: 19/34 MS: 2 CopyPart-EraseBytes-
#915034	REDUCE cov: 50 ft: 386 corp: 156/3118b lim: 4096 exec/s: 457517 rss: 36Mb L: 19/34 MS: 4 ChangeBinInt-PersAutoDict-EraseBytes-ChangeBinInt- DE: "Y\000"-
#937836	REDUCE cov: 50 ft: 386 corp: 156/3116b lim: 4096 exec/s: 468918 rss: 36Mb L: 16/34 MS: 2 ChangeBinInt-EraseBytes-
#951897	NEW    cov: 50 ft: 387 corp: 157/3139b lim: 4096 exec/s: 475948 rss: 36Mb L: 23/34 MS: 1 ChangeBit-
#954286	REDUCE cov: 50 ft: 387 corp: 157/3137b lim: 4096 exec/s: 477143 rss: 36Mb L: 21/34 MS: 4 ChangeASCIIInt-ChangeByte-InsertByte-EraseBytes-
#956619	REDUCE cov: 50 ft: 387 corp: 157/3135b lim: 4096 exec/s: 478309 rss: 36Mb L: 19/34 MS: 3 ChangeByte-EraseBytes-CopyPart-
#995016	REDUCE cov: 50 ft: 387 corp: 157/3133b lim: 4096 exec/s: 497508 rss: 36Mb L: 21/34 MS: 2 EraseBytes-ChangeByte-
#1001862	REDUCE cov: 50 ft: 387 corp: 157/3132b lim: 4096 exec/s: 500931 rss: 36Mb L: 15/34 MS: 1 EraseBytes-
#1012806	REDUCE cov: 50 ft: 388 corp: 158/3153b lim: 4096 exec/s: 506403 rss: 36Mb L: 21/34 MS: 4 ChangeBinInt-ChangeBit-ChangeBit-CopyPart-
#1021953	REDUCE cov: 50 ft: 388 corp: 158/3147b lim: 4096 exec/s: 510976 rss: 36Mb L: 15/34 MS: 2 CMP-EraseBytes- DE: "\377\377\377\377\377\377\377\377"-
#1056838	REDUCE cov: 50 ft: 388 corp: 158/3146b lim: 4096 exec/s: 528419 rss: 36Mb L: 18/34 MS: 5 PersAutoDict-ChangeBit-CrossOver-EraseBytes-CopyPart- DE: "S\000\000\000"-
#1057170	REDUCE cov: 50 ft: 388 corp: 158/3143b lim: 4096 exec/s: 528585 rss: 36Mb L: 18/34 MS: 2 ChangeBinInt-EraseBytes-
#1064750	REDUCE cov: 50 ft: 388 corp: 158/3141b lim: 4096 exec/s: 532375 rss: 36Mb L: 19/34 MS: 5 ChangeByte-CMP-PersAutoDict-EraseBytes-PersAutoDict- DE: "\3778"-"Y\000"-"\001\000\000I"-
#1097237	REDUCE cov: 50 ft: 388 corp: 158/3139b lim: 4096 exec/s: 548618 rss: 36Mb L: 21/34 MS: 2 CrossOver-EraseBytes-
#1175944	REDUCE cov: 50 ft: 388 corp: 158/3135b lim: 4096 exec/s: 587972 rss: 36Mb L: 16/34 MS: 2 EraseBytes-ChangeBinInt-
#1184421	NEW    cov: 50 ft: 390 corp: 159/3158b lim: 4096 exec/s: 592210 rss: 36Mb L: 23/34 MS: 2 ChangeBinInt-ChangeBinInt-
#1187668	REDUCE cov: 50 ft: 390 corp: 159/3156b lim: 4096 exec/s: 593834 rss: 36Mb L: 17/34 MS: 2 EraseBytes-InsertByte-
#1202425	REDUCE cov: 50 ft: 390 corp: 159/3154b lim: 4096 exec/s: 601212 rss: 36Mb L: 15/34 MS: 2 EraseBytes-CopyPart-
#1204812	REDUCE cov: 50 ft: 390 corp: 159/3152b lim: 4096 exec/s: 602406 rss: 36Mb L: 15/34 MS: 2 ChangeBinInt-EraseBytes-
#1225082	REDUCE cov: 50 ft: 390 corp: 159/3145b lim: 4096 exec/s: 612541 rss: 36Mb L: 16/34 MS: 5 EraseBytes-InsertByte-ShuffleBytes-ChangeByte-ShuffleBytes-
#1231139	REDUCE cov: 50 ft: 390 corp: 159/3143b lim: 4096 exec/s: 615569 rss: 36Mb L: 21/34 MS: 2 ChangeByte-EraseBytes-
#1295403	REDUCE cov: 50 ft: 390 corp: 159/3141b lim: 4096 exec/s: 647701 rss: 36Mb L: 17/34 MS: 4 CopyPart-ChangeASCIIInt-InsertByte-EraseBytes-
#1355703	REDUCE cov: 50 ft: 390 corp: 159/3137b lim: 4096 exec/s: 451901 rss: 36Mb L: 19/34 MS: 5 InsertByte-PersAutoDict-EraseBytes-InsertByte-EraseBytes- DE: "\001\000\000\000\000\000\000\000"-
#1368098	REDUCE cov: 50 ft: 390 corp: 159/3135b lim: 4096 exec/s: 456032 rss: 36Mb L: 19/34 MS: 5 ChangeBinInt-ChangeBit-ShuffleBytes-EraseBytes-PersAutoDict- DE: "\3778"-
#1369212	REDUCE cov: 50 ft: 390 corp: 159/3133b lim: 4096 exec/s: 456404 rss: 36Mb L: 19/34 MS: 4 ChangeASCIIInt-PersAutoDict-ChangeByte-EraseBytes- DE: "\377\377"-
#1379320	NEW    cov: 50 ft: 391 corp: 160/3156b lim: 4096 exec/s: 459773 rss: 36Mb L: 23/34 MS: 3 ChangeByte-ShuffleBytes-ChangeBit-
#1408121	NEW    cov: 50 ft: 393 corp: 161/3179b lim: 4096 exec/s: 469373 rss: 36Mb L: 23/34 MS: 1 ChangeBit-
#1419918	REDUCE cov: 50 ft: 393 corp: 161/3177b lim: 4096 exec/s: 473306 rss: 36Mb L: 19/34 MS: 2 EraseBytes-InsertByte-
#1465862	REDUCE cov: 50 ft: 393 corp: 161/3175b lim: 4096 exec/s: 488620 rss: 36Mb L: 21/34 MS: 4 ChangeASCIIInt-ChangeASCIIInt-ChangeBinInt-EraseBytes-
#1470065	REDUCE cov: 50 ft: 393 corp: 161/3173b lim: 4096 exec/s: 490021 rss: 36Mb L: 21/34 MS: 3 PersAutoDict-EraseBytes-InsertByte- DE: "\001\000\000\000\000\000\000\000"-
#1471467	REDUCE cov: 50 ft: 393 corp: 161/3171b lim: 4096 exec/s: 490489 rss: 36Mb L: 19/34 MS: 2 EraseBytes-InsertByte-
#1478651	NEW    cov: 50 ft: 394 corp: 162/3194b lim: 4096 exec/s: 492883 rss: 36Mb L: 23/34 MS: 4 CopyPart-CrossOver-ChangeBinInt-ChangeByte-
#1482692	NEW    cov: 50 ft: 396 corp: 163/3217b lim: 4096 exec/s: 494230 rss: 36Mb L: 23/34 MS: 1 CopyPart-
#1503806	REDUCE cov: 50 ft: 396 corp: 163/3215b lim: 4096 exec/s: 501268 rss: 36Mb L: 17/34 MS: 4 PersAutoDict-ChangeASCIIInt-ChangeBit-EraseBytes- DE: "\377\377\377\377\377\377\377\377"-
#1587271	REDUCE cov: 50 ft: 396 corp: 163/3213b lim: 4096 exec/s: 529090 rss: 36Mb L: 19/34 MS: 5 ChangeBinInt-ChangeBinInt-PersAutoDict-CopyPart-EraseBytes- DE: "\001\000\000I"-
#1603863	REDUCE cov: 50 ft: 396 corp: 163/3211b lim: 4096 exec/s: 534621 rss: 36Mb L: 19/34 MS: 2 InsertByte-EraseBytes-
#1606872	REDUCE cov: 50 ft: 398 corp: 164/3233b lim: 4096 exec/s: 535624 rss: 36Mb L: 22/34 MS: 4 PersAutoDict-ChangeBit-ChangeBinInt-InsertByte- DE: "\3778"-
#1611751	REDUCE cov: 50 ft: 398 corp: 164/3231b lim: 4096 exec/s: 537250 rss: 36Mb L: 17/34 MS: 4 InsertByte-ChangeBit-CopyPart-EraseBytes-
#1627565	REDUCE cov: 50 ft: 398 corp: 164/3227b lim: 4096 exec/s: 542521 rss: 36Mb L: 17/34 MS: 4 CrossOver-ChangeBinInt-EraseBytes-PersAutoDict- DE: "\377\377"-
#1653973	REDUCE cov: 50 ft: 398 corp: 164/3225b lim: 4096 exec/s: 551324 rss: 36Mb L: 21/34 MS: 3 CopyPart-EraseBytes-ChangeBinInt-
#1674890	REDUCE cov: 50 ft: 398 corp: 164/3223b lim: 4096 exec/s: 558296 rss: 36Mb L: 21/34 MS: 2 EraseBytes-PersAutoDict- DE: "\3778"-
#1677628	REDUCE cov: 50 ft: 398 corp: 164/3217b lim: 4096 exec/s: 559209 rss: 36Mb L: 16/34 MS: 3 ShuffleBytes-PersAutoDict-EraseBytes- DE: "\377\377\377\377\377\377\377\377"-
#1769210	REDUCE cov: 50 ft: 399 corp: 165/3233b lim: 4096 exec/s: 442302 rss: 36Mb L: 16/34 MS: 2 ChangeBit-CopyPart-
#1773172	REDUCE cov: 50 ft: 399 corp: 165/3231b lim: 4096 exec/s: 443293 rss: 36Mb L: 17/34 MS: 2 ChangeByte-EraseBytes-
#1778364	REDUCE cov: 50 ft: 399 corp: 165/3229b lim: 4096 exec/s: 444591 rss: 36Mb L: 19/34 MS: 2 InsertByte-EraseBytes-
#1827917	REDUCE cov: 50 ft: 400 corp: 166/3245b lim: 4096 exec/s: 456979 rss: 36Mb L: 16/34 MS: 3 CrossOver-ShuffleBytes-PersAutoDict- DE: "\001\000\000I"-
#1829663	REDUCE cov: 50 ft: 400 corp: 166/3244b lim: 4096 exec/s: 457415 rss: 36Mb L: 15/34 MS: 1 EraseBytes-
#1836249	REDUCE cov: 50 ft: 401 corp: 167/3259b lim: 4096 exec/s: 459062 rss: 36Mb L: 15/34 MS: 1 ChangeByte-
#1867461	REDUCE cov: 50 ft: 401 corp: 167/3257b lim: 4096 exec/s: 466865 rss: 36Mb L: 17/34 MS: 2 EraseBytes-InsertByte-
#1879250	REDUCE cov: 50 ft: 401 corp: 167/3255b lim: 4096 exec/s: 469812 rss: 36Mb L: 21/34 MS: 4 ChangeASCIIInt-ChangeASCIIInt-EraseBytes-PersAutoDict- DE: "\3778"-
#1906590	REDUCE cov: 50 ft: 401 corp: 167/3253b lim: 4096 exec/s: 476647 rss: 36Mb L: 19/34 MS: 5 InsertByte-PersAutoDict-EraseBytes-ChangeByte-InsertByte- DE: "Y\000"-
#1993035	REDUCE cov: 50 ft: 401 corp: 167/3251b lim: 4096 exec/s: 498258 rss: 36Mb L: 16/34 MS: 5 ChangeBinInt-ChangeBinInt-ChangeBinInt-InsertByte-EraseBytes-
#1995573	REDUCE cov: 50 ft: 401 corp: 167/3247b lim: 4096 exec/s: 498893 rss: 36Mb L: 17/34 MS: 3 ShuffleBytes-ChangeBinInt-EraseBytes-
#2005922	REDUCE cov: 50 ft: 401 corp: 167/3245b lim: 4096 exec/s: 501480 rss: 36Mb L: 17/34 MS: 4 InsertByte-ChangeByte-InsertByte-EraseBytes-
#2051160	REDUCE cov: 50 ft: 401 corp: 167/3243b lim: 4096 exec/s: 512790 rss: 36Mb L: 19/34 MS: 3 ChangeBit-EraseBytes-ChangeByte-
#2053394	REDUCE cov: 50 ft: 401 corp: 167/3239b lim: 4096 exec/s: 513348 rss: 36Mb L: 17/34 MS: 4 ChangeByte-ChangeBinInt-PersAutoDict-EraseBytes- DE: "\001\000\000I"-
#2097152	pulse  cov: 50 ft: 401 corp: 167/3239b lim: 4096 exec/s: 524288 rss: 36Mb
#2106914	REDUCE cov: 50 ft: 401 corp: 167/3237b lim: 4096 exec/s: 526728 rss: 36Mb L: 19/34 MS: 5 InsertByte-ShuffleBytes-PersAutoDict-ChangeBit-EraseBytes- DE: "\3778"-
#2111891	REDUCE cov: 50 ft: 401 corp: 167/3235b lim: 4096 exec/s: 527972 rss: 36Mb L: 17/34 MS: 2 EraseBytes-PersAutoDict- DE: "\377\377"-
#2145213	REDUCE cov: 50 ft: 401 corp: 167/3233b lim: 4096 exec/s: 536303 rss: 36Mb L: 17/34 MS: 2 ChangeBit-EraseBytes-
#2246507	REDUCE cov: 50 ft: 401 corp: 167/3231b lim: 4096 exec/s: 449301 rss: 36Mb L: 17/34 MS: 4 InsertByte-ChangeByte-EraseBytes-CopyPart-
#2323625	REDUCE cov: 50 ft: 401 corp: 167/3229b lim: 4096 exec/s: 464725 rss: 36Mb L: 15/34 MS: 3 EraseBytes-CopyPart-EraseBytes-
#2337584	REDUCE cov: 50 ft: 401 corp: 167/3227b lim: 4096 exec/s: 467516 rss: 36Mb L: 19/34 MS: 4 EraseBytes-ChangeASCIIInt-ChangeByte-ChangeBit-
#2338297	REDUCE cov: 50 ft: 401 corp: 167/3225b lim: 4096 exec/s: 467659 rss: 36Mb L: 16/34 MS: 3 EraseBytes-ShuffleBytes-ChangeByte-
#2392090	REDUCE cov: 50 ft: 401 corp: 167/3223b lim: 4096 exec/s: 478418 rss: 36Mb L: 17/34 MS: 3 ChangeByte-ChangeBinInt-EraseBytes-
#2462800	REDUCE cov: 50 ft: 401 corp: 167/3221b lim: 4096 exec/s: 492560 rss: 36Mb L: 19/34 MS: 5 CopyPart-ChangeBit-CopyPart-PersAutoDict-EraseBytes- DE: "\377\377"-
#2523227	REDUCE cov: 50 ft: 401 corp: 167/3219b lim: 4096 exec/s: 504645 rss: 36Mb L: 21/34 MS: 2 InsertByte-EraseBytes-
#2639433	REDUCE cov: 50 ft: 401 corp: 167/3218b lim: 4096 exec/s: 527886 rss: 36Mb L: 17/34 MS: 1 EraseBytes-
#2697772	REDUCE cov: 50 ft: 401 corp: 167/3212b lim: 4096 exec/s: 449628 rss: 36Mb L: 17/34 MS: 4 ChangeBinInt-ShuffleBytes-ShuffleBytes-EraseBytes-
#2723380	NEW    cov: 50 ft: 404 corp: 168/3235b lim: 4096 exec/s: 453896 rss: 36Mb L: 23/34 MS: 3 ChangeBit-ChangeBinInt-ChangeASCIIInt-
#2724488	REDUCE cov: 50 ft: 404 corp: 168/3233b lim: 4096 exec/s: 454081 rss: 36Mb L: 17/34 MS: 3 EraseBytes-CopyPart-ChangeBit-
#2746036	REDUCE cov: 50 ft: 404 corp: 168/3231b lim: 4096 exec/s: 457672 rss: 36Mb L: 19/34 MS: 3 ShuffleBytes-EraseBytes-InsertByte-
#2755525	REDUCE cov: 50 ft: 404 corp: 168/3229b lim: 4096 exec/s: 459254 rss: 36Mb L: 19/34 MS: 4 ChangeASCIIInt-InsertByte-CopyPart-EraseBytes-
#2804528	REDUCE cov: 50 ft: 404 corp: 168/3227b lim: 4096 exec/s: 467421 rss: 36Mb L: 17/34 MS: 3 EraseBytes-InsertByte-ChangeByte-
#2808765	REDUCE cov: 50 ft: 404 corp: 168/3225b lim: 4096 exec/s: 468127 rss: 36Mb L: 19/34 MS: 2 ChangeByte-EraseBytes-
#2811557	REDUCE cov: 50 ft: 404 corp: 168/3223b lim: 4096 exec/s: 468592 rss: 36Mb L: 19/34 MS: 2 EraseBytes-ChangeByte-
#2884229	REDUCE cov: 50 ft: 404 corp: 168/3221b lim: 4096 exec/s: 480704 rss: 36Mb L: 17/34 MS: 2 ChangeBit-EraseBytes-
#2940849	REDUCE cov: 50 ft: 404 corp: 168/3219b lim: 4096 exec/s: 490141 rss: 36Mb L: 17/34 MS: 5 PersAutoDict-ShuffleBytes-ShuffleBytes-EraseBytes-EraseBytes- DE: "\377\377\377\377\377\377\377\377"-
#2955921	REDUCE cov: 50 ft: 404 corp: 168/3217b lim: 4096 exec/s: 492653 rss: 36Mb L: 17/34 MS: 2 CopyPart-EraseBytes-
#2967553	REDUCE cov: 50 ft: 404 corp: 168/3215b lim: 4096 exec/s: 494592 rss: 36Mb L: 19/34 MS: 2 EraseBytes-PersAutoDict- DE: "\3778"-
#2980710	REDUCE cov: 50 ft: 404 corp: 168/3213b lim: 4096 exec/s: 496785 rss: 36Mb L: 17/34 MS: 2 EraseBytes-InsertByte-
#3057963	REDUCE cov: 50 ft: 404 corp: 168/3211b lim: 4096 exec/s: 509660 rss: 36Mb L: 17/34 MS: 3 CopyPart-EraseBytes-InsertByte-
#3142386	REDUCE cov: 50 ft: 404 corp: 168/3209b lim: 4096 exec/s: 448912 rss: 36Mb L: 15/34 MS: 3 ChangeBit-EraseBytes-PersAutoDict- DE: "\377\377"-
#3187833	REDUCE cov: 50 ft: 404 corp: 168/3207b lim: 4096 exec/s: 455404 rss: 36Mb L: 17/34 MS: 2 EraseBytes-ChangeByte-
#3248558	REDUCE cov: 50 ft: 404 corp: 168/3205b lim: 4096 exec/s: 464079 rss: 36Mb L: 19/34 MS: 5 ShuffleBytes-EraseBytes-ChangeASCIIInt-ChangeASCIIInt-ChangeByte-
#3289537	REDUCE cov: 50 ft: 404 corp: 168/3203b lim: 4096 exec/s: 469933 rss: 36Mb L: 17/34 MS: 4 ChangeByte-ChangeBit-ChangeByte-EraseBytes-
#3577435	REDUCE cov: 50 ft: 404 corp: 168/3201b lim: 4096 exec/s: 447179 rss: 36Mb L: 17/34 MS: 3 PersAutoDict-EraseBytes-ChangeByte- DE: "\3778"-
#3736398	REDUCE cov: 50 ft: 404 corp: 168/3199b lim: 4096 exec/s: 467049 rss: 36Mb L: 17/34 MS: 3 EraseBytes-CopyPart-CrossOver-
#3784655	REDUCE cov: 50 ft: 404 corp: 168/3197b lim: 4096 exec/s: 473081 rss: 36Mb L: 19/34 MS: 2 EraseBytes-ChangeByte-
#3926002	REDUCE cov: 50 ft: 404 corp: 168/3195b lim: 4096 exec/s: 490750 rss: 36Mb L: 17/34 MS: 2 CopyPart-EraseBytes-
#3987225	REDUCE cov: 50 ft: 404 corp: 168/3193b lim: 4096 exec/s: 498403 rss: 36Mb L: 17/34 MS: 3 InsertByte-InsertByte-EraseBytes-
#3988238	REDUCE cov: 50 ft: 404 corp: 168/3191b lim: 4096 exec/s: 498529 rss: 36Mb L: 17/34 MS: 3 CrossOver-InsertByte-EraseBytes-
#4063090	REDUCE cov: 50 ft: 404 corp: 168/3189b lim: 4096 exec/s: 451454 rss: 36Mb L: 17/34 MS: 2 PersAutoDict-EraseBytes- DE: "\377\377\377\377\377\377\377\377"-
#4092494	REDUCE cov: 50 ft: 404 corp: 168/3187b lim: 4096 exec/s: 454721 rss: 36Mb L: 15/34 MS: 4 EraseBytes-ChangeBinInt-ChangeBit-PersAutoDict- DE: "\377\377"-
#4094576	REDUCE cov: 50 ft: 404 corp: 168/3185b lim: 4096 exec/s: 454952 rss: 36Mb L: 19/34 MS: 2 ChangeByte-EraseBytes-
#4100614	REDUCE cov: 50 ft: 404 corp: 168/3184b lim: 4096 exec/s: 455623 rss: 36Mb L: 15/34 MS: 3 ChangeBit-EraseBytes-ChangeByte-
#4124344	REDUCE cov: 50 ft: 411 corp: 169/3216b lim: 4096 exec/s: 458260 rss: 36Mb L: 32/34 MS: 5 CrossOver-ChangeByte-EraseBytes-EraseBytes-CrossOver-
#4168683	REDUCE cov: 50 ft: 411 corp: 169/3214b lim: 4096 exec/s: 463187 rss: 36Mb L: 15/34 MS: 4 EraseBytes-ChangeByte-ChangeByte-InsertByte-
#4170674	NEW    cov: 50 ft: 416 corp: 170/3246b lim: 4096 exec/s: 463408 rss: 36Mb L: 32/34 MS: 1 CopyPart-
#4190166	REDUCE cov: 50 ft: 416 corp: 170/3244b lim: 4096 exec/s: 465574 rss: 36Mb L: 19/34 MS: 2 CrossOver-EraseBytes-
#4194304	pulse  cov: 50 ft: 416 corp: 170/3244b lim: 4096 exec/s: 466033 rss: 36Mb
#4423889	REDUCE cov: 50 ft: 416 corp: 170/3242b lim: 4096 exec/s: 491543 rss: 36Mb L: 15/34 MS: 3 ChangeBit-PersAutoDict-EraseBytes- DE: "\377\377"-
#4696541	REDUCE cov: 50 ft: 416 corp: 170/3241b lim: 4096 exec/s: 469654 rss: 36Mb L: 16/34 MS: 2 EraseBytes-ChangeBit-
#4791091	REDUCE cov: 50 ft: 416 corp: 170/3239b lim: 4096 exec/s: 479109 rss: 36Mb L: 17/34 MS: 5 ChangeBit-ChangeASCIIInt-InsertByte-PersAutoDict-EraseBytes- DE: "\377\377"-
#4812405	REDUCE cov: 50 ft: 416 corp: 170/3237b lim: 4096 exec/s: 481240 rss: 36Mb L: 17/34 MS: 4 ChangeASCIIInt-EraseBytes-ShuffleBytes-ChangeBinInt-
#5037227	REDUCE cov: 50 ft: 416 corp: 170/3235b lim: 4096 exec/s: 457929 rss: 36Mb L: 17/34 MS: 2 ChangeByte-EraseBytes-
#5196094	REDUCE cov: 50 ft: 416 corp: 170/3234b lim: 4096 exec/s: 472372 rss: 36Mb L: 18/34 MS: 2 ChangeBit-EraseBytes-
#5751454	REDUCE cov: 50 ft: 416 corp: 170/3232b lim: 4096 exec/s: 479287 rss: 36Mb L: 21/34 MS: 5 InsertRepeatedBytes-ChangeByte-ChangeBit-EraseBytes-ChangeBinInt-
#5958871	REDUCE cov: 50 ft: 416 corp: 170/3230b lim: 4096 exec/s: 458374 rss: 36Mb L: 17/34 MS: 2 ChangeByte-EraseBytes-
#5966123	NEW    cov: 50 ft: 417 corp: 171/3253b lim: 4096 exec/s: 458932 rss: 36Mb L: 23/34 MS: 2 CopyPart-ShuffleBytes-
#6054689	NEW    cov: 50 ft: 418 corp: 172/3276b lim: 4096 exec/s: 465745 rss: 37Mb L: 23/34 MS: 1 CMP- DE: "z\000\000\000"-
#6113451	REDUCE cov: 50 ft: 418 corp: 172/3274b lim: 4096 exec/s: 470265 rss: 37Mb L: 17/34 MS: 2 EraseBytes-ChangeByte-
#6224311	REDUCE cov: 50 ft: 418 corp: 172/3273b lim: 4096 exec/s: 478793 rss: 37Mb L: 20/34 MS: 5 InsertByte-EraseBytes-InsertByte-ShuffleBytes-CrossOver-
#6348075	REDUCE cov: 50 ft: 418 corp: 172/3271b lim: 4096 exec/s: 453433 rss: 37Mb L: 19/34 MS: 4 ChangeBinInt-ChangeBinInt-ChangeBinInt-EraseBytes-
#6583090	REDUCE cov: 50 ft: 418 corp: 172/3269b lim: 4096 exec/s: 470220 rss: 37Mb L: 18/34 MS: 5 ShuffleBytes-ChangeByte-InsertByte-EraseBytes-InsertByte-
#7032893	REDUCE cov: 50 ft: 418 corp: 172/3267b lim: 4096 exec/s: 468859 rss: 37Mb L: 15/34 MS: 3 ChangeBinInt-ChangeBit-EraseBytes-
#7113252	REDUCE cov: 50 ft: 418 corp: 172/3266b lim: 4096 exec/s: 474216 rss: 37Mb L: 19/34 MS: 4 CMP-EraseBytes-CrossOver-CopyPart- DE: "\377\377\377`"-
#7162301	REDUCE cov: 50 ft: 418 corp: 172/3262b lim: 4096 exec/s: 447643 rss: 37Mb L: 19/34 MS: 4 InsertByte-EraseBytes-ChangeBinInt-CopyPart-
#7313069	REDUCE cov: 50 ft: 418 corp: 172/3260b lim: 4096 exec/s: 457066 rss: 37Mb L: 16/34 MS: 3 ChangeByte-ChangeASCIIInt-EraseBytes-
#7328222	REDUCE cov: 50 ft: 418 corp: 172/3258b lim: 4096 exec/s: 458013 rss: 37Mb L: 15/34 MS: 3 ChangeByte-ShuffleBytes-EraseBytes-
#7734104	REDUCE cov: 50 ft: 418 corp: 172/3256b lim: 4096 exec/s: 454947 rss: 37Mb L: 15/34 MS: 2 EraseBytes-InsertByte-
#7754233	REDUCE cov: 50 ft: 418 corp: 172/3254b lim: 4096 exec/s: 456131 rss: 37Mb L: 19/34 MS: 4 CopyPart-ShuffleBytes-ChangeByte-EraseBytes-
#7882981	REDUCE cov: 50 ft: 418 corp: 172/3252b lim: 4096 exec/s: 463704 rss: 37Mb L: 15/34 MS: 3 EraseBytes-InsertByte-InsertByte-
#8193419	REDUCE cov: 50 ft: 418 corp: 172/3251b lim: 4096 exec/s: 455189 rss: 37Mb L: 16/34 MS: 3 ChangeASCIIInt-EraseBytes-ChangeBit-
#8372597	REDUCE cov: 50 ft: 418 corp: 172/3250b lim: 4096 exec/s: 465144 rss: 37Mb L: 22/34 MS: 3 ShuffleBytes-EraseBytes-ChangeBit-
#8388608	pulse  cov: 50 ft: 418 corp: 172/3250b lim: 4096 exec/s: 466033 rss: 37Mb
#8525969	REDUCE cov: 50 ft: 418 corp: 172/3248b lim: 4096 exec/s: 448735 rss: 37Mb L: 15/34 MS: 2 ChangeByte-EraseBytes-
#8528254	REDUCE cov: 50 ft: 418 corp: 172/3246b lim: 4096 exec/s: 448855 rss: 37Mb L: 17/34 MS: 5 PersAutoDict-EraseBytes-CrossOver-InsertByte-CrossOver- DE: "\377\377"-
#8823401	REDUCE cov: 50 ft: 418 corp: 172/3245b lim: 4096 exec/s: 464389 rss: 37Mb L: 18/34 MS: 2 EraseBytes-ChangeBit-
#8868923	REDUCE cov: 50 ft: 418 corp: 172/3243b lim: 4096 exec/s: 466785 rss: 37Mb L: 17/34 MS: 2 PersAutoDict-EraseBytes- DE: "\3778"-
#8911345	REDUCE cov: 50 ft: 418 corp: 172/3242b lim: 4096 exec/s: 469018 rss: 37Mb L: 18/34 MS: 2 ChangeBit-EraseBytes-
#9138232	REDUCE cov: 50 ft: 418 corp: 172/3240b lim: 4096 exec/s: 456911 rss: 37Mb L: 15/34 MS: 2 PersAutoDict-EraseBytes- DE: "\377\377\377\377\377\377\377\377"-
#9359168	REDUCE cov: 50 ft: 421 corp: 173/3262b lim: 4096 exec/s: 467958 rss: 37Mb L: 22/34 MS: 1 ShuffleBytes-
#9859081	REDUCE cov: 50 ft: 421 corp: 173/3260b lim: 4096 exec/s: 448140 rss: 37Mb L: 17/34 MS: 3 EraseBytes-CrossOver-ChangeBinInt-
#10250273	REDUCE cov: 50 ft: 421 corp: 173/3258b lim: 4096 exec/s: 465921 rss: 37Mb L: 17/34 MS: 2 ChangeBinInt-EraseBytes-
#10942950	REDUCE cov: 50 ft: 421 corp: 173/3256b lim: 4096 exec/s: 455956 rss: 37Mb L: 17/34 MS: 2 EraseBytes-ChangeBinInt-
#10944972	REDUCE cov: 50 ft: 421 corp: 173/3254b lim: 4096 exec/s: 456040 rss: 37Mb L: 16/34 MS: 2 EraseBytes-ChangeBinInt-
#11113406	REDUCE cov: 50 ft: 421 corp: 173/3253b lim: 4096 exec/s: 463058 rss: 37Mb L: 17/34 MS: 4 ChangeASCIIInt-EraseBytes-ChangeByte-ChangeBinInt-
#11364131	REDUCE cov: 50 ft: 421 corp: 173/3251b lim: 4096 exec/s: 454565 rss: 37Mb L: 15/34 MS: 5 PersAutoDict-InsertByte-CopyPart-EraseBytes-ChangeByte- DE: "\377\377\377`"-
#12173828	REDUCE cov: 50 ft: 421 corp: 173/3249b lim: 4096 exec/s: 450882 rss: 37Mb L: 15/34 MS: 2 ChangeByte-EraseBytes-
#12256887	REDUCE cov: 50 ft: 421 corp: 173/3245b lim: 4096 exec/s: 453958 rss: 37Mb L: 15/34 MS: 4 ChangeBit-PersAutoDict-ChangeBit-EraseBytes- DE: "\377\377\377\377\377\377\377\377"-
#12537866	REDUCE cov: 50 ft: 421 corp: 173/3244b lim: 4096 exec/s: 447780 rss: 37Mb L: 15/34 MS: 4 ChangeByte-EraseBytes-ChangeBit-ChangeBinInt-
#12628463	REDUCE cov: 50 ft: 421 corp: 173/3242b lim: 4096 exec/s: 451016 rss: 37Mb L: 15/34 MS: 2 InsertByte-EraseBytes-
#13580160	REDUCE cov: 50 ft: 421 corp: 173/3240b lim: 4096 exec/s: 452672 rss: 37Mb L: 17/34 MS: 2 EraseBytes-ChangeByte-
#13768873	REDUCE cov: 50 ft: 421 corp: 173/3238b lim: 4096 exec/s: 458962 rss: 37Mb L: 21/34 MS: 3 CopyPart-ChangeBinInt-EraseBytes-
#14176837	REDUCE cov: 50 ft: 421 corp: 173/3236b lim: 4096 exec/s: 457317 rss: 37Mb L: 15/34 MS: 4 CopyPart-ChangeBinInt-ChangeASCIIInt-EraseBytes-
#14430255	REDUCE cov: 50 ft: 421 corp: 173/3235b lim: 4096 exec/s: 450945 rss: 37Mb L: 16/34 MS: 3 ChangeBit-EraseBytes-ChangeBit-
#14479843	REDUCE cov: 50 ft: 421 corp: 173/3230b lim: 4096 exec/s: 452495 rss: 37Mb L: 23/34 MS: 3 EraseBytes-ChangeByte-CrossOver-
#14526827	REDUCE cov: 50 ft: 421 corp: 173/3228b lim: 4096 exec/s: 453963 rss: 37Mb L: 17/34 MS: 4 ChangeBit-EraseBytes-ChangeByte-CopyPart-
#14569311	REDUCE cov: 50 ft: 421 corp: 173/3226b lim: 4096 exec/s: 455290 rss: 37Mb L: 20/34 MS: 4 ShuffleBytes-CrossOver-EraseBytes-CMP- DE: "\377F"-
#14746280	REDUCE cov: 50 ft: 421 corp: 173/3225b lim: 4096 exec/s: 446856 rss: 37Mb L: 15/34 MS: 4 EraseBytes-InsertByte-ChangeBit-ChangeBit-
#14883369	REDUCE cov: 50 ft: 421 corp: 173/3224b lim: 4096 exec/s: 451011 rss: 37Mb L: 20/34 MS: 4 EraseBytes-ChangeBit-InsertByte-CMP- DE: "\000\000\000\000\000\000\000\027"-
#15115590	REDUCE cov: 50 ft: 422 corp: 174/3239b lim: 4096 exec/s: 458048 rss: 37Mb L: 15/34 MS: 1 ChangeByte-
#15218842	REDUCE cov: 50 ft: 422 corp: 174/3237b lim: 4096 exec/s: 447613 rss: 37Mb L: 17/34 MS: 2 EraseBytes-CMP- DE: "\377@"-
#15837711	REDUCE cov: 50 ft: 422 corp: 174/3233b lim: 4096 exec/s: 452506 rss: 37Mb L: 15/34 MS: 4 InsertByte-CMP-ChangeASCIIInt-EraseBytes- DE: "\377\377\377Y"-
#16777216	pulse  cov: 50 ft: 422 corp: 174/3233b lim: 4096 exec/s: 453438 rss: 37Mb
#17997488	REDUCE cov: 50 ft: 422 corp: 174/3231b lim: 4096 exec/s: 449937 rss: 37Mb L: 17/34 MS: 2 ChangeByte-EraseBytes-
#19029825	REDUCE cov: 50 ft: 422 corp: 174/3229b lim: 4096 exec/s: 453091 rss: 37Mb L: 21/34 MS: 2 CrossOver-EraseBytes-
#19245072	REDUCE cov: 50 ft: 422 corp: 174/3226b lim: 4096 exec/s: 447559 rss: 37Mb L: 20/34 MS: 2 EraseBytes-EraseBytes-
#19970005	REDUCE cov: 50 ft: 422 corp: 174/3224b lim: 4096 exec/s: 453863 rss: 37Mb L: 15/34 MS: 3 PersAutoDict-ChangeByte-EraseBytes- DE: "\3778"-
#20936359	NEW    cov: 50 ft: 423 corp: 175/3245b lim: 4096 exec/s: 455138 rss: 37Mb L: 21/34 MS: 4 EraseBytes-ChangeBinInt-ChangeBinInt-CopyPart-
#23681961	REDUCE cov: 50 ft: 423 corp: 175/3243b lim: 4096 exec/s: 455422 rss: 37Mb L: 15/34 MS: 2 EraseBytes-PersAutoDict- DE: "\377\377"-
#25734554	REDUCE cov: 50 ft: 423 corp: 175/3242b lim: 4096 exec/s: 451483 rss: 37Mb L: 16/34 MS: 3 ChangeBit-ChangeBinInt-EraseBytes-
#26228946	REDUCE cov: 50 ft: 423 corp: 175/3240b lim: 4096 exec/s: 452223 rss: 37Mb L: 15/34 MS: 2 EraseBytes-CopyPart-
#27457658	REDUCE cov: 50 ft: 423 corp: 175/3239b lim: 4096 exec/s: 450125 rss: 37Mb L: 16/34 MS: 2 ChangeBinInt-EraseBytes-
#29208834	NEW    cov: 50 ft: 426 corp: 176/3262b lim: 4096 exec/s: 449366 rss: 37Mb L: 23/34 MS: 1 CrossOver-
#29880561	REDUCE cov: 50 ft: 426 corp: 176/3260b lim: 4096 exec/s: 452735 rss: 37Mb L: 16/34 MS: 2 EraseBytes-CopyPart-
#30980935	REDUCE cov: 50 ft: 426 corp: 176/3253b lim: 4096 exec/s: 448999 rss: 37Mb L: 16/34 MS: 4 ShuffleBytes-EraseBytes-CopyPart-ChangeBinInt-
#33554432	pulse  cov: 50 ft: 426 corp: 176/3253b lim: 4096 exec/s: 447392 rss: 37Mb
#35896139	REDUCE cov: 50 ft: 426 corp: 176/3251b lim: 4096 exec/s: 448701 rss: 37Mb L: 17/34 MS: 4 ChangeASCIIInt-ChangeBit-EraseBytes-PersAutoDict- DE: "\377\377"-
#36613889	REDUCE cov: 50 ft: 426 corp: 176/3248b lim: 4096 exec/s: 452023 rss: 37Mb L: 20/34 MS: 5 InsertByte-ChangeBit-EraseBytes-ChangeByte-ChangeBit-
#37969536	REDUCE cov: 50 ft: 426 corp: 176/3246b lim: 4096 exec/s: 452018 rss: 37Mb L: 15/34 MS: 2 InsertByte-EraseBytes-
#39066234	REDUCE cov: 50 ft: 426 corp: 176/3245b lim: 4096 exec/s: 449037 rss: 37Mb L: 22/34 MS: 3 ChangeBit-ChangeBit-EraseBytes-
#40294166	REDUCE cov: 50 ft: 426 corp: 176/3243b lim: 4096 exec/s: 447712 rss: 37Mb L: 15/34 MS: 2 EraseBytes-ChangeByte-
#41371823	REDUCE cov: 50 ft: 426 corp: 176/3241b lim: 4096 exec/s: 449693 rss: 37Mb L: 15/34 MS: 2 PersAutoDict-EraseBytes- DE: "\377\377\377`"-
#41770435	REDUCE cov: 50 ft: 426 corp: 176/3239b lim: 4096 exec/s: 449144 rss: 37Mb L: 15/34 MS: 2 CrossOver-EraseBytes-
#42020468	NEW    cov: 50 ft: 427 corp: 177/3262b lim: 4096 exec/s: 451832 rss: 37Mb L: 23/34 MS: 3 ShuffleBytes-CopyPart-CopyPart-
#42196049	NEW    cov: 50 ft: 430 corp: 178/3285b lim: 4096 exec/s: 448894 rss: 37Mb L: 23/34 MS: 1 ChangeBinInt-
#42769827	REDUCE cov: 50 ft: 430 corp: 178/3284b lim: 4096 exec/s: 450208 rss: 37Mb L: 16/34 MS: 3 ChangeByte-ChangeASCIIInt-EraseBytes-
#42993417	REDUCE cov: 50 ft: 430 corp: 178/3282b lim: 4096 exec/s: 447848 rss: 37Mb L: 17/34 MS: 5 ChangeBit-ChangeBit-ChangeBit-PersAutoDict-EraseBytes- DE: "\377@"-
#43249790	REDUCE cov: 50 ft: 430 corp: 178/3280b lim: 4096 exec/s: 450518 rss: 37Mb L: 15/34 MS: 3 ChangeBit-ChangeBit-EraseBytes-
#45518324	REDUCE cov: 50 ft: 430 corp: 178/3279b lim: 4096 exec/s: 450676 rss: 37Mb L: 16/34 MS: 4 EraseBytes-ChangeBit-ShuffleBytes-ChangeBit-
#48870316	REDUCE cov: 50 ft: 430 corp: 178/3278b lim: 4096 exec/s: 448351 rss: 37Mb L: 16/34 MS: 2 EraseBytes-ChangeByte-
#49444605	REDUCE cov: 50 ft: 430 corp: 178/3276b lim: 4096 exec/s: 449496 rss: 37Mb L: 15/34 MS: 4 InsertByte-ChangeASCIIInt-ChangeASCIIInt-EraseBytes-
#49634118	REDUCE cov: 50 ft: 430 corp: 178/3273b lim: 4096 exec/s: 447154 rss: 37Mb L: 20/34 MS: 3 ChangeBit-ChangeBinInt-EraseBytes-
#53286385	REDUCE cov: 50 ft: 430 corp: 178/3272b lim: 4096 exec/s: 447784 rss: 37Mb L: 16/34 MS: 2 EraseBytes-ChangeBit-
#57221824	REDUCE cov: 50 ft: 430 corp: 178/3271b lim: 4096 exec/s: 447045 rss: 37Mb L: 15/34 MS: 4 EraseBytes-ShuffleBytes-ShuffleBytes-CrossOver-
#59638419	REDUCE cov: 50 ft: 430 corp: 178/3270b lim: 4096 exec/s: 448409 rss: 37Mb L: 15/34 MS: 5 ChangeBit-EraseBytes-ChangeByte-ChangeBinInt-PersAutoDict- DE: "\377\377\377`"-
#60927008	REDUCE cov: 50 ft: 430 corp: 178/3269b lim: 4096 exec/s: 447992 rss: 37Mb L: 22/34 MS: 4 ShuffleBytes-EraseBytes-CrossOver-CopyPart-
#62805210	REDUCE cov: 50 ft: 430 corp: 178/3268b lim: 4096 exec/s: 448608 rss: 37Mb L: 16/34 MS: 2 ChangeBit-EraseBytes-
#64965184	NEW    cov: 50 ft: 431 corp: 179/3291b lim: 4096 exec/s: 448035 rss: 37Mb L: 23/34 MS: 4 InsertRepeatedBytes-EraseBytes-ShuffleBytes-EraseBytes-
#65755511	REDUCE cov: 50 ft: 431 corp: 179/3290b lim: 4096 exec/s: 447316 rss: 37Mb L: 16/34 MS: 2 EraseBytes-ChangeBit-
#67108864	pulse  cov: 50 ft: 431 corp: 179/3290b lim: 4096 exec/s: 447392 rss: 37Mb
#73225324	REDUCE cov: 50 ft: 431 corp: 179/3289b lim: 4096 exec/s: 446495 rss: 37Mb L: 16/34 MS: 3 EraseBytes-ChangeBit-ChangeByte-
#74285582	NEW    cov: 50 ft: 432 corp: 180/3312b lim: 4096 exec/s: 447503 rss: 37Mb L: 23/34 MS: 3 CopyPart-CopyPart-ChangeBit-
panic: found special char in iban [recovered]
	panic: found special char in iban

goroutine 17 [running, locked to thread]:
git.ultraware.nl/iddinkgroep/fundament-api.Fuzz.func1()
	git.ultraware.nl/iddinkgroep/fundament-api/fuzz.go:19 +0xa5
panic({0x5631885f4760?, 0x563188607c70?})
	runtime/panic.go:914 +0x21f
git.ultraware.nl/iddinkgroep/fundament-api.Fuzz({0xc00012a4f8, 0x17})
	git.ultraware.nl/iddinkgroep/fundament-api/fuzz.go:34 +0x2b9
git.ultraware.nl/iddinkgroep/fundament-api.Fuzz_(...)
	git.ultraware.nl/iddinkgroep/fundament-api/fuzz.1527825026.go:6
main.LLVMFuzzerTestOneInput(...)
	./main.170485750.go:21
==7970== ERROR: libFuzzer: deadly signal
    #0 0x563188517630 in __sanitizer_print_stack_trace (/seedai/experiments/libfuzzer/source_iban/libfuzzer+0xaf630) (BuildId: 688cb25bec4564588da2a67f6a2b25148a0fd5d4)
    #1 0x5631884e3755 in fuzzer::PrintStackTrace() (/seedai/experiments/libfuzzer/source_iban/libfuzzer+0x7b755) (BuildId: 688cb25bec4564588da2a67f6a2b25148a0fd5d4)
    #2 0x5631884c23a9 in fuzzer::Fuzzer::CrashCallback() (.part.0) FuzzerLoop.cpp.o
    #3 0x5631884c246a in fuzzer::Fuzzer::StaticCrashSignalCallback() (/seedai/experiments/libfuzzer/source_iban/libfuzzer+0x5a46a) (BuildId: 688cb25bec4564588da2a67f6a2b25148a0fd5d4)
    #4 0x7f223d6d070f  (/usr/lib/libc.so.6+0x3e70f) (BuildId: 316d0d3666387f0e8fb98773f51aa1801027c5ab)
    #5 0x563188577160 in runtime.raise.abi0 runtime/sys_linux_amd64.s:153

NOTE: libFuzzer has rudimentary signal handlers.
      Combine libFuzzer with AddressSanitizer or similar for better crash reports.
SUMMARY: libFuzzer: deadly signal
MS: 1 ChangeByte-; base unit: 112794d0df7b13181f36449c9f87de1e0054d613
0x61,0x45,0x41,0x30,0x2d,0x30,0x30,0x30,0x30,0x30,0x30,0x30,0x30,0x30,0x30,0x38,0x30,0x30,0x30,0x30,0x30,0x30,0x30,
aEA0-000000000080000000
artifact_prefix='./'; Test unit written to ./crash-afea7860a2f530ec5b43c5043192ef67c6e490b0
Base64: YUVBMC0wMDAwMDAwMDAwODAwMDAwMDA=
