INFO: Running with entropic power schedule (0xFF, 100).
INFO: Seed: 2648200844
INFO: Loaded 1 modules   (70 inline 8-bit counters): 70 [0x5562435ba030, 0x5562435ba076), 
INFO: Loaded 1 PC tables (70 PCs): 70 [0xc000068000,0xc000068460), 
INFO:        5 files found in corpus
INFO: -max_len is not provided; libFuzzer will not generate inputs larger than 4096 bytes
INFO: seed corpus: files: 5 min: 17b max: 201b total: 471b rss: 29Mb
#6	INITED cov: 29 ft: 83 corp: 3/69b exec/s: 0 rss: 29Mb
#8	NEW    cov: 29 ft: 85 corp: 4/94b lim: 28 exec/s: 0 rss: 29Mb L: 25/28 MS: 2 CopyPart-CopyPart-
#14	NEW    cov: 29 ft: 86 corp: 5/122b lim: 28 exec/s: 0 rss: 29Mb L: 28/28 MS: 1 ChangeASCIIInt-
#15	NEW    cov: 29 ft: 94 corp: 6/150b lim: 28 exec/s: 0 rss: 29Mb L: 28/28 MS: 1 ShuffleBytes-
#16	NEW    cov: 29 ft: 96 corp: 7/178b lim: 28 exec/s: 0 rss: 29Mb L: 28/28 MS: 1 CrossOver-
#17	NEW    cov: 30 ft: 99 corp: 8/206b lim: 28 exec/s: 0 rss: 29Mb L: 28/28 MS: 1 CopyPart-
#18	NEW    cov: 31 ft: 105 corp: 9/234b lim: 28 exec/s: 0 rss: 29Mb L: 28/28 MS: 1 InsertRepeatedBytes-
#19	NEW    cov: 31 ft: 106 corp: 10/262b lim: 28 exec/s: 0 rss: 29Mb L: 28/28 MS: 1 ChangeBinInt-
#26	NEW    cov: 31 ft: 119 corp: 11/290b lim: 28 exec/s: 0 rss: 29Mb L: 28/28 MS: 2 ChangeASCIIInt-CrossOver-
#27	NEW    cov: 31 ft: 121 corp: 12/318b lim: 28 exec/s: 0 rss: 29Mb L: 28/28 MS: 1 CrossOver-
#32	NEW    cov: 31 ft: 122 corp: 13/340b lim: 28 exec/s: 0 rss: 29Mb L: 22/28 MS: 5 ChangeBinInt-EraseBytes-ChangeASCIIInt-CopyPart-CopyPart-
#33	NEW    cov: 31 ft: 128 corp: 14/368b lim: 28 exec/s: 0 rss: 29Mb L: 28/28 MS: 1 ChangeByte-
#34	NEW    cov: 31 ft: 129 corp: 15/385b lim: 28 exec/s: 0 rss: 29Mb L: 17/28 MS: 1 EraseBytes-
#36	NEW    cov: 32 ft: 132 corp: 16/399b lim: 28 exec/s: 0 rss: 29Mb L: 14/28 MS: 2 ChangeBit-EraseBytes-
#37	NEW    cov: 32 ft: 133 corp: 17/427b lim: 28 exec/s: 0 rss: 29Mb L: 28/28 MS: 1 ShuffleBytes-
#38	NEW    cov: 32 ft: 145 corp: 18/455b lim: 28 exec/s: 0 rss: 30Mb L: 28/28 MS: 1 ChangeBit-
#43	NEW    cov: 32 ft: 146 corp: 19/473b lim: 28 exec/s: 0 rss: 30Mb L: 18/28 MS: 5 ChangeBit-InsertByte-CrossOver-ChangeBit-EraseBytes-
#45	NEW    cov: 32 ft: 148 corp: 20/500b lim: 28 exec/s: 0 rss: 30Mb L: 27/28 MS: 2 EraseBytes-CopyPart-
#46	NEW    cov: 32 ft: 149 corp: 21/528b lim: 28 exec/s: 0 rss: 30Mb L: 28/28 MS: 1 ChangeBit-
#52	NEW    cov: 32 ft: 150 corp: 22/556b lim: 28 exec/s: 0 rss: 30Mb L: 28/28 MS: 1 CopyPart-
#57	NEW    cov: 32 ft: 152 corp: 23/571b lim: 28 exec/s: 0 rss: 30Mb L: 15/28 MS: 5 CrossOver-InsertByte-ChangeBinInt-ShuffleBytes-EraseBytes-
#70	NEW    cov: 33 ft: 153 corp: 24/599b lim: 28 exec/s: 0 rss: 30Mb L: 28/28 MS: 3 ChangeBinInt-CrossOver-ChangeByte-
#79	NEW    cov: 33 ft: 155 corp: 25/627b lim: 28 exec/s: 0 rss: 30Mb L: 28/28 MS: 4 ShuffleBytes-ShuffleBytes-CopyPart-ChangeBit-
#83	NEW    cov: 33 ft: 156 corp: 26/632b lim: 28 exec/s: 0 rss: 30Mb L: 5/28 MS: 4 CopyPart-CrossOver-ChangeASCIIInt-CrossOver-
#94	NEW    cov: 33 ft: 157 corp: 27/660b lim: 28 exec/s: 0 rss: 30Mb L: 28/28 MS: 1 ShuffleBytes-
#96	NEW    cov: 33 ft: 158 corp: 28/673b lim: 28 exec/s: 0 rss: 30Mb L: 13/28 MS: 2 ChangeBinInt-EraseBytes-
#122	NEW    cov: 33 ft: 160 corp: 29/701b lim: 28 exec/s: 0 rss: 30Mb L: 28/28 MS: 1 ChangeByte-
#139	NEW    cov: 33 ft: 162 corp: 30/729b lim: 28 exec/s: 0 rss: 30Mb L: 28/28 MS: 2 ShuffleBytes-ShuffleBytes-
#144	NEW    cov: 33 ft: 170 corp: 31/755b lim: 28 exec/s: 0 rss: 30Mb L: 26/28 MS: 5 ChangeBit-CopyPart-EraseBytes-ChangeByte-InsertByte-
#145	NEW    cov: 33 ft: 171 corp: 32/771b lim: 28 exec/s: 0 rss: 30Mb L: 16/28 MS: 1 InsertByte-
#170	NEW    cov: 33 ft: 172 corp: 33/797b lim: 28 exec/s: 0 rss: 30Mb L: 26/28 MS: 5 EraseBytes-ChangeByte-InsertByte-CrossOver-InsertRepeatedBytes-
#172	NEW    cov: 33 ft: 176 corp: 34/825b lim: 28 exec/s: 0 rss: 30Mb L: 28/28 MS: 2 CopyPart-CopyPart-
#184	NEW    cov: 33 ft: 178 corp: 35/853b lim: 28 exec/s: 0 rss: 30Mb L: 28/28 MS: 2 ShuffleBytes-ChangeByte-
#187	NEW    cov: 33 ft: 179 corp: 36/881b lim: 28 exec/s: 0 rss: 30Mb L: 28/28 MS: 3 EraseBytes-CopyPart-ChangeBit-
#223	NEW    cov: 33 ft: 181 corp: 37/909b lim: 28 exec/s: 0 rss: 30Mb L: 28/28 MS: 1 ChangeASCIIInt-
#252	NEW    cov: 33 ft: 182 corp: 38/919b lim: 28 exec/s: 0 rss: 30Mb L: 10/28 MS: 4 ChangeByte-ChangeBinInt-EraseBytes-EraseBytes-
#257	NEW    cov: 33 ft: 183 corp: 39/941b lim: 28 exec/s: 0 rss: 30Mb L: 22/28 MS: 5 CopyPart-ChangeBit-ChangeBit-ChangeBinInt-EraseBytes-
#298	NEW    cov: 33 ft: 188 corp: 40/969b lim: 28 exec/s: 0 rss: 30Mb L: 28/28 MS: 1 ChangeASCIIInt-
#356	REDUCE cov: 33 ft: 188 corp: 40/966b lim: 28 exec/s: 0 rss: 30Mb L: 19/28 MS: 3 CopyPart-CrossOver-EraseBytes-
#369	NEW    cov: 33 ft: 189 corp: 41/993b lim: 28 exec/s: 0 rss: 30Mb L: 27/28 MS: 3 InsertRepeatedBytes-ShuffleBytes-InsertRepeatedBytes-
#420	NEW    cov: 33 ft: 190 corp: 42/1021b lim: 28 exec/s: 0 rss: 30Mb L: 28/28 MS: 1 ChangeBit-
#496	NEW    cov: 33 ft: 192 corp: 43/1049b lim: 28 exec/s: 0 rss: 30Mb L: 28/28 MS: 1 CopyPart-
#552	REDUCE cov: 33 ft: 192 corp: 43/1040b lim: 28 exec/s: 0 rss: 30Mb L: 19/28 MS: 1 EraseBytes-
#570	REDUCE cov: 33 ft: 192 corp: 43/1038b lim: 28 exec/s: 0 rss: 30Mb L: 24/28 MS: 3 InsertByte-ChangeBit-EraseBytes-
#727	NEW    cov: 33 ft: 194 corp: 44/1066b lim: 28 exec/s: 0 rss: 30Mb L: 28/28 MS: 2 ChangeASCIIInt-CopyPart-
#822	NEW    cov: 33 ft: 195 corp: 45/1091b lim: 28 exec/s: 0 rss: 30Mb L: 25/28 MS: 5 EraseBytes-ChangeByte-ChangeBit-InsertByte-ChangeBit-
#848	REDUCE cov: 33 ft: 196 corp: 46/1119b lim: 28 exec/s: 0 rss: 30Mb L: 28/28 MS: 1 InsertRepeatedBytes-
#850	REDUCE cov: 33 ft: 196 corp: 46/1107b lim: 28 exec/s: 0 rss: 30Mb L: 6/28 MS: 2 ChangeASCIIInt-CrossOver-
#865	NEW    cov: 33 ft: 198 corp: 47/1109b lim: 28 exec/s: 0 rss: 30Mb L: 2/28 MS: 5 ShuffleBytes-InsertRepeatedBytes-CMP-EraseBytes-CrossOver- DE: "\377\377\377\377"-
#912	NEW    cov: 47 ft: 266 corp: 48/1137b lim: 28 exec/s: 0 rss: 30Mb L: 28/28 MS: 2 CopyPart-ChangeASCIIInt-
#968	NEW    cov: 47 ft: 269 corp: 49/1165b lim: 28 exec/s: 0 rss: 30Mb L: 28/28 MS: 1 ChangeByte-
#1017	REDUCE cov: 47 ft: 269 corp: 49/1162b lim: 28 exec/s: 0 rss: 30Mb L: 25/28 MS: 4 ChangeASCIIInt-ChangeASCIIInt-EraseBytes-ChangeBinInt-
#1023	REDUCE cov: 47 ft: 269 corp: 49/1161b lim: 28 exec/s: 0 rss: 30Mb L: 9/28 MS: 1 EraseBytes-
#1135	NEW    cov: 47 ft: 271 corp: 50/1189b lim: 28 exec/s: 0 rss: 30Mb L: 28/28 MS: 2 ShuffleBytes-CopyPart-
#1187	REDUCE cov: 47 ft: 271 corp: 50/1188b lim: 28 exec/s: 0 rss: 30Mb L: 8/28 MS: 2 ChangeBit-EraseBytes-
#1234	NEW    cov: 47 ft: 273 corp: 51/1216b lim: 28 exec/s: 0 rss: 30Mb L: 28/28 MS: 2 ChangeBinInt-CrossOver-
#1305	NEW    cov: 47 ft: 274 corp: 52/1244b lim: 28 exec/s: 0 rss: 30Mb L: 28/28 MS: 1 CrossOver-
#1425	REDUCE cov: 47 ft: 274 corp: 52/1236b lim: 28 exec/s: 0 rss: 30Mb L: 11/28 MS: 5 CMP-ChangeBinInt-EraseBytes-EraseBytes-CrossOver- DE: "6\000\000\000"-
#1429	NEW    cov: 47 ft: 275 corp: 53/1264b lim: 28 exec/s: 0 rss: 30Mb L: 28/28 MS: 4 ShuffleBytes-PersAutoDict-CopyPart-ChangeByte- DE: "6\000\000\000"-
#1451	NEW    cov: 47 ft: 276 corp: 54/1292b lim: 28 exec/s: 0 rss: 30Mb L: 28/28 MS: 2 ChangeASCIIInt-ChangeBit-
#1555	NEW    cov: 47 ft: 278 corp: 55/1320b lim: 28 exec/s: 0 rss: 31Mb L: 28/28 MS: 4 ChangeByte-ShuffleBytes-CrossOver-ChangeASCIIInt-
#1568	NEW    cov: 47 ft: 279 corp: 56/1348b lim: 28 exec/s: 0 rss: 31Mb L: 28/28 MS: 3 CrossOver-PersAutoDict-CrossOver- DE: "6\000\000\000"-
#1599	NEW    cov: 48 ft: 282 corp: 57/1376b lim: 28 exec/s: 0 rss: 31Mb L: 28/28 MS: 1 ChangeByte-
#1683	REDUCE cov: 48 ft: 282 corp: 57/1369b lim: 28 exec/s: 0 rss: 31Mb L: 18/28 MS: 4 ChangeByte-ChangeByte-ChangeASCIIInt-EraseBytes-
#1703	REDUCE cov: 48 ft: 282 corp: 57/1366b lim: 28 exec/s: 0 rss: 31Mb L: 16/28 MS: 5 CopyPart-ShuffleBytes-ChangeBinInt-ChangeBinInt-EraseBytes-
#1714	NEW    cov: 48 ft: 284 corp: 58/1394b lim: 28 exec/s: 0 rss: 31Mb L: 28/28 MS: 1 CopyPart-
#1758	NEW    cov: 48 ft: 285 corp: 59/1422b lim: 28 exec/s: 0 rss: 31Mb L: 28/28 MS: 4 ChangeBinInt-CopyPart-CopyPart-CopyPart-
#1823	NEW    cov: 48 ft: 287 corp: 60/1450b lim: 28 exec/s: 0 rss: 31Mb L: 28/28 MS: 5 PersAutoDict-ChangeBit-ShuffleBytes-ChangeByte-CopyPart- DE: "6\000\000\000"-
#1887	REDUCE cov: 48 ft: 287 corp: 60/1449b lim: 28 exec/s: 0 rss: 31Mb L: 15/28 MS: 4 InsertByte-CMP-ChangeBit-EraseBytes- DE: "t\200\364,\000\000\000\000"-
#2007	NEW    cov: 48 ft: 288 corp: 61/1477b lim: 28 exec/s: 0 rss: 31Mb L: 28/28 MS: 5 ChangeBinInt-ChangeByte-ChangeBit-CopyPart-CopyPart-
#2127	REDUCE cov: 48 ft: 288 corp: 61/1475b lim: 28 exec/s: 0 rss: 31Mb L: 26/28 MS: 5 CrossOver-EraseBytes-InsertByte-InsertByte-CopyPart-
#2307	REDUCE cov: 48 ft: 288 corp: 61/1473b lim: 28 exec/s: 0 rss: 31Mb L: 22/28 MS: 5 PersAutoDict-EraseBytes-EraseBytes-ChangeBinInt-CrossOver- DE: "6\000\000\000"-
#2579	NEW    cov: 48 ft: 290 corp: 62/1501b lim: 28 exec/s: 0 rss: 31Mb L: 28/28 MS: 2 ShuffleBytes-ChangeBit-
#2624	REDUCE cov: 48 ft: 290 corp: 62/1498b lim: 28 exec/s: 0 rss: 31Mb L: 8/28 MS: 5 ChangeASCIIInt-PersAutoDict-CopyPart-CrossOver-EraseBytes- DE: "6\000\000\000"-
#2792	REDUCE cov: 48 ft: 290 corp: 62/1496b lim: 28 exec/s: 0 rss: 31Mb L: 23/28 MS: 3 CrossOver-ChangeASCIIInt-CrossOver-
#3173	NEW    cov: 48 ft: 295 corp: 63/1524b lim: 28 exec/s: 0 rss: 31Mb L: 28/28 MS: 1 ChangeBit-
#3359	NEW    cov: 48 ft: 296 corp: 64/1552b lim: 28 exec/s: 0 rss: 31Mb L: 28/28 MS: 1 ShuffleBytes-
#3446	NEW    cov: 48 ft: 298 corp: 65/1580b lim: 28 exec/s: 0 rss: 31Mb L: 28/28 MS: 2 ChangeASCIIInt-ShuffleBytes-
#3852	NEW    cov: 48 ft: 299 corp: 66/1609b lim: 32 exec/s: 0 rss: 31Mb L: 29/29 MS: 1 InsertByte-
#3880	NEW    cov: 48 ft: 300 corp: 67/1641b lim: 32 exec/s: 0 rss: 31Mb L: 32/32 MS: 3 ShuffleBytes-ChangeByte-CrossOver-
#4153	REDUCE cov: 48 ft: 300 corp: 67/1635b lim: 32 exec/s: 0 rss: 31Mb L: 22/32 MS: 3 InsertRepeatedBytes-EraseBytes-InsertByte-
#4501	NEW    cov: 48 ft: 301 corp: 68/1667b lim: 32 exec/s: 0 rss: 31Mb L: 32/32 MS: 3 CopyPart-CopyPart-ChangeBinInt-
#4688	REDUCE cov: 48 ft: 301 corp: 68/1666b lim: 32 exec/s: 0 rss: 32Mb L: 24/32 MS: 2 EraseBytes-InsertByte-
#4786	REDUCE cov: 48 ft: 301 corp: 68/1656b lim: 32 exec/s: 0 rss: 32Mb L: 22/32 MS: 3 ShuffleBytes-CrossOver-EraseBytes-
#4965	REDUCE cov: 48 ft: 301 corp: 68/1655b lim: 32 exec/s: 0 rss: 32Mb L: 4/32 MS: 4 PersAutoDict-CrossOver-CrossOver-EraseBytes- DE: "6\000\000\000"-
#5410	REDUCE cov: 48 ft: 301 corp: 68/1651b lim: 32 exec/s: 0 rss: 32Mb L: 24/32 MS: 5 CMP-ChangeBinInt-ChangeBit-CopyPart-EraseBytes- DE: "\377\377"-
#5955	REDUCE cov: 48 ft: 301 corp: 68/1650b lim: 37 exec/s: 0 rss: 32Mb L: 12/32 MS: 5 ChangeASCIIInt-ChangeASCIIInt-EraseBytes-InsertByte-PersAutoDict- DE: "6\000\000\000"-
#5967	NEW    cov: 48 ft: 302 corp: 69/1683b lim: 37 exec/s: 0 rss: 32Mb L: 33/33 MS: 2 InsertByte-PersAutoDict- DE: "6\000\000\000"-
#6016	NEW    cov: 48 ft: 304 corp: 70/1717b lim: 37 exec/s: 0 rss: 32Mb L: 34/34 MS: 4 CopyPart-ChangeBit-ShuffleBytes-CopyPart-
#6680	REDUCE cov: 48 ft: 304 corp: 70/1713b lim: 42 exec/s: 0 rss: 32Mb L: 18/34 MS: 4 ChangeBinInt-CMP-CMP-EraseBytes- DE: "\377\377"-"\011\000\000\000\000\000\000\000"-
#6981	REDUCE cov: 48 ft: 304 corp: 70/1711b lim: 42 exec/s: 0 rss: 32Mb L: 2/34 MS: 1 EraseBytes-
#7297	REDUCE cov: 48 ft: 304 corp: 70/1710b lim: 42 exec/s: 0 rss: 32Mb L: 23/34 MS: 1 EraseBytes-
#7565	NEW    cov: 48 ft: 307 corp: 71/1738b lim: 42 exec/s: 0 rss: 32Mb L: 28/34 MS: 3 ChangeASCIIInt-ChangeASCIIInt-ChangeBit-
#7702	REDUCE cov: 48 ft: 307 corp: 71/1737b lim: 42 exec/s: 0 rss: 32Mb L: 1/34 MS: 2 ChangeASCIIInt-EraseBytes-
#8505	REDUCE cov: 48 ft: 307 corp: 71/1734b lim: 47 exec/s: 0 rss: 32Mb L: 15/34 MS: 3 PersAutoDict-InsertByte-EraseBytes- DE: "6\000\000\000"-
#8720	REDUCE cov: 48 ft: 307 corp: 71/1730b lim: 47 exec/s: 0 rss: 33Mb L: 4/34 MS: 5 CopyPart-ChangeBit-ChangeBit-ChangeBinInt-EraseBytes-
#8762	REDUCE cov: 48 ft: 307 corp: 71/1727b lim: 47 exec/s: 0 rss: 33Mb L: 15/34 MS: 2 ChangeASCIIInt-EraseBytes-
#9200	REDUCE cov: 48 ft: 307 corp: 71/1724b lim: 47 exec/s: 0 rss: 33Mb L: 3/34 MS: 3 ShuffleBytes-ChangeByte-EraseBytes-
#9446	NEW    cov: 48 ft: 309 corp: 72/1752b lim: 47 exec/s: 0 rss: 33Mb L: 28/34 MS: 1 ShuffleBytes-
#9618	REDUCE cov: 48 ft: 309 corp: 72/1750b lim: 47 exec/s: 0 rss: 33Mb L: 26/34 MS: 2 CrossOver-ChangeByte-
#10134	REDUCE cov: 48 ft: 310 corp: 73/1765b lim: 52 exec/s: 0 rss: 33Mb L: 15/34 MS: 1 PersAutoDict- DE: "t\200\364,\000\000\000\000"-
#10527	NEW    cov: 48 ft: 311 corp: 74/1782b lim: 52 exec/s: 0 rss: 33Mb L: 17/34 MS: 3 ChangeASCIIInt-ChangeBit-PersAutoDict- DE: "\377\377"-
#11313	NEW    cov: 48 ft: 313 corp: 75/1810b lim: 57 exec/s: 0 rss: 33Mb L: 28/34 MS: 1 ChangeByte-
#12015	NEW    cov: 48 ft: 314 corp: 76/1827b lim: 62 exec/s: 0 rss: 33Mb L: 17/34 MS: 2 ShuffleBytes-CMP- DE: "b\000"-
#12562	NEW    cov: 48 ft: 315 corp: 77/1855b lim: 67 exec/s: 0 rss: 33Mb L: 28/34 MS: 2 ChangeBinInt-ChangeBit-
#14159	REDUCE cov: 48 ft: 315 corp: 77/1852b lim: 79 exec/s: 0 rss: 34Mb L: 1/34 MS: 2 EraseBytes-EraseBytes-
#16118	REDUCE cov: 48 ft: 315 corp: 77/1848b lim: 97 exec/s: 0 rss: 34Mb L: 24/34 MS: 4 ChangeASCIIInt-EraseBytes-PersAutoDict-CrossOver- DE: "\377\377"-
#16350	NEW    cov: 49 ft: 320 corp: 78/1876b lim: 97 exec/s: 0 rss: 34Mb L: 28/34 MS: 2 ChangeByte-ChangeByte-
#16476	NEW    cov: 49 ft: 321 corp: 79/1904b lim: 97 exec/s: 0 rss: 34Mb L: 28/34 MS: 1 ChangeBit-
#18212	NEW    cov: 49 ft: 322 corp: 80/1932b lim: 109 exec/s: 0 rss: 34Mb L: 28/34 MS: 1 ChangeBit-
#18448	NEW    cov: 49 ft: 323 corp: 81/1960b lim: 109 exec/s: 0 rss: 34Mb L: 28/34 MS: 1 ChangeASCIIInt-
#18672	REDUCE cov: 49 ft: 323 corp: 81/1959b lim: 109 exec/s: 0 rss: 34Mb L: 25/34 MS: 4 InsertByte-InsertByte-EraseBytes-ChangeBit-
#20094	NEW    cov: 49 ft: 324 corp: 82/1987b lim: 121 exec/s: 0 rss: 34Mb L: 28/34 MS: 2 ChangeBit-ShuffleBytes-
#20242	REDUCE cov: 49 ft: 324 corp: 82/1985b lim: 121 exec/s: 0 rss: 34Mb L: 25/34 MS: 3 PersAutoDict-ShuffleBytes-EraseBytes- DE: "t\200\364,\000\000\000\000"-
#20458	NEW    cov: 49 ft: 325 corp: 83/2013b lim: 121 exec/s: 0 rss: 34Mb L: 28/34 MS: 1 ChangeBit-
#20501	NEW    cov: 49 ft: 326 corp: 84/2041b lim: 121 exec/s: 0 rss: 34Mb L: 28/34 MS: 3 ChangeByte-ChangeBit-ChangeBit-
#20643	NEW    cov: 49 ft: 327 corp: 85/2069b lim: 121 exec/s: 0 rss: 35Mb L: 28/34 MS: 2 ChangeBinInt-ChangeBit-
#20844	NEW    cov: 49 ft: 328 corp: 86/2097b lim: 121 exec/s: 0 rss: 35Mb L: 28/34 MS: 1 ChangeByte-
#20895	NEW    cov: 49 ft: 330 corp: 87/2125b lim: 121 exec/s: 0 rss: 35Mb L: 28/34 MS: 1 ChangeASCIIInt-
#21632	NEW    cov: 49 ft: 331 corp: 88/2153b lim: 127 exec/s: 0 rss: 35Mb L: 28/34 MS: 2 ChangeASCIIInt-ChangeASCIIInt-
#22053	NEW    cov: 49 ft: 332 corp: 89/2181b lim: 127 exec/s: 0 rss: 35Mb L: 28/34 MS: 1 ChangeASCIIInt-
#23039	NEW    cov: 49 ft: 333 corp: 90/2209b lim: 133 exec/s: 0 rss: 35Mb L: 28/34 MS: 1 ChangeByte-
#23873	REDUCE cov: 49 ft: 333 corp: 90/2207b lim: 140 exec/s: 0 rss: 35Mb L: 24/34 MS: 4 EraseBytes-EraseBytes-CopyPart-InsertByte-
#24673	REDUCE cov: 49 ft: 333 corp: 90/2205b lim: 147 exec/s: 0 rss: 35Mb L: 26/34 MS: 5 ChangeASCIIInt-ChangeBinInt-PersAutoDict-ChangeASCIIInt-EraseBytes- DE: "b\000"-
#25394	NEW    cov: 49 ft: 334 corp: 91/2233b lim: 154 exec/s: 0 rss: 35Mb L: 28/34 MS: 1 ShuffleBytes-
#26025	NEW    cov: 49 ft: 335 corp: 92/2261b lim: 154 exec/s: 0 rss: 35Mb L: 28/34 MS: 1 ChangeASCIIInt-
#27402	NEW    cov: 49 ft: 336 corp: 93/2289b lim: 161 exec/s: 0 rss: 35Mb L: 28/34 MS: 2 ShuffleBytes-ChangeASCIIInt-
#27915	NEW    cov: 49 ft: 337 corp: 94/2317b lim: 161 exec/s: 0 rss: 35Mb L: 28/34 MS: 3 ShuffleBytes-ChangeByte-CopyPart-
#28790	REDUCE cov: 49 ft: 337 corp: 94/2315b lim: 168 exec/s: 0 rss: 35Mb L: 26/34 MS: 5 PersAutoDict-ShuffleBytes-ChangeBinInt-EraseBytes-CrossOver- DE: "\011\000\000\000\000\000\000\000"-
#30368	REDUCE cov: 49 ft: 337 corp: 94/2313b lim: 182 exec/s: 0 rss: 35Mb L: 20/34 MS: 3 EraseBytes-PersAutoDict-CopyPart- DE: "t\200\364,\000\000\000\000"-
#31299	NEW    cov: 49 ft: 338 corp: 95/2341b lim: 189 exec/s: 0 rss: 35Mb L: 28/34 MS: 1 ChangeBit-
#31705	NEW    cov: 49 ft: 339 corp: 96/2369b lim: 189 exec/s: 0 rss: 35Mb L: 28/34 MS: 1 ChangeASCIIInt-
#33071	NEW    cov: 49 ft: 342 corp: 97/2397b lim: 196 exec/s: 0 rss: 35Mb L: 28/34 MS: 1 ChangeByte-
#36977	NEW    cov: 49 ft: 343 corp: 98/2425b lim: 231 exec/s: 0 rss: 35Mb L: 28/34 MS: 1 ShuffleBytes-
#40086	NEW    cov: 49 ft: 344 corp: 99/2453b lim: 259 exec/s: 0 rss: 35Mb L: 28/34 MS: 4 PersAutoDict-ShuffleBytes-ShuffleBytes-ShuffleBytes- DE: "\011\000\000\000\000\000\000\000"-
#42467	NEW    cov: 49 ft: 345 corp: 100/2481b lim: 275 exec/s: 0 rss: 35Mb L: 28/34 MS: 1 ShuffleBytes-
#45708	NEW    cov: 49 ft: 346 corp: 101/2509b lim: 307 exec/s: 0 rss: 35Mb L: 28/34 MS: 1 ChangeBit-
#46849	NEW    cov: 49 ft: 347 corp: 102/2537b lim: 315 exec/s: 0 rss: 35Mb L: 28/34 MS: 1 ChangeBit-
#47880	NEW    cov: 49 ft: 349 corp: 103/2565b lim: 323 exec/s: 0 rss: 35Mb L: 28/34 MS: 1 ChangeASCIIInt-
#49467	NEW    cov: 49 ft: 350 corp: 104/2593b lim: 331 exec/s: 0 rss: 35Mb L: 28/34 MS: 2 ShuffleBytes-ChangeByte-
#50603	NEW    cov: 49 ft: 352 corp: 105/2621b lim: 339 exec/s: 0 rss: 35Mb L: 28/34 MS: 1 ChangeASCIIInt-
#51198	NEW    cov: 49 ft: 354 corp: 106/2649b lim: 339 exec/s: 0 rss: 35Mb L: 28/34 MS: 5 ChangeByte-ShuffleBytes-ShuffleBytes-CrossOver-ChangeASCIIInt-
#51344	NEW    cov: 49 ft: 356 corp: 107/2677b lim: 339 exec/s: 0 rss: 35Mb L: 28/34 MS: 1 ChangeBit-
#52563	REDUCE cov: 49 ft: 356 corp: 107/2673b lim: 347 exec/s: 0 rss: 35Mb L: 24/34 MS: 4 PersAutoDict-ChangeBinInt-ChangeByte-EraseBytes- DE: "\377\377"-
#53022	NEW    cov: 49 ft: 357 corp: 108/2701b lim: 347 exec/s: 0 rss: 35Mb L: 28/34 MS: 4 ShuffleBytes-ChangeBit-ShuffleBytes-ShuffleBytes-
#53253	NEW    cov: 49 ft: 358 corp: 109/2729b lim: 347 exec/s: 0 rss: 35Mb L: 28/34 MS: 1 ChangeASCIIInt-
#53607	REDUCE cov: 49 ft: 358 corp: 109/2725b lim: 347 exec/s: 0 rss: 35Mb L: 24/34 MS: 4 ChangeBit-PersAutoDict-ChangeASCIIInt-EraseBytes- DE: "\377\377"-
#54165	NEW    cov: 49 ft: 360 corp: 110/2754b lim: 347 exec/s: 0 rss: 35Mb L: 29/34 MS: 3 ChangeBit-InsertByte-ChangeBit-
#54701	NEW    cov: 49 ft: 361 corp: 111/2782b lim: 347 exec/s: 0 rss: 35Mb L: 28/34 MS: 1 CrossOver-
#54727	NEW    cov: 49 ft: 362 corp: 112/2810b lim: 347 exec/s: 0 rss: 35Mb L: 28/34 MS: 1 CopyPart-
#55389	NEW    cov: 49 ft: 363 corp: 113/2838b lim: 347 exec/s: 0 rss: 35Mb L: 28/34 MS: 2 PersAutoDict-ChangeASCIIInt- DE: "b\000"-
#55396	REDUCE cov: 49 ft: 363 corp: 113/2837b lim: 347 exec/s: 0 rss: 35Mb L: 31/34 MS: 2 ChangeASCIIInt-EraseBytes-
#57037	REDUCE cov: 49 ft: 364 corp: 114/2861b lim: 363 exec/s: 0 rss: 35Mb L: 24/34 MS: 1 ChangeASCIIInt-
#57584	NEW    cov: 49 ft: 365 corp: 115/2889b lim: 363 exec/s: 0 rss: 35Mb L: 28/34 MS: 2 ChangeASCIIInt-ChangeBinInt-
#57600	NEW    cov: 49 ft: 366 corp: 116/2917b lim: 363 exec/s: 0 rss: 35Mb L: 28/34 MS: 1 ShuffleBytes-
#58467	NEW    cov: 49 ft: 367 corp: 117/2945b lim: 371 exec/s: 0 rss: 35Mb L: 28/34 MS: 2 ChangeBit-ChangeBit-
#58743	REDUCE cov: 49 ft: 368 corp: 118/2969b lim: 371 exec/s: 0 rss: 35Mb L: 24/34 MS: 1 CrossOver-
#59554	NEW    cov: 49 ft: 369 corp: 119/2997b lim: 379 exec/s: 0 rss: 35Mb L: 28/34 MS: 1 ChangeASCIIInt-
#60156	REDUCE cov: 49 ft: 369 corp: 119/2995b lim: 379 exec/s: 0 rss: 35Mb L: 26/34 MS: 2 EraseBytes-ChangeBit-
#60212	NEW    cov: 49 ft: 370 corp: 120/3023b lim: 379 exec/s: 0 rss: 35Mb L: 28/34 MS: 1 CrossOver-
#60568	NEW    cov: 49 ft: 371 corp: 121/3047b lim: 379 exec/s: 0 rss: 35Mb L: 24/34 MS: 1 ShuffleBytes-
#61885	NEW    cov: 49 ft: 372 corp: 122/3075b lim: 387 exec/s: 0 rss: 35Mb L: 28/34 MS: 2 EraseBytes-InsertByte-
#62458	REDUCE cov: 49 ft: 372 corp: 122/3071b lim: 387 exec/s: 0 rss: 35Mb L: 24/34 MS: 3 PersAutoDict-InsertByte-EraseBytes- DE: "t\200\364,\000\000\000\000"-
#63401	REDUCE cov: 49 ft: 372 corp: 122/3069b lim: 395 exec/s: 0 rss: 35Mb L: 26/34 MS: 3 EraseBytes-ChangeBinInt-ChangeBit-
#66287	NEW    cov: 49 ft: 373 corp: 123/3097b lim: 419 exec/s: 0 rss: 35Mb L: 28/34 MS: 1 ShuffleBytes-
#68940	NEW    cov: 49 ft: 374 corp: 124/3125b lim: 443 exec/s: 0 rss: 35Mb L: 28/34 MS: 3 ChangeByte-ShuffleBytes-ChangeASCIIInt-
#77720	REDUCE cov: 49 ft: 374 corp: 124/3124b lim: 524 exec/s: 0 rss: 35Mb L: 22/34 MS: 5 PersAutoDict-EraseBytes-ChangeBit-CrossOver-ChangeBinInt- DE: "6\000\000\000"-
#78001	REDUCE cov: 49 ft: 374 corp: 124/3122b lim: 524 exec/s: 0 rss: 35Mb L: 20/34 MS: 1 EraseBytes-
#83176	REDUCE cov: 49 ft: 374 corp: 124/3120b lim: 569 exec/s: 0 rss: 35Mb L: 26/34 MS: 5 PersAutoDict-ChangeByte-ChangeByte-EraseBytes-ChangeByte- DE: "b\000"-
#86598	REDUCE cov: 49 ft: 374 corp: 124/3118b lim: 596 exec/s: 0 rss: 35Mb L: 26/34 MS: 2 EraseBytes-ChangeBinInt-
#86695	REDUCE cov: 49 ft: 374 corp: 124/3116b lim: 596 exec/s: 0 rss: 35Mb L: 15/34 MS: 2 EraseBytes-ChangeBinInt-
#86739	REDUCE cov: 49 ft: 374 corp: 124/3112b lim: 596 exec/s: 0 rss: 35Mb L: 19/34 MS: 4 EraseBytes-PersAutoDict-ShuffleBytes-PersAutoDict- DE: "\377\377"-"6\000\000\000"-
#89292	REDUCE cov: 49 ft: 374 corp: 124/3108b lim: 614 exec/s: 0 rss: 35Mb L: 24/34 MS: 3 ChangeBinInt-ChangeBit-EraseBytes-
#90334	REDUCE cov: 49 ft: 374 corp: 124/3104b lim: 623 exec/s: 0 rss: 35Mb L: 16/34 MS: 2 CopyPart-EraseBytes-
#92826	REDUCE cov: 49 ft: 374 corp: 124/3100b lim: 641 exec/s: 0 rss: 35Mb L: 22/34 MS: 2 EraseBytes-CMP- DE: "\377\377\3778"-
#98297	REDUCE cov: 49 ft: 374 corp: 124/3099b lim: 695 exec/s: 0 rss: 35Mb L: 15/34 MS: 1 EraseBytes-
#99551	REDUCE cov: 49 ft: 374 corp: 124/3095b lim: 704 exec/s: 0 rss: 35Mb L: 24/34 MS: 4 ChangeByte-PersAutoDict-ChangeBinInt-EraseBytes- DE: "\377\377\3778"-
#103674	REDUCE cov: 49 ft: 374 corp: 124/3093b lim: 740 exec/s: 0 rss: 35Mb L: 26/34 MS: 3 ChangeByte-PersAutoDict-EraseBytes- DE: "\377\377"-
#107159	REDUCE cov: 49 ft: 374 corp: 124/3089b lim: 767 exec/s: 0 rss: 35Mb L: 23/34 MS: 5 CrossOver-CMP-EraseBytes-PersAutoDict-CMP- DE: "`\000\000\000"-"\377\377"-"\001a"-
#110088	REDUCE cov: 49 ft: 374 corp: 124/3083b lim: 794 exec/s: 0 rss: 35Mb L: 19/34 MS: 4 ShuffleBytes-CrossOver-EraseBytes-ChangeByte-
#114363	REDUCE cov: 49 ft: 374 corp: 124/3075b lim: 830 exec/s: 0 rss: 35Mb L: 18/34 MS: 5 PersAutoDict-InsertByte-InsertRepeatedBytes-EraseBytes-EraseBytes- DE: "\377\377\3778"-
#115645	REDUCE cov: 49 ft: 374 corp: 124/3073b lim: 839 exec/s: 0 rss: 35Mb L: 26/34 MS: 2 ChangeBinInt-EraseBytes-
#127037	REDUCE cov: 49 ft: 374 corp: 124/3071b lim: 947 exec/s: 0 rss: 35Mb L: 26/34 MS: 2 ChangeBit-EraseBytes-
#134242	REDUCE cov: 49 ft: 374 corp: 124/3070b lim: 1010 exec/s: 0 rss: 35Mb L: 18/34 MS: 5 CMP-CopyPart-EraseBytes-ChangeBinInt-InsertByte- DE: "0\000"-
#140007	REDUCE cov: 49 ft: 374 corp: 124/3068b lim: 1058 exec/s: 0 rss: 35Mb L: 22/34 MS: 5 EraseBytes-ChangeASCIIInt-ChangeASCIIInt-ChangeByte-InsertByte-
#140515	REDUCE cov: 49 ft: 374 corp: 124/3066b lim: 1058 exec/s: 0 rss: 35Mb L: 26/34 MS: 3 EraseBytes-ChangeBinInt-CMP- DE: "\001\000\000\000"-
#142112	REDUCE cov: 49 ft: 374 corp: 124/3065b lim: 1068 exec/s: 0 rss: 35Mb L: 17/34 MS: 2 ChangeBinInt-EraseBytes-
#144898	NEW    cov: 49 ft: 375 corp: 125/3093b lim: 1088 exec/s: 0 rss: 35Mb L: 28/34 MS: 1 ChangeBinInt-
#144990	REDUCE cov: 49 ft: 375 corp: 125/3091b lim: 1088 exec/s: 0 rss: 35Mb L: 26/34 MS: 2 InsertByte-EraseBytes-
#148278	REDUCE cov: 49 ft: 375 corp: 125/3089b lim: 1118 exec/s: 0 rss: 35Mb L: 24/34 MS: 3 EraseBytes-ChangeBit-ChangeBit-
#148392	REDUCE cov: 49 ft: 375 corp: 125/3082b lim: 1118 exec/s: 0 rss: 35Mb L: 19/34 MS: 4 PersAutoDict-CMP-ChangeBit-EraseBytes- DE: "\011\000\000\000\000\000\000\000"-"\377\377\377\377\377\377\377 "-
#152823	NEW    cov: 49 ft: 377 corp: 126/3110b lim: 1158 exec/s: 0 rss: 35Mb L: 28/34 MS: 1 ChangeBit-
#160802	REDUCE cov: 49 ft: 377 corp: 126/3106b lim: 1228 exec/s: 0 rss: 35Mb L: 20/34 MS: 4 ChangeBit-PersAutoDict-ShuffleBytes-EraseBytes- DE: "t\200\364,\000\000\000\000"-
#160992	REDUCE cov: 49 ft: 377 corp: 126/3100b lim: 1228 exec/s: 0 rss: 35Mb L: 22/34 MS: 5 ChangeByte-ChangeBit-EraseBytes-ShuffleBytes-PersAutoDict- DE: "\377\377"-
#161245	REDUCE cov: 49 ft: 377 corp: 126/3098b lim: 1228 exec/s: 0 rss: 35Mb L: 23/34 MS: 3 EraseBytes-ChangeByte-CopyPart-
#162019	REDUCE cov: 49 ft: 377 corp: 126/3094b lim: 1228 exec/s: 0 rss: 35Mb L: 16/34 MS: 4 EraseBytes-ChangeBit-InsertByte-ChangeByte-
#165471	REDUCE cov: 49 ft: 377 corp: 126/3092b lim: 1258 exec/s: 0 rss: 35Mb L: 24/34 MS: 2 EraseBytes-PersAutoDict- DE: "t\200\364,\000\000\000\000"-
#172050	REDUCE cov: 49 ft: 377 corp: 126/3090b lim: 1318 exec/s: 0 rss: 35Mb L: 20/34 MS: 4 InsertByte-EraseBytes-ChangeBit-InsertByte-
#176120	REDUCE cov: 49 ft: 377 corp: 126/3088b lim: 1358 exec/s: 0 rss: 35Mb L: 24/34 MS: 5 InsertRepeatedBytes-CopyPart-ChangeBinInt-EraseBytes-EraseBytes-
#182372	REDUCE cov: 49 ft: 377 corp: 126/3086b lim: 1418 exec/s: 0 rss: 35Mb L: 22/34 MS: 2 ChangeByte-EraseBytes-
#182526	REDUCE cov: 49 ft: 377 corp: 126/3084b lim: 1418 exec/s: 0 rss: 35Mb L: 22/34 MS: 4 EraseBytes-ChangeByte-ShuffleBytes-ChangeByte-
#194774	REDUCE cov: 49 ft: 378 corp: 127/3100b lim: 1538 exec/s: 0 rss: 35Mb L: 16/34 MS: 3 ChangeBit-ChangeASCIIInt-ChangeBinInt-
#203577	REDUCE cov: 49 ft: 378 corp: 127/3098b lim: 1618 exec/s: 0 rss: 35Mb L: 26/34 MS: 3 InsertByte-CopyPart-EraseBytes-
#205936	REDUCE cov: 49 ft: 378 corp: 127/3096b lim: 1638 exec/s: 0 rss: 35Mb L: 22/34 MS: 4 InsertByte-ChangeASCIIInt-ShuffleBytes-EraseBytes-
#213284	NEW    cov: 49 ft: 379 corp: 128/3124b lim: 1708 exec/s: 0 rss: 35Mb L: 28/34 MS: 3 ChangeASCIIInt-CopyPart-ShuffleBytes-
#230392	REDUCE cov: 49 ft: 379 corp: 128/3123b lim: 1878 exec/s: 0 rss: 35Mb L: 16/34 MS: 3 ChangeByte-EraseBytes-ChangeBinInt-
#232940	REDUCE cov: 49 ft: 379 corp: 128/3121b lim: 1898 exec/s: 0 rss: 35Mb L: 16/34 MS: 3 CopyPart-ShuffleBytes-EraseBytes-
#234300	REDUCE cov: 49 ft: 379 corp: 128/3117b lim: 1908 exec/s: 0 rss: 35Mb L: 18/34 MS: 5 PersAutoDict-ChangeByte-ChangeBinInt-EraseBytes-InsertByte- DE: "\377\377\377\377\377\377\377 "-
#234748	REDUCE cov: 49 ft: 379 corp: 128/3109b lim: 1908 exec/s: 0 rss: 35Mb L: 20/34 MS: 3 ChangeBit-EraseBytes-ChangeBinInt-
#243850	REDUCE cov: 49 ft: 379 corp: 128/3107b lim: 1998 exec/s: 0 rss: 35Mb L: 24/34 MS: 2 PersAutoDict-EraseBytes- DE: "\377\377\3778"-
#251377	NEW    cov: 49 ft: 381 corp: 129/3135b lim: 2070 exec/s: 0 rss: 35Mb L: 28/34 MS: 2 ChangeASCIIInt-ChangeBit-
#255876	REDUCE cov: 49 ft: 381 corp: 129/3133b lim: 2114 exec/s: 0 rss: 35Mb L: 24/34 MS: 4 PersAutoDict-ChangeBit-ChangeASCIIInt-EraseBytes- DE: "b\000"-
#259942	REDUCE cov: 49 ft: 381 corp: 129/3132b lim: 2147 exec/s: 0 rss: 35Mb L: 15/34 MS: 1 EraseBytes-
#261160	REDUCE cov: 49 ft: 381 corp: 129/3128b lim: 2158 exec/s: 0 rss: 35Mb L: 24/34 MS: 3 ChangeByte-EraseBytes-PersAutoDict- DE: "t\200\364,\000\000\000\000"-
#287473	NEW    cov: 49 ft: 382 corp: 130/3156b lim: 2411 exec/s: 0 rss: 35Mb L: 28/34 MS: 3 ShuffleBytes-ShuffleBytes-CopyPart-
#308898	REDUCE cov: 49 ft: 382 corp: 130/3154b lim: 2620 exec/s: 0 rss: 35Mb L: 26/34 MS: 5 InsertByte-ChangeByte-EraseBytes-ChangeByte-InsertByte-
#312904	NEW    cov: 49 ft: 383 corp: 131/3182b lim: 2653 exec/s: 0 rss: 35Mb L: 28/34 MS: 1 CopyPart-
#316287	NEW    cov: 49 ft: 384 corp: 132/3210b lim: 2686 exec/s: 0 rss: 35Mb L: 28/34 MS: 3 ChangeASCIIInt-ChangeASCIIInt-ChangeBit-
#316418	NEW    cov: 49 ft: 388 corp: 133/3238b lim: 2686 exec/s: 0 rss: 35Mb L: 28/34 MS: 1 ChangeByte-
#318750	NEW    cov: 49 ft: 389 corp: 134/3266b lim: 2708 exec/s: 0 rss: 35Mb L: 28/34 MS: 2 ShuffleBytes-CopyPart-
#320741	NEW    cov: 49 ft: 390 corp: 135/3294b lim: 2719 exec/s: 0 rss: 35Mb L: 28/34 MS: 1 ChangeASCIIInt-
#321073	NEW    cov: 49 ft: 392 corp: 136/3322b lim: 2719 exec/s: 0 rss: 35Mb L: 28/34 MS: 2 ChangeBit-ChangeBit-
#321170	NEW    cov: 49 ft: 393 corp: 137/3350b lim: 2719 exec/s: 0 rss: 35Mb L: 28/34 MS: 2 CrossOver-CopyPart-
#326549	REDUCE cov: 49 ft: 393 corp: 137/3346b lim: 2763 exec/s: 0 rss: 35Mb L: 24/34 MS: 4 ChangeASCIIInt-InsertByte-EraseBytes-PersAutoDict- DE: "\377\377"-
#335622	REDUCE cov: 49 ft: 393 corp: 137/3344b lim: 2851 exec/s: 0 rss: 35Mb L: 26/34 MS: 3 PersAutoDict-EraseBytes-InsertByte- DE: "\011\000\000\000\000\000\000\000"-
#341058	NEW    cov: 49 ft: 396 corp: 138/3372b lim: 2895 exec/s: 0 rss: 35Mb L: 28/34 MS: 1 CrossOver-
#344665	REDUCE cov: 49 ft: 396 corp: 138/3366b lim: 2928 exec/s: 0 rss: 36Mb L: 22/34 MS: 2 CMP-EraseBytes- DE: "\377\377\377/"-
#362192	REDUCE cov: 49 ft: 397 corp: 139/3386b lim: 3093 exec/s: 0 rss: 36Mb L: 20/34 MS: 2 ChangeByte-ChangeBinInt-
#362548	NEW    cov: 49 ft: 398 corp: 140/3401b lim: 3093 exec/s: 0 rss: 36Mb L: 15/34 MS: 1 CrossOver-
#374378	REDUCE cov: 49 ft: 398 corp: 140/3399b lim: 3203 exec/s: 0 rss: 36Mb L: 26/34 MS: 5 ChangeByte-ChangeBit-ShuffleBytes-ChangeASCIIInt-EraseBytes-
#393819	REDUCE cov: 49 ft: 398 corp: 140/3397b lim: 3390 exec/s: 393819 rss: 36Mb L: 18/34 MS: 3 ChangeBinInt-CopyPart-EraseBytes-
#403005	NEW    cov: 49 ft: 401 corp: 141/3425b lim: 3478 exec/s: 403005 rss: 36Mb L: 28/34 MS: 1 CopyPart-
#407471	NEW    cov: 49 ft: 402 corp: 142/3453b lim: 3522 exec/s: 407471 rss: 36Mb L: 28/34 MS: 1 ChangeBit-
#412368	REDUCE cov: 49 ft: 402 corp: 142/3451b lim: 3566 exec/s: 412368 rss: 36Mb L: 26/34 MS: 2 PersAutoDict-EraseBytes- DE: "\377\377\3778"-
#422201	NEW    cov: 49 ft: 404 corp: 143/3479b lim: 3654 exec/s: 422201 rss: 36Mb L: 28/34 MS: 3 ChangeBit-ShuffleBytes-CrossOver-
#423052	NEW    cov: 49 ft: 405 corp: 144/3507b lim: 3654 exec/s: 423052 rss: 36Mb L: 28/34 MS: 1 ChangeBit-
#428668	NEW    cov: 49 ft: 406 corp: 145/3535b lim: 3709 exec/s: 428668 rss: 36Mb L: 28/34 MS: 1 ChangeBit-
#431887	REDUCE cov: 49 ft: 406 corp: 145/3533b lim: 3731 exec/s: 431887 rss: 36Mb L: 26/34 MS: 4 EraseBytes-CMP-ChangeASCIIInt-InsertByte- DE: "\3774"-
#432268	NEW    cov: 49 ft: 407 corp: 146/3561b lim: 3731 exec/s: 432268 rss: 36Mb L: 28/34 MS: 1 ChangeBit-
#436726	REDUCE cov: 49 ft: 407 corp: 146/3557b lim: 3775 exec/s: 436726 rss: 36Mb L: 19/34 MS: 3 ChangeByte-ChangeBinInt-EraseBytes-
#445858	REDUCE cov: 49 ft: 407 corp: 146/3555b lim: 3863 exec/s: 445858 rss: 36Mb L: 24/34 MS: 2 ChangeBit-EraseBytes-
#447893	REDUCE cov: 49 ft: 407 corp: 146/3553b lim: 3874 exec/s: 447893 rss: 36Mb L: 20/34 MS: 5 CopyPart-ChangeBinInt-ChangeByte-EraseBytes-InsertByte-
#450324	NEW    cov: 49 ft: 408 corp: 147/3581b lim: 3896 exec/s: 450324 rss: 36Mb L: 28/34 MS: 1 ChangeBit-
#451543	REDUCE cov: 49 ft: 408 corp: 147/3575b lim: 3907 exec/s: 451543 rss: 36Mb L: 20/34 MS: 4 ChangeBit-EraseBytes-ChangeByte-EraseBytes-
#471678	REDUCE cov: 49 ft: 408 corp: 147/3573b lim: 4096 exec/s: 471678 rss: 36Mb L: 20/34 MS: 5 ChangeBit-CrossOver-EraseBytes-InsertByte-EraseBytes-
#473541	REDUCE cov: 49 ft: 408 corp: 147/3571b lim: 4096 exec/s: 473541 rss: 36Mb L: 26/34 MS: 3 ChangeASCIIInt-PersAutoDict-EraseBytes- DE: "\3774"-
#475443	REDUCE cov: 49 ft: 408 corp: 147/3569b lim: 4096 exec/s: 475443 rss: 36Mb L: 22/34 MS: 2 InsertByte-EraseBytes-
#477495	REDUCE cov: 49 ft: 408 corp: 147/3567b lim: 4096 exec/s: 477495 rss: 36Mb L: 26/34 MS: 2 ChangeBinInt-EraseBytes-
#519773	REDUCE cov: 49 ft: 408 corp: 147/3565b lim: 4096 exec/s: 519773 rss: 36Mb L: 17/34 MS: 3 ChangeByte-InsertByte-EraseBytes-
#521256	REDUCE cov: 49 ft: 408 corp: 147/3557b lim: 4096 exec/s: 521256 rss: 36Mb L: 20/34 MS: 3 InsertByte-EraseBytes-PersAutoDict- DE: "\377\377\377\377"-
#522887	NEW    cov: 49 ft: 409 corp: 148/3585b lim: 4096 exec/s: 522887 rss: 36Mb L: 28/34 MS: 1 CrossOver-
#526641	REDUCE cov: 49 ft: 409 corp: 148/3583b lim: 4096 exec/s: 526641 rss: 36Mb L: 24/34 MS: 4 ChangeBinInt-ChangeByte-ShuffleBytes-EraseBytes-
#535939	REDUCE cov: 49 ft: 409 corp: 148/3581b lim: 4096 exec/s: 535939 rss: 36Mb L: 26/34 MS: 3 EraseBytes-ChangeASCIIInt-ChangeByte-
#542478	REDUCE cov: 49 ft: 409 corp: 148/3579b lim: 4096 exec/s: 542478 rss: 36Mb L: 24/34 MS: 4 InsertByte-CopyPart-ChangeASCIIInt-EraseBytes-
#542586	REDUCE cov: 49 ft: 409 corp: 148/3577b lim: 4096 exec/s: 542586 rss: 36Mb L: 18/34 MS: 3 InsertByte-ChangeASCIIInt-EraseBytes-
#569170	REDUCE cov: 49 ft: 409 corp: 148/3575b lim: 4096 exec/s: 569170 rss: 36Mb L: 20/34 MS: 4 CMP-CMP-CopyPart-EraseBytes- DE: "\377\377"-"\0000"-
#575863	REDUCE cov: 49 ft: 409 corp: 148/3573b lim: 4096 exec/s: 575863 rss: 36Mb L: 26/34 MS: 3 EraseBytes-ChangeASCIIInt-InsertByte-
#581071	REDUCE cov: 49 ft: 409 corp: 148/3571b lim: 4096 exec/s: 581071 rss: 36Mb L: 26/34 MS: 3 ChangeByte-InsertByte-EraseBytes-
#613298	REDUCE cov: 49 ft: 409 corp: 148/3569b lim: 4096 exec/s: 613298 rss: 36Mb L: 26/34 MS: 2 InsertByte-EraseBytes-
#618582	REDUCE cov: 49 ft: 409 corp: 148/3565b lim: 4096 exec/s: 618582 rss: 36Mb L: 24/34 MS: 4 CrossOver-PersAutoDict-ChangeBinInt-EraseBytes- DE: "\377\377\377\377"-
#623045	REDUCE cov: 49 ft: 409 corp: 148/3563b lim: 4096 exec/s: 623045 rss: 36Mb L: 20/34 MS: 3 ChangeBit-ChangeBinInt-EraseBytes-
#628482	REDUCE cov: 49 ft: 409 corp: 148/3561b lim: 4096 exec/s: 628482 rss: 36Mb L: 27/34 MS: 2 EraseBytes-InsertByte-
#630810	REDUCE cov: 49 ft: 409 corp: 148/3559b lim: 4096 exec/s: 630810 rss: 36Mb L: 22/34 MS: 3 EraseBytes-ChangeByte-EraseBytes-
#633134	REDUCE cov: 49 ft: 409 corp: 148/3558b lim: 4096 exec/s: 633134 rss: 36Mb L: 18/34 MS: 4 CrossOver-EraseBytes-ChangeBinInt-InsertByte-
#643643	REDUCE cov: 49 ft: 409 corp: 148/3556b lim: 4096 exec/s: 643643 rss: 36Mb L: 18/34 MS: 4 ChangeBinInt-ChangeBinInt-ChangeByte-EraseBytes-
#645721	REDUCE cov: 49 ft: 409 corp: 148/3555b lim: 4096 exec/s: 645721 rss: 36Mb L: 16/34 MS: 3 ChangeBit-PersAutoDict-EraseBytes- DE: "\377\377"-
#682694	REDUCE cov: 49 ft: 409 corp: 148/3553b lim: 4096 exec/s: 682694 rss: 36Mb L: 26/34 MS: 3 CopyPart-EraseBytes-ChangeByte-
#691508	REDUCE cov: 49 ft: 409 corp: 148/3551b lim: 4096 exec/s: 691508 rss: 36Mb L: 26/34 MS: 4 ShuffleBytes-InsertByte-ChangeByte-EraseBytes-
#719528	REDUCE cov: 49 ft: 409 corp: 148/3549b lim: 4096 exec/s: 719528 rss: 36Mb L: 22/34 MS: 5 ChangeByte-CMP-CrossOver-ChangeByte-EraseBytes- DE: "\000\000\000\000\000\000\000\034"-
#722660	REDUCE cov: 49 ft: 409 corp: 148/3547b lim: 4096 exec/s: 722660 rss: 36Mb L: 26/34 MS: 2 EraseBytes-ChangeBinInt-
#734087	REDUCE cov: 49 ft: 409 corp: 148/3546b lim: 4096 exec/s: 734087 rss: 36Mb L: 26/34 MS: 2 ShuffleBytes-EraseBytes-
#742389	REDUCE cov: 49 ft: 409 corp: 148/3544b lim: 4096 exec/s: 742389 rss: 36Mb L: 20/34 MS: 2 EraseBytes-InsertByte-
#774027	REDUCE cov: 49 ft: 409 corp: 148/3542b lim: 4096 exec/s: 774027 rss: 36Mb L: 18/34 MS: 3 EraseBytes-ShuffleBytes-CMP- DE: "\377\377"-
#776130	REDUCE cov: 49 ft: 409 corp: 148/3540b lim: 4096 exec/s: 776130 rss: 36Mb L: 16/34 MS: 3 EraseBytes-PersAutoDict-ChangeBit- DE: "\001\000\000\000"-
#778697	NEW    cov: 49 ft: 411 corp: 149/3568b lim: 4096 exec/s: 778697 rss: 36Mb L: 28/34 MS: 2 ChangeBit-ShuffleBytes-
#781401	REDUCE cov: 49 ft: 411 corp: 149/3566b lim: 4096 exec/s: 781401 rss: 36Mb L: 24/34 MS: 4 InsertByte-PersAutoDict-EraseBytes-PersAutoDict- DE: "b\000"-"\3774"-
#785509	REDUCE cov: 49 ft: 411 corp: 149/3564b lim: 4096 exec/s: 785509 rss: 36Mb L: 16/34 MS: 3 ChangeBinInt-CopyPart-EraseBytes-
#787356	REDUCE cov: 49 ft: 411 corp: 149/3563b lim: 4096 exec/s: 787356 rss: 36Mb L: 15/34 MS: 2 InsertByte-EraseBytes-
#826068	REDUCE cov: 49 ft: 411 corp: 149/3559b lim: 4096 exec/s: 413034 rss: 36Mb L: 20/34 MS: 2 EraseBytes-CrossOver-
#862517	REDUCE cov: 49 ft: 411 corp: 149/3557b lim: 4096 exec/s: 431258 rss: 36Mb L: 16/34 MS: 4 ChangeBinInt-PersAutoDict-ChangeASCIIInt-EraseBytes- DE: "\377\377\3778"-
#869376	REDUCE cov: 49 ft: 411 corp: 149/3555b lim: 4096 exec/s: 434688 rss: 36Mb L: 24/34 MS: 4 InsertByte-ChangeByte-InsertByte-EraseBytes-
#872668	REDUCE cov: 49 ft: 411 corp: 149/3553b lim: 4096 exec/s: 436334 rss: 36Mb L: 22/34 MS: 2 PersAutoDict-EraseBytes- DE: "\3774"-
#878178	REDUCE cov: 49 ft: 411 corp: 149/3551b lim: 4096 exec/s: 439089 rss: 36Mb L: 16/34 MS: 5 ChangeBit-PersAutoDict-ChangeByte-InsertByte-EraseBytes- DE: "\377\377\377/"-
#885064	NEW    cov: 49 ft: 412 corp: 150/3579b lim: 4096 exec/s: 442532 rss: 36Mb L: 28/34 MS: 1 ChangeASCIIInt-
#906678	REDUCE cov: 49 ft: 412 corp: 150/3575b lim: 4096 exec/s: 453339 rss: 36Mb L: 20/34 MS: 4 EraseBytes-CopyPart-ChangeByte-ChangeBinInt-
#908395	REDUCE cov: 49 ft: 412 corp: 150/3573b lim: 4096 exec/s: 454197 rss: 36Mb L: 24/34 MS: 2 EraseBytes-PersAutoDict- DE: "\3774"-
#909094	REDUCE cov: 49 ft: 412 corp: 150/3571b lim: 4096 exec/s: 454547 rss: 36Mb L: 16/34 MS: 4 ChangeBit-ChangeASCIIInt-ChangeByte-EraseBytes-
#909578	REDUCE cov: 49 ft: 412 corp: 150/3569b lim: 4096 exec/s: 454789 rss: 36Mb L: 26/34 MS: 4 ChangeBinInt-ShuffleBytes-EraseBytes-InsertByte-
#918160	REDUCE cov: 49 ft: 412 corp: 150/3567b lim: 4096 exec/s: 459080 rss: 36Mb L: 22/34 MS: 2 ChangeBinInt-EraseBytes-
#993564	REDUCE cov: 49 ft: 412 corp: 150/3565b lim: 4096 exec/s: 496782 rss: 36Mb L: 18/34 MS: 4 PersAutoDict-PersAutoDict-EraseBytes-EraseBytes- DE: "\011\000\000\000\000\000\000\000"-"\377\377\377/"-
#1003472	REDUCE cov: 49 ft: 412 corp: 150/3563b lim: 4096 exec/s: 501736 rss: 36Mb L: 26/34 MS: 3 InsertByte-ChangeBit-EraseBytes-
#1008964	REDUCE cov: 49 ft: 412 corp: 150/3561b lim: 4096 exec/s: 504482 rss: 36Mb L: 26/34 MS: 2 PersAutoDict-EraseBytes- DE: "\377\377\3778"-
#1009698	NEW    cov: 49 ft: 413 corp: 151/3589b lim: 4096 exec/s: 504849 rss: 36Mb L: 28/34 MS: 4 ChangeByte-ChangeASCIIInt-CrossOver-ChangeASCIIInt-
#1025550	REDUCE cov: 49 ft: 413 corp: 151/3587b lim: 4096 exec/s: 512775 rss: 36Mb L: 24/34 MS: 2 EraseBytes-InsertByte-
#1043587	REDUCE cov: 49 ft: 413 corp: 151/3585b lim: 4096 exec/s: 521793 rss: 36Mb L: 24/34 MS: 2 InsertByte-EraseBytes-
#1046807	REDUCE cov: 49 ft: 413 corp: 151/3581b lim: 4096 exec/s: 523403 rss: 36Mb L: 20/34 MS: 5 CrossOver-ChangeASCIIInt-ChangeBinInt-InsertByte-EraseBytes-
#1074780	REDUCE cov: 49 ft: 413 corp: 151/3579b lim: 4096 exec/s: 537390 rss: 36Mb L: 17/34 MS: 3 PersAutoDict-EraseBytes-PersAutoDict- DE: "\0000"-"\377\377\377\377"-
#1096901	NEW    cov: 49 ft: 415 corp: 152/3607b lim: 4096 exec/s: 548450 rss: 36Mb L: 28/34 MS: 1 ChangeBit-
#1110343	REDUCE cov: 49 ft: 415 corp: 152/3605b lim: 4096 exec/s: 555171 rss: 36Mb L: 20/34 MS: 2 InsertByte-EraseBytes-
#1135226	REDUCE cov: 49 ft: 415 corp: 152/3600b lim: 4096 exec/s: 567613 rss: 36Mb L: 23/34 MS: 3 PersAutoDict-ChangeBit-EraseBytes- DE: "\377\377\377\377\377\377\377 "-
#1136493	REDUCE cov: 49 ft: 415 corp: 152/3598b lim: 4096 exec/s: 568246 rss: 36Mb L: 22/34 MS: 2 EraseBytes-ChangeBinInt-
#1137044	NEW    cov: 49 ft: 416 corp: 153/3626b lim: 4096 exec/s: 568522 rss: 36Mb L: 28/34 MS: 1 ChangeBit-
#1142457	REDUCE cov: 49 ft: 416 corp: 153/3624b lim: 4096 exec/s: 571228 rss: 36Mb L: 22/34 MS: 3 ChangeBit-EraseBytes-ChangeBinInt-
#1174619	REDUCE cov: 49 ft: 416 corp: 153/3622b lim: 4096 exec/s: 587309 rss: 36Mb L: 26/34 MS: 2 EraseBytes-CMP- DE: "\377`"-
#1209122	REDUCE cov: 49 ft: 416 corp: 153/3620b lim: 4096 exec/s: 604561 rss: 36Mb L: 16/34 MS: 3 EraseBytes-ShuffleBytes-PersAutoDict- DE: "\3774"-
#1214825	REDUCE cov: 49 ft: 416 corp: 153/3618b lim: 4096 exec/s: 607412 rss: 36Mb L: 16/34 MS: 3 EraseBytes-ChangeByte-CopyPart-
#1251099	REDUCE cov: 49 ft: 416 corp: 153/3617b lim: 4096 exec/s: 417033 rss: 36Mb L: 15/34 MS: 4 ShuffleBytes-ChangeBit-EraseBytes-InsertByte-
#1303517	REDUCE cov: 49 ft: 416 corp: 153/3615b lim: 4096 exec/s: 434505 rss: 36Mb L: 18/34 MS: 3 EraseBytes-ChangeByte-ChangeBit-
#1324895	REDUCE cov: 49 ft: 416 corp: 153/3613b lim: 4096 exec/s: 441631 rss: 36Mb L: 18/34 MS: 3 ChangeBinInt-ChangeBinInt-EraseBytes-
#1331640	REDUCE cov: 49 ft: 416 corp: 153/3611b lim: 4096 exec/s: 443880 rss: 36Mb L: 20/34 MS: 5 ShuffleBytes-InsertByte-ChangeBinInt-EraseBytes-ChangeByte-
#1362017	REDUCE cov: 49 ft: 416 corp: 153/3609b lim: 4096 exec/s: 454005 rss: 36Mb L: 16/34 MS: 2 InsertByte-EraseBytes-
#1379496	REDUCE cov: 49 ft: 416 corp: 153/3605b lim: 4096 exec/s: 459832 rss: 36Mb L: 22/34 MS: 4 EraseBytes-PersAutoDict-ChangeBit-InsertByte- DE: "\377\377\377/"-
#1406954	REDUCE cov: 49 ft: 416 corp: 153/3603b lim: 4096 exec/s: 468984 rss: 36Mb L: 15/34 MS: 3 EraseBytes-InsertByte-CopyPart-
#1410244	REDUCE cov: 49 ft: 416 corp: 153/3601b lim: 4096 exec/s: 470081 rss: 36Mb L: 26/34 MS: 5 ChangeByte-ChangeByte-PersAutoDict-EraseBytes-ChangeBinInt- DE: "\377\377\377/"-
#1441817	REDUCE cov: 49 ft: 416 corp: 153/3599b lim: 4096 exec/s: 480605 rss: 36Mb L: 24/34 MS: 3 EraseBytes-PersAutoDict-PersAutoDict- DE: "0\000"-"\377`"-
#1448071	REDUCE cov: 49 ft: 416 corp: 153/3597b lim: 4096 exec/s: 482690 rss: 36Mb L: 15/34 MS: 4 InsertByte-EraseBytes-EraseBytes-ChangeBit-
#1477204	REDUCE cov: 49 ft: 416 corp: 153/3595b lim: 4096 exec/s: 492401 rss: 36Mb L: 24/34 MS: 3 EraseBytes-ShuffleBytes-ChangeBinInt-
#1484445	REDUCE cov: 49 ft: 417 corp: 154/3617b lim: 4096 exec/s: 494815 rss: 36Mb L: 22/34 MS: 1 CrossOver-
#1484676	REDUCE cov: 49 ft: 417 corp: 154/3613b lim: 4096 exec/s: 494892 rss: 36Mb L: 18/34 MS: 1 EraseBytes-
#1484812	REDUCE cov: 49 ft: 417 corp: 154/3610b lim: 4096 exec/s: 494937 rss: 36Mb L: 15/34 MS: 1 EraseBytes-
#1495647	REDUCE cov: 49 ft: 419 corp: 155/3642b lim: 4096 exec/s: 498549 rss: 36Mb L: 32/34 MS: 5 CopyPart-ChangeBit-ChangeByte-ChangeBinInt-CrossOver-
#1498887	REDUCE cov: 49 ft: 419 corp: 155/3634b lim: 4096 exec/s: 499629 rss: 36Mb L: 24/34 MS: 5 PersAutoDict-ChangeBinInt-CopyPart-ChangeBinInt-EraseBytes- DE: "\377\377\377\377"-
#1503565	REDUCE cov: 49 ft: 419 corp: 155/3632b lim: 4096 exec/s: 501188 rss: 36Mb L: 22/34 MS: 3 ChangeBinInt-CopyPart-EraseBytes-
#1536822	NEW    cov: 49 ft: 420 corp: 156/3660b lim: 4096 exec/s: 512274 rss: 36Mb L: 28/34 MS: 2 CopyPart-CopyPart-
#1540402	REDUCE cov: 49 ft: 420 corp: 156/3658b lim: 4096 exec/s: 513467 rss: 36Mb L: 18/34 MS: 5 CopyPart-ChangeASCIIInt-ChangeBit-PersAutoDict-EraseBytes- DE: "\377\377"-
#1541694	REDUCE cov: 49 ft: 420 corp: 156/3653b lim: 4096 exec/s: 513898 rss: 36Mb L: 17/34 MS: 2 PersAutoDict-EraseBytes- DE: "\377\377\377\377\377\377\377 "-
#1562186	REDUCE cov: 49 ft: 420 corp: 156/3652b lim: 4096 exec/s: 520728 rss: 36Mb L: 22/34 MS: 2 ChangeBit-EraseBytes-
#1568324	REDUCE cov: 49 ft: 420 corp: 156/3650b lim: 4096 exec/s: 522774 rss: 36Mb L: 18/34 MS: 3 ChangeByte-EraseBytes-ChangeByte-
#1616086	REDUCE cov: 49 ft: 420 corp: 156/3648b lim: 4096 exec/s: 538695 rss: 36Mb L: 22/34 MS: 2 EraseBytes-InsertByte-
#1620578	REDUCE cov: 49 ft: 420 corp: 156/3644b lim: 4096 exec/s: 540192 rss: 36Mb L: 24/34 MS: 2 ChangeBinInt-EraseBytes-
#1650596	REDUCE cov: 49 ft: 420 corp: 156/3642b lim: 4096 exec/s: 550198 rss: 36Mb L: 26/34 MS: 3 EraseBytes-InsertByte-ChangeByte-
#1655844	REDUCE cov: 49 ft: 420 corp: 156/3640b lim: 4096 exec/s: 551948 rss: 36Mb L: 15/34 MS: 3 ShuffleBytes-EraseBytes-ChangeBit-
#1682461	REDUCE cov: 49 ft: 420 corp: 156/3638b lim: 4096 exec/s: 560820 rss: 36Mb L: 24/34 MS: 2 EraseBytes-ChangeBinInt-
#1688343	REDUCE cov: 49 ft: 420 corp: 156/3636b lim: 4096 exec/s: 422085 rss: 36Mb L: 22/34 MS: 2 EraseBytes-ChangeByte-
#1730495	REDUCE cov: 49 ft: 420 corp: 156/3634b lim: 4096 exec/s: 432623 rss: 36Mb L: 24/34 MS: 2 EraseBytes-InsertByte-
#1783372	REDUCE cov: 49 ft: 420 corp: 156/3632b lim: 4096 exec/s: 445843 rss: 36Mb L: 26/34 MS: 2 CrossOver-EraseBytes-
#1792169	REDUCE cov: 49 ft: 420 corp: 156/3630b lim: 4096 exec/s: 448042 rss: 36Mb L: 22/34 MS: 2 ChangeBit-EraseBytes-
#1795464	REDUCE cov: 49 ft: 420 corp: 156/3628b lim: 4096 exec/s: 448866 rss: 36Mb L: 22/34 MS: 5 CopyPart-CopyPart-ChangeASCIIInt-InsertByte-EraseBytes-
#1879699	REDUCE cov: 49 ft: 420 corp: 156/3626b lim: 4096 exec/s: 469924 rss: 36Mb L: 18/34 MS: 5 ChangeASCIIInt-ChangeBit-EraseBytes-ShuffleBytes-InsertByte-
#1884909	REDUCE cov: 49 ft: 420 corp: 156/3624b lim: 4096 exec/s: 471227 rss: 36Mb L: 20/34 MS: 5 ChangeASCIIInt-InsertByte-ChangeASCIIInt-EraseBytes-PersAutoDict- DE: "\377\377\377/"-
#1898358	REDUCE cov: 49 ft: 420 corp: 156/3620b lim: 4096 exec/s: 474589 rss: 36Mb L: 24/34 MS: 4 CopyPart-ChangeBinInt-ChangeBit-EraseBytes-
#1901125	REDUCE cov: 49 ft: 420 corp: 156/3618b lim: 4096 exec/s: 475281 rss: 36Mb L: 22/34 MS: 2 EraseBytes-InsertByte-
#1902798	REDUCE cov: 49 ft: 420 corp: 156/3616b lim: 4096 exec/s: 475699 rss: 36Mb L: 24/34 MS: 3 CopyPart-EraseBytes-ChangeBinInt-
#1933133	REDUCE cov: 49 ft: 420 corp: 156/3612b lim: 4096 exec/s: 483283 rss: 36Mb L: 22/34 MS: 5 CrossOver-EraseBytes-ChangeByte-CopyPart-ChangeBit-
#1991341	REDUCE cov: 49 ft: 420 corp: 156/3610b lim: 4096 exec/s: 497835 rss: 36Mb L: 24/34 MS: 3 EraseBytes-ShuffleBytes-ChangeBit-
#2011735	REDUCE cov: 49 ft: 420 corp: 156/3608b lim: 4096 exec/s: 502933 rss: 36Mb L: 18/34 MS: 4 ChangeASCIIInt-CopyPart-EraseBytes-PersAutoDict- DE: "\377`"-
#2050434	REDUCE cov: 49 ft: 420 corp: 156/3606b lim: 4096 exec/s: 512608 rss: 36Mb L: 26/34 MS: 4 CrossOver-EraseBytes-ShuffleBytes-ChangeByte-
#2139277	REDUCE cov: 49 ft: 420 corp: 156/3604b lim: 4096 exec/s: 427855 rss: 36Mb L: 26/34 MS: 3 PersAutoDict-ChangeBinInt-EraseBytes- DE: "\377`"-
#2282749	REDUCE cov: 49 ft: 420 corp: 156/3602b lim: 4096 exec/s: 456549 rss: 36Mb L: 26/34 MS: 2 EraseBytes-ChangeBit-
#2289358	REDUCE cov: 49 ft: 420 corp: 156/3600b lim: 4096 exec/s: 457871 rss: 36Mb L: 24/34 MS: 4 PersAutoDict-ChangeByte-ChangeASCIIInt-EraseBytes- DE: "6\000\000\000"-
#2322977	REDUCE cov: 49 ft: 420 corp: 156/3598b lim: 4096 exec/s: 464595 rss: 36Mb L: 18/34 MS: 4 ChangeASCIIInt-EraseBytes-CopyPart-InsertByte-
#2368764	REDUCE cov: 49 ft: 420 corp: 156/3596b lim: 4096 exec/s: 473752 rss: 36Mb L: 24/34 MS: 2 PersAutoDict-EraseBytes- DE: "\3774"-
#2389431	REDUCE cov: 49 ft: 421 corp: 157/3611b lim: 4096 exec/s: 477886 rss: 36Mb L: 15/34 MS: 2 ChangeByte-CrossOver-
#2444158	REDUCE cov: 49 ft: 421 corp: 157/3605b lim: 4096 exec/s: 488831 rss: 36Mb L: 20/34 MS: 2 ChangeBinInt-EraseBytes-
#2501357	REDUCE cov: 49 ft: 421 corp: 157/3601b lim: 4096 exec/s: 500271 rss: 36Mb L: 22/34 MS: 4 CrossOver-EraseBytes-CrossOver-EraseBytes-
#2537751	REDUCE cov: 49 ft: 421 corp: 157/3599b lim: 4096 exec/s: 507550 rss: 36Mb L: 22/34 MS: 4 ChangeASCIIInt-ChangeByte-ChangeBit-EraseBytes-
#2605848	REDUCE cov: 49 ft: 421 corp: 157/3597b lim: 4096 exec/s: 434308 rss: 36Mb L: 20/34 MS: 2 EraseBytes-PersAutoDict- DE: "\377`"-
#2618685	REDUCE cov: 49 ft: 421 corp: 157/3595b lim: 4096 exec/s: 436447 rss: 36Mb L: 16/34 MS: 2 EraseBytes-ChangeBinInt-
#2653539	REDUCE cov: 49 ft: 421 corp: 157/3593b lim: 4096 exec/s: 442256 rss: 36Mb L: 24/34 MS: 4 InsertByte-CrossOver-CrossOver-EraseBytes-
#2654776	REDUCE cov: 49 ft: 421 corp: 157/3591b lim: 4096 exec/s: 442462 rss: 36Mb L: 22/34 MS: 2 InsertByte-EraseBytes-
#2671330	REDUCE cov: 49 ft: 421 corp: 157/3590b lim: 4096 exec/s: 445221 rss: 36Mb L: 15/34 MS: 4 CrossOver-ChangeASCIIInt-PersAutoDict-EraseBytes- DE: "\377\377\377\377\377\377\377 "-
#2679682	REDUCE cov: 49 ft: 421 corp: 157/3588b lim: 4096 exec/s: 446613 rss: 36Mb L: 26/34 MS: 2 CMP-EraseBytes- DE: "\377E"-
#2683694	REDUCE cov: 49 ft: 421 corp: 157/3584b lim: 4096 exec/s: 447282 rss: 36Mb L: 20/34 MS: 2 ChangeBinInt-EraseBytes-
#2685606	REDUCE cov: 49 ft: 421 corp: 157/3582b lim: 4096 exec/s: 447601 rss: 36Mb L: 24/34 MS: 2 EraseBytes-ChangeBinInt-
#2721949	REDUCE cov: 49 ft: 421 corp: 157/3578b lim: 4096 exec/s: 453658 rss: 36Mb L: 20/34 MS: 3 PersAutoDict-CMP-EraseBytes- DE: "\377\377\377\377"-"\001\000\000\000\000\000\000\034"-
#2729371	REDUCE cov: 49 ft: 421 corp: 157/3574b lim: 4096 exec/s: 454895 rss: 36Mb L: 20/34 MS: 2 PersAutoDict-EraseBytes- DE: "\377\377\3778"-
#2730514	REDUCE cov: 49 ft: 421 corp: 157/3572b lim: 4096 exec/s: 455085 rss: 36Mb L: 22/34 MS: 3 EraseBytes-ChangeByte-ChangeByte-
#2794166	REDUCE cov: 49 ft: 421 corp: 157/3570b lim: 4096 exec/s: 465694 rss: 36Mb L: 22/34 MS: 2 PersAutoDict-EraseBytes- DE: "\377\377\3778"-
#2843723	REDUCE cov: 49 ft: 421 corp: 157/3568b lim: 4096 exec/s: 473953 rss: 36Mb L: 22/34 MS: 2 InsertRepeatedBytes-EraseBytes-
#2852187	REDUCE cov: 49 ft: 421 corp: 157/3566b lim: 4096 exec/s: 475364 rss: 36Mb L: 20/34 MS: 4 ChangeASCIIInt-ChangeASCIIInt-CMP-EraseBytes- DE: "\377@"-
#2873669	REDUCE cov: 49 ft: 421 corp: 157/3562b lim: 4096 exec/s: 478944 rss: 36Mb L: 18/34 MS: 2 EraseBytes-PersAutoDict- DE: "\377\377\377\377"-
#2922666	REDUCE cov: 49 ft: 421 corp: 157/3560b lim: 4096 exec/s: 487111 rss: 36Mb L: 22/34 MS: 2 ChangeBinInt-EraseBytes-
#2952179	REDUCE cov: 49 ft: 421 corp: 157/3558b lim: 4096 exec/s: 492029 rss: 36Mb L: 24/34 MS: 3 ChangeASCIIInt-PersAutoDict-EraseBytes- DE: "\3774"-
#3025891	REDUCE cov: 49 ft: 421 corp: 157/3556b lim: 4096 exec/s: 432270 rss: 36Mb L: 24/34 MS: 2 PersAutoDict-EraseBytes- DE: "\3774"-
#3071108	REDUCE cov: 49 ft: 421 corp: 157/3554b lim: 4096 exec/s: 438729 rss: 36Mb L: 22/34 MS: 2 EraseBytes-ChangeBinInt-
#3092432	REDUCE cov: 49 ft: 421 corp: 157/3552b lim: 4096 exec/s: 441776 rss: 36Mb L: 22/34 MS: 4 ChangeASCIIInt-ChangeBinInt-ChangeByte-EraseBytes-
#3124992	REDUCE cov: 49 ft: 421 corp: 157/3550b lim: 4096 exec/s: 446427 rss: 36Mb L: 22/34 MS: 5 ChangeASCIIInt-ShuffleBytes-EraseBytes-ChangeASCIIInt-ChangeByte-
#3153577	REDUCE cov: 49 ft: 421 corp: 157/3548b lim: 4096 exec/s: 450511 rss: 36Mb L: 24/34 MS: 5 ChangeBit-InsertByte-ChangeASCIIInt-InsertByte-EraseBytes-
#3163532	REDUCE cov: 49 ft: 421 corp: 157/3546b lim: 4096 exec/s: 451933 rss: 36Mb L: 26/34 MS: 5 CrossOver-ChangeASCIIInt-PersAutoDict-ShuffleBytes-EraseBytes- DE: "\377@"-
#3182495	REDUCE cov: 49 ft: 421 corp: 157/3544b lim: 4096 exec/s: 454642 rss: 36Mb L: 20/34 MS: 3 EraseBytes-ChangeBinInt-CrossOver-
#3209564	REDUCE cov: 49 ft: 421 corp: 157/3542b lim: 4096 exec/s: 458509 rss: 36Mb L: 22/34 MS: 4 ChangeBinInt-CopyPart-CopyPart-EraseBytes-
#3241771	REDUCE cov: 49 ft: 421 corp: 157/3540b lim: 4096 exec/s: 463110 rss: 36Mb L: 22/34 MS: 2 EraseBytes-ChangeBinInt-
#3248903	REDUCE cov: 49 ft: 421 corp: 157/3538b lim: 4096 exec/s: 464129 rss: 36Mb L: 22/34 MS: 2 ChangeByte-EraseBytes-
#3332840	REDUCE cov: 49 ft: 421 corp: 157/3536b lim: 4096 exec/s: 476120 rss: 36Mb L: 20/34 MS: 2 ChangeBinInt-EraseBytes-
#3536014	REDUCE cov: 49 ft: 421 corp: 157/3535b lim: 4096 exec/s: 442001 rss: 36Mb L: 23/34 MS: 4 ShuffleBytes-PersAutoDict-ChangeASCIIInt-EraseBytes- DE: "\377\377\377\377\377\377\377 "-
#3656451	REDUCE cov: 49 ft: 421 corp: 157/3533b lim: 4096 exec/s: 457056 rss: 36Mb L: 16/34 MS: 2 EraseBytes-ChangeBinInt-
#3667795	REDUCE cov: 49 ft: 421 corp: 157/3531b lim: 4096 exec/s: 458474 rss: 36Mb L: 24/34 MS: 4 ShuffleBytes-EraseBytes-EraseBytes-PersAutoDict- DE: "\377E"-
#3668848	REDUCE cov: 49 ft: 421 corp: 157/3529b lim: 4096 exec/s: 458606 rss: 36Mb L: 20/34 MS: 3 ChangeASCIIInt-EraseBytes-ChangeBinInt-
#3759186	REDUCE cov: 49 ft: 421 corp: 157/3527b lim: 4096 exec/s: 469898 rss: 36Mb L: 20/34 MS: 3 EraseBytes-PersAutoDict-EraseBytes- DE: "\377\377\377/"-
#3973252	NEW    cov: 49 ft: 422 corp: 158/3559b lim: 4096 exec/s: 441472 rss: 36Mb L: 32/34 MS: 1 InsertRepeatedBytes-
#3990104	REDUCE cov: 49 ft: 422 corp: 158/3557b lim: 4096 exec/s: 443344 rss: 36Mb L: 20/34 MS: 2 EraseBytes-InsertByte-
#4007966	REDUCE cov: 49 ft: 422 corp: 158/3555b lim: 4096 exec/s: 445329 rss: 36Mb L: 22/34 MS: 2 EraseBytes-InsertByte-
#4030548	REDUCE cov: 49 ft: 422 corp: 158/3553b lim: 4096 exec/s: 447838 rss: 36Mb L: 20/34 MS: 2 ChangeByte-EraseBytes-
#4130582	REDUCE cov: 49 ft: 422 corp: 158/3551b lim: 4096 exec/s: 458953 rss: 36Mb L: 20/34 MS: 4 EraseBytes-CopyPart-InsertByte-PersAutoDict- DE: "\377\377\377\377"-
#4136397	REDUCE cov: 49 ft: 422 corp: 158/3550b lim: 4096 exec/s: 459599 rss: 36Mb L: 22/34 MS: 5 ChangeBinInt-CrossOver-EraseBytes-InsertByte-InsertByte-
#4167856	REDUCE cov: 49 ft: 422 corp: 158/3548b lim: 4096 exec/s: 463095 rss: 36Mb L: 22/34 MS: 4 ChangeBit-InsertRepeatedBytes-CrossOver-EraseBytes-
#4181781	NEW    cov: 49 ft: 423 corp: 159/3576b lim: 4096 exec/s: 464642 rss: 36Mb L: 28/34 MS: 5 ShuffleBytes-CrossOver-ChangeASCIIInt-ChangeASCIIInt-ChangeBit-
#4193952	NEW    cov: 49 ft: 424 corp: 160/3604b lim: 4096 exec/s: 465994 rss: 36Mb L: 28/34 MS: 1 ChangeBit-
#4194304	pulse  cov: 49 ft: 424 corp: 160/3604b lim: 4096 exec/s: 466033 rss: 36Mb
#4623574	REDUCE cov: 49 ft: 424 corp: 160/3602b lim: 4096 exec/s: 462357 rss: 36Mb L: 22/34 MS: 2 EraseBytes-ChangeBinInt-
#4651276	REDUCE cov: 49 ft: 424 corp: 160/3600b lim: 4096 exec/s: 465127 rss: 36Mb L: 20/34 MS: 2 EraseBytes-PersAutoDict- DE: "\377@"-
#4812794	REDUCE cov: 49 ft: 424 corp: 160/3598b lim: 4096 exec/s: 437526 rss: 36Mb L: 20/34 MS: 3 PersAutoDict-InsertByte-EraseBytes- DE: "\000\000\000\000\000\000\000\034"-
#4889069	REDUCE cov: 49 ft: 424 corp: 160/3596b lim: 4096 exec/s: 444460 rss: 36Mb L: 24/34 MS: 5 CopyPart-ChangeByte-ShuffleBytes-CrossOver-EraseBytes-
#5066552	REDUCE cov: 49 ft: 424 corp: 160/3594b lim: 4096 exec/s: 460595 rss: 36Mb L: 16/34 MS: 3 EraseBytes-ShuffleBytes-PersAutoDict- DE: "\377E"-
#5092219	REDUCE cov: 49 ft: 424 corp: 160/3592b lim: 4096 exec/s: 462929 rss: 36Mb L: 20/34 MS: 2 ChangeBit-EraseBytes-
#5149957	REDUCE cov: 49 ft: 424 corp: 160/3590b lim: 4096 exec/s: 468177 rss: 36Mb L: 18/34 MS: 3 ChangeByte-ShuffleBytes-EraseBytes-
#5156670	REDUCE cov: 49 ft: 424 corp: 160/3588b lim: 4096 exec/s: 468788 rss: 36Mb L: 20/34 MS: 3 CrossOver-ChangeBinInt-EraseBytes-
#5300135	REDUCE cov: 49 ft: 424 corp: 160/3586b lim: 4096 exec/s: 441677 rss: 36Mb L: 20/34 MS: 5 EraseBytes-ChangeASCIIInt-ShuffleBytes-ChangeBinInt-ChangeByte-
#5575327	REDUCE cov: 49 ft: 424 corp: 160/3584b lim: 4096 exec/s: 464610 rss: 36Mb L: 24/34 MS: 2 EraseBytes-CrossOver-
#5605042	REDUCE cov: 49 ft: 424 corp: 160/3582b lim: 4096 exec/s: 467086 rss: 36Mb L: 22/34 MS: 5 ShuffleBytes-ChangeBinInt-CopyPart-ChangeByte-EraseBytes-
#5627914	REDUCE cov: 49 ft: 424 corp: 160/3580b lim: 4096 exec/s: 468992 rss: 36Mb L: 18/34 MS: 2 CopyPart-EraseBytes-
#5755566	REDUCE cov: 49 ft: 424 corp: 160/3578b lim: 4096 exec/s: 442735 rss: 36Mb L: 20/34 MS: 2 EraseBytes-ChangeByte-
#5801199	REDUCE cov: 49 ft: 424 corp: 160/3576b lim: 4096 exec/s: 446246 rss: 36Mb L: 22/34 MS: 3 CopyPart-CopyPart-EraseBytes-
#5890310	NEW    cov: 49 ft: 425 corp: 161/3604b lim: 4096 exec/s: 453100 rss: 36Mb L: 28/34 MS: 1 ShuffleBytes-
#6011502	REDUCE cov: 49 ft: 425 corp: 161/3602b lim: 4096 exec/s: 462423 rss: 36Mb L: 20/34 MS: 2 EraseBytes-InsertByte-
#6147790	REDUCE cov: 49 ft: 425 corp: 161/3600b lim: 4096 exec/s: 439127 rss: 36Mb L: 18/34 MS: 3 ChangeByte-EraseBytes-ChangeByte-
#6244167	REDUCE cov: 49 ft: 425 corp: 161/3598b lim: 4096 exec/s: 446011 rss: 36Mb L: 20/34 MS: 2 InsertByte-EraseBytes-
#6428701	REDUCE cov: 49 ft: 425 corp: 161/3593b lim: 4096 exec/s: 459192 rss: 36Mb L: 23/34 MS: 4 EraseBytes-ShuffleBytes-ChangeBit-PersAutoDict- DE: "`\000\000\000"-
#6497259	REDUCE cov: 49 ft: 425 corp: 161/3591b lim: 4096 exec/s: 464089 rss: 36Mb L: 21/34 MS: 3 EraseBytes-ChangeBit-ChangeByte-
#6618822	REDUCE cov: 49 ft: 425 corp: 161/3589b lim: 4096 exec/s: 441254 rss: 36Mb L: 20/34 MS: 3 ShuffleBytes-EraseBytes-PersAutoDict- DE: "\377\377"-
#6703065	REDUCE cov: 49 ft: 425 corp: 161/3587b lim: 4096 exec/s: 446871 rss: 36Mb L: 20/34 MS: 3 ChangeByte-CopyPart-EraseBytes-
#6801792	REDUCE cov: 49 ft: 425 corp: 161/3585b lim: 4096 exec/s: 453452 rss: 36Mb L: 20/34 MS: 2 EraseBytes-CrossOver-
#6825060	REDUCE cov: 49 ft: 425 corp: 161/3583b lim: 4096 exec/s: 455004 rss: 36Mb L: 18/34 MS: 3 CrossOver-EraseBytes-EraseBytes-
#7060368	REDUCE cov: 49 ft: 425 corp: 161/3581b lim: 4096 exec/s: 441273 rss: 36Mb L: 20/34 MS: 3 CopyPart-EraseBytes-ChangeBinInt-
#7147570	REDUCE cov: 49 ft: 425 corp: 161/3579b lim: 4096 exec/s: 446723 rss: 36Mb L: 18/34 MS: 2 EraseBytes-ChangeByte-
#7590322	REDUCE cov: 49 ft: 425 corp: 161/3577b lim: 4096 exec/s: 446489 rss: 36Mb L: 20/34 MS: 2 EraseBytes-PersAutoDict- DE: "\3774"-
#7765515	REDUCE cov: 49 ft: 425 corp: 161/3575b lim: 4096 exec/s: 456795 rss: 36Mb L: 20/34 MS: 3 ChangeByte-PersAutoDict-EraseBytes- DE: "\377\377"-
#7874554	REDUCE cov: 49 ft: 425 corp: 161/3571b lim: 4096 exec/s: 437475 rss: 36Mb L: 16/34 MS: 4 ChangeBinInt-ChangeByte-EraseBytes-ChangeBit-
#7923182	REDUCE cov: 49 ft: 425 corp: 161/3569b lim: 4096 exec/s: 440176 rss: 36Mb L: 19/34 MS: 3 ChangeBinInt-InsertByte-EraseBytes-
#8062956	REDUCE cov: 49 ft: 425 corp: 161/3567b lim: 4096 exec/s: 447942 rss: 36Mb L: 22/34 MS: 4 ChangeASCIIInt-ChangeBinInt-InsertByte-EraseBytes-
#8074765	REDUCE cov: 49 ft: 425 corp: 161/3565b lim: 4096 exec/s: 448598 rss: 36Mb L: 18/34 MS: 4 PersAutoDict-EraseBytes-ChangeByte-EraseBytes- DE: "\377\377\377/"-
#8148229	REDUCE cov: 49 ft: 425 corp: 161/3563b lim: 4096 exec/s: 452679 rss: 36Mb L: 24/34 MS: 4 EraseBytes-ShuffleBytes-ChangeBinInt-InsertByte-
#8388608	pulse  cov: 49 ft: 425 corp: 161/3563b lim: 4096 exec/s: 441505 rss: 36Mb
#8735382	REDUCE cov: 49 ft: 425 corp: 161/3561b lim: 4096 exec/s: 436769 rss: 36Mb L: 18/34 MS: 3 ShuffleBytes-EraseBytes-PersAutoDict- DE: "\377\377"-
#9205982	REDUCE cov: 49 ft: 425 corp: 161/3560b lim: 4096 exec/s: 438380 rss: 36Mb L: 15/34 MS: 5 ChangeByte-ChangeBit-InsertByte-ChangeASCIIInt-EraseBytes-
#9382849	REDUCE cov: 49 ft: 425 corp: 161/3554b lim: 4096 exec/s: 446802 rss: 36Mb L: 16/34 MS: 2 EraseBytes-ChangeBinInt-
#9455258	REDUCE cov: 49 ft: 425 corp: 161/3552b lim: 4096 exec/s: 450250 rss: 36Mb L: 22/34 MS: 4 ShuffleBytes-CrossOver-ChangeASCIIInt-EraseBytes-
#9847590	REDUCE cov: 49 ft: 425 corp: 161/3550b lim: 4096 exec/s: 447617 rss: 36Mb L: 22/34 MS: 2 ChangeByte-EraseBytes-
#10388138	REDUCE cov: 49 ft: 425 corp: 161/3548b lim: 4096 exec/s: 451658 rss: 36Mb L: 22/34 MS: 3 ChangeBinInt-EraseBytes-CrossOver-
#10778880	REDUCE cov: 49 ft: 425 corp: 161/3546b lim: 4096 exec/s: 449120 rss: 36Mb L: 22/34 MS: 2 EraseBytes-ChangeByte-
#10902327	REDUCE cov: 49 ft: 425 corp: 161/3544b lim: 4096 exec/s: 454263 rss: 36Mb L: 24/34 MS: 2 PersAutoDict-EraseBytes- DE: "\377\377"-
#11130924	REDUCE cov: 49 ft: 425 corp: 161/3542b lim: 4096 exec/s: 445236 rss: 36Mb L: 18/34 MS: 2 InsertByte-EraseBytes-
#11484821	REDUCE cov: 49 ft: 425 corp: 161/3540b lim: 4096 exec/s: 441723 rss: 36Mb L: 18/34 MS: 2 PersAutoDict-EraseBytes- DE: "\377\377\377\377"-
#11792303	REDUCE cov: 49 ft: 425 corp: 161/3538b lim: 4096 exec/s: 453550 rss: 36Mb L: 20/34 MS: 2 ChangeByte-EraseBytes-
#12311527	REDUCE cov: 49 ft: 425 corp: 161/3537b lim: 4096 exec/s: 439697 rss: 36Mb L: 15/34 MS: 4 EraseBytes-ChangeBinInt-ChangeASCIIInt-ChangeBit-
#13780539	REDUCE cov: 49 ft: 425 corp: 161/3535b lim: 4096 exec/s: 444533 rss: 36Mb L: 20/34 MS: 2 InsertByte-EraseBytes-
#14582047	REDUCE cov: 49 ft: 425 corp: 161/3531b lim: 4096 exec/s: 441880 rss: 36Mb L: 16/34 MS: 3 PersAutoDict-EraseBytes-ChangeBit- DE: "\3774"-
#14707484	REDUCE cov: 49 ft: 425 corp: 161/3523b lim: 4096 exec/s: 445681 rss: 36Mb L: 20/34 MS: 2 ChangeBinInt-EraseBytes-
#15045391	REDUCE cov: 49 ft: 425 corp: 161/3521b lim: 4096 exec/s: 442511 rss: 36Mb L: 18/34 MS: 2 EraseBytes-CopyPart-
#15461246	REDUCE cov: 49 ft: 425 corp: 161/3519b lim: 4096 exec/s: 441749 rss: 36Mb L: 18/34 MS: 5 InsertByte-CopyPart-ChangeByte-PersAutoDict-EraseBytes- DE: "\377\377\377\377\377\377\377 "-
#15705709	REDUCE cov: 49 ft: 425 corp: 161/3517b lim: 4096 exec/s: 448734 rss: 36Mb L: 18/34 MS: 3 CopyPart-EraseBytes-PersAutoDict- DE: "\377\377"-
#16118256	REDUCE cov: 49 ft: 425 corp: 161/3515b lim: 4096 exec/s: 447729 rss: 36Mb L: 18/34 MS: 2 InsertByte-EraseBytes-
#16342414	REDUCE cov: 49 ft: 425 corp: 161/3513b lim: 4096 exec/s: 441686 rss: 36Mb L: 20/34 MS: 3 EraseBytes-InsertByte-ChangeByte-
#16515871	REDUCE cov: 49 ft: 425 corp: 161/3511b lim: 4096 exec/s: 446374 rss: 36Mb L: 18/34 MS: 2 EraseBytes-CopyPart-
#17750384	REDUCE cov: 49 ft: 425 corp: 161/3509b lim: 4096 exec/s: 443759 rss: 36Mb L: 20/34 MS: 3 ChangeBit-EraseBytes-ChangeByte-
#18417274	NEW    cov: 49 ft: 426 corp: 162/3543b lim: 4096 exec/s: 438506 rss: 36Mb L: 34/34 MS: 5 CMP-ChangeBit-EraseBytes-InsertRepeatedBytes-EraseBytes- DE: "\377\377\377\377\377\377\377\377"-
#18505223	REDUCE cov: 49 ft: 426 corp: 162/3542b lim: 4096 exec/s: 440600 rss: 36Mb L: 15/34 MS: 4 InsertByte-PersAutoDict-ChangeBit-EraseBytes- DE: "\377\377\377\377\377\377\377 "-
#18505876	REDUCE cov: 49 ft: 426 corp: 162/3541b lim: 4096 exec/s: 440616 rss: 36Mb L: 33/34 MS: 3 ChangeBit-CopyPart-EraseBytes-
#18811019	REDUCE cov: 49 ft: 426 corp: 162/3539b lim: 4096 exec/s: 447881 rss: 36Mb L: 20/34 MS: 3 ChangeByte-PersAutoDict-EraseBytes- DE: "b\000"-
#19305603	REDUCE cov: 49 ft: 426 corp: 162/3537b lim: 4096 exec/s: 438763 rss: 36Mb L: 20/34 MS: 4 ChangeByte-EraseBytes-ChangeByte-PersAutoDict- DE: "\377\377\377/"-
#20071501	REDUCE cov: 49 ft: 426 corp: 162/3535b lim: 4096 exec/s: 446033 rss: 36Mb L: 18/34 MS: 3 ChangeByte-PersAutoDict-EraseBytes- DE: "\377\377\377\377"-
#21116263	REDUCE cov: 49 ft: 426 corp: 162/3533b lim: 4096 exec/s: 439922 rss: 36Mb L: 22/34 MS: 2 ChangeBinInt-EraseBytes-
#21407615	REDUCE cov: 49 ft: 426 corp: 162/3525b lim: 4096 exec/s: 445991 rss: 36Mb L: 20/34 MS: 2 EraseBytes-ChangeBit-
#21443382	REDUCE cov: 49 ft: 426 corp: 162/3523b lim: 4096 exec/s: 446737 rss: 36Mb L: 20/34 MS: 2 EraseBytes-InsertByte-
#23238770	REDUCE cov: 49 ft: 426 corp: 162/3521b lim: 4096 exec/s: 446899 rss: 36Mb L: 18/34 MS: 3 EraseBytes-ChangeASCIIInt-ChangeByte-
#23275968	REDUCE cov: 49 ft: 426 corp: 162/3520b lim: 4096 exec/s: 447614 rss: 36Mb L: 19/34 MS: 3 PersAutoDict-EraseBytes-ChangeByte- DE: "\377\377\3778"-
#23349021	REDUCE cov: 49 ft: 426 corp: 162/3516b lim: 4096 exec/s: 440547 rss: 36Mb L: 16/34 MS: 3 ChangeBinInt-ChangeBit-EraseBytes-
#23515969	REDUCE cov: 49 ft: 426 corp: 162/3514b lim: 4096 exec/s: 443697 rss: 36Mb L: 18/34 MS: 3 ShuffleBytes-ChangeBinInt-EraseBytes-
#24226833	REDUCE cov: 49 ft: 426 corp: 162/3512b lim: 4096 exec/s: 440487 rss: 36Mb L: 18/34 MS: 4 ShuffleBytes-ChangeASCIIInt-EraseBytes-ChangeBinInt-
#24600138	REDUCE cov: 49 ft: 426 corp: 162/3510b lim: 4096 exec/s: 439288 rss: 36Mb L: 20/34 MS: 5 EraseBytes-PersAutoDict-ChangeBit-ChangeBit-PersAutoDict- DE: "\377`"-"\3774"-
#24884812	REDUCE cov: 49 ft: 426 corp: 162/3508b lim: 4096 exec/s: 444371 rss: 36Mb L: 16/34 MS: 4 CrossOver-ChangeBit-EraseBytes-ChangeBit-
#24890899	REDUCE cov: 49 ft: 426 corp: 162/3504b lim: 4096 exec/s: 444480 rss: 36Mb L: 18/34 MS: 2 CMP-EraseBytes- DE: "\377\377\377\377\377\377\377\377"-
#25436606	REDUCE cov: 49 ft: 426 corp: 162/3503b lim: 4096 exec/s: 446256 rss: 36Mb L: 15/34 MS: 2 CrossOver-EraseBytes-
#25790509	REDUCE cov: 49 ft: 426 corp: 162/3500b lim: 4096 exec/s: 444663 rss: 36Mb L: 17/34 MS: 3 ChangeByte-ChangeBinInt-EraseBytes-
#27541535	REDUCE cov: 49 ft: 426 corp: 162/3499b lim: 4096 exec/s: 444218 rss: 36Mb L: 18/34 MS: 1 EraseBytes-
#28974352	REDUCE cov: 49 ft: 426 corp: 162/3497b lim: 4096 exec/s: 445759 rss: 36Mb L: 18/34 MS: 2 EraseBytes-PersAutoDict- DE: "\377\377\377\377"-
#30182666	REDUCE cov: 49 ft: 426 corp: 162/3495b lim: 4096 exec/s: 443862 rss: 36Mb L: 18/34 MS: 4 EraseBytes-ChangeBit-ChangeByte-CopyPart-
#32624270	REDUCE cov: 49 ft: 426 corp: 162/3493b lim: 4096 exec/s: 440868 rss: 36Mb L: 16/34 MS: 4 CopyPart-EraseBytes-InsertByte-ChangeBinInt-
#33554432	pulse  cov: 49 ft: 426 corp: 162/3493b lim: 4096 exec/s: 441505 rss: 36Mb
#33651439	NEW    cov: 49 ft: 427 corp: 163/3521b lim: 4096 exec/s: 442782 rss: 36Mb L: 28/34 MS: 4 ChangeASCIIInt-CrossOver-InsertRepeatedBytes-CrossOver-
#33941422	NEW    cov: 49 ft: 428 corp: 164/3549b lim: 4096 exec/s: 440797 rss: 36Mb L: 28/34 MS: 3 CrossOver-ShuffleBytes-CopyPart-
#36559520	REDUCE cov: 49 ft: 428 corp: 164/3547b lim: 4096 exec/s: 440476 rss: 36Mb L: 15/34 MS: 3 ChangeASCIIInt-ChangeBinInt-EraseBytes-
#38394307	REDUCE cov: 49 ft: 428 corp: 164/3545b lim: 4096 exec/s: 441313 rss: 36Mb L: 24/34 MS: 2 ChangeBit-EraseBytes-
#41807195	REDUCE cov: 49 ft: 428 corp: 164/3543b lim: 4096 exec/s: 444757 rss: 36Mb L: 20/34 MS: 3 CopyPart-EraseBytes-CopyPart-
#46956842	REDUCE cov: 49 ft: 428 corp: 164/3541b lim: 4096 exec/s: 442989 rss: 36Mb L: 18/34 MS: 2 EraseBytes-ChangeByte-
#50356845	NEW    cov: 49 ft: 434 corp: 165/3573b lim: 4096 exec/s: 441726 rss: 36Mb L: 32/34 MS: 3 ChangeBit-CopyPart-ShuffleBytes-
#50358186	NEW    cov: 49 ft: 438 corp: 166/3605b lim: 4096 exec/s: 441738 rss: 36Mb L: 32/34 MS: 1 ChangeASCIIInt-
#50358549	NEW    cov: 49 ft: 439 corp: 167/3637b lim: 4096 exec/s: 441741 rss: 36Mb L: 32/34 MS: 3 ChangeASCIIInt-CopyPart-CopyPart-
#50401892	NEW    cov: 49 ft: 440 corp: 168/3669b lim: 4096 exec/s: 442121 rss: 36Mb L: 32/34 MS: 3 ShuffleBytes-CopyPart-CopyPart-
#50403294	REDUCE cov: 49 ft: 440 corp: 168/3667b lim: 4096 exec/s: 442134 rss: 36Mb L: 18/34 MS: 2 EraseBytes-PersAutoDict- DE: "\377\377\377\377"-
#51885371	REDUCE cov: 49 ft: 440 corp: 168/3659b lim: 4096 exec/s: 443464 rss: 36Mb L: 20/34 MS: 2 EraseBytes-ChangeBinInt-
#54055349	REDUCE cov: 49 ft: 440 corp: 168/3657b lim: 4096 exec/s: 443076 rss: 36Mb L: 18/34 MS: 3 InsertByte-InsertByte-EraseBytes-
#57945381	REDUCE cov: 49 ft: 440 corp: 168/3655b lim: 4096 exec/s: 442331 rss: 36Mb L: 16/34 MS: 2 EraseBytes-ChangeBinInt-
#58193964	NEW    cov: 50 ft: 443 corp: 169/3676b lim: 4096 exec/s: 444228 rss: 36Mb L: 21/34 MS: 3 EraseBytes-EraseBytes-EraseBytes-
#60092144	REDUCE cov: 50 ft: 443 corp: 169/3675b lim: 4096 exec/s: 441854 rss: 36Mb L: 15/34 MS: 5 ChangeBinInt-ChangeASCIIInt-CMP-CopyPart-EraseBytes- DE: "a\000"-
#63367471	REDUCE cov: 50 ft: 443 corp: 169/3671b lim: 4096 exec/s: 443129 rss: 36Mb L: 16/34 MS: 2 ChangeBit-EraseBytes-
#63536554	REDUCE cov: 50 ft: 443 corp: 169/3667b lim: 4096 exec/s: 441226 rss: 36Mb L: 18/34 MS: 3 ChangeBit-EraseBytes-ChangeBit-
#70715656	REDUCE cov: 50 ft: 443 corp: 169/3665b lim: 4096 exec/s: 441972 rss: 36Mb L: 20/34 MS: 2 PersAutoDict-EraseBytes- DE: "\377\377\377\377"-
#72089298	REDUCE cov: 50 ft: 443 corp: 169/3658b lim: 4096 exec/s: 442265 rss: 36Mb L: 21/34 MS: 2 EraseBytes-InsertByte-
#72457686	NEW    cov: 50 ft: 447 corp: 170/3685b lim: 4096 exec/s: 441815 rss: 36Mb L: 27/34 MS: 3 CopyPart-ChangeBit-EraseBytes-
#74606646	REDUCE cov: 50 ft: 447 corp: 170/3684b lim: 4096 exec/s: 441459 rss: 36Mb L: 15/34 MS: 5 PersAutoDict-ChangeASCIIInt-CrossOver-EraseBytes-PersAutoDict- DE: "\001\000\000\000"-"\377\377\377\377\377\377\377 "-
#74686916	REDUCE cov: 50 ft: 447 corp: 170/3683b lim: 4096 exec/s: 441934 rss: 36Mb L: 15/34 MS: 5 PersAutoDict-PersAutoDict-ChangeASCIIInt-EraseBytes-InsertByte- DE: "\377\377\377\377\377\377\377 "-"\377\377\377\377\377\377\377 "-
#75199718	REDUCE cov: 50 ft: 447 corp: 170/3681b lim: 4096 exec/s: 442351 rss: 36Mb L: 18/34 MS: 2 EraseBytes-ChangeBit-
#78864992	REDUCE cov: 50 ft: 447 corp: 170/3674b lim: 4096 exec/s: 443061 rss: 36Mb L: 21/34 MS: 4 ChangeBit-EraseBytes-ChangeBit-ChangeBinInt-
#82068983	REDUCE cov: 50 ft: 448 corp: 171/3690b lim: 4096 exec/s: 441231 rss: 36Mb L: 16/34 MS: 1 ChangeASCIIInt-
#87206702	REDUCE cov: 50 ft: 448 corp: 171/3682b lim: 4096 exec/s: 440437 rss: 36Mb L: 19/34 MS: 4 CrossOver-EraseBytes-CopyPart-InsertByte-
#87609772	REDUCE cov: 50 ft: 448 corp: 171/3680b lim: 4096 exec/s: 440250 rss: 36Mb L: 16/34 MS: 5 PersAutoDict-ChangeBinInt-ChangeBit-EraseBytes-ChangeByte- DE: "\377\377\377\377\377\377\377 "-
#89612101	REDUCE cov: 50 ft: 448 corp: 171/3676b lim: 4096 exec/s: 441438 rss: 36Mb L: 15/34 MS: 4 EraseBytes-ShuffleBytes-ChangeByte-PersAutoDict- DE: "\377E"-
#91490676	REDUCE cov: 50 ft: 448 corp: 171/3672b lim: 4096 exec/s: 441983 rss: 36Mb L: 16/34 MS: 5 CrossOver-EraseBytes-InsertByte-PersAutoDict-CMP- DE: "\0000"-"\377E"-
#94004759	REDUCE cov: 50 ft: 448 corp: 171/3670b lim: 4096 exec/s: 441336 rss: 36Mb L: 16/34 MS: 3 EraseBytes-ChangeByte-ChangeBit-
#103453571	REDUCE cov: 50 ft: 448 corp: 171/3668b lim: 4096 exec/s: 440227 rss: 36Mb L: 22/34 MS: 2 EraseBytes-CopyPart-
#107921078	REDUCE cov: 50 ft: 448 corp: 171/3666b lim: 4096 exec/s: 440494 rss: 37Mb L: 18/34 MS: 2 PersAutoDict-EraseBytes- DE: "\377\377\377\377"-
#114796093	REDUCE cov: 50 ft: 448 corp: 171/3664b lim: 4096 exec/s: 439831 rss: 37Mb L: 20/34 MS: 5 InsertByte-CrossOver-EraseBytes-ChangeBit-ChangeByte-
#129802793	REDUCE cov: 50 ft: 448 corp: 171/3663b lim: 4096 exec/s: 438522 rss: 37Mb L: 19/34 MS: 5 PersAutoDict-EraseBytes-ChangeBit-ShuffleBytes-PersAutoDict- DE: "0\000"-"\377`"-
#129863695	REDUCE cov: 50 ft: 448 corp: 171/3661b lim: 4096 exec/s: 438728 rss: 37Mb L: 18/34 MS: 2 CMP-EraseBytes- DE: "\377\377\377\377\377\377\377\017"-
#133162440	REDUCE cov: 50 ft: 448 corp: 171/3659b lim: 4096 exec/s: 439480 rss: 37Mb L: 18/34 MS: 5 CopyPart-EraseBytes-ChangeASCIIInt-ChangeBinInt-ChangeByte-
#133398745	REDUCE cov: 50 ft: 448 corp: 171/3657b lim: 4096 exec/s: 438811 rss: 37Mb L: 16/34 MS: 5 ChangeBit-InsertByte-PersAutoDict-ChangeBinInt-EraseBytes- DE: "b\000"-
#133487997	REDUCE cov: 50 ft: 448 corp: 171/3655b lim: 4096 exec/s: 439105 rss: 37Mb L: 18/34 MS: 2 InsertByte-EraseBytes-
#134710734	NEW    cov: 50 ft: 450 corp: 172/3677b lim: 4096 exec/s: 438797 rss: 37Mb L: 22/34 MS: 2 ShuffleBytes-InsertByte-
#140836004	REDUCE cov: 50 ft: 450 corp: 172/3675b lim: 4096 exec/s: 438741 rss: 37Mb L: 16/34 MS: 5 InsertByte-EraseBytes-CrossOver-ChangeBit-CopyPart-
#141672593	REDUCE cov: 50 ft: 450 corp: 172/3673b lim: 4096 exec/s: 438614 rss: 37Mb L: 16/34 MS: 4 PersAutoDict-InsertByte-EraseBytes-ChangeBit- DE: "b\000"-
#142882948	REDUCE cov: 50 ft: 450 corp: 172/3672b lim: 4096 exec/s: 439639 rss: 37Mb L: 15/34 MS: 5 CMP-InsertByte-EraseBytes-ChangeByte-ChangeBinInt- DE: "`\000\000\000"-
#146675775	REDUCE cov: 50 ft: 450 corp: 172/3668b lim: 4096 exec/s: 439149 rss: 37Mb L: 20/34 MS: 2 EraseBytes-ChangeBit-
#148790699	REDUCE cov: 50 ft: 450 corp: 172/3666b lim: 4096 exec/s: 438910 rss: 37Mb L: 18/34 MS: 4 ChangeBit-PersAutoDict-EraseBytes-ChangeByte- DE: "0\000"-
#152259027	REDUCE cov: 50 ft: 450 corp: 172/3664b lim: 4096 exec/s: 438786 rss: 37Mb L: 16/34 MS: 3 EraseBytes-ChangeBit-ChangeByte-
#153569591	REDUCE cov: 50 ft: 450 corp: 172/3656b lim: 4096 exec/s: 438770 rss: 37Mb L: 20/34 MS: 4 EraseBytes-CrossOver-ChangeBit-ShuffleBytes-
#155411235	REDUCE cov: 50 ft: 450 corp: 172/3655b lim: 4096 exec/s: 439014 rss: 37Mb L: 16/34 MS: 4 EraseBytes-ChangeASCIIInt-ChangeBit-CrossOver-
#158366433	REDUCE cov: 50 ft: 450 corp: 172/3647b lim: 4096 exec/s: 438688 rss: 37Mb L: 20/34 MS: 3 EraseBytes-ChangeASCIIInt-ChangeBit-
#163280142	REDUCE cov: 50 ft: 450 corp: 172/3645b lim: 4096 exec/s: 438925 rss: 37Mb L: 16/34 MS: 4 EraseBytes-ShuffleBytes-ChangeBit-InsertByte-
#172759999	REDUCE cov: 50 ft: 450 corp: 172/3637b lim: 4096 exec/s: 438477 rss: 37Mb L: 20/34 MS: 2 EraseBytes-ChangeBit-
#174249128	REDUCE cov: 50 ft: 450 corp: 172/3636b lim: 4096 exec/s: 438914 rss: 37Mb L: 15/34 MS: 4 EraseBytes-PersAutoDict-InsertByte-ChangeBit- DE: "\377@"-
#180717188	REDUCE cov: 50 ft: 450 corp: 172/3634b lim: 4096 exec/s: 438633 rss: 37Mb L: 20/34 MS: 5 ChangeBinInt-PersAutoDict-ChangeBinInt-CrossOver-EraseBytes- DE: "\377\377"-
#189251300	REDUCE cov: 50 ft: 450 corp: 172/3632b lim: 4096 exec/s: 438081 rss: 37Mb L: 18/34 MS: 2 EraseBytes-InsertRepeatedBytes-
#198750178	REDUCE cov: 50 ft: 450 corp: 172/3630b lim: 4096 exec/s: 438742 rss: 37Mb L: 18/34 MS: 3 ChangeASCIIInt-EraseBytes-InsertByte-
#212364611	REDUCE cov: 50 ft: 450 corp: 172/3628b lim: 4096 exec/s: 437865 rss: 37Mb L: 16/34 MS: 3 ChangeByte-ChangeBit-EraseBytes-
#215167554	REDUCE cov: 50 ft: 450 corp: 172/3626b lim: 4096 exec/s: 438223 rss: 37Mb L: 18/34 MS: 3 CrossOver-ChangeBit-EraseBytes-
#215675521	REDUCE cov: 50 ft: 450 corp: 172/3625b lim: 4096 exec/s: 438364 rss: 37Mb L: 20/34 MS: 2 CrossOver-EraseBytes-
#216586733	REDUCE cov: 50 ft: 450 corp: 172/3622b lim: 4096 exec/s: 438434 rss: 37Mb L: 15/34 MS: 2 EraseBytes-ChangeBinInt-
#225023515	REDUCE cov: 50 ft: 450 corp: 172/3619b lim: 4096 exec/s: 437788 rss: 37Mb L: 15/34 MS: 2 EraseBytes-ChangeBinInt-
#243137684	REDUCE cov: 50 ft: 450 corp: 172/3617b lim: 4096 exec/s: 438085 rss: 37Mb L: 18/34 MS: 4 PersAutoDict-EraseBytes-ChangeBit-ChangeBit- DE: "\001\000\000\000"-
#246991576	REDUCE cov: 50 ft: 450 corp: 172/3615b lim: 4096 exec/s: 437928 rss: 37Mb L: 16/34 MS: 2 EraseBytes-ChangeBinInt-
#248692764	REDUCE cov: 50 ft: 450 corp: 172/3613b lim: 4096 exec/s: 437839 rss: 37Mb L: 18/34 MS: 3 EraseBytes-ChangeBit-ChangeBinInt-
#255331227	REDUCE cov: 50 ft: 450 corp: 172/3611b lim: 4096 exec/s: 437960 rss: 37Mb L: 16/34 MS: 3 CrossOver-EraseBytes-ChangeBinInt-
#260657796	REDUCE cov: 50 ft: 450 corp: 172/3610b lim: 4096 exec/s: 438080 rss: 37Mb L: 15/34 MS: 4 ChangeBit-InsertByte-ChangeBinInt-EraseBytes-
==27136== libFuzzer: run interrupted; exiting
==27136== libFuzzer: run interrupted; exiting
