INFO: Running with entropic power schedule (0xFF, 100).
INFO: Seed: 2146584362
INFO: Loaded 1 modules   (70 inline 8-bit counters): 70 [0x559828f00030, 0x559828f00076), 
INFO: Loaded 1 PC tables (70 PCs): 70 [0xc000068000,0xc000068460), 
INFO:        8 files found in corpus
INFO: -max_len is not provided; libFuzzer will not generate inputs larger than 4096 bytes
INFO: seed corpus: files: 8 min: 2b max: 40b total: 134b rss: 29Mb
#9	INITED cov: 11 ft: 31 corp: 7/94b exec/s: 0 rss: 29Mb
#10	NEW    cov: 11 ft: 32 corp: 8/119b lim: 27 exec/s: 0 rss: 29Mb L: 25/27 MS: 1 InsertByte-
#21	NEW    cov: 11 ft: 33 corp: 9/131b lim: 27 exec/s: 0 rss: 29Mb L: 12/27 MS: 1 CopyPart-
#28	NEW    cov: 11 ft: 34 corp: 10/145b lim: 27 exec/s: 0 rss: 29Mb L: 14/27 MS: 2 InsertByte-InsertRepeatedBytes-
#66	NEW    cov: 13 ft: 42 corp: 11/160b lim: 27 exec/s: 0 rss: 29Mb L: 15/27 MS: 3 ChangeBinInt-EraseBytes-EraseBytes-
#77	NEW    cov: 13 ft: 44 corp: 12/175b lim: 27 exec/s: 0 rss: 29Mb L: 15/27 MS: 1 ChangeByte-
#140	NEW    cov: 13 ft: 45 corp: 13/201b lim: 27 exec/s: 0 rss: 29Mb L: 26/27 MS: 3 ShuffleBytes-ChangeByte-CrossOver-
#176	NEW    cov: 13 ft: 47 corp: 14/218b lim: 27 exec/s: 0 rss: 30Mb L: 17/27 MS: 1 CMP- DE: "\000\000"-
#191	NEW    cov: 13 ft: 48 corp: 15/245b lim: 27 exec/s: 0 rss: 30Mb L: 27/27 MS: 5 ChangeBit-ChangeByte-ChangeBit-EraseBytes-InsertRepeatedBytes-
#280	REDUCE cov: 13 ft: 48 corp: 15/241b lim: 27 exec/s: 0 rss: 30Mb L: 7/27 MS: 4 ShuffleBytes-ChangeBit-CopyPart-EraseBytes-
#301	NEW    cov: 13 ft: 49 corp: 16/264b lim: 27 exec/s: 0 rss: 30Mb L: 23/27 MS: 1 InsertRepeatedBytes-
#311	NEW    cov: 13 ft: 50 corp: 17/291b lim: 27 exec/s: 0 rss: 30Mb L: 27/27 MS: 5 ChangeBinInt-ChangeBit-ChangeBinInt-PersAutoDict-CrossOver- DE: "\000\000"-
#366	REDUCE cov: 13 ft: 50 corp: 17/286b lim: 27 exec/s: 0 rss: 30Mb L: 21/27 MS: 5 ChangeBit-ChangeBit-InsertByte-ChangeByte-EraseBytes-
#429	REDUCE cov: 13 ft: 50 corp: 17/282b lim: 27 exec/s: 0 rss: 30Mb L: 20/27 MS: 3 PersAutoDict-ChangeBit-CrossOver- DE: "\000\000"-
#598	NEW    cov: 25 ft: 98 corp: 18/297b lim: 27 exec/s: 0 rss: 30Mb L: 15/27 MS: 4 InsertRepeatedBytes-ChangeByte-PersAutoDict-EraseBytes- DE: "\000\000"-
#608	REDUCE cov: 25 ft: 98 corp: 18/285b lim: 27 exec/s: 0 rss: 30Mb L: 15/27 MS: 5 CopyPart-EraseBytes-ChangeBit-ChangeBit-CMP- DE: "\377\377"-
#626	REDUCE cov: 25 ft: 98 corp: 18/281b lim: 27 exec/s: 0 rss: 30Mb L: 21/27 MS: 3 CopyPart-ChangeBit-EraseBytes-
#637	REDUCE cov: 25 ft: 102 corp: 19/299b lim: 27 exec/s: 0 rss: 30Mb L: 18/27 MS: 1 EraseBytes-
#679	REDUCE cov: 25 ft: 105 corp: 20/315b lim: 27 exec/s: 0 rss: 30Mb L: 16/27 MS: 2 EraseBytes-InsertByte-
#712	NEW    cov: 25 ft: 106 corp: 21/331b lim: 27 exec/s: 0 rss: 30Mb L: 16/27 MS: 3 ChangeBit-InsertByte-ChangeBit-
#731	NEW    cov: 25 ft: 108 corp: 22/346b lim: 27 exec/s: 0 rss: 30Mb L: 15/27 MS: 4 InsertByte-EraseBytes-InsertByte-InsertByte-
#946	REDUCE cov: 25 ft: 108 corp: 22/344b lim: 27 exec/s: 0 rss: 30Mb L: 19/27 MS: 5 CrossOver-EraseBytes-InsertByte-PersAutoDict-InsertRepeatedBytes- DE: "\000\000"-
#1048	NEW    cov: 25 ft: 109 corp: 23/362b lim: 27 exec/s: 0 rss: 30Mb L: 18/27 MS: 2 ChangeBinInt-ChangeByte-
#1114	NEW    cov: 25 ft: 110 corp: 24/380b lim: 27 exec/s: 0 rss: 30Mb L: 18/27 MS: 1 ChangeBit-
#1221	NEW    cov: 25 ft: 113 corp: 25/407b lim: 27 exec/s: 0 rss: 30Mb L: 27/27 MS: 2 CrossOver-InsertRepeatedBytes-
#1235	REDUCE cov: 25 ft: 114 corp: 26/423b lim: 27 exec/s: 0 rss: 30Mb L: 16/27 MS: 4 InsertByte-CMP-ChangeByte-CopyPart- DE: "\377\377\377\377"-
#1287	REDUCE cov: 25 ft: 114 corp: 26/415b lim: 27 exec/s: 0 rss: 30Mb L: 13/27 MS: 2 EraseBytes-EraseBytes-
#1564	NEW    cov: 25 ft: 115 corp: 27/435b lim: 27 exec/s: 0 rss: 30Mb L: 20/27 MS: 2 ChangeBinInt-PersAutoDict- DE: "\000\000"-
#1772	NEW    cov: 25 ft: 117 corp: 28/455b lim: 27 exec/s: 0 rss: 30Mb L: 20/27 MS: 3 CMP-ChangeBit-ChangeByte- DE: "\001\000\000\000\000\000\000\032"-
#1946	REDUCE cov: 25 ft: 117 corp: 28/454b lim: 27 exec/s: 0 rss: 30Mb L: 15/27 MS: 4 ChangeBit-EraseBytes-InsertRepeatedBytes-EraseBytes-
#2297	NEW    cov: 25 ft: 118 corp: 29/474b lim: 27 exec/s: 0 rss: 31Mb L: 20/27 MS: 1 ChangeBinInt-
#2513	NEW    cov: 25 ft: 119 corp: 30/492b lim: 27 exec/s: 0 rss: 31Mb L: 18/27 MS: 1 ChangeBinInt-
#2634	REDUCE cov: 25 ft: 120 corp: 31/507b lim: 27 exec/s: 0 rss: 31Mb L: 15/27 MS: 1 ChangeBit-
#2641	NEW    cov: 25 ft: 121 corp: 32/525b lim: 27 exec/s: 0 rss: 31Mb L: 18/27 MS: 2 CMP-PersAutoDict- DE: "\001\000\000\000"-"\001\000\000\000\000\000\000\032"-
#2805	REDUCE cov: 25 ft: 121 corp: 32/523b lim: 27 exec/s: 0 rss: 31Mb L: 25/27 MS: 4 ChangeBit-ChangeBinInt-CopyPart-EraseBytes-
#3064	REDUCE cov: 25 ft: 121 corp: 32/522b lim: 27 exec/s: 0 rss: 31Mb L: 18/27 MS: 4 InsertRepeatedBytes-EraseBytes-ShuffleBytes-CrossOver-
#3085	NEW    cov: 25 ft: 122 corp: 33/540b lim: 27 exec/s: 0 rss: 31Mb L: 18/27 MS: 1 ChangeBinInt-
#3540	NEW    cov: 25 ft: 123 corp: 34/569b lim: 31 exec/s: 0 rss: 31Mb L: 29/29 MS: 5 CopyPart-PersAutoDict-ChangeBinInt-ChangeByte-InsertRepeatedBytes- DE: "\377\377"-
#3545	REDUCE cov: 25 ft: 124 corp: 35/600b lim: 31 exec/s: 0 rss: 31Mb L: 31/31 MS: 5 ShuffleBytes-InsertByte-EraseBytes-CMP-CrossOver- DE: "\027\000\000\000\000\000\000\000"-
#3643	REDUCE cov: 25 ft: 124 corp: 35/597b lim: 31 exec/s: 0 rss: 31Mb L: 15/31 MS: 3 ChangeASCIIInt-InsertRepeatedBytes-CrossOver-
#4050	NEW    cov: 25 ft: 125 corp: 36/630b lim: 35 exec/s: 0 rss: 31Mb L: 33/33 MS: 2 ShuffleBytes-CMP- DE: "\000\000\000\000"-
#4087	NEW    cov: 25 ft: 127 corp: 37/664b lim: 35 exec/s: 0 rss: 31Mb L: 34/34 MS: 2 InsertRepeatedBytes-CopyPart-
#4609	NEW    cov: 25 ft: 128 corp: 38/683b lim: 40 exec/s: 0 rss: 31Mb L: 19/34 MS: 2 ChangeBinInt-InsertByte-
#6040	REDUCE cov: 25 ft: 129 corp: 39/698b lim: 50 exec/s: 0 rss: 31Mb L: 15/34 MS: 1 ChangeBit-
#7836	NEW    cov: 25 ft: 130 corp: 40/715b lim: 65 exec/s: 0 rss: 32Mb L: 17/34 MS: 1 CMP- DE: "\001\000"-
#11095	REDUCE cov: 25 ft: 130 corp: 40/713b lim: 95 exec/s: 0 rss: 32Mb L: 16/34 MS: 4 ChangeBit-EraseBytes-CrossOver-ChangeBinInt-
#12462	REDUCE cov: 25 ft: 130 corp: 40/711b lim: 107 exec/s: 0 rss: 33Mb L: 16/34 MS: 2 CopyPart-EraseBytes-
#13654	NEW    cov: 25 ft: 131 corp: 41/731b lim: 113 exec/s: 0 rss: 33Mb L: 20/34 MS: 2 ChangeBinInt-PersAutoDict- DE: "\001\000"-
#15363	REDUCE cov: 25 ft: 131 corp: 41/729b lim: 125 exec/s: 0 rss: 33Mb L: 15/34 MS: 4 ChangeByte-ChangeBit-EraseBytes-InsertByte-
#16187	REDUCE cov: 25 ft: 131 corp: 41/725b lim: 131 exec/s: 0 rss: 33Mb L: 15/34 MS: 4 CopyPart-EraseBytes-ChangeByte-InsertByte-
#18160	NEW    cov: 30 ft: 152 corp: 42/745b lim: 145 exec/s: 0 rss: 34Mb L: 20/34 MS: 3 InsertByte-InsertByte-CrossOver-
#18547	NEW    cov: 30 ft: 161 corp: 43/765b lim: 145 exec/s: 0 rss: 34Mb L: 20/34 MS: 2 ChangeByte-ChangeByte-
#18703	NEW    cov: 30 ft: 162 corp: 44/785b lim: 145 exec/s: 0 rss: 34Mb L: 20/34 MS: 1 CopyPart-
#19424	NEW    cov: 30 ft: 164 corp: 45/805b lim: 152 exec/s: 0 rss: 34Mb L: 20/34 MS: 1 ChangeBit-
#20015	NEW    cov: 30 ft: 167 corp: 46/825b lim: 152 exec/s: 0 rss: 34Mb L: 20/34 MS: 1 ShuffleBytes-
#21227	NEW    cov: 30 ft: 169 corp: 47/845b lim: 159 exec/s: 0 rss: 34Mb L: 20/34 MS: 2 ChangeByte-ChangeBit-
#21249	NEW    cov: 30 ft: 171 corp: 48/865b lim: 159 exec/s: 0 rss: 34Mb L: 20/34 MS: 2 ChangeBinInt-ShuffleBytes-
#21790	NEW    cov: 30 ft: 179 corp: 49/885b lim: 159 exec/s: 0 rss: 34Mb L: 20/34 MS: 1 CMP- DE: "\025\000\000\000\000\000\000\000"-
#22526	NEW    cov: 30 ft: 185 corp: 50/905b lim: 166 exec/s: 0 rss: 34Mb L: 20/34 MS: 1 CopyPart-
#22632	NEW    cov: 30 ft: 187 corp: 51/925b lim: 166 exec/s: 0 rss: 34Mb L: 20/34 MS: 1 ShuffleBytes-
#22748	NEW    cov: 30 ft: 189 corp: 52/945b lim: 166 exec/s: 0 rss: 34Mb L: 20/34 MS: 1 CopyPart-
#23420	NEW    cov: 30 ft: 191 corp: 53/965b lim: 166 exec/s: 0 rss: 34Mb L: 20/34 MS: 2 ChangeBinInt-ChangeBit-
#23437	NEW    cov: 32 ft: 195 corp: 54/985b lim: 166 exec/s: 0 rss: 34Mb L: 20/34 MS: 2 ShuffleBytes-ChangeBit-
#23828	NEW    cov: 32 ft: 196 corp: 55/1005b lim: 166 exec/s: 0 rss: 34Mb L: 20/34 MS: 1 CopyPart-
#24311	NEW    cov: 32 ft: 198 corp: 56/1025b lim: 166 exec/s: 0 rss: 34Mb L: 20/34 MS: 3 ChangeBinInt-ChangeBit-ChangeByte-
#24598	NEW    cov: 32 ft: 199 corp: 57/1045b lim: 166 exec/s: 0 rss: 34Mb L: 20/34 MS: 2 ChangeBit-ChangeASCIIInt-
#24626	NEW    cov: 32 ft: 201 corp: 58/1065b lim: 166 exec/s: 0 rss: 34Mb L: 20/34 MS: 3 CopyPart-CopyPart-CrossOver-
#25112	NEW    cov: 32 ft: 203 corp: 59/1085b lim: 166 exec/s: 0 rss: 34Mb L: 20/34 MS: 1 CopyPart-
#26113	NEW    cov: 32 ft: 205 corp: 60/1105b lim: 173 exec/s: 0 rss: 35Mb L: 20/34 MS: 1 ChangeBit-
#27045	NEW    cov: 32 ft: 207 corp: 61/1125b lim: 180 exec/s: 0 rss: 35Mb L: 20/34 MS: 2 CopyPart-CopyPart-
#27661	NEW    cov: 33 ft: 211 corp: 62/1145b lim: 180 exec/s: 0 rss: 35Mb L: 20/34 MS: 1 ChangeByte-
#27745	NEW    cov: 33 ft: 212 corp: 63/1164b lim: 180 exec/s: 0 rss: 35Mb L: 19/34 MS: 4 InsertByte-CopyPart-ShuffleBytes-CrossOver-
#28007	REDUCE cov: 33 ft: 212 corp: 63/1162b lim: 180 exec/s: 0 rss: 35Mb L: 17/34 MS: 2 InsertByte-EraseBytes-
#29427	REDUCE cov: 33 ft: 212 corp: 63/1160b lim: 194 exec/s: 0 rss: 35Mb L: 21/34 MS: 5 ChangeByte-ChangeASCIIInt-EraseBytes-ShuffleBytes-ChangeByte-
#29738	NEW    cov: 45 ft: 267 corp: 64/1180b lim: 194 exec/s: 0 rss: 35Mb L: 20/34 MS: 1 ChangeBit-
#30819	NEW    cov: 45 ft: 268 corp: 65/1200b lim: 201 exec/s: 0 rss: 35Mb L: 20/34 MS: 1 ChangeBit-
#31225	NEW    cov: 45 ft: 269 corp: 66/1220b lim: 201 exec/s: 0 rss: 35Mb L: 20/34 MS: 1 ChangeBit-
#31693	REDUCE cov: 45 ft: 269 corp: 66/1218b lim: 201 exec/s: 0 rss: 35Mb L: 18/34 MS: 3 EraseBytes-ChangeBinInt-ChangeByte-
#33086	NEW    cov: 45 ft: 271 corp: 67/1238b lim: 208 exec/s: 0 rss: 35Mb L: 20/34 MS: 3 ChangeBit-ShuffleBytes-CMP- DE: "X\000"-
#33132	NEW    cov: 45 ft: 272 corp: 68/1258b lim: 208 exec/s: 0 rss: 35Mb L: 20/34 MS: 1 CrossOver-
#35898	NEW    cov: 45 ft: 273 corp: 69/1278b lim: 229 exec/s: 0 rss: 35Mb L: 20/34 MS: 1 ChangeBinInt-
#36124	REDUCE cov: 45 ft: 273 corp: 69/1276b lim: 229 exec/s: 0 rss: 35Mb L: 15/34 MS: 1 EraseBytes-
#37524	REDUCE cov: 45 ft: 273 corp: 69/1274b lim: 236 exec/s: 0 rss: 35Mb L: 18/34 MS: 5 CopyPart-EraseBytes-ShuffleBytes-ChangeBinInt-InsertByte-
#41576	REDUCE cov: 45 ft: 273 corp: 69/1273b lim: 273 exec/s: 0 rss: 35Mb L: 26/34 MS: 2 ChangeByte-EraseBytes-
#44175	NEW    cov: 45 ft: 274 corp: 70/1293b lim: 297 exec/s: 0 rss: 35Mb L: 20/34 MS: 4 ChangeBit-ShuffleBytes-ChangeByte-ChangeByte-
#45107	NEW    cov: 45 ft: 275 corp: 71/1313b lim: 305 exec/s: 0 rss: 35Mb L: 20/34 MS: 2 ShuffleBytes-ShuffleBytes-
#46629	NEW    cov: 45 ft: 277 corp: 72/1333b lim: 313 exec/s: 0 rss: 35Mb L: 20/34 MS: 2 ShuffleBytes-CopyPart-
#48306	NEW    cov: 45 ft: 278 corp: 73/1353b lim: 329 exec/s: 0 rss: 35Mb L: 20/34 MS: 2 ShuffleBytes-CopyPart-
#49944	REDUCE cov: 45 ft: 278 corp: 73/1351b lim: 345 exec/s: 0 rss: 35Mb L: 16/34 MS: 3 EraseBytes-ShuffleBytes-ChangeBinInt-
#50245	NEW    cov: 45 ft: 279 corp: 74/1371b lim: 345 exec/s: 0 rss: 35Mb L: 20/34 MS: 1 ChangeBit-
#53182	REDUCE cov: 45 ft: 279 corp: 74/1369b lim: 369 exec/s: 0 rss: 35Mb L: 18/34 MS: 2 EraseBytes-ChangeByte-
#57333	NEW    cov: 45 ft: 282 corp: 75/1389b lim: 409 exec/s: 0 rss: 36Mb L: 20/34 MS: 1 ChangeBit-
#58919	NEW    cov: 45 ft: 284 corp: 76/1409b lim: 417 exec/s: 0 rss: 36Mb L: 20/34 MS: 1 ShuffleBytes-
#59746	NEW    cov: 45 ft: 286 corp: 77/1429b lim: 425 exec/s: 0 rss: 36Mb L: 20/34 MS: 2 ShuffleBytes-ChangeBinInt-
#60792	NEW    cov: 45 ft: 288 corp: 78/1449b lim: 433 exec/s: 0 rss: 36Mb L: 20/34 MS: 1 CrossOver-
#62668	NEW    cov: 45 ft: 289 corp: 79/1469b lim: 449 exec/s: 0 rss: 36Mb L: 20/34 MS: 1 ChangeBinInt-
#65420	REDUCE cov: 45 ft: 289 corp: 79/1467b lim: 473 exec/s: 0 rss: 36Mb L: 18/34 MS: 2 EraseBytes-InsertByte-
#66107	REDUCE cov: 46 ft: 292 corp: 80/1485b lim: 473 exec/s: 0 rss: 36Mb L: 18/34 MS: 2 ShuffleBytes-ChangeByte-
#73668	NEW    cov: 46 ft: 295 corp: 81/1505b lim: 540 exec/s: 0 rss: 36Mb L: 20/34 MS: 1 ChangeBit-
#73870	REDUCE cov: 46 ft: 295 corp: 81/1503b lim: 540 exec/s: 0 rss: 36Mb L: 16/34 MS: 2 ChangeBit-EraseBytes-
#77832	REDUCE cov: 46 ft: 295 corp: 81/1501b lim: 576 exec/s: 0 rss: 36Mb L: 18/34 MS: 2 EraseBytes-ChangeByte-
#81724	REDUCE cov: 46 ft: 295 corp: 81/1499b lim: 612 exec/s: 0 rss: 36Mb L: 18/34 MS: 2 ChangeByte-EraseBytes-
#85863	NEW    cov: 47 ft: 300 corp: 82/1519b lim: 648 exec/s: 0 rss: 36Mb L: 20/34 MS: 4 ChangeByte-ShuffleBytes-CrossOver-ChangeByte-
#85898	REDUCE cov: 47 ft: 301 corp: 83/1537b lim: 648 exec/s: 0 rss: 36Mb L: 18/34 MS: 5 ChangeBinInt-ChangeByte-ShuffleBytes-ShuffleBytes-ChangeByte-
#86244	NEW    cov: 47 ft: 302 corp: 84/1557b lim: 648 exec/s: 0 rss: 36Mb L: 20/34 MS: 1 ChangeBit-
#90850	NEW    cov: 47 ft: 303 corp: 85/1577b lim: 693 exec/s: 0 rss: 36Mb L: 20/34 MS: 1 ShuffleBytes-
#91001	NEW    cov: 47 ft: 304 corp: 86/1595b lim: 693 exec/s: 0 rss: 36Mb L: 18/34 MS: 1 ShuffleBytes-
#91118	NEW    cov: 47 ft: 305 corp: 87/1613b lim: 693 exec/s: 0 rss: 36Mb L: 18/34 MS: 2 ShuffleBytes-ChangeBit-
#91504	NEW    cov: 47 ft: 306 corp: 88/1633b lim: 693 exec/s: 0 rss: 36Mb L: 20/34 MS: 1 ChangeBinInt-
#98275	NEW    cov: 47 ft: 307 corp: 89/1651b lim: 756 exec/s: 0 rss: 36Mb L: 18/34 MS: 1 ChangeByte-
#99247	NEW    cov: 47 ft: 308 corp: 90/1669b lim: 765 exec/s: 0 rss: 36Mb L: 18/34 MS: 2 ChangeByte-ChangeBit-
#99553	NEW    cov: 47 ft: 310 corp: 91/1687b lim: 765 exec/s: 0 rss: 36Mb L: 18/34 MS: 1 ChangeBit-
#99569	NEW    cov: 47 ft: 311 corp: 92/1705b lim: 765 exec/s: 0 rss: 36Mb L: 18/34 MS: 1 ShuffleBytes-
#102795	NEW    cov: 47 ft: 312 corp: 93/1723b lim: 792 exec/s: 0 rss: 36Mb L: 18/34 MS: 1 ShuffleBytes-
#102991	NEW    cov: 47 ft: 313 corp: 94/1741b lim: 792 exec/s: 0 rss: 36Mb L: 18/34 MS: 1 ChangeByte-
#104244	REDUCE cov: 47 ft: 313 corp: 94/1739b lim: 801 exec/s: 0 rss: 36Mb L: 18/34 MS: 3 ChangeBinInt-InsertByte-EraseBytes-
#105105	NEW    cov: 47 ft: 314 corp: 95/1757b lim: 801 exec/s: 0 rss: 36Mb L: 18/34 MS: 1 ShuffleBytes-
#107227	NEW    cov: 47 ft: 315 corp: 96/1775b lim: 819 exec/s: 0 rss: 36Mb L: 18/34 MS: 2 ShuffleBytes-ChangeBit-
#110678	NEW    cov: 47 ft: 316 corp: 97/1793b lim: 846 exec/s: 0 rss: 36Mb L: 18/34 MS: 1 ShuffleBytes-
#111785	NEW    cov: 47 ft: 317 corp: 98/1811b lim: 855 exec/s: 0 rss: 36Mb L: 18/34 MS: 2 ShuffleBytes-ChangeASCIIInt-
#114502	NEW    cov: 47 ft: 318 corp: 99/1829b lim: 882 exec/s: 0 rss: 36Mb L: 18/34 MS: 2 ChangeBit-ShuffleBytes-
#115460	NEW    cov: 47 ft: 319 corp: 100/1847b lim: 891 exec/s: 0 rss: 36Mb L: 18/34 MS: 3 ChangeBit-ChangeASCIIInt-ChangeBit-
#119319	REDUCE cov: 47 ft: 319 corp: 100/1845b lim: 927 exec/s: 0 rss: 36Mb L: 16/34 MS: 4 EraseBytes-ShuffleBytes-CMP-ChangeByte- DE: "\001z"-
#119785	NEW    cov: 47 ft: 320 corp: 101/1863b lim: 927 exec/s: 0 rss: 36Mb L: 18/34 MS: 1 ChangeBit-
#123204	REDUCE cov: 47 ft: 320 corp: 101/1861b lim: 954 exec/s: 0 rss: 36Mb L: 19/34 MS: 4 ChangeBit-ChangeBinInt-InsertByte-EraseBytes-
#126570	NEW    cov: 47 ft: 321 corp: 102/1879b lim: 981 exec/s: 0 rss: 36Mb L: 18/34 MS: 1 CopyPart-
#128177	REDUCE cov: 47 ft: 321 corp: 102/1877b lim: 990 exec/s: 0 rss: 36Mb L: 18/34 MS: 2 CrossOver-EraseBytes-
#129148	NEW    cov: 47 ft: 322 corp: 103/1895b lim: 999 exec/s: 0 rss: 36Mb L: 18/34 MS: 1 ChangeASCIIInt-
#135492	NEW    cov: 47 ft: 323 corp: 104/1913b lim: 1056 exec/s: 0 rss: 36Mb L: 18/34 MS: 4 CopyPart-ChangeByte-CopyPart-ChangeBit-
#139603	NEW    cov: 47 ft: 324 corp: 105/1931b lim: 1096 exec/s: 0 rss: 36Mb L: 18/34 MS: 1 CopyPart-
#160799	NEW    cov: 47 ft: 325 corp: 106/1949b lim: 1306 exec/s: 0 rss: 36Mb L: 18/34 MS: 1 ShuffleBytes-
#162896	NEW    cov: 49 ft: 333 corp: 107/1969b lim: 1326 exec/s: 0 rss: 36Mb L: 20/34 MS: 2 ChangeByte-CopyPart-
#164692	NEW    cov: 49 ft: 334 corp: 108/1989b lim: 1336 exec/s: 0 rss: 36Mb L: 20/34 MS: 1 ShuffleBytes-
#167318	NEW    cov: 49 ft: 335 corp: 109/2009b lim: 1356 exec/s: 0 rss: 36Mb L: 20/34 MS: 1 ChangeBit-
#167734	NEW    cov: 49 ft: 336 corp: 110/2029b lim: 1356 exec/s: 0 rss: 36Mb L: 20/34 MS: 1 CopyPart-
#169745	NEW    cov: 49 ft: 341 corp: 111/2049b lim: 1376 exec/s: 0 rss: 36Mb L: 20/34 MS: 1 ChangeByte-
#178706	NEW    cov: 49 ft: 342 corp: 112/2067b lim: 1456 exec/s: 0 rss: 36Mb L: 18/34 MS: 1 ShuffleBytes-
#193323	NEW    cov: 49 ft: 344 corp: 113/2087b lim: 1596 exec/s: 0 rss: 36Mb L: 20/34 MS: 2 ChangeBit-ChangeByte-
#199354	NEW    cov: 49 ft: 346 corp: 114/2107b lim: 1656 exec/s: 0 rss: 36Mb L: 20/34 MS: 1 ChangeBit-
#207000	NEW    cov: 49 ft: 347 corp: 115/2125b lim: 1726 exec/s: 0 rss: 36Mb L: 18/34 MS: 1 ChangeBit-
#213322	NEW    cov: 49 ft: 350 corp: 116/2145b lim: 1786 exec/s: 0 rss: 36Mb L: 20/34 MS: 2 ChangeASCIIInt-ChangeBinInt-
#220118	NEW    cov: 49 ft: 351 corp: 117/2163b lim: 1846 exec/s: 0 rss: 36Mb L: 18/34 MS: 1 ChangeBit-
#247857	NEW    cov: 49 ft: 352 corp: 118/2181b lim: 2122 exec/s: 0 rss: 36Mb L: 18/34 MS: 4 ChangeBit-ShuffleBytes-ChangeASCIIInt-ChangeByte-
#247880	REDUCE cov: 49 ft: 352 corp: 118/2179b lim: 2122 exec/s: 0 rss: 36Mb L: 16/34 MS: 3 ChangeBinInt-InsertByte-EraseBytes-
#255016	NEW    cov: 49 ft: 353 corp: 119/2197b lim: 2188 exec/s: 0 rss: 36Mb L: 18/34 MS: 1 ShuffleBytes-
#255282	NEW    cov: 49 ft: 355 corp: 120/2215b lim: 2188 exec/s: 0 rss: 36Mb L: 18/34 MS: 1 CopyPart-
#255483	NEW    cov: 49 ft: 356 corp: 121/2233b lim: 2188 exec/s: 0 rss: 36Mb L: 18/34 MS: 1 CrossOver-
#255725	NEW    cov: 49 ft: 357 corp: 122/2251b lim: 2188 exec/s: 0 rss: 36Mb L: 18/34 MS: 2 ChangeByte-ChangeBit-
#265241	NEW    cov: 49 ft: 361 corp: 123/2271b lim: 2276 exec/s: 0 rss: 36Mb L: 20/34 MS: 1 ChangeByte-
#268612	NEW    cov: 49 ft: 362 corp: 124/2289b lim: 2309 exec/s: 0 rss: 36Mb L: 18/34 MS: 1 ShuffleBytes-
#271788	NEW    cov: 49 ft: 363 corp: 125/2307b lim: 2331 exec/s: 0 rss: 36Mb L: 18/34 MS: 1 ChangeByte-
#272909	NEW    cov: 49 ft: 365 corp: 126/2325b lim: 2342 exec/s: 0 rss: 36Mb L: 18/34 MS: 1 ChangeASCIIInt-
#277016	NEW    cov: 49 ft: 366 corp: 127/2343b lim: 2375 exec/s: 0 rss: 36Mb L: 18/34 MS: 2 ChangeByte-CrossOver-
#277503	NEW    cov: 49 ft: 367 corp: 128/2361b lim: 2375 exec/s: 0 rss: 36Mb L: 18/34 MS: 2 CrossOver-ChangeASCIIInt-
#278644	NEW    cov: 49 ft: 368 corp: 129/2379b lim: 2386 exec/s: 0 rss: 36Mb L: 18/34 MS: 1 CopyPart-
#278905	NEW    cov: 49 ft: 369 corp: 130/2397b lim: 2386 exec/s: 0 rss: 36Mb L: 18/34 MS: 1 ChangeASCIIInt-
#305216	NEW    cov: 49 ft: 370 corp: 131/2415b lim: 2639 exec/s: 0 rss: 36Mb L: 18/34 MS: 1 ChangeBinInt-
#311442	NEW    cov: 49 ft: 371 corp: 132/2433b lim: 2694 exec/s: 0 rss: 36Mb L: 18/34 MS: 1 CopyPart-
#311974	REDUCE cov: 49 ft: 371 corp: 132/2431b lim: 2694 exec/s: 0 rss: 36Mb L: 16/34 MS: 2 PersAutoDict-EraseBytes- DE: "\377\377\377\377"-
#314430	NEW    cov: 49 ft: 372 corp: 133/2449b lim: 2716 exec/s: 0 rss: 36Mb L: 18/34 MS: 1 ChangeASCIIInt-
#321116	NEW    cov: 49 ft: 374 corp: 134/2467b lim: 2782 exec/s: 0 rss: 36Mb L: 18/34 MS: 1 ChangeByte-
#321537	NEW    cov: 49 ft: 375 corp: 135/2485b lim: 2782 exec/s: 0 rss: 36Mb L: 18/34 MS: 1 ChangeASCIIInt-
#323378	NEW    cov: 49 ft: 376 corp: 136/2503b lim: 2793 exec/s: 0 rss: 36Mb L: 18/34 MS: 1 ChangeASCIIInt-
#355537	REDUCE cov: 49 ft: 376 corp: 136/2501b lim: 3112 exec/s: 0 rss: 36Mb L: 16/34 MS: 4 ChangeByte-ChangeByte-EraseBytes-ChangeByte-
#362534	REDUCE cov: 49 ft: 376 corp: 136/2499b lim: 3178 exec/s: 0 rss: 36Mb L: 18/34 MS: 2 EraseBytes-InsertByte-
#364622	NEW    cov: 49 ft: 377 corp: 137/2517b lim: 3189 exec/s: 0 rss: 36Mb L: 18/34 MS: 3 InsertByte-ChangeBinInt-EraseBytes-
#364831	REDUCE cov: 49 ft: 377 corp: 137/2515b lim: 3189 exec/s: 0 rss: 36Mb L: 18/34 MS: 4 CopyPart-ChangeBinInt-InsertRepeatedBytes-EraseBytes-
#368907	NEW    cov: 49 ft: 378 corp: 138/2533b lim: 3222 exec/s: 0 rss: 36Mb L: 18/34 MS: 1 ChangeByte-
#370138	NEW    cov: 49 ft: 379 corp: 139/2551b lim: 3233 exec/s: 0 rss: 36Mb L: 18/34 MS: 1 ChangeByte-
#378254	NEW    cov: 49 ft: 380 corp: 140/2569b lim: 3310 exec/s: 0 rss: 36Mb L: 18/34 MS: 1 CopyPart-
#387326	REDUCE cov: 49 ft: 380 corp: 140/2567b lim: 3398 exec/s: 0 rss: 36Mb L: 16/34 MS: 2 EraseBytes-InsertByte-
#406897	NEW    cov: 49 ft: 381 corp: 141/2587b lim: 3585 exec/s: 0 rss: 36Mb L: 20/34 MS: 1 ShuffleBytes-
#419313	REDUCE cov: 49 ft: 382 corp: 142/2603b lim: 3706 exec/s: 419313 rss: 36Mb L: 16/34 MS: 1 ChangeBinInt-
#464828	REDUCE cov: 49 ft: 382 corp: 142/2601b lim: 4096 exec/s: 464828 rss: 36Mb L: 16/34 MS: 2 EraseBytes-ChangeBinInt-
#471015	NEW    cov: 49 ft: 383 corp: 143/2619b lim: 4096 exec/s: 471015 rss: 36Mb L: 18/34 MS: 2 CopyPart-ChangeBit-
#480393	REDUCE cov: 49 ft: 383 corp: 143/2617b lim: 4096 exec/s: 480393 rss: 36Mb L: 17/34 MS: 3 EraseBytes-ChangeBit-ChangeBinInt-
#498140	REDUCE cov: 49 ft: 383 corp: 143/2615b lim: 4096 exec/s: 498140 rss: 36Mb L: 16/34 MS: 2 EraseBytes-ChangeByte-
#522433	REDUCE cov: 49 ft: 383 corp: 143/2614b lim: 4096 exec/s: 522433 rss: 36Mb L: 17/34 MS: 3 CopyPart-ChangeBit-EraseBytes-
#529165	REDUCE cov: 49 ft: 383 corp: 143/2612b lim: 4096 exec/s: 529165 rss: 36Mb L: 16/34 MS: 2 EraseBytes-InsertByte-
#550761	NEW    cov: 49 ft: 384 corp: 144/2632b lim: 4096 exec/s: 550761 rss: 36Mb L: 20/34 MS: 1 ChangeBinInt-
#555472	NEW    cov: 49 ft: 385 corp: 145/2652b lim: 4096 exec/s: 555472 rss: 36Mb L: 20/34 MS: 1 ChangeBit-
#586799	REDUCE cov: 49 ft: 385 corp: 145/2650b lim: 4096 exec/s: 586799 rss: 36Mb L: 16/34 MS: 2 ChangeBit-EraseBytes-
#607786	NEW    cov: 49 ft: 389 corp: 146/2670b lim: 4096 exec/s: 607786 rss: 36Mb L: 20/34 MS: 2 ChangeBit-ChangeBit-
#611233	REDUCE cov: 49 ft: 389 corp: 146/2668b lim: 4096 exec/s: 611233 rss: 36Mb L: 16/34 MS: 2 InsertByte-EraseBytes-
#637110	REDUCE cov: 49 ft: 389 corp: 146/2666b lim: 4096 exec/s: 637110 rss: 36Mb L: 16/34 MS: 2 ChangeBinInt-EraseBytes-
#655204	REDUCE cov: 49 ft: 389 corp: 146/2662b lim: 4096 exec/s: 655204 rss: 36Mb L: 21/34 MS: 4 InsertByte-PersAutoDict-ChangeByte-EraseBytes- DE: "\377\377"-
#667822	REDUCE cov: 49 ft: 389 corp: 146/2660b lim: 4096 exec/s: 667822 rss: 36Mb L: 16/34 MS: 3 ShuffleBytes-EraseBytes-CrossOver-
#673526	REDUCE cov: 49 ft: 390 corp: 147/2675b lim: 4096 exec/s: 673526 rss: 36Mb L: 15/34 MS: 4 ChangeBit-CrossOver-ChangeBinInt-EraseBytes-
#713303	REDUCE cov: 49 ft: 390 corp: 147/2674b lim: 4096 exec/s: 713303 rss: 36Mb L: 16/34 MS: 2 CMP-EraseBytes- DE: "\001z"-
#772239	NEW    cov: 49 ft: 391 corp: 148/2692b lim: 4096 exec/s: 772239 rss: 36Mb L: 18/34 MS: 1 ChangeBinInt-
#775566	REDUCE cov: 49 ft: 391 corp: 148/2690b lim: 4096 exec/s: 775566 rss: 36Mb L: 16/34 MS: 2 ChangeByte-EraseBytes-
#819190	REDUCE cov: 49 ft: 391 corp: 148/2688b lim: 4096 exec/s: 819190 rss: 36Mb L: 16/34 MS: 4 EraseBytes-CopyPart-EraseBytes-InsertByte-
#1048576	pulse  cov: 49 ft: 391 corp: 148/2688b lim: 4096 exec/s: 524288 rss: 36Mb
#1112798	NEW    cov: 49 ft: 392 corp: 149/2708b lim: 4096 exec/s: 556399 rss: 36Mb L: 20/34 MS: 3 ChangeBit-ChangeBinInt-ShuffleBytes-
#1148261	REDUCE cov: 49 ft: 392 corp: 149/2706b lim: 4096 exec/s: 574130 rss: 36Mb L: 16/34 MS: 3 ChangeByte-EraseBytes-ChangeByte-
#1244210	REDUCE cov: 49 ft: 392 corp: 149/2704b lim: 4096 exec/s: 622105 rss: 36Mb L: 18/34 MS: 4 ChangeByte-ChangeASCIIInt-ChangeASCIIInt-EraseBytes-
#1291234	REDUCE cov: 49 ft: 392 corp: 149/2702b lim: 4096 exec/s: 645617 rss: 36Mb L: 16/34 MS: 4 ChangeBinInt-InsertByte-ChangeBinInt-EraseBytes-
#1328809	REDUCE cov: 49 ft: 392 corp: 149/2701b lim: 4096 exec/s: 442936 rss: 36Mb L: 15/34 MS: 5 ChangeBit-CopyPart-ChangeByte-CMP-EraseBytes- DE: "`\000"-
#1332276	REDUCE cov: 49 ft: 392 corp: 149/2699b lim: 4096 exec/s: 444092 rss: 36Mb L: 16/34 MS: 2 PersAutoDict-EraseBytes- DE: "\377\377"-
#1345872	REDUCE cov: 49 ft: 393 corp: 150/2717b lim: 4096 exec/s: 448624 rss: 36Mb L: 18/34 MS: 1 CopyPart-
#1395825	REDUCE cov: 49 ft: 393 corp: 150/2716b lim: 4096 exec/s: 465275 rss: 36Mb L: 15/34 MS: 3 InsertByte-ChangeBit-EraseBytes-
#1463262	REDUCE cov: 49 ft: 393 corp: 150/2714b lim: 4096 exec/s: 487754 rss: 36Mb L: 16/34 MS: 2 EraseBytes-ChangeBinInt-
#1463865	REDUCE cov: 49 ft: 393 corp: 150/2712b lim: 4096 exec/s: 487955 rss: 36Mb L: 16/34 MS: 3 ChangeBinInt-EraseBytes-InsertByte-
#1524652	REDUCE cov: 49 ft: 393 corp: 150/2710b lim: 4096 exec/s: 508217 rss: 36Mb L: 16/34 MS: 2 ChangeBit-EraseBytes-
#1604732	REDUCE cov: 49 ft: 393 corp: 150/2708b lim: 4096 exec/s: 534910 rss: 36Mb L: 18/34 MS: 5 PersAutoDict-CopyPart-ChangeBinInt-CopyPart-EraseBytes- DE: "\377\377\377\377"-
#1615139	REDUCE cov: 49 ft: 393 corp: 150/2706b lim: 4096 exec/s: 538379 rss: 36Mb L: 16/34 MS: 2 ChangeByte-EraseBytes-
#1629746	REDUCE cov: 49 ft: 393 corp: 150/2704b lim: 4096 exec/s: 543248 rss: 36Mb L: 16/34 MS: 2 EraseBytes-ChangeBit-
#1646778	REDUCE cov: 49 ft: 393 corp: 150/2702b lim: 4096 exec/s: 548926 rss: 36Mb L: 16/34 MS: 2 EraseBytes-CopyPart-
#1653581	REDUCE cov: 49 ft: 393 corp: 150/2700b lim: 4096 exec/s: 551193 rss: 36Mb L: 16/34 MS: 3 EraseBytes-ChangeASCIIInt-ChangeBit-
#1709111	NEW    cov: 49 ft: 394 corp: 151/2715b lim: 4096 exec/s: 569703 rss: 36Mb L: 15/34 MS: 5 InsertRepeatedBytes-ChangeBit-ChangeByte-ShuffleBytes-EraseBytes-
#1721659	NEW    cov: 49 ft: 396 corp: 152/2735b lim: 4096 exec/s: 573886 rss: 36Mb L: 20/34 MS: 3 ShuffleBytes-ChangeBinInt-ShuffleBytes-
#1753841	REDUCE cov: 49 ft: 396 corp: 152/2733b lim: 4096 exec/s: 584613 rss: 36Mb L: 18/34 MS: 2 InsertByte-EraseBytes-
#1785609	REDUCE cov: 49 ft: 396 corp: 152/2731b lim: 4096 exec/s: 446402 rss: 36Mb L: 16/34 MS: 3 EraseBytes-ChangeBinInt-CopyPart-
#1813867	REDUCE cov: 49 ft: 396 corp: 152/2729b lim: 4096 exec/s: 453466 rss: 36Mb L: 16/34 MS: 3 EraseBytes-ChangeBit-ChangeBit-
#1858803	NEW    cov: 49 ft: 398 corp: 153/2749b lim: 4096 exec/s: 464700 rss: 36Mb L: 20/34 MS: 1 ChangeBit-
#1889678	REDUCE cov: 49 ft: 398 corp: 153/2747b lim: 4096 exec/s: 472419 rss: 36Mb L: 18/34 MS: 5 ChangeByte-PersAutoDict-ShuffleBytes-ChangeBit-EraseBytes- DE: "\000\000\000\000"-
#2002256	REDUCE cov: 49 ft: 398 corp: 153/2745b lim: 4096 exec/s: 500564 rss: 36Mb L: 16/34 MS: 3 EraseBytes-ChangeBinInt-ShuffleBytes-
#2008743	REDUCE cov: 49 ft: 398 corp: 153/2743b lim: 4096 exec/s: 502185 rss: 36Mb L: 16/34 MS: 2 InsertByte-EraseBytes-
#2097152	pulse  cov: 49 ft: 398 corp: 153/2743b lim: 4096 exec/s: 524288 rss: 36Mb
#2098972	REDUCE cov: 49 ft: 398 corp: 153/2741b lim: 4096 exec/s: 524743 rss: 36Mb L: 16/34 MS: 4 EraseBytes-ChangeByte-PersAutoDict-CopyPart- DE: "\377\377"-
#2165259	REDUCE cov: 49 ft: 398 corp: 153/2739b lim: 4096 exec/s: 541314 rss: 36Mb L: 16/34 MS: 2 InsertByte-EraseBytes-
#2444206	REDUCE cov: 49 ft: 398 corp: 153/2737b lim: 4096 exec/s: 488841 rss: 36Mb L: 16/34 MS: 2 InsertRepeatedBytes-EraseBytes-
#2653169	REDUCE cov: 49 ft: 398 corp: 153/2735b lim: 4096 exec/s: 530633 rss: 36Mb L: 16/34 MS: 3 ChangeBinInt-EraseBytes-ChangeByte-
#2702511	REDUCE cov: 49 ft: 398 corp: 153/2733b lim: 4096 exec/s: 450418 rss: 36Mb L: 16/34 MS: 2 EraseBytes-PersAutoDict- DE: "\377\377"-
#2723429	REDUCE cov: 49 ft: 398 corp: 153/2731b lim: 4096 exec/s: 453904 rss: 36Mb L: 16/34 MS: 3 PersAutoDict-EraseBytes-CopyPart- DE: "\377\377\377\377"-
#2766197	REDUCE cov: 49 ft: 398 corp: 153/2729b lim: 4096 exec/s: 461032 rss: 36Mb L: 16/34 MS: 3 EraseBytes-ChangeBit-ChangeByte-
#2766959	NEW    cov: 49 ft: 399 corp: 154/2756b lim: 4096 exec/s: 461159 rss: 36Mb L: 27/34 MS: 2 CopyPart-ChangeBit-
#2782612	REDUCE cov: 49 ft: 399 corp: 154/2754b lim: 4096 exec/s: 463768 rss: 36Mb L: 16/34 MS: 3 ChangeBit-EraseBytes-ChangeBinInt-
#2796880	NEW    cov: 49 ft: 400 corp: 155/2774b lim: 4096 exec/s: 466146 rss: 36Mb L: 20/34 MS: 3 CopyPart-ChangeBit-ChangeASCIIInt-
#2811567	NEW    cov: 50 ft: 406 corp: 156/2801b lim: 4096 exec/s: 468594 rss: 36Mb L: 27/34 MS: 2 ChangeBinInt-CopyPart-
#2909929	REDUCE cov: 50 ft: 406 corp: 156/2799b lim: 4096 exec/s: 484988 rss: 36Mb L: 16/34 MS: 2 InsertByte-EraseBytes-
#2982066	REDUCE cov: 50 ft: 406 corp: 156/2797b lim: 4096 exec/s: 497011 rss: 36Mb L: 16/34 MS: 2 InsertByte-EraseBytes-
#2989983	REDUCE cov: 50 ft: 406 corp: 156/2795b lim: 4096 exec/s: 498330 rss: 36Mb L: 16/34 MS: 2 InsertByte-EraseBytes-
#3047800	REDUCE cov: 50 ft: 406 corp: 156/2793b lim: 4096 exec/s: 507966 rss: 36Mb L: 16/34 MS: 2 EraseBytes-ChangeBit-
#3167597	REDUCE cov: 50 ft: 406 corp: 156/2791b lim: 4096 exec/s: 452513 rss: 36Mb L: 16/34 MS: 2 ChangeByte-EraseBytes-
#3237136	NEW    cov: 50 ft: 407 corp: 157/2825b lim: 4096 exec/s: 462448 rss: 36Mb L: 34/34 MS: 4 InsertRepeatedBytes-CopyPart-ShuffleBytes-InsertByte-
#3318053	REDUCE cov: 50 ft: 407 corp: 157/2823b lim: 4096 exec/s: 474007 rss: 36Mb L: 16/34 MS: 2 EraseBytes-ChangeByte-
#3986190	REDUCE cov: 50 ft: 407 corp: 157/2821b lim: 4096 exec/s: 498273 rss: 36Mb L: 16/34 MS: 2 EraseBytes-ChangeBinInt-
#4194304	pulse  cov: 50 ft: 407 corp: 157/2821b lim: 4096 exec/s: 466033 rss: 36Mb
#4627772	REDUCE cov: 50 ft: 407 corp: 157/2819b lim: 4096 exec/s: 462777 rss: 36Mb L: 18/34 MS: 2 EraseBytes-InsertByte-
#4639765	REDUCE cov: 50 ft: 407 corp: 157/2817b lim: 4096 exec/s: 463976 rss: 36Mb L: 16/34 MS: 3 ChangeByte-EraseBytes-ChangeByte-
#4686779	REDUCE cov: 50 ft: 407 corp: 157/2815b lim: 4096 exec/s: 468677 rss: 36Mb L: 16/34 MS: 4 InsertByte-ChangeBit-PersAutoDict-EraseBytes- DE: "\377\377"-
#4695461	REDUCE cov: 50 ft: 407 corp: 157/2813b lim: 4096 exec/s: 469546 rss: 36Mb L: 16/34 MS: 2 InsertByte-EraseBytes-
#4998523	REDUCE cov: 50 ft: 407 corp: 157/2811b lim: 4096 exec/s: 454411 rss: 36Mb L: 16/34 MS: 2 EraseBytes-ChangeBinInt-
#5066102	REDUCE cov: 50 ft: 407 corp: 157/2807b lim: 4096 exec/s: 460554 rss: 36Mb L: 17/34 MS: 4 ChangeBinInt-ChangeBinInt-ChangeBinInt-EraseBytes-
#5088427	REDUCE cov: 50 ft: 407 corp: 157/2805b lim: 4096 exec/s: 462584 rss: 36Mb L: 15/34 MS: 5 ShuffleBytes-InsertRepeatedBytes-EraseBytes-ChangeBit-EraseBytes-
#5178150	NEW    cov: 50 ft: 409 corp: 158/2825b lim: 4096 exec/s: 470740 rss: 36Mb L: 20/34 MS: 3 ChangeBit-ShuffleBytes-CrossOver-
#5215047	REDUCE cov: 50 ft: 409 corp: 158/2823b lim: 4096 exec/s: 474095 rss: 36Mb L: 16/34 MS: 2 EraseBytes-CrossOver-
#5234108	NEW    cov: 50 ft: 410 corp: 159/2843b lim: 4096 exec/s: 475828 rss: 36Mb L: 20/34 MS: 1 ChangeBit-
#5420065	REDUCE cov: 50 ft: 410 corp: 159/2841b lim: 4096 exec/s: 451672 rss: 36Mb L: 16/34 MS: 2 EraseBytes-ChangeBit-
#5761406	NEW    cov: 50 ft: 411 corp: 160/2875b lim: 4096 exec/s: 480117 rss: 36Mb L: 34/34 MS: 1 InsertRepeatedBytes-
#5798637	REDUCE cov: 50 ft: 411 corp: 160/2873b lim: 4096 exec/s: 483219 rss: 36Mb L: 32/34 MS: 1 EraseBytes-
#6364775	NEW    cov: 50 ft: 415 corp: 161/2893b lim: 4096 exec/s: 454626 rss: 36Mb L: 20/34 MS: 3 CMP-CrossOver-ChangeASCIIInt- DE: "\001\000\000\000\000\000\000\004"-
#6368942	NEW    cov: 50 ft: 416 corp: 162/2913b lim: 4096 exec/s: 454924 rss: 36Mb L: 20/34 MS: 2 ChangeASCIIInt-CopyPart-
#6375709	NEW    cov: 50 ft: 417 corp: 163/2933b lim: 4096 exec/s: 455407 rss: 36Mb L: 20/34 MS: 2 CrossOver-ChangeBit-
#6388235	NEW    cov: 50 ft: 418 corp: 164/2953b lim: 4096 exec/s: 456302 rss: 36Mb L: 20/34 MS: 1 ChangeBit-
panic: found special char in iban [recovered]
	panic: found special char in iban

goroutine 17 [running, locked to thread]:
git.ultraware.nl/iddinkgroep/fundament-api.Fuzz.func1()
	git.ultraware.nl/iddinkgroep/fundament-api/fuzz.go:19 +0xa5
panic({0x5598284ca760?, 0x5598284ddc70?})
	runtime/panic.go:914 +0x21f
git.ultraware.nl/iddinkgroep/fundament-api.Fuzz({0xc0003bbdb8, 0x14})
	git.ultraware.nl/iddinkgroep/fundament-api/fuzz.go:34 +0x2b9
git.ultraware.nl/iddinkgroep/fundament-api.Fuzz_(...)
	git.ultraware.nl/iddinkgroep/fundament-api/fuzz.1527825026.go:6
main.LLVMFuzzerTestOneInput(...)
	./main.170485750.go:21
==14739== ERROR: libFuzzer: deadly signal
    #0 0x5598283ed630 in __sanitizer_print_stack_trace (/seedai/experiments/libfuzzer/source_iban/libfuzzer+0xaf630) (BuildId: 688cb25bec4564588da2a67f6a2b25148a0fd5d4)
    #1 0x5598283b9755 in fuzzer::PrintStackTrace() (/seedai/experiments/libfuzzer/source_iban/libfuzzer+0x7b755) (BuildId: 688cb25bec4564588da2a67f6a2b25148a0fd5d4)
    #2 0x5598283983a9 in fuzzer::Fuzzer::CrashCallback() (.part.0) FuzzerLoop.cpp.o
    #3 0x55982839846a in fuzzer::Fuzzer::StaticCrashSignalCallback() (/seedai/experiments/libfuzzer/source_iban/libfuzzer+0x5a46a) (BuildId: 688cb25bec4564588da2a67f6a2b25148a0fd5d4)
    #4 0x7fe36acac70f  (/usr/lib/libc.so.6+0x3e70f) (BuildId: 316d0d3666387f0e8fb98773f51aa1801027c5ab)
    #5 0x55982844d160 in runtime.raise.abi0 runtime/sys_linux_amd64.s:153

NOTE: libFuzzer has rudimentary signal handlers.
      Combine libFuzzer with AddressSanitizer or similar for better crash reports.
SUMMARY: libFuzzer: deadly signal
MS: 1 ChangeBinInt-; base unit: 70ce3853f74b391121906ba0dcb6c646e599b5e1
0x41,0x74,0x30,0x30,0x2d,0x30,0x30,0x30,0x30,0x30,0x30,0x30,0x30,0x31,0x30,0x31,0x30,0x30,0x39,0x59,
At00-00000000101009Y
artifact_prefix='./'; Test unit written to ./crash-8226ac08e673a7287b61303cf9e005cd5f37db12
Base64: QXQwMC0wMDAwMDAwMDEwMTAwOVk=
