INFO: Running with entropic power schedule (0xFF, 100).
INFO: Seed: 1432931811
INFO: Loaded 1 modules   (70 inline 8-bit counters): 70 [0x5600a0ff8030, 0x5600a0ff8076), 
INFO: Loaded 1 PC tables (70 PCs): 70 [0xc000068000,0xc000068460), 
INFO:        2 files found in corpus
INFO: -max_len is not provided; libFuzzer will not generate inputs larger than 4096 bytes
INFO: seed corpus: files: 2 min: 24b max: 24b total: 48b rss: 29Mb
#3	INITED cov: 41 ft: 143 corp: 2/48b exec/s: 0 rss: 29Mb
#4	NEW    cov: 42 ft: 147 corp: 3/60b lim: 24 exec/s: 0 rss: 29Mb L: 12/24 MS: 1 EraseBytes-
#5	NEW    cov: 42 ft: 149 corp: 4/73b lim: 24 exec/s: 0 rss: 29Mb L: 13/24 MS: 1 InsertByte-
#6	NEW    cov: 43 ft: 153 corp: 5/94b lim: 24 exec/s: 0 rss: 29Mb L: 21/24 MS: 1 CMP- DE: "\001\000\000\000\000\000\000\""-
#7	NEW    cov: 43 ft: 155 corp: 6/115b lim: 24 exec/s: 0 rss: 29Mb L: 21/24 MS: 1 EraseBytes-
#8	NEW    cov: 43 ft: 157 corp: 7/139b lim: 24 exec/s: 0 rss: 29Mb L: 24/24 MS: 1 CopyPart-
#10	NEW    cov: 43 ft: 159 corp: 8/146b lim: 24 exec/s: 0 rss: 29Mb L: 7/24 MS: 2 ChangeBit-EraseBytes-
#17	NEW    cov: 44 ft: 162 corp: 9/168b lim: 24 exec/s: 0 rss: 29Mb L: 22/24 MS: 2 CopyPart-InsertByte-
#18	NEW    cov: 44 ft: 166 corp: 10/183b lim: 24 exec/s: 0 rss: 29Mb L: 15/24 MS: 1 CrossOver-
#19	NEW    cov: 44 ft: 168 corp: 11/193b lim: 24 exec/s: 0 rss: 29Mb L: 10/24 MS: 1 EraseBytes-
#40	NEW    cov: 45 ft: 175 corp: 12/214b lim: 24 exec/s: 0 rss: 29Mb L: 21/24 MS: 1 PersAutoDict- DE: "\001\000\000\000\000\000\000\""-
#41	NEW    cov: 45 ft: 176 corp: 13/228b lim: 24 exec/s: 0 rss: 29Mb L: 14/24 MS: 1 InsertByte-
#68	REDUCE cov: 45 ft: 176 corp: 13/227b lim: 24 exec/s: 0 rss: 29Mb L: 21/24 MS: 2 ChangeBinInt-EraseBytes-
#69	NEW    cov: 45 ft: 179 corp: 14/251b lim: 24 exec/s: 0 rss: 29Mb L: 24/24 MS: 1 ChangeASCIIInt-
#80	NEW    cov: 45 ft: 181 corp: 15/275b lim: 24 exec/s: 0 rss: 29Mb L: 24/24 MS: 1 CopyPart-
#81	NEW    cov: 45 ft: 182 corp: 16/291b lim: 24 exec/s: 0 rss: 29Mb L: 16/24 MS: 1 InsertRepeatedBytes-
#93	NEW    cov: 45 ft: 183 corp: 17/315b lim: 24 exec/s: 0 rss: 29Mb L: 24/24 MS: 2 ChangeASCIIInt-ShuffleBytes-
#117	NEW    cov: 45 ft: 191 corp: 18/334b lim: 24 exec/s: 0 rss: 29Mb L: 19/24 MS: 4 ChangeASCIIInt-CrossOver-ChangeASCIIInt-PersAutoDict- DE: "\001\000\000\000\000\000\000\""-
#128	NEW    cov: 45 ft: 194 corp: 19/353b lim: 24 exec/s: 0 rss: 29Mb L: 19/24 MS: 1 ChangeByte-
#156	NEW    cov: 45 ft: 195 corp: 20/370b lim: 24 exec/s: 0 rss: 29Mb L: 17/24 MS: 3 CrossOver-PersAutoDict-EraseBytes- DE: "\001\000\000\000\000\000\000\""-
#157	NEW    cov: 45 ft: 196 corp: 21/389b lim: 24 exec/s: 0 rss: 29Mb L: 19/24 MS: 1 CopyPart-
#173	NEW    cov: 45 ft: 197 corp: 22/404b lim: 24 exec/s: 0 rss: 29Mb L: 15/24 MS: 1 CrossOver-
#279	NEW    cov: 45 ft: 198 corp: 23/428b lim: 24 exec/s: 0 rss: 30Mb L: 24/24 MS: 1 ChangeBit-
#315	NEW    cov: 45 ft: 204 corp: 24/452b lim: 24 exec/s: 0 rss: 30Mb L: 24/24 MS: 1 ChangeByte-
#353	NEW    cov: 45 ft: 206 corp: 25/476b lim: 24 exec/s: 0 rss: 30Mb L: 24/24 MS: 3 ChangeBinInt-ShuffleBytes-ChangeBinInt-
#369	NEW    cov: 45 ft: 208 corp: 26/500b lim: 24 exec/s: 0 rss: 30Mb L: 24/24 MS: 1 CrossOver-
#370	NEW    cov: 45 ft: 209 corp: 27/524b lim: 24 exec/s: 0 rss: 30Mb L: 24/24 MS: 1 ShuffleBytes-
#371	NEW    cov: 45 ft: 211 corp: 28/548b lim: 24 exec/s: 0 rss: 30Mb L: 24/24 MS: 1 ChangeBit-
#422	NEW    cov: 45 ft: 217 corp: 29/572b lim: 24 exec/s: 0 rss: 30Mb L: 24/24 MS: 1 CopyPart-
#436	NEW    cov: 45 ft: 218 corp: 30/593b lim: 24 exec/s: 0 rss: 30Mb L: 21/24 MS: 4 CopyPart-ChangeBit-PersAutoDict-CrossOver- DE: "\001\000\000\000\000\000\000\""-
#494	NEW    cov: 45 ft: 220 corp: 31/617b lim: 24 exec/s: 0 rss: 30Mb L: 24/24 MS: 3 ChangeASCIIInt-ChangeBit-CopyPart-
#505	NEW    cov: 45 ft: 221 corp: 32/640b lim: 24 exec/s: 0 rss: 30Mb L: 23/24 MS: 1 InsertRepeatedBytes-
#526	NEW    cov: 45 ft: 223 corp: 33/664b lim: 24 exec/s: 0 rss: 30Mb L: 24/24 MS: 1 ChangeBit-
#583	NEW    cov: 45 ft: 224 corp: 34/688b lim: 24 exec/s: 0 rss: 30Mb L: 24/24 MS: 2 EraseBytes-CopyPart-
#675	NEW    cov: 45 ft: 233 corp: 35/711b lim: 24 exec/s: 0 rss: 30Mb L: 23/24 MS: 2 CrossOver-CrossOver-
#721	NEW    cov: 46 ft: 234 corp: 36/735b lim: 24 exec/s: 0 rss: 30Mb L: 24/24 MS: 1 ChangeByte-
#738	NEW    cov: 46 ft: 236 corp: 37/759b lim: 24 exec/s: 0 rss: 30Mb L: 24/24 MS: 2 CrossOver-ChangeBinInt-
#789	NEW    cov: 46 ft: 237 corp: 38/780b lim: 24 exec/s: 0 rss: 30Mb L: 21/24 MS: 1 ChangeByte-
#800	NEW    cov: 46 ft: 238 corp: 39/804b lim: 24 exec/s: 0 rss: 30Mb L: 24/24 MS: 1 CopyPart-
#834	NEW    cov: 46 ft: 240 corp: 40/806b lim: 24 exec/s: 0 rss: 30Mb L: 2/24 MS: 4 ChangeASCIIInt-InsertByte-CrossOver-EraseBytes-
#838	REDUCE cov: 46 ft: 240 corp: 40/805b lim: 24 exec/s: 0 rss: 30Mb L: 23/24 MS: 4 EraseBytes-ChangeASCIIInt-ChangeBinInt-ChangeByte-
#961	REDUCE cov: 46 ft: 240 corp: 40/802b lim: 24 exec/s: 0 rss: 30Mb L: 4/24 MS: 3 CopyPart-ChangeASCIIInt-EraseBytes-
#1007	NEW    cov: 46 ft: 242 corp: 41/826b lim: 24 exec/s: 0 rss: 30Mb L: 24/24 MS: 1 ShuffleBytes-
#1061	REDUCE cov: 46 ft: 242 corp: 41/825b lim: 24 exec/s: 0 rss: 30Mb L: 23/24 MS: 4 ChangeBit-ChangeBinInt-ChangeByte-CrossOver-
#1223	REDUCE cov: 46 ft: 242 corp: 41/819b lim: 24 exec/s: 0 rss: 30Mb L: 15/24 MS: 2 ChangeBinInt-EraseBytes-
#1266	NEW    cov: 46 ft: 243 corp: 42/842b lim: 24 exec/s: 0 rss: 30Mb L: 23/24 MS: 3 CopyPart-CrossOver-CopyPart-
#1437	NEW    cov: 46 ft: 244 corp: 43/866b lim: 24 exec/s: 0 rss: 30Mb L: 24/24 MS: 1 ShuffleBytes-
#1458	NEW    cov: 46 ft: 246 corp: 44/890b lim: 24 exec/s: 0 rss: 30Mb L: 24/24 MS: 1 CrossOver-
#1476	NEW    cov: 46 ft: 247 corp: 45/914b lim: 24 exec/s: 0 rss: 30Mb L: 24/24 MS: 3 ChangeASCIIInt-ChangeByte-ChangeBit-
#1655	NEW    cov: 46 ft: 248 corp: 46/938b lim: 24 exec/s: 0 rss: 30Mb L: 24/24 MS: 4 ChangeBit-ShuffleBytes-CopyPart-ChangeBit-
#1751	NEW    cov: 46 ft: 250 corp: 47/962b lim: 24 exec/s: 0 rss: 30Mb L: 24/24 MS: 1 ChangeASCIIInt-
#1759	REDUCE cov: 46 ft: 250 corp: 47/961b lim: 24 exec/s: 0 rss: 30Mb L: 20/24 MS: 3 CopyPart-ShuffleBytes-EraseBytes-
#1846	REDUCE cov: 46 ft: 250 corp: 47/960b lim: 24 exec/s: 0 rss: 30Mb L: 23/24 MS: 2 ChangeBit-EraseBytes-
#1858	REDUCE cov: 46 ft: 250 corp: 47/959b lim: 24 exec/s: 0 rss: 30Mb L: 23/24 MS: 2 ShuffleBytes-EraseBytes-
#1862	REDUCE cov: 46 ft: 250 corp: 47/958b lim: 24 exec/s: 0 rss: 30Mb L: 23/24 MS: 4 ChangeASCIIInt-CopyPart-PersAutoDict-EraseBytes- DE: "\001\000\000\000\000\000\000\""-
#2061	NEW    cov: 46 ft: 251 corp: 48/976b lim: 24 exec/s: 0 rss: 30Mb L: 18/24 MS: 4 CMP-ChangeBinInt-EraseBytes-ChangeBinInt- DE: "\001\000\000\000\000\000\000\002"-
#2137	NEW    cov: 46 ft: 253 corp: 49/1000b lim: 24 exec/s: 0 rss: 30Mb L: 24/24 MS: 1 ChangeByte-
#2160	REDUCE cov: 46 ft: 253 corp: 49/998b lim: 24 exec/s: 0 rss: 30Mb L: 19/24 MS: 3 CopyPart-InsertByte-EraseBytes-
#2304	NEW    cov: 46 ft: 254 corp: 50/1022b lim: 24 exec/s: 0 rss: 30Mb L: 24/24 MS: 4 ChangeASCIIInt-ChangeByte-CrossOver-ChangeBit-
#2394	REDUCE cov: 46 ft: 254 corp: 50/1017b lim: 24 exec/s: 0 rss: 30Mb L: 16/24 MS: 5 EraseBytes-ShuffleBytes-InsertByte-ChangeASCIIInt-CrossOver-
#2431	REDUCE cov: 46 ft: 254 corp: 50/1009b lim: 24 exec/s: 0 rss: 30Mb L: 15/24 MS: 2 ChangeASCIIInt-EraseBytes-
#2536	NEW    cov: 46 ft: 255 corp: 51/1033b lim: 24 exec/s: 0 rss: 30Mb L: 24/24 MS: 5 ChangeBit-CrossOver-CopyPart-ChangeByte-ChangeByte-
#2544	NEW    cov: 46 ft: 257 corp: 52/1052b lim: 24 exec/s: 0 rss: 30Mb L: 19/24 MS: 3 CrossOver-CMP-InsertByte- DE: "\011\000\000\000\000\000\000\000"-
#2571	NEW    cov: 46 ft: 258 corp: 53/1076b lim: 24 exec/s: 0 rss: 30Mb L: 24/24 MS: 2 ChangeASCIIInt-ChangeBit-
#2579	REDUCE cov: 46 ft: 263 corp: 54/1097b lim: 24 exec/s: 0 rss: 30Mb L: 21/24 MS: 3 InsertByte-EraseBytes-InsertRepeatedBytes-
#2779	REDUCE cov: 46 ft: 263 corp: 54/1095b lim: 24 exec/s: 0 rss: 30Mb L: 19/24 MS: 5 ChangeBit-ChangeBinInt-CrossOver-PersAutoDict-InsertByte- DE: "\001\000\000\000\000\000\000\002"-
#2831	NEW    cov: 46 ft: 264 corp: 55/1119b lim: 24 exec/s: 0 rss: 30Mb L: 24/24 MS: 2 CopyPart-ChangeBinInt-
#3079	NEW    cov: 46 ft: 266 corp: 56/1143b lim: 24 exec/s: 0 rss: 30Mb L: 24/24 MS: 3 ChangeBit-ChangeASCIIInt-ChangeBit-
#3116	REDUCE cov: 46 ft: 266 corp: 56/1140b lim: 24 exec/s: 0 rss: 30Mb L: 16/24 MS: 2 EraseBytes-ChangeByte-
#3127	REDUCE cov: 46 ft: 266 corp: 56/1132b lim: 24 exec/s: 0 rss: 30Mb L: 16/24 MS: 1 CrossOver-
#3405	REDUCE cov: 46 ft: 266 corp: 56/1128b lim: 24 exec/s: 0 rss: 30Mb L: 20/24 MS: 3 EraseBytes-CrossOver-ChangeBinInt-
#3814	REDUCE cov: 46 ft: 267 corp: 57/1155b lim: 28 exec/s: 0 rss: 31Mb L: 27/27 MS: 4 CrossOver-ShuffleBytes-ChangeBinInt-InsertRepeatedBytes-
#3905	REDUCE cov: 46 ft: 267 corp: 57/1154b lim: 28 exec/s: 0 rss: 31Mb L: 23/27 MS: 1 EraseBytes-
#4322	NEW    cov: 46 ft: 268 corp: 58/1183b lim: 32 exec/s: 0 rss: 31Mb L: 29/29 MS: 2 CrossOver-InsertByte-
#4329	NEW    cov: 46 ft: 269 corp: 59/1215b lim: 32 exec/s: 0 rss: 31Mb L: 32/32 MS: 2 CopyPart-CopyPart-
#4545	NEW    cov: 46 ft: 271 corp: 60/1239b lim: 32 exec/s: 0 rss: 31Mb L: 24/32 MS: 1 ChangeByte-
#5059	NEW    cov: 46 ft: 272 corp: 61/1272b lim: 37 exec/s: 0 rss: 31Mb L: 33/33 MS: 4 ChangeByte-ChangeBinInt-InsertByte-CMP- DE: "\002\000\000\000\000\000\000\000"-
#5212	REDUCE cov: 46 ft: 274 corp: 62/1306b lim: 37 exec/s: 0 rss: 31Mb L: 34/34 MS: 3 CrossOver-ChangeBit-EraseBytes-
#5965	REDUCE cov: 46 ft: 274 corp: 62/1304b lim: 42 exec/s: 0 rss: 31Mb L: 22/34 MS: 3 EraseBytes-ChangeBit-InsertByte-
#6469	NEW    cov: 46 ft: 275 corp: 63/1326b lim: 42 exec/s: 0 rss: 31Mb L: 22/34 MS: 4 EraseBytes-ChangeASCIIInt-ChangeASCIIInt-InsertRepeatedBytes-
#6860	NEW    cov: 46 ft: 276 corp: 64/1347b lim: 42 exec/s: 0 rss: 31Mb L: 21/34 MS: 1 CopyPart-
#7450	REDUCE cov: 46 ft: 276 corp: 64/1346b lim: 47 exec/s: 0 rss: 31Mb L: 21/34 MS: 5 CopyPart-ShuffleBytes-PersAutoDict-ChangeBit-EraseBytes- DE: "\001\000\000\000\000\000\000\""-
#7471	NEW    cov: 46 ft: 281 corp: 65/1367b lim: 47 exec/s: 0 rss: 31Mb L: 21/34 MS: 1 ChangeBinInt-
#8041	REDUCE cov: 46 ft: 281 corp: 65/1366b lim: 52 exec/s: 0 rss: 31Mb L: 15/34 MS: 5 ChangeASCIIInt-ShuffleBytes-ChangeByte-ShuffleBytes-EraseBytes-
#8426	REDUCE cov: 46 ft: 281 corp: 65/1365b lim: 52 exec/s: 0 rss: 32Mb L: 31/34 MS: 5 CrossOver-CMP-CMP-EraseBytes-InsertByte- DE: "\000\000\000\000\000\000\000\024"-"\000\000\000\000\000\000\000\000"-
#9514	REDUCE cov: 46 ft: 282 corp: 66/1381b lim: 62 exec/s: 0 rss: 32Mb L: 16/34 MS: 3 ChangeByte-ChangeByte-ChangeBinInt-
#10265	NEW    cov: 46 ft: 286 corp: 67/1405b lim: 67 exec/s: 0 rss: 32Mb L: 24/34 MS: 1 CopyPart-
#11737	REDUCE cov: 46 ft: 286 corp: 67/1403b lim: 79 exec/s: 0 rss: 32Mb L: 18/34 MS: 2 EraseBytes-ChangeByte-
#12074	REDUCE cov: 46 ft: 286 corp: 67/1401b lim: 79 exec/s: 0 rss: 32Mb L: 17/34 MS: 2 ChangeBit-EraseBytes-
#13131	REDUCE cov: 46 ft: 286 corp: 67/1399b lim: 85 exec/s: 0 rss: 32Mb L: 16/34 MS: 2 ChangeByte-EraseBytes-
#13177	NEW    cov: 46 ft: 288 corp: 68/1423b lim: 85 exec/s: 0 rss: 32Mb L: 24/34 MS: 1 CopyPart-
#13958	REDUCE cov: 46 ft: 288 corp: 68/1422b lim: 91 exec/s: 0 rss: 33Mb L: 18/34 MS: 1 EraseBytes-
#14710	NEW    cov: 47 ft: 295 corp: 69/1446b lim: 97 exec/s: 0 rss: 33Mb L: 24/34 MS: 2 ChangeASCIIInt-ShuffleBytes-
#14833	REDUCE cov: 47 ft: 295 corp: 69/1443b lim: 97 exec/s: 0 rss: 33Mb L: 21/34 MS: 3 PersAutoDict-CrossOver-EraseBytes- DE: "\001\000\000\000\000\000\000\002"-
#15170	REDUCE cov: 47 ft: 295 corp: 69/1442b lim: 97 exec/s: 0 rss: 33Mb L: 23/34 MS: 2 EraseBytes-ChangeBinInt-
#16577	NEW    cov: 47 ft: 296 corp: 70/1458b lim: 109 exec/s: 0 rss: 33Mb L: 16/34 MS: 2 ChangeByte-ChangeByte-
#16747	REDUCE cov: 47 ft: 296 corp: 70/1455b lim: 109 exec/s: 0 rss: 33Mb L: 19/34 MS: 5 ChangeBinInt-ChangeBit-ShuffleBytes-EraseBytes-ChangeBinInt-
#17978	REDUCE cov: 47 ft: 296 corp: 70/1454b lim: 121 exec/s: 0 rss: 33Mb L: 23/34 MS: 1 EraseBytes-
#18076	REDUCE cov: 47 ft: 296 corp: 70/1450b lim: 121 exec/s: 0 rss: 34Mb L: 20/34 MS: 3 ChangeASCIIInt-ChangeByte-EraseBytes-
#19649	REDUCE cov: 47 ft: 296 corp: 70/1449b lim: 133 exec/s: 0 rss: 34Mb L: 15/34 MS: 3 ChangeBinInt-ShuffleBytes-EraseBytes-
#20549	REDUCE cov: 47 ft: 296 corp: 70/1448b lim: 140 exec/s: 0 rss: 34Mb L: 19/34 MS: 5 PersAutoDict-ShuffleBytes-EraseBytes-ChangeBit-EraseBytes- DE: "\000\000\000\000\000\000\000\024"-
#21275	REDUCE cov: 47 ft: 296 corp: 70/1447b lim: 147 exec/s: 0 rss: 34Mb L: 23/34 MS: 1 EraseBytes-
#21654	REDUCE cov: 47 ft: 296 corp: 70/1445b lim: 147 exec/s: 0 rss: 34Mb L: 15/34 MS: 4 EraseBytes-ShuffleBytes-ShuffleBytes-ChangeBinInt-
#23208	REDUCE cov: 47 ft: 296 corp: 70/1444b lim: 161 exec/s: 0 rss: 34Mb L: 23/34 MS: 4 EraseBytes-CrossOver-ChangeASCIIInt-EraseBytes-
#25039	NEW    cov: 47 ft: 298 corp: 71/1468b lim: 175 exec/s: 0 rss: 34Mb L: 24/34 MS: 1 CopyPart-
#25555	NEW    cov: 47 ft: 299 corp: 72/1483b lim: 175 exec/s: 0 rss: 34Mb L: 15/34 MS: 1 ChangeBit-
#26173	REDUCE cov: 47 ft: 299 corp: 72/1482b lim: 175 exec/s: 0 rss: 34Mb L: 15/34 MS: 3 InsertByte-PersAutoDict-EraseBytes- DE: "\002\000\000\000\000\000\000\000"-
#26939	REDUCE cov: 47 ft: 300 corp: 73/1505b lim: 182 exec/s: 0 rss: 34Mb L: 23/34 MS: 1 ChangeBinInt-
#27161	REDUCE cov: 47 ft: 300 corp: 73/1504b lim: 182 exec/s: 0 rss: 34Mb L: 23/34 MS: 2 EraseBytes-InsertByte-
#27499	REDUCE cov: 47 ft: 300 corp: 73/1501b lim: 182 exec/s: 0 rss: 34Mb L: 21/34 MS: 3 EraseBytes-ChangeASCIIInt-ChangeBit-
#27950	REDUCE cov: 47 ft: 300 corp: 73/1500b lim: 182 exec/s: 0 rss: 34Mb L: 23/34 MS: 1 EraseBytes-
#29218	REDUCE cov: 47 ft: 300 corp: 73/1497b lim: 189 exec/s: 0 rss: 34Mb L: 16/34 MS: 3 ChangeBit-CopyPart-EraseBytes-
#29491	REDUCE cov: 47 ft: 300 corp: 73/1495b lim: 189 exec/s: 0 rss: 34Mb L: 19/34 MS: 3 CopyPart-EraseBytes-ChangeByte-
#30342	NEW    cov: 47 ft: 301 corp: 74/1518b lim: 196 exec/s: 0 rss: 34Mb L: 23/34 MS: 1 ChangeBit-
#35389	REDUCE cov: 47 ft: 301 corp: 74/1517b lim: 245 exec/s: 0 rss: 34Mb L: 23/34 MS: 2 ChangeByte-EraseBytes-
#35806	REDUCE cov: 47 ft: 301 corp: 74/1516b lim: 245 exec/s: 0 rss: 34Mb L: 22/34 MS: 2 CMP-EraseBytes- DE: "\001\000\000\000\000\000\000\027"-
#36777	REDUCE cov: 47 ft: 301 corp: 74/1515b lim: 252 exec/s: 0 rss: 34Mb L: 23/34 MS: 1 EraseBytes-
#37353	REDUCE cov: 47 ft: 303 corp: 75/1538b lim: 252 exec/s: 0 rss: 34Mb L: 23/34 MS: 1 ChangeASCIIInt-
#40779	REDUCE cov: 47 ft: 303 corp: 75/1537b lim: 283 exec/s: 0 rss: 34Mb L: 23/34 MS: 1 EraseBytes-
#42337	REDUCE cov: 47 ft: 303 corp: 75/1536b lim: 291 exec/s: 0 rss: 34Mb L: 22/34 MS: 3 EraseBytes-ChangeByte-ChangeBinInt-
#44263	NEW    cov: 48 ft: 308 corp: 76/1559b lim: 307 exec/s: 0 rss: 34Mb L: 23/34 MS: 1 ChangeBinInt-
#44446	REDUCE cov: 48 ft: 308 corp: 76/1558b lim: 307 exec/s: 0 rss: 34Mb L: 20/34 MS: 3 InsertByte-EraseBytes-PersAutoDict- DE: "\011\000\000\000\000\000\000\000"-
#47587	NEW    cov: 48 ft: 312 corp: 77/1582b lim: 331 exec/s: 0 rss: 34Mb L: 24/34 MS: 1 ChangeBit-
#47734	NEW    cov: 48 ft: 313 corp: 78/1604b lim: 331 exec/s: 0 rss: 34Mb L: 22/34 MS: 2 CrossOver-EraseBytes-
#48145	NEW    cov: 48 ft: 314 corp: 79/1627b lim: 331 exec/s: 0 rss: 34Mb L: 23/34 MS: 1 ChangeASCIIInt-
#48151	NEW    cov: 48 ft: 315 corp: 80/1650b lim: 331 exec/s: 0 rss: 34Mb L: 23/34 MS: 1 ShuffleBytes-
#48287	NEW    cov: 48 ft: 316 corp: 81/1673b lim: 331 exec/s: 0 rss: 34Mb L: 23/34 MS: 1 ChangeASCIIInt-
#48658	NEW    cov: 48 ft: 317 corp: 82/1696b lim: 331 exec/s: 0 rss: 34Mb L: 23/34 MS: 1 ChangeByte-
#49069	NEW    cov: 48 ft: 318 corp: 83/1719b lim: 331 exec/s: 0 rss: 34Mb L: 23/34 MS: 1 ShuffleBytes-
#49435	NEW    cov: 48 ft: 319 corp: 84/1742b lim: 331 exec/s: 0 rss: 34Mb L: 23/34 MS: 1 ChangeByte-
#50947	REDUCE cov: 48 ft: 319 corp: 84/1740b lim: 339 exec/s: 0 rss: 34Mb L: 22/34 MS: 2 CopyPart-EraseBytes-
#51013	NEW    cov: 48 ft: 320 corp: 85/1763b lim: 339 exec/s: 0 rss: 34Mb L: 23/34 MS: 1 ChangeASCIIInt-
#51334	NEW    cov: 48 ft: 321 corp: 86/1786b lim: 339 exec/s: 0 rss: 34Mb L: 23/34 MS: 1 ShuffleBytes-
#51496	NEW    cov: 48 ft: 322 corp: 87/1809b lim: 339 exec/s: 0 rss: 34Mb L: 23/34 MS: 2 ChangeASCIIInt-ChangeASCIIInt-
#51667	NEW    cov: 48 ft: 323 corp: 88/1832b lim: 339 exec/s: 0 rss: 34Mb L: 23/34 MS: 1 ShuffleBytes-
#51793	NEW    cov: 48 ft: 324 corp: 89/1855b lim: 339 exec/s: 0 rss: 34Mb L: 23/34 MS: 1 ChangeASCIIInt-
#51891	REDUCE cov: 48 ft: 324 corp: 89/1852b lim: 339 exec/s: 0 rss: 34Mb L: 1/34 MS: 3 EraseBytes-ChangeASCIIInt-EraseBytes-
#51942	NEW    cov: 48 ft: 325 corp: 90/1875b lim: 339 exec/s: 0 rss: 34Mb L: 23/34 MS: 1 ChangeASCIIInt-
#52288	NEW    cov: 48 ft: 326 corp: 91/1898b lim: 339 exec/s: 0 rss: 34Mb L: 23/34 MS: 1 ShuffleBytes-
#52579	NEW    cov: 48 ft: 327 corp: 92/1921b lim: 339 exec/s: 0 rss: 34Mb L: 23/34 MS: 1 ChangeASCIIInt-
#53190	NEW    cov: 48 ft: 328 corp: 93/1944b lim: 339 exec/s: 0 rss: 34Mb L: 23/34 MS: 1 ChangeBit-
#53581	NEW    cov: 48 ft: 329 corp: 94/1967b lim: 339 exec/s: 0 rss: 34Mb L: 23/34 MS: 1 ChangeASCIIInt-
#54734	NEW    cov: 48 ft: 330 corp: 95/1983b lim: 347 exec/s: 0 rss: 34Mb L: 16/34 MS: 3 ChangeASCIIInt-CMP-ChangeBit- DE: "3\000"-
#55075	NEW    cov: 48 ft: 331 corp: 96/2006b lim: 347 exec/s: 0 rss: 34Mb L: 23/34 MS: 1 ChangeASCIIInt-
#55426	NEW    cov: 48 ft: 332 corp: 97/2029b lim: 347 exec/s: 0 rss: 34Mb L: 23/34 MS: 1 ShuffleBytes-
#55757	NEW    cov: 48 ft: 333 corp: 98/2052b lim: 347 exec/s: 0 rss: 34Mb L: 23/34 MS: 1 ChangeASCIIInt-
#56868	NEW    cov: 48 ft: 334 corp: 99/2075b lim: 355 exec/s: 0 rss: 34Mb L: 23/34 MS: 1 ChangeBit-
#56914	NEW    cov: 48 ft: 336 corp: 100/2098b lim: 355 exec/s: 0 rss: 34Mb L: 23/34 MS: 1 ShuffleBytes-
#57174	REDUCE cov: 48 ft: 336 corp: 100/2095b lim: 355 exec/s: 0 rss: 34Mb L: 20/34 MS: 5 ChangeBinInt-EraseBytes-CopyPart-ShuffleBytes-InsertByte-
#58754	REDUCE cov: 48 ft: 336 corp: 100/2092b lim: 363 exec/s: 0 rss: 34Mb L: 20/34 MS: 5 PersAutoDict-ShuffleBytes-ChangeByte-ChangeBit-EraseBytes- DE: "\000\000\000\000\000\000\000\000"-
#60966	NEW    cov: 48 ft: 338 corp: 101/2115b lim: 379 exec/s: 0 rss: 34Mb L: 23/34 MS: 2 ChangeASCIIInt-ChangeASCIIInt-
#62180	REDUCE cov: 48 ft: 338 corp: 101/2114b lim: 387 exec/s: 0 rss: 34Mb L: 15/34 MS: 4 ChangeASCIIInt-ChangeBit-ShuffleBytes-EraseBytes-
#62207	REDUCE cov: 48 ft: 338 corp: 101/2112b lim: 387 exec/s: 0 rss: 34Mb L: 21/34 MS: 2 ChangeBit-EraseBytes-
#62243	NEW    cov: 48 ft: 339 corp: 102/2135b lim: 387 exec/s: 0 rss: 34Mb L: 23/34 MS: 1 ChangeASCIIInt-
#62414	NEW    cov: 48 ft: 340 corp: 103/2158b lim: 387 exec/s: 0 rss: 34Mb L: 23/34 MS: 1 ChangeASCIIInt-
#62460	NEW    cov: 48 ft: 341 corp: 104/2181b lim: 387 exec/s: 0 rss: 34Mb L: 23/34 MS: 1 ShuffleBytes-
#62571	REDUCE cov: 48 ft: 341 corp: 104/2180b lim: 387 exec/s: 0 rss: 34Mb L: 22/34 MS: 1 EraseBytes-
#63512	NEW    cov: 48 ft: 342 corp: 105/2203b lim: 395 exec/s: 0 rss: 34Mb L: 23/34 MS: 1 ChangeASCIIInt-
#63759	NEW    cov: 48 ft: 343 corp: 106/2226b lim: 395 exec/s: 0 rss: 34Mb L: 23/34 MS: 2 ChangeBit-ChangeASCIIInt-
#64475	NEW    cov: 48 ft: 344 corp: 107/2249b lim: 395 exec/s: 0 rss: 34Mb L: 23/34 MS: 1 ShuffleBytes-
#65531	NEW    cov: 48 ft: 346 corp: 108/2272b lim: 403 exec/s: 0 rss: 34Mb L: 23/34 MS: 1 ShuffleBytes-
#66257	NEW    cov: 48 ft: 347 corp: 109/2295b lim: 403 exec/s: 0 rss: 34Mb L: 23/34 MS: 1 ChangeBit-
#66572	REDUCE cov: 48 ft: 347 corp: 109/2293b lim: 403 exec/s: 0 rss: 34Mb L: 20/34 MS: 5 ChangeByte-ShuffleBytes-EraseBytes-CopyPart-ChangeBit-
#67018	NEW    cov: 48 ft: 349 corp: 110/2316b lim: 403 exec/s: 0 rss: 34Mb L: 23/34 MS: 1 CopyPart-
#67084	NEW    cov: 48 ft: 350 corp: 111/2339b lim: 403 exec/s: 0 rss: 34Mb L: 23/34 MS: 1 ChangeASCIIInt-
#68457	NEW    cov: 48 ft: 351 corp: 112/2362b lim: 411 exec/s: 0 rss: 34Mb L: 23/34 MS: 3 PersAutoDict-ChangeASCIIInt-ChangeBit- DE: "3\000"-
#68998	NEW    cov: 48 ft: 352 corp: 113/2385b lim: 411 exec/s: 0 rss: 34Mb L: 23/34 MS: 1 CopyPart-
#69361	REDUCE cov: 48 ft: 352 corp: 113/2384b lim: 411 exec/s: 0 rss: 34Mb L: 22/34 MS: 3 ChangeBinInt-ChangeASCIIInt-EraseBytes-
#69587	NEW    cov: 48 ft: 353 corp: 114/2407b lim: 411 exec/s: 0 rss: 34Mb L: 23/34 MS: 1 ShuffleBytes-
#72754	NEW    cov: 48 ft: 354 corp: 115/2430b lim: 435 exec/s: 0 rss: 34Mb L: 23/34 MS: 2 ChangeBinInt-ChangeBit-
#73608	REDUCE cov: 48 ft: 354 corp: 115/2426b lim: 443 exec/s: 0 rss: 34Mb L: 19/34 MS: 4 ChangeByte-ChangeASCIIInt-EraseBytes-ChangeByte-
#74963	REDUCE cov: 48 ft: 354 corp: 115/2425b lim: 451 exec/s: 0 rss: 34Mb L: 18/34 MS: 5 ChangeByte-ChangeASCIIInt-ChangeASCIIInt-ChangeByte-EraseBytes-
#75314	REDUCE cov: 48 ft: 354 corp: 115/2424b lim: 451 exec/s: 0 rss: 34Mb L: 22/34 MS: 1 EraseBytes-
#76117	REDUCE cov: 48 ft: 354 corp: 115/2423b lim: 451 exec/s: 0 rss: 34Mb L: 20/34 MS: 3 ChangeASCIIInt-EraseBytes-PersAutoDict- DE: "\011\000\000\000\000\000\000\000"-
#77499	NEW    cov: 48 ft: 355 corp: 116/2446b lim: 459 exec/s: 0 rss: 34Mb L: 23/34 MS: 2 ChangeASCIIInt-ChangeBit-
#79061	REDUCE cov: 48 ft: 355 corp: 116/2445b lim: 467 exec/s: 0 rss: 34Mb L: 22/34 MS: 2 ShuffleBytes-EraseBytes-
#80361	REDUCE cov: 48 ft: 355 corp: 116/2443b lim: 475 exec/s: 0 rss: 34Mb L: 15/34 MS: 5 InsertByte-EraseBytes-ChangeBit-ChangeASCIIInt-InsertByte-
#80623	REDUCE cov: 48 ft: 356 corp: 117/2465b lim: 475 exec/s: 0 rss: 34Mb L: 22/34 MS: 2 ChangeASCIIInt-CopyPart-
#82129	REDUCE cov: 48 ft: 359 corp: 118/2488b lim: 483 exec/s: 0 rss: 34Mb L: 23/34 MS: 1 ChangeByte-
#88184	NEW    cov: 48 ft: 360 corp: 119/2507b lim: 542 exec/s: 0 rss: 34Mb L: 19/34 MS: 5 ChangeBinInt-ChangeByte-InsertByte-ChangeBit-EraseBytes-
#88541	REDUCE cov: 48 ft: 360 corp: 119/2506b lim: 542 exec/s: 0 rss: 34Mb L: 18/34 MS: 2 CrossOver-EraseBytes-
#99778	NEW    cov: 48 ft: 361 corp: 120/2529b lim: 650 exec/s: 0 rss: 35Mb L: 23/34 MS: 2 ChangeByte-ChangeBit-
#100184	NEW    cov: 48 ft: 362 corp: 121/2552b lim: 650 exec/s: 0 rss: 35Mb L: 23/34 MS: 1 ChangeBit-
#102717	REDUCE cov: 48 ft: 362 corp: 121/2550b lim: 668 exec/s: 0 rss: 35Mb L: 16/34 MS: 3 ChangeBinInt-EraseBytes-CopyPart-
#103813	REDUCE cov: 48 ft: 362 corp: 121/2548b lim: 677 exec/s: 0 rss: 35Mb L: 21/34 MS: 1 EraseBytes-
#103845	NEW    cov: 48 ft: 363 corp: 122/2571b lim: 677 exec/s: 0 rss: 35Mb L: 23/34 MS: 2 ChangeByte-ShuffleBytes-
#103888	REDUCE cov: 48 ft: 363 corp: 122/2570b lim: 677 exec/s: 0 rss: 35Mb L: 22/34 MS: 3 EraseBytes-InsertByte-CMP- DE: "/\000\000\000"-
#103890	NEW    cov: 48 ft: 364 corp: 123/2593b lim: 677 exec/s: 0 rss: 35Mb L: 23/34 MS: 2 ChangeBit-ShuffleBytes-
#104113	REDUCE cov: 48 ft: 364 corp: 123/2592b lim: 677 exec/s: 0 rss: 35Mb L: 22/34 MS: 3 InsertRepeatedBytes-EraseBytes-EraseBytes-
#104603	REDUCE cov: 48 ft: 364 corp: 123/2591b lim: 677 exec/s: 0 rss: 35Mb L: 22/34 MS: 5 EraseBytes-CopyPart-ShuffleBytes-InsertByte-EraseBytes-
#107204	NEW    cov: 48 ft: 365 corp: 124/2614b lim: 695 exec/s: 0 rss: 35Mb L: 23/34 MS: 1 ShuffleBytes-
#107297	REDUCE cov: 48 ft: 366 corp: 125/2635b lim: 695 exec/s: 0 rss: 35Mb L: 21/34 MS: 3 EraseBytes-ChangeByte-CopyPart-
#109130	REDUCE cov: 48 ft: 366 corp: 125/2629b lim: 713 exec/s: 0 rss: 35Mb L: 15/34 MS: 3 ShuffleBytes-CopyPart-EraseBytes-
#111656	REDUCE cov: 48 ft: 366 corp: 125/2628b lim: 731 exec/s: 0 rss: 35Mb L: 22/34 MS: 1 EraseBytes-
#111658	REDUCE cov: 48 ft: 366 corp: 125/2627b lim: 731 exec/s: 0 rss: 35Mb L: 21/34 MS: 2 EraseBytes-PersAutoDict- DE: "/\000\000\000"-
#111739	NEW    cov: 48 ft: 370 corp: 126/2650b lim: 731 exec/s: 0 rss: 35Mb L: 23/34 MS: 1 ChangeBit-
#112391	REDUCE cov: 48 ft: 370 corp: 126/2647b lim: 731 exec/s: 0 rss: 35Mb L: 20/34 MS: 2 EraseBytes-ChangeByte-
#114034	REDUCE cov: 48 ft: 370 corp: 126/2646b lim: 740 exec/s: 0 rss: 35Mb L: 18/34 MS: 3 CMP-ChangeBit-EraseBytes- DE: "\001\000\000a"-
#116531	REDUCE cov: 48 ft: 370 corp: 126/2645b lim: 758 exec/s: 0 rss: 35Mb L: 20/34 MS: 2 EraseBytes-CopyPart-
#119867	REDUCE cov: 48 ft: 370 corp: 126/2644b lim: 785 exec/s: 0 rss: 35Mb L: 22/34 MS: 1 EraseBytes-
#120440	REDUCE cov: 48 ft: 370 corp: 126/2643b lim: 785 exec/s: 0 rss: 35Mb L: 15/34 MS: 3 EraseBytes-ChangeBinInt-ChangeBinInt-
#120706	REDUCE cov: 48 ft: 370 corp: 126/2642b lim: 785 exec/s: 0 rss: 35Mb L: 21/34 MS: 1 EraseBytes-
#121382	REDUCE cov: 48 ft: 371 corp: 127/2662b lim: 785 exec/s: 0 rss: 35Mb L: 20/34 MS: 1 ChangeBit-
#123553	NEW    cov: 48 ft: 373 corp: 128/2686b lim: 803 exec/s: 0 rss: 35Mb L: 24/34 MS: 1 ChangeBit-
#126359	REDUCE cov: 48 ft: 373 corp: 128/2681b lim: 830 exec/s: 0 rss: 35Mb L: 18/34 MS: 1 CrossOver-
#127455	NEW    cov: 48 ft: 374 corp: 129/2701b lim: 839 exec/s: 0 rss: 35Mb L: 20/34 MS: 1 CopyPart-
#129911	NEW    cov: 48 ft: 375 corp: 130/2721b lim: 857 exec/s: 0 rss: 35Mb L: 20/34 MS: 1 CrossOver-
#133027	NEW    cov: 48 ft: 376 corp: 131/2744b lim: 884 exec/s: 0 rss: 35Mb L: 23/34 MS: 1 ShuffleBytes-
#133095	REDUCE cov: 48 ft: 378 corp: 132/2777b lim: 884 exec/s: 0 rss: 35Mb L: 33/34 MS: 3 InsertRepeatedBytes-InsertByte-PersAutoDict- DE: "\001\000\000\000\000\000\000\""-
#135547	REDUCE cov: 48 ft: 378 corp: 132/2776b lim: 902 exec/s: 0 rss: 35Mb L: 21/34 MS: 2 InsertByte-EraseBytes-
#136535	REDUCE cov: 48 ft: 378 corp: 132/2774b lim: 911 exec/s: 0 rss: 35Mb L: 21/34 MS: 3 CrossOver-CopyPart-EraseBytes-
#138521	REDUCE cov: 49 ft: 381 corp: 133/2796b lim: 929 exec/s: 0 rss: 35Mb L: 22/34 MS: 1 ChangeByte-
#140688	REDUCE cov: 49 ft: 381 corp: 133/2794b lim: 947 exec/s: 0 rss: 35Mb L: 19/34 MS: 2 CrossOver-EraseBytes-
#140791	REDUCE cov: 49 ft: 381 corp: 133/2792b lim: 947 exec/s: 0 rss: 35Mb L: 18/34 MS: 3 CrossOver-EraseBytes-ChangeBinInt-
#141849	REDUCE cov: 49 ft: 381 corp: 133/2791b lim: 956 exec/s: 0 rss: 35Mb L: 22/34 MS: 3 CopyPart-ChangeBinInt-EraseBytes-
#144351	REDUCE cov: 49 ft: 381 corp: 133/2790b lim: 974 exec/s: 0 rss: 35Mb L: 21/34 MS: 2 InsertByte-EraseBytes-
#145512	REDUCE cov: 49 ft: 381 corp: 133/2789b lim: 983 exec/s: 0 rss: 35Mb L: 17/34 MS: 1 EraseBytes-
#148243	REDUCE cov: 49 ft: 381 corp: 133/2788b lim: 1010 exec/s: 0 rss: 35Mb L: 22/34 MS: 1 EraseBytes-
#151865	REDUCE cov: 49 ft: 381 corp: 133/2783b lim: 1038 exec/s: 0 rss: 35Mb L: 18/34 MS: 2 CrossOver-EraseBytes-
#158786	REDUCE cov: 49 ft: 381 corp: 133/2782b lim: 1098 exec/s: 0 rss: 35Mb L: 22/34 MS: 1 EraseBytes-
#160228	NEW    cov: 49 ft: 390 corp: 134/2802b lim: 1108 exec/s: 0 rss: 35Mb L: 20/34 MS: 2 ChangeBinInt-ChangeASCIIInt-
#162164	REDUCE cov: 49 ft: 390 corp: 134/2800b lim: 1118 exec/s: 0 rss: 35Mb L: 21/34 MS: 1 EraseBytes-
#162986	REDUCE cov: 49 ft: 390 corp: 134/2799b lim: 1118 exec/s: 0 rss: 35Mb L: 21/34 MS: 2 ChangeByte-EraseBytes-
#164443	REDUCE cov: 49 ft: 390 corp: 134/2798b lim: 1128 exec/s: 0 rss: 35Mb L: 21/34 MS: 2 ChangeByte-EraseBytes-
#172489	REDUCE cov: 49 ft: 390 corp: 134/2797b lim: 1208 exec/s: 0 rss: 35Mb L: 19/34 MS: 1 EraseBytes-
#173666	REDUCE cov: 49 ft: 390 corp: 134/2796b lim: 1218 exec/s: 0 rss: 35Mb L: 18/34 MS: 2 ChangeASCIIInt-EraseBytes-
#174452	NEW    cov: 49 ft: 391 corp: 135/2819b lim: 1218 exec/s: 0 rss: 35Mb L: 23/34 MS: 1 ChangeBit-
#177744	REDUCE cov: 49 ft: 391 corp: 135/2816b lim: 1248 exec/s: 0 rss: 35Mb L: 20/34 MS: 2 EraseBytes-InsertByte-
#181005	NEW    cov: 49 ft: 392 corp: 136/2836b lim: 1278 exec/s: 0 rss: 35Mb L: 20/34 MS: 1 ChangeBit-
#181510	REDUCE cov: 49 ft: 392 corp: 136/2832b lim: 1278 exec/s: 0 rss: 35Mb L: 16/34 MS: 5 ChangeASCIIInt-CMP-CrossOver-ChangeByte-EraseBytes- DE: "a\000\000\000"-
#183151	NEW    cov: 49 ft: 393 corp: 137/2852b lim: 1288 exec/s: 0 rss: 35Mb L: 20/34 MS: 1 CopyPart-
#183792	REDUCE cov: 49 ft: 393 corp: 137/2851b lim: 1288 exec/s: 0 rss: 35Mb L: 22/34 MS: 1 EraseBytes-
#187479	REDUCE cov: 49 ft: 393 corp: 137/2848b lim: 1318 exec/s: 0 rss: 35Mb L: 17/34 MS: 2 EraseBytes-ChangeBit-
#188816	REDUCE cov: 49 ft: 393 corp: 137/2847b lim: 1328 exec/s: 0 rss: 35Mb L: 32/34 MS: 2 ChangeBinInt-EraseBytes-
#189842	NEW    cov: 49 ft: 394 corp: 138/2867b lim: 1338 exec/s: 0 rss: 35Mb L: 20/34 MS: 1 ChangeBit-
#199853	NEW    cov: 49 ft: 395 corp: 139/2887b lim: 1428 exec/s: 0 rss: 35Mb L: 20/34 MS: 1 ChangeBit-
#204619	NEW    cov: 49 ft: 397 corp: 140/2907b lim: 1468 exec/s: 0 rss: 35Mb L: 20/34 MS: 1 CrossOver-
#214539	REDUCE cov: 49 ft: 397 corp: 140/2906b lim: 1558 exec/s: 0 rss: 35Mb L: 17/34 MS: 5 ChangeBit-ChangeBinInt-EraseBytes-ChangeBinInt-CrossOver-
#214570	REDUCE cov: 49 ft: 397 corp: 140/2905b lim: 1558 exec/s: 0 rss: 35Mb L: 22/34 MS: 1 EraseBytes-
#216156	NEW    cov: 49 ft: 398 corp: 141/2925b lim: 1568 exec/s: 0 rss: 35Mb L: 20/34 MS: 1 ChangeBit-
#216489	REDUCE cov: 49 ft: 398 corp: 141/2923b lim: 1568 exec/s: 0 rss: 35Mb L: 30/34 MS: 3 ChangeByte-ShuffleBytes-EraseBytes-
#219610	REDUCE cov: 49 ft: 398 corp: 141/2922b lim: 1598 exec/s: 0 rss: 35Mb L: 22/34 MS: 1 EraseBytes-
#219801	REDUCE cov: 49 ft: 398 corp: 141/2921b lim: 1598 exec/s: 0 rss: 35Mb L: 23/34 MS: 1 EraseBytes-
#221238	REDUCE cov: 49 ft: 398 corp: 141/2919b lim: 1608 exec/s: 0 rss: 35Mb L: 21/34 MS: 2 EraseBytes-ChangeByte-
#224834	NEW    cov: 49 ft: 400 corp: 142/2939b lim: 1638 exec/s: 0 rss: 35Mb L: 20/34 MS: 1 CrossOver-
#225015	NEW    cov: 49 ft: 401 corp: 143/2959b lim: 1638 exec/s: 0 rss: 35Mb L: 20/34 MS: 1 ChangeBit-
#225506	NEW    cov: 49 ft: 404 corp: 144/2983b lim: 1638 exec/s: 0 rss: 35Mb L: 24/34 MS: 1 ChangeBit-
#234924	REDUCE cov: 49 ft: 404 corp: 144/2981b lim: 1728 exec/s: 0 rss: 35Mb L: 21/34 MS: 3 ChangeByte-CrossOver-EraseBytes-
#237820	NEW    cov: 49 ft: 405 corp: 145/3001b lim: 1748 exec/s: 0 rss: 35Mb L: 20/34 MS: 1 ChangeBit-
#242369	REDUCE cov: 49 ft: 405 corp: 145/3000b lim: 1788 exec/s: 0 rss: 35Mb L: 15/34 MS: 4 ChangeByte-CrossOver-EraseBytes-EraseBytes-
#247575	REDUCE cov: 49 ft: 406 corp: 146/3021b lim: 1838 exec/s: 0 rss: 35Mb L: 21/34 MS: 1 ChangeBit-
#247618	REDUCE cov: 49 ft: 406 corp: 146/3020b lim: 1838 exec/s: 0 rss: 35Mb L: 20/34 MS: 3 EraseBytes-ChangeByte-ChangeBit-
#251469	REDUCE cov: 49 ft: 406 corp: 146/3019b lim: 1868 exec/s: 0 rss: 35Mb L: 18/34 MS: 1 EraseBytes-
#253561	REDUCE cov: 49 ft: 406 corp: 146/3016b lim: 1888 exec/s: 0 rss: 35Mb L: 21/34 MS: 2 EraseBytes-CrossOver-
#253977	REDUCE cov: 49 ft: 406 corp: 146/3015b lim: 1888 exec/s: 0 rss: 35Mb L: 18/34 MS: 1 EraseBytes-
#272525	REDUCE cov: 49 ft: 406 corp: 146/3010b lim: 2070 exec/s: 0 rss: 35Mb L: 17/34 MS: 3 EraseBytes-ChangeBinInt-ChangeBinInt-
#276031	REDUCE cov: 49 ft: 406 corp: 146/3009b lim: 2103 exec/s: 0 rss: 35Mb L: 23/34 MS: 1 EraseBytes-
#298245	REDUCE cov: 49 ft: 406 corp: 146/3007b lim: 2323 exec/s: 0 rss: 35Mb L: 16/34 MS: 4 CopyPart-InsertByte-EraseBytes-ChangeByte-
#300067	REDUCE cov: 49 ft: 406 corp: 146/3006b lim: 2334 exec/s: 0 rss: 35Mb L: 22/34 MS: 2 CrossOver-EraseBytes-
#301260	REDUCE cov: 49 ft: 406 corp: 146/3005b lim: 2345 exec/s: 0 rss: 35Mb L: 19/34 MS: 3 ChangeASCIIInt-CopyPart-EraseBytes-
#305758	REDUCE cov: 49 ft: 407 corp: 147/3039b lim: 2389 exec/s: 0 rss: 35Mb L: 34/34 MS: 3 ChangeBit-ChangeASCIIInt-CrossOver-
#306119	NEW    cov: 49 ft: 408 corp: 148/3059b lim: 2389 exec/s: 0 rss: 35Mb L: 20/34 MS: 1 ChangeASCIIInt-
#306700	REDUCE cov: 49 ft: 408 corp: 148/3058b lim: 2389 exec/s: 0 rss: 35Mb L: 20/34 MS: 1 EraseBytes-
#312632	REDUCE cov: 49 ft: 408 corp: 148/3057b lim: 2444 exec/s: 0 rss: 35Mb L: 22/34 MS: 2 ChangeASCIIInt-EraseBytes-
#313738	REDUCE cov: 49 ft: 408 corp: 148/3056b lim: 2455 exec/s: 0 rss: 35Mb L: 21/34 MS: 1 EraseBytes-
#323253	REDUCE cov: 49 ft: 408 corp: 148/3048b lim: 2543 exec/s: 0 rss: 35Mb L: 22/34 MS: 5 EraseBytes-ChangeByte-ChangeBinInt-EraseBytes-EraseBytes-
#324096	REDUCE cov: 49 ft: 408 corp: 148/3047b lim: 2543 exec/s: 0 rss: 35Mb L: 22/34 MS: 3 ChangeBit-EraseBytes-CrossOver-
#324622	REDUCE cov: 49 ft: 408 corp: 148/3046b lim: 2543 exec/s: 0 rss: 35Mb L: 21/34 MS: 1 EraseBytes-
#325528	REDUCE cov: 49 ft: 408 corp: 148/3045b lim: 2543 exec/s: 0 rss: 35Mb L: 21/34 MS: 1 EraseBytes-
#327654	REDUCE cov: 49 ft: 408 corp: 148/3043b lim: 2554 exec/s: 0 rss: 35Mb L: 21/34 MS: 1 EraseBytes-
#337927	REDUCE cov: 49 ft: 408 corp: 148/3041b lim: 2653 exec/s: 0 rss: 35Mb L: 20/34 MS: 3 ChangeASCIIInt-ChangeByte-EraseBytes-
#339168	REDUCE cov: 49 ft: 408 corp: 148/3040b lim: 2664 exec/s: 0 rss: 35Mb L: 22/34 MS: 1 EraseBytes-
#347874	NEW    cov: 49 ft: 409 corp: 149/3060b lim: 2741 exec/s: 0 rss: 35Mb L: 20/34 MS: 1 ChangeBit-
#361071	REDUCE cov: 49 ft: 409 corp: 149/3059b lim: 2862 exec/s: 0 rss: 35Mb L: 16/34 MS: 2 InsertByte-EraseBytes-
#369417	REDUCE cov: 49 ft: 409 corp: 149/3058b lim: 2939 exec/s: 0 rss: 35Mb L: 22/34 MS: 1 EraseBytes-
#370330	REDUCE cov: 49 ft: 409 corp: 149/3056b lim: 2939 exec/s: 0 rss: 35Mb L: 15/34 MS: 3 ChangeByte-CopyPart-EraseBytes-
#372221	REDUCE cov: 49 ft: 409 corp: 149/3055b lim: 2950 exec/s: 0 rss: 35Mb L: 22/34 MS: 1 EraseBytes-
#372964	REDUCE cov: 49 ft: 409 corp: 149/3054b lim: 2950 exec/s: 0 rss: 35Mb L: 18/34 MS: 3 EraseBytes-ChangeBinInt-CopyPart-
#377640	REDUCE cov: 49 ft: 409 corp: 149/3053b lim: 2994 exec/s: 0 rss: 35Mb L: 20/34 MS: 1 EraseBytes-
#379170	REDUCE cov: 49 ft: 409 corp: 149/3049b lim: 3005 exec/s: 0 rss: 35Mb L: 20/34 MS: 5 CMP-ChangeBinInt-ChangeBinInt-EraseBytes-CrossOver- DE: "0\000"-
#383758	REDUCE cov: 49 ft: 409 corp: 149/3047b lim: 3049 exec/s: 0 rss: 35Mb L: 16/34 MS: 3 CopyPart-CopyPart-EraseBytes-
#387174	NEW    cov: 49 ft: 410 corp: 150/3068b lim: 3082 exec/s: 0 rss: 35Mb L: 21/34 MS: 1 ChangeBit-
#390351	REDUCE cov: 49 ft: 410 corp: 150/3066b lim: 3104 exec/s: 0 rss: 35Mb L: 21/34 MS: 2 InsertByte-EraseBytes-
#395314	REDUCE cov: 49 ft: 410 corp: 150/3065b lim: 3148 exec/s: 0 rss: 35Mb L: 21/34 MS: 3 ChangeBit-CrossOver-EraseBytes-
#395571	REDUCE cov: 49 ft: 410 corp: 150/3064b lim: 3148 exec/s: 0 rss: 35Mb L: 17/34 MS: 2 InsertByte-EraseBytes-
#398603	REDUCE cov: 49 ft: 410 corp: 150/3062b lim: 3170 exec/s: 0 rss: 35Mb L: 20/34 MS: 2 EraseBytes-ChangeBinInt-
#401184	REDUCE cov: 49 ft: 411 corp: 151/3085b lim: 3192 exec/s: 0 rss: 35Mb L: 23/34 MS: 1 ShuffleBytes-
#420510	REDUCE cov: 49 ft: 411 corp: 151/3083b lim: 3379 exec/s: 420510 rss: 35Mb L: 20/34 MS: 5 CrossOver-ShuffleBytes-CrossOver-EraseBytes-ShuffleBytes-
#427812	REDUCE cov: 49 ft: 411 corp: 151/3082b lim: 3445 exec/s: 427812 rss: 35Mb L: 20/34 MS: 2 CopyPart-EraseBytes-
#436570	REDUCE cov: 49 ft: 411 corp: 151/3080b lim: 3522 exec/s: 436570 rss: 35Mb L: 18/34 MS: 3 EraseBytes-PersAutoDict-InsertByte- DE: "a\000\000\000"-
#437376	NEW    cov: 49 ft: 417 corp: 152/3114b lim: 3522 exec/s: 437376 rss: 35Mb L: 34/34 MS: 1 CopyPart-
#444395	REDUCE cov: 49 ft: 417 corp: 152/3112b lim: 3588 exec/s: 444395 rss: 35Mb L: 16/34 MS: 4 ChangeByte-ShuffleBytes-InsertByte-EraseBytes-
#445636	REDUCE cov: 49 ft: 417 corp: 152/3111b lim: 3599 exec/s: 445636 rss: 35Mb L: 21/34 MS: 1 EraseBytes-
#458268	REDUCE cov: 49 ft: 417 corp: 152/3110b lim: 3720 exec/s: 458268 rss: 35Mb L: 21/34 MS: 2 ShuffleBytes-EraseBytes-
#462972	REDUCE cov: 49 ft: 417 corp: 152/3108b lim: 3764 exec/s: 462972 rss: 35Mb L: 20/34 MS: 4 CopyPart-ChangeByte-ChangeASCIIInt-EraseBytes-
#476263	REDUCE cov: 49 ft: 417 corp: 152/3107b lim: 3896 exec/s: 476263 rss: 35Mb L: 19/34 MS: 1 EraseBytes-
#477369	REDUCE cov: 49 ft: 417 corp: 152/3106b lim: 3907 exec/s: 477369 rss: 35Mb L: 20/34 MS: 1 EraseBytes-
#479411	REDUCE cov: 49 ft: 417 corp: 152/3105b lim: 3918 exec/s: 479411 rss: 35Mb L: 16/34 MS: 2 ChangeByte-EraseBytes-
#481986	REDUCE cov: 49 ft: 417 corp: 152/3103b lim: 3940 exec/s: 481986 rss: 35Mb L: 18/34 MS: 5 InsertByte-ShuffleBytes-ChangeASCIIInt-ChangeBinInt-EraseBytes-
#483867	REDUCE cov: 49 ft: 417 corp: 152/3102b lim: 3951 exec/s: 483867 rss: 35Mb L: 21/34 MS: 1 EraseBytes-
#489448	REDUCE cov: 49 ft: 417 corp: 152/3100b lim: 4006 exec/s: 489448 rss: 35Mb L: 21/34 MS: 1 EraseBytes-
#490941	REDUCE cov: 49 ft: 417 corp: 152/3099b lim: 4017 exec/s: 490941 rss: 35Mb L: 33/34 MS: 3 ChangeASCIIInt-ChangeBit-EraseBytes-
#501449	REDUCE cov: 49 ft: 417 corp: 152/3098b lim: 4096 exec/s: 501449 rss: 35Mb L: 22/34 MS: 3 ShuffleBytes-CMP-EraseBytes- DE: "\377\377\3778"-
#508233	REDUCE cov: 49 ft: 417 corp: 152/3097b lim: 4096 exec/s: 508233 rss: 35Mb L: 22/34 MS: 4 ChangeBit-ChangeASCIIInt-PersAutoDict-EraseBytes- DE: "3\000"-
#514119	REDUCE cov: 49 ft: 417 corp: 152/3096b lim: 4096 exec/s: 514119 rss: 35Mb L: 19/34 MS: 1 EraseBytes-
#514655	REDUCE cov: 49 ft: 417 corp: 152/3095b lim: 4096 exec/s: 514655 rss: 35Mb L: 22/34 MS: 1 EraseBytes-
#516362	REDUCE cov: 49 ft: 417 corp: 152/3093b lim: 4096 exec/s: 516362 rss: 35Mb L: 19/34 MS: 2 EraseBytes-ChangeBit-
#517280	REDUCE cov: 49 ft: 417 corp: 152/3091b lim: 4096 exec/s: 517280 rss: 35Mb L: 18/34 MS: 3 EraseBytes-ChangeByte-ChangeBinInt-
#519218	REDUCE cov: 49 ft: 417 corp: 152/3090b lim: 4096 exec/s: 519218 rss: 35Mb L: 22/34 MS: 3 EraseBytes-InsertByte-ChangeBit-
#528246	REDUCE cov: 49 ft: 417 corp: 152/3089b lim: 4096 exec/s: 528246 rss: 35Mb L: 21/34 MS: 3 ChangeBinInt-ChangeBinInt-EraseBytes-
#533531	REDUCE cov: 49 ft: 417 corp: 152/3088b lim: 4096 exec/s: 533531 rss: 35Mb L: 16/34 MS: 5 CMP-ChangeASCIIInt-EraseBytes-ChangeBit-CrossOver- DE: "\0000"-
#536228	REDUCE cov: 49 ft: 417 corp: 152/3086b lim: 4096 exec/s: 536228 rss: 35Mb L: 16/34 MS: 2 CopyPart-EraseBytes-
#541504	REDUCE cov: 49 ft: 417 corp: 152/3085b lim: 4096 exec/s: 541504 rss: 35Mb L: 18/34 MS: 1 EraseBytes-
#546515	REDUCE cov: 49 ft: 417 corp: 152/3084b lim: 4096 exec/s: 546515 rss: 35Mb L: 23/34 MS: 1 EraseBytes-
#561135	NEW    cov: 49 ft: 418 corp: 153/3104b lim: 4096 exec/s: 561135 rss: 35Mb L: 20/34 MS: 5 ShuffleBytes-ChangeBit-ChangeBinInt-CopyPart-ChangeBit-
#568746	REDUCE cov: 49 ft: 418 corp: 153/3103b lim: 4096 exec/s: 568746 rss: 35Mb L: 23/34 MS: 1 EraseBytes-
#569138	REDUCE cov: 49 ft: 418 corp: 153/3101b lim: 4096 exec/s: 569138 rss: 35Mb L: 19/34 MS: 2 EraseBytes-ChangeBinInt-
#572730	REDUCE cov: 49 ft: 418 corp: 153/3100b lim: 4096 exec/s: 572730 rss: 35Mb L: 19/34 MS: 2 EraseBytes-ChangeBinInt-
#574061	NEW    cov: 49 ft: 420 corp: 154/3120b lim: 4096 exec/s: 574061 rss: 35Mb L: 20/34 MS: 1 CrossOver-
#575679	REDUCE cov: 49 ft: 420 corp: 154/3119b lim: 4096 exec/s: 575679 rss: 35Mb L: 22/34 MS: 3 ChangeByte-EraseBytes-PersAutoDict- DE: "3\000"-
#581554	REDUCE cov: 49 ft: 420 corp: 154/3118b lim: 4096 exec/s: 581554 rss: 35Mb L: 22/34 MS: 5 ShuffleBytes-PersAutoDict-PersAutoDict-InsertByte-EraseBytes- DE: "\0000"-"\001\000\000\000\000\000\000\""-
#595429	REDUCE cov: 49 ft: 420 corp: 154/3117b lim: 4096 exec/s: 595429 rss: 35Mb L: 22/34 MS: 5 ShuffleBytes-ShuffleBytes-InsertByte-PersAutoDict-EraseBytes- DE: "0\000"-
#597957	REDUCE cov: 49 ft: 420 corp: 154/3115b lim: 4096 exec/s: 597957 rss: 35Mb L: 18/34 MS: 3 EraseBytes-CopyPart-InsertByte-
#614084	REDUCE cov: 49 ft: 420 corp: 154/3113b lim: 4096 exec/s: 614084 rss: 35Mb L: 18/34 MS: 2 ChangeByte-EraseBytes-
#640985	REDUCE cov: 49 ft: 420 corp: 154/3112b lim: 4096 exec/s: 640985 rss: 35Mb L: 22/34 MS: 1 EraseBytes-
#645316	REDUCE cov: 49 ft: 420 corp: 154/3111b lim: 4096 exec/s: 645316 rss: 35Mb L: 21/34 MS: 1 EraseBytes-
#649958	REDUCE cov: 49 ft: 420 corp: 154/3109b lim: 4096 exec/s: 649958 rss: 35Mb L: 19/34 MS: 2 ChangeBinInt-EraseBytes-
#680120	REDUCE cov: 49 ft: 420 corp: 154/3108b lim: 4096 exec/s: 680120 rss: 35Mb L: 33/34 MS: 2 ChangeBit-EraseBytes-
#684963	REDUCE cov: 49 ft: 420 corp: 154/3107b lim: 4096 exec/s: 684963 rss: 35Mb L: 21/34 MS: 3 CopyPart-InsertByte-EraseBytes-
#687470	REDUCE cov: 49 ft: 420 corp: 154/3106b lim: 4096 exec/s: 687470 rss: 35Mb L: 17/34 MS: 2 CrossOver-EraseBytes-
#688293	REDUCE cov: 49 ft: 420 corp: 154/3104b lim: 4096 exec/s: 688293 rss: 35Mb L: 16/34 MS: 3 EraseBytes-InsertByte-ChangeBinInt-
#698435	REDUCE cov: 49 ft: 425 corp: 155/3137b lim: 4096 exec/s: 698435 rss: 35Mb L: 33/34 MS: 2 ChangeBinInt-ChangeASCIIInt-
#698641	REDUCE cov: 49 ft: 425 corp: 155/3136b lim: 4096 exec/s: 698641 rss: 35Mb L: 22/34 MS: 1 EraseBytes-
#701632	REDUCE cov: 49 ft: 425 corp: 155/3135b lim: 4096 exec/s: 701632 rss: 35Mb L: 22/34 MS: 1 EraseBytes-
#701924	REDUCE cov: 49 ft: 425 corp: 155/3133b lim: 4096 exec/s: 701924 rss: 35Mb L: 16/34 MS: 2 EraseBytes-ChangeByte-
#704105	REDUCE cov: 49 ft: 425 corp: 155/3132b lim: 4096 exec/s: 704105 rss: 35Mb L: 20/34 MS: 1 EraseBytes-
#712062	REDUCE cov: 49 ft: 425 corp: 155/3130b lim: 4096 exec/s: 712062 rss: 35Mb L: 17/34 MS: 2 ChangeByte-EraseBytes-
#738203	REDUCE cov: 49 ft: 425 corp: 155/3129b lim: 4096 exec/s: 738203 rss: 35Mb L: 20/34 MS: 1 EraseBytes-
#749494	REDUCE cov: 49 ft: 425 corp: 155/3128b lim: 4096 exec/s: 749494 rss: 35Mb L: 19/34 MS: 1 EraseBytes-
#750675	REDUCE cov: 49 ft: 425 corp: 155/3127b lim: 4096 exec/s: 750675 rss: 35Mb L: 18/34 MS: 1 EraseBytes-
#792506	REDUCE cov: 49 ft: 425 corp: 155/3126b lim: 4096 exec/s: 792506 rss: 35Mb L: 19/34 MS: 1 EraseBytes-
#792603	REDUCE cov: 49 ft: 425 corp: 155/3125b lim: 4096 exec/s: 792603 rss: 35Mb L: 22/34 MS: 2 CrossOver-EraseBytes-
#799798	REDUCE cov: 49 ft: 425 corp: 155/3124b lim: 4096 exec/s: 799798 rss: 35Mb L: 16/34 MS: 5 ChangeASCIIInt-CMP-ChangeASCIIInt-CopyPart-EraseBytes- DE: "\0019"-
#818674	REDUCE cov: 49 ft: 425 corp: 155/3123b lim: 4096 exec/s: 818674 rss: 35Mb L: 21/34 MS: 1 EraseBytes-
panic: found special char in iban [recovered]
	panic: found special char in iban

goroutine 17 [running, locked to thread]:
git.ultraware.nl/iddinkgroep/fundament-api.Fuzz.func1()
	git.ultraware.nl/iddinkgroep/fundament-api/fuzz.go:19 +0xa5
panic({0x5600a05c2760?, 0x5600a05d5c70?})
	runtime/panic.go:914 +0x21f
git.ultraware.nl/iddinkgroep/fundament-api.Fuzz({0xc00030eae0, 0x16})
	git.ultraware.nl/iddinkgroep/fundament-api/fuzz.go:34 +0x2b9
git.ultraware.nl/iddinkgroep/fundament-api.Fuzz_(...)
	git.ultraware.nl/iddinkgroep/fundament-api/fuzz.118480564.go:6
main.LLVMFuzzerTestOneInput(...)
	./main.2998056864.go:21
==2486== ERROR: libFuzzer: deadly signal
    #0 0x5600a04e5630 in __sanitizer_print_stack_trace (/seedai/experiments/libfuzzer/libfuzzer+0xaf630) (BuildId: 23115454fcc2d139f458d53fa43ce200a20c84b2)
    #1 0x5600a04b1755 in fuzzer::PrintStackTrace() (/seedai/experiments/libfuzzer/libfuzzer+0x7b755) (BuildId: 23115454fcc2d139f458d53fa43ce200a20c84b2)
    #2 0x5600a04903a9 in fuzzer::Fuzzer::CrashCallback() (.part.0) FuzzerLoop.cpp.o
    #3 0x5600a049046a in fuzzer::Fuzzer::StaticCrashSignalCallback() (/seedai/experiments/libfuzzer/libfuzzer+0x5a46a) (BuildId: 23115454fcc2d139f458d53fa43ce200a20c84b2)
    #4 0x7f0bc028a70f  (/usr/lib/libc.so.6+0x3e70f) (BuildId: 316d0d3666387f0e8fb98773f51aa1801027c5ab)
    #5 0x5600a0545160 in runtime.raise.abi0 runtime/sys_linux_amd64.s:153

NOTE: libFuzzer has rudimentary signal handlers.
      Combine libFuzzer with AddressSanitizer or similar for better crash reports.
SUMMARY: libFuzzer: deadly signal
MS: 2 CopyPart-ChangeASCIIInt-; base unit: 97c72f425318d2ad525c6bf8aabedba3f4367cd1
0x4c,0x55,0x32,0x38,0x2d,0x30,0x30,0x30,0x30,0x20,0x30,0x30,0x30,0x20,0x30,0x55,0x32,0x30,0x30,0x30,0x30,0x31,
LU28-0000 000 0U200001
artifact_prefix='./'; Test unit written to ./crash-f8b584984ddf23e34b0636b494c428bbf2dd89ca
Base64: TFUyOC0wMDAwIDAwMCAwVTIwMDAwMQ==
