INFO: Running with entropic power schedule (0xFF, 100).
INFO: Seed: 2189043523
INFO: Loaded 1 modules   (70 inline 8-bit counters): 70 [0x5597847ee030, 0x5597847ee076), 
INFO: Loaded 1 PC tables (70 PCs): 70 [0xc000068000,0xc000068460), 
INFO:       10 files found in corpus
INFO: -max_len is not provided; libFuzzer will not generate inputs larger than 4096 bytes
INFO: seed corpus: files: 10 min: 27b max: 400b total: 1446b rss: 29Mb
#11	INITED cov: 11 ft: 23 corp: 2/57b exec/s: 0 rss: 29Mb
#13	NEW    cov: 23 ft: 61 corp: 3/85b lim: 30 exec/s: 0 rss: 29Mb L: 28/30 MS: 2 CrossOver-InsertByte-
#17	NEW    cov: 23 ft: 62 corp: 4/113b lim: 30 exec/s: 0 rss: 29Mb L: 28/30 MS: 4 InsertByte-ShuffleBytes-ChangeBit-ChangeBit-
#23	NEW    cov: 23 ft: 63 corp: 5/141b lim: 30 exec/s: 0 rss: 29Mb L: 28/30 MS: 1 ChangeBit-
#33	NEW    cov: 23 ft: 64 corp: 6/169b lim: 30 exec/s: 0 rss: 29Mb L: 28/30 MS: 5 ChangeASCIIInt-ChangeASCIIInt-ShuffleBytes-ChangeBinInt-ChangeBit-
#37	NEW    cov: 24 ft: 67 corp: 7/197b lim: 30 exec/s: 0 rss: 29Mb L: 28/30 MS: 4 ChangeByte-ChangeByte-ChangeASCIIInt-CMP- DE: "\033\000\000\000\000\000\000\000"-
#49	NEW    cov: 24 ft: 68 corp: 8/218b lim: 30 exec/s: 0 rss: 29Mb L: 21/30 MS: 2 ShuffleBytes-EraseBytes-
#54	NEW    cov: 24 ft: 69 corp: 9/242b lim: 30 exec/s: 0 rss: 29Mb L: 24/30 MS: 5 ShuffleBytes-ChangeBinInt-ChangeASCIIInt-CopyPart-InsertRepeatedBytes-
#55	NEW    cov: 24 ft: 71 corp: 10/271b lim: 30 exec/s: 0 rss: 29Mb L: 29/30 MS: 1 InsertByte-
#64	NEW    cov: 24 ft: 73 corp: 11/289b lim: 30 exec/s: 0 rss: 29Mb L: 18/30 MS: 4 ShuffleBytes-PersAutoDict-CopyPart-EraseBytes- DE: "\033\000\000\000\000\000\000\000"-
#71	NEW    cov: 24 ft: 75 corp: 12/308b lim: 30 exec/s: 0 rss: 29Mb L: 19/30 MS: 2 CopyPart-EraseBytes-
#72	NEW    cov: 24 ft: 76 corp: 13/324b lim: 30 exec/s: 0 rss: 29Mb L: 16/30 MS: 1 EraseBytes-
#77	NEW    cov: 25 ft: 78 corp: 14/329b lim: 30 exec/s: 0 rss: 29Mb L: 5/30 MS: 5 ChangeBinInt-ChangeByte-CMP-PersAutoDict-CrossOver- DE: "\377\377"-"\033\000\000\000\000\000\000\000"-
#83	NEW    cov: 25 ft: 79 corp: 15/355b lim: 30 exec/s: 0 rss: 29Mb L: 26/30 MS: 1 EraseBytes-
#91	NEW    cov: 25 ft: 80 corp: 16/362b lim: 30 exec/s: 0 rss: 29Mb L: 7/30 MS: 3 ChangeBit-ShuffleBytes-CrossOver-
#97	NEW    cov: 25 ft: 81 corp: 17/382b lim: 30 exec/s: 0 rss: 29Mb L: 20/30 MS: 1 EraseBytes-
#99	NEW    cov: 25 ft: 83 corp: 18/397b lim: 30 exec/s: 0 rss: 29Mb L: 15/30 MS: 2 ChangeByte-CrossOver-
#142	NEW    cov: 25 ft: 84 corp: 19/410b lim: 30 exec/s: 0 rss: 29Mb L: 13/30 MS: 3 InsertByte-CrossOver-CrossOver-
#154	REDUCE cov: 25 ft: 84 corp: 19/409b lim: 30 exec/s: 0 rss: 29Mb L: 4/30 MS: 2 ChangeASCIIInt-EraseBytes-
#165	NEW    cov: 30 ft: 102 corp: 20/437b lim: 30 exec/s: 0 rss: 29Mb L: 28/30 MS: 1 CrossOver-
#221	NEW    cov: 30 ft: 110 corp: 21/465b lim: 30 exec/s: 0 rss: 29Mb L: 28/30 MS: 1 PersAutoDict- DE: "\033\000\000\000\000\000\000\000"-
#236	NEW    cov: 30 ft: 111 corp: 22/476b lim: 30 exec/s: 0 rss: 30Mb L: 11/30 MS: 5 PersAutoDict-CrossOver-EraseBytes-ChangeASCIIInt-PersAutoDict- DE: "\377\377"-"\033\000\000\000\000\000\000\000"-
#250	NEW    cov: 30 ft: 112 corp: 23/505b lim: 30 exec/s: 0 rss: 30Mb L: 29/30 MS: 4 PersAutoDict-ShuffleBytes-CopyPart-InsertByte- DE: "\377\377"-
#252	REDUCE cov: 30 ft: 112 corp: 23/500b lim: 30 exec/s: 0 rss: 30Mb L: 15/30 MS: 2 CrossOver-CrossOver-
#276	REDUCE cov: 30 ft: 112 corp: 23/494b lim: 30 exec/s: 0 rss: 30Mb L: 18/30 MS: 4 PersAutoDict-CrossOver-ChangeByte-InsertRepeatedBytes- DE: "\377\377"-
#311	NEW    cov: 30 ft: 113 corp: 24/495b lim: 30 exec/s: 0 rss: 30Mb L: 1/30 MS: 5 ChangeBit-EraseBytes-CrossOver-CrossOver-CrossOver-
#394	NEW    cov: 30 ft: 121 corp: 25/519b lim: 30 exec/s: 0 rss: 30Mb L: 24/30 MS: 3 EraseBytes-EraseBytes-PersAutoDict- DE: "\377\377"-
#422	REDUCE cov: 30 ft: 122 corp: 26/533b lim: 30 exec/s: 0 rss: 30Mb L: 14/30 MS: 3 ChangeBinInt-ChangeBinInt-CrossOver-
#475	REDUCE cov: 30 ft: 122 corp: 26/532b lim: 30 exec/s: 0 rss: 30Mb L: 3/30 MS: 3 ChangeByte-ChangeByte-EraseBytes-
#487	REDUCE cov: 30 ft: 122 corp: 26/529b lim: 30 exec/s: 0 rss: 30Mb L: 8/30 MS: 2 InsertByte-EraseBytes-
#506	NEW    cov: 30 ft: 123 corp: 27/549b lim: 30 exec/s: 0 rss: 30Mb L: 20/30 MS: 4 ShuffleBytes-InsertByte-CopyPart-ChangeBinInt-
#513	NEW    cov: 30 ft: 125 corp: 28/577b lim: 30 exec/s: 0 rss: 30Mb L: 28/30 MS: 2 ChangeByte-CMP- DE: "\000\000"-
#628	REDUCE cov: 30 ft: 125 corp: 28/572b lim: 30 exec/s: 0 rss: 30Mb L: 23/30 MS: 5 ChangeByte-ChangeASCIIInt-ChangeASCIIInt-ChangeBit-EraseBytes-
#629	NEW    cov: 30 ft: 126 corp: 29/574b lim: 30 exec/s: 0 rss: 30Mb L: 2/30 MS: 1 InsertByte-
#661	REDUCE cov: 30 ft: 126 corp: 29/573b lim: 30 exec/s: 0 rss: 30Mb L: 2/30 MS: 2 ChangeByte-EraseBytes-
#667	NEW    cov: 30 ft: 127 corp: 30/601b lim: 30 exec/s: 0 rss: 30Mb L: 28/30 MS: 1 CMP- DE: "\001\000"-
#687	NEW    cov: 30 ft: 128 corp: 31/619b lim: 30 exec/s: 0 rss: 30Mb L: 18/30 MS: 5 ChangeBinInt-EraseBytes-InsertRepeatedBytes-CopyPart-EraseBytes-
#718	NEW    cov: 30 ft: 129 corp: 32/645b lim: 30 exec/s: 0 rss: 30Mb L: 26/30 MS: 1 ChangeByte-
#930	REDUCE cov: 30 ft: 129 corp: 32/644b lim: 30 exec/s: 0 rss: 30Mb L: 1/30 MS: 2 CrossOver-EraseBytes-
#988	NEW    cov: 30 ft: 132 corp: 33/670b lim: 30 exec/s: 0 rss: 30Mb L: 26/30 MS: 3 ChangeBinInt-EraseBytes-InsertRepeatedBytes-
#1044	NEW    cov: 30 ft: 134 corp: 34/696b lim: 30 exec/s: 0 rss: 30Mb L: 26/30 MS: 1 ChangeByte-
#1086	NEW    cov: 30 ft: 135 corp: 35/722b lim: 30 exec/s: 0 rss: 30Mb L: 26/30 MS: 2 ChangeByte-ChangeByte-
#1100	REDUCE cov: 30 ft: 135 corp: 35/721b lim: 30 exec/s: 0 rss: 30Mb L: 25/30 MS: 4 ShuffleBytes-ShuffleBytes-InsertByte-EraseBytes-
#1124	REDUCE cov: 30 ft: 135 corp: 35/718b lim: 30 exec/s: 0 rss: 30Mb L: 16/30 MS: 4 CrossOver-ChangeASCIIInt-InsertRepeatedBytes-EraseBytes-
#1236	NEW    cov: 30 ft: 137 corp: 36/746b lim: 30 exec/s: 0 rss: 30Mb L: 28/30 MS: 2 PersAutoDict-CopyPart- DE: "\001\000"-
#1252	NEW    cov: 30 ft: 139 corp: 37/774b lim: 30 exec/s: 0 rss: 30Mb L: 28/30 MS: 1 ShuffleBytes-
#1256	REDUCE cov: 30 ft: 139 corp: 37/773b lim: 30 exec/s: 0 rss: 30Mb L: 22/30 MS: 4 ChangeByte-CMP-ChangeByte-EraseBytes- DE: "\376\377\377\377\377\377\377\377"-
#1302	REDUCE cov: 30 ft: 142 corp: 38/795b lim: 30 exec/s: 0 rss: 30Mb L: 22/30 MS: 1 InsertRepeatedBytes-
#1364	REDUCE cov: 30 ft: 142 corp: 38/794b lim: 30 exec/s: 0 rss: 30Mb L: 20/30 MS: 2 ChangeByte-EraseBytes-
#1408	NEW    cov: 30 ft: 145 corp: 39/822b lim: 30 exec/s: 0 rss: 30Mb L: 28/30 MS: 4 ChangeBinInt-ChangeByte-ShuffleBytes-CrossOver-
#1424	NEW    cov: 30 ft: 146 corp: 40/850b lim: 30 exec/s: 0 rss: 30Mb L: 28/30 MS: 1 CrossOver-
#1431	NEW    cov: 32 ft: 160 corp: 41/878b lim: 30 exec/s: 0 rss: 30Mb L: 28/30 MS: 2 ChangeASCIIInt-CopyPart-
#1496	NEW    cov: 32 ft: 162 corp: 42/906b lim: 30 exec/s: 0 rss: 30Mb L: 28/30 MS: 5 ShuffleBytes-ShuffleBytes-ChangeASCIIInt-ChangeBinInt-ShuffleBytes-
#1557	NEW    cov: 32 ft: 173 corp: 43/934b lim: 30 exec/s: 0 rss: 30Mb L: 28/30 MS: 1 InsertByte-
#1665	REDUCE cov: 32 ft: 173 corp: 43/931b lim: 30 exec/s: 0 rss: 30Mb L: 19/30 MS: 3 ShuffleBytes-ChangeASCIIInt-EraseBytes-
#1681	NEW    cov: 32 ft: 174 corp: 44/959b lim: 30 exec/s: 0 rss: 30Mb L: 28/30 MS: 1 CopyPart-
#1723	NEW    cov: 32 ft: 177 corp: 45/987b lim: 30 exec/s: 0 rss: 30Mb L: 28/30 MS: 2 CopyPart-InsertRepeatedBytes-
#1754	NEW    cov: 32 ft: 179 corp: 46/1015b lim: 30 exec/s: 0 rss: 30Mb L: 28/30 MS: 1 ChangeASCIIInt-
#1785	NEW    cov: 32 ft: 182 corp: 47/1043b lim: 30 exec/s: 0 rss: 30Mb L: 28/30 MS: 1 ShuffleBytes-
#1861	NEW    cov: 32 ft: 184 corp: 48/1071b lim: 30 exec/s: 0 rss: 30Mb L: 28/30 MS: 1 CopyPart-
#1899	REDUCE cov: 32 ft: 184 corp: 48/1070b lim: 30 exec/s: 0 rss: 30Mb L: 12/30 MS: 3 ShuffleBytes-CMP-EraseBytes- DE: "\001\000\000\000"-
#1960	NEW    cov: 32 ft: 185 corp: 49/1098b lim: 30 exec/s: 0 rss: 30Mb L: 28/30 MS: 1 ChangeBit-
#2073	NEW    cov: 32 ft: 186 corp: 50/1121b lim: 30 exec/s: 0 rss: 30Mb L: 23/30 MS: 3 EraseBytes-ChangeBit-InsertRepeatedBytes-
#2139	REDUCE cov: 32 ft: 186 corp: 50/1120b lim: 30 exec/s: 0 rss: 30Mb L: 17/30 MS: 1 EraseBytes-
#2148	REDUCE cov: 32 ft: 186 corp: 50/1119b lim: 30 exec/s: 0 rss: 30Mb L: 22/30 MS: 4 ShuffleBytes-ChangeBit-CrossOver-EraseBytes-
#2189	NEW    cov: 32 ft: 188 corp: 51/1147b lim: 30 exec/s: 0 rss: 30Mb L: 28/30 MS: 1 CopyPart-
#2470	NEW    cov: 32 ft: 190 corp: 52/1175b lim: 30 exec/s: 0 rss: 31Mb L: 28/30 MS: 1 ChangeByte-
#2537	NEW    cov: 46 ft: 258 corp: 53/1203b lim: 30 exec/s: 0 rss: 31Mb L: 28/30 MS: 2 CrossOver-ShuffleBytes-
#2703	NEW    cov: 46 ft: 260 corp: 54/1231b lim: 30 exec/s: 0 rss: 31Mb L: 28/30 MS: 1 ChangeBinInt-
#2709	REDUCE cov: 46 ft: 260 corp: 54/1225b lim: 30 exec/s: 0 rss: 31Mb L: 16/30 MS: 1 EraseBytes-
#2738	REDUCE cov: 46 ft: 260 corp: 54/1222b lim: 30 exec/s: 0 rss: 31Mb L: 22/30 MS: 4 CopyPart-EraseBytes-EraseBytes-PersAutoDict- DE: "\377\377"-
#2764	NEW    cov: 46 ft: 262 corp: 55/1250b lim: 30 exec/s: 0 rss: 31Mb L: 28/30 MS: 1 ShuffleBytes-
#3171	NEW    cov: 46 ft: 263 corp: 56/1281b lim: 34 exec/s: 0 rss: 31Mb L: 31/31 MS: 2 ChangeBit-CrossOver-
#3175	NEW    cov: 46 ft: 265 corp: 57/1307b lim: 34 exec/s: 0 rss: 31Mb L: 26/31 MS: 4 ShuffleBytes-CopyPart-EraseBytes-InsertByte-
#3200	NEW    cov: 46 ft: 267 corp: 58/1341b lim: 34 exec/s: 0 rss: 31Mb L: 34/34 MS: 5 EraseBytes-ShuffleBytes-PersAutoDict-InsertRepeatedBytes-CrossOver- DE: "\000\000"-
#3221	NEW    cov: 46 ft: 268 corp: 59/1374b lim: 34 exec/s: 0 rss: 31Mb L: 33/34 MS: 1 CrossOver-
#3359	NEW    cov: 46 ft: 269 corp: 60/1402b lim: 34 exec/s: 0 rss: 31Mb L: 28/34 MS: 3 ShuffleBytes-ChangeBinInt-ChangeBit-
#3360	REDUCE cov: 46 ft: 269 corp: 60/1401b lim: 34 exec/s: 0 rss: 31Mb L: 19/34 MS: 1 EraseBytes-
#3394	REDUCE cov: 46 ft: 269 corp: 60/1393b lim: 34 exec/s: 0 rss: 31Mb L: 10/34 MS: 4 InsertByte-ChangeASCIIInt-ChangeASCIIInt-CrossOver-
#3400	NEW    cov: 46 ft: 271 corp: 61/1421b lim: 34 exec/s: 0 rss: 31Mb L: 28/34 MS: 1 ShuffleBytes-
#3747	NEW    cov: 46 ft: 274 corp: 62/1449b lim: 34 exec/s: 0 rss: 31Mb L: 28/34 MS: 2 ChangeASCIIInt-ChangeASCIIInt-
#3793	NEW    cov: 46 ft: 275 corp: 63/1477b lim: 34 exec/s: 0 rss: 31Mb L: 28/34 MS: 1 ChangeByte-
#4021	REDUCE cov: 46 ft: 275 corp: 63/1473b lim: 34 exec/s: 0 rss: 31Mb L: 15/34 MS: 3 ChangeBinInt-CrossOver-EraseBytes-
#4043	NEW    cov: 46 ft: 277 corp: 64/1501b lim: 34 exec/s: 0 rss: 31Mb L: 28/34 MS: 2 ChangeBit-ShuffleBytes-
#4544	NEW    cov: 46 ft: 283 corp: 65/1529b lim: 34 exec/s: 0 rss: 31Mb L: 28/34 MS: 1 ShuffleBytes-
#4966	NEW    cov: 46 ft: 284 corp: 66/1557b lim: 34 exec/s: 0 rss: 31Mb L: 28/34 MS: 2 CopyPart-ChangeBit-
#5142	NEW    cov: 46 ft: 285 corp: 67/1583b lim: 34 exec/s: 0 rss: 31Mb L: 26/34 MS: 1 ChangeBinInt-
#5233	NEW    cov: 46 ft: 287 corp: 68/1611b lim: 34 exec/s: 0 rss: 31Mb L: 28/34 MS: 1 ChangeASCIIInt-
#5234	NEW    cov: 46 ft: 289 corp: 69/1639b lim: 34 exec/s: 0 rss: 31Mb L: 28/34 MS: 1 CopyPart-
#5885	NEW    cov: 47 ft: 290 corp: 70/1667b lim: 39 exec/s: 0 rss: 32Mb L: 28/34 MS: 1 ChangeByte-
#5956	NEW    cov: 47 ft: 291 corp: 71/1695b lim: 39 exec/s: 0 rss: 32Mb L: 28/34 MS: 1 ChangeBinInt-
#6002	NEW    cov: 47 ft: 292 corp: 72/1723b lim: 39 exec/s: 0 rss: 32Mb L: 28/34 MS: 1 CopyPart-
#6778	NEW    cov: 47 ft: 294 corp: 73/1751b lim: 44 exec/s: 0 rss: 32Mb L: 28/34 MS: 1 ChangeASCIIInt-
#7454	NEW    cov: 47 ft: 296 corp: 74/1779b lim: 49 exec/s: 0 rss: 32Mb L: 28/34 MS: 1 ShuffleBytes-
#7635	NEW    cov: 47 ft: 297 corp: 75/1808b lim: 49 exec/s: 0 rss: 32Mb L: 29/34 MS: 1 ChangeBinInt-
#7649	REDUCE cov: 47 ft: 297 corp: 75/1805b lim: 49 exec/s: 0 rss: 32Mb L: 25/34 MS: 4 ChangeASCIIInt-CopyPart-EraseBytes-ChangeBinInt-
#7860	NEW    cov: 47 ft: 299 corp: 76/1833b lim: 49 exec/s: 0 rss: 32Mb L: 28/34 MS: 1 ChangeBit-
#7902	NEW    cov: 47 ft: 301 corp: 77/1861b lim: 49 exec/s: 0 rss: 32Mb L: 28/34 MS: 2 ChangeByte-ShuffleBytes-
#8168	NEW    cov: 47 ft: 303 corp: 78/1889b lim: 49 exec/s: 0 rss: 32Mb L: 28/34 MS: 1 ShuffleBytes-
#8664	NEW    cov: 47 ft: 307 corp: 79/1917b lim: 49 exec/s: 0 rss: 32Mb L: 28/34 MS: 1 CopyPart-
#8986	REDUCE cov: 47 ft: 307 corp: 79/1904b lim: 49 exec/s: 0 rss: 32Mb L: 16/34 MS: 2 InsertByte-EraseBytes-
#9843	NEW    cov: 47 ft: 308 corp: 80/1932b lim: 54 exec/s: 0 rss: 33Mb L: 28/34 MS: 2 ShuffleBytes-ChangeBinInt-
#9986	NEW    cov: 47 ft: 309 corp: 81/1958b lim: 54 exec/s: 0 rss: 33Mb L: 26/34 MS: 3 PersAutoDict-EraseBytes-ChangeByte- DE: "\001\000"-
#10224	REDUCE cov: 47 ft: 309 corp: 81/1954b lim: 54 exec/s: 0 rss: 33Mb L: 6/34 MS: 3 ShuffleBytes-ChangeByte-EraseBytes-
#10286	REDUCE cov: 47 ft: 309 corp: 81/1951b lim: 54 exec/s: 0 rss: 33Mb L: 3/34 MS: 2 CMP-EraseBytes- DE: "\000\000\000A"-
#10353	REDUCE cov: 47 ft: 310 corp: 82/1981b lim: 54 exec/s: 0 rss: 33Mb L: 30/34 MS: 2 CopyPart-ChangeBinInt-
#10564	NEW    cov: 47 ft: 312 corp: 83/2009b lim: 54 exec/s: 0 rss: 33Mb L: 28/34 MS: 1 ChangeASCIIInt-
#10758	REDUCE cov: 47 ft: 312 corp: 83/2005b lim: 54 exec/s: 0 rss: 33Mb L: 21/34 MS: 4 ChangeByte-ChangeBinInt-InsertRepeatedBytes-EraseBytes-
#10875	REDUCE cov: 47 ft: 312 corp: 83/2003b lim: 54 exec/s: 0 rss: 33Mb L: 27/34 MS: 2 ChangeByte-EraseBytes-
#11857	NEW    cov: 47 ft: 313 corp: 84/2031b lim: 59 exec/s: 0 rss: 33Mb L: 28/34 MS: 2 CrossOver-ChangeBinInt-
#11989	REDUCE cov: 47 ft: 313 corp: 84/2029b lim: 59 exec/s: 0 rss: 33Mb L: 19/34 MS: 2 CopyPart-EraseBytes-
#12046	REDUCE cov: 47 ft: 313 corp: 84/2028b lim: 59 exec/s: 0 rss: 33Mb L: 15/34 MS: 2 ShuffleBytes-EraseBytes-
#13214	NEW    cov: 48 ft: 316 corp: 85/2056b lim: 70 exec/s: 0 rss: 33Mb L: 28/34 MS: 3 CrossOver-PersAutoDict-ChangeByte- DE: "\001\000\000\000"-
#14050	NEW    cov: 48 ft: 318 corp: 86/2084b lim: 76 exec/s: 0 rss: 33Mb L: 28/34 MS: 1 CopyPart-
#14202	NEW    cov: 48 ft: 320 corp: 87/2112b lim: 76 exec/s: 0 rss: 33Mb L: 28/34 MS: 2 CopyPart-ChangeASCIIInt-
#14603	NEW    cov: 48 ft: 323 corp: 88/2140b lim: 76 exec/s: 0 rss: 33Mb L: 28/34 MS: 1 CrossOver-
#15144	NEW    cov: 48 ft: 325 corp: 89/2168b lim: 76 exec/s: 0 rss: 34Mb L: 28/34 MS: 1 ChangeBit-
#15531	NEW    cov: 48 ft: 326 corp: 90/2196b lim: 76 exec/s: 0 rss: 34Mb L: 28/34 MS: 2 ChangeBinInt-CrossOver-
#15667	NEW    cov: 49 ft: 331 corp: 91/2224b lim: 76 exec/s: 0 rss: 34Mb L: 28/34 MS: 1 ChangeByte-
#15690	REDUCE cov: 49 ft: 331 corp: 91/2223b lim: 76 exec/s: 0 rss: 34Mb L: 21/34 MS: 3 ShuffleBytes-ChangeASCIIInt-EraseBytes-
#15811	NEW    cov: 49 ft: 332 corp: 92/2251b lim: 76 exec/s: 0 rss: 34Mb L: 28/34 MS: 1 CrossOver-
#15948	REDUCE cov: 49 ft: 332 corp: 92/2249b lim: 76 exec/s: 0 rss: 34Mb L: 26/34 MS: 2 EraseBytes-ChangeBit-
#16268	REDUCE cov: 49 ft: 332 corp: 92/2245b lim: 76 exec/s: 0 rss: 34Mb L: 24/34 MS: 5 ChangeBinInt-PersAutoDict-PersAutoDict-InsertByte-EraseBytes- DE: "\377\377"-"\377\377"-
#17724	NEW    cov: 49 ft: 334 corp: 93/2273b lim: 88 exec/s: 0 rss: 34Mb L: 28/34 MS: 1 CopyPart-
#17926	REDUCE cov: 49 ft: 334 corp: 93/2271b lim: 88 exec/s: 0 rss: 34Mb L: 26/34 MS: 2 EraseBytes-ChangeBit-
#18438	NEW    cov: 49 ft: 336 corp: 94/2299b lim: 88 exec/s: 0 rss: 34Mb L: 28/34 MS: 2 ChangeASCIIInt-ChangeBit-
#18539	NEW    cov: 49 ft: 338 corp: 95/2327b lim: 88 exec/s: 0 rss: 34Mb L: 28/34 MS: 1 ChangeBit-
#18560	NEW    cov: 49 ft: 340 corp: 96/2355b lim: 88 exec/s: 0 rss: 34Mb L: 28/34 MS: 1 ChangeASCIIInt-
#18807	NEW    cov: 49 ft: 342 corp: 97/2383b lim: 88 exec/s: 0 rss: 34Mb L: 28/34 MS: 2 ChangeASCIIInt-ChangeBit-
#19395	REDUCE cov: 49 ft: 342 corp: 97/2381b lim: 88 exec/s: 0 rss: 34Mb L: 28/34 MS: 3 EraseBytes-CrossOver-InsertByte-
#19780	REDUCE cov: 49 ft: 342 corp: 97/2379b lim: 88 exec/s: 0 rss: 34Mb L: 22/34 MS: 5 InsertByte-EraseBytes-ChangeByte-CMP-ChangeByte- DE: "/\000\000\000"-
#20131	NEW    cov: 49 ft: 344 corp: 98/2407b lim: 88 exec/s: 0 rss: 34Mb L: 28/34 MS: 1 ShuffleBytes-
#20252	NEW    cov: 49 ft: 346 corp: 99/2435b lim: 88 exec/s: 0 rss: 34Mb L: 28/34 MS: 1 CopyPart-
#20323	NEW    cov: 49 ft: 347 corp: 100/2463b lim: 88 exec/s: 0 rss: 34Mb L: 28/34 MS: 1 ShuffleBytes-
#20668	REDUCE cov: 49 ft: 347 corp: 100/2461b lim: 88 exec/s: 0 rss: 34Mb L: 26/34 MS: 5 ChangeASCIIInt-PersAutoDict-ChangeByte-ChangeBit-EraseBytes- DE: "\033\000\000\000\000\000\000\000"-
#21084	NEW    cov: 49 ft: 348 corp: 101/2489b lim: 88 exec/s: 0 rss: 34Mb L: 28/34 MS: 1 ChangeBit-
#22255	REDUCE cov: 49 ft: 348 corp: 101/2488b lim: 94 exec/s: 0 rss: 35Mb L: 27/34 MS: 1 EraseBytes-
#23186	NEW    cov: 49 ft: 349 corp: 102/2516b lim: 100 exec/s: 0 rss: 35Mb L: 28/34 MS: 1 ShuffleBytes-
#24252	NEW    cov: 49 ft: 351 corp: 103/2544b lim: 106 exec/s: 0 rss: 35Mb L: 28/34 MS: 1 CopyPart-
#25484	REDUCE cov: 49 ft: 351 corp: 103/2543b lim: 118 exec/s: 0 rss: 35Mb L: 15/34 MS: 2 EraseBytes-InsertByte-
#26361	NEW    cov: 49 ft: 352 corp: 104/2571b lim: 124 exec/s: 0 rss: 35Mb L: 28/34 MS: 2 ShuffleBytes-ChangeASCIIInt-
#26567	NEW    cov: 49 ft: 353 corp: 105/2599b lim: 124 exec/s: 0 rss: 35Mb L: 28/34 MS: 1 ChangeBit-
#26846	REDUCE cov: 49 ft: 353 corp: 105/2593b lim: 124 exec/s: 0 rss: 35Mb L: 22/34 MS: 4 EraseBytes-CrossOver-PersAutoDict-PersAutoDict- DE: "\377\377"-"\033\000\000\000\000\000\000\000"-
#27722	NEW    cov: 49 ft: 354 corp: 106/2621b lim: 130 exec/s: 0 rss: 35Mb L: 28/34 MS: 1 ChangeByte-
#27733	NEW    cov: 49 ft: 355 corp: 107/2649b lim: 130 exec/s: 0 rss: 35Mb L: 28/34 MS: 1 ChangeASCIIInt-
#28004	NEW    cov: 49 ft: 356 corp: 108/2677b lim: 130 exec/s: 0 rss: 35Mb L: 28/34 MS: 1 CopyPart-
#28603	REDUCE cov: 49 ft: 356 corp: 108/2675b lim: 130 exec/s: 0 rss: 35Mb L: 20/34 MS: 4 ChangeBinInt-CMP-ChangeByte-EraseBytes- DE: "\377\377\377\377"-
#28874	NEW    cov: 49 ft: 357 corp: 109/2703b lim: 130 exec/s: 0 rss: 35Mb L: 28/34 MS: 1 ShuffleBytes-
#28901	NEW    cov: 49 ft: 358 corp: 110/2731b lim: 130 exec/s: 0 rss: 35Mb L: 28/34 MS: 2 ChangeASCIIInt-ChangeBit-
#30317	NEW    cov: 49 ft: 359 corp: 111/2759b lim: 144 exec/s: 0 rss: 35Mb L: 28/34 MS: 1 ChangeByte-
#30483	NEW    cov: 49 ft: 360 corp: 112/2787b lim: 144 exec/s: 0 rss: 35Mb L: 28/34 MS: 1 ChangeBit-
#30499	NEW    cov: 49 ft: 361 corp: 113/2815b lim: 144 exec/s: 0 rss: 35Mb L: 28/34 MS: 1 ShuffleBytes-
#30751	REDUCE cov: 49 ft: 361 corp: 113/2813b lim: 144 exec/s: 0 rss: 35Mb L: 17/34 MS: 2 EraseBytes-CopyPart-
#30814	REDUCE cov: 49 ft: 361 corp: 113/2802b lim: 144 exec/s: 0 rss: 35Mb L: 15/34 MS: 3 EraseBytes-InsertByte-InsertByte-
#30900	NEW    cov: 49 ft: 362 corp: 114/2830b lim: 144 exec/s: 0 rss: 35Mb L: 28/34 MS: 1 ShuffleBytes-
#34358	REDUCE cov: 49 ft: 362 corp: 114/2824b lim: 172 exec/s: 0 rss: 35Mb L: 20/34 MS: 3 EraseBytes-EraseBytes-CrossOver-
#34679	NEW    cov: 49 ft: 363 corp: 115/2852b lim: 172 exec/s: 0 rss: 35Mb L: 28/34 MS: 1 CopyPart-
#36420	NEW    cov: 49 ft: 365 corp: 116/2880b lim: 186 exec/s: 0 rss: 35Mb L: 28/34 MS: 1 ChangeBit-
#36711	NEW    cov: 49 ft: 366 corp: 117/2908b lim: 186 exec/s: 0 rss: 35Mb L: 28/34 MS: 1 ShuffleBytes-
#36844	REDUCE cov: 49 ft: 366 corp: 117/2906b lim: 186 exec/s: 0 rss: 35Mb L: 26/34 MS: 3 CopyPart-InsertByte-EraseBytes-
#38324	REDUCE cov: 49 ft: 366 corp: 117/2903b lim: 200 exec/s: 0 rss: 35Mb L: 18/34 MS: 5 ChangeBinInt-ChangeByte-InsertByte-ChangeASCIIInt-EraseBytes-
#40785	NEW    cov: 49 ft: 367 corp: 118/2931b lim: 221 exec/s: 0 rss: 35Mb L: 28/34 MS: 1 CrossOver-
#42581	NEW    cov: 49 ft: 368 corp: 119/2959b lim: 235 exec/s: 0 rss: 35Mb L: 28/34 MS: 1 ChangeByte-
#44233	NEW    cov: 49 ft: 370 corp: 120/2987b lim: 249 exec/s: 0 rss: 35Mb L: 28/34 MS: 2 CopyPart-ChangeASCIIInt-
#45250	NEW    cov: 49 ft: 371 corp: 121/3015b lim: 256 exec/s: 0 rss: 35Mb L: 28/34 MS: 2 ChangeASCIIInt-ChangeASCIIInt-
#45997	NEW    cov: 49 ft: 373 corp: 122/3043b lim: 256 exec/s: 0 rss: 35Mb L: 28/34 MS: 2 ChangeBinInt-ChangeASCIIInt-
#46243	NEW    cov: 49 ft: 374 corp: 123/3071b lim: 256 exec/s: 0 rss: 35Mb L: 28/34 MS: 1 ShuffleBytes-
#51027	REDUCE cov: 49 ft: 374 corp: 123/3067b lim: 296 exec/s: 0 rss: 35Mb L: 24/34 MS: 4 ChangeBit-PersAutoDict-EraseBytes-CMP- DE: "\376\377\377\377\377\377\377\377"-"Y\000\000\000"-
#53318	NEW    cov: 49 ft: 375 corp: 124/3095b lim: 312 exec/s: 0 rss: 35Mb L: 28/34 MS: 1 ShuffleBytes-
#55159	NEW    cov: 49 ft: 376 corp: 125/3123b lim: 328 exec/s: 0 rss: 35Mb L: 28/34 MS: 1 ChangeBinInt-
#58277	NEW    cov: 49 ft: 380 corp: 126/3151b lim: 352 exec/s: 0 rss: 35Mb L: 28/34 MS: 3 ShuffleBytes-ChangeBit-ChangeBinInt-
#58738	NEW    cov: 49 ft: 381 corp: 127/3179b lim: 352 exec/s: 0 rss: 35Mb L: 28/34 MS: 1 ShuffleBytes-
#58832	REDUCE cov: 49 ft: 381 corp: 127/3177b lim: 352 exec/s: 0 rss: 35Mb L: 26/34 MS: 4 EraseBytes-ShuffleBytes-ChangeASCIIInt-ChangeByte-
#59658	REDUCE cov: 49 ft: 383 corp: 128/3201b lim: 360 exec/s: 0 rss: 35Mb L: 24/34 MS: 1 ShuffleBytes-
#60039	NEW    cov: 49 ft: 384 corp: 129/3225b lim: 360 exec/s: 0 rss: 35Mb L: 24/34 MS: 1 ShuffleBytes-
#60571	NEW    cov: 49 ft: 385 corp: 130/3253b lim: 360 exec/s: 0 rss: 35Mb L: 28/34 MS: 2 ShuffleBytes-ChangeASCIIInt-
#61257	REDUCE cov: 49 ft: 386 corp: 131/3277b lim: 360 exec/s: 0 rss: 35Mb L: 24/34 MS: 1 ChangeBit-
#61635	REDUCE cov: 49 ft: 386 corp: 131/3269b lim: 360 exec/s: 0 rss: 35Mb L: 22/34 MS: 3 ChangeASCIIInt-PersAutoDict-EraseBytes- DE: "\377\377\377\377"-
#62552	NEW    cov: 49 ft: 387 corp: 132/3297b lim: 368 exec/s: 0 rss: 35Mb L: 28/34 MS: 2 CrossOver-ChangeByte-
#63175	NEW    cov: 49 ft: 388 corp: 133/3325b lim: 368 exec/s: 0 rss: 35Mb L: 28/34 MS: 3 ChangeASCIIInt-ShuffleBytes-CopyPart-
#63488	REDUCE cov: 49 ft: 388 corp: 133/3324b lim: 368 exec/s: 0 rss: 35Mb L: 17/34 MS: 3 PersAutoDict-EraseBytes-PersAutoDict- DE: "\377\377"-"Y\000\000\000"-
#64014	NEW    cov: 49 ft: 389 corp: 134/3348b lim: 368 exec/s: 0 rss: 35Mb L: 24/34 MS: 1 ChangeBinInt-
#69260	NEW    cov: 49 ft: 390 corp: 135/3376b lim: 416 exec/s: 0 rss: 35Mb L: 28/34 MS: 1 ShuffleBytes-
#71748	REDUCE cov: 49 ft: 390 corp: 135/3374b lim: 440 exec/s: 0 rss: 35Mb L: 24/34 MS: 3 ChangeASCIIInt-ChangeByte-EraseBytes-
#73790	REDUCE cov: 49 ft: 390 corp: 135/3372b lim: 456 exec/s: 0 rss: 35Mb L: 22/34 MS: 2 EraseBytes-ChangeByte-
#76641	NEW    cov: 49 ft: 391 corp: 136/3396b lim: 480 exec/s: 0 rss: 35Mb L: 24/34 MS: 1 ChangeASCIIInt-
#78727	REDUCE cov: 49 ft: 392 corp: 137/3420b lim: 496 exec/s: 0 rss: 35Mb L: 24/34 MS: 1 ChangeASCIIInt-
#82675	REDUCE cov: 49 ft: 392 corp: 137/3416b lim: 530 exec/s: 0 rss: 35Mb L: 24/34 MS: 3 ChangeBinInt-CMP-EraseBytes- DE: "\006\000\000\000\000\000\000\000"-
#85142	REDUCE cov: 49 ft: 392 corp: 137/3414b lim: 548 exec/s: 0 rss: 35Mb L: 25/34 MS: 2 EraseBytes-PersAutoDict- DE: "\377\377"-
#90385	REDUCE cov: 49 ft: 392 corp: 137/3412b lim: 593 exec/s: 0 rss: 35Mb L: 20/34 MS: 3 CrossOver-ChangeASCIIInt-InsertByte-
#93974	REDUCE cov: 49 ft: 392 corp: 137/3410b lim: 620 exec/s: 0 rss: 35Mb L: 25/34 MS: 4 ShuffleBytes-CopyPart-ChangeByte-EraseBytes-
#95211	REDUCE cov: 49 ft: 392 corp: 137/3408b lim: 629 exec/s: 0 rss: 35Mb L: 22/34 MS: 2 InsertByte-EraseBytes-
#101899	NEW    cov: 49 ft: 393 corp: 138/3432b lim: 692 exec/s: 0 rss: 35Mb L: 24/34 MS: 3 ChangeASCIIInt-ChangeBit-ShuffleBytes-
#111085	REDUCE cov: 49 ft: 393 corp: 138/3430b lim: 782 exec/s: 0 rss: 35Mb L: 15/34 MS: 1 EraseBytes-
#115127	REDUCE cov: 49 ft: 393 corp: 138/3428b lim: 818 exec/s: 0 rss: 35Mb L: 23/34 MS: 2 CopyPart-EraseBytes-
#132374	REDUCE cov: 49 ft: 393 corp: 138/3424b lim: 989 exec/s: 0 rss: 35Mb L: 24/34 MS: 2 ChangeBinInt-EraseBytes-
#134473	NEW    cov: 49 ft: 394 corp: 139/3444b lim: 1007 exec/s: 0 rss: 35Mb L: 20/34 MS: 4 EraseBytes-EraseBytes-ChangeBinInt-InsertByte-
#134650	REDUCE cov: 49 ft: 394 corp: 139/3442b lim: 1007 exec/s: 0 rss: 35Mb L: 22/34 MS: 2 EraseBytes-CopyPart-
#141172	REDUCE cov: 49 ft: 394 corp: 139/3434b lim: 1065 exec/s: 0 rss: 35Mb L: 16/34 MS: 2 PersAutoDict-EraseBytes- DE: "\377\377\377\377"-
#148696	REDUCE cov: 49 ft: 394 corp: 139/3432b lim: 1135 exec/s: 0 rss: 35Mb L: 20/34 MS: 4 EraseBytes-ChangeByte-ChangeBit-CrossOver-
#149948	NEW    cov: 49 ft: 395 corp: 140/3460b lim: 1145 exec/s: 0 rss: 35Mb L: 28/34 MS: 2 ChangeBit-ChangeASCIIInt-
#150216	REDUCE cov: 49 ft: 395 corp: 140/3458b lim: 1145 exec/s: 0 rss: 35Mb L: 26/34 MS: 3 EraseBytes-CrossOver-ChangeByte-
#154667	NEW    cov: 49 ft: 397 corp: 141/3486b lim: 1185 exec/s: 0 rss: 35Mb L: 28/34 MS: 1 ChangeByte-
#156189	REDUCE cov: 49 ft: 397 corp: 141/3484b lim: 1195 exec/s: 0 rss: 35Mb L: 24/34 MS: 2 EraseBytes-ChangeBit-
#157260	NEW    cov: 49 ft: 403 corp: 142/3512b lim: 1205 exec/s: 0 rss: 35Mb L: 28/34 MS: 1 ChangeBit-
#165039	REDUCE cov: 49 ft: 403 corp: 142/3510b lim: 1275 exec/s: 0 rss: 35Mb L: 26/34 MS: 4 EraseBytes-ChangeASCIIInt-PersAutoDict-ChangeByte- DE: "\000\000"-
#179083	REDUCE cov: 49 ft: 403 corp: 142/3508b lim: 1405 exec/s: 0 rss: 35Mb L: 24/34 MS: 4 PersAutoDict-ChangeBit-EraseBytes-CopyPart- DE: "\377\377"-
#184841	REDUCE cov: 49 ft: 403 corp: 142/3506b lim: 1455 exec/s: 0 rss: 35Mb L: 18/34 MS: 3 EraseBytes-PersAutoDict-PersAutoDict- DE: "\006\000\000\000\000\000\000\000"-"\377\377"-
#185367	NEW    cov: 49 ft: 404 corp: 143/3534b lim: 1455 exec/s: 0 rss: 35Mb L: 28/34 MS: 1 CopyPart-
#188288	NEW    cov: 49 ft: 405 corp: 144/3562b lim: 1475 exec/s: 0 rss: 35Mb L: 28/34 MS: 1 CopyPart-
#189479	NEW    cov: 49 ft: 406 corp: 145/3590b lim: 1485 exec/s: 0 rss: 35Mb L: 28/34 MS: 1 ChangeBit-
#194206	REDUCE cov: 49 ft: 406 corp: 145/3586b lim: 1525 exec/s: 0 rss: 35Mb L: 18/34 MS: 2 CrossOver-EraseBytes-
#194593	REDUCE cov: 49 ft: 406 corp: 145/3584b lim: 1525 exec/s: 0 rss: 35Mb L: 26/34 MS: 2 EraseBytes-ChangeBit-
#194987	REDUCE cov: 49 ft: 406 corp: 145/3580b lim: 1525 exec/s: 0 rss: 35Mb L: 24/34 MS: 4 InsertByte-ChangeBit-EraseBytes-ChangeByte-
#195631	REDUCE cov: 49 ft: 406 corp: 145/3578b lim: 1525 exec/s: 0 rss: 35Mb L: 26/34 MS: 4 ChangeASCIIInt-PersAutoDict-ChangeBinInt-EraseBytes- DE: "\000\000"-
#200337	NEW    cov: 49 ft: 407 corp: 146/3606b lim: 1565 exec/s: 0 rss: 35Mb L: 28/34 MS: 1 ChangeBit-
#206974	NEW    cov: 49 ft: 408 corp: 147/3634b lim: 1625 exec/s: 0 rss: 35Mb L: 28/34 MS: 2 CopyPart-ChangeBit-
#211382	NEW    cov: 49 ft: 409 corp: 148/3662b lim: 1665 exec/s: 0 rss: 35Mb L: 28/34 MS: 3 ChangeASCIIInt-ChangeByte-ShuffleBytes-
#214425	REDUCE cov: 49 ft: 409 corp: 148/3658b lim: 1695 exec/s: 0 rss: 35Mb L: 24/34 MS: 3 CrossOver-ChangeBinInt-EraseBytes-
#215017	REDUCE cov: 49 ft: 409 corp: 148/3656b lim: 1695 exec/s: 0 rss: 35Mb L: 26/34 MS: 2 ChangeByte-EraseBytes-
#216421	REDUCE cov: 49 ft: 409 corp: 148/3654b lim: 1705 exec/s: 0 rss: 35Mb L: 22/34 MS: 4 InsertByte-ChangeASCIIInt-ChangeASCIIInt-EraseBytes-
#217534	REDUCE cov: 49 ft: 409 corp: 148/3648b lim: 1715 exec/s: 0 rss: 35Mb L: 17/34 MS: 3 PersAutoDict-InsertByte-EraseBytes- DE: "\376\377\377\377\377\377\377\377"-
#228916	REDUCE cov: 49 ft: 409 corp: 148/3646b lim: 1825 exec/s: 0 rss: 35Mb L: 24/34 MS: 2 EraseBytes-InsertByte-
#229051	REDUCE cov: 49 ft: 409 corp: 148/3644b lim: 1825 exec/s: 0 rss: 35Mb L: 24/34 MS: 5 ChangeByte-CMP-ChangeByte-EraseBytes-CopyPart- DE: "\377\377\377\377\377\377\377\033"-
#230783	REDUCE cov: 49 ft: 409 corp: 148/3642b lim: 1835 exec/s: 0 rss: 35Mb L: 26/34 MS: 2 EraseBytes-ChangeByte-
#234676	REDUCE cov: 49 ft: 409 corp: 148/3635b lim: 1865 exec/s: 0 rss: 35Mb L: 18/34 MS: 3 ShuffleBytes-EraseBytes-ChangeBinInt-
#240876	REDUCE cov: 49 ft: 409 corp: 148/3633b lim: 1925 exec/s: 0 rss: 35Mb L: 22/34 MS: 5 EraseBytes-ChangeASCIIInt-CopyPart-ChangeByte-ChangeBit-
#245894	REDUCE cov: 49 ft: 409 corp: 148/3631b lim: 1965 exec/s: 0 rss: 35Mb L: 26/34 MS: 3 ShuffleBytes-EraseBytes-ChangeByte-
#251812	REDUCE cov: 49 ft: 409 corp: 148/3629b lim: 2015 exec/s: 0 rss: 35Mb L: 26/34 MS: 3 ChangeBinInt-ChangeBit-EraseBytes-
#252616	REDUCE cov: 49 ft: 409 corp: 148/3625b lim: 2015 exec/s: 0 rss: 35Mb L: 22/34 MS: 4 ChangeBit-EraseBytes-PersAutoDict-InsertByte- DE: "\377\377"-
#260364	REDUCE cov: 49 ft: 409 corp: 148/3623b lim: 2088 exec/s: 0 rss: 35Mb L: 20/34 MS: 3 ChangeBinInt-ChangeASCIIInt-EraseBytes-
#273428	REDUCE cov: 49 ft: 409 corp: 148/3621b lim: 2209 exec/s: 0 rss: 36Mb L: 18/34 MS: 4 EraseBytes-InsertByte-InsertRepeatedBytes-ChangeBit-
#273696	REDUCE cov: 49 ft: 409 corp: 148/3620b lim: 2209 exec/s: 0 rss: 36Mb L: 17/34 MS: 3 InsertByte-InsertByte-EraseBytes-
#285738	REDUCE cov: 49 ft: 409 corp: 148/3619b lim: 2319 exec/s: 0 rss: 36Mb L: 16/34 MS: 2 CopyPart-EraseBytes-
#296479	NEW    cov: 49 ft: 411 corp: 149/3647b lim: 2418 exec/s: 0 rss: 36Mb L: 28/34 MS: 1 ChangeBit-
#308462	REDUCE cov: 49 ft: 411 corp: 149/3646b lim: 2528 exec/s: 0 rss: 36Mb L: 15/34 MS: 3 CrossOver-ShuffleBytes-EraseBytes-
#313785	REDUCE cov: 49 ft: 411 corp: 149/3644b lim: 2572 exec/s: 0 rss: 36Mb L: 26/34 MS: 3 CrossOver-ChangeByte-EraseBytes-
#315781	REDUCE cov: 49 ft: 413 corp: 150/3659b lim: 2583 exec/s: 0 rss: 36Mb L: 15/34 MS: 1 ChangeBit-
#319098	REDUCE cov: 49 ft: 413 corp: 150/3657b lim: 2616 exec/s: 0 rss: 36Mb L: 26/34 MS: 2 InsertByte-EraseBytes-
#335035	REDUCE cov: 49 ft: 413 corp: 150/3655b lim: 2770 exec/s: 0 rss: 36Mb L: 26/34 MS: 2 EraseBytes-InsertByte-
#351399	REDUCE cov: 49 ft: 413 corp: 150/3653b lim: 2924 exec/s: 0 rss: 36Mb L: 22/34 MS: 4 ChangeByte-CopyPart-ChangeASCIIInt-EraseBytes-
#360928	REDUCE cov: 49 ft: 413 corp: 150/3651b lim: 3012 exec/s: 0 rss: 36Mb L: 24/34 MS: 4 ShuffleBytes-ChangeASCIIInt-EraseBytes-ChangeByte-
#375569	NEW    cov: 49 ft: 415 corp: 151/3679b lim: 3155 exec/s: 0 rss: 36Mb L: 28/34 MS: 1 ShuffleBytes-
#397885	REDUCE cov: 49 ft: 415 corp: 151/3675b lim: 3375 exec/s: 397885 rss: 36Mb L: 24/34 MS: 3 EraseBytes-ChangeByte-ChangeBinInt-
#399395	REDUCE cov: 49 ft: 415 corp: 151/3671b lim: 3386 exec/s: 399395 rss: 36Mb L: 16/34 MS: 5 ShuffleBytes-EraseBytes-ShuffleBytes-ChangeByte-EraseBytes-
#401795	REDUCE cov: 49 ft: 415 corp: 151/3669b lim: 3408 exec/s: 401795 rss: 36Mb L: 16/34 MS: 5 ChangeBit-ChangeASCIIInt-ChangeBinInt-ChangeByte-EraseBytes-
#404145	REDUCE cov: 49 ft: 415 corp: 151/3667b lim: 3430 exec/s: 404145 rss: 36Mb L: 15/34 MS: 5 PersAutoDict-ChangeBit-InsertByte-ChangeBinInt-EraseBytes- DE: "\377\377"-
#416282	REDUCE cov: 49 ft: 415 corp: 151/3665b lim: 3540 exec/s: 416282 rss: 36Mb L: 22/34 MS: 2 EraseBytes-ChangeBinInt-
#419540	REDUCE cov: 49 ft: 415 corp: 151/3663b lim: 3562 exec/s: 419540 rss: 36Mb L: 22/34 MS: 3 ShuffleBytes-EraseBytes-ChangeByte-
#453229	REDUCE cov: 49 ft: 415 corp: 151/3661b lim: 3892 exec/s: 453229 rss: 36Mb L: 18/34 MS: 4 CrossOver-ChangeByte-EraseBytes-CMP- DE: "\377\377\377T"-
#457014	REDUCE cov: 49 ft: 415 corp: 151/3659b lim: 3925 exec/s: 457014 rss: 36Mb L: 22/34 MS: 5 CrossOver-InsertRepeatedBytes-ChangeASCIIInt-EraseBytes-EraseBytes-
#496632	REDUCE cov: 49 ft: 415 corp: 151/3657b lim: 4096 exec/s: 496632 rss: 36Mb L: 16/34 MS: 3 ChangeBit-ShuffleBytes-EraseBytes-
#518786	REDUCE cov: 49 ft: 415 corp: 151/3655b lim: 4096 exec/s: 518786 rss: 36Mb L: 18/34 MS: 4 CrossOver-ChangeBinInt-ShuffleBytes-EraseBytes-
#522378	REDUCE cov: 49 ft: 415 corp: 151/3653b lim: 4096 exec/s: 522378 rss: 36Mb L: 26/34 MS: 2 EraseBytes-ChangeByte-
#525696	REDUCE cov: 49 ft: 415 corp: 151/3649b lim: 4096 exec/s: 525696 rss: 36Mb L: 22/34 MS: 3 ChangeBinInt-ShuffleBytes-EraseBytes-
#538366	REDUCE cov: 49 ft: 415 corp: 151/3647b lim: 4096 exec/s: 538366 rss: 36Mb L: 24/34 MS: 5 InsertByte-ChangeASCIIInt-ChangeBit-CrossOver-EraseBytes-
#540547	REDUCE cov: 49 ft: 416 corp: 152/3671b lim: 4096 exec/s: 540547 rss: 36Mb L: 24/34 MS: 1 ChangeBit-
#543382	REDUCE cov: 49 ft: 416 corp: 152/3669b lim: 4096 exec/s: 543382 rss: 36Mb L: 22/34 MS: 5 EraseBytes-CopyPart-CopyPart-ChangeByte-InsertByte-
#547891	REDUCE cov: 49 ft: 416 corp: 152/3667b lim: 4096 exec/s: 547891 rss: 36Mb L: 24/34 MS: 4 InsertByte-ChangeBinInt-ShuffleBytes-EraseBytes-
#549328	REDUCE cov: 49 ft: 416 corp: 152/3665b lim: 4096 exec/s: 549328 rss: 36Mb L: 16/34 MS: 2 ChangeByte-EraseBytes-
#574981	REDUCE cov: 49 ft: 416 corp: 152/3663b lim: 4096 exec/s: 574981 rss: 36Mb L: 22/34 MS: 3 CrossOver-EraseBytes-ChangeByte-
#578592	NEW    cov: 49 ft: 417 corp: 153/3687b lim: 4096 exec/s: 578592 rss: 36Mb L: 24/34 MS: 1 ChangeASCIIInt-
#579775	REDUCE cov: 49 ft: 417 corp: 153/3685b lim: 4096 exec/s: 579775 rss: 36Mb L: 20/34 MS: 3 ShuffleBytes-InsertByte-EraseBytes-
#583388	REDUCE cov: 49 ft: 417 corp: 153/3681b lim: 4096 exec/s: 583388 rss: 36Mb L: 22/34 MS: 3 EraseBytes-InsertByte-CopyPart-
#594133	REDUCE cov: 49 ft: 417 corp: 153/3679b lim: 4096 exec/s: 594133 rss: 36Mb L: 26/34 MS: 5 ChangeByte-EraseBytes-PersAutoDict-CopyPart-ChangeByte- DE: "\006\000\000\000\000\000\000\000"-
#608682	REDUCE cov: 49 ft: 417 corp: 153/3677b lim: 4096 exec/s: 608682 rss: 36Mb L: 20/34 MS: 4 ShuffleBytes-EraseBytes-InsertByte-CMP- DE: "\377\377"-
#630324	REDUCE cov: 49 ft: 417 corp: 153/3675b lim: 4096 exec/s: 630324 rss: 36Mb L: 15/34 MS: 2 EraseBytes-ChangeBinInt-
#639374	REDUCE cov: 49 ft: 417 corp: 153/3673b lim: 4096 exec/s: 639374 rss: 36Mb L: 26/34 MS: 5 CopyPart-EraseBytes-EraseBytes-InsertByte-InsertByte-
#640148	REDUCE cov: 49 ft: 417 corp: 153/3671b lim: 4096 exec/s: 640148 rss: 36Mb L: 22/34 MS: 4 ChangeBinInt-ShuffleBytes-ChangeByte-EraseBytes-
#654866	REDUCE cov: 49 ft: 417 corp: 153/3669b lim: 4096 exec/s: 654866 rss: 36Mb L: 22/34 MS: 3 CopyPart-ShuffleBytes-EraseBytes-
#668681	REDUCE cov: 49 ft: 417 corp: 153/3668b lim: 4096 exec/s: 668681 rss: 36Mb L: 17/34 MS: 5 PersAutoDict-ChangeBit-EraseBytes-InsertByte-ChangeBit- DE: "/\000\000\000"-
#670396	REDUCE cov: 49 ft: 417 corp: 153/3662b lim: 4096 exec/s: 670396 rss: 36Mb L: 22/34 MS: 5 ChangeByte-ChangeBit-ShuffleBytes-PersAutoDict-EraseBytes- DE: "\377\377\377T"-
#671225	REDUCE cov: 49 ft: 417 corp: 153/3660b lim: 4096 exec/s: 671225 rss: 36Mb L: 26/34 MS: 4 CMP-EraseBytes-ChangeByte-InsertByte- DE: "\0017"-
#682523	REDUCE cov: 49 ft: 417 corp: 153/3658b lim: 4096 exec/s: 682523 rss: 36Mb L: 20/34 MS: 3 EraseBytes-InsertByte-ChangeBinInt-
#684301	REDUCE cov: 49 ft: 417 corp: 153/3656b lim: 4096 exec/s: 684301 rss: 36Mb L: 18/34 MS: 3 CopyPart-ChangeByte-EraseBytes-
#686270	REDUCE cov: 49 ft: 417 corp: 153/3654b lim: 4096 exec/s: 686270 rss: 36Mb L: 20/34 MS: 4 InsertByte-CopyPart-ShuffleBytes-EraseBytes-
#705186	NEW    cov: 49 ft: 418 corp: 154/3678b lim: 4096 exec/s: 705186 rss: 36Mb L: 24/34 MS: 1 ChangeASCIIInt-
#720809	REDUCE cov: 49 ft: 418 corp: 154/3676b lim: 4096 exec/s: 720809 rss: 36Mb L: 24/34 MS: 3 ChangeBit-EraseBytes-InsertByte-
#835261	REDUCE cov: 49 ft: 418 corp: 154/3674b lim: 4096 exec/s: 417630 rss: 36Mb L: 26/34 MS: 5 ChangeASCIIInt-ChangeBit-InsertByte-EraseBytes-InsertByte-
#837748	REDUCE cov: 49 ft: 418 corp: 154/3672b lim: 4096 exec/s: 418874 rss: 36Mb L: 24/34 MS: 2 EraseBytes-CopyPart-
#838712	REDUCE cov: 49 ft: 418 corp: 154/3670b lim: 4096 exec/s: 419356 rss: 36Mb L: 20/34 MS: 4 InsertRepeatedBytes-ChangeBinInt-ChangeASCIIInt-EraseBytes-
#858721	REDUCE cov: 49 ft: 418 corp: 154/3668b lim: 4096 exec/s: 429360 rss: 36Mb L: 20/34 MS: 4 ShuffleBytes-ChangeBit-EraseBytes-InsertByte-
#921469	REDUCE cov: 49 ft: 418 corp: 154/3666b lim: 4096 exec/s: 460734 rss: 36Mb L: 16/34 MS: 3 ChangeBit-EraseBytes-PersAutoDict- DE: "\377\377"-
#977091	REDUCE cov: 49 ft: 418 corp: 154/3664b lim: 4096 exec/s: 488545 rss: 36Mb L: 18/34 MS: 2 ChangeBit-EraseBytes-
#1031329	REDUCE cov: 49 ft: 418 corp: 154/3662b lim: 4096 exec/s: 515664 rss: 36Mb L: 16/34 MS: 3 ChangeByte-ChangeBit-EraseBytes-
#1034728	REDUCE cov: 49 ft: 418 corp: 154/3658b lim: 4096 exec/s: 517364 rss: 36Mb L: 16/34 MS: 4 ChangeBinInt-EraseBytes-ChangeBinInt-CMP- DE: "\377\377"-
#1038467	REDUCE cov: 49 ft: 418 corp: 154/3656b lim: 4096 exec/s: 519233 rss: 36Mb L: 24/34 MS: 4 ChangeByte-InsertByte-ShuffleBytes-EraseBytes-
#1057160	REDUCE cov: 49 ft: 418 corp: 154/3654b lim: 4096 exec/s: 528580 rss: 36Mb L: 26/34 MS: 3 ChangeASCIIInt-ChangeBinInt-EraseBytes-
#1064398	REDUCE cov: 49 ft: 418 corp: 154/3652b lim: 4096 exec/s: 532199 rss: 36Mb L: 20/34 MS: 3 EraseBytes-InsertByte-CopyPart-
#1090117	REDUCE cov: 49 ft: 418 corp: 154/3650b lim: 4096 exec/s: 545058 rss: 36Mb L: 18/34 MS: 4 EraseBytes-CopyPart-PersAutoDict-EraseBytes- DE: "\377\377\377\377"-
#1121562	REDUCE cov: 49 ft: 418 corp: 154/3648b lim: 4096 exec/s: 560781 rss: 36Mb L: 22/34 MS: 5 CrossOver-EraseBytes-InsertByte-ShuffleBytes-EraseBytes-
#1139374	REDUCE cov: 49 ft: 418 corp: 154/3646b lim: 4096 exec/s: 569687 rss: 36Mb L: 22/34 MS: 2 EraseBytes-ChangeByte-
#1182556	REDUCE cov: 49 ft: 418 corp: 154/3644b lim: 4096 exec/s: 591278 rss: 36Mb L: 26/34 MS: 2 EraseBytes-ChangeBit-
#1216708	REDUCE cov: 49 ft: 418 corp: 154/3642b lim: 4096 exec/s: 608354 rss: 36Mb L: 26/34 MS: 2 ChangeByte-EraseBytes-
#1221117	REDUCE cov: 49 ft: 418 corp: 154/3640b lim: 4096 exec/s: 610558 rss: 36Mb L: 22/34 MS: 4 CrossOver-ChangeASCIIInt-ChangeASCIIInt-EraseBytes-
#1234089	REDUCE cov: 49 ft: 418 corp: 154/3638b lim: 4096 exec/s: 617044 rss: 36Mb L: 24/34 MS: 2 EraseBytes-ChangeByte-
#1265877	REDUCE cov: 49 ft: 418 corp: 154/3634b lim: 4096 exec/s: 421959 rss: 36Mb L: 16/34 MS: 3 PersAutoDict-CopyPart-EraseBytes- DE: "\377\377"-
#1353966	REDUCE cov: 49 ft: 418 corp: 154/3632b lim: 4096 exec/s: 451322 rss: 36Mb L: 22/34 MS: 4 ShuffleBytes-EraseBytes-ChangeByte-InsertByte-
#1385319	REDUCE cov: 49 ft: 418 corp: 154/3630b lim: 4096 exec/s: 461773 rss: 36Mb L: 26/34 MS: 3 ChangeASCIIInt-EraseBytes-ChangeByte-
#1397037	REDUCE cov: 49 ft: 418 corp: 154/3626b lim: 4096 exec/s: 465679 rss: 36Mb L: 22/34 MS: 3 CopyPart-EraseBytes-PersAutoDict- DE: "\377\377\377T"-
#1424436	REDUCE cov: 49 ft: 418 corp: 154/3625b lim: 4096 exec/s: 474812 rss: 36Mb L: 16/34 MS: 4 ChangeASCIIInt-CopyPart-InsertByte-EraseBytes-
#1442908	REDUCE cov: 49 ft: 418 corp: 154/3623b lim: 4096 exec/s: 480969 rss: 36Mb L: 24/34 MS: 2 EraseBytes-ChangeBinInt-
#1569665	REDUCE cov: 49 ft: 418 corp: 154/3621b lim: 4096 exec/s: 523221 rss: 36Mb L: 22/34 MS: 2 EraseBytes-ChangeByte-
#1597308	REDUCE cov: 49 ft: 418 corp: 154/3619b lim: 4096 exec/s: 532436 rss: 36Mb L: 26/34 MS: 3 ShuffleBytes-EraseBytes-ChangeByte-
#1615311	REDUCE cov: 49 ft: 418 corp: 154/3617b lim: 4096 exec/s: 538437 rss: 36Mb L: 20/34 MS: 3 ChangeByte-EraseBytes-ChangeBinInt-
#1622210	REDUCE cov: 49 ft: 418 corp: 154/3615b lim: 4096 exec/s: 540736 rss: 36Mb L: 20/34 MS: 4 ChangeBit-InsertByte-ChangeByte-EraseBytes-
#1667992	REDUCE cov: 49 ft: 418 corp: 154/3611b lim: 4096 exec/s: 555997 rss: 36Mb L: 24/34 MS: 2 PersAutoDict-EraseBytes- DE: "\377\377"-
#1693760	REDUCE cov: 49 ft: 418 corp: 154/3609b lim: 4096 exec/s: 423440 rss: 36Mb L: 22/34 MS: 3 EraseBytes-InsertByte-InsertByte-
#1698612	REDUCE cov: 49 ft: 418 corp: 154/3607b lim: 4096 exec/s: 424653 rss: 36Mb L: 20/34 MS: 2 InsertByte-EraseBytes-
#1723787	REDUCE cov: 49 ft: 418 corp: 154/3605b lim: 4096 exec/s: 430946 rss: 36Mb L: 18/34 MS: 5 ChangeByte-EraseBytes-ChangeBinInt-ChangeByte-ChangeByte-
#1734365	REDUCE cov: 49 ft: 418 corp: 154/3603b lim: 4096 exec/s: 433591 rss: 36Mb L: 20/34 MS: 3 ChangeASCIIInt-EraseBytes-ChangeBit-
#1792708	REDUCE cov: 49 ft: 418 corp: 154/3601b lim: 4096 exec/s: 448177 rss: 36Mb L: 24/34 MS: 3 ChangeBinInt-PersAutoDict-EraseBytes- DE: "\033\000\000\000\000\000\000\000"-
#1794670	REDUCE cov: 49 ft: 418 corp: 154/3599b lim: 4096 exec/s: 448667 rss: 36Mb L: 26/34 MS: 2 EraseBytes-InsertByte-
#1891560	REDUCE cov: 49 ft: 418 corp: 154/3597b lim: 4096 exec/s: 472890 rss: 36Mb L: 24/34 MS: 5 ChangeByte-ChangeBinInt-EraseBytes-ChangeBit-ChangeByte-
#1925148	REDUCE cov: 49 ft: 418 corp: 154/3595b lim: 4096 exec/s: 481287 rss: 36Mb L: 26/34 MS: 3 EraseBytes-ChangeBinInt-ChangeBinInt-
#2097152	pulse  cov: 49 ft: 418 corp: 154/3595b lim: 4096 exec/s: 524288 rss: 36Mb
#2113762	REDUCE cov: 49 ft: 418 corp: 154/3593b lim: 4096 exec/s: 422752 rss: 36Mb L: 22/34 MS: 4 ChangeASCIIInt-EraseBytes-ChangeASCIIInt-PersAutoDict- DE: "\377\377\377T"-
#2136681	REDUCE cov: 49 ft: 418 corp: 154/3591b lim: 4096 exec/s: 427336 rss: 36Mb L: 20/34 MS: 4 ShuffleBytes-ShuffleBytes-ChangeByte-EraseBytes-
#2165365	REDUCE cov: 49 ft: 418 corp: 154/3587b lim: 4096 exec/s: 433073 rss: 36Mb L: 24/34 MS: 4 ChangeBinInt-CrossOver-EraseBytes-CMP- DE: "\001\000\000U"-
#2183738	REDUCE cov: 49 ft: 418 corp: 154/3585b lim: 4096 exec/s: 436747 rss: 36Mb L: 26/34 MS: 3 InsertByte-ShuffleBytes-EraseBytes-
#2271520	REDUCE cov: 49 ft: 418 corp: 154/3583b lim: 4096 exec/s: 454304 rss: 36Mb L: 20/34 MS: 2 CopyPart-EraseBytes-
#2306492	REDUCE cov: 49 ft: 418 corp: 154/3581b lim: 4096 exec/s: 461298 rss: 36Mb L: 22/34 MS: 2 EraseBytes-ChangeBit-
#2389091	REDUCE cov: 49 ft: 418 corp: 154/3573b lim: 4096 exec/s: 477818 rss: 36Mb L: 20/34 MS: 4 EraseBytes-InsertByte-CopyPart-ChangeBit-
#2445452	NEW    cov: 49 ft: 419 corp: 155/3606b lim: 4096 exec/s: 489090 rss: 36Mb L: 33/34 MS: 1 InsertRepeatedBytes-
#2468079	REDUCE cov: 49 ft: 419 corp: 155/3604b lim: 4096 exec/s: 493615 rss: 36Mb L: 20/34 MS: 2 ChangeByte-EraseBytes-
#2498326	REDUCE cov: 49 ft: 419 corp: 155/3602b lim: 4096 exec/s: 499665 rss: 36Mb L: 16/34 MS: 2 EraseBytes-ChangeByte-
#2515187	NEW    cov: 49 ft: 421 corp: 156/3630b lim: 4096 exec/s: 503037 rss: 36Mb L: 28/34 MS: 1 ChangeByte-
#2527518	REDUCE cov: 49 ft: 421 corp: 156/3629b lim: 4096 exec/s: 505503 rss: 36Mb L: 32/34 MS: 1 EraseBytes-
#2546231	REDUCE cov: 49 ft: 421 corp: 156/3627b lim: 4096 exec/s: 424371 rss: 36Mb L: 20/34 MS: 3 CMP-InsertRepeatedBytes-EraseBytes- DE: "\001A"-
#2566826	REDUCE cov: 49 ft: 421 corp: 156/3625b lim: 4096 exec/s: 427804 rss: 36Mb L: 16/34 MS: 5 EraseBytes-ChangeBinInt-CrossOver-CMP-InsertByte- DE: "\377\377\377`"-
#2588090	REDUCE cov: 49 ft: 421 corp: 156/3619b lim: 4096 exec/s: 431348 rss: 36Mb L: 20/34 MS: 4 EraseBytes-InsertByte-CopyPart-CrossOver-
#2713640	REDUCE cov: 49 ft: 421 corp: 156/3617b lim: 4096 exec/s: 452273 rss: 36Mb L: 22/34 MS: 5 ChangeASCIIInt-PersAutoDict-EraseBytes-CopyPart-ChangeByte- DE: "\0017"-
#2860434	REDUCE cov: 49 ft: 421 corp: 156/3615b lim: 4096 exec/s: 476739 rss: 36Mb L: 18/34 MS: 4 CopyPart-ShuffleBytes-EraseBytes-EraseBytes-
#2872286	REDUCE cov: 49 ft: 421 corp: 156/3613b lim: 4096 exec/s: 478714 rss: 36Mb L: 18/34 MS: 2 PersAutoDict-EraseBytes- DE: "\377\377\377\377"-
#2907965	REDUCE cov: 49 ft: 421 corp: 156/3611b lim: 4096 exec/s: 484660 rss: 36Mb L: 20/34 MS: 4 ChangeBit-ChangeBinInt-EraseBytes-InsertByte-
#2909597	REDUCE cov: 49 ft: 424 corp: 157/3643b lim: 4096 exec/s: 484932 rss: 36Mb L: 32/34 MS: 2 CopyPart-InsertByte-
#2920984	REDUCE cov: 49 ft: 424 corp: 157/3641b lim: 4096 exec/s: 486830 rss: 36Mb L: 30/34 MS: 2 EraseBytes-ChangeBit-
#2943237	REDUCE cov: 49 ft: 424 corp: 157/3635b lim: 4096 exec/s: 490539 rss: 36Mb L: 16/34 MS: 3 PersAutoDict-EraseBytes-CMP- DE: "\377\377\377T"-"\377\377\377\377\377\377\377\016"-
#2954089	REDUCE cov: 49 ft: 424 corp: 157/3631b lim: 4096 exec/s: 492348 rss: 36Mb L: 22/34 MS: 2 EraseBytes-ChangeBinInt-
#2963387	REDUCE cov: 49 ft: 424 corp: 157/3627b lim: 4096 exec/s: 423341 rss: 36Mb L: 26/34 MS: 3 PersAutoDict-ChangeBinInt-EraseBytes- DE: "\377\377\377\377\377\377\377\033"-
#2975106	REDUCE cov: 49 ft: 424 corp: 157/3625b lim: 4096 exec/s: 425015 rss: 36Mb L: 24/34 MS: 4 CrossOver-ChangeASCIIInt-EraseBytes-ChangeBinInt-
#3064290	REDUCE cov: 49 ft: 424 corp: 157/3623b lim: 4096 exec/s: 437755 rss: 36Mb L: 20/34 MS: 4 ChangeBinInt-ChangeBit-EraseBytes-InsertByte-
#3090749	REDUCE cov: 49 ft: 424 corp: 157/3621b lim: 4096 exec/s: 441535 rss: 36Mb L: 24/34 MS: 4 CMP-EraseBytes-PersAutoDict-ChangeBit- DE: "2\000"-"\0017"-
#3127421	REDUCE cov: 49 ft: 424 corp: 157/3619b lim: 4096 exec/s: 446774 rss: 36Mb L: 22/34 MS: 2 EraseBytes-ChangeByte-
#3143113	REDUCE cov: 49 ft: 424 corp: 157/3613b lim: 4096 exec/s: 449016 rss: 36Mb L: 18/34 MS: 2 EraseBytes-PersAutoDict- DE: "\377\377\377`"-
#3200857	REDUCE cov: 49 ft: 424 corp: 157/3611b lim: 4096 exec/s: 457265 rss: 36Mb L: 24/34 MS: 4 ShuffleBytes-PersAutoDict-ChangeASCIIInt-EraseBytes- DE: "\377\377\377`"-
#3269851	REDUCE cov: 49 ft: 424 corp: 157/3607b lim: 4096 exec/s: 467121 rss: 36Mb L: 16/34 MS: 4 EraseBytes-ChangeASCIIInt-ShuffleBytes-ChangeBinInt-
#3271731	REDUCE cov: 49 ft: 424 corp: 157/3605b lim: 4096 exec/s: 467390 rss: 36Mb L: 22/34 MS: 5 EraseBytes-EraseBytes-ShuffleBytes-ChangeBinInt-ChangeBinInt-
#3302118	REDUCE cov: 49 ft: 424 corp: 157/3603b lim: 4096 exec/s: 471731 rss: 36Mb L: 22/34 MS: 2 EraseBytes-ChangeBinInt-
#3360627	REDUCE cov: 49 ft: 424 corp: 157/3601b lim: 4096 exec/s: 480089 rss: 36Mb L: 16/34 MS: 4 EraseBytes-ChangeByte-EraseBytes-PersAutoDict- DE: "\377\377"-
#3604102	REDUCE cov: 49 ft: 424 corp: 157/3597b lim: 4096 exec/s: 450512 rss: 36Mb L: 24/34 MS: 5 EraseBytes-ShuffleBytes-InsertByte-CMP-EraseBytes- DE: "\377\377\377H"-
#3633431	REDUCE cov: 49 ft: 424 corp: 157/3596b lim: 4096 exec/s: 454178 rss: 36Mb L: 21/34 MS: 4 ChangeBit-ChangeBit-EraseBytes-ChangeByte-
#3669490	REDUCE cov: 49 ft: 424 corp: 157/3594b lim: 4096 exec/s: 458686 rss: 36Mb L: 16/34 MS: 4 CopyPart-PersAutoDict-InsertByte-EraseBytes- DE: "\377\377\377\377\377\377\377\016"-
#3838642	REDUCE cov: 49 ft: 424 corp: 157/3592b lim: 4096 exec/s: 426515 rss: 36Mb L: 22/34 MS: 2 EraseBytes-PersAutoDict- DE: "\377\377\377T"-
#3945920	REDUCE cov: 49 ft: 424 corp: 157/3590b lim: 4096 exec/s: 438435 rss: 36Mb L: 20/34 MS: 3 ChangeByte-EraseBytes-ChangeBinInt-
#4123157	REDUCE cov: 49 ft: 424 corp: 157/3586b lim: 4096 exec/s: 458128 rss: 36Mb L: 20/34 MS: 2 PersAutoDict-EraseBytes- DE: "\377\377\377\377\377\377\377\033"-
#4148689	REDUCE cov: 49 ft: 424 corp: 157/3584b lim: 4096 exec/s: 460965 rss: 36Mb L: 22/34 MS: 2 EraseBytes-CopyPart-
#4149001	REDUCE cov: 49 ft: 424 corp: 157/3582b lim: 4096 exec/s: 461000 rss: 36Mb L: 20/34 MS: 2 ChangeByte-EraseBytes-
#4194304	pulse  cov: 49 ft: 424 corp: 157/3582b lim: 4096 exec/s: 466033 rss: 36Mb
#4194459	REDUCE cov: 49 ft: 424 corp: 157/3574b lim: 4096 exec/s: 466051 rss: 36Mb L: 20/34 MS: 3 ChangeASCIIInt-EraseBytes-PersAutoDict- DE: "\377\377\377\377"-
#4229751	REDUCE cov: 49 ft: 424 corp: 157/3570b lim: 4096 exec/s: 469972 rss: 36Mb L: 22/34 MS: 2 ChangeBinInt-EraseBytes-
#4313302	REDUCE cov: 49 ft: 424 corp: 157/3569b lim: 4096 exec/s: 431330 rss: 36Mb L: 20/34 MS: 1 EraseBytes-
#4382004	REDUCE cov: 49 ft: 424 corp: 157/3565b lim: 4096 exec/s: 438200 rss: 36Mb L: 22/34 MS: 2 PersAutoDict-EraseBytes- DE: "\377\377"-
#4562353	REDUCE cov: 49 ft: 424 corp: 157/3561b lim: 4096 exec/s: 456235 rss: 36Mb L: 22/34 MS: 4 CMP-InsertByte-ChangeBit-EraseBytes- DE: "\001\000\000\000\000\000\000\035"-
#4569595	REDUCE cov: 49 ft: 424 corp: 157/3559b lim: 4096 exec/s: 456959 rss: 36Mb L: 20/34 MS: 2 EraseBytes-ChangeByte-
#4785382	REDUCE cov: 49 ft: 424 corp: 157/3557b lim: 4096 exec/s: 435034 rss: 36Mb L: 20/34 MS: 2 PersAutoDict-EraseBytes- DE: "\377\377\377H"-
#4969897	REDUCE cov: 49 ft: 424 corp: 157/3555b lim: 4096 exec/s: 451808 rss: 36Mb L: 20/34 MS: 5 ChangeBit-InsertByte-ChangeBit-CMP-EraseBytes- DE: "\000\000\000\000\000\000\000\034"-
#5026207	REDUCE cov: 49 ft: 424 corp: 157/3551b lim: 4096 exec/s: 456927 rss: 36Mb L: 20/34 MS: 5 ShuffleBytes-ChangeByte-EraseBytes-ChangeByte-InsertRepeatedBytes-
#5060154	REDUCE cov: 49 ft: 424 corp: 157/3549b lim: 4096 exec/s: 460014 rss: 36Mb L: 22/34 MS: 2 ChangeByte-EraseBytes-
#5201731	REDUCE cov: 49 ft: 424 corp: 157/3547b lim: 4096 exec/s: 433477 rss: 36Mb L: 20/34 MS: 2 PersAutoDict-EraseBytes- DE: "\377\377"-
#5492061	REDUCE cov: 49 ft: 424 corp: 157/3543b lim: 4096 exec/s: 457671 rss: 36Mb L: 22/34 MS: 5 InsertByte-ChangeBinInt-ShuffleBytes-EraseBytes-ChangeBinInt-
#5576885	REDUCE cov: 49 ft: 424 corp: 157/3541b lim: 4096 exec/s: 428991 rss: 36Mb L: 20/34 MS: 4 CopyPart-ChangeBit-ShuffleBytes-EraseBytes-
#5663922	REDUCE cov: 49 ft: 424 corp: 157/3539b lim: 4096 exec/s: 435686 rss: 36Mb L: 16/34 MS: 2 EraseBytes-ChangeByte-
#5750405	REDUCE cov: 49 ft: 424 corp: 157/3537b lim: 4096 exec/s: 442338 rss: 36Mb L: 22/34 MS: 3 ChangeASCIIInt-EraseBytes-ChangeByte-
#5939727	REDUCE cov: 49 ft: 424 corp: 157/3535b lim: 4096 exec/s: 456902 rss: 36Mb L: 22/34 MS: 2 EraseBytes-ChangeBinInt-
#5951559	REDUCE cov: 49 ft: 424 corp: 157/3533b lim: 4096 exec/s: 457812 rss: 36Mb L: 20/34 MS: 2 EraseBytes-PersAutoDict- DE: "\377\377\377`"-
#6131084	REDUCE cov: 49 ft: 424 corp: 157/3531b lim: 4096 exec/s: 437934 rss: 36Mb L: 20/34 MS: 5 ChangeASCIIInt-EraseBytes-ShuffleBytes-ChangeASCIIInt-ChangeBit-
#6163977	REDUCE cov: 49 ft: 424 corp: 157/3529b lim: 4096 exec/s: 440284 rss: 36Mb L: 20/34 MS: 3 ChangeBit-PersAutoDict-EraseBytes- DE: "\001\000"-
#6354245	REDUCE cov: 49 ft: 424 corp: 157/3527b lim: 4096 exec/s: 453874 rss: 36Mb L: 20/34 MS: 3 PersAutoDict-InsertRepeatedBytes-EraseBytes- DE: "\033\000\000\000\000\000\000\000"-
#6738574	REDUCE cov: 49 ft: 424 corp: 157/3525b lim: 4096 exec/s: 449238 rss: 36Mb L: 18/34 MS: 4 CopyPart-PersAutoDict-ShuffleBytes-EraseBytes- DE: "\377\377\377`"-
#6919698	REDUCE cov: 49 ft: 424 corp: 157/3523b lim: 4096 exec/s: 432481 rss: 36Mb L: 18/34 MS: 4 InsertByte-PersAutoDict-EraseBytes-InsertByte- DE: "\377\377\377\377"-
#7527446	REDUCE cov: 49 ft: 424 corp: 157/3521b lim: 4096 exec/s: 442790 rss: 36Mb L: 22/34 MS: 3 ChangeBinInt-EraseBytes-PersAutoDict- DE: "\377\377\377T"-
#8130274	REDUCE cov: 49 ft: 424 corp: 157/3520b lim: 4096 exec/s: 427909 rss: 36Mb L: 15/34 MS: 3 EraseBytes-ChangeBit-ChangeBit-
#9076864	REDUCE cov: 49 ft: 424 corp: 157/3518b lim: 4096 exec/s: 432231 rss: 36Mb L: 20/34 MS: 5 ChangeByte-ChangeASCIIInt-EraseBytes-ChangeBit-InsertByte-
#9363053	REDUCE cov: 49 ft: 424 corp: 157/3516b lim: 4096 exec/s: 445859 rss: 36Mb L: 18/34 MS: 4 ChangeBinInt-ChangeBinInt-InsertByte-EraseBytes-
#9423070	REDUCE cov: 49 ft: 424 corp: 157/3514b lim: 4096 exec/s: 428321 rss: 36Mb L: 20/34 MS: 2 EraseBytes-ChangeBit-
#9976002	REDUCE cov: 49 ft: 424 corp: 157/3512b lim: 4096 exec/s: 433739 rss: 36Mb L: 18/34 MS: 2 EraseBytes-CMP- DE: "\377\377\377\377"-
#10163981	REDUCE cov: 49 ft: 425 corp: 158/3528b lim: 4096 exec/s: 441912 rss: 36Mb L: 16/34 MS: 4 InsertByte-ShuffleBytes-CrossOver-PersAutoDict- DE: "\377\377\377T"-
#10521228	REDUCE cov: 49 ft: 425 corp: 158/3526b lim: 4096 exec/s: 438384 rss: 36Mb L: 18/34 MS: 2 EraseBytes-ChangeByte-
#11301852	REDUCE cov: 49 ft: 425 corp: 158/3524b lim: 4096 exec/s: 434686 rss: 36Mb L: 24/34 MS: 4 ShuffleBytes-EraseBytes-ChangeASCIIInt-ChangeByte-
#11388770	REDUCE cov: 49 ft: 425 corp: 158/3522b lim: 4096 exec/s: 438029 rss: 36Mb L: 24/34 MS: 3 ChangeByte-InsertByte-EraseBytes-
#11592818	REDUCE cov: 49 ft: 425 corp: 158/3520b lim: 4096 exec/s: 429363 rss: 36Mb L: 18/34 MS: 3 InsertRepeatedBytes-ChangeBit-EraseBytes-
#13374432	NEW    cov: 49 ft: 426 corp: 159/3553b lim: 4096 exec/s: 431433 rss: 36Mb L: 33/34 MS: 4 ChangeBinInt-InsertRepeatedBytes-ShuffleBytes-EraseBytes-
#14550099	REDUCE cov: 49 ft: 426 corp: 159/3551b lim: 4096 exec/s: 440912 rss: 36Mb L: 20/34 MS: 2 EraseBytes-InsertByte-
#15224951	REDUCE cov: 49 ft: 426 corp: 159/3549b lim: 4096 exec/s: 434998 rss: 36Mb L: 18/34 MS: 2 EraseBytes-CopyPart-
#15375078	REDUCE cov: 49 ft: 426 corp: 159/3548b lim: 4096 exec/s: 439287 rss: 36Mb L: 15/34 MS: 2 EraseBytes-ChangeByte-
#15838526	REDUCE cov: 49 ft: 426 corp: 159/3546b lim: 4096 exec/s: 439959 rss: 36Mb L: 22/34 MS: 3 ChangeBinInt-ChangeASCIIInt-EraseBytes-
#15927950	REDUCE cov: 49 ft: 426 corp: 159/3545b lim: 4096 exec/s: 430485 rss: 36Mb L: 15/34 MS: 4 CMP-EraseBytes-InsertByte-InsertByte- DE: "\033\000\000\000\000\000\000\000"-
#16113993	REDUCE cov: 49 ft: 426 corp: 159/3543b lim: 4096 exec/s: 435513 rss: 36Mb L: 22/34 MS: 3 ChangeByte-InsertByte-EraseBytes-
#16208301	REDUCE cov: 49 ft: 426 corp: 159/3539b lim: 4096 exec/s: 438062 rss: 36Mb L: 20/34 MS: 3 EraseBytes-ChangeASCIIInt-PersAutoDict- DE: "\377\377\377T"-
#16533395	REDUCE cov: 49 ft: 426 corp: 159/3531b lim: 4096 exec/s: 435089 rss: 36Mb L: 20/34 MS: 4 ChangeByte-ChangeBit-ShuffleBytes-EraseBytes-
#16701967	REDUCE cov: 49 ft: 426 corp: 159/3527b lim: 4096 exec/s: 439525 rss: 36Mb L: 16/34 MS: 2 EraseBytes-ChangeBinInt-
#16804560	REDUCE cov: 49 ft: 426 corp: 159/3525b lim: 4096 exec/s: 430886 rss: 36Mb L: 18/34 MS: 3 EraseBytes-ChangeBit-ChangeBinInt-
#16900912	REDUCE cov: 49 ft: 426 corp: 159/3523b lim: 4096 exec/s: 433356 rss: 36Mb L: 20/34 MS: 2 CopyPart-EraseBytes-
#18162895	REDUCE cov: 49 ft: 426 corp: 159/3521b lim: 4096 exec/s: 432449 rss: 36Mb L: 18/34 MS: 3 EraseBytes-CrossOver-InsertByte-
#18409463	REDUCE cov: 49 ft: 426 corp: 159/3519b lim: 4096 exec/s: 438320 rss: 36Mb L: 20/34 MS: 3 CrossOver-EraseBytes-CrossOver-
#18608445	REDUCE cov: 49 ft: 426 corp: 159/3515b lim: 4096 exec/s: 432754 rss: 36Mb L: 22/34 MS: 2 CrossOver-EraseBytes-
#19008823	REDUCE cov: 49 ft: 426 corp: 159/3513b lim: 4096 exec/s: 432018 rss: 36Mb L: 20/34 MS: 3 InsertRepeatedBytes-ChangeBinInt-EraseBytes-
#20680896	REDUCE cov: 49 ft: 426 corp: 159/3505b lim: 4096 exec/s: 440019 rss: 36Mb L: 20/34 MS: 3 ShuffleBytes-EraseBytes-ChangeBit-
#21383778	REDUCE cov: 49 ft: 426 corp: 159/3503b lim: 4096 exec/s: 436403 rss: 36Mb L: 22/34 MS: 2 InsertByte-EraseBytes-
#22854447	REDUCE cov: 49 ft: 426 corp: 159/3501b lim: 4096 exec/s: 439508 rss: 36Mb L: 20/34 MS: 4 ChangeByte-EraseBytes-ChangeASCIIInt-ChangeBinInt-
#23781670	REDUCE cov: 49 ft: 426 corp: 159/3495b lim: 4096 exec/s: 432394 rss: 36Mb L: 18/34 MS: 3 PersAutoDict-ChangeBit-EraseBytes- DE: "\377\377\377\377\377\377\377\016"-
#25016965	NEW    cov: 49 ft: 427 corp: 160/3523b lim: 4096 exec/s: 438894 rss: 36Mb L: 28/34 MS: 5 EraseBytes-EraseBytes-InsertRepeatedBytes-ShuffleBytes-EraseBytes-
#25629803	REDUCE cov: 49 ft: 427 corp: 160/3521b lim: 4096 exec/s: 434403 rss: 36Mb L: 20/34 MS: 3 CopyPart-PersAutoDict-EraseBytes- DE: "\377\377\377\377"-
#27867746	REDUCE cov: 49 ft: 427 corp: 160/3519b lim: 4096 exec/s: 435433 rss: 36Mb L: 20/34 MS: 3 CopyPart-EraseBytes-ChangeByte-
#28249394	REDUCE cov: 49 ft: 427 corp: 160/3517b lim: 4096 exec/s: 434606 rss: 36Mb L: 20/34 MS: 3 ChangeByte-ChangeASCIIInt-EraseBytes-
#28440512	REDUCE cov: 49 ft: 427 corp: 160/3514b lim: 4096 exec/s: 437546 rss: 36Mb L: 17/34 MS: 3 ChangeBinInt-EraseBytes-ChangeBit-
#29015454	REDUCE cov: 49 ft: 427 corp: 160/3510b lim: 4096 exec/s: 433066 rss: 36Mb L: 16/34 MS: 2 EraseBytes-ChangeBit-
#31499586	REDUCE cov: 49 ft: 427 corp: 160/3508b lim: 4096 exec/s: 437494 rss: 36Mb L: 18/34 MS: 2 PersAutoDict-EraseBytes- DE: "\377\377\377`"-
#31856191	REDUCE cov: 49 ft: 427 corp: 160/3507b lim: 4096 exec/s: 436386 rss: 36Mb L: 15/34 MS: 5 InsertByte-EraseBytes-ChangeASCIIInt-ChangeASCIIInt-PersAutoDict- DE: "2\000"-
#32236313	REDUCE cov: 49 ft: 427 corp: 160/3499b lim: 4096 exec/s: 435625 rss: 36Mb L: 20/34 MS: 2 EraseBytes-ChangeBit-
#32946471	REDUCE cov: 49 ft: 427 corp: 160/3497b lim: 4096 exec/s: 433506 rss: 36Mb L: 20/34 MS: 3 EraseBytes-ChangeBit-ChangeBit-
#34916871	REDUCE cov: 49 ft: 427 corp: 160/3496b lim: 4096 exec/s: 436460 rss: 36Mb L: 15/34 MS: 5 PersAutoDict-ChangeByte-ChangeByte-ShuffleBytes-EraseBytes- DE: "\377\377\377\377"-
#37054414	REDUCE cov: 49 ft: 427 corp: 160/3494b lim: 4096 exec/s: 435934 rss: 36Mb L: 18/34 MS: 3 ShuffleBytes-EraseBytes-CopyPart-
#38902322	REDUCE cov: 49 ft: 427 corp: 160/3492b lim: 4096 exec/s: 437104 rss: 36Mb L: 18/34 MS: 3 ChangeASCIIInt-EraseBytes-CopyPart-
#39575480	REDUCE cov: 49 ft: 427 corp: 160/3490b lim: 4096 exec/s: 434895 rss: 36Mb L: 18/34 MS: 3 ChangeASCIIInt-EraseBytes-CopyPart-
#39649830	REDUCE cov: 49 ft: 427 corp: 160/3489b lim: 4096 exec/s: 435712 rss: 36Mb L: 15/34 MS: 5 ChangeBit-InsertByte-ChangeBit-ShuffleBytes-EraseBytes-
#51219342	REDUCE cov: 49 ft: 427 corp: 160/3481b lim: 4096 exec/s: 437772 rss: 36Mb L: 20/34 MS: 2 EraseBytes-ChangeBit-
#57930119	REDUCE cov: 49 ft: 427 corp: 160/3479b lim: 4096 exec/s: 435564 rss: 36Mb L: 20/34 MS: 2 ChangeByte-EraseBytes-
#62267708	REDUCE cov: 50 ft: 433 corp: 161/3506b lim: 4096 exec/s: 435438 rss: 36Mb L: 27/34 MS: 4 CrossOver-ChangeBinInt-EraseBytes-ChangeBinInt-
#65415601	REDUCE cov: 50 ft: 433 corp: 161/3504b lim: 4096 exec/s: 436104 rss: 36Mb L: 18/34 MS: 3 EraseBytes-ChangeBinInt-InsertByte-
#67108864	pulse  cov: 50 ft: 433 corp: 161/3504b lim: 4096 exec/s: 435771 rss: 36Mb
#74260724	REDUCE cov: 50 ft: 433 corp: 161/3503b lim: 4096 exec/s: 436827 rss: 36Mb L: 17/34 MS: 3 ChangeByte-ChangeBinInt-EraseBytes-
#74263303	NEW    cov: 50 ft: 439 corp: 162/3535b lim: 4096 exec/s: 436842 rss: 36Mb L: 32/34 MS: 4 InsertRepeatedBytes-ChangeBinInt-InsertRepeatedBytes-CrossOver-
#74263479	NEW    cov: 50 ft: 442 corp: 163/3567b lim: 4096 exec/s: 436843 rss: 36Mb L: 32/34 MS: 1 ChangeASCIIInt-
#74305834	NEW    cov: 50 ft: 443 corp: 164/3599b lim: 4096 exec/s: 437093 rss: 36Mb L: 32/34 MS: 5 CrossOver-CrossOver-ChangeByte-CopyPart-CopyPart-
#74627711	NEW    cov: 50 ft: 444 corp: 165/3631b lim: 4096 exec/s: 436419 rss: 36Mb L: 32/34 MS: 2 ChangeBit-CrossOver-
#76935379	REDUCE cov: 50 ft: 444 corp: 165/3629b lim: 4096 exec/s: 437132 rss: 36Mb L: 15/34 MS: 3 CopyPart-EraseBytes-PersAutoDict- DE: "\377\377\377H"-
#77799972	REDUCE cov: 50 ft: 444 corp: 165/3627b lim: 4096 exec/s: 437078 rss: 36Mb L: 18/34 MS: 3 ChangeByte-EraseBytes-CrossOver-
#85337269	REDUCE cov: 50 ft: 444 corp: 165/3625b lim: 4096 exec/s: 437627 rss: 36Mb L: 18/34 MS: 2 EraseBytes-ChangeBinInt-
#89355311	REDUCE cov: 50 ft: 444 corp: 165/3623b lim: 4096 exec/s: 435879 rss: 36Mb L: 18/34 MS: 2 PersAutoDict-EraseBytes- DE: "\377\377\377\377\377\377\377\033"-
#95945058	REDUCE cov: 50 ft: 444 corp: 165/3622b lim: 4096 exec/s: 436113 rss: 36Mb L: 15/34 MS: 2 ChangeBit-EraseBytes-
#97935553	REDUCE cov: 50 ft: 444 corp: 165/3620b lim: 4096 exec/s: 437212 rss: 36Mb L: 18/34 MS: 5 InsertByte-ChangeByte-ChangeBit-CopyPart-EraseBytes-
#99704996	REDUCE cov: 50 ft: 444 corp: 165/3618b lim: 4096 exec/s: 437302 rss: 36Mb L: 18/34 MS: 3 InsertByte-EraseBytes-CrossOver-
#100575739	REDUCE cov: 50 ft: 444 corp: 165/3616b lim: 4096 exec/s: 437285 rss: 36Mb L: 18/34 MS: 3 CrossOver-CrossOver-EraseBytes-
#131135966	NEW    cov: 50 ft: 445 corp: 166/3644b lim: 4096 exec/s: 437119 rss: 36Mb L: 28/34 MS: 2 EraseBytes-InsertRepeatedBytes-
#146711099	REDUCE cov: 50 ft: 445 corp: 166/3636b lim: 4096 exec/s: 436640 rss: 36Mb L: 20/34 MS: 3 EraseBytes-ShuffleBytes-ChangeBit-
#147035049	REDUCE cov: 50 ft: 445 corp: 166/3634b lim: 4096 exec/s: 436305 rss: 36Mb L: 18/34 MS: 5 ShuffleBytes-PersAutoDict-CrossOver-CopyPart-EraseBytes- DE: "\0017"-
#150801177	NEW    cov: 50 ft: 447 corp: 167/3655b lim: 4096 exec/s: 437104 rss: 37Mb L: 21/34 MS: 3 ChangeBinInt-EraseBytes-CopyPart-
#152440541	REDUCE cov: 50 ft: 447 corp: 167/3654b lim: 4096 exec/s: 436792 rss: 37Mb L: 15/34 MS: 4 EraseBytes-CopyPart-ChangeASCIIInt-ChangeBit-
#171344985	REDUCE cov: 50 ft: 447 corp: 167/3652b lim: 4096 exec/s: 437104 rss: 37Mb L: 18/34 MS: 4 EraseBytes-PersAutoDict-ShuffleBytes-ChangeByte- DE: "\377\377\377\377"-
#186121587	REDUCE cov: 50 ft: 447 corp: 167/3650b lim: 4096 exec/s: 436905 rss: 37Mb L: 18/34 MS: 2 EraseBytes-PersAutoDict- DE: "\377\377"-
#187615699	REDUCE cov: 50 ft: 447 corp: 167/3648b lim: 4096 exec/s: 436315 rss: 37Mb L: 18/34 MS: 2 EraseBytes-ChangeByte-
#189923817	REDUCE cov: 50 ft: 447 corp: 167/3646b lim: 4096 exec/s: 436606 rss: 37Mb L: 18/34 MS: 3 InsertByte-EraseBytes-CrossOver-
#199631895	REDUCE cov: 50 ft: 447 corp: 167/3645b lim: 4096 exec/s: 436831 rss: 37Mb L: 17/34 MS: 3 ChangeBinInt-InsertByte-EraseBytes-
#201092544	REDUCE cov: 50 ft: 447 corp: 167/3644b lim: 4096 exec/s: 437157 rss: 37Mb L: 15/34 MS: 4 ChangeBit-EraseBytes-PersAutoDict-ChangeBit- DE: "\377\377\377`"-
#237071903	REDUCE cov: 50 ft: 447 corp: 167/3642b lim: 4096 exec/s: 436596 rss: 37Mb L: 16/34 MS: 4 EraseBytes-ShuffleBytes-ChangeBit-InsertByte-
#243679416	REDUCE cov: 50 ft: 447 corp: 167/3641b lim: 4096 exec/s: 436701 rss: 37Mb L: 16/34 MS: 3 ChangeBit-EraseBytes-ChangeBinInt-
#243836928	REDUCE cov: 50 ft: 447 corp: 167/3640b lim: 4096 exec/s: 436983 rss: 37Mb L: 15/34 MS: 2 EraseBytes-CopyPart-
#247349302	REDUCE cov: 50 ft: 447 corp: 167/3638b lim: 4096 exec/s: 437012 rss: 37Mb L: 16/34 MS: 4 ChangeASCIIInt-ChangeBit-InsertByte-EraseBytes-
#259103544	REDUCE cov: 50 ft: 447 corp: 167/3634b lim: 4096 exec/s: 436936 rss: 37Mb L: 16/34 MS: 2 EraseBytes-ChangeBit-
#260036567	REDUCE cov: 50 ft: 447 corp: 167/3633b lim: 4096 exec/s: 437036 rss: 37Mb L: 15/34 MS: 3 EraseBytes-CMP-InsertByte- DE: "\377\377\377\377\377\377\377\033"-
==3195== libFuzzer: run interrupted; exiting
==3195== libFuzzer: run interrupted; exiting
