INFO: Running with entropic power schedule (0xFF, 100).
INFO: Seed: 594064488
INFO: Loaded 1 modules   (70 inline 8-bit counters): 70 [0x56064e0cb030, 0x56064e0cb076), 
INFO: Loaded 1 PC tables (70 PCs): 70 [0xc000068000,0xc000068460), 
INFO:       10 files found in corpus
INFO: -max_len is not provided; libFuzzer will not generate inputs larger than 4096 bytes
INFO: seed corpus: files: 10 min: 17b max: 2361b total: 11059b rss: 29Mb
#11	INITED cov: 10 ft: 18 corp: 1/17b exec/s: 0 rss: 29Mb
#18	NEW    cov: 10 ft: 20 corp: 2/33b lim: 17 exec/s: 0 rss: 29Mb L: 16/17 MS: 2 ChangeByte-EraseBytes-
#21	NEW    cov: 11 ft: 24 corp: 3/46b lim: 17 exec/s: 0 rss: 29Mb L: 13/17 MS: 3 CrossOver-ChangeByte-EraseBytes-
#24	NEW    cov: 11 ft: 26 corp: 4/61b lim: 17 exec/s: 0 rss: 29Mb L: 15/17 MS: 3 InsertRepeatedBytes-ChangeBit-EraseBytes-
#46	NEW    cov: 11 ft: 27 corp: 5/68b lim: 17 exec/s: 0 rss: 29Mb L: 7/17 MS: 2 ChangeByte-EraseBytes-
#49	NEW    cov: 11 ft: 28 corp: 6/72b lim: 17 exec/s: 0 rss: 29Mb L: 4/17 MS: 3 CrossOver-CrossOver-EraseBytes-
#54	NEW    cov: 11 ft: 30 corp: 7/75b lim: 17 exec/s: 0 rss: 29Mb L: 3/17 MS: 5 CrossOver-ChangeBinInt-ShuffleBytes-ChangeBit-EraseBytes-
#56	NEW    cov: 11 ft: 31 corp: 8/83b lim: 17 exec/s: 0 rss: 29Mb L: 8/17 MS: 2 ShuffleBytes-InsertByte-
#62	NEW    cov: 11 ft: 33 corp: 9/85b lim: 17 exec/s: 0 rss: 29Mb L: 2/17 MS: 1 EraseBytes-
#70	NEW    cov: 11 ft: 34 corp: 10/99b lim: 17 exec/s: 0 rss: 29Mb L: 14/17 MS: 3 EraseBytes-EraseBytes-InsertRepeatedBytes-
#187	REDUCE cov: 11 ft: 34 corp: 10/97b lim: 17 exec/s: 0 rss: 29Mb L: 5/17 MS: 2 ShuffleBytes-CrossOver-
#363	REDUCE cov: 11 ft: 34 corp: 10/95b lim: 17 exec/s: 0 rss: 30Mb L: 3/17 MS: 1 EraseBytes-
#585	REDUCE cov: 11 ft: 34 corp: 10/94b lim: 17 exec/s: 0 rss: 30Mb L: 2/17 MS: 2 ChangeBinInt-EraseBytes-
#684	NEW    cov: 13 ft: 40 corp: 11/109b lim: 17 exec/s: 0 rss: 30Mb L: 15/17 MS: 4 ChangeBit-CrossOver-ChangeBinInt-ShuffleBytes-
#700	REDUCE cov: 13 ft: 40 corp: 11/108b lim: 17 exec/s: 0 rss: 30Mb L: 1/17 MS: 1 EraseBytes-
#848	NEW    cov: 13 ft: 41 corp: 12/125b lim: 17 exec/s: 0 rss: 30Mb L: 17/17 MS: 3 InsertByte-ChangeByte-InsertByte-
#891	NEW    cov: 13 ft: 42 corp: 13/142b lim: 17 exec/s: 0 rss: 30Mb L: 17/17 MS: 3 ChangeBit-ShuffleBytes-ShuffleBytes-
#946	NEW    cov: 13 ft: 43 corp: 14/158b lim: 17 exec/s: 0 rss: 30Mb L: 16/17 MS: 5 CrossOver-EraseBytes-ShuffleBytes-CrossOver-InsertRepeatedBytes-
#993	NEW    cov: 13 ft: 44 corp: 15/175b lim: 17 exec/s: 0 rss: 30Mb L: 17/17 MS: 2 ChangeByte-CopyPart-
#1005	NEW    cov: 13 ft: 45 corp: 16/192b lim: 17 exec/s: 0 rss: 30Mb L: 17/17 MS: 2 ChangeBit-ChangeBinInt-
#1042	NEW    cov: 13 ft: 46 corp: 17/209b lim: 17 exec/s: 0 rss: 30Mb L: 17/17 MS: 2 ShuffleBytes-ChangeBinInt-
#1094	REDUCE cov: 13 ft: 46 corp: 17/207b lim: 17 exec/s: 0 rss: 30Mb L: 15/17 MS: 2 CrossOver-CrossOver-
#1173	NEW    cov: 13 ft: 47 corp: 18/223b lim: 17 exec/s: 0 rss: 30Mb L: 16/17 MS: 4 InsertByte-ChangeByte-ChangeBit-ShuffleBytes-
#1266	NEW    cov: 13 ft: 48 corp: 19/239b lim: 17 exec/s: 0 rss: 30Mb L: 16/17 MS: 3 ChangeByte-ChangeBinInt-ChangeBinInt-
#1400	NEW    cov: 25 ft: 96 corp: 20/255b lim: 17 exec/s: 0 rss: 30Mb L: 16/17 MS: 4 ChangeByte-CrossOver-EraseBytes-InsertRepeatedBytes-
#1426	REDUCE cov: 25 ft: 96 corp: 20/253b lim: 17 exec/s: 0 rss: 30Mb L: 2/17 MS: 1 EraseBytes-
#1484	REDUCE cov: 25 ft: 97 corp: 21/268b lim: 17 exec/s: 0 rss: 30Mb L: 15/17 MS: 3 ChangeBit-CrossOver-EraseBytes-
#1575	NEW    cov: 25 ft: 98 corp: 22/285b lim: 17 exec/s: 0 rss: 30Mb L: 17/17 MS: 1 CopyPart-
#1693	REDUCE cov: 25 ft: 98 corp: 22/284b lim: 17 exec/s: 0 rss: 30Mb L: 1/17 MS: 3 ChangeByte-ChangeBit-EraseBytes-
#1702	NEW    cov: 25 ft: 100 corp: 23/301b lim: 17 exec/s: 0 rss: 30Mb L: 17/17 MS: 4 CMP-EraseBytes-ChangeBinInt-InsertRepeatedBytes- DE: "\377\377\377\377\377\377\377\016"-
#1741	REDUCE cov: 25 ft: 100 corp: 23/299b lim: 17 exec/s: 0 rss: 30Mb L: 15/17 MS: 4 ChangeByte-EraseBytes-ShuffleBytes-InsertRepeatedBytes-
#1777	NEW    cov: 25 ft: 101 corp: 24/316b lim: 17 exec/s: 0 rss: 30Mb L: 17/17 MS: 1 PersAutoDict- DE: "\377\377\377\377\377\377\377\016"-
#1834	REDUCE cov: 25 ft: 101 corp: 24/314b lim: 17 exec/s: 0 rss: 30Mb L: 15/17 MS: 2 EraseBytes-InsertRepeatedBytes-
#1863	NEW    cov: 25 ft: 102 corp: 25/331b lim: 17 exec/s: 0 rss: 30Mb L: 17/17 MS: 4 CrossOver-CopyPart-PersAutoDict-CrossOver- DE: "\377\377\377\377\377\377\377\016"-
#2025	NEW    cov: 25 ft: 103 corp: 26/348b lim: 17 exec/s: 0 rss: 30Mb L: 17/17 MS: 2 ChangeBinInt-ChangeBinInt-
#2246	NEW    cov: 25 ft: 105 corp: 27/365b lim: 17 exec/s: 0 rss: 30Mb L: 17/17 MS: 1 ChangeByte-
#2358	NEW    cov: 25 ft: 106 corp: 28/382b lim: 17 exec/s: 0 rss: 30Mb L: 17/17 MS: 2 InsertByte-ChangeByte-
#2391	NEW    cov: 25 ft: 107 corp: 29/399b lim: 17 exec/s: 0 rss: 30Mb L: 17/17 MS: 3 CrossOver-CrossOver-ChangeBit-
#2784	NEW    cov: 25 ft: 108 corp: 30/416b lim: 17 exec/s: 0 rss: 30Mb L: 17/17 MS: 3 ChangeBit-ShuffleBytes-ChangeBit-
#2965	NEW    cov: 25 ft: 109 corp: 31/432b lim: 17 exec/s: 0 rss: 31Mb L: 16/17 MS: 1 CMP- DE: "\377\377\377\377"-
#3169	NEW    cov: 25 ft: 110 corp: 32/449b lim: 17 exec/s: 0 rss: 31Mb L: 17/17 MS: 4 EraseBytes-CrossOver-CopyPart-CrossOver-
#3520	NEW    cov: 25 ft: 111 corp: 33/465b lim: 17 exec/s: 0 rss: 31Mb L: 16/17 MS: 1 ChangeBinInt-
#3522	NEW    cov: 25 ft: 112 corp: 34/481b lim: 17 exec/s: 0 rss: 31Mb L: 16/17 MS: 2 ChangeByte-ChangeByte-
#3838	NEW    cov: 25 ft: 113 corp: 35/497b lim: 17 exec/s: 0 rss: 31Mb L: 16/17 MS: 1 ChangeByte-
#3839	NEW    cov: 25 ft: 114 corp: 36/514b lim: 17 exec/s: 0 rss: 31Mb L: 17/17 MS: 1 ChangeBit-
#3890	NEW    cov: 25 ft: 116 corp: 37/530b lim: 17 exec/s: 0 rss: 31Mb L: 16/17 MS: 1 ChangeBinInt-
#4297	NEW    cov: 25 ft: 117 corp: 38/549b lim: 21 exec/s: 0 rss: 31Mb L: 19/19 MS: 2 ChangeBinInt-PersAutoDict- DE: "\377\377\377\377"-
#4798	NEW    cov: 25 ft: 118 corp: 39/566b lim: 25 exec/s: 0 rss: 31Mb L: 17/19 MS: 1 ChangeByte-
#5109	REDUCE cov: 25 ft: 118 corp: 39/564b lim: 25 exec/s: 0 rss: 31Mb L: 15/19 MS: 1 EraseBytes-
#5538	NEW    cov: 25 ft: 120 corp: 40/593b lim: 29 exec/s: 0 rss: 31Mb L: 29/29 MS: 4 ChangeBit-CopyPart-ChangeByte-InsertRepeatedBytes-
#5947	NEW    cov: 25 ft: 121 corp: 41/625b lim: 33 exec/s: 0 rss: 31Mb L: 32/32 MS: 4 CopyPart-PersAutoDict-CopyPart-CopyPart- DE: "\377\377\377\377\377\377\377\016"-
#6055	REDUCE cov: 25 ft: 122 corp: 42/658b lim: 33 exec/s: 0 rss: 31Mb L: 33/33 MS: 3 CrossOver-ChangeBit-InsertRepeatedBytes-
#6605	NEW    cov: 25 ft: 124 corp: 43/692b lim: 38 exec/s: 0 rss: 31Mb L: 34/34 MS: 5 ChangeBinInt-ChangeBinInt-EraseBytes-ChangeByte-InsertRepeatedBytes-
#6609	NEW    cov: 30 ft: 144 corp: 44/713b lim: 38 exec/s: 0 rss: 31Mb L: 21/34 MS: 4 ShuffleBytes-CopyPart-ChangeBinInt-CopyPart-
#6630	NEW    cov: 30 ft: 147 corp: 45/734b lim: 38 exec/s: 0 rss: 31Mb L: 21/34 MS: 1 ChangeByte-
#6692	REDUCE cov: 30 ft: 148 corp: 46/755b lim: 38 exec/s: 0 rss: 32Mb L: 21/34 MS: 2 EraseBytes-CopyPart-
#6880	NEW    cov: 30 ft: 149 corp: 47/783b lim: 38 exec/s: 0 rss: 32Mb L: 28/34 MS: 3 ChangeBit-CMP-InsertRepeatedBytes- DE: "\000\000\000\000\000\000\000\000"-
#6931	NEW    cov: 30 ft: 157 corp: 48/804b lim: 38 exec/s: 0 rss: 32Mb L: 21/34 MS: 1 CMP- DE: "\001\000\000\000"-
#6941	REDUCE cov: 30 ft: 157 corp: 48/803b lim: 38 exec/s: 0 rss: 32Mb L: 31/34 MS: 5 ChangeBinInt-ChangeBinInt-EraseBytes-CrossOver-CrossOver-
#7543	NEW    cov: 30 ft: 161 corp: 49/824b lim: 43 exec/s: 0 rss: 32Mb L: 21/34 MS: 2 ChangeByte-ChangeBit-
#7849	NEW    cov: 30 ft: 164 corp: 50/846b lim: 43 exec/s: 0 rss: 32Mb L: 22/34 MS: 1 CrossOver-
#7985	NEW    cov: 30 ft: 166 corp: 51/867b lim: 43 exec/s: 0 rss: 32Mb L: 21/34 MS: 1 ChangeByte-
#8126	NEW    cov: 30 ft: 174 corp: 52/888b lim: 43 exec/s: 0 rss: 32Mb L: 21/34 MS: 1 ChangeBinInt-
#8197	NEW    cov: 30 ft: 176 corp: 53/909b lim: 43 exec/s: 0 rss: 32Mb L: 21/34 MS: 1 ShuffleBytes-
#8434	NEW    cov: 30 ft: 177 corp: 54/931b lim: 43 exec/s: 0 rss: 32Mb L: 22/34 MS: 2 ChangeBit-ChangeBinInt-
#8540	NEW    cov: 30 ft: 179 corp: 55/952b lim: 43 exec/s: 0 rss: 32Mb L: 21/34 MS: 1 CopyPart-
#8882	NEW    cov: 30 ft: 181 corp: 56/973b lim: 43 exec/s: 0 rss: 32Mb L: 21/34 MS: 2 ChangeByte-ChangeBit-
#8913	NEW    cov: 30 ft: 183 corp: 57/994b lim: 43 exec/s: 0 rss: 32Mb L: 21/34 MS: 1 ChangeByte-
#8945	NEW    cov: 30 ft: 185 corp: 58/1015b lim: 43 exec/s: 0 rss: 32Mb L: 21/34 MS: 2 ChangeBinInt-CrossOver-
#9412	NEW    cov: 30 ft: 192 corp: 59/1038b lim: 43 exec/s: 0 rss: 32Mb L: 23/34 MS: 2 CrossOver-EraseBytes-
#12503	NEW    cov: 30 ft: 194 corp: 60/1059b lim: 68 exec/s: 0 rss: 33Mb L: 21/34 MS: 1 CopyPart-
#12529	NEW    cov: 30 ft: 196 corp: 61/1080b lim: 68 exec/s: 0 rss: 33Mb L: 21/34 MS: 1 CopyPart-
#13165	NEW    cov: 30 ft: 198 corp: 62/1101b lim: 74 exec/s: 0 rss: 33Mb L: 21/34 MS: 1 CopyPart-
#13486	NEW    cov: 31 ft: 203 corp: 63/1123b lim: 74 exec/s: 0 rss: 33Mb L: 22/34 MS: 1 ChangeByte-
#13851	NEW    cov: 32 ft: 206 corp: 64/1141b lim: 74 exec/s: 0 rss: 33Mb L: 18/34 MS: 5 InsertByte-EraseBytes-ChangeBinInt-InsertByte-CopyPart-
#17628	REDUCE cov: 32 ft: 206 corp: 64/1140b lim: 110 exec/s: 0 rss: 34Mb L: 16/34 MS: 2 ChangeBit-EraseBytes-
#22027	NEW    cov: 32 ft: 207 corp: 65/1164b lim: 149 exec/s: 0 rss: 34Mb L: 24/34 MS: 4 CMP-PersAutoDict-CopyPart-CopyPart- DE: "\000\000"-"\001\000\000\000"-
#22402	REDUCE cov: 32 ft: 207 corp: 65/1162b lim: 149 exec/s: 0 rss: 34Mb L: 15/34 MS: 5 ChangeBinInt-CopyPart-PersAutoDict-PersAutoDict-EraseBytes- DE: "\377\377\377\377"-"\377\377\377\377"-
#22408	NEW    cov: 32 ft: 208 corp: 66/1186b lim: 149 exec/s: 0 rss: 34Mb L: 24/34 MS: 1 ChangeBit-
#23469	NEW    cov: 32 ft: 209 corp: 67/1207b lim: 156 exec/s: 0 rss: 34Mb L: 21/34 MS: 1 ChangeBit-
#24490	REDUCE cov: 32 ft: 209 corp: 67/1206b lim: 163 exec/s: 0 rss: 34Mb L: 15/34 MS: 1 EraseBytes-
#25473	NEW    cov: 32 ft: 210 corp: 68/1228b lim: 170 exec/s: 0 rss: 34Mb L: 22/34 MS: 3 CrossOver-CopyPart-ChangeByte-
#26670	NEW    cov: 34 ft: 213 corp: 69/1250b lim: 177 exec/s: 0 rss: 34Mb L: 22/34 MS: 2 ChangeBinInt-CrossOver-
#26747	NEW    cov: 34 ft: 214 corp: 70/1272b lim: 177 exec/s: 0 rss: 34Mb L: 22/34 MS: 2 ChangeBit-ChangeByte-
#27897	REDUCE cov: 34 ft: 214 corp: 70/1270b lim: 184 exec/s: 0 rss: 34Mb L: 15/34 MS: 5 EraseBytes-CopyPart-ChangeByte-InsertByte-CMP- DE: "\377\377"-
#28588	NEW    cov: 34 ft: 215 corp: 71/1292b lim: 184 exec/s: 0 rss: 34Mb L: 22/34 MS: 1 ChangeBit-
#29979	NEW    cov: 35 ft: 218 corp: 72/1314b lim: 191 exec/s: 0 rss: 34Mb L: 22/34 MS: 1 CopyPart-
#30250	NEW    cov: 35 ft: 221 corp: 73/1336b lim: 191 exec/s: 0 rss: 34Mb L: 22/34 MS: 1 ChangeBinInt-
#30516	NEW    cov: 35 ft: 222 corp: 74/1358b lim: 191 exec/s: 0 rss: 34Mb L: 22/34 MS: 1 ShuffleBytes-
#30657	NEW    cov: 35 ft: 223 corp: 75/1380b lim: 191 exec/s: 0 rss: 34Mb L: 22/34 MS: 1 ShuffleBytes-
#30674	NEW    cov: 35 ft: 224 corp: 76/1402b lim: 191 exec/s: 0 rss: 34Mb L: 22/34 MS: 2 ChangeBit-CrossOver-
#31766	NEW    cov: 35 ft: 225 corp: 77/1424b lim: 198 exec/s: 0 rss: 34Mb L: 22/34 MS: 2 ShuffleBytes-ChangeByte-
#31777	NEW    cov: 35 ft: 226 corp: 78/1446b lim: 198 exec/s: 0 rss: 34Mb L: 22/34 MS: 1 ChangeBit-
#31913	NEW    cov: 35 ft: 227 corp: 79/1468b lim: 198 exec/s: 0 rss: 34Mb L: 22/34 MS: 1 CopyPart-
#32224	NEW    cov: 35 ft: 228 corp: 80/1490b lim: 198 exec/s: 0 rss: 34Mb L: 22/34 MS: 1 ShuffleBytes-
#32555	NEW    cov: 35 ft: 229 corp: 81/1512b lim: 198 exec/s: 0 rss: 35Mb L: 22/34 MS: 1 ChangeBinInt-
#32566	NEW    cov: 35 ft: 230 corp: 82/1534b lim: 198 exec/s: 0 rss: 35Mb L: 22/34 MS: 1 ChangeBit-
#32872	NEW    cov: 35 ft: 231 corp: 83/1556b lim: 198 exec/s: 0 rss: 35Mb L: 22/34 MS: 1 ChangeBinInt-
#33822	REDUCE cov: 35 ft: 231 corp: 83/1554b lim: 205 exec/s: 0 rss: 35Mb L: 15/34 MS: 5 CrossOver-CopyPart-ChangeByte-EraseBytes-InsertByte-
#35058	NEW    cov: 35 ft: 232 corp: 84/1575b lim: 212 exec/s: 0 rss: 35Mb L: 21/34 MS: 1 ChangeBit-
#35789	NEW    cov: 35 ft: 233 corp: 85/1596b lim: 219 exec/s: 0 rss: 35Mb L: 21/34 MS: 1 ShuffleBytes-
#36825	NEW    cov: 35 ft: 234 corp: 86/1618b lim: 226 exec/s: 0 rss: 35Mb L: 22/34 MS: 1 ShuffleBytes-
#37138	REDUCE cov: 35 ft: 235 corp: 87/1634b lim: 226 exec/s: 0 rss: 35Mb L: 16/34 MS: 3 ChangeBit-InsertByte-ShuffleBytes-
#38149	NEW    cov: 48 ft: 293 corp: 88/1656b lim: 233 exec/s: 0 rss: 35Mb L: 22/34 MS: 1 ChangeBit-
#39252	NEW    cov: 48 ft: 294 corp: 89/1673b lim: 240 exec/s: 0 rss: 35Mb L: 17/34 MS: 3 ShuffleBytes-ShuffleBytes-CopyPart-
#40393	NEW    cov: 48 ft: 296 corp: 90/1695b lim: 247 exec/s: 0 rss: 35Mb L: 22/34 MS: 1 ChangeBit-
#43464	NEW    cov: 48 ft: 297 corp: 91/1717b lim: 277 exec/s: 0 rss: 35Mb L: 22/34 MS: 1 ShuffleBytes-
#52555	NEW    cov: 48 ft: 298 corp: 92/1739b lim: 365 exec/s: 0 rss: 35Mb L: 22/34 MS: 1 ShuffleBytes-
#56021	NEW    cov: 48 ft: 299 corp: 93/1761b lim: 397 exec/s: 0 rss: 35Mb L: 22/34 MS: 1 ChangeBinInt-
#57878	REDUCE cov: 48 ft: 299 corp: 93/1760b lim: 413 exec/s: 0 rss: 35Mb L: 15/34 MS: 2 InsertByte-EraseBytes-
#59004	NEW    cov: 48 ft: 300 corp: 94/1782b lim: 421 exec/s: 0 rss: 35Mb L: 22/34 MS: 1 ShuffleBytes-
#59213	REDUCE cov: 48 ft: 300 corp: 94/1780b lim: 421 exec/s: 0 rss: 35Mb L: 20/34 MS: 4 ChangeBinInt-CopyPart-EraseBytes-InsertByte-
#59840	REDUCE cov: 48 ft: 300 corp: 94/1779b lim: 421 exec/s: 0 rss: 35Mb L: 15/34 MS: 2 ShuffleBytes-EraseBytes-
#60306	NEW    cov: 48 ft: 301 corp: 95/1801b lim: 421 exec/s: 0 rss: 35Mb L: 22/34 MS: 1 ChangeBit-
#64547	NEW    cov: 48 ft: 302 corp: 96/1823b lim: 461 exec/s: 0 rss: 35Mb L: 22/34 MS: 1 ShuffleBytes-
#65183	NEW    cov: 48 ft: 303 corp: 97/1845b lim: 461 exec/s: 0 rss: 35Mb L: 22/34 MS: 1 CopyPart-
#75159	NEW    cov: 48 ft: 305 corp: 98/1867b lim: 553 exec/s: 0 rss: 35Mb L: 22/34 MS: 1 ChangeBit-
#76335	NEW    cov: 48 ft: 307 corp: 99/1889b lim: 562 exec/s: 0 rss: 35Mb L: 22/34 MS: 1 ChangeBit-
#76386	NEW    cov: 48 ft: 308 corp: 100/1911b lim: 562 exec/s: 0 rss: 35Mb L: 22/34 MS: 1 ChangeBit-
#77247	NEW    cov: 48 ft: 309 corp: 101/1932b lim: 562 exec/s: 0 rss: 35Mb L: 21/34 MS: 1 ShuffleBytes-
#82317	REDUCE cov: 48 ft: 309 corp: 101/1931b lim: 607 exec/s: 0 rss: 35Mb L: 15/34 MS: 5 ShuffleBytes-ChangeBinInt-PersAutoDict-PersAutoDict-EraseBytes- DE: "\377\377\377\377"-"\377\377\377\377\377\377\377\016"-
#89868	NEW    cov: 48 ft: 310 corp: 102/1953b lim: 679 exec/s: 0 rss: 35Mb L: 22/34 MS: 1 ChangeBit-
#90479	NEW    cov: 48 ft: 311 corp: 103/1975b lim: 679 exec/s: 0 rss: 35Mb L: 22/34 MS: 1 ShuffleBytes-
#94643	REDUCE cov: 48 ft: 311 corp: 103/1969b lim: 715 exec/s: 0 rss: 35Mb L: 16/34 MS: 4 ChangeByte-CMP-ChangeByte-EraseBytes- DE: "\377\377\377\377\377\377\377\025"-
#97935	REDUCE cov: 48 ft: 311 corp: 103/1967b lim: 742 exec/s: 0 rss: 35Mb L: 20/34 MS: 2 ChangeBinInt-EraseBytes-
#104205	REDUCE cov: 48 ft: 312 corp: 104/1988b lim: 796 exec/s: 0 rss: 35Mb L: 21/34 MS: 5 ChangeByte-CopyPart-EraseBytes-CopyPart-ShuffleBytes-
#105006	REDUCE cov: 48 ft: 312 corp: 104/1983b lim: 796 exec/s: 0 rss: 35Mb L: 16/34 MS: 1 EraseBytes-
#106748	REDUCE cov: 48 ft: 312 corp: 104/1982b lim: 805 exec/s: 0 rss: 35Mb L: 15/34 MS: 2 ShuffleBytes-EraseBytes-
#108301	NEW    cov: 48 ft: 313 corp: 105/1999b lim: 814 exec/s: 0 rss: 35Mb L: 17/34 MS: 3 ChangeBit-CMP-ChangeBit- DE: "\"\000\000\000\000\000\000\000"-
#113403	REDUCE cov: 48 ft: 313 corp: 105/1998b lim: 859 exec/s: 0 rss: 35Mb L: 16/34 MS: 2 ChangeBit-EraseBytes-
#114132	REDUCE cov: 48 ft: 313 corp: 105/1997b lim: 859 exec/s: 0 rss: 35Mb L: 15/34 MS: 4 ChangeBit-CMP-ChangeByte-EraseBytes- DE: "\377\377\377\377"-
#123827	REDUCE cov: 48 ft: 313 corp: 105/1993b lim: 949 exec/s: 0 rss: 35Mb L: 18/34 MS: 5 ChangeBinInt-CrossOver-CrossOver-PersAutoDict-EraseBytes- DE: "\377\377\377\377\377\377\377\016"-
#126157	REDUCE cov: 48 ft: 314 corp: 106/2009b lim: 967 exec/s: 0 rss: 35Mb L: 16/34 MS: 5 PersAutoDict-EraseBytes-ChangeBit-EraseBytes-PersAutoDict- DE: "\000\000"-"\"\000\000\000\000\000\000\000"-
#128780	REDUCE cov: 48 ft: 314 corp: 106/2007b lim: 985 exec/s: 0 rss: 35Mb L: 20/34 MS: 3 CrossOver-InsertByte-EraseBytes-
#129466	REDUCE cov: 48 ft: 314 corp: 106/2005b lim: 985 exec/s: 0 rss: 35Mb L: 15/34 MS: 1 EraseBytes-
#142466	REDUCE cov: 48 ft: 314 corp: 106/2004b lim: 1110 exec/s: 0 rss: 35Mb L: 15/34 MS: 5 EraseBytes-CrossOver-ChangeBit-ChangeBit-EraseBytes-
#146757	NEW    cov: 48 ft: 315 corp: 107/2025b lim: 1150 exec/s: 0 rss: 35Mb L: 21/34 MS: 1 ShuffleBytes-
#152595	REDUCE cov: 48 ft: 316 corp: 108/2045b lim: 1200 exec/s: 0 rss: 35Mb L: 20/34 MS: 3 ChangeBit-PersAutoDict-ChangeBinInt- DE: "\000\000"-
#154676	NEW    cov: 48 ft: 317 corp: 109/2067b lim: 1220 exec/s: 0 rss: 35Mb L: 22/34 MS: 1 ChangeBit-
#157448	REDUCE cov: 48 ft: 317 corp: 109/2063b lim: 1240 exec/s: 0 rss: 35Mb L: 16/34 MS: 2 CopyPart-EraseBytes-
#171191	NEW    cov: 48 ft: 318 corp: 110/2085b lim: 1370 exec/s: 0 rss: 35Mb L: 22/34 MS: 3 ShuffleBytes-ChangeByte-ShuffleBytes-
#177015	REDUCE cov: 48 ft: 318 corp: 110/2083b lim: 1420 exec/s: 0 rss: 35Mb L: 20/34 MS: 4 EraseBytes-PersAutoDict-EraseBytes-InsertByte- DE: "\000\000\000\000\000\000\000\000"-
#208017	REDUCE cov: 48 ft: 318 corp: 110/2081b lim: 1720 exec/s: 0 rss: 35Mb L: 20/34 MS: 2 EraseBytes-ChangeByte-
#208268	NEW    cov: 48 ft: 319 corp: 111/2103b lim: 1720 exec/s: 0 rss: 35Mb L: 22/34 MS: 1 ChangeBit-
#231475	REDUCE cov: 48 ft: 319 corp: 111/2101b lim: 1950 exec/s: 0 rss: 35Mb L: 16/34 MS: 2 InsertByte-EraseBytes-
#234666	NEW    cov: 48 ft: 320 corp: 112/2123b lim: 1980 exec/s: 0 rss: 35Mb L: 22/34 MS: 1 ShuffleBytes-
#249054	NEW    cov: 48 ft: 321 corp: 113/2150b lim: 2116 exec/s: 0 rss: 35Mb L: 27/34 MS: 3 ShuffleBytes-CopyPart-EraseBytes-
#255149	REDUCE cov: 48 ft: 321 corp: 113/2148b lim: 2171 exec/s: 0 rss: 35Mb L: 15/34 MS: 5 InsertByte-CopyPart-ShuffleBytes-EraseBytes-CopyPart-
#255811	NEW    cov: 48 ft: 322 corp: 114/2170b lim: 2171 exec/s: 0 rss: 35Mb L: 22/34 MS: 2 ShuffleBytes-ChangeBit-
#268793	NEW    cov: 48 ft: 327 corp: 115/2197b lim: 2292 exec/s: 0 rss: 35Mb L: 27/34 MS: 2 ChangeBit-ChangeBit-
#274630	NEW    cov: 48 ft: 328 corp: 116/2219b lim: 2347 exec/s: 0 rss: 35Mb L: 22/34 MS: 2 ChangeBit-ChangeBit-
#287688	NEW    cov: 48 ft: 329 corp: 117/2241b lim: 2468 exec/s: 0 rss: 35Mb L: 22/34 MS: 3 CopyPart-ChangeBit-ShuffleBytes-
#289595	REDUCE cov: 48 ft: 329 corp: 117/2239b lim: 2479 exec/s: 0 rss: 35Mb L: 20/34 MS: 2 EraseBytes-InsertByte-
#292088	REDUCE cov: 48 ft: 329 corp: 117/2237b lim: 2501 exec/s: 0 rss: 35Mb L: 15/34 MS: 3 EraseBytes-PersAutoDict-PersAutoDict- DE: "\377\377\377\377\377\377\377\025"-"\000\000"-
#309891	REDUCE cov: 48 ft: 329 corp: 117/2235b lim: 2677 exec/s: 0 rss: 35Mb L: 18/34 MS: 3 ShuffleBytes-EraseBytes-InsertByte-
#310288	REDUCE cov: 48 ft: 329 corp: 117/2233b lim: 2677 exec/s: 0 rss: 35Mb L: 20/34 MS: 2 EraseBytes-ChangeByte-
#317490	REDUCE cov: 48 ft: 329 corp: 117/2232b lim: 2743 exec/s: 0 rss: 35Mb L: 20/34 MS: 2 CopyPart-EraseBytes-
#329074	REDUCE cov: 48 ft: 329 corp: 117/2228b lim: 2853 exec/s: 0 rss: 35Mb L: 18/34 MS: 4 ShuffleBytes-EraseBytes-ChangeBit-ChangeBinInt-
#342571	REDUCE cov: 48 ft: 329 corp: 117/2226b lim: 2985 exec/s: 0 rss: 35Mb L: 18/34 MS: 2 EraseBytes-InsertByte-
#343655	REDUCE cov: 48 ft: 329 corp: 117/2222b lim: 2985 exec/s: 0 rss: 35Mb L: 18/34 MS: 4 PersAutoDict-ChangeBit-ChangeBit-EraseBytes- DE: "\377\377"-
#369931	NEW    cov: 48 ft: 330 corp: 118/2244b lim: 3238 exec/s: 0 rss: 35Mb L: 22/34 MS: 1 ChangeByte-
#397492	NEW    cov: 48 ft: 331 corp: 119/2266b lim: 3502 exec/s: 0 rss: 35Mb L: 22/34 MS: 1 ShuffleBytes-
#408958	REDUCE cov: 48 ft: 331 corp: 119/2265b lim: 3612 exec/s: 0 rss: 35Mb L: 16/34 MS: 1 EraseBytes-
#416272	REDUCE cov: 48 ft: 331 corp: 119/2263b lim: 3678 exec/s: 0 rss: 35Mb L: 18/34 MS: 4 ShuffleBytes-ShuffleBytes-CopyPart-EraseBytes-
#416396	REDUCE cov: 48 ft: 331 corp: 119/2261b lim: 3678 exec/s: 0 rss: 35Mb L: 20/34 MS: 4 ChangeByte-EraseBytes-ChangeBinInt-CopyPart-
#444202	REDUCE cov: 48 ft: 331 corp: 119/2259b lim: 3953 exec/s: 444202 rss: 35Mb L: 20/34 MS: 2 ChangeByte-EraseBytes-
#445188	REDUCE cov: 48 ft: 331 corp: 119/2258b lim: 3953 exec/s: 445188 rss: 35Mb L: 27/34 MS: 1 EraseBytes-
#474895	NEW    cov: 48 ft: 332 corp: 120/2280b lim: 4096 exec/s: 474895 rss: 36Mb L: 22/34 MS: 2 ChangeByte-CopyPart-
#480658	REDUCE cov: 48 ft: 332 corp: 120/2276b lim: 4096 exec/s: 480658 rss: 36Mb L: 18/34 MS: 3 PersAutoDict-EraseBytes-PersAutoDict- DE: "\377\377"-"\377\377"-
#484198	REDUCE cov: 48 ft: 332 corp: 120/2274b lim: 4096 exec/s: 484198 rss: 36Mb L: 16/34 MS: 5 CopyPart-CMP-EraseBytes-CrossOver-InsertByte- DE: "@\000"-
#496846	REDUCE cov: 48 ft: 333 corp: 121/2294b lim: 4096 exec/s: 496846 rss: 36Mb L: 20/34 MS: 3 ChangeASCIIInt-ChangeBit-ChangeBit-
#498192	REDUCE cov: 48 ft: 334 corp: 122/2309b lim: 4096 exec/s: 498192 rss: 36Mb L: 15/34 MS: 1 ChangeByte-
#502954	NEW    cov: 48 ft: 335 corp: 123/2329b lim: 4096 exec/s: 502954 rss: 36Mb L: 20/34 MS: 2 ChangeBit-CopyPart-
#506185	NEW    cov: 48 ft: 336 corp: 124/2349b lim: 4096 exec/s: 506185 rss: 36Mb L: 20/34 MS: 1 ChangeBit-
#507443	REDUCE cov: 48 ft: 336 corp: 124/2347b lim: 4096 exec/s: 507443 rss: 36Mb L: 18/34 MS: 3 ChangeASCIIInt-EraseBytes-ChangeBit-
#513284	NEW    cov: 50 ft: 344 corp: 125/2369b lim: 4096 exec/s: 513284 rss: 36Mb L: 22/34 MS: 1 ChangeByte-
#519155	REDUCE cov: 50 ft: 345 corp: 126/2387b lim: 4096 exec/s: 519155 rss: 36Mb L: 18/34 MS: 1 ChangeBit-
#520408	REDUCE cov: 50 ft: 345 corp: 126/2385b lim: 4096 exec/s: 520408 rss: 36Mb L: 18/34 MS: 3 ChangeBinInt-EraseBytes-CopyPart-
#522769	NEW    cov: 50 ft: 346 corp: 127/2405b lim: 4096 exec/s: 522769 rss: 36Mb L: 20/34 MS: 1 CopyPart-
#525550	NEW    cov: 50 ft: 347 corp: 128/2425b lim: 4096 exec/s: 525550 rss: 36Mb L: 20/34 MS: 1 ShuffleBytes-
#528083	NEW    cov: 50 ft: 348 corp: 129/2445b lim: 4096 exec/s: 528083 rss: 36Mb L: 20/34 MS: 3 ChangeBinInt-PersAutoDict-CrossOver- DE: "\001\000\000\000"-
#534449	NEW    cov: 50 ft: 349 corp: 130/2465b lim: 4096 exec/s: 534449 rss: 36Mb L: 20/34 MS: 1 ChangeBit-
#557460	NEW    cov: 50 ft: 350 corp: 131/2485b lim: 4096 exec/s: 557460 rss: 36Mb L: 20/34 MS: 1 CopyPart-
#559796	NEW    cov: 50 ft: 351 corp: 132/2505b lim: 4096 exec/s: 559796 rss: 36Mb L: 20/34 MS: 1 CrossOver-
#560312	NEW    cov: 50 ft: 352 corp: 133/2525b lim: 4096 exec/s: 560312 rss: 36Mb L: 20/34 MS: 1 ShuffleBytes-
#564094	REDUCE cov: 50 ft: 352 corp: 133/2523b lim: 4096 exec/s: 564094 rss: 36Mb L: 18/34 MS: 2 EraseBytes-PersAutoDict- DE: "\377\377"-
#564137	NEW    cov: 50 ft: 354 corp: 134/2543b lim: 4096 exec/s: 564137 rss: 36Mb L: 20/34 MS: 3 ChangeASCIIInt-ChangeBit-CopyPart-
#564249	NEW    cov: 50 ft: 356 corp: 135/2563b lim: 4096 exec/s: 564249 rss: 36Mb L: 20/34 MS: 2 ShuffleBytes-ChangeBit-
#564780	NEW    cov: 50 ft: 357 corp: 136/2583b lim: 4096 exec/s: 564780 rss: 36Mb L: 20/34 MS: 1 ShuffleBytes-
#566048	NEW    cov: 50 ft: 359 corp: 137/2603b lim: 4096 exec/s: 566048 rss: 36Mb L: 20/34 MS: 3 ShuffleBytes-CopyPart-ShuffleBytes-
#566910	NEW    cov: 50 ft: 360 corp: 138/2623b lim: 4096 exec/s: 566910 rss: 36Mb L: 20/34 MS: 2 ChangeByte-ChangeASCIIInt-
#567826	NEW    cov: 50 ft: 361 corp: 139/2643b lim: 4096 exec/s: 567826 rss: 36Mb L: 20/34 MS: 1 CMP- DE: "z\000"-
#568222	NEW    cov: 50 ft: 362 corp: 140/2663b lim: 4096 exec/s: 568222 rss: 36Mb L: 20/34 MS: 1 ChangeByte-
#568298	NEW    cov: 50 ft: 364 corp: 141/2683b lim: 4096 exec/s: 568298 rss: 36Mb L: 20/34 MS: 1 ShuffleBytes-
#573519	NEW    cov: 50 ft: 365 corp: 142/2703b lim: 4096 exec/s: 573519 rss: 36Mb L: 20/34 MS: 1 ChangeASCIIInt-
#575517	NEW    cov: 50 ft: 366 corp: 143/2723b lim: 4096 exec/s: 575517 rss: 36Mb L: 20/34 MS: 3 ChangeBit-CopyPart-EraseBytes-
#575808	NEW    cov: 50 ft: 367 corp: 144/2743b lim: 4096 exec/s: 575808 rss: 36Mb L: 20/34 MS: 1 CrossOver-
#585284	NEW    cov: 50 ft: 368 corp: 145/2763b lim: 4096 exec/s: 585284 rss: 36Mb L: 20/34 MS: 1 ChangeASCIIInt-
#588322	REDUCE cov: 50 ft: 368 corp: 145/2761b lim: 4096 exec/s: 588322 rss: 36Mb L: 20/34 MS: 3 ChangeBinInt-EraseBytes-ChangeBit-
#589503	NEW    cov: 50 ft: 369 corp: 146/2781b lim: 4096 exec/s: 589503 rss: 36Mb L: 20/34 MS: 1 CopyPart-
#590150	REDUCE cov: 50 ft: 369 corp: 146/2779b lim: 4096 exec/s: 590150 rss: 36Mb L: 18/34 MS: 2 InsertByte-EraseBytes-
#626786	REDUCE cov: 50 ft: 370 corp: 147/2797b lim: 4096 exec/s: 626786 rss: 36Mb L: 18/34 MS: 1 ChangeBinInt-
#641672	NEW    cov: 50 ft: 371 corp: 148/2817b lim: 4096 exec/s: 641672 rss: 36Mb L: 20/34 MS: 1 CopyPart-
#651829	REDUCE cov: 50 ft: 371 corp: 148/2813b lim: 4096 exec/s: 651829 rss: 36Mb L: 16/34 MS: 2 ChangeBinInt-EraseBytes-
#657202	NEW    cov: 50 ft: 372 corp: 149/2833b lim: 4096 exec/s: 657202 rss: 36Mb L: 20/34 MS: 3 PersAutoDict-ChangeBinInt-ChangeBinInt- DE: "z\000"-
#660300	REDUCE cov: 50 ft: 372 corp: 149/2831b lim: 4096 exec/s: 660300 rss: 36Mb L: 18/34 MS: 3 EraseBytes-ShuffleBytes-ChangeBit-
#666095	REDUCE cov: 50 ft: 372 corp: 149/2829b lim: 4096 exec/s: 666095 rss: 36Mb L: 20/34 MS: 5 PersAutoDict-EraseBytes-ChangeBinInt-CMP-ChangeByte- DE: "z\000"-"K\000\000\000"-
#687121	NEW    cov: 50 ft: 373 corp: 150/2850b lim: 4096 exec/s: 687121 rss: 36Mb L: 21/34 MS: 1 PersAutoDict- DE: "z\000"-
#704620	REDUCE cov: 50 ft: 373 corp: 150/2849b lim: 4096 exec/s: 704620 rss: 36Mb L: 20/34 MS: 4 ShuffleBytes-CopyPart-ChangeBit-EraseBytes-
#706975	REDUCE cov: 50 ft: 373 corp: 150/2845b lim: 4096 exec/s: 706975 rss: 36Mb L: 16/34 MS: 5 CopyPart-PersAutoDict-ChangeBinInt-PersAutoDict-EraseBytes- DE: "\377\377\377\377"-"\001\000\000\000"-
#707434	REDUCE cov: 50 ft: 373 corp: 150/2843b lim: 4096 exec/s: 707434 rss: 36Mb L: 15/34 MS: 4 CopyPart-ChangeBit-ChangeBinInt-EraseBytes-
#732739	REDUCE cov: 50 ft: 373 corp: 150/2841b lim: 4096 exec/s: 732739 rss: 36Mb L: 16/34 MS: 5 CopyPart-ChangeByte-EraseBytes-InsertByte-InsertByte-
#764995	REDUCE cov: 50 ft: 373 corp: 150/2840b lim: 4096 exec/s: 764995 rss: 36Mb L: 20/34 MS: 1 EraseBytes-
#795556	REDUCE cov: 50 ft: 373 corp: 150/2839b lim: 4096 exec/s: 795556 rss: 36Mb L: 20/34 MS: 1 EraseBytes-
#821878	REDUCE cov: 50 ft: 373 corp: 150/2838b lim: 4096 exec/s: 821878 rss: 36Mb L: 20/34 MS: 2 ChangeASCIIInt-EraseBytes-
#825790	REDUCE cov: 50 ft: 373 corp: 150/2836b lim: 4096 exec/s: 825790 rss: 36Mb L: 16/34 MS: 2 CrossOver-EraseBytes-
#843592	REDUCE cov: 50 ft: 373 corp: 150/2834b lim: 4096 exec/s: 843592 rss: 36Mb L: 18/34 MS: 2 EraseBytes-CMP- DE: "\377y"-
#896468	NEW    cov: 50 ft: 374 corp: 151/2856b lim: 4096 exec/s: 448234 rss: 36Mb L: 22/34 MS: 1 ChangeBit-
#921038	REDUCE cov: 50 ft: 374 corp: 151/2850b lim: 4096 exec/s: 460519 rss: 36Mb L: 16/34 MS: 5 EraseBytes-ChangeByte-CrossOver-ChangeBit-ChangeBinInt-
#930350	REDUCE cov: 50 ft: 374 corp: 151/2848b lim: 4096 exec/s: 465175 rss: 36Mb L: 18/34 MS: 2 EraseBytes-InsertByte-
#940587	REDUCE cov: 50 ft: 374 corp: 151/2846b lim: 4096 exec/s: 470293 rss: 36Mb L: 16/34 MS: 2 EraseBytes-PersAutoDict- DE: "\377y"-
#950994	REDUCE cov: 50 ft: 374 corp: 151/2844b lim: 4096 exec/s: 475497 rss: 36Mb L: 18/34 MS: 2 InsertByte-EraseBytes-
#982502	NEW    cov: 50 ft: 375 corp: 152/2864b lim: 4096 exec/s: 491251 rss: 36Mb L: 20/34 MS: 3 InsertByte-ShuffleBytes-EraseBytes-
#989789	NEW    cov: 50 ft: 382 corp: 153/2891b lim: 4096 exec/s: 494894 rss: 36Mb L: 27/34 MS: 2 ChangeBinInt-ChangeASCIIInt-
#992258	REDUCE cov: 50 ft: 382 corp: 153/2889b lim: 4096 exec/s: 496129 rss: 36Mb L: 20/34 MS: 4 InsertByte-InsertByte-EraseBytes-InsertByte-
#1001606	REDUCE cov: 50 ft: 382 corp: 153/2887b lim: 4096 exec/s: 500803 rss: 36Mb L: 20/34 MS: 3 CrossOver-ChangeByte-EraseBytes-
#1002778	NEW    cov: 50 ft: 384 corp: 154/2909b lim: 4096 exec/s: 501389 rss: 36Mb L: 22/34 MS: 2 CopyPart-ChangeBit-
#1046265	NEW    cov: 50 ft: 389 corp: 155/2936b lim: 4096 exec/s: 523132 rss: 36Mb L: 27/34 MS: 2 CopyPart-ChangeASCIIInt-
#1048576	pulse  cov: 50 ft: 389 corp: 155/2936b lim: 4096 exec/s: 524288 rss: 36Mb
#1104318	NEW    cov: 50 ft: 390 corp: 156/2958b lim: 4096 exec/s: 552159 rss: 36Mb L: 22/34 MS: 3 ChangeByte-ShuffleBytes-CopyPart-
#1111680	NEW    cov: 50 ft: 391 corp: 157/2985b lim: 4096 exec/s: 555840 rss: 36Mb L: 27/34 MS: 2 ChangeASCIIInt-ChangeBit-
#1112983	REDUCE cov: 50 ft: 391 corp: 157/2983b lim: 4096 exec/s: 556491 rss: 36Mb L: 18/34 MS: 3 ChangeByte-ShuffleBytes-EraseBytes-
#1122752	REDUCE cov: 50 ft: 391 corp: 157/2979b lim: 4096 exec/s: 561376 rss: 36Mb L: 16/34 MS: 4 EraseBytes-ChangeByte-ChangeBit-CMP- DE: "\377y"-
#1158955	REDUCE cov: 50 ft: 391 corp: 157/2977b lim: 4096 exec/s: 579477 rss: 36Mb L: 18/34 MS: 3 ShuffleBytes-EraseBytes-InsertByte-
#1184449	REDUCE cov: 50 ft: 391 corp: 157/2975b lim: 4096 exec/s: 592224 rss: 36Mb L: 18/34 MS: 4 CrossOver-InsertByte-ChangeByte-EraseBytes-
#1237966	REDUCE cov: 50 ft: 391 corp: 157/2973b lim: 4096 exec/s: 618983 rss: 36Mb L: 16/34 MS: 2 InsertByte-EraseBytes-
#1297113	REDUCE cov: 50 ft: 391 corp: 157/2971b lim: 4096 exec/s: 648556 rss: 36Mb L: 18/34 MS: 2 ChangeByte-EraseBytes-
#1324037	REDUCE cov: 50 ft: 391 corp: 157/2969b lim: 4096 exec/s: 662018 rss: 36Mb L: 15/34 MS: 4 CopyPart-ChangeBit-ChangeBit-EraseBytes-
#1328614	NEW    cov: 50 ft: 393 corp: 158/2996b lim: 4096 exec/s: 664307 rss: 36Mb L: 27/34 MS: 2 ShuffleBytes-ChangeByte-
#1346767	REDUCE cov: 50 ft: 393 corp: 158/2994b lim: 4096 exec/s: 448922 rss: 36Mb L: 18/34 MS: 3 InsertByte-CMP-EraseBytes- DE: "\377\377\377\377\377\377\377\025"-
#1370349	REDUCE cov: 50 ft: 393 corp: 158/2992b lim: 4096 exec/s: 456783 rss: 36Mb L: 15/34 MS: 2 ChangeByte-EraseBytes-
#1377296	REDUCE cov: 50 ft: 393 corp: 158/2990b lim: 4096 exec/s: 459098 rss: 36Mb L: 16/34 MS: 2 InsertByte-EraseBytes-
#1392007	REDUCE cov: 50 ft: 393 corp: 158/2989b lim: 4096 exec/s: 464002 rss: 36Mb L: 20/34 MS: 1 EraseBytes-
#1425895	REDUCE cov: 50 ft: 393 corp: 158/2987b lim: 4096 exec/s: 475298 rss: 36Mb L: 18/34 MS: 3 CrossOver-EraseBytes-InsertByte-
#1429403	REDUCE cov: 50 ft: 393 corp: 158/2985b lim: 4096 exec/s: 476467 rss: 36Mb L: 18/34 MS: 3 InsertByte-ChangeBit-EraseBytes-
#1441247	REDUCE cov: 50 ft: 393 corp: 158/2983b lim: 4096 exec/s: 480415 rss: 36Mb L: 18/34 MS: 4 ShuffleBytes-ChangeByte-ChangeByte-EraseBytes-
#1480435	NEW    cov: 50 ft: 395 corp: 159/3005b lim: 4096 exec/s: 493478 rss: 36Mb L: 22/34 MS: 3 CopyPart-ChangeBit-ChangeASCIIInt-
#1493634	REDUCE cov: 50 ft: 395 corp: 159/3003b lim: 4096 exec/s: 497878 rss: 36Mb L: 16/34 MS: 4 CopyPart-ChangeBit-EraseBytes-PersAutoDict- DE: "\377\377"-
#1494786	REDUCE cov: 50 ft: 395 corp: 159/3001b lim: 4096 exec/s: 498262 rss: 36Mb L: 16/34 MS: 2 EraseBytes-CopyPart-
#1523332	NEW    cov: 50 ft: 397 corp: 160/3023b lim: 4096 exec/s: 507777 rss: 36Mb L: 22/34 MS: 1 CopyPart-
#1560800	REDUCE cov: 50 ft: 397 corp: 160/3021b lim: 4096 exec/s: 520266 rss: 36Mb L: 16/34 MS: 3 EraseBytes-ChangeByte-ChangeBinInt-
#1574618	REDUCE cov: 50 ft: 397 corp: 160/3019b lim: 4096 exec/s: 524872 rss: 36Mb L: 15/34 MS: 3 ChangeBinInt-EraseBytes-CMP- DE: "\377\377\377Q"-
#1632810	REDUCE cov: 50 ft: 397 corp: 160/3017b lim: 4096 exec/s: 544270 rss: 36Mb L: 18/34 MS: 2 ChangeBit-EraseBytes-
#1674517	NEW    cov: 50 ft: 400 corp: 161/3044b lim: 4096 exec/s: 558172 rss: 36Mb L: 27/34 MS: 2 ChangeBit-ChangeBinInt-
#1680512	REDUCE cov: 50 ft: 400 corp: 161/3042b lim: 4096 exec/s: 560170 rss: 36Mb L: 18/34 MS: 5 ChangeByte-CrossOver-EraseBytes-ChangeByte-EraseBytes-
#1756065	NEW    cov: 50 ft: 401 corp: 162/3064b lim: 4096 exec/s: 585355 rss: 36Mb L: 22/34 MS: 3 ChangeBit-ChangeASCIIInt-CopyPart-
#1765862	REDUCE cov: 50 ft: 401 corp: 162/3062b lim: 4096 exec/s: 588620 rss: 36Mb L: 18/34 MS: 2 ChangeBit-EraseBytes-
#1776455	REDUCE cov: 50 ft: 401 corp: 162/3060b lim: 4096 exec/s: 592151 rss: 36Mb L: 18/34 MS: 3 ShuffleBytes-EraseBytes-PersAutoDict- DE: "\377y"-
#1816963	REDUCE cov: 50 ft: 401 corp: 162/3056b lim: 4096 exec/s: 454240 rss: 36Mb L: 16/34 MS: 3 InsertByte-EraseBytes-ChangeBinInt-
#1867716	REDUCE cov: 50 ft: 401 corp: 162/3054b lim: 4096 exec/s: 466929 rss: 36Mb L: 15/34 MS: 3 ChangeBit-EraseBytes-ChangeBit-
#1868033	REDUCE cov: 50 ft: 401 corp: 162/3052b lim: 4096 exec/s: 467008 rss: 36Mb L: 18/34 MS: 2 EraseBytes-InsertByte-
#1926770	REDUCE cov: 50 ft: 401 corp: 162/3050b lim: 4096 exec/s: 481692 rss: 36Mb L: 18/34 MS: 2 ChangeBinInt-EraseBytes-
#1961477	REDUCE cov: 50 ft: 401 corp: 162/3048b lim: 4096 exec/s: 490369 rss: 36Mb L: 18/34 MS: 2 EraseBytes-PersAutoDict- DE: "\377\377"-
#2042654	REDUCE cov: 50 ft: 401 corp: 162/3046b lim: 4096 exec/s: 510663 rss: 36Mb L: 16/34 MS: 2 PersAutoDict-EraseBytes- DE: "\377\377"-
#2058489	REDUCE cov: 50 ft: 401 corp: 162/3037b lim: 4096 exec/s: 514622 rss: 36Mb L: 15/34 MS: 5 ChangeBinInt-InsertByte-PersAutoDict-CrossOver-EraseBytes- DE: "\377\377"-
#2187522	REDUCE cov: 50 ft: 401 corp: 162/3035b lim: 4096 exec/s: 546880 rss: 36Mb L: 16/34 MS: 3 ChangeBinInt-EraseBytes-ChangeByte-
#2207579	REDUCE cov: 50 ft: 401 corp: 162/3033b lim: 4096 exec/s: 551894 rss: 36Mb L: 18/34 MS: 2 EraseBytes-ChangeByte-
#2263686	REDUCE cov: 50 ft: 401 corp: 162/3031b lim: 4096 exec/s: 452737 rss: 36Mb L: 16/34 MS: 2 ChangeByte-EraseBytes-
#2437639	REDUCE cov: 50 ft: 401 corp: 162/3029b lim: 4096 exec/s: 487527 rss: 36Mb L: 18/34 MS: 3 CopyPart-EraseBytes-InsertByte-
#2443142	REDUCE cov: 50 ft: 401 corp: 162/3027b lim: 4096 exec/s: 488628 rss: 36Mb L: 18/34 MS: 3 ChangeBinInt-CrossOver-EraseBytes-
#2448899	REDUCE cov: 50 ft: 401 corp: 162/3025b lim: 4096 exec/s: 489779 rss: 36Mb L: 18/34 MS: 2 EraseBytes-ChangeByte-
#2506606	REDUCE cov: 50 ft: 401 corp: 162/3023b lim: 4096 exec/s: 501321 rss: 36Mb L: 18/34 MS: 2 EraseBytes-CopyPart-
#2569881	REDUCE cov: 50 ft: 401 corp: 162/3021b lim: 4096 exec/s: 513976 rss: 36Mb L: 16/34 MS: 5 PersAutoDict-ChangeBinInt-ChangeBinInt-ShuffleBytes-EraseBytes- DE: "\"\000\000\000\000\000\000\000"-
#2615468	REDUCE cov: 50 ft: 401 corp: 162/3019b lim: 4096 exec/s: 523093 rss: 36Mb L: 16/34 MS: 2 ChangeByte-EraseBytes-
#2684924	NEW    cov: 50 ft: 402 corp: 163/3046b lim: 4096 exec/s: 447487 rss: 36Mb L: 27/34 MS: 1 ChangeBit-
#2778302	REDUCE cov: 50 ft: 402 corp: 163/3044b lim: 4096 exec/s: 463050 rss: 36Mb L: 15/34 MS: 3 CopyPart-ChangeBit-EraseBytes-
#2788599	REDUCE cov: 50 ft: 402 corp: 163/3042b lim: 4096 exec/s: 464766 rss: 36Mb L: 20/34 MS: 2 ChangeByte-EraseBytes-
#2850671	REDUCE cov: 50 ft: 402 corp: 163/3040b lim: 4096 exec/s: 475111 rss: 36Mb L: 18/34 MS: 2 ChangeByte-EraseBytes-
#2867384	REDUCE cov: 50 ft: 402 corp: 163/3036b lim: 4096 exec/s: 477897 rss: 36Mb L: 16/34 MS: 3 ChangeBinInt-InsertByte-EraseBytes-
#2911996	REDUCE cov: 50 ft: 402 corp: 163/3034b lim: 4096 exec/s: 485332 rss: 36Mb L: 18/34 MS: 2 PersAutoDict-EraseBytes- DE: "\377\377"-
#2988749	NEW    cov: 50 ft: 406 corp: 164/3061b lim: 4096 exec/s: 498124 rss: 36Mb L: 27/34 MS: 3 ChangeASCIIInt-CrossOver-CrossOver-
#3071051	REDUCE cov: 50 ft: 406 corp: 164/3059b lim: 4096 exec/s: 511841 rss: 36Mb L: 16/34 MS: 2 ChangeBinInt-EraseBytes-
#3180008	NEW    cov: 50 ft: 407 corp: 165/3086b lim: 4096 exec/s: 454286 rss: 36Mb L: 27/34 MS: 2 ChangeBit-ChangeBit-
#3192704	NEW    cov: 50 ft: 408 corp: 166/3113b lim: 4096 exec/s: 456100 rss: 36Mb L: 27/34 MS: 1 CopyPart-
#3208410	NEW    cov: 50 ft: 409 corp: 167/3140b lim: 4096 exec/s: 458344 rss: 36Mb L: 27/34 MS: 1 ChangeBit-
panic: found special char in iban [recovered]
	panic: found special char in iban

goroutine 17 [running, locked to thread]:
git.ultraware.nl/iddinkgroep/fundament-api.Fuzz.func1()
	git.ultraware.nl/iddinkgroep/fundament-api/fuzz.go:19 +0xa5
panic({0x56064d695760?, 0x56064d6a8c70?})
	runtime/panic.go:914 +0x21f
git.ultraware.nl/iddinkgroep/fundament-api.Fuzz({0xc000192e60, 0x1b})
	git.ultraware.nl/iddinkgroep/fundament-api/fuzz.go:34 +0x2b9
git.ultraware.nl/iddinkgroep/fundament-api.Fuzz_(...)
	git.ultraware.nl/iddinkgroep/fundament-api/fuzz.1527825026.go:6
main.LLVMFuzzerTestOneInput(...)
	./main.170485750.go:21
==19129== ERROR: libFuzzer: deadly signal
    #0 0x56064d5b8630 in __sanitizer_print_stack_trace (/seedai/experiments/libfuzzer/source_iban/libfuzzer+0xaf630) (BuildId: 688cb25bec4564588da2a67f6a2b25148a0fd5d4)
    #1 0x56064d584755 in fuzzer::PrintStackTrace() (/seedai/experiments/libfuzzer/source_iban/libfuzzer+0x7b755) (BuildId: 688cb25bec4564588da2a67f6a2b25148a0fd5d4)
    #2 0x56064d5633a9 in fuzzer::Fuzzer::CrashCallback() (.part.0) FuzzerLoop.cpp.o
    #3 0x56064d56346a in fuzzer::Fuzzer::StaticCrashSignalCallback() (/seedai/experiments/libfuzzer/source_iban/libfuzzer+0x5a46a) (BuildId: 688cb25bec4564588da2a67f6a2b25148a0fd5d4)
    #4 0x7fd6a45b770f  (/usr/lib/libc.so.6+0x3e70f) (BuildId: 316d0d3666387f0e8fb98773f51aa1801027c5ab)
    #5 0x56064d618160 in runtime.raise.abi0 runtime/sys_linux_amd64.s:153

NOTE: libFuzzer has rudimentary signal handlers.
      Combine libFuzzer with AddressSanitizer or similar for better crash reports.
SUMMARY: libFuzzer: deadly signal
MS: 1 ChangeBinInt-; base unit: c136bc5af48fd1c8abf10c86bd4c73574b677e58
0x46,0x72,0x73,0x30,0x2d,0x30,0x30,0x30,0x30,0x30,0x30,0x30,0x30,0x30,0x30,0x30,0x30,0x30,0x30,0x31,0x30,0x32,0x6d,0x72,0x31,0x75,0x52,
Frs0-00000000000000102mr1uR
artifact_prefix='./'; Test unit written to ./crash-97e03e22c161a4f0a10fe25b2c1462611221e22e
Base64: RnJzMC0wMDAwMDAwMDAwMDAwMDEwMm1yMXVS
