INFO: Running with entropic power schedule (0xFF, 100).
INFO: Seed: 2259804921
INFO: Loaded 1 modules   (70 inline 8-bit counters): 70 [0x564a6dcb1030, 0x564a6dcb1076), 
INFO: Loaded 1 PC tables (70 PCs): 70 [0xc000068000,0xc000068460), 
INFO:        9 files found in corpus
INFO: -max_len is not provided; libFuzzer will not generate inputs larger than 4096 bytes
INFO: seed corpus: files: 9 min: 1b max: 800b total: 1272b rss: 29Mb
#10	INITED cov: 9 ft: 19 corp: 4/12b exec/s: 0 rss: 29Mb
#18	NEW    cov: 9 ft: 20 corp: 5/15b lim: 5 exec/s: 0 rss: 29Mb L: 3/5 MS: 3 CrossOver-CMP-InsertByte- DE: "\377\377"-
#35	REDUCE cov: 9 ft: 20 corp: 5/14b lim: 5 exec/s: 0 rss: 29Mb L: 3/5 MS: 2 ChangeBinInt-EraseBytes-
#247	NEW    cov: 9 ft: 21 corp: 6/21b lim: 7 exec/s: 0 rss: 29Mb L: 7/7 MS: 2 CopyPart-InsertRepeatedBytes-
#462	NEW    cov: 9 ft: 22 corp: 7/30b lim: 9 exec/s: 0 rss: 29Mb L: 9/9 MS: 5 ChangeBit-PersAutoDict-PersAutoDict-ChangeBit-CopyPart- DE: "\377\377"-"\377\377"-
#526	REDUCE cov: 9 ft: 22 corp: 7/29b lim: 9 exec/s: 0 rss: 29Mb L: 8/8 MS: 4 PersAutoDict-ShuffleBytes-ShuffleBytes-EraseBytes- DE: "\377\377"-
#833	REDUCE cov: 9 ft: 23 corp: 8/41b lim: 12 exec/s: 0 rss: 30Mb L: 12/12 MS: 2 ShuffleBytes-InsertRepeatedBytes-
#1155	NEW    cov: 11 ft: 29 corp: 9/56b lim: 15 exec/s: 0 rss: 30Mb L: 15/15 MS: 2 InsertRepeatedBytes-InsertRepeatedBytes-
#1204	NEW    cov: 11 ft: 30 corp: 10/70b lim: 15 exec/s: 0 rss: 30Mb L: 14/15 MS: 4 ShuffleBytes-CopyPart-ChangeByte-EraseBytes-
#1241	NEW    cov: 11 ft: 31 corp: 11/83b lim: 15 exec/s: 0 rss: 30Mb L: 13/15 MS: 2 ShuffleBytes-EraseBytes-
#1569	NEW    cov: 11 ft: 33 corp: 12/99b lim: 18 exec/s: 0 rss: 30Mb L: 16/16 MS: 3 CrossOver-EraseBytes-CopyPart-
#1613	REDUCE cov: 11 ft: 34 corp: 13/117b lim: 18 exec/s: 0 rss: 30Mb L: 18/18 MS: 4 CopyPart-InsertByte-ShuffleBytes-InsertRepeatedBytes-
#2029	REDUCE cov: 11 ft: 35 corp: 14/136b lim: 22 exec/s: 0 rss: 30Mb L: 19/19 MS: 1 CrossOver-
#2811	NEW    cov: 13 ft: 41 corp: 15/159b lim: 26 exec/s: 0 rss: 30Mb L: 23/23 MS: 2 ShuffleBytes-CrossOver-
#2867	NEW    cov: 13 ft: 42 corp: 16/182b lim: 26 exec/s: 0 rss: 30Mb L: 23/23 MS: 1 CrossOver-
#2868	NEW    cov: 13 ft: 43 corp: 17/207b lim: 26 exec/s: 0 rss: 30Mb L: 25/25 MS: 1 PersAutoDict- DE: "\377\377"-
#3029	NEW    cov: 13 ft: 44 corp: 18/231b lim: 26 exec/s: 0 rss: 30Mb L: 24/25 MS: 1 InsertByte-
#3064	NEW    cov: 13 ft: 45 corp: 19/257b lim: 26 exec/s: 0 rss: 30Mb L: 26/26 MS: 5 InsertByte-CopyPart-CopyPart-ChangeBit-ChangeByte-
#3103	REDUCE cov: 13 ft: 45 corp: 19/256b lim: 26 exec/s: 0 rss: 30Mb L: 17/26 MS: 4 ChangeByte-ChangeBit-InsertByte-EraseBytes-
#3110	NEW    cov: 13 ft: 46 corp: 20/272b lim: 26 exec/s: 0 rss: 30Mb L: 16/26 MS: 2 InsertByte-EraseBytes-
#3150	REDUCE cov: 13 ft: 46 corp: 20/270b lim: 26 exec/s: 0 rss: 30Mb L: 21/26 MS: 5 PersAutoDict-PersAutoDict-PersAutoDict-EraseBytes-CrossOver- DE: "\377\377"-"\377\377"-"\377\377"-
#3214	NEW    cov: 13 ft: 47 corp: 21/291b lim: 26 exec/s: 0 rss: 30Mb L: 21/26 MS: 4 ChangeBinInt-ChangeBit-ChangeBinInt-InsertRepeatedBytes-
#3221	NEW    cov: 13 ft: 48 corp: 22/308b lim: 26 exec/s: 0 rss: 30Mb L: 17/26 MS: 2 PersAutoDict-InsertByte- DE: "\377\377"-
#3273	NEW    cov: 25 ft: 92 corp: 23/325b lim: 26 exec/s: 0 rss: 30Mb L: 17/26 MS: 2 ChangeByte-ChangeBit-
#3344	NEW    cov: 25 ft: 97 corp: 24/343b lim: 26 exec/s: 0 rss: 30Mb L: 18/26 MS: 1 InsertByte-
#3389	NEW    cov: 25 ft: 98 corp: 25/368b lim: 26 exec/s: 0 rss: 30Mb L: 25/26 MS: 5 ShuffleBytes-CopyPart-ChangeByte-InsertRepeatedBytes-EraseBytes-
#3430	REDUCE cov: 25 ft: 98 corp: 25/363b lim: 26 exec/s: 0 rss: 30Mb L: 16/26 MS: 1 EraseBytes-
#3521	NEW    cov: 25 ft: 100 corp: 26/384b lim: 26 exec/s: 0 rss: 30Mb L: 21/26 MS: 1 ChangeBinInt-
#3537	NEW    cov: 25 ft: 101 corp: 27/401b lim: 26 exec/s: 0 rss: 30Mb L: 17/26 MS: 1 ChangeByte-
#3561	REDUCE cov: 25 ft: 101 corp: 27/395b lim: 26 exec/s: 0 rss: 30Mb L: 15/26 MS: 4 InsertByte-ChangeBinInt-EraseBytes-EraseBytes-
#3657	REDUCE cov: 25 ft: 101 corp: 27/394b lim: 26 exec/s: 0 rss: 30Mb L: 20/26 MS: 1 EraseBytes-
#3673	NEW    cov: 25 ft: 103 corp: 28/411b lim: 26 exec/s: 0 rss: 30Mb L: 17/26 MS: 1 CopyPart-
#4002	REDUCE cov: 25 ft: 109 corp: 29/433b lim: 26 exec/s: 0 rss: 30Mb L: 22/26 MS: 4 ChangeBinInt-InsertRepeatedBytes-PersAutoDict-ChangeByte- DE: "\377\377"-
#4143	NEW    cov: 25 ft: 110 corp: 30/455b lim: 26 exec/s: 0 rss: 30Mb L: 22/26 MS: 1 ChangeBit-
#4507	REDUCE cov: 25 ft: 110 corp: 30/452b lim: 26 exec/s: 0 rss: 30Mb L: 20/26 MS: 4 PersAutoDict-InsertByte-PersAutoDict-EraseBytes- DE: "\377\377"-"\377\377"-
#4552	REDUCE cov: 25 ft: 110 corp: 30/448b lim: 26 exec/s: 0 rss: 31Mb L: 21/26 MS: 5 EraseBytes-ChangeByte-ChangeByte-EraseBytes-CopyPart-
#4658	REDUCE cov: 25 ft: 111 corp: 31/471b lim: 26 exec/s: 0 rss: 31Mb L: 23/26 MS: 1 CopyPart-
#5051	REDUCE cov: 25 ft: 112 corp: 32/487b lim: 26 exec/s: 0 rss: 31Mb L: 16/26 MS: 3 EraseBytes-ShuffleBytes-CopyPart-
#5291	REDUCE cov: 25 ft: 113 corp: 33/505b lim: 26 exec/s: 0 rss: 31Mb L: 18/26 MS: 5 ShuffleBytes-EraseBytes-InsertByte-CrossOver-InsertRepeatedBytes-
#5314	REDUCE cov: 25 ft: 113 corp: 33/503b lim: 26 exec/s: 0 rss: 31Mb L: 18/26 MS: 3 EraseBytes-CopyPart-CrossOver-
#5323	REDUCE cov: 25 ft: 115 corp: 34/519b lim: 26 exec/s: 0 rss: 31Mb L: 16/26 MS: 4 ShuffleBytes-CopyPart-CrossOver-ChangeBit-
#5389	NEW    cov: 25 ft: 116 corp: 35/542b lim: 26 exec/s: 0 rss: 31Mb L: 23/26 MS: 1 ChangeBinInt-
#5427	REDUCE cov: 25 ft: 116 corp: 35/538b lim: 26 exec/s: 0 rss: 31Mb L: 20/26 MS: 3 ShuffleBytes-PersAutoDict-EraseBytes- DE: "\377\377"-
#5494	NEW    cov: 25 ft: 118 corp: 36/561b lim: 26 exec/s: 0 rss: 31Mb L: 23/26 MS: 2 ShuffleBytes-ChangeByte-
#5739	REDUCE cov: 25 ft: 118 corp: 36/560b lim: 26 exec/s: 0 rss: 31Mb L: 17/26 MS: 5 CMP-EraseBytes-CopyPart-PersAutoDict-ChangeBinInt- DE: "\001\000"-"\377\377"-
#5801	NEW    cov: 25 ft: 119 corp: 37/577b lim: 26 exec/s: 0 rss: 31Mb L: 17/26 MS: 2 ChangeBit-ChangeBit-
#5877	REDUCE cov: 25 ft: 119 corp: 37/576b lim: 26 exec/s: 0 rss: 31Mb L: 15/26 MS: 1 EraseBytes-
#6169	REDUCE cov: 25 ft: 119 corp: 37/575b lim: 26 exec/s: 0 rss: 31Mb L: 15/26 MS: 2 ShuffleBytes-EraseBytes-
#6578	NEW    cov: 25 ft: 120 corp: 38/597b lim: 30 exec/s: 0 rss: 31Mb L: 22/26 MS: 4 ChangeBit-ChangeByte-CrossOver-CMP- DE: "\001\000"-
#6581	REDUCE cov: 25 ft: 121 corp: 39/624b lim: 30 exec/s: 0 rss: 31Mb L: 27/27 MS: 3 ShuffleBytes-ShuffleBytes-CrossOver-
#6587	NEW    cov: 25 ft: 122 corp: 40/653b lim: 30 exec/s: 0 rss: 31Mb L: 29/29 MS: 1 CopyPart-
#6759	REDUCE cov: 25 ft: 122 corp: 40/651b lim: 30 exec/s: 0 rss: 31Mb L: 20/29 MS: 2 CopyPart-EraseBytes-
#6892	REDUCE cov: 25 ft: 123 corp: 41/669b lim: 30 exec/s: 0 rss: 31Mb L: 18/29 MS: 3 InsertByte-ChangeBit-ChangeBinInt-
#6894	REDUCE cov: 25 ft: 123 corp: 41/668b lim: 30 exec/s: 0 rss: 31Mb L: 19/29 MS: 2 InsertRepeatedBytes-CrossOver-
#7076	REDUCE cov: 25 ft: 123 corp: 41/667b lim: 30 exec/s: 0 rss: 31Mb L: 25/29 MS: 2 InsertRepeatedBytes-EraseBytes-
#7458	REDUCE cov: 25 ft: 123 corp: 41/662b lim: 30 exec/s: 0 rss: 31Mb L: 20/29 MS: 2 EraseBytes-ChangeByte-
#7519	NEW    cov: 25 ft: 125 corp: 42/680b lim: 30 exec/s: 0 rss: 31Mb L: 18/29 MS: 1 ChangeBinInt-
#7693	REDUCE cov: 25 ft: 125 corp: 42/679b lim: 30 exec/s: 0 rss: 31Mb L: 15/29 MS: 4 ChangeBinInt-CopyPart-CopyPart-CrossOver-
#8102	REDUCE cov: 25 ft: 126 corp: 43/711b lim: 34 exec/s: 0 rss: 31Mb L: 32/32 MS: 4 CrossOver-CrossOver-ChangeByte-InsertRepeatedBytes-
#8154	NEW    cov: 25 ft: 128 corp: 44/745b lim: 34 exec/s: 0 rss: 31Mb L: 34/34 MS: 2 ChangeByte-InsertRepeatedBytes-
#8281	NEW    cov: 25 ft: 129 corp: 45/778b lim: 34 exec/s: 0 rss: 31Mb L: 33/34 MS: 2 EraseBytes-InsertRepeatedBytes-
#10432	NEW    cov: 25 ft: 130 corp: 46/795b lim: 54 exec/s: 0 rss: 32Mb L: 17/34 MS: 1 ChangeByte-
#10851	REDUCE cov: 25 ft: 130 corp: 46/792b lim: 54 exec/s: 0 rss: 32Mb L: 18/34 MS: 4 ChangeBit-ChangeBit-ChangeBinInt-EraseBytes-
#11204	REDUCE cov: 25 ft: 130 corp: 46/790b lim: 54 exec/s: 0 rss: 32Mb L: 17/34 MS: 3 PersAutoDict-CopyPart-EraseBytes- DE: "\377\377"-
#11208	REDUCE cov: 25 ft: 130 corp: 46/786b lim: 54 exec/s: 0 rss: 32Mb L: 16/34 MS: 4 ShuffleBytes-ChangeBit-ChangeBinInt-EraseBytes-
#12274	REDUCE cov: 25 ft: 130 corp: 46/785b lim: 64 exec/s: 0 rss: 32Mb L: 16/34 MS: 1 EraseBytes-
#12396	REDUCE cov: 25 ft: 130 corp: 46/782b lim: 64 exec/s: 0 rss: 32Mb L: 20/34 MS: 2 ChangeByte-EraseBytes-
#12827	REDUCE cov: 25 ft: 130 corp: 46/781b lim: 64 exec/s: 0 rss: 32Mb L: 15/34 MS: 1 EraseBytes-
#13409	NEW    cov: 25 ft: 131 corp: 47/797b lim: 64 exec/s: 0 rss: 32Mb L: 16/34 MS: 2 ChangeBinInt-EraseBytes-
#15012	REDUCE cov: 25 ft: 131 corp: 47/795b lim: 76 exec/s: 0 rss: 33Mb L: 18/34 MS: 3 InsertByte-CMP-EraseBytes- DE: "\001\000\000\000\000\000\000\024"-
#15998	REDUCE cov: 25 ft: 131 corp: 47/794b lim: 82 exec/s: 0 rss: 33Mb L: 16/34 MS: 1 EraseBytes-
#18940	REDUCE cov: 25 ft: 131 corp: 47/792b lim: 106 exec/s: 0 rss: 34Mb L: 16/34 MS: 2 PersAutoDict-EraseBytes- DE: "\001\000\000\000\000\000\000\024"-
#21217	NEW    cov: 25 ft: 132 corp: 48/808b lim: 124 exec/s: 0 rss: 34Mb L: 16/34 MS: 2 ChangeBinInt-ChangeBit-
#21641	REDUCE cov: 25 ft: 132 corp: 48/804b lim: 124 exec/s: 0 rss: 34Mb L: 21/34 MS: 4 EraseBytes-CopyPart-ChangeBinInt-InsertByte-
#23025	REDUCE cov: 25 ft: 132 corp: 48/803b lim: 137 exec/s: 0 rss: 34Mb L: 16/34 MS: 4 EraseBytes-CMP-InsertByte-InsertByte- DE: "\000\000\000\000\000\000\000*"-
#23463	REDUCE cov: 25 ft: 132 corp: 48/802b lim: 137 exec/s: 0 rss: 34Mb L: 15/34 MS: 3 CrossOver-PersAutoDict-ChangeBit- DE: "\000\000\000\000\000\000\000*"-
#24077	REDUCE cov: 25 ft: 132 corp: 48/801b lim: 137 exec/s: 0 rss: 34Mb L: 15/34 MS: 4 EraseBytes-ShuffleBytes-ChangeBit-CrossOver-
#24213	REDUCE cov: 25 ft: 132 corp: 48/800b lim: 137 exec/s: 0 rss: 34Mb L: 17/34 MS: 1 EraseBytes-
#26230	REDUCE cov: 25 ft: 132 corp: 48/798b lim: 151 exec/s: 0 rss: 34Mb L: 15/34 MS: 2 EraseBytes-CrossOver-
#29980	REDUCE cov: 25 ft: 132 corp: 48/797b lim: 186 exec/s: 0 rss: 34Mb L: 15/34 MS: 5 InsertRepeatedBytes-CrossOver-EraseBytes-EraseBytes-PersAutoDict- DE: "\001\000"-
#30544	REDUCE cov: 25 ft: 132 corp: 48/796b lim: 186 exec/s: 0 rss: 34Mb L: 16/34 MS: 4 ChangeByte-InsertByte-EraseBytes-InsertByte-
#31160	NEW    cov: 30 ft: 146 corp: 49/814b lim: 186 exec/s: 0 rss: 34Mb L: 18/34 MS: 1 CrossOver-
#31743	REDUCE cov: 30 ft: 146 corp: 49/813b lim: 186 exec/s: 0 rss: 34Mb L: 31/34 MS: 3 InsertByte-ShuffleBytes-EraseBytes-
#33052	REDUCE cov: 30 ft: 146 corp: 49/812b lim: 193 exec/s: 0 rss: 34Mb L: 22/34 MS: 4 ChangeBinInt-EraseBytes-ChangeBinInt-CopyPart-
#33583	NEW    cov: 30 ft: 149 corp: 50/830b lim: 193 exec/s: 0 rss: 34Mb L: 18/34 MS: 1 ChangeBit-
#33799	NEW    cov: 30 ft: 151 corp: 51/848b lim: 193 exec/s: 0 rss: 34Mb L: 18/34 MS: 1 ChangeByte-
#34365	NEW    cov: 30 ft: 153 corp: 52/866b lim: 193 exec/s: 0 rss: 34Mb L: 18/34 MS: 1 ChangeBit-
#34427	NEW    cov: 30 ft: 155 corp: 53/884b lim: 193 exec/s: 0 rss: 34Mb L: 18/34 MS: 2 ShuffleBytes-ShuffleBytes-
#34748	NEW    cov: 30 ft: 157 corp: 54/902b lim: 193 exec/s: 0 rss: 34Mb L: 18/34 MS: 1 ChangeBinInt-
#34884	NEW    cov: 30 ft: 159 corp: 55/920b lim: 193 exec/s: 0 rss: 34Mb L: 18/34 MS: 1 ChangeByte-
#35847	NEW    cov: 30 ft: 167 corp: 56/938b lim: 200 exec/s: 0 rss: 34Mb L: 18/34 MS: 3 ChangeByte-ChangeBit-CopyPart-
#35898	NEW    cov: 30 ft: 169 corp: 57/956b lim: 200 exec/s: 0 rss: 34Mb L: 18/34 MS: 1 ChangeBit-
#37124	NEW    cov: 30 ft: 172 corp: 58/974b lim: 207 exec/s: 0 rss: 34Mb L: 18/34 MS: 1 ShuffleBytes-
#37858	NEW    cov: 30 ft: 173 corp: 59/992b lim: 214 exec/s: 0 rss: 34Mb L: 18/34 MS: 4 CopyPart-CopyPart-ShuffleBytes-ChangeByte-
#37950	NEW    cov: 30 ft: 174 corp: 60/1010b lim: 214 exec/s: 0 rss: 34Mb L: 18/34 MS: 2 CrossOver-CrossOver-
#38149	NEW    cov: 30 ft: 176 corp: 61/1028b lim: 214 exec/s: 0 rss: 34Mb L: 18/34 MS: 4 ChangeByte-ChangeBit-ShuffleBytes-ChangeByte-
#38714	REDUCE cov: 30 ft: 176 corp: 61/1027b lim: 214 exec/s: 0 rss: 34Mb L: 17/34 MS: 5 ChangeBit-EraseBytes-ChangeBinInt-ChangeBit-CopyPart-
#38865	NEW    cov: 31 ft: 181 corp: 62/1045b lim: 214 exec/s: 0 rss: 34Mb L: 18/34 MS: 1 ChangeByte-
#39339	REDUCE cov: 31 ft: 181 corp: 62/1044b lim: 214 exec/s: 0 rss: 34Mb L: 16/34 MS: 4 PersAutoDict-EraseBytes-InsertByte-EraseBytes- DE: "\001\000\000\000\000\000\000\024"-
#40020	NEW    cov: 31 ft: 182 corp: 63/1062b lim: 214 exec/s: 0 rss: 34Mb L: 18/34 MS: 1 ShuffleBytes-
#40276	REDUCE cov: 31 ft: 183 corp: 64/1080b lim: 214 exec/s: 0 rss: 34Mb L: 18/34 MS: 1 CrossOver-
#40568	NEW    cov: 31 ft: 184 corp: 65/1098b lim: 214 exec/s: 0 rss: 34Mb L: 18/34 MS: 2 ChangeByte-ChangeBit-
#40724	NEW    cov: 31 ft: 185 corp: 66/1116b lim: 214 exec/s: 0 rss: 34Mb L: 18/34 MS: 1 CopyPart-
#41813	NEW    cov: 31 ft: 186 corp: 67/1134b lim: 221 exec/s: 0 rss: 35Mb L: 18/34 MS: 4 CrossOver-ShuffleBytes-EraseBytes-ChangeBinInt-
#42249	NEW    cov: 31 ft: 187 corp: 68/1152b lim: 221 exec/s: 0 rss: 35Mb L: 18/34 MS: 1 CopyPart-
#43191	NEW    cov: 31 ft: 188 corp: 69/1170b lim: 228 exec/s: 0 rss: 35Mb L: 18/34 MS: 2 PersAutoDict-CrossOver- DE: "\377\377"-
#45122	NEW    cov: 31 ft: 189 corp: 70/1188b lim: 242 exec/s: 0 rss: 35Mb L: 18/34 MS: 1 ChangeBinInt-
#45168	NEW    cov: 31 ft: 190 corp: 71/1206b lim: 242 exec/s: 0 rss: 35Mb L: 18/34 MS: 1 ChangeBinInt-
#46259	NEW    cov: 31 ft: 191 corp: 72/1224b lim: 249 exec/s: 0 rss: 35Mb L: 18/34 MS: 1 ShuffleBytes-
#47386	NEW    cov: 31 ft: 192 corp: 73/1242b lim: 256 exec/s: 0 rss: 35Mb L: 18/34 MS: 2 ChangeBit-ShuffleBytes-
#47937	NEW    cov: 31 ft: 193 corp: 74/1260b lim: 256 exec/s: 0 rss: 35Mb L: 18/34 MS: 1 ShuffleBytes-
#48103	NEW    cov: 31 ft: 194 corp: 75/1278b lim: 256 exec/s: 0 rss: 35Mb L: 18/34 MS: 1 ShuffleBytes-
#49149	NEW    cov: 31 ft: 195 corp: 76/1296b lim: 264 exec/s: 0 rss: 35Mb L: 18/34 MS: 1 CrossOver-
#53107	NEW    cov: 31 ft: 196 corp: 77/1314b lim: 296 exec/s: 0 rss: 35Mb L: 18/34 MS: 3 ChangeBit-ChangeByte-ShuffleBytes-
#56433	NEW    cov: 31 ft: 197 corp: 78/1332b lim: 328 exec/s: 0 rss: 35Mb L: 18/34 MS: 1 ChangeBit-
#57204	NEW    cov: 31 ft: 198 corp: 79/1350b lim: 328 exec/s: 0 rss: 35Mb L: 18/34 MS: 1 ShuffleBytes-
#58941	REDUCE cov: 31 ft: 199 corp: 80/1377b lim: 344 exec/s: 0 rss: 35Mb L: 27/34 MS: 2 CrossOver-EraseBytes-
#59599	REDUCE cov: 31 ft: 199 corp: 80/1375b lim: 344 exec/s: 0 rss: 35Mb L: 16/34 MS: 3 InsertByte-ChangeBit-EraseBytes-
#62520	NEW    cov: 31 ft: 200 corp: 81/1393b lim: 368 exec/s: 0 rss: 35Mb L: 18/34 MS: 1 ShuffleBytes-
#69752	REDUCE cov: 31 ft: 200 corp: 81/1391b lim: 432 exec/s: 0 rss: 35Mb L: 16/34 MS: 2 ChangeBinInt-EraseBytes-
#70537	REDUCE cov: 31 ft: 200 corp: 81/1389b lim: 432 exec/s: 0 rss: 35Mb L: 16/34 MS: 5 CrossOver-ShuffleBytes-CMP-EraseBytes-PersAutoDict- DE: "\377\377"-"\377\377"-
#71805	NEW    cov: 31 ft: 201 corp: 82/1407b lim: 440 exec/s: 0 rss: 35Mb L: 18/34 MS: 3 ChangeByte-ChangeByte-CrossOver-
#73203	REDUCE cov: 31 ft: 201 corp: 82/1405b lim: 448 exec/s: 0 rss: 35Mb L: 20/34 MS: 3 EraseBytes-ChangeBinInt-ChangeByte-
#76170	REDUCE cov: 31 ft: 201 corp: 82/1403b lim: 472 exec/s: 0 rss: 35Mb L: 16/34 MS: 2 EraseBytes-ChangeBinInt-
#81467	NEW    cov: 31 ft: 202 corp: 83/1421b lim: 521 exec/s: 0 rss: 35Mb L: 18/34 MS: 2 ShuffleBytes-ShuffleBytes-
#81814	NEW    cov: 31 ft: 210 corp: 84/1441b lim: 521 exec/s: 0 rss: 35Mb L: 20/34 MS: 2 CrossOver-CrossOver-
#82911	REDUCE cov: 31 ft: 210 corp: 84/1440b lim: 530 exec/s: 0 rss: 35Mb L: 15/34 MS: 2 CopyPart-EraseBytes-
#90082	NEW    cov: 32 ft: 213 corp: 85/1458b lim: 593 exec/s: 0 rss: 35Mb L: 18/34 MS: 1 ChangeByte-
#99682	REDUCE cov: 32 ft: 213 corp: 85/1456b lim: 683 exec/s: 0 rss: 35Mb L: 16/34 MS: 5 InsertByte-ChangeBit-EraseBytes-ChangeBit-InsertByte-
#99829	NEW    cov: 32 ft: 218 corp: 86/1476b lim: 683 exec/s: 0 rss: 35Mb L: 20/34 MS: 2 ShuffleBytes-CopyPart-
#100045	NEW    cov: 34 ft: 223 corp: 87/1496b lim: 683 exec/s: 0 rss: 35Mb L: 20/34 MS: 1 ChangeByte-
#100666	REDUCE cov: 34 ft: 224 corp: 88/1512b lim: 683 exec/s: 0 rss: 35Mb L: 16/34 MS: 1 ChangeByte-
#104409	REDUCE cov: 34 ft: 224 corp: 88/1511b lim: 719 exec/s: 0 rss: 35Mb L: 26/34 MS: 3 CrossOver-ChangeBit-EraseBytes-
#104725	NEW    cov: 35 ft: 228 corp: 89/1531b lim: 719 exec/s: 0 rss: 35Mb L: 20/34 MS: 1 ChangeBit-
#105181	NEW    cov: 35 ft: 229 corp: 90/1551b lim: 719 exec/s: 0 rss: 35Mb L: 20/34 MS: 1 ShuffleBytes-
#105518	REDUCE cov: 35 ft: 229 corp: 90/1549b lim: 719 exec/s: 0 rss: 35Mb L: 16/34 MS: 2 ChangeBinInt-EraseBytes-
#106829	NEW    cov: 35 ft: 230 corp: 91/1569b lim: 728 exec/s: 0 rss: 35Mb L: 20/34 MS: 1 ShuffleBytes-
#106885	NEW    cov: 35 ft: 231 corp: 92/1589b lim: 728 exec/s: 0 rss: 35Mb L: 20/34 MS: 1 CopyPart-
#106952	NEW    cov: 35 ft: 232 corp: 93/1609b lim: 728 exec/s: 0 rss: 35Mb L: 20/34 MS: 2 ChangeBit-ShuffleBytes-
#107223	NEW    cov: 35 ft: 233 corp: 94/1625b lim: 728 exec/s: 0 rss: 35Mb L: 16/34 MS: 1 ChangeBinInt-
#107444	NEW    cov: 35 ft: 234 corp: 95/1645b lim: 728 exec/s: 0 rss: 35Mb L: 20/34 MS: 1 ChangeBit-
#107488	NEW    cov: 49 ft: 297 corp: 96/1665b lim: 728 exec/s: 0 rss: 35Mb L: 20/34 MS: 4 ChangeByte-ShuffleBytes-CrossOver-ChangeByte-
#107670	NEW    cov: 49 ft: 298 corp: 97/1685b lim: 728 exec/s: 0 rss: 35Mb L: 20/34 MS: 2 ShuffleBytes-ShuffleBytes-
#108276	NEW    cov: 49 ft: 299 corp: 98/1705b lim: 728 exec/s: 0 rss: 35Mb L: 20/34 MS: 1 ChangeBit-
#109378	REDUCE cov: 49 ft: 299 corp: 98/1704b lim: 737 exec/s: 0 rss: 35Mb L: 15/34 MS: 2 EraseBytes-CrossOver-
#113800	NEW    cov: 49 ft: 300 corp: 99/1724b lim: 773 exec/s: 0 rss: 35Mb L: 20/34 MS: 2 ChangeBinInt-CopyPart-
#114111	NEW    cov: 49 ft: 301 corp: 100/1744b lim: 773 exec/s: 0 rss: 35Mb L: 20/34 MS: 1 ChangeBit-
#115278	NEW    cov: 49 ft: 302 corp: 101/1764b lim: 782 exec/s: 0 rss: 35Mb L: 20/34 MS: 2 ChangeBit-ShuffleBytes-
#116370	NEW    cov: 49 ft: 303 corp: 102/1784b lim: 791 exec/s: 0 rss: 35Mb L: 20/34 MS: 2 ChangeBit-CopyPart-
#117156	NEW    cov: 49 ft: 307 corp: 103/1804b lim: 791 exec/s: 0 rss: 35Mb L: 20/34 MS: 1 ChangeBit-
#118482	NEW    cov: 49 ft: 308 corp: 104/1824b lim: 800 exec/s: 0 rss: 35Mb L: 20/34 MS: 1 ChangeBit-
#119138	NEW    cov: 49 ft: 309 corp: 105/1840b lim: 800 exec/s: 0 rss: 35Mb L: 16/34 MS: 1 ChangeByte-
#119264	NEW    cov: 49 ft: 310 corp: 106/1860b lim: 800 exec/s: 0 rss: 35Mb L: 20/34 MS: 1 ChangeBit-
#120175	NEW    cov: 49 ft: 311 corp: 107/1880b lim: 809 exec/s: 0 rss: 35Mb L: 20/34 MS: 1 ShuffleBytes-
#123309	NEW    cov: 49 ft: 312 corp: 108/1900b lim: 836 exec/s: 0 rss: 35Mb L: 20/34 MS: 4 ChangeBit-ChangeBinInt-ShuffleBytes-ChangeBit-
#123730	NEW    cov: 49 ft: 315 corp: 109/1920b lim: 836 exec/s: 0 rss: 35Mb L: 20/34 MS: 1 CrossOver-
#131227	NEW    cov: 49 ft: 316 corp: 110/1940b lim: 908 exec/s: 0 rss: 35Mb L: 20/34 MS: 2 CrossOver-ChangeBit-
#137158	NEW    cov: 49 ft: 317 corp: 111/1960b lim: 962 exec/s: 0 rss: 35Mb L: 20/34 MS: 1 ShuffleBytes-
#141670	NEW    cov: 49 ft: 318 corp: 112/1978b lim: 998 exec/s: 0 rss: 35Mb L: 18/34 MS: 2 CopyPart-CrossOver-
#151346	NEW    cov: 49 ft: 320 corp: 113/1998b lim: 1085 exec/s: 0 rss: 35Mb L: 20/34 MS: 1 ChangeBit-
#157003	REDUCE cov: 49 ft: 320 corp: 113/1996b lim: 1135 exec/s: 0 rss: 35Mb L: 16/34 MS: 2 CrossOver-EraseBytes-
#157219	REDUCE cov: 49 ft: 321 corp: 114/2012b lim: 1135 exec/s: 0 rss: 35Mb L: 16/34 MS: 1 ShuffleBytes-
#162165	NEW    cov: 49 ft: 322 corp: 115/2028b lim: 1175 exec/s: 0 rss: 35Mb L: 16/34 MS: 1 ChangeBinInt-
#163052	NEW    cov: 49 ft: 323 corp: 116/2048b lim: 1175 exec/s: 0 rss: 35Mb L: 20/34 MS: 2 CopyPart-ChangeBit-
#164458	REDUCE cov: 49 ft: 323 corp: 116/2047b lim: 1185 exec/s: 0 rss: 35Mb L: 22/34 MS: 1 EraseBytes-
#169873	REDUCE cov: 49 ft: 323 corp: 116/2045b lim: 1235 exec/s: 0 rss: 35Mb L: 16/34 MS: 5 ChangeBit-ChangeByte-ChangeBinInt-PersAutoDict-EraseBytes- DE: "\377\377"-
#180162	REDUCE cov: 49 ft: 323 corp: 116/2043b lim: 1335 exec/s: 0 rss: 35Mb L: 18/34 MS: 4 ChangeByte-InsertByte-CopyPart-EraseBytes-
#186810	REDUCE cov: 49 ft: 323 corp: 116/2041b lim: 1395 exec/s: 0 rss: 35Mb L: 15/34 MS: 3 EraseBytes-ShuffleBytes-ChangeByte-
#189000	REDUCE cov: 49 ft: 323 corp: 116/2039b lim: 1415 exec/s: 0 rss: 35Mb L: 20/34 MS: 5 InsertByte-EraseBytes-InsertByte-ChangeBinInt-InsertByte-
#203448	NEW    cov: 49 ft: 324 corp: 117/2057b lim: 1555 exec/s: 0 rss: 35Mb L: 18/34 MS: 3 ChangeBit-ShuffleBytes-ChangeByte-
#216678	REDUCE cov: 49 ft: 324 corp: 117/2055b lim: 1685 exec/s: 0 rss: 35Mb L: 18/34 MS: 5 ShuffleBytes-ShuffleBytes-ChangeBit-EraseBytes-CrossOver-
#221166	REDUCE cov: 49 ft: 324 corp: 117/2053b lim: 1725 exec/s: 0 rss: 35Mb L: 18/34 MS: 3 ShuffleBytes-ChangeBinInt-EraseBytes-
#224034	REDUCE cov: 49 ft: 324 corp: 117/2051b lim: 1745 exec/s: 0 rss: 35Mb L: 16/34 MS: 3 InsertByte-ChangeBit-EraseBytes-
#224334	REDUCE cov: 49 ft: 324 corp: 117/2050b lim: 1745 exec/s: 0 rss: 35Mb L: 16/34 MS: 5 ShuffleBytes-EraseBytes-ChangeASCIIInt-CrossOver-EraseBytes-
#225045	REDUCE cov: 49 ft: 324 corp: 117/2049b lim: 1745 exec/s: 0 rss: 35Mb L: 15/34 MS: 1 EraseBytes-
#231934	NEW    cov: 49 ft: 325 corp: 118/2067b lim: 1805 exec/s: 0 rss: 35Mb L: 18/34 MS: 4 ChangeBinInt-PersAutoDict-CrossOver-ChangeBit- DE: "\377\377"-
#235985	NEW    cov: 49 ft: 326 corp: 119/2085b lim: 1845 exec/s: 0 rss: 35Mb L: 18/34 MS: 1 ChangeBinInt-
#245392	NEW    cov: 49 ft: 329 corp: 120/2105b lim: 1935 exec/s: 0 rss: 35Mb L: 20/34 MS: 2 CopyPart-ChangeBinInt-
#248761	NEW    cov: 49 ft: 330 corp: 121/2127b lim: 1965 exec/s: 0 rss: 35Mb L: 22/34 MS: 4 CMP-ChangeBit-ChangeBit-ChangeByte- DE: "\001T"-
#249162	REDUCE cov: 49 ft: 330 corp: 121/2124b lim: 1965 exec/s: 0 rss: 35Mb L: 19/34 MS: 1 EraseBytes-
#249443	NEW    cov: 49 ft: 331 corp: 122/2142b lim: 1965 exec/s: 0 rss: 35Mb L: 18/34 MS: 1 ChangeByte-
#249554	REDUCE cov: 49 ft: 331 corp: 122/2140b lim: 1965 exec/s: 0 rss: 35Mb L: 17/34 MS: 1 EraseBytes-
#250330	NEW    cov: 49 ft: 332 corp: 123/2158b lim: 1965 exec/s: 0 rss: 35Mb L: 18/34 MS: 1 ChangeBit-
#251236	REDUCE cov: 49 ft: 332 corp: 123/2157b lim: 1965 exec/s: 0 rss: 35Mb L: 16/34 MS: 1 EraseBytes-
#251650	REDUCE cov: 49 ft: 332 corp: 123/2156b lim: 1965 exec/s: 0 rss: 35Mb L: 15/34 MS: 4 InsertByte-CrossOver-EraseBytes-EraseBytes-
#256281	NEW    cov: 49 ft: 333 corp: 124/2174b lim: 2005 exec/s: 0 rss: 35Mb L: 18/34 MS: 1 CopyPart-
#260882	NEW    cov: 49 ft: 334 corp: 125/2192b lim: 2045 exec/s: 0 rss: 35Mb L: 18/34 MS: 1 ChangeByte-
#263273	NEW    cov: 49 ft: 335 corp: 126/2210b lim: 2066 exec/s: 0 rss: 35Mb L: 18/34 MS: 1 ShuffleBytes-
#263510	NEW    cov: 49 ft: 336 corp: 127/2228b lim: 2066 exec/s: 0 rss: 35Mb L: 18/34 MS: 2 ChangeBit-ChangeBit-
#263537	NEW    cov: 49 ft: 337 corp: 128/2246b lim: 2066 exec/s: 0 rss: 35Mb L: 18/34 MS: 2 ChangeASCIIInt-ChangeBinInt-
#263658	NEW    cov: 49 ft: 338 corp: 129/2264b lim: 2066 exec/s: 0 rss: 35Mb L: 18/34 MS: 1 ChangeASCIIInt-
#265354	NEW    cov: 49 ft: 339 corp: 130/2282b lim: 2077 exec/s: 0 rss: 35Mb L: 18/34 MS: 1 ChangeBit-
#275095	NEW    cov: 49 ft: 340 corp: 131/2300b lim: 2165 exec/s: 0 rss: 35Mb L: 18/34 MS: 1 ShuffleBytes-
#280848	REDUCE cov: 49 ft: 340 corp: 131/2298b lim: 2220 exec/s: 0 rss: 35Mb L: 16/34 MS: 3 ChangeBit-EraseBytes-ChangeBit-
#284026	NEW    cov: 49 ft: 341 corp: 132/2316b lim: 2242 exec/s: 0 rss: 35Mb L: 18/34 MS: 3 ChangeBinInt-ChangeBit-ShuffleBytes-
#299292	NEW    cov: 49 ft: 342 corp: 133/2334b lim: 2385 exec/s: 0 rss: 35Mb L: 18/34 MS: 1 ChangeByte-
#302723	NEW    cov: 49 ft: 343 corp: 134/2352b lim: 2418 exec/s: 0 rss: 35Mb L: 18/34 MS: 1 ChangeASCIIInt-
#302799	NEW    cov: 49 ft: 344 corp: 135/2370b lim: 2418 exec/s: 0 rss: 35Mb L: 18/34 MS: 1 CopyPart-
#303274	REDUCE cov: 49 ft: 344 corp: 135/2368b lim: 2418 exec/s: 0 rss: 35Mb L: 16/34 MS: 5 EraseBytes-ChangeBinInt-ChangeBinInt-ShuffleBytes-ChangeBit-
#309715	NEW    cov: 49 ft: 345 corp: 136/2388b lim: 2473 exec/s: 0 rss: 35Mb L: 20/34 MS: 1 CopyPart-
#321330	REDUCE cov: 49 ft: 345 corp: 136/2387b lim: 2583 exec/s: 0 rss: 35Mb L: 17/34 MS: 5 ShuffleBytes-InsertByte-ChangeBit-ChangeBinInt-EraseBytes-
#322036	NEW    cov: 49 ft: 346 corp: 137/2405b lim: 2583 exec/s: 0 rss: 35Mb L: 18/34 MS: 1 ShuffleBytes-
#324617	NEW    cov: 49 ft: 348 corp: 138/2423b lim: 2605 exec/s: 0 rss: 35Mb L: 18/34 MS: 1 CopyPart-
#325658	NEW    cov: 49 ft: 350 corp: 139/2441b lim: 2605 exec/s: 0 rss: 35Mb L: 18/34 MS: 1 ChangeASCIIInt-
#326677	REDUCE cov: 49 ft: 351 corp: 140/2457b lim: 2605 exec/s: 0 rss: 35Mb L: 16/34 MS: 4 ChangeBinInt-ChangeBit-CopyPart-ChangeByte-
#333848	NEW    cov: 49 ft: 352 corp: 141/2475b lim: 2671 exec/s: 0 rss: 35Mb L: 18/34 MS: 1 CopyPart-
#334259	NEW    cov: 49 ft: 353 corp: 142/2493b lim: 2671 exec/s: 0 rss: 35Mb L: 18/34 MS: 1 ChangeASCIIInt-
#334720	NEW    cov: 49 ft: 354 corp: 143/2511b lim: 2671 exec/s: 0 rss: 35Mb L: 18/34 MS: 1 ChangeBit-
#336027	NEW    cov: 49 ft: 355 corp: 144/2529b lim: 2682 exec/s: 0 rss: 35Mb L: 18/34 MS: 2 ChangeBit-ChangeBit-
#336469	NEW    cov: 49 ft: 356 corp: 145/2548b lim: 2682 exec/s: 0 rss: 35Mb L: 19/34 MS: 2 CrossOver-InsertByte-
#336510	REDUCE cov: 49 ft: 356 corp: 145/2547b lim: 2682 exec/s: 0 rss: 35Mb L: 18/34 MS: 1 EraseBytes-
#336853	REDUCE cov: 49 ft: 357 corp: 146/2565b lim: 2682 exec/s: 0 rss: 35Mb L: 18/34 MS: 3 PersAutoDict-ChangeASCIIInt-ChangeByte- DE: "\001\000"-
#338650	NEW    cov: 49 ft: 358 corp: 147/2583b lim: 2693 exec/s: 0 rss: 35Mb L: 18/34 MS: 2 ChangeBit-ChangeASCIIInt-
#338717	NEW    cov: 49 ft: 359 corp: 148/2601b lim: 2693 exec/s: 0 rss: 35Mb L: 18/34 MS: 2 ChangeASCIIInt-ChangeASCIIInt-
#339478	NEW    cov: 49 ft: 360 corp: 149/2619b lim: 2693 exec/s: 0 rss: 35Mb L: 18/34 MS: 1 ChangeASCIIInt-
#339739	NEW    cov: 49 ft: 361 corp: 150/2637b lim: 2693 exec/s: 0 rss: 35Mb L: 18/34 MS: 1 ChangeASCIIInt-
#340806	NEW    cov: 49 ft: 362 corp: 151/2655b lim: 2693 exec/s: 0 rss: 35Mb L: 18/34 MS: 2 CopyPart-CopyPart-
#340827	NEW    cov: 49 ft: 363 corp: 152/2673b lim: 2693 exec/s: 0 rss: 35Mb L: 18/34 MS: 1 ChangeBit-
#341533	NEW    cov: 49 ft: 364 corp: 153/2691b lim: 2693 exec/s: 0 rss: 35Mb L: 18/34 MS: 1 ChangeASCIIInt-
#348389	NEW    cov: 49 ft: 366 corp: 154/2711b lim: 2759 exec/s: 0 rss: 35Mb L: 20/34 MS: 1 CopyPart-
#363456	REDUCE cov: 49 ft: 366 corp: 154/2709b lim: 2902 exec/s: 0 rss: 35Mb L: 18/34 MS: 2 EraseBytes-InsertByte-
#390663	REDUCE cov: 49 ft: 366 corp: 154/2707b lim: 3166 exec/s: 0 rss: 35Mb L: 16/34 MS: 2 CopyPart-EraseBytes-
#400350	REDUCE cov: 49 ft: 366 corp: 154/2705b lim: 3254 exec/s: 0 rss: 35Mb L: 16/34 MS: 2 PersAutoDict-EraseBytes- DE: "\377\377"-
#423158	REDUCE cov: 49 ft: 366 corp: 154/2703b lim: 3474 exec/s: 423158 rss: 35Mb L: 16/34 MS: 2 ChangeBinInt-EraseBytes-
#436625	REDUCE cov: 49 ft: 366 corp: 154/2702b lim: 3606 exec/s: 436625 rss: 35Mb L: 21/34 MS: 2 EraseBytes-ChangeBit-
#472906	NEW    cov: 49 ft: 367 corp: 155/2722b lim: 3958 exec/s: 472906 rss: 35Mb L: 20/34 MS: 1 ChangeBit-
#484708	REDUCE cov: 49 ft: 367 corp: 155/2720b lim: 4068 exec/s: 484708 rss: 35Mb L: 16/34 MS: 2 PersAutoDict-EraseBytes- DE: "\377\377"-
#496542	REDUCE cov: 49 ft: 367 corp: 155/2718b lim: 4096 exec/s: 496542 rss: 35Mb L: 16/34 MS: 4 CMP-EraseBytes-ChangeBit-CrossOver- DE: "\3772"-
#497194	REDUCE cov: 49 ft: 367 corp: 155/2716b lim: 4096 exec/s: 497194 rss: 35Mb L: 16/34 MS: 2 InsertByte-EraseBytes-
#513241	REDUCE cov: 49 ft: 367 corp: 155/2714b lim: 4096 exec/s: 513241 rss: 35Mb L: 16/34 MS: 2 EraseBytes-ChangeByte-
#517877	NEW    cov: 49 ft: 368 corp: 156/2730b lim: 4096 exec/s: 517877 rss: 35Mb L: 16/34 MS: 1 ChangeBinInt-
#522694	REDUCE cov: 49 ft: 368 corp: 156/2729b lim: 4096 exec/s: 522694 rss: 35Mb L: 20/34 MS: 2 EraseBytes-InsertRepeatedBytes-
#529463	REDUCE cov: 49 ft: 368 corp: 156/2727b lim: 4096 exec/s: 529463 rss: 35Mb L: 16/34 MS: 4 CrossOver-ChangeByte-EraseBytes-ChangeByte-
#552665	REDUCE cov: 49 ft: 368 corp: 156/2725b lim: 4096 exec/s: 552665 rss: 35Mb L: 16/34 MS: 2 InsertByte-EraseBytes-
#585647	REDUCE cov: 49 ft: 368 corp: 156/2723b lim: 4096 exec/s: 585647 rss: 36Mb L: 16/34 MS: 2 EraseBytes-PersAutoDict- DE: "\3772"-
#594837	REDUCE cov: 49 ft: 368 corp: 156/2721b lim: 4096 exec/s: 594837 rss: 36Mb L: 16/34 MS: 5 InsertByte-InsertByte-EraseBytes-CopyPart-EraseBytes-
#595860	REDUCE cov: 49 ft: 368 corp: 156/2720b lim: 4096 exec/s: 595860 rss: 36Mb L: 15/34 MS: 3 CrossOver-ChangeByte-EraseBytes-
#597757	NEW    cov: 49 ft: 372 corp: 157/2740b lim: 4096 exec/s: 597757 rss: 36Mb L: 20/34 MS: 2 ChangeASCIIInt-ChangeBit-
#615669	REDUCE cov: 49 ft: 372 corp: 157/2738b lim: 4096 exec/s: 615669 rss: 36Mb L: 16/34 MS: 2 EraseBytes-ChangeBinInt-
#660772	REDUCE cov: 49 ft: 372 corp: 157/2736b lim: 4096 exec/s: 660772 rss: 36Mb L: 16/34 MS: 3 EraseBytes-ChangeByte-InsertByte-
#664454	REDUCE cov: 49 ft: 372 corp: 157/2734b lim: 4096 exec/s: 664454 rss: 36Mb L: 18/34 MS: 2 EraseBytes-CrossOver-
#702647	REDUCE cov: 49 ft: 372 corp: 157/2733b lim: 4096 exec/s: 702647 rss: 36Mb L: 20/34 MS: 3 CrossOver-EraseBytes-InsertByte-
#754309	REDUCE cov: 49 ft: 372 corp: 157/2732b lim: 4096 exec/s: 754309 rss: 36Mb L: 16/34 MS: 2 ChangeBit-EraseBytes-
#824607	REDUCE cov: 49 ft: 372 corp: 157/2730b lim: 4096 exec/s: 824607 rss: 36Mb L: 16/34 MS: 3 CopyPart-EraseBytes-InsertByte-
#852309	REDUCE cov: 49 ft: 372 corp: 157/2728b lim: 4096 exec/s: 852309 rss: 36Mb L: 16/34 MS: 2 ChangeByte-EraseBytes-
#876335	REDUCE cov: 49 ft: 372 corp: 157/2726b lim: 4096 exec/s: 438167 rss: 36Mb L: 20/34 MS: 1 EraseBytes-
#923759	REDUCE cov: 49 ft: 372 corp: 157/2724b lim: 4096 exec/s: 461879 rss: 36Mb L: 16/34 MS: 4 ShuffleBytes-EraseBytes-ChangeByte-ChangeByte-
#931860	NEW    cov: 49 ft: 376 corp: 158/2744b lim: 4096 exec/s: 465930 rss: 36Mb L: 20/34 MS: 1 ChangeByte-
#942057	REDUCE cov: 49 ft: 376 corp: 158/2742b lim: 4096 exec/s: 471028 rss: 36Mb L: 16/34 MS: 2 EraseBytes-PersAutoDict- DE: "\3772"-
#1023065	NEW    cov: 49 ft: 380 corp: 159/2762b lim: 4096 exec/s: 511532 rss: 36Mb L: 20/34 MS: 3 ChangeASCIIInt-CrossOver-ChangeByte-
#1029581	REDUCE cov: 49 ft: 380 corp: 159/2761b lim: 4096 exec/s: 514790 rss: 36Mb L: 17/34 MS: 1 EraseBytes-
#1037017	NEW    cov: 49 ft: 381 corp: 160/2781b lim: 4096 exec/s: 518508 rss: 36Mb L: 20/34 MS: 1 ChangeByte-
#1048576	pulse  cov: 49 ft: 381 corp: 160/2781b lim: 4096 exec/s: 524288 rss: 36Mb
#1130355	REDUCE cov: 49 ft: 381 corp: 160/2779b lim: 4096 exec/s: 565177 rss: 36Mb L: 16/34 MS: 3 ChangeBit-CopyPart-EraseBytes-
#1156878	REDUCE cov: 49 ft: 381 corp: 160/2777b lim: 4096 exec/s: 578439 rss: 36Mb L: 18/34 MS: 3 EraseBytes-ChangeBinInt-InsertByte-
#1234886	NEW    cov: 49 ft: 382 corp: 161/2797b lim: 4096 exec/s: 617443 rss: 36Mb L: 20/34 MS: 3 ChangeBinInt-ChangeBinInt-ChangeASCIIInt-
#1240944	REDUCE cov: 49 ft: 382 corp: 161/2795b lim: 4096 exec/s: 620472 rss: 36Mb L: 24/34 MS: 3 EraseBytes-ChangeByte-InsertByte-
#1253262	REDUCE cov: 49 ft: 382 corp: 161/2793b lim: 4096 exec/s: 626631 rss: 36Mb L: 16/34 MS: 3 PersAutoDict-EraseBytes-CrossOver- DE: "\001T"-
#1290107	REDUCE cov: 49 ft: 382 corp: 161/2791b lim: 4096 exec/s: 645053 rss: 36Mb L: 16/34 MS: 5 EraseBytes-ChangeBit-ShuffleBytes-ShuffleBytes-InsertByte-
#1296184	REDUCE cov: 49 ft: 382 corp: 161/2790b lim: 4096 exec/s: 648092 rss: 36Mb L: 19/34 MS: 2 CopyPart-EraseBytes-
#1498572	REDUCE cov: 49 ft: 382 corp: 161/2788b lim: 4096 exec/s: 499524 rss: 36Mb L: 17/34 MS: 3 EraseBytes-PersAutoDict-ChangeByte- DE: "\377\377"-
#1550465	REDUCE cov: 49 ft: 382 corp: 161/2786b lim: 4096 exec/s: 516821 rss: 36Mb L: 16/34 MS: 3 ChangeASCIIInt-EraseBytes-ChangeByte-
#1641033	REDUCE cov: 49 ft: 382 corp: 161/2784b lim: 4096 exec/s: 547011 rss: 36Mb L: 16/34 MS: 3 ChangeByte-EraseBytes-ChangeByte-
#1973260	REDUCE cov: 49 ft: 382 corp: 161/2780b lim: 4096 exec/s: 493315 rss: 36Mb L: 16/34 MS: 2 ChangeBit-EraseBytes-
#1974347	REDUCE cov: 49 ft: 382 corp: 161/2778b lim: 4096 exec/s: 493586 rss: 36Mb L: 16/34 MS: 2 ChangeBinInt-EraseBytes-
#2018397	REDUCE cov: 49 ft: 382 corp: 161/2776b lim: 4096 exec/s: 504599 rss: 36Mb L: 16/34 MS: 5 EraseBytes-CopyPart-EraseBytes-ChangeBinInt-ChangeByte-
#2030279	REDUCE cov: 49 ft: 382 corp: 161/2774b lim: 4096 exec/s: 507569 rss: 36Mb L: 16/34 MS: 2 PersAutoDict-EraseBytes- DE: "\3772"-
#2041266	NEW    cov: 49 ft: 384 corp: 162/2794b lim: 4096 exec/s: 510316 rss: 36Mb L: 20/34 MS: 2 CopyPart-ChangeByte-
#2095739	NEW    cov: 49 ft: 386 corp: 163/2814b lim: 4096 exec/s: 523934 rss: 36Mb L: 20/34 MS: 3 ShuffleBytes-CrossOver-ShuffleBytes-
#2097152	pulse  cov: 49 ft: 386 corp: 163/2814b lim: 4096 exec/s: 524288 rss: 36Mb
#2098321	NEW    cov: 49 ft: 387 corp: 164/2834b lim: 4096 exec/s: 524580 rss: 36Mb L: 20/34 MS: 2 ChangeBit-CopyPart-
#2160498	REDUCE cov: 49 ft: 387 corp: 164/2832b lim: 4096 exec/s: 540124 rss: 36Mb L: 16/34 MS: 2 EraseBytes-PersAutoDict- DE: "\377\377"-
#2214429	REDUCE cov: 49 ft: 387 corp: 164/2831b lim: 4096 exec/s: 553607 rss: 36Mb L: 16/34 MS: 1 EraseBytes-
#2216548	REDUCE cov: 49 ft: 387 corp: 164/2830b lim: 4096 exec/s: 554137 rss: 36Mb L: 15/34 MS: 4 ChangeBit-ChangeBinInt-EraseBytes-ChangeByte-
#2393780	REDUCE cov: 49 ft: 387 corp: 164/2828b lim: 4096 exec/s: 478756 rss: 36Mb L: 16/34 MS: 2 EraseBytes-PersAutoDict- DE: "\377\377"-
#2404722	REDUCE cov: 49 ft: 387 corp: 164/2826b lim: 4096 exec/s: 480944 rss: 36Mb L: 16/34 MS: 2 EraseBytes-ChangeBinInt-
#2539158	REDUCE cov: 49 ft: 387 corp: 164/2825b lim: 4096 exec/s: 507831 rss: 36Mb L: 16/34 MS: 1 EraseBytes-
#2747241	REDUCE cov: 49 ft: 387 corp: 164/2823b lim: 4096 exec/s: 457873 rss: 36Mb L: 16/34 MS: 3 EraseBytes-ChangeByte-PersAutoDict- DE: "\377\377"-
#2765693	REDUCE cov: 49 ft: 387 corp: 164/2821b lim: 4096 exec/s: 460948 rss: 36Mb L: 16/34 MS: 2 EraseBytes-ChangeBit-
#2926457	REDUCE cov: 49 ft: 387 corp: 164/2819b lim: 4096 exec/s: 487742 rss: 36Mb L: 16/34 MS: 4 EraseBytes-ChangeBinInt-CopyPart-ChangeBinInt-
#3132549	REDUCE cov: 49 ft: 387 corp: 164/2817b lim: 4096 exec/s: 447507 rss: 36Mb L: 16/34 MS: 2 EraseBytes-ChangeBit-
#3211111	REDUCE cov: 49 ft: 387 corp: 164/2815b lim: 4096 exec/s: 458730 rss: 36Mb L: 16/34 MS: 2 EraseBytes-ChangeBinInt-
#3220538	NEW    cov: 49 ft: 388 corp: 165/2835b lim: 4096 exec/s: 460076 rss: 36Mb L: 20/34 MS: 2 ChangeBinInt-ChangeBinInt-
#3223235	NEW    cov: 49 ft: 389 corp: 166/2855b lim: 4096 exec/s: 460462 rss: 36Mb L: 20/34 MS: 2 ChangeBit-CrossOver-
#3223431	NEW    cov: 49 ft: 390 corp: 167/2875b lim: 4096 exec/s: 460490 rss: 36Mb L: 20/34 MS: 1 ChangeBit-
#3236675	REDUCE cov: 49 ft: 390 corp: 167/2873b lim: 4096 exec/s: 462382 rss: 36Mb L: 16/34 MS: 4 CMP-ChangeBit-ShuffleBytes-EraseBytes- DE: "\377\377\377Y"-
#3392333	REDUCE cov: 49 ft: 390 corp: 167/2872b lim: 4096 exec/s: 484619 rss: 36Mb L: 15/34 MS: 3 InsertByte-EraseBytes-ChangeBinInt-
#3540745	REDUCE cov: 49 ft: 390 corp: 167/2870b lim: 4096 exec/s: 505820 rss: 36Mb L: 16/34 MS: 2 EraseBytes-CopyPart-
#3578554	NEW    cov: 49 ft: 391 corp: 168/2899b lim: 4096 exec/s: 511222 rss: 36Mb L: 29/34 MS: 4 EraseBytes-CrossOver-EraseBytes-CrossOver-
#3609551	NEW    cov: 50 ft: 397 corp: 169/2928b lim: 4096 exec/s: 451193 rss: 36Mb L: 29/34 MS: 2 ShuffleBytes-ChangeASCIIInt-
#3881773	REDUCE cov: 50 ft: 397 corp: 169/2926b lim: 4096 exec/s: 485221 rss: 36Mb L: 16/34 MS: 2 ChangeBinInt-EraseBytes-
#4935604	NEW    cov: 50 ft: 398 corp: 170/2960b lim: 4096 exec/s: 448691 rss: 36Mb L: 34/34 MS: 1 InsertRepeatedBytes-
#4947505	REDUCE cov: 50 ft: 398 corp: 170/2958b lim: 4096 exec/s: 449773 rss: 36Mb L: 32/34 MS: 1 EraseBytes-
#5557338	REDUCE cov: 50 ft: 398 corp: 170/2957b lim: 4096 exec/s: 463111 rss: 36Mb L: 15/34 MS: 3 PersAutoDict-ChangeBit-EraseBytes- DE: "\377\377\377Y"-
#6501026	REDUCE cov: 50 ft: 398 corp: 170/2955b lim: 4096 exec/s: 464359 rss: 36Mb L: 16/34 MS: 3 ChangeBit-ChangeByte-EraseBytes-
#6939519	REDUCE cov: 50 ft: 398 corp: 170/2954b lim: 4096 exec/s: 462634 rss: 36Mb L: 17/34 MS: 3 CrossOver-ChangeBit-EraseBytes-
#6975674	REDUCE cov: 50 ft: 398 corp: 170/2952b lim: 4096 exec/s: 465044 rss: 36Mb L: 16/34 MS: 5 CopyPart-PersAutoDict-InsertByte-ChangeBinInt-EraseBytes- DE: "\3772"-
#7004536	REDUCE cov: 50 ft: 398 corp: 170/2950b lim: 4096 exec/s: 466969 rss: 36Mb L: 16/34 MS: 2 EraseBytes-ChangeByte-
#7114083	REDUCE cov: 50 ft: 398 corp: 170/2948b lim: 4096 exec/s: 474272 rss: 36Mb L: 15/34 MS: 2 PersAutoDict-EraseBytes- DE: "\377\377"-
#7676325	REDUCE cov: 50 ft: 398 corp: 170/2946b lim: 4096 exec/s: 451548 rss: 36Mb L: 16/34 MS: 2 PersAutoDict-EraseBytes- DE: "\377\377"-
#7853307	REDUCE cov: 50 ft: 398 corp: 170/2945b lim: 4096 exec/s: 461959 rss: 36Mb L: 16/34 MS: 2 ChangeASCIIInt-EraseBytes-
#8388608	pulse  cov: 50 ft: 398 corp: 170/2945b lim: 4096 exec/s: 466033 rss: 36Mb
#8546375	REDUCE cov: 50 ft: 398 corp: 170/2943b lim: 4096 exec/s: 474798 rss: 36Mb L: 16/34 MS: 3 EraseBytes-PersAutoDict-ChangeBit- DE: "\001T"-
#9444888	REDUCE cov: 50 ft: 398 corp: 170/2941b lim: 4096 exec/s: 472244 rss: 36Mb L: 18/34 MS: 3 InsertByte-EraseBytes-InsertByte-
#9791872	REDUCE cov: 50 ft: 398 corp: 170/2939b lim: 4096 exec/s: 466279 rss: 36Mb L: 16/34 MS: 4 ChangeBit-ChangeBinInt-ShuffleBytes-EraseBytes-
#10289214	REDUCE cov: 50 ft: 398 corp: 170/2937b lim: 4096 exec/s: 467691 rss: 36Mb L: 16/34 MS: 2 EraseBytes-PersAutoDict- DE: "\377\377"-
#12127852	REDUCE cov: 50 ft: 398 corp: 170/2935b lim: 4096 exec/s: 466455 rss: 36Mb L: 16/34 MS: 3 ChangeASCIIInt-CMP-EraseBytes- DE: "\377\377\377\377\377\377\377\036"-
#12485979	REDUCE cov: 50 ft: 398 corp: 170/2933b lim: 4096 exec/s: 462443 rss: 36Mb L: 16/34 MS: 2 EraseBytes-ChangeByte-
#12905896	REDUCE cov: 50 ft: 398 corp: 170/2931b lim: 4096 exec/s: 460924 rss: 36Mb L: 16/34 MS: 2 EraseBytes-ChangeBit-
#13220794	REDUCE cov: 50 ft: 398 corp: 170/2929b lim: 4096 exec/s: 455889 rss: 36Mb L: 16/34 MS: 3 CopyPart-EraseBytes-InsertByte-
#13485267	REDUCE cov: 50 ft: 398 corp: 170/2925b lim: 4096 exec/s: 465009 rss: 36Mb L: 16/34 MS: 3 ChangeBit-EraseBytes-ChangeBit-
#15199585	REDUCE cov: 50 ft: 398 corp: 170/2923b lim: 4096 exec/s: 460593 rss: 36Mb L: 16/34 MS: 3 CrossOver-ChangeBit-EraseBytes-
#16777216	pulse  cov: 50 ft: 398 corp: 170/2923b lim: 4096 exec/s: 453438 rss: 36Mb
#17800194	REDUCE cov: 50 ft: 398 corp: 170/2922b lim: 4096 exec/s: 456415 rss: 36Mb L: 15/34 MS: 4 InsertByte-CopyPart-EraseBytes-ChangeBit-
#17882642	REDUCE cov: 50 ft: 398 corp: 170/2920b lim: 4096 exec/s: 458529 rss: 36Mb L: 16/34 MS: 3 EraseBytes-ShuffleBytes-ChangeBit-
#17933757	REDUCE cov: 50 ft: 398 corp: 170/2919b lim: 4096 exec/s: 459839 rss: 36Mb L: 15/34 MS: 5 CMP-EraseBytes-ChangeBinInt-PersAutoDict-ChangeBit- DE: "\000\000\0007"-"\001\000"-
#21347419	REDUCE cov: 50 ft: 398 corp: 170/2917b lim: 4096 exec/s: 454200 rss: 36Mb L: 16/34 MS: 2 CrossOver-EraseBytes-
#22106066	REDUCE cov: 50 ft: 399 corp: 171/2933b lim: 4096 exec/s: 460543 rss: 36Mb L: 16/34 MS: 2 CopyPart-CopyPart-
#23921259	REDUCE cov: 50 ft: 399 corp: 171/2932b lim: 4096 exec/s: 460024 rss: 36Mb L: 15/34 MS: 3 ChangeByte-EraseBytes-ChangeByte-
#25545922	REDUCE cov: 50 ft: 399 corp: 171/2931b lim: 4096 exec/s: 456177 rss: 36Mb L: 15/34 MS: 3 ChangeBit-ChangeBit-EraseBytes-
#28933981	REDUCE cov: 50 ft: 399 corp: 171/2930b lim: 4096 exec/s: 452093 rss: 36Mb L: 15/34 MS: 4 ChangeBinInt-ChangeBinInt-EraseBytes-ChangeBit-
#29965491	REDUCE cov: 50 ft: 399 corp: 171/2928b lim: 4096 exec/s: 454022 rss: 36Mb L: 22/34 MS: 5 PersAutoDict-EraseBytes-CopyPart-CopyPart-ChangeBinInt- DE: "\001\000"-
#32160239	REDUCE cov: 50 ft: 399 corp: 171/2927b lim: 4096 exec/s: 452961 rss: 36Mb L: 15/34 MS: 3 ChangeByte-ChangeBit-EraseBytes-
#32395562	REDUCE cov: 50 ft: 399 corp: 171/2926b lim: 4096 exec/s: 456275 rss: 36Mb L: 15/34 MS: 3 CopyPart-EraseBytes-ChangeBit-
#33554432	pulse  cov: 50 ft: 399 corp: 171/2926b lim: 4096 exec/s: 453438 rss: 36Mb
panic: found special char in iban [recovered]
	panic: found special char in iban

goroutine 17 [running, locked to thread]:
git.ultraware.nl/iddinkgroep/fundament-api.Fuzz.func1()
	git.ultraware.nl/iddinkgroep/fundament-api/fuzz.go:19 +0xa5
panic({0x564a6d27b760?, 0x564a6d28ec70?})
	runtime/panic.go:914 +0x21f
git.ultraware.nl/iddinkgroep/fundament-api.Fuzz({0xc00042d010, 0x10})
	git.ultraware.nl/iddinkgroep/fundament-api/fuzz.go:34 +0x2b9
git.ultraware.nl/iddinkgroep/fundament-api.Fuzz_(...)
	git.ultraware.nl/iddinkgroep/fundament-api/fuzz.1527825026.go:6
main.LLVMFuzzerTestOneInput(...)
	./main.170485750.go:21
==5035== ERROR: libFuzzer: deadly signal
    #0 0x564a6d19e630 in __sanitizer_print_stack_trace (/seedai/experiments/libfuzzer/source_iban/libfuzzer+0xaf630) (BuildId: 688cb25bec4564588da2a67f6a2b25148a0fd5d4)
    #1 0x564a6d16a755 in fuzzer::PrintStackTrace() (/seedai/experiments/libfuzzer/source_iban/libfuzzer+0x7b755) (BuildId: 688cb25bec4564588da2a67f6a2b25148a0fd5d4)
    #2 0x564a6d1493a9 in fuzzer::Fuzzer::CrashCallback() (.part.0) FuzzerLoop.cpp.o
    #3 0x564a6d14946a in fuzzer::Fuzzer::StaticCrashSignalCallback() (/seedai/experiments/libfuzzer/source_iban/libfuzzer+0x5a46a) (BuildId: 688cb25bec4564588da2a67f6a2b25148a0fd5d4)
    #4 0x7f410b39870f  (/usr/lib/libc.so.6+0x3e70f) (BuildId: 316d0d3666387f0e8fb98773f51aa1801027c5ab)
    #5 0x564a6d1fe160 in runtime.raise.abi0 runtime/sys_linux_amd64.s:153

NOTE: libFuzzer has rudimentary signal handlers.
      Combine libFuzzer with AddressSanitizer or similar for better crash reports.
SUMMARY: libFuzzer: deadly signal
MS: 2 ChangeBit-ChangeBit-; base unit: 0197672277e0d33481ac5913c165e282c578e86f
0x62,0x65,0x32,0x62,0x2d,0x30,0x30,0x30,0x30,0x30,0x30,0x30,0x30,0x70,0x66,0x66,
be2b-00000000pff
artifact_prefix='./'; Test unit written to ./crash-bf2a63e0e8d195160b0a66b9e1efd1c690f36510
Base64: YmUyYi0wMDAwMDAwMHBmZg==
