INFO: Running with entropic power schedule (0xFF, 100).
INFO: Seed: 2091560395
INFO: Loaded 1 modules   (70 inline 8-bit counters): 70 [0x557d42fc0030, 0x557d42fc0076), 
INFO: Loaded 1 PC tables (70 PCs): 70 [0xc000068000,0xc000068460), 
INFO:        3 files found in corpus
INFO: -max_len is not provided; libFuzzer will not generate inputs larger than 4096 bytes
INFO: seed corpus: files: 3 min: 2b max: 4b total: 8b rss: 30Mb
#4	INITED cov: 9 ft: 17 corp: 2/6b exec/s: 0 rss: 30Mb
#15	NEW    cov: 9 ft: 19 corp: 3/9b lim: 4 exec/s: 0 rss: 30Mb L: 3/4 MS: 1 InsertByte-
#234	NEW    cov: 9 ft: 20 corp: 4/14b lim: 6 exec/s: 0 rss: 30Mb L: 5/5 MS: 4 ChangeASCIIInt-CrossOver-ChangeBit-InsertByte-
#442	NEW    cov: 9 ft: 21 corp: 5/21b lim: 8 exec/s: 0 rss: 30Mb L: 7/7 MS: 3 ChangeASCIIInt-CrossOver-InsertByte-
#445	NEW    cov: 9 ft: 22 corp: 6/29b lim: 8 exec/s: 0 rss: 30Mb L: 8/8 MS: 3 ShuffleBytes-InsertRepeatedBytes-InsertByte-
#1062	NEW    cov: 9 ft: 24 corp: 7/42b lim: 14 exec/s: 0 rss: 30Mb L: 13/13 MS: 2 InsertRepeatedBytes-InsertRepeatedBytes-
#1071	NEW    cov: 9 ft: 25 corp: 8/56b lim: 14 exec/s: 0 rss: 30Mb L: 14/14 MS: 4 ChangeBinInt-CopyPart-ChangeBit-CopyPart-
#1396	NEW    cov: 11 ft: 31 corp: 9/72b lim: 17 exec/s: 0 rss: 30Mb L: 16/16 MS: 5 ChangeBit-CopyPart-EraseBytes-ChangeByte-InsertRepeatedBytes-
#1400	NEW    cov: 11 ft: 32 corp: 10/89b lim: 17 exec/s: 0 rss: 30Mb L: 17/17 MS: 4 ShuffleBytes-CopyPart-CMP-InsertRepeatedBytes- DE: "\001\000\000\000\000\000\000L"-
#1413	NEW    cov: 13 ft: 38 corp: 11/106b lim: 17 exec/s: 0 rss: 30Mb L: 17/17 MS: 3 ChangeBit-ChangeASCIIInt-CopyPart-
#1421	NEW    cov: 13 ft: 40 corp: 12/121b lim: 17 exec/s: 0 rss: 30Mb L: 15/17 MS: 3 CopyPart-EraseBytes-CrossOver-
#1443	NEW    cov: 13 ft: 42 corp: 13/138b lim: 17 exec/s: 0 rss: 30Mb L: 17/17 MS: 2 EraseBytes-InsertRepeatedBytes-
#1458	REDUCE cov: 13 ft: 42 corp: 13/136b lim: 17 exec/s: 0 rss: 30Mb L: 15/17 MS: 5 EraseBytes-InsertByte-ShuffleBytes-EraseBytes-InsertByte-
#1505	NEW    cov: 13 ft: 43 corp: 14/153b lim: 17 exec/s: 0 rss: 30Mb L: 17/17 MS: 2 CopyPart-ChangeBinInt-
#1570	NEW    cov: 13 ft: 44 corp: 15/168b lim: 17 exec/s: 0 rss: 30Mb L: 15/17 MS: 5 CMP-ChangeBit-ShuffleBytes-ChangeASCIIInt-ChangeBinInt- DE: "\377\377"-
#1601	NEW    cov: 13 ft: 45 corp: 16/185b lim: 17 exec/s: 0 rss: 30Mb L: 17/17 MS: 1 PersAutoDict- DE: "\377\377"-
#1655	REDUCE cov: 13 ft: 46 corp: 17/200b lim: 17 exec/s: 0 rss: 30Mb L: 15/17 MS: 4 ChangeByte-ChangeBit-ChangeBit-ChangeBinInt-
#1805	NEW    cov: 25 ft: 93 corp: 18/216b lim: 17 exec/s: 0 rss: 30Mb L: 16/17 MS: 5 ShuffleBytes-ChangeBinInt-CopyPart-ShuffleBytes-CrossOver-
#1917	NEW    cov: 25 ft: 94 corp: 19/232b lim: 17 exec/s: 0 rss: 30Mb L: 16/17 MS: 2 ShuffleBytes-ChangeByte-
#1963	NEW    cov: 25 ft: 97 corp: 20/248b lim: 17 exec/s: 0 rss: 30Mb L: 16/17 MS: 1 CrossOver-
#2049	NEW    cov: 25 ft: 98 corp: 21/264b lim: 17 exec/s: 0 rss: 30Mb L: 16/17 MS: 1 ChangeBinInt-
#2074	REDUCE cov: 25 ft: 99 corp: 22/281b lim: 17 exec/s: 0 rss: 30Mb L: 17/17 MS: 5 InsertByte-ChangeBit-EraseBytes-InsertRepeatedBytes-InsertRepeatedBytes-
#2165	NEW    cov: 25 ft: 100 corp: 23/298b lim: 17 exec/s: 0 rss: 30Mb L: 17/17 MS: 1 CopyPart-
#2220	NEW    cov: 25 ft: 101 corp: 24/315b lim: 17 exec/s: 0 rss: 30Mb L: 17/17 MS: 5 ShuffleBytes-ChangeBit-ChangeBit-ChangeBit-InsertByte-
#2386	NEW    cov: 25 ft: 102 corp: 25/330b lim: 17 exec/s: 0 rss: 30Mb L: 15/17 MS: 1 CrossOver-
#2408	NEW    cov: 25 ft: 104 corp: 26/345b lim: 17 exec/s: 0 rss: 30Mb L: 15/17 MS: 2 PersAutoDict-EraseBytes- DE: "\377\377"-
#2432	NEW    cov: 25 ft: 105 corp: 27/362b lim: 17 exec/s: 0 rss: 30Mb L: 17/17 MS: 4 CopyPart-ChangeBit-CrossOver-ChangeBit-
#2464	NEW    cov: 25 ft: 106 corp: 28/379b lim: 17 exec/s: 0 rss: 30Mb L: 17/17 MS: 2 CopyPart-ChangeBinInt-
#2535	NEW    cov: 25 ft: 107 corp: 29/395b lim: 17 exec/s: 0 rss: 30Mb L: 16/17 MS: 1 ChangeBinInt-
#2774	NEW    cov: 25 ft: 109 corp: 30/411b lim: 17 exec/s: 0 rss: 30Mb L: 16/17 MS: 4 CopyPart-ChangeByte-EraseBytes-CopyPart-
#2832	NEW    cov: 25 ft: 110 corp: 31/426b lim: 17 exec/s: 0 rss: 30Mb L: 15/17 MS: 3 ChangeBit-CrossOver-InsertByte-
#2834	NEW    cov: 25 ft: 111 corp: 32/443b lim: 17 exec/s: 0 rss: 30Mb L: 17/17 MS: 2 ChangeBinInt-PersAutoDict- DE: "\377\377"-
#2933	NEW    cov: 25 ft: 113 corp: 33/459b lim: 17 exec/s: 0 rss: 30Mb L: 16/17 MS: 4 ShuffleBytes-PersAutoDict-ChangeBinInt-InsertByte- DE: "\377\377"-
#3030	NEW    cov: 25 ft: 114 corp: 34/476b lim: 17 exec/s: 0 rss: 31Mb L: 17/17 MS: 2 ChangeBit-ChangeByte-
#3276	NEW    cov: 25 ft: 115 corp: 35/493b lim: 17 exec/s: 0 rss: 31Mb L: 17/17 MS: 1 ChangeByte-
#3407	NEW    cov: 25 ft: 116 corp: 36/510b lim: 17 exec/s: 0 rss: 31Mb L: 17/17 MS: 1 InsertByte-
#3491	REDUCE cov: 25 ft: 117 corp: 37/526b lim: 17 exec/s: 0 rss: 31Mb L: 16/17 MS: 4 ChangeByte-ChangeBit-ChangeByte-InsertByte-
#3913	NEW    cov: 25 ft: 118 corp: 38/545b lim: 21 exec/s: 0 rss: 31Mb L: 19/19 MS: 2 ChangeBit-InsertRepeatedBytes-
#4101	NEW    cov: 25 ft: 119 corp: 39/563b lim: 21 exec/s: 0 rss: 31Mb L: 18/19 MS: 3 ChangeASCIIInt-CMP-EraseBytes- DE: "\000\000"-
#4197	REDUCE cov: 25 ft: 119 corp: 39/561b lim: 21 exec/s: 0 rss: 31Mb L: 15/19 MS: 1 EraseBytes-
#4250	NEW    cov: 25 ft: 120 corp: 40/582b lim: 21 exec/s: 0 rss: 31Mb L: 21/21 MS: 3 ChangeByte-ChangeBinInt-InsertRepeatedBytes-
#4496	NEW    cov: 25 ft: 121 corp: 41/599b lim: 21 exec/s: 0 rss: 31Mb L: 17/21 MS: 1 ChangeBinInt-
#4910	REDUCE cov: 25 ft: 121 corp: 41/597b lim: 25 exec/s: 0 rss: 31Mb L: 15/21 MS: 4 EraseBytes-ShuffleBytes-InsertByte-PersAutoDict- DE: "\377\377"-
#5333	NEW    cov: 25 ft: 122 corp: 42/625b lim: 29 exec/s: 0 rss: 31Mb L: 28/28 MS: 3 PersAutoDict-ChangeByte-CopyPart- DE: "\377\377"-
#5350	NEW    cov: 25 ft: 123 corp: 43/654b lim: 29 exec/s: 0 rss: 31Mb L: 29/29 MS: 2 ChangeASCIIInt-CrossOver-
#5763	NEW    cov: 25 ft: 124 corp: 44/687b lim: 33 exec/s: 0 rss: 31Mb L: 33/33 MS: 3 InsertByte-ChangeBit-CopyPart-
#5817	NEW    cov: 25 ft: 125 corp: 45/719b lim: 33 exec/s: 0 rss: 31Mb L: 32/33 MS: 4 PersAutoDict-EraseBytes-InsertRepeatedBytes-PersAutoDict- DE: "\001\000\000\000\000\000\000L"-"\001\000\000\000\000\000\000L"-
#6389	NEW    cov: 25 ft: 127 corp: 46/753b lim: 38 exec/s: 0 rss: 31Mb L: 34/34 MS: 2 CrossOver-CrossOver-
#6796	REDUCE cov: 25 ft: 127 corp: 46/752b lim: 38 exec/s: 0 rss: 31Mb L: 31/34 MS: 2 EraseBytes-PersAutoDict- DE: "\377\377"-
#7413	REDUCE cov: 25 ft: 127 corp: 46/751b lim: 43 exec/s: 0 rss: 32Mb L: 27/34 MS: 2 EraseBytes-InsertByte-
#9440	REDUCE cov: 25 ft: 127 corp: 46/749b lim: 63 exec/s: 0 rss: 32Mb L: 15/34 MS: 2 EraseBytes-ChangeBinInt-
#9836	NEW    cov: 25 ft: 128 corp: 47/771b lim: 63 exec/s: 0 rss: 32Mb L: 22/34 MS: 1 CopyPart-
#10567	REDUCE cov: 25 ft: 128 corp: 47/770b lim: 68 exec/s: 0 rss: 32Mb L: 15/34 MS: 1 EraseBytes-
#10664	REDUCE cov: 25 ft: 128 corp: 47/769b lim: 68 exec/s: 0 rss: 32Mb L: 16/34 MS: 2 EraseBytes-CrossOver-
#10744	NEW    cov: 25 ft: 129 corp: 48/791b lim: 68 exec/s: 0 rss: 32Mb L: 22/34 MS: 5 ChangeBinInt-CrossOver-PersAutoDict-ChangeBit-CopyPart- DE: "\001\000\000\000\000\000\000L"-
#17376	REDUCE cov: 25 ft: 129 corp: 48/789b lim: 128 exec/s: 0 rss: 34Mb L: 15/34 MS: 2 PersAutoDict-EraseBytes- DE: "\377\377"-
#17821	REDUCE cov: 25 ft: 129 corp: 48/788b lim: 128 exec/s: 0 rss: 34Mb L: 17/34 MS: 5 EraseBytes-ChangeBit-ChangeASCIIInt-CrossOver-InsertByte-
#18773	REDUCE cov: 25 ft: 129 corp: 48/786b lim: 135 exec/s: 0 rss: 34Mb L: 15/34 MS: 2 ChangeByte-EraseBytes-
#41422	NEW    cov: 25 ft: 130 corp: 49/802b lim: 357 exec/s: 0 rss: 35Mb L: 16/34 MS: 4 ChangeBinInt-ChangeByte-ChangeBit-ChangeBit-
#41896	REDUCE cov: 25 ft: 130 corp: 49/801b lim: 357 exec/s: 0 rss: 35Mb L: 15/34 MS: 4 CopyPart-ChangeByte-InsertByte-EraseBytes-
#46987	REDUCE cov: 25 ft: 131 corp: 50/816b lim: 405 exec/s: 0 rss: 35Mb L: 15/34 MS: 1 ChangeBinInt-
#48382	REDUCE cov: 25 ft: 131 corp: 50/814b lim: 413 exec/s: 0 rss: 35Mb L: 15/34 MS: 5 CrossOver-EraseBytes-InsertByte-CopyPart-ChangeBinInt-
#57861	REDUCE cov: 25 ft: 131 corp: 50/812b lim: 501 exec/s: 0 rss: 35Mb L: 19/34 MS: 4 ShuffleBytes-InsertByte-PersAutoDict-EraseBytes- DE: "\377\377"-
#62642	REDUCE cov: 25 ft: 131 corp: 50/811b lim: 544 exec/s: 0 rss: 35Mb L: 16/34 MS: 1 EraseBytes-
#78066	REDUCE cov: 25 ft: 132 corp: 51/829b lim: 697 exec/s: 0 rss: 35Mb L: 18/34 MS: 4 ChangeBinInt-CopyPart-ChangeByte-ChangeBinInt-
#78544	REDUCE cov: 25 ft: 132 corp: 51/827b lim: 697 exec/s: 0 rss: 35Mb L: 15/34 MS: 3 ChangeBit-ChangeByte-EraseBytes-
#79736	NEW    cov: 30 ft: 146 corp: 52/850b lim: 706 exec/s: 0 rss: 35Mb L: 23/34 MS: 2 CrossOver-CrossOver-
#85058	REDUCE cov: 30 ft: 149 corp: 53/865b lim: 751 exec/s: 0 rss: 35Mb L: 15/34 MS: 2 CopyPart-CopyPart-
#85829	NEW    cov: 30 ft: 151 corp: 54/888b lim: 751 exec/s: 0 rss: 35Mb L: 23/34 MS: 1 ChangeBit-
#86333	NEW    cov: 30 ft: 153 corp: 55/905b lim: 751 exec/s: 0 rss: 35Mb L: 17/34 MS: 4 ShuffleBytes-ChangeBit-PersAutoDict-CrossOver- DE: "\377\377"-
#89014	NEW    cov: 30 ft: 155 corp: 56/922b lim: 769 exec/s: 0 rss: 35Mb L: 17/34 MS: 1 ChangeBit-
#90021	REDUCE cov: 30 ft: 157 corp: 57/937b lim: 778 exec/s: 0 rss: 35Mb L: 15/34 MS: 2 ChangeBinInt-CrossOver-
#91847	NEW    cov: 30 ft: 159 corp: 58/952b lim: 796 exec/s: 0 rss: 35Mb L: 15/34 MS: 1 ShuffleBytes-
#93268	NEW    cov: 30 ft: 161 corp: 59/967b lim: 805 exec/s: 0 rss: 35Mb L: 15/34 MS: 1 ShuffleBytes-
#93814	NEW    cov: 30 ft: 163 corp: 60/982b lim: 805 exec/s: 0 rss: 35Mb L: 15/34 MS: 1 ShuffleBytes-
#95725	NEW    cov: 30 ft: 165 corp: 61/997b lim: 823 exec/s: 0 rss: 35Mb L: 15/34 MS: 1 ShuffleBytes-
#97222	REDUCE cov: 30 ft: 165 corp: 61/995b lim: 832 exec/s: 0 rss: 35Mb L: 16/34 MS: 2 CrossOver-EraseBytes-
#97846	NEW    cov: 30 ft: 167 corp: 62/1018b lim: 832 exec/s: 0 rss: 35Mb L: 23/34 MS: 4 ShuffleBytes-ChangeByte-ChangeBinInt-CopyPart-
#100837	NEW    cov: 30 ft: 169 corp: 63/1033b lim: 859 exec/s: 0 rss: 35Mb L: 15/34 MS: 1 ChangeBinInt-
#103843	NEW    cov: 30 ft: 171 corp: 64/1048b lim: 886 exec/s: 0 rss: 35Mb L: 15/34 MS: 1 ChangeBit-
#111272	REDUCE cov: 30 ft: 171 corp: 64/1044b lim: 958 exec/s: 0 rss: 35Mb L: 19/34 MS: 4 EraseBytes-InsertByte-CopyPart-ChangeBinInt-
#116754	REDUCE cov: 30 ft: 171 corp: 64/1043b lim: 1012 exec/s: 0 rss: 35Mb L: 15/34 MS: 2 InsertRepeatedBytes-EraseBytes-
#117487	NEW    cov: 30 ft: 172 corp: 65/1058b lim: 1012 exec/s: 0 rss: 35Mb L: 15/34 MS: 3 ChangeByte-ChangeBit-ChangeByte-
#125895	NEW    cov: 30 ft: 180 corp: 66/1081b lim: 1090 exec/s: 0 rss: 35Mb L: 23/34 MS: 3 ShuffleBytes-ChangeBit-ShuffleBytes-
#127621	NEW    cov: 30 ft: 182 corp: 67/1096b lim: 1100 exec/s: 0 rss: 35Mb L: 15/34 MS: 1 ShuffleBytes-
#128377	NEW    cov: 30 ft: 190 corp: 68/1119b lim: 1100 exec/s: 0 rss: 35Mb L: 23/34 MS: 1 CopyPart-
#128723	NEW    cov: 30 ft: 191 corp: 69/1142b lim: 1100 exec/s: 0 rss: 35Mb L: 23/34 MS: 1 ChangeBit-
#130974	NEW    cov: 30 ft: 193 corp: 70/1165b lim: 1120 exec/s: 0 rss: 35Mb L: 23/34 MS: 1 ChangeASCIIInt-
#134232	REDUCE cov: 30 ft: 193 corp: 70/1161b lim: 1150 exec/s: 0 rss: 35Mb L: 15/34 MS: 3 ChangeBinInt-EraseBytes-EraseBytes-
#135368	NEW    cov: 32 ft: 201 corp: 71/1184b lim: 1160 exec/s: 0 rss: 35Mb L: 23/34 MS: 1 CopyPart-
#136030	NEW    cov: 32 ft: 203 corp: 72/1207b lim: 1160 exec/s: 0 rss: 35Mb L: 23/34 MS: 2 ChangeBinInt-ChangeASCIIInt-
#137556	NEW    cov: 32 ft: 204 corp: 73/1230b lim: 1170 exec/s: 0 rss: 35Mb L: 23/34 MS: 1 CrossOver-
#137899	REDUCE cov: 32 ft: 204 corp: 73/1228b lim: 1170 exec/s: 0 rss: 35Mb L: 21/34 MS: 3 EraseBytes-CrossOver-InsertByte-
#138285	NEW    cov: 32 ft: 205 corp: 74/1251b lim: 1170 exec/s: 0 rss: 35Mb L: 23/34 MS: 1 ShuffleBytes-
#140226	NEW    cov: 32 ft: 206 corp: 75/1274b lim: 1180 exec/s: 0 rss: 35Mb L: 23/34 MS: 1 ChangeBinInt-
#143052	NEW    cov: 32 ft: 207 corp: 76/1297b lim: 1200 exec/s: 0 rss: 35Mb L: 23/34 MS: 1 ChangeByte-
#144908	NEW    cov: 32 ft: 209 corp: 77/1320b lim: 1210 exec/s: 0 rss: 35Mb L: 23/34 MS: 1 ChangeByte-
#146194	NEW    cov: 32 ft: 210 corp: 78/1343b lim: 1220 exec/s: 0 rss: 35Mb L: 23/34 MS: 1 CopyPart-
#146736	NEW    cov: 32 ft: 212 corp: 79/1366b lim: 1220 exec/s: 0 rss: 35Mb L: 23/34 MS: 2 ChangeASCIIInt-ChangeBit-
#146877	NEW    cov: 32 ft: 214 corp: 80/1389b lim: 1220 exec/s: 0 rss: 35Mb L: 23/34 MS: 1 ChangeBinInt-
#151884	NEW    cov: 33 ft: 217 corp: 81/1409b lim: 1260 exec/s: 0 rss: 35Mb L: 20/34 MS: 2 ShuffleBytes-EraseBytes-
#153185	NEW    cov: 33 ft: 219 corp: 82/1429b lim: 1270 exec/s: 0 rss: 35Mb L: 20/34 MS: 1 ShuffleBytes-
#154216	NEW    cov: 33 ft: 220 corp: 83/1449b lim: 1280 exec/s: 0 rss: 35Mb L: 20/34 MS: 1 ChangeBit-
#154318	NEW    cov: 46 ft: 269 corp: 84/1469b lim: 1280 exec/s: 0 rss: 35Mb L: 20/34 MS: 2 ChangeASCIIInt-ChangeBinInt-
#154354	NEW    cov: 46 ft: 271 corp: 85/1492b lim: 1280 exec/s: 0 rss: 35Mb L: 23/34 MS: 1 ShuffleBytes-
#154460	NEW    cov: 46 ft: 272 corp: 86/1512b lim: 1280 exec/s: 0 rss: 35Mb L: 20/34 MS: 1 ShuffleBytes-
#155977	NEW    cov: 46 ft: 273 corp: 87/1532b lim: 1290 exec/s: 0 rss: 35Mb L: 20/34 MS: 2 ShuffleBytes-ShuffleBytes-
#156933	NEW    cov: 46 ft: 277 corp: 88/1552b lim: 1290 exec/s: 0 rss: 35Mb L: 20/34 MS: 1 ChangeBinInt-
#160624	NEW    cov: 46 ft: 279 corp: 89/1575b lim: 1320 exec/s: 0 rss: 35Mb L: 23/34 MS: 1 CopyPart-
#161295	NEW    cov: 47 ft: 284 corp: 90/1590b lim: 1320 exec/s: 0 rss: 35Mb L: 15/34 MS: 1 ChangeBinInt-
#161711	NEW    cov: 47 ft: 285 corp: 91/1605b lim: 1320 exec/s: 0 rss: 35Mb L: 15/34 MS: 1 ChangeBit-
#161727	NEW    cov: 47 ft: 286 corp: 92/1620b lim: 1320 exec/s: 0 rss: 35Mb L: 15/34 MS: 1 ChangeBinInt-
#162848	NEW    cov: 47 ft: 287 corp: 93/1635b lim: 1330 exec/s: 0 rss: 35Mb L: 15/34 MS: 1 ChangeByte-
#166804	NEW    cov: 47 ft: 288 corp: 94/1655b lim: 1360 exec/s: 0 rss: 35Mb L: 20/34 MS: 1 CopyPart-
#168235	NEW    cov: 47 ft: 289 corp: 95/1678b lim: 1370 exec/s: 0 rss: 35Mb L: 23/34 MS: 1 ChangeBinInt-
#169131	NEW    cov: 47 ft: 290 corp: 96/1693b lim: 1370 exec/s: 0 rss: 35Mb L: 15/34 MS: 1 ChangeBit-
#169722	NEW    cov: 47 ft: 291 corp: 97/1708b lim: 1370 exec/s: 0 rss: 35Mb L: 15/34 MS: 1 ChangeByte-
#170678	NEW    cov: 48 ft: 298 corp: 98/1728b lim: 1370 exec/s: 0 rss: 35Mb L: 20/34 MS: 1 ChangeBit-
#170854	NEW    cov: 48 ft: 302 corp: 99/1748b lim: 1370 exec/s: 0 rss: 35Mb L: 20/34 MS: 1 ChangeBit-
#171690	NEW    cov: 48 ft: 303 corp: 100/1763b lim: 1370 exec/s: 0 rss: 35Mb L: 15/34 MS: 1 ChangeBinInt-
#172196	NEW    cov: 48 ft: 306 corp: 101/1783b lim: 1370 exec/s: 0 rss: 35Mb L: 20/34 MS: 1 ChangeBit-
#174222	NEW    cov: 48 ft: 308 corp: 102/1803b lim: 1390 exec/s: 0 rss: 35Mb L: 20/34 MS: 1 ChangeBit-
#174613	NEW    cov: 48 ft: 309 corp: 103/1818b lim: 1390 exec/s: 0 rss: 35Mb L: 15/34 MS: 1 ChangeBinInt-
#181779	NEW    cov: 48 ft: 310 corp: 104/1833b lim: 1460 exec/s: 0 rss: 35Mb L: 15/34 MS: 1 ShuffleBytes-
#186550	NEW    cov: 48 ft: 311 corp: 105/1848b lim: 1500 exec/s: 0 rss: 35Mb L: 15/34 MS: 1 ChangeByte-
#189266	NEW    cov: 48 ft: 312 corp: 106/1868b lim: 1520 exec/s: 0 rss: 35Mb L: 20/34 MS: 1 ChangeBit-
#190112	NEW    cov: 48 ft: 313 corp: 107/1883b lim: 1520 exec/s: 0 rss: 35Mb L: 15/34 MS: 1 ChangeBit-
#192184	NEW    cov: 48 ft: 314 corp: 108/1903b lim: 1540 exec/s: 0 rss: 36Mb L: 20/34 MS: 2 ChangeBinInt-ChangeASCIIInt-
#194255	NEW    cov: 48 ft: 315 corp: 109/1918b lim: 1560 exec/s: 0 rss: 36Mb L: 15/34 MS: 1 ChangeBit-
#194552	REDUCE cov: 48 ft: 315 corp: 109/1916b lim: 1560 exec/s: 0 rss: 36Mb L: 18/34 MS: 2 InsertByte-EraseBytes-
#208063	NEW    cov: 48 ft: 316 corp: 110/1931b lim: 1690 exec/s: 0 rss: 36Mb L: 15/34 MS: 1 ChangeBit-
#208234	NEW    cov: 48 ft: 317 corp: 111/1946b lim: 1690 exec/s: 0 rss: 36Mb L: 15/34 MS: 1 ChangeBit-
#218898	NEW    cov: 48 ft: 318 corp: 112/1963b lim: 1790 exec/s: 0 rss: 36Mb L: 17/34 MS: 4 InsertByte-ChangeByte-ChangeBinInt-InsertByte-
#224024	NEW    cov: 48 ft: 319 corp: 113/1978b lim: 1840 exec/s: 0 rss: 36Mb L: 15/34 MS: 1 ChangeBit-
#232585	NEW    cov: 48 ft: 320 corp: 114/1993b lim: 1920 exec/s: 0 rss: 36Mb L: 15/34 MS: 1 ChangeBit-
#234721	NEW    cov: 48 ft: 321 corp: 115/2013b lim: 1940 exec/s: 0 rss: 36Mb L: 20/34 MS: 1 ChangeBit-
#257212	NEW    cov: 48 ft: 322 corp: 116/2033b lim: 2160 exec/s: 0 rss: 36Mb L: 20/34 MS: 1 ChangeByte-
#260151	NEW    cov: 49 ft: 325 corp: 117/2056b lim: 2182 exec/s: 0 rss: 36Mb L: 23/34 MS: 4 ChangeBit-ChangeBinInt-CrossOver-ChangeByte-
#260251	REDUCE cov: 49 ft: 325 corp: 117/2055b lim: 2182 exec/s: 0 rss: 36Mb L: 16/34 MS: 5 ShuffleBytes-EraseBytes-ChangeByte-InsertByte-InsertByte-
#263663	NEW    cov: 49 ft: 327 corp: 118/2075b lim: 2215 exec/s: 0 rss: 36Mb L: 20/34 MS: 2 ChangeByte-CrossOver-
#264432	REDUCE cov: 49 ft: 327 corp: 118/2069b lim: 2215 exec/s: 0 rss: 36Mb L: 17/34 MS: 4 EraseBytes-InsertRepeatedBytes-ChangeBit-EraseBytes-
#270673	NEW    cov: 49 ft: 329 corp: 119/2089b lim: 2270 exec/s: 0 rss: 36Mb L: 20/34 MS: 1 ChangeASCIIInt-
#272827	REDUCE cov: 49 ft: 329 corp: 119/2087b lim: 2281 exec/s: 0 rss: 36Mb L: 16/34 MS: 4 InsertByte-EraseBytes-InsertByte-InsertByte-
#273858	NEW    cov: 49 ft: 330 corp: 120/2107b lim: 2281 exec/s: 0 rss: 36Mb L: 20/34 MS: 1 ChangeByte-
#275454	NEW    cov: 49 ft: 331 corp: 121/2127b lim: 2292 exec/s: 0 rss: 36Mb L: 20/34 MS: 1 ShuffleBytes-
#275465	NEW    cov: 49 ft: 332 corp: 122/2147b lim: 2292 exec/s: 0 rss: 36Mb L: 20/34 MS: 1 ChangeBinInt-
#280332	REDUCE cov: 49 ft: 332 corp: 122/2145b lim: 2336 exec/s: 0 rss: 36Mb L: 18/34 MS: 2 InsertByte-EraseBytes-
#291249	NEW    cov: 49 ft: 338 corp: 123/2165b lim: 2435 exec/s: 0 rss: 36Mb L: 20/34 MS: 2 PersAutoDict-CrossOver- DE: "\000\000"-
#294306	NEW    cov: 49 ft: 339 corp: 124/2180b lim: 2457 exec/s: 0 rss: 36Mb L: 15/34 MS: 2 ChangeByte-ChangeBit-
#301003	REDUCE cov: 49 ft: 340 corp: 125/2198b lim: 2523 exec/s: 0 rss: 36Mb L: 18/34 MS: 2 ShuffleBytes-CopyPart-
#302054	NEW    cov: 49 ft: 341 corp: 126/2216b lim: 2523 exec/s: 0 rss: 36Mb L: 18/34 MS: 1 ShuffleBytes-
#307061	NEW    cov: 49 ft: 342 corp: 127/2234b lim: 2567 exec/s: 0 rss: 36Mb L: 18/34 MS: 2 ChangeByte-ChangeBinInt-
#310717	NEW    cov: 49 ft: 343 corp: 128/2252b lim: 2600 exec/s: 0 rss: 36Mb L: 18/34 MS: 1 ChangeBinInt-
#311369	REDUCE cov: 49 ft: 343 corp: 128/2250b lim: 2600 exec/s: 0 rss: 36Mb L: 16/34 MS: 2 EraseBytes-InsertByte-
#312923	NEW    cov: 49 ft: 349 corp: 129/2270b lim: 2611 exec/s: 0 rss: 36Mb L: 20/34 MS: 4 ChangeBit-ChangeBinInt-CopyPart-CrossOver-
#315661	REDUCE cov: 49 ft: 349 corp: 129/2268b lim: 2633 exec/s: 0 rss: 36Mb L: 18/34 MS: 3 CopyPart-ChangeBit-EraseBytes-
#320237	NEW    cov: 49 ft: 350 corp: 130/2286b lim: 2677 exec/s: 0 rss: 36Mb L: 18/34 MS: 1 ChangeASCIIInt-
#320366	REDUCE cov: 49 ft: 350 corp: 130/2284b lim: 2677 exec/s: 0 rss: 36Mb L: 16/34 MS: 4 ShuffleBytes-EraseBytes-EraseBytes-CrossOver-
#324026	NEW    cov: 49 ft: 353 corp: 131/2304b lim: 2710 exec/s: 0 rss: 36Mb L: 20/34 MS: 5 CrossOver-CopyPart-EraseBytes-CopyPart-EraseBytes-
#325502	NEW    cov: 49 ft: 354 corp: 132/2322b lim: 2721 exec/s: 0 rss: 36Mb L: 18/34 MS: 1 ShuffleBytes-
#328490	REDUCE cov: 49 ft: 354 corp: 132/2320b lim: 2743 exec/s: 0 rss: 36Mb L: 15/34 MS: 3 ChangeBit-EraseBytes-ChangeByte-
#329582	REDUCE cov: 49 ft: 354 corp: 132/2318b lim: 2743 exec/s: 0 rss: 36Mb L: 16/34 MS: 2 EraseBytes-InsertByte-
#336444	REDUCE cov: 49 ft: 355 corp: 133/2334b lim: 2809 exec/s: 0 rss: 36Mb L: 16/34 MS: 2 ChangeByte-CopyPart-
#338630	NEW    cov: 49 ft: 356 corp: 134/2350b lim: 2820 exec/s: 0 rss: 36Mb L: 16/34 MS: 1 ShuffleBytes-
#343241	REDUCE cov: 49 ft: 357 corp: 135/2366b lim: 2864 exec/s: 0 rss: 36Mb L: 16/34 MS: 1 ShuffleBytes-
#348947	NEW    cov: 49 ft: 358 corp: 136/2384b lim: 2919 exec/s: 0 rss: 36Mb L: 18/34 MS: 1 CrossOver-
#361498	NEW    cov: 49 ft: 359 corp: 137/2402b lim: 3040 exec/s: 0 rss: 36Mb L: 18/34 MS: 1 ChangeBit-
#370724	NEW    cov: 49 ft: 360 corp: 138/2420b lim: 3128 exec/s: 0 rss: 36Mb L: 18/34 MS: 1 ShuffleBytes-
#370760	NEW    cov: 49 ft: 361 corp: 139/2438b lim: 3128 exec/s: 0 rss: 36Mb L: 18/34 MS: 1 CopyPart-
#376222	REDUCE cov: 49 ft: 361 corp: 139/2436b lim: 3172 exec/s: 0 rss: 36Mb L: 16/34 MS: 2 InsertByte-EraseBytes-
#380178	NEW    cov: 49 ft: 362 corp: 140/2454b lim: 3205 exec/s: 0 rss: 36Mb L: 18/34 MS: 1 ChangeBit-
#381354	NEW    cov: 49 ft: 363 corp: 141/2472b lim: 3216 exec/s: 0 rss: 36Mb L: 18/34 MS: 1 ChangeASCIIInt-
#381585	NEW    cov: 49 ft: 364 corp: 142/2490b lim: 3216 exec/s: 0 rss: 36Mb L: 18/34 MS: 1 ChangeBit-
#384841	NEW    cov: 49 ft: 365 corp: 143/2508b lim: 3238 exec/s: 0 rss: 36Mb L: 18/34 MS: 1 ShuffleBytes-
#389554	NEW    cov: 49 ft: 366 corp: 144/2526b lim: 3282 exec/s: 0 rss: 36Mb L: 18/34 MS: 3 ShuffleBytes-ChangeBinInt-ChangeBit-
#390411	NEW    cov: 49 ft: 368 corp: 145/2544b lim: 3282 exec/s: 0 rss: 36Mb L: 18/34 MS: 2 ChangeBinInt-ChangeBinInt-
#404664	REDUCE cov: 49 ft: 368 corp: 145/2542b lim: 3414 exec/s: 0 rss: 36Mb L: 16/34 MS: 3 EraseBytes-PersAutoDict-PersAutoDict- DE: "\000\000"-"\377\377"-
#404961	REDUCE cov: 49 ft: 368 corp: 145/2540b lim: 3414 exec/s: 0 rss: 36Mb L: 16/34 MS: 2 ChangeByte-EraseBytes-
#405017	NEW    cov: 49 ft: 369 corp: 146/2558b lim: 3414 exec/s: 0 rss: 36Mb L: 18/34 MS: 1 CopyPart-
#414951	NEW    cov: 49 ft: 370 corp: 147/2576b lim: 3502 exec/s: 414951 rss: 36Mb L: 18/34 MS: 3 ChangeBinInt-ChangeByte-CopyPart-
#416527	NEW    cov: 49 ft: 371 corp: 148/2594b lim: 3513 exec/s: 416527 rss: 36Mb L: 18/34 MS: 1 ShuffleBytes-
#420388	NEW    cov: 49 ft: 372 corp: 149/2612b lim: 3546 exec/s: 420388 rss: 36Mb L: 18/34 MS: 1 ShuffleBytes-
#420519	NEW    cov: 49 ft: 374 corp: 150/2630b lim: 3546 exec/s: 420519 rss: 36Mb L: 18/34 MS: 1 CopyPart-
#420845	NEW    cov: 49 ft: 375 corp: 151/2648b lim: 3546 exec/s: 420845 rss: 36Mb L: 18/34 MS: 1 ChangeASCIIInt-
#420973	NEW    cov: 49 ft: 377 corp: 152/2666b lim: 3546 exec/s: 420973 rss: 36Mb L: 18/34 MS: 3 CMP-ChangeBinInt-ChangeASCIIInt- DE: "D\000"-
#427309	NEW    cov: 49 ft: 378 corp: 153/2684b lim: 3601 exec/s: 427309 rss: 36Mb L: 18/34 MS: 1 CopyPart-
#430065	NEW    cov: 49 ft: 379 corp: 154/2702b lim: 3623 exec/s: 430065 rss: 36Mb L: 18/34 MS: 1 ChangeASCIIInt-
#456081	NEW    cov: 49 ft: 381 corp: 155/2722b lim: 3876 exec/s: 456081 rss: 36Mb L: 20/34 MS: 1 ChangeBit-
#461252	NEW    cov: 49 ft: 382 corp: 156/2742b lim: 3920 exec/s: 461252 rss: 36Mb L: 20/34 MS: 1 ShuffleBytes-
#573834	REDUCE cov: 49 ft: 382 corp: 156/2740b lim: 4096 exec/s: 573834 rss: 36Mb L: 16/34 MS: 2 EraseBytes-CrossOver-
#612488	REDUCE cov: 49 ft: 382 corp: 156/2738b lim: 4096 exec/s: 612488 rss: 36Mb L: 21/34 MS: 4 ChangeBinInt-EraseBytes-ChangeBit-InsertByte-
#623820	REDUCE cov: 49 ft: 382 corp: 156/2736b lim: 4096 exec/s: 623820 rss: 36Mb L: 16/34 MS: 2 EraseBytes-CrossOver-
#641433	REDUCE cov: 49 ft: 382 corp: 156/2734b lim: 4096 exec/s: 641433 rss: 36Mb L: 16/34 MS: 3 EraseBytes-ShuffleBytes-ChangeBit-
#699644	NEW    cov: 49 ft: 384 corp: 157/2754b lim: 4096 exec/s: 699644 rss: 36Mb L: 20/34 MS: 1 CopyPart-
#731901	REDUCE cov: 49 ft: 384 corp: 157/2752b lim: 4096 exec/s: 731901 rss: 36Mb L: 15/34 MS: 2 ChangeBit-EraseBytes-
#748983	REDUCE cov: 49 ft: 384 corp: 157/2750b lim: 4096 exec/s: 748983 rss: 36Mb L: 16/34 MS: 2 EraseBytes-InsertByte-
#783923	NEW    cov: 49 ft: 387 corp: 158/2770b lim: 4096 exec/s: 783923 rss: 36Mb L: 20/34 MS: 5 InsertByte-EraseBytes-ShuffleBytes-ChangeBit-CrossOver-
#806151	REDUCE cov: 49 ft: 387 corp: 158/2768b lim: 4096 exec/s: 806151 rss: 36Mb L: 15/34 MS: 3 EraseBytes-InsertByte-PersAutoDict- DE: "\377\377"-
#819358	REDUCE cov: 49 ft: 387 corp: 158/2766b lim: 4096 exec/s: 819358 rss: 36Mb L: 18/34 MS: 2 EraseBytes-ChangeBinInt-
#829268	NEW    cov: 49 ft: 388 corp: 159/2786b lim: 4096 exec/s: 829268 rss: 36Mb L: 20/34 MS: 5 CopyPart-ChangeByte-ChangeBit-ShuffleBytes-CrossOver-
#867749	NEW    cov: 49 ft: 390 corp: 160/2806b lim: 4096 exec/s: 433874 rss: 36Mb L: 20/34 MS: 1 ChangeBit-
#928991	NEW    cov: 49 ft: 391 corp: 161/2826b lim: 4096 exec/s: 464495 rss: 36Mb L: 20/34 MS: 2 CopyPart-ChangeASCIIInt-
#981753	NEW    cov: 49 ft: 392 corp: 162/2846b lim: 4096 exec/s: 490876 rss: 36Mb L: 20/34 MS: 2 ShuffleBytes-ShuffleBytes-
#1048686	NEW    cov: 49 ft: 393 corp: 163/2866b lim: 4096 exec/s: 524343 rss: 36Mb L: 20/34 MS: 3 ShuffleBytes-ChangeBit-ShuffleBytes-
#1049038	NEW    cov: 49 ft: 394 corp: 164/2881b lim: 4096 exec/s: 524519 rss: 36Mb L: 15/34 MS: 2 ChangeASCIIInt-EraseBytes-
#1050777	REDUCE cov: 49 ft: 394 corp: 164/2879b lim: 4096 exec/s: 525388 rss: 36Mb L: 18/34 MS: 4 ChangeByte-ChangeByte-CMP-EraseBytes- DE: "\377\377"-
#1051703	REDUCE cov: 49 ft: 394 corp: 164/2878b lim: 4096 exec/s: 525851 rss: 36Mb L: 17/34 MS: 1 EraseBytes-
#1051894	REDUCE cov: 49 ft: 394 corp: 164/2877b lim: 4096 exec/s: 525947 rss: 36Mb L: 16/34 MS: 1 EraseBytes-
#1056615	REDUCE cov: 49 ft: 394 corp: 164/2876b lim: 4096 exec/s: 528307 rss: 36Mb L: 15/34 MS: 1 EraseBytes-
#1066957	NEW    cov: 49 ft: 401 corp: 165/2907b lim: 4096 exec/s: 533478 rss: 36Mb L: 31/34 MS: 2 EraseBytes-CrossOver-
#1093508	NEW    cov: 50 ft: 409 corp: 166/2938b lim: 4096 exec/s: 546754 rss: 36Mb L: 31/34 MS: 1 ChangeBit-
#1130176	NEW    cov: 50 ft: 413 corp: 167/2958b lim: 4096 exec/s: 565088 rss: 36Mb L: 20/34 MS: 3 ChangeBit-CrossOver-ChangeASCIIInt-
#1162327	NEW    cov: 50 ft: 414 corp: 168/2989b lim: 4096 exec/s: 581163 rss: 36Mb L: 31/34 MS: 1 ChangeBit-
#1284124	REDUCE cov: 50 ft: 414 corp: 168/2987b lim: 4096 exec/s: 642062 rss: 36Mb L: 16/34 MS: 2 ChangeBinInt-EraseBytes-
#1288096	NEW    cov: 50 ft: 415 corp: 169/3019b lim: 4096 exec/s: 644048 rss: 36Mb L: 32/34 MS: 2 ChangeASCIIInt-InsertByte-
#1297459	REDUCE cov: 50 ft: 415 corp: 169/3017b lim: 4096 exec/s: 648729 rss: 36Mb L: 15/34 MS: 3 ChangeByte-EraseBytes-ChangeBit-
#1405825	NEW    cov: 50 ft: 416 corp: 170/3037b lim: 4096 exec/s: 468608 rss: 36Mb L: 20/34 MS: 1 ChangeBit-
#1442679	REDUCE cov: 50 ft: 416 corp: 170/3035b lim: 4096 exec/s: 480893 rss: 36Mb L: 16/34 MS: 4 InsertByte-InsertRepeatedBytes-EraseBytes-EraseBytes-
#1455632	REDUCE cov: 50 ft: 416 corp: 170/3033b lim: 4096 exec/s: 485210 rss: 36Mb L: 15/34 MS: 3 ShuffleBytes-CopyPart-EraseBytes-
#1459484	REDUCE cov: 50 ft: 416 corp: 170/3031b lim: 4096 exec/s: 486494 rss: 36Mb L: 21/34 MS: 2 InsertByte-EraseBytes-
#1753126	NEW    cov: 50 ft: 419 corp: 171/3053b lim: 4096 exec/s: 438281 rss: 36Mb L: 22/34 MS: 2 ChangeBit-CopyPart-
#1838763	REDUCE cov: 50 ft: 419 corp: 171/3051b lim: 4096 exec/s: 459690 rss: 36Mb L: 16/34 MS: 2 EraseBytes-InsertByte-
#1859835	REDUCE cov: 50 ft: 419 corp: 171/3049b lim: 4096 exec/s: 464958 rss: 36Mb L: 16/34 MS: 2 ChangeBit-EraseBytes-
#1881394	REDUCE cov: 50 ft: 419 corp: 171/3047b lim: 4096 exec/s: 470348 rss: 36Mb L: 16/34 MS: 4 ShuffleBytes-PersAutoDict-EraseBytes-ChangeByte- DE: "\000\000"-
#1954562	REDUCE cov: 50 ft: 419 corp: 171/3044b lim: 4096 exec/s: 488640 rss: 36Mb L: 20/34 MS: 3 ShuffleBytes-EraseBytes-CopyPart-
#1962291	NEW    cov: 50 ft: 420 corp: 172/3075b lim: 4096 exec/s: 490572 rss: 36Mb L: 31/34 MS: 4 ChangeASCIIInt-ShuffleBytes-ChangeBit-ChangeBinInt-
#1986742	NEW    cov: 50 ft: 421 corp: 173/3095b lim: 4096 exec/s: 496685 rss: 36Mb L: 20/34 MS: 1 ChangeBit-
#1989531	REDUCE cov: 50 ft: 421 corp: 173/3093b lim: 4096 exec/s: 497382 rss: 36Mb L: 16/34 MS: 4 ChangeBinInt-EraseBytes-CMP-EraseBytes- DE: "\030\000\000\000\000\000\000\000"-
#2021768	REDUCE cov: 50 ft: 421 corp: 173/3091b lim: 4096 exec/s: 505442 rss: 36Mb L: 16/34 MS: 2 ChangeBinInt-EraseBytes-
#2097152	pulse  cov: 50 ft: 421 corp: 173/3091b lim: 4096 exec/s: 524288 rss: 36Mb
#2097511	REDUCE cov: 50 ft: 421 corp: 173/3089b lim: 4096 exec/s: 524377 rss: 36Mb L: 16/34 MS: 3 InsertByte-EraseBytes-InsertByte-
#2157174	REDUCE cov: 50 ft: 421 corp: 173/3087b lim: 4096 exec/s: 539293 rss: 36Mb L: 20/34 MS: 3 EraseBytes-ChangeBinInt-ChangeBinInt-
#2188078	REDUCE cov: 50 ft: 421 corp: 173/3086b lim: 4096 exec/s: 437615 rss: 36Mb L: 20/34 MS: 4 ChangeASCIIInt-InsertByte-EraseBytes-CopyPart-
#2213451	REDUCE cov: 50 ft: 421 corp: 173/3084b lim: 4096 exec/s: 442690 rss: 36Mb L: 19/34 MS: 3 CopyPart-EraseBytes-CopyPart-
#2351318	REDUCE cov: 50 ft: 421 corp: 173/3082b lim: 4096 exec/s: 470263 rss: 36Mb L: 18/34 MS: 2 EraseBytes-InsertByte-
#2737945	REDUCE cov: 50 ft: 421 corp: 173/3080b lim: 4096 exec/s: 456324 rss: 36Mb L: 16/34 MS: 2 ChangeByte-EraseBytes-
#2831293	REDUCE cov: 50 ft: 421 corp: 173/3078b lim: 4096 exec/s: 471882 rss: 36Mb L: 18/34 MS: 3 PersAutoDict-EraseBytes-ChangeByte- DE: "D\000"-
#2908823	REDUCE cov: 50 ft: 421 corp: 173/3076b lim: 4096 exec/s: 484803 rss: 36Mb L: 17/34 MS: 5 ChangeBit-EraseBytes-ChangeBit-ChangeByte-ChangeByte-
#2941047	NEW    cov: 50 ft: 422 corp: 174/3096b lim: 4096 exec/s: 490174 rss: 36Mb L: 20/34 MS: 4 ChangeASCIIInt-EraseBytes-InsertByte-InsertByte-
#3550907	REDUCE cov: 50 ft: 422 corp: 174/3094b lim: 4096 exec/s: 443863 rss: 36Mb L: 16/34 MS: 5 PersAutoDict-ChangeASCIIInt-ChangeBit-ChangeBit-EraseBytes- DE: "\377\377"-
#3836334	REDUCE cov: 50 ft: 422 corp: 174/3085b lim: 4096 exec/s: 479541 rss: 36Mb L: 22/34 MS: 2 EraseBytes-ShuffleBytes-
#4194304	pulse  cov: 50 ft: 422 corp: 174/3085b lim: 4096 exec/s: 466033 rss: 36Mb
#5516121	REDUCE cov: 50 ft: 422 corp: 174/3083b lim: 4096 exec/s: 459676 rss: 36Mb L: 16/34 MS: 2 ChangeBit-EraseBytes-
#5530783	REDUCE cov: 50 ft: 422 corp: 174/3081b lim: 4096 exec/s: 460898 rss: 36Mb L: 16/34 MS: 2 EraseBytes-ChangeBit-
#5689456	REDUCE cov: 50 ft: 422 corp: 174/3080b lim: 4096 exec/s: 474121 rss: 36Mb L: 15/34 MS: 3 EraseBytes-ChangeBit-InsertByte-
#6918613	REDUCE cov: 50 ft: 422 corp: 174/3078b lim: 4096 exec/s: 461240 rss: 36Mb L: 16/34 MS: 2 EraseBytes-ChangeBinInt-
#7231450	REDUCE cov: 50 ft: 422 corp: 174/3076b lim: 4096 exec/s: 451965 rss: 36Mb L: 16/34 MS: 2 EraseBytes-ChangeBit-
#8920304	REDUCE cov: 50 ft: 422 corp: 174/3074b lim: 4096 exec/s: 446015 rss: 36Mb L: 16/34 MS: 4 InsertByte-ChangeASCIIInt-ChangeBit-EraseBytes-
#9953519	REDUCE cov: 50 ft: 422 corp: 174/3073b lim: 4096 exec/s: 452432 rss: 36Mb L: 15/34 MS: 5 CrossOver-EraseBytes-ChangeBit-ChangeByte-ChangeBit-
#10446038	NEW    cov: 50 ft: 424 corp: 175/3104b lim: 4096 exec/s: 454175 rss: 36Mb L: 31/34 MS: 4 ChangeBit-InsertRepeatedBytes-ChangeBinInt-EraseBytes-
#10508160	NEW    cov: 50 ft: 425 corp: 176/3135b lim: 4096 exec/s: 456876 rss: 36Mb L: 31/34 MS: 2 ChangeBinInt-CopyPart-
#12120982	REDUCE cov: 50 ft: 425 corp: 176/3134b lim: 4096 exec/s: 448925 rss: 37Mb L: 18/34 MS: 2 ChangeBit-EraseBytes-
#12318926	REDUCE cov: 50 ft: 425 corp: 176/3133b lim: 4096 exec/s: 456256 rss: 37Mb L: 15/34 MS: 4 ChangeBit-CopyPart-ChangeBit-EraseBytes-
#13293778	REDUCE cov: 50 ft: 425 corp: 176/3131b lim: 4096 exec/s: 443125 rss: 37Mb L: 19/34 MS: 2 CrossOver-EraseBytes-
#14455802	REDUCE cov: 50 ft: 425 corp: 176/3122b lim: 4096 exec/s: 451743 rss: 37Mb L: 22/34 MS: 4 CrossOver-ChangeByte-ShuffleBytes-EraseBytes-
#15151664	NEW    cov: 50 ft: 426 corp: 177/3142b lim: 4096 exec/s: 445637 rss: 37Mb L: 20/34 MS: 2 CopyPart-CopyPart-
#16777216	pulse  cov: 50 ft: 426 corp: 177/3142b lim: 4096 exec/s: 441505 rss: 37Mb
#17099556	REDUCE cov: 50 ft: 426 corp: 177/3140b lim: 4096 exec/s: 449988 rss: 37Mb L: 16/34 MS: 2 ChangeBit-EraseBytes-
#17445784	REDUCE cov: 50 ft: 426 corp: 177/3138b lim: 4096 exec/s: 447327 rss: 37Mb L: 16/34 MS: 3 ChangeBit-PersAutoDict-EraseBytes- DE: "D\000"-
#18233544	REDUCE cov: 50 ft: 426 corp: 177/3137b lim: 4096 exec/s: 444720 rss: 37Mb L: 30/34 MS: 5 ChangeBit-CrossOver-ChangeASCIIInt-ShuffleBytes-EraseBytes-
#20246246	REDUCE cov: 50 ft: 426 corp: 177/3133b lim: 4096 exec/s: 449916 rss: 37Mb L: 27/34 MS: 2 EraseBytes-ShuffleBytes-
#21403399	REDUCE cov: 50 ft: 426 corp: 177/3131b lim: 4096 exec/s: 445904 rss: 37Mb L: 15/34 MS: 3 CopyPart-ChangeBit-EraseBytes-
#23937891	REDUCE cov: 50 ft: 426 corp: 177/3129b lim: 4096 exec/s: 443294 rss: 37Mb L: 16/34 MS: 2 EraseBytes-ChangeBit-
#24976866	REDUCE cov: 50 ft: 426 corp: 177/3127b lim: 4096 exec/s: 446015 rss: 37Mb L: 16/34 MS: 5 CMP-EraseBytes-ChangeBinInt-ChangeBinInt-EraseBytes- DE: "F\000"-
#27945549	REDUCE cov: 50 ft: 426 corp: 177/3125b lim: 4096 exec/s: 443580 rss: 37Mb L: 18/34 MS: 3 CopyPart-EraseBytes-InsertByte-
#31663491	NEW    cov: 50 ft: 427 corp: 178/3145b lim: 4096 exec/s: 445964 rss: 37Mb L: 20/34 MS: 2 CopyPart-CrossOver-
#32137854	REDUCE cov: 50 ft: 427 corp: 178/3143b lim: 4096 exec/s: 440244 rss: 37Mb L: 15/34 MS: 3 EraseBytes-PersAutoDict-ChangeBinInt- DE: "F\000"-
#33554432	pulse  cov: 50 ft: 427 corp: 178/3143b lim: 4096 exec/s: 441505 rss: 37Mb
#33943462	NEW    cov: 50 ft: 428 corp: 179/3177b lim: 4096 exec/s: 440824 rss: 37Mb L: 34/34 MS: 3 InsertRepeatedBytes-ShuffleBytes-EraseBytes-
#34283259	REDUCE cov: 50 ft: 428 corp: 179/3173b lim: 4096 exec/s: 445237 rss: 37Mb L: 27/34 MS: 2 EraseBytes-ShuffleBytes-
#34395116	REDUCE cov: 50 ft: 428 corp: 179/3170b lim: 4096 exec/s: 440963 rss: 37Mb L: 20/34 MS: 2 CopyPart-EraseBytes-
#35701753	REDUCE cov: 50 ft: 428 corp: 179/3168b lim: 4096 exec/s: 440762 rss: 37Mb L: 16/34 MS: 2 EraseBytes-ChangeBinInt-
#38469126	REDUCE cov: 50 ft: 428 corp: 179/3166b lim: 4096 exec/s: 442173 rss: 37Mb L: 16/34 MS: 3 InsertByte-ChangeByte-EraseBytes-
#42572994	NEW    cov: 50 ft: 430 corp: 180/3186b lim: 4096 exec/s: 443468 rss: 37Mb L: 20/34 MS: 3 ShuffleBytes-ChangeASCIIInt-CrossOver-
#48966451	REDUCE cov: 50 ft: 430 corp: 180/3185b lim: 4096 exec/s: 441139 rss: 37Mb L: 22/34 MS: 2 CopyPart-EraseBytes-
#50367689	REDUCE cov: 50 ft: 430 corp: 180/3184b lim: 4096 exec/s: 441821 rss: 37Mb L: 22/34 MS: 3 ChangeByte-EraseBytes-CrossOver-
#52614481	NEW    cov: 50 ft: 431 corp: 181/3204b lim: 4096 exec/s: 442138 rss: 37Mb L: 20/34 MS: 2 ChangeBit-CopyPart-
#53812087	NEW    cov: 50 ft: 432 corp: 182/3224b lim: 4096 exec/s: 441082 rss: 37Mb L: 20/34 MS: 1 CopyPart-
#57022523	REDUCE cov: 50 ft: 433 corp: 183/3242b lim: 4096 exec/s: 442035 rss: 37Mb L: 18/34 MS: 1 CrossOver-
#67108864	pulse  cov: 50 ft: 433 corp: 183/3242b lim: 4096 exec/s: 441505 rss: 37Mb
#69930236	REDUCE cov: 50 ft: 433 corp: 183/3241b lim: 4096 exec/s: 442596 rss: 37Mb L: 22/34 MS: 3 ChangeBit-ChangeByte-EraseBytes-
#72166815	REDUCE cov: 50 ft: 433 corp: 183/3237b lim: 4096 exec/s: 442741 rss: 37Mb L: 16/34 MS: 4 InsertByte-ChangeBit-ChangeBinInt-EraseBytes-
#84233175	REDUCE cov: 50 ft: 433 corp: 183/3235b lim: 4096 exec/s: 443332 rss: 37Mb L: 20/34 MS: 5 InsertByte-ChangeASCIIInt-ChangeBit-ShuffleBytes-EraseBytes-
#90811003	REDUCE cov: 50 ft: 433 corp: 183/3233b lim: 4096 exec/s: 442980 rss: 37Mb L: 18/34 MS: 3 EraseBytes-InsertByte-CrossOver-
#97223300	REDUCE cov: 50 ft: 433 corp: 183/3231b lim: 4096 exec/s: 443942 rss: 37Mb L: 20/34 MS: 2 CopyPart-EraseBytes-
#109191257	REDUCE cov: 50 ft: 433 corp: 183/3229b lim: 4096 exec/s: 443866 rss: 37Mb L: 20/34 MS: 2 EraseBytes-ShuffleBytes-
#109656524	REDUCE cov: 50 ft: 433 corp: 183/3228b lim: 4096 exec/s: 443953 rss: 37Mb L: 15/34 MS: 2 EraseBytes-CrossOver-
#110326474	NEW    cov: 50 ft: 435 corp: 184/3260b lim: 4096 exec/s: 443078 rss: 37Mb L: 32/34 MS: 5 CMP-CrossOver-ChangeASCIIInt-ShuffleBytes-InsertRepeatedBytes- DE: "3\000"-
#110328679	REDUCE cov: 50 ft: 435 corp: 184/3258b lim: 4096 exec/s: 443087 rss: 37Mb L: 30/34 MS: 5 ChangeByte-ChangeByte-ShuffleBytes-ShuffleBytes-EraseBytes-
#110333956	REDUCE cov: 50 ft: 435 corp: 184/3256b lim: 4096 exec/s: 443108 rss: 37Mb L: 28/34 MS: 2 EraseBytes-ChangeBit-
#110346778	REDUCE cov: 50 ft: 435 corp: 184/3250b lim: 4096 exec/s: 443159 rss: 37Mb L: 22/34 MS: 2 EraseBytes-CrossOver-
#110379441	REDUCE cov: 50 ft: 435 corp: 184/3248b lim: 4096 exec/s: 443290 rss: 37Mb L: 20/34 MS: 3 ChangeBinInt-ChangeBit-EraseBytes-
#110384091	REDUCE cov: 50 ft: 435 corp: 184/3246b lim: 4096 exec/s: 443309 rss: 37Mb L: 18/34 MS: 5 ChangeBinInt-ChangeByte-ChangeBit-ChangeBinInt-EraseBytes-
#110399345	REDUCE cov: 50 ft: 435 corp: 184/3244b lim: 4096 exec/s: 443370 rss: 37Mb L: 16/34 MS: 4 EraseBytes-ChangeBit-ChangeByte-PersAutoDict- DE: "\377\377"-
#112353698	REDUCE cov: 50 ft: 436 corp: 185/3260b lim: 4096 exec/s: 442337 rss: 37Mb L: 16/34 MS: 3 CMP-ChangeByte-CopyPart- DE: "\377\377\377\377\377\377\377\023"-
#114768397	NEW    cov: 50 ft: 437 corp: 186/3292b lim: 4096 exec/s: 443121 rss: 37Mb L: 32/34 MS: 4 CrossOver-InsertByte-CrossOver-CopyPart-
#114774969	NEW    cov: 50 ft: 440 corp: 187/3324b lim: 4096 exec/s: 443146 rss: 37Mb L: 32/34 MS: 2 ShuffleBytes-ChangeBit-
#120993644	REDUCE cov: 50 ft: 440 corp: 187/3322b lim: 4096 exec/s: 443200 rss: 37Mb L: 18/34 MS: 5 ChangeASCIIInt-ShuffleBytes-ChangeBinInt-EraseBytes-ChangeBinInt-
#121869494	REDUCE cov: 50 ft: 441 corp: 188/3337b lim: 4096 exec/s: 443161 rss: 37Mb L: 15/34 MS: 5 CopyPart-ChangeByte-ChangeBit-ChangeByte-EraseBytes-
#121882891	NEW    cov: 50 ft: 444 corp: 189/3352b lim: 4096 exec/s: 443210 rss: 37Mb L: 15/34 MS: 2 ChangeASCIIInt-ChangeByte-
#134217728	pulse  cov: 50 ft: 444 corp: 189/3352b lim: 4096 exec/s: 442962 rss: 37Mb
#197427185	REDUCE cov: 50 ft: 444 corp: 189/3347b lim: 4096 exec/s: 441671 rss: 37Mb L: 15/34 MS: 4 ShuffleBytes-ChangeByte-EraseBytes-CrossOver-
#217587789	REDUCE cov: 50 ft: 444 corp: 189/3346b lim: 4096 exec/s: 442251 rss: 37Mb L: 15/34 MS: 4 PersAutoDict-ChangeBit-EraseBytes-ChangeBinInt- DE: "F\000"-
#231952121	REDUCE cov: 50 ft: 444 corp: 189/3345b lim: 4096 exec/s: 441813 rss: 37Mb L: 18/34 MS: 2 ChangeBit-EraseBytes-
#254927316	REDUCE cov: 50 ft: 444 corp: 189/3344b lim: 4096 exec/s: 441815 rss: 37Mb L: 15/34 MS: 5 CopyPart-ChangeByte-ChangeBit-CopyPart-EraseBytes-
#256475546	REDUCE cov: 50 ft: 444 corp: 189/3342b lim: 4096 exec/s: 442199 rss: 37Mb L: 18/34 MS: 5 ChangeByte-EraseBytes-ChangeASCIIInt-ChangeBinInt-CopyPart-
==16770== libFuzzer: run interrupted; exiting
==16770== libFuzzer: run interrupted; exiting
