INFO: Running with entropic power schedule (0xFF, 100).
INFO: Seed: 337026252
INFO: Loaded 1 modules   (70 inline 8-bit counters): 70 [0x55f45d4a6030, 0x55f45d4a6076), 
INFO: Loaded 1 PC tables (70 PCs): 70 [0xc000068000,0xc000068460), 
INFO:       10 files found in corpus
INFO: -max_len is not provided; libFuzzer will not generate inputs larger than 4096 bytes
INFO: seed corpus: files: 10 min: 3b max: 401b total: 953b rss: 29Mb
#11	INITED cov: 11 ft: 27 corp: 6/62b exec/s: 0 rss: 29Mb
#21	NEW    cov: 11 ft: 28 corp: 7/80b lim: 27 exec/s: 0 rss: 29Mb L: 18/27 MS: 5 ChangeBit-ChangeBit-CrossOver-ChangeBit-EraseBytes-
#25	NEW    cov: 11 ft: 29 corp: 8/96b lim: 27 exec/s: 0 rss: 29Mb L: 16/27 MS: 4 ChangeByte-ChangeByte-ChangeBinInt-InsertRepeatedBytes-
#28	NEW    cov: 11 ft: 31 corp: 9/111b lim: 27 exec/s: 0 rss: 29Mb L: 15/27 MS: 3 InsertByte-ShuffleBytes-CrossOver-
#36	NEW    cov: 11 ft: 32 corp: 10/133b lim: 27 exec/s: 0 rss: 29Mb L: 22/27 MS: 3 ChangeByte-EraseBytes-CopyPart-
#46	NEW    cov: 11 ft: 33 corp: 11/158b lim: 27 exec/s: 0 rss: 29Mb L: 25/27 MS: 5 CopyPart-ChangeBit-CopyPart-EraseBytes-InsertRepeatedBytes-
#52	NEW    cov: 11 ft: 34 corp: 12/172b lim: 27 exec/s: 0 rss: 29Mb L: 14/27 MS: 1 EraseBytes-
#70	REDUCE cov: 11 ft: 34 corp: 12/160b lim: 27 exec/s: 0 rss: 29Mb L: 13/27 MS: 3 CopyPart-InsertByte-CrossOver-
#188	NEW    cov: 13 ft: 40 corp: 13/175b lim: 27 exec/s: 0 rss: 29Mb L: 15/27 MS: 3 CrossOver-ChangeBit-InsertByte-
#219	NEW    cov: 13 ft: 42 corp: 14/193b lim: 27 exec/s: 0 rss: 29Mb L: 18/27 MS: 1 CopyPart-
#255	NEW    cov: 25 ft: 94 corp: 15/209b lim: 27 exec/s: 0 rss: 29Mb L: 16/27 MS: 1 InsertByte-
#317	NEW    cov: 25 ft: 96 corp: 16/211b lim: 27 exec/s: 0 rss: 29Mb L: 2/27 MS: 2 EraseBytes-EraseBytes-
#318	NEW    cov: 25 ft: 98 corp: 17/227b lim: 27 exec/s: 0 rss: 29Mb L: 16/27 MS: 1 ChangeByte-
#363	NEW    cov: 25 ft: 99 corp: 18/249b lim: 27 exec/s: 0 rss: 30Mb L: 22/27 MS: 5 EraseBytes-ChangeBit-InsertByte-ChangeBit-InsertRepeatedBytes-
#379	NEW    cov: 25 ft: 101 corp: 19/268b lim: 27 exec/s: 0 rss: 30Mb L: 19/27 MS: 1 CrossOver-
#380	NEW    cov: 25 ft: 102 corp: 20/286b lim: 27 exec/s: 0 rss: 30Mb L: 18/27 MS: 1 ChangeByte-
#389	NEW    cov: 25 ft: 103 corp: 21/311b lim: 27 exec/s: 0 rss: 30Mb L: 25/27 MS: 4 CopyPart-ChangeByte-InsertByte-InsertRepeatedBytes-
#399	REDUCE cov: 25 ft: 103 corp: 21/307b lim: 27 exec/s: 0 rss: 30Mb L: 15/27 MS: 5 EraseBytes-CMP-ChangeBit-ChangeBit-CrossOver- DE: "\001\000"-
#407	REDUCE cov: 25 ft: 103 corp: 21/305b lim: 27 exec/s: 0 rss: 30Mb L: 16/27 MS: 3 EraseBytes-ChangeByte-PersAutoDict- DE: "\001\000"-
#434	REDUCE cov: 25 ft: 105 corp: 22/323b lim: 27 exec/s: 0 rss: 30Mb L: 18/27 MS: 2 PersAutoDict-CrossOver- DE: "\001\000"-
#480	NEW    cov: 25 ft: 108 corp: 23/341b lim: 27 exec/s: 0 rss: 30Mb L: 18/27 MS: 1 ChangeBinInt-
#540	REDUCE cov: 25 ft: 108 corp: 23/339b lim: 27 exec/s: 0 rss: 30Mb L: 20/27 MS: 5 ChangeBinInt-ShuffleBytes-CrossOver-InsertByte-EraseBytes-
#554	NEW    cov: 25 ft: 109 corp: 24/364b lim: 27 exec/s: 0 rss: 30Mb L: 25/27 MS: 4 PersAutoDict-ChangeByte-CopyPart-EraseBytes- DE: "\001\000"-
#571	NEW    cov: 25 ft: 111 corp: 25/383b lim: 27 exec/s: 0 rss: 30Mb L: 19/27 MS: 2 CMP-InsertByte- DE: "\004\000\000\000\000\000\000\000"-
#798	NEW    cov: 25 ft: 112 corp: 26/398b lim: 27 exec/s: 0 rss: 30Mb L: 15/27 MS: 2 ChangeBit-ChangeBit-
#995	NEW    cov: 25 ft: 114 corp: 27/418b lim: 27 exec/s: 0 rss: 30Mb L: 20/27 MS: 2 ChangeBit-InsertByte-
#1067	REDUCE cov: 25 ft: 114 corp: 27/416b lim: 27 exec/s: 0 rss: 30Mb L: 18/27 MS: 2 ChangeBit-EraseBytes-
#1116	REDUCE cov: 25 ft: 114 corp: 27/415b lim: 27 exec/s: 0 rss: 30Mb L: 17/27 MS: 4 ShuffleBytes-InsertByte-InsertRepeatedBytes-EraseBytes-
#1173	REDUCE cov: 25 ft: 114 corp: 27/405b lim: 27 exec/s: 0 rss: 30Mb L: 15/27 MS: 2 CrossOver-CrossOver-
#1230	NEW    cov: 25 ft: 116 corp: 28/424b lim: 27 exec/s: 0 rss: 30Mb L: 19/27 MS: 2 EraseBytes-InsertRepeatedBytes-
#1278	REDUCE cov: 25 ft: 116 corp: 28/423b lim: 27 exec/s: 0 rss: 30Mb L: 18/27 MS: 3 EraseBytes-PersAutoDict-EraseBytes- DE: "\004\000\000\000\000\000\000\000"-
#1322	REDUCE cov: 25 ft: 116 corp: 28/420b lim: 27 exec/s: 0 rss: 30Mb L: 19/27 MS: 4 ChangeBit-CopyPart-PersAutoDict-EraseBytes- DE: "\001\000"-
#1443	REDUCE cov: 25 ft: 117 corp: 29/438b lim: 27 exec/s: 0 rss: 30Mb L: 18/27 MS: 1 CopyPart-
#1592	REDUCE cov: 25 ft: 117 corp: 29/437b lim: 27 exec/s: 0 rss: 30Mb L: 16/27 MS: 4 ShuffleBytes-InsertRepeatedBytes-ChangeByte-EraseBytes-
#1612	REDUCE cov: 25 ft: 117 corp: 29/436b lim: 27 exec/s: 0 rss: 30Mb L: 17/27 MS: 5 ChangeByte-PersAutoDict-ChangeBit-InsertRepeatedBytes-EraseBytes- DE: "\001\000"-
#1613	NEW    cov: 25 ft: 118 corp: 30/456b lim: 27 exec/s: 0 rss: 30Mb L: 20/27 MS: 1 ChangeBit-
#1741	REDUCE cov: 25 ft: 118 corp: 30/455b lim: 27 exec/s: 0 rss: 30Mb L: 24/27 MS: 3 CopyPart-EraseBytes-CMP- DE: "\000\000\000\000"-
#1814	REDUCE cov: 25 ft: 118 corp: 30/453b lim: 27 exec/s: 0 rss: 30Mb L: 16/27 MS: 3 ChangeByte-EraseBytes-ChangeByte-
#1896	REDUCE cov: 25 ft: 119 corp: 31/473b lim: 27 exec/s: 0 rss: 30Mb L: 20/27 MS: 2 CrossOver-CrossOver-
#2334	NEW    cov: 25 ft: 120 corp: 32/504b lim: 31 exec/s: 0 rss: 30Mb L: 31/31 MS: 3 CrossOver-PersAutoDict-CopyPart- DE: "\004\000\000\000\000\000\000\000"-
#2413	REDUCE cov: 25 ft: 121 corp: 33/533b lim: 31 exec/s: 0 rss: 30Mb L: 29/31 MS: 4 CrossOver-ChangeBit-CrossOver-EraseBytes-
#2824	REDUCE cov: 25 ft: 123 corp: 34/567b lim: 35 exec/s: 0 rss: 30Mb L: 34/34 MS: 1 InsertRepeatedBytes-
#2838	NEW    cov: 25 ft: 124 corp: 35/600b lim: 35 exec/s: 0 rss: 30Mb L: 33/34 MS: 4 ChangeBinInt-InsertByte-ShuffleBytes-InsertByte-
#3451	REDUCE cov: 25 ft: 125 corp: 36/618b lim: 40 exec/s: 0 rss: 30Mb L: 18/34 MS: 3 ChangeByte-InsertByte-InsertByte-
#4137	REDUCE cov: 25 ft: 125 corp: 36/617b lim: 45 exec/s: 0 rss: 31Mb L: 15/34 MS: 1 EraseBytes-
#4251	REDUCE cov: 25 ft: 125 corp: 36/616b lim: 45 exec/s: 0 rss: 31Mb L: 19/34 MS: 4 EraseBytes-ChangeBinInt-CopyPart-ChangeBinInt-
#4647	REDUCE cov: 30 ft: 139 corp: 37/636b lim: 45 exec/s: 0 rss: 31Mb L: 20/34 MS: 1 InsertRepeatedBytes-
#4713	NEW    cov: 30 ft: 141 corp: 38/656b lim: 45 exec/s: 0 rss: 31Mb L: 20/34 MS: 1 ChangeASCIIInt-
#4737	REDUCE cov: 30 ft: 141 corp: 38/654b lim: 45 exec/s: 0 rss: 31Mb L: 17/34 MS: 4 ChangeBinInt-InsertByte-EraseBytes-InsertByte-
#5053	NEW    cov: 30 ft: 143 corp: 39/674b lim: 45 exec/s: 0 rss: 31Mb L: 20/34 MS: 1 ChangeBit-
#5165	NEW    cov: 30 ft: 145 corp: 40/693b lim: 45 exec/s: 0 rss: 31Mb L: 19/34 MS: 2 InsertByte-EraseBytes-
#5616	NEW    cov: 30 ft: 147 corp: 41/713b lim: 45 exec/s: 0 rss: 31Mb L: 20/34 MS: 1 ChangeASCIIInt-
#6047	NEW    cov: 30 ft: 149 corp: 42/733b lim: 45 exec/s: 0 rss: 31Mb L: 20/34 MS: 1 ShuffleBytes-
#6378	REDUCE cov: 30 ft: 149 corp: 42/732b lim: 45 exec/s: 0 rss: 31Mb L: 17/34 MS: 1 EraseBytes-
#6390	REDUCE cov: 30 ft: 149 corp: 42/731b lim: 45 exec/s: 0 rss: 31Mb L: 19/34 MS: 2 ChangeBit-EraseBytes-
#6423	NEW    cov: 30 ft: 151 corp: 43/750b lim: 45 exec/s: 0 rss: 31Mb L: 19/34 MS: 3 ChangeASCIIInt-PersAutoDict-ChangeBit- DE: "\001\000"-
#6584	NEW    cov: 30 ft: 153 corp: 44/770b lim: 45 exec/s: 0 rss: 31Mb L: 20/34 MS: 1 ChangeByte-
#7025	NEW    cov: 30 ft: 155 corp: 45/790b lim: 45 exec/s: 0 rss: 31Mb L: 20/34 MS: 1 ShuffleBytes-
#7032	REDUCE cov: 30 ft: 155 corp: 45/789b lim: 45 exec/s: 0 rss: 31Mb L: 17/34 MS: 2 InsertRepeatedBytes-CrossOver-
#7038	REDUCE cov: 30 ft: 155 corp: 45/787b lim: 45 exec/s: 0 rss: 31Mb L: 17/34 MS: 1 EraseBytes-
#7309	NEW    cov: 30 ft: 158 corp: 46/806b lim: 45 exec/s: 0 rss: 31Mb L: 19/34 MS: 1 CrossOver-
#7855	NEW    cov: 30 ft: 160 corp: 47/826b lim: 50 exec/s: 0 rss: 31Mb L: 20/34 MS: 1 ChangeASCIIInt-
#8651	REDUCE cov: 30 ft: 160 corp: 47/824b lim: 55 exec/s: 0 rss: 31Mb L: 15/34 MS: 1 CrossOver-
#9074	NEW    cov: 30 ft: 161 corp: 48/844b lim: 55 exec/s: 0 rss: 32Mb L: 20/34 MS: 3 CopyPart-ShuffleBytes-ShuffleBytes-
#9645	NEW    cov: 30 ft: 162 corp: 49/864b lim: 60 exec/s: 0 rss: 32Mb L: 20/34 MS: 1 ChangeBinInt-
#10483	REDUCE cov: 30 ft: 162 corp: 49/862b lim: 65 exec/s: 0 rss: 32Mb L: 18/34 MS: 3 InsertByte-PersAutoDict-EraseBytes- DE: "\001\000"-
#10690	REDUCE cov: 30 ft: 171 corp: 50/882b lim: 65 exec/s: 0 rss: 32Mb L: 20/34 MS: 2 PersAutoDict-InsertByte- DE: "\000\000\000\000"-
#11134	REDUCE cov: 30 ft: 171 corp: 50/880b lim: 65 exec/s: 0 rss: 32Mb L: 16/34 MS: 4 ChangeByte-ChangeBit-PersAutoDict-EraseBytes- DE: "\000\000\000\000"-
#11175	NEW    cov: 30 ft: 172 corp: 51/900b lim: 65 exec/s: 0 rss: 32Mb L: 20/34 MS: 1 CopyPart-
#11259	NEW    cov: 30 ft: 174 corp: 52/920b lim: 65 exec/s: 0 rss: 32Mb L: 20/34 MS: 4 CopyPart-ChangeASCIIInt-ChangeByte-CopyPart-
#11465	NEW    cov: 30 ft: 176 corp: 53/940b lim: 65 exec/s: 0 rss: 32Mb L: 20/34 MS: 1 ShuffleBytes-
#11859	NEW    cov: 32 ft: 189 corp: 54/962b lim: 65 exec/s: 0 rss: 32Mb L: 22/34 MS: 4 ChangeByte-CrossOver-CrossOver-CrossOver-
#12281	NEW    cov: 32 ft: 191 corp: 55/982b lim: 65 exec/s: 0 rss: 32Mb L: 20/34 MS: 2 ChangeBinInt-ShuffleBytes-
#12475	REDUCE cov: 32 ft: 191 corp: 55/979b lim: 65 exec/s: 0 rss: 32Mb L: 1/34 MS: 4 CopyPart-ShuffleBytes-EraseBytes-EraseBytes-
#14041	NEW    cov: 32 ft: 198 corp: 56/999b lim: 77 exec/s: 0 rss: 32Mb L: 20/34 MS: 1 CopyPart-
#14081	REDUCE cov: 32 ft: 198 corp: 56/997b lim: 77 exec/s: 0 rss: 32Mb L: 16/34 MS: 5 ShuffleBytes-InsertRepeatedBytes-EraseBytes-ChangeByte-InsertByte-
#14152	REDUCE cov: 32 ft: 198 corp: 56/996b lim: 77 exec/s: 0 rss: 32Mb L: 19/34 MS: 1 EraseBytes-
#14208	NEW    cov: 32 ft: 199 corp: 57/1018b lim: 77 exec/s: 0 rss: 33Mb L: 22/34 MS: 1 ChangeByte-
#15119	NEW    cov: 32 ft: 200 corp: 58/1040b lim: 83 exec/s: 0 rss: 33Mb L: 22/34 MS: 1 ChangeBit-
#15148	REDUCE cov: 32 ft: 202 corp: 59/1060b lim: 83 exec/s: 0 rss: 33Mb L: 20/34 MS: 4 CrossOver-CrossOver-CMP-EraseBytes- DE: "\000\000\000\000\000\000\000\000"-
#15995	NEW    cov: 32 ft: 204 corp: 60/1082b lim: 89 exec/s: 0 rss: 33Mb L: 22/34 MS: 2 ChangeBinInt-ChangeASCIIInt-
#16672	NEW    cov: 32 ft: 206 corp: 61/1099b lim: 95 exec/s: 0 rss: 33Mb L: 17/34 MS: 2 ChangeBit-EraseBytes-
#17048	NEW    cov: 32 ft: 208 corp: 62/1121b lim: 95 exec/s: 0 rss: 33Mb L: 22/34 MS: 1 CopyPart-
#17895	REDUCE cov: 32 ft: 208 corp: 62/1120b lim: 101 exec/s: 0 rss: 33Mb L: 15/34 MS: 2 InsertByte-EraseBytes-
#18583	REDUCE cov: 32 ft: 208 corp: 62/1119b lim: 107 exec/s: 0 rss: 33Mb L: 15/34 MS: 3 InsertByte-InsertByte-EraseBytes-
#18739	NEW    cov: 47 ft: 272 corp: 63/1141b lim: 107 exec/s: 0 rss: 34Mb L: 22/34 MS: 1 ChangeBinInt-
#19052	NEW    cov: 47 ft: 273 corp: 64/1162b lim: 107 exec/s: 0 rss: 34Mb L: 21/34 MS: 3 CopyPart-CopyPart-EraseBytes-
#19803	NEW    cov: 47 ft: 274 corp: 65/1184b lim: 113 exec/s: 0 rss: 34Mb L: 22/34 MS: 1 ChangeByte-
#21423	NEW    cov: 48 ft: 277 corp: 66/1204b lim: 125 exec/s: 0 rss: 34Mb L: 20/34 MS: 5 ShuffleBytes-CopyPart-EraseBytes-PersAutoDict-ChangeByte- DE: "\001\000"-
#23395	REDUCE cov: 48 ft: 277 corp: 66/1203b lim: 138 exec/s: 0 rss: 34Mb L: 19/34 MS: 2 ShuffleBytes-EraseBytes-
#24081	NEW    cov: 49 ft: 278 corp: 67/1225b lim: 138 exec/s: 0 rss: 34Mb L: 22/34 MS: 1 ChangeByte-
#24323	REDUCE cov: 49 ft: 278 corp: 67/1224b lim: 138 exec/s: 0 rss: 34Mb L: 19/34 MS: 2 ChangeByte-EraseBytes-
#25260	REDUCE cov: 49 ft: 278 corp: 67/1223b lim: 145 exec/s: 0 rss: 34Mb L: 17/34 MS: 2 ChangeBit-EraseBytes-
#25266	NEW    cov: 49 ft: 281 corp: 68/1245b lim: 145 exec/s: 0 rss: 34Mb L: 22/34 MS: 1 ChangeByte-
#25352	NEW    cov: 49 ft: 283 corp: 69/1267b lim: 145 exec/s: 0 rss: 34Mb L: 22/34 MS: 1 PersAutoDict- DE: "\001\000"-
#25987	NEW    cov: 49 ft: 284 corp: 70/1288b lim: 145 exec/s: 0 rss: 34Mb L: 21/34 MS: 5 CopyPart-InsertByte-ChangeASCIIInt-ChangeBinInt-CrossOver-
#26468	NEW    cov: 49 ft: 292 corp: 71/1309b lim: 145 exec/s: 0 rss: 34Mb L: 21/34 MS: 1 CopyPart-
#26489	NEW    cov: 49 ft: 294 corp: 72/1331b lim: 145 exec/s: 0 rss: 34Mb L: 22/34 MS: 1 ChangeASCIIInt-
#28585	REDUCE cov: 49 ft: 294 corp: 72/1330b lim: 159 exec/s: 0 rss: 34Mb L: 15/34 MS: 1 EraseBytes-
#28880	REDUCE cov: 49 ft: 294 corp: 72/1329b lim: 159 exec/s: 0 rss: 34Mb L: 18/34 MS: 5 ChangeBinInt-InsertByte-EraseBytes-ChangeBit-PersAutoDict- DE: "\000\000\000\000\000\000\000\000"-
#30346	REDUCE cov: 49 ft: 294 corp: 72/1328b lim: 173 exec/s: 0 rss: 34Mb L: 21/34 MS: 1 EraseBytes-
#35173	REDUCE cov: 49 ft: 294 corp: 72/1326b lim: 215 exec/s: 0 rss: 35Mb L: 19/34 MS: 2 CopyPart-EraseBytes-
#36064	REDUCE cov: 49 ft: 294 corp: 72/1325b lim: 222 exec/s: 0 rss: 35Mb L: 15/34 MS: 1 EraseBytes-
#36690	REDUCE cov: 49 ft: 294 corp: 72/1324b lim: 222 exec/s: 0 rss: 35Mb L: 21/34 MS: 1 EraseBytes-
#37846	REDUCE cov: 49 ft: 294 corp: 72/1323b lim: 229 exec/s: 0 rss: 35Mb L: 21/34 MS: 1 EraseBytes-
#38363	REDUCE cov: 49 ft: 296 corp: 73/1344b lim: 229 exec/s: 0 rss: 35Mb L: 21/34 MS: 2 ChangeBit-ShuffleBytes-
#39621	NEW    cov: 49 ft: 297 corp: 74/1366b lim: 236 exec/s: 0 rss: 35Mb L: 22/34 MS: 3 EraseBytes-InsertByte-CopyPart-
#42898	NEW    cov: 49 ft: 299 corp: 75/1388b lim: 265 exec/s: 0 rss: 35Mb L: 22/34 MS: 2 ChangeBinInt-ChangeBit-
#43909	REDUCE cov: 49 ft: 299 corp: 75/1387b lim: 273 exec/s: 0 rss: 35Mb L: 21/34 MS: 1 EraseBytes-
#47991	REDUCE cov: 49 ft: 299 corp: 75/1386b lim: 313 exec/s: 0 rss: 35Mb L: 19/34 MS: 2 CMP-EraseBytes- DE: "\001\000\000\000\000\000\000\005"-
#49924	REDUCE cov: 49 ft: 300 corp: 76/1403b lim: 329 exec/s: 0 rss: 35Mb L: 17/34 MS: 3 CMP-ChangeBit-EraseBytes- DE: "3\000\000\000"-
#50252	REDUCE cov: 49 ft: 300 corp: 76/1402b lim: 329 exec/s: 0 rss: 35Mb L: 18/34 MS: 3 InsertByte-PersAutoDict-EraseBytes- DE: "\000\000\000\000\000\000\000\000"-
#53010	REDUCE cov: 49 ft: 300 corp: 76/1401b lim: 353 exec/s: 0 rss: 35Mb L: 21/34 MS: 3 ShuffleBytes-CopyPart-EraseBytes-
#62612	REDUCE cov: 49 ft: 300 corp: 76/1399b lim: 441 exec/s: 0 rss: 35Mb L: 19/34 MS: 2 EraseBytes-CopyPart-
#65919	REDUCE cov: 49 ft: 300 corp: 76/1397b lim: 473 exec/s: 0 rss: 35Mb L: 15/34 MS: 2 ChangeBit-EraseBytes-
#69196	NEW    cov: 49 ft: 301 corp: 77/1419b lim: 505 exec/s: 0 rss: 35Mb L: 22/34 MS: 2 ShuffleBytes-ChangeBit-
#69963	REDUCE cov: 49 ft: 301 corp: 77/1418b lim: 505 exec/s: 0 rss: 35Mb L: 20/34 MS: 2 EraseBytes-PersAutoDict- DE: "3\000\000\000"-
#70319	NEW    cov: 49 ft: 302 corp: 78/1440b lim: 505 exec/s: 0 rss: 35Mb L: 22/34 MS: 1 ChangeBit-
#74736	REDUCE cov: 49 ft: 304 corp: 79/1459b lim: 540 exec/s: 0 rss: 35Mb L: 19/34 MS: 2 ChangeBinInt-ChangeASCIIInt-
#75433	REDUCE cov: 49 ft: 304 corp: 79/1458b lim: 540 exec/s: 0 rss: 35Mb L: 16/34 MS: 2 EraseBytes-ChangeBit-
#78874	REDUCE cov: 49 ft: 304 corp: 79/1457b lim: 567 exec/s: 0 rss: 35Mb L: 19/34 MS: 1 EraseBytes-
#78980	REDUCE cov: 49 ft: 304 corp: 79/1456b lim: 567 exec/s: 0 rss: 35Mb L: 21/34 MS: 1 EraseBytes-
#81070	NEW    cov: 49 ft: 308 corp: 80/1475b lim: 585 exec/s: 0 rss: 35Mb L: 19/34 MS: 5 ShuffleBytes-CrossOver-ChangeBinInt-ShuffleBytes-ShuffleBytes-
#82474	REDUCE cov: 49 ft: 308 corp: 80/1474b lim: 594 exec/s: 0 rss: 35Mb L: 16/34 MS: 4 EraseBytes-CopyPart-ShuffleBytes-InsertByte-
#83070	REDUCE cov: 49 ft: 308 corp: 80/1473b lim: 594 exec/s: 0 rss: 35Mb L: 20/34 MS: 1 EraseBytes-
#84481	REDUCE cov: 49 ft: 308 corp: 80/1472b lim: 603 exec/s: 0 rss: 35Mb L: 21/34 MS: 1 EraseBytes-
#85397	NEW    cov: 50 ft: 313 corp: 81/1494b lim: 612 exec/s: 0 rss: 35Mb L: 22/34 MS: 1 ChangeByte-
#86729	REDUCE cov: 50 ft: 314 corp: 82/1509b lim: 621 exec/s: 0 rss: 35Mb L: 15/34 MS: 2 ChangeByte-CMP- DE: "\377\377\377\377\377\377\377\017"-
#86805	REDUCE cov: 50 ft: 314 corp: 82/1508b lim: 621 exec/s: 0 rss: 35Mb L: 19/34 MS: 1 EraseBytes-
#87721	REDUCE cov: 50 ft: 316 corp: 83/1527b lim: 630 exec/s: 0 rss: 35Mb L: 19/34 MS: 1 ChangeBit-
#88227	REDUCE cov: 50 ft: 316 corp: 83/1526b lim: 630 exec/s: 0 rss: 35Mb L: 21/34 MS: 1 EraseBytes-
#88968	REDUCE cov: 50 ft: 316 corp: 83/1525b lim: 630 exec/s: 0 rss: 35Mb L: 21/34 MS: 1 EraseBytes-
#89460	NEW    cov: 50 ft: 317 corp: 84/1547b lim: 630 exec/s: 0 rss: 35Mb L: 22/34 MS: 2 ChangeBit-ShuffleBytes-
#89471	NEW    cov: 50 ft: 318 corp: 85/1569b lim: 630 exec/s: 0 rss: 35Mb L: 22/34 MS: 1 ChangeASCIIInt-
#89541	REDUCE cov: 50 ft: 318 corp: 85/1568b lim: 630 exec/s: 0 rss: 35Mb L: 21/34 MS: 5 CopyPart-ShuffleBytes-ChangeByte-PersAutoDict-EraseBytes- DE: "\001\000"-
#89787	NEW    cov: 50 ft: 319 corp: 86/1590b lim: 630 exec/s: 0 rss: 35Mb L: 22/34 MS: 1 ChangeBinInt-
#89883	NEW    cov: 50 ft: 320 corp: 87/1612b lim: 630 exec/s: 0 rss: 35Mb L: 22/34 MS: 1 ChangeBit-
#90131	NEW    cov: 50 ft: 321 corp: 88/1634b lim: 630 exec/s: 0 rss: 35Mb L: 22/34 MS: 3 ChangeBinInt-ChangeByte-ShuffleBytes-
#92227	NEW    cov: 50 ft: 322 corp: 89/1656b lim: 648 exec/s: 0 rss: 35Mb L: 22/34 MS: 1 ChangeASCIIInt-
#92804	NEW    cov: 50 ft: 323 corp: 90/1678b lim: 648 exec/s: 0 rss: 35Mb L: 22/34 MS: 2 ShuffleBytes-ShuffleBytes-
#92940	NEW    cov: 50 ft: 324 corp: 91/1700b lim: 648 exec/s: 0 rss: 35Mb L: 22/34 MS: 1 ShuffleBytes-
#93018	NEW    cov: 50 ft: 325 corp: 92/1722b lim: 648 exec/s: 0 rss: 35Mb L: 22/34 MS: 3 ShuffleBytes-ChangeASCIIInt-ShuffleBytes-
#94290	NEW    cov: 50 ft: 326 corp: 93/1744b lim: 657 exec/s: 0 rss: 35Mb L: 22/34 MS: 2 ChangeByte-ShuffleBytes-
#94361	NEW    cov: 50 ft: 327 corp: 94/1766b lim: 657 exec/s: 0 rss: 35Mb L: 22/34 MS: 1 ChangeBinInt-
#94835	REDUCE cov: 50 ft: 327 corp: 94/1762b lim: 657 exec/s: 0 rss: 35Mb L: 18/34 MS: 4 CopyPart-CopyPart-EraseBytes-CopyPart-
#94962	NEW    cov: 50 ft: 328 corp: 95/1784b lim: 657 exec/s: 0 rss: 35Mb L: 22/34 MS: 2 ChangeBinInt-ShuffleBytes-
#96763	REDUCE cov: 50 ft: 329 corp: 96/1805b lim: 666 exec/s: 0 rss: 35Mb L: 21/34 MS: 1 ChangeBit-
#97385	REDUCE cov: 50 ft: 329 corp: 96/1804b lim: 666 exec/s: 0 rss: 35Mb L: 15/34 MS: 2 ShuffleBytes-EraseBytes-
#99129	NEW    cov: 50 ft: 330 corp: 97/1819b lim: 675 exec/s: 0 rss: 35Mb L: 15/34 MS: 4 CopyPart-CrossOver-CrossOver-CrossOver-
#99628	REDUCE cov: 50 ft: 330 corp: 97/1817b lim: 675 exec/s: 0 rss: 35Mb L: 20/34 MS: 4 ChangeBinInt-ChangeByte-PersAutoDict-EraseBytes- DE: "\004\000\000\000\000\000\000\000"-
#100050	REDUCE cov: 50 ft: 331 corp: 98/1835b lim: 675 exec/s: 0 rss: 35Mb L: 18/34 MS: 2 ShuffleBytes-ChangeBit-
#100597	REDUCE cov: 50 ft: 331 corp: 98/1832b lim: 675 exec/s: 0 rss: 35Mb L: 19/34 MS: 2 InsertByte-EraseBytes-
#101715	REDUCE cov: 50 ft: 331 corp: 98/1831b lim: 684 exec/s: 0 rss: 35Mb L: 21/34 MS: 3 ChangeByte-ChangeASCIIInt-EraseBytes-
#102696	REDUCE cov: 50 ft: 331 corp: 98/1830b lim: 693 exec/s: 0 rss: 35Mb L: 21/34 MS: 1 EraseBytes-
#103732	NEW    cov: 50 ft: 332 corp: 99/1850b lim: 702 exec/s: 0 rss: 35Mb L: 20/34 MS: 1 ChangeBinInt-
#106244	REDUCE cov: 50 ft: 332 corp: 99/1849b lim: 720 exec/s: 0 rss: 35Mb L: 18/34 MS: 2 ChangeBit-EraseBytes-
#106516	REDUCE cov: 50 ft: 332 corp: 99/1846b lim: 720 exec/s: 0 rss: 35Mb L: 19/34 MS: 2 CopyPart-EraseBytes-
#107773	REDUCE cov: 50 ft: 332 corp: 99/1845b lim: 729 exec/s: 0 rss: 35Mb L: 21/34 MS: 2 EraseBytes-ChangeByte-
#107815	REDUCE cov: 50 ft: 332 corp: 99/1842b lim: 729 exec/s: 0 rss: 35Mb L: 19/34 MS: 2 ChangeByte-EraseBytes-
#108676	NEW    cov: 50 ft: 333 corp: 100/1860b lim: 729 exec/s: 0 rss: 35Mb L: 18/34 MS: 1 CopyPart-
#112737	REDUCE cov: 50 ft: 333 corp: 100/1859b lim: 765 exec/s: 0 rss: 35Mb L: 21/34 MS: 1 EraseBytes-
#116798	NEW    cov: 50 ft: 339 corp: 101/1881b lim: 801 exec/s: 0 rss: 35Mb L: 22/34 MS: 1 ChangeBit-
#117014	REDUCE cov: 50 ft: 339 corp: 101/1880b lim: 801 exec/s: 0 rss: 35Mb L: 23/34 MS: 1 EraseBytes-
#123119	REDUCE cov: 50 ft: 339 corp: 101/1879b lim: 855 exec/s: 0 rss: 35Mb L: 19/34 MS: 5 CrossOver-EraseBytes-InsertByte-ShuffleBytes-PersAutoDict- DE: "3\000\000\000"-
#128456	REDUCE cov: 50 ft: 342 corp: 102/1900b lim: 900 exec/s: 0 rss: 35Mb L: 21/34 MS: 2 ChangeByte-ChangeASCIIInt-
#129008	REDUCE cov: 50 ft: 342 corp: 102/1899b lim: 900 exec/s: 0 rss: 35Mb L: 21/34 MS: 2 ShuffleBytes-EraseBytes-
#131485	REDUCE cov: 50 ft: 342 corp: 102/1897b lim: 918 exec/s: 0 rss: 35Mb L: 19/34 MS: 2 ChangeBit-EraseBytes-
#131753	REDUCE cov: 50 ft: 342 corp: 102/1896b lim: 918 exec/s: 0 rss: 35Mb L: 17/34 MS: 3 CopyPart-ChangeByte-EraseBytes-
#133234	NEW    cov: 50 ft: 343 corp: 103/1914b lim: 927 exec/s: 0 rss: 35Mb L: 18/34 MS: 1 ChangeBit-
#135990	REDUCE cov: 50 ft: 343 corp: 103/1913b lim: 954 exec/s: 0 rss: 35Mb L: 20/34 MS: 1 EraseBytes-
#138914	REDUCE cov: 50 ft: 344 corp: 104/1934b lim: 981 exec/s: 0 rss: 35Mb L: 21/34 MS: 4 ChangeASCIIInt-CrossOver-ChangeBinInt-InsertByte-
#139970	REDUCE cov: 50 ft: 344 corp: 104/1929b lim: 990 exec/s: 0 rss: 35Mb L: 16/34 MS: 1 EraseBytes-
#140141	REDUCE cov: 50 ft: 347 corp: 105/1950b lim: 990 exec/s: 0 rss: 35Mb L: 21/34 MS: 1 ChangeByte-
#142958	REDUCE cov: 50 ft: 347 corp: 105/1948b lim: 1017 exec/s: 0 rss: 35Mb L: 19/34 MS: 2 CopyPart-EraseBytes-
#144722	REDUCE cov: 50 ft: 347 corp: 105/1946b lim: 1026 exec/s: 0 rss: 35Mb L: 21/34 MS: 4 ChangeBit-InsertRepeatedBytes-ShuffleBytes-EraseBytes-
#145385	REDUCE cov: 50 ft: 347 corp: 105/1942b lim: 1026 exec/s: 0 rss: 35Mb L: 18/34 MS: 3 EraseBytes-ChangeBit-CopyPart-
#147786	REDUCE cov: 50 ft: 347 corp: 105/1941b lim: 1046 exec/s: 0 rss: 35Mb L: 21/34 MS: 1 EraseBytes-
#147915	REDUCE cov: 50 ft: 347 corp: 105/1940b lim: 1046 exec/s: 0 rss: 35Mb L: 15/34 MS: 4 ShuffleBytes-CrossOver-ShuffleBytes-EraseBytes-
#154711	REDUCE cov: 50 ft: 347 corp: 105/1939b lim: 1106 exec/s: 0 rss: 35Mb L: 20/34 MS: 1 EraseBytes-
#155983	REDUCE cov: 50 ft: 347 corp: 105/1938b lim: 1116 exec/s: 0 rss: 35Mb L: 18/34 MS: 2 ChangeASCIIInt-EraseBytes-
#160654	REDUCE cov: 50 ft: 348 corp: 106/1958b lim: 1156 exec/s: 0 rss: 35Mb L: 20/34 MS: 1 ChangeByte-
#161466	REDUCE cov: 50 ft: 348 corp: 106/1957b lim: 1156 exec/s: 0 rss: 35Mb L: 19/34 MS: 2 ChangeByte-EraseBytes-
#162414	REDUCE cov: 50 ft: 348 corp: 106/1956b lim: 1156 exec/s: 0 rss: 35Mb L: 19/34 MS: 3 ShuffleBytes-EraseBytes-CrossOver-
#173484	REDUCE cov: 50 ft: 348 corp: 106/1954b lim: 1266 exec/s: 0 rss: 35Mb L: 16/34 MS: 5 EraseBytes-ChangeBinInt-CopyPart-InsertByte-InsertByte-
#174260	NEW    cov: 50 ft: 349 corp: 107/1972b lim: 1266 exec/s: 0 rss: 35Mb L: 18/34 MS: 1 ChangeBit-
#179032	NEW    cov: 50 ft: 350 corp: 108/1991b lim: 1306 exec/s: 0 rss: 35Mb L: 19/34 MS: 2 ChangeByte-ChangeBinInt-
#181555	REDUCE cov: 50 ft: 350 corp: 108/1989b lim: 1326 exec/s: 0 rss: 35Mb L: 16/34 MS: 3 InsertByte-ChangeByte-EraseBytes-
#182006	REDUCE cov: 50 ft: 350 corp: 108/1988b lim: 1326 exec/s: 0 rss: 35Mb L: 18/34 MS: 1 EraseBytes-
#182911	REDUCE cov: 50 ft: 350 corp: 108/1986b lim: 1326 exec/s: 0 rss: 35Mb L: 15/34 MS: 5 ChangeBinInt-InsertByte-EraseBytes-InsertByte-PersAutoDict- DE: "3\000\000\000"-
#184849	NEW    cov: 50 ft: 351 corp: 109/2005b lim: 1336 exec/s: 0 rss: 35Mb L: 19/34 MS: 3 ChangeBit-CopyPart-ChangeASCIIInt-
#190215	REDUCE cov: 50 ft: 351 corp: 109/2004b lim: 1386 exec/s: 0 rss: 35Mb L: 20/34 MS: 1 EraseBytes-
#193541	REDUCE cov: 50 ft: 351 corp: 109/2003b lim: 1416 exec/s: 0 rss: 35Mb L: 20/34 MS: 1 EraseBytes-
#194349	REDUCE cov: 50 ft: 351 corp: 109/2001b lim: 1416 exec/s: 0 rss: 35Mb L: 18/34 MS: 3 ChangeByte-ChangeBit-EraseBytes-
#197275	REDUCE cov: 50 ft: 351 corp: 109/2000b lim: 1436 exec/s: 0 rss: 35Mb L: 21/34 MS: 1 EraseBytes-
#198016	REDUCE cov: 50 ft: 352 corp: 110/2018b lim: 1436 exec/s: 0 rss: 35Mb L: 18/34 MS: 1 CopyPart-
#200447	REDUCE cov: 50 ft: 352 corp: 110/2017b lim: 1456 exec/s: 0 rss: 35Mb L: 20/34 MS: 1 EraseBytes-
#205068	NEW    cov: 50 ft: 353 corp: 111/2036b lim: 1496 exec/s: 0 rss: 35Mb L: 19/34 MS: 1 ShuffleBytes-
#210039	NEW    cov: 50 ft: 354 corp: 112/2055b lim: 1536 exec/s: 0 rss: 35Mb L: 19/34 MS: 1 ChangeBit-
#212140	NEW    cov: 50 ft: 355 corp: 113/2074b lim: 1556 exec/s: 0 rss: 35Mb L: 19/34 MS: 1 ChangeASCIIInt-
#213111	REDUCE cov: 50 ft: 355 corp: 113/2073b lim: 1556 exec/s: 0 rss: 35Mb L: 20/34 MS: 1 EraseBytes-
#218350	REDUCE cov: 50 ft: 355 corp: 113/2072b lim: 1606 exec/s: 0 rss: 35Mb L: 18/34 MS: 4 CopyPart-ChangeBinInt-ShuffleBytes-EraseBytes-
#221086	NEW    cov: 50 ft: 356 corp: 114/2090b lim: 1626 exec/s: 0 rss: 35Mb L: 18/34 MS: 1 ShuffleBytes-
#224387	REDUCE cov: 50 ft: 356 corp: 114/2089b lim: 1656 exec/s: 0 rss: 35Mb L: 20/34 MS: 1 EraseBytes-
#237073	REDUCE cov: 50 ft: 356 corp: 114/2088b lim: 1776 exec/s: 0 rss: 35Mb L: 18/34 MS: 1 EraseBytes-
#265100	REDUCE cov: 50 ft: 356 corp: 114/2087b lim: 2046 exec/s: 0 rss: 35Mb L: 15/34 MS: 2 InsertByte-EraseBytes-
#272051	REDUCE cov: 50 ft: 356 corp: 114/2086b lim: 2111 exec/s: 0 rss: 35Mb L: 19/34 MS: 1 EraseBytes-
#273759	REDUCE cov: 50 ft: 357 corp: 115/2104b lim: 2122 exec/s: 0 rss: 35Mb L: 18/34 MS: 3 ChangeASCIIInt-ShuffleBytes-ChangeBit-
#275416	REDUCE cov: 50 ft: 357 corp: 115/2101b lim: 2133 exec/s: 0 rss: 35Mb L: 16/34 MS: 2 EraseBytes-ChangeBinInt-
#276814	REDUCE cov: 50 ft: 357 corp: 115/2099b lim: 2144 exec/s: 0 rss: 35Mb L: 17/34 MS: 3 CopyPart-ChangeByte-EraseBytes-
#277666	REDUCE cov: 50 ft: 357 corp: 115/2097b lim: 2144 exec/s: 0 rss: 35Mb L: 17/34 MS: 2 EraseBytes-ChangeBinInt-
#278888	NEW    cov: 50 ft: 358 corp: 116/2115b lim: 2155 exec/s: 0 rss: 35Mb L: 18/34 MS: 2 ChangeBit-ChangeByte-
#279237	REDUCE cov: 50 ft: 358 corp: 116/2114b lim: 2155 exec/s: 0 rss: 35Mb L: 19/34 MS: 4 CrossOver-EraseBytes-ShuffleBytes-CrossOver-
#281948	REDUCE cov: 50 ft: 358 corp: 116/2113b lim: 2177 exec/s: 0 rss: 35Mb L: 19/34 MS: 1 EraseBytes-
#282675	NEW    cov: 50 ft: 359 corp: 117/2131b lim: 2177 exec/s: 0 rss: 35Mb L: 18/34 MS: 2 ChangeASCIIInt-ShuffleBytes-
#288101	REDUCE cov: 50 ft: 359 corp: 117/2130b lim: 2221 exec/s: 0 rss: 35Mb L: 18/34 MS: 1 EraseBytes-
#296529	REDUCE cov: 50 ft: 360 corp: 118/2148b lim: 2298 exec/s: 0 rss: 35Mb L: 18/34 MS: 3 ChangeBinInt-ChangeByte-ChangeBit-
#297576	REDUCE cov: 50 ft: 360 corp: 118/2147b lim: 2298 exec/s: 0 rss: 35Mb L: 15/34 MS: 2 CrossOver-EraseBytes-
#298779	REDUCE cov: 50 ft: 360 corp: 118/2145b lim: 2309 exec/s: 0 rss: 35Mb L: 16/34 MS: 3 ChangeBinInt-CopyPart-EraseBytes-
#302410	REDUCE cov: 50 ft: 360 corp: 118/2144b lim: 2342 exec/s: 0 rss: 35Mb L: 16/34 MS: 1 EraseBytes-
#304308	REDUCE cov: 50 ft: 360 corp: 118/2141b lim: 2353 exec/s: 0 rss: 35Mb L: 19/34 MS: 3 ChangeByte-CopyPart-EraseBytes-
#304644	REDUCE cov: 50 ft: 360 corp: 118/2140b lim: 2353 exec/s: 0 rss: 35Mb L: 17/34 MS: 1 EraseBytes-
#304726	REDUCE cov: 50 ft: 360 corp: 118/2138b lim: 2353 exec/s: 0 rss: 35Mb L: 16/34 MS: 2 EraseBytes-CMP- DE: "\377@"-
#308092	REDUCE cov: 50 ft: 360 corp: 118/2137b lim: 2386 exec/s: 0 rss: 35Mb L: 18/34 MS: 1 EraseBytes-
#309328	REDUCE cov: 50 ft: 360 corp: 118/2136b lim: 2397 exec/s: 0 rss: 35Mb L: 21/34 MS: 1 EraseBytes-
#312244	REDUCE cov: 50 ft: 360 corp: 118/2135b lim: 2419 exec/s: 0 rss: 35Mb L: 20/34 MS: 1 EraseBytes-
#318050	REDUCE cov: 50 ft: 360 corp: 118/2134b lim: 2474 exec/s: 0 rss: 35Mb L: 19/34 MS: 1 EraseBytes-
#328992	REDUCE cov: 50 ft: 360 corp: 118/2132b lim: 2573 exec/s: 0 rss: 35Mb L: 16/34 MS: 2 EraseBytes-ChangeByte-
#329188	REDUCE cov: 50 ft: 360 corp: 118/2131b lim: 2573 exec/s: 0 rss: 35Mb L: 19/34 MS: 1 EraseBytes-
#329294	REDUCE cov: 50 ft: 360 corp: 118/2130b lim: 2573 exec/s: 0 rss: 35Mb L: 18/34 MS: 1 EraseBytes-
#329705	REDUCE cov: 50 ft: 360 corp: 118/2129b lim: 2573 exec/s: 0 rss: 35Mb L: 17/34 MS: 1 EraseBytes-
#344069	REDUCE cov: 50 ft: 361 corp: 119/2147b lim: 2705 exec/s: 0 rss: 35Mb L: 18/34 MS: 4 ChangeASCIIInt-CopyPart-ShuffleBytes-ChangeBinInt-
#346595	REDUCE cov: 50 ft: 361 corp: 119/2146b lim: 2727 exec/s: 0 rss: 35Mb L: 20/34 MS: 1 EraseBytes-
#349591	REDUCE cov: 50 ft: 361 corp: 119/2145b lim: 2749 exec/s: 0 rss: 35Mb L: 18/34 MS: 1 EraseBytes-
#362102	NEW    cov: 50 ft: 362 corp: 120/2163b lim: 2870 exec/s: 0 rss: 35Mb L: 18/34 MS: 1 ChangeByte-
#363499	REDUCE cov: 50 ft: 362 corp: 120/2162b lim: 2881 exec/s: 0 rss: 35Mb L: 16/34 MS: 2 ChangeASCIIInt-EraseBytes-
#378351	REDUCE cov: 50 ft: 362 corp: 120/2160b lim: 3024 exec/s: 0 rss: 35Mb L: 20/34 MS: 2 CrossOver-EraseBytes-
#382053	NEW    cov: 50 ft: 363 corp: 121/2178b lim: 3057 exec/s: 0 rss: 35Mb L: 18/34 MS: 2 ShuffleBytes-ChangeBit-
#382534	REDUCE cov: 50 ft: 363 corp: 121/2177b lim: 3057 exec/s: 0 rss: 35Mb L: 18/34 MS: 1 EraseBytes-
#382852	NEW    cov: 50 ft: 364 corp: 122/2195b lim: 3057 exec/s: 0 rss: 35Mb L: 18/34 MS: 3 ChangeASCIIInt-ChangeByte-ChangeASCIIInt-
#383757	NEW    cov: 50 ft: 365 corp: 123/2211b lim: 3057 exec/s: 0 rss: 35Mb L: 16/34 MS: 5 EraseBytes-ChangeBinInt-InsertByte-ChangeBinInt-CopyPart-
#399248	NEW    cov: 50 ft: 366 corp: 124/2227b lim: 3211 exec/s: 0 rss: 35Mb L: 16/34 MS: 1 CopyPart-
#399354	NEW    cov: 50 ft: 367 corp: 125/2243b lim: 3211 exec/s: 0 rss: 35Mb L: 16/34 MS: 1 ChangeBinInt-
#404900	NEW    cov: 50 ft: 368 corp: 126/2259b lim: 3266 exec/s: 0 rss: 35Mb L: 16/34 MS: 1 ChangeASCIIInt-
#405361	NEW    cov: 50 ft: 369 corp: 127/2275b lim: 3266 exec/s: 0 rss: 35Mb L: 16/34 MS: 1 ChangeASCIIInt-
#406672	NEW    cov: 50 ft: 370 corp: 128/2291b lim: 3277 exec/s: 0 rss: 35Mb L: 16/34 MS: 1 ChangeASCIIInt-
#407028	NEW    cov: 50 ft: 371 corp: 129/2307b lim: 3277 exec/s: 0 rss: 35Mb L: 16/34 MS: 1 CrossOver-
#408449	NEW    cov: 50 ft: 372 corp: 130/2323b lim: 3288 exec/s: 0 rss: 35Mb L: 16/34 MS: 1 CopyPart-
#408546	NEW    cov: 50 ft: 373 corp: 131/2339b lim: 3288 exec/s: 0 rss: 35Mb L: 16/34 MS: 2 ChangeASCIIInt-ChangeASCIIInt-
#408667	NEW    cov: 50 ft: 374 corp: 132/2355b lim: 3288 exec/s: 0 rss: 35Mb L: 16/34 MS: 1 ShuffleBytes-
#409618	NEW    cov: 50 ft: 375 corp: 133/2371b lim: 3288 exec/s: 409618 rss: 35Mb L: 16/34 MS: 1 CopyPart-
#410445	NEW    cov: 50 ft: 376 corp: 134/2387b lim: 3288 exec/s: 410445 rss: 35Mb L: 16/34 MS: 2 ChangeBit-ChangeBinInt-
#411732	REDUCE cov: 50 ft: 376 corp: 134/2385b lim: 3299 exec/s: 411732 rss: 35Mb L: 19/34 MS: 2 EraseBytes-PersAutoDict- DE: "\001\000\000\000\000\000\000\005"-
#412621	REDUCE cov: 50 ft: 376 corp: 134/2383b lim: 3299 exec/s: 412621 rss: 35Mb L: 16/34 MS: 4 CopyPart-EraseBytes-ChangeBit-ChangeByte-
#416539	REDUCE cov: 50 ft: 376 corp: 134/2382b lim: 3332 exec/s: 416539 rss: 35Mb L: 20/34 MS: 3 CrossOver-EraseBytes-ChangeASCIIInt-
#417215	NEW    cov: 50 ft: 377 corp: 135/2398b lim: 3332 exec/s: 417215 rss: 35Mb L: 16/34 MS: 1 ShuffleBytes-
#419236	NEW    cov: 50 ft: 378 corp: 136/2414b lim: 3343 exec/s: 419236 rss: 35Mb L: 16/34 MS: 1 ChangeASCIIInt-
#419432	NEW    cov: 50 ft: 379 corp: 137/2430b lim: 3343 exec/s: 419432 rss: 35Mb L: 16/34 MS: 1 ChangeBit-
#420718	REDUCE cov: 50 ft: 379 corp: 137/2429b lim: 3354 exec/s: 420718 rss: 35Mb L: 20/34 MS: 1 EraseBytes-
#433855	NEW    cov: 50 ft: 380 corp: 138/2447b lim: 3475 exec/s: 433855 rss: 35Mb L: 18/34 MS: 2 ShuffleBytes-CrossOver-
#437851	REDUCE cov: 50 ft: 381 corp: 139/2464b lim: 3508 exec/s: 437851 rss: 35Mb L: 17/34 MS: 1 CrossOver-
#437973	NEW    cov: 50 ft: 382 corp: 140/2481b lim: 3508 exec/s: 437973 rss: 35Mb L: 17/34 MS: 2 ChangeBit-ShuffleBytes-
#442690	REDUCE cov: 50 ft: 382 corp: 140/2480b lim: 3552 exec/s: 442690 rss: 35Mb L: 18/34 MS: 2 ChangeByte-EraseBytes-
#448269	REDUCE cov: 50 ft: 382 corp: 140/2478b lim: 3607 exec/s: 448269 rss: 35Mb L: 18/34 MS: 4 EraseBytes-ChangeASCIIInt-ChangeBit-CopyPart-
#448560	NEW    cov: 50 ft: 383 corp: 141/2495b lim: 3607 exec/s: 448560 rss: 35Mb L: 17/34 MS: 1 CrossOver-
#450752	REDUCE cov: 50 ft: 383 corp: 141/2494b lim: 3618 exec/s: 450752 rss: 35Mb L: 16/34 MS: 2 ChangeBinInt-EraseBytes-
#456954	REDUCE cov: 50 ft: 383 corp: 141/2493b lim: 3673 exec/s: 456954 rss: 35Mb L: 19/34 MS: 2 ChangeBit-EraseBytes-
#465230	REDUCE cov: 50 ft: 383 corp: 141/2492b lim: 3750 exec/s: 465230 rss: 35Mb L: 16/34 MS: 1 EraseBytes-
#466806	REDUCE cov: 50 ft: 384 corp: 142/2508b lim: 3761 exec/s: 466806 rss: 35Mb L: 16/34 MS: 1 ShuffleBytes-
#487914	REDUCE cov: 50 ft: 384 corp: 142/2507b lim: 3970 exec/s: 487914 rss: 35Mb L: 16/34 MS: 3 ChangeBit-ChangeBit-EraseBytes-
#488805	REDUCE cov: 50 ft: 384 corp: 142/2506b lim: 3970 exec/s: 488805 rss: 35Mb L: 20/34 MS: 1 EraseBytes-
#493841	NEW    cov: 50 ft: 385 corp: 143/2523b lim: 4014 exec/s: 493841 rss: 35Mb L: 17/34 MS: 1 ChangeBit-
#501417	REDUCE cov: 50 ft: 385 corp: 143/2522b lim: 4080 exec/s: 501417 rss: 35Mb L: 19/34 MS: 1 EraseBytes-
#510283	REDUCE cov: 50 ft: 385 corp: 143/2521b lim: 4096 exec/s: 510283 rss: 35Mb L: 18/34 MS: 1 EraseBytes-
#520726	REDUCE cov: 50 ft: 385 corp: 143/2520b lim: 4096 exec/s: 520726 rss: 35Mb L: 19/34 MS: 3 ShuffleBytes-EraseBytes-CrossOver-
#522922	NEW    cov: 50 ft: 386 corp: 144/2538b lim: 4096 exec/s: 522922 rss: 35Mb L: 18/34 MS: 1 ChangeBit-
#523633	NEW    cov: 50 ft: 387 corp: 145/2555b lim: 4096 exec/s: 523633 rss: 35Mb L: 17/34 MS: 1 ChangeBit-
#528864	REDUCE cov: 50 ft: 387 corp: 145/2554b lim: 4096 exec/s: 528864 rss: 35Mb L: 16/34 MS: 1 EraseBytes-
#531396	REDUCE cov: 50 ft: 388 corp: 146/2572b lim: 4096 exec/s: 531396 rss: 35Mb L: 18/34 MS: 2 CrossOver-EraseBytes-
#557025	REDUCE cov: 50 ft: 388 corp: 146/2569b lim: 4096 exec/s: 557025 rss: 35Mb L: 16/34 MS: 4 EraseBytes-ChangeBit-ChangeByte-PersAutoDict- DE: "\377@"-
#559445	NEW    cov: 50 ft: 389 corp: 147/2603b lim: 4096 exec/s: 559445 rss: 35Mb L: 34/34 MS: 5 CrossOver-ChangeBit-ShuffleBytes-CopyPart-ChangeASCIIInt-
#569166	NEW    cov: 50 ft: 390 corp: 148/2620b lim: 4096 exec/s: 569166 rss: 35Mb L: 17/34 MS: 1 CopyPart-
#572192	REDUCE cov: 50 ft: 390 corp: 148/2619b lim: 4096 exec/s: 572192 rss: 35Mb L: 33/34 MS: 1 EraseBytes-
#573178	REDUCE cov: 50 ft: 390 corp: 148/2618b lim: 4096 exec/s: 573178 rss: 35Mb L: 19/34 MS: 1 EraseBytes-
#580904	NEW    cov: 50 ft: 391 corp: 149/2635b lim: 4096 exec/s: 580904 rss: 35Mb L: 17/34 MS: 1 ChangeBinInt-
#581715	REDUCE cov: 50 ft: 391 corp: 149/2634b lim: 4096 exec/s: 581715 rss: 35Mb L: 18/34 MS: 1 EraseBytes-
#582521	REDUCE cov: 50 ft: 391 corp: 149/2633b lim: 4096 exec/s: 582521 rss: 35Mb L: 16/34 MS: 1 EraseBytes-
#586383	REDUCE cov: 50 ft: 391 corp: 149/2632b lim: 4096 exec/s: 586383 rss: 35Mb L: 17/34 MS: 2 CopyPart-EraseBytes-
#594694	REDUCE cov: 50 ft: 391 corp: 149/2631b lim: 4096 exec/s: 594694 rss: 35Mb L: 16/34 MS: 1 EraseBytes-
#608775	REDUCE cov: 50 ft: 392 corp: 150/2647b lim: 4096 exec/s: 608775 rss: 35Mb L: 16/34 MS: 1 ChangeBit-
#609476	REDUCE cov: 50 ft: 392 corp: 150/2646b lim: 4096 exec/s: 609476 rss: 35Mb L: 18/34 MS: 1 EraseBytes-
#611576	REDUCE cov: 50 ft: 392 corp: 150/2644b lim: 4096 exec/s: 611576 rss: 35Mb L: 19/34 MS: 5 EraseBytes-CopyPart-CMP-PersAutoDict-EraseBytes- DE: "\001a"-"\377\377\377\377\377\377\377\017"-
#612652	NEW    cov: 50 ft: 393 corp: 151/2660b lim: 4096 exec/s: 612652 rss: 35Mb L: 16/34 MS: 1 CrossOver-
#617361	REDUCE cov: 50 ft: 393 corp: 151/2659b lim: 4096 exec/s: 617361 rss: 35Mb L: 16/34 MS: 4 ShuffleBytes-ChangeByte-ChangeByte-EraseBytes-
#624110	REDUCE cov: 50 ft: 393 corp: 151/2657b lim: 4096 exec/s: 624110 rss: 35Mb L: 16/34 MS: 4 ChangeBit-ChangeASCIIInt-ChangeBit-EraseBytes-
#647301	REDUCE cov: 50 ft: 393 corp: 151/2656b lim: 4096 exec/s: 647301 rss: 35Mb L: 32/34 MS: 1 EraseBytes-
#656512	REDUCE cov: 50 ft: 393 corp: 151/2655b lim: 4096 exec/s: 656512 rss: 35Mb L: 18/34 MS: 1 EraseBytes-
#679614	REDUCE cov: 50 ft: 397 corp: 152/2687b lim: 4096 exec/s: 679614 rss: 35Mb L: 32/34 MS: 2 ChangeBinInt-ShuffleBytes-
#681566	NEW    cov: 50 ft: 398 corp: 153/2703b lim: 4096 exec/s: 681566 rss: 35Mb L: 16/34 MS: 2 CopyPart-ChangeByte-
#705164	REDUCE cov: 50 ft: 398 corp: 153/2701b lim: 4096 exec/s: 705164 rss: 36Mb L: 16/34 MS: 3 ChangeByte-EraseBytes-InsertByte-
#710718	REDUCE cov: 50 ft: 398 corp: 153/2699b lim: 4096 exec/s: 710718 rss: 36Mb L: 15/34 MS: 4 ShuffleBytes-ChangeByte-ChangeByte-EraseBytes-
#728209	REDUCE cov: 50 ft: 398 corp: 153/2698b lim: 4096 exec/s: 728209 rss: 36Mb L: 20/34 MS: 1 EraseBytes-
#747030	REDUCE cov: 50 ft: 398 corp: 153/2697b lim: 4096 exec/s: 747030 rss: 36Mb L: 18/34 MS: 1 EraseBytes-
#750566	REDUCE cov: 50 ft: 398 corp: 153/2696b lim: 4096 exec/s: 750566 rss: 36Mb L: 31/34 MS: 1 EraseBytes-
#770707	REDUCE cov: 50 ft: 398 corp: 153/2695b lim: 4096 exec/s: 770707 rss: 36Mb L: 19/34 MS: 1 EraseBytes-
#779963	REDUCE cov: 50 ft: 398 corp: 153/2694b lim: 4096 exec/s: 779963 rss: 36Mb L: 20/34 MS: 1 EraseBytes-
#782492	REDUCE cov: 50 ft: 398 corp: 153/2692b lim: 4096 exec/s: 782492 rss: 36Mb L: 16/34 MS: 4 ChangeByte-ChangeBinInt-InsertByte-EraseBytes-
#787026	REDUCE cov: 50 ft: 398 corp: 153/2691b lim: 4096 exec/s: 787026 rss: 36Mb L: 17/34 MS: 4 ShuffleBytes-CrossOver-InsertRepeatedBytes-EraseBytes-
#791937	REDUCE cov: 50 ft: 398 corp: 153/2690b lim: 4096 exec/s: 791937 rss: 36Mb L: 21/34 MS: 1 EraseBytes-
#795453	REDUCE cov: 50 ft: 398 corp: 153/2689b lim: 4096 exec/s: 795453 rss: 36Mb L: 30/34 MS: 1 EraseBytes-
#799970	REDUCE cov: 50 ft: 398 corp: 153/2687b lim: 4096 exec/s: 799970 rss: 36Mb L: 16/34 MS: 2 EraseBytes-ChangeBit-
#819875	REDUCE cov: 50 ft: 398 corp: 153/2685b lim: 4096 exec/s: 819875 rss: 36Mb L: 16/34 MS: 5 CopyPart-PersAutoDict-CrossOver-ChangeByte-EraseBytes- DE: "\001\000\000\000\000\000\000\005"-
#853001	REDUCE cov: 50 ft: 398 corp: 153/2684b lim: 4096 exec/s: 426500 rss: 36Mb L: 18/34 MS: 1 EraseBytes-
#853193	REDUCE cov: 50 ft: 398 corp: 153/2683b lim: 4096 exec/s: 426596 rss: 36Mb L: 16/34 MS: 2 ChangeByte-EraseBytes-
#947494	REDUCE cov: 50 ft: 398 corp: 153/2682b lim: 4096 exec/s: 473747 rss: 36Mb L: 18/34 MS: 1 EraseBytes-
#949761	REDUCE cov: 50 ft: 398 corp: 153/2681b lim: 4096 exec/s: 474880 rss: 36Mb L: 18/34 MS: 2 EraseBytes-CrossOver-
#952692	REDUCE cov: 50 ft: 398 corp: 153/2680b lim: 4096 exec/s: 476346 rss: 36Mb L: 16/34 MS: 1 EraseBytes-
#973718	REDUCE cov: 50 ft: 398 corp: 153/2679b lim: 4096 exec/s: 486859 rss: 36Mb L: 18/34 MS: 1 EraseBytes-
#1002894	REDUCE cov: 50 ft: 398 corp: 153/2678b lim: 4096 exec/s: 501447 rss: 36Mb L: 20/34 MS: 1 EraseBytes-
#1034761	REDUCE cov: 50 ft: 398 corp: 153/2677b lim: 4096 exec/s: 517380 rss: 36Mb L: 16/34 MS: 2 EraseBytes-CopyPart-
#1053683	REDUCE cov: 50 ft: 398 corp: 153/2676b lim: 4096 exec/s: 526841 rss: 36Mb L: 29/34 MS: 2 EraseBytes-ChangeByte-
#1057224	REDUCE cov: 50 ft: 398 corp: 153/2675b lim: 4096 exec/s: 528612 rss: 36Mb L: 19/34 MS: 1 EraseBytes-
#1080655	REDUCE cov: 50 ft: 400 corp: 154/2694b lim: 4096 exec/s: 540327 rss: 36Mb L: 19/34 MS: 1 ChangeBit-
#1121053	REDUCE cov: 50 ft: 400 corp: 154/2692b lim: 4096 exec/s: 560526 rss: 36Mb L: 17/34 MS: 3 CopyPart-EraseBytes-ChangeBinInt-
#1186406	REDUCE cov: 50 ft: 400 corp: 154/2689b lim: 4096 exec/s: 593203 rss: 36Mb L: 15/34 MS: 3 EraseBytes-InsertByte-ChangeBit-
#1194627	REDUCE cov: 50 ft: 400 corp: 154/2688b lim: 4096 exec/s: 597313 rss: 36Mb L: 19/34 MS: 1 EraseBytes-
#1201986	REDUCE cov: 50 ft: 400 corp: 154/2687b lim: 4096 exec/s: 600993 rss: 36Mb L: 18/34 MS: 4 InsertByte-CrossOver-ChangeByte-EraseBytes-
#1214963	REDUCE cov: 50 ft: 400 corp: 154/2686b lim: 4096 exec/s: 607481 rss: 36Mb L: 18/34 MS: 2 CopyPart-EraseBytes-
#1224269	REDUCE cov: 50 ft: 400 corp: 154/2685b lim: 4096 exec/s: 612134 rss: 36Mb L: 19/34 MS: 1 EraseBytes-
#1232407	REDUCE cov: 50 ft: 400 corp: 154/2684b lim: 4096 exec/s: 616203 rss: 36Mb L: 18/34 MS: 3 CMP-ChangeASCIIInt-EraseBytes- DE: "\000\000\000\000\000\000\000\022"-
#1420359	REDUCE cov: 50 ft: 402 corp: 155/2705b lim: 4096 exec/s: 473453 rss: 36Mb L: 21/34 MS: 2 ChangeBinInt-ChangeASCIIInt-
#1450990	REDUCE cov: 50 ft: 402 corp: 155/2704b lim: 4096 exec/s: 483663 rss: 36Mb L: 20/34 MS: 1 EraseBytes-
#1465253	REDUCE cov: 50 ft: 402 corp: 155/2702b lim: 4096 exec/s: 488417 rss: 36Mb L: 16/34 MS: 3 ChangeByte-InsertByte-EraseBytes-
#1472279	REDUCE cov: 50 ft: 402 corp: 155/2701b lim: 4096 exec/s: 490759 rss: 36Mb L: 20/34 MS: 1 EraseBytes-
#1488436	REDUCE cov: 50 ft: 402 corp: 155/2700b lim: 4096 exec/s: 496145 rss: 36Mb L: 16/34 MS: 2 EraseBytes-ChangeByte-
#1551962	REDUCE cov: 50 ft: 402 corp: 155/2699b lim: 4096 exec/s: 517320 rss: 36Mb L: 19/34 MS: 1 EraseBytes-
#1580173	REDUCE cov: 50 ft: 402 corp: 155/2698b lim: 4096 exec/s: 526724 rss: 36Mb L: 16/34 MS: 1 EraseBytes-
#1595769	REDUCE cov: 50 ft: 402 corp: 155/2697b lim: 4096 exec/s: 531923 rss: 36Mb L: 18/34 MS: 1 EraseBytes-
#1599046	REDUCE cov: 50 ft: 409 corp: 156/2712b lim: 4096 exec/s: 533015 rss: 36Mb L: 15/34 MS: 2 ChangeASCIIInt-ChangeBit-
#1642962	REDUCE cov: 50 ft: 409 corp: 156/2711b lim: 4096 exec/s: 547654 rss: 36Mb L: 16/34 MS: 1 EraseBytes-
#1673588	REDUCE cov: 50 ft: 409 corp: 156/2710b lim: 4096 exec/s: 557862 rss: 36Mb L: 19/34 MS: 1 EraseBytes-
#1728749	REDUCE cov: 50 ft: 409 corp: 156/2709b lim: 4096 exec/s: 576249 rss: 36Mb L: 18/34 MS: 1 EraseBytes-
#1752250	REDUCE cov: 50 ft: 409 corp: 156/2708b lim: 4096 exec/s: 584083 rss: 36Mb L: 19/34 MS: 1 EraseBytes-
#1754247	REDUCE cov: 50 ft: 409 corp: 156/2706b lim: 4096 exec/s: 584749 rss: 36Mb L: 16/34 MS: 2 ChangeByte-EraseBytes-
#1795238	REDUCE cov: 50 ft: 409 corp: 156/2705b lim: 4096 exec/s: 448809 rss: 36Mb L: 20/34 MS: 1 EraseBytes-
#1833314	REDUCE cov: 50 ft: 409 corp: 156/2704b lim: 4096 exec/s: 458328 rss: 36Mb L: 19/34 MS: 1 EraseBytes-
#1867275	REDUCE cov: 50 ft: 409 corp: 156/2703b lim: 4096 exec/s: 466818 rss: 36Mb L: 18/34 MS: 1 EraseBytes-
#1902746	REDUCE cov: 50 ft: 409 corp: 156/2702b lim: 4096 exec/s: 475686 rss: 36Mb L: 18/34 MS: 1 EraseBytes-
#1917536	REDUCE cov: 50 ft: 409 corp: 156/2701b lim: 4096 exec/s: 479384 rss: 36Mb L: 15/34 MS: 5 InsertByte-ChangeBinInt-PersAutoDict-CopyPart-EraseBytes- DE: "\377@"-
#1933857	REDUCE cov: 50 ft: 409 corp: 156/2700b lim: 4096 exec/s: 483464 rss: 36Mb L: 18/34 MS: 1 EraseBytes-
#1941888	REDUCE cov: 50 ft: 409 corp: 156/2699b lim: 4096 exec/s: 485472 rss: 36Mb L: 18/34 MS: 1 EraseBytes-
#1993115	REDUCE cov: 50 ft: 409 corp: 156/2698b lim: 4096 exec/s: 498278 rss: 36Mb L: 18/34 MS: 2 ShuffleBytes-EraseBytes-
#2162026	REDUCE cov: 50 ft: 409 corp: 156/2697b lim: 4096 exec/s: 540506 rss: 36Mb L: 18/34 MS: 1 EraseBytes-
#2337965	REDUCE cov: 50 ft: 409 corp: 156/2696b lim: 4096 exec/s: 467593 rss: 36Mb L: 15/34 MS: 4 EraseBytes-CrossOver-CrossOver-ShuffleBytes-
#2433601	REDUCE cov: 50 ft: 409 corp: 156/2695b lim: 4096 exec/s: 486720 rss: 36Mb L: 18/34 MS: 1 EraseBytes-
#2496375	REDUCE cov: 50 ft: 409 corp: 156/2693b lim: 4096 exec/s: 499275 rss: 36Mb L: 16/34 MS: 4 ChangeByte-ChangeByte-ChangeASCIIInt-EraseBytes-
#2599050	REDUCE cov: 50 ft: 409 corp: 156/2692b lim: 4096 exec/s: 519810 rss: 36Mb L: 15/34 MS: 5 EraseBytes-CrossOver-InsertByte-ChangeBinInt-ChangeBinInt-
#2631996	REDUCE cov: 50 ft: 409 corp: 156/2691b lim: 4096 exec/s: 526399 rss: 36Mb L: 19/34 MS: 1 EraseBytes-
#2721341	REDUCE cov: 50 ft: 409 corp: 156/2689b lim: 4096 exec/s: 453556 rss: 36Mb L: 17/34 MS: 5 ChangeBit-EraseBytes-CrossOver-InsertByte-EraseBytes-
#2778373	REDUCE cov: 50 ft: 409 corp: 156/2688b lim: 4096 exec/s: 463062 rss: 36Mb L: 19/34 MS: 2 InsertByte-EraseBytes-
#2889216	REDUCE cov: 50 ft: 409 corp: 156/2687b lim: 4096 exec/s: 481536 rss: 36Mb L: 16/34 MS: 3 EraseBytes-InsertByte-InsertByte-
#2989577	REDUCE cov: 50 ft: 409 corp: 156/2686b lim: 4096 exec/s: 498262 rss: 36Mb L: 18/34 MS: 1 EraseBytes-
#3015365	REDUCE cov: 50 ft: 409 corp: 156/2684b lim: 4096 exec/s: 502560 rss: 36Mb L: 16/34 MS: 3 InsertByte-ChangeBit-EraseBytes-
#3084457	REDUCE cov: 50 ft: 409 corp: 156/2681b lim: 4096 exec/s: 514076 rss: 36Mb L: 15/34 MS: 2 ChangeBit-EraseBytes-
#3365119	REDUCE cov: 50 ft: 409 corp: 156/2679b lim: 4096 exec/s: 480731 rss: 36Mb L: 16/34 MS: 2 PersAutoDict-EraseBytes- DE: "\377@"-
#3474722	REDUCE cov: 50 ft: 409 corp: 156/2677b lim: 4096 exec/s: 496388 rss: 36Mb L: 16/34 MS: 3 ChangeByte-ChangeByte-EraseBytes-
#3514911	REDUCE cov: 50 ft: 409 corp: 156/2675b lim: 4096 exec/s: 502130 rss: 36Mb L: 16/34 MS: 4 EraseBytes-ShuffleBytes-ChangeBit-CrossOver-
#3532435	NEW    cov: 50 ft: 410 corp: 157/2690b lim: 4096 exec/s: 504633 rss: 36Mb L: 15/34 MS: 4 ChangeBit-ChangeBit-ChangeBinInt-ChangeBit-
#3568201	NEW    cov: 50 ft: 411 corp: 158/2706b lim: 4096 exec/s: 509743 rss: 36Mb L: 16/34 MS: 1 ChangeBit-
#3599177	REDUCE cov: 50 ft: 411 corp: 158/2705b lim: 4096 exec/s: 449897 rss: 36Mb L: 18/34 MS: 1 EraseBytes-
#3657301	REDUCE cov: 50 ft: 411 corp: 158/2703b lim: 4096 exec/s: 457162 rss: 36Mb L: 16/34 MS: 4 PersAutoDict-InsertByte-CMP-EraseBytes- DE: "\377@"-"\001\000\000\000\000\000\000\022"-
#3831352	NEW    cov: 50 ft: 417 corp: 159/2734b lim: 4096 exec/s: 478919 rss: 36Mb L: 31/34 MS: 1 CrossOver-
#3842599	NEW    cov: 50 ft: 419 corp: 160/2765b lim: 4096 exec/s: 480324 rss: 36Mb L: 31/34 MS: 2 ShuffleBytes-ShuffleBytes-
#3876160	REDUCE cov: 50 ft: 419 corp: 160/2764b lim: 4096 exec/s: 484520 rss: 36Mb L: 18/34 MS: 1 EraseBytes-
#3886236	NEW    cov: 50 ft: 420 corp: 161/2780b lim: 4096 exec/s: 485779 rss: 36Mb L: 16/34 MS: 1 ChangeBit-
#3913571	REDUCE cov: 50 ft: 420 corp: 161/2779b lim: 4096 exec/s: 489196 rss: 36Mb L: 15/34 MS: 5 ShuffleBytes-InsertByte-ChangeByte-ChangeBit-EraseBytes-
#3924186	REDUCE cov: 50 ft: 420 corp: 161/2777b lim: 4096 exec/s: 490523 rss: 36Mb L: 16/34 MS: 5 ShuffleBytes-ChangeBit-ChangeByte-CMP-EraseBytes- DE: "\005\000\000\000\000\000\000\000"-
#4194304	pulse  cov: 50 ft: 420 corp: 161/2777b lim: 4096 exec/s: 466033 rss: 36Mb
#4259817	REDUCE cov: 50 ft: 420 corp: 161/2776b lim: 4096 exec/s: 473313 rss: 36Mb L: 28/34 MS: 1 EraseBytes-
#4303118	REDUCE cov: 50 ft: 420 corp: 161/2775b lim: 4096 exec/s: 478124 rss: 36Mb L: 18/34 MS: 1 EraseBytes-
#4332907	REDUCE cov: 50 ft: 420 corp: 161/2773b lim: 4096 exec/s: 481434 rss: 36Mb L: 16/34 MS: 4 ChangeASCIIInt-CrossOver-CopyPart-EraseBytes-
#5141098	REDUCE cov: 50 ft: 422 corp: 162/2791b lim: 4096 exec/s: 467372 rss: 36Mb L: 18/34 MS: 1 CrossOver-
#5247354	NEW    cov: 50 ft: 423 corp: 163/2809b lim: 4096 exec/s: 477032 rss: 36Mb L: 18/34 MS: 1 CrossOver-
#5249360	REDUCE cov: 50 ft: 423 corp: 163/2808b lim: 4096 exec/s: 477214 rss: 36Mb L: 18/34 MS: 1 EraseBytes-
#5466347	REDUCE cov: 50 ft: 423 corp: 163/2806b lim: 4096 exec/s: 455528 rss: 36Mb L: 17/34 MS: 2 EraseBytes-InsertByte-
#5623020	NEW    cov: 50 ft: 424 corp: 164/2824b lim: 4096 exec/s: 468585 rss: 36Mb L: 18/34 MS: 3 ChangeASCIIInt-ChangeByte-ShuffleBytes-
#5753438	REDUCE cov: 50 ft: 424 corp: 164/2821b lim: 4096 exec/s: 479453 rss: 36Mb L: 15/34 MS: 3 EraseBytes-ChangeBinInt-ChangeBit-
#5816878	REDUCE cov: 50 ft: 424 corp: 164/2819b lim: 4096 exec/s: 484739 rss: 36Mb L: 16/34 MS: 5 ChangeByte-ChangeBit-CopyPart-ChangeByte-EraseBytes-
#6163439	REDUCE cov: 50 ft: 424 corp: 164/2818b lim: 4096 exec/s: 474110 rss: 36Mb L: 18/34 MS: 1 EraseBytes-
#6330080	REDUCE cov: 50 ft: 425 corp: 165/2836b lim: 4096 exec/s: 452148 rss: 36Mb L: 18/34 MS: 1 ChangeByte-
#7013939	REDUCE cov: 50 ft: 425 corp: 165/2835b lim: 4096 exec/s: 467595 rss: 36Mb L: 15/34 MS: 4 InsertByte-EraseBytes-ChangeBinInt-CrossOver-
#7902298	REDUCE cov: 50 ft: 425 corp: 165/2832b lim: 4096 exec/s: 464841 rss: 36Mb L: 15/34 MS: 4 EraseBytes-ChangeBit-ChangeBit-ChangeBit-
#8215666	REDUCE cov: 50 ft: 425 corp: 165/2831b lim: 4096 exec/s: 456425 rss: 36Mb L: 15/34 MS: 3 CrossOver-ChangeBit-EraseBytes-
#8388608	pulse  cov: 50 ft: 425 corp: 165/2831b lim: 4096 exec/s: 466033 rss: 36Mb
#9130913	NEW    cov: 50 ft: 426 corp: 166/2849b lim: 4096 exec/s: 456545 rss: 36Mb L: 18/34 MS: 2 CopyPart-ChangeBinInt-
#9159929	NEW    cov: 50 ft: 427 corp: 167/2867b lim: 4096 exec/s: 457996 rss: 36Mb L: 18/34 MS: 1 ChangeBit-
#9407195	NEW    cov: 50 ft: 428 corp: 168/2885b lim: 4096 exec/s: 470359 rss: 36Mb L: 18/34 MS: 1 ChangeBit-
#12578403	NEW    cov: 50 ft: 430 corp: 169/2916b lim: 4096 exec/s: 449228 rss: 36Mb L: 31/34 MS: 3 CrossOver-ChangeASCIIInt-ShuffleBytes-
#12670779	REDUCE cov: 50 ft: 430 corp: 169/2915b lim: 4096 exec/s: 452527 rss: 36Mb L: 30/34 MS: 1 EraseBytes-
#13117056	REDUCE cov: 50 ft: 430 corp: 169/2912b lim: 4096 exec/s: 452312 rss: 36Mb L: 15/34 MS: 2 EraseBytes-ChangeBit-
#13274327	REDUCE cov: 50 ft: 430 corp: 169/2911b lim: 4096 exec/s: 457735 rss: 36Mb L: 29/34 MS: 1 EraseBytes-
#13350633	NEW    cov: 50 ft: 431 corp: 170/2929b lim: 4096 exec/s: 460366 rss: 36Mb L: 18/34 MS: 1 CopyPart-
#13446439	REDUCE cov: 50 ft: 431 corp: 170/2928b lim: 4096 exec/s: 463670 rss: 36Mb L: 28/34 MS: 1 EraseBytes-
#13460949	REDUCE cov: 50 ft: 431 corp: 170/2927b lim: 4096 exec/s: 464170 rss: 36Mb L: 15/34 MS: 5 InsertByte-ChangeBit-EraseBytes-ShuffleBytes-CopyPart-
#14053802	REDUCE cov: 50 ft: 431 corp: 170/2926b lim: 4096 exec/s: 453348 rss: 36Mb L: 15/34 MS: 3 ChangeBit-CrossOver-EraseBytes-
#16414106	REDUCE cov: 50 ft: 431 corp: 170/2925b lim: 4096 exec/s: 455947 rss: 36Mb L: 15/34 MS: 4 ChangeBit-EraseBytes-CopyPart-ChangeByte-
#16777216	pulse  cov: 50 ft: 431 corp: 170/2925b lim: 4096 exec/s: 453438 rss: 36Mb
#21553208	REDUCE cov: 50 ft: 431 corp: 170/2924b lim: 4096 exec/s: 449025 rss: 36Mb L: 15/34 MS: 2 EraseBytes-ChangeBit-
#21763735	REDUCE cov: 50 ft: 431 corp: 170/2921b lim: 4096 exec/s: 453411 rss: 36Mb L: 15/34 MS: 2 EraseBytes-ChangeBinInt-
#22821727	REDUCE cov: 50 ft: 431 corp: 170/2918b lim: 4096 exec/s: 456434 rss: 36Mb L: 15/34 MS: 2 ChangeBit-EraseBytes-
#23286909	REDUCE cov: 50 ft: 431 corp: 170/2917b lim: 4096 exec/s: 447825 rss: 36Mb L: 15/34 MS: 2 ChangeByte-EraseBytes-
#25013956	REDUCE cov: 50 ft: 431 corp: 170/2916b lim: 4096 exec/s: 454799 rss: 36Mb L: 15/34 MS: 2 ChangeBit-EraseBytes-
#26033179	NEW    cov: 50 ft: 432 corp: 171/2934b lim: 4096 exec/s: 448847 rss: 36Mb L: 18/34 MS: 3 ChangeByte-ChangeASCIIInt-CopyPart-
#28737688	REDUCE cov: 50 ft: 432 corp: 171/2933b lim: 4096 exec/s: 449026 rss: 36Mb L: 15/34 MS: 4 ChangeByte-EraseBytes-ChangeBinInt-CopyPart-
#36624601	REDUCE cov: 50 ft: 432 corp: 171/2932b lim: 4096 exec/s: 446641 rss: 36Mb L: 15/34 MS: 3 ChangeASCIIInt-ChangeBit-EraseBytes-
#38623288	REDUCE cov: 50 ft: 432 corp: 171/2931b lim: 4096 exec/s: 449108 rss: 36Mb L: 15/34 MS: 2 ChangeBit-EraseBytes-
#39017135	REDUCE cov: 50 ft: 432 corp: 171/2928b lim: 4096 exec/s: 448472 rss: 36Mb L: 15/34 MS: 2 ChangeBit-EraseBytes-
#43473234	REDUCE cov: 50 ft: 432 corp: 171/2927b lim: 4096 exec/s: 448177 rss: 36Mb L: 15/34 MS: 4 EraseBytes-ChangeByte-ChangeBit-CrossOver-
#43839277	REDUCE cov: 50 ft: 432 corp: 171/2926b lim: 4096 exec/s: 447339 rss: 36Mb L: 15/34 MS: 3 CopyPart-EraseBytes-ChangeBit-
#47643645	REDUCE cov: 50 ft: 432 corp: 171/2925b lim: 4096 exec/s: 449468 rss: 36Mb L: 15/34 MS: 3 ChangeBit-ChangeASCIIInt-EraseBytes-
#48652373	REDUCE cov: 50 ft: 432 corp: 171/2922b lim: 4096 exec/s: 446352 rss: 36Mb L: 15/34 MS: 3 CopyPart-EraseBytes-ChangeBit-
#56356326	REDUCE cov: 50 ft: 432 corp: 171/2921b lim: 4096 exec/s: 447272 rss: 36Mb L: 15/34 MS: 3 ChangeByte-ChangeBit-EraseBytes-
panic: found special char in iban [recovered]
	panic: found special char in iban

goroutine 17 [running, locked to thread]:
git.ultraware.nl/iddinkgroep/fundament-api.Fuzz.func1()
	git.ultraware.nl/iddinkgroep/fundament-api/fuzz.go:19 +0xa5
panic({0x55f45ca70760?, 0x55f45ca83c70?})
	runtime/panic.go:914 +0x21f
git.ultraware.nl/iddinkgroep/fundament-api.Fuzz({0xc00056b5d8, 0x13})
	git.ultraware.nl/iddinkgroep/fundament-api/fuzz.go:34 +0x2b9
git.ultraware.nl/iddinkgroep/fundament-api.Fuzz_(...)
	git.ultraware.nl/iddinkgroep/fundament-api/fuzz.1527825026.go:6
main.LLVMFuzzerTestOneInput(...)
	./main.170485750.go:21
==2849== ERROR: libFuzzer: deadly signal
    #0 0x55f45c993630 in __sanitizer_print_stack_trace (/seedai/experiments/libfuzzer/source_iban/libfuzzer+0xaf630) (BuildId: 688cb25bec4564588da2a67f6a2b25148a0fd5d4)
    #1 0x55f45c95f755 in fuzzer::PrintStackTrace() (/seedai/experiments/libfuzzer/source_iban/libfuzzer+0x7b755) (BuildId: 688cb25bec4564588da2a67f6a2b25148a0fd5d4)
    #2 0x55f45c93e3a9 in fuzzer::Fuzzer::CrashCallback() (.part.0) FuzzerLoop.cpp.o
    #3 0x55f45c93e46a in fuzzer::Fuzzer::StaticCrashSignalCallback() (/seedai/experiments/libfuzzer/source_iban/libfuzzer+0x5a46a) (BuildId: 688cb25bec4564588da2a67f6a2b25148a0fd5d4)
    #4 0x7f1e9fbda70f  (/usr/lib/libc.so.6+0x3e70f) (BuildId: 316d0d3666387f0e8fb98773f51aa1801027c5ab)
    #5 0x55f45c9f3160 in runtime.raise.abi0 runtime/sys_linux_amd64.s:153

NOTE: libFuzzer has rudimentary signal handlers.
      Combine libFuzzer with AddressSanitizer or similar for better crash reports.
SUMMARY: libFuzzer: deadly signal
MS: 5 CopyPart-ChangeBit-ChangeByte-ChangeBinInt-ChangeBit-; base unit: 246aaf00a5967e05c67a4ff2cc0efd7df181ee82
0x66,0x6f,0x6f,0x69,0x2d,0x30,0x30,0x30,0x30,0x30,0x30,0x20,0x30,0x30,0x66,0x6e,0x6f,0x6d,0x4f,
fooi-000000 00fnomO
artifact_prefix='./'; Test unit written to ./crash-e1154105b74e7f3005de9722ecbbd6bb9ec5127d
Base64: Zm9vaS0wMDAwMDAgMDBmbm9tTw==
