INFO: Running with entropic power schedule (0xFF, 100).
INFO: Seed: 826833569
INFO: Loaded 1 modules   (70 inline 8-bit counters): 70 [0x55a839ef0030, 0x55a839ef0076), 
INFO: Loaded 1 PC tables (70 PCs): 70 [0xc000068000,0xc000068460), 
INFO:        7 files found in corpus
INFO: -max_len is not provided; libFuzzer will not generate inputs larger than 4096 bytes
INFO: seed corpus: files: 7 min: 3b max: 600b total: 1072b rss: 29Mb
#8	INITED cov: 9 ft: 15 corp: 1/3b exec/s: 0 rss: 29Mb
#14	NEW    cov: 9 ft: 18 corp: 2/5b lim: 4 exec/s: 0 rss: 29Mb L: 2/3 MS: 1 EraseBytes-
#15	NEW    cov: 9 ft: 19 corp: 3/9b lim: 4 exec/s: 0 rss: 29Mb L: 4/4 MS: 1 InsertByte-
#78	REDUCE cov: 9 ft: 19 corp: 3/6b lim: 4 exec/s: 0 rss: 29Mb L: 1/3 MS: 3 EraseBytes-CrossOver-EraseBytes-
#302	NEW    cov: 9 ft: 20 corp: 4/11b lim: 6 exec/s: 0 rss: 30Mb L: 5/5 MS: 4 CopyPart-ChangeBit-CopyPart-InsertByte-
#526	NEW    cov: 9 ft: 21 corp: 5/18b lim: 8 exec/s: 0 rss: 30Mb L: 7/7 MS: 4 CrossOver-ChangeByte-CrossOver-CopyPart-
#569	NEW    cov: 9 ft: 22 corp: 6/26b lim: 8 exec/s: 0 rss: 30Mb L: 8/8 MS: 3 CopyPart-CMP-CrossOver- DE: "\001\000\000\000"-
#1189	NEW    cov: 9 ft: 23 corp: 7/38b lim: 14 exec/s: 0 rss: 30Mb L: 12/12 MS: 5 CopyPart-ChangeBinInt-PersAutoDict-CrossOver-CMP- DE: "\001\000\000\000"-"\000\000"-
#1194	NEW    cov: 9 ft: 24 corp: 8/52b lim: 14 exec/s: 0 rss: 30Mb L: 14/14 MS: 5 CrossOver-CopyPart-ChangeBit-ChangeBit-CopyPart-
#1306	NEW    cov: 9 ft: 25 corp: 9/65b lim: 14 exec/s: 0 rss: 30Mb L: 13/14 MS: 2 ChangeBit-CMP- DE: "\377\377\377\377\377\377\377<"-
#1615	REDUCE cov: 11 ft: 31 corp: 10/80b lim: 17 exec/s: 0 rss: 30Mb L: 15/15 MS: 4 InsertRepeatedBytes-ChangeBinInt-PersAutoDict-InsertRepeatedBytes- DE: "\000\000"-
#1616	NEW    cov: 11 ft: 33 corp: 11/97b lim: 17 exec/s: 0 rss: 30Mb L: 17/17 MS: 1 CrossOver-
#1651	NEW    cov: 11 ft: 34 corp: 12/113b lim: 17 exec/s: 0 rss: 30Mb L: 16/17 MS: 5 ChangeByte-ChangeBinInt-ShuffleBytes-EraseBytes-InsertByte-
#2058	NEW    cov: 11 ft: 35 corp: 13/132b lim: 21 exec/s: 0 rss: 30Mb L: 19/19 MS: 2 ShuffleBytes-InsertRepeatedBytes-
#2884	NEW    cov: 11 ft: 36 corp: 14/160b lim: 29 exec/s: 0 rss: 30Mb L: 28/28 MS: 1 InsertRepeatedBytes-
#2886	NEW    cov: 11 ft: 37 corp: 15/189b lim: 29 exec/s: 0 rss: 30Mb L: 29/29 MS: 2 InsertByte-CrossOver-
#2896	REDUCE cov: 11 ft: 37 corp: 15/188b lim: 29 exec/s: 0 rss: 30Mb L: 27/29 MS: 5 ShuffleBytes-CopyPart-EraseBytes-InsertRepeatedBytes-CrossOver-
#3366	NEW    cov: 11 ft: 38 corp: 16/220b lim: 33 exec/s: 0 rss: 30Mb L: 32/32 MS: 5 ChangeByte-ShuffleBytes-CopyPart-ChangeByte-InsertRepeatedBytes-
#3403	REDUCE cov: 11 ft: 39 corp: 17/253b lim: 33 exec/s: 0 rss: 30Mb L: 33/33 MS: 2 CrossOver-CopyPart-
#3979	NEW    cov: 11 ft: 41 corp: 18/287b lim: 38 exec/s: 0 rss: 31Mb L: 34/34 MS: 1 InsertByte-
#4586	NEW    cov: 13 ft: 47 corp: 19/320b lim: 43 exec/s: 0 rss: 31Mb L: 33/34 MS: 2 InsertByte-InsertRepeatedBytes-
#4587	REDUCE cov: 13 ft: 47 corp: 19/314b lim: 43 exec/s: 0 rss: 31Mb L: 27/34 MS: 1 EraseBytes-
#4778	REDUCE cov: 13 ft: 48 corp: 20/339b lim: 43 exec/s: 0 rss: 31Mb L: 25/34 MS: 1 EraseBytes-
#4852	REDUCE cov: 13 ft: 49 corp: 21/360b lim: 43 exec/s: 0 rss: 31Mb L: 21/34 MS: 4 InsertRepeatedBytes-ShuffleBytes-EraseBytes-CrossOver-
#4903	NEW    cov: 13 ft: 50 corp: 22/386b lim: 43 exec/s: 0 rss: 31Mb L: 26/34 MS: 1 InsertByte-
#5015	REDUCE cov: 13 ft: 51 corp: 23/414b lim: 43 exec/s: 0 rss: 31Mb L: 28/34 MS: 2 ShuffleBytes-InsertByte-
#5041	NEW    cov: 13 ft: 52 corp: 24/439b lim: 43 exec/s: 0 rss: 31Mb L: 25/34 MS: 1 ChangeByte-
#5088	REDUCE cov: 13 ft: 52 corp: 24/437b lim: 43 exec/s: 0 rss: 31Mb L: 19/34 MS: 2 EraseBytes-InsertByte-
#5219	NEW    cov: 13 ft: 53 corp: 25/463b lim: 43 exec/s: 0 rss: 31Mb L: 26/34 MS: 1 InsertByte-
#5342	REDUCE cov: 13 ft: 54 corp: 26/480b lim: 43 exec/s: 0 rss: 31Mb L: 17/34 MS: 3 EraseBytes-ChangeBinInt-CMP- DE: "\001\000\000\000\000\000\000\""-
#5370	NEW    cov: 13 ft: 55 corp: 27/507b lim: 43 exec/s: 0 rss: 31Mb L: 27/34 MS: 3 ChangeBit-PersAutoDict-ChangeBit- DE: "\000\000"-
#5436	REDUCE cov: 13 ft: 55 corp: 27/501b lim: 43 exec/s: 0 rss: 31Mb L: 20/34 MS: 1 EraseBytes-
#5579	REDUCE cov: 13 ft: 55 corp: 27/500b lim: 43 exec/s: 0 rss: 31Mb L: 26/34 MS: 3 CopyPart-CMP-EraseBytes- DE: "\377\377"-
#5593	REDUCE cov: 13 ft: 55 corp: 27/492b lim: 43 exec/s: 0 rss: 31Mb L: 18/34 MS: 4 CopyPart-InsertRepeatedBytes-ChangeByte-EraseBytes-
#5596	REDUCE cov: 13 ft: 55 corp: 27/490b lim: 43 exec/s: 0 rss: 31Mb L: 18/34 MS: 3 ChangeByte-ChangeBit-EraseBytes-
#5666	REDUCE cov: 13 ft: 55 corp: 27/489b lim: 43 exec/s: 0 rss: 31Mb L: 17/34 MS: 5 ShuffleBytes-ChangeByte-CrossOver-CMP-EraseBytes- DE: "\032\000\000\000\000\000\000\000"-
#5691	REDUCE cov: 13 ft: 55 corp: 27/478b lim: 43 exec/s: 0 rss: 31Mb L: 16/34 MS: 5 EraseBytes-PersAutoDict-ChangeBit-ChangeBit-CrossOver- DE: "\001\000\000\000"-
#5723	REDUCE cov: 25 ft: 99 corp: 28/494b lim: 43 exec/s: 0 rss: 31Mb L: 16/34 MS: 2 ShuffleBytes-CMP- DE: "\001\000\000\000\000\000\000\015"-
#5756	REDUCE cov: 25 ft: 99 corp: 28/492b lim: 43 exec/s: 0 rss: 31Mb L: 23/34 MS: 3 InsertRepeatedBytes-CrossOver-EraseBytes-
#5938	REDUCE cov: 30 ft: 119 corp: 29/510b lim: 43 exec/s: 0 rss: 31Mb L: 18/34 MS: 2 ChangeByte-ChangeBinInt-
#6059	NEW    cov: 30 ft: 120 corp: 30/525b lim: 43 exec/s: 0 rss: 31Mb L: 15/34 MS: 1 EraseBytes-
#6145	NEW    cov: 30 ft: 121 corp: 31/542b lim: 43 exec/s: 0 rss: 31Mb L: 17/34 MS: 1 EraseBytes-
#6181	NEW    cov: 30 ft: 122 corp: 32/558b lim: 43 exec/s: 0 rss: 31Mb L: 16/34 MS: 1 ChangeBit-
#6189	NEW    cov: 30 ft: 123 corp: 33/574b lim: 43 exec/s: 0 rss: 31Mb L: 16/34 MS: 3 ChangeByte-InsertRepeatedBytes-EraseBytes-
#6926	NEW    cov: 30 ft: 126 corp: 34/591b lim: 48 exec/s: 0 rss: 31Mb L: 17/34 MS: 2 ChangeBit-InsertByte-
#6948	NEW    cov: 30 ft: 130 corp: 35/609b lim: 48 exec/s: 0 rss: 31Mb L: 18/34 MS: 2 InsertByte-ChangeBit-
#7100	REDUCE cov: 30 ft: 130 corp: 35/608b lim: 48 exec/s: 0 rss: 31Mb L: 17/34 MS: 2 ChangeBinInt-EraseBytes-
#7114	REDUCE cov: 30 ft: 131 corp: 36/628b lim: 48 exec/s: 0 rss: 31Mb L: 20/34 MS: 4 CopyPart-PersAutoDict-PersAutoDict-CMP- DE: "\032\000\000\000\000\000\000\000"-"\001\000\000\000"-"\000\000\000\000\000\000\000\000"-
#7130	NEW    cov: 30 ft: 132 corp: 37/645b lim: 48 exec/s: 0 rss: 31Mb L: 17/34 MS: 1 ChangeBit-
#7672	REDUCE cov: 30 ft: 132 corp: 37/644b lim: 53 exec/s: 0 rss: 31Mb L: 25/34 MS: 2 InsertByte-EraseBytes-
#7751	NEW    cov: 30 ft: 134 corp: 38/662b lim: 53 exec/s: 0 rss: 31Mb L: 18/34 MS: 4 ChangeASCIIInt-ShuffleBytes-ChangeByte-ShuffleBytes-
#7976	REDUCE cov: 30 ft: 134 corp: 38/654b lim: 53 exec/s: 0 rss: 31Mb L: 17/34 MS: 5 ChangeBinInt-CMP-CrossOver-ChangeByte-EraseBytes- DE: "\000\000\000\000"-
#8007	NEW    cov: 30 ft: 136 corp: 39/672b lim: 53 exec/s: 0 rss: 31Mb L: 18/34 MS: 1 InsertByte-
#8046	REDUCE cov: 30 ft: 136 corp: 39/671b lim: 53 exec/s: 0 rss: 31Mb L: 16/34 MS: 4 ShuffleBytes-EraseBytes-InsertByte-CrossOver-
#8387	NEW    cov: 30 ft: 138 corp: 40/689b lim: 53 exec/s: 0 rss: 31Mb L: 18/34 MS: 1 ChangeBinInt-
#8667	NEW    cov: 30 ft: 139 corp: 41/710b lim: 53 exec/s: 0 rss: 31Mb L: 21/34 MS: 5 InsertByte-CrossOver-ChangeByte-CrossOver-InsertByte-
#8723	NEW    cov: 30 ft: 140 corp: 42/730b lim: 53 exec/s: 0 rss: 31Mb L: 20/34 MS: 1 CMP- DE: "\000\000\000\000\000\000\000\000"-
#9160	NEW    cov: 30 ft: 141 corp: 43/750b lim: 53 exec/s: 0 rss: 31Mb L: 20/34 MS: 2 ChangeByte-ChangeByte-
#9314	NEW    cov: 30 ft: 143 corp: 44/770b lim: 53 exec/s: 0 rss: 31Mb L: 20/34 MS: 4 ShuffleBytes-ChangeBit-PersAutoDict-CopyPart- DE: "\001\000\000\000\000\000\000\015"-
#9472	NEW    cov: 30 ft: 144 corp: 45/788b lim: 53 exec/s: 0 rss: 32Mb L: 18/34 MS: 3 EraseBytes-ChangeBinInt-InsertByte-
#9514	REDUCE cov: 30 ft: 144 corp: 45/787b lim: 53 exec/s: 0 rss: 32Mb L: 16/34 MS: 2 ShuffleBytes-EraseBytes-
#9775	NEW    cov: 30 ft: 145 corp: 46/805b lim: 53 exec/s: 0 rss: 32Mb L: 18/34 MS: 1 ChangeByte-
#9988	NEW    cov: 30 ft: 147 corp: 47/827b lim: 53 exec/s: 0 rss: 32Mb L: 22/34 MS: 3 InsertByte-InsertByte-ChangeBit-
#10177	REDUCE cov: 30 ft: 147 corp: 47/826b lim: 53 exec/s: 0 rss: 32Mb L: 22/34 MS: 4 InsertRepeatedBytes-ChangeBinInt-ChangeBinInt-EraseBytes-
#11043	REDUCE cov: 30 ft: 147 corp: 47/815b lim: 58 exec/s: 0 rss: 32Mb L: 17/34 MS: 1 CrossOver-
#11044	NEW    cov: 30 ft: 148 corp: 48/833b lim: 58 exec/s: 0 rss: 32Mb L: 18/34 MS: 1 ChangeBit-
#11070	NEW    cov: 30 ft: 150 corp: 49/855b lim: 58 exec/s: 0 rss: 32Mb L: 22/34 MS: 1 ChangeByte-
#11267	REDUCE cov: 30 ft: 150 corp: 49/854b lim: 58 exec/s: 0 rss: 32Mb L: 18/34 MS: 2 CopyPart-EraseBytes-
#11343	NEW    cov: 30 ft: 151 corp: 50/870b lim: 58 exec/s: 0 rss: 32Mb L: 16/34 MS: 1 ChangeByte-
#11468	REDUCE cov: 30 ft: 151 corp: 50/868b lim: 58 exec/s: 0 rss: 32Mb L: 15/34 MS: 5 PersAutoDict-EraseBytes-CrossOver-ChangeByte-InsertByte- DE: "\001\000\000\000"-
#11475	NEW    cov: 30 ft: 153 corp: 51/886b lim: 58 exec/s: 0 rss: 32Mb L: 18/34 MS: 2 ChangeASCIIInt-ChangeBinInt-
#12147	REDUCE cov: 30 ft: 153 corp: 51/884b lim: 63 exec/s: 0 rss: 32Mb L: 20/34 MS: 2 ChangeByte-EraseBytes-
#12383	NEW    cov: 30 ft: 155 corp: 52/902b lim: 63 exec/s: 0 rss: 32Mb L: 18/34 MS: 1 ChangeASCIIInt-
#12886	NEW    cov: 30 ft: 163 corp: 53/920b lim: 63 exec/s: 0 rss: 32Mb L: 18/34 MS: 3 ChangeBit-ChangeByte-CrossOver-
#12913	NEW    cov: 30 ft: 164 corp: 54/938b lim: 63 exec/s: 0 rss: 32Mb L: 18/34 MS: 2 CopyPart-ChangeByte-
#13289	NEW    cov: 30 ft: 165 corp: 55/953b lim: 63 exec/s: 0 rss: 32Mb L: 15/34 MS: 1 EraseBytes-
#14017	NEW    cov: 30 ft: 167 corp: 56/971b lim: 68 exec/s: 0 rss: 33Mb L: 18/34 MS: 3 ShuffleBytes-ChangeASCIIInt-ShuffleBytes-
#14489	REDUCE cov: 30 ft: 167 corp: 56/970b lim: 68 exec/s: 0 rss: 33Mb L: 31/34 MS: 2 CrossOver-EraseBytes-
#14700	NEW    cov: 30 ft: 169 corp: 57/988b lim: 68 exec/s: 0 rss: 33Mb L: 18/34 MS: 1 ChangeByte-
#15571	NEW    cov: 30 ft: 171 corp: 58/1006b lim: 74 exec/s: 0 rss: 33Mb L: 18/34 MS: 1 ChangeBit-
#15757	NEW    cov: 30 ft: 174 corp: 59/1024b lim: 74 exec/s: 0 rss: 33Mb L: 18/34 MS: 1 ChangeBit-
#16413	NEW    cov: 30 ft: 175 corp: 60/1042b lim: 80 exec/s: 0 rss: 33Mb L: 18/34 MS: 1 ShuffleBytes-
#16519	NEW    cov: 30 ft: 177 corp: 61/1060b lim: 80 exec/s: 0 rss: 33Mb L: 18/34 MS: 1 ChangeBit-
#16700	NEW    cov: 30 ft: 179 corp: 62/1078b lim: 80 exec/s: 0 rss: 33Mb L: 18/34 MS: 1 CrossOver-
#17206	NEW    cov: 30 ft: 180 corp: 63/1096b lim: 80 exec/s: 0 rss: 33Mb L: 18/34 MS: 1 ChangeBit-
#18043	NEW    cov: 30 ft: 182 corp: 64/1114b lim: 86 exec/s: 0 rss: 33Mb L: 18/34 MS: 2 ChangeASCIIInt-ChangeBit-
#18580	NEW    cov: 32 ft: 195 corp: 65/1134b lim: 86 exec/s: 0 rss: 33Mb L: 20/34 MS: 2 ShuffleBytes-CrossOver-
#19351	NEW    cov: 32 ft: 196 corp: 66/1154b lim: 92 exec/s: 0 rss: 34Mb L: 20/34 MS: 1 ChangeBit-
#19409	REDUCE cov: 32 ft: 196 corp: 66/1152b lim: 92 exec/s: 0 rss: 34Mb L: 15/34 MS: 3 CrossOver-CrossOver-EraseBytes-
#19691	NEW    cov: 32 ft: 197 corp: 67/1172b lim: 92 exec/s: 0 rss: 34Mb L: 20/34 MS: 2 ShuffleBytes-CopyPart-
#19753	REDUCE cov: 32 ft: 197 corp: 67/1170b lim: 92 exec/s: 0 rss: 34Mb L: 16/34 MS: 2 EraseBytes-InsertByte-
#20055	NEW    cov: 32 ft: 203 corp: 68/1188b lim: 92 exec/s: 0 rss: 34Mb L: 18/34 MS: 2 ChangeBit-ChangeBit-
#20205	REDUCE cov: 32 ft: 203 corp: 68/1187b lim: 92 exec/s: 0 rss: 34Mb L: 15/34 MS: 5 CMP-ChangeBinInt-CMP-EraseBytes-EraseBytes- DE: "\001\000\000\000\000\000\000\000"-"\000\000\000\000"-
#21237	NEW    cov: 32 ft: 204 corp: 69/1207b lim: 98 exec/s: 0 rss: 34Mb L: 20/34 MS: 2 CopyPart-ChangeByte-
#21263	NEW    cov: 32 ft: 206 corp: 70/1225b lim: 98 exec/s: 0 rss: 34Mb L: 18/34 MS: 1 ChangeBit-
#22434	NEW    cov: 32 ft: 208 corp: 71/1243b lim: 104 exec/s: 0 rss: 34Mb L: 18/34 MS: 1 ChangeBit-
#22442	REDUCE cov: 32 ft: 208 corp: 71/1241b lim: 104 exec/s: 0 rss: 34Mb L: 20/34 MS: 3 InsertByte-EraseBytes-InsertByte-
#22638	NEW    cov: 32 ft: 209 corp: 72/1261b lim: 104 exec/s: 0 rss: 34Mb L: 20/34 MS: 1 ChangeByte-
#22812	REDUCE cov: 32 ft: 209 corp: 72/1260b lim: 104 exec/s: 0 rss: 34Mb L: 15/34 MS: 4 CopyPart-ChangeByte-EraseBytes-ChangeBinInt-
#23184	NEW    cov: 32 ft: 210 corp: 73/1280b lim: 104 exec/s: 0 rss: 34Mb L: 20/34 MS: 2 CopyPart-ChangeBit-
#23208	REDUCE cov: 32 ft: 210 corp: 73/1278b lim: 104 exec/s: 0 rss: 34Mb L: 15/34 MS: 4 EraseBytes-ChangeBit-ChangeByte-InsertByte-
#24059	NEW    cov: 32 ft: 211 corp: 74/1298b lim: 110 exec/s: 0 rss: 34Mb L: 20/34 MS: 1 ChangeBit-
#25875	NEW    cov: 44 ft: 259 corp: 75/1318b lim: 128 exec/s: 0 rss: 35Mb L: 20/34 MS: 1 ChangeBit-
#26166	NEW    cov: 44 ft: 262 corp: 76/1338b lim: 128 exec/s: 0 rss: 35Mb L: 20/34 MS: 1 ChangeBit-
#27146	REDUCE cov: 44 ft: 262 corp: 76/1335b lim: 135 exec/s: 0 rss: 35Mb L: 15/34 MS: 5 EraseBytes-EraseBytes-ChangeBinInt-CMP-InsertByte- DE: "\001a"-
#27357	NEW    cov: 44 ft: 264 corp: 77/1355b lim: 135 exec/s: 0 rss: 35Mb L: 20/34 MS: 1 CopyPart-
#28129	NEW    cov: 45 ft: 265 corp: 78/1375b lim: 142 exec/s: 0 rss: 35Mb L: 20/34 MS: 2 ChangeBinInt-ChangeByte-
#29974	REDUCE cov: 45 ft: 265 corp: 78/1374b lim: 156 exec/s: 0 rss: 35Mb L: 16/34 MS: 5 CopyPart-ChangeBit-EraseBytes-InsertByte-EraseBytes-
#32410	REDUCE cov: 45 ft: 265 corp: 78/1373b lim: 177 exec/s: 0 rss: 35Mb L: 15/34 MS: 1 EraseBytes-
#44881	NEW    cov: 46 ft: 268 corp: 79/1391b lim: 293 exec/s: 0 rss: 35Mb L: 18/34 MS: 1 ChangeByte-
#51548	REDUCE cov: 46 ft: 268 corp: 79/1390b lim: 357 exec/s: 0 rss: 35Mb L: 21/34 MS: 2 EraseBytes-CopyPart-
#52144	NEW    cov: 46 ft: 270 corp: 80/1410b lim: 357 exec/s: 0 rss: 35Mb L: 20/34 MS: 1 ShuffleBytes-
#52381	NEW    cov: 46 ft: 274 corp: 81/1430b lim: 357 exec/s: 0 rss: 35Mb L: 20/34 MS: 2 ChangeByte-ChangeBinInt-
#53167	REDUCE cov: 46 ft: 274 corp: 81/1429b lim: 357 exec/s: 0 rss: 35Mb L: 15/34 MS: 1 EraseBytes-
#53394	NEW    cov: 46 ft: 275 corp: 82/1449b lim: 357 exec/s: 0 rss: 35Mb L: 20/34 MS: 2 ChangeBinInt-CopyPart-
#53546	NEW    cov: 46 ft: 276 corp: 83/1469b lim: 357 exec/s: 0 rss: 35Mb L: 20/34 MS: 2 ChangeASCIIInt-ChangeBit-
#54548	NEW    cov: 47 ft: 281 corp: 84/1489b lim: 365 exec/s: 0 rss: 35Mb L: 20/34 MS: 2 ChangeBinInt-ChangeByte-
#55189	NEW    cov: 47 ft: 282 corp: 85/1509b lim: 365 exec/s: 0 rss: 35Mb L: 20/34 MS: 1 ChangeBit-
#57426	NEW    cov: 47 ft: 283 corp: 86/1529b lim: 381 exec/s: 0 rss: 35Mb L: 20/34 MS: 2 ChangeBinInt-ChangeBit-
#59350	REDUCE cov: 47 ft: 283 corp: 86/1527b lim: 397 exec/s: 0 rss: 35Mb L: 15/34 MS: 4 CrossOver-ChangeBit-ChangeASCIIInt-EraseBytes-
#59776	NEW    cov: 47 ft: 285 corp: 87/1547b lim: 397 exec/s: 0 rss: 35Mb L: 20/34 MS: 1 ChangeBit-
#59872	NEW    cov: 47 ft: 286 corp: 88/1567b lim: 397 exec/s: 0 rss: 35Mb L: 20/34 MS: 1 CopyPart-
#60088	NEW    cov: 47 ft: 287 corp: 89/1587b lim: 397 exec/s: 0 rss: 35Mb L: 20/34 MS: 1 ChangeBit-
#60539	NEW    cov: 47 ft: 288 corp: 90/1607b lim: 397 exec/s: 0 rss: 35Mb L: 20/34 MS: 1 ShuffleBytes-
#70380	NEW    cov: 47 ft: 289 corp: 91/1627b lim: 493 exec/s: 0 rss: 35Mb L: 20/34 MS: 1 ShuffleBytes-
#71555	REDUCE cov: 47 ft: 289 corp: 91/1625b lim: 501 exec/s: 0 rss: 35Mb L: 16/34 MS: 5 ChangeBit-CrossOver-InsertByte-EraseBytes-InsertByte-
#74436	NEW    cov: 47 ft: 290 corp: 92/1645b lim: 526 exec/s: 0 rss: 35Mb L: 20/34 MS: 1 ShuffleBytes-
#76062	NEW    cov: 47 ft: 291 corp: 93/1665b lim: 535 exec/s: 0 rss: 35Mb L: 20/34 MS: 1 ChangeBit-
#79029	NEW    cov: 47 ft: 292 corp: 94/1685b lim: 562 exec/s: 0 rss: 35Mb L: 20/34 MS: 2 ShuffleBytes-CopyPart-
#80020	NEW    cov: 47 ft: 293 corp: 95/1705b lim: 571 exec/s: 0 rss: 35Mb L: 20/34 MS: 1 ChangeBit-
#80324	REDUCE cov: 47 ft: 293 corp: 95/1701b lim: 571 exec/s: 0 rss: 35Mb L: 17/34 MS: 4 ChangeByte-ShuffleBytes-EraseBytes-CopyPart-
#80815	NEW    cov: 47 ft: 294 corp: 96/1721b lim: 571 exec/s: 0 rss: 35Mb L: 20/34 MS: 1 ChangeBit-
#81490	NEW    cov: 47 ft: 295 corp: 97/1741b lim: 571 exec/s: 0 rss: 35Mb L: 20/34 MS: 5 ShuffleBytes-CopyPart-CopyPart-ChangeBinInt-ShuffleBytes-
#85756	NEW    cov: 47 ft: 296 corp: 98/1761b lim: 607 exec/s: 0 rss: 35Mb L: 20/34 MS: 1 ChangeBinInt-
#86182	NEW    cov: 47 ft: 297 corp: 99/1781b lim: 607 exec/s: 0 rss: 35Mb L: 20/34 MS: 1 ChangeBinInt-
#92374	REDUCE cov: 47 ft: 297 corp: 99/1779b lim: 661 exec/s: 0 rss: 35Mb L: 18/34 MS: 2 EraseBytes-ChangeBit-
#97956	REDUCE cov: 47 ft: 297 corp: 99/1777b lim: 715 exec/s: 0 rss: 35Mb L: 18/34 MS: 2 EraseBytes-InsertByte-
#98453	NEW    cov: 47 ft: 298 corp: 100/1797b lim: 715 exec/s: 0 rss: 35Mb L: 20/34 MS: 2 CopyPart-ChangeByte-
#100360	REDUCE cov: 47 ft: 298 corp: 100/1795b lim: 733 exec/s: 0 rss: 35Mb L: 18/34 MS: 2 ChangeByte-EraseBytes-
#108434	NEW    cov: 47 ft: 299 corp: 101/1813b lim: 805 exec/s: 0 rss: 35Mb L: 18/34 MS: 4 ChangeBinInt-CrossOver-ShuffleBytes-ChangeBit-
#110083	REDUCE cov: 47 ft: 299 corp: 101/1811b lim: 814 exec/s: 0 rss: 35Mb L: 16/34 MS: 4 ChangeByte-CrossOver-EraseBytes-ChangeBit-
#114615	REDUCE cov: 47 ft: 299 corp: 101/1809b lim: 859 exec/s: 0 rss: 35Mb L: 18/34 MS: 2 ChangeBinInt-EraseBytes-
#116719	REDUCE cov: 47 ft: 299 corp: 101/1807b lim: 877 exec/s: 0 rss: 35Mb L: 18/34 MS: 4 ChangeBit-EraseBytes-ShuffleBytes-ChangeBit-
#123382	REDUCE cov: 47 ft: 299 corp: 101/1805b lim: 940 exec/s: 0 rss: 35Mb L: 15/34 MS: 3 ShuffleBytes-ChangeByte-EraseBytes-
#129185	REDUCE cov: 47 ft: 299 corp: 101/1803b lim: 994 exec/s: 0 rss: 35Mb L: 18/34 MS: 3 EraseBytes-ChangeBinInt-PersAutoDict- DE: "\000\000\000\000"-
#135541	NEW    cov: 47 ft: 300 corp: 102/1823b lim: 1050 exec/s: 0 rss: 35Mb L: 20/34 MS: 1 ChangeByte-
#135543	REDUCE cov: 47 ft: 300 corp: 102/1821b lim: 1050 exec/s: 0 rss: 35Mb L: 18/34 MS: 2 InsertByte-EraseBytes-
#137835	REDUCE cov: 47 ft: 301 corp: 103/1839b lim: 1070 exec/s: 0 rss: 35Mb L: 18/34 MS: 2 ChangeBit-ShuffleBytes-
#139541	NEW    cov: 47 ft: 302 corp: 104/1857b lim: 1080 exec/s: 0 rss: 35Mb L: 18/34 MS: 1 ShuffleBytes-
#145572	NEW    cov: 47 ft: 303 corp: 105/1875b lim: 1140 exec/s: 0 rss: 35Mb L: 18/34 MS: 1 ChangeBit-
#154288	NEW    cov: 47 ft: 305 corp: 106/1895b lim: 1220 exec/s: 0 rss: 35Mb L: 20/34 MS: 1 ChangeBit-
#178229	NEW    cov: 47 ft: 307 corp: 107/1915b lim: 1450 exec/s: 0 rss: 35Mb L: 20/34 MS: 1 ChangeBit-
#186100	NEW    cov: 47 ft: 308 corp: 108/1935b lim: 1520 exec/s: 0 rss: 35Mb L: 20/34 MS: 1 ChangeBit-
#200396	NEW    cov: 47 ft: 309 corp: 109/1955b lim: 1660 exec/s: 0 rss: 35Mb L: 20/34 MS: 1 ShuffleBytes-
#221869	NEW    cov: 47 ft: 310 corp: 110/1975b lim: 1870 exec/s: 0 rss: 35Mb L: 20/34 MS: 3 CrossOver-ChangeBit-ChangeBit-
#241868	REDUCE cov: 47 ft: 310 corp: 110/1973b lim: 2061 exec/s: 0 rss: 35Mb L: 18/34 MS: 4 InsertByte-EraseBytes-ShuffleBytes-ChangeByte-
#251719	NEW    cov: 47 ft: 311 corp: 111/1991b lim: 2149 exec/s: 0 rss: 35Mb L: 18/34 MS: 1 ChangeBinInt-
#253508	REDUCE cov: 47 ft: 311 corp: 111/1989b lim: 2160 exec/s: 0 rss: 35Mb L: 16/34 MS: 4 EraseBytes-ChangeBinInt-InsertByte-CopyPart-
#270609	NEW    cov: 47 ft: 312 corp: 112/2009b lim: 2325 exec/s: 0 rss: 35Mb L: 20/34 MS: 1 ChangeBit-
#276113	REDUCE cov: 47 ft: 312 corp: 112/2003b lim: 2369 exec/s: 0 rss: 35Mb L: 19/34 MS: 4 EraseBytes-PersAutoDict-EraseBytes-CMP- DE: "\377\377"-"\377\377\377\377\377\377\377\007"-
#288470	REDUCE cov: 47 ft: 312 corp: 112/2001b lim: 2490 exec/s: 0 rss: 35Mb L: 18/34 MS: 2 ChangeByte-EraseBytes-
#298203	REDUCE cov: 47 ft: 312 corp: 112/1999b lim: 2578 exec/s: 0 rss: 35Mb L: 18/34 MS: 3 ChangeByte-EraseBytes-InsertByte-
#301030	REDUCE cov: 47 ft: 312 corp: 112/1997b lim: 2600 exec/s: 0 rss: 35Mb L: 16/34 MS: 2 EraseBytes-InsertByte-
#316244	REDUCE cov: 47 ft: 312 corp: 112/1995b lim: 2743 exec/s: 0 rss: 35Mb L: 16/34 MS: 4 CrossOver-EraseBytes-CopyPart-ChangeByte-
#316890	NEW    cov: 47 ft: 313 corp: 113/2015b lim: 2743 exec/s: 0 rss: 35Mb L: 20/34 MS: 1 ChangeBit-
#318882	REDUCE cov: 47 ft: 313 corp: 113/2011b lim: 2754 exec/s: 0 rss: 35Mb L: 16/34 MS: 2 EraseBytes-ChangeBinInt-
#323693	NEW    cov: 49 ft: 321 corp: 114/2031b lim: 2798 exec/s: 0 rss: 35Mb L: 20/34 MS: 1 ChangeByte-
#338305	REDUCE cov: 49 ft: 321 corp: 114/2029b lim: 2941 exec/s: 0 rss: 35Mb L: 18/34 MS: 2 EraseBytes-ChangeByte-
#351383	REDUCE cov: 49 ft: 321 corp: 114/2027b lim: 3062 exec/s: 0 rss: 35Mb L: 18/34 MS: 3 CopyPart-CrossOver-EraseBytes-
#358512	REDUCE cov: 49 ft: 321 corp: 114/2025b lim: 3128 exec/s: 0 rss: 35Mb L: 16/34 MS: 4 ChangeBinInt-EraseBytes-CopyPart-CopyPart-
#361629	REDUCE cov: 49 ft: 321 corp: 114/2023b lim: 3150 exec/s: 0 rss: 35Mb L: 16/34 MS: 2 EraseBytes-ChangeByte-
#373821	NEW    cov: 49 ft: 323 corp: 115/2043b lim: 3271 exec/s: 0 rss: 35Mb L: 20/34 MS: 2 ShuffleBytes-ChangeBit-
#404234	REDUCE cov: 49 ft: 323 corp: 115/2041b lim: 3568 exec/s: 0 rss: 35Mb L: 16/34 MS: 3 ShuffleBytes-EraseBytes-ChangeByte-
#414006	NEW    cov: 49 ft: 327 corp: 116/2061b lim: 3656 exec/s: 0 rss: 35Mb L: 20/34 MS: 2 ChangeByte-ChangeByte-
#429800	REDUCE cov: 49 ft: 327 corp: 116/2059b lim: 3810 exec/s: 429800 rss: 35Mb L: 16/34 MS: 3 EraseBytes-InsertByte-EraseBytes-
#466613	NEW    cov: 49 ft: 328 corp: 117/2079b lim: 4096 exec/s: 466613 rss: 35Mb L: 20/34 MS: 3 InsertByte-CrossOver-CrossOver-
#466671	REDUCE cov: 49 ft: 328 corp: 117/2077b lim: 4096 exec/s: 466671 rss: 35Mb L: 16/34 MS: 3 EraseBytes-ChangeBit-InsertByte-
#467284	REDUCE cov: 49 ft: 328 corp: 117/2075b lim: 4096 exec/s: 467284 rss: 35Mb L: 18/34 MS: 3 CrossOver-EraseBytes-ChangeByte-
#492410	NEW    cov: 49 ft: 330 corp: 118/2095b lim: 4096 exec/s: 492410 rss: 35Mb L: 20/34 MS: 1 ChangeBit-
#502603	REDUCE cov: 49 ft: 330 corp: 118/2093b lim: 4096 exec/s: 502603 rss: 35Mb L: 16/34 MS: 3 EraseBytes-CopyPart-EraseBytes-
#514947	REDUCE cov: 49 ft: 330 corp: 118/2091b lim: 4096 exec/s: 514947 rss: 36Mb L: 16/34 MS: 4 ChangeByte-ShuffleBytes-ChangeByte-EraseBytes-
#527149	NEW    cov: 49 ft: 331 corp: 119/2115b lim: 4096 exec/s: 527149 rss: 36Mb L: 24/34 MS: 2 InsertRepeatedBytes-EraseBytes-
#527731	REDUCE cov: 49 ft: 331 corp: 119/2113b lim: 4096 exec/s: 527731 rss: 36Mb L: 16/34 MS: 2 EraseBytes-ChangeBit-
#527912	REDUCE cov: 49 ft: 331 corp: 119/2112b lim: 4096 exec/s: 527912 rss: 36Mb L: 23/34 MS: 1 EraseBytes-
#528089	REDUCE cov: 49 ft: 331 corp: 119/2110b lim: 4096 exec/s: 528089 rss: 36Mb L: 18/34 MS: 2 ChangeBinInt-EraseBytes-
#530296	REDUCE cov: 49 ft: 331 corp: 119/2106b lim: 4096 exec/s: 530296 rss: 36Mb L: 19/34 MS: 2 ShuffleBytes-EraseBytes-
#532717	REDUCE cov: 49 ft: 331 corp: 119/2104b lim: 4096 exec/s: 532717 rss: 36Mb L: 17/34 MS: 1 EraseBytes-
#541554	REDUCE cov: 49 ft: 331 corp: 119/2102b lim: 4096 exec/s: 541554 rss: 36Mb L: 16/34 MS: 2 ChangeBit-EraseBytes-
#543858	REDUCE cov: 49 ft: 331 corp: 119/2100b lim: 4096 exec/s: 543858 rss: 36Mb L: 16/34 MS: 4 CopyPart-ShuffleBytes-ShuffleBytes-EraseBytes-
#555374	REDUCE cov: 49 ft: 331 corp: 119/2098b lim: 4096 exec/s: 555374 rss: 36Mb L: 15/34 MS: 1 EraseBytes-
#594724	REDUCE cov: 49 ft: 331 corp: 119/2096b lim: 4096 exec/s: 594724 rss: 36Mb L: 16/34 MS: 5 InsertByte-ChangeBit-EraseBytes-ChangeByte-InsertByte-
#611521	REDUCE cov: 49 ft: 331 corp: 119/2092b lim: 4096 exec/s: 611521 rss: 36Mb L: 16/34 MS: 2 CMP-EraseBytes- DE: "\377\377\377\377\377\377\377\010"-
#613595	REDUCE cov: 49 ft: 331 corp: 119/2090b lim: 4096 exec/s: 613595 rss: 36Mb L: 16/34 MS: 4 ChangeBinInt-ShuffleBytes-EraseBytes-ChangeByte-
#687818	NEW    cov: 49 ft: 338 corp: 120/2110b lim: 4096 exec/s: 687818 rss: 36Mb L: 20/34 MS: 3 ChangeByte-CrossOver-ShuffleBytes-
#709374	NEW    cov: 49 ft: 339 corp: 121/2130b lim: 4096 exec/s: 709374 rss: 36Mb L: 20/34 MS: 1 ChangeByte-
#746917	REDUCE cov: 49 ft: 340 corp: 122/2146b lim: 4096 exec/s: 746917 rss: 36Mb L: 16/34 MS: 3 ChangeASCIIInt-CopyPart-ChangeByte-
#753370	NEW    cov: 49 ft: 341 corp: 123/2162b lim: 4096 exec/s: 753370 rss: 36Mb L: 16/34 MS: 3 ChangeBit-ChangeBit-ChangeByte-
#754916	NEW    cov: 49 ft: 342 corp: 124/2178b lim: 4096 exec/s: 754916 rss: 36Mb L: 16/34 MS: 1 ChangeBit-
#756598	NEW    cov: 49 ft: 343 corp: 125/2194b lim: 4096 exec/s: 756598 rss: 36Mb L: 16/34 MS: 2 ChangeBit-ChangeBinInt-
#757309	NEW    cov: 49 ft: 344 corp: 126/2210b lim: 4096 exec/s: 757309 rss: 36Mb L: 16/34 MS: 1 ChangeASCIIInt-
#777630	NEW    cov: 49 ft: 346 corp: 127/2230b lim: 4096 exec/s: 777630 rss: 36Mb L: 20/34 MS: 1 CopyPart-
#811741	NEW    cov: 49 ft: 347 corp: 128/2246b lim: 4096 exec/s: 811741 rss: 36Mb L: 16/34 MS: 1 ChangeBit-
#811807	NEW    cov: 49 ft: 348 corp: 129/2262b lim: 4096 exec/s: 811807 rss: 36Mb L: 16/34 MS: 1 ChangeBit-
#813090	REDUCE cov: 49 ft: 348 corp: 129/2260b lim: 4096 exec/s: 813090 rss: 36Mb L: 18/34 MS: 3 ShuffleBytes-ChangeBinInt-EraseBytes-
#889248	REDUCE cov: 49 ft: 348 corp: 129/2258b lim: 4096 exec/s: 444624 rss: 36Mb L: 16/34 MS: 3 ChangeBit-InsertByte-EraseBytes-
#893610	REDUCE cov: 49 ft: 348 corp: 129/2256b lim: 4096 exec/s: 446805 rss: 36Mb L: 16/34 MS: 2 CopyPart-EraseBytes-
#903687	REDUCE cov: 49 ft: 348 corp: 129/2254b lim: 4096 exec/s: 451843 rss: 36Mb L: 18/34 MS: 2 ChangeByte-EraseBytes-
#979099	REDUCE cov: 49 ft: 348 corp: 129/2252b lim: 4096 exec/s: 489549 rss: 36Mb L: 16/34 MS: 2 EraseBytes-ChangeBinInt-
#1012895	NEW    cov: 49 ft: 349 corp: 130/2268b lim: 4096 exec/s: 506447 rss: 36Mb L: 16/34 MS: 1 CopyPart-
#1015367	NEW    cov: 49 ft: 350 corp: 131/2284b lim: 4096 exec/s: 507683 rss: 36Mb L: 16/34 MS: 2 ChangeASCIIInt-CopyPart-
#1016433	NEW    cov: 49 ft: 351 corp: 132/2300b lim: 4096 exec/s: 508216 rss: 36Mb L: 16/34 MS: 1 ChangeASCIIInt-
#1018106	REDUCE cov: 49 ft: 351 corp: 132/2298b lim: 4096 exec/s: 509053 rss: 36Mb L: 19/34 MS: 3 ChangeByte-ChangeBinInt-EraseBytes-
#1020213	NEW    cov: 49 ft: 352 corp: 133/2314b lim: 4096 exec/s: 510106 rss: 36Mb L: 16/34 MS: 2 ChangeByte-ChangeASCIIInt-
#1022051	REDUCE cov: 49 ft: 352 corp: 133/2312b lim: 4096 exec/s: 511025 rss: 36Mb L: 16/34 MS: 3 ChangeBinInt-EraseBytes-CopyPart-
#1023694	REDUCE cov: 49 ft: 352 corp: 133/2310b lim: 4096 exec/s: 511847 rss: 36Mb L: 16/34 MS: 3 CopyPart-EraseBytes-ChangeBit-
#1036222	NEW    cov: 49 ft: 353 corp: 134/2326b lim: 4096 exec/s: 518111 rss: 36Mb L: 16/34 MS: 3 ChangeASCIIInt-CopyPart-EraseBytes-
#1036383	NEW    cov: 49 ft: 354 corp: 135/2342b lim: 4096 exec/s: 518191 rss: 36Mb L: 16/34 MS: 1 ChangeASCIIInt-
#1037734	NEW    cov: 49 ft: 355 corp: 136/2358b lim: 4096 exec/s: 518867 rss: 36Mb L: 16/34 MS: 1 ChangeByte-
#1039141	NEW    cov: 49 ft: 356 corp: 137/2374b lim: 4096 exec/s: 519570 rss: 36Mb L: 16/34 MS: 2 ChangeBinInt-ChangeASCIIInt-
#1039187	NEW    cov: 49 ft: 357 corp: 138/2390b lim: 4096 exec/s: 519593 rss: 36Mb L: 16/34 MS: 1 CrossOver-
#1040793	NEW    cov: 49 ft: 358 corp: 139/2406b lim: 4096 exec/s: 520396 rss: 36Mb L: 16/34 MS: 1 ChangeASCIIInt-
#1042849	NEW    cov: 49 ft: 360 corp: 140/2422b lim: 4096 exec/s: 521424 rss: 36Mb L: 16/34 MS: 1 CrossOver-
#1043166	NEW    cov: 49 ft: 361 corp: 141/2438b lim: 4096 exec/s: 521583 rss: 36Mb L: 16/34 MS: 2 ChangeBit-CrossOver-
#1045352	NEW    cov: 49 ft: 362 corp: 142/2454b lim: 4096 exec/s: 522676 rss: 36Mb L: 16/34 MS: 1 ChangeBit-
#1046488	NEW    cov: 49 ft: 363 corp: 143/2470b lim: 4096 exec/s: 523244 rss: 36Mb L: 16/34 MS: 1 ChangeByte-
#1046494	NEW    cov: 49 ft: 364 corp: 144/2486b lim: 4096 exec/s: 523247 rss: 36Mb L: 16/34 MS: 1 CopyPart-
#1046610	NEW    cov: 49 ft: 365 corp: 145/2502b lim: 4096 exec/s: 523305 rss: 36Mb L: 16/34 MS: 1 CrossOver-
#1048576	pulse  cov: 49 ft: 365 corp: 145/2502b lim: 4096 exec/s: 524288 rss: 36Mb
#1048641	NEW    cov: 49 ft: 366 corp: 146/2518b lim: 4096 exec/s: 524320 rss: 36Mb L: 16/34 MS: 1 ShuffleBytes-
#1049482	NEW    cov: 49 ft: 367 corp: 147/2534b lim: 4096 exec/s: 524741 rss: 36Mb L: 16/34 MS: 1 CopyPart-
#1049719	NEW    cov: 49 ft: 368 corp: 148/2550b lim: 4096 exec/s: 524859 rss: 36Mb L: 16/34 MS: 2 ShuffleBytes-ChangeASCIIInt-
#1051000	NEW    cov: 49 ft: 369 corp: 149/2566b lim: 4096 exec/s: 525500 rss: 36Mb L: 16/34 MS: 1 ChangeByte-
#1054935	NEW    cov: 49 ft: 370 corp: 150/2584b lim: 4096 exec/s: 527467 rss: 36Mb L: 18/34 MS: 5 ChangeByte-ChangeBit-CopyPart-ChangeByte-CopyPart-
#1056651	NEW    cov: 49 ft: 371 corp: 151/2602b lim: 4096 exec/s: 528325 rss: 36Mb L: 18/34 MS: 1 ChangeASCIIInt-
#1062119	REDUCE cov: 49 ft: 371 corp: 151/2598b lim: 4096 exec/s: 531059 rss: 36Mb L: 16/34 MS: 3 InsertByte-PersAutoDict-EraseBytes- DE: "\377\377"-
#1168111	NEW    cov: 49 ft: 373 corp: 152/2618b lim: 4096 exec/s: 584055 rss: 36Mb L: 20/34 MS: 2 ChangeByte-ShuffleBytes-
#1168930	REDUCE cov: 49 ft: 373 corp: 152/2616b lim: 4096 exec/s: 584465 rss: 36Mb L: 15/34 MS: 4 EraseBytes-ShuffleBytes-ChangeBinInt-CopyPart-
#1181640	REDUCE cov: 49 ft: 373 corp: 152/2615b lim: 4096 exec/s: 590820 rss: 36Mb L: 15/34 MS: 5 ChangeBit-ShuffleBytes-ShuffleBytes-EraseBytes-ChangeBinInt-
#1298832	NEW    cov: 49 ft: 374 corp: 153/2635b lim: 4096 exec/s: 649416 rss: 36Mb L: 20/34 MS: 2 CopyPart-ChangeBit-
#1347990	REDUCE cov: 49 ft: 374 corp: 153/2633b lim: 4096 exec/s: 449330 rss: 36Mb L: 18/34 MS: 3 EraseBytes-ShuffleBytes-ChangeByte-
#1378798	NEW    cov: 49 ft: 375 corp: 154/2653b lim: 4096 exec/s: 459599 rss: 36Mb L: 20/34 MS: 3 CrossOver-ShuffleBytes-ChangeBit-
#1436777	REDUCE cov: 49 ft: 375 corp: 154/2651b lim: 4096 exec/s: 478925 rss: 36Mb L: 17/34 MS: 4 CopyPart-ChangeBit-ChangeByte-EraseBytes-
#1485244	REDUCE cov: 49 ft: 375 corp: 154/2649b lim: 4096 exec/s: 495081 rss: 36Mb L: 16/34 MS: 2 EraseBytes-InsertByte-
#1487886	NEW    cov: 49 ft: 377 corp: 155/2669b lim: 4096 exec/s: 495962 rss: 36Mb L: 20/34 MS: 2 ChangeBit-ChangeASCIIInt-
#1503377	NEW    cov: 49 ft: 378 corp: 156/2703b lim: 4096 exec/s: 501125 rss: 36Mb L: 34/34 MS: 1 InsertRepeatedBytes-
#1503993	REDUCE cov: 49 ft: 378 corp: 156/2701b lim: 4096 exec/s: 501331 rss: 36Mb L: 32/34 MS: 1 EraseBytes-
#1528200	REDUCE cov: 49 ft: 378 corp: 156/2699b lim: 4096 exec/s: 509400 rss: 36Mb L: 18/34 MS: 2 EraseBytes-ChangeBit-
#1665342	NEW    cov: 49 ft: 379 corp: 157/2719b lim: 4096 exec/s: 555114 rss: 36Mb L: 20/34 MS: 2 ChangeBit-ChangeBit-
#1692025	REDUCE cov: 49 ft: 379 corp: 157/2717b lim: 4096 exec/s: 564008 rss: 36Mb L: 16/34 MS: 3 ChangeByte-ChangeBit-EraseBytes-
#1713998	NEW    cov: 49 ft: 380 corp: 158/2737b lim: 4096 exec/s: 571332 rss: 36Mb L: 20/34 MS: 3 CopyPart-ChangeBit-ChangeBinInt-
#1770039	NEW    cov: 49 ft: 381 corp: 159/2757b lim: 4096 exec/s: 442509 rss: 36Mb L: 20/34 MS: 1 ChangeBit-
#1823527	REDUCE cov: 49 ft: 381 corp: 159/2755b lim: 4096 exec/s: 455881 rss: 36Mb L: 17/34 MS: 3 ChangeByte-CopyPart-EraseBytes-
#1824364	NEW    cov: 49 ft: 382 corp: 160/2775b lim: 4096 exec/s: 456091 rss: 36Mb L: 20/34 MS: 2 ChangeBit-ChangeBit-
#1882537	REDUCE cov: 49 ft: 385 corp: 161/2807b lim: 4096 exec/s: 470634 rss: 36Mb L: 32/34 MS: 3 ShuffleBytes-ChangeASCIIInt-ChangeBinInt-
#1882954	REDUCE cov: 49 ft: 385 corp: 161/2800b lim: 4096 exec/s: 470738 rss: 36Mb L: 25/34 MS: 2 ShuffleBytes-EraseBytes-
#1886990	REDUCE cov: 49 ft: 385 corp: 161/2799b lim: 4096 exec/s: 471747 rss: 36Mb L: 24/34 MS: 1 EraseBytes-
#1929636	REDUCE cov: 49 ft: 385 corp: 161/2797b lim: 4096 exec/s: 482409 rss: 36Mb L: 22/34 MS: 1 EraseBytes-
#2192800	NEW    cov: 49 ft: 388 corp: 162/2817b lim: 4096 exec/s: 548200 rss: 36Mb L: 20/34 MS: 4 ChangeByte-ChangeBinInt-CrossOver-CopyPart-
#2230101	NEW    cov: 49 ft: 390 corp: 163/2837b lim: 4096 exec/s: 446020 rss: 36Mb L: 20/34 MS: 1 CopyPart-
#2247012	REDUCE cov: 49 ft: 390 corp: 163/2836b lim: 4096 exec/s: 449402 rss: 36Mb L: 21/34 MS: 1 EraseBytes-
#2264924	REDUCE cov: 49 ft: 390 corp: 163/2834b lim: 4096 exec/s: 452984 rss: 36Mb L: 16/34 MS: 2 EraseBytes-CopyPart-
#2323805	REDUCE cov: 49 ft: 390 corp: 163/2833b lim: 4096 exec/s: 464761 rss: 36Mb L: 20/34 MS: 1 EraseBytes-
#2344557	REDUCE cov: 49 ft: 390 corp: 163/2829b lim: 4096 exec/s: 468911 rss: 36Mb L: 16/34 MS: 2 EraseBytes-ChangeBinInt-
#2434794	NEW    cov: 49 ft: 392 corp: 164/2849b lim: 4096 exec/s: 486958 rss: 36Mb L: 20/34 MS: 2 ChangeBinInt-CopyPart-
#2437867	REDUCE cov: 49 ft: 392 corp: 164/2847b lim: 4096 exec/s: 487573 rss: 36Mb L: 16/34 MS: 3 InsertByte-ShuffleBytes-EraseBytes-
#2453113	REDUCE cov: 49 ft: 393 corp: 165/2863b lim: 4096 exec/s: 490622 rss: 36Mb L: 16/34 MS: 1 ChangeBit-
#2532648	REDUCE cov: 49 ft: 393 corp: 165/2862b lim: 4096 exec/s: 506529 rss: 36Mb L: 15/34 MS: 5 ChangeBit-CopyPart-ShuffleBytes-ChangeBinInt-EraseBytes-
#2574284	NEW    cov: 49 ft: 394 corp: 166/2882b lim: 4096 exec/s: 514856 rss: 36Mb L: 20/34 MS: 1 CopyPart-
#2709533	NEW    cov: 50 ft: 399 corp: 167/2904b lim: 4096 exec/s: 451588 rss: 36Mb L: 22/34 MS: 4 ChangeBinInt-CrossOver-ChangeBit-EraseBytes-
#2768934	NEW    cov: 50 ft: 403 corp: 168/2924b lim: 4096 exec/s: 461489 rss: 36Mb L: 20/34 MS: 1 CopyPart-
#2832645	NEW    cov: 50 ft: 404 corp: 169/2944b lim: 4096 exec/s: 472107 rss: 36Mb L: 20/34 MS: 1 ChangeBit-
#2845415	REDUCE cov: 50 ft: 404 corp: 169/2942b lim: 4096 exec/s: 474235 rss: 36Mb L: 16/34 MS: 5 CopyPart-EraseBytes-ChangeBit-ChangeByte-ChangeByte-
#2933973	NEW    cov: 50 ft: 406 corp: 170/2962b lim: 4096 exec/s: 488995 rss: 36Mb L: 20/34 MS: 3 ChangeByte-ChangeASCIIInt-ChangeASCIIInt-
#2997550	REDUCE cov: 50 ft: 406 corp: 170/2960b lim: 4096 exec/s: 499591 rss: 36Mb L: 16/34 MS: 2 EraseBytes-ChangeBit-
#3014887	NEW    cov: 50 ft: 407 corp: 171/2980b lim: 4096 exec/s: 502481 rss: 36Mb L: 20/34 MS: 2 CopyPart-ChangeBinInt-
#3436679	REDUCE cov: 50 ft: 408 corp: 172/3012b lim: 4096 exec/s: 490954 rss: 36Mb L: 32/34 MS: 2 ChangeBit-CMP- DE: "T\000\000\000"-
#3437108	REDUCE cov: 50 ft: 408 corp: 172/3010b lim: 4096 exec/s: 491015 rss: 36Mb L: 30/34 MS: 4 InsertRepeatedBytes-ChangeBit-EraseBytes-EraseBytes-
#3437458	REDUCE cov: 50 ft: 408 corp: 172/2999b lim: 4096 exec/s: 491065 rss: 36Mb L: 19/34 MS: 5 ShuffleBytes-ShuffleBytes-ChangeByte-ChangeASCIIInt-EraseBytes-
#3437715	REDUCE cov: 50 ft: 408 corp: 172/2996b lim: 4096 exec/s: 491102 rss: 36Mb L: 16/34 MS: 2 InsertRepeatedBytes-EraseBytes-
#3437999	REDUCE cov: 50 ft: 408 corp: 172/2995b lim: 4096 exec/s: 491142 rss: 36Mb L: 15/34 MS: 4 EraseBytes-CopyPart-CopyPart-InsertByte-
#3444503	REDUCE cov: 50 ft: 409 corp: 173/3023b lim: 4096 exec/s: 492071 rss: 36Mb L: 28/34 MS: 4 ShuffleBytes-EraseBytes-InsertByte-CrossOver-
#3446305	REDUCE cov: 50 ft: 409 corp: 173/3018b lim: 4096 exec/s: 492329 rss: 36Mb L: 23/34 MS: 2 CMP-EraseBytes- DE: "z\000\000\000"-
#4194304	pulse  cov: 50 ft: 409 corp: 173/3018b lim: 4096 exec/s: 466033 rss: 36Mb
#4563872	REDUCE cov: 50 ft: 409 corp: 173/3016b lim: 4096 exec/s: 456387 rss: 36Mb L: 18/34 MS: 2 ChangeBinInt-EraseBytes-
#4655642	REDUCE cov: 50 ft: 409 corp: 173/3014b lim: 4096 exec/s: 465564 rss: 36Mb L: 21/34 MS: 5 EraseBytes-ChangeBit-ShuffleBytes-ChangeBinInt-ChangeByte-
#6176530	REDUCE cov: 50 ft: 409 corp: 173/3013b lim: 4096 exec/s: 475117 rss: 36Mb L: 15/34 MS: 3 PersAutoDict-EraseBytes-ChangeBit- DE: "\377\377"-
#6300563	REDUCE cov: 50 ft: 409 corp: 173/3011b lim: 4096 exec/s: 450040 rss: 36Mb L: 15/34 MS: 3 ChangeBinInt-EraseBytes-ChangeByte-
#6407867	REDUCE cov: 50 ft: 409 corp: 173/3009b lim: 4096 exec/s: 457704 rss: 36Mb L: 19/34 MS: 4 ShuffleBytes-EraseBytes-ShuffleBytes-InsertRepeatedBytes-
#6753434	NEW    cov: 50 ft: 410 corp: 174/3027b lim: 4096 exec/s: 450228 rss: 36Mb L: 18/34 MS: 2 ChangeBit-ChangeBit-
#7100090	NEW    cov: 50 ft: 411 corp: 175/3045b lim: 4096 exec/s: 443755 rss: 36Mb L: 18/34 MS: 1 ChangeByte-
#7323787	REDUCE cov: 50 ft: 411 corp: 175/3043b lim: 4096 exec/s: 457736 rss: 36Mb L: 16/34 MS: 2 EraseBytes-InsertByte-
#7698094	REDUCE cov: 50 ft: 411 corp: 175/3041b lim: 4096 exec/s: 452829 rss: 36Mb L: 16/34 MS: 2 EraseBytes-ChangeByte-
#7987898	REDUCE cov: 50 ft: 411 corp: 175/3039b lim: 4096 exec/s: 469876 rss: 36Mb L: 16/34 MS: 4 ChangeBit-CopyPart-ChangeBit-EraseBytes-
#8388608	pulse  cov: 50 ft: 411 corp: 175/3039b lim: 4096 exec/s: 466033 rss: 36Mb
#8438051	REDUCE cov: 50 ft: 411 corp: 175/3038b lim: 4096 exec/s: 468780 rss: 36Mb L: 15/34 MS: 3 EraseBytes-ChangeBit-ChangeByte-
#8777554	REDUCE cov: 50 ft: 411 corp: 175/3036b lim: 4096 exec/s: 461976 rss: 36Mb L: 18/34 MS: 3 EraseBytes-CrossOver-ChangeBinInt-
#10398839	REDUCE cov: 50 ft: 411 corp: 175/3035b lim: 4096 exec/s: 452123 rss: 36Mb L: 15/34 MS: 5 ChangeBinInt-CrossOver-ChangeBinInt-EraseBytes-ChangeBit-
#13917644	REDUCE cov: 50 ft: 411 corp: 175/3034b lim: 4096 exec/s: 448956 rss: 36Mb L: 15/34 MS: 5 ChangeBinInt-ChangeBit-ChangeBit-ChangeByte-EraseBytes-
#16777216	pulse  cov: 50 ft: 411 corp: 175/3034b lim: 4096 exec/s: 453438 rss: 36Mb
#18834771	REDUCE cov: 50 ft: 411 corp: 175/3032b lim: 4096 exec/s: 448446 rss: 36Mb L: 16/34 MS: 2 CopyPart-EraseBytes-
#19493943	REDUCE cov: 50 ft: 412 corp: 176/3063b lim: 4096 exec/s: 453347 rss: 36Mb L: 31/34 MS: 2 CrossOver-CrossOver-
#19494804	NEW    cov: 50 ft: 418 corp: 177/3094b lim: 4096 exec/s: 453367 rss: 36Mb L: 31/34 MS: 1 CopyPart-
#19518165	NEW    cov: 50 ft: 424 corp: 178/3125b lim: 4096 exec/s: 453910 rss: 36Mb L: 31/34 MS: 1 CrossOver-
#22144062	REDUCE cov: 50 ft: 424 corp: 178/3124b lim: 4096 exec/s: 451919 rss: 36Mb L: 30/34 MS: 2 EraseBytes-ChangeBit-
#22904779	REDUCE cov: 50 ft: 424 corp: 178/3122b lim: 4096 exec/s: 449113 rss: 36Mb L: 16/34 MS: 2 EraseBytes-ChangeBinInt-
#24237118	REDUCE cov: 50 ft: 424 corp: 178/3121b lim: 4096 exec/s: 448835 rss: 36Mb L: 15/34 MS: 4 InsertByte-EraseBytes-ChangeBit-InsertByte-
#24355336	REDUCE cov: 50 ft: 424 corp: 178/3117b lim: 4096 exec/s: 451024 rss: 36Mb L: 16/34 MS: 3 CopyPart-EraseBytes-ChangeBinInt-
#25158900	REDUCE cov: 50 ft: 424 corp: 178/3116b lim: 4096 exec/s: 449266 rss: 36Mb L: 15/34 MS: 4 ChangeBit-CopyPart-ChangeByte-EraseBytes-
#28226124	REDUCE cov: 50 ft: 424 corp: 178/3115b lim: 4096 exec/s: 448033 rss: 36Mb L: 15/34 MS: 4 CrossOver-InsertByte-EraseBytes-CrossOver-
#31519007	REDUCE cov: 50 ft: 424 corp: 178/3113b lim: 4096 exec/s: 443929 rss: 36Mb L: 18/34 MS: 3 ChangeBinInt-InsertByte-EraseBytes-
#32965465	NEW    cov: 50 ft: 425 corp: 179/3133b lim: 4096 exec/s: 445479 rss: 36Mb L: 20/34 MS: 3 ChangeASCIIInt-ChangeBit-ShuffleBytes-
#32966511	NEW    cov: 50 ft: 426 corp: 180/3153b lim: 4096 exec/s: 445493 rss: 36Mb L: 20/34 MS: 1 ChangeASCIIInt-
#33554432	pulse  cov: 50 ft: 426 corp: 180/3153b lim: 4096 exec/s: 447392 rss: 36Mb
#36932128	REDUCE cov: 50 ft: 426 corp: 180/3149b lim: 4096 exec/s: 444965 rss: 36Mb L: 16/34 MS: 2 EraseBytes-ChangeBinInt-
#39453688	REDUCE cov: 50 ft: 426 corp: 180/3147b lim: 4096 exec/s: 448337 rss: 36Mb L: 17/34 MS: 5 ShuffleBytes-ChangeBinInt-CopyPart-CopyPart-EraseBytes-
#39563977	REDUCE cov: 50 ft: 426 corp: 180/3143b lim: 4096 exec/s: 444539 rss: 36Mb L: 16/34 MS: 4 InsertByte-ChangeByte-ChangeBinInt-EraseBytes-
#48903811	REDUCE cov: 50 ft: 426 corp: 180/3139b lim: 4096 exec/s: 444580 rss: 36Mb L: 16/34 MS: 4 ShuffleBytes-EraseBytes-ChangeASCIIInt-ChangeByte-
#50898361	REDUCE cov: 50 ft: 427 corp: 181/3154b lim: 4096 exec/s: 446476 rss: 36Mb L: 15/34 MS: 5 EraseBytes-PersAutoDict-ChangeByte-InsertByte-ChangeByte- DE: "\001\000\000\000\000\000\000\000"-
#51895762	NEW    cov: 50 ft: 430 corp: 182/3169b lim: 4096 exec/s: 443553 rss: 36Mb L: 15/34 MS: 1 CrossOver-
#55575551	REDUCE cov: 50 ft: 430 corp: 182/3165b lim: 4096 exec/s: 444604 rss: 36Mb L: 16/34 MS: 4 CopyPart-ShuffleBytes-ChangeBit-EraseBytes-
#61522279	REDUCE cov: 50 ft: 430 corp: 182/3163b lim: 4096 exec/s: 445813 rss: 36Mb L: 16/34 MS: 3 EraseBytes-EraseBytes-InsertByte-
#65230082	REDUCE cov: 50 ft: 430 corp: 182/3161b lim: 4096 exec/s: 443742 rss: 36Mb L: 18/34 MS: 3 CopyPart-EraseBytes-ChangeBinInt-
#67108864	pulse  cov: 50 ft: 430 corp: 182/3161b lim: 4096 exec/s: 444429 rss: 36Mb
panic: found special char in iban [recovered]
	panic: found special char in iban

goroutine 17 [running, locked to thread]:
git.ultraware.nl/iddinkgroep/fundament-api.Fuzz.func1()
	git.ultraware.nl/iddinkgroep/fundament-api/fuzz.go:19 +0xa5
panic({0x55a8394ba760?, 0x55a8394cdc70?})
	runtime/panic.go:914 +0x21f
git.ultraware.nl/iddinkgroep/fundament-api.Fuzz({0xc000471c38, 0x14})
	git.ultraware.nl/iddinkgroep/fundament-api/fuzz.go:34 +0x2b9
git.ultraware.nl/iddinkgroep/fundament-api.Fuzz_(...)
	git.ultraware.nl/iddinkgroep/fundament-api/fuzz.1527825026.go:6
main.LLVMFuzzerTestOneInput(...)
	./main.170485750.go:21
==12802== ERROR: libFuzzer: deadly signal
    #0 0x55a8393dd630 in __sanitizer_print_stack_trace (/seedai/experiments/libfuzzer/source_iban/libfuzzer+0xaf630) (BuildId: 688cb25bec4564588da2a67f6a2b25148a0fd5d4)
    #1 0x55a8393a9755 in fuzzer::PrintStackTrace() (/seedai/experiments/libfuzzer/source_iban/libfuzzer+0x7b755) (BuildId: 688cb25bec4564588da2a67f6a2b25148a0fd5d4)
    #2 0x55a8393883a9 in fuzzer::Fuzzer::CrashCallback() (.part.0) FuzzerLoop.cpp.o
    #3 0x55a83938846a in fuzzer::Fuzzer::StaticCrashSignalCallback() (/seedai/experiments/libfuzzer/source_iban/libfuzzer+0x5a46a) (BuildId: 688cb25bec4564588da2a67f6a2b25148a0fd5d4)
    #4 0x7ffa60f7b70f  (/usr/lib/libc.so.6+0x3e70f) (BuildId: 316d0d3666387f0e8fb98773f51aa1801027c5ab)
    #5 0x55a83943d160 in runtime.raise.abi0 runtime/sys_linux_amd64.s:153

NOTE: libFuzzer has rudimentary signal handlers.
      Combine libFuzzer with AddressSanitizer or similar for better crash reports.
SUMMARY: libFuzzer: deadly signal
MS: 3 CrossOver-EraseBytes-CrossOver-; base unit: 9fda5c040fbeacffdeb7c84ec728a3b85364d05a
0x65,0x65,0x6e,0x45,0x2d,0x30,0x30,0x30,0x30,0x30,0x30,0x30,0x30,0x33,0x30,0x52,0x30,0x30,0x30,0x4a,
eenE-0000000030R000J
artifact_prefix='./'; Test unit written to ./crash-a68590834c6d81954751153a27047cd2ff614023
Base64: ZWVuRS0wMDAwMDAwMDMwUjAwMEo=
