INFO: Running with entropic power schedule (0xFF, 100).
INFO: Seed: 869022501
INFO: Loaded 1 modules   (70 inline 8-bit counters): 70 [0x55a056977030, 0x55a056977076), 
INFO: Loaded 1 PC tables (70 PCs): 70 [0xc000068000,0xc000068460), 
INFO:        4 files found in corpus
INFO: -max_len is not provided; libFuzzer will not generate inputs larger than 4096 bytes
INFO: seed corpus: files: 4 min: 23b max: 1593b total: 2288b rss: 30Mb
#5	INITED cov: 10 ft: 18 corp: 1/23b exec/s: 0 rss: 30Mb
#17	NEW    cov: 10 ft: 19 corp: 2/43b lim: 23 exec/s: 0 rss: 30Mb L: 20/23 MS: 2 CopyPart-EraseBytes-
#18	NEW    cov: 11 ft: 24 corp: 3/57b lim: 23 exec/s: 0 rss: 30Mb L: 14/23 MS: 1 EraseBytes-
#26	NEW    cov: 11 ft: 26 corp: 4/78b lim: 23 exec/s: 0 rss: 30Mb L: 21/23 MS: 3 ShuffleBytes-ShuffleBytes-InsertByte-
#31	NEW    cov: 11 ft: 28 corp: 5/88b lim: 23 exec/s: 0 rss: 30Mb L: 10/23 MS: 5 CrossOver-EraseBytes-InsertRepeatedBytes-CrossOver-EraseBytes-
#42	NEW    cov: 13 ft: 34 corp: 6/109b lim: 23 exec/s: 0 rss: 30Mb L: 21/23 MS: 1 CMP- DE: "D\000\000\000\000\000\000\000"-
#44	NEW    cov: 13 ft: 35 corp: 7/122b lim: 23 exec/s: 0 rss: 30Mb L: 13/23 MS: 2 CopyPart-EraseBytes-
#55	NEW    cov: 13 ft: 37 corp: 8/145b lim: 23 exec/s: 0 rss: 30Mb L: 23/23 MS: 1 CopyPart-
#58	NEW    cov: 13 ft: 39 corp: 9/160b lim: 23 exec/s: 0 rss: 30Mb L: 15/23 MS: 3 ChangeByte-CMP-InsertByte- DE: "\001\000\000\000\000\000\000G"-
#74	NEW    cov: 13 ft: 42 corp: 10/176b lim: 23 exec/s: 0 rss: 30Mb L: 16/23 MS: 1 EraseBytes-
#80	NEW    cov: 13 ft: 43 corp: 11/195b lim: 23 exec/s: 0 rss: 30Mb L: 19/23 MS: 1 InsertRepeatedBytes-
#82	NEW    cov: 13 ft: 44 corp: 12/202b lim: 23 exec/s: 0 rss: 30Mb L: 7/23 MS: 2 InsertByte-EraseBytes-
#183	REDUCE cov: 13 ft: 44 corp: 12/201b lim: 23 exec/s: 0 rss: 30Mb L: 12/23 MS: 1 EraseBytes-
#197	NEW    cov: 13 ft: 46 corp: 13/218b lim: 23 exec/s: 0 rss: 30Mb L: 17/23 MS: 4 ChangeByte-CrossOver-CrossOver-InsertByte-
#202	NEW    cov: 25 ft: 93 corp: 14/240b lim: 23 exec/s: 0 rss: 30Mb L: 22/23 MS: 5 PersAutoDict-ChangeBit-ChangeByte-InsertByte-ChangeByte- DE: "D\000\000\000\000\000\000\000"-
#223	REDUCE cov: 25 ft: 93 corp: 14/238b lim: 23 exec/s: 0 rss: 30Mb L: 18/23 MS: 1 EraseBytes-
#267	NEW    cov: 25 ft: 95 corp: 15/240b lim: 23 exec/s: 0 rss: 30Mb L: 2/23 MS: 4 PersAutoDict-ShuffleBytes-ShuffleBytes-CrossOver- DE: "\001\000\000\000\000\000\000G"-
#312	NEW    cov: 25 ft: 96 corp: 16/263b lim: 23 exec/s: 0 rss: 30Mb L: 23/23 MS: 5 ChangeByte-InsertRepeatedBytes-ChangeBinInt-CrossOver-InsertByte-
#328	REDUCE cov: 25 ft: 96 corp: 16/261b lim: 23 exec/s: 0 rss: 30Mb L: 5/23 MS: 1 CrossOver-
#491	NEW    cov: 25 ft: 97 corp: 17/284b lim: 23 exec/s: 0 rss: 30Mb L: 23/23 MS: 3 ChangeBinInt-ChangeBinInt-InsertByte-
#493	REDUCE cov: 25 ft: 97 corp: 17/283b lim: 23 exec/s: 0 rss: 30Mb L: 4/23 MS: 2 ChangeBinInt-EraseBytes-
#519	REDUCE cov: 25 ft: 97 corp: 17/281b lim: 23 exec/s: 0 rss: 30Mb L: 2/23 MS: 1 EraseBytes-
#565	NEW    cov: 25 ft: 98 corp: 18/301b lim: 23 exec/s: 0 rss: 30Mb L: 20/23 MS: 1 CrossOver-
#570	REDUCE cov: 25 ft: 98 corp: 18/297b lim: 23 exec/s: 0 rss: 30Mb L: 19/23 MS: 5 ChangeBinInt-CopyPart-EraseBytes-ShuffleBytes-CopyPart-
#605	REDUCE cov: 25 ft: 98 corp: 18/296b lim: 23 exec/s: 0 rss: 30Mb L: 18/23 MS: 5 ChangeByte-EraseBytes-ChangeBinInt-PersAutoDict-CMP- DE: "D\000\000\000\000\000\000\000"-"\006\000\000\000\000\000\000\000"-
#721	NEW    cov: 25 ft: 100 corp: 19/318b lim: 23 exec/s: 0 rss: 30Mb L: 22/23 MS: 1 ChangeByte-
#832	NEW    cov: 25 ft: 101 corp: 20/340b lim: 23 exec/s: 0 rss: 30Mb L: 22/23 MS: 1 ChangeBinInt-
#861	REDUCE cov: 25 ft: 101 corp: 20/339b lim: 23 exec/s: 0 rss: 30Mb L: 1/23 MS: 4 ChangeByte-InsertRepeatedBytes-ChangeByte-CrossOver-
#875	NEW    cov: 25 ft: 104 corp: 21/362b lim: 23 exec/s: 0 rss: 30Mb L: 23/23 MS: 4 CopyPart-CrossOver-PersAutoDict-ChangeBit- DE: "\006\000\000\000\000\000\000\000"-
#891	NEW    cov: 25 ft: 105 corp: 22/384b lim: 23 exec/s: 0 rss: 30Mb L: 22/23 MS: 1 CopyPart-
#997	NEW    cov: 25 ft: 106 corp: 23/407b lim: 23 exec/s: 0 rss: 30Mb L: 23/23 MS: 1 PersAutoDict- DE: "D\000\000\000\000\000\000\000"-
#1013	NEW    cov: 25 ft: 107 corp: 24/429b lim: 23 exec/s: 0 rss: 30Mb L: 22/23 MS: 1 PersAutoDict- DE: "\001\000\000\000\000\000\000G"-
#1036	NEW    cov: 25 ft: 108 corp: 25/452b lim: 23 exec/s: 0 rss: 30Mb L: 23/23 MS: 3 ShuffleBytes-ChangeByte-ChangeBit-
#1043	NEW    cov: 25 ft: 110 corp: 26/475b lim: 23 exec/s: 0 rss: 30Mb L: 23/23 MS: 2 ShuffleBytes-CrossOver-
#1082	NEW    cov: 25 ft: 112 corp: 27/491b lim: 23 exec/s: 0 rss: 30Mb L: 16/23 MS: 4 EraseBytes-ChangeBinInt-ChangeBit-PersAutoDict- DE: "D\000\000\000\000\000\000\000"-
#1161	NEW    cov: 30 ft: 127 corp: 28/511b lim: 23 exec/s: 0 rss: 30Mb L: 20/23 MS: 4 InsertByte-EraseBytes-CopyPart-CrossOver-
#1262	NEW    cov: 30 ft: 129 corp: 29/534b lim: 23 exec/s: 0 rss: 30Mb L: 23/23 MS: 1 CrossOver-
#1419	NEW    cov: 30 ft: 130 corp: 30/551b lim: 23 exec/s: 0 rss: 30Mb L: 17/23 MS: 2 EraseBytes-ChangeBinInt-
#1428	NEW    cov: 30 ft: 132 corp: 31/574b lim: 23 exec/s: 0 rss: 30Mb L: 23/23 MS: 4 ShuffleBytes-EraseBytes-ShuffleBytes-CopyPart-
#1485	NEW    cov: 30 ft: 133 corp: 32/596b lim: 23 exec/s: 0 rss: 30Mb L: 22/23 MS: 2 ChangeBinInt-ChangeByte-
#1517	NEW    cov: 30 ft: 134 corp: 33/619b lim: 23 exec/s: 0 rss: 30Mb L: 23/23 MS: 2 PersAutoDict-PersAutoDict- DE: "\001\000\000\000\000\000\000G"-"\006\000\000\000\000\000\000\000"-
#1590	NEW    cov: 30 ft: 144 corp: 34/642b lim: 23 exec/s: 0 rss: 30Mb L: 23/23 MS: 3 PersAutoDict-ChangeByte-CrossOver- DE: "\001\000\000\000\000\000\000G"-
#1691	NEW    cov: 30 ft: 146 corp: 35/665b lim: 23 exec/s: 0 rss: 30Mb L: 23/23 MS: 1 CopyPart-
#1904	REDUCE cov: 30 ft: 146 corp: 35/664b lim: 23 exec/s: 0 rss: 30Mb L: 17/23 MS: 3 EraseBytes-InsertRepeatedBytes-EraseBytes-
#1994	NEW    cov: 30 ft: 157 corp: 36/687b lim: 23 exec/s: 0 rss: 30Mb L: 23/23 MS: 5 EraseBytes-PersAutoDict-CrossOver-CMP-CrossOver- DE: "\006\000\000\000\000\000\000\000"-"\000\000"-
#2061	NEW    cov: 30 ft: 159 corp: 37/710b lim: 23 exec/s: 0 rss: 30Mb L: 23/23 MS: 2 ShuffleBytes-CopyPart-
#2244	NEW    cov: 30 ft: 160 corp: 38/733b lim: 23 exec/s: 0 rss: 30Mb L: 23/23 MS: 3 CopyPart-ChangeByte-ChangeBinInt-
#2245	NEW    cov: 30 ft: 162 corp: 39/756b lim: 23 exec/s: 0 rss: 30Mb L: 23/23 MS: 1 ChangeBit-
#2311	NEW    cov: 30 ft: 167 corp: 40/779b lim: 23 exec/s: 0 rss: 30Mb L: 23/23 MS: 1 ShuffleBytes-
#2422	NEW    cov: 30 ft: 172 corp: 41/802b lim: 23 exec/s: 0 rss: 30Mb L: 23/23 MS: 1 ShuffleBytes-
#2445	REDUCE cov: 30 ft: 172 corp: 41/799b lim: 23 exec/s: 0 rss: 30Mb L: 20/23 MS: 3 ChangeBinInt-ChangeBit-EraseBytes-
#2501	REDUCE cov: 30 ft: 172 corp: 41/797b lim: 23 exec/s: 0 rss: 30Mb L: 18/23 MS: 1 EraseBytes-
#2537	NEW    cov: 30 ft: 174 corp: 42/820b lim: 23 exec/s: 0 rss: 30Mb L: 23/23 MS: 1 CrossOver-
#2620	NEW    cov: 30 ft: 175 corp: 43/843b lim: 23 exec/s: 0 rss: 31Mb L: 23/23 MS: 3 ChangeBit-ChangeBit-ChangeByte-
#2641	NEW    cov: 30 ft: 178 corp: 44/866b lim: 23 exec/s: 0 rss: 31Mb L: 23/23 MS: 1 ChangeByte-
#2733	NEW    cov: 31 ft: 183 corp: 45/889b lim: 23 exec/s: 0 rss: 31Mb L: 23/23 MS: 2 ChangeByte-ChangeByte-
#2884	NEW    cov: 31 ft: 184 corp: 46/912b lim: 23 exec/s: 0 rss: 31Mb L: 23/23 MS: 1 CopyPart-
#3302	NEW    cov: 31 ft: 185 corp: 47/939b lim: 27 exec/s: 0 rss: 31Mb L: 27/27 MS: 3 CopyPart-ShuffleBytes-InsertByte-
#3577	NEW    cov: 31 ft: 186 corp: 48/959b lim: 27 exec/s: 0 rss: 31Mb L: 20/27 MS: 5 EraseBytes-ChangeByte-ChangeBinInt-CopyPart-ChangeBinInt-
#3704	NEW    cov: 31 ft: 187 corp: 49/982b lim: 27 exec/s: 0 rss: 31Mb L: 23/27 MS: 2 ShuffleBytes-ChangeByte-
#4140	NEW    cov: 31 ft: 188 corp: 50/1013b lim: 31 exec/s: 0 rss: 31Mb L: 31/31 MS: 1 CrossOver-
#4145	NEW    cov: 31 ft: 189 corp: 51/1042b lim: 31 exec/s: 0 rss: 31Mb L: 29/31 MS: 5 ShuffleBytes-ChangeBinInt-EraseBytes-CopyPart-CopyPart-
#4301	NEW    cov: 31 ft: 190 corp: 52/1065b lim: 31 exec/s: 0 rss: 31Mb L: 23/31 MS: 1 ChangeByte-
#4567	NEW    cov: 31 ft: 191 corp: 53/1088b lim: 31 exec/s: 0 rss: 31Mb L: 23/31 MS: 1 ChangeBinInt-
#4790	NEW    cov: 31 ft: 192 corp: 54/1111b lim: 31 exec/s: 0 rss: 31Mb L: 23/31 MS: 3 CrossOver-EraseBytes-ChangeBinInt-
#4801	NEW    cov: 31 ft: 193 corp: 55/1134b lim: 31 exec/s: 0 rss: 31Mb L: 23/31 MS: 1 ShuffleBytes-
#5209	REDUCE cov: 31 ft: 194 corp: 56/1167b lim: 35 exec/s: 0 rss: 31Mb L: 33/33 MS: 3 PersAutoDict-ChangeBinInt-CrossOver- DE: "D\000\000\000\000\000\000\000"-
#5237	NEW    cov: 31 ft: 196 corp: 57/1201b lim: 35 exec/s: 0 rss: 31Mb L: 34/34 MS: 3 CrossOver-ChangeBinInt-InsertByte-
#5510	REDUCE cov: 31 ft: 196 corp: 57/1199b lim: 35 exec/s: 0 rss: 31Mb L: 15/34 MS: 3 ChangeByte-CrossOver-EraseBytes-
#5881	NEW    cov: 33 ft: 200 corp: 58/1222b lim: 35 exec/s: 0 rss: 31Mb L: 23/34 MS: 1 CopyPart-
#6852	NEW    cov: 33 ft: 201 corp: 59/1245b lim: 40 exec/s: 0 rss: 32Mb L: 23/34 MS: 1 ChangeBit-
#6853	NEW    cov: 33 ft: 202 corp: 60/1268b lim: 40 exec/s: 0 rss: 32Mb L: 23/34 MS: 1 ShuffleBytes-
#7217	REDUCE cov: 33 ft: 202 corp: 60/1265b lim: 40 exec/s: 0 rss: 32Mb L: 15/34 MS: 4 ChangeBinInt-PersAutoDict-CopyPart-EraseBytes- DE: "\000\000"-
#7220	REDUCE cov: 33 ft: 202 corp: 60/1263b lim: 40 exec/s: 0 rss: 32Mb L: 21/34 MS: 3 InsertByte-ChangeByte-EraseBytes-
#8519	REDUCE cov: 33 ft: 202 corp: 60/1261b lim: 50 exec/s: 0 rss: 32Mb L: 17/34 MS: 4 InsertRepeatedBytes-CMP-CrossOver-InsertByte- DE: "\377\377\377\377"-
#8715	NEW    cov: 33 ft: 203 corp: 61/1284b lim: 50 exec/s: 0 rss: 32Mb L: 23/34 MS: 1 ChangeBinInt-
#9433	REDUCE cov: 33 ft: 203 corp: 61/1282b lim: 55 exec/s: 0 rss: 32Mb L: 19/34 MS: 3 CrossOver-ChangeBinInt-EraseBytes-
#9659	REDUCE cov: 33 ft: 203 corp: 61/1279b lim: 55 exec/s: 0 rss: 32Mb L: 15/34 MS: 1 EraseBytes-
#10222	REDUCE cov: 33 ft: 203 corp: 61/1278b lim: 60 exec/s: 0 rss: 32Mb L: 16/34 MS: 3 PersAutoDict-EraseBytes-ChangeBinInt- DE: "\377\377\377\377"-
#10543	NEW    cov: 34 ft: 206 corp: 62/1301b lim: 60 exec/s: 0 rss: 32Mb L: 23/34 MS: 1 ChangeByte-
#11249	NEW    cov: 34 ft: 208 corp: 63/1324b lim: 65 exec/s: 0 rss: 33Mb L: 23/34 MS: 1 ShuffleBytes-
#11464	REDUCE cov: 34 ft: 208 corp: 63/1319b lim: 65 exec/s: 0 rss: 33Mb L: 16/34 MS: 5 CMP-PersAutoDict-CrossOver-CrossOver-InsertByte- DE: "\377\377"-"\377\377\377\377"-
#12315	REDUCE cov: 34 ft: 208 corp: 63/1318b lim: 71 exec/s: 0 rss: 33Mb L: 15/34 MS: 1 EraseBytes-
#12431	NEW    cov: 34 ft: 209 corp: 64/1341b lim: 71 exec/s: 0 rss: 33Mb L: 23/34 MS: 1 ChangeASCIIInt-
#12672	NEW    cov: 34 ft: 210 corp: 65/1364b lim: 71 exec/s: 0 rss: 33Mb L: 23/34 MS: 1 ChangeByte-
#12723	NEW    cov: 34 ft: 211 corp: 66/1387b lim: 71 exec/s: 0 rss: 33Mb L: 23/34 MS: 1 CrossOver-
#12726	REDUCE cov: 34 ft: 211 corp: 66/1386b lim: 71 exec/s: 0 rss: 33Mb L: 15/34 MS: 3 InsertByte-ChangeBit-EraseBytes-
#13022	NEW    cov: 34 ft: 212 corp: 67/1409b lim: 71 exec/s: 0 rss: 33Mb L: 23/34 MS: 1 CrossOver-
#13680	REDUCE cov: 34 ft: 212 corp: 67/1406b lim: 77 exec/s: 0 rss: 33Mb L: 20/34 MS: 3 CrossOver-EraseBytes-ChangeBit-
#15736	NEW    cov: 34 ft: 213 corp: 68/1429b lim: 95 exec/s: 0 rss: 34Mb L: 23/34 MS: 1 ChangeBit-
#15827	NEW    cov: 34 ft: 214 corp: 69/1452b lim: 95 exec/s: 0 rss: 34Mb L: 23/34 MS: 1 ChangeBit-
#17338	REDUCE cov: 34 ft: 215 corp: 70/1472b lim: 107 exec/s: 0 rss: 34Mb L: 20/34 MS: 1 ChangeBinInt-
#17366	REDUCE cov: 34 ft: 215 corp: 70/1471b lim: 107 exec/s: 0 rss: 34Mb L: 21/34 MS: 3 EraseBytes-ChangeBit-ChangeBit-
#22751	NEW    cov: 34 ft: 216 corp: 71/1494b lim: 159 exec/s: 0 rss: 35Mb L: 23/34 MS: 5 ShuffleBytes-CrossOver-CrossOver-CMP-ChangeBit- DE: "\001\000"-
#24077	NEW    cov: 34 ft: 217 corp: 72/1517b lim: 166 exec/s: 0 rss: 35Mb L: 23/34 MS: 1 ShuffleBytes-
#24333	NEW    cov: 34 ft: 218 corp: 73/1540b lim: 166 exec/s: 0 rss: 35Mb L: 23/34 MS: 1 ChangeByte-
#24760	NEW    cov: 34 ft: 219 corp: 74/1563b lim: 166 exec/s: 0 rss: 35Mb L: 23/34 MS: 2 ChangeASCIIInt-ShuffleBytes-
#25313	REDUCE cov: 34 ft: 219 corp: 74/1562b lim: 166 exec/s: 0 rss: 35Mb L: 19/34 MS: 3 ChangeByte-EraseBytes-CopyPart-
#25599	NEW    cov: 34 ft: 220 corp: 75/1585b lim: 166 exec/s: 0 rss: 35Mb L: 23/34 MS: 1 ChangeBinInt-
#27690	NEW    cov: 34 ft: 221 corp: 76/1608b lim: 180 exec/s: 0 rss: 35Mb L: 23/34 MS: 1 ChangeBit-
#28168	REDUCE cov: 34 ft: 221 corp: 76/1606b lim: 180 exec/s: 0 rss: 35Mb L: 21/34 MS: 3 ChangeByte-ChangeBit-EraseBytes-
#29796	REDUCE cov: 34 ft: 221 corp: 76/1604b lim: 194 exec/s: 0 rss: 35Mb L: 18/34 MS: 3 CrossOver-ChangeByte-EraseBytes-
#29980	REDUCE cov: 34 ft: 221 corp: 76/1598b lim: 194 exec/s: 0 rss: 35Mb L: 17/34 MS: 4 CopyPart-ChangeByte-EraseBytes-PersAutoDict- DE: "\377\377\377\377"-
#31063	REDUCE cov: 34 ft: 221 corp: 76/1594b lim: 201 exec/s: 0 rss: 35Mb L: 19/34 MS: 3 PersAutoDict-EraseBytes-InsertByte- DE: "\377\377"-
#31188	REDUCE cov: 34 ft: 221 corp: 76/1592b lim: 201 exec/s: 0 rss: 35Mb L: 21/34 MS: 5 ChangeBit-CrossOver-ShuffleBytes-EraseBytes-ChangeByte-
#32134	NEW    cov: 34 ft: 222 corp: 77/1615b lim: 208 exec/s: 0 rss: 35Mb L: 23/34 MS: 1 ChangeBit-
#32965	NEW    cov: 47 ft: 270 corp: 78/1638b lim: 215 exec/s: 0 rss: 35Mb L: 23/34 MS: 1 ShuffleBytes-
#34116	REDUCE cov: 47 ft: 270 corp: 78/1637b lim: 222 exec/s: 0 rss: 35Mb L: 19/34 MS: 1 EraseBytes-
#36323	NEW    cov: 47 ft: 271 corp: 79/1660b lim: 243 exec/s: 0 rss: 35Mb L: 23/34 MS: 2 ChangeBit-CopyPart-
#36729	NEW    cov: 47 ft: 272 corp: 80/1683b lim: 243 exec/s: 0 rss: 35Mb L: 23/34 MS: 1 CopyPart-
#39000	NEW    cov: 47 ft: 273 corp: 81/1706b lim: 265 exec/s: 0 rss: 35Mb L: 23/34 MS: 1 ChangeBit-
#39355	REDUCE cov: 47 ft: 273 corp: 81/1704b lim: 265 exec/s: 0 rss: 35Mb L: 17/34 MS: 5 ChangeByte-ChangeBit-ChangeBit-EraseBytes-InsertByte-
#43541	NEW    cov: 47 ft: 274 corp: 82/1727b lim: 305 exec/s: 0 rss: 35Mb L: 23/34 MS: 1 ChangeBit-
#48532	NEW    cov: 47 ft: 275 corp: 83/1750b lim: 353 exec/s: 0 rss: 35Mb L: 23/34 MS: 1 ShuffleBytes-
#48731	REDUCE cov: 47 ft: 275 corp: 83/1748b lim: 353 exec/s: 0 rss: 35Mb L: 21/34 MS: 4 ChangeBinInt-EraseBytes-ChangeByte-EraseBytes-
#49217	REDUCE cov: 47 ft: 276 corp: 84/1767b lim: 353 exec/s: 0 rss: 35Mb L: 19/34 MS: 1 ChangeBit-
#53784	NEW    cov: 49 ft: 286 corp: 85/1790b lim: 393 exec/s: 0 rss: 35Mb L: 23/34 MS: 2 ShuffleBytes-ChangeBinInt-
#54002	REDUCE cov: 49 ft: 286 corp: 85/1784b lim: 393 exec/s: 0 rss: 35Mb L: 16/34 MS: 3 ShuffleBytes-ChangeBinInt-EraseBytes-
#55520	REDUCE cov: 49 ft: 286 corp: 85/1780b lim: 401 exec/s: 0 rss: 35Mb L: 19/34 MS: 3 EraseBytes-CrossOver-PersAutoDict- DE: "\377\377"-
#56999	REDUCE cov: 49 ft: 286 corp: 85/1778b lim: 409 exec/s: 0 rss: 35Mb L: 17/34 MS: 4 ChangeBit-InsertByte-EraseBytes-InsertByte-
#59825	NEW    cov: 49 ft: 287 corp: 86/1801b lim: 433 exec/s: 0 rss: 35Mb L: 23/34 MS: 1 ChangeByte-
#75026	NEW    cov: 50 ft: 290 corp: 87/1824b lim: 576 exec/s: 0 rss: 35Mb L: 23/34 MS: 1 ChangeByte-
#75842	NEW    cov: 50 ft: 296 corp: 88/1847b lim: 576 exec/s: 0 rss: 35Mb L: 23/34 MS: 1 ChangeBit-
#80945	NEW    cov: 50 ft: 297 corp: 89/1870b lim: 621 exec/s: 0 rss: 35Mb L: 23/34 MS: 3 ChangeBinInt-CopyPart-ChangeBinInt-
#81801	NEW    cov: 50 ft: 299 corp: 90/1893b lim: 621 exec/s: 0 rss: 35Mb L: 23/34 MS: 1 CopyPart-
#82880	REDUCE cov: 50 ft: 299 corp: 90/1891b lim: 630 exec/s: 0 rss: 35Mb L: 15/34 MS: 4 ChangeByte-ChangeBit-ChangeBit-EraseBytes-
#83313	REDUCE cov: 50 ft: 299 corp: 90/1889b lim: 630 exec/s: 0 rss: 35Mb L: 21/34 MS: 3 PersAutoDict-EraseBytes-ChangeByte- DE: "\006\000\000\000\000\000\000\000"-
#83365	REDUCE cov: 50 ft: 299 corp: 90/1887b lim: 630 exec/s: 0 rss: 35Mb L: 19/34 MS: 2 ChangeByte-EraseBytes-
#83650	NEW    cov: 50 ft: 300 corp: 91/1909b lim: 630 exec/s: 0 rss: 35Mb L: 22/34 MS: 5 ChangeBinInt-ChangeBit-EraseBytes-ShuffleBytes-ChangeBinInt-
#83714	REDUCE cov: 50 ft: 300 corp: 91/1907b lim: 630 exec/s: 0 rss: 35Mb L: 21/34 MS: 4 ChangeByte-ChangeBit-EraseBytes-ChangeByte-
#85042	REDUCE cov: 50 ft: 300 corp: 91/1899b lim: 639 exec/s: 0 rss: 35Mb L: 15/34 MS: 3 ChangeByte-EraseBytes-PersAutoDict- DE: "\377\377\377\377"-
#92839	NEW    cov: 50 ft: 302 corp: 92/1922b lim: 711 exec/s: 0 rss: 35Mb L: 23/34 MS: 2 CopyPart-ChangeBit-
#96651	REDUCE cov: 50 ft: 302 corp: 92/1921b lim: 747 exec/s: 0 rss: 35Mb L: 18/34 MS: 2 ShuffleBytes-EraseBytes-
#97427	REDUCE cov: 50 ft: 303 corp: 93/1942b lim: 747 exec/s: 0 rss: 35Mb L: 21/34 MS: 1 ChangeByte-
#98249	NEW    cov: 50 ft: 312 corp: 94/1965b lim: 747 exec/s: 0 rss: 35Mb L: 23/34 MS: 2 ChangeBit-ChangeBinInt-
#98445	NEW    cov: 50 ft: 313 corp: 95/1988b lim: 747 exec/s: 0 rss: 35Mb L: 23/34 MS: 1 ChangeBit-
#103337	REDUCE cov: 50 ft: 313 corp: 95/1986b lim: 792 exec/s: 0 rss: 35Mb L: 19/34 MS: 2 InsertByte-CrossOver-
#114633	NEW    cov: 50 ft: 314 corp: 96/2009b lim: 900 exec/s: 0 rss: 35Mb L: 23/34 MS: 1 ChangeByte-
#114825	REDUCE cov: 50 ft: 314 corp: 96/2007b lim: 900 exec/s: 0 rss: 35Mb L: 17/34 MS: 2 PersAutoDict-EraseBytes- DE: "\377\377\377\377"-
#115507	NEW    cov: 50 ft: 315 corp: 97/2030b lim: 900 exec/s: 0 rss: 35Mb L: 23/34 MS: 2 CopyPart-ChangeBit-
#121747	REDUCE cov: 50 ft: 315 corp: 97/2026b lim: 954 exec/s: 0 rss: 35Mb L: 15/34 MS: 5 ChangeByte-EraseBytes-ChangeBinInt-ChangeBit-PersAutoDict- DE: "\377\377\377\377"-
#123308	NEW    cov: 50 ft: 318 corp: 98/2049b lim: 963 exec/s: 0 rss: 35Mb L: 23/34 MS: 1 ChangeBit-
#138434	NEW    cov: 50 ft: 322 corp: 99/2072b lim: 1106 exec/s: 0 rss: 35Mb L: 23/34 MS: 1 ChangeByte-
#139436	NEW    cov: 50 ft: 325 corp: 100/2095b lim: 1106 exec/s: 0 rss: 35Mb L: 23/34 MS: 2 ChangeByte-ChangeASCIIInt-
#141415	NEW    cov: 50 ft: 327 corp: 101/2118b lim: 1116 exec/s: 0 rss: 35Mb L: 23/34 MS: 4 ChangeBit-ChangeByte-ChangeByte-ChangeASCIIInt-
#152291	NEW    cov: 50 ft: 328 corp: 102/2139b lim: 1216 exec/s: 0 rss: 35Mb L: 21/34 MS: 1 ChangeBit-
#156563	REDUCE cov: 50 ft: 328 corp: 102/2137b lim: 1256 exec/s: 0 rss: 35Mb L: 19/34 MS: 2 InsertByte-EraseBytes-
#166660	REDUCE cov: 50 ft: 328 corp: 102/2135b lim: 1356 exec/s: 0 rss: 35Mb L: 21/34 MS: 2 EraseBytes-ChangeBinInt-
#167857	NEW    cov: 50 ft: 329 corp: 103/2158b lim: 1366 exec/s: 0 rss: 35Mb L: 23/34 MS: 2 ChangeBit-ChangeBit-
#174125	REDUCE cov: 50 ft: 329 corp: 103/2156b lim: 1426 exec/s: 0 rss: 35Mb L: 17/34 MS: 3 EraseBytes-CrossOver-EraseBytes-
#178224	REDUCE cov: 50 ft: 329 corp: 103/2154b lim: 1466 exec/s: 0 rss: 35Mb L: 21/34 MS: 4 ChangeByte-EraseBytes-ChangeBinInt-InsertByte-
#178434	REDUCE cov: 50 ft: 329 corp: 103/2152b lim: 1466 exec/s: 0 rss: 35Mb L: 19/34 MS: 5 ShuffleBytes-ChangeByte-CopyPart-EraseBytes-ChangeBinInt-
#181385	NEW    cov: 50 ft: 330 corp: 104/2173b lim: 1486 exec/s: 0 rss: 35Mb L: 21/34 MS: 1 ShuffleBytes-
#184347	REDUCE cov: 50 ft: 330 corp: 104/2171b lim: 1506 exec/s: 0 rss: 35Mb L: 15/34 MS: 2 EraseBytes-ChangeBinInt-
#185401	REDUCE cov: 50 ft: 330 corp: 104/2169b lim: 1516 exec/s: 0 rss: 35Mb L: 19/34 MS: 4 ChangeByte-InsertByte-InsertByte-EraseBytes-
#189848	NEW    cov: 50 ft: 331 corp: 105/2192b lim: 1556 exec/s: 0 rss: 35Mb L: 23/34 MS: 2 ChangeBit-ChangeBit-
#190276	REDUCE cov: 50 ft: 331 corp: 105/2190b lim: 1556 exec/s: 0 rss: 35Mb L: 19/34 MS: 3 ChangeBinInt-PersAutoDict-EraseBytes- DE: "D\000\000\000\000\000\000\000"-
#193340	REDUCE cov: 50 ft: 331 corp: 105/2187b lim: 1586 exec/s: 0 rss: 35Mb L: 20/34 MS: 4 ChangeBinInt-ShuffleBytes-PersAutoDict-EraseBytes- DE: "\377\377\377\377"-
#195986	NEW    cov: 50 ft: 332 corp: 106/2208b lim: 1606 exec/s: 0 rss: 35Mb L: 21/34 MS: 1 ChangeBinInt-
#228963	NEW    cov: 50 ft: 334 corp: 107/2231b lim: 1926 exec/s: 0 rss: 35Mb L: 23/34 MS: 2 ShuffleBytes-ChangeBit-
#229716	REDUCE cov: 50 ft: 334 corp: 107/2229b lim: 1926 exec/s: 0 rss: 35Mb L: 19/34 MS: 3 ChangeByte-ChangeByte-EraseBytes-
#230871	REDUCE cov: 50 ft: 334 corp: 107/2225b lim: 1936 exec/s: 0 rss: 35Mb L: 16/34 MS: 5 ChangeBinInt-ChangeBinInt-EraseBytes-CopyPart-ChangeBit-
#232446	REDUCE cov: 50 ft: 334 corp: 107/2223b lim: 1946 exec/s: 0 rss: 35Mb L: 21/34 MS: 5 EraseBytes-ChangeBit-ChangeBit-CopyPart-ChangeByte-
#258983	REDUCE cov: 50 ft: 334 corp: 107/2221b lim: 2210 exec/s: 0 rss: 35Mb L: 18/34 MS: 2 ChangeByte-EraseBytes-
#265601	REDUCE cov: 50 ft: 334 corp: 107/2219b lim: 2265 exec/s: 0 rss: 35Mb L: 21/34 MS: 3 ChangeByte-EraseBytes-InsertByte-
#276608	REDUCE cov: 50 ft: 334 corp: 107/2217b lim: 2364 exec/s: 0 rss: 35Mb L: 17/34 MS: 2 CopyPart-EraseBytes-
#278382	REDUCE cov: 50 ft: 334 corp: 107/2214b lim: 2375 exec/s: 0 rss: 35Mb L: 15/34 MS: 4 EraseBytes-ChangeBit-InsertByte-ChangeBit-
#286706	REDUCE cov: 50 ft: 334 corp: 107/2210b lim: 2452 exec/s: 0 rss: 35Mb L: 19/34 MS: 4 ShuffleBytes-InsertByte-ChangeBinInt-EraseBytes-
#296353	REDUCE cov: 50 ft: 334 corp: 107/2208b lim: 2540 exec/s: 0 rss: 35Mb L: 17/34 MS: 2 EraseBytes-ChangeBinInt-
#302060	REDUCE cov: 50 ft: 334 corp: 107/2206b lim: 2595 exec/s: 0 rss: 35Mb L: 21/34 MS: 2 EraseBytes-CMP- DE: "\000\000\000\000\033l\227;"-
#347508	NEW    cov: 50 ft: 338 corp: 108/2229b lim: 3046 exec/s: 0 rss: 35Mb L: 23/34 MS: 3 ChangeASCIIInt-ChangeByte-ShuffleBytes-
#358371	NEW    cov: 50 ft: 339 corp: 109/2252b lim: 3145 exec/s: 0 rss: 35Mb L: 23/34 MS: 3 CopyPart-ChangeBit-ChangeBit-
#361029	REDUCE cov: 50 ft: 339 corp: 109/2250b lim: 3167 exec/s: 0 rss: 35Mb L: 19/34 MS: 3 ChangeBit-CopyPart-EraseBytes-
#371077	REDUCE cov: 50 ft: 339 corp: 109/2248b lim: 3266 exec/s: 0 rss: 35Mb L: 21/34 MS: 3 ChangeByte-CopyPart-EraseBytes-
#378603	NEW    cov: 50 ft: 340 corp: 110/2271b lim: 3332 exec/s: 0 rss: 35Mb L: 23/34 MS: 1 ChangeBinInt-
#380872	REDUCE cov: 50 ft: 340 corp: 110/2265b lim: 3354 exec/s: 0 rss: 35Mb L: 17/34 MS: 4 InsertByte-ChangeByte-EraseBytes-CMP- DE: "\377\377\377/"-
#385784	REDUCE cov: 50 ft: 340 corp: 110/2263b lim: 3398 exec/s: 0 rss: 35Mb L: 17/34 MS: 2 EraseBytes-InsertByte-
#385964	REDUCE cov: 50 ft: 340 corp: 110/2261b lim: 3398 exec/s: 0 rss: 35Mb L: 15/34 MS: 5 ShuffleBytes-ShuffleBytes-EraseBytes-ChangeByte-ChangeBinInt-
#410000	NEW    cov: 50 ft: 341 corp: 111/2289b lim: 3629 exec/s: 410000 rss: 35Mb L: 28/34 MS: 3 ChangeASCIIInt-CopyPart-ShuffleBytes-
#412106	NEW    cov: 50 ft: 343 corp: 112/2312b lim: 3640 exec/s: 412106 rss: 35Mb L: 23/34 MS: 1 ChangeByte-
#419050	REDUCE cov: 50 ft: 343 corp: 112/2310b lim: 3706 exec/s: 419050 rss: 35Mb L: 15/34 MS: 4 ChangeByte-ChangeByte-EraseBytes-PersAutoDict- DE: "\001\000"-
#438670	REDUCE cov: 50 ft: 343 corp: 112/2308b lim: 3893 exec/s: 438670 rss: 35Mb L: 19/34 MS: 5 EraseBytes-ChangeBinInt-EraseBytes-InsertByte-InsertByte-
#439341	NEW    cov: 50 ft: 344 corp: 113/2331b lim: 3893 exec/s: 439341 rss: 35Mb L: 23/34 MS: 1 ChangeBinInt-
#442743	REDUCE cov: 50 ft: 344 corp: 113/2330b lim: 3926 exec/s: 442743 rss: 35Mb L: 18/34 MS: 2 ChangeBit-EraseBytes-
#450960	NEW    cov: 50 ft: 345 corp: 114/2353b lim: 4003 exec/s: 450960 rss: 35Mb L: 23/34 MS: 2 ChangeBit-ChangeBit-
#455632	REDUCE cov: 50 ft: 346 corp: 115/2370b lim: 4047 exec/s: 455632 rss: 35Mb L: 17/34 MS: 2 ShuffleBytes-ChangeASCIIInt-
#455968	NEW    cov: 50 ft: 347 corp: 116/2387b lim: 4047 exec/s: 455968 rss: 35Mb L: 17/34 MS: 1 ChangeBit-
#460414	NEW    cov: 50 ft: 348 corp: 117/2404b lim: 4091 exec/s: 460414 rss: 35Mb L: 17/34 MS: 1 ShuffleBytes-
#462631	REDUCE cov: 50 ft: 348 corp: 117/2401b lim: 4096 exec/s: 462631 rss: 35Mb L: 20/34 MS: 2 ChangeBit-EraseBytes-
#464193	REDUCE cov: 50 ft: 348 corp: 117/2399b lim: 4096 exec/s: 464193 rss: 35Mb L: 15/34 MS: 2 EraseBytes-ChangeBinInt-
#465737	REDUCE cov: 50 ft: 348 corp: 117/2397b lim: 4096 exec/s: 465737 rss: 35Mb L: 15/34 MS: 4 CrossOver-PersAutoDict-EraseBytes-InsertByte- DE: "\377\377\377/"-
#467283	NEW    cov: 50 ft: 349 corp: 118/2414b lim: 4096 exec/s: 467283 rss: 35Mb L: 17/34 MS: 1 ChangeBit-
#472421	REDUCE cov: 50 ft: 349 corp: 118/2412b lim: 4096 exec/s: 472421 rss: 35Mb L: 21/34 MS: 3 CrossOver-ChangeBit-EraseBytes-
#485747	NEW    cov: 50 ft: 350 corp: 119/2429b lim: 4096 exec/s: 485747 rss: 36Mb L: 17/34 MS: 1 CopyPart-
#486260	REDUCE cov: 50 ft: 350 corp: 119/2427b lim: 4096 exec/s: 486260 rss: 36Mb L: 19/34 MS: 3 InsertRepeatedBytes-EraseBytes-InsertByte-
#488882	NEW    cov: 50 ft: 351 corp: 120/2444b lim: 4096 exec/s: 488882 rss: 36Mb L: 17/34 MS: 2 ChangeBit-ChangeBit-
#493415	NEW    cov: 50 ft: 352 corp: 121/2461b lim: 4096 exec/s: 493415 rss: 36Mb L: 17/34 MS: 3 ChangeBit-ChangeASCIIInt-ShuffleBytes-
#503958	REDUCE cov: 50 ft: 352 corp: 121/2459b lim: 4096 exec/s: 503958 rss: 36Mb L: 19/34 MS: 3 ChangeBinInt-CopyPart-EraseBytes-
#507054	NEW    cov: 50 ft: 353 corp: 122/2476b lim: 4096 exec/s: 507054 rss: 36Mb L: 17/34 MS: 1 CrossOver-
#522786	REDUCE cov: 50 ft: 353 corp: 122/2474b lim: 4096 exec/s: 522786 rss: 36Mb L: 15/34 MS: 2 EraseBytes-ChangeBit-
#524851	REDUCE cov: 50 ft: 353 corp: 122/2472b lim: 4096 exec/s: 524851 rss: 36Mb L: 17/34 MS: 5 InsertByte-EraseBytes-InsertByte-PersAutoDict-ChangeBinInt- DE: "\000\000"-
#530605	NEW    cov: 50 ft: 354 corp: 123/2489b lim: 4096 exec/s: 530605 rss: 36Mb L: 17/34 MS: 4 ChangeBit-ShuffleBytes-ChangeByte-ChangeASCIIInt-
#541103	REDUCE cov: 50 ft: 354 corp: 123/2487b lim: 4096 exec/s: 541103 rss: 36Mb L: 21/34 MS: 3 ChangeBinInt-ChangeBinInt-EraseBytes-
#543939	NEW    cov: 50 ft: 355 corp: 124/2504b lim: 4096 exec/s: 543939 rss: 36Mb L: 17/34 MS: 1 CopyPart-
#549161	REDUCE cov: 50 ft: 355 corp: 124/2500b lim: 4096 exec/s: 549161 rss: 36Mb L: 18/34 MS: 2 EraseBytes-PersAutoDict- DE: "\377\377\377/"-
#549645	REDUCE cov: 50 ft: 355 corp: 124/2498b lim: 4096 exec/s: 549645 rss: 36Mb L: 19/34 MS: 4 ChangeBinInt-ChangeBit-InsertByte-EraseBytes-
#555302	REDUCE cov: 50 ft: 355 corp: 124/2496b lim: 4096 exec/s: 555302 rss: 36Mb L: 17/34 MS: 2 EraseBytes-CopyPart-
#555733	NEW    cov: 50 ft: 356 corp: 125/2513b lim: 4096 exec/s: 555733 rss: 36Mb L: 17/34 MS: 1 ChangeASCIIInt-
#562214	NEW    cov: 50 ft: 357 corp: 126/2530b lim: 4096 exec/s: 562214 rss: 36Mb L: 17/34 MS: 1 CrossOver-
#563440	REDUCE cov: 50 ft: 358 corp: 127/2547b lim: 4096 exec/s: 563440 rss: 36Mb L: 17/34 MS: 1 ShuffleBytes-
#576622	REDUCE cov: 50 ft: 358 corp: 127/2545b lim: 4096 exec/s: 576622 rss: 36Mb L: 15/34 MS: 2 EraseBytes-ChangeBinInt-
#577001	REDUCE cov: 50 ft: 358 corp: 127/2541b lim: 4096 exec/s: 577001 rss: 36Mb L: 19/34 MS: 4 ShuffleBytes-ShuffleBytes-CrossOver-EraseBytes-
#579987	NEW    cov: 50 ft: 359 corp: 128/2558b lim: 4096 exec/s: 579987 rss: 36Mb L: 17/34 MS: 1 ChangeBit-
#594990	REDUCE cov: 50 ft: 359 corp: 128/2556b lim: 4096 exec/s: 594990 rss: 36Mb L: 17/34 MS: 3 ChangeByte-EraseBytes-ChangeByte-
#596395	REDUCE cov: 50 ft: 359 corp: 128/2554b lim: 4096 exec/s: 596395 rss: 36Mb L: 17/34 MS: 5 ChangeByte-EraseBytes-InsertByte-ChangeBit-PersAutoDict- DE: "\000\000"-
#597593	REDUCE cov: 50 ft: 359 corp: 128/2550b lim: 4096 exec/s: 597593 rss: 36Mb L: 18/34 MS: 3 EraseBytes-CrossOver-PersAutoDict- DE: "\377\377"-
#602640	REDUCE cov: 50 ft: 359 corp: 128/2548b lim: 4096 exec/s: 602640 rss: 36Mb L: 19/34 MS: 2 EraseBytes-ChangeBit-
#606692	REDUCE cov: 50 ft: 359 corp: 128/2546b lim: 4096 exec/s: 606692 rss: 36Mb L: 16/34 MS: 2 CopyPart-EraseBytes-
#623802	REDUCE cov: 50 ft: 359 corp: 128/2544b lim: 4096 exec/s: 623802 rss: 36Mb L: 20/34 MS: 5 ShuffleBytes-ChangeBinInt-CrossOver-CopyPart-EraseBytes-
#624624	NEW    cov: 50 ft: 360 corp: 129/2567b lim: 4096 exec/s: 624624 rss: 36Mb L: 23/34 MS: 2 CrossOver-CopyPart-
#624775	NEW    cov: 50 ft: 361 corp: 130/2590b lim: 4096 exec/s: 624775 rss: 36Mb L: 23/34 MS: 1 ChangeASCIIInt-
#629076	NEW    cov: 50 ft: 362 corp: 131/2613b lim: 4096 exec/s: 629076 rss: 36Mb L: 23/34 MS: 1 ChangeBit-
#630260	REDUCE cov: 50 ft: 362 corp: 131/2611b lim: 4096 exec/s: 630260 rss: 36Mb L: 16/34 MS: 4 EraseBytes-ChangeByte-PersAutoDict-ChangeBinInt- DE: "\000\000"-
#636992	REDUCE cov: 50 ft: 362 corp: 131/2610b lim: 4096 exec/s: 636992 rss: 36Mb L: 16/34 MS: 2 EraseBytes-CMP- DE: "\377\377\377\377\377\377\377\377"-
#639080	NEW    cov: 50 ft: 364 corp: 132/2627b lim: 4096 exec/s: 639080 rss: 36Mb L: 17/34 MS: 3 ChangeByte-CrossOver-ChangeByte-
#639527	NEW    cov: 50 ft: 366 corp: 133/2644b lim: 4096 exec/s: 639527 rss: 36Mb L: 17/34 MS: 2 ChangeASCIIInt-ChangeBit-
#639858	NEW    cov: 50 ft: 367 corp: 134/2661b lim: 4096 exec/s: 639858 rss: 36Mb L: 17/34 MS: 1 ChangeBinInt-
#639884	NEW    cov: 50 ft: 369 corp: 135/2678b lim: 4096 exec/s: 639884 rss: 36Mb L: 17/34 MS: 1 ChangeASCIIInt-
#639900	NEW    cov: 50 ft: 371 corp: 136/2695b lim: 4096 exec/s: 639900 rss: 36Mb L: 17/34 MS: 1 ChangeASCIIInt-
#640216	NEW    cov: 50 ft: 372 corp: 137/2712b lim: 4096 exec/s: 640216 rss: 36Mb L: 17/34 MS: 1 ChangeBinInt-
#640252	NEW    cov: 50 ft: 373 corp: 138/2729b lim: 4096 exec/s: 640252 rss: 36Mb L: 17/34 MS: 1 ShuffleBytes-
#640263	NEW    cov: 50 ft: 374 corp: 139/2746b lim: 4096 exec/s: 640263 rss: 36Mb L: 17/34 MS: 1 ShuffleBytes-
#640374	NEW    cov: 50 ft: 375 corp: 140/2763b lim: 4096 exec/s: 640374 rss: 36Mb L: 17/34 MS: 1 ChangeASCIIInt-
#640716	NEW    cov: 50 ft: 376 corp: 141/2780b lim: 4096 exec/s: 640716 rss: 36Mb L: 17/34 MS: 2 ChangeBit-ChangeBinInt-
#640992	NEW    cov: 50 ft: 377 corp: 142/2797b lim: 4096 exec/s: 640992 rss: 36Mb L: 17/34 MS: 1 ChangeASCIIInt-
#642163	NEW    cov: 50 ft: 378 corp: 143/2814b lim: 4096 exec/s: 642163 rss: 36Mb L: 17/34 MS: 1 ChangeASCIIInt-
#642379	NEW    cov: 50 ft: 379 corp: 144/2831b lim: 4096 exec/s: 642379 rss: 36Mb L: 17/34 MS: 1 ChangeBit-
#642485	NEW    cov: 50 ft: 380 corp: 145/2848b lim: 4096 exec/s: 642485 rss: 36Mb L: 17/34 MS: 1 ChangeASCIIInt-
#642977	NEW    cov: 50 ft: 381 corp: 146/2865b lim: 4096 exec/s: 642977 rss: 36Mb L: 17/34 MS: 2 ChangeASCIIInt-ChangeASCIIInt-
#645153	NEW    cov: 50 ft: 382 corp: 147/2882b lim: 4096 exec/s: 645153 rss: 36Mb L: 17/34 MS: 1 ChangeByte-
#671134	NEW    cov: 50 ft: 383 corp: 148/2905b lim: 4096 exec/s: 671134 rss: 36Mb L: 23/34 MS: 1 CopyPart-
#672281	NEW    cov: 50 ft: 384 corp: 149/2928b lim: 4096 exec/s: 672281 rss: 36Mb L: 23/34 MS: 2 ChangeBit-CMP- DE: "H\000"-
#672667	NEW    cov: 50 ft: 385 corp: 150/2951b lim: 4096 exec/s: 672667 rss: 36Mb L: 23/34 MS: 1 ChangeASCIIInt-
#701094	NEW    cov: 50 ft: 388 corp: 151/2974b lim: 4096 exec/s: 701094 rss: 36Mb L: 23/34 MS: 2 ChangeByte-ChangeByte-
#729281	REDUCE cov: 50 ft: 388 corp: 151/2970b lim: 4096 exec/s: 729281 rss: 36Mb L: 17/34 MS: 2 CrossOver-EraseBytes-
#730539	REDUCE cov: 50 ft: 388 corp: 151/2968b lim: 4096 exec/s: 730539 rss: 36Mb L: 16/34 MS: 3 InsertByte-ChangeBit-EraseBytes-
#734594	REDUCE cov: 50 ft: 388 corp: 151/2966b lim: 4096 exec/s: 734594 rss: 36Mb L: 19/34 MS: 5 ChangeByte-ChangeBit-InsertByte-CopyPart-EraseBytes-
#738505	NEW    cov: 50 ft: 389 corp: 152/2989b lim: 4096 exec/s: 738505 rss: 36Mb L: 23/34 MS: 1 ChangeBit-
#744498	REDUCE cov: 50 ft: 389 corp: 152/2988b lim: 4096 exec/s: 744498 rss: 36Mb L: 15/34 MS: 3 ShuffleBytes-PersAutoDict-EraseBytes- DE: "\377\377\377\377"-
#748637	REDUCE cov: 50 ft: 389 corp: 152/2986b lim: 4096 exec/s: 748637 rss: 36Mb L: 17/34 MS: 4 InsertByte-ChangeBinInt-ChangeASCIIInt-EraseBytes-
#796464	REDUCE cov: 50 ft: 389 corp: 152/2984b lim: 4096 exec/s: 796464 rss: 36Mb L: 21/34 MS: 2 EraseBytes-ChangeBit-
#947211	REDUCE cov: 50 ft: 389 corp: 152/2982b lim: 4096 exec/s: 473605 rss: 36Mb L: 17/34 MS: 2 PersAutoDict-EraseBytes- DE: "\377\377\377\377"-
#953297	NEW    cov: 50 ft: 390 corp: 153/3005b lim: 4096 exec/s: 476648 rss: 36Mb L: 23/34 MS: 1 ChangeBit-
#958468	NEW    cov: 50 ft: 391 corp: 154/3028b lim: 4096 exec/s: 479234 rss: 36Mb L: 23/34 MS: 1 ChangeBit-
#958967	NEW    cov: 50 ft: 392 corp: 155/3058b lim: 4096 exec/s: 479483 rss: 36Mb L: 30/34 MS: 4 EraseBytes-ShuffleBytes-InsertRepeatedBytes-EraseBytes-
#961128	REDUCE cov: 50 ft: 392 corp: 155/3044b lim: 4096 exec/s: 480564 rss: 36Mb L: 16/34 MS: 1 EraseBytes-
#961169	REDUCE cov: 50 ft: 392 corp: 155/3043b lim: 4096 exec/s: 480584 rss: 36Mb L: 15/34 MS: 1 EraseBytes-
#967766	NEW    cov: 50 ft: 396 corp: 156/3071b lim: 4096 exec/s: 483883 rss: 36Mb L: 28/34 MS: 2 ChangeBinInt-ChangeASCIIInt-
#995858	REDUCE cov: 50 ft: 396 corp: 156/3069b lim: 4096 exec/s: 497929 rss: 36Mb L: 21/34 MS: 2 ChangeByte-EraseBytes-
#1011223	REDUCE cov: 50 ft: 396 corp: 156/3067b lim: 4096 exec/s: 505611 rss: 36Mb L: 16/34 MS: 5 ShuffleBytes-CrossOver-EraseBytes-CMP-InsertByte- DE: "\377\377\3776"-
#1048576	pulse  cov: 50 ft: 396 corp: 156/3067b lim: 4096 exec/s: 524288 rss: 36Mb
#1059465	REDUCE cov: 50 ft: 396 corp: 156/3066b lim: 4096 exec/s: 529732 rss: 36Mb L: 16/34 MS: 2 ChangeBit-EraseBytes-
#1061097	REDUCE cov: 50 ft: 396 corp: 156/3064b lim: 4096 exec/s: 530548 rss: 36Mb L: 15/34 MS: 2 ChangeBinInt-EraseBytes-
#1114259	REDUCE cov: 50 ft: 396 corp: 156/3062b lim: 4096 exec/s: 557129 rss: 36Mb L: 17/34 MS: 2 EraseBytes-ChangeByte-
#1130636	REDUCE cov: 50 ft: 396 corp: 156/3060b lim: 4096 exec/s: 565318 rss: 36Mb L: 21/34 MS: 2 EraseBytes-ChangeBit-
#1131128	REDUCE cov: 50 ft: 396 corp: 156/3058b lim: 4096 exec/s: 565564 rss: 36Mb L: 19/34 MS: 2 InsertByte-EraseBytes-
#1176985	REDUCE cov: 50 ft: 396 corp: 156/3056b lim: 4096 exec/s: 588492 rss: 36Mb L: 15/34 MS: 2 EraseBytes-InsertByte-
#1180684	REDUCE cov: 50 ft: 396 corp: 156/3054b lim: 4096 exec/s: 590342 rss: 36Mb L: 15/34 MS: 4 ChangeBit-ShuffleBytes-EraseBytes-ChangeBinInt-
#1251540	NEW    cov: 50 ft: 397 corp: 157/3088b lim: 4096 exec/s: 625770 rss: 36Mb L: 34/34 MS: 1 CrossOver-
#1267814	REDUCE cov: 50 ft: 397 corp: 157/3086b lim: 4096 exec/s: 633907 rss: 36Mb L: 16/34 MS: 4 EraseBytes-CrossOver-EraseBytes-ChangeByte-
#1285030	REDUCE cov: 50 ft: 397 corp: 157/3084b lim: 4096 exec/s: 428343 rss: 36Mb L: 32/34 MS: 1 EraseBytes-
#1292697	REDUCE cov: 50 ft: 397 corp: 157/3082b lim: 4096 exec/s: 430899 rss: 36Mb L: 21/34 MS: 2 EraseBytes-InsertByte-
#1338403	REDUCE cov: 50 ft: 397 corp: 157/3080b lim: 4096 exec/s: 446134 rss: 36Mb L: 21/34 MS: 1 EraseBytes-
#1363600	REDUCE cov: 50 ft: 397 corp: 157/3079b lim: 4096 exec/s: 454533 rss: 36Mb L: 16/34 MS: 2 ChangeBit-EraseBytes-
#1417868	REDUCE cov: 50 ft: 397 corp: 157/3077b lim: 4096 exec/s: 472622 rss: 36Mb L: 21/34 MS: 3 PersAutoDict-ShuffleBytes-EraseBytes- DE: "\000\000\000\000\033l\227;"-
#1425920	REDUCE cov: 50 ft: 397 corp: 157/3075b lim: 4096 exec/s: 475306 rss: 36Mb L: 17/34 MS: 2 ChangeByte-EraseBytes-
#1475053	REDUCE cov: 50 ft: 397 corp: 157/3074b lim: 4096 exec/s: 491684 rss: 36Mb L: 16/34 MS: 3 ChangeByte-CopyPart-EraseBytes-
#1569593	REDUCE cov: 50 ft: 397 corp: 157/3072b lim: 4096 exec/s: 523197 rss: 36Mb L: 17/34 MS: 5 CopyPart-ChangeBinInt-InsertByte-ChangeByte-EraseBytes-
#1602702	REDUCE cov: 50 ft: 397 corp: 157/3070b lim: 4096 exec/s: 534234 rss: 36Mb L: 17/34 MS: 4 EraseBytes-CopyPart-ChangeByte-ChangeByte-
#1666685	REDUCE cov: 50 ft: 397 corp: 157/3068b lim: 4096 exec/s: 555561 rss: 36Mb L: 21/34 MS: 3 ChangeBinInt-PersAutoDict-EraseBytes- DE: "H\000"-
#1687008	REDUCE cov: 50 ft: 397 corp: 157/3066b lim: 4096 exec/s: 562336 rss: 36Mb L: 15/34 MS: 3 EraseBytes-PersAutoDict-CopyPart- DE: "\377\377"-
#1687741	REDUCE cov: 50 ft: 397 corp: 157/3062b lim: 4096 exec/s: 562580 rss: 36Mb L: 15/34 MS: 3 InsertByte-EraseBytes-PersAutoDict- DE: "\377\377\377\377"-
#1698963	REDUCE cov: 50 ft: 397 corp: 157/3060b lim: 4096 exec/s: 566321 rss: 36Mb L: 15/34 MS: 2 ChangeBinInt-EraseBytes-
#1769622	REDUCE cov: 50 ft: 397 corp: 157/3058b lim: 4096 exec/s: 442405 rss: 36Mb L: 19/34 MS: 4 ChangeBinInt-PersAutoDict-EraseBytes-ChangeBinInt- DE: "\000\000"-
#1883567	REDUCE cov: 50 ft: 397 corp: 157/3053b lim: 4096 exec/s: 470891 rss: 36Mb L: 16/34 MS: 5 EraseBytes-ChangeBit-InsertByte-CopyPart-PersAutoDict- DE: "\377\377\377\377"-
#1906624	REDUCE cov: 50 ft: 397 corp: 157/3051b lim: 4096 exec/s: 476656 rss: 36Mb L: 15/34 MS: 2 EraseBytes-ChangeBinInt-
#1910943	REDUCE cov: 50 ft: 397 corp: 157/3049b lim: 4096 exec/s: 477735 rss: 36Mb L: 21/34 MS: 4 EraseBytes-ChangeBit-ChangeBinInt-PersAutoDict- DE: "\001\000"-
#2008168	REDUCE cov: 50 ft: 397 corp: 157/3045b lim: 4096 exec/s: 502042 rss: 36Mb L: 17/34 MS: 5 PersAutoDict-ChangeByte-ChangeBinInt-InsertByte-EraseBytes- DE: "\377\377\3776"-
#2097152	pulse  cov: 50 ft: 397 corp: 157/3045b lim: 4096 exec/s: 524288 rss: 36Mb
#2260006	REDUCE cov: 50 ft: 397 corp: 157/3043b lim: 4096 exec/s: 452001 rss: 36Mb L: 19/34 MS: 3 CMP-PersAutoDict-EraseBytes- DE: "D\000"-"\377\377\377\377\377\377\377\377"-
#2360158	NEW    cov: 50 ft: 400 corp: 158/3066b lim: 4096 exec/s: 472031 rss: 36Mb L: 23/34 MS: 2 ShuffleBytes-ChangeASCIIInt-
#2374337	REDUCE cov: 50 ft: 400 corp: 158/3062b lim: 4096 exec/s: 474867 rss: 36Mb L: 19/34 MS: 4 CopyPart-ChangeBinInt-EraseBytes-ChangeByte-
#2410101	REDUCE cov: 50 ft: 400 corp: 158/3060b lim: 4096 exec/s: 482020 rss: 36Mb L: 21/34 MS: 4 ChangeBit-ChangeBit-ChangeASCIIInt-EraseBytes-
#2476574	REDUCE cov: 50 ft: 400 corp: 158/3058b lim: 4096 exec/s: 495314 rss: 36Mb L: 19/34 MS: 3 ShuffleBytes-EraseBytes-InsertByte-
#2510536	REDUCE cov: 50 ft: 400 corp: 158/3056b lim: 4096 exec/s: 502107 rss: 36Mb L: 17/34 MS: 2 EraseBytes-ChangeBinInt-
#2594004	REDUCE cov: 50 ft: 400 corp: 158/3054b lim: 4096 exec/s: 518800 rss: 36Mb L: 17/34 MS: 3 PersAutoDict-EraseBytes-InsertByte- DE: "\377\377\377/"-
#2609786	REDUCE cov: 50 ft: 400 corp: 158/3052b lim: 4096 exec/s: 521957 rss: 36Mb L: 15/34 MS: 2 EraseBytes-ChangeBinInt-
#2721333	REDUCE cov: 50 ft: 400 corp: 158/3050b lim: 4096 exec/s: 453555 rss: 36Mb L: 15/34 MS: 2 InsertByte-EraseBytes-
#2723255	REDUCE cov: 50 ft: 400 corp: 158/3048b lim: 4096 exec/s: 453875 rss: 36Mb L: 17/34 MS: 2 EraseBytes-ChangeByte-
#2772672	REDUCE cov: 50 ft: 400 corp: 158/3046b lim: 4096 exec/s: 462112 rss: 36Mb L: 15/34 MS: 2 EraseBytes-ChangeByte-
#2780205	REDUCE cov: 50 ft: 400 corp: 158/3044b lim: 4096 exec/s: 463367 rss: 36Mb L: 15/34 MS: 3 InsertByte-EraseBytes-PersAutoDict- DE: "\377\377\377\377"-
#2814283	REDUCE cov: 50 ft: 400 corp: 158/3042b lim: 4096 exec/s: 469047 rss: 36Mb L: 19/34 MS: 3 ChangeBinInt-CMP-EraseBytes- DE: "\377/"-
#2842766	REDUCE cov: 50 ft: 400 corp: 158/3040b lim: 4096 exec/s: 473794 rss: 36Mb L: 15/34 MS: 3 ChangeByte-EraseBytes-ChangeBit-
#2853581	REDUCE cov: 50 ft: 400 corp: 158/3038b lim: 4096 exec/s: 475596 rss: 36Mb L: 17/34 MS: 5 CMP-ShuffleBytes-ChangeASCIIInt-ShuffleBytes-EraseBytes- DE: "\377\377\377`"-
#2870395	REDUCE cov: 50 ft: 400 corp: 158/3036b lim: 4096 exec/s: 478399 rss: 36Mb L: 18/34 MS: 4 ChangeByte-ChangeBinInt-ShuffleBytes-EraseBytes-
#2989492	REDUCE cov: 50 ft: 400 corp: 158/3034b lim: 4096 exec/s: 498248 rss: 36Mb L: 15/34 MS: 2 ChangeBinInt-EraseBytes-
#3244134	REDUCE cov: 50 ft: 400 corp: 158/3032b lim: 4096 exec/s: 463447 rss: 36Mb L: 18/34 MS: 2 InsertByte-EraseBytes-
#3254967	REDUCE cov: 50 ft: 400 corp: 158/3030b lim: 4096 exec/s: 464995 rss: 36Mb L: 21/34 MS: 3 ChangeByte-PersAutoDict-EraseBytes- DE: "\377\377\377`"-
#3351185	REDUCE cov: 50 ft: 400 corp: 158/3028b lim: 4096 exec/s: 478740 rss: 36Mb L: 16/34 MS: 3 CopyPart-CMP-EraseBytes- DE: "\000\000\000\000\000\000\000\032"-
#3701274	REDUCE cov: 50 ft: 400 corp: 158/3027b lim: 4096 exec/s: 462659 rss: 36Mb L: 16/34 MS: 4 ChangeBinInt-EraseBytes-CopyPart-ChangeBinInt-
#3773378	REDUCE cov: 50 ft: 400 corp: 158/3025b lim: 4096 exec/s: 471672 rss: 36Mb L: 15/34 MS: 4 PersAutoDict-ChangeBinInt-CrossOver-EraseBytes- DE: "\377\377\377\377"-
#3928820	REDUCE cov: 50 ft: 400 corp: 158/3023b lim: 4096 exec/s: 491102 rss: 36Mb L: 15/34 MS: 2 ChangeBinInt-EraseBytes-
#4048033	REDUCE cov: 50 ft: 400 corp: 158/3022b lim: 4096 exec/s: 449781 rss: 36Mb L: 22/34 MS: 3 ChangeBinInt-EraseBytes-ChangeBit-
#4194304	pulse  cov: 50 ft: 400 corp: 158/3022b lim: 4096 exec/s: 466033 rss: 36Mb
#4420646	REDUCE cov: 50 ft: 400 corp: 158/3020b lim: 4096 exec/s: 442064 rss: 36Mb L: 19/34 MS: 3 EraseBytes-CrossOver-EraseBytes-
#4428851	REDUCE cov: 50 ft: 400 corp: 158/3018b lim: 4096 exec/s: 442885 rss: 36Mb L: 17/34 MS: 5 EraseBytes-ChangeByte-PersAutoDict-CopyPart-CopyPart- DE: "\377\377\377`"-
#4701541	REDUCE cov: 50 ft: 400 corp: 158/3016b lim: 4096 exec/s: 470154 rss: 36Mb L: 17/34 MS: 5 PersAutoDict-InsertByte-PersAutoDict-ChangeBit-EraseBytes- DE: "\377\377"-"\000\000\000\000\033l\227;"-
#5093109	REDUCE cov: 50 ft: 400 corp: 158/3014b lim: 4096 exec/s: 463009 rss: 36Mb L: 15/34 MS: 3 ChangeBinInt-EraseBytes-EraseBytes-
#5380981	REDUCE cov: 50 ft: 400 corp: 158/3012b lim: 4096 exec/s: 448415 rss: 36Mb L: 19/34 MS: 2 ChangeByte-EraseBytes-
#5651363	REDUCE cov: 50 ft: 400 corp: 158/3010b lim: 4096 exec/s: 470946 rss: 36Mb L: 15/34 MS: 2 PersAutoDict-EraseBytes- DE: "\377\377\377\377"-
#5988540	REDUCE cov: 50 ft: 400 corp: 158/3008b lim: 4096 exec/s: 460656 rss: 36Mb L: 19/34 MS: 2 EraseBytes-ChangeByte-
#5991537	REDUCE cov: 50 ft: 400 corp: 158/3007b lim: 4096 exec/s: 460887 rss: 36Mb L: 16/34 MS: 2 EraseBytes-ChangeBit-
#6165650	REDUCE cov: 50 ft: 400 corp: 158/3006b lim: 4096 exec/s: 440403 rss: 36Mb L: 15/34 MS: 3 ChangeByte-CopyPart-EraseBytes-
#6442117	REDUCE cov: 50 ft: 400 corp: 158/3005b lim: 4096 exec/s: 460151 rss: 36Mb L: 16/34 MS: 2 EraseBytes-ChangeBit-
#6581450	REDUCE cov: 50 ft: 400 corp: 158/3003b lim: 4096 exec/s: 470103 rss: 36Mb L: 15/34 MS: 3 ChangeBit-ChangeByte-EraseBytes-
#6631483	NEW    cov: 50 ft: 401 corp: 159/3026b lim: 4096 exec/s: 442098 rss: 36Mb L: 23/34 MS: 3 ChangeBinInt-CopyPart-ChangeBit-
#6938725	REDUCE cov: 50 ft: 401 corp: 159/3025b lim: 4096 exec/s: 462581 rss: 36Mb L: 16/34 MS: 2 EraseBytes-ChangeBit-
#7013201	NEW    cov: 50 ft: 404 corp: 160/3048b lim: 4096 exec/s: 467546 rss: 36Mb L: 23/34 MS: 1 CopyPart-
#7145438	REDUCE cov: 50 ft: 404 corp: 160/3046b lim: 4096 exec/s: 446589 rss: 36Mb L: 15/34 MS: 2 ChangeBinInt-EraseBytes-
#7330389	REDUCE cov: 50 ft: 405 corp: 161/3067b lim: 4096 exec/s: 458149 rss: 36Mb L: 21/34 MS: 1 ChangeBinInt-
#7413820	NEW    cov: 50 ft: 406 corp: 162/3088b lim: 4096 exec/s: 463363 rss: 36Mb L: 21/34 MS: 1 CopyPart-
#7483497	REDUCE cov: 50 ft: 406 corp: 162/3086b lim: 4096 exec/s: 440205 rss: 36Mb L: 19/34 MS: 2 EraseBytes-InsertByte-
#7681564	REDUCE cov: 50 ft: 406 corp: 162/3084b lim: 4096 exec/s: 451856 rss: 36Mb L: 21/34 MS: 2 EraseBytes-InsertByte-
#7898236	REDUCE cov: 50 ft: 406 corp: 162/3082b lim: 4096 exec/s: 464602 rss: 36Mb L: 15/34 MS: 2 PersAutoDict-EraseBytes- DE: "\377\377\377/"-
#8050414	REDUCE cov: 50 ft: 406 corp: 162/3080b lim: 4096 exec/s: 447245 rss: 36Mb L: 19/34 MS: 3 ChangeBinInt-EraseBytes-ChangeByte-
#8388608	pulse  cov: 50 ft: 406 corp: 162/3080b lim: 4096 exec/s: 441505 rss: 36Mb
#8593491	REDUCE cov: 50 ft: 406 corp: 162/3078b lim: 4096 exec/s: 452289 rss: 36Mb L: 15/34 MS: 2 EraseBytes-InsertByte-
#8806393	REDUCE cov: 50 ft: 406 corp: 162/3077b lim: 4096 exec/s: 440319 rss: 36Mb L: 16/34 MS: 2 EraseBytes-ChangeBit-
#9654010	REDUCE cov: 50 ft: 406 corp: 162/3075b lim: 4096 exec/s: 459714 rss: 36Mb L: 17/34 MS: 2 EraseBytes-CMP- DE: "\377\377\377T"-
#10120488	REDUCE cov: 50 ft: 406 corp: 162/3073b lim: 4096 exec/s: 460022 rss: 36Mb L: 19/34 MS: 3 ChangeBit-InsertByte-EraseBytes-
#10573295	REDUCE cov: 50 ft: 406 corp: 162/3072b lim: 4096 exec/s: 440553 rss: 36Mb L: 16/34 MS: 2 EraseBytes-ChangeBit-
#11654364	REDUCE cov: 50 ft: 406 corp: 162/3070b lim: 4096 exec/s: 448244 rss: 36Mb L: 15/34 MS: 4 ChangeByte-ChangeASCIIInt-ChangeByte-EraseBytes-
#12671291	REDUCE cov: 50 ft: 406 corp: 162/3069b lim: 4096 exec/s: 452546 rss: 36Mb L: 21/34 MS: 2 EraseBytes-ChangeBit-
#12750445	REDUCE cov: 50 ft: 406 corp: 162/3067b lim: 4096 exec/s: 455373 rss: 36Mb L: 17/34 MS: 4 EraseBytes-ChangeASCIIInt-ChangeBit-PersAutoDict- DE: "\377\377\377`"-
#13948756	REDUCE cov: 50 ft: 409 corp: 163/3089b lim: 4096 exec/s: 449959 rss: 36Mb L: 22/34 MS: 1 CrossOver-
#15006256	REDUCE cov: 50 ft: 409 corp: 163/3087b lim: 4096 exec/s: 441360 rss: 36Mb L: 15/34 MS: 5 CrossOver-ChangeBit-EraseBytes-InsertByte-CopyPart-
#15363299	REDUCE cov: 50 ft: 410 corp: 164/3104b lim: 4096 exec/s: 451861 rss: 36Mb L: 17/34 MS: 3 ChangeBit-EraseBytes-InsertByte-
#15365141	REDUCE cov: 50 ft: 410 corp: 164/3102b lim: 4096 exec/s: 451915 rss: 36Mb L: 15/34 MS: 2 ChangeBit-EraseBytes-
#16762298	REDUCE cov: 50 ft: 410 corp: 164/3101b lim: 4096 exec/s: 441113 rss: 36Mb L: 16/34 MS: 2 EraseBytes-ChangeBit-
#16777216	pulse  cov: 50 ft: 410 corp: 164/3101b lim: 4096 exec/s: 441505 rss: 36Mb
#16948150	REDUCE cov: 50 ft: 410 corp: 164/3098b lim: 4096 exec/s: 446003 rss: 36Mb L: 18/34 MS: 2 EraseBytes-ChangeBinInt-
#17561582	REDUCE cov: 50 ft: 410 corp: 164/3097b lim: 4096 exec/s: 450296 rss: 36Mb L: 16/34 MS: 2 EraseBytes-ChangeBinInt-
#18146860	REDUCE cov: 50 ft: 410 corp: 164/3094b lim: 4096 exec/s: 442606 rss: 36Mb L: 20/34 MS: 3 ShuffleBytes-EraseBytes-ChangeBit-
#19734773	REDUCE cov: 50 ft: 410 corp: 164/3093b lim: 4096 exec/s: 448517 rss: 36Mb L: 16/34 MS: 3 ChangeByte-ChangeBit-EraseBytes-
#20589585	REDUCE cov: 50 ft: 410 corp: 164/3092b lim: 4096 exec/s: 447599 rss: 36Mb L: 18/34 MS: 2 CopyPart-EraseBytes-
#20767832	REDUCE cov: 50 ft: 410 corp: 164/3090b lim: 4096 exec/s: 441868 rss: 36Mb L: 16/34 MS: 2 ChangeByte-EraseBytes-
#20865039	REDUCE cov: 50 ft: 410 corp: 164/3089b lim: 4096 exec/s: 443937 rss: 36Mb L: 16/34 MS: 2 EraseBytes-ChangeBit-
#22531601	REDUCE cov: 50 ft: 410 corp: 164/3087b lim: 4096 exec/s: 441796 rss: 36Mb L: 15/34 MS: 2 EraseBytes-PersAutoDict- DE: "\377\377\377`"-
#24688348	REDUCE cov: 50 ft: 410 corp: 164/3086b lim: 4096 exec/s: 440863 rss: 36Mb L: 16/34 MS: 2 ChangeBit-EraseBytes-
#25191515	REDUCE cov: 50 ft: 410 corp: 164/3085b lim: 4096 exec/s: 441956 rss: 36Mb L: 16/34 MS: 2 EraseBytes-ChangeBit-
#27708098	NEW    cov: 50 ft: 411 corp: 165/3102b lim: 4096 exec/s: 446904 rss: 36Mb L: 17/34 MS: 3 ChangeBit-ShuffleBytes-ChangeBinInt-
#29472375	REDUCE cov: 50 ft: 411 corp: 165/3100b lim: 4096 exec/s: 446551 rss: 36Mb L: 17/34 MS: 2 EraseBytes-ChangeByte-
#30109194	REDUCE cov: 50 ft: 411 corp: 165/3099b lim: 4096 exec/s: 442782 rss: 36Mb L: 16/34 MS: 4 ChangeBinInt-CopyPart-ChangeBinInt-EraseBytes-
#30600991	REDUCE cov: 50 ft: 411 corp: 165/3097b lim: 4096 exec/s: 443492 rss: 36Mb L: 15/34 MS: 2 PersAutoDict-EraseBytes- DE: "\377\377\377/"-
#30689514	REDUCE cov: 50 ft: 411 corp: 165/3096b lim: 4096 exec/s: 444775 rss: 36Mb L: 15/34 MS: 3 EraseBytes-ChangeByte-ChangeBit-
#31195680	NEW    cov: 50 ft: 412 corp: 166/3113b lim: 4096 exec/s: 445652 rss: 36Mb L: 17/34 MS: 1 ChangeByte-
#31338340	REDUCE cov: 50 ft: 412 corp: 166/3112b lim: 4096 exec/s: 441385 rss: 36Mb L: 15/34 MS: 5 CrossOver-ShuffleBytes-ChangeBinInt-ChangeBit-EraseBytes-
#31799039	REDUCE cov: 50 ft: 412 corp: 166/3110b lim: 4096 exec/s: 441653 rss: 36Mb L: 15/34 MS: 4 ChangeByte-CMP-PersAutoDict-EraseBytes- DE: "\377\377\377\377\377\377\377\026"-"H\000"-
#32273752	REDUCE cov: 50 ft: 412 corp: 166/3109b lim: 4096 exec/s: 442106 rss: 36Mb L: 16/34 MS: 3 ChangeByte-ChangeBit-EraseBytes-
#33554432	pulse  cov: 50 ft: 412 corp: 166/3109b lim: 4096 exec/s: 441505 rss: 36Mb
#33738576	REDUCE cov: 50 ft: 412 corp: 166/3107b lim: 4096 exec/s: 443928 rss: 36Mb L: 15/34 MS: 4 InsertByte-ShuffleBytes-EraseBytes-ChangeBinInt-
#36770283	REDUCE cov: 50 ft: 412 corp: 166/3106b lim: 4096 exec/s: 443015 rss: 36Mb L: 20/34 MS: 2 ChangeBit-EraseBytes-
#38198558	REDUCE cov: 50 ft: 412 corp: 166/3105b lim: 4096 exec/s: 444169 rss: 36Mb L: 16/34 MS: 5 ChangeBit-ChangeBinInt-InsertByte-ChangeBit-EraseBytes-
#38631725	REDUCE cov: 50 ft: 412 corp: 166/3104b lim: 4096 exec/s: 444042 rss: 36Mb L: 22/34 MS: 2 EraseBytes-ChangeBit-
#38932077	REDUCE cov: 50 ft: 412 corp: 166/3103b lim: 4096 exec/s: 442409 rss: 36Mb L: 22/34 MS: 2 EraseBytes-ChangeBit-
#39778049	REDUCE cov: 50 ft: 412 corp: 166/3102b lim: 4096 exec/s: 441978 rss: 36Mb L: 16/34 MS: 2 EraseBytes-ChangeBit-
#40108248	REDUCE cov: 50 ft: 412 corp: 166/3101b lim: 4096 exec/s: 440749 rss: 36Mb L: 15/34 MS: 4 CrossOver-ChangeBit-ChangeByte-EraseBytes-
#41002885	REDUCE cov: 50 ft: 412 corp: 166/3098b lim: 4096 exec/s: 440891 rss: 36Mb L: 16/34 MS: 2 EraseBytes-ChangeBinInt-
#46347998	REDUCE cov: 50 ft: 412 corp: 166/3097b lim: 4096 exec/s: 441409 rss: 36Mb L: 22/34 MS: 3 EraseBytes-ChangeASCIIInt-ChangeBinInt-
#49953131	REDUCE cov: 50 ft: 412 corp: 166/3096b lim: 4096 exec/s: 442063 rss: 36Mb L: 15/34 MS: 3 EraseBytes-CopyPart-ChangeBit-
#51937043	REDUCE cov: 50 ft: 412 corp: 166/3095b lim: 4096 exec/s: 443906 rss: 36Mb L: 16/34 MS: 2 CopyPart-EraseBytes-
#53128543	REDUCE cov: 50 ft: 412 corp: 166/3094b lim: 4096 exec/s: 442737 rss: 36Mb L: 16/34 MS: 5 ChangeBit-CopyPart-PersAutoDict-ChangeByte-EraseBytes- DE: "\001\000"-
#53932695	REDUCE cov: 50 ft: 412 corp: 166/3091b lim: 4096 exec/s: 442071 rss: 36Mb L: 20/34 MS: 2 EraseBytes-ChangeBit-
#66433173	REDUCE cov: 50 ft: 412 corp: 166/3088b lim: 4096 exec/s: 442887 rss: 37Mb L: 20/34 MS: 3 CrossOver-EraseBytes-ChangeBit-
#67108864	pulse  cov: 50 ft: 412 corp: 166/3088b lim: 4096 exec/s: 441505 rss: 37Mb
#70212173	REDUCE cov: 50 ft: 413 corp: 167/3122b lim: 4096 exec/s: 441585 rss: 37Mb L: 34/34 MS: 5 ChangeASCIIInt-InsertRepeatedBytes-EraseBytes-ChangeBit-EraseBytes-
#71472771	REDUCE cov: 50 ft: 413 corp: 167/3121b lim: 4096 exec/s: 441189 rss: 37Mb L: 16/34 MS: 3 ChangeBit-ShuffleBytes-EraseBytes-
#74068763	REDUCE cov: 50 ft: 413 corp: 167/3119b lim: 4096 exec/s: 440885 rss: 37Mb L: 18/34 MS: 2 EraseBytes-InsertByte-
#74832620	REDUCE cov: 50 ft: 413 corp: 167/3118b lim: 4096 exec/s: 442796 rss: 37Mb L: 16/34 MS: 2 ChangeBit-EraseBytes-
#76875427	REDUCE cov: 50 ft: 413 corp: 167/3117b lim: 4096 exec/s: 441812 rss: 37Mb L: 16/34 MS: 2 EraseBytes-ChangeBit-
#77046095	REDUCE cov: 50 ft: 413 corp: 167/3116b lim: 4096 exec/s: 442793 rss: 37Mb L: 22/34 MS: 3 ChangeBit-CopyPart-EraseBytes-
#77052929	REDUCE cov: 50 ft: 413 corp: 167/3114b lim: 4096 exec/s: 442832 rss: 37Mb L: 20/34 MS: 4 CopyPart-ChangeBinInt-ChangeBinInt-EraseBytes-
#80932836	REDUCE cov: 50 ft: 413 corp: 167/3111b lim: 4096 exec/s: 442255 rss: 37Mb L: 18/34 MS: 2 ChangeBinInt-EraseBytes-
#81118123	REDUCE cov: 50 ft: 413 corp: 167/3110b lim: 4096 exec/s: 440859 rss: 37Mb L: 16/34 MS: 2 CrossOver-EraseBytes-
#82805895	REDUCE cov: 50 ft: 413 corp: 167/3109b lim: 4096 exec/s: 442812 rss: 37Mb L: 16/34 MS: 2 EraseBytes-ChangeBit-
#96888707	REDUCE cov: 50 ft: 413 corp: 167/3107b lim: 4096 exec/s: 442414 rss: 37Mb L: 16/34 MS: 2 EraseBytes-ChangeByte-
#99378990	REDUCE cov: 50 ft: 413 corp: 167/3100b lim: 4096 exec/s: 441684 rss: 37Mb L: 16/34 MS: 3 PersAutoDict-ChangeBinInt-EraseBytes- DE: "\377/"-
#118672792	REDUCE cov: 50 ft: 413 corp: 167/3099b lim: 4096 exec/s: 442808 rss: 37Mb L: 15/34 MS: 2 EraseBytes-ChangeBinInt-
#120407311	REDUCE cov: 50 ft: 419 corp: 168/3130b lim: 4096 exec/s: 442673 rss: 37Mb L: 31/34 MS: 4 PersAutoDict-ShuffleBytes-CMP-CrossOver- DE: "\001\000\000\000\000\000\000G"-"\001\000\000\000\000\000\000\""-
#120430413	NEW    cov: 50 ft: 421 corp: 169/3161b lim: 4096 exec/s: 442758 rss: 37Mb L: 31/34 MS: 2 ShuffleBytes-ShuffleBytes-
#122140111	NEW    cov: 50 ft: 423 corp: 170/3193b lim: 4096 exec/s: 442536 rss: 37Mb L: 32/34 MS: 3 CopyPart-ChangeBinInt-InsertByte-
#122142038	REDUCE cov: 50 ft: 423 corp: 170/3191b lim: 4096 exec/s: 442543 rss: 37Mb L: 30/34 MS: 2 InsertByte-EraseBytes-
#122144196	REDUCE cov: 50 ft: 423 corp: 170/3177b lim: 4096 exec/s: 442551 rss: 37Mb L: 16/34 MS: 3 InsertByte-CMP-EraseBytes- DE: "\377\377\377\377\377\377\377\377"-
#122145288	REDUCE cov: 50 ft: 424 corp: 171/3193b lim: 4096 exec/s: 442555 rss: 37Mb L: 16/34 MS: 2 ChangeBit-ChangeBit-
#124543651	REDUCE cov: 50 ft: 424 corp: 171/3192b lim: 4096 exec/s: 441644 rss: 37Mb L: 16/34 MS: 3 EraseBytes-CopyPart-ChangeBit-
#130937101	REDUCE cov: 50 ft: 424 corp: 171/3188b lim: 4096 exec/s: 442355 rss: 37Mb L: 18/34 MS: 5 ChangeBinInt-ChangeBit-ShuffleBytes-CrossOver-EraseBytes-
#131245504	REDUCE cov: 50 ft: 424 corp: 171/3187b lim: 4096 exec/s: 441904 rss: 37Mb L: 15/34 MS: 3 EraseBytes-CrossOver-CopyPart-
#132278578	REDUCE cov: 50 ft: 425 corp: 172/3219b lim: 4096 exec/s: 442403 rss: 37Mb L: 32/34 MS: 4 CMP-ChangeByte-InsertRepeatedBytes-CrossOver- DE: "\000\000\000\000\000\000\000\001"-
#132307089	NEW    cov: 50 ft: 428 corp: 173/3251b lim: 4096 exec/s: 442498 rss: 37Mb L: 32/34 MS: 1 ChangeBinInt-
#132392089	REDUCE cov: 50 ft: 429 corp: 174/3266b lim: 4096 exec/s: 441306 rss: 37Mb L: 15/34 MS: 5 CrossOver-ChangeByte-ChangeByte-ChangeByte-CMP- DE: "\001\000\000\000\000\000\000\000"-
#134217728	pulse  cov: 50 ft: 429 corp: 174/3266b lim: 4096 exec/s: 441505 rss: 37Mb
#134289593	REDUCE cov: 50 ft: 429 corp: 174/3263b lim: 4096 exec/s: 441742 rss: 37Mb L: 20/34 MS: 4 ShuffleBytes-ChangeByte-ChangeBit-EraseBytes-
#144288570	NEW    cov: 50 ft: 432 corp: 175/3278b lim: 4096 exec/s: 441249 rss: 37Mb L: 15/34 MS: 2 ChangeBinInt-CrossOver-
#156827923	REDUCE cov: 50 ft: 432 corp: 175/3277b lim: 4096 exec/s: 441768 rss: 37Mb L: 15/34 MS: 3 ChangeByte-ChangeByte-EraseBytes-
#171516012	REDUCE cov: 50 ft: 432 corp: 175/3276b lim: 4096 exec/s: 440915 rss: 37Mb L: 15/34 MS: 4 EraseBytes-PersAutoDict-ChangeASCIIInt-CrossOver- DE: "\377\377\3776"-
#176745604	REDUCE cov: 50 ft: 432 corp: 175/3274b lim: 4096 exec/s: 440762 rss: 37Mb L: 19/34 MS: 2 ChangeBinInt-EraseBytes-
#192339492	REDUCE cov: 50 ft: 432 corp: 175/3272b lim: 4096 exec/s: 441145 rss: 37Mb L: 21/34 MS: 3 CrossOver-CrossOver-EraseBytes-
#200330539	REDUCE cov: 50 ft: 432 corp: 175/3266b lim: 4096 exec/s: 440286 rss: 37Mb L: 15/34 MS: 2 EraseBytes-ChangeBinInt-
#201886463	REDUCE cov: 50 ft: 432 corp: 175/3265b lim: 4096 exec/s: 440800 rss: 37Mb L: 22/34 MS: 4 ChangeBinInt-EraseBytes-ChangeBit-ChangeBit-
#204559401	REDUCE cov: 50 ft: 432 corp: 175/3264b lim: 4096 exec/s: 440860 rss: 37Mb L: 16/34 MS: 3 PersAutoDict-ChangeBit-EraseBytes- DE: "\001\000"-
#226365639	REDUCE cov: 50 ft: 432 corp: 175/3263b lim: 4096 exec/s: 440400 rss: 37Mb L: 18/34 MS: 3 EraseBytes-ChangeBit-ChangeByte-
#232707415	REDUCE cov: 50 ft: 433 corp: 176/3294b lim: 4096 exec/s: 439900 rss: 37Mb L: 31/34 MS: 1 InsertRepeatedBytes-
#232707486	REDUCE cov: 50 ft: 433 corp: 176/3292b lim: 4096 exec/s: 439900 rss: 37Mb L: 29/34 MS: 1 EraseBytes-
#232738022	REDUCE cov: 50 ft: 433 corp: 176/3291b lim: 4096 exec/s: 439958 rss: 37Mb L: 28/34 MS: 1 EraseBytes-
#232881038	REDUCE cov: 50 ft: 433 corp: 176/3288b lim: 4096 exec/s: 440228 rss: 37Mb L: 25/34 MS: 1 EraseBytes-
#233050716	REDUCE cov: 50 ft: 433 corp: 176/3287b lim: 4096 exec/s: 440549 rss: 37Mb L: 24/34 MS: 3 ShuffleBytes-ShuffleBytes-EraseBytes-
#233787167	REDUCE cov: 50 ft: 433 corp: 176/3286b lim: 4096 exec/s: 440277 rss: 37Mb L: 23/34 MS: 1 EraseBytes-
==16137== libFuzzer: run interrupted; exiting
==16137== libFuzzer: run interrupted; exiting
