INFO: Running with entropic power schedule (0xFF, 100).
INFO: Seed: 3375516244
INFO: Loaded 1 modules   (70 inline 8-bit counters): 70 [0x55c2a07af030, 0x55c2a07af076), 
INFO: Loaded 1 PC tables (70 PCs): 70 [0xc000068000,0xc000068460), 
INFO:       10 files found in corpus
INFO: -max_len is not provided; libFuzzer will not generate inputs larger than 4096 bytes
INFO: seed corpus: files: 10 min: 1b max: 73b total: 143b rss: 30Mb
#11	INITED cov: 9 ft: 20 corp: 4/16b exec/s: 0 rss: 30Mb
#23	NEW    cov: 9 ft: 21 corp: 5/18b lim: 7 exec/s: 0 rss: 30Mb L: 2/7 MS: 2 ShuffleBytes-EraseBytes-
#235	NEW    cov: 9 ft: 22 corp: 6/27b lim: 9 exec/s: 0 rss: 30Mb L: 9/9 MS: 2 CrossOver-InsertRepeatedBytes-
#468	REDUCE cov: 9 ft: 22 corp: 6/26b lim: 9 exec/s: 0 rss: 30Mb L: 8/8 MS: 3 EraseBytes-ChangeBit-CopyPart-
#774	NEW    cov: 9 ft: 23 corp: 7/38b lim: 12 exec/s: 0 rss: 30Mb L: 12/12 MS: 1 InsertRepeatedBytes-
#1103	NEW    cov: 11 ft: 29 corp: 8/53b lim: 15 exec/s: 0 rss: 30Mb L: 15/15 MS: 4 ChangeBinInt-ChangeByte-InsertRepeatedBytes-CopyPart-
#1105	NEW    cov: 11 ft: 30 corp: 9/66b lim: 15 exec/s: 0 rss: 30Mb L: 13/15 MS: 2 CrossOver-CopyPart-
#1106	NEW    cov: 11 ft: 31 corp: 10/80b lim: 15 exec/s: 0 rss: 30Mb L: 14/15 MS: 1 CopyPart-
#1413	NEW    cov: 11 ft: 33 corp: 11/96b lim: 18 exec/s: 0 rss: 30Mb L: 16/16 MS: 2 ChangeByte-InsertByte-
#1418	NEW    cov: 11 ft: 34 corp: 12/114b lim: 18 exec/s: 0 rss: 30Mb L: 18/18 MS: 5 EraseBytes-CMP-ShuffleBytes-EraseBytes-InsertRepeatedBytes- DE: "\000\000\000\000\000\000\000\000"-
#1833	NEW    cov: 11 ft: 35 corp: 13/133b lim: 22 exec/s: 0 rss: 30Mb L: 19/19 MS: 5 InsertByte-ChangeBinInt-EraseBytes-InsertByte-CrossOver-
#2658	NEW    cov: 11 ft: 36 corp: 14/163b lim: 30 exec/s: 0 rss: 30Mb L: 30/30 MS: 5 PersAutoDict-EraseBytes-InsertByte-ChangeBinInt-InsertRepeatedBytes- DE: "\000\000\000\000\000\000\000\000"-
#2663	NEW    cov: 11 ft: 37 corp: 15/192b lim: 30 exec/s: 0 rss: 30Mb L: 29/30 MS: 5 InsertRepeatedBytes-ShuffleBytes-CMP-PersAutoDict-InsertRepeatedBytes- DE: "\021\000\000\000\000\000\000\000"-"\000\000\000\000\000\000\000\000"-
#2865	REDUCE cov: 11 ft: 37 corp: 15/191b lim: 30 exec/s: 0 rss: 30Mb L: 17/30 MS: 2 ChangeBinInt-EraseBytes-
#2941	NEW    cov: 13 ft: 43 corp: 16/210b lim: 30 exec/s: 0 rss: 30Mb L: 19/30 MS: 1 InsertRepeatedBytes-
#3000	NEW    cov: 13 ft: 45 corp: 17/229b lim: 30 exec/s: 0 rss: 30Mb L: 19/30 MS: 4 ChangeBit-ChangeByte-CrossOver-CrossOver-
#3071	NEW    cov: 13 ft: 46 corp: 18/248b lim: 30 exec/s: 0 rss: 30Mb L: 19/30 MS: 1 ChangeByte-
#3144	NEW    cov: 13 ft: 47 corp: 19/268b lim: 30 exec/s: 0 rss: 30Mb L: 20/30 MS: 3 PersAutoDict-ChangeBit-InsertByte- DE: "\021\000\000\000\000\000\000\000"-
#3150	NEW    cov: 13 ft: 49 corp: 20/291b lim: 30 exec/s: 0 rss: 30Mb L: 23/30 MS: 1 InsertRepeatedBytes-
#3156	REDUCE cov: 13 ft: 49 corp: 20/288b lim: 30 exec/s: 0 rss: 30Mb L: 27/29 MS: 1 CrossOver-
#3162	NEW    cov: 13 ft: 50 corp: 21/317b lim: 30 exec/s: 0 rss: 30Mb L: 29/29 MS: 1 InsertRepeatedBytes-
#3250	REDUCE cov: 13 ft: 50 corp: 21/314b lim: 30 exec/s: 0 rss: 30Mb L: 17/29 MS: 3 ShuffleBytes-EraseBytes-CopyPart-
#3452	NEW    cov: 13 ft: 51 corp: 22/337b lim: 30 exec/s: 0 rss: 30Mb L: 23/29 MS: 2 ChangeByte-InsertRepeatedBytes-
#3484	NEW    cov: 13 ft: 52 corp: 23/364b lim: 30 exec/s: 0 rss: 30Mb L: 27/29 MS: 2 ChangeBinInt-CrossOver-
#3640	NEW    cov: 25 ft: 99 corp: 24/386b lim: 30 exec/s: 0 rss: 31Mb L: 22/29 MS: 1 CopyPart-
#3671	NEW    cov: 25 ft: 102 corp: 25/410b lim: 30 exec/s: 0 rss: 31Mb L: 24/29 MS: 1 InsertByte-
#3703	NEW    cov: 25 ft: 103 corp: 26/434b lim: 30 exec/s: 0 rss: 31Mb L: 24/29 MS: 2 CopyPart-ChangeBit-
#3776	NEW    cov: 30 ft: 126 corp: 27/458b lim: 30 exec/s: 0 rss: 31Mb L: 24/29 MS: 3 EraseBytes-ShuffleBytes-InsertRepeatedBytes-
#3780	REDUCE cov: 30 ft: 126 corp: 27/453b lim: 30 exec/s: 0 rss: 31Mb L: 24/29 MS: 4 ChangeBit-InsertByte-EraseBytes-CMP- DE: "\377\377\377\377"-
#3797	NEW    cov: 30 ft: 140 corp: 28/469b lim: 30 exec/s: 0 rss: 31Mb L: 16/29 MS: 2 CrossOver-EraseBytes-
#3861	REDUCE cov: 30 ft: 140 corp: 28/468b lim: 30 exec/s: 0 rss: 31Mb L: 22/29 MS: 4 ChangeByte-ChangeBit-ChangeByte-EraseBytes-
#4134	REDUCE cov: 30 ft: 141 corp: 29/490b lim: 30 exec/s: 0 rss: 31Mb L: 22/29 MS: 3 PersAutoDict-CopyPart-ChangeBinInt- DE: "\377\377\377\377"-
#4136	REDUCE cov: 30 ft: 141 corp: 29/488b lim: 30 exec/s: 0 rss: 31Mb L: 22/29 MS: 2 EraseBytes-ChangeBinInt-
#4160	NEW    cov: 30 ft: 143 corp: 30/503b lim: 30 exec/s: 0 rss: 31Mb L: 15/29 MS: 4 PersAutoDict-CMP-InsertByte-ShuffleBytes- DE: "\000\000\000\000\000\000\000\000"-"\001\000"-
#4301	NEW    cov: 30 ft: 144 corp: 31/527b lim: 30 exec/s: 0 rss: 31Mb L: 24/29 MS: 1 PersAutoDict- DE: "\001\000"-
#4398	NEW    cov: 30 ft: 146 corp: 32/543b lim: 30 exec/s: 0 rss: 31Mb L: 16/29 MS: 2 InsertRepeatedBytes-EraseBytes-
#4404	NEW    cov: 30 ft: 148 corp: 33/567b lim: 30 exec/s: 0 rss: 31Mb L: 24/29 MS: 1 ChangeBinInt-
#4728	NEW    cov: 30 ft: 150 corp: 34/587b lim: 30 exec/s: 0 rss: 31Mb L: 20/29 MS: 4 ChangeBit-CrossOver-ChangeByte-InsertByte-
#4735	NEW    cov: 30 ft: 152 corp: 35/611b lim: 30 exec/s: 0 rss: 31Mb L: 24/29 MS: 2 CrossOver-CrossOver-
#4739	NEW    cov: 30 ft: 154 corp: 36/631b lim: 30 exec/s: 0 rss: 31Mb L: 20/29 MS: 4 ChangeBinInt-ChangeByte-ChangeBit-InsertByte-
#4780	NEW    cov: 30 ft: 164 corp: 37/655b lim: 30 exec/s: 0 rss: 31Mb L: 24/29 MS: 1 CopyPart-
#4846	NEW    cov: 30 ft: 165 corp: 38/677b lim: 30 exec/s: 0 rss: 31Mb L: 22/29 MS: 1 ChangeByte-
#4893	NEW    cov: 30 ft: 167 corp: 39/701b lim: 30 exec/s: 0 rss: 31Mb L: 24/29 MS: 2 ShuffleBytes-ChangeBit-
#5302	NEW    cov: 30 ft: 168 corp: 40/733b lim: 34 exec/s: 0 rss: 31Mb L: 32/32 MS: 4 CrossOver-ChangeBit-EraseBytes-InsertRepeatedBytes-
#5305	NEW    cov: 30 ft: 169 corp: 41/766b lim: 34 exec/s: 0 rss: 31Mb L: 33/33 MS: 3 ChangeBinInt-EraseBytes-CrossOver-
#5392	NEW    cov: 30 ft: 171 corp: 42/800b lim: 34 exec/s: 0 rss: 31Mb L: 34/34 MS: 2 CrossOver-CopyPart-
#5473	REDUCE cov: 30 ft: 171 corp: 42/797b lim: 34 exec/s: 0 rss: 31Mb L: 21/34 MS: 1 EraseBytes-
#6091	REDUCE cov: 30 ft: 171 corp: 42/795b lim: 39 exec/s: 0 rss: 31Mb L: 22/34 MS: 3 CopyPart-InsertByte-EraseBytes-
#6219	NEW    cov: 30 ft: 172 corp: 43/815b lim: 39 exec/s: 0 rss: 31Mb L: 20/34 MS: 3 ShuffleBytes-InsertByte-EraseBytes-
#6530	REDUCE cov: 30 ft: 172 corp: 43/811b lim: 39 exec/s: 0 rss: 31Mb L: 18/34 MS: 1 EraseBytes-
#6541	REDUCE cov: 30 ft: 172 corp: 43/809b lim: 39 exec/s: 0 rss: 31Mb L: 16/34 MS: 1 EraseBytes-
#6928	REDUCE cov: 30 ft: 172 corp: 43/807b lim: 39 exec/s: 0 rss: 31Mb L: 21/34 MS: 2 InsertByte-EraseBytes-
#7410	NEW    cov: 30 ft: 175 corp: 44/823b lim: 39 exec/s: 0 rss: 31Mb L: 16/34 MS: 2 ChangeByte-ChangeBit-
#7791	NEW    cov: 30 ft: 177 corp: 45/839b lim: 39 exec/s: 0 rss: 32Mb L: 16/34 MS: 1 ShuffleBytes-
#8530	REDUCE cov: 30 ft: 177 corp: 45/837b lim: 44 exec/s: 0 rss: 32Mb L: 17/34 MS: 4 InsertByte-InsertByte-CrossOver-CopyPart-
#8605	REDUCE cov: 30 ft: 177 corp: 45/836b lim: 44 exec/s: 0 rss: 32Mb L: 31/34 MS: 5 ChangeByte-CMP-ChangeBit-EraseBytes-CMP- DE: "\000\000"-"\"\000\000\000\000\000\000\000"-
#9002	REDUCE cov: 30 ft: 177 corp: 45/835b lim: 44 exec/s: 0 rss: 32Mb L: 15/34 MS: 2 ChangeByte-EraseBytes-
#9256	REDUCE cov: 30 ft: 177 corp: 45/833b lim: 44 exec/s: 0 rss: 32Mb L: 17/34 MS: 4 ChangeBit-EraseBytes-ShuffleBytes-ChangeByte-
#9547	NEW    cov: 30 ft: 179 corp: 46/857b lim: 44 exec/s: 0 rss: 32Mb L: 24/34 MS: 1 PersAutoDict- DE: "\"\000\000\000\000\000\000\000"-
#9886	REDUCE cov: 30 ft: 180 corp: 47/879b lim: 44 exec/s: 0 rss: 32Mb L: 22/34 MS: 4 ShuffleBytes-CrossOver-CrossOver-InsertByte-
#10009	REDUCE cov: 30 ft: 180 corp: 47/877b lim: 44 exec/s: 0 rss: 32Mb L: 15/34 MS: 3 ChangeByte-CMP-EraseBytes- DE: "\001\000\000\000\000\000\000\""-
#11168	REDUCE cov: 30 ft: 180 corp: 47/875b lim: 54 exec/s: 0 rss: 32Mb L: 15/34 MS: 4 ShuffleBytes-EraseBytes-InsertByte-InsertByte-
#12733	REDUCE cov: 30 ft: 180 corp: 47/873b lim: 64 exec/s: 0 rss: 32Mb L: 19/34 MS: 5 CMP-EraseBytes-CrossOver-InsertByte-EraseBytes- DE: "8\000\000\000\000\000\000\000"-
#12904	NEW    cov: 30 ft: 182 corp: 48/897b lim: 64 exec/s: 0 rss: 33Mb L: 24/34 MS: 1 PersAutoDict- DE: "\021\000\000\000\000\000\000\000"-
#14870	NEW    cov: 30 ft: 183 corp: 49/917b lim: 82 exec/s: 0 rss: 33Mb L: 20/34 MS: 1 CrossOver-
#17375	REDUCE cov: 30 ft: 183 corp: 49/916b lim: 106 exec/s: 0 rss: 33Mb L: 16/34 MS: 5 EraseBytes-EraseBytes-EraseBytes-CMP-EraseBytes- DE: "\377\377\377\377"-
#17889	REDUCE cov: 30 ft: 184 corp: 50/940b lim: 106 exec/s: 0 rss: 34Mb L: 24/34 MS: 4 PersAutoDict-CrossOver-ShuffleBytes-CopyPart- DE: "\001\000"-
#18039	REDUCE cov: 30 ft: 184 corp: 50/938b lim: 106 exec/s: 0 rss: 34Mb L: 20/34 MS: 5 InsertByte-CopyPart-ChangeBit-InsertByte-EraseBytes-
#19450	NEW    cov: 30 ft: 185 corp: 51/962b lim: 118 exec/s: 0 rss: 34Mb L: 24/34 MS: 1 CrossOver-
#19789	REDUCE cov: 30 ft: 187 corp: 52/984b lim: 118 exec/s: 0 rss: 34Mb L: 22/34 MS: 4 ChangeBinInt-ChangeByte-ChangeBit-ChangeASCIIInt-
#20493	REDUCE cov: 30 ft: 187 corp: 52/978b lim: 124 exec/s: 0 rss: 34Mb L: 18/34 MS: 4 EraseBytes-ChangeBit-ChangeByte-ChangeByte-
#20954	REDUCE cov: 32 ft: 198 corp: 53/1002b lim: 124 exec/s: 0 rss: 34Mb L: 24/34 MS: 1 CrossOver-
#21359	NEW    cov: 32 ft: 200 corp: 54/1022b lim: 124 exec/s: 0 rss: 34Mb L: 20/34 MS: 5 ChangeByte-ShuffleBytes-EraseBytes-InsertByte-ChangeByte-
#21430	NEW    cov: 32 ft: 202 corp: 55/1038b lim: 124 exec/s: 0 rss: 34Mb L: 16/34 MS: 1 ShuffleBytes-
#21901	NEW    cov: 32 ft: 204 corp: 56/1058b lim: 124 exec/s: 0 rss: 34Mb L: 20/34 MS: 1 ShuffleBytes-
#22677	NEW    cov: 32 ft: 206 corp: 57/1078b lim: 130 exec/s: 0 rss: 34Mb L: 20/34 MS: 1 ChangeBinInt-
#23098	NEW    cov: 32 ft: 208 corp: 58/1098b lim: 130 exec/s: 0 rss: 34Mb L: 20/34 MS: 1 ShuffleBytes-
#23106	REDUCE cov: 32 ft: 208 corp: 58/1097b lim: 130 exec/s: 0 rss: 34Mb L: 15/34 MS: 3 ChangeBit-ChangeByte-EraseBytes-
#23167	NEW    cov: 33 ft: 211 corp: 59/1113b lim: 130 exec/s: 0 rss: 34Mb L: 16/34 MS: 1 ChangeBit-
#23238	NEW    cov: 33 ft: 212 corp: 60/1137b lim: 130 exec/s: 0 rss: 34Mb L: 24/34 MS: 1 ChangeASCIIInt-
#23399	NEW    cov: 33 ft: 213 corp: 61/1161b lim: 130 exec/s: 0 rss: 34Mb L: 24/34 MS: 1 ShuffleBytes-
#23806	REDUCE cov: 33 ft: 213 corp: 61/1157b lim: 130 exec/s: 0 rss: 34Mb L: 18/34 MS: 2 EraseBytes-ChangeBinInt-
#24132	NEW    cov: 33 ft: 214 corp: 62/1181b lim: 130 exec/s: 0 rss: 34Mb L: 24/34 MS: 1 CopyPart-
#24203	NEW    cov: 33 ft: 215 corp: 63/1205b lim: 130 exec/s: 0 rss: 34Mb L: 24/34 MS: 1 ChangeASCIIInt-
#25165	NEW    cov: 33 ft: 216 corp: 64/1229b lim: 137 exec/s: 0 rss: 34Mb L: 24/34 MS: 2 ChangeBit-ShuffleBytes-
#25325	REDUCE cov: 33 ft: 216 corp: 64/1225b lim: 137 exec/s: 0 rss: 34Mb L: 17/34 MS: 5 ChangeBit-ChangeBit-PersAutoDict-ChangeBinInt-EraseBytes- DE: "\377\377\377\377"-
#25806	NEW    cov: 34 ft: 219 corp: 65/1249b lim: 137 exec/s: 0 rss: 34Mb L: 24/34 MS: 1 ChangeBinInt-
#26665	NEW    cov: 34 ft: 220 corp: 66/1273b lim: 144 exec/s: 0 rss: 34Mb L: 24/34 MS: 4 ChangeBinInt-ChangeBit-CopyPart-ChangeBit-
#26841	NEW    cov: 48 ft: 278 corp: 67/1297b lim: 144 exec/s: 0 rss: 34Mb L: 24/34 MS: 1 ChangeBit-
#27302	NEW    cov: 48 ft: 279 corp: 68/1321b lim: 144 exec/s: 0 rss: 34Mb L: 24/34 MS: 1 ChangeByte-
#29038	NEW    cov: 48 ft: 280 corp: 69/1345b lim: 158 exec/s: 0 rss: 34Mb L: 24/34 MS: 1 ChangeByte-
#29299	NEW    cov: 48 ft: 282 corp: 70/1369b lim: 158 exec/s: 0 rss: 34Mb L: 24/34 MS: 1 ChangeBit-
#31011	REDUCE cov: 48 ft: 282 corp: 70/1367b lim: 172 exec/s: 0 rss: 34Mb L: 20/34 MS: 2 EraseBytes-ChangeByte-
#33817	NEW    cov: 48 ft: 284 corp: 71/1391b lim: 193 exec/s: 0 rss: 34Mb L: 24/34 MS: 1 ChangeBinInt-
#34885	NEW    cov: 48 ft: 297 corp: 72/1415b lim: 200 exec/s: 0 rss: 34Mb L: 24/34 MS: 3 ChangeASCIIInt-ChangeBit-ChangeBit-
#37701	NEW    cov: 48 ft: 302 corp: 73/1439b lim: 221 exec/s: 0 rss: 35Mb L: 24/34 MS: 1 ChangeASCIIInt-
#38309	REDUCE cov: 48 ft: 302 corp: 73/1437b lim: 221 exec/s: 0 rss: 35Mb L: 20/34 MS: 3 InsertByte-EraseBytes-InsertByte-
#42105	NEW    cov: 48 ft: 303 corp: 74/1461b lim: 256 exec/s: 0 rss: 35Mb L: 24/34 MS: 1 ChangeBit-
#45411	NEW    cov: 48 ft: 306 corp: 75/1485b lim: 288 exec/s: 0 rss: 35Mb L: 24/34 MS: 1 ChangeBit-
#48908	REDUCE cov: 48 ft: 306 corp: 75/1481b lim: 320 exec/s: 0 rss: 35Mb L: 16/34 MS: 2 EraseBytes-InsertRepeatedBytes-
#52231	NEW    cov: 48 ft: 307 corp: 76/1501b lim: 352 exec/s: 0 rss: 35Mb L: 20/34 MS: 3 ChangeBit-ChangeBinInt-ChangeBit-
#67182	NEW    cov: 49 ft: 312 corp: 77/1517b lim: 496 exec/s: 0 rss: 35Mb L: 16/34 MS: 1 ChangeByte-
#67388	NEW    cov: 49 ft: 313 corp: 78/1541b lim: 496 exec/s: 0 rss: 35Mb L: 24/34 MS: 1 ChangeBit-
#67849	NEW    cov: 49 ft: 314 corp: 79/1565b lim: 496 exec/s: 0 rss: 35Mb L: 24/34 MS: 1 ShuffleBytes-
#75451	NEW    cov: 49 ft: 315 corp: 80/1589b lim: 566 exec/s: 0 rss: 35Mb L: 24/34 MS: 2 ChangeBit-ChangeBit-
#75800	REDUCE cov: 49 ft: 315 corp: 80/1585b lim: 566 exec/s: 0 rss: 35Mb L: 15/34 MS: 4 ChangeBinInt-ChangeByte-EraseBytes-CopyPart-
#80544	NEW    cov: 49 ft: 316 corp: 81/1609b lim: 611 exec/s: 0 rss: 35Mb L: 24/34 MS: 4 ShuffleBytes-ShuffleBytes-CopyPart-CopyPart-
#83084	REDUCE cov: 49 ft: 316 corp: 81/1603b lim: 629 exec/s: 0 rss: 35Mb L: 21/34 MS: 5 InsertByte-ChangeByte-ChangeBinInt-EraseBytes-InsertByte-
#84700	NEW    cov: 49 ft: 317 corp: 82/1619b lim: 638 exec/s: 0 rss: 35Mb L: 16/34 MS: 1 ChangeBit-
#90561	NEW    cov: 49 ft: 318 corp: 83/1635b lim: 692 exec/s: 0 rss: 35Mb L: 16/34 MS: 1 ChangeBinInt-
#90768	NEW    cov: 49 ft: 319 corp: 84/1651b lim: 692 exec/s: 0 rss: 35Mb L: 16/34 MS: 2 CrossOver-CrossOver-
#91907	REDUCE cov: 49 ft: 319 corp: 84/1649b lim: 701 exec/s: 0 rss: 35Mb L: 18/34 MS: 4 PersAutoDict-CrossOver-EraseBytes-CMP- DE: "\000\000"-"\000\000"-
#93120	NEW    cov: 49 ft: 321 corp: 85/1673b lim: 710 exec/s: 0 rss: 35Mb L: 24/34 MS: 3 ChangeASCIIInt-ChangeASCIIInt-CopyPart-
#95518	REDUCE cov: 49 ft: 321 corp: 85/1671b lim: 728 exec/s: 0 rss: 35Mb L: 18/34 MS: 3 EraseBytes-ChangeBit-CopyPart-
#101345	NEW    cov: 49 ft: 322 corp: 86/1687b lim: 782 exec/s: 0 rss: 35Mb L: 16/34 MS: 2 ChangeBinInt-ChangeBit-
#102356	NEW    cov: 49 ft: 323 corp: 87/1703b lim: 791 exec/s: 0 rss: 35Mb L: 16/34 MS: 1 ChangeBinInt-
#112424	REDUCE cov: 49 ft: 323 corp: 87/1701b lim: 890 exec/s: 0 rss: 35Mb L: 18/34 MS: 3 ChangeBinInt-ChangeBinInt-EraseBytes-
#113536	REDUCE cov: 49 ft: 323 corp: 87/1699b lim: 899 exec/s: 0 rss: 35Mb L: 16/34 MS: 2 InsertByte-EraseBytes-
#116251	REDUCE cov: 49 ft: 323 corp: 87/1697b lim: 917 exec/s: 0 rss: 35Mb L: 16/34 MS: 5 PersAutoDict-PersAutoDict-CMP-ChangeBit-EraseBytes- DE: "\"\000\000\000\000\000\000\000"-"\377\377\377\377"-"Y\000"-
#118167	NEW    cov: 49 ft: 324 corp: 88/1721b lim: 935 exec/s: 0 rss: 35Mb L: 24/34 MS: 1 ChangeBit-
#128748	NEW    cov: 49 ft: 325 corp: 89/1737b lim: 1035 exec/s: 0 rss: 35Mb L: 16/34 MS: 1 ChangeBinInt-
#130999	NEW    cov: 49 ft: 326 corp: 90/1753b lim: 1055 exec/s: 0 rss: 35Mb L: 16/34 MS: 1 ChangeBit-
#133781	NEW    cov: 49 ft: 327 corp: 91/1769b lim: 1075 exec/s: 0 rss: 35Mb L: 16/34 MS: 2 ShuffleBytes-ChangeBit-
#137488	REDUCE cov: 49 ft: 327 corp: 91/1765b lim: 1105 exec/s: 0 rss: 35Mb L: 15/34 MS: 2 EraseBytes-ChangeBinInt-
#142479	NEW    cov: 49 ft: 328 corp: 92/1781b lim: 1145 exec/s: 0 rss: 35Mb L: 16/34 MS: 1 ChangeByte-
#144720	NEW    cov: 49 ft: 329 corp: 93/1797b lim: 1165 exec/s: 0 rss: 35Mb L: 16/34 MS: 1 ChangeBinInt-
#154451	NEW    cov: 49 ft: 330 corp: 94/1813b lim: 1255 exec/s: 0 rss: 35Mb L: 16/34 MS: 1 ChangeBinInt-
#155117	NEW    cov: 49 ft: 331 corp: 95/1829b lim: 1255 exec/s: 0 rss: 35Mb L: 16/34 MS: 1 ChangeBit-
#155689	NEW    cov: 49 ft: 332 corp: 96/1845b lim: 1255 exec/s: 0 rss: 35Mb L: 16/34 MS: 2 ShuffleBytes-ShuffleBytes-
#164118	REDUCE cov: 49 ft: 332 corp: 96/1839b lim: 1335 exec/s: 0 rss: 35Mb L: 18/34 MS: 4 CrossOver-EraseBytes-ChangeBinInt-CMP- DE: "6\000"-
#181019	NEW    cov: 49 ft: 333 corp: 97/1855b lim: 1495 exec/s: 0 rss: 35Mb L: 16/34 MS: 1 ChangeBit-
#324191	REDUCE cov: 49 ft: 333 corp: 97/1853b lim: 2913 exec/s: 0 rss: 35Mb L: 16/34 MS: 2 EraseBytes-InsertByte-
#330606	REDUCE cov: 49 ft: 333 corp: 97/1851b lim: 2968 exec/s: 0 rss: 35Mb L: 19/34 MS: 5 EraseBytes-CMP-ChangeBinInt-ShuffleBytes-CopyPart- DE: "\377/"-
#335364	REDUCE cov: 49 ft: 333 corp: 97/1849b lim: 3012 exec/s: 0 rss: 35Mb L: 16/34 MS: 3 InsertByte-ChangeBinInt-EraseBytes-
#349832	NEW    cov: 49 ft: 334 corp: 98/1878b lim: 3155 exec/s: 0 rss: 35Mb L: 29/34 MS: 3 ChangeBit-CopyPart-InsertByte-
#354139	NEW    cov: 50 ft: 340 corp: 99/1907b lim: 3188 exec/s: 0 rss: 35Mb L: 29/34 MS: 2 ChangeASCIIInt-CopyPart-
#366307	NEW    cov: 50 ft: 342 corp: 100/1931b lim: 3309 exec/s: 0 rss: 35Mb L: 24/34 MS: 3 CopyPart-ChangeByte-ChangeBinInt-
#367398	NEW    cov: 50 ft: 343 corp: 101/1955b lim: 3309 exec/s: 0 rss: 35Mb L: 24/34 MS: 1 ChangeBinInt-
#368141	REDUCE cov: 50 ft: 343 corp: 101/1951b lim: 3309 exec/s: 0 rss: 35Mb L: 20/34 MS: 3 EraseBytes-ChangeBit-EraseBytes-
#371020	REDUCE cov: 50 ft: 343 corp: 101/1949b lim: 3331 exec/s: 0 rss: 35Mb L: 17/34 MS: 4 ShuffleBytes-ShuffleBytes-EraseBytes-ChangeBinInt-
#392537	NEW    cov: 50 ft: 345 corp: 102/1978b lim: 3540 exec/s: 0 rss: 35Mb L: 29/34 MS: 2 ShuffleBytes-ChangeByte-
#413074	NEW    cov: 50 ft: 347 corp: 103/2007b lim: 3738 exec/s: 413074 rss: 35Mb L: 29/34 MS: 1 ChangeBit-
#416991	REDUCE cov: 50 ft: 347 corp: 103/2005b lim: 3771 exec/s: 416991 rss: 35Mb L: 22/34 MS: 2 ChangeByte-EraseBytes-
#420928	REDUCE cov: 50 ft: 347 corp: 103/2003b lim: 3804 exec/s: 420928 rss: 35Mb L: 15/34 MS: 2 CMP-EraseBytes- DE: "\377\377\377\377\377\377\377\377"-
#430857	NEW    cov: 50 ft: 350 corp: 104/2027b lim: 3892 exec/s: 430857 rss: 35Mb L: 24/34 MS: 4 CopyPart-ChangeASCIIInt-ShuffleBytes-ShuffleBytes-
#449674	NEW    cov: 50 ft: 351 corp: 105/2051b lim: 4079 exec/s: 449674 rss: 35Mb L: 24/34 MS: 2 ChangeBit-ChangeBinInt-
#451997	REDUCE cov: 50 ft: 352 corp: 106/2067b lim: 4096 exec/s: 451997 rss: 35Mb L: 16/34 MS: 3 CopyPart-ChangeBinInt-ChangeByte-
#458223	NEW    cov: 50 ft: 353 corp: 107/2096b lim: 4096 exec/s: 458223 rss: 35Mb L: 29/34 MS: 1 ShuffleBytes-
#507214	REDUCE cov: 50 ft: 355 corp: 108/2116b lim: 4096 exec/s: 507214 rss: 35Mb L: 20/34 MS: 1 CopyPart-
#520032	NEW    cov: 50 ft: 356 corp: 109/2132b lim: 4096 exec/s: 520032 rss: 35Mb L: 16/34 MS: 3 ChangeBit-ShuffleBytes-ChangeBinInt-
#531901	REDUCE cov: 50 ft: 356 corp: 109/2130b lim: 4096 exec/s: 531901 rss: 35Mb L: 15/34 MS: 4 ChangeBit-CopyPart-EraseBytes-InsertByte-
#544603	REDUCE cov: 50 ft: 356 corp: 109/2128b lim: 4096 exec/s: 544603 rss: 35Mb L: 20/34 MS: 2 EraseBytes-ChangeByte-
#588645	REDUCE cov: 50 ft: 356 corp: 109/2126b lim: 4096 exec/s: 588645 rss: 35Mb L: 18/34 MS: 2 ChangeByte-EraseBytes-
#601446	NEW    cov: 50 ft: 357 corp: 110/2150b lim: 4096 exec/s: 601446 rss: 35Mb L: 24/34 MS: 1 ChangeByte-
#621797	NEW    cov: 50 ft: 358 corp: 111/2166b lim: 4096 exec/s: 621797 rss: 35Mb L: 16/34 MS: 1 ShuffleBytes-
#622353	NEW    cov: 50 ft: 360 corp: 112/2190b lim: 4096 exec/s: 622353 rss: 35Mb L: 24/34 MS: 1 PersAutoDict- DE: "\021\000\000\000\000\000\000\000"-
#622699	NEW    cov: 50 ft: 361 corp: 113/2206b lim: 4096 exec/s: 622699 rss: 35Mb L: 16/34 MS: 1 CopyPart-
#626496	NEW    cov: 50 ft: 362 corp: 114/2221b lim: 4096 exec/s: 626496 rss: 35Mb L: 15/34 MS: 2 CopyPart-EraseBytes-
#629633	REDUCE cov: 50 ft: 362 corp: 114/2220b lim: 4096 exec/s: 629633 rss: 35Mb L: 15/34 MS: 2 ChangeBit-EraseBytes-
#676576	REDUCE cov: 50 ft: 362 corp: 114/2212b lim: 4096 exec/s: 676576 rss: 35Mb L: 16/34 MS: 3 PersAutoDict-ChangeBit-EraseBytes- DE: "\377\377\377\377"-
#691548	NEW    cov: 50 ft: 363 corp: 115/2228b lim: 4096 exec/s: 691548 rss: 35Mb L: 16/34 MS: 2 ChangeBit-ChangeBit-
#725915	NEW    cov: 50 ft: 364 corp: 116/2260b lim: 4096 exec/s: 725915 rss: 35Mb L: 32/34 MS: 2 ShuffleBytes-InsertRepeatedBytes-
#771947	NEW    cov: 50 ft: 365 corp: 117/2284b lim: 4096 exec/s: 771947 rss: 35Mb L: 24/34 MS: 2 ChangeBinInt-ChangeASCIIInt-
#869107	REDUCE cov: 50 ft: 365 corp: 117/2282b lim: 4096 exec/s: 434553 rss: 36Mb L: 22/34 MS: 5 EraseBytes-ChangeBinInt-ChangeByte-PersAutoDict-ChangeBit- DE: "\001\000\000\000\000\000\000\""-
#887415	REDUCE cov: 50 ft: 365 corp: 117/2280b lim: 4096 exec/s: 443707 rss: 36Mb L: 16/34 MS: 3 EraseBytes-InsertByte-CopyPart-
#952463	REDUCE cov: 50 ft: 365 corp: 117/2278b lim: 4096 exec/s: 476231 rss: 36Mb L: 18/34 MS: 3 EraseBytes-InsertByte-CMP- DE: "\3778"-
#979211	REDUCE cov: 50 ft: 365 corp: 117/2276b lim: 4096 exec/s: 489605 rss: 36Mb L: 18/34 MS: 3 EraseBytes-CrossOver-ChangeByte-
#990444	REDUCE cov: 50 ft: 365 corp: 117/2274b lim: 4096 exec/s: 495222 rss: 36Mb L: 16/34 MS: 3 EraseBytes-EraseBytes-ChangeByte-
#1048576	pulse  cov: 50 ft: 365 corp: 117/2274b lim: 4096 exec/s: 524288 rss: 36Mb
#1063746	REDUCE cov: 50 ft: 365 corp: 117/2272b lim: 4096 exec/s: 531873 rss: 36Mb L: 22/34 MS: 2 ChangeByte-EraseBytes-
#1209124	REDUCE cov: 50 ft: 365 corp: 117/2270b lim: 4096 exec/s: 604562 rss: 36Mb L: 16/34 MS: 3 ShuffleBytes-EraseBytes-InsertByte-
#1247431	REDUCE cov: 50 ft: 366 corp: 118/2286b lim: 4096 exec/s: 623715 rss: 36Mb L: 16/34 MS: 2 ChangeBit-ChangeBinInt-
#1248737	REDUCE cov: 50 ft: 366 corp: 118/2285b lim: 4096 exec/s: 624368 rss: 36Mb L: 15/34 MS: 1 EraseBytes-
#1487341	NEW    cov: 50 ft: 367 corp: 119/2303b lim: 4096 exec/s: 495780 rss: 36Mb L: 18/34 MS: 4 InsertByte-InsertByte-CopyPart-ChangeBinInt-
#1533632	NEW    cov: 50 ft: 368 corp: 120/2321b lim: 4096 exec/s: 511210 rss: 36Mb L: 18/34 MS: 1 ChangeASCIIInt-
#1544808	NEW    cov: 50 ft: 369 corp: 121/2339b lim: 4096 exec/s: 514936 rss: 36Mb L: 18/34 MS: 1 ShuffleBytes-
#1658054	NEW    cov: 50 ft: 370 corp: 122/2357b lim: 4096 exec/s: 552684 rss: 36Mb L: 18/34 MS: 1 ChangeByte-
#1672522	REDUCE cov: 50 ft: 370 corp: 122/2355b lim: 4096 exec/s: 557507 rss: 36Mb L: 16/34 MS: 3 ChangeASCIIInt-EraseBytes-InsertByte-
#1677394	NEW    cov: 50 ft: 371 corp: 123/2373b lim: 4096 exec/s: 559131 rss: 36Mb L: 18/34 MS: 2 ChangeBinInt-CopyPart-
#1678066	REDUCE cov: 50 ft: 371 corp: 123/2371b lim: 4096 exec/s: 559355 rss: 36Mb L: 16/34 MS: 2 CrossOver-EraseBytes-
#1709503	REDUCE cov: 50 ft: 371 corp: 123/2369b lim: 4096 exec/s: 569834 rss: 36Mb L: 16/34 MS: 2 ChangeByte-EraseBytes-
#1751764	NEW    cov: 50 ft: 372 corp: 124/2387b lim: 4096 exec/s: 437941 rss: 36Mb L: 18/34 MS: 1 CrossOver-
#1754550	NEW    cov: 50 ft: 373 corp: 125/2405b lim: 4096 exec/s: 438637 rss: 36Mb L: 18/34 MS: 1 ShuffleBytes-
#1810166	NEW    cov: 50 ft: 374 corp: 126/2423b lim: 4096 exec/s: 452541 rss: 36Mb L: 18/34 MS: 1 ChangeByte-
#1878109	REDUCE cov: 50 ft: 374 corp: 126/2421b lim: 4096 exec/s: 469527 rss: 36Mb L: 16/34 MS: 3 EraseBytes-InsertByte-InsertByte-
#1950405	NEW    cov: 50 ft: 375 corp: 127/2439b lim: 4096 exec/s: 487601 rss: 36Mb L: 18/34 MS: 1 CopyPart-
#1951581	NEW    cov: 50 ft: 376 corp: 128/2457b lim: 4096 exec/s: 487895 rss: 36Mb L: 18/34 MS: 1 ChangeByte-
#1953212	NEW    cov: 50 ft: 377 corp: 129/2475b lim: 4096 exec/s: 488303 rss: 36Mb L: 18/34 MS: 1 CopyPart-
#1953283	NEW    cov: 50 ft: 379 corp: 130/2493b lim: 4096 exec/s: 488320 rss: 36Mb L: 18/34 MS: 1 ShuffleBytes-
#1953296	NEW    cov: 50 ft: 380 corp: 131/2511b lim: 4096 exec/s: 488324 rss: 36Mb L: 18/34 MS: 3 ChangeByte-ChangeBit-ShuffleBytes-
#1953322	NEW    cov: 50 ft: 381 corp: 132/2529b lim: 4096 exec/s: 488330 rss: 36Mb L: 18/34 MS: 1 ChangeBit-
#1954733	NEW    cov: 50 ft: 382 corp: 133/2547b lim: 4096 exec/s: 488683 rss: 36Mb L: 18/34 MS: 1 ShuffleBytes-
#1954869	NEW    cov: 50 ft: 383 corp: 134/2565b lim: 4096 exec/s: 488717 rss: 36Mb L: 18/34 MS: 1 ChangeASCIIInt-
#1954882	NEW    cov: 50 ft: 384 corp: 135/2583b lim: 4096 exec/s: 488720 rss: 36Mb L: 18/34 MS: 3 ChangeBinInt-CopyPart-CrossOver-
#1954973	NEW    cov: 50 ft: 385 corp: 136/2601b lim: 4096 exec/s: 488743 rss: 36Mb L: 18/34 MS: 1 ChangeBit-
#1956839	NEW    cov: 50 ft: 386 corp: 137/2619b lim: 4096 exec/s: 489209 rss: 36Mb L: 18/34 MS: 1 ChangeByte-
#1962390	NEW    cov: 50 ft: 387 corp: 138/2637b lim: 4096 exec/s: 490597 rss: 36Mb L: 18/34 MS: 1 CopyPart-
#1963056	NEW    cov: 50 ft: 388 corp: 139/2655b lim: 4096 exec/s: 490764 rss: 36Mb L: 18/34 MS: 1 ChangeBinInt-
#1965437	NEW    cov: 50 ft: 389 corp: 140/2673b lim: 4096 exec/s: 491359 rss: 36Mb L: 18/34 MS: 1 ChangeASCIIInt-
#1968013	NEW    cov: 50 ft: 390 corp: 141/2691b lim: 4096 exec/s: 492003 rss: 36Mb L: 18/34 MS: 1 CrossOver-
#1968069	NEW    cov: 50 ft: 391 corp: 142/2709b lim: 4096 exec/s: 492017 rss: 36Mb L: 18/34 MS: 1 ChangeBit-
#1969205	NEW    cov: 50 ft: 392 corp: 143/2727b lim: 4096 exec/s: 492301 rss: 36Mb L: 18/34 MS: 1 ChangeBinInt-
#1971956	NEW    cov: 50 ft: 394 corp: 144/2745b lim: 4096 exec/s: 492989 rss: 36Mb L: 18/34 MS: 1 CopyPart-
#1978447	NEW    cov: 50 ft: 395 corp: 145/2763b lim: 4096 exec/s: 494611 rss: 36Mb L: 18/34 MS: 1 ChangeASCIIInt-
#1979368	NEW    cov: 50 ft: 396 corp: 146/2781b lim: 4096 exec/s: 494842 rss: 36Mb L: 18/34 MS: 1 ChangeByte-
#1997984	NEW    cov: 50 ft: 397 corp: 147/2799b lim: 4096 exec/s: 499496 rss: 36Mb L: 18/34 MS: 1 ChangeBit-
#2005891	REDUCE cov: 50 ft: 397 corp: 147/2797b lim: 4096 exec/s: 501472 rss: 36Mb L: 16/34 MS: 2 ChangeBit-EraseBytes-
#2019188	NEW    cov: 50 ft: 398 corp: 148/2815b lim: 4096 exec/s: 504797 rss: 36Mb L: 18/34 MS: 2 ShuffleBytes-ChangeByte-
#2023994	NEW    cov: 50 ft: 399 corp: 149/2833b lim: 4096 exec/s: 505998 rss: 36Mb L: 18/34 MS: 1 ChangeASCIIInt-
#2030810	NEW    cov: 50 ft: 400 corp: 150/2851b lim: 4096 exec/s: 507702 rss: 36Mb L: 18/34 MS: 1 ChangeBinInt-
#2097152	pulse  cov: 50 ft: 400 corp: 150/2851b lim: 4096 exec/s: 524288 rss: 36Mb
#2135072	REDUCE cov: 50 ft: 400 corp: 150/2849b lim: 4096 exec/s: 533768 rss: 36Mb L: 16/34 MS: 2 PersAutoDict-EraseBytes- DE: "\377/"-
#2271072	REDUCE cov: 50 ft: 400 corp: 150/2847b lim: 4096 exec/s: 454214 rss: 36Mb L: 22/34 MS: 5 ChangeBinInt-ChangeByte-CMP-EraseBytes-CMP- DE: "\011\000\000\000\000\000\000\000"-"\377w"-
#2279941	REDUCE cov: 50 ft: 400 corp: 150/2845b lim: 4096 exec/s: 455988 rss: 36Mb L: 16/34 MS: 4 ShuffleBytes-EraseBytes-CrossOver-InsertByte-
#2288632	NEW    cov: 50 ft: 401 corp: 151/2874b lim: 4096 exec/s: 457726 rss: 36Mb L: 29/34 MS: 1 ChangeBinInt-
#2573084	REDUCE cov: 50 ft: 401 corp: 151/2873b lim: 4096 exec/s: 514616 rss: 36Mb L: 15/34 MS: 2 EraseBytes-ChangeBit-
#2606556	REDUCE cov: 50 ft: 401 corp: 151/2871b lim: 4096 exec/s: 434426 rss: 36Mb L: 16/34 MS: 2 EraseBytes-CrossOver-
#2650886	REDUCE cov: 50 ft: 401 corp: 151/2870b lim: 4096 exec/s: 441814 rss: 36Mb L: 17/34 MS: 5 CopyPart-ChangeBit-EraseBytes-ChangeBit-ChangeBit-
#3062954	REDUCE cov: 50 ft: 401 corp: 151/2869b lim: 4096 exec/s: 437564 rss: 36Mb L: 17/34 MS: 3 InsertByte-EraseBytes-ChangeBit-
#3221287	NEW    cov: 50 ft: 403 corp: 152/2893b lim: 4096 exec/s: 460183 rss: 36Mb L: 24/34 MS: 3 CrossOver-ChangeBit-CrossOver-
#3221648	NEW    cov: 50 ft: 404 corp: 153/2917b lim: 4096 exec/s: 460235 rss: 36Mb L: 24/34 MS: 1 ChangeBit-
#3263514	NEW    cov: 50 ft: 406 corp: 154/2941b lim: 4096 exec/s: 466216 rss: 36Mb L: 24/34 MS: 1 ChangeBit-
#3267570	NEW    cov: 50 ft: 407 corp: 155/2965b lim: 4096 exec/s: 466795 rss: 36Mb L: 24/34 MS: 1 ChangeBit-
#3277537	REDUCE cov: 50 ft: 407 corp: 155/2963b lim: 4096 exec/s: 468219 rss: 36Mb L: 15/34 MS: 2 ChangeByte-EraseBytes-
#3667170	REDUCE cov: 50 ft: 407 corp: 155/2961b lim: 4096 exec/s: 458396 rss: 36Mb L: 16/34 MS: 3 ChangeBit-EraseBytes-CrossOver-
#3800337	REDUCE cov: 50 ft: 407 corp: 155/2959b lim: 4096 exec/s: 475042 rss: 36Mb L: 16/34 MS: 2 InsertRepeatedBytes-EraseBytes-
#3868838	NEW    cov: 50 ft: 408 corp: 156/2977b lim: 4096 exec/s: 483604 rss: 36Mb L: 18/34 MS: 1 CrossOver-
#4194304	pulse  cov: 50 ft: 408 corp: 156/2977b lim: 4096 exec/s: 466033 rss: 36Mb
#4237649	NEW    cov: 50 ft: 409 corp: 157/2995b lim: 4096 exec/s: 470849 rss: 36Mb L: 18/34 MS: 1 CrossOver-
#4594846	REDUCE cov: 50 ft: 409 corp: 157/2993b lim: 4096 exec/s: 459484 rss: 36Mb L: 16/34 MS: 2 EraseBytes-ChangeBit-
#4611310	REDUCE cov: 50 ft: 409 corp: 157/2992b lim: 4096 exec/s: 461131 rss: 36Mb L: 16/34 MS: 4 InsertByte-EraseBytes-ChangeASCIIInt-ShuffleBytes-
#4672348	REDUCE cov: 50 ft: 409 corp: 157/2990b lim: 4096 exec/s: 467234 rss: 36Mb L: 16/34 MS: 3 PersAutoDict-ChangeByte-EraseBytes- DE: "\377\377\377\377"-
#4770951	REDUCE cov: 50 ft: 409 corp: 157/2988b lim: 4096 exec/s: 477095 rss: 36Mb L: 16/34 MS: 3 ChangeBit-ChangeBit-EraseBytes-
#5674284	REDUCE cov: 50 ft: 409 corp: 157/2987b lim: 4096 exec/s: 472857 rss: 36Mb L: 15/34 MS: 3 EraseBytes-ShuffleBytes-ChangeBit-
#5935846	REDUCE cov: 50 ft: 409 corp: 157/2985b lim: 4096 exec/s: 456603 rss: 36Mb L: 16/34 MS: 2 PersAutoDict-EraseBytes- DE: "\377w"-
#6075118	REDUCE cov: 50 ft: 409 corp: 157/2984b lim: 4096 exec/s: 467316 rss: 36Mb L: 21/34 MS: 2 EraseBytes-ChangeBit-
#6372530	REDUCE cov: 50 ft: 409 corp: 157/2982b lim: 4096 exec/s: 455180 rss: 36Mb L: 16/34 MS: 2 EraseBytes-ChangeBinInt-
#6531292	REDUCE cov: 50 ft: 410 corp: 158/3002b lim: 4096 exec/s: 466520 rss: 36Mb L: 20/34 MS: 2 ShuffleBytes-ShuffleBytes-
#6566779	REDUCE cov: 50 ft: 410 corp: 158/3000b lim: 4096 exec/s: 469055 rss: 36Mb L: 16/34 MS: 2 ChangeByte-EraseBytes-
#6601128	REDUCE cov: 50 ft: 410 corp: 158/2998b lim: 4096 exec/s: 440075 rss: 36Mb L: 20/34 MS: 4 EraseBytes-CMP-InsertByte-InsertByte- DE: "\001\000\000\000\000\000\000/"-
#6743395	REDUCE cov: 50 ft: 410 corp: 158/2996b lim: 4096 exec/s: 449559 rss: 36Mb L: 16/34 MS: 2 PersAutoDict-EraseBytes- DE: "\377\377\377\377\377\377\377\377"-
#6788197	REDUCE cov: 50 ft: 410 corp: 158/2995b lim: 4096 exec/s: 452546 rss: 36Mb L: 15/34 MS: 2 EraseBytes-ChangeBit-
#6811847	REDUCE cov: 50 ft: 410 corp: 158/2993b lim: 4096 exec/s: 454123 rss: 36Mb L: 16/34 MS: 5 ChangeBit-CrossOver-ShuffleBytes-EraseBytes-EraseBytes-
#6910618	NEW    cov: 50 ft: 411 corp: 159/3022b lim: 4096 exec/s: 460707 rss: 36Mb L: 29/34 MS: 1 CrossOver-
#7138930	REDUCE cov: 50 ft: 411 corp: 159/3020b lim: 4096 exec/s: 446183 rss: 36Mb L: 16/34 MS: 2 PersAutoDict-EraseBytes- DE: "\377/"-
#7423278	REDUCE cov: 50 ft: 411 corp: 159/3018b lim: 4096 exec/s: 463954 rss: 36Mb L: 16/34 MS: 3 ChangeBit-CopyPart-EraseBytes-
#8094190	REDUCE cov: 50 ft: 411 corp: 159/3017b lim: 4096 exec/s: 449677 rss: 36Mb L: 15/34 MS: 2 ChangeBit-EraseBytes-
#8379985	REDUCE cov: 50 ft: 412 corp: 160/3037b lim: 4096 exec/s: 441051 rss: 36Mb L: 20/34 MS: 5 PersAutoDict-ChangeASCIIInt-EraseBytes-CrossOver-CopyPart- DE: "6\000"-
#8644930	REDUCE cov: 50 ft: 412 corp: 160/3033b lim: 4096 exec/s: 454996 rss: 36Mb L: 16/34 MS: 5 EraseBytes-InsertByte-InsertByte-ChangeBinInt-CopyPart-
#8918483	REDUCE cov: 50 ft: 412 corp: 160/3031b lim: 4096 exec/s: 445924 rss: 36Mb L: 16/34 MS: 3 CrossOver-EraseBytes-EraseBytes-
#8936726	REDUCE cov: 50 ft: 412 corp: 160/3029b lim: 4096 exec/s: 446836 rss: 36Mb L: 27/34 MS: 3 InsertByte-ChangeByte-EraseBytes-
#9412909	REDUCE cov: 50 ft: 412 corp: 160/3027b lim: 4096 exec/s: 448233 rss: 36Mb L: 16/34 MS: 3 ChangeByte-EraseBytes-ChangeBit-
#9600412	REDUCE cov: 50 ft: 412 corp: 160/3026b lim: 4096 exec/s: 457162 rss: 36Mb L: 15/34 MS: 3 ChangeBit-ChangeBinInt-EraseBytes-
#9617681	NEW    cov: 50 ft: 414 corp: 161/3050b lim: 4096 exec/s: 457984 rss: 36Mb L: 24/34 MS: 4 ChangeBinInt-ChangeByte-CopyPart-ShuffleBytes-
#10172374	REDUCE cov: 50 ft: 414 corp: 161/3049b lim: 4096 exec/s: 442277 rss: 36Mb L: 15/34 MS: 3 EraseBytes-ChangeBit-ChangeBinInt-
#10788866	REDUCE cov: 50 ft: 414 corp: 161/3048b lim: 4096 exec/s: 449536 rss: 36Mb L: 15/34 MS: 2 ChangeBit-EraseBytes-
#10892173	REDUCE cov: 50 ft: 414 corp: 161/3047b lim: 4096 exec/s: 453840 rss: 36Mb L: 17/34 MS: 2 EraseBytes-ChangeBit-
#11601296	REDUCE cov: 50 ft: 414 corp: 161/3046b lim: 4096 exec/s: 446203 rss: 36Mb L: 17/34 MS: 3 CrossOver-ChangeBit-EraseBytes-
#12701058	REDUCE cov: 50 ft: 414 corp: 161/3044b lim: 4096 exec/s: 453609 rss: 36Mb L: 16/34 MS: 2 ChangeBinInt-EraseBytes-
#13138745	REDUCE cov: 50 ft: 414 corp: 161/3042b lim: 4096 exec/s: 453060 rss: 36Mb L: 25/34 MS: 2 CrossOver-EraseBytes-
#13503633	REDUCE cov: 50 ft: 414 corp: 161/3041b lim: 4096 exec/s: 450121 rss: 36Mb L: 17/34 MS: 3 EraseBytes-CopyPart-CrossOver-
#15819747	REDUCE cov: 50 ft: 414 corp: 161/3039b lim: 4096 exec/s: 451992 rss: 36Mb L: 16/34 MS: 4 ChangeBit-EraseBytes-InsertByte-ChangeByte-
#15939509	REDUCE cov: 50 ft: 414 corp: 161/3038b lim: 4096 exec/s: 442764 rss: 36Mb L: 15/34 MS: 2 ChangeBinInt-EraseBytes-
#16395406	REDUCE cov: 50 ft: 414 corp: 161/3037b lim: 4096 exec/s: 443119 rss: 36Mb L: 15/34 MS: 2 EraseBytes-ChangeBit-
#16442948	REDUCE cov: 50 ft: 414 corp: 161/3036b lim: 4096 exec/s: 444404 rss: 36Mb L: 16/34 MS: 2 EraseBytes-ChangeBit-
#16807585	REDUCE cov: 50 ft: 414 corp: 161/3034b lim: 4096 exec/s: 442304 rss: 36Mb L: 23/34 MS: 2 InsertByte-EraseBytes-
#16927174	REDUCE cov: 50 ft: 414 corp: 161/3033b lim: 4096 exec/s: 445451 rss: 36Mb L: 15/34 MS: 4 EraseBytes-InsertByte-PersAutoDict-ChangeBit- DE: "\377w"-
#17574713	REDUCE cov: 50 ft: 414 corp: 161/3031b lim: 4096 exec/s: 450633 rss: 36Mb L: 16/34 MS: 4 ChangeByte-EraseBytes-ChangeBit-PersAutoDict- DE: "\377\377\377\377"-
#18199675	REDUCE cov: 50 ft: 414 corp: 161/3029b lim: 4096 exec/s: 443894 rss: 36Mb L: 22/34 MS: 2 InsertByte-EraseBytes-
#19328888	REDUCE cov: 50 ft: 414 corp: 161/3028b lim: 4096 exec/s: 449509 rss: 36Mb L: 23/34 MS: 3 EraseBytes-ShuffleBytes-ChangeBit-
#20076548	REDUCE cov: 50 ft: 414 corp: 161/3026b lim: 4096 exec/s: 446145 rss: 36Mb L: 16/34 MS: 5 CopyPart-InsertByte-CopyPart-ChangeASCIIInt-EraseBytes-
#21076487	REDUCE cov: 50 ft: 414 corp: 161/3022b lim: 4096 exec/s: 448435 rss: 36Mb L: 20/34 MS: 4 ShuffleBytes-EraseBytes-ChangeBit-ChangeBit-
#21596563	NEW    cov: 50 ft: 417 corp: 162/3046b lim: 4096 exec/s: 440746 rss: 36Mb L: 24/34 MS: 1 CrossOver-
#24597080	NEW    cov: 50 ft: 423 corp: 163/3076b lim: 4096 exec/s: 447219 rss: 36Mb L: 30/34 MS: 2 ChangeBit-InsertByte-
#24658456	NEW    cov: 50 ft: 425 corp: 164/3106b lim: 4096 exec/s: 448335 rss: 36Mb L: 30/34 MS: 1 CopyPart-
#25092377	REDUCE cov: 50 ft: 428 corp: 165/3129b lim: 4096 exec/s: 448078 rss: 36Mb L: 23/34 MS: 1 CopyPart-
#25903824	REDUCE cov: 50 ft: 428 corp: 165/3128b lim: 4096 exec/s: 446617 rss: 36Mb L: 16/34 MS: 2 ChangeBinInt-EraseBytes-
#30171453	REDUCE cov: 50 ft: 428 corp: 165/3127b lim: 4096 exec/s: 443697 rss: 37Mb L: 15/34 MS: 4 ShuffleBytes-ChangeBit-ChangeBinInt-EraseBytes-
#33554432	pulse  cov: 50 ft: 428 corp: 165/3127b lim: 4096 exec/s: 441505 rss: 37Mb
#33903717	REDUCE cov: 50 ft: 428 corp: 165/3126b lim: 4096 exec/s: 440308 rss: 37Mb L: 23/34 MS: 4 ChangeBit-ChangeBit-ShuffleBytes-EraseBytes-
#37109992	REDUCE cov: 50 ft: 428 corp: 165/3122b lim: 4096 exec/s: 441785 rss: 37Mb L: 20/34 MS: 5 ShuffleBytes-CopyPart-EraseBytes-EraseBytes-ChangeBit-
#40025095	REDUCE cov: 50 ft: 428 corp: 165/3121b lim: 4096 exec/s: 439836 rss: 37Mb L: 15/34 MS: 3 EraseBytes-ChangeBit-CrossOver-
#40836328	REDUCE cov: 50 ft: 428 corp: 165/3120b lim: 4096 exec/s: 439100 rss: 37Mb L: 15/34 MS: 3 EraseBytes-ChangeBit-CopyPart-
#44871053	REDUCE cov: 50 ft: 428 corp: 165/3119b lim: 4096 exec/s: 439912 rss: 37Mb L: 20/34 MS: 5 EraseBytes-ShuffleBytes-ChangeBit-InsertByte-CrossOver-
#47204631	REDUCE cov: 50 ft: 428 corp: 165/3117b lim: 4096 exec/s: 441164 rss: 37Mb L: 16/34 MS: 3 ShuffleBytes-CrossOver-EraseBytes-
#48101432	REDUCE cov: 50 ft: 431 corp: 166/3140b lim: 4096 exec/s: 441297 rss: 37Mb L: 23/34 MS: 1 CopyPart-
#57729109	REDUCE cov: 50 ft: 431 corp: 166/3139b lim: 4096 exec/s: 437341 rss: 37Mb L: 15/34 MS: 2 ChangeBit-EraseBytes-
#58375058	REDUCE cov: 50 ft: 431 corp: 166/3138b lim: 4096 exec/s: 438910 rss: 37Mb L: 15/34 MS: 4 ChangeBit-ChangeBit-CrossOver-EraseBytes-
#59147836	REDUCE cov: 50 ft: 431 corp: 166/3136b lim: 4096 exec/s: 438132 rss: 37Mb L: 20/34 MS: 3 ChangeBit-CrossOver-EraseBytes-
panic: found special char in iban [recovered]
	panic: found special char in iban

goroutine 17 [running, locked to thread]:
git.ultraware.nl/iddinkgroep/fundament-api.Fuzz.func1()
	git.ultraware.nl/iddinkgroep/fundament-api/fuzz.go:19 +0xa5
panic({0x55c29fd79760?, 0x55c29fd8cc70?})
	runtime/panic.go:914 +0x21f
git.ultraware.nl/iddinkgroep/fundament-api.Fuzz({0xc0000c4240, 0x14})
	git.ultraware.nl/iddinkgroep/fundament-api/fuzz.go:34 +0x2b9
git.ultraware.nl/iddinkgroep/fundament-api.Fuzz_(...)
	git.ultraware.nl/iddinkgroep/fundament-api/fuzz.1527825026.go:6
main.LLVMFuzzerTestOneInput(...)
	./main.170485750.go:21
==28720== ERROR: libFuzzer: deadly signal
    #0 0x55c29fc9c630 in __sanitizer_print_stack_trace (/seedai/experiments/libfuzzer/source_iban/libfuzzer+0xaf630) (BuildId: 688cb25bec4564588da2a67f6a2b25148a0fd5d4)
    #1 0x55c29fc68755 in fuzzer::PrintStackTrace() (/seedai/experiments/libfuzzer/source_iban/libfuzzer+0x7b755) (BuildId: 688cb25bec4564588da2a67f6a2b25148a0fd5d4)
    #2 0x55c29fc473a9 in fuzzer::Fuzzer::CrashCallback() (.part.0) FuzzerLoop.cpp.o
    #3 0x55c29fc4746a in fuzzer::Fuzzer::StaticCrashSignalCallback() (/seedai/experiments/libfuzzer/source_iban/libfuzzer+0x5a46a) (BuildId: 688cb25bec4564588da2a67f6a2b25148a0fd5d4)
    #4 0x7fcbdf04e70f  (/usr/lib/libc.so.6+0x3e70f) (BuildId: 316d0d3666387f0e8fb98773f51aa1801027c5ab)
    #5 0x55c29fcfc160 in runtime.raise.abi0 runtime/sys_linux_amd64.s:153

NOTE: libFuzzer has rudimentary signal handlers.
      Combine libFuzzer with AddressSanitizer or similar for better crash reports.
SUMMARY: libFuzzer: deadly signal
MS: 3 CopyPart-ShuffleBytes-CopyPart-; base unit: c49daa0116462109a73964d1446bca1593934f20
0x41,0x54,0x44,0x44,0x2d,0x30,0x30,0x30,0x30,0x30,0x30,0x30,0x30,0x30,0x30,0x30,0x30,0x30,0x30,0x30,
ATDD-000000000000000
artifact_prefix='./'; Test unit written to ./crash-8c8efb7b1bf9434f9a7ad61aaf6b5afdf975088e
Base64: QVRERC0wMDAwMDAwMDAwMDAwMDA=
