INFO: Running with entropic power schedule (0xFF, 100).
INFO: Seed: 2515199111
INFO: Loaded 1 modules   (70 inline 8-bit counters): 70 [0x55fa751c8030, 0x55fa751c8076), 
INFO: Loaded 1 PC tables (70 PCs): 70 [0xc000068000,0xc000068460), 
INFO:        9 files found in corpus
INFO: -max_len is not provided; libFuzzer will not generate inputs larger than 4096 bytes
INFO: seed corpus: files: 9 min: 1b max: 674b total: 1330b rss: 30Mb
#10	INITED cov: 9 ft: 18 corp: 4/14b exec/s: 0 rss: 30Mb
#11	NEW    cov: 9 ft: 20 corp: 5/17b lim: 7 exec/s: 0 rss: 30Mb L: 3/7 MS: 1 InsertByte-
#18	NEW    cov: 9 ft: 21 corp: 6/22b lim: 7 exec/s: 0 rss: 30Mb L: 5/7 MS: 2 CrossOver-InsertRepeatedBytes-
#71	REDUCE cov: 9 ft: 21 corp: 6/21b lim: 7 exec/s: 0 rss: 30Mb L: 3/7 MS: 3 ChangeByte-EraseBytes-CopyPart-
#282	NEW    cov: 9 ft: 22 corp: 7/29b lim: 9 exec/s: 0 rss: 30Mb L: 8/8 MS: 1 InsertByte-
#619	NEW    cov: 9 ft: 23 corp: 8/41b lim: 12 exec/s: 0 rss: 30Mb L: 12/12 MS: 2 EraseBytes-CopyPart-
#944	NEW    cov: 9 ft: 24 corp: 9/54b lim: 15 exec/s: 0 rss: 30Mb L: 13/13 MS: 5 ChangeByte-ChangeByte-InsertRepeatedBytes-ShuffleBytes-CopyPart-
#953	NEW    cov: 9 ft: 25 corp: 10/68b lim: 15 exec/s: 0 rss: 30Mb L: 14/14 MS: 4 ShuffleBytes-ChangeByte-ChangeByte-InsertByte-
#987	NEW    cov: 11 ft: 31 corp: 11/83b lim: 15 exec/s: 0 rss: 30Mb L: 15/15 MS: 4 ChangeBit-InsertRepeatedBytes-ChangeByte-CopyPart-
#1303	NEW    cov: 11 ft: 33 corp: 12/101b lim: 18 exec/s: 0 rss: 30Mb L: 18/18 MS: 1 InsertRepeatedBytes-
#1328	REDUCE cov: 11 ft: 34 corp: 13/117b lim: 18 exec/s: 0 rss: 30Mb L: 16/18 MS: 5 ChangeByte-ChangeBit-ChangeBit-InsertRepeatedBytes-CrossOver-
#1738	NEW    cov: 11 ft: 35 corp: 14/138b lim: 22 exec/s: 0 rss: 30Mb L: 21/21 MS: 5 InsertRepeatedBytes-CopyPart-EraseBytes-ChangeByte-InsertRepeatedBytes-
#2410	REDUCE cov: 11 ft: 35 corp: 14/137b lim: 26 exec/s: 0 rss: 31Mb L: 17/21 MS: 2 EraseBytes-CopyPart-
#2650	REDUCE cov: 11 ft: 35 corp: 14/135b lim: 26 exec/s: 0 rss: 31Mb L: 19/19 MS: 5 ChangeByte-ChangeByte-ShuffleBytes-ChangeBinInt-EraseBytes-
#3094	REDUCE cov: 11 ft: 36 corp: 15/165b lim: 30 exec/s: 0 rss: 31Mb L: 30/30 MS: 4 ShuffleBytes-ChangeByte-ChangeByte-InsertRepeatedBytes-
#3220	NEW    cov: 11 ft: 37 corp: 16/194b lim: 30 exec/s: 0 rss: 31Mb L: 29/30 MS: 1 InsertRepeatedBytes-
#3647	NEW    cov: 11 ft: 38 corp: 17/225b lim: 34 exec/s: 0 rss: 31Mb L: 31/31 MS: 2 CopyPart-CopyPart-
#3650	NEW    cov: 11 ft: 39 corp: 18/258b lim: 34 exec/s: 0 rss: 31Mb L: 33/33 MS: 3 ChangeByte-CrossOver-InsertRepeatedBytes-
#3665	REDUCE cov: 11 ft: 41 corp: 19/292b lim: 34 exec/s: 0 rss: 31Mb L: 34/34 MS: 5 InsertByte-CopyPart-ChangeByte-ShuffleBytes-InsertRepeatedBytes-
#3794	REDUCE cov: 11 ft: 41 corp: 19/289b lim: 34 exec/s: 0 rss: 31Mb L: 27/34 MS: 4 ChangeBinInt-CopyPart-CMP-EraseBytes- DE: "\000\000\000\000\000\000\000\010"-
#9397	REDUCE cov: 13 ft: 47 corp: 20/317b lim: 88 exec/s: 0 rss: 32Mb L: 28/34 MS: 3 CrossOver-ShuffleBytes-ChangeBinInt-
#9548	NEW    cov: 13 ft: 48 corp: 21/346b lim: 88 exec/s: 0 rss: 32Mb L: 29/34 MS: 1 InsertByte-
#9634	NEW    cov: 13 ft: 49 corp: 22/380b lim: 88 exec/s: 0 rss: 32Mb L: 34/34 MS: 1 CopyPart-
#10087	REDUCE cov: 13 ft: 49 corp: 22/366b lim: 88 exec/s: 0 rss: 32Mb L: 15/34 MS: 3 ShuffleBytes-ShuffleBytes-EraseBytes-
#10233	REDUCE cov: 13 ft: 49 corp: 22/359b lim: 88 exec/s: 0 rss: 32Mb L: 21/34 MS: 1 EraseBytes-
#10257	NEW    cov: 13 ft: 50 corp: 23/387b lim: 88 exec/s: 0 rss: 32Mb L: 28/34 MS: 4 ChangeBit-ChangeBit-EraseBytes-ChangeBinInt-
#10273	REDUCE cov: 13 ft: 51 corp: 24/402b lim: 88 exec/s: 0 rss: 32Mb L: 15/34 MS: 1 EraseBytes-
#10509	REDUCE cov: 13 ft: 52 corp: 25/417b lim: 88 exec/s: 0 rss: 32Mb L: 15/34 MS: 1 CopyPart-
#10527	NEW    cov: 13 ft: 53 corp: 26/432b lim: 88 exec/s: 0 rss: 32Mb L: 15/34 MS: 3 ShuffleBytes-ShuffleBytes-PersAutoDict- DE: "\000\000\000\000\000\000\000\010"-
#10643	NEW    cov: 25 ft: 96 corp: 27/447b lim: 88 exec/s: 0 rss: 32Mb L: 15/34 MS: 1 ChangeBinInt-
#10770	NEW    cov: 25 ft: 97 corp: 28/462b lim: 88 exec/s: 0 rss: 32Mb L: 15/34 MS: 2 ShuffleBytes-CopyPart-
#10911	NEW    cov: 25 ft: 101 corp: 29/477b lim: 88 exec/s: 0 rss: 32Mb L: 15/34 MS: 1 ChangeByte-
#10953	NEW    cov: 25 ft: 102 corp: 30/492b lim: 88 exec/s: 0 rss: 32Mb L: 15/34 MS: 2 ChangeBit-PersAutoDict- DE: "\000\000\000\000\000\000\000\010"-
#11050	NEW    cov: 25 ft: 103 corp: 31/507b lim: 88 exec/s: 0 rss: 32Mb L: 15/34 MS: 2 ShuffleBytes-PersAutoDict- DE: "\000\000\000\000\000\000\000\010"-
#11316	NEW    cov: 25 ft: 104 corp: 32/523b lim: 88 exec/s: 0 rss: 32Mb L: 16/34 MS: 1 InsertByte-
#11333	REDUCE cov: 25 ft: 104 corp: 32/518b lim: 88 exec/s: 0 rss: 32Mb L: 23/34 MS: 2 EraseBytes-ChangeByte-
#11356	REDUCE cov: 25 ft: 104 corp: 32/511b lim: 88 exec/s: 0 rss: 32Mb L: 16/34 MS: 3 ChangeByte-CMP-EraseBytes- DE: "\001\000\000\000"-
#11602	NEW    cov: 25 ft: 107 corp: 33/526b lim: 88 exec/s: 0 rss: 32Mb L: 15/34 MS: 1 ChangeByte-
#11603	NEW    cov: 25 ft: 109 corp: 34/541b lim: 88 exec/s: 0 rss: 32Mb L: 15/34 MS: 1 PersAutoDict- DE: "\000\000\000\000\000\000\000\010"-
#11624	NEW    cov: 25 ft: 112 corp: 35/558b lim: 88 exec/s: 0 rss: 32Mb L: 17/34 MS: 1 InsertByte-
#12165	REDUCE cov: 25 ft: 113 corp: 36/573b lim: 88 exec/s: 0 rss: 32Mb L: 15/34 MS: 1 ChangeBit-
#12276	NEW    cov: 25 ft: 115 corp: 37/596b lim: 88 exec/s: 0 rss: 32Mb L: 23/34 MS: 1 InsertRepeatedBytes-
#13462	NEW    cov: 25 ft: 116 corp: 38/619b lim: 94 exec/s: 0 rss: 32Mb L: 23/34 MS: 1 CopyPart-
#13544	NEW    cov: 25 ft: 117 corp: 39/642b lim: 94 exec/s: 0 rss: 32Mb L: 23/34 MS: 2 ChangeByte-CopyPart-
#13760	NEW    cov: 25 ft: 118 corp: 40/665b lim: 94 exec/s: 0 rss: 32Mb L: 23/34 MS: 1 ChangeBinInt-
#13827	NEW    cov: 25 ft: 119 corp: 41/680b lim: 94 exec/s: 0 rss: 32Mb L: 15/34 MS: 2 ShuffleBytes-ChangeBinInt-
#13922	NEW    cov: 25 ft: 120 corp: 42/703b lim: 94 exec/s: 0 rss: 32Mb L: 23/34 MS: 5 ChangeBit-ChangeASCIIInt-PersAutoDict-ChangeBit-ChangeByte- DE: "\001\000\000\000"-
#15156	NEW    cov: 25 ft: 122 corp: 43/718b lim: 106 exec/s: 0 rss: 33Mb L: 15/34 MS: 4 ChangeByte-ChangeBit-CMP-ChangeByte- DE: "\001\000\000\000"-
#15317	NEW    cov: 25 ft: 123 corp: 44/733b lim: 106 exec/s: 0 rss: 33Mb L: 15/34 MS: 1 ChangeBinInt-
#15459	NEW    cov: 25 ft: 124 corp: 45/748b lim: 106 exec/s: 0 rss: 33Mb L: 15/34 MS: 2 EraseBytes-InsertByte-
#17308	REDUCE cov: 25 ft: 124 corp: 45/745b lim: 124 exec/s: 0 rss: 33Mb L: 18/34 MS: 4 ChangeByte-ChangeBit-ChangeBit-EraseBytes-
#18099	NEW    cov: 25 ft: 125 corp: 46/762b lim: 130 exec/s: 0 rss: 33Mb L: 17/34 MS: 1 InsertByte-
#18769	NEW    cov: 25 ft: 127 corp: 47/778b lim: 130 exec/s: 0 rss: 33Mb L: 16/34 MS: 5 ChangeBit-ShuffleBytes-EraseBytes-ShuffleBytes-CrossOver-
#22599	REDUCE cov: 25 ft: 127 corp: 47/776b lim: 165 exec/s: 0 rss: 34Mb L: 21/34 MS: 5 ChangeBit-ChangeByte-EraseBytes-ChangeBinInt-InsertByte-
#24637	REDUCE cov: 25 ft: 127 corp: 47/774b lim: 179 exec/s: 0 rss: 35Mb L: 16/34 MS: 3 PersAutoDict-ChangeBinInt-EraseBytes- DE: "\000\000\000\000\000\000\000\010"-
#32527	NEW    cov: 25 ft: 129 corp: 48/795b lim: 256 exec/s: 0 rss: 35Mb L: 21/34 MS: 5 EraseBytes-PersAutoDict-ShuffleBytes-CrossOver-InsertByte- DE: "\001\000\000\000"-
#46595	REDUCE cov: 25 ft: 129 corp: 48/793b lim: 392 exec/s: 0 rss: 35Mb L: 15/34 MS: 3 ShuffleBytes-CMP-EraseBytes- DE: "\377\377"-
#47249	REDUCE cov: 25 ft: 129 corp: 48/791b lim: 392 exec/s: 0 rss: 35Mb L: 15/34 MS: 4 ChangeBinInt-ChangeBit-EraseBytes-ChangeByte-
#52244	REDUCE cov: 25 ft: 129 corp: 48/773b lim: 440 exec/s: 0 rss: 35Mb L: 16/34 MS: 5 ShuffleBytes-ShuffleBytes-InsertByte-EraseBytes-EraseBytes-
#59502	REDUCE cov: 25 ft: 129 corp: 48/771b lim: 512 exec/s: 0 rss: 35Mb L: 21/34 MS: 3 ShuffleBytes-EraseBytes-ChangeByte-
#69702	REDUCE cov: 25 ft: 129 corp: 48/763b lim: 611 exec/s: 0 rss: 35Mb L: 15/34 MS: 5 InsertByte-ShuffleBytes-PersAutoDict-EraseBytes-PersAutoDict- DE: "\377\377"-"\377\377"-
#103890	REDUCE cov: 25 ft: 129 corp: 48/762b lim: 944 exec/s: 0 rss: 35Mb L: 15/34 MS: 3 ChangeBit-PersAutoDict-EraseBytes- DE: "\001\000\000\000"-
#113952	NEW    cov: 30 ft: 143 corp: 49/785b lim: 1035 exec/s: 0 rss: 35Mb L: 23/34 MS: 2 EraseBytes-CopyPart-
#113958	NEW    cov: 30 ft: 145 corp: 50/808b lim: 1035 exec/s: 0 rss: 35Mb L: 23/34 MS: 1 ChangeASCIIInt-
#114154	NEW    cov: 30 ft: 147 corp: 51/831b lim: 1035 exec/s: 0 rss: 35Mb L: 23/34 MS: 1 ChangeASCIIInt-
#114467	REDUCE cov: 30 ft: 147 corp: 51/829b lim: 1035 exec/s: 0 rss: 35Mb L: 19/34 MS: 3 ChangeBit-ChangeBit-EraseBytes-
#114803	NEW    cov: 30 ft: 149 corp: 52/852b lim: 1035 exec/s: 0 rss: 35Mb L: 23/34 MS: 1 ShuffleBytes-
#114824	NEW    cov: 30 ft: 151 corp: 53/875b lim: 1035 exec/s: 0 rss: 35Mb L: 23/34 MS: 1 ChangeBit-
#115580	NEW    cov: 30 ft: 162 corp: 54/898b lim: 1035 exec/s: 0 rss: 35Mb L: 23/34 MS: 1 CrossOver-
#115946	NEW    cov: 30 ft: 164 corp: 55/921b lim: 1035 exec/s: 0 rss: 35Mb L: 23/34 MS: 1 ChangeASCIIInt-
#115972	NEW    cov: 30 ft: 166 corp: 56/944b lim: 1035 exec/s: 0 rss: 35Mb L: 23/34 MS: 1 CrossOver-
#116298	NEW    cov: 30 ft: 167 corp: 57/967b lim: 1035 exec/s: 0 rss: 35Mb L: 23/34 MS: 1 ChangeASCIIInt-
#116429	NEW    cov: 30 ft: 169 corp: 58/990b lim: 1035 exec/s: 0 rss: 35Mb L: 23/34 MS: 1 CopyPart-
#116575	NEW    cov: 30 ft: 171 corp: 59/1013b lim: 1035 exec/s: 0 rss: 35Mb L: 23/34 MS: 1 ChangeByte-
#116647	NEW    cov: 30 ft: 175 corp: 60/1036b lim: 1035 exec/s: 0 rss: 35Mb L: 23/34 MS: 2 CrossOver-ShuffleBytes-
#117667	NEW    cov: 30 ft: 183 corp: 61/1059b lim: 1045 exec/s: 0 rss: 35Mb L: 23/34 MS: 5 ChangeBit-ChangeASCIIInt-ChangeASCIIInt-ShuffleBytes-CopyPart-
#117713	NEW    cov: 30 ft: 185 corp: 62/1082b lim: 1045 exec/s: 0 rss: 35Mb L: 23/34 MS: 1 ShuffleBytes-
#117747	NEW    cov: 30 ft: 186 corp: 63/1105b lim: 1045 exec/s: 0 rss: 35Mb L: 23/34 MS: 4 ShuffleBytes-ShuffleBytes-CopyPart-CopyPart-
#117783	NEW    cov: 30 ft: 188 corp: 64/1128b lim: 1045 exec/s: 0 rss: 35Mb L: 23/34 MS: 1 ChangeASCIIInt-
#118209	NEW    cov: 30 ft: 190 corp: 65/1151b lim: 1045 exec/s: 0 rss: 35Mb L: 23/34 MS: 1 ShuffleBytes-
#118380	NEW    cov: 32 ft: 200 corp: 66/1174b lim: 1045 exec/s: 0 rss: 35Mb L: 23/34 MS: 1 CopyPart-
#118486	NEW    cov: 32 ft: 201 corp: 67/1197b lim: 1045 exec/s: 0 rss: 35Mb L: 23/34 MS: 1 CopyPart-
#119127	NEW    cov: 32 ft: 202 corp: 68/1220b lim: 1045 exec/s: 0 rss: 35Mb L: 23/34 MS: 1 ShuffleBytes-
#119193	NEW    cov: 32 ft: 204 corp: 69/1243b lim: 1045 exec/s: 0 rss: 35Mb L: 23/34 MS: 1 ChangeBit-
#119264	NEW    cov: 32 ft: 205 corp: 70/1266b lim: 1045 exec/s: 0 rss: 35Mb L: 23/34 MS: 1 ShuffleBytes-
#119285	NEW    cov: 32 ft: 207 corp: 71/1289b lim: 1045 exec/s: 0 rss: 35Mb L: 23/34 MS: 1 ChangeBit-
#119341	NEW    cov: 33 ft: 208 corp: 72/1312b lim: 1045 exec/s: 0 rss: 35Mb L: 23/34 MS: 1 ChangeBit-
#120592	NEW    cov: 33 ft: 209 corp: 73/1335b lim: 1055 exec/s: 0 rss: 35Mb L: 23/34 MS: 1 ChangeBit-
#120791	REDUCE cov: 33 ft: 209 corp: 73/1333b lim: 1055 exec/s: 0 rss: 35Mb L: 21/34 MS: 4 CrossOver-EraseBytes-ChangeBit-ChangeByte-
#121383	NEW    cov: 33 ft: 211 corp: 74/1356b lim: 1055 exec/s: 0 rss: 35Mb L: 23/34 MS: 2 ShuffleBytes-ChangeBit-
#121594	NEW    cov: 33 ft: 212 corp: 75/1379b lim: 1055 exec/s: 0 rss: 35Mb L: 23/34 MS: 1 CopyPart-
#121861	NEW    cov: 33 ft: 213 corp: 76/1402b lim: 1055 exec/s: 0 rss: 35Mb L: 23/34 MS: 2 ChangeASCIIInt-ShuffleBytes-
#123234	REDUCE cov: 33 ft: 213 corp: 76/1398b lim: 1065 exec/s: 0 rss: 35Mb L: 19/34 MS: 3 CopyPart-EraseBytes-PersAutoDict- DE: "\377\377"-
#123585	NEW    cov: 33 ft: 214 corp: 77/1421b lim: 1065 exec/s: 0 rss: 35Mb L: 23/34 MS: 1 ChangeBit-
#124367	NEW    cov: 33 ft: 216 corp: 78/1444b lim: 1065 exec/s: 0 rss: 35Mb L: 23/34 MS: 2 ShuffleBytes-ChangeASCIIInt-
#124988	NEW    cov: 33 ft: 217 corp: 79/1467b lim: 1065 exec/s: 0 rss: 35Mb L: 23/34 MS: 1 CrossOver-
#125940	NEW    cov: 48 ft: 275 corp: 80/1490b lim: 1065 exec/s: 0 rss: 35Mb L: 23/34 MS: 2 CopyPart-ChangeASCIIInt-
#128467	REDUCE cov: 48 ft: 275 corp: 80/1486b lim: 1085 exec/s: 0 rss: 35Mb L: 19/34 MS: 2 EraseBytes-PersAutoDict- DE: "\377\377"-
#129488	NEW    cov: 48 ft: 277 corp: 81/1509b lim: 1095 exec/s: 0 rss: 35Mb L: 23/34 MS: 1 ShuffleBytes-
#130140	NEW    cov: 48 ft: 279 corp: 82/1532b lim: 1095 exec/s: 0 rss: 35Mb L: 23/34 MS: 2 PersAutoDict-CopyPart- DE: "\001\000\000\000"-
#130662	NEW    cov: 48 ft: 284 corp: 83/1555b lim: 1095 exec/s: 0 rss: 35Mb L: 23/34 MS: 2 ChangeASCIIInt-ChangeBinInt-
#131769	NEW    cov: 48 ft: 285 corp: 84/1578b lim: 1105 exec/s: 0 rss: 35Mb L: 23/34 MS: 2 ChangeASCIIInt-ChangeBit-
#139927	NEW    cov: 48 ft: 293 corp: 85/1601b lim: 1185 exec/s: 0 rss: 35Mb L: 23/34 MS: 3 CopyPart-ChangeASCIIInt-ChangeBinInt-
#140821	REDUCE cov: 48 ft: 293 corp: 85/1599b lim: 1185 exec/s: 0 rss: 35Mb L: 21/34 MS: 4 CrossOver-EraseBytes-CrossOver-InsertByte-
#144495	REDUCE cov: 49 ft: 298 corp: 86/1620b lim: 1215 exec/s: 0 rss: 35Mb L: 21/34 MS: 4 CopyPart-ShuffleBytes-CrossOver-ChangeByte-
#147981	NEW    cov: 49 ft: 299 corp: 87/1641b lim: 1245 exec/s: 0 rss: 35Mb L: 21/34 MS: 1 ChangeASCIIInt-
#148832	NEW    cov: 49 ft: 300 corp: 88/1662b lim: 1245 exec/s: 0 rss: 35Mb L: 21/34 MS: 1 ChangeBit-
#149183	NEW    cov: 49 ft: 302 corp: 89/1683b lim: 1245 exec/s: 0 rss: 35Mb L: 21/34 MS: 1 ChangeASCIIInt-
#149799	NEW    cov: 49 ft: 303 corp: 90/1704b lim: 1245 exec/s: 0 rss: 35Mb L: 21/34 MS: 1 CopyPart-
#149830	NEW    cov: 49 ft: 304 corp: 91/1725b lim: 1245 exec/s: 0 rss: 35Mb L: 21/34 MS: 1 ChangeASCIIInt-
#151566	NEW    cov: 49 ft: 305 corp: 92/1746b lim: 1255 exec/s: 0 rss: 35Mb L: 21/34 MS: 1 ShuffleBytes-
#151817	NEW    cov: 49 ft: 306 corp: 93/1769b lim: 1255 exec/s: 0 rss: 35Mb L: 23/34 MS: 1 ChangeASCIIInt-
#152558	NEW    cov: 49 ft: 308 corp: 94/1790b lim: 1255 exec/s: 0 rss: 35Mb L: 21/34 MS: 1 ChangeASCIIInt-
#153026	NEW    cov: 49 ft: 309 corp: 95/1811b lim: 1255 exec/s: 0 rss: 35Mb L: 21/34 MS: 3 ChangeBinInt-CopyPart-ShuffleBytes-
#153612	NEW    cov: 49 ft: 311 corp: 96/1832b lim: 1255 exec/s: 0 rss: 35Mb L: 21/34 MS: 1 ShuffleBytes-
#155683	NEW    cov: 49 ft: 312 corp: 97/1855b lim: 1275 exec/s: 0 rss: 35Mb L: 23/34 MS: 1 ChangeBinInt-
#156199	NEW    cov: 49 ft: 313 corp: 98/1876b lim: 1275 exec/s: 0 rss: 35Mb L: 21/34 MS: 1 ChangeASCIIInt-
#162411	NEW    cov: 49 ft: 314 corp: 99/1897b lim: 1335 exec/s: 0 rss: 35Mb L: 21/34 MS: 2 ChangeBit-ChangeASCIIInt-
#164582	NEW    cov: 49 ft: 315 corp: 100/1918b lim: 1355 exec/s: 0 rss: 35Mb L: 21/34 MS: 1 ChangeASCIIInt-
#165009	NEW    cov: 49 ft: 316 corp: 101/1939b lim: 1355 exec/s: 0 rss: 35Mb L: 21/34 MS: 2 ChangeASCIIInt-ChangeASCIIInt-
#166510	NEW    cov: 49 ft: 317 corp: 102/1960b lim: 1365 exec/s: 0 rss: 35Mb L: 21/34 MS: 1 ChangeBit-
#167654	REDUCE cov: 49 ft: 317 corp: 102/1956b lim: 1375 exec/s: 0 rss: 35Mb L: 17/34 MS: 4 PersAutoDict-ChangeBinInt-ChangeBit-EraseBytes- DE: "\377\377"-
#168320	NEW    cov: 49 ft: 319 corp: 103/1979b lim: 1375 exec/s: 0 rss: 35Mb L: 23/34 MS: 1 ChangeBit-
#172553	NEW    cov: 49 ft: 320 corp: 104/2000b lim: 1415 exec/s: 0 rss: 35Mb L: 21/34 MS: 3 CopyPart-CrossOver-CrossOver-
#176149	NEW    cov: 49 ft: 321 corp: 105/2021b lim: 1445 exec/s: 0 rss: 35Mb L: 21/34 MS: 1 ChangeBit-
#179985	NEW    cov: 49 ft: 322 corp: 106/2042b lim: 1475 exec/s: 0 rss: 35Mb L: 21/34 MS: 1 ChangeASCIIInt-
#180449	NEW    cov: 50 ft: 325 corp: 107/2065b lim: 1475 exec/s: 0 rss: 35Mb L: 23/34 MS: 4 ChangeBit-ShuffleBytes-ChangeByte-ChangeBinInt-
#181875	NEW    cov: 50 ft: 326 corp: 108/2086b lim: 1485 exec/s: 0 rss: 35Mb L: 21/34 MS: 1 ChangeASCIIInt-
#189074	REDUCE cov: 50 ft: 326 corp: 108/2084b lim: 1555 exec/s: 0 rss: 35Mb L: 19/34 MS: 4 EraseBytes-EraseBytes-ChangeBinInt-InsertByte-
#189471	REDUCE cov: 50 ft: 327 corp: 109/2105b lim: 1555 exec/s: 0 rss: 35Mb L: 21/34 MS: 2 CopyPart-ChangeByte-
#189987	NEW    cov: 50 ft: 328 corp: 110/2126b lim: 1555 exec/s: 0 rss: 35Mb L: 21/34 MS: 1 ShuffleBytes-
#191569	NEW    cov: 50 ft: 329 corp: 111/2147b lim: 1565 exec/s: 0 rss: 35Mb L: 21/34 MS: 2 ChangeASCIIInt-ChangeBit-
#195440	REDUCE cov: 50 ft: 330 corp: 112/2166b lim: 1595 exec/s: 0 rss: 35Mb L: 19/34 MS: 1 ChangeASCIIInt-
#201647	NEW    cov: 50 ft: 331 corp: 113/2185b lim: 1655 exec/s: 0 rss: 35Mb L: 19/34 MS: 2 ChangeBinInt-CrossOver-
#208560	NEW    cov: 50 ft: 332 corp: 114/2208b lim: 1715 exec/s: 0 rss: 35Mb L: 23/34 MS: 3 CMP-ChangeASCIIInt-ChangeByte- DE: "\001k"-
#213161	REDUCE cov: 50 ft: 333 corp: 115/2227b lim: 1755 exec/s: 0 rss: 35Mb L: 19/34 MS: 1 ChangeBit-
#216254	NEW    cov: 50 ft: 334 corp: 116/2246b lim: 1785 exec/s: 0 rss: 35Mb L: 19/34 MS: 3 CopyPart-ChangeBit-ChangeBinInt-
#217525	NEW    cov: 50 ft: 335 corp: 117/2265b lim: 1795 exec/s: 0 rss: 35Mb L: 19/34 MS: 1 ChangeASCIIInt-
#221247	REDUCE cov: 50 ft: 335 corp: 117/2263b lim: 1825 exec/s: 0 rss: 35Mb L: 21/34 MS: 2 ChangeBit-EraseBytes-
#222533	NEW    cov: 50 ft: 336 corp: 118/2286b lim: 1835 exec/s: 0 rss: 35Mb L: 23/34 MS: 1 ChangeBit-
#228576	NEW    cov: 50 ft: 339 corp: 119/2309b lim: 1895 exec/s: 0 rss: 35Mb L: 23/34 MS: 3 CopyPart-ChangeASCIIInt-ChangeASCIIInt-
#231992	NEW    cov: 50 ft: 341 corp: 120/2332b lim: 1925 exec/s: 0 rss: 35Mb L: 23/34 MS: 1 ChangeBit-
#235959	NEW    cov: 50 ft: 342 corp: 121/2351b lim: 1955 exec/s: 0 rss: 35Mb L: 19/34 MS: 2 ChangeBinInt-ShuffleBytes-
#236347	REDUCE cov: 50 ft: 342 corp: 121/2347b lim: 1955 exec/s: 0 rss: 35Mb L: 15/34 MS: 3 EraseBytes-ShuffleBytes-ChangeBinInt-
#255319	NEW    cov: 50 ft: 343 corp: 122/2366b lim: 2143 exec/s: 0 rss: 35Mb L: 19/34 MS: 2 ChangeBit-ChangeByte-
#257051	REDUCE cov: 50 ft: 343 corp: 122/2365b lim: 2154 exec/s: 0 rss: 35Mb L: 18/34 MS: 2 EraseBytes-CMP- DE: "\377\377\3774"-
#258054	REDUCE cov: 50 ft: 345 corp: 123/2387b lim: 2154 exec/s: 0 rss: 35Mb L: 22/34 MS: 3 ChangeASCIIInt-PersAutoDict-PersAutoDict- DE: "\377\377"-"\001\000\000\000"-
#263313	NEW    cov: 50 ft: 346 corp: 124/2407b lim: 2198 exec/s: 0 rss: 35Mb L: 20/34 MS: 4 InsertByte-ChangeBinInt-ChangeBinInt-EraseBytes-
#268122	REDUCE cov: 50 ft: 346 corp: 124/2406b lim: 2242 exec/s: 0 rss: 35Mb L: 17/34 MS: 4 InsertByte-CMP-ChangeASCIIInt-EraseBytes- DE: "\001\000\0002"-
#268631	REDUCE cov: 50 ft: 346 corp: 124/2404b lim: 2242 exec/s: 0 rss: 35Mb L: 20/34 MS: 4 CrossOver-EraseBytes-ChangeASCIIInt-ChangeByte-
#271022	REDUCE cov: 50 ft: 346 corp: 124/2402b lim: 2264 exec/s: 0 rss: 35Mb L: 15/34 MS: 1 EraseBytes-
#272240	REDUCE cov: 50 ft: 347 corp: 125/2418b lim: 2275 exec/s: 0 rss: 35Mb L: 16/34 MS: 3 ChangeByte-InsertByte-CrossOver-
#273137	REDUCE cov: 50 ft: 347 corp: 125/2417b lim: 2275 exec/s: 0 rss: 35Mb L: 15/34 MS: 2 InsertByte-EraseBytes-
#297645	REDUCE cov: 50 ft: 347 corp: 125/2415b lim: 2517 exec/s: 0 rss: 36Mb L: 19/34 MS: 3 CopyPart-ChangeByte-EraseBytes-
#309956	NEW    cov: 50 ft: 348 corp: 126/2434b lim: 2638 exec/s: 0 rss: 36Mb L: 19/34 MS: 1 CopyPart-
#311517	NEW    cov: 50 ft: 349 corp: 127/2453b lim: 2649 exec/s: 0 rss: 36Mb L: 19/34 MS: 1 ChangeBit-
#314149	NEW    cov: 50 ft: 350 corp: 128/2472b lim: 2671 exec/s: 0 rss: 36Mb L: 19/34 MS: 2 ChangeBinInt-ChangeASCIIInt-
#317015	NEW    cov: 50 ft: 351 corp: 129/2491b lim: 2693 exec/s: 0 rss: 36Mb L: 19/34 MS: 1 ChangeASCIIInt-
#317221	NEW    cov: 50 ft: 352 corp: 130/2510b lim: 2693 exec/s: 0 rss: 36Mb L: 19/34 MS: 1 ChangeASCIIInt-
#318242	NEW    cov: 50 ft: 353 corp: 131/2529b lim: 2693 exec/s: 0 rss: 36Mb L: 19/34 MS: 1 ShuffleBytes-
#326003	NEW    cov: 50 ft: 354 corp: 132/2548b lim: 2770 exec/s: 0 rss: 36Mb L: 19/34 MS: 1 ChangeBinInt-
#335199	NEW    cov: 50 ft: 356 corp: 133/2571b lim: 2858 exec/s: 0 rss: 36Mb L: 23/34 MS: 1 ChangeByte-
#336402	REDUCE cov: 50 ft: 356 corp: 133/2569b lim: 2869 exec/s: 0 rss: 36Mb L: 21/34 MS: 3 PersAutoDict-EraseBytes-ChangeByte- DE: "\001k"-
#346856	REDUCE cov: 50 ft: 356 corp: 133/2567b lim: 2968 exec/s: 0 rss: 36Mb L: 19/34 MS: 4 ChangeByte-ChangeASCIIInt-InsertByte-EraseBytes-
#351567	NEW    cov: 50 ft: 357 corp: 134/2586b lim: 3012 exec/s: 0 rss: 36Mb L: 19/34 MS: 1 ChangeBinInt-
#372489	REDUCE cov: 50 ft: 357 corp: 134/2584b lim: 3210 exec/s: 0 rss: 36Mb L: 17/34 MS: 2 EraseBytes-ChangeByte-
#374469	REDUCE cov: 50 ft: 357 corp: 134/2582b lim: 3221 exec/s: 0 rss: 36Mb L: 21/34 MS: 5 CopyPart-ChangeBit-InsertByte-CMP-EraseBytes- DE: "3\000"-
#376951	NEW    cov: 50 ft: 361 corp: 135/2605b lim: 3243 exec/s: 0 rss: 36Mb L: 23/34 MS: 2 ChangeBinInt-ChangeASCIIInt-
#384128	NEW    cov: 50 ft: 362 corp: 136/2628b lim: 3309 exec/s: 0 rss: 36Mb L: 23/34 MS: 2 ChangeBinInt-ChangeBit-
#385149	NEW    cov: 50 ft: 363 corp: 137/2647b lim: 3309 exec/s: 0 rss: 36Mb L: 19/34 MS: 1 ChangeByte-
#385400	NEW    cov: 50 ft: 364 corp: 138/2666b lim: 3309 exec/s: 0 rss: 36Mb L: 19/34 MS: 1 ChangeByte-
#386450	NEW    cov: 50 ft: 366 corp: 139/2687b lim: 3309 exec/s: 0 rss: 36Mb L: 21/34 MS: 5 ChangeBit-InsertByte-InsertRepeatedBytes-EraseBytes-EraseBytes-
#392666	NEW    cov: 50 ft: 367 corp: 140/2706b lim: 3364 exec/s: 0 rss: 36Mb L: 19/34 MS: 1 CopyPart-
#393742	NEW    cov: 50 ft: 368 corp: 141/2725b lim: 3364 exec/s: 0 rss: 36Mb L: 19/34 MS: 1 CopyPart-
#394325	REDUCE cov: 50 ft: 368 corp: 141/2723b lim: 3364 exec/s: 0 rss: 36Mb L: 18/34 MS: 3 ChangeByte-EraseBytes-PersAutoDict- DE: "\377\377"-
#395262	NEW    cov: 50 ft: 369 corp: 142/2742b lim: 3364 exec/s: 0 rss: 36Mb L: 19/34 MS: 2 ShuffleBytes-ChangeASCIIInt-
#396020	NEW    cov: 50 ft: 370 corp: 143/2761b lim: 3364 exec/s: 0 rss: 36Mb L: 19/34 MS: 3 ChangeASCIIInt-PersAutoDict-ShuffleBytes- DE: "3\000"-
#397621	NEW    cov: 50 ft: 372 corp: 144/2780b lim: 3375 exec/s: 0 rss: 36Mb L: 19/34 MS: 1 CrossOver-
#400784	REDUCE cov: 50 ft: 372 corp: 144/2778b lim: 3397 exec/s: 0 rss: 36Mb L: 19/34 MS: 3 CrossOver-PersAutoDict-EraseBytes- DE: "\377\377"-
#401080	NEW    cov: 50 ft: 373 corp: 145/2797b lim: 3397 exec/s: 0 rss: 36Mb L: 19/34 MS: 1 ShuffleBytes-
#402399	NEW    cov: 50 ft: 374 corp: 146/2816b lim: 3408 exec/s: 402399 rss: 36Mb L: 19/34 MS: 4 ChangeASCIIInt-CopyPart-ChangeASCIIInt-ChangeByte-
#404836	NEW    cov: 50 ft: 375 corp: 147/2835b lim: 3430 exec/s: 404836 rss: 36Mb L: 19/34 MS: 1 ChangeASCIIInt-
#418227	NEW    cov: 50 ft: 376 corp: 148/2854b lim: 3562 exec/s: 418227 rss: 36Mb L: 19/34 MS: 1 ChangeBit-
#429128	NEW    cov: 50 ft: 377 corp: 149/2877b lim: 3661 exec/s: 429128 rss: 36Mb L: 23/34 MS: 1 ChangeBit-
#437360	REDUCE cov: 50 ft: 377 corp: 149/2875b lim: 3738 exec/s: 437360 rss: 36Mb L: 17/34 MS: 2 ChangeBit-EraseBytes-
#442972	REDUCE cov: 50 ft: 377 corp: 149/2873b lim: 3793 exec/s: 442972 rss: 36Mb L: 19/34 MS: 2 EraseBytes-ChangeBit-
#462583	NEW    cov: 50 ft: 378 corp: 150/2892b lim: 3980 exec/s: 462583 rss: 36Mb L: 19/34 MS: 1 CMP- DE: "3\000"-
#464899	NEW    cov: 50 ft: 379 corp: 151/2911b lim: 4002 exec/s: 464899 rss: 36Mb L: 19/34 MS: 1 ChangeASCIIInt-
#465086	REDUCE cov: 50 ft: 379 corp: 151/2907b lim: 4002 exec/s: 465086 rss: 36Mb L: 15/34 MS: 2 PersAutoDict-EraseBytes- DE: "\377\377\3774"-
#476437	NEW    cov: 50 ft: 380 corp: 152/2926b lim: 4096 exec/s: 476437 rss: 36Mb L: 19/34 MS: 1 ChangeASCIIInt-
#486265	REDUCE cov: 50 ft: 380 corp: 152/2922b lim: 4096 exec/s: 486265 rss: 36Mb L: 15/34 MS: 3 ChangeByte-ChangeBinInt-EraseBytes-
#496107	REDUCE cov: 50 ft: 380 corp: 152/2920b lim: 4096 exec/s: 496107 rss: 36Mb L: 17/34 MS: 2 EraseBytes-InsertByte-
#499519	REDUCE cov: 50 ft: 380 corp: 152/2918b lim: 4096 exec/s: 499519 rss: 36Mb L: 19/34 MS: 2 EraseBytes-ChangeBinInt-
#505200	NEW    cov: 50 ft: 382 corp: 153/2941b lim: 4096 exec/s: 505200 rss: 36Mb L: 23/34 MS: 1 ChangeByte-
#508952	REDUCE cov: 50 ft: 382 corp: 153/2939b lim: 4096 exec/s: 508952 rss: 36Mb L: 17/34 MS: 2 EraseBytes-InsertRepeatedBytes-
#513317	NEW    cov: 50 ft: 383 corp: 154/2962b lim: 4096 exec/s: 513317 rss: 36Mb L: 23/34 MS: 5 ChangeBit-ChangeBit-CMP-ChangeBinInt-ShuffleBytes- DE: "\000\000"-
#513928	REDUCE cov: 50 ft: 383 corp: 154/2955b lim: 4096 exec/s: 513928 rss: 36Mb L: 16/34 MS: 1 EraseBytes-
#514267	NEW    cov: 50 ft: 384 corp: 155/2978b lim: 4096 exec/s: 514267 rss: 36Mb L: 23/34 MS: 4 ShuffleBytes-InsertRepeatedBytes-ChangeByte-EraseBytes-
#517227	REDUCE cov: 50 ft: 384 corp: 155/2977b lim: 4096 exec/s: 517227 rss: 36Mb L: 15/34 MS: 5 ChangeBit-ShuffleBytes-ChangeASCIIInt-InsertByte-EraseBytes-
#526578	NEW    cov: 50 ft: 385 corp: 156/3000b lim: 4096 exec/s: 526578 rss: 36Mb L: 23/34 MS: 1 ChangeBit-
#544629	NEW    cov: 50 ft: 386 corp: 157/3023b lim: 4096 exec/s: 544629 rss: 36Mb L: 23/34 MS: 1 CrossOver-
#571871	REDUCE cov: 50 ft: 386 corp: 157/3021b lim: 4096 exec/s: 571871 rss: 36Mb L: 17/34 MS: 2 ChangeBinInt-EraseBytes-
#593610	NEW    cov: 50 ft: 387 corp: 158/3044b lim: 4096 exec/s: 593610 rss: 36Mb L: 23/34 MS: 4 ChangeASCIIInt-ChangeASCIIInt-ChangeASCIIInt-ChangeASCIIInt-
#640348	REDUCE cov: 50 ft: 387 corp: 158/3042b lim: 4096 exec/s: 640348 rss: 36Mb L: 19/34 MS: 3 CrossOver-ShuffleBytes-EraseBytes-
#674265	REDUCE cov: 50 ft: 387 corp: 158/3040b lim: 4096 exec/s: 674265 rss: 36Mb L: 19/34 MS: 2 CrossOver-EraseBytes-
#675819	REDUCE cov: 50 ft: 387 corp: 158/3038b lim: 4096 exec/s: 675819 rss: 36Mb L: 19/34 MS: 4 InsertByte-EraseBytes-EraseBytes-InsertByte-
#698764	REDUCE cov: 50 ft: 387 corp: 158/3036b lim: 4096 exec/s: 698764 rss: 36Mb L: 19/34 MS: 5 CrossOver-ChangeByte-ChangeBit-EraseBytes-EraseBytes-
#709056	NEW    cov: 50 ft: 388 corp: 159/3055b lim: 4096 exec/s: 709056 rss: 36Mb L: 19/34 MS: 2 ChangeASCIIInt-ChangeBinInt-
#752125	REDUCE cov: 50 ft: 388 corp: 159/3053b lim: 4096 exec/s: 752125 rss: 36Mb L: 19/34 MS: 4 ChangeByte-ShuffleBytes-EraseBytes-EraseBytes-
#752514	REDUCE cov: 50 ft: 388 corp: 159/3051b lim: 4096 exec/s: 752514 rss: 36Mb L: 17/34 MS: 4 ChangeASCIIInt-PersAutoDict-EraseBytes-InsertByte- DE: "\377\377"-
#778431	REDUCE cov: 50 ft: 388 corp: 159/3049b lim: 4096 exec/s: 778431 rss: 36Mb L: 19/34 MS: 2 ChangeByte-EraseBytes-
#816823	REDUCE cov: 50 ft: 388 corp: 159/3047b lim: 4096 exec/s: 816823 rss: 36Mb L: 17/34 MS: 2 CMP-EraseBytes- DE: "\377\377\377`"-
#832775	REDUCE cov: 50 ft: 388 corp: 159/3045b lim: 4096 exec/s: 832775 rss: 36Mb L: 17/34 MS: 2 EraseBytes-ChangeBinInt-
#877417	NEW    cov: 50 ft: 389 corp: 160/3068b lim: 4096 exec/s: 438708 rss: 36Mb L: 23/34 MS: 2 ShuffleBytes-ChangeBit-
#909013	NEW    cov: 50 ft: 390 corp: 161/3091b lim: 4096 exec/s: 454506 rss: 36Mb L: 23/34 MS: 1 ChangeBit-
#930782	REDUCE cov: 50 ft: 390 corp: 161/3087b lim: 4096 exec/s: 465391 rss: 36Mb L: 17/34 MS: 4 PersAutoDict-EraseBytes-ShuffleBytes-PersAutoDict- DE: "3\000"-"\377\377"-
#968500	REDUCE cov: 50 ft: 390 corp: 161/3085b lim: 4096 exec/s: 484250 rss: 36Mb L: 17/34 MS: 3 ChangeBit-InsertByte-EraseBytes-
#992878	REDUCE cov: 50 ft: 390 corp: 161/3083b lim: 4096 exec/s: 496439 rss: 36Mb L: 15/34 MS: 3 EraseBytes-ChangeBinInt-InsertByte-
#1045802	REDUCE cov: 50 ft: 390 corp: 161/3081b lim: 4096 exec/s: 522901 rss: 36Mb L: 17/34 MS: 4 ChangeByte-CrossOver-ChangeByte-EraseBytes-
#1048576	pulse  cov: 50 ft: 390 corp: 161/3081b lim: 4096 exec/s: 524288 rss: 36Mb
#1095746	NEW    cov: 50 ft: 392 corp: 162/3104b lim: 4096 exec/s: 547873 rss: 36Mb L: 23/34 MS: 4 ChangeBinInt-ChangeBit-ChangeBit-ChangeASCIIInt-
#1096573	REDUCE cov: 50 ft: 392 corp: 162/3100b lim: 4096 exec/s: 548286 rss: 36Mb L: 17/34 MS: 2 PersAutoDict-EraseBytes- DE: "\377\377\3774"-
#1114930	REDUCE cov: 50 ft: 392 corp: 162/3098b lim: 4096 exec/s: 557465 rss: 36Mb L: 17/34 MS: 2 EraseBytes-PersAutoDict- DE: "\377\377\377`"-
#1221216	NEW    cov: 50 ft: 393 corp: 163/3121b lim: 4096 exec/s: 610608 rss: 36Mb L: 23/34 MS: 1 ChangeBit-
#1264592	NEW    cov: 50 ft: 394 corp: 164/3144b lim: 4096 exec/s: 632296 rss: 36Mb L: 23/34 MS: 1 ChangeBit-
#1278758	NEW    cov: 50 ft: 395 corp: 165/3167b lim: 4096 exec/s: 639379 rss: 36Mb L: 23/34 MS: 1 ChangeBit-
#1321451	REDUCE cov: 50 ft: 395 corp: 165/3163b lim: 4096 exec/s: 440483 rss: 36Mb L: 17/34 MS: 3 InsertRepeatedBytes-ChangeBinInt-EraseBytes-
#1380655	REDUCE cov: 50 ft: 395 corp: 165/3161b lim: 4096 exec/s: 460218 rss: 36Mb L: 19/34 MS: 4 ChangeBit-ChangeBit-EraseBytes-InsertByte-
#1537716	NEW    cov: 50 ft: 396 corp: 166/3184b lim: 4096 exec/s: 512572 rss: 36Mb L: 23/34 MS: 1 ChangeBit-
#1562503	REDUCE cov: 50 ft: 396 corp: 166/3182b lim: 4096 exec/s: 520834 rss: 36Mb L: 19/34 MS: 2 EraseBytes-ChangeByte-
#1568631	REDUCE cov: 50 ft: 396 corp: 166/3180b lim: 4096 exec/s: 522877 rss: 36Mb L: 17/34 MS: 3 PersAutoDict-ChangeByte-EraseBytes- DE: "\377\377"-
#1637158	REDUCE cov: 50 ft: 396 corp: 166/3178b lim: 4096 exec/s: 545719 rss: 36Mb L: 15/34 MS: 2 ChangeBit-EraseBytes-
#1778055	REDUCE cov: 50 ft: 396 corp: 166/3176b lim: 4096 exec/s: 444513 rss: 36Mb L: 19/34 MS: 2 ChangeByte-EraseBytes-
#1832263	NEW    cov: 50 ft: 397 corp: 167/3195b lim: 4096 exec/s: 458065 rss: 36Mb L: 19/34 MS: 3 ChangeBinInt-ShuffleBytes-ChangeByte-
#1986971	REDUCE cov: 50 ft: 397 corp: 167/3193b lim: 4096 exec/s: 496742 rss: 36Mb L: 17/34 MS: 3 ChangeASCIIInt-ChangeBinInt-EraseBytes-
#1992412	NEW    cov: 50 ft: 399 corp: 168/3216b lim: 4096 exec/s: 498103 rss: 36Mb L: 23/34 MS: 1 ChangeBit-
#2021821	REDUCE cov: 50 ft: 399 corp: 168/3214b lim: 4096 exec/s: 505455 rss: 36Mb L: 17/34 MS: 4 ChangeASCIIInt-EraseBytes-CrossOver-ChangeBinInt-
#2097152	pulse  cov: 50 ft: 399 corp: 168/3214b lim: 4096 exec/s: 524288 rss: 36Mb
#2112045	REDUCE cov: 50 ft: 399 corp: 168/3212b lim: 4096 exec/s: 528011 rss: 36Mb L: 17/34 MS: 4 PersAutoDict-EraseBytes-ChangeASCIIInt-PersAutoDict- DE: "\000\000"-"\377\377\3774"-
#2112937	REDUCE cov: 50 ft: 399 corp: 168/3210b lim: 4096 exec/s: 528234 rss: 36Mb L: 21/34 MS: 2 EraseBytes-InsertByte-
#2137545	REDUCE cov: 50 ft: 399 corp: 168/3208b lim: 4096 exec/s: 534386 rss: 36Mb L: 19/34 MS: 3 ChangeASCIIInt-PersAutoDict-EraseBytes- DE: "\377\377"-
#2289112	REDUCE cov: 50 ft: 399 corp: 168/3206b lim: 4096 exec/s: 457822 rss: 36Mb L: 17/34 MS: 2 EraseBytes-ChangeBinInt-
#2349254	REDUCE cov: 50 ft: 399 corp: 168/3204b lim: 4096 exec/s: 469850 rss: 36Mb L: 19/34 MS: 2 ChangeByte-EraseBytes-
#2566213	REDUCE cov: 50 ft: 399 corp: 168/3202b lim: 4096 exec/s: 513242 rss: 36Mb L: 17/34 MS: 4 ChangeBit-CopyPart-EraseBytes-PersAutoDict- DE: "\377\377"-
#2603358	REDUCE cov: 50 ft: 399 corp: 168/3200b lim: 4096 exec/s: 520671 rss: 36Mb L: 17/34 MS: 5 ChangeBit-ChangeByte-ChangeBit-ShuffleBytes-EraseBytes-
#2617135	REDUCE cov: 50 ft: 399 corp: 168/3198b lim: 4096 exec/s: 523427 rss: 36Mb L: 17/34 MS: 2 EraseBytes-ChangeBit-
#2788119	REDUCE cov: 50 ft: 399 corp: 168/3196b lim: 4096 exec/s: 464686 rss: 36Mb L: 16/34 MS: 4 ShuffleBytes-ChangeASCIIInt-CopyPart-EraseBytes-
#2901743	REDUCE cov: 50 ft: 399 corp: 168/3195b lim: 4096 exec/s: 483623 rss: 36Mb L: 15/34 MS: 4 EraseBytes-CopyPart-CMP-CMP- DE: "\001\000\0009"-"\377\377\377\377\377\377\377\377"-
#2929127	REDUCE cov: 50 ft: 399 corp: 168/3193b lim: 4096 exec/s: 488187 rss: 36Mb L: 17/34 MS: 4 ChangeBit-InsertByte-ChangeBit-EraseBytes-
#2978750	REDUCE cov: 50 ft: 399 corp: 168/3190b lim: 4096 exec/s: 496458 rss: 36Mb L: 16/34 MS: 3 ShuffleBytes-EraseBytes-ChangeBinInt-
#3093927	REDUCE cov: 50 ft: 399 corp: 168/3188b lim: 4096 exec/s: 515654 rss: 36Mb L: 17/34 MS: 2 ChangeBit-EraseBytes-
#3147539	REDUCE cov: 50 ft: 399 corp: 168/3183b lim: 4096 exec/s: 449648 rss: 36Mb L: 18/34 MS: 2 ChangeBinInt-EraseBytes-
#3159427	REDUCE cov: 50 ft: 399 corp: 168/3182b lim: 4096 exec/s: 451346 rss: 36Mb L: 16/34 MS: 3 ChangeBinInt-EraseBytes-InsertByte-
#3174921	REDUCE cov: 50 ft: 399 corp: 168/3180b lim: 4096 exec/s: 453560 rss: 36Mb L: 17/34 MS: 4 ChangeASCIIInt-EraseBytes-ChangeASCIIInt-InsertByte-
#3226134	REDUCE cov: 50 ft: 399 corp: 168/3178b lim: 4096 exec/s: 460876 rss: 36Mb L: 15/34 MS: 3 ChangeBinInt-PersAutoDict-EraseBytes- DE: "\377\377"-
#3232162	REDUCE cov: 50 ft: 399 corp: 168/3176b lim: 4096 exec/s: 461737 rss: 36Mb L: 17/34 MS: 3 CrossOver-InsertByte-EraseBytes-
#3342231	NEW    cov: 50 ft: 400 corp: 169/3199b lim: 4096 exec/s: 477461 rss: 36Mb L: 23/34 MS: 4 EraseBytes-CrossOver-ChangeBinInt-ChangeASCIIInt-
#3345928	NEW    cov: 50 ft: 403 corp: 170/3222b lim: 4096 exec/s: 477989 rss: 36Mb L: 23/34 MS: 2 CrossOver-CrossOver-
#3534667	REDUCE cov: 50 ft: 403 corp: 170/3220b lim: 4096 exec/s: 504952 rss: 36Mb L: 15/34 MS: 4 EraseBytes-ChangeBit-CopyPart-CrossOver-
#3552596	NEW    cov: 50 ft: 406 corp: 171/3243b lim: 4096 exec/s: 507513 rss: 36Mb L: 23/34 MS: 4 ChangeASCIIInt-ChangeBit-ShuffleBytes-CopyPart-
#3561504	REDUCE cov: 50 ft: 406 corp: 171/3241b lim: 4096 exec/s: 445188 rss: 36Mb L: 15/34 MS: 3 EraseBytes-ChangeBit-ChangeBit-
#3599337	NEW    cov: 50 ft: 408 corp: 172/3264b lim: 4096 exec/s: 449917 rss: 36Mb L: 23/34 MS: 3 ShuffleBytes-CopyPart-ChangeASCIIInt-
#3761008	NEW    cov: 50 ft: 409 corp: 173/3287b lim: 4096 exec/s: 470126 rss: 36Mb L: 23/34 MS: 1 ChangeBit-
#3762875	REDUCE cov: 50 ft: 409 corp: 173/3285b lim: 4096 exec/s: 470359 rss: 36Mb L: 17/34 MS: 2 EraseBytes-PersAutoDict- DE: "\377\377"-
#3798646	NEW    cov: 50 ft: 410 corp: 174/3319b lim: 4096 exec/s: 474830 rss: 36Mb L: 34/34 MS: 1 InsertRepeatedBytes-
#3804912	REDUCE cov: 50 ft: 410 corp: 174/3317b lim: 4096 exec/s: 475614 rss: 36Mb L: 32/34 MS: 1 EraseBytes-
#3874869	REDUCE cov: 50 ft: 410 corp: 174/3315b lim: 4096 exec/s: 484358 rss: 36Mb L: 17/34 MS: 2 ChangeBit-EraseBytes-
#3937032	REDUCE cov: 50 ft: 410 corp: 174/3313b lim: 4096 exec/s: 492129 rss: 36Mb L: 19/34 MS: 3 ChangeBit-InsertByte-EraseBytes-
#3958378	NEW    cov: 50 ft: 411 corp: 175/3340b lim: 4096 exec/s: 494797 rss: 36Mb L: 27/34 MS: 1 InsertRepeatedBytes-
#3972235	REDUCE cov: 50 ft: 411 corp: 175/3338b lim: 4096 exec/s: 496529 rss: 36Mb L: 19/34 MS: 2 ChangeByte-EraseBytes-
#4498494	REDUCE cov: 50 ft: 411 corp: 175/3336b lim: 4096 exec/s: 449849 rss: 36Mb L: 17/34 MS: 4 ChangeBinInt-CrossOver-ChangeASCIIInt-EraseBytes-
#5048401	REDUCE cov: 50 ft: 411 corp: 175/3334b lim: 4096 exec/s: 458945 rss: 36Mb L: 17/34 MS: 2 PersAutoDict-EraseBytes- DE: "\377\377\377`"-
#5095358	NEW    cov: 50 ft: 413 corp: 176/3357b lim: 4096 exec/s: 463214 rss: 36Mb L: 23/34 MS: 2 CopyPart-ChangeByte-
#5097494	NEW    cov: 50 ft: 414 corp: 177/3380b lim: 4096 exec/s: 463408 rss: 36Mb L: 23/34 MS: 1 ChangeBit-
#5141395	NEW    cov: 50 ft: 415 corp: 178/3403b lim: 4096 exec/s: 467399 rss: 36Mb L: 23/34 MS: 1 ChangeBit-
#5484901	REDUCE cov: 50 ft: 420 corp: 179/3421b lim: 4096 exec/s: 457075 rss: 36Mb L: 18/34 MS: 1 CopyPart-
#5536174	REDUCE cov: 50 ft: 420 corp: 179/3419b lim: 4096 exec/s: 461347 rss: 36Mb L: 17/34 MS: 3 InsertByte-CrossOver-EraseBytes-
#5552126	REDUCE cov: 50 ft: 420 corp: 179/3417b lim: 4096 exec/s: 462677 rss: 36Mb L: 15/34 MS: 2 EraseBytes-ChangeBit-
#5732249	REDUCE cov: 50 ft: 420 corp: 179/3415b lim: 4096 exec/s: 477687 rss: 36Mb L: 17/34 MS: 3 ChangeByte-PersAutoDict-EraseBytes- DE: "\377\377\3774"-
#6323730	NEW    cov: 50 ft: 421 corp: 180/3438b lim: 4096 exec/s: 451695 rss: 36Mb L: 23/34 MS: 1 ChangeByte-
#6473732	REDUCE cov: 50 ft: 421 corp: 180/3436b lim: 4096 exec/s: 462409 rss: 36Mb L: 17/34 MS: 2 EraseBytes-InsertByte-
#6639601	REDUCE cov: 50 ft: 421 corp: 180/3432b lim: 4096 exec/s: 474257 rss: 36Mb L: 17/34 MS: 4 EraseBytes-InsertByte-ChangeByte-ChangeBit-
#7162964	REDUCE cov: 50 ft: 421 corp: 180/3431b lim: 4096 exec/s: 447685 rss: 36Mb L: 16/34 MS: 3 ChangeByte-ChangeASCIIInt-EraseBytes-
#7254771	REDUCE cov: 50 ft: 421 corp: 180/3429b lim: 4096 exec/s: 453423 rss: 36Mb L: 17/34 MS: 2 EraseBytes-PersAutoDict- DE: "\377\377\3774"-
#7297328	REDUCE cov: 50 ft: 421 corp: 180/3427b lim: 4096 exec/s: 456083 rss: 36Mb L: 17/34 MS: 2 EraseBytes-PersAutoDict- DE: "\377\377\3774"-
#7795710	REDUCE cov: 50 ft: 421 corp: 180/3425b lim: 4096 exec/s: 458571 rss: 36Mb L: 15/34 MS: 2 EraseBytes-InsertByte-
#8050198	REDUCE cov: 50 ft: 421 corp: 180/3424b lim: 4096 exec/s: 447233 rss: 36Mb L: 18/34 MS: 3 ChangeByte-ChangeBit-EraseBytes-
#8312265	REDUCE cov: 50 ft: 421 corp: 180/3423b lim: 4096 exec/s: 461792 rss: 36Mb L: 22/34 MS: 2 ChangeBinInt-EraseBytes-
#8468478	REDUCE cov: 50 ft: 421 corp: 180/3421b lim: 4096 exec/s: 470471 rss: 36Mb L: 17/34 MS: 3 PersAutoDict-ChangeBit-EraseBytes- DE: "\377\377\377`"-
#8630238	REDUCE cov: 50 ft: 427 corp: 181/3453b lim: 4096 exec/s: 454223 rss: 36Mb L: 32/34 MS: 5 CrossOver-CrossOver-CopyPart-CopyPart-EraseBytes-
#8634177	REDUCE cov: 50 ft: 427 corp: 181/3452b lim: 4096 exec/s: 454430 rss: 36Mb L: 15/34 MS: 4 ChangeBit-ChangeByte-ChangeBit-EraseBytes-
#8666385	NEW    cov: 50 ft: 432 corp: 182/3484b lim: 4096 exec/s: 456125 rss: 36Mb L: 32/34 MS: 3 CopyPart-ChangeASCIIInt-CopyPart-
#9107687	REDUCE cov: 50 ft: 432 corp: 182/3482b lim: 4096 exec/s: 455384 rss: 36Mb L: 17/34 MS: 2 InsertByte-EraseBytes-
#9509650	NEW    cov: 50 ft: 434 corp: 183/3514b lim: 4096 exec/s: 452840 rss: 36Mb L: 32/34 MS: 3 CrossOver-CopyPart-CopyPart-
#9557508	NEW    cov: 50 ft: 435 corp: 184/3546b lim: 4096 exec/s: 455119 rss: 36Mb L: 32/34 MS: 3 ChangeBit-ChangeBit-ShuffleBytes-
#10121408	REDUCE cov: 50 ft: 435 corp: 184/3544b lim: 4096 exec/s: 460064 rss: 36Mb L: 19/34 MS: 5 InsertByte-ShuffleBytes-ChangeASCIIInt-EraseBytes-InsertByte-
#10512532	REDUCE cov: 50 ft: 435 corp: 184/3542b lim: 4096 exec/s: 457066 rss: 36Mb L: 17/34 MS: 4 CMP-InsertByte-PersAutoDict-EraseBytes- DE: "B\000\000\000"-"\377\377"-
#10720155	REDUCE cov: 50 ft: 435 corp: 184/3540b lim: 4096 exec/s: 446673 rss: 36Mb L: 17/34 MS: 3 EraseBytes-ChangeASCIIInt-ChangeBinInt-
#11774741	REDUCE cov: 50 ft: 436 corp: 185/3558b lim: 4096 exec/s: 452874 rss: 37Mb L: 18/34 MS: 1 ChangeByte-
#11942933	REDUCE cov: 50 ft: 436 corp: 185/3556b lim: 4096 exec/s: 459343 rss: 37Mb L: 17/34 MS: 2 EraseBytes-ChangeBit-
#12255328	REDUCE cov: 50 ft: 436 corp: 185/3554b lim: 4096 exec/s: 453901 rss: 37Mb L: 19/34 MS: 5 CopyPart-ChangeBit-ShuffleBytes-EraseBytes-ShuffleBytes-
#12280788	REDUCE cov: 50 ft: 436 corp: 185/3552b lim: 4096 exec/s: 454844 rss: 37Mb L: 17/34 MS: 5 CopyPart-ChangeByte-PersAutoDict-PersAutoDict-EraseBytes- DE: "\377\377\3774"-"\000\000"-
#12302165	REDUCE cov: 50 ft: 436 corp: 185/3550b lim: 4096 exec/s: 455635 rss: 37Mb L: 15/34 MS: 2 EraseBytes-ChangeBit-
#12617377	REDUCE cov: 50 ft: 436 corp: 185/3548b lim: 4096 exec/s: 450620 rss: 37Mb L: 15/34 MS: 2 InsertByte-EraseBytes-
#13770044	REDUCE cov: 50 ft: 436 corp: 185/3546b lim: 4096 exec/s: 459001 rss: 37Mb L: 17/34 MS: 2 EraseBytes-ChangeBit-
#15185772	REDUCE cov: 50 ft: 436 corp: 185/3544b lim: 4096 exec/s: 446640 rss: 37Mb L: 17/34 MS: 3 ChangeByte-ChangeByte-EraseBytes-
#15350712	REDUCE cov: 50 ft: 436 corp: 185/3543b lim: 4096 exec/s: 451491 rss: 37Mb L: 17/34 MS: 5 ShuffleBytes-ChangeBinInt-ChangeBit-EraseBytes-ChangeBit-
#15648814	REDUCE cov: 50 ft: 436 corp: 185/3541b lim: 4096 exec/s: 447108 rss: 37Mb L: 17/34 MS: 2 PersAutoDict-EraseBytes- DE: "\377\377\377`"-
#16368150	REDUCE cov: 50 ft: 436 corp: 185/3540b lim: 4096 exec/s: 454670 rss: 37Mb L: 16/34 MS: 1 EraseBytes-
#16443889	REDUCE cov: 50 ft: 436 corp: 185/3538b lim: 4096 exec/s: 456774 rss: 37Mb L: 16/34 MS: 4 EraseBytes-ChangeASCIIInt-ChangeBinInt-InsertByte-
#16777216	pulse  cov: 50 ft: 436 corp: 185/3538b lim: 4096 exec/s: 453438 rss: 37Mb
#17066296	REDUCE cov: 50 ft: 436 corp: 185/3536b lim: 4096 exec/s: 449113 rss: 37Mb L: 15/34 MS: 2 EraseBytes-ChangeByte-
#17761514	REDUCE cov: 50 ft: 436 corp: 185/3534b lim: 4096 exec/s: 455423 rss: 37Mb L: 15/34 MS: 3 EraseBytes-ChangeASCIIInt-ChangeBit-
#18180242	REDUCE cov: 50 ft: 436 corp: 185/3532b lim: 4096 exec/s: 454506 rss: 37Mb L: 15/34 MS: 3 CopyPart-EraseBytes-InsertByte-
#18468679	REDUCE cov: 50 ft: 436 corp: 185/3531b lim: 4096 exec/s: 450455 rss: 37Mb L: 15/34 MS: 2 EraseBytes-PersAutoDict- DE: "\377\377\377\377\377\377\377\377"-
#19115762	REDUCE cov: 50 ft: 436 corp: 185/3529b lim: 4096 exec/s: 455137 rss: 37Mb L: 17/34 MS: 3 EraseBytes-ChangeASCIIInt-InsertByte-
#19606419	REDUCE cov: 50 ft: 436 corp: 185/3528b lim: 4096 exec/s: 445600 rss: 37Mb L: 18/34 MS: 2 EraseBytes-ChangeByte-
#21140711	REDUCE cov: 50 ft: 436 corp: 185/3526b lim: 4096 exec/s: 449802 rss: 37Mb L: 15/34 MS: 2 EraseBytes-ChangeBit-
#22874776	REDUCE cov: 50 ft: 436 corp: 185/3524b lim: 4096 exec/s: 448525 rss: 37Mb L: 17/34 MS: 5 ChangeBit-EraseBytes-ChangeBit-ChangeByte-ChangeASCIIInt-
#23183362	NEW    cov: 50 ft: 437 corp: 186/3547b lim: 4096 exec/s: 445833 rss: 37Mb L: 23/34 MS: 1 CopyPart-
#26444195	REDUCE cov: 50 ft: 437 corp: 186/3545b lim: 4096 exec/s: 448206 rss: 37Mb L: 16/34 MS: 3 CMP-ChangeBinInt-EraseBytes- DE: "\377\377\377f"-
#27416248	NEW    cov: 50 ft: 438 corp: 187/3560b lim: 4096 exec/s: 449446 rss: 37Mb L: 15/34 MS: 3 EraseBytes-ChangeBinInt-ChangeByte-
#29146730	REDUCE cov: 50 ft: 438 corp: 187/3558b lim: 4096 exec/s: 448411 rss: 37Mb L: 15/34 MS: 2 ChangeByte-EraseBytes-
#29958414	REDUCE cov: 50 ft: 438 corp: 187/3556b lim: 4096 exec/s: 447140 rss: 37Mb L: 17/34 MS: 4 CopyPart-EraseBytes-EraseBytes-ChangeByte-
#30736508	NEW    cov: 50 ft: 441 corp: 188/3571b lim: 4096 exec/s: 445456 rss: 37Mb L: 15/34 MS: 4 EraseBytes-ChangeByte-ShuffleBytes-CopyPart-
#31532186	REDUCE cov: 50 ft: 441 corp: 188/3566b lim: 4096 exec/s: 444115 rss: 37Mb L: 18/34 MS: 3 ChangeBinInt-ShuffleBytes-EraseBytes-
#31702651	REDUCE cov: 50 ft: 441 corp: 188/3564b lim: 4096 exec/s: 446516 rss: 37Mb L: 15/34 MS: 5 InsertRepeatedBytes-ChangeBinInt-ChangeBinInt-ChangeBinInt-EraseBytes-
#33554432	pulse  cov: 50 ft: 441 corp: 188/3564b lim: 4096 exec/s: 447392 rss: 37Mb
#34680561	REDUCE cov: 50 ft: 441 corp: 188/3563b lim: 4096 exec/s: 444622 rss: 37Mb L: 15/34 MS: 5 EraseBytes-ChangeBinInt-CopyPart-ShuffleBytes-ChangeByte-
#40307280	REDUCE cov: 50 ft: 441 corp: 188/3559b lim: 4096 exec/s: 447858 rss: 37Mb L: 15/34 MS: 4 PersAutoDict-ChangeByte-EraseBytes-PersAutoDict- DE: "3\000"-"\377\377\377f"-
#49362488	REDUCE cov: 50 ft: 441 corp: 188/3555b lim: 4096 exec/s: 444707 rss: 37Mb L: 19/34 MS: 3 ShuffleBytes-EraseBytes-ChangeBit-
#51178530	REDUCE cov: 50 ft: 441 corp: 188/3553b lim: 4096 exec/s: 445030 rss: 37Mb L: 15/34 MS: 2 EraseBytes-ChangeBit-
#52533212	REDUCE cov: 50 ft: 441 corp: 188/3551b lim: 4096 exec/s: 445196 rss: 37Mb L: 15/34 MS: 2 EraseBytes-ChangeBit-
#54572705	REDUCE cov: 50 ft: 441 corp: 188/3549b lim: 4096 exec/s: 443680 rss: 37Mb L: 17/34 MS: 3 ChangeByte-EraseBytes-PersAutoDict- DE: "\377\377"-
#57131332	REDUCE cov: 50 ft: 441 corp: 188/3547b lim: 4096 exec/s: 446338 rss: 37Mb L: 15/34 MS: 2 PersAutoDict-EraseBytes- DE: "\377\377\377\377\377\377\377\377"-
#57232140	REDUCE cov: 50 ft: 441 corp: 188/3543b lim: 4096 exec/s: 443660 rss: 37Mb L: 19/34 MS: 3 ChangeBit-CopyPart-EraseBytes-
#66437762	REDUCE cov: 50 ft: 441 corp: 188/3541b lim: 4096 exec/s: 442918 rss: 37Mb L: 15/34 MS: 2 EraseBytes-ChangeBit-
#67108864	pulse  cov: 50 ft: 441 corp: 188/3541b lim: 4096 exec/s: 444429 rss: 37Mb
#68679256	REDUCE cov: 50 ft: 441 corp: 188/3539b lim: 4096 exec/s: 443091 rss: 37Mb L: 15/34 MS: 4 ChangeBit-EraseBytes-PersAutoDict-ChangeByte- DE: "\377\377"-
#70153746	REDUCE cov: 50 ft: 441 corp: 188/3535b lim: 4096 exec/s: 444011 rss: 37Mb L: 19/34 MS: 5 InsertByte-EraseBytes-ChangeBit-CopyPart-ChangeASCIIInt-
#71763784	REDUCE cov: 50 ft: 441 corp: 188/3534b lim: 4096 exec/s: 442986 rss: 37Mb L: 15/34 MS: 3 ChangeBit-EraseBytes-CopyPart-
#77403133	REDUCE cov: 50 ft: 441 corp: 188/3532b lim: 4096 exec/s: 442303 rss: 37Mb L: 21/34 MS: 4 CopyPart-EraseBytes-ChangeBit-ChangeBit-
#79315951	REDUCE cov: 50 ft: 441 corp: 188/3530b lim: 4096 exec/s: 443105 rss: 37Mb L: 15/34 MS: 3 ChangeBinInt-ChangeBit-EraseBytes-
#88412670	REDUCE cov: 50 ft: 441 corp: 188/3529b lim: 4096 exec/s: 442063 rss: 37Mb L: 16/34 MS: 4 ChangeBit-ChangeBit-EraseBytes-ChangeBinInt-
#89679307	REDUCE cov: 50 ft: 441 corp: 188/3527b lim: 4096 exec/s: 443956 rss: 37Mb L: 15/34 MS: 2 ChangeBit-EraseBytes-
#93205105	REDUCE cov: 50 ft: 441 corp: 188/3523b lim: 4096 exec/s: 443833 rss: 37Mb L: 19/34 MS: 3 ChangeBit-EraseBytes-ChangeBit-
#95222938	REDUCE cov: 50 ft: 441 corp: 188/3522b lim: 4096 exec/s: 442897 rss: 37Mb L: 16/34 MS: 3 ChangeBinInt-ChangeASCIIInt-EraseBytes-
#96871772	NEW    cov: 50 ft: 442 corp: 189/3543b lim: 4096 exec/s: 442336 rss: 37Mb L: 21/34 MS: 4 ChangeBit-ChangeByte-CrossOver-EraseBytes-
#100609739	REDUCE cov: 50 ft: 442 corp: 189/3542b lim: 4096 exec/s: 443214 rss: 37Mb L: 16/34 MS: 2 ChangeBinInt-EraseBytes-
#102511363	REDUCE cov: 50 ft: 442 corp: 189/3540b lim: 4096 exec/s: 441859 rss: 37Mb L: 15/34 MS: 4 PersAutoDict-CrossOver-InsertByte-EraseBytes- DE: "\377\377\377\377\377\377\377\377"-
#103030037	REDUCE cov: 50 ft: 442 corp: 189/3538b lim: 4096 exec/s: 442189 rss: 37Mb L: 19/34 MS: 4 InsertByte-EraseBytes-ChangeByte-CopyPart-
#104425834	REDUCE cov: 50 ft: 442 corp: 189/3536b lim: 4096 exec/s: 442482 rss: 37Mb L: 15/34 MS: 2 EraseBytes-ChangeBit-
#109161256	REDUCE cov: 50 ft: 442 corp: 189/3535b lim: 4096 exec/s: 441948 rss: 37Mb L: 16/34 MS: 2 ChangeByte-EraseBytes-
#109815083	REDUCE cov: 50 ft: 442 corp: 189/3534b lim: 4096 exec/s: 442802 rss: 37Mb L: 16/34 MS: 2 CMP-EraseBytes- DE: "e\000"-
#109980768	REDUCE cov: 50 ft: 442 corp: 189/3531b lim: 4096 exec/s: 443470 rss: 37Mb L: 20/34 MS: 5 EraseBytes-CopyPart-ChangeBit-CopyPart-CopyPart-
#112127860	REDUCE cov: 50 ft: 442 corp: 189/3529b lim: 4096 exec/s: 443193 rss: 37Mb L: 15/34 MS: 2 EraseBytes-ChangeBit-
#113086752	REDUCE cov: 50 ft: 442 corp: 189/3528b lim: 4096 exec/s: 443477 rss: 37Mb L: 18/34 MS: 2 ChangeBinInt-EraseBytes-
#113484106	REDUCE cov: 50 ft: 442 corp: 189/3523b lim: 4096 exec/s: 443297 rss: 37Mb L: 18/34 MS: 4 EraseBytes-EraseBytes-CopyPart-ChangeBinInt-
#114202529	REDUCE cov: 50 ft: 442 corp: 189/3522b lim: 4096 exec/s: 442645 rss: 37Mb L: 15/34 MS: 3 EraseBytes-ChangeBinInt-CopyPart-
#115021458	REDUCE cov: 50 ft: 442 corp: 189/3520b lim: 4096 exec/s: 442390 rss: 37Mb L: 17/34 MS: 4 EraseBytes-InsertByte-ChangeByte-CopyPart-
#115960426	REDUCE cov: 50 ft: 442 corp: 189/3518b lim: 4096 exec/s: 442597 rss: 37Mb L: 15/34 MS: 3 ShuffleBytes-ChangeBit-EraseBytes-
#119595864	REDUCE cov: 50 ft: 442 corp: 189/3516b lim: 4096 exec/s: 442947 rss: 37Mb L: 15/34 MS: 3 CopyPart-EraseBytes-ChangeBinInt-
#119612471	REDUCE cov: 50 ft: 442 corp: 189/3514b lim: 4096 exec/s: 443009 rss: 37Mb L: 19/34 MS: 2 ChangeBit-EraseBytes-
#119914193	REDUCE cov: 50 ft: 442 corp: 189/3512b lim: 4096 exec/s: 442487 rss: 37Mb L: 15/34 MS: 2 ChangeByte-EraseBytes-
#124761945	REDUCE cov: 50 ft: 442 corp: 189/3510b lim: 4096 exec/s: 442418 rss: 37Mb L: 15/34 MS: 2 EraseBytes-ChangeBit-
panic: found special char in iban [recovered]
	panic: found special char in iban

goroutine 17 [running, locked to thread]:
git.ultraware.nl/iddinkgroep/fundament-api.Fuzz.func1()
	git.ultraware.nl/iddinkgroep/fundament-api/fuzz.go:19 +0xa5
panic({0x55fa74792760?, 0x55fa747a5c70?})
	runtime/panic.go:914 +0x21f
git.ultraware.nl/iddinkgroep/fundament-api.Fuzz({0xc00031a0d8, 0x18})
	git.ultraware.nl/iddinkgroep/fundament-api/fuzz.go:34 +0x2b9
git.ultraware.nl/iddinkgroep/fundament-api.Fuzz_(...)
	git.ultraware.nl/iddinkgroep/fundament-api/fuzz.1527825026.go:6
main.LLVMFuzzerTestOneInput(...)
	./main.170485750.go:21
==20137== ERROR: libFuzzer: deadly signal
    #0 0x55fa746b5630 in __sanitizer_print_stack_trace (/seedai/experiments/libfuzzer/source_iban/libfuzzer+0xaf630) (BuildId: 688cb25bec4564588da2a67f6a2b25148a0fd5d4)
    #1 0x55fa74681755 in fuzzer::PrintStackTrace() (/seedai/experiments/libfuzzer/source_iban/libfuzzer+0x7b755) (BuildId: 688cb25bec4564588da2a67f6a2b25148a0fd5d4)
    #2 0x55fa746603a9 in fuzzer::Fuzzer::CrashCallback() (.part.0) FuzzerLoop.cpp.o
    #3 0x55fa7466046a in fuzzer::Fuzzer::StaticCrashSignalCallback() (/seedai/experiments/libfuzzer/source_iban/libfuzzer+0x5a46a) (BuildId: 688cb25bec4564588da2a67f6a2b25148a0fd5d4)
    #4 0x7fc8b6fff70f  (/usr/lib/libc.so.6+0x3e70f) (BuildId: 316d0d3666387f0e8fb98773f51aa1801027c5ab)
    #5 0x55fa74715160 in runtime.raise.abi0 runtime/sys_linux_amd64.s:153

NOTE: libFuzzer has rudimentary signal handlers.
      Combine libFuzzer with AddressSanitizer or similar for better crash reports.
SUMMARY: libFuzzer: deadly signal
MS: 3 ShuffleBytes-ChangeBit-InsertByte-; base unit: a23f99172accae8dee68f5b1b6eb393d690b2225
0x49,0x6b,0x31,0xc4,0xb1,0x31,0x59,0x6b,0x32,0x32,0x72,0x32,0x31,0x32,0x6b,0x32,0x32,0x32,0x72,0x32,0x31,0x32,0x6b,0x36,
Ik1\304\2611Yk22r212k222r212k6
artifact_prefix='./'; Test unit written to ./crash-7a4343e7565eaf60a0debe99fddc443ca83edb9c
Base64: SWsxxLExWWsyMnIyMTJrMjIycjIxMms2
