INFO: Running with entropic power schedule (0xFF, 100).
INFO: Seed: 3599546714
INFO: Loaded 1 modules   (70 inline 8-bit counters): 70 [0x5590a2750030, 0x5590a2750076), 
INFO: Loaded 1 PC tables (70 PCs): 70 [0xc000068000,0xc000068460), 
INFO:       10 files found in corpus
INFO: -max_len is not provided; libFuzzer will not generate inputs larger than 4096 bytes
INFO: seed corpus: files: 10 min: 8b max: 666b total: 2950b rss: 29Mb
#11	INITED cov: 29 ft: 79 corp: 2/36b exec/s: 0 rss: 29Mb
#12	NEW    cov: 29 ft: 83 corp: 3/64b lim: 28 exec/s: 0 rss: 29Mb L: 28/28 MS: 1 ShuffleBytes-
#13	NEW    cov: 29 ft: 86 corp: 4/69b lim: 28 exec/s: 0 rss: 29Mb L: 5/28 MS: 1 EraseBytes-
#15	NEW    cov: 29 ft: 94 corp: 5/97b lim: 28 exec/s: 0 rss: 29Mb L: 28/28 MS: 2 ShuffleBytes-ChangeASCIIInt-
#17	NEW    cov: 30 ft: 99 corp: 6/117b lim: 28 exec/s: 0 rss: 30Mb L: 20/28 MS: 2 ShuffleBytes-InsertRepeatedBytes-
#25	NEW    cov: 30 ft: 100 corp: 7/123b lim: 28 exec/s: 0 rss: 30Mb L: 6/28 MS: 3 InsertByte-ChangeBit-EraseBytes-
#32	NEW    cov: 30 ft: 102 corp: 8/138b lim: 28 exec/s: 0 rss: 30Mb L: 15/28 MS: 2 ShuffleBytes-CrossOver-
#43	NEW    cov: 31 ft: 105 corp: 9/166b lim: 28 exec/s: 0 rss: 30Mb L: 28/28 MS: 1 ChangeBit-
#44	NEW    cov: 32 ft: 117 corp: 10/194b lim: 28 exec/s: 0 rss: 30Mb L: 28/28 MS: 1 ChangeBit-
#45	NEW    cov: 32 ft: 120 corp: 11/222b lim: 28 exec/s: 0 rss: 30Mb L: 28/28 MS: 1 ChangeASCIIInt-
#54	NEW    cov: 32 ft: 121 corp: 12/233b lim: 28 exec/s: 0 rss: 30Mb L: 11/28 MS: 4 CopyPart-ChangeBit-InsertByte-InsertByte-
#56	NEW    cov: 32 ft: 122 corp: 13/249b lim: 28 exec/s: 0 rss: 30Mb L: 16/28 MS: 2 ChangeByte-InsertByte-
#67	NEW    cov: 32 ft: 125 corp: 14/277b lim: 28 exec/s: 0 rss: 30Mb L: 28/28 MS: 1 ChangeBit-
#73	NEW    cov: 32 ft: 127 corp: 15/305b lim: 28 exec/s: 0 rss: 30Mb L: 28/28 MS: 1 CopyPart-
#92	NEW    cov: 32 ft: 128 corp: 16/318b lim: 28 exec/s: 0 rss: 30Mb L: 13/28 MS: 4 ChangeBinInt-ShuffleBytes-InsertByte-CopyPart-
#102	NEW    cov: 32 ft: 140 corp: 17/346b lim: 28 exec/s: 0 rss: 30Mb L: 28/28 MS: 5 ChangeByte-ShuffleBytes-ChangeByte-ChangeASCIIInt-CopyPart-
#103	NEW    cov: 32 ft: 144 corp: 18/374b lim: 28 exec/s: 0 rss: 30Mb L: 28/28 MS: 1 CrossOver-
#126	NEW    cov: 32 ft: 145 corp: 19/402b lim: 28 exec/s: 0 rss: 30Mb L: 28/28 MS: 3 ChangeByte-ChangeBinInt-ChangeByte-
#133	NEW    cov: 32 ft: 146 corp: 20/430b lim: 28 exec/s: 0 rss: 30Mb L: 28/28 MS: 2 ShuffleBytes-ChangeBinInt-
#138	NEW    cov: 32 ft: 148 corp: 21/432b lim: 28 exec/s: 0 rss: 30Mb L: 2/28 MS: 5 CrossOver-ChangeByte-ShuffleBytes-CrossOver-EraseBytes-
#141	NEW    cov: 32 ft: 150 corp: 22/460b lim: 28 exec/s: 0 rss: 30Mb L: 28/28 MS: 3 ShuffleBytes-CopyPart-CopyPart-
#155	NEW    cov: 32 ft: 151 corp: 23/488b lim: 28 exec/s: 0 rss: 30Mb L: 28/28 MS: 4 ChangeASCIIInt-ChangeByte-ChangeBinInt-ChangeBinInt-
#156	NEW    cov: 32 ft: 153 corp: 24/516b lim: 28 exec/s: 0 rss: 30Mb L: 28/28 MS: 1 CopyPart-
#163	NEW    cov: 32 ft: 154 corp: 25/544b lim: 28 exec/s: 0 rss: 30Mb L: 28/28 MS: 2 ChangeBinInt-CopyPart-
#170	NEW    cov: 32 ft: 155 corp: 26/564b lim: 28 exec/s: 0 rss: 30Mb L: 20/28 MS: 2 ChangeASCIIInt-CrossOver-
#173	NEW    cov: 32 ft: 156 corp: 27/578b lim: 28 exec/s: 0 rss: 30Mb L: 14/28 MS: 3 ChangeByte-EraseBytes-CopyPart-
#222	NEW    cov: 32 ft: 157 corp: 28/606b lim: 28 exec/s: 0 rss: 30Mb L: 28/28 MS: 4 ChangeBinInt-ShuffleBytes-ShuffleBytes-ChangeByte-
#234	NEW    cov: 32 ft: 158 corp: 29/626b lim: 28 exec/s: 0 rss: 30Mb L: 20/28 MS: 2 ChangeASCIIInt-EraseBytes-
#248	NEW    cov: 32 ft: 159 corp: 30/645b lim: 28 exec/s: 0 rss: 30Mb L: 19/28 MS: 4 ChangeBinInt-CMP-ChangeByte-EraseBytes- DE: "\377\377\377\377"-
#264	NEW    cov: 32 ft: 161 corp: 31/673b lim: 28 exec/s: 0 rss: 30Mb L: 28/28 MS: 1 CopyPart-
#285	NEW    cov: 32 ft: 162 corp: 32/701b lim: 28 exec/s: 0 rss: 30Mb L: 28/28 MS: 1 ChangeByte-
#293	NEW    cov: 32 ft: 163 corp: 33/718b lim: 28 exec/s: 0 rss: 30Mb L: 17/28 MS: 3 ChangeASCIIInt-EraseBytes-CrossOver-
#296	NEW    cov: 32 ft: 164 corp: 34/746b lim: 28 exec/s: 0 rss: 30Mb L: 28/28 MS: 3 CrossOver-InsertByte-InsertRepeatedBytes-
#327	NEW    cov: 32 ft: 166 corp: 35/774b lim: 28 exec/s: 0 rss: 30Mb L: 28/28 MS: 1 ChangeASCIIInt-
#333	NEW    cov: 32 ft: 175 corp: 36/802b lim: 28 exec/s: 0 rss: 30Mb L: 28/28 MS: 1 CrossOver-
#375	NEW    cov: 32 ft: 177 corp: 37/830b lim: 28 exec/s: 0 rss: 30Mb L: 28/28 MS: 2 ShuffleBytes-ShuffleBytes-
#436	NEW    cov: 32 ft: 178 corp: 38/847b lim: 28 exec/s: 0 rss: 30Mb L: 17/28 MS: 1 PersAutoDict- DE: "\377\377\377\377"-
#443	NEW    cov: 32 ft: 180 corp: 39/875b lim: 28 exec/s: 0 rss: 30Mb L: 28/28 MS: 2 ShuffleBytes-CopyPart-
#459	NEW    cov: 32 ft: 187 corp: 40/893b lim: 28 exec/s: 0 rss: 30Mb L: 18/28 MS: 1 InsertByte-
#481	REDUCE cov: 32 ft: 187 corp: 40/886b lim: 28 exec/s: 0 rss: 30Mb L: 21/28 MS: 2 EraseBytes-PersAutoDict- DE: "\377\377\377\377"-
#532	NEW    cov: 32 ft: 188 corp: 41/914b lim: 28 exec/s: 0 rss: 30Mb L: 28/28 MS: 1 ChangeByte-
#558	NEW    cov: 32 ft: 194 corp: 42/942b lim: 28 exec/s: 0 rss: 30Mb L: 28/28 MS: 1 ChangeByte-
#599	NEW    cov: 32 ft: 196 corp: 43/970b lim: 28 exec/s: 0 rss: 30Mb L: 28/28 MS: 1 ChangeASCIIInt-
#619	NEW    cov: 32 ft: 197 corp: 44/998b lim: 28 exec/s: 0 rss: 30Mb L: 28/28 MS: 5 ChangeByte-CMP-ChangeBit-ChangeBinInt-ChangeBit- DE: "\001\000"-
#623	NEW    cov: 32 ft: 198 corp: 45/1026b lim: 28 exec/s: 0 rss: 30Mb L: 28/28 MS: 4 PersAutoDict-CopyPart-PersAutoDict-ChangeByte- DE: "\001\000"-"\001\000"-
#661	NEW    cov: 32 ft: 200 corp: 46/1054b lim: 28 exec/s: 0 rss: 30Mb L: 28/28 MS: 3 ChangeASCIIInt-CrossOver-ChangeBit-
#671	NEW    cov: 32 ft: 201 corp: 47/1082b lim: 28 exec/s: 0 rss: 30Mb L: 28/28 MS: 5 ChangeASCIIInt-ChangeBit-EraseBytes-InsertRepeatedBytes-InsertByte-
#687	REDUCE cov: 32 ft: 201 corp: 47/1069b lim: 28 exec/s: 0 rss: 30Mb L: 15/28 MS: 1 EraseBytes-
#798	NEW    cov: 33 ft: 204 corp: 48/1097b lim: 28 exec/s: 0 rss: 30Mb L: 28/28 MS: 1 ChangeByte-
#834	REDUCE cov: 33 ft: 204 corp: 48/1096b lim: 28 exec/s: 0 rss: 30Mb L: 12/28 MS: 1 EraseBytes-
#840	NEW    cov: 33 ft: 207 corp: 49/1124b lim: 28 exec/s: 0 rss: 30Mb L: 28/28 MS: 1 ChangeBinInt-
#882	REDUCE cov: 33 ft: 207 corp: 49/1122b lim: 28 exec/s: 0 rss: 30Mb L: 18/28 MS: 2 CMP-EraseBytes- DE: ")\000\000\000\000\000\000\000"-
#1039	NEW    cov: 33 ft: 209 corp: 50/1150b lim: 28 exec/s: 0 rss: 30Mb L: 28/28 MS: 2 PersAutoDict-ChangeASCIIInt- DE: ")\000\000\000\000\000\000\000"-
#1062	REDUCE cov: 33 ft: 209 corp: 50/1139b lim: 28 exec/s: 0 rss: 30Mb L: 17/28 MS: 3 EraseBytes-ChangeBinInt-InsertByte-
#1073	NEW    cov: 33 ft: 210 corp: 51/1167b lim: 28 exec/s: 0 rss: 30Mb L: 28/28 MS: 1 ChangeByte-
#1197	NEW    cov: 33 ft: 212 corp: 52/1195b lim: 28 exec/s: 0 rss: 30Mb L: 28/28 MS: 4 ChangeBit-ShuffleBytes-ChangeASCIIInt-ChangeASCIIInt-
#1209	NEW    cov: 33 ft: 213 corp: 53/1223b lim: 28 exec/s: 0 rss: 30Mb L: 28/28 MS: 2 EraseBytes-CopyPart-
#1211	REDUCE cov: 33 ft: 213 corp: 53/1221b lim: 28 exec/s: 0 rss: 30Mb L: 26/28 MS: 2 CrossOver-InsertByte-
#1268	NEW    cov: 33 ft: 215 corp: 54/1249b lim: 28 exec/s: 0 rss: 30Mb L: 28/28 MS: 2 ChangeASCIIInt-ShuffleBytes-
#1321	REDUCE cov: 33 ft: 215 corp: 54/1247b lim: 28 exec/s: 0 rss: 30Mb L: 15/28 MS: 3 CrossOver-EraseBytes-ChangeByte-
#1328	REDUCE cov: 33 ft: 215 corp: 54/1245b lim: 28 exec/s: 0 rss: 30Mb L: 26/28 MS: 2 EraseBytes-PersAutoDict- DE: ")\000\000\000\000\000\000\000"-
#1444	NEW    cov: 33 ft: 217 corp: 55/1273b lim: 28 exec/s: 0 rss: 30Mb L: 28/28 MS: 1 ShuffleBytes-
#1505	NEW    cov: 33 ft: 219 corp: 56/1301b lim: 28 exec/s: 0 rss: 30Mb L: 28/28 MS: 1 CopyPart-
#1866	REDUCE cov: 33 ft: 219 corp: 56/1290b lim: 28 exec/s: 0 rss: 31Mb L: 15/28 MS: 1 EraseBytes-
#2272	NEW    cov: 33 ft: 220 corp: 57/1322b lim: 32 exec/s: 0 rss: 31Mb L: 32/32 MS: 1 InsertRepeatedBytes-
#2283	NEW    cov: 33 ft: 221 corp: 58/1351b lim: 32 exec/s: 0 rss: 31Mb L: 29/32 MS: 1 InsertByte-
#2327	REDUCE cov: 33 ft: 221 corp: 58/1348b lim: 32 exec/s: 0 rss: 31Mb L: 3/32 MS: 4 EraseBytes-CrossOver-ChangeByte-PersAutoDict- DE: "\001\000"-
#2586	REDUCE cov: 33 ft: 221 corp: 58/1342b lim: 32 exec/s: 0 rss: 31Mb L: 22/32 MS: 4 InsertRepeatedBytes-ShuffleBytes-ChangeASCIIInt-EraseBytes-
#2587	NEW    cov: 33 ft: 222 corp: 59/1370b lim: 32 exec/s: 0 rss: 31Mb L: 28/32 MS: 1 ChangeBit-
#2781	REDUCE cov: 33 ft: 222 corp: 59/1366b lim: 32 exec/s: 0 rss: 31Mb L: 7/32 MS: 4 PersAutoDict-ChangeBit-EraseBytes-EraseBytes- DE: "\001\000"-
#2788	REDUCE cov: 33 ft: 222 corp: 59/1365b lim: 32 exec/s: 0 rss: 31Mb L: 21/32 MS: 2 CrossOver-EraseBytes-
#3307	NEW    cov: 33 ft: 223 corp: 60/1398b lim: 37 exec/s: 0 rss: 31Mb L: 33/33 MS: 4 InsertRepeatedBytes-ChangeByte-ChangeByte-InsertByte-
#3336	NEW    cov: 33 ft: 225 corp: 61/1432b lim: 37 exec/s: 0 rss: 31Mb L: 34/34 MS: 4 CMP-EraseBytes-ChangeASCIIInt-CopyPart- DE: "\000\000"-
#3851	REDUCE cov: 33 ft: 225 corp: 61/1428b lim: 42 exec/s: 0 rss: 31Mb L: 15/34 MS: 5 InsertByte-ChangeBit-ChangeBinInt-EraseBytes-PersAutoDict- DE: ")\000\000\000\000\000\000\000"-
#4074	REDUCE cov: 33 ft: 225 corp: 61/1427b lim: 42 exec/s: 0 rss: 31Mb L: 17/34 MS: 3 CMP-PersAutoDict-EraseBytes- DE: "\033\000\000\000\000\000\000\000"-"\377\377\377\377"-
#4170	NEW    cov: 46 ft: 285 corp: 62/1455b lim: 42 exec/s: 0 rss: 31Mb L: 28/34 MS: 1 ChangeBinInt-
#4272	REDUCE cov: 46 ft: 285 corp: 62/1454b lim: 42 exec/s: 0 rss: 31Mb L: 31/34 MS: 2 ChangeBinInt-EraseBytes-
#5703	NEW    cov: 46 ft: 286 corp: 63/1482b lim: 52 exec/s: 0 rss: 32Mb L: 28/34 MS: 1 ChangeBinInt-
#5752	REDUCE cov: 46 ft: 286 corp: 63/1477b lim: 52 exec/s: 0 rss: 32Mb L: 16/34 MS: 4 EraseBytes-InsertByte-InsertByte-InsertByte-
#5808	NEW    cov: 46 ft: 287 corp: 64/1505b lim: 52 exec/s: 0 rss: 32Mb L: 28/34 MS: 1 ChangeASCIIInt-
#5990	NEW    cov: 46 ft: 289 corp: 65/1533b lim: 52 exec/s: 0 rss: 32Mb L: 28/34 MS: 2 CopyPart-ChangeBit-
#6662	REDUCE cov: 46 ft: 290 corp: 66/1553b lim: 57 exec/s: 0 rss: 32Mb L: 20/34 MS: 2 EraseBytes-EraseBytes-
#6706	REDUCE cov: 46 ft: 290 corp: 66/1548b lim: 57 exec/s: 0 rss: 32Mb L: 15/34 MS: 4 CopyPart-InsertRepeatedBytes-EraseBytes-EraseBytes-
#6913	REDUCE cov: 46 ft: 290 corp: 66/1547b lim: 57 exec/s: 0 rss: 32Mb L: 27/34 MS: 2 ChangeBit-EraseBytes-
#6980	NEW    cov: 46 ft: 292 corp: 67/1575b lim: 57 exec/s: 0 rss: 32Mb L: 28/34 MS: 2 ChangeASCIIInt-ChangeBit-
#9549	REDUCE cov: 46 ft: 292 corp: 67/1573b lim: 79 exec/s: 0 rss: 33Mb L: 26/34 MS: 4 EraseBytes-PersAutoDict-CrossOver-CrossOver- DE: ")\000\000\000\000\000\000\000"-
#10659	REDUCE cov: 46 ft: 292 corp: 67/1569b lim: 85 exec/s: 0 rss: 33Mb L: 22/34 MS: 5 InsertByte-PersAutoDict-CopyPart-CopyPart-EraseBytes- DE: "\377\377\377\377"-
#12138	REDUCE cov: 46 ft: 292 corp: 67/1567b lim: 97 exec/s: 0 rss: 33Mb L: 26/34 MS: 4 ChangeByte-InsertByte-EraseBytes-InsertByte-
#14299	NEW    cov: 47 ft: 303 corp: 68/1595b lim: 115 exec/s: 0 rss: 34Mb L: 28/34 MS: 1 ChangeByte-
#14387	NEW    cov: 47 ft: 304 corp: 69/1623b lim: 115 exec/s: 0 rss: 34Mb L: 28/34 MS: 3 CrossOver-CrossOver-ChangeASCIIInt-
#16162	NEW    cov: 47 ft: 305 corp: 70/1654b lim: 127 exec/s: 0 rss: 34Mb L: 31/34 MS: 5 ChangeBit-ChangeBit-CopyPart-ChangeASCIIInt-ChangeByte-
#17841	NEW    cov: 47 ft: 307 corp: 71/1686b lim: 140 exec/s: 0 rss: 34Mb L: 32/34 MS: 4 CrossOver-PersAutoDict-ChangeByte-InsertByte- DE: ")\000\000\000\000\000\000\000"-
#18467	REDUCE cov: 47 ft: 307 corp: 71/1685b lim: 140 exec/s: 0 rss: 35Mb L: 19/34 MS: 1 EraseBytes-
#18895	REDUCE cov: 47 ft: 307 corp: 71/1683b lim: 140 exec/s: 0 rss: 35Mb L: 29/34 MS: 3 ChangeBit-ShuffleBytes-EraseBytes-
#19196	REDUCE cov: 47 ft: 307 corp: 71/1677b lim: 140 exec/s: 0 rss: 35Mb L: 23/34 MS: 1 EraseBytes-
#19614	REDUCE cov: 47 ft: 307 corp: 71/1673b lim: 140 exec/s: 0 rss: 35Mb L: 15/34 MS: 3 ChangeByte-EraseBytes-CMP- DE: "\377\377\377\377"-
#19692	NEW    cov: 47 ft: 309 corp: 72/1701b lim: 140 exec/s: 0 rss: 35Mb L: 28/34 MS: 3 ShuffleBytes-CopyPart-ChangeBit-
#19709	REDUCE cov: 47 ft: 310 corp: 73/1717b lim: 140 exec/s: 0 rss: 35Mb L: 16/34 MS: 2 InsertByte-EraseBytes-
#20252	REDUCE cov: 47 ft: 310 corp: 73/1710b lim: 140 exec/s: 0 rss: 35Mb L: 16/34 MS: 3 ShuffleBytes-ShuffleBytes-EraseBytes-
#22371	REDUCE cov: 47 ft: 311 corp: 74/1725b lim: 161 exec/s: 0 rss: 35Mb L: 15/34 MS: 4 ChangeByte-ChangeByte-ChangeASCIIInt-PersAutoDict- DE: "\001\000"-
#24394	NEW    cov: 47 ft: 313 corp: 75/1753b lim: 175 exec/s: 0 rss: 35Mb L: 28/34 MS: 3 ChangeASCIIInt-CopyPart-EraseBytes-
#25453	REDUCE cov: 47 ft: 313 corp: 75/1752b lim: 182 exec/s: 0 rss: 35Mb L: 16/34 MS: 4 ShuffleBytes-PersAutoDict-ChangeASCIIInt-EraseBytes- DE: "\033\000\000\000\000\000\000\000"-
#25583	REDUCE cov: 47 ft: 313 corp: 75/1750b lim: 182 exec/s: 0 rss: 35Mb L: 26/34 MS: 5 EraseBytes-CopyPart-ChangeASCIIInt-CopyPart-ChangeByte-
#25674	NEW    cov: 47 ft: 315 corp: 76/1778b lim: 182 exec/s: 0 rss: 35Mb L: 28/34 MS: 1 ChangeBit-
#28502	REDUCE cov: 47 ft: 315 corp: 76/1777b lim: 210 exec/s: 0 rss: 35Mb L: 15/34 MS: 3 InsertByte-PersAutoDict-EraseBytes- DE: "\377\377\377\377"-
#29689	REDUCE cov: 47 ft: 315 corp: 76/1776b lim: 217 exec/s: 0 rss: 35Mb L: 15/34 MS: 2 EraseBytes-PersAutoDict- DE: "\001\000"-
#32154	REDUCE cov: 47 ft: 315 corp: 76/1768b lim: 238 exec/s: 0 rss: 35Mb L: 24/34 MS: 5 InsertByte-ChangeByte-CrossOver-EraseBytes-InsertByte-
#32235	NEW    cov: 47 ft: 318 corp: 77/1796b lim: 238 exec/s: 0 rss: 35Mb L: 28/34 MS: 1 ChangeASCIIInt-
#32777	NEW    cov: 47 ft: 319 corp: 78/1824b lim: 238 exec/s: 0 rss: 35Mb L: 28/34 MS: 2 CopyPart-ChangeASCIIInt-
#33284	REDUCE cov: 47 ft: 319 corp: 78/1822b lim: 238 exec/s: 0 rss: 35Mb L: 26/34 MS: 2 EraseBytes-ChangeByte-
#35536	REDUCE cov: 47 ft: 319 corp: 78/1821b lim: 259 exec/s: 0 rss: 35Mb L: 15/34 MS: 2 PersAutoDict-EraseBytes- DE: "\001\000"-
#38226	REDUCE cov: 47 ft: 319 corp: 78/1819b lim: 283 exec/s: 0 rss: 35Mb L: 24/34 MS: 5 EraseBytes-EraseBytes-ChangeByte-ChangeASCIIInt-CMP- DE: "\026\000\000\000\000\000\000\000"-
#39853	REDUCE cov: 47 ft: 319 corp: 78/1817b lim: 299 exec/s: 0 rss: 35Mb L: 22/34 MS: 2 InsertByte-EraseBytes-
#44225	NEW    cov: 47 ft: 321 corp: 79/1845b lim: 339 exec/s: 0 rss: 35Mb L: 28/34 MS: 2 ChangeASCIIInt-CrossOver-
#51206	REDUCE cov: 47 ft: 322 corp: 80/1873b lim: 403 exec/s: 0 rss: 35Mb L: 28/34 MS: 1 CopyPart-
#52067	NEW    cov: 48 ft: 325 corp: 81/1901b lim: 411 exec/s: 0 rss: 35Mb L: 28/34 MS: 1 ChangeByte-
#53875	REDUCE cov: 48 ft: 325 corp: 81/1899b lim: 427 exec/s: 0 rss: 35Mb L: 22/34 MS: 3 ChangeASCIIInt-EraseBytes-CMP- DE: "\3770"-
#54541	NEW    cov: 48 ft: 327 corp: 82/1927b lim: 427 exec/s: 0 rss: 35Mb L: 28/34 MS: 1 ChangeBit-
#57894	NEW    cov: 48 ft: 328 corp: 83/1955b lim: 459 exec/s: 0 rss: 35Mb L: 28/34 MS: 3 CopyPart-ChangeBit-ShuffleBytes-
#58950	NEW    cov: 48 ft: 331 corp: 84/1983b lim: 467 exec/s: 0 rss: 35Mb L: 28/34 MS: 1 ChangeBit-
#60262	NEW    cov: 48 ft: 332 corp: 85/2011b lim: 475 exec/s: 0 rss: 35Mb L: 28/34 MS: 2 ShuffleBytes-ChangeBit-
#60419	REDUCE cov: 48 ft: 332 corp: 85/2009b lim: 475 exec/s: 0 rss: 35Mb L: 26/34 MS: 2 PersAutoDict-EraseBytes- DE: "\3770"-
#61101	REDUCE cov: 48 ft: 332 corp: 85/2007b lim: 475 exec/s: 0 rss: 35Mb L: 20/34 MS: 2 EraseBytes-InsertByte-
#61877	NEW    cov: 48 ft: 333 corp: 86/2035b lim: 475 exec/s: 0 rss: 35Mb L: 28/34 MS: 1 ChangeBit-
#66743	NEW    cov: 48 ft: 334 corp: 87/2063b lim: 515 exec/s: 0 rss: 35Mb L: 28/34 MS: 1 ChangeBit-
#72097	REDUCE cov: 48 ft: 334 corp: 87/2057b lim: 560 exec/s: 0 rss: 35Mb L: 22/34 MS: 4 CMP-ChangeBinInt-CopyPart-EraseBytes- DE: "\377\377\377`"-
#75269	REDUCE cov: 48 ft: 335 corp: 88/2072b lim: 587 exec/s: 0 rss: 35Mb L: 15/34 MS: 2 ChangeByte-ChangeBinInt-
#78258	REDUCE cov: 48 ft: 335 corp: 88/2070b lim: 614 exec/s: 0 rss: 35Mb L: 25/34 MS: 4 ChangeBit-EraseBytes-ChangeBinInt-ChangeBit-
#86129	NEW    cov: 48 ft: 337 corp: 89/2098b lim: 686 exec/s: 0 rss: 35Mb L: 28/34 MS: 1 ChangeBit-
#87288	NEW    cov: 49 ft: 342 corp: 90/2126b lim: 695 exec/s: 0 rss: 35Mb L: 28/34 MS: 4 ChangeASCIIInt-CopyPart-ChangeASCIIInt-ChangeByte-
#89729	NEW    cov: 49 ft: 344 corp: 91/2154b lim: 713 exec/s: 0 rss: 35Mb L: 28/34 MS: 1 ChangeASCIIInt-
#91193	NEW    cov: 49 ft: 346 corp: 92/2182b lim: 722 exec/s: 0 rss: 35Mb L: 28/34 MS: 4 ShuffleBytes-CopyPart-ChangeASCIIInt-CrossOver-
#93019	NEW    cov: 49 ft: 348 corp: 93/2210b lim: 740 exec/s: 0 rss: 35Mb L: 28/34 MS: 1 ChangeByte-
#93210	NEW    cov: 49 ft: 349 corp: 94/2238b lim: 740 exec/s: 0 rss: 35Mb L: 28/34 MS: 1 ChangeASCIIInt-
#93511	NEW    cov: 49 ft: 350 corp: 95/2266b lim: 740 exec/s: 0 rss: 35Mb L: 28/34 MS: 1 CopyPart-
#93782	NEW    cov: 49 ft: 351 corp: 96/2294b lim: 740 exec/s: 0 rss: 35Mb L: 28/34 MS: 1 ShuffleBytes-
#94174	NEW    cov: 49 ft: 352 corp: 97/2322b lim: 740 exec/s: 0 rss: 35Mb L: 28/34 MS: 2 ChangeByte-ChangeBit-
#94450	NEW    cov: 49 ft: 353 corp: 98/2350b lim: 740 exec/s: 0 rss: 35Mb L: 28/34 MS: 1 ChangeByte-
#95767	NEW    cov: 49 ft: 354 corp: 99/2378b lim: 749 exec/s: 0 rss: 35Mb L: 28/34 MS: 2 ChangeASCIIInt-ChangeBit-
#95867	REDUCE cov: 49 ft: 355 corp: 100/2398b lim: 749 exec/s: 0 rss: 35Mb L: 20/34 MS: 5 InsertByte-EraseBytes-ChangeBinInt-CrossOver-EraseBytes-
#95898	NEW    cov: 49 ft: 356 corp: 101/2426b lim: 749 exec/s: 0 rss: 35Mb L: 28/34 MS: 1 ShuffleBytes-
#96084	NEW    cov: 49 ft: 358 corp: 102/2454b lim: 749 exec/s: 0 rss: 35Mb L: 28/34 MS: 1 ShuffleBytes-
#96881	NEW    cov: 49 ft: 359 corp: 103/2482b lim: 749 exec/s: 0 rss: 35Mb L: 28/34 MS: 2 PersAutoDict-ChangeASCIIInt- DE: "\000\000"-
#98082	NEW    cov: 49 ft: 360 corp: 104/2510b lim: 758 exec/s: 0 rss: 35Mb L: 28/34 MS: 1 CrossOver-
#98283	NEW    cov: 49 ft: 361 corp: 105/2538b lim: 758 exec/s: 0 rss: 35Mb L: 28/34 MS: 1 ChangeBit-
#99334	NEW    cov: 49 ft: 362 corp: 106/2566b lim: 767 exec/s: 0 rss: 35Mb L: 28/34 MS: 1 ChangeBit-
#99445	NEW    cov: 49 ft: 363 corp: 107/2594b lim: 767 exec/s: 0 rss: 35Mb L: 28/34 MS: 1 ChangeASCIIInt-
#99626	NEW    cov: 49 ft: 364 corp: 108/2622b lim: 767 exec/s: 0 rss: 35Mb L: 28/34 MS: 1 ChangeASCIIInt-
#101552	NEW    cov: 49 ft: 365 corp: 109/2650b lim: 785 exec/s: 0 rss: 35Mb L: 28/34 MS: 1 CrossOver-
#102672	NEW    cov: 49 ft: 366 corp: 110/2678b lim: 794 exec/s: 0 rss: 35Mb L: 28/34 MS: 5 InsertByte-CMP-ShuffleBytes-EraseBytes-CrossOver- DE: "\001\000\000\000\000\000\000\034"-
#105138	NEW    cov: 49 ft: 367 corp: 111/2706b lim: 812 exec/s: 0 rss: 35Mb L: 28/34 MS: 1 ChangeASCIIInt-
#106664	NEW    cov: 49 ft: 368 corp: 112/2734b lim: 821 exec/s: 0 rss: 35Mb L: 28/34 MS: 1 ShuffleBytes-
#106961	NEW    cov: 49 ft: 369 corp: 113/2762b lim: 821 exec/s: 0 rss: 35Mb L: 28/34 MS: 2 ChangeASCIIInt-ChangeASCIIInt-
#109138	NEW    cov: 49 ft: 370 corp: 114/2790b lim: 839 exec/s: 0 rss: 35Mb L: 28/34 MS: 2 ChangeASCIIInt-ChangeBit-
#109852	NEW    cov: 49 ft: 372 corp: 115/2818b lim: 839 exec/s: 0 rss: 35Mb L: 28/34 MS: 4 ChangeByte-ChangeASCIIInt-ShuffleBytes-ChangeASCIIInt-
#109938	NEW    cov: 49 ft: 373 corp: 116/2846b lim: 839 exec/s: 0 rss: 35Mb L: 28/34 MS: 1 ChangeASCIIInt-
#110029	NEW    cov: 49 ft: 374 corp: 117/2874b lim: 839 exec/s: 0 rss: 35Mb L: 28/34 MS: 1 CrossOver-
#110095	NEW    cov: 49 ft: 375 corp: 118/2902b lim: 839 exec/s: 0 rss: 35Mb L: 28/34 MS: 1 ChangeBit-
#110331	NEW    cov: 49 ft: 376 corp: 119/2930b lim: 839 exec/s: 0 rss: 35Mb L: 28/34 MS: 1 ShuffleBytes-
#110601	NEW    cov: 49 ft: 377 corp: 120/2958b lim: 839 exec/s: 0 rss: 35Mb L: 28/34 MS: 5 CrossOver-EraseBytes-ChangeASCIIInt-CopyPart-EraseBytes-
#110963	NEW    cov: 49 ft: 378 corp: 121/2987b lim: 839 exec/s: 0 rss: 35Mb L: 29/34 MS: 2 InsertByte-ChangeBit-
#111696	NEW    cov: 49 ft: 379 corp: 122/3015b lim: 839 exec/s: 0 rss: 35Mb L: 28/34 MS: 3 ChangeASCIIInt-ShuffleBytes-ChangeBit-
#111897	NEW    cov: 49 ft: 380 corp: 123/3043b lim: 839 exec/s: 0 rss: 35Mb L: 28/34 MS: 1 ShuffleBytes-
#114228	NEW    cov: 49 ft: 381 corp: 124/3071b lim: 857 exec/s: 0 rss: 35Mb L: 28/34 MS: 1 ChangeASCIIInt-
#114344	NEW    cov: 49 ft: 382 corp: 125/3099b lim: 857 exec/s: 0 rss: 35Mb L: 28/34 MS: 1 ChangeASCIIInt-
#114461	NEW    cov: 49 ft: 383 corp: 126/3127b lim: 857 exec/s: 0 rss: 35Mb L: 28/34 MS: 2 CopyPart-ChangeBit-
#117552	NEW    cov: 49 ft: 384 corp: 127/3155b lim: 884 exec/s: 0 rss: 35Mb L: 28/34 MS: 1 ChangeASCIIInt-
#117983	NEW    cov: 49 ft: 385 corp: 128/3183b lim: 884 exec/s: 0 rss: 35Mb L: 28/34 MS: 1 ChangeByte-
#120889	NEW    cov: 49 ft: 386 corp: 129/3211b lim: 911 exec/s: 0 rss: 35Mb L: 28/34 MS: 1 ChangeBinInt-
#122020	NEW    cov: 49 ft: 387 corp: 130/3239b lim: 920 exec/s: 0 rss: 35Mb L: 28/34 MS: 1 ChangeASCIIInt-
#124847	NEW    cov: 49 ft: 388 corp: 131/3267b lim: 947 exec/s: 0 rss: 35Mb L: 28/34 MS: 2 ChangeByte-ChangeBit-
#130128	NEW    cov: 49 ft: 389 corp: 132/3295b lim: 992 exec/s: 0 rss: 35Mb L: 28/34 MS: 1 CrossOver-
#130939	NEW    cov: 49 ft: 390 corp: 133/3323b lim: 992 exec/s: 0 rss: 35Mb L: 28/34 MS: 1 CopyPart-
#132075	NEW    cov: 49 ft: 391 corp: 134/3351b lim: 1001 exec/s: 0 rss: 35Mb L: 28/34 MS: 1 ShuffleBytes-
#139213	REDUCE cov: 49 ft: 391 corp: 134/3345b lim: 1068 exec/s: 0 rss: 35Mb L: 22/34 MS: 3 ShuffleBytes-CMP-EraseBytes- DE: "\377\377\377@"-
#148846	REDUCE cov: 49 ft: 391 corp: 134/3343b lim: 1158 exec/s: 0 rss: 35Mb L: 15/34 MS: 3 PersAutoDict-ChangeASCIIInt-EraseBytes- DE: "\377\377\377\377"-
#153338	REDUCE cov: 49 ft: 391 corp: 134/3341b lim: 1198 exec/s: 0 rss: 35Mb L: 26/34 MS: 2 ChangeBit-EraseBytes-
#155902	REDUCE cov: 49 ft: 391 corp: 134/3339b lim: 1218 exec/s: 0 rss: 35Mb L: 20/34 MS: 4 InsertByte-ChangeBinInt-EraseBytes-CopyPart-
#171576	REDUCE cov: 49 ft: 391 corp: 134/3335b lim: 1368 exec/s: 0 rss: 35Mb L: 16/34 MS: 4 EraseBytes-ShuffleBytes-ChangeByte-ChangeBinInt-
#177924	REDUCE cov: 49 ft: 391 corp: 134/3331b lim: 1428 exec/s: 0 rss: 35Mb L: 24/34 MS: 3 InsertRepeatedBytes-EraseBytes-ChangeByte-
#179007	REDUCE cov: 49 ft: 391 corp: 134/3323b lim: 1438 exec/s: 0 rss: 35Mb L: 20/34 MS: 3 ChangeBit-ChangeASCIIInt-EraseBytes-
#180474	REDUCE cov: 49 ft: 391 corp: 134/3321b lim: 1448 exec/s: 0 rss: 35Mb L: 26/34 MS: 2 ChangeBinInt-EraseBytes-
#190483	NEW    cov: 49 ft: 392 corp: 135/3349b lim: 1538 exec/s: 0 rss: 35Mb L: 28/34 MS: 4 EraseBytes-EraseBytes-ChangeBit-InsertRepeatedBytes-
#192247	REDUCE cov: 49 ft: 392 corp: 135/3345b lim: 1548 exec/s: 0 rss: 35Mb L: 16/34 MS: 4 ChangeBit-InsertRepeatedBytes-EraseBytes-CMP- DE: "\377\377\377\377\377\377\377\030"-
#192493	NEW    cov: 49 ft: 394 corp: 136/3373b lim: 1548 exec/s: 0 rss: 35Mb L: 28/34 MS: 1 CopyPart-
#193892	REDUCE cov: 49 ft: 394 corp: 136/3372b lim: 1558 exec/s: 0 rss: 35Mb L: 24/34 MS: 4 InsertByte-EraseBytes-ChangeASCIIInt-ChangeByte-
#195342	REDUCE cov: 49 ft: 394 corp: 136/3368b lim: 1568 exec/s: 0 rss: 35Mb L: 24/34 MS: 5 ChangeBit-CopyPart-EraseBytes-ShuffleBytes-ChangeBinInt-
#196363	NEW    cov: 49 ft: 395 corp: 137/3396b lim: 1578 exec/s: 0 rss: 35Mb L: 28/34 MS: 1 CopyPart-
#197069	REDUCE cov: 49 ft: 395 corp: 137/3395b lim: 1578 exec/s: 0 rss: 35Mb L: 23/34 MS: 1 EraseBytes-
#200945	NEW    cov: 49 ft: 396 corp: 138/3423b lim: 1608 exec/s: 0 rss: 35Mb L: 28/34 MS: 1 ChangeByte-
#210751	NEW    cov: 49 ft: 400 corp: 139/3451b lim: 1698 exec/s: 0 rss: 35Mb L: 28/34 MS: 1 CopyPart-
#219057	NEW    cov: 49 ft: 401 corp: 140/3479b lim: 1778 exec/s: 0 rss: 35Mb L: 28/34 MS: 1 CopyPart-
#224102	REDUCE cov: 49 ft: 401 corp: 140/3477b lim: 1828 exec/s: 0 rss: 35Mb L: 24/34 MS: 5 ShuffleBytes-PersAutoDict-PersAutoDict-InsertByte-EraseBytes- DE: "\377\377\377\377"-"\377\377\377`"-
#232536	REDUCE cov: 49 ft: 401 corp: 140/3471b lim: 1908 exec/s: 0 rss: 35Mb L: 22/34 MS: 4 EraseBytes-ChangeBinInt-ChangeASCIIInt-PersAutoDict- DE: "\377\377\377`"-
#235735	REDUCE cov: 49 ft: 401 corp: 140/3469b lim: 1938 exec/s: 0 rss: 35Mb L: 26/34 MS: 4 EraseBytes-PersAutoDict-ShuffleBytes-CMP- DE: "\3770"-"8\000\000\000"-
#257242	NEW    cov: 49 ft: 403 corp: 141/3497b lim: 2147 exec/s: 0 rss: 35Mb L: 28/34 MS: 2 ChangeASCIIInt-ChangeASCIIInt-
#258240	REDUCE cov: 49 ft: 403 corp: 141/3494b lim: 2147 exec/s: 0 rss: 35Mb L: 20/34 MS: 3 ChangeASCIIInt-EraseBytes-PersAutoDict- DE: "\377\377\377`"-
#270195	REDUCE cov: 49 ft: 403 corp: 141/3492b lim: 2257 exec/s: 0 rss: 35Mb L: 26/34 MS: 5 EraseBytes-PersAutoDict-CMP-EraseBytes-PersAutoDict- DE: "\377\377\377@"-"\001\000\0001"-"\001\000\000\000\000\000\000\034"-
#272518	REDUCE cov: 49 ft: 403 corp: 141/3486b lim: 2279 exec/s: 0 rss: 35Mb L: 18/34 MS: 3 EraseBytes-ShuffleBytes-PersAutoDict- DE: "\377\377\377@"-
#273795	REDUCE cov: 49 ft: 403 corp: 141/3482b lim: 2290 exec/s: 0 rss: 35Mb L: 16/34 MS: 2 ChangeBinInt-EraseBytes-
#291042	REDUCE cov: 49 ft: 403 corp: 141/3480b lim: 2455 exec/s: 0 rss: 35Mb L: 26/34 MS: 2 ChangeBit-EraseBytes-
#291689	NEW    cov: 49 ft: 405 corp: 142/3508b lim: 2455 exec/s: 0 rss: 35Mb L: 28/34 MS: 2 ChangeBit-ChangeBinInt-
#295462	REDUCE cov: 49 ft: 405 corp: 142/3504b lim: 2488 exec/s: 0 rss: 35Mb L: 22/34 MS: 3 ChangeASCIIInt-PersAutoDict-EraseBytes- DE: "\377\377\377@"-
#316965	REDUCE cov: 49 ft: 405 corp: 142/3502b lim: 2697 exec/s: 0 rss: 35Mb L: 26/34 MS: 3 EraseBytes-InsertRepeatedBytes-ChangeBit-
#321694	REDUCE cov: 49 ft: 405 corp: 142/3500b lim: 2741 exec/s: 0 rss: 35Mb L: 26/34 MS: 4 EraseBytes-ChangeByte-CrossOver-InsertByte-
#328921	REDUCE cov: 49 ft: 405 corp: 142/3494b lim: 2807 exec/s: 0 rss: 35Mb L: 22/34 MS: 2 EraseBytes-PersAutoDict- DE: "\377\377\377`"-
#345839	REDUCE cov: 49 ft: 405 corp: 142/3492b lim: 2972 exec/s: 0 rss: 35Mb L: 26/34 MS: 3 ChangeByte-EraseBytes-ChangeBinInt-
#352078	REDUCE cov: 49 ft: 405 corp: 142/3491b lim: 3027 exec/s: 0 rss: 35Mb L: 15/34 MS: 4 EraseBytes-InsertRepeatedBytes-ChangeBit-ChangeBinInt-
#363081	REDUCE cov: 49 ft: 405 corp: 142/3487b lim: 3126 exec/s: 0 rss: 35Mb L: 22/34 MS: 3 InsertByte-EraseBytes-PersAutoDict- DE: "\377\377\377`"-
#368491	REDUCE cov: 49 ft: 405 corp: 142/3485b lim: 3170 exec/s: 0 rss: 35Mb L: 24/34 MS: 5 InsertByte-EraseBytes-InsertByte-ShuffleBytes-InsertByte-
#377432	REDUCE cov: 49 ft: 405 corp: 142/3484b lim: 3258 exec/s: 0 rss: 35Mb L: 28/34 MS: 1 EraseBytes-
#379015	REDUCE cov: 49 ft: 405 corp: 142/3482b lim: 3269 exec/s: 0 rss: 35Mb L: 26/34 MS: 3 PersAutoDict-InsertByte-EraseBytes- DE: "\3770"-
#408411	REDUCE cov: 49 ft: 405 corp: 142/3480b lim: 3555 exec/s: 408411 rss: 35Mb L: 26/34 MS: 3 InsertByte-InsertByte-EraseBytes-
#445029	REDUCE cov: 49 ft: 405 corp: 142/3478b lim: 3918 exec/s: 445029 rss: 35Mb L: 26/34 MS: 3 ChangeBinInt-InsertByte-EraseBytes-
#457669	REDUCE cov: 49 ft: 405 corp: 142/3472b lim: 4039 exec/s: 457669 rss: 35Mb L: 22/34 MS: 5 EraseBytes-ChangeBit-ChangeBit-PersAutoDict-InsertByte- DE: "\377\377\377`"-
#461706	REDUCE cov: 49 ft: 405 corp: 142/3470b lim: 4072 exec/s: 461706 rss: 35Mb L: 20/34 MS: 2 ChangeByte-EraseBytes-
#470245	REDUCE cov: 49 ft: 405 corp: 142/3468b lim: 4096 exec/s: 470245 rss: 35Mb L: 26/34 MS: 4 InsertByte-EraseBytes-ChangeBit-InsertByte-
#470988	REDUCE cov: 49 ft: 405 corp: 142/3466b lim: 4096 exec/s: 470988 rss: 35Mb L: 26/34 MS: 3 ChangeByte-EraseBytes-InsertByte-
#478333	REDUCE cov: 49 ft: 405 corp: 142/3464b lim: 4096 exec/s: 478333 rss: 35Mb L: 24/34 MS: 5 ChangeASCIIInt-EraseBytes-ChangeBinInt-ShuffleBytes-CopyPart-
#481316	REDUCE cov: 49 ft: 405 corp: 142/3462b lim: 4096 exec/s: 481316 rss: 35Mb L: 24/34 MS: 3 ChangeASCIIInt-EraseBytes-InsertByte-
#501990	REDUCE cov: 49 ft: 405 corp: 142/3460b lim: 4096 exec/s: 501990 rss: 35Mb L: 26/34 MS: 4 ChangeASCIIInt-InsertByte-ShuffleBytes-EraseBytes-
#503798	REDUCE cov: 49 ft: 405 corp: 142/3458b lim: 4096 exec/s: 503798 rss: 35Mb L: 19/34 MS: 3 CMP-EraseBytes-PersAutoDict- DE: "\377\377\377\377"-"\000\000"-
#518310	REDUCE cov: 49 ft: 405 corp: 142/3456b lim: 4096 exec/s: 518310 rss: 35Mb L: 26/34 MS: 2 ChangeByte-EraseBytes-
#518662	REDUCE cov: 49 ft: 405 corp: 142/3454b lim: 4096 exec/s: 518662 rss: 35Mb L: 26/34 MS: 2 InsertByte-EraseBytes-
#520802	REDUCE cov: 49 ft: 406 corp: 143/3470b lim: 4096 exec/s: 520802 rss: 35Mb L: 16/34 MS: 5 ChangeBinInt-EraseBytes-InsertRepeatedBytes-ChangeBit-CopyPart-
#529542	REDUCE cov: 49 ft: 406 corp: 143/3468b lim: 4096 exec/s: 529542 rss: 35Mb L: 26/34 MS: 5 InsertByte-CopyPart-EraseBytes-CrossOver-EraseBytes-
#531373	NEW    cov: 49 ft: 407 corp: 144/3496b lim: 4096 exec/s: 531373 rss: 35Mb L: 28/34 MS: 1 ChangeASCIIInt-
#536517	REDUCE cov: 49 ft: 407 corp: 144/3494b lim: 4096 exec/s: 536517 rss: 35Mb L: 26/34 MS: 4 ChangeBinInt-ChangeBit-ChangeBinInt-EraseBytes-
#539283	NEW    cov: 49 ft: 408 corp: 145/3522b lim: 4096 exec/s: 539283 rss: 35Mb L: 28/34 MS: 1 ChangeBit-
#539341	REDUCE cov: 49 ft: 408 corp: 145/3516b lim: 4096 exec/s: 539341 rss: 35Mb L: 16/34 MS: 3 ChangeASCIIInt-ChangeBinInt-EraseBytes-
#547553	REDUCE cov: 49 ft: 408 corp: 145/3514b lim: 4096 exec/s: 547553 rss: 35Mb L: 26/34 MS: 2 ChangeByte-EraseBytes-
#554281	REDUCE cov: 49 ft: 408 corp: 145/3513b lim: 4096 exec/s: 554281 rss: 35Mb L: 18/34 MS: 3 CopyPart-CopyPart-EraseBytes-
#576105	REDUCE cov: 49 ft: 408 corp: 145/3509b lim: 4096 exec/s: 576105 rss: 35Mb L: 22/34 MS: 4 PersAutoDict-CopyPart-ChangeBit-EraseBytes- DE: "\377\377\377`"-
#576106	NEW    cov: 49 ft: 409 corp: 146/3537b lim: 4096 exec/s: 576106 rss: 35Mb L: 28/34 MS: 1 ChangeBit-
#577056	REDUCE cov: 49 ft: 409 corp: 146/3535b lim: 4096 exec/s: 577056 rss: 35Mb L: 26/34 MS: 5 ChangeBit-EraseBytes-ChangeASCIIInt-ChangeBit-CrossOver-
#596922	NEW    cov: 49 ft: 411 corp: 147/3563b lim: 4096 exec/s: 596922 rss: 36Mb L: 28/34 MS: 1 CrossOver-
#609364	REDUCE cov: 49 ft: 411 corp: 147/3561b lim: 4096 exec/s: 609364 rss: 36Mb L: 26/34 MS: 2 ChangeByte-EraseBytes-
#619963	REDUCE cov: 49 ft: 411 corp: 147/3559b lim: 4096 exec/s: 619963 rss: 36Mb L: 18/34 MS: 4 ChangeBit-ChangeASCIIInt-ChangeBinInt-EraseBytes-
#626401	REDUCE cov: 49 ft: 411 corp: 147/3558b lim: 4096 exec/s: 626401 rss: 36Mb L: 15/34 MS: 3 ChangeASCIIInt-ChangeByte-EraseBytes-
#635206	REDUCE cov: 49 ft: 411 corp: 147/3556b lim: 4096 exec/s: 635206 rss: 36Mb L: 26/34 MS: 5 ShuffleBytes-PersAutoDict-PersAutoDict-EraseBytes-ChangeByte- DE: "\000\000"-"\001\000"-
#637764	REDUCE cov: 49 ft: 411 corp: 147/3554b lim: 4096 exec/s: 637764 rss: 36Mb L: 20/34 MS: 3 PersAutoDict-EraseBytes-ChangeByte- DE: "\3770"-
#647017	REDUCE cov: 49 ft: 411 corp: 147/3552b lim: 4096 exec/s: 647017 rss: 36Mb L: 24/34 MS: 3 EraseBytes-CopyPart-ChangeByte-
#648590	REDUCE cov: 49 ft: 411 corp: 147/3550b lim: 4096 exec/s: 648590 rss: 36Mb L: 24/34 MS: 3 ChangeBit-PersAutoDict-EraseBytes- DE: "\001\000\000\000\000\000\000\034"-
#659183	REDUCE cov: 49 ft: 411 corp: 147/3548b lim: 4096 exec/s: 659183 rss: 36Mb L: 20/34 MS: 3 ChangeByte-ChangeBit-EraseBytes-
#659555	REDUCE cov: 49 ft: 411 corp: 147/3546b lim: 4096 exec/s: 659555 rss: 36Mb L: 26/34 MS: 2 ChangeByte-EraseBytes-
#665470	REDUCE cov: 49 ft: 411 corp: 147/3542b lim: 4096 exec/s: 665470 rss: 36Mb L: 20/34 MS: 5 EraseBytes-ChangeBinInt-ShuffleBytes-ChangeByte-InsertByte-
#673077	REDUCE cov: 49 ft: 411 corp: 147/3540b lim: 4096 exec/s: 673077 rss: 36Mb L: 26/34 MS: 2 EraseBytes-ChangeBinInt-
#674636	REDUCE cov: 49 ft: 411 corp: 147/3536b lim: 4096 exec/s: 674636 rss: 36Mb L: 16/34 MS: 4 CopyPart-ShuffleBytes-ShuffleBytes-EraseBytes-
#681573	NEW    cov: 49 ft: 412 corp: 148/3564b lim: 4096 exec/s: 681573 rss: 36Mb L: 28/34 MS: 2 ChangeBit-CrossOver-
#688156	REDUCE cov: 49 ft: 412 corp: 148/3560b lim: 4096 exec/s: 688156 rss: 36Mb L: 24/34 MS: 3 EraseBytes-ChangeASCIIInt-ChangeBinInt-
#698193	REDUCE cov: 49 ft: 412 corp: 148/3554b lim: 4096 exec/s: 698193 rss: 36Mb L: 20/34 MS: 2 ChangeBinInt-EraseBytes-
#710468	REDUCE cov: 49 ft: 412 corp: 148/3552b lim: 4096 exec/s: 710468 rss: 36Mb L: 26/34 MS: 5 PersAutoDict-InsertByte-EraseBytes-InsertByte-InsertByte- DE: "8\000\000\000"-
#712881	REDUCE cov: 49 ft: 412 corp: 148/3548b lim: 4096 exec/s: 712881 rss: 36Mb L: 22/34 MS: 3 CMP-ShuffleBytes-EraseBytes- DE: "\377\377\377\377\377\377\377\000"-
#717214	REDUCE cov: 49 ft: 412 corp: 148/3546b lim: 4096 exec/s: 717214 rss: 36Mb L: 26/34 MS: 3 EraseBytes-CrossOver-ChangeBit-
#722016	REDUCE cov: 49 ft: 412 corp: 148/3542b lim: 4096 exec/s: 722016 rss: 36Mb L: 24/34 MS: 2 CMP-EraseBytes- DE: "\377\377"-
#725584	REDUCE cov: 49 ft: 412 corp: 148/3540b lim: 4096 exec/s: 725584 rss: 36Mb L: 24/34 MS: 3 EraseBytes-CopyPart-InsertByte-
#738556	REDUCE cov: 49 ft: 412 corp: 148/3538b lim: 4096 exec/s: 738556 rss: 36Mb L: 26/34 MS: 2 EraseBytes-ChangeByte-
#747299	REDUCE cov: 49 ft: 412 corp: 148/3534b lim: 4096 exec/s: 747299 rss: 36Mb L: 22/34 MS: 3 PersAutoDict-EraseBytes-ChangeByte- DE: "\3770"-
#756572	NEW    cov: 49 ft: 414 corp: 149/3562b lim: 4096 exec/s: 756572 rss: 36Mb L: 28/34 MS: 3 CopyPart-ChangeBinInt-ChangeBit-
#757704	REDUCE cov: 49 ft: 414 corp: 149/3560b lim: 4096 exec/s: 757704 rss: 36Mb L: 24/34 MS: 2 CopyPart-EraseBytes-
#783834	REDUCE cov: 49 ft: 414 corp: 149/3556b lim: 4096 exec/s: 783834 rss: 36Mb L: 16/34 MS: 5 EraseBytes-ChangeByte-ShuffleBytes-ChangeASCIIInt-ChangeBinInt-
#809893	REDUCE cov: 49 ft: 414 corp: 149/3554b lim: 4096 exec/s: 809893 rss: 36Mb L: 22/34 MS: 4 CrossOver-PersAutoDict-EraseBytes-ChangeByte- DE: "\377\377"-
#825222	REDUCE cov: 49 ft: 414 corp: 149/3552b lim: 4096 exec/s: 825222 rss: 36Mb L: 26/34 MS: 4 InsertByte-CopyPart-InsertByte-EraseBytes-
#839562	REDUCE cov: 49 ft: 414 corp: 149/3550b lim: 4096 exec/s: 419781 rss: 36Mb L: 26/34 MS: 5 ChangeByte-InsertByte-InsertByte-ChangeBinInt-EraseBytes-
#867201	REDUCE cov: 49 ft: 414 corp: 149/3548b lim: 4096 exec/s: 433600 rss: 36Mb L: 24/34 MS: 4 ChangeBit-ChangeBit-ChangeASCIIInt-EraseBytes-
#887533	NEW    cov: 49 ft: 416 corp: 150/3576b lim: 4096 exec/s: 443766 rss: 36Mb L: 28/34 MS: 2 ChangeBinInt-ChangeBit-
#889497	REDUCE cov: 49 ft: 416 corp: 150/3574b lim: 4096 exec/s: 444748 rss: 36Mb L: 20/34 MS: 4 CopyPart-EraseBytes-ChangeBinInt-ChangeBinInt-
#924096	REDUCE cov: 49 ft: 416 corp: 150/3572b lim: 4096 exec/s: 462048 rss: 36Mb L: 26/34 MS: 4 ChangeByte-ChangeByte-ChangeBit-EraseBytes-
#928489	REDUCE cov: 49 ft: 416 corp: 150/3570b lim: 4096 exec/s: 464244 rss: 36Mb L: 24/34 MS: 3 ChangeByte-ShuffleBytes-EraseBytes-
#928637	REDUCE cov: 49 ft: 416 corp: 150/3568b lim: 4096 exec/s: 464318 rss: 36Mb L: 26/34 MS: 3 EraseBytes-InsertByte-InsertByte-
#938107	REDUCE cov: 49 ft: 416 corp: 150/3562b lim: 4096 exec/s: 469053 rss: 36Mb L: 16/34 MS: 5 PersAutoDict-InsertByte-CMP-PersAutoDict-EraseBytes- DE: "\377\377\377\377\377\377\377\000"-"\001\000\000\000\000\000\000\000"-"\377\377\377\377"-
#962479	REDUCE cov: 49 ft: 416 corp: 150/3560b lim: 4096 exec/s: 481239 rss: 36Mb L: 24/34 MS: 2 InsertByte-EraseBytes-
#981832	REDUCE cov: 49 ft: 416 corp: 150/3556b lim: 4096 exec/s: 490916 rss: 36Mb L: 24/34 MS: 3 PersAutoDict-CrossOver-EraseBytes- DE: "\377\377\377\377"-
#981860	REDUCE cov: 49 ft: 416 corp: 150/3554b lim: 4096 exec/s: 490930 rss: 36Mb L: 16/34 MS: 3 PersAutoDict-EraseBytes-ChangeBit- DE: "\377\377\377\377"-
#982343	REDUCE cov: 49 ft: 416 corp: 150/3552b lim: 4096 exec/s: 491171 rss: 36Mb L: 22/34 MS: 3 EraseBytes-ShuffleBytes-InsertByte-
#983046	REDUCE cov: 49 ft: 416 corp: 150/3550b lim: 4096 exec/s: 491523 rss: 36Mb L: 24/34 MS: 3 CrossOver-PersAutoDict-EraseBytes- DE: "\001\000\000\000\000\000\000\000"-
#1007530	REDUCE cov: 49 ft: 416 corp: 150/3544b lim: 4096 exec/s: 503765 rss: 36Mb L: 18/34 MS: 4 EraseBytes-ShuffleBytes-PersAutoDict-ChangeByte- DE: "\377\377\377\377"-
#1012972	REDUCE cov: 49 ft: 416 corp: 150/3542b lim: 4096 exec/s: 506486 rss: 36Mb L: 26/34 MS: 2 EraseBytes-ChangeBinInt-
#1022981	REDUCE cov: 49 ft: 416 corp: 150/3540b lim: 4096 exec/s: 511490 rss: 36Mb L: 22/34 MS: 4 ChangeASCIIInt-EraseBytes-ChangeBit-CopyPart-
#1032724	REDUCE cov: 49 ft: 416 corp: 150/3536b lim: 4096 exec/s: 516362 rss: 36Mb L: 20/34 MS: 3 ChangeBinInt-EraseBytes-EraseBytes-
#1048576	pulse  cov: 49 ft: 416 corp: 150/3536b lim: 4096 exec/s: 524288 rss: 36Mb
#1062483	REDUCE cov: 49 ft: 416 corp: 150/3534b lim: 4096 exec/s: 531241 rss: 36Mb L: 24/34 MS: 4 CrossOver-ChangeASCIIInt-EraseBytes-PersAutoDict- DE: "\377\377"-
#1067198	REDUCE cov: 49 ft: 416 corp: 150/3532b lim: 4096 exec/s: 533599 rss: 36Mb L: 22/34 MS: 5 PersAutoDict-CrossOver-CMP-ChangeByte-EraseBytes- DE: "\000\000"-"\377\377\3778"-
#1109535	REDUCE cov: 49 ft: 416 corp: 150/3530b lim: 4096 exec/s: 554767 rss: 36Mb L: 16/34 MS: 2 CopyPart-EraseBytes-
#1128417	REDUCE cov: 49 ft: 416 corp: 150/3528b lim: 4096 exec/s: 564208 rss: 36Mb L: 18/34 MS: 2 EraseBytes-ChangeBinInt-
#1128869	REDUCE cov: 49 ft: 416 corp: 150/3526b lim: 4096 exec/s: 564434 rss: 36Mb L: 20/34 MS: 2 EraseBytes-CrossOver-
#1142772	REDUCE cov: 49 ft: 416 corp: 150/3524b lim: 4096 exec/s: 571386 rss: 36Mb L: 24/34 MS: 3 CopyPart-ShuffleBytes-EraseBytes-
#1176011	REDUCE cov: 49 ft: 416 corp: 150/3522b lim: 4096 exec/s: 588005 rss: 36Mb L: 16/34 MS: 4 CopyPart-EraseBytes-ChangeASCIIInt-ChangeBinInt-
#1180554	REDUCE cov: 49 ft: 416 corp: 150/3514b lim: 4096 exec/s: 590277 rss: 36Mb L: 18/34 MS: 3 ShuffleBytes-EraseBytes-ChangeBinInt-
#1229924	REDUCE cov: 49 ft: 416 corp: 150/3512b lim: 4096 exec/s: 614962 rss: 36Mb L: 24/34 MS: 5 ChangeByte-ChangeByte-CopyPart-ChangeASCIIInt-EraseBytes-
#1230426	REDUCE cov: 49 ft: 416 corp: 150/3510b lim: 4096 exec/s: 615213 rss: 36Mb L: 26/34 MS: 2 ChangeByte-EraseBytes-
#1236773	REDUCE cov: 49 ft: 416 corp: 150/3508b lim: 4096 exec/s: 618386 rss: 36Mb L: 24/34 MS: 2 InsertByte-EraseBytes-
#1256045	REDUCE cov: 49 ft: 416 corp: 150/3506b lim: 4096 exec/s: 628022 rss: 36Mb L: 26/34 MS: 2 EraseBytes-CrossOver-
#1263340	REDUCE cov: 49 ft: 416 corp: 150/3504b lim: 4096 exec/s: 631670 rss: 36Mb L: 26/34 MS: 5 CopyPart-EraseBytes-CrossOver-CrossOver-ChangeBit-
#1286284	REDUCE cov: 49 ft: 416 corp: 150/3503b lim: 4096 exec/s: 428761 rss: 36Mb L: 15/34 MS: 4 EraseBytes-InsertByte-CMP-InsertByte- DE: "\377\377\377\377\377\377\377\033"-
#1302641	REDUCE cov: 49 ft: 416 corp: 150/3501b lim: 4096 exec/s: 434213 rss: 36Mb L: 20/34 MS: 2 EraseBytes-ChangeByte-
#1368863	REDUCE cov: 49 ft: 416 corp: 150/3497b lim: 4096 exec/s: 456287 rss: 36Mb L: 24/34 MS: 2 CMP-EraseBytes- DE: "\377\377\377@"-
#1388502	REDUCE cov: 49 ft: 416 corp: 150/3495b lim: 4096 exec/s: 462834 rss: 36Mb L: 16/34 MS: 4 ShuffleBytes-ShuffleBytes-InsertByte-EraseBytes-
#1400836	REDUCE cov: 49 ft: 416 corp: 150/3493b lim: 4096 exec/s: 466945 rss: 36Mb L: 22/34 MS: 4 CrossOver-ChangeASCIIInt-InsertByte-EraseBytes-
#1409046	REDUCE cov: 49 ft: 416 corp: 150/3491b lim: 4096 exec/s: 469682 rss: 36Mb L: 18/34 MS: 5 ShuffleBytes-PersAutoDict-ChangeByte-InsertByte-EraseBytes- DE: "\3770"-
#1470249	REDUCE cov: 49 ft: 416 corp: 150/3489b lim: 4096 exec/s: 490083 rss: 36Mb L: 24/34 MS: 3 ChangeBit-ChangeByte-EraseBytes-
#1473179	REDUCE cov: 49 ft: 416 corp: 150/3485b lim: 4096 exec/s: 491059 rss: 36Mb L: 22/34 MS: 5 ChangeByte-CrossOver-ChangeBinInt-PersAutoDict-EraseBytes- DE: "\377\377\377`"-
#1485602	REDUCE cov: 49 ft: 416 corp: 150/3483b lim: 4096 exec/s: 495200 rss: 36Mb L: 24/34 MS: 3 ChangeASCIIInt-EraseBytes-InsertByte-
#1486635	REDUCE cov: 49 ft: 416 corp: 150/3479b lim: 4096 exec/s: 495545 rss: 36Mb L: 22/34 MS: 3 CrossOver-EraseBytes-CopyPart-
#1597917	REDUCE cov: 49 ft: 416 corp: 150/3477b lim: 4096 exec/s: 532639 rss: 36Mb L: 22/34 MS: 2 PersAutoDict-EraseBytes- DE: "\377\377\377@"-
#1626200	REDUCE cov: 49 ft: 416 corp: 150/3475b lim: 4096 exec/s: 542066 rss: 36Mb L: 24/34 MS: 3 EraseBytes-ShuffleBytes-ChangeByte-
#1628143	REDUCE cov: 49 ft: 416 corp: 150/3473b lim: 4096 exec/s: 542714 rss: 36Mb L: 16/34 MS: 3 CopyPart-EraseBytes-CopyPart-
#1639355	REDUCE cov: 49 ft: 416 corp: 150/3471b lim: 4096 exec/s: 546451 rss: 36Mb L: 24/34 MS: 2 EraseBytes-ChangeBinInt-
#1666927	REDUCE cov: 49 ft: 416 corp: 150/3469b lim: 4096 exec/s: 555642 rss: 36Mb L: 24/34 MS: 2 InsertByte-EraseBytes-
#1678321	REDUCE cov: 49 ft: 416 corp: 150/3465b lim: 4096 exec/s: 559440 rss: 36Mb L: 24/34 MS: 4 PersAutoDict-EraseBytes-PersAutoDict-InsertByte- DE: "\377\377\377`"-"\3770"-
#1693188	REDUCE cov: 49 ft: 416 corp: 150/3463b lim: 4096 exec/s: 564396 rss: 36Mb L: 16/34 MS: 2 EraseBytes-ChangeBit-
#1704420	REDUCE cov: 49 ft: 416 corp: 150/3461b lim: 4096 exec/s: 426105 rss: 36Mb L: 22/34 MS: 2 EraseBytes-PersAutoDict- DE: "\377\377"-
#1717178	REDUCE cov: 49 ft: 416 corp: 150/3459b lim: 4096 exec/s: 429294 rss: 36Mb L: 24/34 MS: 3 ShuffleBytes-CMP-EraseBytes- DE: "\3776"-
#1726371	REDUCE cov: 49 ft: 416 corp: 150/3455b lim: 4096 exec/s: 431592 rss: 36Mb L: 20/34 MS: 3 CopyPart-PersAutoDict-EraseBytes- DE: "\377\377\377\377\377\377\377\030"-
#1750180	REDUCE cov: 49 ft: 416 corp: 150/3453b lim: 4096 exec/s: 437545 rss: 36Mb L: 22/34 MS: 4 ChangeBinInt-InsertByte-ChangeASCIIInt-EraseBytes-
#1758039	REDUCE cov: 49 ft: 416 corp: 150/3451b lim: 4096 exec/s: 439509 rss: 36Mb L: 20/34 MS: 4 CopyPart-InsertByte-ChangeBit-EraseBytes-
#1761468	REDUCE cov: 49 ft: 416 corp: 150/3449b lim: 4096 exec/s: 440367 rss: 36Mb L: 22/34 MS: 4 ShuffleBytes-CMP-CrossOver-EraseBytes- DE: ":\000"-
#1771011	REDUCE cov: 49 ft: 416 corp: 150/3447b lim: 4096 exec/s: 442752 rss: 36Mb L: 20/34 MS: 3 ChangeASCIIInt-EraseBytes-InsertByte-
#1795808	REDUCE cov: 49 ft: 416 corp: 150/3445b lim: 4096 exec/s: 448952 rss: 36Mb L: 22/34 MS: 2 InsertByte-EraseBytes-
#1806591	REDUCE cov: 49 ft: 416 corp: 150/3441b lim: 4096 exec/s: 451647 rss: 36Mb L: 22/34 MS: 3 InsertByte-ChangeBinInt-EraseBytes-
#1856729	REDUCE cov: 49 ft: 416 corp: 150/3439b lim: 4096 exec/s: 464182 rss: 36Mb L: 20/34 MS: 3 EraseBytes-ShuffleBytes-ChangeByte-
#1858811	REDUCE cov: 49 ft: 416 corp: 150/3435b lim: 4096 exec/s: 464702 rss: 36Mb L: 20/34 MS: 2 EraseBytes-PersAutoDict- DE: "\377\377\3778"-
#1879103	REDUCE cov: 49 ft: 416 corp: 150/3429b lim: 4096 exec/s: 469775 rss: 36Mb L: 22/34 MS: 2 PersAutoDict-EraseBytes- DE: "\377\377\377@"-
#1880771	REDUCE cov: 49 ft: 416 corp: 150/3427b lim: 4096 exec/s: 470192 rss: 36Mb L: 22/34 MS: 3 ChangeASCIIInt-EraseBytes-PersAutoDict- DE: "\3776"-
#1885083	REDUCE cov: 49 ft: 416 corp: 150/3425b lim: 4096 exec/s: 471270 rss: 36Mb L: 24/34 MS: 2 EraseBytes-CopyPart-
#1948300	REDUCE cov: 49 ft: 416 corp: 150/3423b lim: 4096 exec/s: 487075 rss: 36Mb L: 20/34 MS: 2 EraseBytes-ChangeBit-
#1954292	REDUCE cov: 49 ft: 416 corp: 150/3421b lim: 4096 exec/s: 488573 rss: 36Mb L: 16/34 MS: 2 CopyPart-EraseBytes-
#2008739	REDUCE cov: 49 ft: 416 corp: 150/3419b lim: 4096 exec/s: 502184 rss: 36Mb L: 24/34 MS: 2 CMP-EraseBytes- DE: "\377\377\377\377\377\377\377!"-
#2021814	REDUCE cov: 49 ft: 416 corp: 150/3415b lim: 4096 exec/s: 505453 rss: 36Mb L: 16/34 MS: 5 PersAutoDict-EraseBytes-CrossOver-ChangeBit-EraseBytes- DE: "\000\000"-
#2173312	REDUCE cov: 49 ft: 416 corp: 150/3411b lim: 4096 exec/s: 434662 rss: 36Mb L: 20/34 MS: 3 CrossOver-ChangeBit-EraseBytes-
#2200011	REDUCE cov: 49 ft: 416 corp: 150/3409b lim: 4096 exec/s: 440002 rss: 36Mb L: 26/34 MS: 4 ShuffleBytes-InsertByte-PersAutoDict-EraseBytes- DE: "\377\377\377`"-
#2252540	REDUCE cov: 49 ft: 416 corp: 150/3405b lim: 4096 exec/s: 450508 rss: 36Mb L: 22/34 MS: 4 CMP-CopyPart-PersAutoDict-EraseBytes- DE: "9\000"-"\377\377\377\377"-
#2413603	REDUCE cov: 49 ft: 416 corp: 150/3401b lim: 4096 exec/s: 482720 rss: 36Mb L: 24/34 MS: 3 CMP-ChangeBinInt-EraseBytes- DE: "\000\000\000a"-
#2599063	REDUCE cov: 49 ft: 416 corp: 150/3399b lim: 4096 exec/s: 433177 rss: 36Mb L: 22/34 MS: 5 ChangeBit-ChangeASCIIInt-CrossOver-CrossOver-EraseBytes-
panic: found special char in iban [recovered]
	panic: found special char in iban

goroutine 17 [running, locked to thread]:
git.ultraware.nl/iddinkgroep/fundament-api.Fuzz.func1()
	git.ultraware.nl/iddinkgroep/fundament-api/fuzz.go:19 +0xa5
panic({0x5590a1d1a760?, 0x5590a1d2dc70?})
	runtime/panic.go:914 +0x21f
git.ultraware.nl/iddinkgroep/fundament-api.Fuzz({0xc0001efd40, 0x1c})
	git.ultraware.nl/iddinkgroep/fundament-api/fuzz.go:34 +0x2b9
git.ultraware.nl/iddinkgroep/fundament-api.Fuzz_(...)
	git.ultraware.nl/iddinkgroep/fundament-api/fuzz.1527825026.go:6
main.LLVMFuzzerTestOneInput(...)
	./main.170485750.go:21
==10992== ERROR: libFuzzer: deadly signal
    #0 0x5590a1c3d630 in __sanitizer_print_stack_trace (/seedai/experiments/libfuzzer/source_iban/libfuzzer+0xaf630) (BuildId: 688cb25bec4564588da2a67f6a2b25148a0fd5d4)
    #1 0x5590a1c09755 in fuzzer::PrintStackTrace() (/seedai/experiments/libfuzzer/source_iban/libfuzzer+0x7b755) (BuildId: 688cb25bec4564588da2a67f6a2b25148a0fd5d4)
    #2 0x5590a1be83a9 in fuzzer::Fuzzer::CrashCallback() (.part.0) FuzzerLoop.cpp.o
    #3 0x5590a1be846a in fuzzer::Fuzzer::StaticCrashSignalCallback() (/seedai/experiments/libfuzzer/source_iban/libfuzzer+0x5a46a) (BuildId: 688cb25bec4564588da2a67f6a2b25148a0fd5d4)
    #4 0x7fb4e032b70f  (/usr/lib/libc.so.6+0x3e70f) (BuildId: 316d0d3666387f0e8fb98773f51aa1801027c5ab)
    #5 0x5590a1c9d160 in runtime.raise.abi0 runtime/sys_linux_amd64.s:153

NOTE: libFuzzer has rudimentary signal handlers.
      Combine libFuzzer with AddressSanitizer or similar for better crash reports.
SUMMARY: libFuzzer: deadly signal
MS: 1 ChangeByte-; base unit: 32bb15f8cc918c56bec974e3201c44195a4b2c67
0x48,0x55,0x34,0x30,0x2d,0x30,0x30,0x30,0x30,0x30,0x30,0x30,0x30,0x30,0x30,0x30,0x30,0x30,0x30,0x30,0x32,0x36,0x32,0x37,0x35,0x33,0x32,0x38,
HU40-00000000000000026275328
artifact_prefix='./'; Test unit written to ./crash-11cc9267ca4f5cfa024448a815d14ba3f34fe2a7
Base64: SFU0MC0wMDAwMDAwMDAwMDAwMDAyNjI3NTMyOA==
