INFO: Running with entropic power schedule (0xFF, 100).
INFO: Seed: 805255452
INFO: Loaded 1 modules   (70 inline 8-bit counters): 70 [0x56056e29f030, 0x56056e29f076), 
INFO: Loaded 1 PC tables (70 PCs): 70 [0xc000068000,0xc000068460), 
INFO:       10 files found in corpus
INFO: -max_len is not provided; libFuzzer will not generate inputs larger than 4096 bytes
INFO: seed corpus: files: 10 min: 17b max: 400b total: 1783b rss: 30Mb
#11	INITED cov: 11 ft: 28 corp: 3/74b exec/s: 0 rss: 30Mb
#16	NEW    cov: 11 ft: 29 corp: 4/91b lim: 33 exec/s: 0 rss: 30Mb L: 17/33 MS: 5 InsertByte-ChangeBit-ChangeASCIIInt-ChangeASCIIInt-EraseBytes-
#18	NEW    cov: 11 ft: 33 corp: 5/122b lim: 33 exec/s: 0 rss: 30Mb L: 31/33 MS: 2 CrossOver-CopyPart-
#28	NEW    cov: 12 ft: 36 corp: 6/153b lim: 33 exec/s: 0 rss: 30Mb L: 31/33 MS: 5 CopyPart-EraseBytes-ChangeBit-ChangeASCIIInt-ShuffleBytes-
#29	NEW    cov: 24 ft: 76 corp: 7/181b lim: 33 exec/s: 0 rss: 30Mb L: 28/33 MS: 1 CMP- DE: "\001\000\000\000"-
#42	NEW    cov: 24 ft: 78 corp: 8/213b lim: 33 exec/s: 0 rss: 30Mb L: 32/33 MS: 3 ChangeByte-ChangeASCIIInt-PersAutoDict- DE: "\001\000\000\000"-
#48	NEW    cov: 25 ft: 81 corp: 9/220b lim: 33 exec/s: 0 rss: 30Mb L: 7/33 MS: 1 CrossOver-
#50	NEW    cov: 25 ft: 82 corp: 10/247b lim: 33 exec/s: 0 rss: 30Mb L: 27/33 MS: 2 CMP-EraseBytes- DE: "\377\377\377\377\377\377\377\005"-
#61	NEW    cov: 25 ft: 83 corp: 11/261b lim: 33 exec/s: 0 rss: 30Mb L: 14/33 MS: 1 EraseBytes-
#67	NEW    cov: 25 ft: 84 corp: 12/269b lim: 33 exec/s: 0 rss: 30Mb L: 8/33 MS: 1 InsertByte-
#87	NEW    cov: 25 ft: 85 corp: 13/281b lim: 33 exec/s: 0 rss: 30Mb L: 12/33 MS: 5 ChangeBit-EraseBytes-ChangeBit-CopyPart-CrossOver-
#111	NEW    cov: 25 ft: 86 corp: 14/310b lim: 33 exec/s: 0 rss: 30Mb L: 29/33 MS: 4 ChangeBinInt-ChangeBit-ChangeBinInt-InsertRepeatedBytes-
#133	NEW    cov: 25 ft: 88 corp: 15/325b lim: 33 exec/s: 0 rss: 30Mb L: 15/33 MS: 2 ChangeBinInt-InsertByte-
#148	NEW    cov: 30 ft: 112 corp: 16/351b lim: 33 exec/s: 0 rss: 30Mb L: 26/33 MS: 5 PersAutoDict-ChangeBit-CMP-CrossOver-ChangeBinInt- DE: "\377\377\377\377\377\377\377\005"-"\001\000"-
#195	NEW    cov: 30 ft: 113 corp: 17/372b lim: 33 exec/s: 0 rss: 30Mb L: 21/33 MS: 2 InsertRepeatedBytes-EraseBytes-
#203	REDUCE cov: 30 ft: 113 corp: 17/369b lim: 33 exec/s: 0 rss: 30Mb L: 4/33 MS: 3 ShuffleBytes-InsertByte-EraseBytes-
#263	NEW    cov: 30 ft: 114 corp: 18/402b lim: 33 exec/s: 0 rss: 30Mb L: 33/33 MS: 5 CrossOver-ChangeByte-PersAutoDict-ChangeByte-CrossOver- DE: "\001\000"-
#275	REDUCE cov: 30 ft: 115 corp: 19/404b lim: 33 exec/s: 0 rss: 30Mb L: 2/33 MS: 2 ChangeASCIIInt-EraseBytes-
#287	NEW    cov: 30 ft: 116 corp: 20/429b lim: 33 exec/s: 0 rss: 30Mb L: 25/33 MS: 2 InsertByte-EraseBytes-
#328	NEW    cov: 30 ft: 118 corp: 21/455b lim: 33 exec/s: 0 rss: 30Mb L: 26/33 MS: 1 ChangeBinInt-
#360	REDUCE cov: 30 ft: 118 corp: 21/454b lim: 33 exec/s: 0 rss: 30Mb L: 1/33 MS: 2 ShuffleBytes-EraseBytes-
#421	NEW    cov: 30 ft: 122 corp: 22/480b lim: 33 exec/s: 0 rss: 30Mb L: 26/33 MS: 1 ChangeBit-
#452	NEW    cov: 30 ft: 123 corp: 23/506b lim: 33 exec/s: 0 rss: 30Mb L: 26/33 MS: 1 InsertRepeatedBytes-
#653	NEW    cov: 30 ft: 125 corp: 24/530b lim: 33 exec/s: 0 rss: 30Mb L: 24/33 MS: 1 CrossOver-
#689	NEW    cov: 30 ft: 127 corp: 25/554b lim: 33 exec/s: 0 rss: 30Mb L: 24/33 MS: 1 ChangeByte-
#695	NEW    cov: 30 ft: 129 corp: 26/580b lim: 33 exec/s: 0 rss: 30Mb L: 26/33 MS: 1 ChangeByte-
#771	NEW    cov: 30 ft: 130 corp: 27/606b lim: 33 exec/s: 0 rss: 30Mb L: 26/33 MS: 1 ChangeASCIIInt-
#798	NEW    cov: 30 ft: 132 corp: 28/632b lim: 33 exec/s: 0 rss: 30Mb L: 26/33 MS: 2 ChangeASCIIInt-ChangeBinInt-
#804	NEW    cov: 30 ft: 134 corp: 29/658b lim: 33 exec/s: 0 rss: 30Mb L: 26/33 MS: 1 ChangeBinInt-
#820	NEW    cov: 30 ft: 136 corp: 30/684b lim: 33 exec/s: 0 rss: 30Mb L: 26/33 MS: 1 ChangeASCIIInt-
#879	REDUCE cov: 30 ft: 136 corp: 30/680b lim: 33 exec/s: 0 rss: 30Mb L: 27/33 MS: 4 PersAutoDict-ChangeBinInt-ChangeByte-EraseBytes- DE: "\001\000\000\000"-
#883	NEW    cov: 30 ft: 137 corp: 31/704b lim: 33 exec/s: 0 rss: 30Mb L: 24/33 MS: 4 ChangeBit-EraseBytes-CopyPart-CrossOver-
#943	NEW    cov: 30 ft: 138 corp: 32/732b lim: 33 exec/s: 0 rss: 30Mb L: 28/33 MS: 5 CrossOver-CrossOver-CrossOver-ChangeBinInt-InsertRepeatedBytes-
#950	NEW    cov: 30 ft: 140 corp: 33/758b lim: 33 exec/s: 0 rss: 30Mb L: 26/33 MS: 2 InsertByte-CopyPart-
#962	NEW    cov: 30 ft: 143 corp: 34/784b lim: 33 exec/s: 0 rss: 30Mb L: 26/33 MS: 2 PersAutoDict-EraseBytes- DE: "\001\000"-
#1004	NEW    cov: 30 ft: 156 corp: 35/810b lim: 33 exec/s: 0 rss: 30Mb L: 26/33 MS: 2 PersAutoDict-CopyPart- DE: "\001\000"-
#1052	NEW    cov: 30 ft: 157 corp: 36/838b lim: 33 exec/s: 0 rss: 30Mb L: 28/33 MS: 3 ShuffleBytes-ChangeByte-CrossOver-
#1081	REDUCE cov: 30 ft: 157 corp: 36/828b lim: 33 exec/s: 0 rss: 30Mb L: 17/33 MS: 4 CrossOver-InsertByte-CMP-CrossOver- DE: "\017\000\000\000\000\000\000\000"-
#1452	NEW    cov: 30 ft: 158 corp: 37/854b lim: 33 exec/s: 0 rss: 30Mb L: 26/33 MS: 1 ChangeByte-
#1546	NEW    cov: 30 ft: 160 corp: 38/880b lim: 33 exec/s: 0 rss: 30Mb L: 26/33 MS: 4 ChangeByte-ChangeASCIIInt-ChangeByte-ChangeASCIIInt-
#1812	NEW    cov: 30 ft: 162 corp: 39/904b lim: 33 exec/s: 0 rss: 31Mb L: 24/33 MS: 1 ChangeByte-
#1948	NEW    cov: 32 ft: 174 corp: 40/932b lim: 33 exec/s: 0 rss: 31Mb L: 28/33 MS: 1 CopyPart-
#2443	NEW    cov: 32 ft: 175 corp: 41/959b lim: 33 exec/s: 0 rss: 31Mb L: 27/33 MS: 5 InsertByte-EraseBytes-InsertByte-EraseBytes-InsertRepeatedBytes-
#2600	NEW    cov: 32 ft: 176 corp: 42/985b lim: 33 exec/s: 0 rss: 31Mb L: 26/33 MS: 2 ChangeASCIIInt-ChangeByte-
#2720	REDUCE cov: 32 ft: 176 corp: 42/981b lim: 33 exec/s: 0 rss: 31Mb L: 17/33 MS: 5 CMP-CrossOver-PersAutoDict-ChangeBit-EraseBytes- DE: "\377\377"-"\001\000\000\000"-
#2781	NEW    cov: 32 ft: 178 corp: 43/1007b lim: 33 exec/s: 0 rss: 31Mb L: 26/33 MS: 1 ChangeByte-
#2782	REDUCE cov: 32 ft: 178 corp: 43/1002b lim: 33 exec/s: 0 rss: 31Mb L: 22/33 MS: 1 EraseBytes-
#2804	NEW    cov: 32 ft: 179 corp: 44/1028b lim: 33 exec/s: 0 rss: 31Mb L: 26/33 MS: 2 ChangeASCIIInt-CopyPart-
#2853	REDUCE cov: 32 ft: 179 corp: 44/1026b lim: 33 exec/s: 0 rss: 31Mb L: 15/33 MS: 4 CMP-EraseBytes-InsertByte-EraseBytes- DE: "\001\000\000\000\000\000\000\034"-
#2854	NEW    cov: 32 ft: 180 corp: 45/1052b lim: 33 exec/s: 0 rss: 31Mb L: 26/33 MS: 1 ChangeByte-
#2925	NEW    cov: 32 ft: 182 corp: 46/1078b lim: 33 exec/s: 0 rss: 31Mb L: 26/33 MS: 1 ChangeASCIIInt-
#3062	NEW    cov: 32 ft: 183 corp: 47/1104b lim: 33 exec/s: 0 rss: 31Mb L: 26/33 MS: 2 ChangeBinInt-InsertByte-
#3569	NEW    cov: 32 ft: 185 corp: 48/1138b lim: 38 exec/s: 0 rss: 31Mb L: 34/34 MS: 2 ChangeBinInt-PersAutoDict- DE: "\377\377\377\377\377\377\377\005"-
#3716	NEW    cov: 32 ft: 186 corp: 49/1156b lim: 38 exec/s: 0 rss: 31Mb L: 18/34 MS: 2 EraseBytes-ChangeBinInt-
#3784	REDUCE cov: 32 ft: 186 corp: 49/1152b lim: 38 exec/s: 0 rss: 31Mb L: 22/34 MS: 3 CMP-ChangeBinInt-EraseBytes- DE: "\012\000\000\000\000\000\000\000"-
#3876	NEW    cov: 32 ft: 189 corp: 50/1180b lim: 38 exec/s: 0 rss: 31Mb L: 28/34 MS: 2 CMP-ShuffleBytes- DE: "\001\000"-
#3924	REDUCE cov: 32 ft: 189 corp: 50/1173b lim: 38 exec/s: 0 rss: 31Mb L: 15/34 MS: 3 ShuffleBytes-EraseBytes-PersAutoDict- DE: "\001\000"-
#4920	NEW    cov: 46 ft: 248 corp: 51/1201b lim: 43 exec/s: 0 rss: 31Mb L: 28/34 MS: 1 EraseBytes-
#5273	REDUCE cov: 46 ft: 248 corp: 51/1198b lim: 43 exec/s: 0 rss: 31Mb L: 1/34 MS: 3 EraseBytes-CopyPart-EraseBytes-
#5286	REDUCE cov: 46 ft: 248 corp: 51/1180b lim: 43 exec/s: 0 rss: 31Mb L: 9/34 MS: 3 ChangeBinInt-ShuffleBytes-CrossOver-
#5611	NEW    cov: 46 ft: 258 corp: 52/1208b lim: 43 exec/s: 0 rss: 31Mb L: 28/34 MS: 5 InsertByte-CopyPart-CopyPart-ChangeASCIIInt-CrossOver-
#5702	NEW    cov: 46 ft: 259 corp: 53/1236b lim: 43 exec/s: 0 rss: 32Mb L: 28/34 MS: 1 CopyPart-
#5758	NEW    cov: 46 ft: 260 corp: 54/1264b lim: 43 exec/s: 0 rss: 32Mb L: 28/34 MS: 1 ChangeASCIIInt-
#5822	NEW    cov: 46 ft: 261 corp: 55/1292b lim: 43 exec/s: 0 rss: 32Mb L: 28/34 MS: 4 InsertByte-ChangeByte-InsertByte-ChangeBit-
#5868	NEW    cov: 46 ft: 262 corp: 56/1320b lim: 43 exec/s: 0 rss: 32Mb L: 28/34 MS: 1 CrossOver-
#6141	REDUCE cov: 46 ft: 262 corp: 56/1308b lim: 43 exec/s: 0 rss: 32Mb L: 21/34 MS: 3 ShuffleBytes-EraseBytes-ChangeBinInt-
#6378	NEW    cov: 46 ft: 265 corp: 57/1336b lim: 43 exec/s: 0 rss: 32Mb L: 28/34 MS: 2 ChangeBinInt-ChangeASCIIInt-
#6789	REDUCE cov: 46 ft: 265 corp: 57/1333b lim: 43 exec/s: 0 rss: 32Mb L: 25/34 MS: 1 EraseBytes-
#6841	NEW    cov: 46 ft: 267 corp: 58/1361b lim: 43 exec/s: 0 rss: 32Mb L: 28/34 MS: 2 CopyPart-ChangeASCIIInt-
#6888	REDUCE cov: 46 ft: 267 corp: 58/1358b lim: 43 exec/s: 0 rss: 32Mb L: 6/34 MS: 2 InsertByte-EraseBytes-
#7014	REDUCE cov: 46 ft: 267 corp: 58/1356b lim: 43 exec/s: 0 rss: 32Mb L: 23/34 MS: 1 EraseBytes-
#7398	REDUCE cov: 46 ft: 267 corp: 58/1353b lim: 43 exec/s: 0 rss: 32Mb L: 20/34 MS: 4 ChangeASCIIInt-ChangeASCIIInt-ShuffleBytes-EraseBytes-
#7700	REDUCE cov: 46 ft: 267 corp: 58/1349b lim: 43 exec/s: 0 rss: 32Mb L: 16/34 MS: 2 ChangeBinInt-EraseBytes-
#7767	REDUCE cov: 46 ft: 268 corp: 59/1365b lim: 43 exec/s: 0 rss: 32Mb L: 16/34 MS: 2 ChangeByte-ChangeBit-
#8878	NEW    cov: 46 ft: 270 corp: 60/1393b lim: 53 exec/s: 0 rss: 32Mb L: 28/34 MS: 1 ChangeASCIIInt-
#8902	REDUCE cov: 46 ft: 270 corp: 60/1391b lim: 53 exec/s: 0 rss: 32Mb L: 26/34 MS: 4 PersAutoDict-EraseBytes-ChangeASCIIInt-ChangeByte- DE: "\012\000\000\000\000\000\000\000"-
#10013	NEW    cov: 46 ft: 271 corp: 61/1419b lim: 63 exec/s: 0 rss: 32Mb L: 28/34 MS: 1 ShuffleBytes-
#10435	NEW    cov: 46 ft: 272 corp: 62/1447b lim: 63 exec/s: 0 rss: 33Mb L: 28/34 MS: 2 ChangeByte-ShuffleBytes-
#10897	NEW    cov: 46 ft: 274 corp: 63/1471b lim: 63 exec/s: 0 rss: 33Mb L: 24/34 MS: 2 EraseBytes-CMP- DE: "\377\377"-
#12058	NEW    cov: 46 ft: 276 corp: 64/1495b lim: 74 exec/s: 0 rss: 33Mb L: 24/34 MS: 1 ShuffleBytes-
#12459	REDUCE cov: 46 ft: 276 corp: 64/1494b lim: 74 exec/s: 0 rss: 33Mb L: 5/34 MS: 1 EraseBytes-
#12886	REDUCE cov: 46 ft: 276 corp: 64/1492b lim: 74 exec/s: 0 rss: 33Mb L: 3/34 MS: 2 PersAutoDict-EraseBytes- DE: "\377\377"-
#12977	NEW    cov: 46 ft: 278 corp: 65/1516b lim: 74 exec/s: 0 rss: 33Mb L: 24/34 MS: 1 ChangeASCIIInt-
#13173	NEW    cov: 46 ft: 280 corp: 66/1544b lim: 74 exec/s: 0 rss: 33Mb L: 28/34 MS: 1 ChangeASCIIInt-
#13219	NEW    cov: 46 ft: 282 corp: 67/1572b lim: 74 exec/s: 0 rss: 33Mb L: 28/34 MS: 1 ChangeASCIIInt-
#14016	REDUCE cov: 46 ft: 282 corp: 67/1570b lim: 80 exec/s: 0 rss: 33Mb L: 24/34 MS: 2 ChangeBinInt-EraseBytes-
#14238	NEW    cov: 46 ft: 284 corp: 68/1595b lim: 80 exec/s: 0 rss: 34Mb L: 25/34 MS: 2 InsertByte-ChangeBit-
#15168	REDUCE cov: 46 ft: 284 corp: 68/1594b lim: 86 exec/s: 0 rss: 34Mb L: 15/34 MS: 5 InsertByte-ChangeBit-ShuffleBytes-ChangeBinInt-EraseBytes-
#15799	NEW    cov: 46 ft: 285 corp: 69/1622b lim: 92 exec/s: 0 rss: 34Mb L: 28/34 MS: 1 CopyPart-
#16085	NEW    cov: 46 ft: 286 corp: 70/1650b lim: 92 exec/s: 0 rss: 34Mb L: 28/34 MS: 1 ChangeASCIIInt-
#17978	REDUCE cov: 46 ft: 286 corp: 70/1648b lim: 110 exec/s: 0 rss: 34Mb L: 16/34 MS: 3 ChangeByte-ChangeBit-EraseBytes-
#18060	NEW    cov: 46 ft: 288 corp: 71/1676b lim: 110 exec/s: 0 rss: 34Mb L: 28/34 MS: 2 ChangeBit-ChangeASCIIInt-
#24091	NEW    cov: 46 ft: 290 corp: 72/1702b lim: 163 exec/s: 0 rss: 35Mb L: 26/34 MS: 1 ChangeASCIIInt-
#25013	REDUCE cov: 46 ft: 290 corp: 72/1700b lim: 170 exec/s: 0 rss: 35Mb L: 20/34 MS: 2 ChangeByte-EraseBytes-
#33982	REDUCE cov: 46 ft: 290 corp: 72/1698b lim: 254 exec/s: 0 rss: 35Mb L: 24/34 MS: 4 ChangeBinInt-CopyPart-ChangeByte-EraseBytes-
#35213	NEW    cov: 46 ft: 292 corp: 73/1726b lim: 261 exec/s: 0 rss: 35Mb L: 28/34 MS: 1 ChangeASCIIInt-
#35344	NEW    cov: 46 ft: 294 corp: 74/1754b lim: 261 exec/s: 0 rss: 35Mb L: 28/34 MS: 1 ShuffleBytes-
#37923	REDUCE cov: 46 ft: 294 corp: 74/1750b lim: 285 exec/s: 0 rss: 35Mb L: 24/34 MS: 4 ChangeByte-PersAutoDict-ChangeByte-EraseBytes- DE: "\377\377"-
#38276	REDUCE cov: 46 ft: 294 corp: 74/1748b lim: 285 exec/s: 0 rss: 35Mb L: 22/34 MS: 3 EraseBytes-ChangeBit-PersAutoDict- DE: "\012\000\000\000\000\000\000\000"-
#42696	REDUCE cov: 46 ft: 294 corp: 74/1744b lim: 325 exec/s: 0 rss: 35Mb L: 22/34 MS: 5 InsertByte-ChangeBit-CrossOver-ChangeBinInt-EraseBytes-
#43535	REDUCE cov: 46 ft: 294 corp: 74/1740b lim: 333 exec/s: 0 rss: 35Mb L: 20/34 MS: 4 ChangeBinInt-InsertByte-PersAutoDict-EraseBytes- DE: "\377\377"-
#47505	REDUCE cov: 46 ft: 294 corp: 74/1738b lim: 365 exec/s: 0 rss: 35Mb L: 15/34 MS: 5 ShuffleBytes-EraseBytes-ShuffleBytes-ChangeASCIIInt-InsertByte-
#54542	NEW    cov: 47 ft: 297 corp: 75/1766b lim: 429 exec/s: 0 rss: 35Mb L: 28/34 MS: 2 ChangeByte-ChangeByte-
#55013	NEW    cov: 48 ft: 302 corp: 76/1792b lim: 429 exec/s: 0 rss: 35Mb L: 26/34 MS: 1 ChangeBinInt-
#55661	NEW    cov: 48 ft: 303 corp: 77/1818b lim: 429 exec/s: 0 rss: 35Mb L: 26/34 MS: 3 ChangeByte-ShuffleBytes-ChangeBinInt-
#55847	NEW    cov: 48 ft: 304 corp: 78/1844b lim: 429 exec/s: 0 rss: 35Mb L: 26/34 MS: 1 ChangeBinInt-
#55939	NEW    cov: 48 ft: 305 corp: 79/1870b lim: 429 exec/s: 0 rss: 35Mb L: 26/34 MS: 2 ChangeASCIIInt-ChangeBit-
#55967	REDUCE cov: 48 ft: 305 corp: 79/1868b lim: 429 exec/s: 0 rss: 35Mb L: 24/34 MS: 3 ChangeByte-EraseBytes-ChangeByte-
#56383	NEW    cov: 48 ft: 306 corp: 80/1894b lim: 429 exec/s: 0 rss: 35Mb L: 26/34 MS: 1 ChangeBit-
#56799	NEW    cov: 48 ft: 307 corp: 81/1920b lim: 429 exec/s: 0 rss: 35Mb L: 26/34 MS: 1 ShuffleBytes-
#57106	NEW    cov: 48 ft: 308 corp: 82/1946b lim: 429 exec/s: 0 rss: 35Mb L: 26/34 MS: 2 ChangeASCIIInt-ChangeASCIIInt-
#57319	NEW    cov: 48 ft: 309 corp: 83/1972b lim: 429 exec/s: 0 rss: 35Mb L: 26/34 MS: 3 PersAutoDict-ShuffleBytes-ChangeBit- DE: "\001\000\000\000\000\000\000\034"-
#57350	NEW    cov: 48 ft: 310 corp: 84/1998b lim: 429 exec/s: 0 rss: 35Mb L: 26/34 MS: 1 ChangeBinInt-
#58841	NEW    cov: 48 ft: 311 corp: 85/2024b lim: 437 exec/s: 0 rss: 35Mb L: 26/34 MS: 1 ShuffleBytes-
#61062	NEW    cov: 48 ft: 312 corp: 86/2050b lim: 453 exec/s: 0 rss: 35Mb L: 26/34 MS: 1 ChangeASCIIInt-
#61753	NEW    cov: 48 ft: 313 corp: 87/2076b lim: 453 exec/s: 0 rss: 35Mb L: 26/34 MS: 1 CopyPart-
#63064	NEW    cov: 48 ft: 314 corp: 88/2102b lim: 461 exec/s: 0 rss: 35Mb L: 26/34 MS: 1 ChangeASCIIInt-
#63772	REDUCE cov: 48 ft: 314 corp: 88/2100b lim: 461 exec/s: 0 rss: 35Mb L: 20/34 MS: 3 EraseBytes-ChangeASCIIInt-ChangeByte-
#64203	NEW    cov: 48 ft: 315 corp: 89/2126b lim: 461 exec/s: 0 rss: 35Mb L: 26/34 MS: 1 ShuffleBytes-
#65175	NEW    cov: 48 ft: 316 corp: 90/2152b lim: 469 exec/s: 0 rss: 35Mb L: 26/34 MS: 2 ChangeASCIIInt-ChangeASCIIInt-
#65196	NEW    cov: 49 ft: 322 corp: 91/2180b lim: 469 exec/s: 0 rss: 35Mb L: 28/34 MS: 1 ChangeBit-
#66277	NEW    cov: 49 ft: 323 corp: 92/2206b lim: 477 exec/s: 0 rss: 35Mb L: 26/34 MS: 1 ChangeBinInt-
#68241	REDUCE cov: 49 ft: 323 corp: 92/2198b lim: 493 exec/s: 0 rss: 35Mb L: 18/34 MS: 4 ChangeBinInt-ChangeByte-ChangeBinInt-EraseBytes-
#69805	REDUCE cov: 49 ft: 323 corp: 92/2196b lim: 501 exec/s: 0 rss: 35Mb L: 26/34 MS: 4 ChangeBinInt-ShuffleBytes-ChangeBinInt-EraseBytes-
#71394	REDUCE cov: 49 ft: 323 corp: 92/2194b lim: 509 exec/s: 0 rss: 35Mb L: 22/34 MS: 4 EraseBytes-ChangeBit-CopyPart-InsertByte-
#71717	NEW    cov: 49 ft: 324 corp: 93/2220b lim: 509 exec/s: 0 rss: 35Mb L: 26/34 MS: 3 ChangeByte-CrossOver-ChangeBit-
#72161	NEW    cov: 49 ft: 325 corp: 94/2246b lim: 509 exec/s: 0 rss: 35Mb L: 26/34 MS: 4 ChangeBit-ChangeASCIIInt-CopyPart-ChangeASCIIInt-
#75457	NEW    cov: 49 ft: 326 corp: 95/2272b lim: 535 exec/s: 0 rss: 35Mb L: 26/34 MS: 1 ChangeBinInt-
#75853	NEW    cov: 49 ft: 327 corp: 96/2298b lim: 535 exec/s: 0 rss: 35Mb L: 26/34 MS: 1 ChangeASCIIInt-
#76220	REDUCE cov: 49 ft: 327 corp: 96/2288b lim: 535 exec/s: 0 rss: 35Mb L: 16/34 MS: 2 ChangeBinInt-EraseBytes-
#76283	REDUCE cov: 49 ft: 327 corp: 96/2287b lim: 535 exec/s: 0 rss: 35Mb L: 15/34 MS: 3 ChangeBit-InsertByte-EraseBytes-
#77039	NEW    cov: 49 ft: 328 corp: 97/2313b lim: 535 exec/s: 0 rss: 35Mb L: 26/34 MS: 1 ChangeBit-
#80622	REDUCE cov: 49 ft: 328 corp: 97/2311b lim: 562 exec/s: 0 rss: 35Mb L: 24/34 MS: 3 EraseBytes-ChangeBit-InsertByte-
#83541	REDUCE cov: 49 ft: 328 corp: 97/2309b lim: 589 exec/s: 0 rss: 35Mb L: 24/34 MS: 4 ShuffleBytes-ChangeBinInt-ShuffleBytes-EraseBytes-
#83665	REDUCE cov: 49 ft: 328 corp: 97/2307b lim: 589 exec/s: 0 rss: 35Mb L: 24/34 MS: 4 ChangeBit-ChangeBit-EraseBytes-InsertByte-
#91633	REDUCE cov: 49 ft: 328 corp: 97/2303b lim: 661 exec/s: 0 rss: 35Mb L: 18/34 MS: 3 ChangeBit-EraseBytes-InsertRepeatedBytes-
#95418	REDUCE cov: 49 ft: 328 corp: 97/2301b lim: 697 exec/s: 0 rss: 35Mb L: 20/34 MS: 5 InsertByte-ChangeBinInt-EraseBytes-ChangeASCIIInt-InsertByte-
#103951	REDUCE cov: 49 ft: 328 corp: 97/2299b lim: 778 exec/s: 0 rss: 35Mb L: 22/34 MS: 3 ShuffleBytes-EraseBytes-ChangeByte-
#108463	REDUCE cov: 49 ft: 329 corp: 98/2327b lim: 814 exec/s: 0 rss: 35Mb L: 28/34 MS: 2 ChangeBit-InsertRepeatedBytes-
#109165	REDUCE cov: 49 ft: 330 corp: 99/2342b lim: 814 exec/s: 0 rss: 35Mb L: 15/34 MS: 2 ChangeASCIIInt-ChangeBinInt-
#111828	REDUCE cov: 49 ft: 330 corp: 99/2340b lim: 832 exec/s: 0 rss: 35Mb L: 24/34 MS: 3 CopyPart-ShuffleBytes-EraseBytes-
#117929	NEW    cov: 49 ft: 331 corp: 100/2368b lim: 886 exec/s: 0 rss: 35Mb L: 28/34 MS: 1 ChangeByte-
#124593	REDUCE cov: 49 ft: 331 corp: 100/2366b lim: 949 exec/s: 0 rss: 35Mb L: 15/34 MS: 4 EraseBytes-ChangeByte-ChangeBinInt-CopyPart-
#126761	NEW    cov: 49 ft: 332 corp: 101/2383b lim: 967 exec/s: 0 rss: 35Mb L: 17/34 MS: 3 ChangeBit-ChangeBinInt-CopyPart-
#129921	REDUCE cov: 49 ft: 332 corp: 101/2381b lim: 994 exec/s: 0 rss: 35Mb L: 22/34 MS: 5 ChangeBinInt-ShuffleBytes-EraseBytes-ShuffleBytes-ChangeByte-
#133344	REDUCE cov: 49 ft: 332 corp: 101/2379b lim: 1021 exec/s: 0 rss: 35Mb L: 24/34 MS: 3 ChangeBit-ChangeByte-EraseBytes-
#137950	NEW    cov: 49 ft: 333 corp: 102/2407b lim: 1060 exec/s: 0 rss: 35Mb L: 28/34 MS: 1 CopyPart-
#140469	REDUCE cov: 49 ft: 333 corp: 102/2405b lim: 1080 exec/s: 0 rss: 35Mb L: 23/34 MS: 4 EraseBytes-InsertByte-ChangeASCIIInt-ChangeByte-
#141942	REDUCE cov: 49 ft: 333 corp: 102/2399b lim: 1090 exec/s: 0 rss: 35Mb L: 17/34 MS: 3 ChangeBinInt-EraseBytes-EraseBytes-
#148504	NEW    cov: 49 ft: 335 corp: 103/2427b lim: 1150 exec/s: 0 rss: 35Mb L: 28/34 MS: 2 ChangeByte-ChangeASCIIInt-
#152617	REDUCE cov: 49 ft: 336 corp: 104/2447b lim: 1190 exec/s: 0 rss: 35Mb L: 20/34 MS: 3 ChangeBinInt-ChangeBinInt-CopyPart-
#163036	REDUCE cov: 49 ft: 336 corp: 104/2445b lim: 1290 exec/s: 0 rss: 35Mb L: 20/34 MS: 4 CopyPart-ShuffleBytes-ChangeByte-EraseBytes-
#170290	REDUCE cov: 49 ft: 336 corp: 104/2443b lim: 1360 exec/s: 0 rss: 35Mb L: 19/34 MS: 4 EraseBytes-CopyPart-ChangeBinInt-ChangeBinInt-
#181805	REDUCE cov: 49 ft: 336 corp: 104/2441b lim: 1470 exec/s: 0 rss: 35Mb L: 24/34 MS: 5 ChangeBit-ChangeBit-CMP-CMP-EraseBytes- DE: "4\000\000\000"-"\377\377\377\377\377\377\377\377"-
#186192	REDUCE cov: 49 ft: 336 corp: 104/2439b lim: 1510 exec/s: 0 rss: 35Mb L: 24/34 MS: 2 ChangeBinInt-EraseBytes-
#191489	REDUCE cov: 49 ft: 337 corp: 105/2459b lim: 1560 exec/s: 0 rss: 35Mb L: 20/34 MS: 2 ChangeASCIIInt-ChangeBit-
#206030	REDUCE cov: 49 ft: 337 corp: 105/2457b lim: 1700 exec/s: 0 rss: 35Mb L: 18/34 MS: 1 EraseBytes-
#207257	NEW    cov: 49 ft: 338 corp: 106/2483b lim: 1710 exec/s: 0 rss: 35Mb L: 26/34 MS: 2 ChangeBit-CrossOver-
#214973	NEW    cov: 49 ft: 340 corp: 107/2511b lim: 1780 exec/s: 0 rss: 35Mb L: 28/34 MS: 1 ChangeBit-
#215368	REDUCE cov: 49 ft: 340 corp: 107/2509b lim: 1780 exec/s: 0 rss: 35Mb L: 24/34 MS: 5 EraseBytes-ChangeASCIIInt-ChangeBit-InsertByte-ChangeByte-
#227552	REDUCE cov: 49 ft: 340 corp: 107/2505b lim: 1900 exec/s: 0 rss: 35Mb L: 16/34 MS: 4 ChangeBinInt-ChangeBinInt-ChangeBit-EraseBytes-
#230308	NEW    cov: 49 ft: 342 corp: 108/2533b lim: 1920 exec/s: 0 rss: 35Mb L: 28/34 MS: 1 ChangeByte-
#241981	REDUCE cov: 49 ft: 342 corp: 108/2531b lim: 2030 exec/s: 0 rss: 35Mb L: 22/34 MS: 3 EraseBytes-ChangeBit-EraseBytes-
#252998	NEW    cov: 49 ft: 343 corp: 109/2559b lim: 2138 exec/s: 0 rss: 35Mb L: 28/34 MS: 2 CopyPart-ChangeASCIIInt-
#266636	REDUCE cov: 49 ft: 343 corp: 109/2557b lim: 2270 exec/s: 0 rss: 35Mb L: 18/34 MS: 3 ChangeByte-ShuffleBytes-EraseBytes-
#270332	NEW    cov: 49 ft: 344 corp: 110/2585b lim: 2303 exec/s: 0 rss: 35Mb L: 28/34 MS: 1 ChangeByte-
#275655	REDUCE cov: 49 ft: 344 corp: 110/2583b lim: 2347 exec/s: 0 rss: 35Mb L: 22/34 MS: 3 ChangeBinInt-ChangeByte-EraseBytes-
#283131	NEW    cov: 49 ft: 345 corp: 111/2608b lim: 2413 exec/s: 0 rss: 35Mb L: 25/34 MS: 1 ChangeBinInt-
#284142	NEW    cov: 49 ft: 346 corp: 112/2633b lim: 2413 exec/s: 0 rss: 35Mb L: 25/34 MS: 1 ChangeASCIIInt-
#284223	NEW    cov: 49 ft: 347 corp: 113/2658b lim: 2413 exec/s: 0 rss: 35Mb L: 25/34 MS: 1 CopyPart-
#287169	NEW    cov: 49 ft: 348 corp: 114/2683b lim: 2435 exec/s: 0 rss: 35Mb L: 25/34 MS: 1 ShuffleBytes-
#287327	NEW    cov: 49 ft: 350 corp: 115/2708b lim: 2435 exec/s: 0 rss: 35Mb L: 25/34 MS: 3 ShuffleBytes-ChangeBit-ChangeASCIIInt-
#287343	NEW    cov: 49 ft: 352 corp: 116/2733b lim: 2435 exec/s: 0 rss: 35Mb L: 25/34 MS: 1 ChangeASCIIInt-
#288344	NEW    cov: 49 ft: 353 corp: 117/2758b lim: 2435 exec/s: 0 rss: 35Mb L: 25/34 MS: 1 ChangeBit-
#288692	NEW    cov: 49 ft: 354 corp: 118/2783b lim: 2435 exec/s: 0 rss: 35Mb L: 25/34 MS: 3 ShuffleBytes-CopyPart-CrossOver-
#288693	NEW    cov: 49 ft: 355 corp: 119/2808b lim: 2435 exec/s: 0 rss: 35Mb L: 25/34 MS: 1 ShuffleBytes-
#288895	NEW    cov: 49 ft: 356 corp: 120/2833b lim: 2435 exec/s: 0 rss: 35Mb L: 25/34 MS: 2 ChangeBit-ChangeASCIIInt-
#288932	NEW    cov: 49 ft: 357 corp: 121/2858b lim: 2435 exec/s: 0 rss: 35Mb L: 25/34 MS: 2 ShuffleBytes-ShuffleBytes-
#289683	NEW    cov: 49 ft: 358 corp: 122/2883b lim: 2435 exec/s: 0 rss: 35Mb L: 25/34 MS: 1 ChangeBinInt-
#289810	REDUCE cov: 49 ft: 358 corp: 122/2881b lim: 2435 exec/s: 0 rss: 35Mb L: 23/34 MS: 2 EraseBytes-InsertByte-
#290012	NEW    cov: 49 ft: 359 corp: 123/2906b lim: 2435 exec/s: 0 rss: 35Mb L: 25/34 MS: 2 ShuffleBytes-ChangeBit-
#290490	REDUCE cov: 49 ft: 359 corp: 123/2902b lim: 2435 exec/s: 0 rss: 35Mb L: 16/34 MS: 3 PersAutoDict-ChangeBit-EraseBytes- DE: "\377\377"-
#291066	NEW    cov: 49 ft: 360 corp: 124/2927b lim: 2435 exec/s: 0 rss: 35Mb L: 25/34 MS: 1 ChangeASCIIInt-
#291142	NEW    cov: 49 ft: 361 corp: 125/2952b lim: 2435 exec/s: 0 rss: 35Mb L: 25/34 MS: 1 ChangeByte-
#292918	NEW    cov: 49 ft: 362 corp: 126/2977b lim: 2446 exec/s: 0 rss: 35Mb L: 25/34 MS: 1 ShuffleBytes-
#293679	NEW    cov: 49 ft: 363 corp: 127/3002b lim: 2446 exec/s: 0 rss: 35Mb L: 25/34 MS: 1 ChangeASCIIInt-
#300095	REDUCE cov: 49 ft: 363 corp: 127/3001b lim: 2501 exec/s: 0 rss: 35Mb L: 24/34 MS: 1 EraseBytes-
#303213	NEW    cov: 49 ft: 364 corp: 128/3026b lim: 2523 exec/s: 0 rss: 35Mb L: 25/34 MS: 3 CopyPart-InsertByte-EraseBytes-
#309200	NEW    cov: 49 ft: 365 corp: 129/3051b lim: 2578 exec/s: 0 rss: 35Mb L: 25/34 MS: 2 ShuffleBytes-ShuffleBytes-
#309837	NEW    cov: 49 ft: 366 corp: 130/3076b lim: 2578 exec/s: 0 rss: 35Mb L: 25/34 MS: 2 ChangeByte-ChangeByte-
#310698	NEW    cov: 49 ft: 367 corp: 131/3101b lim: 2578 exec/s: 0 rss: 35Mb L: 25/34 MS: 1 CopyPart-
#311057	REDUCE cov: 49 ft: 367 corp: 131/3099b lim: 2578 exec/s: 0 rss: 35Mb L: 22/34 MS: 4 CopyPart-CopyPart-ChangeByte-EraseBytes-
#318298	NEW    cov: 49 ft: 368 corp: 132/3124b lim: 2644 exec/s: 0 rss: 35Mb L: 25/34 MS: 1 ShuffleBytes-
#318619	NEW    cov: 49 ft: 369 corp: 133/3149b lim: 2644 exec/s: 0 rss: 35Mb L: 25/34 MS: 1 ChangeASCIIInt-
#318755	NEW    cov: 49 ft: 370 corp: 134/3174b lim: 2644 exec/s: 0 rss: 35Mb L: 25/34 MS: 1 ChangeASCIIInt-
#328256	REDUCE cov: 49 ft: 370 corp: 134/3173b lim: 2732 exec/s: 0 rss: 35Mb L: 24/34 MS: 1 EraseBytes-
#329077	NEW    cov: 49 ft: 371 corp: 135/3201b lim: 2732 exec/s: 0 rss: 35Mb L: 28/34 MS: 1 ChangeBit-
#335399	REDUCE cov: 49 ft: 371 corp: 135/3199b lim: 2787 exec/s: 0 rss: 35Mb L: 24/34 MS: 2 ChangeByte-EraseBytes-
#346015	REDUCE cov: 49 ft: 371 corp: 135/3198b lim: 2886 exec/s: 0 rss: 35Mb L: 24/34 MS: 1 EraseBytes-
#356091	NEW    cov: 49 ft: 373 corp: 136/3226b lim: 2985 exec/s: 0 rss: 35Mb L: 28/34 MS: 1 ChangeByte-
#356735	REDUCE cov: 49 ft: 373 corp: 136/3220b lim: 2985 exec/s: 0 rss: 35Mb L: 20/34 MS: 4 ChangeBit-CMP-ShuffleBytes-EraseBytes- DE: "\377\377\377\377\377\377\377\014"-
#362516	REDUCE cov: 49 ft: 373 corp: 136/3219b lim: 3040 exec/s: 0 rss: 35Mb L: 24/34 MS: 1 EraseBytes-
#390199	REDUCE cov: 49 ft: 373 corp: 136/3215b lim: 3315 exec/s: 0 rss: 35Mb L: 15/34 MS: 3 EraseBytes-CopyPart-CopyPart-
#393497	REDUCE cov: 49 ft: 373 corp: 136/3213b lim: 3337 exec/s: 0 rss: 35Mb L: 22/34 MS: 3 ChangeBit-EraseBytes-ChangeBinInt-
#401878	NEW    cov: 49 ft: 377 corp: 137/3241b lim: 3414 exec/s: 401878 rss: 35Mb L: 28/34 MS: 2 ChangeByte-ChangeBit-
#404064	NEW    cov: 49 ft: 378 corp: 138/3269b lim: 3425 exec/s: 404064 rss: 35Mb L: 28/34 MS: 1 ChangeBit-
#414677	REDUCE cov: 49 ft: 378 corp: 138/3267b lim: 3524 exec/s: 414677 rss: 35Mb L: 16/34 MS: 3 EraseBytes-InsertByte-InsertByte-
#415084	REDUCE cov: 49 ft: 379 corp: 139/3291b lim: 3524 exec/s: 415084 rss: 35Mb L: 24/34 MS: 2 PersAutoDict-ChangeBinInt- DE: "4\000\000\000"-
#430080	NEW    cov: 49 ft: 380 corp: 140/3319b lim: 3667 exec/s: 430080 rss: 35Mb L: 28/34 MS: 1 CopyPart-
#440704	REDUCE cov: 49 ft: 380 corp: 140/3317b lim: 3766 exec/s: 440704 rss: 35Mb L: 22/34 MS: 4 PersAutoDict-ChangeBinInt-EraseBytes-CopyPart- DE: "\001\000\000\000"-
#444312	REDUCE cov: 49 ft: 380 corp: 140/3315b lim: 3799 exec/s: 444312 rss: 35Mb L: 24/34 MS: 3 ChangeBit-EraseBytes-ChangeByte-
#458226	REDUCE cov: 49 ft: 380 corp: 140/3311b lim: 3931 exec/s: 458226 rss: 35Mb L: 18/34 MS: 4 ChangeBinInt-ChangeBit-ChangeBinInt-EraseBytes-
panic: found special char in iban [recovered]
	panic: found special char in iban

goroutine 17 [running, locked to thread]:
git.ultraware.nl/iddinkgroep/fundament-api.Fuzz.func1()
	git.ultraware.nl/iddinkgroep/fundament-api/fuzz.go:19 +0xa5
panic({0x56056d869760?, 0x56056d87cc70?})
	runtime/panic.go:914 +0x21f
git.ultraware.nl/iddinkgroep/fundament-api.Fuzz({0xc00022bdc0, 0x1c})
	git.ultraware.nl/iddinkgroep/fundament-api/fuzz.go:34 +0x2b9
git.ultraware.nl/iddinkgroep/fundament-api.Fuzz_(...)
	git.ultraware.nl/iddinkgroep/fundament-api/fuzz.1527825026.go:6
main.LLVMFuzzerTestOneInput(...)
	./main.170485750.go:21
==7554== ERROR: libFuzzer: deadly signal
    #0 0x56056d78c630 in __sanitizer_print_stack_trace (/seedai/experiments/libfuzzer/source_iban/libfuzzer+0xaf630) (BuildId: 688cb25bec4564588da2a67f6a2b25148a0fd5d4)
    #1 0x56056d758755 in fuzzer::PrintStackTrace() (/seedai/experiments/libfuzzer/source_iban/libfuzzer+0x7b755) (BuildId: 688cb25bec4564588da2a67f6a2b25148a0fd5d4)
    #2 0x56056d7373a9 in fuzzer::Fuzzer::CrashCallback() (.part.0) FuzzerLoop.cpp.o
    #3 0x56056d73746a in fuzzer::Fuzzer::StaticCrashSignalCallback() (/seedai/experiments/libfuzzer/source_iban/libfuzzer+0x5a46a) (BuildId: 688cb25bec4564588da2a67f6a2b25148a0fd5d4)
    #4 0x7f7fd963170f  (/usr/lib/libc.so.6+0x3e70f) (BuildId: 316d0d3666387f0e8fb98773f51aa1801027c5ab)
    #5 0x56056d7ec160 in runtime.raise.abi0 runtime/sys_linux_amd64.s:153

NOTE: libFuzzer has rudimentary signal handlers.
      Combine libFuzzer with AddressSanitizer or similar for better crash reports.
SUMMARY: libFuzzer: deadly signal
MS: 1 ChangeByte-; base unit: 48c0c505d5a3d67ace3f25978f975e2d6ffe52c3
0x48,0x75,0x34,0x30,0x2d,0x30,0x30,0x30,0x30,0x30,0x30,0x30,0x30,0x30,0x30,0x30,0x30,0x30,0x31,0x36,0x35,0x33,0x78,0x36,0x33,0x36,0x32,0x34,
Hu40-00000000000001653x63624
artifact_prefix='./'; Test unit written to ./crash-b3f9461307c028e498468e267f667e4baf88d377
Base64: SHU0MC0wMDAwMDAwMDAwMDAwMTY1M3g2MzYyNA==
