INFO: Running with entropic power schedule (0xFF, 100).
INFO: Seed: 1754737145
INFO: Loaded 1 modules   (70 inline 8-bit counters): 70 [0x558d0bcdd030, 0x558d0bcdd076), 
INFO: Loaded 1 PC tables (70 PCs): 70 [0xc000068000,0xc000068460), 
INFO:        6 files found in corpus
INFO: -max_len is not provided; libFuzzer will not generate inputs larger than 4096 bytes
INFO: seed corpus: files: 6 min: 2b max: 16b total: 61b rss: 29Mb
#7	INITED cov: 12 ft: 30 corp: 5/45b exec/s: 0 rss: 29Mb
#13	NEW    cov: 13 ft: 36 corp: 6/60b lim: 16 exec/s: 0 rss: 29Mb L: 15/16 MS: 1 InsertRepeatedBytes-
#28	NEW    cov: 13 ft: 37 corp: 7/70b lim: 16 exec/s: 0 rss: 29Mb L: 10/16 MS: 5 ChangeASCIIInt-EraseBytes-CopyPart-ChangeBinInt-EraseBytes-
#72	NEW    cov: 13 ft: 38 corp: 8/82b lim: 16 exec/s: 0 rss: 29Mb L: 12/16 MS: 4 EraseBytes-ShuffleBytes-InsertRepeatedBytes-InsertByte-
#119	NEW    cov: 13 ft: 39 corp: 9/95b lim: 16 exec/s: 0 rss: 29Mb L: 13/16 MS: 2 ChangeBinInt-EraseBytes-
#183	REDUCE cov: 13 ft: 39 corp: 9/93b lim: 16 exec/s: 0 rss: 29Mb L: 8/16 MS: 4 ChangeByte-EraseBytes-InsertByte-InsertByte-
#217	NEW    cov: 13 ft: 41 corp: 10/109b lim: 16 exec/s: 0 rss: 29Mb L: 16/16 MS: 4 ShuffleBytes-ChangeASCIIInt-EraseBytes-InsertRepeatedBytes-
#244	NEW    cov: 13 ft: 42 corp: 11/125b lim: 16 exec/s: 0 rss: 29Mb L: 16/16 MS: 2 ChangeBinInt-CMP- DE: "\377\377"-
#255	NEW    cov: 13 ft: 43 corp: 12/141b lim: 16 exec/s: 0 rss: 29Mb L: 16/16 MS: 1 CrossOver-
#269	NEW    cov: 25 ft: 89 corp: 13/156b lim: 16 exec/s: 0 rss: 30Mb L: 15/16 MS: 4 PersAutoDict-EraseBytes-ChangeASCIIInt-PersAutoDict- DE: "\377\377"-"\377\377"-
#282	NEW    cov: 25 ft: 90 corp: 14/172b lim: 16 exec/s: 0 rss: 30Mb L: 16/16 MS: 3 ShuffleBytes-CopyPart-CopyPart-
#300	NEW    cov: 25 ft: 91 corp: 15/188b lim: 16 exec/s: 0 rss: 30Mb L: 16/16 MS: 3 ChangeBinInt-ChangeBit-CopyPart-
#437	REDUCE cov: 25 ft: 91 corp: 15/185b lim: 16 exec/s: 0 rss: 30Mb L: 3/16 MS: 2 ChangeByte-EraseBytes-
#515	NEW    cov: 25 ft: 92 corp: 16/201b lim: 16 exec/s: 0 rss: 30Mb L: 16/16 MS: 3 ChangeBinInt-ChangeASCIIInt-CopyPart-
#546	NEW    cov: 25 ft: 94 corp: 17/217b lim: 16 exec/s: 0 rss: 30Mb L: 16/16 MS: 1 CrossOver-
#784	NEW    cov: 25 ft: 95 corp: 18/232b lim: 16 exec/s: 0 rss: 30Mb L: 15/16 MS: 3 CopyPart-CrossOver-CopyPart-
#821	NEW    cov: 25 ft: 96 corp: 19/247b lim: 16 exec/s: 0 rss: 30Mb L: 15/16 MS: 2 ChangeByte-CrossOver-
#1012	NEW    cov: 25 ft: 98 corp: 20/263b lim: 16 exec/s: 0 rss: 30Mb L: 16/16 MS: 1 ChangeByte-
#1097	NEW    cov: 25 ft: 100 corp: 21/279b lim: 16 exec/s: 0 rss: 30Mb L: 16/16 MS: 5 CrossOver-ChangeASCIIInt-CopyPart-ChangeByte-ChangeBit-
#1244	REDUCE cov: 25 ft: 100 corp: 21/278b lim: 16 exec/s: 0 rss: 30Mb L: 15/16 MS: 2 EraseBytes-InsertByte-
#1277	NEW    cov: 25 ft: 101 corp: 22/294b lim: 16 exec/s: 0 rss: 30Mb L: 16/16 MS: 3 InsertByte-ChangeASCIIInt-CMP- DE: "\001\000\000\000"-
#1581	NEW    cov: 25 ft: 102 corp: 23/310b lim: 16 exec/s: 0 rss: 30Mb L: 16/16 MS: 4 CrossOver-CopyPart-ShuffleBytes-ChangeByte-
#1635	NEW    cov: 25 ft: 103 corp: 24/325b lim: 16 exec/s: 0 rss: 30Mb L: 15/16 MS: 4 CopyPart-ChangeBit-EraseBytes-InsertByte-
#1906	NEW    cov: 25 ft: 104 corp: 25/340b lim: 16 exec/s: 0 rss: 30Mb L: 15/16 MS: 1 ChangeByte-
#1927	NEW    cov: 25 ft: 105 corp: 26/355b lim: 16 exec/s: 0 rss: 30Mb L: 15/16 MS: 1 CopyPart-
#2022	REDUCE cov: 25 ft: 105 corp: 26/354b lim: 16 exec/s: 0 rss: 30Mb L: 15/16 MS: 5 EraseBytes-EraseBytes-CMP-EraseBytes-CrossOver- DE: "\000\000"-
#2201	NEW    cov: 25 ft: 106 corp: 27/370b lim: 16 exec/s: 0 rss: 30Mb L: 16/16 MS: 4 ShuffleBytes-CrossOver-ChangeByte-ChangeBit-
#2568	NEW    cov: 25 ft: 108 corp: 28/385b lim: 16 exec/s: 0 rss: 30Mb L: 15/16 MS: 2 CrossOver-ChangeByte-
#2798	NEW    cov: 25 ft: 111 corp: 29/400b lim: 16 exec/s: 0 rss: 31Mb L: 15/16 MS: 5 ChangeBinInt-ChangeBit-ChangeBit-ChangeBit-ChangeBinInt-
#2994	NEW    cov: 25 ft: 112 corp: 30/416b lim: 16 exec/s: 0 rss: 31Mb L: 16/16 MS: 1 ChangeByte-
#3389	REDUCE cov: 25 ft: 112 corp: 30/415b lim: 16 exec/s: 0 rss: 31Mb L: 15/16 MS: 5 CopyPart-CrossOver-EraseBytes-ChangeBinInt-InsertRepeatedBytes-
#3801	NEW    cov: 25 ft: 113 corp: 31/432b lim: 20 exec/s: 0 rss: 31Mb L: 17/17 MS: 2 PersAutoDict-InsertByte- DE: "\001\000\000\000"-
#3811	NEW    cov: 25 ft: 114 corp: 32/448b lim: 20 exec/s: 0 rss: 31Mb L: 16/17 MS: 5 ChangeBinInt-ChangeBit-CrossOver-CopyPart-ChangeBinInt-
#3830	NEW    cov: 25 ft: 115 corp: 33/467b lim: 20 exec/s: 0 rss: 31Mb L: 19/19 MS: 4 ChangeASCIIInt-InsertByte-ShuffleBytes-InsertRepeatedBytes-
#3946	NEW    cov: 32 ft: 140 corp: 34/487b lim: 20 exec/s: 0 rss: 31Mb L: 20/20 MS: 1 CopyPart-
#3953	NEW    cov: 32 ft: 142 corp: 35/505b lim: 20 exec/s: 0 rss: 31Mb L: 18/20 MS: 2 InsertByte-InsertByte-
#4219	NEW    cov: 32 ft: 148 corp: 36/525b lim: 20 exec/s: 0 rss: 31Mb L: 20/20 MS: 1 CMP- DE: "\000\000\000\000"-
#4460	NEW    cov: 32 ft: 149 corp: 37/545b lim: 20 exec/s: 0 rss: 31Mb L: 20/20 MS: 1 ChangeByte-
#4547	NEW    cov: 32 ft: 151 corp: 38/565b lim: 20 exec/s: 0 rss: 31Mb L: 20/20 MS: 2 ChangeASCIIInt-ChangeBit-
#4553	NEW    cov: 32 ft: 153 corp: 39/585b lim: 20 exec/s: 0 rss: 31Mb L: 20/20 MS: 1 CopyPart-
#4748	REDUCE cov: 32 ft: 153 corp: 39/584b lim: 20 exec/s: 0 rss: 31Mb L: 15/20 MS: 5 ChangeASCIIInt-CMP-ChangeASCIIInt-EraseBytes-InsertByte- DE: "\001\000"-
#5095	NEW    cov: 32 ft: 154 corp: 40/600b lim: 20 exec/s: 0 rss: 31Mb L: 16/20 MS: 2 ChangeByte-ChangeByte-
#5226	NEW    cov: 32 ft: 156 corp: 41/620b lim: 20 exec/s: 0 rss: 31Mb L: 20/20 MS: 1 ShuffleBytes-
#5472	NEW    cov: 32 ft: 158 corp: 42/640b lim: 20 exec/s: 0 rss: 31Mb L: 20/20 MS: 1 ChangeASCIIInt-
#5488	NEW    cov: 32 ft: 161 corp: 43/660b lim: 20 exec/s: 0 rss: 31Mb L: 20/20 MS: 1 ChangeByte-
#5644	NEW    cov: 32 ft: 162 corp: 44/680b lim: 20 exec/s: 0 rss: 31Mb L: 20/20 MS: 1 CopyPart-
#5865	NEW    cov: 32 ft: 169 corp: 45/700b lim: 20 exec/s: 0 rss: 31Mb L: 20/20 MS: 1 CopyPart-
#5961	NEW    cov: 32 ft: 171 corp: 46/720b lim: 20 exec/s: 0 rss: 31Mb L: 20/20 MS: 1 ShuffleBytes-
#6022	NEW    cov: 32 ft: 172 corp: 47/740b lim: 20 exec/s: 0 rss: 31Mb L: 20/20 MS: 1 CopyPart-
#6213	NEW    cov: 32 ft: 175 corp: 48/760b lim: 20 exec/s: 0 rss: 31Mb L: 20/20 MS: 1 CopyPart-
#6235	NEW    cov: 32 ft: 188 corp: 49/780b lim: 20 exec/s: 0 rss: 31Mb L: 20/20 MS: 2 CopyPart-CopyPart-
#6513	NEW    cov: 32 ft: 191 corp: 50/800b lim: 20 exec/s: 0 rss: 31Mb L: 20/20 MS: 3 PersAutoDict-PersAutoDict-CrossOver- DE: "\000\000"-"\001\000\000\000"-
#6647	NEW    cov: 32 ft: 192 corp: 51/816b lim: 20 exec/s: 0 rss: 31Mb L: 16/20 MS: 4 PersAutoDict-ChangeBinInt-CrossOver-ChangeBinInt- DE: "\001\000"-
#6899	NEW    cov: 32 ft: 193 corp: 52/836b lim: 20 exec/s: 0 rss: 31Mb L: 20/20 MS: 2 ChangeByte-InsertRepeatedBytes-
#6952	NEW    cov: 32 ft: 194 corp: 53/856b lim: 20 exec/s: 0 rss: 31Mb L: 20/20 MS: 3 ChangeASCIIInt-ShuffleBytes-ShuffleBytes-
#7108	NEW    cov: 32 ft: 196 corp: 54/876b lim: 20 exec/s: 0 rss: 31Mb L: 20/20 MS: 1 ChangeASCIIInt-
#7459	NEW    cov: 32 ft: 197 corp: 55/896b lim: 20 exec/s: 0 rss: 32Mb L: 20/20 MS: 1 CrossOver-
#7696	NEW    cov: 33 ft: 198 corp: 56/916b lim: 20 exec/s: 0 rss: 32Mb L: 20/20 MS: 2 ChangeASCIIInt-ChangeBit-
#8462	NEW    cov: 33 ft: 200 corp: 57/936b lim: 24 exec/s: 0 rss: 32Mb L: 20/20 MS: 1 ShuffleBytes-
#8644	NEW    cov: 33 ft: 201 corp: 58/956b lim: 24 exec/s: 0 rss: 32Mb L: 20/20 MS: 2 ChangeASCIIInt-ChangeASCIIInt-
#9084	NEW    cov: 33 ft: 202 corp: 59/983b lim: 28 exec/s: 0 rss: 32Mb L: 27/27 MS: 5 ChangeBinInt-PersAutoDict-InsertRepeatedBytes-ChangeBit-InsertByte- DE: "\001\000"-
#9215	NEW    cov: 33 ft: 204 corp: 60/1003b lim: 28 exec/s: 0 rss: 32Mb L: 20/27 MS: 1 ShuffleBytes-
#9633	NEW    cov: 33 ft: 205 corp: 61/1032b lim: 32 exec/s: 0 rss: 32Mb L: 29/29 MS: 3 PersAutoDict-PersAutoDict-InsertRepeatedBytes- DE: "\001\000"-"\001\000"-
#9737	NEW    cov: 33 ft: 206 corp: 62/1063b lim: 32 exec/s: 0 rss: 32Mb L: 31/31 MS: 4 EraseBytes-EraseBytes-InsertRepeatedBytes-InsertRepeatedBytes-
#9768	NEW    cov: 33 ft: 208 corp: 63/1083b lim: 32 exec/s: 0 rss: 32Mb L: 20/31 MS: 1 ChangeByte-
#10337	NEW    cov: 33 ft: 209 corp: 64/1116b lim: 37 exec/s: 0 rss: 32Mb L: 33/33 MS: 4 ShuffleBytes-EraseBytes-CrossOver-CopyPart-
#10460	NEW    cov: 33 ft: 211 corp: 65/1150b lim: 37 exec/s: 0 rss: 32Mb L: 34/34 MS: 3 InsertRepeatedBytes-ChangeByte-CrossOver-
#10892	NEW    cov: 33 ft: 220 corp: 66/1170b lim: 37 exec/s: 0 rss: 32Mb L: 20/34 MS: 2 ChangeASCIIInt-EraseBytes-
#11248	NEW    cov: 46 ft: 278 corp: 67/1190b lim: 37 exec/s: 0 rss: 32Mb L: 20/34 MS: 1 ChangeASCIIInt-
#11598	REDUCE cov: 46 ft: 278 corp: 67/1189b lim: 37 exec/s: 0 rss: 33Mb L: 19/34 MS: 5 ChangeByte-PersAutoDict-ShuffleBytes-EraseBytes-ChangeBinInt- DE: "\377\377"-
#11638	NEW    cov: 46 ft: 279 corp: 68/1209b lim: 37 exec/s: 0 rss: 33Mb L: 20/34 MS: 5 EraseBytes-ShuffleBytes-CopyPart-ChangeASCIIInt-CopyPart-
#12054	NEW    cov: 46 ft: 280 corp: 69/1229b lim: 37 exec/s: 0 rss: 33Mb L: 20/34 MS: 1 CopyPart-
#12274	NEW    cov: 46 ft: 282 corp: 70/1249b lim: 37 exec/s: 0 rss: 33Mb L: 20/34 MS: 5 InsertByte-EraseBytes-EraseBytes-CopyPart-InsertByte-
#12445	NEW    cov: 46 ft: 285 corp: 71/1269b lim: 37 exec/s: 0 rss: 33Mb L: 20/34 MS: 1 ChangeASCIIInt-
#12741	NEW    cov: 46 ft: 286 corp: 72/1289b lim: 37 exec/s: 0 rss: 33Mb L: 20/34 MS: 1 ChangeBit-
#15778	NEW    cov: 46 ft: 288 corp: 73/1309b lim: 67 exec/s: 0 rss: 33Mb L: 20/34 MS: 2 ChangeBit-ShuffleBytes-
#17194	NEW    cov: 46 ft: 296 corp: 74/1329b lim: 79 exec/s: 0 rss: 34Mb L: 20/34 MS: 1 ChangeBinInt-
#19970	NEW    cov: 46 ft: 299 corp: 75/1349b lim: 103 exec/s: 0 rss: 34Mb L: 20/34 MS: 1 CrossOver-
#20482	REDUCE cov: 46 ft: 299 corp: 75/1348b lim: 103 exec/s: 0 rss: 34Mb L: 15/34 MS: 2 ChangeByte-EraseBytes-
#20778	NEW    cov: 46 ft: 300 corp: 76/1368b lim: 103 exec/s: 0 rss: 34Mb L: 20/34 MS: 1 ChangeByte-
#21559	NEW    cov: 46 ft: 302 corp: 77/1388b lim: 109 exec/s: 0 rss: 35Mb L: 20/34 MS: 1 ChangeASCIIInt-
#22055	NEW    cov: 47 ft: 314 corp: 78/1408b lim: 109 exec/s: 0 rss: 35Mb L: 20/34 MS: 1 ChangeASCIIInt-
#25221	NEW    cov: 47 ft: 317 corp: 79/1428b lim: 140 exec/s: 0 rss: 35Mb L: 20/34 MS: 1 CopyPart-
#27503	NEW    cov: 47 ft: 318 corp: 80/1448b lim: 161 exec/s: 0 rss: 35Mb L: 20/34 MS: 2 ChangeASCIIInt-CrossOver-
#29980	REDUCE cov: 47 ft: 318 corp: 80/1447b lim: 182 exec/s: 0 rss: 35Mb L: 15/34 MS: 2 EraseBytes-InsertByte-
#29991	NEW    cov: 47 ft: 322 corp: 81/1467b lim: 182 exec/s: 0 rss: 35Mb L: 20/34 MS: 1 ChangeBit-
#30347	NEW    cov: 47 ft: 324 corp: 82/1487b lim: 182 exec/s: 0 rss: 35Mb L: 20/34 MS: 1 ChangeBit-
#33320	REDUCE cov: 47 ft: 324 corp: 82/1486b lim: 210 exec/s: 0 rss: 35Mb L: 15/34 MS: 3 ChangeASCIIInt-EraseBytes-InsertByte-
#33826	NEW    cov: 47 ft: 325 corp: 83/1516b lim: 210 exec/s: 0 rss: 35Mb L: 30/34 MS: 1 CopyPart-
#35387	NEW    cov: 47 ft: 327 corp: 84/1536b lim: 224 exec/s: 0 rss: 35Mb L: 20/34 MS: 1 ChangeByte-
#38614	REDUCE cov: 47 ft: 327 corp: 84/1535b lim: 252 exec/s: 0 rss: 35Mb L: 29/34 MS: 2 ChangeBit-EraseBytes-
#39880	NEW    cov: 47 ft: 329 corp: 85/1555b lim: 259 exec/s: 0 rss: 35Mb L: 20/34 MS: 1 ChangeASCIIInt-
#43129	REDUCE cov: 47 ft: 329 corp: 85/1551b lim: 291 exec/s: 0 rss: 35Mb L: 16/34 MS: 4 CopyPart-EraseBytes-ChangeBit-ChangeByte-
#45070	REDUCE cov: 47 ft: 330 corp: 86/1580b lim: 307 exec/s: 0 rss: 35Mb L: 29/34 MS: 1 CopyPart-
#47721	NEW    cov: 47 ft: 333 corp: 87/1600b lim: 331 exec/s: 0 rss: 35Mb L: 20/34 MS: 1 ChangeBinInt-
#48508	NEW    cov: 47 ft: 334 corp: 88/1620b lim: 331 exec/s: 0 rss: 35Mb L: 20/34 MS: 2 ChangeBit-ChangeBinInt-
#50141	NEW    cov: 47 ft: 335 corp: 89/1635b lim: 347 exec/s: 0 rss: 35Mb L: 15/34 MS: 3 ChangeBinInt-ChangeASCIIInt-ChangeByte-
#50875	NEW    cov: 47 ft: 336 corp: 90/1657b lim: 347 exec/s: 0 rss: 35Mb L: 22/34 MS: 4 ChangeBit-CrossOver-ChangeASCIIInt-ChangeBinInt-
#51048	REDUCE cov: 47 ft: 336 corp: 90/1650b lim: 347 exec/s: 0 rss: 35Mb L: 15/34 MS: 3 EraseBytes-PersAutoDict-InsertByte- DE: "\001\000"-
#57407	REDUCE cov: 47 ft: 336 corp: 90/1648b lim: 403 exec/s: 0 rss: 35Mb L: 18/34 MS: 4 CrossOver-ShuffleBytes-ChangeBit-EraseBytes-
#57818	NEW    cov: 47 ft: 340 corp: 91/1668b lim: 403 exec/s: 0 rss: 35Mb L: 20/34 MS: 1 CrossOver-
#65085	NEW    cov: 48 ft: 345 corp: 92/1688b lim: 475 exec/s: 0 rss: 35Mb L: 20/34 MS: 2 ChangeASCIIInt-ChangeBinInt-
#65502	NEW    cov: 48 ft: 347 corp: 93/1708b lim: 475 exec/s: 0 rss: 35Mb L: 20/34 MS: 2 CopyPart-ShuffleBytes-
#65933	NEW    cov: 48 ft: 349 corp: 94/1728b lim: 475 exec/s: 0 rss: 35Mb L: 20/34 MS: 1 ChangeBinInt-
#66337	NEW    cov: 48 ft: 351 corp: 95/1746b lim: 475 exec/s: 0 rss: 35Mb L: 18/34 MS: 4 ChangeBit-ChangeBit-EraseBytes-InsertByte-
#66613	NEW    cov: 48 ft: 352 corp: 96/1766b lim: 475 exec/s: 0 rss: 35Mb L: 20/34 MS: 1 CopyPart-
#66655	NEW    cov: 48 ft: 353 corp: 97/1786b lim: 475 exec/s: 0 rss: 35Mb L: 20/34 MS: 2 ChangeBit-CopyPart-
#67072	NEW    cov: 48 ft: 354 corp: 98/1806b lim: 475 exec/s: 0 rss: 35Mb L: 20/34 MS: 2 ChangeBinInt-ChangeByte-
#67083	NEW    cov: 48 ft: 355 corp: 99/1826b lim: 475 exec/s: 0 rss: 35Mb L: 20/34 MS: 1 ChangeBit-
#68171	NEW    cov: 48 ft: 356 corp: 100/1844b lim: 483 exec/s: 0 rss: 35Mb L: 18/34 MS: 3 ChangeBit-ChangeBit-ChangeBit-
#68477	NEW    cov: 48 ft: 357 corp: 101/1862b lim: 483 exec/s: 0 rss: 35Mb L: 18/34 MS: 1 CopyPart-
#68529	NEW    cov: 48 ft: 358 corp: 102/1882b lim: 483 exec/s: 0 rss: 35Mb L: 20/34 MS: 2 CrossOver-ChangeASCIIInt-
#68910	NEW    cov: 48 ft: 359 corp: 103/1902b lim: 483 exec/s: 0 rss: 35Mb L: 20/34 MS: 1 CrossOver-
#69866	NEW    cov: 48 ft: 360 corp: 104/1922b lim: 491 exec/s: 0 rss: 35Mb L: 20/34 MS: 1 ChangeBinInt-
#71313	NEW    cov: 48 ft: 361 corp: 105/1942b lim: 499 exec/s: 0 rss: 35Mb L: 20/34 MS: 2 ChangeByte-CrossOver-
#71549	NEW    cov: 48 ft: 362 corp: 106/1962b lim: 499 exec/s: 0 rss: 35Mb L: 20/34 MS: 1 ShuffleBytes-
#72300	NEW    cov: 48 ft: 363 corp: 107/1982b lim: 499 exec/s: 0 rss: 35Mb L: 20/34 MS: 1 ShuffleBytes-
#73106	NEW    cov: 48 ft: 364 corp: 108/2000b lim: 507 exec/s: 0 rss: 35Mb L: 18/34 MS: 1 CrossOver-
#75977	NEW    cov: 48 ft: 365 corp: 109/2020b lim: 533 exec/s: 0 rss: 35Mb L: 20/34 MS: 1 CopyPart-
#76338	NEW    cov: 48 ft: 366 corp: 110/2040b lim: 533 exec/s: 0 rss: 35Mb L: 20/34 MS: 1 CopyPart-
#76530	NEW    cov: 48 ft: 367 corp: 111/2060b lim: 533 exec/s: 0 rss: 35Mb L: 20/34 MS: 2 ChangeASCIIInt-ChangeASCIIInt-
#76729	NEW    cov: 48 ft: 368 corp: 112/2080b lim: 533 exec/s: 0 rss: 35Mb L: 20/34 MS: 4 CopyPart-EraseBytes-PersAutoDict-EraseBytes- DE: "\000\000"-
#76965	NEW    cov: 48 ft: 369 corp: 113/2100b lim: 533 exec/s: 0 rss: 35Mb L: 20/34 MS: 1 CopyPart-
#79370	NEW    cov: 48 ft: 370 corp: 114/2120b lim: 551 exec/s: 0 rss: 35Mb L: 20/34 MS: 5 ChangeASCIIInt-EraseBytes-CrossOver-CrossOver-EraseBytes-
#81236	NEW    cov: 48 ft: 371 corp: 115/2140b lim: 569 exec/s: 0 rss: 35Mb L: 20/34 MS: 1 ChangeBinInt-
#86782	NEW    cov: 49 ft: 374 corp: 116/2160b lim: 623 exec/s: 0 rss: 35Mb L: 20/34 MS: 1 ChangeBinInt-
#89608	NEW    cov: 49 ft: 375 corp: 117/2180b lim: 650 exec/s: 0 rss: 35Mb L: 20/34 MS: 1 ChangeASCIIInt-
#98082	REDUCE cov: 49 ft: 375 corp: 117/2178b lim: 731 exec/s: 0 rss: 35Mb L: 18/34 MS: 4 PersAutoDict-ChangeByte-ChangeASCIIInt-EraseBytes- DE: "\377\377"-
#99554	REDUCE cov: 49 ft: 375 corp: 117/2177b lim: 740 exec/s: 0 rss: 35Mb L: 28/34 MS: 2 EraseBytes-CopyPart-
#113775	NEW    cov: 49 ft: 382 corp: 118/2197b lim: 875 exec/s: 0 rss: 35Mb L: 20/34 MS: 1 ChangeByte-
#114888	REDUCE cov: 49 ft: 382 corp: 118/2196b lim: 884 exec/s: 0 rss: 35Mb L: 15/34 MS: 3 CrossOver-InsertByte-EraseBytes-
#116924	NEW    cov: 49 ft: 384 corp: 119/2216b lim: 902 exec/s: 0 rss: 35Mb L: 20/34 MS: 1 CopyPart-
#119991	NEW    cov: 49 ft: 385 corp: 120/2236b lim: 929 exec/s: 0 rss: 35Mb L: 20/34 MS: 2 ChangeBit-ChangeByte-
#120048	REDUCE cov: 49 ft: 385 corp: 120/2233b lim: 929 exec/s: 0 rss: 35Mb L: 17/34 MS: 2 EraseBytes-CMP- DE: "\377\377\377x"-
#120087	REDUCE cov: 49 ft: 386 corp: 121/2248b lim: 929 exec/s: 0 rss: 35Mb L: 15/34 MS: 4 ShuffleBytes-EraseBytes-CrossOver-InsertByte-
#123567	NEW    cov: 49 ft: 387 corp: 122/2268b lim: 956 exec/s: 0 rss: 35Mb L: 20/34 MS: 5 CopyPart-ChangeBinInt-ChangeASCIIInt-ShuffleBytes-ChangeByte-
#127988	NEW    cov: 49 ft: 388 corp: 123/2288b lim: 992 exec/s: 0 rss: 35Mb L: 20/34 MS: 1 ShuffleBytes-
#128431	NEW    cov: 49 ft: 389 corp: 124/2308b lim: 992 exec/s: 0 rss: 35Mb L: 20/34 MS: 3 ShuffleBytes-CrossOver-ShuffleBytes-
#131830	REDUCE cov: 49 ft: 389 corp: 124/2306b lim: 1019 exec/s: 0 rss: 35Mb L: 15/34 MS: 4 ChangeBinInt-InsertByte-CrossOver-EraseBytes-
#138027	NEW    cov: 49 ft: 390 corp: 125/2326b lim: 1078 exec/s: 0 rss: 35Mb L: 20/34 MS: 2 ChangeByte-ChangeBit-
#140655	REDUCE cov: 49 ft: 390 corp: 125/2324b lim: 1098 exec/s: 0 rss: 35Mb L: 18/34 MS: 3 CrossOver-EraseBytes-ChangeBinInt-
#140891	NEW    cov: 49 ft: 391 corp: 126/2342b lim: 1098 exec/s: 0 rss: 35Mb L: 18/34 MS: 1 ChangeByte-
#145163	NEW    cov: 49 ft: 392 corp: 127/2362b lim: 1138 exec/s: 0 rss: 35Mb L: 20/34 MS: 2 CMP-ShuffleBytes- DE: "\020\000\000\000\000\000\000\000"-
#150914	NEW    cov: 49 ft: 393 corp: 128/2382b lim: 1188 exec/s: 0 rss: 35Mb L: 20/34 MS: 1 ChangeBit-
#161487	NEW    cov: 49 ft: 396 corp: 129/2411b lim: 1288 exec/s: 0 rss: 35Mb L: 29/34 MS: 3 CopyPart-ChangeByte-ShuffleBytes-
#187771	REDUCE cov: 49 ft: 396 corp: 129/2405b lim: 1548 exec/s: 0 rss: 35Mb L: 22/34 MS: 4 CMP-PersAutoDict-InsertByte-EraseBytes- DE: "\0019"-"\377\377\377x"-
#190932	NEW    cov: 49 ft: 397 corp: 130/2425b lim: 1578 exec/s: 0 rss: 35Mb L: 20/34 MS: 1 CrossOver-
#190943	NEW    cov: 49 ft: 398 corp: 131/2445b lim: 1578 exec/s: 0 rss: 35Mb L: 20/34 MS: 1 ChangeASCIIInt-
#192750	REDUCE cov: 49 ft: 398 corp: 131/2443b lim: 1588 exec/s: 0 rss: 35Mb L: 18/34 MS: 2 EraseBytes-ChangeBit-
#193111	NEW    cov: 49 ft: 399 corp: 132/2463b lim: 1588 exec/s: 0 rss: 35Mb L: 20/34 MS: 1 ChangeBit-
#198069	NEW    cov: 49 ft: 400 corp: 133/2483b lim: 1628 exec/s: 0 rss: 35Mb L: 20/34 MS: 3 ChangeASCIIInt-ChangeBit-ChangeASCIIInt-
#199406	NEW    cov: 49 ft: 401 corp: 134/2503b lim: 1638 exec/s: 0 rss: 35Mb L: 20/34 MS: 2 PersAutoDict-ChangeASCIIInt- DE: "\001\000\000\000"-
#202282	NEW    cov: 49 ft: 403 corp: 135/2523b lim: 1658 exec/s: 0 rss: 35Mb L: 20/34 MS: 1 CopyPart-
#203568	NEW    cov: 49 ft: 404 corp: 136/2543b lim: 1668 exec/s: 0 rss: 35Mb L: 20/34 MS: 1 ChangeASCIIInt-
#205694	NEW    cov: 49 ft: 405 corp: 137/2563b lim: 1688 exec/s: 0 rss: 35Mb L: 20/34 MS: 1 CopyPart-
#206791	NEW    cov: 49 ft: 406 corp: 138/2583b lim: 1698 exec/s: 0 rss: 35Mb L: 20/34 MS: 2 ChangeASCIIInt-CopyPart-
#209503	NEW    cov: 49 ft: 407 corp: 139/2603b lim: 1718 exec/s: 0 rss: 35Mb L: 20/34 MS: 2 ChangeBinInt-ChangeASCIIInt-
#215779	NEW    cov: 49 ft: 408 corp: 140/2623b lim: 1778 exec/s: 0 rss: 35Mb L: 20/34 MS: 1 ChangeBit-
#217196	NEW    cov: 49 ft: 409 corp: 141/2643b lim: 1788 exec/s: 0 rss: 35Mb L: 20/34 MS: 2 ChangeASCIIInt-ChangeBit-
#219367	NEW    cov: 49 ft: 410 corp: 142/2663b lim: 1808 exec/s: 0 rss: 35Mb L: 20/34 MS: 1 ChangeASCIIInt-
#222363	NEW    cov: 49 ft: 411 corp: 143/2683b lim: 1828 exec/s: 0 rss: 35Mb L: 20/34 MS: 1 ChangeASCIIInt-
#231484	NEW    cov: 49 ft: 412 corp: 144/2703b lim: 1918 exec/s: 0 rss: 35Mb L: 20/34 MS: 1 ChangeASCIIInt-
#259241	REDUCE cov: 49 ft: 412 corp: 144/2701b lim: 2191 exec/s: 0 rss: 35Mb L: 18/34 MS: 2 EraseBytes-ChangeByte-
#269013	NEW    cov: 49 ft: 413 corp: 145/2721b lim: 2279 exec/s: 0 rss: 35Mb L: 20/34 MS: 2 CopyPart-ChangeASCIIInt-
#283083	REDUCE cov: 49 ft: 413 corp: 145/2719b lim: 2411 exec/s: 0 rss: 35Mb L: 18/34 MS: 5 ChangeASCIIInt-ChangeBinInt-ShuffleBytes-EraseBytes-InsertByte-
#284857	REDUCE cov: 49 ft: 413 corp: 145/2717b lim: 2422 exec/s: 0 rss: 35Mb L: 16/34 MS: 4 EraseBytes-CopyPart-InsertByte-ChangeBit-
#290196	REDUCE cov: 49 ft: 413 corp: 145/2715b lim: 2466 exec/s: 0 rss: 35Mb L: 20/34 MS: 4 EraseBytes-EraseBytes-ShuffleBytes-ChangeBit-
#303479	REDUCE cov: 49 ft: 413 corp: 145/2713b lim: 2598 exec/s: 0 rss: 35Mb L: 18/34 MS: 3 EraseBytes-ChangeASCIIInt-InsertByte-
#312902	REDUCE cov: 49 ft: 413 corp: 145/2711b lim: 2686 exec/s: 0 rss: 35Mb L: 18/34 MS: 3 EraseBytes-ChangeASCIIInt-ChangeByte-
#328101	REDUCE cov: 49 ft: 413 corp: 145/2709b lim: 2829 exec/s: 0 rss: 35Mb L: 17/34 MS: 4 ChangeBit-ShuffleBytes-CopyPart-EraseBytes-
#358748	REDUCE cov: 49 ft: 413 corp: 145/2707b lim: 3126 exec/s: 0 rss: 35Mb L: 18/34 MS: 2 ChangeByte-EraseBytes-
#367334	NEW    cov: 49 ft: 414 corp: 146/2736b lim: 3203 exec/s: 0 rss: 35Mb L: 29/34 MS: 1 ShuffleBytes-
#372238	REDUCE cov: 49 ft: 414 corp: 146/2735b lim: 3247 exec/s: 0 rss: 35Mb L: 28/34 MS: 4 ChangeBinInt-EraseBytes-CrossOver-ChangeBinInt-
#404542	REDUCE cov: 49 ft: 414 corp: 146/2733b lim: 3566 exec/s: 0 rss: 35Mb L: 18/34 MS: 4 ChangeBinInt-EraseBytes-InsertByte-InsertByte-
#420041	NEW    cov: 49 ft: 415 corp: 147/2753b lim: 3720 exec/s: 420041 rss: 35Mb L: 20/34 MS: 2 ChangeBinInt-ChangeASCIIInt-
#426742	REDUCE cov: 49 ft: 416 corp: 148/2771b lim: 3786 exec/s: 426742 rss: 35Mb L: 18/34 MS: 1 ChangeBinInt-
#436594	REDUCE cov: 49 ft: 416 corp: 148/2765b lim: 3874 exec/s: 436594 rss: 35Mb L: 22/34 MS: 2 PersAutoDict-EraseBytes- DE: "\377\377\377x"-
#443360	NEW    cov: 49 ft: 417 corp: 149/2794b lim: 3940 exec/s: 443360 rss: 35Mb L: 29/34 MS: 1 CrossOver-
#445102	REDUCE cov: 49 ft: 417 corp: 149/2792b lim: 3951 exec/s: 445102 rss: 35Mb L: 18/34 MS: 2 EraseBytes-ChangeBinInt-
#466742	REDUCE cov: 49 ft: 417 corp: 149/2790b lim: 4096 exec/s: 466742 rss: 35Mb L: 18/34 MS: 5 CopyPart-EraseBytes-InsertRepeatedBytes-ChangeBit-InsertByte-
#547630	NEW    cov: 49 ft: 418 corp: 150/2810b lim: 4096 exec/s: 547630 rss: 35Mb L: 20/34 MS: 3 PersAutoDict-ChangeBit-ChangeBinInt- DE: "\001\000"-
#575237	REDUCE cov: 49 ft: 418 corp: 150/2808b lim: 4096 exec/s: 575237 rss: 36Mb L: 18/34 MS: 2 InsertByte-EraseBytes-
#618369	REDUCE cov: 49 ft: 418 corp: 150/2806b lim: 4096 exec/s: 618369 rss: 36Mb L: 16/34 MS: 2 EraseBytes-InsertByte-
#637641	REDUCE cov: 49 ft: 418 corp: 150/2804b lim: 4096 exec/s: 637641 rss: 36Mb L: 18/34 MS: 2 EraseBytes-ChangeByte-
#637832	NEW    cov: 49 ft: 419 corp: 151/2824b lim: 4096 exec/s: 637832 rss: 36Mb L: 20/34 MS: 1 ChangeBit-
#639629	REDUCE cov: 49 ft: 419 corp: 151/2822b lim: 4096 exec/s: 639629 rss: 36Mb L: 18/34 MS: 2 EraseBytes-ChangeBit-
#647787	REDUCE cov: 49 ft: 419 corp: 151/2820b lim: 4096 exec/s: 647787 rss: 36Mb L: 20/34 MS: 3 PersAutoDict-PersAutoDict-EraseBytes- DE: "\000\000\000\000"-"\377\377\377x"-
#693379	REDUCE cov: 49 ft: 419 corp: 151/2818b lim: 4096 exec/s: 693379 rss: 36Mb L: 18/34 MS: 2 InsertByte-EraseBytes-
#719424	REDUCE cov: 49 ft: 419 corp: 151/2816b lim: 4096 exec/s: 719424 rss: 36Mb L: 18/34 MS: 5 InsertByte-InsertByte-InsertByte-InsertByte-EraseBytes-
#775789	REDUCE cov: 49 ft: 419 corp: 151/2814b lim: 4096 exec/s: 775789 rss: 36Mb L: 18/34 MS: 5 ChangeASCIIInt-ChangeBinInt-ChangeASCIIInt-ChangeBinInt-EraseBytes-
#828020	REDUCE cov: 49 ft: 419 corp: 151/2813b lim: 4096 exec/s: 828020 rss: 36Mb L: 28/34 MS: 1 EraseBytes-
#886287	REDUCE cov: 49 ft: 419 corp: 151/2811b lim: 4096 exec/s: 443143 rss: 36Mb L: 16/34 MS: 2 PersAutoDict-EraseBytes- DE: "\377\377\377x"-
#916359	REDUCE cov: 49 ft: 419 corp: 151/2809b lim: 4096 exec/s: 458179 rss: 36Mb L: 18/34 MS: 2 InsertByte-EraseBytes-
#956301	NEW    cov: 49 ft: 420 corp: 152/2829b lim: 4096 exec/s: 478150 rss: 36Mb L: 20/34 MS: 2 ShuffleBytes-CopyPart-
#986600	REDUCE cov: 49 ft: 420 corp: 152/2827b lim: 4096 exec/s: 493300 rss: 36Mb L: 18/34 MS: 4 CopyPart-PersAutoDict-EraseBytes-ChangeByte- DE: "\0019"-
#1022607	REDUCE cov: 49 ft: 420 corp: 152/2825b lim: 4096 exec/s: 511303 rss: 36Mb L: 18/34 MS: 2 EraseBytes-ChangeByte-
#1028961	REDUCE cov: 49 ft: 420 corp: 152/2823b lim: 4096 exec/s: 514480 rss: 36Mb L: 18/34 MS: 4 ChangeBinInt-ChangeByte-ChangeByte-EraseBytes-
panic: found special char in iban [recovered]
	panic: found special char in iban

goroutine 17 [running, locked to thread]:
git.ultraware.nl/iddinkgroep/fundament-api.Fuzz.func1()
	git.ultraware.nl/iddinkgroep/fundament-api/fuzz.go:19 +0xa5
panic({0x558d0b2a7760?, 0x558d0b2bac70?})
	runtime/panic.go:914 +0x21f
git.ultraware.nl/iddinkgroep/fundament-api.Fuzz({0xc0004f6888, 0x14})
	git.ultraware.nl/iddinkgroep/fundament-api/fuzz.go:34 +0x2b9
git.ultraware.nl/iddinkgroep/fundament-api.Fuzz_(...)
	git.ultraware.nl/iddinkgroep/fundament-api/fuzz.1527825026.go:6
main.LLVMFuzzerTestOneInput(...)
	./main.170485750.go:21
==16467== ERROR: libFuzzer: deadly signal
    #0 0x558d0b1ca630 in __sanitizer_print_stack_trace (/seedai/experiments/libfuzzer/source_iban/libfuzzer+0xaf630) (BuildId: 688cb25bec4564588da2a67f6a2b25148a0fd5d4)
    #1 0x558d0b196755 in fuzzer::PrintStackTrace() (/seedai/experiments/libfuzzer/source_iban/libfuzzer+0x7b755) (BuildId: 688cb25bec4564588da2a67f6a2b25148a0fd5d4)
    #2 0x558d0b1753a9 in fuzzer::Fuzzer::CrashCallback() (.part.0) FuzzerLoop.cpp.o
    #3 0x558d0b17546a in fuzzer::Fuzzer::StaticCrashSignalCallback() (/seedai/experiments/libfuzzer/source_iban/libfuzzer+0x5a46a) (BuildId: 688cb25bec4564588da2a67f6a2b25148a0fd5d4)
    #4 0x7f31775ab70f  (/usr/lib/libc.so.6+0x3e70f) (BuildId: 316d0d3666387f0e8fb98773f51aa1801027c5ab)
    #5 0x558d0b22a160 in runtime.raise.abi0 runtime/sys_linux_amd64.s:153

NOTE: libFuzzer has rudimentary signal handlers.
      Combine libFuzzer with AddressSanitizer or similar for better crash reports.
SUMMARY: libFuzzer: deadly signal
MS: 1 ChangeByte-; base unit: 12794425242f9bb47b95f3083513a7bc63bd5880
0x41,0x54,0x35,0x36,0x2d,0x30,0x30,0x30,0x30,0x30,0x30,0x30,0x30,0x30,0x30,0x30,0x37,0x30,0x37,0x36,
AT56-000000000007076
artifact_prefix='./'; Test unit written to ./crash-cba728cc1eb920d444e131c28cc090225d9c1bd0
Base64: QVQ1Ni0wMDAwMDAwMDAwMDcwNzY=
