INFO: Running with entropic power schedule (0xFF, 100).
INFO: Seed: 2817555345
INFO: Loaded 1 modules   (70 inline 8-bit counters): 70 [0x55df0088c030, 0x55df0088c076), 
INFO: Loaded 1 PC tables (70 PCs): 70 [0xc000068000,0xc000068460), 
INFO:        8 files found in corpus
INFO: -max_len is not provided; libFuzzer will not generate inputs larger than 4096 bytes
INFO: seed corpus: files: 8 min: 3b max: 200b total: 648b rss: 29Mb
#9	INITED cov: 11 ft: 26 corp: 5/48b exec/s: 0 rss: 29Mb
#11	NEW    cov: 11 ft: 27 corp: 6/59b lim: 17 exec/s: 0 rss: 29Mb L: 11/17 MS: 2 ChangeByte-InsertRepeatedBytes-
#28	NEW    cov: 11 ft: 29 corp: 7/72b lim: 17 exec/s: 0 rss: 29Mb L: 13/17 MS: 2 ChangeByte-CMP- DE: "\000\000"-
#31	NEW    cov: 11 ft: 31 corp: 8/87b lim: 17 exec/s: 0 rss: 29Mb L: 15/17 MS: 3 ChangeByte-InsertRepeatedBytes-CopyPart-
#49	NEW    cov: 11 ft: 33 corp: 9/89b lim: 17 exec/s: 0 rss: 29Mb L: 2/17 MS: 3 EraseBytes-ChangeByte-EraseBytes-
#75	REDUCE cov: 11 ft: 33 corp: 9/85b lim: 17 exec/s: 0 rss: 29Mb L: 7/17 MS: 1 CrossOver-
#85	NEW    cov: 11 ft: 34 corp: 10/99b lim: 17 exec/s: 0 rss: 29Mb L: 14/17 MS: 5 CrossOver-ChangeBit-PersAutoDict-CrossOver-InsertByte- DE: "\000\000"-
#494	NEW    cov: 11 ft: 35 corp: 11/118b lim: 21 exec/s: 0 rss: 29Mb L: 19/19 MS: 4 InsertByte-ChangeByte-InsertByte-CrossOver-
#1314	NEW    cov: 13 ft: 42 corp: 12/145b lim: 29 exec/s: 0 rss: 30Mb L: 27/27 MS: 5 CMP-ChangeBinInt-PersAutoDict-ChangeBit-CopyPart- DE: "\016\000\000\000\000\000\000\000"-"\000\000"-
#1333	NEW    cov: 13 ft: 43 corp: 13/174b lim: 29 exec/s: 0 rss: 30Mb L: 29/29 MS: 4 PersAutoDict-ShuffleBytes-ChangeBit-CopyPart- DE: "\000\000"-
#1424	NEW    cov: 13 ft: 45 corp: 14/192b lim: 29 exec/s: 0 rss: 30Mb L: 18/29 MS: 1 EraseBytes-
#1663	NEW    cov: 13 ft: 46 corp: 15/219b lim: 29 exec/s: 0 rss: 30Mb L: 27/29 MS: 4 ShuffleBytes-ShuffleBytes-ShuffleBytes-ChangeBinInt-
#1674	NEW    cov: 13 ft: 47 corp: 16/241b lim: 29 exec/s: 0 rss: 30Mb L: 22/29 MS: 1 EraseBytes-
#1732	NEW    cov: 13 ft: 48 corp: 17/269b lim: 29 exec/s: 0 rss: 30Mb L: 28/29 MS: 3 CopyPart-EraseBytes-InsertRepeatedBytes-
#1790	NEW    cov: 13 ft: 49 corp: 18/287b lim: 29 exec/s: 0 rss: 30Mb L: 18/29 MS: 3 ShuffleBytes-EraseBytes-ChangeBit-
#1890	REDUCE cov: 13 ft: 49 corp: 18/285b lim: 29 exec/s: 0 rss: 30Mb L: 16/29 MS: 5 CopyPart-ChangeBit-InsertByte-EraseBytes-CMP- DE: "\001\000\000\000\000\000\000\026"-
#2054	NEW    cov: 13 ft: 50 corp: 19/300b lim: 29 exec/s: 0 rss: 30Mb L: 15/29 MS: 4 ChangeByte-ChangeBinInt-PersAutoDict-EraseBytes- DE: "\000\000"-
#2062	REDUCE cov: 13 ft: 51 corp: 20/324b lim: 29 exec/s: 0 rss: 30Mb L: 24/29 MS: 3 CrossOver-InsertRepeatedBytes-InsertRepeatedBytes-
#2090	NEW    cov: 25 ft: 99 corp: 21/343b lim: 29 exec/s: 0 rss: 30Mb L: 19/29 MS: 3 CMP-ShuffleBytes-InsertByte- DE: "\001\000"-
#2322	REDUCE cov: 25 ft: 99 corp: 21/337b lim: 29 exec/s: 0 rss: 30Mb L: 21/29 MS: 2 EraseBytes-EraseBytes-
#2441	NEW    cov: 25 ft: 102 corp: 22/356b lim: 29 exec/s: 0 rss: 30Mb L: 19/29 MS: 4 EraseBytes-ShuffleBytes-PersAutoDict-EraseBytes- DE: "\001\000"-
#2548	NEW    cov: 25 ft: 103 corp: 23/374b lim: 29 exec/s: 0 rss: 30Mb L: 18/29 MS: 2 CopyPart-ChangeByte-
#2558	REDUCE cov: 25 ft: 103 corp: 23/371b lim: 29 exec/s: 0 rss: 30Mb L: 1/29 MS: 5 CrossOver-PersAutoDict-CopyPart-PersAutoDict-CrossOver- DE: "\001\000\000\000\000\000\000\026"-"\001\000"-
#2659	NEW    cov: 25 ft: 105 corp: 24/397b lim: 29 exec/s: 0 rss: 30Mb L: 26/29 MS: 1 PersAutoDict- DE: "\001\000\000\000\000\000\000\026"-
#2757	REDUCE cov: 25 ft: 105 corp: 24/396b lim: 29 exec/s: 0 rss: 30Mb L: 17/29 MS: 3 ChangeByte-EraseBytes-PersAutoDict- DE: "\016\000\000\000\000\000\000\000"-
#2861	REDUCE cov: 25 ft: 107 corp: 25/422b lim: 29 exec/s: 0 rss: 30Mb L: 26/29 MS: 4 PersAutoDict-ShuffleBytes-InsertByte-ChangeBinInt- DE: "\001\000\000\000\000\000\000\026"-
#2962	NEW    cov: 25 ft: 108 corp: 26/448b lim: 29 exec/s: 0 rss: 30Mb L: 26/29 MS: 1 CrossOver-
#3021	REDUCE cov: 25 ft: 109 corp: 27/474b lim: 29 exec/s: 0 rss: 30Mb L: 26/29 MS: 4 CopyPart-CopyPart-PersAutoDict-ChangeBinInt- DE: "\001\000"-
#3074	REDUCE cov: 25 ft: 109 corp: 27/473b lim: 29 exec/s: 0 rss: 30Mb L: 15/29 MS: 3 EraseBytes-CopyPart-CrossOver-
#3160	NEW    cov: 25 ft: 111 corp: 28/490b lim: 29 exec/s: 0 rss: 30Mb L: 17/29 MS: 1 EraseBytes-
#3234	REDUCE cov: 25 ft: 113 corp: 29/507b lim: 29 exec/s: 0 rss: 30Mb L: 17/29 MS: 4 ChangeByte-InsertRepeatedBytes-CopyPart-CrossOver-
#3452	NEW    cov: 25 ft: 114 corp: 30/524b lim: 29 exec/s: 0 rss: 30Mb L: 17/29 MS: 3 ChangeBit-ShuffleBytes-ChangeByte-
#3842	NEW    cov: 25 ft: 115 corp: 31/545b lim: 29 exec/s: 0 rss: 31Mb L: 21/29 MS: 5 PersAutoDict-ChangeASCIIInt-PersAutoDict-CMP-ChangeByte- DE: "\001\000"-"\000\000"-"\025\000\000\000\000\000\000\000"-
#4251	NEW    cov: 25 ft: 116 corp: 32/577b lim: 33 exec/s: 0 rss: 31Mb L: 32/32 MS: 4 CopyPart-ChangeBinInt-InsertByte-PersAutoDict- DE: "\000\000"-
#4253	NEW    cov: 25 ft: 117 corp: 33/610b lim: 33 exec/s: 0 rss: 31Mb L: 33/33 MS: 2 CopyPart-CopyPart-
#4780	REDUCE cov: 25 ft: 117 corp: 33/605b lim: 38 exec/s: 0 rss: 31Mb L: 16/33 MS: 2 CMP-EraseBytes- DE: "\000\000\000\000"-
#4783	NEW    cov: 25 ft: 119 corp: 34/639b lim: 38 exec/s: 0 rss: 31Mb L: 34/34 MS: 3 ChangeByte-ShuffleBytes-CrossOver-
#4815	NEW    cov: 25 ft: 120 corp: 35/660b lim: 38 exec/s: 0 rss: 31Mb L: 21/34 MS: 2 ChangeByte-CopyPart-
#4837	REDUCE cov: 25 ft: 120 corp: 35/659b lim: 38 exec/s: 0 rss: 31Mb L: 31/34 MS: 2 ShuffleBytes-EraseBytes-
#5188	NEW    cov: 25 ft: 122 corp: 36/680b lim: 38 exec/s: 0 rss: 31Mb L: 21/34 MS: 1 PersAutoDict- DE: "\016\000\000\000\000\000\000\000"-
#5424	NEW    cov: 25 ft: 123 corp: 37/706b lim: 38 exec/s: 0 rss: 31Mb L: 26/34 MS: 1 ChangeByte-
#5517	NEW    cov: 25 ft: 124 corp: 38/732b lim: 38 exec/s: 0 rss: 31Mb L: 26/34 MS: 3 CMP-CMP-ChangeBit- DE: "\024\000\000\000\000\000\000\000"-"\035\000\000\000\000\000\000\000"-
#5548	NEW    cov: 25 ft: 126 corp: 39/751b lim: 38 exec/s: 0 rss: 31Mb L: 19/34 MS: 1 InsertByte-
#5745	REDUCE cov: 25 ft: 126 corp: 39/749b lim: 38 exec/s: 0 rss: 31Mb L: 26/34 MS: 2 CopyPart-EraseBytes-
#5784	REDUCE cov: 25 ft: 126 corp: 39/740b lim: 38 exec/s: 0 rss: 31Mb L: 17/34 MS: 4 ShuffleBytes-InsertRepeatedBytes-PersAutoDict-EraseBytes- DE: "\000\000"-
#6345	REDUCE cov: 25 ft: 126 corp: 39/739b lim: 43 exec/s: 0 rss: 31Mb L: 16/34 MS: 1 EraseBytes-
#7039	REDUCE cov: 25 ft: 126 corp: 39/733b lim: 48 exec/s: 0 rss: 31Mb L: 20/34 MS: 4 InsertRepeatedBytes-ChangeBit-ChangeBit-EraseBytes-
#7052	REDUCE cov: 25 ft: 126 corp: 39/731b lim: 48 exec/s: 0 rss: 31Mb L: 18/34 MS: 3 CopyPart-CrossOver-EraseBytes-
#7903	NEW    cov: 25 ft: 127 corp: 40/757b lim: 53 exec/s: 0 rss: 31Mb L: 26/34 MS: 1 ChangeBinInt-
#7960	REDUCE cov: 25 ft: 127 corp: 40/756b lim: 53 exec/s: 0 rss: 31Mb L: 16/34 MS: 2 ChangeByte-EraseBytes-
#8560	NEW    cov: 25 ft: 128 corp: 41/771b lim: 58 exec/s: 0 rss: 32Mb L: 15/34 MS: 5 ChangeBinInt-CopyPart-CopyPart-ShuffleBytes-CrossOver-
#8583	NEW    cov: 25 ft: 129 corp: 42/792b lim: 58 exec/s: 0 rss: 32Mb L: 21/34 MS: 3 ShuffleBytes-ChangeBit-ChangeByte-
#9144	REDUCE cov: 25 ft: 129 corp: 42/790b lim: 63 exec/s: 0 rss: 32Mb L: 16/34 MS: 1 EraseBytes-
#10255	REDUCE cov: 25 ft: 129 corp: 42/787b lim: 74 exec/s: 0 rss: 32Mb L: 23/34 MS: 1 EraseBytes-
#10737	REDUCE cov: 25 ft: 129 corp: 42/782b lim: 74 exec/s: 0 rss: 32Mb L: 18/34 MS: 2 ChangeBinInt-EraseBytes-
#10753	REDUCE cov: 25 ft: 129 corp: 42/781b lim: 74 exec/s: 0 rss: 32Mb L: 17/34 MS: 1 EraseBytes-
#11199	REDUCE cov: 25 ft: 129 corp: 42/780b lim: 74 exec/s: 0 rss: 32Mb L: 15/34 MS: 1 EraseBytes-
#12276	REDUCE cov: 25 ft: 129 corp: 42/779b lim: 80 exec/s: 0 rss: 32Mb L: 15/34 MS: 2 PersAutoDict-EraseBytes- DE: "\035\000\000\000\000\000\000\000"-
#15323	REDUCE cov: 25 ft: 129 corp: 42/777b lim: 110 exec/s: 0 rss: 33Mb L: 16/34 MS: 2 EraseBytes-CopyPart-
#15965	REDUCE cov: 25 ft: 129 corp: 42/776b lim: 116 exec/s: 0 rss: 33Mb L: 16/34 MS: 2 ChangeBit-EraseBytes-
#22939	REDUCE cov: 25 ft: 129 corp: 42/774b lim: 184 exec/s: 0 rss: 34Mb L: 15/34 MS: 4 EraseBytes-ChangeByte-ChangeBit-InsertByte-
#24678	REDUCE cov: 25 ft: 129 corp: 42/772b lim: 198 exec/s: 0 rss: 34Mb L: 15/34 MS: 4 EraseBytes-InsertByte-ChangeByte-CrossOver-
#26139	REDUCE cov: 25 ft: 129 corp: 42/771b lim: 212 exec/s: 0 rss: 34Mb L: 15/34 MS: 1 EraseBytes-
#34264	REDUCE cov: 25 ft: 129 corp: 42/767b lim: 285 exec/s: 0 rss: 35Mb L: 18/34 MS: 5 EraseBytes-EraseBytes-CrossOver-CrossOver-EraseBytes-
#39431	REDUCE cov: 25 ft: 129 corp: 42/761b lim: 333 exec/s: 0 rss: 35Mb L: 20/34 MS: 2 CMP-EraseBytes- DE: "\377\377\377\377"-
#40720	REDUCE cov: 25 ft: 129 corp: 42/759b lim: 341 exec/s: 0 rss: 35Mb L: 18/34 MS: 4 ChangeBinInt-ChangeByte-InsertByte-EraseBytes-
#42171	REDUCE cov: 25 ft: 130 corp: 43/774b lim: 349 exec/s: 0 rss: 35Mb L: 15/34 MS: 1 ChangeBit-
#44755	REDUCE cov: 25 ft: 130 corp: 43/772b lim: 373 exec/s: 0 rss: 35Mb L: 19/34 MS: 4 ChangeByte-CrossOver-InsertByte-EraseBytes-
#46334	REDUCE cov: 25 ft: 130 corp: 43/771b lim: 381 exec/s: 0 rss: 35Mb L: 15/34 MS: 4 EraseBytes-InsertByte-ChangeBinInt-PersAutoDict- DE: "\001\000\000\000\000\000\000\026"-
#47231	REDUCE cov: 25 ft: 130 corp: 43/769b lim: 389 exec/s: 0 rss: 35Mb L: 17/34 MS: 2 EraseBytes-ShuffleBytes-
#70639	REDUCE cov: 25 ft: 130 corp: 43/767b lim: 616 exec/s: 0 rss: 35Mb L: 24/34 MS: 3 CopyPart-EraseBytes-CrossOver-
#71318	REDUCE cov: 25 ft: 131 corp: 44/789b lim: 616 exec/s: 0 rss: 35Mb L: 22/34 MS: 4 EraseBytes-ChangeBit-EraseBytes-CrossOver-
#79736	NEW    cov: 25 ft: 132 corp: 45/805b lim: 697 exec/s: 0 rss: 35Mb L: 16/34 MS: 3 PersAutoDict-InsertByte-CMP- DE: "\001\000\000\000\000\000\000\026"-"\377\377\377\377\377\377\377!"-
#80122	NEW    cov: 30 ft: 146 corp: 46/827b lim: 697 exec/s: 0 rss: 35Mb L: 22/34 MS: 1 CopyPart-
#80531	REDUCE cov: 30 ft: 146 corp: 46/824b lim: 697 exec/s: 0 rss: 35Mb L: 19/34 MS: 4 EraseBytes-CopyPart-CopyPart-EraseBytes-
#81669	REDUCE cov: 30 ft: 148 corp: 47/843b lim: 706 exec/s: 0 rss: 35Mb L: 19/34 MS: 3 ChangeByte-ShuffleBytes-ChangeBit-
#82212	REDUCE cov: 30 ft: 150 corp: 48/862b lim: 706 exec/s: 0 rss: 35Mb L: 19/34 MS: 3 CrossOver-CopyPart-ShuffleBytes-
#82972	REDUCE cov: 30 ft: 151 corp: 49/881b lim: 706 exec/s: 0 rss: 35Mb L: 19/34 MS: 5 InsertByte-EraseBytes-ShuffleBytes-CopyPart-ChangeByte-
#83098	NEW    cov: 30 ft: 161 corp: 50/900b lim: 706 exec/s: 0 rss: 35Mb L: 19/34 MS: 1 ShuffleBytes-
#83544	REDUCE cov: 30 ft: 163 corp: 51/919b lim: 706 exec/s: 0 rss: 35Mb L: 19/34 MS: 1 ShuffleBytes-
#83575	NEW    cov: 30 ft: 165 corp: 52/938b lim: 706 exec/s: 0 rss: 35Mb L: 19/34 MS: 1 ShuffleBytes-
#83611	NEW    cov: 30 ft: 167 corp: 53/957b lim: 706 exec/s: 0 rss: 35Mb L: 19/34 MS: 1 ChangeByte-
#83662	NEW    cov: 30 ft: 169 corp: 54/976b lim: 706 exec/s: 0 rss: 35Mb L: 19/34 MS: 1 ShuffleBytes-
#83813	NEW    cov: 30 ft: 171 corp: 55/995b lim: 706 exec/s: 0 rss: 35Mb L: 19/34 MS: 1 CrossOver-
#83820	REDUCE cov: 30 ft: 171 corp: 55/993b lim: 706 exec/s: 0 rss: 35Mb L: 22/34 MS: 2 EraseBytes-CopyPart-
#83836	NEW    cov: 30 ft: 180 corp: 56/1012b lim: 706 exec/s: 0 rss: 35Mb L: 19/34 MS: 1 CopyPart-
#83878	NEW    cov: 30 ft: 183 corp: 57/1031b lim: 706 exec/s: 0 rss: 35Mb L: 19/34 MS: 2 ChangeByte-ShuffleBytes-
#83934	NEW    cov: 30 ft: 184 corp: 58/1050b lim: 706 exec/s: 0 rss: 35Mb L: 19/34 MS: 1 ShuffleBytes-
#84555	NEW    cov: 30 ft: 186 corp: 59/1069b lim: 706 exec/s: 0 rss: 35Mb L: 19/34 MS: 1 CrossOver-
#84876	NEW    cov: 30 ft: 187 corp: 60/1088b lim: 706 exec/s: 0 rss: 35Mb L: 19/34 MS: 1 ShuffleBytes-
#85240	REDUCE cov: 30 ft: 189 corp: 61/1107b lim: 706 exec/s: 0 rss: 35Mb L: 19/34 MS: 4 PersAutoDict-ShuffleBytes-ChangeBit-CopyPart- DE: "\000\000"-
#86551	NEW    cov: 30 ft: 191 corp: 62/1126b lim: 715 exec/s: 0 rss: 35Mb L: 19/34 MS: 1 ShuffleBytes-
#86721	NEW    cov: 30 ft: 192 corp: 63/1147b lim: 715 exec/s: 0 rss: 35Mb L: 21/34 MS: 5 ChangeByte-ShuffleBytes-CopyPart-ChangeBit-EraseBytes-
#86748	NEW    cov: 30 ft: 193 corp: 64/1166b lim: 715 exec/s: 0 rss: 35Mb L: 19/34 MS: 2 ChangeBinInt-ChangeByte-
#87359	REDUCE cov: 30 ft: 193 corp: 64/1164b lim: 715 exec/s: 0 rss: 35Mb L: 17/34 MS: 1 EraseBytes-
#91147	REDUCE cov: 30 ft: 193 corp: 64/1162b lim: 751 exec/s: 0 rss: 35Mb L: 17/34 MS: 3 ChangeByte-ChangeBinInt-EraseBytes-
#91183	NEW    cov: 30 ft: 195 corp: 65/1181b lim: 751 exec/s: 0 rss: 35Mb L: 19/34 MS: 1 ChangeBit-
#93684	NEW    cov: 30 ft: 197 corp: 66/1200b lim: 769 exec/s: 0 rss: 35Mb L: 19/34 MS: 1 ChangeBit-
#93808	NEW    cov: 32 ft: 209 corp: 67/1221b lim: 769 exec/s: 0 rss: 35Mb L: 21/34 MS: 4 CopyPart-EraseBytes-ChangeBit-CopyPart-
#93829	NEW    cov: 32 ft: 211 corp: 68/1240b lim: 769 exec/s: 0 rss: 35Mb L: 19/34 MS: 1 ShuffleBytes-
#93890	NEW    cov: 32 ft: 212 corp: 69/1261b lim: 769 exec/s: 0 rss: 35Mb L: 21/34 MS: 1 ShuffleBytes-
#94002	NEW    cov: 32 ft: 213 corp: 70/1282b lim: 769 exec/s: 0 rss: 35Mb L: 21/34 MS: 2 ShuffleBytes-ChangeByte-
#94085	NEW    cov: 32 ft: 214 corp: 71/1303b lim: 769 exec/s: 0 rss: 35Mb L: 21/34 MS: 3 CopyPart-InsertByte-EraseBytes-
#94486	NEW    cov: 32 ft: 215 corp: 72/1324b lim: 769 exec/s: 0 rss: 35Mb L: 21/34 MS: 1 CopyPart-
#94887	NEW    cov: 32 ft: 216 corp: 73/1345b lim: 769 exec/s: 0 rss: 35Mb L: 21/34 MS: 1 ChangeByte-
#95919	NEW    cov: 32 ft: 217 corp: 74/1366b lim: 778 exec/s: 0 rss: 35Mb L: 21/34 MS: 2 ShuffleBytes-ShuffleBytes-
#95985	NEW    cov: 45 ft: 272 corp: 75/1387b lim: 778 exec/s: 0 rss: 35Mb L: 21/34 MS: 1 CopyPart-
#96506	NEW    cov: 45 ft: 273 corp: 76/1408b lim: 778 exec/s: 0 rss: 35Mb L: 21/34 MS: 1 ShuffleBytes-
#96567	NEW    cov: 46 ft: 274 corp: 77/1429b lim: 778 exec/s: 0 rss: 35Mb L: 21/34 MS: 1 ChangeBinInt-
#96818	NEW    cov: 46 ft: 276 corp: 78/1450b lim: 778 exec/s: 0 rss: 35Mb L: 21/34 MS: 1 ChangeBit-
#96904	NEW    cov: 46 ft: 277 corp: 79/1471b lim: 778 exec/s: 0 rss: 35Mb L: 21/34 MS: 1 ChangeBinInt-
#98245	NEW    cov: 46 ft: 279 corp: 80/1490b lim: 787 exec/s: 0 rss: 35Mb L: 19/34 MS: 1 ChangeBinInt-
#98727	REDUCE cov: 46 ft: 279 corp: 80/1488b lim: 787 exec/s: 0 rss: 35Mb L: 17/34 MS: 2 PersAutoDict-EraseBytes- DE: "\377\377\377\377\377\377\377!"-
#100008	NEW    cov: 46 ft: 280 corp: 81/1507b lim: 796 exec/s: 0 rss: 35Mb L: 19/34 MS: 1 ChangeBit-
#100459	NEW    cov: 48 ft: 290 corp: 82/1528b lim: 796 exec/s: 0 rss: 35Mb L: 21/34 MS: 1 ChangeBit-
#103673	NEW    cov: 49 ft: 293 corp: 83/1549b lim: 823 exec/s: 0 rss: 35Mb L: 21/34 MS: 4 ChangeByte-EraseBytes-InsertByte-CopyPart-
#104094	NEW    cov: 49 ft: 295 corp: 84/1570b lim: 823 exec/s: 0 rss: 35Mb L: 21/34 MS: 1 ChangeBit-
#105351	REDUCE cov: 49 ft: 295 corp: 84/1568b lim: 832 exec/s: 0 rss: 35Mb L: 17/34 MS: 2 EraseBytes-ChangeByte-
#106414	NEW    cov: 50 ft: 300 corp: 85/1589b lim: 841 exec/s: 0 rss: 35Mb L: 21/34 MS: 3 PersAutoDict-PersAutoDict-ChangeBit- DE: "\035\000\000\000\000\000\000\000"-"\035\000\000\000\000\000\000\000"-
#108435	NEW    cov: 50 ft: 301 corp: 86/1610b lim: 859 exec/s: 0 rss: 35Mb L: 21/34 MS: 1 ChangeBinInt-
#110246	NEW    cov: 50 ft: 303 corp: 87/1631b lim: 877 exec/s: 0 rss: 35Mb L: 21/34 MS: 1 ShuffleBytes-
#111007	NEW    cov: 50 ft: 304 corp: 88/1652b lim: 877 exec/s: 0 rss: 35Mb L: 21/34 MS: 1 ChangeBit-
#112743	NEW    cov: 50 ft: 305 corp: 89/1673b lim: 886 exec/s: 0 rss: 35Mb L: 21/34 MS: 1 ChangeByte-
#113592	NEW    cov: 50 ft: 306 corp: 90/1692b lim: 886 exec/s: 0 rss: 35Mb L: 19/34 MS: 4 InsertByte-InsertByte-CopyPart-InsertByte-
#114567	NEW    cov: 50 ft: 307 corp: 91/1711b lim: 895 exec/s: 0 rss: 35Mb L: 19/34 MS: 5 ChangeBit-ChangeBit-ShuffleBytes-ChangeByte-ShuffleBytes-
#115179	REDUCE cov: 50 ft: 307 corp: 91/1707b lim: 895 exec/s: 0 rss: 35Mb L: 15/34 MS: 2 InsertByte-EraseBytes-
#115290	NEW    cov: 50 ft: 308 corp: 92/1726b lim: 895 exec/s: 0 rss: 35Mb L: 19/34 MS: 1 ShuffleBytes-
#115763	NEW    cov: 50 ft: 309 corp: 93/1747b lim: 895 exec/s: 0 rss: 35Mb L: 21/34 MS: 3 ChangeBit-ShuffleBytes-ChangeBit-
#116713	NEW    cov: 50 ft: 310 corp: 94/1768b lim: 904 exec/s: 0 rss: 35Mb L: 21/34 MS: 5 InsertByte-EraseBytes-CopyPart-ChangeBit-InsertByte-
#117272	NEW    cov: 50 ft: 311 corp: 95/1789b lim: 904 exec/s: 0 rss: 35Mb L: 21/34 MS: 4 ChangeBinInt-CrossOver-ChangeBinInt-CrossOver-
#117405	REDUCE cov: 50 ft: 311 corp: 95/1787b lim: 904 exec/s: 0 rss: 35Mb L: 19/34 MS: 3 ChangeByte-ChangeByte-EraseBytes-
#117792	NEW    cov: 50 ft: 312 corp: 96/1808b lim: 904 exec/s: 0 rss: 35Mb L: 21/34 MS: 2 ChangeByte-ChangeBit-
#122173	NEW    cov: 50 ft: 313 corp: 97/1829b lim: 940 exec/s: 0 rss: 35Mb L: 21/34 MS: 1 ChangeBit-
#123169	NEW    cov: 50 ft: 314 corp: 98/1850b lim: 949 exec/s: 0 rss: 35Mb L: 21/34 MS: 1 CrossOver-
#124795	NEW    cov: 50 ft: 316 corp: 99/1871b lim: 958 exec/s: 0 rss: 35Mb L: 21/34 MS: 1 ChangeBit-
#127152	NEW    cov: 50 ft: 317 corp: 100/1892b lim: 976 exec/s: 0 rss: 35Mb L: 21/34 MS: 2 ShuffleBytes-ChangeBit-
#131004	NEW    cov: 50 ft: 319 corp: 101/1913b lim: 1012 exec/s: 0 rss: 35Mb L: 21/34 MS: 2 ChangeBit-ChangeBit-
#135015	REDUCE cov: 50 ft: 320 corp: 102/1932b lim: 1050 exec/s: 0 rss: 35Mb L: 19/34 MS: 1 ShuffleBytes-
#138527	NEW    cov: 50 ft: 321 corp: 103/1951b lim: 1080 exec/s: 0 rss: 35Mb L: 19/34 MS: 2 ShuffleBytes-CopyPart-
#150895	REDUCE cov: 50 ft: 321 corp: 103/1949b lim: 1200 exec/s: 0 rss: 35Mb L: 17/34 MS: 3 InsertByte-ChangeBinInt-EraseBytes-
#156097	NEW    cov: 50 ft: 322 corp: 104/1970b lim: 1250 exec/s: 0 rss: 35Mb L: 21/34 MS: 2 ChangeBit-ChangeByte-
#157778	NEW    cov: 50 ft: 323 corp: 105/1991b lim: 1260 exec/s: 0 rss: 35Mb L: 21/34 MS: 1 ShuffleBytes-
#158939	NEW    cov: 50 ft: 324 corp: 106/2010b lim: 1270 exec/s: 0 rss: 35Mb L: 19/34 MS: 1 ChangeBit-
#166731	REDUCE cov: 50 ft: 324 corp: 106/2008b lim: 1340 exec/s: 0 rss: 35Mb L: 15/34 MS: 2 ShuffleBytes-EraseBytes-
#172168	NEW    cov: 50 ft: 325 corp: 107/2027b lim: 1390 exec/s: 0 rss: 35Mb L: 19/34 MS: 2 ShuffleBytes-ShuffleBytes-
#176297	REDUCE cov: 50 ft: 325 corp: 107/2024b lim: 1430 exec/s: 0 rss: 35Mb L: 16/34 MS: 4 InsertRepeatedBytes-ShuffleBytes-ChangeBit-EraseBytes-
#177297	REDUCE cov: 50 ft: 325 corp: 107/2022b lim: 1430 exec/s: 0 rss: 35Mb L: 19/34 MS: 5 ChangeBinInt-ChangeBit-ChangeBit-ShuffleBytes-EraseBytes-
#179811	REDUCE cov: 50 ft: 325 corp: 107/2020b lim: 1450 exec/s: 0 rss: 35Mb L: 19/34 MS: 4 ChangeByte-PersAutoDict-EraseBytes-ChangeBinInt- DE: "\024\000\000\000\000\000\000\000"-
#189112	REDUCE cov: 50 ft: 328 corp: 108/2036b lim: 1540 exec/s: 0 rss: 35Mb L: 16/34 MS: 1 CMP- DE: "\377\377\377\377\377\377\377\377"-
#200721	REDUCE cov: 50 ft: 328 corp: 108/2035b lim: 1650 exec/s: 0 rss: 35Mb L: 15/34 MS: 4 CrossOver-EraseBytes-PersAutoDict-EraseBytes- DE: "\000\000\000\000"-
#201808	REDUCE cov: 50 ft: 329 corp: 109/2050b lim: 1660 exec/s: 0 rss: 35Mb L: 15/34 MS: 2 ChangeByte-ChangeBinInt-
#214024	REDUCE cov: 50 ft: 329 corp: 109/2048b lim: 1780 exec/s: 0 rss: 35Mb L: 17/34 MS: 1 EraseBytes-
#228526	REDUCE cov: 50 ft: 329 corp: 109/2046b lim: 1920 exec/s: 0 rss: 35Mb L: 16/34 MS: 2 ChangeBinInt-EraseBytes-
#247767	NEW    cov: 50 ft: 331 corp: 110/2067b lim: 2105 exec/s: 0 rss: 35Mb L: 21/34 MS: 1 ChangeBit-
#259118	NEW    cov: 50 ft: 333 corp: 111/2088b lim: 2215 exec/s: 0 rss: 35Mb L: 21/34 MS: 1 ChangeBit-
#273964	NEW    cov: 50 ft: 334 corp: 112/2109b lim: 2358 exec/s: 0 rss: 35Mb L: 21/34 MS: 1 ChangeBinInt-
#276051	REDUCE cov: 50 ft: 334 corp: 112/2107b lim: 2369 exec/s: 0 rss: 35Mb L: 17/34 MS: 2 EraseBytes-CopyPart-
#277562	NEW    cov: 50 ft: 336 corp: 113/2128b lim: 2380 exec/s: 0 rss: 35Mb L: 21/34 MS: 1 ChangeByte-
#280177	REDUCE cov: 50 ft: 336 corp: 113/2126b lim: 2402 exec/s: 0 rss: 35Mb L: 19/34 MS: 5 PersAutoDict-InsertByte-EraseBytes-ChangeByte-InsertByte- DE: "\000\000\000\000"-
#282778	NEW    cov: 50 ft: 337 corp: 114/2147b lim: 2424 exec/s: 0 rss: 35Mb L: 21/34 MS: 1 CopyPart-
#298524	NEW    cov: 50 ft: 338 corp: 115/2168b lim: 2578 exec/s: 0 rss: 35Mb L: 21/34 MS: 1 ChangeBinInt-
#301477	REDUCE cov: 50 ft: 338 corp: 115/2166b lim: 2600 exec/s: 0 rss: 35Mb L: 17/34 MS: 3 ShuffleBytes-EraseBytes-CrossOver-
#313080	NEW    cov: 50 ft: 342 corp: 116/2187b lim: 2710 exec/s: 0 rss: 35Mb L: 21/34 MS: 3 ChangeBinInt-CrossOver-ChangeByte-
#331391	NEW    cov: 50 ft: 343 corp: 117/2208b lim: 2886 exec/s: 0 rss: 35Mb L: 21/34 MS: 1 ChangeBit-
#339119	REDUCE cov: 50 ft: 343 corp: 117/2206b lim: 2952 exec/s: 0 rss: 35Mb L: 15/34 MS: 3 InsertByte-CrossOver-EraseBytes-
#356365	NEW    cov: 50 ft: 344 corp: 118/2227b lim: 3117 exec/s: 0 rss: 35Mb L: 21/34 MS: 1 ChangeBit-
#357147	NEW    cov: 50 ft: 345 corp: 119/2248b lim: 3117 exec/s: 0 rss: 35Mb L: 21/34 MS: 2 ChangeByte-ChangeBit-
#365533	NEW    cov: 50 ft: 347 corp: 120/2269b lim: 3194 exec/s: 0 rss: 35Mb L: 21/34 MS: 1 ChangeByte-
#367087	REDUCE cov: 50 ft: 347 corp: 120/2267b lim: 3205 exec/s: 0 rss: 35Mb L: 19/34 MS: 4 EraseBytes-ChangeByte-ChangeBit-InsertByte-
#379579	NEW    cov: 50 ft: 350 corp: 121/2288b lim: 3326 exec/s: 0 rss: 35Mb L: 21/34 MS: 2 ChangeASCIIInt-ChangeBit-
#383901	REDUCE cov: 50 ft: 350 corp: 121/2286b lim: 3359 exec/s: 0 rss: 35Mb L: 24/34 MS: 2 ChangeBinInt-EraseBytes-
#388303	REDUCE cov: 50 ft: 350 corp: 121/2284b lim: 3392 exec/s: 0 rss: 35Mb L: 15/34 MS: 2 InsertByte-EraseBytes-
#389879	NEW    cov: 50 ft: 351 corp: 122/2305b lim: 3403 exec/s: 0 rss: 35Mb L: 21/34 MS: 1 ChangeByte-
#391800	NEW    cov: 50 ft: 352 corp: 123/2326b lim: 3414 exec/s: 0 rss: 35Mb L: 21/34 MS: 1 ChangeASCIIInt-
#393979	REDUCE cov: 50 ft: 352 corp: 123/2324b lim: 3425 exec/s: 0 rss: 35Mb L: 15/34 MS: 4 EraseBytes-ChangeBinInt-CopyPart-EraseBytes-
#400760	NEW    cov: 50 ft: 353 corp: 124/2343b lim: 3491 exec/s: 0 rss: 35Mb L: 19/34 MS: 1 ChangeByte-
#403362	REDUCE cov: 50 ft: 353 corp: 124/2341b lim: 3513 exec/s: 0 rss: 35Mb L: 19/34 MS: 2 EraseBytes-CrossOver-
#403673	NEW    cov: 50 ft: 354 corp: 125/2362b lim: 3513 exec/s: 0 rss: 35Mb L: 21/34 MS: 1 ChangeASCIIInt-
#405820	NEW    cov: 50 ft: 355 corp: 126/2383b lim: 3524 exec/s: 0 rss: 35Mb L: 21/34 MS: 2 ChangeASCIIInt-ChangeASCIIInt-
#408572	NEW    cov: 50 ft: 356 corp: 127/2404b lim: 3546 exec/s: 0 rss: 35Mb L: 21/34 MS: 2 ChangeASCIIInt-ChangeBinInt-
#411155	REDUCE cov: 50 ft: 356 corp: 127/2402b lim: 3568 exec/s: 0 rss: 35Mb L: 19/34 MS: 3 ChangeByte-EraseBytes-InsertByte-
#413386	REDUCE cov: 50 ft: 357 corp: 128/2421b lim: 3590 exec/s: 0 rss: 35Mb L: 19/34 MS: 1 CopyPart-
#413457	REDUCE cov: 50 ft: 358 corp: 129/2440b lim: 3590 exec/s: 0 rss: 35Mb L: 19/34 MS: 1 ChangeBit-
#413788	NEW    cov: 50 ft: 359 corp: 130/2459b lim: 3590 exec/s: 0 rss: 35Mb L: 19/34 MS: 1 ChangeASCIIInt-
#416226	NEW    cov: 50 ft: 360 corp: 131/2480b lim: 3612 exec/s: 416226 rss: 35Mb L: 21/34 MS: 4 ShuffleBytes-ChangeBinInt-ShuffleBytes-ChangeBit-
#417774	NEW    cov: 50 ft: 361 corp: 132/2499b lim: 3623 exec/s: 417774 rss: 35Mb L: 19/34 MS: 3 CopyPart-ChangeBinInt-ChangeBinInt-
#429806	REDUCE cov: 50 ft: 361 corp: 132/2497b lim: 3733 exec/s: 429806 rss: 35Mb L: 17/34 MS: 2 InsertByte-EraseBytes-
#445388	REDUCE cov: 50 ft: 361 corp: 132/2495b lim: 3887 exec/s: 445388 rss: 35Mb L: 19/34 MS: 2 InsertByte-EraseBytes-
#447431	REDUCE cov: 50 ft: 361 corp: 132/2491b lim: 3898 exec/s: 447431 rss: 35Mb L: 17/34 MS: 3 InsertRepeatedBytes-EraseBytes-EraseBytes-
#458079	NEW    cov: 50 ft: 362 corp: 133/2510b lim: 3997 exec/s: 458079 rss: 35Mb L: 19/34 MS: 3 ChangeBit-ChangeBit-ChangeASCIIInt-
#460831	REDUCE cov: 50 ft: 362 corp: 133/2508b lim: 4019 exec/s: 460831 rss: 35Mb L: 17/34 MS: 2 EraseBytes-ChangeBit-
#461709	REDUCE cov: 50 ft: 362 corp: 133/2506b lim: 4019 exec/s: 461709 rss: 35Mb L: 19/34 MS: 3 ChangeBit-ChangeBit-EraseBytes-
#467665	REDUCE cov: 50 ft: 363 corp: 134/2523b lim: 4074 exec/s: 467665 rss: 35Mb L: 17/34 MS: 1 ChangeASCIIInt-
#473746	NEW    cov: 50 ft: 364 corp: 135/2540b lim: 4096 exec/s: 473746 rss: 35Mb L: 17/34 MS: 1 ChangeBinInt-
#484497	REDUCE cov: 50 ft: 364 corp: 135/2538b lim: 4096 exec/s: 484497 rss: 35Mb L: 17/34 MS: 1 EraseBytes-
#501873	NEW    cov: 50 ft: 365 corp: 136/2555b lim: 4096 exec/s: 501873 rss: 35Mb L: 17/34 MS: 1 CopyPart-
#503234	NEW    cov: 50 ft: 366 corp: 137/2572b lim: 4096 exec/s: 503234 rss: 35Mb L: 17/34 MS: 1 CopyPart-
#505961	NEW    cov: 50 ft: 368 corp: 138/2589b lim: 4096 exec/s: 505961 rss: 35Mb L: 17/34 MS: 2 ChangeByte-ChangeASCIIInt-
#506112	NEW    cov: 50 ft: 370 corp: 139/2606b lim: 4096 exec/s: 506112 rss: 35Mb L: 17/34 MS: 1 ChangeBit-
#506388	NEW    cov: 50 ft: 371 corp: 140/2623b lim: 4096 exec/s: 506388 rss: 35Mb L: 17/34 MS: 1 ChangeASCIIInt-
#506689	NEW    cov: 50 ft: 372 corp: 141/2640b lim: 4096 exec/s: 506689 rss: 35Mb L: 17/34 MS: 1 CopyPart-
#508325	NEW    cov: 50 ft: 373 corp: 142/2657b lim: 4096 exec/s: 508325 rss: 35Mb L: 17/34 MS: 1 CopyPart-
#508414	REDUCE cov: 50 ft: 373 corp: 142/2651b lim: 4096 exec/s: 508414 rss: 35Mb L: 18/34 MS: 4 ChangeBinInt-ChangeBit-InsertByte-EraseBytes-
#508556	NEW    cov: 50 ft: 374 corp: 143/2668b lim: 4096 exec/s: 508556 rss: 35Mb L: 17/34 MS: 2 ChangeBinInt-ChangeByte-
#508759	NEW    cov: 50 ft: 376 corp: 144/2685b lim: 4096 exec/s: 508759 rss: 35Mb L: 17/34 MS: 3 ChangeASCIIInt-InsertByte-EraseBytes-
#509046	NEW    cov: 50 ft: 377 corp: 145/2702b lim: 4096 exec/s: 509046 rss: 35Mb L: 17/34 MS: 2 ShuffleBytes-ChangeASCIIInt-
#512762	NEW    cov: 50 ft: 378 corp: 146/2719b lim: 4096 exec/s: 512762 rss: 35Mb L: 17/34 MS: 1 ChangeBit-
#519018	NEW    cov: 50 ft: 379 corp: 147/2736b lim: 4096 exec/s: 519018 rss: 35Mb L: 17/34 MS: 1 CopyPart-
#523294	NEW    cov: 50 ft: 380 corp: 148/2753b lim: 4096 exec/s: 523294 rss: 35Mb L: 17/34 MS: 1 ChangeASCIIInt-
#529101	NEW    cov: 50 ft: 381 corp: 149/2770b lim: 4096 exec/s: 529101 rss: 36Mb L: 17/34 MS: 2 ShuffleBytes-CrossOver-
#536058	REDUCE cov: 50 ft: 381 corp: 149/2769b lim: 4096 exec/s: 536058 rss: 36Mb L: 21/34 MS: 2 CrossOver-EraseBytes-
#541747	REDUCE cov: 50 ft: 381 corp: 149/2767b lim: 4096 exec/s: 541747 rss: 36Mb L: 17/34 MS: 4 CrossOver-InsertByte-EraseBytes-CopyPart-
#546163	NEW    cov: 50 ft: 382 corp: 150/2784b lim: 4096 exec/s: 546163 rss: 36Mb L: 17/34 MS: 1 ChangeBit-
#546439	NEW    cov: 50 ft: 383 corp: 151/2801b lim: 4096 exec/s: 546439 rss: 36Mb L: 17/34 MS: 1 CopyPart-
#547060	NEW    cov: 50 ft: 384 corp: 152/2818b lim: 4096 exec/s: 547060 rss: 36Mb L: 17/34 MS: 1 ChangeASCIIInt-
#551957	REDUCE cov: 50 ft: 384 corp: 152/2814b lim: 4096 exec/s: 551957 rss: 36Mb L: 17/34 MS: 2 EraseBytes-ChangeBinInt-
#553323	NEW    cov: 50 ft: 385 corp: 153/2831b lim: 4096 exec/s: 553323 rss: 36Mb L: 17/34 MS: 1 ChangeASCIIInt-
#566014	NEW    cov: 50 ft: 386 corp: 154/2852b lim: 4096 exec/s: 566014 rss: 36Mb L: 21/34 MS: 1 ChangeBit-
#594125	NEW    cov: 50 ft: 388 corp: 155/2873b lim: 4096 exec/s: 594125 rss: 36Mb L: 21/34 MS: 1 ChangeBit-
#618221	NEW    cov: 50 ft: 390 corp: 156/2894b lim: 4096 exec/s: 618221 rss: 36Mb L: 21/34 MS: 1 ShuffleBytes-
#664883	REDUCE cov: 50 ft: 390 corp: 156/2892b lim: 4096 exec/s: 664883 rss: 36Mb L: 17/34 MS: 2 EraseBytes-ChangeByte-
#695666	REDUCE cov: 50 ft: 390 corp: 156/2890b lim: 4096 exec/s: 695666 rss: 36Mb L: 19/34 MS: 3 ChangeBit-EraseBytes-ChangeBit-
#706993	REDUCE cov: 50 ft: 390 corp: 156/2888b lim: 4096 exec/s: 706993 rss: 36Mb L: 19/34 MS: 2 EraseBytes-ChangeByte-
#723387	REDUCE cov: 50 ft: 390 corp: 156/2886b lim: 4096 exec/s: 723387 rss: 36Mb L: 19/34 MS: 4 ChangeByte-EraseBytes-ChangeBit-InsertByte-
#765759	REDUCE cov: 50 ft: 390 corp: 156/2882b lim: 4096 exec/s: 765759 rss: 36Mb L: 20/34 MS: 2 ChangeBinInt-EraseBytes-
#769291	REDUCE cov: 50 ft: 390 corp: 156/2880b lim: 4096 exec/s: 769291 rss: 36Mb L: 17/34 MS: 2 EraseBytes-ChangeBit-
#793307	NEW    cov: 50 ft: 391 corp: 157/2901b lim: 4096 exec/s: 793307 rss: 36Mb L: 21/34 MS: 1 ChangeByte-
#799901	REDUCE cov: 50 ft: 391 corp: 157/2899b lim: 4096 exec/s: 799901 rss: 36Mb L: 15/34 MS: 4 ChangeBinInt-EraseBytes-ShuffleBytes-ChangeByte-
#884216	REDUCE cov: 50 ft: 391 corp: 157/2895b lim: 4096 exec/s: 442108 rss: 36Mb L: 15/34 MS: 5 CrossOver-ShuffleBytes-EraseBytes-ChangeBit-ChangeByte-
#904303	REDUCE cov: 50 ft: 391 corp: 157/2893b lim: 4096 exec/s: 452151 rss: 36Mb L: 19/34 MS: 2 ChangeByte-EraseBytes-
#928695	REDUCE cov: 50 ft: 391 corp: 157/2891b lim: 4096 exec/s: 464347 rss: 36Mb L: 17/34 MS: 2 EraseBytes-ChangeBit-
#936724	NEW    cov: 50 ft: 392 corp: 158/2918b lim: 4096 exec/s: 468362 rss: 36Mb L: 27/34 MS: 4 ChangeBinInt-CopyPart-CopyPart-EraseBytes-
#978440	NEW    cov: 50 ft: 396 corp: 159/2945b lim: 4096 exec/s: 489220 rss: 36Mb L: 27/34 MS: 1 ShuffleBytes-
#979482	REDUCE cov: 50 ft: 396 corp: 159/2943b lim: 4096 exec/s: 489741 rss: 36Mb L: 17/34 MS: 2 EraseBytes-InsertByte-
#994774	REDUCE cov: 50 ft: 396 corp: 159/2941b lim: 4096 exec/s: 497387 rss: 36Mb L: 17/34 MS: 2 ChangeBinInt-EraseBytes-
#1022108	REDUCE cov: 50 ft: 396 corp: 159/2939b lim: 4096 exec/s: 511054 rss: 36Mb L: 15/34 MS: 4 CMP-InsertByte-EraseBytes-CopyPart- DE: "\000\000\000a"-
#1023415	REDUCE cov: 50 ft: 396 corp: 159/2937b lim: 4096 exec/s: 511707 rss: 36Mb L: 17/34 MS: 2 EraseBytes-ChangeBinInt-
#1023672	REDUCE cov: 50 ft: 396 corp: 159/2935b lim: 4096 exec/s: 511836 rss: 36Mb L: 15/34 MS: 2 ChangeByte-EraseBytes-
#1048576	pulse  cov: 50 ft: 396 corp: 159/2935b lim: 4096 exec/s: 524288 rss: 36Mb
#1048627	REDUCE cov: 50 ft: 396 corp: 159/2933b lim: 4096 exec/s: 524313 rss: 36Mb L: 17/34 MS: 5 CrossOver-EraseBytes-ShuffleBytes-CopyPart-ChangeBinInt-
#1054040	REDUCE cov: 50 ft: 396 corp: 159/2931b lim: 4096 exec/s: 527020 rss: 36Mb L: 17/34 MS: 3 CopyPart-ChangeASCIIInt-EraseBytes-
#1148308	REDUCE cov: 50 ft: 396 corp: 159/2929b lim: 4096 exec/s: 574154 rss: 36Mb L: 15/34 MS: 3 ChangeByte-EraseBytes-ChangeByte-
#1208342	REDUCE cov: 50 ft: 396 corp: 159/2926b lim: 4096 exec/s: 604171 rss: 36Mb L: 18/34 MS: 4 ChangeBinInt-EraseBytes-ChangeBit-ChangeBinInt-
#1217080	NEW    cov: 50 ft: 397 corp: 160/2959b lim: 4096 exec/s: 608540 rss: 36Mb L: 33/34 MS: 3 InsertRepeatedBytes-CMP-EraseBytes- DE: "\377\377\377\377\377\377\377%"-
#1299297	REDUCE cov: 50 ft: 397 corp: 160/2957b lim: 4096 exec/s: 649648 rss: 36Mb L: 20/34 MS: 2 EraseBytes-PersAutoDict- DE: "\377\377\377\377"-
#1301555	NEW    cov: 50 ft: 400 corp: 161/2978b lim: 4096 exec/s: 650777 rss: 36Mb L: 21/34 MS: 3 CopyPart-ChangeBit-ChangeBit-
#1308427	REDUCE cov: 50 ft: 400 corp: 161/2976b lim: 4096 exec/s: 436142 rss: 36Mb L: 15/34 MS: 2 EraseBytes-CopyPart-
#1342239	REDUCE cov: 50 ft: 400 corp: 161/2975b lim: 4096 exec/s: 447413 rss: 36Mb L: 32/34 MS: 2 InsertByte-EraseBytes-
#1344318	NEW    cov: 50 ft: 402 corp: 162/2996b lim: 4096 exec/s: 448106 rss: 36Mb L: 21/34 MS: 4 ChangeASCIIInt-ChangeBit-ShuffleBytes-ChangeBit-
#1349529	REDUCE cov: 50 ft: 402 corp: 162/2995b lim: 4096 exec/s: 449843 rss: 36Mb L: 17/34 MS: 1 EraseBytes-
#1630417	REDUCE cov: 50 ft: 402 corp: 162/2993b lim: 4096 exec/s: 543472 rss: 36Mb L: 19/34 MS: 3 InsertByte-InsertByte-EraseBytes-
#1635262	REDUCE cov: 50 ft: 402 corp: 162/2992b lim: 4096 exec/s: 545087 rss: 36Mb L: 19/34 MS: 5 ChangeBit-CMP-InsertByte-EraseBytes-ChangeBinInt- DE: "A\000"-
#1715879	REDUCE cov: 50 ft: 402 corp: 162/2990b lim: 4096 exec/s: 571959 rss: 36Mb L: 15/34 MS: 2 EraseBytes-ChangeByte-
#1818917	REDUCE cov: 50 ft: 402 corp: 162/2988b lim: 4096 exec/s: 454729 rss: 36Mb L: 17/34 MS: 3 EraseBytes-ChangeBit-CopyPart-
#1887379	NEW    cov: 50 ft: 404 corp: 163/3009b lim: 4096 exec/s: 471844 rss: 36Mb L: 21/34 MS: 2 ChangeByte-ChangeASCIIInt-
#1888893	REDUCE cov: 50 ft: 404 corp: 163/3007b lim: 4096 exec/s: 472223 rss: 36Mb L: 17/34 MS: 4 ChangeBit-CMP-EraseBytes-InsertByte- DE: "\016\000\000\000\000\000\000\000"-
#1919156	REDUCE cov: 50 ft: 404 corp: 163/3005b lim: 4096 exec/s: 479789 rss: 36Mb L: 19/34 MS: 3 EraseBytes-ShuffleBytes-ChangeByte-
#1982494	REDUCE cov: 50 ft: 404 corp: 163/3001b lim: 4096 exec/s: 495623 rss: 36Mb L: 17/34 MS: 3 PersAutoDict-EraseBytes-InsertByte- DE: "\377\377\377\377"-
#2013090	REDUCE cov: 50 ft: 404 corp: 163/3000b lim: 4096 exec/s: 503272 rss: 36Mb L: 16/34 MS: 1 EraseBytes-
#2047577	REDUCE cov: 50 ft: 404 corp: 163/2998b lim: 4096 exec/s: 511894 rss: 36Mb L: 15/34 MS: 2 ChangeBit-EraseBytes-
#2067070	REDUCE cov: 50 ft: 404 corp: 163/2996b lim: 4096 exec/s: 516767 rss: 36Mb L: 19/34 MS: 3 ChangeBit-EraseBytes-InsertByte-
#2097152	pulse  cov: 50 ft: 404 corp: 163/2996b lim: 4096 exec/s: 524288 rss: 36Mb
#2112857	REDUCE cov: 50 ft: 404 corp: 163/2994b lim: 4096 exec/s: 528214 rss: 36Mb L: 17/34 MS: 2 EraseBytes-CopyPart-
#2241493	REDUCE cov: 50 ft: 405 corp: 164/3011b lim: 4096 exec/s: 448298 rss: 36Mb L: 17/34 MS: 1 ChangeByte-
#2312231	REDUCE cov: 50 ft: 405 corp: 164/3009b lim: 4096 exec/s: 462446 rss: 36Mb L: 17/34 MS: 3 EraseBytes-CopyPart-InsertByte-
#2327289	REDUCE cov: 50 ft: 405 corp: 164/3007b lim: 4096 exec/s: 465457 rss: 36Mb L: 16/34 MS: 3 ChangeBinInt-CopyPart-EraseBytes-
#2491618	REDUCE cov: 50 ft: 405 corp: 164/3005b lim: 4096 exec/s: 498323 rss: 36Mb L: 17/34 MS: 4 CMP-ChangeBit-EraseBytes-InsertByte- DE: "b\000"-
#2613115	NEW    cov: 50 ft: 406 corp: 165/3026b lim: 4096 exec/s: 522623 rss: 36Mb L: 21/34 MS: 2 ShuffleBytes-ChangeASCIIInt-
#2619172	REDUCE cov: 50 ft: 406 corp: 165/3024b lim: 4096 exec/s: 523834 rss: 36Mb L: 17/34 MS: 2 EraseBytes-ChangeByte-
#2680080	REDUCE cov: 50 ft: 406 corp: 165/3022b lim: 4096 exec/s: 446680 rss: 36Mb L: 16/34 MS: 3 InsertByte-PersAutoDict-EraseBytes- DE: "\377\377\377\377\377\377\377%"-
#2695287	REDUCE cov: 50 ft: 406 corp: 165/3020b lim: 4096 exec/s: 449214 rss: 36Mb L: 19/34 MS: 2 EraseBytes-ChangeBinInt-
#2725749	REDUCE cov: 50 ft: 406 corp: 165/3018b lim: 4096 exec/s: 454291 rss: 36Mb L: 15/34 MS: 2 ChangeBinInt-EraseBytes-
#3027977	REDUCE cov: 50 ft: 406 corp: 165/3016b lim: 4096 exec/s: 504662 rss: 36Mb L: 17/34 MS: 3 ChangeByte-ChangeBit-EraseBytes-
#3036549	REDUCE cov: 50 ft: 406 corp: 165/3014b lim: 4096 exec/s: 506091 rss: 36Mb L: 15/34 MS: 2 CrossOver-EraseBytes-
#3090362	REDUCE cov: 50 ft: 406 corp: 165/3008b lim: 4096 exec/s: 515060 rss: 36Mb L: 15/34 MS: 3 PersAutoDict-ChangeBit-EraseBytes- DE: "\377\377\377\377"-
#3102854	REDUCE cov: 50 ft: 406 corp: 165/3006b lim: 4096 exec/s: 517142 rss: 36Mb L: 15/34 MS: 2 InsertByte-EraseBytes-
#3124471	REDUCE cov: 50 ft: 406 corp: 165/3004b lim: 4096 exec/s: 446353 rss: 36Mb L: 15/34 MS: 2 InsertRepeatedBytes-EraseBytes-
#3186718	REDUCE cov: 50 ft: 406 corp: 165/3002b lim: 4096 exec/s: 455245 rss: 36Mb L: 15/34 MS: 2 CopyPart-EraseBytes-
#3273216	REDUCE cov: 50 ft: 406 corp: 165/2998b lim: 4096 exec/s: 467602 rss: 36Mb L: 15/34 MS: 3 InsertByte-ChangeBit-EraseBytes-
#3312824	REDUCE cov: 50 ft: 406 corp: 165/2996b lim: 4096 exec/s: 473260 rss: 36Mb L: 15/34 MS: 3 EraseBytes-InsertByte-ChangeBit-
#3389007	REDUCE cov: 50 ft: 406 corp: 165/2994b lim: 4096 exec/s: 484143 rss: 36Mb L: 17/34 MS: 3 EraseBytes-PersAutoDict-CopyPart- DE: "\377\377\377\377"-
#3512219	REDUCE cov: 50 ft: 406 corp: 165/2992b lim: 4096 exec/s: 501745 rss: 36Mb L: 17/34 MS: 2 ChangeByte-EraseBytes-
#3906174	REDUCE cov: 50 ft: 406 corp: 165/2990b lim: 4096 exec/s: 488271 rss: 36Mb L: 18/34 MS: 5 EraseBytes-ChangeByte-InsertByte-ChangeByte-InsertRepeatedBytes-
#4123218	REDUCE cov: 50 ft: 406 corp: 165/2988b lim: 4096 exec/s: 458135 rss: 36Mb L: 15/34 MS: 4 InsertByte-ChangeByte-InsertByte-EraseBytes-
#4194304	pulse  cov: 50 ft: 406 corp: 165/2988b lim: 4096 exec/s: 466033 rss: 36Mb
#4333351	REDUCE cov: 50 ft: 406 corp: 165/2986b lim: 4096 exec/s: 481483 rss: 36Mb L: 15/34 MS: 3 ShuffleBytes-ChangeBit-EraseBytes-
#4514461	NEW    cov: 50 ft: 408 corp: 166/3008b lim: 4096 exec/s: 451446 rss: 36Mb L: 22/34 MS: 5 ChangeBinInt-EraseBytes-CopyPart-CopyPart-EraseBytes-
#4530615	REDUCE cov: 50 ft: 408 corp: 166/3007b lim: 4096 exec/s: 453061 rss: 36Mb L: 15/34 MS: 4 CMP-EraseBytes-ChangeBit-InsertByte- DE: "\376\377\377\377\377\377\377\377"-
#4745504	REDUCE cov: 50 ft: 408 corp: 166/3005b lim: 4096 exec/s: 474550 rss: 36Mb L: 17/34 MS: 4 CrossOver-ChangeBit-InsertByte-EraseBytes-
#4904932	REDUCE cov: 50 ft: 408 corp: 166/3003b lim: 4096 exec/s: 445902 rss: 36Mb L: 15/34 MS: 3 InsertByte-ChangeBinInt-EraseBytes-
#4957996	REDUCE cov: 50 ft: 408 corp: 166/3001b lim: 4096 exec/s: 450726 rss: 36Mb L: 15/34 MS: 4 ChangeBit-InsertByte-EraseBytes-ChangeBinInt-
#5315479	REDUCE cov: 50 ft: 408 corp: 166/2999b lim: 4096 exec/s: 483225 rss: 36Mb L: 15/34 MS: 3 InsertRepeatedBytes-EraseBytes-EraseBytes-
#5451226	REDUCE cov: 50 ft: 408 corp: 166/2997b lim: 4096 exec/s: 454268 rss: 36Mb L: 15/34 MS: 2 CMP-EraseBytes- DE: "\377\377\3771"-
#6201363	REDUCE cov: 50 ft: 408 corp: 166/2993b lim: 4096 exec/s: 477027 rss: 36Mb L: 15/34 MS: 2 EraseBytes-ChangeBinInt-
#6207681	NEW    cov: 50 ft: 412 corp: 167/3014b lim: 4096 exec/s: 477513 rss: 36Mb L: 21/34 MS: 3 CrossOver-CopyPart-CopyPart-
#6221486	REDUCE cov: 50 ft: 412 corp: 167/3004b lim: 4096 exec/s: 478575 rss: 36Mb L: 16/34 MS: 5 EraseBytes-ChangeByte-ShuffleBytes-CopyPart-ChangeBinInt-
#6321133	NEW    cov: 50 ft: 414 corp: 168/3025b lim: 4096 exec/s: 451509 rss: 36Mb L: 21/34 MS: 2 CopyPart-ChangeASCIIInt-
#6353931	REDUCE cov: 50 ft: 414 corp: 168/3023b lim: 4096 exec/s: 453852 rss: 36Mb L: 17/34 MS: 3 EraseBytes-CopyPart-EraseBytes-
#6366410	REDUCE cov: 50 ft: 414 corp: 168/3021b lim: 4096 exec/s: 454743 rss: 36Mb L: 17/34 MS: 4 ChangeBinInt-ChangeBit-ChangeBinInt-EraseBytes-
#6895009	REDUCE cov: 50 ft: 414 corp: 168/3019b lim: 4096 exec/s: 459667 rss: 36Mb L: 15/34 MS: 4 ChangeByte-EraseBytes-CopyPart-ChangeByte-
#6927626	REDUCE cov: 50 ft: 414 corp: 168/3017b lim: 4096 exec/s: 461841 rss: 36Mb L: 15/34 MS: 2 EraseBytes-ChangeByte-
#7123628	NEW    cov: 50 ft: 416 corp: 169/3038b lim: 4096 exec/s: 474908 rss: 36Mb L: 21/34 MS: 2 CopyPart-ShuffleBytes-
#7138399	NEW    cov: 50 ft: 417 corp: 170/3059b lim: 4096 exec/s: 446149 rss: 36Mb L: 21/34 MS: 1 ChangeBit-
#7172061	NEW    cov: 50 ft: 418 corp: 171/3080b lim: 4096 exec/s: 448253 rss: 36Mb L: 21/34 MS: 2 CopyPart-ChangeBit-
#7183102	NEW    cov: 50 ft: 419 corp: 172/3101b lim: 4096 exec/s: 448943 rss: 36Mb L: 21/34 MS: 1 ChangeBit-
#7214104	REDUCE cov: 50 ft: 419 corp: 172/3099b lim: 4096 exec/s: 450881 rss: 36Mb L: 15/34 MS: 2 InsertByte-EraseBytes-
#8493209	REDUCE cov: 50 ft: 419 corp: 172/3097b lim: 4096 exec/s: 447011 rss: 36Mb L: 15/34 MS: 5 InsertRepeatedBytes-ChangeByte-ShuffleBytes-ChangeBinInt-EraseBytes-
#9359446	REDUCE cov: 50 ft: 419 corp: 172/3095b lim: 4096 exec/s: 445687 rss: 36Mb L: 15/34 MS: 2 EraseBytes-CrossOver-
#9547601	REDUCE cov: 50 ft: 419 corp: 172/3093b lim: 4096 exec/s: 454647 rss: 36Mb L: 15/34 MS: 5 CopyPart-ShuffleBytes-ShuffleBytes-EraseBytes-InsertByte-
#9788103	REDUCE cov: 50 ft: 419 corp: 172/3091b lim: 4096 exec/s: 466100 rss: 36Mb L: 16/34 MS: 2 InsertRepeatedBytes-EraseBytes-
#10198850	REDUCE cov: 50 ft: 419 corp: 172/3089b lim: 4096 exec/s: 463584 rss: 36Mb L: 15/34 MS: 2 EraseBytes-CrossOver-
#10993345	REDUCE cov: 50 ft: 419 corp: 172/3087b lim: 4096 exec/s: 458056 rss: 36Mb L: 17/34 MS: 5 CrossOver-InsertByte-EraseBytes-EraseBytes-InsertByte-
#11775717	REDUCE cov: 50 ft: 419 corp: 172/3085b lim: 4096 exec/s: 452912 rss: 36Mb L: 17/34 MS: 2 CrossOver-EraseBytes-
#13668984	REDUCE cov: 50 ft: 419 corp: 172/3083b lim: 4096 exec/s: 455632 rss: 36Mb L: 15/34 MS: 2 EraseBytes-ChangeByte-
#13818481	REDUCE cov: 50 ft: 419 corp: 172/3081b lim: 4096 exec/s: 445757 rss: 36Mb L: 15/34 MS: 2 EraseBytes-ChangeBinInt-
#14236755	REDUCE cov: 50 ft: 419 corp: 172/3079b lim: 4096 exec/s: 459250 rss: 36Mb L: 15/34 MS: 4 EraseBytes-CopyPart-EraseBytes-ChangeBit-
#14431489	NEW    cov: 50 ft: 426 corp: 173/3111b lim: 4096 exec/s: 450984 rss: 36Mb L: 32/34 MS: 4 ChangeByte-InsertRepeatedBytes-EraseBytes-EraseBytes-
#14501655	NEW    cov: 50 ft: 433 corp: 174/3143b lim: 4096 exec/s: 453176 rss: 36Mb L: 32/34 MS: 1 ChangeByte-
#14502227	NEW    cov: 50 ft: 434 corp: 175/3175b lim: 4096 exec/s: 453194 rss: 36Mb L: 32/34 MS: 2 ShuffleBytes-ChangeBit-
#14530698	NEW    cov: 50 ft: 435 corp: 176/3207b lim: 4096 exec/s: 454084 rss: 36Mb L: 32/34 MS: 1 ChangeBit-
#14579999	NEW    cov: 50 ft: 436 corp: 177/3239b lim: 4096 exec/s: 455624 rss: 36Mb L: 32/34 MS: 1 ChangeBit-
#14963371	REDUCE cov: 50 ft: 436 corp: 177/3237b lim: 4096 exec/s: 453435 rss: 36Mb L: 15/34 MS: 2 ChangeBit-EraseBytes-
#16229874	REDUCE cov: 50 ft: 436 corp: 177/3235b lim: 4096 exec/s: 450829 rss: 36Mb L: 15/34 MS: 3 CopyPart-ChangeByte-EraseBytes-
#16777216	pulse  cov: 50 ft: 436 corp: 177/3235b lim: 4096 exec/s: 453438 rss: 36Mb
#17557448	REDUCE cov: 50 ft: 436 corp: 177/3233b lim: 4096 exec/s: 450190 rss: 36Mb L: 15/34 MS: 4 ChangeByte-ShuffleBytes-ChangeBinInt-EraseBytes-
#17788428	REDUCE cov: 50 ft: 436 corp: 177/3232b lim: 4096 exec/s: 456113 rss: 36Mb L: 15/34 MS: 5 ShuffleBytes-CrossOver-CrossOver-CrossOver-EraseBytes-
#18669522	REDUCE cov: 50 ft: 436 corp: 177/3231b lim: 4096 exec/s: 455354 rss: 36Mb L: 15/34 MS: 4 InsertByte-EraseBytes-ChangeByte-InsertByte-
#18786987	REDUCE cov: 50 ft: 436 corp: 177/3230b lim: 4096 exec/s: 447309 rss: 36Mb L: 15/34 MS: 5 ChangeBit-ShuffleBytes-ChangeBinInt-PersAutoDict-EraseBytes- DE: "\001\000"-
#24425270	REDUCE cov: 50 ft: 436 corp: 177/3225b lim: 4096 exec/s: 452319 rss: 36Mb L: 27/34 MS: 3 EraseBytes-ChangeBit-ChangeByte-
#27082277	REDUCE cov: 50 ft: 436 corp: 177/3223b lim: 4096 exec/s: 451371 rss: 36Mb L: 15/34 MS: 2 EraseBytes-InsertByte-
#27704476	REDUCE cov: 50 ft: 436 corp: 177/3221b lim: 4096 exec/s: 454171 rss: 36Mb L: 15/34 MS: 4 ShuffleBytes-ChangeBinInt-ShuffleBytes-EraseBytes-
#35184808	REDUCE cov: 50 ft: 437 corp: 178/3236b lim: 4096 exec/s: 451087 rss: 37Mb L: 15/34 MS: 2 ShuffleBytes-ShuffleBytes-
#35364760	NEW    cov: 50 ft: 438 corp: 179/3251b lim: 4096 exec/s: 447655 rss: 37Mb L: 15/34 MS: 2 ShuffleBytes-ChangeBit-
#35906803	REDUCE cov: 50 ft: 438 corp: 179/3249b lim: 4096 exec/s: 448835 rss: 37Mb L: 15/34 MS: 3 CrossOver-PersAutoDict-EraseBytes- DE: "\377\377\377\377"-
#37727255	REDUCE cov: 50 ft: 438 corp: 179/3247b lim: 4096 exec/s: 449133 rss: 37Mb L: 15/34 MS: 2 EraseBytes-CopyPart-
#40482907	REDUCE cov: 50 ft: 438 corp: 179/3245b lim: 4096 exec/s: 449810 rss: 37Mb L: 15/34 MS: 2 ChangeByte-EraseBytes-
#41111149	REDUCE cov: 50 ft: 438 corp: 179/3243b lim: 4096 exec/s: 451770 rss: 37Mb L: 15/34 MS: 2 EraseBytes-ChangeBinInt-
#47883292	REDUCE cov: 50 ft: 438 corp: 179/3241b lim: 4096 exec/s: 447507 rss: 37Mb L: 15/34 MS: 3 ChangeBit-ChangeBit-EraseBytes-
#58455211	REDUCE cov: 50 ft: 438 corp: 179/3239b lim: 4096 exec/s: 449655 rss: 37Mb L: 15/34 MS: 4 EraseBytes-ChangeBit-ChangeByte-InsertByte-
#63820380	REDUCE cov: 50 ft: 438 corp: 179/3232b lim: 4096 exec/s: 449439 rss: 37Mb L: 19/34 MS: 4 EraseBytes-PersAutoDict-EraseBytes-ChangeBinInt- DE: "\000\000\000a"-
#67108864	pulse  cov: 50 ft: 438 corp: 179/3232b lim: 4096 exec/s: 450395 rss: 37Mb
#73192262	REDUCE cov: 50 ft: 438 corp: 179/3231b lim: 4096 exec/s: 449032 rss: 37Mb L: 18/34 MS: 2 EraseBytes-ChangeBinInt-
#92536706	NEW    cov: 50 ft: 439 corp: 180/3264b lim: 4096 exec/s: 449207 rss: 37Mb L: 33/34 MS: 4 EraseBytes-ChangeBit-CrossOver-InsertRepeatedBytes-
#93588324	REDUCE cov: 50 ft: 439 corp: 180/3260b lim: 4096 exec/s: 447791 rss: 37Mb L: 28/34 MS: 3 ShuffleBytes-ShuffleBytes-EraseBytes-
#107570778	REDUCE cov: 50 ft: 439 corp: 180/3258b lim: 4096 exec/s: 448211 rss: 37Mb L: 17/34 MS: 4 ChangeBinInt-EraseBytes-ChangeBinInt-CrossOver-
#115059978	REDUCE cov: 50 ft: 439 corp: 180/3256b lim: 4096 exec/s: 447704 rss: 37Mb L: 15/34 MS: 5 ChangeBinInt-CrossOver-ChangeByte-ChangeBit-EraseBytes-
#135322420	REDUCE cov: 50 ft: 439 corp: 180/3254b lim: 4096 exec/s: 448087 rss: 37Mb L: 15/34 MS: 2 EraseBytes-ChangeByte-
#154595667	REDUCE cov: 50 ft: 439 corp: 180/3250b lim: 4096 exec/s: 448103 rss: 37Mb L: 28/34 MS: 2 EraseBytes-ShuffleBytes-
#159133821	REDUCE cov: 50 ft: 439 corp: 180/3247b lim: 4096 exec/s: 448264 rss: 37Mb L: 18/34 MS: 4 ChangeByte-EraseBytes-ChangeBit-ChangeBinInt-
#163731616	REDUCE cov: 50 ft: 439 corp: 180/3246b lim: 4096 exec/s: 448579 rss: 37Mb L: 20/34 MS: 5 ChangeByte-CopyPart-CopyPart-EraseBytes-CopyPart-
#165641176	REDUCE cov: 50 ft: 439 corp: 180/3244b lim: 4096 exec/s: 447678 rss: 37Mb L: 25/34 MS: 5 ShuffleBytes-EraseBytes-CopyPart-ChangeBinInt-EraseBytes-
#176639941	REDUCE cov: 50 ft: 439 corp: 180/3239b lim: 4096 exec/s: 448324 rss: 37Mb L: 23/34 MS: 5 InsertByte-EraseBytes-ShuffleBytes-ShuffleBytes-ChangeBinInt-
#191236846	REDUCE cov: 50 ft: 439 corp: 180/3238b lim: 4096 exec/s: 447861 rss: 37Mb L: 15/34 MS: 5 ShuffleBytes-InsertByte-PersAutoDict-CrossOver-EraseBytes- DE: "\035\000\000\000\000\000\000\000"-
#191514410	REDUCE cov: 50 ft: 439 corp: 180/3237b lim: 4096 exec/s: 447463 rss: 37Mb L: 15/34 MS: 4 CrossOver-ShuffleBytes-EraseBytes-ChangeBit-
panic: found special char in iban [recovered]
	panic: found special char in iban

goroutine 17 [running, locked to thread]:
git.ultraware.nl/iddinkgroep/fundament-api.Fuzz.func1()
	git.ultraware.nl/iddinkgroep/fundament-api/fuzz.go:19 +0xa5
panic({0x55deffe56760?, 0x55deffe69c70?})
	runtime/panic.go:914 +0x21f
git.ultraware.nl/iddinkgroep/fundament-api.Fuzz({0xc00047e540, 0x15})
	git.ultraware.nl/iddinkgroep/fundament-api/fuzz.go:34 +0x2b9
git.ultraware.nl/iddinkgroep/fundament-api.Fuzz_(...)
	git.ultraware.nl/iddinkgroep/fundament-api/fuzz.1527825026.go:6
main.LLVMFuzzerTestOneInput(...)
	./main.170485750.go:21
==10502== ERROR: libFuzzer: deadly signal
    #0 0x55deffd79630 in __sanitizer_print_stack_trace (/seedai/experiments/libfuzzer/source_iban/libfuzzer+0xaf630) (BuildId: 688cb25bec4564588da2a67f6a2b25148a0fd5d4)
    #1 0x55deffd45755 in fuzzer::PrintStackTrace() (/seedai/experiments/libfuzzer/source_iban/libfuzzer+0x7b755) (BuildId: 688cb25bec4564588da2a67f6a2b25148a0fd5d4)
    #2 0x55deffd243a9 in fuzzer::Fuzzer::CrashCallback() (.part.0) FuzzerLoop.cpp.o
    #3 0x55deffd2446a in fuzzer::Fuzzer::StaticCrashSignalCallback() (/seedai/experiments/libfuzzer/source_iban/libfuzzer+0x5a46a) (BuildId: 688cb25bec4564588da2a67f6a2b25148a0fd5d4)
    #4 0x7faca2be770f  (/usr/lib/libc.so.6+0x3e70f) (BuildId: 316d0d3666387f0e8fb98773f51aa1801027c5ab)
    #5 0x55deffdd9160 in runtime.raise.abi0 runtime/sys_linux_amd64.s:153

NOTE: libFuzzer has rudimentary signal handlers.
      Combine libFuzzer with AddressSanitizer or similar for better crash reports.
SUMMARY: libFuzzer: deadly signal
MS: 1 CrossOver-; base unit: 584f0b604fbe4b65dd2c1a468e0023006789cdb9
0x68,0x72,0x72,0x64,0x2d,0x30,0x30,0x30,0x30,0x30,0x30,0x30,0x30,0x6d,0x64,0x31,0x74,0x31,0x74,0x36,0x65,
hrrd-00000000md1t1t6e
artifact_prefix='./'; Test unit written to ./crash-c658d185cf1eea85eb39622db67b196586dbf74b
Base64: aHJyZC0wMDAwMDAwMG1kMXQxdDZl
