INFO: Running with entropic power schedule (0xFF, 100).
INFO: Seed: 3228245778
INFO: Loaded 1 modules   (70 inline 8-bit counters): 70 [0x5628484dc030, 0x5628484dc076), 
INFO: Loaded 1 PC tables (70 PCs): 70 [0xc000068000,0xc000068460), 
INFO:       54 files found in corpus
INFO: -max_len is not provided; libFuzzer will not generate inputs larger than 4096 bytes
INFO: seed corpus: files: 54 min: 1b max: 17b total: 101b rss: 29Mb
#55	INITED cov: 13 ft: 32 corp: 4/35b exec/s: 0 rss: 29Mb
#57	NEW    cov: 13 ft: 34 corp: 5/47b lim: 17 exec/s: 0 rss: 29Mb L: 12/17 MS: 2 ShuffleBytes-InsertRepeatedBytes-
#64	NEW    cov: 13 ft: 36 corp: 6/61b lim: 17 exec/s: 0 rss: 29Mb L: 14/17 MS: 2 CrossOver-InsertRepeatedBytes-
#71	NEW    cov: 13 ft: 37 corp: 7/74b lim: 17 exec/s: 0 rss: 29Mb L: 13/17 MS: 2 ChangeBinInt-CrossOver-
#74	NEW    cov: 13 ft: 38 corp: 8/90b lim: 17 exec/s: 0 rss: 29Mb L: 16/17 MS: 3 ChangeByte-ShuffleBytes-CrossOver-
#96	NEW    cov: 13 ft: 40 corp: 9/107b lim: 17 exec/s: 0 rss: 29Mb L: 17/17 MS: 2 EraseBytes-InsertRepeatedBytes-
#102	NEW    cov: 13 ft: 41 corp: 10/124b lim: 17 exec/s: 0 rss: 29Mb L: 17/17 MS: 1 CopyPart-
#106	NEW    cov: 13 ft: 42 corp: 11/135b lim: 17 exec/s: 0 rss: 29Mb L: 11/17 MS: 4 ShuffleBytes-ChangeASCIIInt-ShuffleBytes-EraseBytes-
#115	NEW    cov: 13 ft: 43 corp: 12/141b lim: 17 exec/s: 0 rss: 29Mb L: 6/17 MS: 4 CMP-CrossOver-InsertByte-CrossOver- DE: "M\000\000\000\000\000\000\000"-
#117	NEW    cov: 13 ft: 44 corp: 13/158b lim: 17 exec/s: 0 rss: 29Mb L: 17/17 MS: 2 ChangeByte-CrossOver-
#118	NEW    cov: 13 ft: 45 corp: 14/175b lim: 17 exec/s: 0 rss: 29Mb L: 17/17 MS: 1 ChangeBinInt-
#135	NEW    cov: 13 ft: 47 corp: 15/192b lim: 17 exec/s: 0 rss: 29Mb L: 17/17 MS: 2 ChangeBit-ChangeBit-
#154	NEW    cov: 13 ft: 48 corp: 16/209b lim: 17 exec/s: 0 rss: 29Mb L: 17/17 MS: 4 EraseBytes-CopyPart-CopyPart-InsertRepeatedBytes-
#164	REDUCE cov: 13 ft: 48 corp: 16/208b lim: 17 exec/s: 0 rss: 29Mb L: 10/17 MS: 5 ShuffleBytes-CrossOver-ChangeASCIIInt-ShuffleBytes-EraseBytes-
#213	REDUCE cov: 13 ft: 48 corp: 16/207b lim: 17 exec/s: 0 rss: 29Mb L: 16/17 MS: 4 EraseBytes-InsertRepeatedBytes-ChangeBit-CrossOver-
#264	NEW    cov: 13 ft: 49 corp: 17/224b lim: 17 exec/s: 0 rss: 29Mb L: 17/17 MS: 1 PersAutoDict- DE: "M\000\000\000\000\000\000\000"-
#376	REDUCE cov: 13 ft: 49 corp: 17/222b lim: 17 exec/s: 0 rss: 29Mb L: 15/17 MS: 2 CopyPart-EraseBytes-
#474	REDUCE cov: 13 ft: 49 corp: 17/221b lim: 17 exec/s: 0 rss: 30Mb L: 16/17 MS: 3 ChangeASCIIInt-EraseBytes-CopyPart-
#478	REDUCE cov: 13 ft: 49 corp: 17/220b lim: 17 exec/s: 0 rss: 30Mb L: 9/17 MS: 4 EraseBytes-CopyPart-CrossOver-InsertRepeatedBytes-
#679	REDUCE cov: 25 ft: 94 corp: 18/236b lim: 17 exec/s: 0 rss: 30Mb L: 16/17 MS: 1 ChangeByte-
#761	REDUCE cov: 25 ft: 94 corp: 18/234b lim: 17 exec/s: 0 rss: 30Mb L: 15/17 MS: 2 ChangeBinInt-EraseBytes-
#779	REDUCE cov: 25 ft: 100 corp: 19/250b lim: 17 exec/s: 0 rss: 30Mb L: 16/17 MS: 3 PersAutoDict-ShuffleBytes-InsertByte- DE: "M\000\000\000\000\000\000\000"-
#782	REDUCE cov: 25 ft: 100 corp: 19/247b lim: 17 exec/s: 0 rss: 30Mb L: 3/17 MS: 3 CrossOver-EraseBytes-EraseBytes-
#838	REDUCE cov: 25 ft: 104 corp: 20/263b lim: 17 exec/s: 0 rss: 30Mb L: 16/17 MS: 1 ChangeByte-
#1254	NEW    cov: 25 ft: 105 corp: 21/282b lim: 21 exec/s: 0 rss: 30Mb L: 19/19 MS: 1 CopyPart-
#1515	NEW    cov: 25 ft: 106 corp: 22/299b lim: 21 exec/s: 0 rss: 30Mb L: 17/19 MS: 1 ChangeBinInt-
#1693	REDUCE cov: 25 ft: 108 corp: 23/315b lim: 21 exec/s: 0 rss: 30Mb L: 16/19 MS: 3 ChangeBit-InsertByte-ChangeBit-
#2077	NEW    cov: 25 ft: 109 corp: 24/333b lim: 21 exec/s: 0 rss: 30Mb L: 18/19 MS: 4 ChangeBinInt-ChangeBit-InsertRepeatedBytes-CrossOver-
#2093	REDUCE cov: 25 ft: 109 corp: 24/332b lim: 21 exec/s: 0 rss: 30Mb L: 8/19 MS: 1 EraseBytes-
#2145	NEW    cov: 25 ft: 111 corp: 25/348b lim: 21 exec/s: 0 rss: 30Mb L: 16/19 MS: 2 InsertRepeatedBytes-EraseBytes-
#2317	NEW    cov: 25 ft: 112 corp: 26/364b lim: 21 exec/s: 0 rss: 30Mb L: 16/19 MS: 2 InsertRepeatedBytes-EraseBytes-
#2417	REDUCE cov: 25 ft: 113 corp: 27/383b lim: 21 exec/s: 0 rss: 30Mb L: 19/19 MS: 5 EraseBytes-ChangeByte-ChangeBinInt-PersAutoDict-InsertByte- DE: "M\000\000\000\000\000\000\000"-
#2430	NEW    cov: 25 ft: 114 corp: 28/399b lim: 21 exec/s: 0 rss: 30Mb L: 16/19 MS: 3 EraseBytes-ChangeByte-PersAutoDict- DE: "M\000\000\000\000\000\000\000"-
#2635	NEW    cov: 25 ft: 115 corp: 29/414b lim: 21 exec/s: 0 rss: 30Mb L: 15/19 MS: 5 CMP-ChangeBit-ChangeBit-ShuffleBytes-EraseBytes- DE: "\001\000"-
#3312	REDUCE cov: 25 ft: 115 corp: 29/410b lim: 25 exec/s: 0 rss: 30Mb L: 15/19 MS: 2 ChangeASCIIInt-EraseBytes-
#3723	NEW    cov: 25 ft: 117 corp: 30/439b lim: 29 exec/s: 0 rss: 31Mb L: 29/29 MS: 1 InsertRepeatedBytes-
#3784	NEW    cov: 25 ft: 119 corp: 31/455b lim: 29 exec/s: 0 rss: 31Mb L: 16/29 MS: 1 ChangeByte-
#4212	NEW    cov: 25 ft: 120 corp: 32/487b lim: 33 exec/s: 0 rss: 31Mb L: 32/32 MS: 3 EraseBytes-ChangeByte-InsertRepeatedBytes-
#4251	NEW    cov: 25 ft: 121 corp: 33/520b lim: 33 exec/s: 0 rss: 31Mb L: 33/33 MS: 4 InsertByte-PersAutoDict-ChangeByte-CopyPart- DE: "\001\000"-
#4253	NEW    cov: 25 ft: 122 corp: 34/551b lim: 33 exec/s: 0 rss: 31Mb L: 31/33 MS: 2 PersAutoDict-PersAutoDict- DE: "M\000\000\000\000\000\000\000"-"M\000\000\000\000\000\000\000"-
#4638	NEW    cov: 25 ft: 123 corp: 35/573b lim: 33 exec/s: 0 rss: 31Mb L: 22/33 MS: 5 ShuffleBytes-ChangeBit-EraseBytes-InsertByte-PersAutoDict- DE: "M\000\000\000\000\000\000\000"-
#4900	NEW    cov: 25 ft: 124 corp: 36/604b lim: 33 exec/s: 0 rss: 31Mb L: 31/33 MS: 2 CopyPart-CrossOver-
#5018	NEW    cov: 30 ft: 140 corp: 37/624b lim: 33 exec/s: 0 rss: 31Mb L: 20/33 MS: 3 EraseBytes-ChangeBinInt-ChangeBit-
#5437	REDUCE cov: 30 ft: 141 corp: 38/642b lim: 33 exec/s: 0 rss: 31Mb L: 18/33 MS: 4 ShuffleBytes-PersAutoDict-CopyPart-ChangeByte- DE: "\001\000"-
#5553	NEW    cov: 30 ft: 142 corp: 39/658b lim: 33 exec/s: 0 rss: 31Mb L: 16/33 MS: 1 ChangeByte-
#5718	NEW    cov: 30 ft: 143 corp: 40/683b lim: 33 exec/s: 0 rss: 31Mb L: 25/33 MS: 5 ChangeBit-EraseBytes-CopyPart-EraseBytes-ChangeByte-
#5812	REDUCE cov: 30 ft: 143 corp: 40/682b lim: 33 exec/s: 0 rss: 31Mb L: 31/33 MS: 4 EraseBytes-ChangeBit-ChangeBinInt-InsertByte-
#5863	REDUCE cov: 30 ft: 143 corp: 40/681b lim: 33 exec/s: 0 rss: 31Mb L: 15/33 MS: 1 EraseBytes-
#5999	NEW    cov: 30 ft: 151 corp: 41/701b lim: 33 exec/s: 0 rss: 31Mb L: 20/33 MS: 1 ChangeByte-
#6594	NEW    cov: 30 ft: 153 corp: 42/735b lim: 38 exec/s: 0 rss: 31Mb L: 34/34 MS: 5 PersAutoDict-InsertByte-EraseBytes-ChangeBit-InsertRepeatedBytes- DE: "M\000\000\000\000\000\000\000"-
#6701	NEW    cov: 30 ft: 157 corp: 43/755b lim: 38 exec/s: 0 rss: 31Mb L: 20/34 MS: 2 ChangeASCIIInt-ChangeBinInt-
#6741	REDUCE cov: 30 ft: 157 corp: 43/748b lim: 38 exec/s: 0 rss: 31Mb L: 15/34 MS: 5 ChangeASCIIInt-ChangeBit-ChangeBinInt-CrossOver-EraseBytes-
#7135	NEW    cov: 30 ft: 160 corp: 44/768b lim: 38 exec/s: 0 rss: 31Mb L: 20/34 MS: 4 ChangeBit-InsertByte-ShuffleBytes-CopyPart-
#7141	NEW    cov: 30 ft: 162 corp: 45/788b lim: 38 exec/s: 0 rss: 31Mb L: 20/34 MS: 1 ChangeBit-
#8043	NEW    cov: 30 ft: 167 corp: 46/808b lim: 43 exec/s: 0 rss: 32Mb L: 20/34 MS: 2 ShuffleBytes-ChangeBit-
#8369	NEW    cov: 30 ft: 168 corp: 47/828b lim: 43 exec/s: 0 rss: 32Mb L: 20/34 MS: 1 ChangeBinInt-
#9165	NEW    cov: 30 ft: 170 corp: 48/848b lim: 48 exec/s: 0 rss: 32Mb L: 20/34 MS: 1 ChangeASCIIInt-
#9847	NEW    cov: 30 ft: 171 corp: 49/870b lim: 53 exec/s: 0 rss: 32Mb L: 22/34 MS: 2 CrossOver-InsertByte-
#10103	NEW    cov: 30 ft: 173 corp: 50/890b lim: 53 exec/s: 0 rss: 32Mb L: 20/34 MS: 1 ChangeBit-
#10936	NEW    cov: 30 ft: 174 corp: 51/914b lim: 58 exec/s: 0 rss: 32Mb L: 24/34 MS: 3 CopyPart-ChangeASCIIInt-PersAutoDict- DE: "\001\000"-
#11027	NEW    cov: 30 ft: 175 corp: 52/938b lim: 58 exec/s: 0 rss: 32Mb L: 24/34 MS: 1 ChangeByte-
#11754	NEW    cov: 30 ft: 178 corp: 53/958b lim: 63 exec/s: 0 rss: 32Mb L: 20/34 MS: 2 ChangeASCIIInt-ShuffleBytes-
#12195	NEW    cov: 30 ft: 180 corp: 54/978b lim: 63 exec/s: 0 rss: 33Mb L: 20/34 MS: 1 ChangeByte-
#13098	NEW    cov: 30 ft: 188 corp: 55/998b lim: 68 exec/s: 0 rss: 33Mb L: 20/34 MS: 3 ChangeASCIIInt-ChangeASCIIInt-ShuffleBytes-
#14352	NEW    cov: 30 ft: 190 corp: 56/1020b lim: 80 exec/s: 0 rss: 33Mb L: 22/34 MS: 4 CopyPart-ChangeASCIIInt-ChangeByte-ShuffleBytes-
#14619	NEW    cov: 30 ft: 195 corp: 57/1051b lim: 80 exec/s: 0 rss: 33Mb L: 31/34 MS: 2 EraseBytes-CopyPart-
#14655	NEW    cov: 30 ft: 196 corp: 58/1082b lim: 80 exec/s: 0 rss: 33Mb L: 31/34 MS: 1 ChangeBinInt-
#15284	NEW    cov: 30 ft: 197 corp: 59/1104b lim: 86 exec/s: 0 rss: 33Mb L: 22/34 MS: 4 CrossOver-ChangeByte-EraseBytes-ChangeBinInt-
#15805	REDUCE cov: 30 ft: 197 corp: 59/1099b lim: 86 exec/s: 0 rss: 33Mb L: 17/34 MS: 1 EraseBytes-
#15956	REDUCE cov: 30 ft: 197 corp: 59/1098b lim: 86 exec/s: 0 rss: 33Mb L: 16/34 MS: 1 EraseBytes-
#16715	REDUCE cov: 30 ft: 199 corp: 60/1124b lim: 92 exec/s: 0 rss: 34Mb L: 26/34 MS: 4 ShuffleBytes-CrossOver-ChangeBit-PersAutoDict- DE: "M\000\000\000\000\000\000\000"-
#16833	NEW    cov: 31 ft: 202 corp: 61/1144b lim: 92 exec/s: 0 rss: 34Mb L: 20/34 MS: 3 ChangeBinInt-ChangeByte-ChangeByte-
#17154	NEW    cov: 31 ft: 204 corp: 62/1164b lim: 92 exec/s: 0 rss: 34Mb L: 20/34 MS: 1 ChangeASCIIInt-
#18331	REDUCE cov: 31 ft: 204 corp: 62/1163b lim: 98 exec/s: 0 rss: 34Mb L: 15/34 MS: 2 ChangeBinInt-EraseBytes-
#19920	NEW    cov: 31 ft: 205 corp: 63/1194b lim: 110 exec/s: 0 rss: 34Mb L: 31/34 MS: 4 CopyPart-ChangeBit-CopyPart-CopyPart-
#19926	NEW    cov: 31 ft: 206 corp: 64/1225b lim: 110 exec/s: 0 rss: 34Mb L: 31/34 MS: 1 ChangeByte-
#20800	REDUCE cov: 31 ft: 206 corp: 64/1223b lim: 116 exec/s: 0 rss: 34Mb L: 18/34 MS: 4 ChangeBinInt-ChangeBit-ChangeBit-EraseBytes-
#21367	NEW    cov: 33 ft: 211 corp: 65/1247b lim: 116 exec/s: 0 rss: 34Mb L: 24/34 MS: 2 ShuffleBytes-CopyPart-
#21563	NEW    cov: 33 ft: 212 corp: 66/1271b lim: 116 exec/s: 0 rss: 34Mb L: 24/34 MS: 1 ChangeBit-
#22019	NEW    cov: 33 ft: 213 corp: 67/1295b lim: 116 exec/s: 0 rss: 34Mb L: 24/34 MS: 1 ShuffleBytes-
#22250	NEW    cov: 33 ft: 214 corp: 68/1319b lim: 116 exec/s: 0 rss: 34Mb L: 24/34 MS: 1 ChangeBit-
#22261	NEW    cov: 33 ft: 215 corp: 69/1343b lim: 116 exec/s: 0 rss: 34Mb L: 24/34 MS: 1 CrossOver-
#22402	NEW    cov: 33 ft: 217 corp: 70/1374b lim: 116 exec/s: 0 rss: 34Mb L: 31/34 MS: 1 ShuffleBytes-
#22493	NEW    cov: 33 ft: 218 corp: 71/1398b lim: 116 exec/s: 0 rss: 34Mb L: 24/34 MS: 1 ChangeASCIIInt-
#22584	NEW    cov: 33 ft: 220 corp: 72/1422b lim: 116 exec/s: 0 rss: 34Mb L: 24/34 MS: 1 ChangeByte-
#22786	NEW    cov: 34 ft: 221 corp: 73/1446b lim: 116 exec/s: 0 rss: 34Mb L: 24/34 MS: 2 CopyPart-ChangeByte-
#22908	NEW    cov: 34 ft: 223 corp: 74/1468b lim: 116 exec/s: 0 rss: 34Mb L: 22/34 MS: 2 ChangeByte-EraseBytes-
#23139	NEW    cov: 34 ft: 225 corp: 75/1492b lim: 116 exec/s: 0 rss: 34Mb L: 24/34 MS: 1 ChangeByte-
#23435	NEW    cov: 34 ft: 226 corp: 76/1516b lim: 116 exec/s: 0 rss: 34Mb L: 24/34 MS: 1 ChangeASCIIInt-
#23622	NEW    cov: 34 ft: 227 corp: 77/1540b lim: 116 exec/s: 0 rss: 34Mb L: 24/34 MS: 2 ShuffleBytes-CopyPart-
#23975	REDUCE cov: 34 ft: 227 corp: 77/1538b lim: 116 exec/s: 0 rss: 34Mb L: 15/34 MS: 3 EraseBytes-ChangeByte-InsertByte-
#24099	NEW    cov: 34 ft: 228 corp: 78/1562b lim: 116 exec/s: 0 rss: 34Mb L: 24/34 MS: 4 EraseBytes-CrossOver-ShuffleBytes-ShuffleBytes-
#25380	NEW    cov: 34 ft: 231 corp: 79/1586b lim: 128 exec/s: 0 rss: 34Mb L: 24/34 MS: 1 CopyPart-
#25992	NEW    cov: 34 ft: 233 corp: 80/1610b lim: 128 exec/s: 0 rss: 34Mb L: 24/34 MS: 2 CrossOver-CrossOver-
#26539	REDUCE cov: 34 ft: 233 corp: 80/1608b lim: 128 exec/s: 0 rss: 34Mb L: 20/34 MS: 2 ChangeBinInt-EraseBytes-
#26832	NEW    cov: 34 ft: 235 corp: 81/1632b lim: 128 exec/s: 0 rss: 34Mb L: 24/34 MS: 3 ChangeASCIIInt-ChangeByte-ChangeBit-
#28069	NEW    cov: 34 ft: 237 corp: 82/1656b lim: 135 exec/s: 0 rss: 34Mb L: 24/34 MS: 2 ShuffleBytes-ShuffleBytes-
#28165	NEW    cov: 48 ft: 307 corp: 83/1680b lim: 135 exec/s: 0 rss: 34Mb L: 24/34 MS: 1 ChangeBinInt-
#28652	NEW    cov: 48 ft: 309 corp: 84/1704b lim: 135 exec/s: 0 rss: 34Mb L: 24/34 MS: 2 ChangeBit-ChangeBinInt-
#28953	NEW    cov: 48 ft: 310 corp: 85/1728b lim: 135 exec/s: 0 rss: 34Mb L: 24/34 MS: 1 CopyPart-
#30564	REDUCE cov: 48 ft: 310 corp: 85/1727b lim: 149 exec/s: 0 rss: 34Mb L: 15/34 MS: 1 EraseBytes-
#31043	NEW    cov: 48 ft: 311 corp: 86/1749b lim: 149 exec/s: 0 rss: 34Mb L: 22/34 MS: 4 CMP-EraseBytes-CopyPart-ChangeBinInt- DE: "\022\000\000\000\000\000\000\000"-
#32201	REDUCE cov: 48 ft: 311 corp: 86/1747b lim: 156 exec/s: 0 rss: 34Mb L: 23/34 MS: 3 InsertByte-ChangeByte-EraseBytes-
#35702	NEW    cov: 48 ft: 312 corp: 87/1771b lim: 184 exec/s: 0 rss: 34Mb L: 24/34 MS: 1 CopyPart-
#35773	NEW    cov: 48 ft: 316 corp: 88/1795b lim: 184 exec/s: 0 rss: 34Mb L: 24/34 MS: 1 ChangeBit-
#36078	REDUCE cov: 48 ft: 316 corp: 88/1793b lim: 184 exec/s: 0 rss: 34Mb L: 15/34 MS: 5 ChangeASCIIInt-PersAutoDict-EraseBytes-ChangeASCIIInt-PersAutoDict- DE: "\022\000\000\000\000\000\000\000"-"\001\000"-
#40214	NEW    cov: 48 ft: 320 corp: 89/1824b lim: 219 exec/s: 0 rss: 34Mb L: 31/34 MS: 1 CopyPart-
#40785	NEW    cov: 48 ft: 322 corp: 90/1848b lim: 219 exec/s: 0 rss: 34Mb L: 24/34 MS: 1 ShuffleBytes-
#44121	NEW    cov: 48 ft: 326 corp: 91/1872b lim: 247 exec/s: 0 rss: 34Mb L: 24/34 MS: 1 CrossOver-
#45154	NEW    cov: 48 ft: 329 corp: 92/1896b lim: 254 exec/s: 0 rss: 34Mb L: 24/34 MS: 3 ChangeBit-ShuffleBytes-ChangeBit-
#45165	NEW    cov: 48 ft: 334 corp: 93/1927b lim: 254 exec/s: 0 rss: 34Mb L: 31/34 MS: 1 CopyPart-
#48301	NEW    cov: 48 ft: 335 corp: 94/1943b lim: 285 exec/s: 0 rss: 34Mb L: 16/34 MS: 1 ChangeBinInt-
#50127	NEW    cov: 48 ft: 337 corp: 95/1967b lim: 301 exec/s: 0 rss: 34Mb L: 24/34 MS: 1 ShuffleBytes-
#53843	NEW    cov: 48 ft: 338 corp: 96/1991b lim: 333 exec/s: 0 rss: 34Mb L: 24/34 MS: 1 ChangeBit-
#54194	NEW    cov: 48 ft: 340 corp: 97/2015b lim: 333 exec/s: 0 rss: 34Mb L: 24/34 MS: 1 ChangeBinInt-
#58366	NEW    cov: 49 ft: 345 corp: 98/2039b lim: 373 exec/s: 0 rss: 34Mb L: 24/34 MS: 2 ChangeASCIIInt-ChangeByte-
#60665	REDUCE cov: 49 ft: 345 corp: 98/2037b lim: 389 exec/s: 0 rss: 34Mb L: 16/34 MS: 4 CrossOver-CopyPart-ChangeByte-EraseBytes-
#63291	NEW    cov: 49 ft: 347 corp: 99/2057b lim: 413 exec/s: 0 rss: 34Mb L: 20/34 MS: 1 ChangeBinInt-
#64538	NEW    cov: 49 ft: 348 corp: 100/2077b lim: 421 exec/s: 0 rss: 35Mb L: 20/34 MS: 2 ChangeASCIIInt-ShuffleBytes-
#66120	NEW    cov: 49 ft: 349 corp: 101/2101b lim: 429 exec/s: 0 rss: 35Mb L: 24/34 MS: 2 ShuffleBytes-ShuffleBytes-
#67336	NEW    cov: 49 ft: 350 corp: 102/2121b lim: 437 exec/s: 0 rss: 35Mb L: 20/34 MS: 1 ChangeASCIIInt-
#68982	NEW    cov: 49 ft: 351 corp: 103/2145b lim: 453 exec/s: 0 rss: 35Mb L: 24/34 MS: 1 ChangeASCIIInt-
#70848	NEW    cov: 49 ft: 353 corp: 104/2169b lim: 469 exec/s: 0 rss: 35Mb L: 24/34 MS: 1 CopyPart-
#71149	NEW    cov: 49 ft: 354 corp: 105/2189b lim: 469 exec/s: 0 rss: 35Mb L: 20/34 MS: 1 ChangeBit-
#71400	NEW    cov: 49 ft: 355 corp: 106/2213b lim: 469 exec/s: 0 rss: 35Mb L: 24/34 MS: 1 ChangeASCIIInt-
#74018	NEW    cov: 49 ft: 356 corp: 107/2237b lim: 493 exec/s: 0 rss: 35Mb L: 24/34 MS: 3 ChangeByte-ChangeBit-ChangeBinInt-
#74534	NEW    cov: 49 ft: 357 corp: 108/2261b lim: 493 exec/s: 0 rss: 35Mb L: 24/34 MS: 1 ChangeBit-
#74982	NEW    cov: 49 ft: 358 corp: 109/2285b lim: 493 exec/s: 0 rss: 35Mb L: 24/34 MS: 3 ChangeByte-ChangeASCIIInt-ChangeBit-
#76219	NEW    cov: 49 ft: 359 corp: 110/2309b lim: 501 exec/s: 0 rss: 35Mb L: 24/34 MS: 2 ShuffleBytes-ShuffleBytes-
#76332	NEW    cov: 49 ft: 360 corp: 111/2333b lim: 501 exec/s: 0 rss: 35Mb L: 24/34 MS: 3 ChangeBinInt-CrossOver-ChangeByte-
#77503	NEW    cov: 49 ft: 361 corp: 112/2357b lim: 509 exec/s: 0 rss: 35Mb L: 24/34 MS: 1 ChangeASCIIInt-
#79009	NEW    cov: 49 ft: 362 corp: 113/2381b lim: 517 exec/s: 0 rss: 35Mb L: 24/34 MS: 1 CrossOver-
#79360	NEW    cov: 49 ft: 363 corp: 114/2405b lim: 517 exec/s: 0 rss: 35Mb L: 24/34 MS: 1 ShuffleBytes-
#81082	NEW    cov: 49 ft: 364 corp: 115/2429b lim: 526 exec/s: 0 rss: 35Mb L: 24/34 MS: 2 ChangeASCIIInt-ChangeByte-
#82308	NEW    cov: 49 ft: 365 corp: 116/2453b lim: 535 exec/s: 0 rss: 35Mb L: 24/34 MS: 1 CopyPart-
#83782	NEW    cov: 49 ft: 366 corp: 117/2477b lim: 544 exec/s: 0 rss: 35Mb L: 24/34 MS: 4 ChangeByte-ChangeByte-ChangeByte-ChangeBit-
#84619	NEW    cov: 49 ft: 367 corp: 118/2501b lim: 544 exec/s: 0 rss: 35Mb L: 24/34 MS: 2 ChangeBinInt-ChangeBit-
#85230	NEW    cov: 49 ft: 368 corp: 119/2525b lim: 544 exec/s: 0 rss: 35Mb L: 24/34 MS: 1 ChangeASCIIInt-
#85806	NEW    cov: 49 ft: 369 corp: 120/2549b lim: 544 exec/s: 0 rss: 35Mb L: 24/34 MS: 1 ChangeASCIIInt-
#88045	REDUCE cov: 49 ft: 369 corp: 120/2547b lim: 562 exec/s: 0 rss: 35Mb L: 22/34 MS: 4 ChangeByte-ChangeASCIIInt-ChangeByte-EraseBytes-
#90726	NEW    cov: 49 ft: 370 corp: 121/2571b lim: 580 exec/s: 0 rss: 35Mb L: 24/34 MS: 1 ShuffleBytes-
#91217	NEW    cov: 49 ft: 371 corp: 122/2595b lim: 580 exec/s: 0 rss: 35Mb L: 24/34 MS: 1 ChangeBit-
#91591	NEW    cov: 49 ft: 372 corp: 123/2610b lim: 580 exec/s: 0 rss: 35Mb L: 15/34 MS: 4 ChangeByte-CopyPart-InsertByte-EraseBytes-
#91817	NEW    cov: 49 ft: 374 corp: 124/2634b lim: 580 exec/s: 0 rss: 35Mb L: 24/34 MS: 1 CrossOver-
#95424	REDUCE cov: 49 ft: 374 corp: 124/2630b lim: 607 exec/s: 0 rss: 35Mb L: 20/34 MS: 2 ChangeBit-EraseBytes-
#98820	NEW    cov: 49 ft: 375 corp: 125/2654b lim: 634 exec/s: 0 rss: 35Mb L: 24/34 MS: 1 ChangeBit-
#100246	NEW    cov: 49 ft: 376 corp: 126/2678b lim: 643 exec/s: 0 rss: 35Mb L: 24/34 MS: 1 ChangeBit-
#107129	NEW    cov: 49 ft: 377 corp: 127/2702b lim: 706 exec/s: 0 rss: 35Mb L: 24/34 MS: 3 ChangeASCIIInt-ChangeASCIIInt-CrossOver-
#110080	NEW    cov: 49 ft: 378 corp: 128/2726b lim: 733 exec/s: 0 rss: 35Mb L: 24/34 MS: 1 CopyPart-
#110491	NEW    cov: 49 ft: 379 corp: 129/2750b lim: 733 exec/s: 0 rss: 35Mb L: 24/34 MS: 1 ChangeASCIIInt-
#113761	REDUCE cov: 49 ft: 379 corp: 129/2748b lim: 760 exec/s: 0 rss: 35Mb L: 22/34 MS: 5 CopyPart-CrossOver-ChangeBit-ChangeBit-EraseBytes-
#115272	NEW    cov: 49 ft: 381 corp: 130/2772b lim: 769 exec/s: 0 rss: 35Mb L: 24/34 MS: 1 CopyPart-
#115960	REDUCE cov: 49 ft: 381 corp: 130/2770b lim: 769 exec/s: 0 rss: 35Mb L: 18/34 MS: 3 ChangeBinInt-ChangeBinInt-EraseBytes-
#117916	NEW    cov: 49 ft: 382 corp: 131/2794b lim: 787 exec/s: 0 rss: 35Mb L: 24/34 MS: 1 ChangeASCIIInt-
#118307	NEW    cov: 49 ft: 383 corp: 132/2818b lim: 787 exec/s: 0 rss: 35Mb L: 24/34 MS: 1 ShuffleBytes-
#118860	NEW    cov: 49 ft: 385 corp: 133/2842b lim: 787 exec/s: 0 rss: 35Mb L: 24/34 MS: 3 CopyPart-ChangeByte-ChangeBit-
#119201	NEW    cov: 49 ft: 386 corp: 134/2866b lim: 787 exec/s: 0 rss: 35Mb L: 24/34 MS: 1 ChangeBit-
#120554	REDUCE cov: 49 ft: 386 corp: 134/2864b lim: 796 exec/s: 0 rss: 35Mb L: 22/34 MS: 3 ChangeBinInt-EraseBytes-CrossOver-
#123186	NEW    cov: 49 ft: 388 corp: 135/2888b lim: 814 exec/s: 0 rss: 35Mb L: 24/34 MS: 2 ShuffleBytes-ChangeBit-
#124037	NEW    cov: 49 ft: 389 corp: 136/2912b lim: 814 exec/s: 0 rss: 35Mb L: 24/34 MS: 1 ChangeBit-
#124448	NEW    cov: 49 ft: 390 corp: 137/2936b lim: 814 exec/s: 0 rss: 35Mb L: 24/34 MS: 1 ShuffleBytes-
#125527	NEW    cov: 49 ft: 391 corp: 138/2960b lim: 823 exec/s: 0 rss: 35Mb L: 24/34 MS: 4 ShuffleBytes-ChangeBit-ChangeBit-ShuffleBytes-
#132588	NEW    cov: 49 ft: 392 corp: 139/2984b lim: 886 exec/s: 0 rss: 35Mb L: 24/34 MS: 1 ChangeASCIIInt-
#134506	NEW    cov: 49 ft: 393 corp: 140/3008b lim: 904 exec/s: 0 rss: 35Mb L: 24/34 MS: 3 ChangeASCIIInt-ChangeASCIIInt-ChangeASCIIInt-
#138722	NEW    cov: 49 ft: 394 corp: 141/3032b lim: 940 exec/s: 0 rss: 35Mb L: 24/34 MS: 1 ShuffleBytes-
#139623	NEW    cov: 49 ft: 396 corp: 142/3056b lim: 940 exec/s: 0 rss: 35Mb L: 24/34 MS: 1 ChangeByte-
#143202	NEW    cov: 49 ft: 397 corp: 143/3080b lim: 967 exec/s: 0 rss: 35Mb L: 24/34 MS: 4 ChangeBinInt-ShuffleBytes-CrossOver-CrossOver-
#144350	REDUCE cov: 49 ft: 397 corp: 143/3078b lim: 976 exec/s: 0 rss: 35Mb L: 22/34 MS: 3 EraseBytes-ChangeASCIIInt-ChangeByte-
#147631	REDUCE cov: 49 ft: 398 corp: 144/3100b lim: 1003 exec/s: 0 rss: 35Mb L: 22/34 MS: 1 CopyPart-
#164952	REDUCE cov: 49 ft: 399 corp: 145/3122b lim: 1170 exec/s: 0 rss: 35Mb L: 22/34 MS: 1 CopyPart-
#165329	REDUCE cov: 49 ft: 399 corp: 145/3120b lim: 1170 exec/s: 0 rss: 35Mb L: 22/34 MS: 2 EraseBytes-ChangeByte-
#168178	REDUCE cov: 49 ft: 399 corp: 145/3118b lim: 1190 exec/s: 0 rss: 35Mb L: 22/34 MS: 4 ChangeBinInt-ChangeBit-EraseBytes-ChangeByte-
#169701	REDUCE cov: 49 ft: 399 corp: 145/3116b lim: 1200 exec/s: 0 rss: 35Mb L: 20/34 MS: 3 EraseBytes-InsertByte-PersAutoDict- DE: "\001\000"-
#171060	NEW    cov: 49 ft: 400 corp: 146/3138b lim: 1210 exec/s: 0 rss: 35Mb L: 22/34 MS: 4 ChangeBinInt-ChangeASCIIInt-ChangeASCIIInt-ChangeASCIIInt-
#172906	NEW    cov: 49 ft: 401 corp: 147/3160b lim: 1220 exec/s: 0 rss: 35Mb L: 22/34 MS: 1 ChangeBit-
#176327	NEW    cov: 49 ft: 402 corp: 148/3184b lim: 1250 exec/s: 0 rss: 35Mb L: 24/34 MS: 1 CrossOver-
#189069	REDUCE cov: 49 ft: 402 corp: 148/3182b lim: 1370 exec/s: 0 rss: 35Mb L: 22/34 MS: 2 EraseBytes-InsertByte-
#192086	REDUCE cov: 49 ft: 402 corp: 148/3180b lim: 1400 exec/s: 0 rss: 35Mb L: 22/34 MS: 2 EraseBytes-ChangeByte-
#202191	REDUCE cov: 49 ft: 402 corp: 148/3176b lim: 1500 exec/s: 0 rss: 35Mb L: 20/34 MS: 5 ChangeBinInt-ChangeByte-EraseBytes-CopyPart-PersAutoDict- DE: "\001\000"-
#215831	REDUCE cov: 49 ft: 402 corp: 148/3174b lim: 1630 exec/s: 0 rss: 35Mb L: 24/34 MS: 5 InsertByte-CopyPart-ShuffleBytes-CopyPart-EraseBytes-
#217303	REDUCE cov: 49 ft: 402 corp: 148/3172b lim: 1640 exec/s: 0 rss: 35Mb L: 18/34 MS: 2 ChangeBinInt-EraseBytes-
#253471	REDUCE cov: 49 ft: 402 corp: 148/3170b lim: 1990 exec/s: 0 rss: 35Mb L: 22/34 MS: 3 CrossOver-ChangeByte-EraseBytes-
#260280	NEW    cov: 49 ft: 403 corp: 149/3194b lim: 2050 exec/s: 0 rss: 35Mb L: 24/34 MS: 4 ChangeASCIIInt-EraseBytes-CrossOver-ChangeBit-
#261535	REDUCE cov: 49 ft: 403 corp: 149/3192b lim: 2061 exec/s: 0 rss: 35Mb L: 29/34 MS: 5 ChangeByte-InsertByte-PersAutoDict-ShuffleBytes-EraseBytes- DE: "\001\000"-
#268154	REDUCE cov: 49 ft: 403 corp: 149/3190b lim: 2116 exec/s: 0 rss: 35Mb L: 18/34 MS: 4 ChangeASCIIInt-EraseBytes-ChangeASCIIInt-ChangeBinInt-
#297647	REDUCE cov: 49 ft: 403 corp: 149/3188b lim: 2402 exec/s: 0 rss: 35Mb L: 22/34 MS: 3 ChangeBit-ShuffleBytes-EraseBytes-
#323232	REDUCE cov: 50 ft: 408 corp: 150/3210b lim: 2655 exec/s: 0 rss: 35Mb L: 22/34 MS: 5 EraseBytes-CopyPart-ChangeBinInt-ChangeASCIIInt-CopyPart-
#326681	REDUCE cov: 50 ft: 408 corp: 150/3208b lim: 2688 exec/s: 0 rss: 35Mb L: 22/34 MS: 4 ChangeASCIIInt-CopyPart-EraseBytes-ChangeBit-
#328128	REDUCE cov: 50 ft: 408 corp: 150/3206b lim: 2699 exec/s: 0 rss: 35Mb L: 22/34 MS: 2 InsertByte-EraseBytes-
#338845	REDUCE cov: 50 ft: 408 corp: 150/3204b lim: 2798 exec/s: 0 rss: 35Mb L: 22/34 MS: 2 InsertByte-EraseBytes-
#344213	REDUCE cov: 50 ft: 408 corp: 150/3202b lim: 2842 exec/s: 0 rss: 35Mb L: 20/34 MS: 3 CrossOver-ChangeByte-EraseBytes-
#372542	REDUCE cov: 50 ft: 408 corp: 150/3200b lim: 3117 exec/s: 0 rss: 35Mb L: 29/34 MS: 4 ChangeBit-InsertByte-ChangeByte-EraseBytes-
#389166	REDUCE cov: 50 ft: 408 corp: 150/3198b lim: 3282 exec/s: 0 rss: 35Mb L: 22/34 MS: 4 InsertByte-ShuffleBytes-EraseBytes-InsertByte-
#413349	REDUCE cov: 50 ft: 408 corp: 150/3196b lim: 3513 exec/s: 413349 rss: 35Mb L: 18/34 MS: 3 ChangeBit-EraseBytes-ChangeBit-
#435177	REDUCE cov: 50 ft: 408 corp: 150/3191b lim: 3722 exec/s: 435177 rss: 35Mb L: 19/34 MS: 3 ChangeBinInt-ChangeBinInt-EraseBytes-
#488953	REDUCE cov: 50 ft: 409 corp: 151/3211b lim: 4096 exec/s: 488953 rss: 36Mb L: 20/34 MS: 1 CopyPart-
#534636	NEW    cov: 50 ft: 412 corp: 152/3235b lim: 4096 exec/s: 534636 rss: 36Mb L: 24/34 MS: 3 CMP-CMP-CrossOver- DE: "\027\000\000\000\000\000\000\000"-"\377\377\377\377\377\377\377\377"-
#541537	NEW    cov: 50 ft: 415 corp: 153/3259b lim: 4096 exec/s: 541537 rss: 36Mb L: 24/34 MS: 1 CopyPart-
#546994	REDUCE cov: 50 ft: 415 corp: 153/3257b lim: 4096 exec/s: 546994 rss: 36Mb L: 20/34 MS: 2 InsertByte-EraseBytes-
#557368	REDUCE cov: 50 ft: 415 corp: 153/3255b lim: 4096 exec/s: 557368 rss: 36Mb L: 20/34 MS: 4 ChangeByte-ChangeByte-ChangeByte-EraseBytes-
#559669	REDUCE cov: 50 ft: 415 corp: 153/3254b lim: 4096 exec/s: 559669 rss: 36Mb L: 18/34 MS: 1 EraseBytes-
#560891	REDUCE cov: 50 ft: 415 corp: 153/3250b lim: 4096 exec/s: 560891 rss: 36Mb L: 16/34 MS: 2 ChangeBinInt-EraseBytes-
#561894	REDUCE cov: 50 ft: 415 corp: 153/3244b lim: 4096 exec/s: 561894 rss: 36Mb L: 18/34 MS: 3 ChangeASCIIInt-InsertRepeatedBytes-EraseBytes-
#565457	REDUCE cov: 50 ft: 415 corp: 153/3240b lim: 4096 exec/s: 565457 rss: 36Mb L: 18/34 MS: 3 EraseBytes-ChangeBinInt-ChangeBinInt-
#573896	REDUCE cov: 50 ft: 415 corp: 153/3236b lim: 4096 exec/s: 573896 rss: 36Mb L: 19/34 MS: 4 EraseBytes-ShuffleBytes-InsertByte-ChangeBinInt-
#576361	REDUCE cov: 50 ft: 415 corp: 153/3224b lim: 4096 exec/s: 576361 rss: 36Mb L: 17/34 MS: 5 CopyPart-PersAutoDict-EraseBytes-EraseBytes-CMP- DE: "M\000\000\000\000\000\000\000"-"\377\377\377\377\377\377\377\024"-
#587068	REDUCE cov: 50 ft: 415 corp: 153/3222b lim: 4096 exec/s: 587068 rss: 36Mb L: 18/34 MS: 2 CopyPart-EraseBytes-
#594222	NEW    cov: 50 ft: 423 corp: 154/3237b lim: 4096 exec/s: 594222 rss: 36Mb L: 15/34 MS: 4 CopyPart-ShuffleBytes-ChangeASCIIInt-ShuffleBytes-
#638795	REDUCE cov: 50 ft: 423 corp: 154/3235b lim: 4096 exec/s: 638795 rss: 36Mb L: 27/34 MS: 3 EraseBytes-ChangeByte-InsertByte-
#650172	REDUCE cov: 50 ft: 423 corp: 154/3233b lim: 4096 exec/s: 650172 rss: 36Mb L: 16/34 MS: 2 EraseBytes-InsertByte-
#728966	REDUCE cov: 50 ft: 423 corp: 154/3231b lim: 4096 exec/s: 728966 rss: 36Mb L: 16/34 MS: 4 PersAutoDict-ShuffleBytes-EraseBytes-CopyPart- DE: "\001\000"-
#733128	REDUCE cov: 50 ft: 423 corp: 154/3229b lim: 4096 exec/s: 733128 rss: 36Mb L: 20/34 MS: 2 InsertByte-EraseBytes-
#755791	REDUCE cov: 50 ft: 423 corp: 154/3227b lim: 4096 exec/s: 755791 rss: 36Mb L: 22/34 MS: 3 EraseBytes-CopyPart-ChangeBit-
#846551	REDUCE cov: 50 ft: 423 corp: 154/3225b lim: 4096 exec/s: 846551 rss: 36Mb L: 22/34 MS: 5 EraseBytes-ShuffleBytes-InsertByte-ChangeByte-InsertByte-
#847069	REDUCE cov: 50 ft: 423 corp: 154/3221b lim: 4096 exec/s: 847069 rss: 36Mb L: 18/34 MS: 3 EraseBytes-ChangeByte-ChangeByte-
#848677	REDUCE cov: 50 ft: 423 corp: 154/3219b lim: 4096 exec/s: 424338 rss: 36Mb L: 17/34 MS: 3 CMP-CMP-EraseBytes- DE: "\000\000\000\000\000\000\000\002"-"\377\377\377\377\377\377\377\032"-
#865343	NEW    cov: 50 ft: 425 corp: 155/3243b lim: 4096 exec/s: 432671 rss: 36Mb L: 24/34 MS: 1 ChangeByte-
#866362	REDUCE cov: 50 ft: 426 corp: 156/3259b lim: 4096 exec/s: 433181 rss: 36Mb L: 16/34 MS: 4 CopyPart-ChangeBinInt-ChangeBit-CrossOver-
#868539	REDUCE cov: 50 ft: 426 corp: 156/3257b lim: 4096 exec/s: 434269 rss: 36Mb L: 22/34 MS: 2 ChangeByte-EraseBytes-
#918531	REDUCE cov: 50 ft: 426 corp: 156/3255b lim: 4096 exec/s: 459265 rss: 36Mb L: 20/34 MS: 2 EraseBytes-ChangeBit-
#950555	REDUCE cov: 50 ft: 426 corp: 156/3253b lim: 4096 exec/s: 475277 rss: 36Mb L: 18/34 MS: 4 ChangeBit-ShuffleBytes-ChangeBit-EraseBytes-
#956426	NEW    cov: 50 ft: 427 corp: 157/3275b lim: 4096 exec/s: 478213 rss: 36Mb L: 22/34 MS: 1 ChangeBit-
#1005303	REDUCE cov: 50 ft: 427 corp: 157/3273b lim: 4096 exec/s: 502651 rss: 36Mb L: 22/34 MS: 2 ChangeByte-EraseBytes-
#1039422	REDUCE cov: 50 ft: 427 corp: 157/3271b lim: 4096 exec/s: 519711 rss: 36Mb L: 20/34 MS: 4 CrossOver-ChangeBit-ChangeBinInt-EraseBytes-
#1048576	pulse  cov: 50 ft: 427 corp: 157/3271b lim: 4096 exec/s: 524288 rss: 36Mb
#1063619	REDUCE cov: 50 ft: 427 corp: 157/3269b lim: 4096 exec/s: 531809 rss: 36Mb L: 22/34 MS: 2 CrossOver-EraseBytes-
#1075143	REDUCE cov: 50 ft: 427 corp: 157/3268b lim: 4096 exec/s: 537571 rss: 36Mb L: 16/34 MS: 4 PersAutoDict-EraseBytes-ChangeBit-PersAutoDict- DE: "\001\000"-"\377\377\377\377\377\377\377\377"-
#1083951	REDUCE cov: 50 ft: 427 corp: 157/3267b lim: 4096 exec/s: 541975 rss: 36Mb L: 15/34 MS: 3 ChangeBit-InsertByte-EraseBytes-
#1134145	REDUCE cov: 50 ft: 427 corp: 157/3265b lim: 4096 exec/s: 567072 rss: 36Mb L: 22/34 MS: 4 ChangeByte-ChangeBinInt-EraseBytes-EraseBytes-
#1148783	REDUCE cov: 50 ft: 427 corp: 157/3261b lim: 4096 exec/s: 574391 rss: 36Mb L: 20/34 MS: 3 ChangeBinInt-EraseBytes-CrossOver-
#1218416	REDUCE cov: 50 ft: 427 corp: 157/3259b lim: 4096 exec/s: 609208 rss: 36Mb L: 18/34 MS: 3 ChangeByte-ChangeASCIIInt-EraseBytes-
#1233196	REDUCE cov: 50 ft: 427 corp: 157/3257b lim: 4096 exec/s: 616598 rss: 36Mb L: 22/34 MS: 5 PersAutoDict-ChangeASCIIInt-EraseBytes-InsertByte-InsertByte- DE: "\377\377\377\377\377\377\377\024"-
#1252525	REDUCE cov: 50 ft: 427 corp: 157/3255b lim: 4096 exec/s: 626262 rss: 36Mb L: 22/34 MS: 4 CopyPart-ShuffleBytes-ChangeBinInt-EraseBytes-
#1255477	REDUCE cov: 50 ft: 427 corp: 157/3253b lim: 4096 exec/s: 627738 rss: 36Mb L: 22/34 MS: 2 PersAutoDict-EraseBytes- DE: "\377\377\377\377\377\377\377\377"-
#1255960	REDUCE cov: 50 ft: 427 corp: 157/3251b lim: 4096 exec/s: 627980 rss: 36Mb L: 20/34 MS: 3 ChangeByte-InsertRepeatedBytes-EraseBytes-
#1270437	REDUCE cov: 50 ft: 427 corp: 157/3249b lim: 4096 exec/s: 635218 rss: 36Mb L: 20/34 MS: 2 EraseBytes-InsertByte-
#1311361	REDUCE cov: 50 ft: 427 corp: 157/3245b lim: 4096 exec/s: 437120 rss: 36Mb L: 18/34 MS: 4 ChangeByte-ShuffleBytes-EraseBytes-ChangeBinInt-
#1335998	REDUCE cov: 50 ft: 427 corp: 157/3243b lim: 4096 exec/s: 445332 rss: 36Mb L: 22/34 MS: 2 ChangeBit-EraseBytes-
#1360287	REDUCE cov: 50 ft: 427 corp: 157/3241b lim: 4096 exec/s: 453429 rss: 36Mb L: 20/34 MS: 4 ChangeBinInt-EraseBytes-ChangeASCIIInt-ChangeByte-
#1411075	REDUCE cov: 50 ft: 427 corp: 157/3239b lim: 4096 exec/s: 470358 rss: 36Mb L: 16/34 MS: 3 EraseBytes-ShuffleBytes-ChangeByte-
#1419198	REDUCE cov: 50 ft: 427 corp: 157/3237b lim: 4096 exec/s: 473066 rss: 36Mb L: 20/34 MS: 3 ChangeByte-InsertByte-EraseBytes-
#1431160	REDUCE cov: 50 ft: 427 corp: 157/3235b lim: 4096 exec/s: 477053 rss: 36Mb L: 18/34 MS: 2 EraseBytes-ChangeByte-
#1504957	NEW    cov: 50 ft: 429 corp: 158/3266b lim: 4096 exec/s: 501652 rss: 36Mb L: 31/34 MS: 2 ChangeBit-ChangeBit-
#1583189	NEW    cov: 50 ft: 431 corp: 159/3290b lim: 4096 exec/s: 527729 rss: 36Mb L: 24/34 MS: 2 ChangeBinInt-ChangeASCIIInt-
#1588218	REDUCE cov: 50 ft: 431 corp: 159/3288b lim: 4096 exec/s: 529406 rss: 36Mb L: 22/34 MS: 4 ShuffleBytes-InsertByte-ChangeASCIIInt-EraseBytes-
#1609442	REDUCE cov: 50 ft: 431 corp: 159/3286b lim: 4096 exec/s: 536480 rss: 36Mb L: 16/34 MS: 4 EraseBytes-CopyPart-EraseBytes-InsertByte-
#1727369	REDUCE cov: 50 ft: 431 corp: 159/3284b lim: 4096 exec/s: 431842 rss: 36Mb L: 20/34 MS: 2 EraseBytes-InsertByte-
#1755460	NEW    cov: 50 ft: 432 corp: 160/3308b lim: 4096 exec/s: 438865 rss: 36Mb L: 24/34 MS: 1 ChangeBit-
#1763852	NEW    cov: 50 ft: 434 corp: 161/3339b lim: 4096 exec/s: 440963 rss: 36Mb L: 31/34 MS: 2 ChangeBit-CrossOver-
#1820344	NEW    cov: 50 ft: 435 corp: 162/3361b lim: 4096 exec/s: 455086 rss: 36Mb L: 22/34 MS: 2 CopyPart-ChangeBit-
#1826050	NEW    cov: 50 ft: 436 corp: 163/3383b lim: 4096 exec/s: 456512 rss: 36Mb L: 22/34 MS: 1 ChangeBit-
#1867691	NEW    cov: 50 ft: 437 corp: 164/3415b lim: 4096 exec/s: 466922 rss: 36Mb L: 32/34 MS: 1 InsertByte-
#1892780	REDUCE cov: 50 ft: 437 corp: 164/3413b lim: 4096 exec/s: 473195 rss: 36Mb L: 20/34 MS: 4 ChangeASCIIInt-ChangeBit-EraseBytes-InsertByte-
#2010142	REDUCE cov: 50 ft: 437 corp: 164/3407b lim: 4096 exec/s: 502535 rss: 36Mb L: 16/34 MS: 2 ChangeBinInt-EraseBytes-
#2017665	REDUCE cov: 50 ft: 437 corp: 164/3403b lim: 4096 exec/s: 504416 rss: 36Mb L: 18/34 MS: 3 ChangeBinInt-ChangeASCIIInt-EraseBytes-
#2025753	REDUCE cov: 50 ft: 437 corp: 164/3401b lim: 4096 exec/s: 506438 rss: 36Mb L: 22/34 MS: 3 InsertByte-ChangeASCIIInt-EraseBytes-
#2029080	REDUCE cov: 50 ft: 437 corp: 164/3399b lim: 4096 exec/s: 507270 rss: 36Mb L: 16/34 MS: 2 PersAutoDict-EraseBytes- DE: "\377\377\377\377\377\377\377\377"-
#2060536	NEW    cov: 50 ft: 439 corp: 165/3423b lim: 4096 exec/s: 515134 rss: 36Mb L: 24/34 MS: 1 ChangeBit-
#2081671	REDUCE cov: 50 ft: 439 corp: 165/3421b lim: 4096 exec/s: 520417 rss: 36Mb L: 20/34 MS: 5 ChangeBinInt-ChangeByte-ShuffleBytes-EraseBytes-InsertByte-
#2097152	pulse  cov: 50 ft: 439 corp: 165/3421b lim: 4096 exec/s: 524288 rss: 36Mb
#2121574	REDUCE cov: 50 ft: 439 corp: 165/3419b lim: 4096 exec/s: 530393 rss: 36Mb L: 22/34 MS: 3 ShuffleBytes-EraseBytes-InsertByte-
#2220583	REDUCE cov: 50 ft: 439 corp: 165/3417b lim: 4096 exec/s: 444116 rss: 36Mb L: 20/34 MS: 4 ChangeBinInt-EraseBytes-ChangeBit-InsertByte-
#2341877	REDUCE cov: 50 ft: 439 corp: 165/3415b lim: 4096 exec/s: 468375 rss: 36Mb L: 20/34 MS: 4 CrossOver-ChangeByte-ChangeBinInt-EraseBytes-
#2349912	REDUCE cov: 50 ft: 439 corp: 165/3413b lim: 4096 exec/s: 469982 rss: 36Mb L: 20/34 MS: 5 PersAutoDict-ChangeBinInt-PersAutoDict-InsertByte-EraseBytes- DE: "\377\377\377\377\377\377\377\024"-"\001\000"-
#2433556	REDUCE cov: 50 ft: 439 corp: 165/3411b lim: 4096 exec/s: 486711 rss: 36Mb L: 20/34 MS: 4 ChangeByte-ChangeASCIIInt-ChangeBinInt-EraseBytes-
#2489679	REDUCE cov: 50 ft: 439 corp: 165/3409b lim: 4096 exec/s: 497935 rss: 36Mb L: 22/34 MS: 3 CMP-CMP-EraseBytes- DE: "3\000\000\000"-"\210\000\000\000\000\000\000\000"-
#2533051	REDUCE cov: 50 ft: 439 corp: 165/3407b lim: 4096 exec/s: 506610 rss: 36Mb L: 18/34 MS: 2 CMP-EraseBytes- DE: "\3777"-
#2787070	REDUCE cov: 50 ft: 439 corp: 165/3405b lim: 4096 exec/s: 464511 rss: 36Mb L: 15/34 MS: 4 EraseBytes-EraseBytes-ChangeBinInt-CopyPart-
#2893329	REDUCE cov: 50 ft: 439 corp: 165/3401b lim: 4096 exec/s: 482221 rss: 36Mb L: 20/34 MS: 4 ChangeASCIIInt-ChangeByte-EraseBytes-ChangeBinInt-
#2949328	REDUCE cov: 50 ft: 439 corp: 165/3399b lim: 4096 exec/s: 491554 rss: 36Mb L: 18/34 MS: 4 CopyPart-CMP-EraseBytes-ChangeByte- DE: "\3774"-
#2954630	NEW    cov: 50 ft: 441 corp: 166/3431b lim: 4096 exec/s: 492438 rss: 36Mb L: 32/34 MS: 2 CopyPart-CopyPart-
#3023100	REDUCE cov: 50 ft: 441 corp: 166/3429b lim: 4096 exec/s: 503850 rss: 36Mb L: 20/34 MS: 5 ChangeBit-CopyPart-InsertByte-ChangeASCIIInt-EraseBytes-
#3090080	REDUCE cov: 50 ft: 441 corp: 166/3427b lim: 4096 exec/s: 441440 rss: 36Mb L: 29/34 MS: 5 EraseBytes-ChangeBit-ChangeASCIIInt-ChangeASCIIInt-PersAutoDict- DE: "\210\000\000\000\000\000\000\000"-
#3218542	REDUCE cov: 50 ft: 441 corp: 166/3425b lim: 4096 exec/s: 459791 rss: 36Mb L: 18/34 MS: 2 EraseBytes-ChangeByte-
#3361744	REDUCE cov: 50 ft: 441 corp: 166/3423b lim: 4096 exec/s: 480249 rss: 36Mb L: 18/34 MS: 2 ChangeBinInt-EraseBytes-
#3365028	REDUCE cov: 50 ft: 441 corp: 166/3421b lim: 4096 exec/s: 480718 rss: 36Mb L: 18/34 MS: 4 InsertByte-ShuffleBytes-PersAutoDict-EraseBytes- DE: "\3777"-
#3697356	REDUCE cov: 50 ft: 441 corp: 166/3419b lim: 4096 exec/s: 462169 rss: 36Mb L: 20/34 MS: 3 InsertRepeatedBytes-EraseBytes-EraseBytes-
#3769253	REDUCE cov: 50 ft: 441 corp: 166/3417b lim: 4096 exec/s: 471156 rss: 36Mb L: 20/34 MS: 2 EraseBytes-InsertByte-
#3965595	REDUCE cov: 50 ft: 441 corp: 166/3416b lim: 4096 exec/s: 440621 rss: 36Mb L: 31/34 MS: 2 ChangeASCIIInt-EraseBytes-
#4021064	REDUCE cov: 50 ft: 441 corp: 166/3414b lim: 4096 exec/s: 446784 rss: 36Mb L: 20/34 MS: 4 EraseBytes-CrossOver-ChangeBit-ChangeBinInt-
#4060963	REDUCE cov: 50 ft: 441 corp: 166/3412b lim: 4096 exec/s: 451218 rss: 36Mb L: 18/34 MS: 4 ChangeBinInt-ChangeASCIIInt-ShuffleBytes-EraseBytes-
#4186175	REDUCE cov: 50 ft: 441 corp: 166/3410b lim: 4096 exec/s: 465130 rss: 36Mb L: 20/34 MS: 2 InsertByte-EraseBytes-
#4194304	pulse  cov: 50 ft: 441 corp: 166/3410b lim: 4096 exec/s: 466033 rss: 36Mb
#4255863	REDUCE cov: 50 ft: 441 corp: 166/3408b lim: 4096 exec/s: 472873 rss: 36Mb L: 20/34 MS: 3 ChangeByte-ChangeByte-EraseBytes-
#4403741	REDUCE cov: 50 ft: 441 corp: 166/3407b lim: 4096 exec/s: 440374 rss: 36Mb L: 23/34 MS: 3 ChangeBit-ChangeByte-EraseBytes-
#4544918	REDUCE cov: 50 ft: 441 corp: 166/3405b lim: 4096 exec/s: 454491 rss: 36Mb L: 18/34 MS: 2 ChangeByte-EraseBytes-
panic: found special char in iban [recovered]
	panic: found special char in iban

goroutine 17 [running, locked to thread]:
git.ultraware.nl/iddinkgroep/fundament-api.Fuzz.func1()
	git.ultraware.nl/iddinkgroep/fundament-api/fuzz.go:19 +0xa5
panic({0x562847aa6760?, 0x562847ab9c70?})
	runtime/panic.go:914 +0x21f
git.ultraware.nl/iddinkgroep/fundament-api.Fuzz({0xc00042f110, 0x18})
	git.ultraware.nl/iddinkgroep/fundament-api/fuzz.go:34 +0x2b9
git.ultraware.nl/iddinkgroep/fundament-api.Fuzz_(...)
	git.ultraware.nl/iddinkgroep/fundament-api/fuzz.1527825026.go:6
main.LLVMFuzzerTestOneInput(...)
	./main.170485750.go:21
==22946== ERROR: libFuzzer: deadly signal
    #0 0x5628479c9630 in __sanitizer_print_stack_trace (/seedai/experiments/libfuzzer/source_iban/libfuzzer+0xaf630) (BuildId: 688cb25bec4564588da2a67f6a2b25148a0fd5d4)
    #1 0x562847995755 in fuzzer::PrintStackTrace() (/seedai/experiments/libfuzzer/source_iban/libfuzzer+0x7b755) (BuildId: 688cb25bec4564588da2a67f6a2b25148a0fd5d4)
    #2 0x5628479743a9 in fuzzer::Fuzzer::CrashCallback() (.part.0) FuzzerLoop.cpp.o
    #3 0x56284797446a in fuzzer::Fuzzer::StaticCrashSignalCallback() (/seedai/experiments/libfuzzer/source_iban/libfuzzer+0x5a46a) (BuildId: 688cb25bec4564588da2a67f6a2b25148a0fd5d4)
    #4 0x7feb6e4c770f  (/usr/lib/libc.so.6+0x3e70f) (BuildId: 316d0d3666387f0e8fb98773f51aa1801027c5ab)
    #5 0x562847a29160 in runtime.raise.abi0 runtime/sys_linux_amd64.s:153

NOTE: libFuzzer has rudimentary signal handlers.
      Combine libFuzzer with AddressSanitizer or similar for better crash reports.
SUMMARY: libFuzzer: deadly signal
MS: 2 CopyPart-ShuffleBytes-; base unit: d02c9fc395e8e71e6b069ff35bffbc1a2802bf9c
0x43,0x5a,0x38,0x31,0x2d,0x30,0x30,0x30,0x30,0x30,0x30,0x30,0x30,0x6f,0x30,0x30,0x36,0x6f,0x30,0x30,0x30,0x30,0x36,0x38,
CZ81-00000000o006o000068
artifact_prefix='./'; Test unit written to ./crash-b090116b5647df2a5fb1e698a596a1a8bae6a174
Base64: Q1o4MS0wMDAwMDAwMG8wMDZvMDAwMDY4
