INFO: Running with entropic power schedule (0xFF, 100).
INFO: Seed: 3206022378
INFO: Loaded 1 modules   (9631 inline 8-bit counters): 9631 [0x55cddbe8b270, 0x55cddbe8d80f), 
INFO: Loaded 1 PC tables (9631 PCs): 9631 [0xc000080000,0xc0000a59f0), 
INFO:        5 files found in corpus
INFO: -max_len is not provided; libFuzzer will not generate inputs larger than 4096 bytes
INFO: seed corpus: files: 5 min: 3b max: 127b total: 288b rss: 33Mb
#6	INITED cov: 586 ft: 2214 corp: 5/288b exec/s: 0 rss: 33Mb
#7	NEW    cov: 586 ft: 2215 corp: 6/409b lim: 127 exec/s: 0 rss: 33Mb L: 121/127 MS: 1 ChangeBinInt-
#8	NEW    cov: 619 ft: 2356 corp: 7/424b lim: 127 exec/s: 0 rss: 33Mb L: 15/127 MS: 1 ChangeByte-
#9	NEW    cov: 670 ft: 2556 corp: 8/510b lim: 127 exec/s: 0 rss: 33Mb L: 86/127 MS: 1 CrossOver-
#13	NEW    cov: 670 ft: 2557 corp: 9/616b lim: 127 exec/s: 0 rss: 33Mb L: 106/127 MS: 4 ChangeASCIIInt-ChangeByte-ChangeByte-EraseBytes-
#14	NEW    cov: 670 ft: 2589 corp: 10/721b lim: 127 exec/s: 0 rss: 33Mb L: 105/127 MS: 1 EraseBytes-
#15	NEW    cov: 687 ft: 2774 corp: 11/848b lim: 127 exec/s: 0 rss: 33Mb L: 127/127 MS: 1 CopyPart-
#16	NEW    cov: 687 ft: 2793 corp: 12/953b lim: 127 exec/s: 0 rss: 34Mb L: 105/127 MS: 1 CopyPart-
#17	NEW    cov: 694 ft: 2872 corp: 13/1039b lim: 127 exec/s: 0 rss: 34Mb L: 86/127 MS: 1 InsertRepeatedBytes-
#18	NEW    cov: 697 ft: 2908 corp: 14/1164b lim: 127 exec/s: 0 rss: 34Mb L: 125/127 MS: 1 InsertRepeatedBytes-
#20	NEW    cov: 697 ft: 2909 corp: 15/1167b lim: 127 exec/s: 0 rss: 34Mb L: 3/127 MS: 2 CopyPart-CopyPart-
#21	NEW    cov: 697 ft: 3039 corp: 16/1230b lim: 127 exec/s: 0 rss: 34Mb L: 63/127 MS: 1 EraseBytes-
#22	NEW    cov: 703 ft: 3062 corp: 17/1351b lim: 127 exec/s: 0 rss: 34Mb L: 121/127 MS: 1 ChangeByte-
#23	NEW    cov: 703 ft: 3063 corp: 18/1414b lim: 127 exec/s: 0 rss: 34Mb L: 63/127 MS: 1 ChangeByte-
#24	NEW    cov: 703 ft: 3072 corp: 19/1429b lim: 127 exec/s: 0 rss: 34Mb L: 15/127 MS: 1 ChangeBit-
#25	NEW    cov: 703 ft: 3085 corp: 20/1431b lim: 127 exec/s: 0 rss: 34Mb L: 2/127 MS: 1 EraseBytes-
#26	NEW    cov: 703 ft: 3103 corp: 21/1442b lim: 127 exec/s: 0 rss: 34Mb L: 11/127 MS: 1 CMP- DE: "\200\000\000\000\000\000\000\000"-
#28	NEW    cov: 708 ft: 3117 corp: 22/1563b lim: 127 exec/s: 0 rss: 34Mb L: 121/127 MS: 2 ChangeByte-CopyPart-
#29	NEW    cov: 711 ft: 3188 corp: 23/1593b lim: 127 exec/s: 0 rss: 34Mb L: 30/127 MS: 1 CrossOver-
#32	NEW    cov: 711 ft: 3189 corp: 24/1602b lim: 127 exec/s: 0 rss: 34Mb L: 9/127 MS: 3 PersAutoDict-ShuffleBytes-EraseBytes- DE: "\200\000\000\000\000\000\000\000"-
#33	NEW    cov: 711 ft: 3199 corp: 25/1624b lim: 127 exec/s: 0 rss: 34Mb L: 22/127 MS: 1 CMP- DE: "scri"-
#34	NEW    cov: 713 ft: 3206 corp: 26/1634b lim: 127 exec/s: 0 rss: 34Mb L: 10/127 MS: 1 CrossOver-
#40	NEW    cov: 713 ft: 3219 corp: 27/1755b lim: 127 exec/s: 0 rss: 34Mb L: 121/127 MS: 1 ShuffleBytes-
#41	NEW    cov: 713 ft: 3225 corp: 28/1777b lim: 127 exec/s: 0 rss: 34Mb L: 22/127 MS: 1 ShuffleBytes-
#42	NEW    cov: 713 ft: 3230 corp: 29/1799b lim: 127 exec/s: 0 rss: 34Mb L: 22/127 MS: 1 ChangeBit-
#43	NEW    cov: 713 ft: 3249 corp: 30/1885b lim: 127 exec/s: 0 rss: 34Mb L: 86/127 MS: 1 ChangeBit-
#46	NEW    cov: 713 ft: 3258 corp: 31/2012b lim: 127 exec/s: 0 rss: 34Mb L: 127/127 MS: 3 CopyPart-ChangeBinInt-PersAutoDict- DE: "scri"-
#48	NEW    cov: 716 ft: 3288 corp: 32/2087b lim: 127 exec/s: 0 rss: 34Mb L: 75/127 MS: 2 ChangeBit-CrossOver-
#49	NEW    cov: 726 ft: 3338 corp: 33/2145b lim: 127 exec/s: 0 rss: 34Mb L: 58/127 MS: 1 InsertRepeatedBytes-
#50	NEW    cov: 726 ft: 3340 corp: 34/2208b lim: 127 exec/s: 0 rss: 34Mb L: 63/127 MS: 1 ChangeBit-
#52	NEW    cov: 726 ft: 3343 corp: 35/2231b lim: 127 exec/s: 0 rss: 34Mb L: 23/127 MS: 2 ShuffleBytes-InsertByte-
#53	NEW    cov: 726 ft: 3344 corp: 36/2352b lim: 127 exec/s: 0 rss: 34Mb L: 121/127 MS: 1 ChangeBit-
#54	NEW    cov: 727 ft: 3346 corp: 37/2366b lim: 127 exec/s: 0 rss: 34Mb L: 14/127 MS: 1 CrossOver-
#55	NEW    cov: 727 ft: 3351 corp: 38/2471b lim: 127 exec/s: 0 rss: 34Mb L: 105/127 MS: 1 CopyPart-
#56	NEW    cov: 727 ft: 3360 corp: 39/2585b lim: 127 exec/s: 0 rss: 34Mb L: 114/127 MS: 1 PersAutoDict- DE: "\200\000\000\000\000\000\000\000"-
#57	NEW    cov: 733 ft: 3471 corp: 40/2691b lim: 127 exec/s: 0 rss: 34Mb L: 106/127 MS: 1 InsertByte-
#58	REDUCE cov: 733 ft: 3471 corp: 40/2687b lim: 127 exec/s: 0 rss: 34Mb L: 19/127 MS: 1 EraseBytes-
#59	NEW    cov: 736 ft: 3507 corp: 41/2768b lim: 127 exec/s: 0 rss: 34Mb L: 81/127 MS: 1 InsertRepeatedBytes-
#60	NEW    cov: 736 ft: 3538 corp: 42/2790b lim: 127 exec/s: 0 rss: 34Mb L: 22/127 MS: 1 ShuffleBytes-
#61	NEW    cov: 741 ft: 3574 corp: 43/2831b lim: 127 exec/s: 0 rss: 34Mb L: 41/127 MS: 1 InsertRepeatedBytes-
#62	NEW    cov: 741 ft: 3577 corp: 44/2846b lim: 127 exec/s: 0 rss: 34Mb L: 15/127 MS: 1 PersAutoDict- DE: "scri"-
#63	NEW    cov: 741 ft: 3579 corp: 45/2874b lim: 127 exec/s: 0 rss: 34Mb L: 28/127 MS: 1 CopyPart-
#65	NEW    cov: 741 ft: 3580 corp: 46/2924b lim: 127 exec/s: 0 rss: 34Mb L: 50/127 MS: 2 ChangeASCIIInt-EraseBytes-
#66	NEW    cov: 745 ft: 3614 corp: 47/3051b lim: 127 exec/s: 0 rss: 34Mb L: 127/127 MS: 1 CrossOver-
#67	NEW    cov: 745 ft: 3634 corp: 48/3132b lim: 127 exec/s: 0 rss: 34Mb L: 81/127 MS: 1 EraseBytes-
#68	NEW    cov: 745 ft: 3642 corp: 49/3154b lim: 127 exec/s: 0 rss: 34Mb L: 22/127 MS: 1 EraseBytes-
#69	NEW    cov: 745 ft: 3649 corp: 50/3158b lim: 127 exec/s: 0 rss: 34Mb L: 4/127 MS: 1 InsertByte-
#70	NEW    cov: 745 ft: 3650 corp: 51/3180b lim: 127 exec/s: 0 rss: 34Mb L: 22/127 MS: 1 PersAutoDict- DE: "scri"-
#71	NEW    cov: 745 ft: 3653 corp: 52/3243b lim: 127 exec/s: 0 rss: 34Mb L: 63/127 MS: 1 ChangeBinInt-
#73	NEW    cov: 745 ft: 3654 corp: 53/3330b lim: 127 exec/s: 0 rss: 34Mb L: 87/127 MS: 2 ChangeBinInt-InsertByte-
#74	NEW    cov: 745 ft: 3656 corp: 54/3340b lim: 127 exec/s: 0 rss: 34Mb L: 10/127 MS: 1 ShuffleBytes-
#76	NEW    cov: 745 ft: 3668 corp: 55/3467b lim: 127 exec/s: 0 rss: 34Mb L: 127/127 MS: 2 ChangeBinInt-InsertRepeatedBytes-
#78	NEW    cov: 745 ft: 3670 corp: 56/3519b lim: 127 exec/s: 0 rss: 34Mb L: 52/127 MS: 2 ChangeBit-InsertRepeatedBytes-
#79	NEW    cov: 745 ft: 3676 corp: 57/3560b lim: 127 exec/s: 0 rss: 34Mb L: 41/127 MS: 1 ChangeBit-
#80	NEW    cov: 745 ft: 3679 corp: 58/3623b lim: 127 exec/s: 0 rss: 34Mb L: 63/127 MS: 1 ShuffleBytes-
#81	NEW    cov: 745 ft: 3680 corp: 59/3645b lim: 127 exec/s: 0 rss: 34Mb L: 22/127 MS: 1 ChangeByte-
#82	NEW    cov: 745 ft: 3687 corp: 60/3719b lim: 127 exec/s: 0 rss: 34Mb L: 74/127 MS: 1 CopyPart-
#83	NEW    cov: 745 ft: 3688 corp: 61/3729b lim: 127 exec/s: 0 rss: 34Mb L: 10/127 MS: 1 ChangeByte-
#86	NEW    cov: 745 ft: 3695 corp: 62/3749b lim: 127 exec/s: 0 rss: 35Mb L: 20/127 MS: 3 CMP-CrossOver-InsertRepeatedBytes- DE: "\000\000\000r"-
#88	NEW    cov: 768 ft: 3740 corp: 63/3799b lim: 127 exec/s: 0 rss: 35Mb L: 50/127 MS: 2 ShuffleBytes-InsertRepeatedBytes-
#89	NEW    cov: 768 ft: 3746 corp: 64/3837b lim: 127 exec/s: 0 rss: 35Mb L: 38/127 MS: 1 CopyPart-
#90	NEW    cov: 768 ft: 3752 corp: 65/3902b lim: 127 exec/s: 0 rss: 35Mb L: 65/127 MS: 1 CrossOver-
#91	NEW    cov: 768 ft: 3753 corp: 66/3960b lim: 127 exec/s: 0 rss: 35Mb L: 58/127 MS: 1 ChangeBinInt-
#92	NEW    cov: 769 ft: 3765 corp: 67/3982b lim: 127 exec/s: 0 rss: 35Mb L: 22/127 MS: 1 ShuffleBytes-
#96	NEW    cov: 769 ft: 3766 corp: 68/4107b lim: 127 exec/s: 0 rss: 35Mb L: 125/127 MS: 4 EraseBytes-CopyPart-InsertRepeatedBytes-ChangeByte-
#99	NEW    cov: 769 ft: 3770 corp: 69/4168b lim: 127 exec/s: 0 rss: 35Mb L: 61/127 MS: 3 EraseBytes-ChangeBit-PersAutoDict- DE: "\200\000\000\000\000\000\000\000"-
panic: unexpected script tag

goroutine 17 [running, locked to thread]:
git.ultraware.nl/iddinkgroep/fundament-api.Fuzz({0xc0003c0f80?, 0x55cddcd86e60?})
	git.ultraware.nl/iddinkgroep/fundament-api/fuzz.go:16 +0x1df
git.ultraware.nl/iddinkgroep/fundament-api.Fuzz_(...)
	git.ultraware.nl/iddinkgroep/fundament-api/fuzz.1564991230.go:6
main.LLVMFuzzerTestOneInput(...)
	./main.281461698.go:21
==29196== ERROR: libFuzzer: deadly signal
    #0 0x55cddb24f630 in __sanitizer_print_stack_trace (/seedai/experiments/libfuzzer/source_clean_html/libfuzzer+0xd2630) (BuildId: d90bef6f09e3e624333610ebdf4ab8552e095b2f)
    #1 0x55cddb21b755 in fuzzer::PrintStackTrace() (/seedai/experiments/libfuzzer/source_clean_html/libfuzzer+0x9e755) (BuildId: d90bef6f09e3e624333610ebdf4ab8552e095b2f)
    #2 0x55cddb1fa3a9 in fuzzer::Fuzzer::CrashCallback() (.part.0) FuzzerLoop.cpp.o
    #3 0x55cddb1fa46a in fuzzer::Fuzzer::StaticCrashSignalCallback() (/seedai/experiments/libfuzzer/source_clean_html/libfuzzer+0x7d46a) (BuildId: d90bef6f09e3e624333610ebdf4ab8552e095b2f)
    #4 0x7f8f3915670f  (/usr/lib/libc.so.6+0x3e70f) (BuildId: 316d0d3666387f0e8fb98773f51aa1801027c5ab)
    #5 0x55cddb2b3c80 in runtime.raise.abi0 runtime/sys_linux_amd64.s:153

NOTE: libFuzzer has rudimentary signal handlers.
      Combine libFuzzer with AddressSanitizer or similar for better crash reports.
SUMMARY: libFuzzer: deadly signal
MS: 1 CrossOver-; base unit: e7870e568883da23bae0fc2286be01658568214c
0x3c,0x21,0x44,0x4f,0x43,0x54,0x59,0x50,0x45,0x20,0x68,0x74,0x6d,0x6c,0x3e,0x20,0x3c,0x68,0x74,0x6d,0x6c,0x3e,0x20,0x3c,0x68,0x65,0x61,0x64,0x3e,0x20,0x3c,0x74,0x69,0x74,0x6c,0x65,0x3e,0x74,0x65,0x73,0x74,0x3c,0x2f,0x74,0x69,0x3c,0x58,0x40,0x4f,0x43,0x54,0x59,0x50,0x45,0x20,0x64,0x3e,0x17,0x3c,0x62,0x6f,0x64,0x79,0x3e,0x20,0x3c,0x68,0x31,0x3e,0x74,0x65,0x73,0x74,0x3c,0x2f,0x68,0x31,0x3e,0x20,0x3c,0x73,0x63,0x72,0x69,0x70,0x74,0x3e,0x61,0x6c,0x65,0x72,0x74,0x28,0x31,0x29,0x3c,0x2f,0x73,0x63,0x72,0x69,0x70,0x74,0x3e,0x20,0x3c,0x2f,0x62,0x6f,0x64,0x79,0x3e,0x20,0x3c,0x2f,0x68,0x74,0x6d,0x6c,0x3e,0x20,
<!DOCTYPE html> <html> <head> <title>test</ti<X@OCTYPE d>\027<body> <h1>test</h1> <script>alert(1)</script> </body> </html> 
artifact_prefix='./'; Test unit written to ./crash-dc09fe75ec47258cd95b6c689178841e79c690b7
Base64: PCFET0NUWVBFIGh0bWw+IDxodG1sPiA8aGVhZD4gPHRpdGxlPnRlc3Q8L3RpPFhAT0NUWVBFIGQ+Fzxib2R5PiA8aDE+dGVzdDwvaDE+IDxzY3JpcHQ+YWxlcnQoMSk8L3NjcmlwdD4gPC9ib2R5PiA8L2h0bWw+IA==
