INFO: Running with entropic power schedule (0xFF, 100).
INFO: Seed: 3556674415
INFO: Loaded 1 modules   (70 inline 8-bit counters): 70 [0x559875055030, 0x559875055076), 
INFO: Loaded 1 PC tables (70 PCs): 70 [0xc000068000,0xc000068460), 
INFO:        9 files found in corpus
INFO: -max_len is not provided; libFuzzer will not generate inputs larger than 4096 bytes
INFO: seed corpus: files: 9 min: 1b max: 207b total: 663b rss: 29Mb
#10	INITED cov: 11 ft: 27 corp: 5/53b exec/s: 0 rss: 29Mb
#12	NEW    cov: 11 ft: 29 corp: 6/68b lim: 23 exec/s: 0 rss: 29Mb L: 15/23 MS: 2 ChangeBit-InsertRepeatedBytes-
#19	NEW    cov: 11 ft: 32 corp: 7/81b lim: 23 exec/s: 0 rss: 29Mb L: 13/23 MS: 2 CMP-CMP- DE: "\001\000\000\000\000\000\000\001"-"\001\000\000\000"-
#20	NEW    cov: 11 ft: 33 corp: 8/83b lim: 23 exec/s: 0 rss: 29Mb L: 2/23 MS: 1 InsertByte-
#45	NEW    cov: 11 ft: 34 corp: 9/99b lim: 23 exec/s: 0 rss: 29Mb L: 16/23 MS: 5 CopyPart-ChangeByte-ChangeBit-EraseBytes-InsertByte-
#49	NEW    cov: 11 ft: 35 corp: 10/113b lim: 23 exec/s: 0 rss: 29Mb L: 14/23 MS: 4 CopyPart-CrossOver-ChangeByte-InsertByte-
#107	REDUCE cov: 11 ft: 35 corp: 10/112b lim: 23 exec/s: 0 rss: 30Mb L: 17/23 MS: 3 InsertRepeatedBytes-ChangeBit-EraseBytes-
#420	REDUCE cov: 11 ft: 35 corp: 10/109b lim: 23 exec/s: 0 rss: 30Mb L: 20/20 MS: 3 ChangeBinInt-EraseBytes-InsertRepeatedBytes-
#847	NEW    cov: 11 ft: 36 corp: 11/136b lim: 27 exec/s: 0 rss: 30Mb L: 27/27 MS: 2 CrossOver-InsertRepeatedBytes-
#1261	NEW    cov: 11 ft: 37 corp: 12/165b lim: 31 exec/s: 0 rss: 30Mb L: 29/29 MS: 4 ShuffleBytes-CrossOver-InsertByte-InsertRepeatedBytes-
#1264	NEW    cov: 11 ft: 38 corp: 13/196b lim: 31 exec/s: 0 rss: 30Mb L: 31/31 MS: 3 CrossOver-CMP-CrossOver- DE: "\377\377\377\377"-
#1672	NEW    cov: 11 ft: 40 corp: 14/230b lim: 35 exec/s: 0 rss: 30Mb L: 34/34 MS: 3 InsertByte-CrossOver-InsertRepeatedBytes-
#1739	NEW    cov: 11 ft: 41 corp: 15/263b lim: 35 exec/s: 0 rss: 30Mb L: 33/34 MS: 2 ChangeByte-CMP- DE: "\001\000"-
#1977	NEW    cov: 13 ft: 47 corp: 16/284b lim: 35 exec/s: 0 rss: 30Mb L: 21/34 MS: 3 ChangeBinInt-InsertRepeatedBytes-ChangeBinInt-
#2183	NEW    cov: 13 ft: 48 corp: 17/305b lim: 35 exec/s: 0 rss: 30Mb L: 21/34 MS: 1 PersAutoDict- DE: "\377\377\377\377"-
#2270	NEW    cov: 13 ft: 49 corp: 18/335b lim: 35 exec/s: 0 rss: 30Mb L: 30/34 MS: 2 CrossOver-PersAutoDict- DE: "\001\000\000\000\000\000\000\001"-
#2283	NEW    cov: 13 ft: 50 corp: 19/360b lim: 35 exec/s: 0 rss: 30Mb L: 25/34 MS: 3 ShuffleBytes-ChangeBit-PersAutoDict- DE: "\001\000\000\000"-
#2324	NEW    cov: 13 ft: 51 corp: 20/385b lim: 35 exec/s: 0 rss: 30Mb L: 25/34 MS: 1 ChangeByte-
#2473	NEW    cov: 13 ft: 52 corp: 21/419b lim: 35 exec/s: 0 rss: 30Mb L: 34/34 MS: 4 ChangeBinInt-InsertRepeatedBytes-InsertRepeatedBytes-CopyPart-
#2656	REDUCE cov: 13 ft: 52 corp: 21/408b lim: 35 exec/s: 0 rss: 30Mb L: 19/34 MS: 3 InsertByte-CopyPart-EraseBytes-
#3024	NEW    cov: 13 ft: 53 corp: 22/423b lim: 35 exec/s: 0 rss: 30Mb L: 15/34 MS: 3 CrossOver-ShuffleBytes-EraseBytes-
#3130	REDUCE cov: 13 ft: 54 corp: 23/438b lim: 35 exec/s: 0 rss: 30Mb L: 15/34 MS: 1 EraseBytes-
#3141	NEW    cov: 13 ft: 55 corp: 24/453b lim: 35 exec/s: 0 rss: 30Mb L: 15/34 MS: 1 PersAutoDict- DE: "\001\000\000\000\000\000\000\001"-
#3238	NEW    cov: 25 ft: 98 corp: 25/473b lim: 35 exec/s: 0 rss: 30Mb L: 20/34 MS: 2 CrossOver-CopyPart-
#3362	NEW    cov: 25 ft: 99 corp: 26/489b lim: 35 exec/s: 0 rss: 30Mb L: 16/34 MS: 4 InsertByte-ShuffleBytes-ChangeBit-CrossOver-
#3432	NEW    cov: 25 ft: 104 corp: 27/509b lim: 35 exec/s: 0 rss: 30Mb L: 20/34 MS: 5 PersAutoDict-CopyPart-CMP-InsertByte-InsertByte- DE: "\001\000\000\000"-"\001\000\000\000\000\000\000\""-
#3433	NEW    cov: 25 ft: 106 corp: 28/529b lim: 35 exec/s: 0 rss: 30Mb L: 20/34 MS: 1 ChangeBit-
#3465	NEW    cov: 25 ft: 107 corp: 29/549b lim: 35 exec/s: 0 rss: 30Mb L: 20/34 MS: 2 CrossOver-EraseBytes-
#3779	NEW    cov: 25 ft: 108 corp: 30/573b lim: 35 exec/s: 0 rss: 31Mb L: 24/34 MS: 4 ChangeBit-ChangeByte-ChangeByte-CMP- DE: "\000\000\000\000\000\000\000\011"-
#3800	NEW    cov: 25 ft: 109 corp: 31/597b lim: 35 exec/s: 0 rss: 31Mb L: 24/34 MS: 1 CrossOver-
#3977	REDUCE cov: 25 ft: 111 corp: 32/613b lim: 35 exec/s: 0 rss: 31Mb L: 16/34 MS: 2 EraseBytes-InsertByte-
#4028	NEW    cov: 25 ft: 112 corp: 33/633b lim: 35 exec/s: 0 rss: 31Mb L: 20/34 MS: 1 PersAutoDict- DE: "\000\000\000\000\000\000\000\011"-
#4199	NEW    cov: 30 ft: 126 corp: 34/651b lim: 35 exec/s: 0 rss: 31Mb L: 18/34 MS: 1 CopyPart-
#4231	NEW    cov: 30 ft: 127 corp: 35/667b lim: 35 exec/s: 0 rss: 31Mb L: 16/34 MS: 2 EraseBytes-InsertRepeatedBytes-
#4338	NEW    cov: 30 ft: 128 corp: 36/691b lim: 35 exec/s: 0 rss: 31Mb L: 24/34 MS: 2 ShuffleBytes-CopyPart-
#4515	NEW    cov: 30 ft: 129 corp: 37/707b lim: 35 exec/s: 0 rss: 31Mb L: 16/34 MS: 2 InsertByte-ChangeByte-
#4545	REDUCE cov: 30 ft: 129 corp: 37/706b lim: 35 exec/s: 0 rss: 31Mb L: 20/34 MS: 5 InsertRepeatedBytes-CrossOver-CopyPart-EraseBytes-InsertByte-
#4580	REDUCE cov: 30 ft: 130 corp: 38/729b lim: 35 exec/s: 0 rss: 31Mb L: 23/34 MS: 5 CMP-EraseBytes-CopyPart-ChangeBinInt-ChangeByte- DE: "\000\000\000\000"-
#4592	NEW    cov: 30 ft: 131 corp: 39/745b lim: 35 exec/s: 0 rss: 31Mb L: 16/34 MS: 2 CrossOver-ChangeByte-
#4607	REDUCE cov: 30 ft: 131 corp: 39/740b lim: 35 exec/s: 0 rss: 31Mb L: 18/34 MS: 5 CrossOver-ChangeBit-EraseBytes-ChangeBinInt-EraseBytes-
#4723	NEW    cov: 30 ft: 133 corp: 40/760b lim: 35 exec/s: 0 rss: 31Mb L: 20/34 MS: 1 ChangeBit-
#4886	NEW    cov: 30 ft: 134 corp: 41/778b lim: 35 exec/s: 0 rss: 31Mb L: 18/34 MS: 3 InsertRepeatedBytes-EraseBytes-InsertByte-
#4972	NEW    cov: 30 ft: 136 corp: 42/794b lim: 35 exec/s: 0 rss: 31Mb L: 16/34 MS: 1 InsertByte-
#5027	NEW    cov: 30 ft: 137 corp: 43/827b lim: 35 exec/s: 0 rss: 31Mb L: 33/34 MS: 5 CrossOver-CrossOver-CopyPart-ChangeBit-InsertByte-
#5030	REDUCE cov: 30 ft: 137 corp: 43/817b lim: 35 exec/s: 0 rss: 31Mb L: 23/34 MS: 3 PersAutoDict-ChangeBinInt-EraseBytes- DE: "\000\000\000\000\000\000\000\011"-
#5266	REDUCE cov: 30 ft: 137 corp: 43/811b lim: 35 exec/s: 0 rss: 31Mb L: 17/34 MS: 1 EraseBytes-
#5377	REDUCE cov: 30 ft: 137 corp: 43/809b lim: 35 exec/s: 0 rss: 31Mb L: 16/34 MS: 1 EraseBytes-
#5455	NEW    cov: 30 ft: 138 corp: 44/831b lim: 35 exec/s: 0 rss: 31Mb L: 22/34 MS: 3 InsertByte-ChangeBinInt-EraseBytes-
#5751	NEW    cov: 30 ft: 140 corp: 45/849b lim: 35 exec/s: 0 rss: 31Mb L: 18/34 MS: 1 ShuffleBytes-
#6212	NEW    cov: 30 ft: 142 corp: 46/869b lim: 35 exec/s: 0 rss: 31Mb L: 20/34 MS: 1 CopyPart-
#6229	NEW    cov: 30 ft: 143 corp: 47/885b lim: 35 exec/s: 0 rss: 31Mb L: 16/34 MS: 2 ChangeBit-ChangeByte-
#6675	NEW    cov: 30 ft: 144 corp: 48/901b lim: 35 exec/s: 0 rss: 31Mb L: 16/34 MS: 1 ChangeByte-
#7362	REDUCE cov: 30 ft: 144 corp: 48/899b lim: 40 exec/s: 0 rss: 31Mb L: 18/34 MS: 2 EraseBytes-ChangeByte-
#7988	NEW    cov: 30 ft: 146 corp: 49/917b lim: 45 exec/s: 0 rss: 31Mb L: 18/34 MS: 1 ShuffleBytes-
#8011	NEW    cov: 30 ft: 148 corp: 50/935b lim: 45 exec/s: 0 rss: 31Mb L: 18/34 MS: 3 ChangeByte-EraseBytes-InsertByte-
#8070	REDUCE cov: 30 ft: 148 corp: 50/934b lim: 45 exec/s: 0 rss: 32Mb L: 16/34 MS: 4 CrossOver-CopyPart-CopyPart-EraseBytes-
#8098	REDUCE cov: 30 ft: 149 corp: 51/956b lim: 45 exec/s: 0 rss: 32Mb L: 22/34 MS: 3 ChangeBit-EraseBytes-InsertRepeatedBytes-
#8359	NEW    cov: 30 ft: 150 corp: 52/976b lim: 45 exec/s: 0 rss: 32Mb L: 20/34 MS: 1 ChangeBinInt-
#8555	NEW    cov: 30 ft: 151 corp: 53/998b lim: 45 exec/s: 0 rss: 32Mb L: 22/34 MS: 1 CopyPart-
#8562	REDUCE cov: 30 ft: 151 corp: 53/997b lim: 45 exec/s: 0 rss: 32Mb L: 15/34 MS: 2 EraseBytes-InsertByte-
#8819	NEW    cov: 30 ft: 153 corp: 54/1015b lim: 45 exec/s: 0 rss: 32Mb L: 18/34 MS: 2 ShuffleBytes-ShuffleBytes-
#9382	NEW    cov: 30 ft: 155 corp: 55/1037b lim: 50 exec/s: 0 rss: 32Mb L: 22/34 MS: 3 InsertByte-InsertRepeatedBytes-ChangeBinInt-
#9539	REDUCE cov: 30 ft: 155 corp: 55/1036b lim: 50 exec/s: 0 rss: 32Mb L: 15/34 MS: 2 ChangeBinInt-EraseBytes-
#9580	NEW    cov: 30 ft: 157 corp: 56/1056b lim: 50 exec/s: 0 rss: 32Mb L: 20/34 MS: 1 ChangeBit-
#10119	REDUCE cov: 30 ft: 157 corp: 56/1054b lim: 55 exec/s: 0 rss: 32Mb L: 22/34 MS: 4 ShuffleBytes-EraseBytes-ChangeByte-ChangeByte-
#10755	NEW    cov: 30 ft: 166 corp: 57/1074b lim: 60 exec/s: 0 rss: 32Mb L: 20/34 MS: 1 CopyPart-
#11158	REDUCE cov: 30 ft: 166 corp: 57/1067b lim: 60 exec/s: 0 rss: 32Mb L: 18/34 MS: 3 ChangeBinInt-EraseBytes-CopyPart-
#12016	REDUCE cov: 30 ft: 166 corp: 57/1065b lim: 65 exec/s: 0 rss: 32Mb L: 17/34 MS: 3 CrossOver-EraseBytes-CopyPart-
#12112	NEW    cov: 30 ft: 168 corp: 58/1085b lim: 65 exec/s: 0 rss: 32Mb L: 20/34 MS: 1 CopyPart-
#12148	NEW    cov: 30 ft: 169 corp: 59/1103b lim: 65 exec/s: 0 rss: 32Mb L: 18/34 MS: 1 ChangeByte-
#12535	NEW    cov: 31 ft: 174 corp: 60/1121b lim: 65 exec/s: 0 rss: 33Mb L: 18/34 MS: 2 PersAutoDict-EraseBytes- DE: "\001\000"-
#13501	NEW    cov: 31 ft: 175 corp: 61/1141b lim: 71 exec/s: 0 rss: 33Mb L: 20/34 MS: 1 ShuffleBytes-
#13602	NEW    cov: 31 ft: 176 corp: 62/1161b lim: 71 exec/s: 0 rss: 33Mb L: 20/34 MS: 1 ChangeBit-
#13986	REDUCE cov: 31 ft: 176 corp: 62/1145b lim: 71 exec/s: 0 rss: 33Mb L: 18/34 MS: 4 EraseBytes-CopyPart-EraseBytes-EraseBytes-
#15137	NEW    cov: 31 ft: 177 corp: 63/1165b lim: 77 exec/s: 0 rss: 33Mb L: 20/34 MS: 1 ChangeByte-
#15353	NEW    cov: 31 ft: 178 corp: 64/1185b lim: 77 exec/s: 0 rss: 33Mb L: 20/34 MS: 1 CopyPart-
#16436	REDUCE cov: 31 ft: 178 corp: 64/1184b lim: 83 exec/s: 0 rss: 33Mb L: 17/34 MS: 3 ChangeByte-ChangeASCIIInt-EraseBytes-
#19481	REDUCE cov: 31 ft: 178 corp: 64/1182b lim: 113 exec/s: 0 rss: 34Mb L: 15/34 MS: 5 ChangeByte-EraseBytes-ChangeBit-InsertByte-CopyPart-
#19847	NEW    cov: 31 ft: 179 corp: 65/1200b lim: 113 exec/s: 0 rss: 34Mb L: 18/34 MS: 1 ChangeBinInt-
#21537	REDUCE cov: 31 ft: 179 corp: 65/1199b lim: 125 exec/s: 0 rss: 34Mb L: 19/34 MS: 5 ChangeBinInt-EraseBytes-ChangeBinInt-CMP-InsertByte- DE: "\377\377"-
#22683	NEW    cov: 31 ft: 180 corp: 66/1217b lim: 131 exec/s: 0 rss: 34Mb L: 18/34 MS: 1 ChangeBinInt-
#23544	REDUCE cov: 31 ft: 180 corp: 66/1216b lim: 138 exec/s: 0 rss: 34Mb L: 15/34 MS: 1 EraseBytes-
#24765	NEW    cov: 31 ft: 181 corp: 67/1234b lim: 145 exec/s: 0 rss: 34Mb L: 18/34 MS: 1 ShuffleBytes-
#25346	NEW    cov: 31 ft: 182 corp: 68/1254b lim: 145 exec/s: 0 rss: 34Mb L: 20/34 MS: 1 CrossOver-
#25676	REDUCE cov: 31 ft: 182 corp: 68/1253b lim: 145 exec/s: 0 rss: 34Mb L: 16/34 MS: 5 ChangeBinInt-ShuffleBytes-EraseBytes-ChangeBinInt-InsertByte-
#26692	NEW    cov: 31 ft: 183 corp: 69/1271b lim: 152 exec/s: 0 rss: 34Mb L: 18/34 MS: 1 ChangeBinInt-
#27093	NEW    cov: 31 ft: 184 corp: 70/1289b lim: 152 exec/s: 0 rss: 34Mb L: 18/34 MS: 1 ChangeBit-
#27235	NEW    cov: 31 ft: 185 corp: 71/1307b lim: 152 exec/s: 0 rss: 34Mb L: 18/34 MS: 2 ShuffleBytes-ChangeBinInt-
#28446	NEW    cov: 31 ft: 186 corp: 72/1325b lim: 159 exec/s: 0 rss: 34Mb L: 18/34 MS: 1 ShuffleBytes-
#28767	NEW    cov: 31 ft: 187 corp: 73/1343b lim: 159 exec/s: 0 rss: 34Mb L: 18/34 MS: 1 CopyPart-
#30638	NEW    cov: 31 ft: 188 corp: 74/1361b lim: 173 exec/s: 0 rss: 35Mb L: 18/34 MS: 1 ChangeByte-
#32041	NEW    cov: 31 ft: 189 corp: 75/1379b lim: 180 exec/s: 0 rss: 35Mb L: 18/34 MS: 3 ChangeBinInt-ChangeBinInt-ChangeBinInt-
#34341	REDUCE cov: 31 ft: 189 corp: 75/1377b lim: 201 exec/s: 0 rss: 35Mb L: 20/34 MS: 5 InsertByte-ChangeBit-ChangeBit-ChangeByte-EraseBytes-
#35257	NEW    cov: 31 ft: 190 corp: 76/1395b lim: 208 exec/s: 0 rss: 35Mb L: 18/34 MS: 1 ChangeBit-
#36633	NEW    cov: 31 ft: 191 corp: 77/1413b lim: 215 exec/s: 0 rss: 35Mb L: 18/34 MS: 1 CrossOver-
#36881	REDUCE cov: 31 ft: 191 corp: 77/1411b lim: 215 exec/s: 0 rss: 35Mb L: 16/34 MS: 3 CopyPart-ChangeBit-EraseBytes-
#41870	NEW    cov: 31 ft: 198 corp: 78/1433b lim: 257 exec/s: 0 rss: 35Mb L: 22/34 MS: 4 ChangeBinInt-ChangeBinInt-ChangeBinInt-CopyPart-
#42943	REDUCE cov: 31 ft: 198 corp: 78/1429b lim: 265 exec/s: 0 rss: 35Mb L: 15/34 MS: 3 EraseBytes-ChangeByte-CopyPart-
#43349	REDUCE cov: 31 ft: 198 corp: 78/1428b lim: 265 exec/s: 0 rss: 35Mb L: 17/34 MS: 1 EraseBytes-
#43775	NEW    cov: 32 ft: 201 corp: 79/1446b lim: 265 exec/s: 0 rss: 35Mb L: 18/34 MS: 1 ChangeByte-
#45667	NEW    cov: 32 ft: 202 corp: 80/1466b lim: 281 exec/s: 0 rss: 35Mb L: 20/34 MS: 2 CopyPart-ShuffleBytes-
#46563	NEW    cov: 32 ft: 203 corp: 81/1488b lim: 289 exec/s: 0 rss: 35Mb L: 22/34 MS: 1 CrossOver-
#47158	REDUCE cov: 32 ft: 203 corp: 81/1486b lim: 289 exec/s: 0 rss: 35Mb L: 23/34 MS: 5 CrossOver-ChangeByte-CopyPart-EraseBytes-CopyPart-
#50249	NEW    cov: 32 ft: 207 corp: 82/1508b lim: 313 exec/s: 0 rss: 35Mb L: 22/34 MS: 1 ChangeBinInt-
#50285	NEW    cov: 32 ft: 208 corp: 83/1526b lim: 313 exec/s: 0 rss: 35Mb L: 18/34 MS: 1 ChangeBinInt-
#51571	NEW    cov: 32 ft: 209 corp: 84/1548b lim: 321 exec/s: 0 rss: 35Mb L: 22/34 MS: 1 ShuffleBytes-
#54997	NEW    cov: 32 ft: 210 corp: 85/1570b lim: 353 exec/s: 0 rss: 35Mb L: 22/34 MS: 1 ShuffleBytes-
#55579	REDUCE cov: 32 ft: 210 corp: 85/1568b lim: 353 exec/s: 0 rss: 35Mb L: 18/34 MS: 2 EraseBytes-CopyPart-
#57721	NEW    cov: 32 ft: 211 corp: 86/1592b lim: 369 exec/s: 0 rss: 35Mb L: 24/34 MS: 2 ChangeBit-ChangeBinInt-
#61869	REDUCE cov: 32 ft: 211 corp: 86/1590b lim: 409 exec/s: 0 rss: 35Mb L: 18/34 MS: 3 EraseBytes-ChangeBinInt-InsertByte-
#62128	REDUCE cov: 32 ft: 211 corp: 86/1588b lim: 409 exec/s: 0 rss: 35Mb L: 16/34 MS: 4 ChangeByte-EraseBytes-CrossOver-ChangeBinInt-
#64154	NEW    cov: 32 ft: 212 corp: 87/1606b lim: 425 exec/s: 0 rss: 35Mb L: 18/34 MS: 1 CopyPart-
#68150	NEW    cov: 32 ft: 213 corp: 88/1630b lim: 457 exec/s: 0 rss: 35Mb L: 24/34 MS: 1 PersAutoDict- DE: "\000\000\000\000\000\000\000\011"-
#70506	NEW    cov: 32 ft: 214 corp: 89/1648b lim: 473 exec/s: 0 rss: 35Mb L: 18/34 MS: 1 ShuffleBytes-
#74007	NEW    cov: 32 ft: 215 corp: 90/1666b lim: 505 exec/s: 0 rss: 35Mb L: 18/34 MS: 1 ShuffleBytes-
#82588	NEW    cov: 32 ft: 216 corp: 91/1688b lim: 585 exec/s: 0 rss: 35Mb L: 22/34 MS: 1 ChangeBinInt-
#86642	REDUCE cov: 32 ft: 216 corp: 91/1686b lim: 621 exec/s: 0 rss: 35Mb L: 20/34 MS: 4 ShuffleBytes-PersAutoDict-InsertByte-EraseBytes- DE: "\377\377"-
#95912	REDUCE cov: 32 ft: 216 corp: 91/1685b lim: 711 exec/s: 0 rss: 35Mb L: 16/34 MS: 5 EraseBytes-ChangeBit-CMP-ChangeByte-ChangeBinInt- DE: "\001\000"-
#96394	REDUCE cov: 32 ft: 216 corp: 91/1684b lim: 711 exec/s: 0 rss: 35Mb L: 15/34 MS: 2 EraseBytes-ChangeByte-
#104456	REDUCE cov: 32 ft: 216 corp: 91/1682b lim: 783 exec/s: 0 rss: 35Mb L: 16/34 MS: 2 EraseBytes-PersAutoDict- DE: "\377\377"-
#106370	NEW    cov: 32 ft: 217 corp: 92/1697b lim: 801 exec/s: 0 rss: 35Mb L: 15/34 MS: 4 EraseBytes-EraseBytes-ChangeBinInt-CMP- DE: "\001\000\000\000\000\000\000\""-
#112527	REDUCE cov: 32 ft: 217 corp: 92/1696b lim: 855 exec/s: 0 rss: 35Mb L: 15/34 MS: 2 EraseBytes-CMP- DE: "\001\000\000\000"-
#115226	REDUCE cov: 32 ft: 217 corp: 92/1694b lim: 873 exec/s: 0 rss: 35Mb L: 18/34 MS: 4 InsertByte-EraseBytes-ChangeByte-InsertByte-
#120744	REDUCE cov: 32 ft: 217 corp: 92/1692b lim: 927 exec/s: 0 rss: 35Mb L: 19/34 MS: 3 ChangeBit-ShuffleBytes-EraseBytes-
#121338	REDUCE cov: 32 ft: 217 corp: 92/1690b lim: 927 exec/s: 0 rss: 35Mb L: 16/34 MS: 4 ShuffleBytes-ChangeBit-EraseBytes-CrossOver-
#127224	NEW    cov: 32 ft: 218 corp: 93/1712b lim: 981 exec/s: 0 rss: 35Mb L: 22/34 MS: 1 ShuffleBytes-
#129931	REDUCE cov: 32 ft: 218 corp: 93/1710b lim: 999 exec/s: 0 rss: 35Mb L: 20/34 MS: 2 EraseBytes-ChangeByte-
#131123	REDUCE cov: 32 ft: 218 corp: 93/1706b lim: 1008 exec/s: 0 rss: 35Mb L: 16/34 MS: 2 EraseBytes-PersAutoDict- DE: "\377\377\377\377"-
#135185	NEW    cov: 32 ft: 219 corp: 94/1721b lim: 1046 exec/s: 0 rss: 35Mb L: 15/34 MS: 2 ChangeBit-ChangeBinInt-
#137132	REDUCE cov: 32 ft: 219 corp: 94/1719b lim: 1056 exec/s: 0 rss: 35Mb L: 20/34 MS: 2 ChangeBinInt-EraseBytes-
#137325	REDUCE cov: 32 ft: 220 corp: 95/1743b lim: 1056 exec/s: 0 rss: 35Mb L: 24/34 MS: 3 CrossOver-InsertByte-CopyPart-
#137501	NEW    cov: 32 ft: 221 corp: 96/1767b lim: 1056 exec/s: 0 rss: 35Mb L: 24/34 MS: 1 ChangeByte-
#139273	REDUCE cov: 32 ft: 221 corp: 96/1765b lim: 1066 exec/s: 0 rss: 35Mb L: 21/34 MS: 2 CrossOver-EraseBytes-
#140859	NEW    cov: 34 ft: 226 corp: 97/1789b lim: 1076 exec/s: 0 rss: 35Mb L: 24/34 MS: 1 CopyPart-
#141075	NEW    cov: 34 ft: 228 corp: 98/1813b lim: 1076 exec/s: 0 rss: 35Mb L: 24/34 MS: 1 ChangeBit-
#141136	NEW    cov: 34 ft: 229 corp: 99/1837b lim: 1076 exec/s: 0 rss: 35Mb L: 24/34 MS: 1 ShuffleBytes-
#141142	NEW    cov: 34 ft: 230 corp: 100/1861b lim: 1076 exec/s: 0 rss: 35Mb L: 24/34 MS: 1 ChangeByte-
#142903	NEW    cov: 34 ft: 231 corp: 101/1885b lim: 1086 exec/s: 0 rss: 35Mb L: 24/34 MS: 1 ShuffleBytes-
#143714	NEW    cov: 35 ft: 232 corp: 102/1909b lim: 1086 exec/s: 0 rss: 35Mb L: 24/34 MS: 1 ChangeByte-
#145275	NEW    cov: 35 ft: 234 corp: 103/1933b lim: 1096 exec/s: 0 rss: 35Mb L: 24/34 MS: 1 ChangeBit-
#148155	REDUCE cov: 35 ft: 234 corp: 103/1931b lim: 1116 exec/s: 0 rss: 35Mb L: 19/34 MS: 5 InsertByte-EraseBytes-InsertByte-CopyPart-EraseBytes-
#149586	NEW    cov: 35 ft: 235 corp: 104/1955b lim: 1126 exec/s: 0 rss: 35Mb L: 24/34 MS: 1 ShuffleBytes-
#149803	NEW    cov: 35 ft: 236 corp: 105/1979b lim: 1126 exec/s: 0 rss: 35Mb L: 24/34 MS: 2 ChangeBit-ShuffleBytes-
#150047	NEW    cov: 35 ft: 237 corp: 106/2003b lim: 1126 exec/s: 0 rss: 35Mb L: 24/34 MS: 4 ChangeBit-CopyPart-ChangeASCIIInt-ChangeBinInt-
#150638	NEW    cov: 35 ft: 238 corp: 107/2027b lim: 1126 exec/s: 0 rss: 35Mb L: 24/34 MS: 1 ShuffleBytes-
#151099	NEW    cov: 35 ft: 239 corp: 108/2051b lim: 1126 exec/s: 0 rss: 35Mb L: 24/34 MS: 1 CrossOver-
#155851	NEW    cov: 47 ft: 291 corp: 109/2075b lim: 1166 exec/s: 0 rss: 35Mb L: 24/34 MS: 2 ShuffleBytes-ChangeBit-
#156757	NEW    cov: 47 ft: 294 corp: 110/2099b lim: 1166 exec/s: 0 rss: 35Mb L: 24/34 MS: 1 ChangeBit-
#163418	NEW    cov: 49 ft: 302 corp: 111/2123b lim: 1226 exec/s: 0 rss: 35Mb L: 24/34 MS: 1 CopyPart-
#166335	REDUCE cov: 49 ft: 302 corp: 111/2121b lim: 1246 exec/s: 0 rss: 35Mb L: 16/34 MS: 2 ChangeBinInt-EraseBytes-
#166431	NEW    cov: 49 ft: 303 corp: 112/2145b lim: 1246 exec/s: 0 rss: 35Mb L: 24/34 MS: 1 ChangeBit-
#166871	REDUCE cov: 49 ft: 303 corp: 112/2141b lim: 1246 exec/s: 0 rss: 35Mb L: 16/34 MS: 5 CrossOver-EraseBytes-ChangeBinInt-InsertByte-InsertByte-
#168752	NEW    cov: 49 ft: 304 corp: 113/2165b lim: 1256 exec/s: 0 rss: 35Mb L: 24/34 MS: 1 ChangeBit-
#171477	REDUCE cov: 49 ft: 304 corp: 113/2161b lim: 1276 exec/s: 0 rss: 35Mb L: 16/34 MS: 5 ShuffleBytes-InsertRepeatedBytes-EraseBytes-CrossOver-EraseBytes-
#200830	REDUCE cov: 49 ft: 304 corp: 113/2159b lim: 1566 exec/s: 0 rss: 35Mb L: 16/34 MS: 3 ChangeASCIIInt-ChangeByte-EraseBytes-
#235477	REDUCE cov: 49 ft: 304 corp: 113/2157b lim: 1906 exec/s: 0 rss: 35Mb L: 16/34 MS: 2 CopyPart-EraseBytes-
#241133	NEW    cov: 49 ft: 305 corp: 114/2181b lim: 1956 exec/s: 0 rss: 35Mb L: 24/34 MS: 1 ChangeBit-
#241520	NEW    cov: 49 ft: 306 corp: 115/2199b lim: 1956 exec/s: 0 rss: 35Mb L: 18/34 MS: 2 ChangeASCIIInt-ChangeASCIIInt-
#243131	NEW    cov: 49 ft: 307 corp: 116/2223b lim: 1966 exec/s: 0 rss: 35Mb L: 24/34 MS: 1 ShuffleBytes-
#243302	NEW    cov: 49 ft: 308 corp: 117/2247b lim: 1966 exec/s: 0 rss: 35Mb L: 24/34 MS: 1 ShuffleBytes-
#245263	NEW    cov: 49 ft: 309 corp: 118/2271b lim: 1976 exec/s: 0 rss: 35Mb L: 24/34 MS: 1 ChangeBinInt-
#254095	REDUCE cov: 49 ft: 309 corp: 118/2269b lim: 2056 exec/s: 0 rss: 35Mb L: 16/34 MS: 2 EraseBytes-ChangeBinInt-
#256448	NEW    cov: 49 ft: 310 corp: 119/2292b lim: 2078 exec/s: 0 rss: 35Mb L: 23/34 MS: 3 ChangeBinInt-EraseBytes-ShuffleBytes-
#280190	REDUCE cov: 49 ft: 310 corp: 119/2288b lim: 2309 exec/s: 0 rss: 35Mb L: 20/34 MS: 2 PersAutoDict-EraseBytes- DE: "\377\377\377\377"-
#281761	NEW    cov: 49 ft: 311 corp: 120/2312b lim: 2320 exec/s: 0 rss: 35Mb L: 24/34 MS: 1 ChangeBinInt-
#289837	NEW    cov: 49 ft: 313 corp: 121/2336b lim: 2397 exec/s: 0 rss: 35Mb L: 24/34 MS: 1 ChangeBit-
#297036	REDUCE cov: 49 ft: 313 corp: 121/2335b lim: 2463 exec/s: 0 rss: 35Mb L: 18/34 MS: 4 ChangeByte-EraseBytes-ChangeByte-ChangeBit-
#300368	REDUCE cov: 49 ft: 313 corp: 121/2333b lim: 2496 exec/s: 0 rss: 35Mb L: 18/34 MS: 2 EraseBytes-InsertByte-
#310099	NEW    cov: 49 ft: 314 corp: 122/2357b lim: 2584 exec/s: 0 rss: 35Mb L: 24/34 MS: 1 ShuffleBytes-
#310426	REDUCE cov: 49 ft: 314 corp: 122/2355b lim: 2584 exec/s: 0 rss: 35Mb L: 16/34 MS: 2 EraseBytes-ChangeByte-
#312253	REDUCE cov: 49 ft: 314 corp: 122/2352b lim: 2595 exec/s: 0 rss: 35Mb L: 15/34 MS: 2 ChangeBinInt-EraseBytes-
#315957	REDUCE cov: 49 ft: 314 corp: 122/2350b lim: 2628 exec/s: 0 rss: 35Mb L: 18/34 MS: 4 InsertByte-EraseBytes-EraseBytes-CMP- DE: "\377y"-
#316570	REDUCE cov: 49 ft: 314 corp: 122/2348b lim: 2628 exec/s: 0 rss: 35Mb L: 16/34 MS: 3 CrossOver-PersAutoDict-EraseBytes- DE: "\377\377"-
#326792	NEW    cov: 49 ft: 316 corp: 123/2372b lim: 2727 exec/s: 0 rss: 35Mb L: 24/34 MS: 2 ChangeBit-ChangeASCIIInt-
#328181	NEW    cov: 49 ft: 318 corp: 124/2396b lim: 2738 exec/s: 0 rss: 35Mb L: 24/34 MS: 4 ShuffleBytes-ChangeBit-ShuffleBytes-ShuffleBytes-
#347955	NEW    cov: 49 ft: 319 corp: 125/2423b lim: 2925 exec/s: 0 rss: 35Mb L: 27/34 MS: 4 CrossOver-CopyPart-PersAutoDict-EraseBytes- DE: "\377\377\377\377"-
#382266	NEW    cov: 50 ft: 325 corp: 126/2450b lim: 3266 exec/s: 0 rss: 35Mb L: 27/34 MS: 1 ChangeBinInt-
#385568	NEW    cov: 50 ft: 326 corp: 127/2468b lim: 3288 exec/s: 0 rss: 35Mb L: 18/34 MS: 2 ChangeBit-ChangeBit-
#404435	NEW    cov: 50 ft: 328 corp: 128/2492b lim: 3475 exec/s: 0 rss: 36Mb L: 24/34 MS: 2 ShuffleBytes-ChangeASCIIInt-
#405326	NEW    cov: 50 ft: 329 corp: 129/2516b lim: 3475 exec/s: 0 rss: 36Mb L: 24/34 MS: 1 ChangeBit-
#406382	NEW    cov: 50 ft: 330 corp: 130/2540b lim: 3475 exec/s: 0 rss: 36Mb L: 24/34 MS: 1 ChangeBit-
#407599	REDUCE cov: 50 ft: 330 corp: 130/2538b lim: 3486 exec/s: 0 rss: 36Mb L: 21/34 MS: 2 EraseBytes-PersAutoDict- DE: "\377\377"-
#413612	REDUCE cov: 50 ft: 330 corp: 130/2536b lim: 3541 exec/s: 413612 rss: 36Mb L: 19/34 MS: 2 EraseBytes-ChangeByte-
#468787	NEW    cov: 50 ft: 331 corp: 131/2554b lim: 4080 exec/s: 468787 rss: 36Mb L: 18/34 MS: 5 ChangeASCIIInt-InsertByte-ChangeASCIIInt-InsertByte-EraseBytes-
#469563	NEW    cov: 50 ft: 332 corp: 132/2578b lim: 4080 exec/s: 469563 rss: 36Mb L: 24/34 MS: 1 ChangeBit-
#517046	REDUCE cov: 50 ft: 332 corp: 132/2576b lim: 4096 exec/s: 517046 rss: 36Mb L: 16/34 MS: 3 ChangeBinInt-CMP-EraseBytes- DE: "U\000"-
#517722	NEW    cov: 50 ft: 334 corp: 133/2594b lim: 4096 exec/s: 517722 rss: 36Mb L: 18/34 MS: 1 ChangeBinInt-
#520750	REDUCE cov: 50 ft: 334 corp: 133/2592b lim: 4096 exec/s: 520750 rss: 36Mb L: 17/34 MS: 3 PersAutoDict-EraseBytes-ChangeBinInt- DE: "\377y"-
#538991	REDUCE cov: 50 ft: 335 corp: 134/2612b lim: 4096 exec/s: 538991 rss: 36Mb L: 20/34 MS: 1 ChangeBit-
#580968	REDUCE cov: 50 ft: 335 corp: 134/2610b lim: 4096 exec/s: 580968 rss: 36Mb L: 16/34 MS: 2 ChangeBit-EraseBytes-
#594056	REDUCE cov: 50 ft: 335 corp: 134/2608b lim: 4096 exec/s: 594056 rss: 36Mb L: 18/34 MS: 3 InsertByte-EraseBytes-InsertByte-
#602895	REDUCE cov: 50 ft: 335 corp: 134/2606b lim: 4096 exec/s: 602895 rss: 36Mb L: 16/34 MS: 4 EraseBytes-ShuffleBytes-ShuffleBytes-ChangeBinInt-
#614743	REDUCE cov: 50 ft: 335 corp: 134/2604b lim: 4096 exec/s: 614743 rss: 36Mb L: 16/34 MS: 3 CopyPart-EraseBytes-PersAutoDict- DE: "\377\377\377\377"-
#628695	NEW    cov: 50 ft: 336 corp: 135/2622b lim: 4096 exec/s: 628695 rss: 36Mb L: 18/34 MS: 2 CopyPart-ChangeByte-
#634736	NEW    cov: 50 ft: 337 corp: 136/2640b lim: 4096 exec/s: 634736 rss: 36Mb L: 18/34 MS: 1 ShuffleBytes-
#644407	NEW    cov: 50 ft: 339 corp: 137/2658b lim: 4096 exec/s: 644407 rss: 36Mb L: 18/34 MS: 1 ChangeBinInt-
#652538	NEW    cov: 50 ft: 340 corp: 138/2676b lim: 4096 exec/s: 652538 rss: 36Mb L: 18/34 MS: 1 ChangeBit-
#666804	NEW    cov: 50 ft: 341 corp: 139/2694b lim: 4096 exec/s: 666804 rss: 36Mb L: 18/34 MS: 1 ShuffleBytes-
#706535	NEW    cov: 50 ft: 342 corp: 140/2718b lim: 4096 exec/s: 706535 rss: 36Mb L: 24/34 MS: 1 ChangeBit-
#723820	NEW    cov: 50 ft: 344 corp: 141/2742b lim: 4096 exec/s: 723820 rss: 36Mb L: 24/34 MS: 5 CrossOver-ChangeASCIIInt-ShuffleBytes-ShuffleBytes-ChangeASCIIInt-
#734141	REDUCE cov: 50 ft: 345 corp: 142/2762b lim: 4096 exec/s: 734141 rss: 36Mb L: 20/34 MS: 1 ChangeBinInt-
#778091	REDUCE cov: 50 ft: 345 corp: 142/2760b lim: 4096 exec/s: 778091 rss: 36Mb L: 16/34 MS: 5 ChangeByte-InsertByte-ChangeASCIIInt-PersAutoDict-EraseBytes- DE: "\377\377\377\377"-
#786193	REDUCE cov: 50 ft: 345 corp: 142/2758b lim: 4096 exec/s: 786193 rss: 36Mb L: 22/34 MS: 2 ChangeByte-EraseBytes-
#830606	NEW    cov: 50 ft: 346 corp: 143/2776b lim: 4096 exec/s: 830606 rss: 36Mb L: 18/34 MS: 3 ChangeByte-ShuffleBytes-ChangeByte-
#830754	REDUCE cov: 50 ft: 346 corp: 143/2774b lim: 4096 exec/s: 830754 rss: 36Mb L: 18/34 MS: 3 ShuffleBytes-InsertByte-EraseBytes-
#833026	NEW    cov: 50 ft: 347 corp: 144/2792b lim: 4096 exec/s: 833026 rss: 36Mb L: 18/34 MS: 2 CopyPart-ChangeByte-
#836345	REDUCE cov: 50 ft: 347 corp: 144/2790b lim: 4096 exec/s: 836345 rss: 36Mb L: 15/34 MS: 4 ChangeBit-CopyPart-EraseBytes-CopyPart-
#848681	NEW    cov: 50 ft: 348 corp: 145/2808b lim: 4096 exec/s: 848681 rss: 36Mb L: 18/34 MS: 1 CopyPart-
#849572	NEW    cov: 50 ft: 349 corp: 146/2826b lim: 4096 exec/s: 849572 rss: 36Mb L: 18/34 MS: 1 ShuffleBytes-
#852599	NEW    cov: 50 ft: 350 corp: 147/2844b lim: 4096 exec/s: 852599 rss: 36Mb L: 18/34 MS: 2 ChangeByte-CopyPart-
#859710	NEW    cov: 50 ft: 351 corp: 148/2862b lim: 4096 exec/s: 429855 rss: 36Mb L: 18/34 MS: 1 ChangeBit-
#875441	NEW    cov: 50 ft: 352 corp: 149/2880b lim: 4096 exec/s: 437720 rss: 36Mb L: 18/34 MS: 1 CrossOver-
#895739	REDUCE cov: 50 ft: 352 corp: 149/2878b lim: 4096 exec/s: 447869 rss: 36Mb L: 18/34 MS: 3 PersAutoDict-EraseBytes-ChangeBinInt- DE: "\377\377"-
#896290	NEW    cov: 50 ft: 353 corp: 150/2896b lim: 4096 exec/s: 448145 rss: 36Mb L: 18/34 MS: 1 CopyPart-
#907721	NEW    cov: 50 ft: 354 corp: 151/2914b lim: 4096 exec/s: 453860 rss: 36Mb L: 18/34 MS: 1 CopyPart-
#907828	NEW    cov: 50 ft: 355 corp: 152/2933b lim: 4096 exec/s: 453914 rss: 36Mb L: 19/34 MS: 2 ChangeBit-InsertByte-
#910225	NEW    cov: 50 ft: 356 corp: 153/2952b lim: 4096 exec/s: 455112 rss: 36Mb L: 19/34 MS: 2 CopyPart-EraseBytes-
#910591	NEW    cov: 50 ft: 357 corp: 154/2971b lim: 4096 exec/s: 455295 rss: 36Mb L: 19/34 MS: 1 ChangeBit-
#910722	NEW    cov: 50 ft: 358 corp: 155/2990b lim: 4096 exec/s: 455361 rss: 36Mb L: 19/34 MS: 1 ChangeByte-
#911849	REDUCE cov: 50 ft: 358 corp: 155/2988b lim: 4096 exec/s: 455924 rss: 36Mb L: 17/34 MS: 2 PersAutoDict-EraseBytes- DE: "\377\377"-
#929530	NEW    cov: 50 ft: 360 corp: 156/3007b lim: 4096 exec/s: 464765 rss: 36Mb L: 19/34 MS: 1 CopyPart-
#932131	NEW    cov: 50 ft: 361 corp: 157/3026b lim: 4096 exec/s: 466065 rss: 36Mb L: 19/34 MS: 1 ChangeBit-
#932279	NEW    cov: 50 ft: 362 corp: 158/3045b lim: 4096 exec/s: 466139 rss: 36Mb L: 19/34 MS: 3 ShuffleBytes-ShuffleBytes-ShuffleBytes-
#932635	REDUCE cov: 50 ft: 362 corp: 158/3044b lim: 4096 exec/s: 466317 rss: 36Mb L: 18/34 MS: 1 EraseBytes-
#934846	REDUCE cov: 50 ft: 363 corp: 159/3062b lim: 4096 exec/s: 467423 rss: 36Mb L: 18/34 MS: 1 CopyPart-
#935332	NEW    cov: 50 ft: 364 corp: 160/3081b lim: 4096 exec/s: 467666 rss: 36Mb L: 19/34 MS: 1 ChangeASCIIInt-
#937085	REDUCE cov: 50 ft: 364 corp: 160/3079b lim: 4096 exec/s: 468542 rss: 36Mb L: 16/34 MS: 3 ChangeByte-ShuffleBytes-EraseBytes-
#946572	REDUCE cov: 50 ft: 364 corp: 160/3078b lim: 4096 exec/s: 473286 rss: 36Mb L: 18/34 MS: 2 CrossOver-EraseBytes-
#949858	NEW    cov: 50 ft: 365 corp: 161/3096b lim: 4096 exec/s: 474929 rss: 36Mb L: 18/34 MS: 1 ChangeASCIIInt-
#970989	NEW    cov: 50 ft: 366 corp: 162/3115b lim: 4096 exec/s: 485494 rss: 36Mb L: 19/34 MS: 1 CrossOver-
#971295	NEW    cov: 50 ft: 367 corp: 163/3134b lim: 4096 exec/s: 485647 rss: 36Mb L: 19/34 MS: 1 CrossOver-
#997576	REDUCE cov: 50 ft: 367 corp: 163/3133b lim: 4096 exec/s: 498788 rss: 36Mb L: 18/34 MS: 1 EraseBytes-
#1012692	REDUCE cov: 50 ft: 367 corp: 163/3132b lim: 4096 exec/s: 506346 rss: 36Mb L: 18/34 MS: 1 EraseBytes-
#1027791	REDUCE cov: 50 ft: 367 corp: 163/3131b lim: 4096 exec/s: 513895 rss: 36Mb L: 18/34 MS: 4 EraseBytes-ChangeASCIIInt-ChangeBit-InsertByte-
#1037507	REDUCE cov: 50 ft: 367 corp: 163/3130b lim: 4096 exec/s: 518753 rss: 36Mb L: 18/34 MS: 1 EraseBytes-
#1047799	REDUCE cov: 50 ft: 367 corp: 163/3128b lim: 4096 exec/s: 523899 rss: 36Mb L: 16/34 MS: 2 EraseBytes-InsertByte-
#1048576	pulse  cov: 50 ft: 367 corp: 163/3128b lim: 4096 exec/s: 524288 rss: 36Mb
#1049970	REDUCE cov: 50 ft: 367 corp: 163/3127b lim: 4096 exec/s: 524985 rss: 36Mb L: 18/34 MS: 1 EraseBytes-
#1090447	REDUCE cov: 50 ft: 367 corp: 163/3125b lim: 4096 exec/s: 545223 rss: 36Mb L: 16/34 MS: 2 EraseBytes-ChangeBit-
#1094786	REDUCE cov: 50 ft: 367 corp: 163/3123b lim: 4096 exec/s: 547393 rss: 36Mb L: 16/34 MS: 4 PersAutoDict-EraseBytes-ChangeBit-ChangeBinInt- DE: "\000\000\000\000"-
#1095674	REDUCE cov: 50 ft: 367 corp: 163/3121b lim: 4096 exec/s: 547837 rss: 36Mb L: 16/34 MS: 3 InsertByte-ChangeBit-EraseBytes-
#1096065	REDUCE cov: 50 ft: 367 corp: 163/3120b lim: 4096 exec/s: 548032 rss: 36Mb L: 18/34 MS: 1 EraseBytes-
#1101481	REDUCE cov: 50 ft: 368 corp: 164/3138b lim: 4096 exec/s: 550740 rss: 36Mb L: 18/34 MS: 1 ChangeASCIIInt-
#1146012	REDUCE cov: 50 ft: 368 corp: 164/3137b lim: 4096 exec/s: 573006 rss: 36Mb L: 18/34 MS: 1 EraseBytes-
#1153240	NEW    cov: 50 ft: 370 corp: 165/3161b lim: 4096 exec/s: 576620 rss: 36Mb L: 24/34 MS: 3 CrossOver-ChangeBinInt-ChangeBit-
#1250200	REDUCE cov: 50 ft: 370 corp: 165/3159b lim: 4096 exec/s: 625100 rss: 36Mb L: 16/34 MS: 5 ChangeASCIIInt-ShuffleBytes-CrossOver-ChangeBit-EraseBytes-
#1261312	REDUCE cov: 50 ft: 370 corp: 165/3157b lim: 4096 exec/s: 630656 rss: 36Mb L: 16/34 MS: 2 CopyPart-EraseBytes-
#1304546	REDUCE cov: 50 ft: 370 corp: 165/3151b lim: 4096 exec/s: 434848 rss: 36Mb L: 18/34 MS: 4 CrossOver-ShuffleBytes-CMP-EraseBytes- DE: "\000\000\000\000\000\000\000\017"-
#1309574	REDUCE cov: 50 ft: 371 corp: 166/3167b lim: 4096 exec/s: 436524 rss: 36Mb L: 16/34 MS: 3 ChangeBinInt-ChangeBit-ChangeBinInt-
#1313366	REDUCE cov: 50 ft: 371 corp: 166/3166b lim: 4096 exec/s: 437788 rss: 36Mb L: 15/34 MS: 2 EraseBytes-InsertByte-
#1317663	REDUCE cov: 50 ft: 372 corp: 167/3181b lim: 4096 exec/s: 439221 rss: 36Mb L: 15/34 MS: 2 ChangeBinInt-CMP- DE: "\026\000\000\000\000\000\000\000"-
#1321130	NEW    cov: 50 ft: 374 corp: 168/3205b lim: 4096 exec/s: 440376 rss: 36Mb L: 24/34 MS: 2 CopyPart-ChangeBinInt-
#1328513	REDUCE cov: 50 ft: 374 corp: 168/3203b lim: 4096 exec/s: 442837 rss: 36Mb L: 20/34 MS: 3 ShuffleBytes-EraseBytes-PersAutoDict- DE: "\377y"-
#1353565	REDUCE cov: 50 ft: 374 corp: 168/3201b lim: 4096 exec/s: 451188 rss: 36Mb L: 22/34 MS: 2 EraseBytes-ChangeByte-
#1391937	REDUCE cov: 50 ft: 374 corp: 168/3199b lim: 4096 exec/s: 463979 rss: 36Mb L: 16/34 MS: 2 ChangeBit-EraseBytes-
#1425523	NEW    cov: 50 ft: 376 corp: 169/3223b lim: 4096 exec/s: 475174 rss: 36Mb L: 24/34 MS: 1 CopyPart-
#1508338	REDUCE cov: 50 ft: 380 corp: 170/3247b lim: 4096 exec/s: 502779 rss: 36Mb L: 24/34 MS: 5 InsertRepeatedBytes-ChangeBit-ChangeByte-ChangeBinInt-CrossOver-
#1576706	NEW    cov: 50 ft: 382 corp: 171/3271b lim: 4096 exec/s: 525568 rss: 36Mb L: 24/34 MS: 3 ChangeBit-ChangeByte-ShuffleBytes-
#1747813	REDUCE cov: 50 ft: 382 corp: 171/3269b lim: 4096 exec/s: 582604 rss: 36Mb L: 16/34 MS: 2 CopyPart-EraseBytes-
#1749210	NEW    cov: 50 ft: 384 corp: 172/3293b lim: 4096 exec/s: 583070 rss: 36Mb L: 24/34 MS: 2 ShuffleBytes-ChangeBit-
#1833453	NEW    cov: 50 ft: 386 corp: 173/3317b lim: 4096 exec/s: 458363 rss: 36Mb L: 24/34 MS: 3 ChangeASCIIInt-ChangeASCIIInt-ChangeASCIIInt-
#1920205	REDUCE cov: 50 ft: 386 corp: 173/3315b lim: 4096 exec/s: 480051 rss: 36Mb L: 18/34 MS: 2 EraseBytes-ChangeBit-
#1952198	REDUCE cov: 50 ft: 386 corp: 173/3313b lim: 4096 exec/s: 488049 rss: 36Mb L: 18/34 MS: 3 EraseBytes-InsertByte-PersAutoDict- DE: "\377\377"-
#2097152	pulse  cov: 50 ft: 386 corp: 173/3313b lim: 4096 exec/s: 524288 rss: 36Mb
#2140859	NEW    cov: 50 ft: 389 corp: 174/3337b lim: 4096 exec/s: 535214 rss: 36Mb L: 24/34 MS: 1 ChangeByte-
#2174361	REDUCE cov: 50 ft: 389 corp: 174/3335b lim: 4096 exec/s: 543590 rss: 36Mb L: 16/34 MS: 2 EraseBytes-PersAutoDict- DE: "\377\377\377\377"-
#2178364	REDUCE cov: 50 ft: 389 corp: 174/3333b lim: 4096 exec/s: 544591 rss: 36Mb L: 18/34 MS: 3 EraseBytes-ShuffleBytes-ChangeBinInt-
#2831183	REDUCE cov: 50 ft: 389 corp: 174/3331b lim: 4096 exec/s: 471863 rss: 36Mb L: 16/34 MS: 4 ChangeBinInt-PersAutoDict-InsertByte-EraseBytes- DE: "\001\000\000\000"-
#2903882	REDUCE cov: 50 ft: 389 corp: 174/3329b lim: 4096 exec/s: 483980 rss: 36Mb L: 16/34 MS: 4 ChangeByte-EraseBytes-InsertByte-InsertByte-
#3150249	REDUCE cov: 50 ft: 389 corp: 174/3327b lim: 4096 exec/s: 450035 rss: 36Mb L: 16/34 MS: 2 ChangeBinInt-EraseBytes-
#3281656	REDUCE cov: 50 ft: 389 corp: 174/3325b lim: 4096 exec/s: 468808 rss: 36Mb L: 16/34 MS: 2 EraseBytes-InsertByte-
#3373165	REDUCE cov: 50 ft: 389 corp: 174/3323b lim: 4096 exec/s: 481880 rss: 36Mb L: 15/34 MS: 4 ChangeByte-ChangeBit-EraseBytes-CopyPart-
#3504157	REDUCE cov: 50 ft: 389 corp: 174/3321b lim: 4096 exec/s: 500593 rss: 36Mb L: 16/34 MS: 2 EraseBytes-InsertByte-
#3605073	REDUCE cov: 50 ft: 389 corp: 174/3320b lim: 4096 exec/s: 450634 rss: 36Mb L: 18/34 MS: 1 EraseBytes-
#3653091	REDUCE cov: 50 ft: 389 corp: 174/3318b lim: 4096 exec/s: 456636 rss: 36Mb L: 16/34 MS: 3 EraseBytes-ChangeBinInt-CopyPart-
#3801845	REDUCE cov: 50 ft: 389 corp: 174/3316b lim: 4096 exec/s: 475230 rss: 36Mb L: 16/34 MS: 4 CMP-PersAutoDict-EraseBytes-InsertByte- DE: "\010\000\000\000\000\000\000\000"-"\377\377"-
#3856492	NEW    cov: 50 ft: 391 corp: 175/3340b lim: 4096 exec/s: 482061 rss: 36Mb L: 24/34 MS: 2 ChangeBinInt-ShuffleBytes-
#3910845	REDUCE cov: 50 ft: 391 corp: 175/3334b lim: 4096 exec/s: 488855 rss: 36Mb L: 16/34 MS: 3 CopyPart-ShuffleBytes-EraseBytes-
#4194304	pulse  cov: 50 ft: 391 corp: 175/3334b lim: 4096 exec/s: 466033 rss: 36Mb
#4216342	REDUCE cov: 50 ft: 391 corp: 175/3332b lim: 4096 exec/s: 468482 rss: 36Mb L: 16/34 MS: 2 ChangeBinInt-EraseBytes-
#4421963	NEW    cov: 50 ft: 392 corp: 176/3366b lim: 4096 exec/s: 491329 rss: 37Mb L: 34/34 MS: 1 InsertRepeatedBytes-
#4422334	REDUCE cov: 50 ft: 392 corp: 176/3365b lim: 4096 exec/s: 491370 rss: 37Mb L: 33/34 MS: 1 EraseBytes-
#4451620	NEW    cov: 50 ft: 394 corp: 177/3389b lim: 4096 exec/s: 494624 rss: 37Mb L: 24/34 MS: 1 ChangeBit-
#4517433	REDUCE cov: 50 ft: 395 corp: 178/3407b lim: 4096 exec/s: 451743 rss: 37Mb L: 18/34 MS: 3 ChangeBit-ChangeBinInt-ChangeASCIIInt-
#4581054	REDUCE cov: 50 ft: 395 corp: 178/3406b lim: 4096 exec/s: 458105 rss: 37Mb L: 32/34 MS: 1 EraseBytes-
#4837548	REDUCE cov: 50 ft: 395 corp: 178/3404b lim: 4096 exec/s: 483754 rss: 37Mb L: 22/34 MS: 4 ChangeBinInt-ChangeByte-EraseBytes-InsertByte-
#4879592	REDUCE cov: 50 ft: 395 corp: 178/3402b lim: 4096 exec/s: 487959 rss: 37Mb L: 16/34 MS: 4 EraseBytes-ChangeBit-ShuffleBytes-CMP- DE: "\377\377\3778"-
#5103106	REDUCE cov: 50 ft: 395 corp: 178/3400b lim: 4096 exec/s: 463918 rss: 37Mb L: 22/34 MS: 4 ChangeBit-CopyPart-ChangeByte-EraseBytes-
#5146439	REDUCE cov: 50 ft: 395 corp: 178/3398b lim: 4096 exec/s: 467858 rss: 37Mb L: 16/34 MS: 3 ChangeBinInt-PersAutoDict-EraseBytes- DE: "\377\377\377\377"-
#5300099	REDUCE cov: 50 ft: 395 corp: 178/3396b lim: 4096 exec/s: 481827 rss: 37Mb L: 16/34 MS: 5 ShuffleBytes-ShuffleBytes-CopyPart-EraseBytes-PersAutoDict- DE: "\377\377"-
#5317807	REDUCE cov: 50 ft: 395 corp: 178/3394b lim: 4096 exec/s: 483437 rss: 37Mb L: 16/34 MS: 3 InsertByte-ChangeBinInt-EraseBytes-
#5318451	REDUCE cov: 50 ft: 395 corp: 178/3393b lim: 4096 exec/s: 483495 rss: 37Mb L: 15/34 MS: 4 ChangeByte-EraseBytes-InsertByte-ChangeBit-
#5381690	REDUCE cov: 50 ft: 395 corp: 178/3391b lim: 4096 exec/s: 448474 rss: 37Mb L: 16/34 MS: 4 ShuffleBytes-CrossOver-EraseBytes-ChangeByte-
#5980327	REDUCE cov: 50 ft: 395 corp: 178/3389b lim: 4096 exec/s: 460025 rss: 37Mb L: 16/34 MS: 2 EraseBytes-ChangeByte-
#6358634	REDUCE cov: 50 ft: 395 corp: 178/3387b lim: 4096 exec/s: 454188 rss: 37Mb L: 20/34 MS: 2 EraseBytes-InsertByte-
#6558951	REDUCE cov: 50 ft: 395 corp: 178/3385b lim: 4096 exec/s: 468496 rss: 37Mb L: 16/34 MS: 2 EraseBytes-ChangeBinInt-
#6730621	REDUCE cov: 50 ft: 396 corp: 179/3412b lim: 4096 exec/s: 448708 rss: 37Mb L: 27/34 MS: 5 CopyPart-CMP-ChangeByte-ChangeBit-ChangeBit- DE: "\377\377\377\377\377\377\377\016"-
#6730979	REDUCE cov: 50 ft: 396 corp: 179/3402b lim: 4096 exec/s: 448731 rss: 37Mb L: 17/34 MS: 3 CrossOver-ChangeByte-EraseBytes-
#6731626	REDUCE cov: 50 ft: 396 corp: 179/3401b lim: 4096 exec/s: 448775 rss: 37Mb L: 16/34 MS: 2 EraseBytes-PersAutoDict- DE: "\000\000\000\000"-
#6735288	REDUCE cov: 50 ft: 396 corp: 179/3400b lim: 4096 exec/s: 449019 rss: 37Mb L: 15/34 MS: 2 EraseBytes-PersAutoDict- DE: "\000\000\000\000"-
#6799450	REDUCE cov: 50 ft: 396 corp: 179/3398b lim: 4096 exec/s: 453296 rss: 37Mb L: 16/34 MS: 2 EraseBytes-PersAutoDict- DE: "\377\377\377\377"-
#6992132	REDUCE cov: 50 ft: 396 corp: 179/3396b lim: 4096 exec/s: 466142 rss: 37Mb L: 16/34 MS: 2 EraseBytes-ChangeBinInt-
#7163749	REDUCE cov: 50 ft: 396 corp: 179/3394b lim: 4096 exec/s: 447734 rss: 37Mb L: 16/34 MS: 2 EraseBytes-InsertByte-
#7336234	REDUCE cov: 50 ft: 398 corp: 180/3420b lim: 4096 exec/s: 458514 rss: 37Mb L: 26/34 MS: 5 CrossOver-ShuffleBytes-CopyPart-EraseBytes-CopyPart-
#7336570	REDUCE cov: 50 ft: 398 corp: 180/3417b lim: 4096 exec/s: 458535 rss: 37Mb L: 23/34 MS: 1 EraseBytes-
#7434336	REDUCE cov: 50 ft: 398 corp: 180/3416b lim: 4096 exec/s: 464646 rss: 37Mb L: 22/34 MS: 1 EraseBytes-
#7463018	REDUCE cov: 50 ft: 398 corp: 180/3414b lim: 4096 exec/s: 466438 rss: 37Mb L: 16/34 MS: 2 EraseBytes-CrossOver-
#7566654	REDUCE cov: 50 ft: 398 corp: 180/3413b lim: 4096 exec/s: 472915 rss: 37Mb L: 21/34 MS: 1 EraseBytes-
#7613675	NEW    cov: 50 ft: 399 corp: 181/3437b lim: 4096 exec/s: 447863 rss: 37Mb L: 24/34 MS: 1 CrossOver-
#7641019	REDUCE cov: 50 ft: 399 corp: 181/3435b lim: 4096 exec/s: 449471 rss: 37Mb L: 16/34 MS: 4 InsertByte-ChangeBinInt-ChangeBit-EraseBytes-
#7774642	NEW    cov: 50 ft: 400 corp: 182/3459b lim: 4096 exec/s: 457331 rss: 37Mb L: 24/34 MS: 3 CopyPart-ShuffleBytes-CrossOver-
#7945799	NEW    cov: 50 ft: 402 corp: 183/3483b lim: 4096 exec/s: 467399 rss: 37Mb L: 24/34 MS: 2 CopyPart-ChangeASCIIInt-
#8144751	REDUCE cov: 50 ft: 402 corp: 183/3481b lim: 4096 exec/s: 452486 rss: 37Mb L: 20/34 MS: 2 EraseBytes-ChangeByte-
#8201835	NEW    cov: 50 ft: 403 corp: 184/3505b lim: 4096 exec/s: 455657 rss: 37Mb L: 24/34 MS: 4 ChangeBit-ChangeBit-ShuffleBytes-ChangeASCIIInt-
#8388608	pulse  cov: 50 ft: 403 corp: 184/3505b lim: 4096 exec/s: 466033 rss: 37Mb
#8722514	REDUCE cov: 50 ft: 403 corp: 184/3503b lim: 4096 exec/s: 459079 rss: 37Mb L: 18/34 MS: 4 ChangeByte-CrossOver-CrossOver-EraseBytes-
#9222578	REDUCE cov: 50 ft: 404 corp: 185/3524b lim: 4096 exec/s: 461128 rss: 37Mb L: 21/34 MS: 4 CopyPart-ShuffleBytes-CopyPart-CopyPart-
#9236115	REDUCE cov: 50 ft: 404 corp: 185/3522b lim: 4096 exec/s: 461805 rss: 37Mb L: 22/34 MS: 2 EraseBytes-InsertByte-
#9601097	REDUCE cov: 50 ft: 404 corp: 185/3520b lim: 4096 exec/s: 457195 rss: 37Mb L: 20/34 MS: 2 ChangeBit-EraseBytes-
#10568085	REDUCE cov: 50 ft: 404 corp: 185/3518b lim: 4096 exec/s: 459481 rss: 37Mb L: 22/34 MS: 3 PersAutoDict-EraseBytes-ChangeBit- DE: "\010\000\000\000\000\000\000\000"-
#11429016	NEW    cov: 50 ft: 405 corp: 186/3536b lim: 4096 exec/s: 457160 rss: 37Mb L: 18/34 MS: 1 ChangeASCIIInt-
#11436262	NEW    cov: 50 ft: 406 corp: 187/3554b lim: 4096 exec/s: 457450 rss: 37Mb L: 18/34 MS: 1 ChangeASCIIInt-
#11437514	NEW    cov: 50 ft: 407 corp: 188/3572b lim: 4096 exec/s: 457500 rss: 37Mb L: 18/34 MS: 2 ShuffleBytes-ChangeBit-
#11463331	REDUCE cov: 50 ft: 409 corp: 189/3590b lim: 4096 exec/s: 458533 rss: 37Mb L: 18/34 MS: 2 EraseBytes-ShuffleBytes-
#11485748	NEW    cov: 50 ft: 410 corp: 190/3608b lim: 4096 exec/s: 459429 rss: 37Mb L: 18/34 MS: 2 ShuffleBytes-CopyPart-
#12596883	REDUCE cov: 50 ft: 410 corp: 190/3606b lim: 4096 exec/s: 449888 rss: 37Mb L: 16/34 MS: 5 CopyPart-ChangeBinInt-EraseBytes-EraseBytes-ChangeBinInt-
#12809581	REDUCE cov: 50 ft: 410 corp: 190/3604b lim: 4096 exec/s: 457485 rss: 37Mb L: 20/34 MS: 3 ChangeBit-CMP-EraseBytes- DE: "\377\377\377y"-
#13258169	REDUCE cov: 50 ft: 410 corp: 190/3598b lim: 4096 exec/s: 457178 rss: 37Mb L: 18/34 MS: 3 CopyPart-CopyPart-EraseBytes-
#13668351	NEW    cov: 50 ft: 411 corp: 191/3622b lim: 4096 exec/s: 455611 rss: 37Mb L: 24/34 MS: 2 ChangeBinInt-CopyPart-
#13784157	NEW    cov: 50 ft: 412 corp: 192/3646b lim: 4096 exec/s: 459471 rss: 37Mb L: 24/34 MS: 1 ChangeBit-
#13829728	NEW    cov: 50 ft: 413 corp: 193/3670b lim: 4096 exec/s: 460990 rss: 37Mb L: 24/34 MS: 1 ChangeBit-
#13966341	REDUCE cov: 50 ft: 413 corp: 193/3668b lim: 4096 exec/s: 450527 rss: 37Mb L: 16/34 MS: 3 InsertByte-EraseBytes-ChangeBinInt-
#14609898	REDUCE cov: 50 ft: 413 corp: 193/3662b lim: 4096 exec/s: 456559 rss: 37Mb L: 18/34 MS: 2 EraseBytes-InsertByte-
#15570026	REDUCE cov: 50 ft: 413 corp: 193/3660b lim: 4096 exec/s: 457941 rss: 37Mb L: 16/34 MS: 3 ChangeByte-ShuffleBytes-EraseBytes-
#15862030	REDUCE cov: 50 ft: 413 corp: 193/3659b lim: 4096 exec/s: 453200 rss: 37Mb L: 15/34 MS: 4 EraseBytes-ChangeBinInt-CrossOver-ChangeBit-
#16777216	pulse  cov: 50 ft: 413 corp: 193/3659b lim: 4096 exec/s: 453438 rss: 37Mb
#17158342	REDUCE cov: 50 ft: 413 corp: 193/3657b lim: 4096 exec/s: 451535 rss: 37Mb L: 16/34 MS: 2 PersAutoDict-EraseBytes- DE: "\377\377\377y"-
#17666494	REDUCE cov: 50 ft: 413 corp: 193/3655b lim: 4096 exec/s: 452987 rss: 37Mb L: 16/34 MS: 2 ChangeBinInt-EraseBytes-
#17705421	REDUCE cov: 50 ft: 413 corp: 193/3653b lim: 4096 exec/s: 453985 rss: 37Mb L: 16/34 MS: 2 EraseBytes-ChangeByte-
#18553974	REDUCE cov: 50 ft: 413 corp: 193/3652b lim: 4096 exec/s: 452535 rss: 37Mb L: 15/34 MS: 3 EraseBytes-InsertByte-ChangeByte-
#19234133	NEW    cov: 50 ft: 414 corp: 194/3676b lim: 4096 exec/s: 457955 rss: 37Mb L: 24/34 MS: 4 CopyPart-ChangeBit-CopyPart-ChangeBit-
#19567156	REDUCE cov: 50 ft: 414 corp: 194/3675b lim: 4096 exec/s: 455050 rss: 37Mb L: 15/34 MS: 3 ChangeBit-ChangeBinInt-EraseBytes-
#20393224	REDUCE cov: 50 ft: 414 corp: 194/3671b lim: 4096 exec/s: 453182 rss: 37Mb L: 18/34 MS: 3 CopyPart-ChangeBinInt-EraseBytes-
#20533568	REDUCE cov: 50 ft: 414 corp: 194/3669b lim: 4096 exec/s: 456301 rss: 37Mb L: 16/34 MS: 4 InsertRepeatedBytes-ChangeBit-ShuffleBytes-EraseBytes-
#20701316	REDUCE cov: 50 ft: 414 corp: 194/3667b lim: 4096 exec/s: 450028 rss: 37Mb L: 16/34 MS: 3 PersAutoDict-CMP-EraseBytes- DE: "\377\377\377\377\377\377\377\016"-"\377/"-
#25636218	NEW    cov: 50 ft: 420 corp: 195/3697b lim: 4096 exec/s: 449758 rss: 37Mb L: 30/34 MS: 2 CopyPart-ChangeBinInt-
#25687454	NEW    cov: 50 ft: 421 corp: 196/3727b lim: 4096 exec/s: 450657 rss: 37Mb L: 30/34 MS: 1 ChangeByte-
#33554432	pulse  cov: 50 ft: 421 corp: 196/3727b lim: 4096 exec/s: 447392 rss: 37Mb
#33577327	REDUCE cov: 50 ft: 421 corp: 196/3725b lim: 4096 exec/s: 447697 rss: 37Mb L: 16/34 MS: 3 EraseBytes-PersAutoDict-ChangeBinInt- DE: "\377\377"-
#33676571	REDUCE cov: 50 ft: 421 corp: 196/3723b lim: 4096 exec/s: 449020 rss: 37Mb L: 16/34 MS: 4 ShuffleBytes-InsertByte-PersAutoDict-EraseBytes- DE: "\377\377\377\377\377\377\377\016"-
#37712404	REDUCE cov: 50 ft: 421 corp: 196/3720b lim: 4096 exec/s: 448957 rss: 37Mb L: 15/34 MS: 3 ChangeBit-ChangeBit-EraseBytes-
#48524247	REDUCE cov: 50 ft: 424 corp: 197/3735b lim: 4096 exec/s: 449298 rss: 37Mb L: 15/34 MS: 3 ChangeBinInt-ShuffleBytes-ChangeBit-
#48606397	REDUCE cov: 50 ft: 424 corp: 197/3734b lim: 4096 exec/s: 445930 rss: 37Mb L: 15/34 MS: 5 InsertByte-CrossOver-ChangeBit-EraseBytes-EraseBytes-
#49042854	NEW    cov: 50 ft: 425 corp: 198/3758b lim: 4096 exec/s: 445844 rss: 37Mb L: 24/34 MS: 2 CopyPart-CopyPart-
#52475597	REDUCE cov: 50 ft: 425 corp: 198/3756b lim: 4096 exec/s: 448509 rss: 37Mb L: 16/34 MS: 3 ChangeASCIIInt-EraseBytes-CrossOver-
#55902344	REDUCE cov: 50 ft: 425 corp: 198/3755b lim: 4096 exec/s: 447218 rss: 37Mb L: 15/34 MS: 2 ChangeBit-EraseBytes-
#56959692	REDUCE cov: 50 ft: 425 corp: 198/3749b lim: 4096 exec/s: 444997 rss: 37Mb L: 18/34 MS: 3 InsertByte-CrossOver-EraseBytes-
#58836771	REDUCE cov: 50 ft: 425 corp: 198/3747b lim: 4096 exec/s: 445733 rss: 37Mb L: 20/34 MS: 4 ChangeBinInt-InsertByte-InsertByte-EraseBytes-
#59386916	REDUCE cov: 50 ft: 425 corp: 198/3745b lim: 4096 exec/s: 446518 rss: 37Mb L: 18/34 MS: 5 InsertByte-InsertByte-CopyPart-ChangeBit-EraseBytes-
#62414609	REDUCE cov: 50 ft: 425 corp: 198/3739b lim: 4096 exec/s: 445818 rss: 37Mb L: 18/34 MS: 3 EraseBytes-ShuffleBytes-ChangeBinInt-
#64446522	REDUCE cov: 50 ft: 425 corp: 198/3737b lim: 4096 exec/s: 447545 rss: 37Mb L: 16/34 MS: 3 CMP-CrossOver-EraseBytes- DE: "\377\377\377\377\377\377\377\016"-
#66682982	REDUCE cov: 50 ft: 425 corp: 198/3728b lim: 4096 exec/s: 444553 rss: 37Mb L: 15/34 MS: 5 ChangeByte-ChangeASCIIInt-ShuffleBytes-EraseBytes-ChangeBinInt-
#67108864	pulse  cov: 50 ft: 425 corp: 198/3728b lim: 4096 exec/s: 447392 rss: 37Mb
#68504114	REDUCE cov: 50 ft: 425 corp: 198/3726b lim: 4096 exec/s: 444831 rss: 37Mb L: 16/34 MS: 2 EraseBytes-ChangeByte-
#78435301	REDUCE cov: 50 ft: 425 corp: 198/3724b lim: 4096 exec/s: 445655 rss: 37Mb L: 16/34 MS: 2 EraseBytes-ChangeBinInt-
#78704401	REDUCE cov: 50 ft: 425 corp: 198/3715b lim: 4096 exec/s: 444657 rss: 37Mb L: 15/34 MS: 5 InsertByte-EraseBytes-ChangeBit-ShuffleBytes-CrossOver-
#79557416	REDUCE cov: 50 ft: 425 corp: 198/3712b lim: 4096 exec/s: 444454 rss: 37Mb L: 15/34 MS: 5 CrossOver-PersAutoDict-ChangeByte-InsertByte-EraseBytes- DE: "\001\000\000\000"-
#116517844	REDUCE cov: 50 ft: 425 corp: 198/3710b lim: 4096 exec/s: 444724 rss: 37Mb L: 22/34 MS: 3 EraseBytes-ChangeBinInt-ShuffleBytes-
#120657161	REDUCE cov: 50 ft: 425 corp: 198/3704b lim: 4096 exec/s: 443592 rss: 37Mb L: 18/34 MS: 2 EraseBytes-CopyPart-
#134217728	pulse  cov: 50 ft: 425 corp: 198/3704b lim: 4096 exec/s: 444429 rss: 37Mb
#140181513	REDUCE cov: 50 ft: 425 corp: 198/3702b lim: 4096 exec/s: 443612 rss: 37Mb L: 18/34 MS: 2 CopyPart-EraseBytes-
#157190400	REDUCE cov: 50 ft: 425 corp: 198/3696b lim: 4096 exec/s: 442789 rss: 37Mb L: 18/34 MS: 2 CopyPart-EraseBytes-
#160599669	REDUCE cov: 50 ft: 425 corp: 198/3695b lim: 4096 exec/s: 443645 rss: 37Mb L: 15/34 MS: 4 ShuffleBytes-ShuffleBytes-EraseBytes-CrossOver-
#162035219	REDUCE cov: 50 ft: 425 corp: 198/3689b lim: 4096 exec/s: 442719 rss: 37Mb L: 18/34 MS: 5 CopyPart-CrossOver-EraseBytes-ChangeBit-ShuffleBytes-
#163053529	REDUCE cov: 50 ft: 425 corp: 198/3688b lim: 4096 exec/s: 443080 rss: 37Mb L: 15/34 MS: 5 EraseBytes-CopyPart-ChangeBit-CMP-ChangeBinInt- DE: "o\000"-
#163751932	REDUCE cov: 50 ft: 425 corp: 198/3686b lim: 4096 exec/s: 443772 rss: 37Mb L: 18/34 MS: 3 EraseBytes-ChangeBit-CopyPart-
#170501005	REDUCE cov: 50 ft: 425 corp: 198/3684b lim: 4096 exec/s: 442859 rss: 37Mb L: 16/34 MS: 3 ChangeASCIIInt-EraseBytes-ChangeByte-
#171552337	REDUCE cov: 50 ft: 425 corp: 198/3682b lim: 4096 exec/s: 443287 rss: 37Mb L: 18/34 MS: 2 ChangeByte-EraseBytes-
#176385026	REDUCE cov: 50 ft: 425 corp: 198/3681b lim: 4096 exec/s: 443178 rss: 37Mb L: 15/34 MS: 4 ChangeBit-ChangeByte-CMP-EraseBytes- DE: "\377\377\377`"-
#190470619	REDUCE cov: 50 ft: 425 corp: 198/3679b lim: 4096 exec/s: 442954 rss: 37Mb L: 20/34 MS: 3 CopyPart-ChangeBit-EraseBytes-
#192632174	REDUCE cov: 50 ft: 425 corp: 198/3673b lim: 4096 exec/s: 442832 rss: 37Mb L: 18/34 MS: 5 EraseBytes-ChangeBinInt-ChangeByte-InsertByte-CrossOver-
#193167222	REDUCE cov: 50 ft: 425 corp: 198/3671b lim: 4096 exec/s: 443044 rss: 37Mb L: 18/34 MS: 3 ChangeByte-CopyPart-EraseBytes-
#199237135	REDUCE cov: 50 ft: 425 corp: 198/3665b lim: 4096 exec/s: 442749 rss: 37Mb L: 18/34 MS: 3 EraseBytes-ChangeBit-ShuffleBytes-
#199938208	REDUCE cov: 50 ft: 425 corp: 198/3663b lim: 4096 exec/s: 442341 rss: 37Mb L: 22/34 MS: 3 CrossOver-ChangeBit-EraseBytes-
#201288142	REDUCE cov: 50 ft: 425 corp: 198/3661b lim: 4096 exec/s: 442391 rss: 37Mb L: 20/34 MS: 4 InsertByte-ChangeBit-InsertByte-EraseBytes-
#201304814	REDUCE cov: 50 ft: 425 corp: 198/3659b lim: 4096 exec/s: 442428 rss: 37Mb L: 18/34 MS: 2 InsertByte-EraseBytes-
#203344506	REDUCE cov: 50 ft: 425 corp: 198/3657b lim: 4096 exec/s: 442053 rss: 37Mb L: 16/34 MS: 2 CMP-EraseBytes- DE: "\377\377\377\3772\377\377\370"-
#214063245	REDUCE cov: 50 ft: 425 corp: 198/3656b lim: 4096 exec/s: 442279 rss: 37Mb L: 15/34 MS: 4 CopyPart-ChangeByte-EraseBytes-ChangeBit-
#216328939	REDUCE cov: 50 ft: 425 corp: 198/3654b lim: 4096 exec/s: 442390 rss: 37Mb L: 18/34 MS: 4 EraseBytes-ChangeBinInt-PersAutoDict-ChangeBinInt- DE: "U\000"-
#218111146	REDUCE cov: 50 ft: 425 corp: 198/3652b lim: 4096 exec/s: 442416 rss: 37Mb L: 18/34 MS: 2 EraseBytes-ChangeBinInt-
#220783874	REDUCE cov: 50 ft: 425 corp: 198/3650b lim: 4096 exec/s: 442452 rss: 37Mb L: 22/34 MS: 3 ChangeByte-ChangeByte-EraseBytes-
#239844658	REDUCE cov: 50 ft: 425 corp: 198/3648b lim: 4096 exec/s: 441702 rss: 37Mb L: 22/34 MS: 4 ChangeByte-EraseBytes-ShuffleBytes-ShuffleBytes-
#240290243	REDUCE cov: 50 ft: 425 corp: 198/3645b lim: 4096 exec/s: 441710 rss: 37Mb L: 15/34 MS: 5 ChangeByte-EraseBytes-ShuffleBytes-ChangeBit-CrossOver-
#247795032	REDUCE cov: 50 ft: 425 corp: 198/3644b lim: 4096 exec/s: 441702 rss: 37Mb L: 15/34 MS: 4 ShuffleBytes-EraseBytes-ChangeBit-PersAutoDict- DE: "\377y"-
#250187974	REDUCE cov: 50 ft: 425 corp: 198/3642b lim: 4096 exec/s: 442028 rss: 37Mb L: 16/34 MS: 2 EraseBytes-ChangeBinInt-
#260210591	REDUCE cov: 50 ft: 425 corp: 198/3640b lim: 4096 exec/s: 441783 rss: 37Mb L: 16/34 MS: 2 EraseBytes-CrossOver-
==27236== libFuzzer: run interrupted; exiting
==27236== libFuzzer: run interrupted; exiting
