INFO: Running with entropic power schedule (0xFF, 100).
INFO: Seed: 1529358585
INFO: Loaded 1 modules   (70 inline 8-bit counters): 70 [0x55d637849030, 0x55d637849076), 
INFO: Loaded 1 PC tables (70 PCs): 70 [0xc000068000,0xc000068460), 
INFO:        0 files found in corpus
INFO: -max_len is not provided; libFuzzer will not generate inputs larger than 4096 bytes
INFO: A corpus is not provided, starting from an empty corpus
#2	INITED cov: 9 ft: 15 corp: 1/1b exec/s: 0 rss: 29Mb
#3	NEW    cov: 9 ft: 16 corp: 2/3b lim: 4 exec/s: 0 rss: 29Mb L: 2/2 MS: 1 CrossOver-
#8	NEW    cov: 9 ft: 17 corp: 3/7b lim: 4 exec/s: 0 rss: 29Mb L: 4/4 MS: 5 CrossOver-ChangeBit-ShuffleBytes-ChangeByte-CopyPart-
#11	NEW    cov: 9 ft: 19 corp: 4/10b lim: 4 exec/s: 0 rss: 29Mb L: 3/4 MS: 3 CMP-EraseBytes-CrossOver- DE: "\000\000"-
#37	REDUCE cov: 9 ft: 19 corp: 4/9b lim: 4 exec/s: 0 rss: 29Mb L: 3/3 MS: 1 CrossOver-
#247	REDUCE cov: 9 ft: 20 corp: 5/14b lim: 6 exec/s: 0 rss: 29Mb L: 5/5 MS: 5 PersAutoDict-CrossOver-PersAutoDict-ShuffleBytes-CrossOver- DE: "\000\000"-"\000\000"-
#457	NEW    cov: 9 ft: 21 corp: 6/22b lim: 8 exec/s: 0 rss: 30Mb L: 8/8 MS: 5 CopyPart-ChangeBit-InsertByte-CopyPart-PersAutoDict- DE: "\000\000"-
#493	REDUCE cov: 9 ft: 22 corp: 7/29b lim: 8 exec/s: 0 rss: 30Mb L: 7/8 MS: 1 CMP- DE: "\377\377\377\377"-
#1128	NEW    cov: 9 ft: 23 corp: 8/43b lim: 14 exec/s: 0 rss: 30Mb L: 14/14 MS: 5 ChangeByte-InsertByte-PersAutoDict-PersAutoDict-InsertRepeatedBytes- DE: "\000\000"-"\377\377\377\377"-
#1160	NEW    cov: 9 ft: 24 corp: 9/55b lim: 14 exec/s: 0 rss: 30Mb L: 12/14 MS: 2 ShuffleBytes-InsertRepeatedBytes-
#1180	NEW    cov: 9 ft: 25 corp: 10/68b lim: 14 exec/s: 0 rss: 30Mb L: 13/14 MS: 5 EraseBytes-InsertByte-ChangeBit-CrossOver-InsertByte-
#1491	NEW    cov: 11 ft: 31 corp: 11/84b lim: 17 exec/s: 0 rss: 30Mb L: 16/16 MS: 1 InsertRepeatedBytes-
#1509	NEW    cov: 11 ft: 33 corp: 12/99b lim: 17 exec/s: 0 rss: 30Mb L: 15/16 MS: 3 ChangeByte-CrossOver-CopyPart-
#1522	NEW    cov: 11 ft: 34 corp: 13/116b lim: 17 exec/s: 0 rss: 30Mb L: 17/17 MS: 3 ChangeBit-EraseBytes-CrossOver-
#1937	NEW    cov: 11 ft: 35 corp: 14/137b lim: 21 exec/s: 0 rss: 30Mb L: 21/21 MS: 5 ChangeBinInt-ChangeBit-CrossOver-ShuffleBytes-InsertRepeatedBytes-
#2525	REDUCE cov: 11 ft: 35 corp: 14/135b lim: 25 exec/s: 0 rss: 30Mb L: 19/19 MS: 3 CrossOver-CopyPart-EraseBytes-
#2990	NEW    cov: 11 ft: 36 corp: 15/163b lim: 29 exec/s: 0 rss: 30Mb L: 28/28 MS: 5 ChangeBinInt-ChangeBinInt-ChangeBinInt-CrossOver-InsertRepeatedBytes-
#3057	NEW    cov: 11 ft: 37 corp: 16/192b lim: 29 exec/s: 0 rss: 30Mb L: 29/29 MS: 2 EraseBytes-CrossOver-
#3346	REDUCE cov: 11 ft: 37 corp: 16/191b lim: 29 exec/s: 0 rss: 30Mb L: 27/29 MS: 4 CopyPart-CMP-ChangeBit-EraseBytes- DE: "\377\377"-
#3820	REDUCE cov: 11 ft: 38 corp: 17/222b lim: 33 exec/s: 0 rss: 30Mb L: 31/31 MS: 4 PersAutoDict-CMP-ChangeBinInt-PersAutoDict- DE: "\000\000"-"\001\000\000\000\000\000\000\""-"\000\000"-
#3881	NEW    cov: 11 ft: 39 corp: 18/255b lim: 33 exec/s: 0 rss: 30Mb L: 33/33 MS: 1 CrossOver-
#4446	REDUCE cov: 11 ft: 41 corp: 19/289b lim: 38 exec/s: 0 rss: 30Mb L: 34/34 MS: 5 EraseBytes-InsertRepeatedBytes-ChangeBinInt-InsertRepeatedBytes-PersAutoDict- DE: "\000\000"-
#18431	NEW    cov: 13 ft: 47 corp: 20/321b lim: 170 exec/s: 0 rss: 32Mb L: 32/34 MS: 5 ChangeBit-ChangeByte-InsertRepeatedBytes-ShuffleBytes-EraseBytes-
#18632	NEW    cov: 13 ft: 48 corp: 21/353b lim: 170 exec/s: 0 rss: 32Mb L: 32/34 MS: 1 PersAutoDict- DE: "\377\377\377\377"-
#18720	NEW    cov: 13 ft: 49 corp: 22/381b lim: 170 exec/s: 0 rss: 32Mb L: 28/34 MS: 3 ShuffleBytes-CrossOver-EraseBytes-
#19416	REDUCE cov: 13 ft: 49 corp: 22/374b lim: 170 exec/s: 0 rss: 32Mb L: 21/34 MS: 1 EraseBytes-
#19422	NEW    cov: 13 ft: 50 corp: 23/407b lim: 170 exec/s: 0 rss: 32Mb L: 33/34 MS: 1 CrossOver-
#19460	NEW    cov: 13 ft: 51 corp: 24/437b lim: 170 exec/s: 0 rss: 32Mb L: 30/34 MS: 3 EraseBytes-ChangeBinInt-InsertByte-
#19512	REDUCE cov: 13 ft: 52 corp: 25/452b lim: 170 exec/s: 0 rss: 32Mb L: 15/34 MS: 2 ChangeBinInt-EraseBytes-
#19585	NEW    cov: 13 ft: 53 corp: 26/474b lim: 170 exec/s: 0 rss: 32Mb L: 22/34 MS: 3 ChangeBinInt-ChangeByte-EraseBytes-
#19846	NEW    cov: 13 ft: 54 corp: 27/489b lim: 170 exec/s: 0 rss: 32Mb L: 15/34 MS: 1 CopyPart-
#20303	NEW    cov: 25 ft: 95 corp: 28/505b lim: 170 exec/s: 0 rss: 32Mb L: 16/34 MS: 2 ChangeBinInt-InsertByte-
#20355	NEW    cov: 25 ft: 98 corp: 29/521b lim: 170 exec/s: 0 rss: 32Mb L: 16/34 MS: 2 ShuffleBytes-PersAutoDict- DE: "\000\000"-
#20407	NEW    cov: 25 ft: 102 corp: 30/537b lim: 170 exec/s: 0 rss: 33Mb L: 16/34 MS: 2 InsertByte-ChangeByte-
#20408	REDUCE cov: 25 ft: 102 corp: 30/536b lim: 170 exec/s: 0 rss: 33Mb L: 31/34 MS: 1 EraseBytes-
#20416	REDUCE cov: 25 ft: 102 corp: 30/533b lim: 170 exec/s: 0 rss: 33Mb L: 18/34 MS: 3 PersAutoDict-InsertByte-EraseBytes- DE: "\001\000\000\000\000\000\000\""-
#20479	NEW    cov: 25 ft: 103 corp: 31/549b lim: 170 exec/s: 0 rss: 33Mb L: 16/34 MS: 3 ChangeBinInt-ChangeByte-ChangeBinInt-
#20482	REDUCE cov: 25 ft: 106 corp: 32/565b lim: 170 exec/s: 0 rss: 33Mb L: 16/34 MS: 3 ChangeBit-PersAutoDict-EraseBytes- DE: "\377\377\377\377"-
#20548	NEW    cov: 25 ft: 108 corp: 33/581b lim: 170 exec/s: 0 rss: 33Mb L: 16/34 MS: 1 InsertByte-
#20565	NEW    cov: 25 ft: 110 corp: 34/597b lim: 170 exec/s: 0 rss: 33Mb L: 16/34 MS: 2 ChangeByte-ChangeByte-
#20692	NEW    cov: 25 ft: 111 corp: 35/612b lim: 170 exec/s: 0 rss: 33Mb L: 15/34 MS: 2 CopyPart-PersAutoDict- DE: "\001\000\000\000\000\000\000\""-
#20745	REDUCE cov: 25 ft: 111 corp: 35/610b lim: 170 exec/s: 0 rss: 33Mb L: 28/34 MS: 3 ChangeBit-EraseBytes-CMP- DE: "\000\000\000\000\000\000\000,"-
#20966	NEW    cov: 25 ft: 114 corp: 36/630b lim: 170 exec/s: 0 rss: 33Mb L: 20/34 MS: 1 CopyPart-
#21077	NEW    cov: 25 ft: 115 corp: 37/646b lim: 170 exec/s: 0 rss: 33Mb L: 16/34 MS: 1 ChangeBit-
#21148	NEW    cov: 25 ft: 116 corp: 38/662b lim: 170 exec/s: 0 rss: 33Mb L: 16/34 MS: 1 ChangeBit-
#21461	NEW    cov: 25 ft: 117 corp: 39/680b lim: 170 exec/s: 0 rss: 33Mb L: 18/34 MS: 3 InsertByte-InsertByte-ChangeBit-
#21625	NEW    cov: 25 ft: 120 corp: 40/701b lim: 170 exec/s: 0 rss: 33Mb L: 21/34 MS: 4 InsertByte-ChangeBit-ChangeByte-ChangeByte-
#21782	REDUCE cov: 25 ft: 120 corp: 40/689b lim: 170 exec/s: 0 rss: 33Mb L: 16/34 MS: 2 CrossOver-EraseBytes-
#22002	NEW    cov: 25 ft: 121 corp: 41/708b lim: 170 exec/s: 0 rss: 33Mb L: 19/34 MS: 5 ShuffleBytes-CopyPart-CrossOver-InsertByte-ChangeByte-
#22104	REDUCE cov: 25 ft: 121 corp: 41/705b lim: 170 exec/s: 0 rss: 33Mb L: 15/34 MS: 2 EraseBytes-InsertByte-
#22135	NEW    cov: 25 ft: 122 corp: 42/721b lim: 170 exec/s: 0 rss: 33Mb L: 16/34 MS: 1 ChangeBit-
#22224	NEW    cov: 25 ft: 123 corp: 43/737b lim: 170 exec/s: 0 rss: 33Mb L: 16/34 MS: 4 EraseBytes-CrossOver-ChangeBit-InsertByte-
#22370	REDUCE cov: 25 ft: 123 corp: 43/736b lim: 170 exec/s: 0 rss: 33Mb L: 15/34 MS: 1 EraseBytes-
#22562	NEW    cov: 25 ft: 124 corp: 44/756b lim: 170 exec/s: 0 rss: 33Mb L: 20/34 MS: 2 ChangeByte-CopyPart-
#22859	REDUCE cov: 25 ft: 124 corp: 44/748b lim: 170 exec/s: 0 rss: 33Mb L: 23/34 MS: 2 EraseBytes-InsertByte-
#23161	REDUCE cov: 25 ft: 124 corp: 44/747b lim: 170 exec/s: 0 rss: 33Mb L: 15/34 MS: 2 InsertByte-EraseBytes-
#23747	NEW    cov: 25 ft: 125 corp: 45/763b lim: 170 exec/s: 0 rss: 33Mb L: 16/34 MS: 1 ChangeByte-
#23876	NEW    cov: 25 ft: 126 corp: 46/781b lim: 170 exec/s: 0 rss: 33Mb L: 18/34 MS: 4 InsertByte-InsertByte-ShuffleBytes-InsertByte-
#23935	NEW    cov: 25 ft: 128 corp: 47/800b lim: 170 exec/s: 0 rss: 33Mb L: 19/34 MS: 4 ChangeBinInt-ChangeByte-ChangeBit-CrossOver-
#23956	NEW    cov: 25 ft: 129 corp: 48/820b lim: 170 exec/s: 0 rss: 33Mb L: 20/34 MS: 1 ChangeBit-
#24020	NEW    cov: 25 ft: 130 corp: 49/838b lim: 170 exec/s: 0 rss: 33Mb L: 18/34 MS: 4 PersAutoDict-ChangeByte-ChangeByte-PersAutoDict- DE: "\000\000"-"\001\000\000\000\000\000\000\""-
#24478	REDUCE cov: 25 ft: 130 corp: 49/836b lim: 170 exec/s: 0 rss: 33Mb L: 17/34 MS: 3 PersAutoDict-PersAutoDict-EraseBytes- DE: "\000\000"-"\377\377"-
#26127	REDUCE cov: 30 ft: 144 corp: 50/852b lim: 184 exec/s: 0 rss: 34Mb L: 16/34 MS: 4 ChangeByte-EraseBytes-ShuffleBytes-EraseBytes-
#26509	REDUCE cov: 30 ft: 145 corp: 51/867b lim: 184 exec/s: 0 rss: 34Mb L: 15/34 MS: 2 CMP-CrossOver- DE: "\001\000\000\000\000\000\000\""-
#27193	REDUCE cov: 30 ft: 147 corp: 52/885b lim: 184 exec/s: 0 rss: 34Mb L: 18/34 MS: 4 InsertByte-ChangeByte-ChangeBinInt-PersAutoDict- DE: "\000\000"-
#27609	NEW    cov: 30 ft: 148 corp: 53/903b lim: 184 exec/s: 0 rss: 34Mb L: 18/34 MS: 1 EraseBytes-
#29348	REDUCE cov: 30 ft: 148 corp: 53/902b lim: 198 exec/s: 0 rss: 34Mb L: 31/34 MS: 4 EraseBytes-CMP-CopyPart-PersAutoDict- DE: "\000\000\000\000"-"\001\000\000\000\000\000\000\""-
#29897	NEW    cov: 30 ft: 149 corp: 54/920b lim: 198 exec/s: 0 rss: 34Mb L: 18/34 MS: 4 CopyPart-ChangeByte-ChangeBit-ChangeBinInt-
#30044	NEW    cov: 30 ft: 151 corp: 55/938b lim: 198 exec/s: 0 rss: 34Mb L: 18/34 MS: 2 ChangeByte-ChangeBit-
#30845	NEW    cov: 30 ft: 153 corp: 56/956b lim: 205 exec/s: 0 rss: 34Mb L: 18/34 MS: 1 ChangeBinInt-
#30846	NEW    cov: 30 ft: 155 corp: 57/974b lim: 205 exec/s: 0 rss: 34Mb L: 18/34 MS: 1 CopyPart-
#31283	NEW    cov: 30 ft: 158 corp: 58/992b lim: 205 exec/s: 0 rss: 34Mb L: 18/34 MS: 2 CrossOver-ShuffleBytes-
#31456	REDUCE cov: 30 ft: 158 corp: 58/990b lim: 205 exec/s: 0 rss: 34Mb L: 20/34 MS: 3 ChangeByte-EraseBytes-ChangeBinInt-
#31523	NEW    cov: 30 ft: 160 corp: 59/1008b lim: 205 exec/s: 0 rss: 34Mb L: 18/34 MS: 2 PersAutoDict-ChangeByte- DE: "\000\000"-
#31734	NEW    cov: 30 ft: 162 corp: 60/1026b lim: 205 exec/s: 0 rss: 34Mb L: 18/34 MS: 1 ChangeBit-
#32336	NEW    cov: 30 ft: 164 corp: 61/1042b lim: 205 exec/s: 0 rss: 34Mb L: 16/34 MS: 2 CopyPart-CrossOver-
#33732	REDUCE cov: 30 ft: 174 corp: 62/1058b lim: 212 exec/s: 0 rss: 34Mb L: 16/34 MS: 1 EraseBytes-
#33968	NEW    cov: 30 ft: 176 corp: 63/1074b lim: 212 exec/s: 0 rss: 34Mb L: 16/34 MS: 1 ChangeBinInt-
#33974	REDUCE cov: 30 ft: 176 corp: 63/1073b lim: 212 exec/s: 0 rss: 34Mb L: 17/34 MS: 1 EraseBytes-
#37459	NEW    cov: 32 ft: 190 corp: 64/1093b lim: 240 exec/s: 0 rss: 34Mb L: 20/34 MS: 5 CrossOver-ChangeBit-CrossOver-CrossOver-EraseBytes-
#38030	NEW    cov: 32 ft: 196 corp: 65/1111b lim: 240 exec/s: 0 rss: 34Mb L: 18/34 MS: 1 CrossOver-
#38216	NEW    cov: 32 ft: 198 corp: 66/1131b lim: 240 exec/s: 0 rss: 34Mb L: 20/34 MS: 1 ChangeByte-
#38234	NEW    cov: 32 ft: 199 corp: 67/1151b lim: 240 exec/s: 0 rss: 34Mb L: 20/34 MS: 3 CrossOver-EraseBytes-ChangeByte-
#38251	NEW    cov: 32 ft: 200 corp: 68/1171b lim: 240 exec/s: 0 rss: 34Mb L: 20/34 MS: 2 ShuffleBytes-ChangeBinInt-
#39033	REDUCE cov: 32 ft: 200 corp: 68/1169b lim: 247 exec/s: 0 rss: 34Mb L: 16/34 MS: 2 EraseBytes-PersAutoDict- DE: "\377\377\377\377"-
#39374	REDUCE cov: 32 ft: 200 corp: 68/1168b lim: 247 exec/s: 0 rss: 35Mb L: 15/34 MS: 1 CrossOver-
#39480	NEW    cov: 32 ft: 201 corp: 69/1188b lim: 247 exec/s: 0 rss: 35Mb L: 20/34 MS: 1 ChangeBit-
#40068	NEW    cov: 33 ft: 202 corp: 70/1208b lim: 247 exec/s: 0 rss: 35Mb L: 20/34 MS: 3 ChangeByte-ChangeBit-ChangeBit-
#40174	NEW    cov: 33 ft: 203 corp: 71/1228b lim: 247 exec/s: 0 rss: 35Mb L: 20/34 MS: 1 ShuffleBytes-
#40535	NEW    cov: 33 ft: 205 corp: 72/1248b lim: 247 exec/s: 0 rss: 35Mb L: 20/34 MS: 1 ChangeBinInt-
#40741	NEW    cov: 33 ft: 206 corp: 73/1268b lim: 247 exec/s: 0 rss: 35Mb L: 20/34 MS: 1 ChangeByte-
#44262	NEW    cov: 45 ft: 253 corp: 74/1288b lim: 277 exec/s: 0 rss: 35Mb L: 20/34 MS: 1 ChangeBit-
#46286	NEW    cov: 45 ft: 254 corp: 75/1308b lim: 293 exec/s: 0 rss: 35Mb L: 20/34 MS: 4 ShuffleBytes-ShuffleBytes-ShuffleBytes-ChangeBit-
#48627	NEW    cov: 45 ft: 256 corp: 76/1326b lim: 309 exec/s: 0 rss: 35Mb L: 18/34 MS: 1 CrossOver-
#49619	NEW    cov: 45 ft: 258 corp: 77/1346b lim: 317 exec/s: 0 rss: 35Mb L: 20/34 MS: 2 ChangeBit-ShuffleBytes-
#50366	NEW    cov: 45 ft: 260 corp: 78/1364b lim: 317 exec/s: 0 rss: 35Mb L: 18/34 MS: 2 CopyPart-CopyPart-
#51668	REDUCE cov: 45 ft: 260 corp: 78/1363b lim: 325 exec/s: 0 rss: 35Mb L: 16/34 MS: 2 ShuffleBytes-EraseBytes-
#52673	REDUCE cov: 45 ft: 260 corp: 78/1362b lim: 333 exec/s: 0 rss: 35Mb L: 15/34 MS: 5 InsertByte-ChangeBinInt-ChangeBit-PersAutoDict-EraseBytes- DE: "\000\000\000\000"-
#57930	NEW    cov: 45 ft: 262 corp: 79/1382b lim: 381 exec/s: 0 rss: 35Mb L: 20/34 MS: 2 ChangeBit-ChangeBit-
#57961	NEW    cov: 46 ft: 265 corp: 80/1402b lim: 381 exec/s: 0 rss: 35Mb L: 20/34 MS: 1 ChangeByte-
#64703	NEW    cov: 46 ft: 267 corp: 81/1422b lim: 445 exec/s: 0 rss: 35Mb L: 20/34 MS: 2 CopyPart-ChangeBinInt-
#69659	NEW    cov: 46 ft: 269 corp: 82/1440b lim: 493 exec/s: 0 rss: 35Mb L: 18/34 MS: 1 ChangeBit-
#70867	NEW    cov: 46 ft: 270 corp: 83/1460b lim: 501 exec/s: 0 rss: 35Mb L: 20/34 MS: 3 CopyPart-ChangeBinInt-CopyPart-
#71003	NEW    cov: 46 ft: 272 corp: 84/1480b lim: 501 exec/s: 0 rss: 35Mb L: 20/34 MS: 1 ChangeByte-
#71151	REDUCE cov: 46 ft: 272 corp: 84/1478b lim: 501 exec/s: 0 rss: 35Mb L: 18/34 MS: 3 EraseBytes-ChangeBinInt-ChangeBinInt-
#73792	REDUCE cov: 46 ft: 272 corp: 84/1473b lim: 526 exec/s: 0 rss: 35Mb L: 15/34 MS: 1 EraseBytes-
#75790	REDUCE cov: 46 ft: 272 corp: 84/1471b lim: 544 exec/s: 0 rss: 35Mb L: 16/34 MS: 3 ShuffleBytes-EraseBytes-ChangeBit-
#75841	NEW    cov: 46 ft: 275 corp: 85/1491b lim: 544 exec/s: 0 rss: 35Mb L: 20/34 MS: 1 ChangeBit-
#78216	REDUCE cov: 46 ft: 275 corp: 85/1487b lim: 562 exec/s: 0 rss: 35Mb L: 19/34 MS: 5 CMP-EraseBytes-InsertByte-ChangeByte-ChangeBinInt- DE: "\000z"-
#80209	NEW    cov: 47 ft: 280 corp: 86/1505b lim: 580 exec/s: 0 rss: 35Mb L: 18/34 MS: 3 CopyPart-ChangeByte-ChangeBit-
#83314	REDUCE cov: 47 ft: 280 corp: 86/1503b lim: 607 exec/s: 0 rss: 35Mb L: 18/34 MS: 5 ChangeBinInt-ChangeBinInt-PersAutoDict-EraseBytes-InsertByte- DE: "\000\000"-
#86665	NEW    cov: 47 ft: 281 corp: 87/1523b lim: 634 exec/s: 0 rss: 35Mb L: 20/34 MS: 1 ChangeBit-
#89006	NEW    cov: 47 ft: 283 corp: 88/1543b lim: 652 exec/s: 0 rss: 35Mb L: 20/34 MS: 1 ChangeByte-
#96204	NEW    cov: 47 ft: 284 corp: 89/1563b lim: 715 exec/s: 0 rss: 35Mb L: 20/34 MS: 3 ShuffleBytes-ChangeBit-ChangeBit-
#98046	NEW    cov: 47 ft: 285 corp: 90/1581b lim: 733 exec/s: 0 rss: 35Mb L: 18/34 MS: 2 ChangeByte-CrossOver-
#98609	NEW    cov: 47 ft: 286 corp: 91/1599b lim: 733 exec/s: 0 rss: 35Mb L: 18/34 MS: 3 CopyPart-ShuffleBytes-ChangeBit-
#101265	NEW    cov: 47 ft: 287 corp: 92/1619b lim: 751 exec/s: 0 rss: 35Mb L: 20/34 MS: 1 ChangeByte-
#101754	REDUCE cov: 47 ft: 287 corp: 92/1611b lim: 751 exec/s: 0 rss: 35Mb L: 23/34 MS: 4 EraseBytes-PersAutoDict-ChangeByte-CMP- DE: "\001\000\000\000\000\000\000\""-"\377\377\377\377"-
#101965	NEW    cov: 47 ft: 288 corp: 93/1629b lim: 751 exec/s: 0 rss: 35Mb L: 18/34 MS: 1 ChangeBit-
#103077	NEW    cov: 47 ft: 289 corp: 94/1647b lim: 760 exec/s: 0 rss: 35Mb L: 18/34 MS: 2 ChangeBit-ChangeBit-
#103328	NEW    cov: 47 ft: 290 corp: 95/1665b lim: 760 exec/s: 0 rss: 35Mb L: 18/34 MS: 1 ChangeBinInt-
#103435	NEW    cov: 47 ft: 292 corp: 96/1683b lim: 760 exec/s: 0 rss: 35Mb L: 18/34 MS: 2 CopyPart-ChangeBit-
#103587	NEW    cov: 47 ft: 293 corp: 97/1701b lim: 760 exec/s: 0 rss: 35Mb L: 18/34 MS: 2 ChangeBit-ShuffleBytes-
#103618	NEW    cov: 47 ft: 294 corp: 98/1719b lim: 760 exec/s: 0 rss: 35Mb L: 18/34 MS: 1 ChangeByte-
#104299	NEW    cov: 47 ft: 295 corp: 99/1737b lim: 760 exec/s: 0 rss: 35Mb L: 18/34 MS: 1 ChangeBit-
#105490	NEW    cov: 47 ft: 296 corp: 100/1755b lim: 769 exec/s: 0 rss: 35Mb L: 18/34 MS: 1 ChangeBit-
#107997	NEW    cov: 47 ft: 297 corp: 101/1773b lim: 787 exec/s: 0 rss: 35Mb L: 18/34 MS: 2 ChangeByte-ChangeBit-
#112279	NEW    cov: 47 ft: 298 corp: 102/1791b lim: 823 exec/s: 0 rss: 35Mb L: 18/34 MS: 2 CrossOver-CrossOver-
#112702	NEW    cov: 47 ft: 299 corp: 103/1813b lim: 823 exec/s: 0 rss: 35Mb L: 22/34 MS: 3 ChangeBit-InsertByte-InsertByte-
#112834	NEW    cov: 47 ft: 300 corp: 104/1835b lim: 823 exec/s: 0 rss: 35Mb L: 22/34 MS: 2 CopyPart-ChangeASCIIInt-
#130036	REDUCE cov: 47 ft: 300 corp: 104/1833b lim: 994 exec/s: 0 rss: 35Mb L: 15/34 MS: 2 ChangeByte-EraseBytes-
#138345	REDUCE cov: 47 ft: 300 corp: 104/1831b lim: 1070 exec/s: 0 rss: 35Mb L: 31/34 MS: 4 ShuffleBytes-CopyPart-PersAutoDict-EraseBytes- DE: "\377\377"-
#141536	NEW    cov: 47 ft: 302 corp: 105/1851b lim: 1100 exec/s: 0 rss: 35Mb L: 20/34 MS: 1 ChangeBit-
#142357	NEW    cov: 50 ft: 316 corp: 106/1873b lim: 1100 exec/s: 0 rss: 35Mb L: 22/34 MS: 1 ShuffleBytes-
#151387	REDUCE cov: 50 ft: 316 corp: 106/1871b lim: 1180 exec/s: 0 rss: 35Mb L: 17/34 MS: 5 ShuffleBytes-EraseBytes-CopyPart-ChangeBit-EraseBytes-
#157785	NEW    cov: 50 ft: 318 corp: 107/1891b lim: 1240 exec/s: 0 rss: 35Mb L: 20/34 MS: 3 CopyPart-ShuffleBytes-ChangeBit-
#160741	NEW    cov: 50 ft: 319 corp: 108/1911b lim: 1260 exec/s: 0 rss: 35Mb L: 20/34 MS: 1 ChangeBit-
#168831	REDUCE cov: 50 ft: 319 corp: 108/1907b lim: 1340 exec/s: 0 rss: 35Mb L: 15/34 MS: 5 ChangeBit-ChangeBit-EraseBytes-ChangeBinInt-InsertByte-
#181750	NEW    cov: 50 ft: 321 corp: 109/1927b lim: 1460 exec/s: 0 rss: 35Mb L: 20/34 MS: 4 ShuffleBytes-CopyPart-ChangeBit-ChangeBit-
#190897	REDUCE cov: 50 ft: 321 corp: 109/1925b lim: 1550 exec/s: 0 rss: 35Mb L: 29/34 MS: 2 PersAutoDict-EraseBytes- DE: "\377\377"-
#196671	NEW    cov: 50 ft: 323 corp: 110/1947b lim: 1600 exec/s: 0 rss: 35Mb L: 22/34 MS: 4 CrossOver-ChangeBit-ChangeByte-ShuffleBytes-
#209214	NEW    cov: 50 ft: 324 corp: 111/1967b lim: 1720 exec/s: 0 rss: 35Mb L: 20/34 MS: 3 ChangeBinInt-ChangeBit-ChangeBinInt-
#212808	REDUCE cov: 50 ft: 324 corp: 111/1965b lim: 1750 exec/s: 0 rss: 35Mb L: 27/34 MS: 4 ChangeBit-PersAutoDict-EraseBytes-ChangeBinInt- DE: "\377\377\377\377"-
#213049	REDUCE cov: 50 ft: 324 corp: 111/1963b lim: 1750 exec/s: 0 rss: 35Mb L: 15/34 MS: 1 EraseBytes-
#253980	NEW    cov: 50 ft: 325 corp: 112/1981b lim: 2149 exec/s: 0 rss: 35Mb L: 18/34 MS: 1 ChangeByte-
#257696	NEW    cov: 50 ft: 326 corp: 113/1999b lim: 2182 exec/s: 0 rss: 35Mb L: 18/34 MS: 1 ShuffleBytes-
#261382	NEW    cov: 50 ft: 329 corp: 114/2021b lim: 2215 exec/s: 0 rss: 35Mb L: 22/34 MS: 1 ShuffleBytes-
#264433	NEW    cov: 50 ft: 330 corp: 115/2039b lim: 2237 exec/s: 0 rss: 35Mb L: 18/34 MS: 1 ChangeBit-
#265584	NEW    cov: 50 ft: 331 corp: 116/2057b lim: 2248 exec/s: 0 rss: 35Mb L: 18/34 MS: 1 ChangeBinInt-
#268935	NEW    cov: 50 ft: 332 corp: 117/2075b lim: 2281 exec/s: 0 rss: 35Mb L: 18/34 MS: 1 ChangeASCIIInt-
#269941	NEW    cov: 50 ft: 333 corp: 118/2093b lim: 2281 exec/s: 0 rss: 35Mb L: 18/34 MS: 1 CopyPart-
#274314	REDUCE cov: 50 ft: 333 corp: 118/2091b lim: 2314 exec/s: 0 rss: 35Mb L: 16/34 MS: 3 InsertByte-ShuffleBytes-EraseBytes-
#278035	NEW    cov: 50 ft: 334 corp: 119/2109b lim: 2347 exec/s: 0 rss: 35Mb L: 18/34 MS: 1 ChangeASCIIInt-
#290000	REDUCE cov: 50 ft: 334 corp: 119/2107b lim: 2457 exec/s: 0 rss: 35Mb L: 16/34 MS: 5 CopyPart-CMP-ChangeBit-ShuffleBytes-EraseBytes- DE: "\377\377"-
#290866	NEW    cov: 50 ft: 335 corp: 120/2125b lim: 2457 exec/s: 0 rss: 35Mb L: 18/34 MS: 1 ChangeBit-
#295938	REDUCE cov: 50 ft: 335 corp: 120/2123b lim: 2501 exec/s: 0 rss: 35Mb L: 16/34 MS: 2 EraseBytes-InsertByte-
#300810	REDUCE cov: 50 ft: 335 corp: 120/2121b lim: 2545 exec/s: 0 rss: 35Mb L: 25/34 MS: 2 EraseBytes-PersAutoDict- DE: "\377\377\377\377"-
#301711	NEW    cov: 50 ft: 336 corp: 121/2139b lim: 2545 exec/s: 0 rss: 35Mb L: 18/34 MS: 1 CopyPart-
#303522	NEW    cov: 50 ft: 337 corp: 122/2157b lim: 2556 exec/s: 0 rss: 35Mb L: 18/34 MS: 1 ShuffleBytes-
#304143	NEW    cov: 50 ft: 338 corp: 123/2179b lim: 2556 exec/s: 0 rss: 35Mb L: 22/34 MS: 1 ChangeBit-
#308169	NEW    cov: 50 ft: 339 corp: 124/2197b lim: 2589 exec/s: 0 rss: 35Mb L: 18/34 MS: 1 ChangeBit-
#309477	REDUCE cov: 50 ft: 339 corp: 124/2195b lim: 2600 exec/s: 0 rss: 35Mb L: 16/34 MS: 3 ChangeBinInt-EraseBytes-ChangeBinInt-
#311538	NEW    cov: 50 ft: 340 corp: 125/2213b lim: 2611 exec/s: 0 rss: 35Mb L: 18/34 MS: 1 ChangeBinInt-
#314126	REDUCE cov: 50 ft: 340 corp: 125/2211b lim: 2633 exec/s: 0 rss: 35Mb L: 23/34 MS: 3 ChangeBinInt-PersAutoDict-EraseBytes- DE: "\377\377\377\377"-
#318301	REDUCE cov: 50 ft: 340 corp: 125/2209b lim: 2666 exec/s: 0 rss: 35Mb L: 21/34 MS: 5 InsertByte-ChangeBit-ChangeBit-ChangeByte-EraseBytes-
#319855	REDUCE cov: 50 ft: 340 corp: 125/2208b lim: 2677 exec/s: 0 rss: 35Mb L: 15/34 MS: 4 EraseBytes-ChangeBinInt-ChangeBit-ChangeByte-
#326029	REDUCE cov: 50 ft: 340 corp: 125/2206b lim: 2732 exec/s: 0 rss: 35Mb L: 16/34 MS: 4 ChangeASCIIInt-ChangeBinInt-EraseBytes-ChangeBit-
#334426	NEW    cov: 50 ft: 341 corp: 126/2226b lim: 2809 exec/s: 0 rss: 35Mb L: 20/34 MS: 2 ChangeBinInt-ShuffleBytes-
#339802	NEW    cov: 50 ft: 342 corp: 127/2260b lim: 2853 exec/s: 0 rss: 35Mb L: 34/34 MS: 1 InsertRepeatedBytes-
#340263	REDUCE cov: 50 ft: 342 corp: 127/2259b lim: 2853 exec/s: 0 rss: 35Mb L: 33/34 MS: 1 EraseBytes-
#346200	NEW    cov: 50 ft: 343 corp: 128/2279b lim: 2908 exec/s: 0 rss: 35Mb L: 20/34 MS: 2 InsertByte-InsertByte-
#349634	REDUCE cov: 50 ft: 343 corp: 128/2277b lim: 2941 exec/s: 0 rss: 35Mb L: 18/34 MS: 4 InsertByte-ChangeBit-ChangeBinInt-EraseBytes-
#351222	REDUCE cov: 50 ft: 343 corp: 128/2275b lim: 2952 exec/s: 0 rss: 35Mb L: 16/34 MS: 3 ChangeBinInt-EraseBytes-ChangeByte-
#354858	REDUCE cov: 50 ft: 343 corp: 128/2274b lim: 2985 exec/s: 0 rss: 35Mb L: 32/34 MS: 1 EraseBytes-
#355932	REDUCE cov: 50 ft: 343 corp: 128/2272b lim: 2985 exec/s: 0 rss: 35Mb L: 16/34 MS: 4 CrossOver-ChangeBinInt-ChangeBit-EraseBytes-
#384944	NEW    cov: 50 ft: 346 corp: 129/2292b lim: 3271 exec/s: 0 rss: 35Mb L: 20/34 MS: 2 ChangeByte-ChangeBit-
#385302	NEW    cov: 50 ft: 348 corp: 130/2312b lim: 3271 exec/s: 0 rss: 35Mb L: 20/34 MS: 3 ChangeByte-CopyPart-ChangeBit-
#401540	NEW    cov: 50 ft: 349 corp: 131/2330b lim: 3425 exec/s: 0 rss: 35Mb L: 18/34 MS: 3 ChangeBit-ChangeBit-ShuffleBytes-
#401695	REDUCE cov: 50 ft: 349 corp: 131/2328b lim: 3425 exec/s: 0 rss: 35Mb L: 16/34 MS: 5 CopyPart-ShuffleBytes-PersAutoDict-EraseBytes-PersAutoDict- DE: "\377\377\377\377"-"\000z"-
#426097	REDUCE cov: 50 ft: 349 corp: 131/2326b lim: 3667 exec/s: 426097 rss: 35Mb L: 19/34 MS: 2 EraseBytes-CopyPart-
#428784	REDUCE cov: 50 ft: 349 corp: 131/2324b lim: 3689 exec/s: 428784 rss: 35Mb L: 18/34 MS: 2 EraseBytes-InsertByte-
#439190	NEW    cov: 50 ft: 350 corp: 132/2342b lim: 3788 exec/s: 439190 rss: 35Mb L: 18/34 MS: 1 ChangeBit-
#439446	NEW    cov: 50 ft: 351 corp: 133/2360b lim: 3788 exec/s: 439446 rss: 35Mb L: 18/34 MS: 1 CrossOver-
#451042	NEW    cov: 50 ft: 352 corp: 134/2378b lim: 3898 exec/s: 451042 rss: 35Mb L: 18/34 MS: 1 ChangeByte-
#451705	REDUCE cov: 50 ft: 352 corp: 134/2376b lim: 3898 exec/s: 451705 rss: 35Mb L: 16/34 MS: 3 ShuffleBytes-ChangeBit-EraseBytes-
#455967	REDUCE cov: 50 ft: 352 corp: 134/2374b lim: 3931 exec/s: 455967 rss: 35Mb L: 16/34 MS: 2 EraseBytes-ChangeByte-
#468105	NEW    cov: 50 ft: 353 corp: 135/2392b lim: 4041 exec/s: 468105 rss: 36Mb L: 18/34 MS: 3 ShuffleBytes-ShuffleBytes-ChangeByte-
#505148	NEW    cov: 50 ft: 354 corp: 136/2414b lim: 4096 exec/s: 505148 rss: 36Mb L: 22/34 MS: 3 CopyPart-ChangeBit-ShuffleBytes-
#551331	REDUCE cov: 50 ft: 354 corp: 136/2412b lim: 4096 exec/s: 551331 rss: 36Mb L: 16/34 MS: 3 InsertRepeatedBytes-EraseBytes-CopyPart-
#551826	REDUCE cov: 50 ft: 354 corp: 136/2410b lim: 4096 exec/s: 551826 rss: 36Mb L: 16/34 MS: 5 PersAutoDict-ChangeBinInt-ChangeByte-EraseBytes-ChangeByte- DE: "\001\000\000\000\000\000\000\""-
#554692	NEW    cov: 50 ft: 355 corp: 137/2428b lim: 4096 exec/s: 554692 rss: 36Mb L: 18/34 MS: 1 ChangeBinInt-
#555158	NEW    cov: 50 ft: 356 corp: 138/2446b lim: 4096 exec/s: 555158 rss: 36Mb L: 18/34 MS: 1 CopyPart-
#557090	NEW    cov: 50 ft: 358 corp: 139/2466b lim: 4096 exec/s: 557090 rss: 36Mb L: 20/34 MS: 2 ShuffleBytes-ChangeBinInt-
#563061	NEW    cov: 50 ft: 359 corp: 140/2488b lim: 4096 exec/s: 563061 rss: 36Mb L: 22/34 MS: 1 CrossOver-
#567867	NEW    cov: 50 ft: 360 corp: 141/2506b lim: 4096 exec/s: 567867 rss: 36Mb L: 18/34 MS: 1 ChangeBit-
#580603	NEW    cov: 50 ft: 361 corp: 142/2524b lim: 4096 exec/s: 580603 rss: 36Mb L: 18/34 MS: 1 CopyPart-
#586607	REDUCE cov: 50 ft: 361 corp: 142/2522b lim: 4096 exec/s: 586607 rss: 36Mb L: 16/34 MS: 4 ShuffleBytes-ChangeBit-CMP-EraseBytes- DE: "\001\000\000\000"-
#593273	NEW    cov: 50 ft: 362 corp: 143/2544b lim: 4096 exec/s: 593273 rss: 36Mb L: 22/34 MS: 1 ChangeBit-
#606370	REDUCE cov: 50 ft: 362 corp: 143/2542b lim: 4096 exec/s: 606370 rss: 36Mb L: 16/34 MS: 2 EraseBytes-CopyPart-
#623653	REDUCE cov: 50 ft: 362 corp: 143/2540b lim: 4096 exec/s: 623653 rss: 36Mb L: 16/34 MS: 3 EraseBytes-ChangeASCIIInt-InsertByte-
#642290	REDUCE cov: 50 ft: 363 corp: 144/2572b lim: 4096 exec/s: 642290 rss: 36Mb L: 32/34 MS: 2 ChangeBit-CMP- DE: "t\000\000\000"-
#643248	REDUCE cov: 50 ft: 363 corp: 144/2569b lim: 4096 exec/s: 643248 rss: 36Mb L: 29/34 MS: 3 ChangeBit-CMP-EraseBytes- DE: "\377\377\377\377\377\377\377\377"-
#643990	REDUCE cov: 50 ft: 363 corp: 144/2566b lim: 4096 exec/s: 643990 rss: 36Mb L: 26/34 MS: 2 ShuffleBytes-EraseBytes-
#643997	REDUCE cov: 50 ft: 363 corp: 144/2561b lim: 4096 exec/s: 643997 rss: 36Mb L: 21/34 MS: 2 ChangeByte-EraseBytes-
#644767	REDUCE cov: 50 ft: 363 corp: 144/2560b lim: 4096 exec/s: 644767 rss: 36Mb L: 20/34 MS: 5 CrossOver-InsertByte-PersAutoDict-EraseBytes-EraseBytes- DE: "\000z"-
#645043	REDUCE cov: 50 ft: 363 corp: 144/2555b lim: 4096 exec/s: 645043 rss: 36Mb L: 15/34 MS: 1 EraseBytes-
#647193	REDUCE cov: 50 ft: 364 corp: 145/2570b lim: 4096 exec/s: 647193 rss: 36Mb L: 15/34 MS: 5 CopyPart-ChangeByte-ChangeBit-ShuffleBytes-ChangeBinInt-
#647216	NEW    cov: 50 ft: 365 corp: 146/2600b lim: 4096 exec/s: 647216 rss: 36Mb L: 30/34 MS: 3 InsertByte-InsertByte-CrossOver-
#652517	NEW    cov: 50 ft: 366 corp: 147/2618b lim: 4096 exec/s: 652517 rss: 36Mb L: 18/34 MS: 1 ChangeByte-
#655840	REDUCE cov: 50 ft: 366 corp: 147/2616b lim: 4096 exec/s: 655840 rss: 36Mb L: 18/34 MS: 3 ChangeByte-EraseBytes-InsertByte-
#663989	REDUCE cov: 50 ft: 366 corp: 147/2614b lim: 4096 exec/s: 663989 rss: 36Mb L: 16/34 MS: 4 ChangeBinInt-ShuffleBytes-EraseBytes-ChangeByte-
#673106	REDUCE cov: 50 ft: 367 corp: 148/2634b lim: 4096 exec/s: 673106 rss: 36Mb L: 20/34 MS: 2 InsertRepeatedBytes-EraseBytes-
#727855	REDUCE cov: 50 ft: 367 corp: 148/2632b lim: 4096 exec/s: 727855 rss: 36Mb L: 21/34 MS: 4 EraseBytes-ShuffleBytes-CMP-ChangeByte- DE: "\377\377\377y"-
#742086	NEW    cov: 50 ft: 368 corp: 149/2652b lim: 4096 exec/s: 742086 rss: 36Mb L: 20/34 MS: 1 ChangeBit-
#763071	NEW    cov: 50 ft: 369 corp: 150/2674b lim: 4096 exec/s: 763071 rss: 36Mb L: 22/34 MS: 5 EraseBytes-ChangeByte-ChangeByte-ChangeBit-InsertByte-
#777298	REDUCE cov: 50 ft: 369 corp: 150/2672b lim: 4096 exec/s: 777298 rss: 36Mb L: 16/34 MS: 2 InsertByte-EraseBytes-
#782460	REDUCE cov: 50 ft: 369 corp: 150/2670b lim: 4096 exec/s: 782460 rss: 36Mb L: 16/34 MS: 2 InsertByte-EraseBytes-
#783953	NEW    cov: 50 ft: 372 corp: 151/2690b lim: 4096 exec/s: 783953 rss: 36Mb L: 20/34 MS: 3 CopyPart-ChangeBit-ChangeBit-
#819174	REDUCE cov: 50 ft: 373 corp: 152/2706b lim: 4096 exec/s: 819174 rss: 36Mb L: 16/34 MS: 1 CopyPart-
#821410	REDUCE cov: 50 ft: 374 corp: 153/2722b lim: 4096 exec/s: 821410 rss: 36Mb L: 16/34 MS: 1 CopyPart-
#822511	NEW    cov: 50 ft: 375 corp: 154/2738b lim: 4096 exec/s: 822511 rss: 36Mb L: 16/34 MS: 1 CopyPart-
#836465	REDUCE cov: 50 ft: 375 corp: 154/2736b lim: 4096 exec/s: 836465 rss: 36Mb L: 16/34 MS: 4 CrossOver-ChangeByte-ChangeByte-EraseBytes-
#843437	REDUCE cov: 50 ft: 375 corp: 154/2734b lim: 4096 exec/s: 843437 rss: 36Mb L: 16/34 MS: 2 EraseBytes-ChangeByte-
#875568	NEW    cov: 50 ft: 376 corp: 155/2752b lim: 4096 exec/s: 437784 rss: 36Mb L: 18/34 MS: 1 CopyPart-
#877134	NEW    cov: 50 ft: 377 corp: 156/2770b lim: 4096 exec/s: 438567 rss: 36Mb L: 18/34 MS: 1 CopyPart-
#877520	NEW    cov: 50 ft: 378 corp: 157/2788b lim: 4096 exec/s: 438760 rss: 36Mb L: 18/34 MS: 1 ChangeBit-
#877908	NEW    cov: 50 ft: 379 corp: 158/2806b lim: 4096 exec/s: 438954 rss: 36Mb L: 18/34 MS: 3 CrossOver-CopyPart-ChangeBit-
#878014	NEW    cov: 50 ft: 380 corp: 159/2824b lim: 4096 exec/s: 439007 rss: 36Mb L: 18/34 MS: 1 ChangeBit-
#878910	NEW    cov: 50 ft: 381 corp: 160/2842b lim: 4096 exec/s: 439455 rss: 36Mb L: 18/34 MS: 1 ChangeBit-
#878928	NEW    cov: 50 ft: 382 corp: 161/2860b lim: 4096 exec/s: 439464 rss: 36Mb L: 18/34 MS: 3 CrossOver-ChangeBinInt-ChangeASCIIInt-
#881424	NEW    cov: 50 ft: 383 corp: 162/2878b lim: 4096 exec/s: 440712 rss: 36Mb L: 18/34 MS: 1 CopyPart-
#881500	NEW    cov: 50 ft: 384 corp: 163/2896b lim: 4096 exec/s: 440750 rss: 36Mb L: 18/34 MS: 1 CopyPart-
#883963	NEW    cov: 50 ft: 386 corp: 164/2918b lim: 4096 exec/s: 441981 rss: 36Mb L: 22/34 MS: 3 ChangeASCIIInt-ShuffleBytes-ShuffleBytes-
#884399	NEW    cov: 50 ft: 387 corp: 165/2936b lim: 4096 exec/s: 442199 rss: 36Mb L: 18/34 MS: 1 ShuffleBytes-
#884795	NEW    cov: 50 ft: 388 corp: 166/2954b lim: 4096 exec/s: 442397 rss: 36Mb L: 18/34 MS: 1 CopyPart-
#884806	NEW    cov: 50 ft: 389 corp: 167/2972b lim: 4096 exec/s: 442403 rss: 36Mb L: 18/34 MS: 1 ChangeASCIIInt-
#886113	NEW    cov: 50 ft: 390 corp: 168/2990b lim: 4096 exec/s: 443056 rss: 36Mb L: 18/34 MS: 2 ChangeASCIIInt-CopyPart-
#889899	NEW    cov: 50 ft: 391 corp: 169/3008b lim: 4096 exec/s: 444949 rss: 36Mb L: 18/34 MS: 1 ChangeASCIIInt-
#905208	REDUCE cov: 50 ft: 391 corp: 169/3005b lim: 4096 exec/s: 452604 rss: 36Mb L: 27/34 MS: 4 ChangeBit-EraseBytes-ChangeByte-CopyPart-
#918911	REDUCE cov: 50 ft: 391 corp: 169/3003b lim: 4096 exec/s: 459455 rss: 36Mb L: 16/34 MS: 3 ShuffleBytes-ChangeBit-EraseBytes-
#937665	REDUCE cov: 50 ft: 391 corp: 169/3001b lim: 4096 exec/s: 468832 rss: 36Mb L: 16/34 MS: 4 EraseBytes-PersAutoDict-ChangeBit-ChangeBinInt- DE: "\377\377\377y"-
#956107	NEW    cov: 50 ft: 393 corp: 170/3023b lim: 4096 exec/s: 478053 rss: 36Mb L: 22/34 MS: 2 ChangeBinInt-CrossOver-
#992623	NEW    cov: 50 ft: 394 corp: 171/3045b lim: 4096 exec/s: 496311 rss: 36Mb L: 22/34 MS: 1 CopyPart-
#994364	NEW    cov: 50 ft: 396 corp: 172/3067b lim: 4096 exec/s: 497182 rss: 36Mb L: 22/34 MS: 1 CopyPart-
#1031552	REDUCE cov: 50 ft: 396 corp: 172/3063b lim: 4096 exec/s: 515776 rss: 36Mb L: 17/34 MS: 3 EraseBytes-ChangeBit-PersAutoDict- DE: "\377\377\377\377\377\377\377\377"-
#1039995	REDUCE cov: 50 ft: 396 corp: 172/3061b lim: 4096 exec/s: 519997 rss: 36Mb L: 16/34 MS: 3 EraseBytes-ChangeBit-ChangeByte-
#1048576	pulse  cov: 50 ft: 396 corp: 172/3061b lim: 4096 exec/s: 524288 rss: 36Mb
#1066568	REDUCE cov: 50 ft: 396 corp: 172/3059b lim: 4096 exec/s: 533284 rss: 36Mb L: 16/34 MS: 3 EraseBytes-ChangeByte-InsertByte-
#1105733	NEW    cov: 50 ft: 399 corp: 173/3081b lim: 4096 exec/s: 552866 rss: 36Mb L: 22/34 MS: 5 ChangeASCIIInt-ChangeASCIIInt-ChangeBit-ShuffleBytes-ChangeBinInt-
#1140107	REDUCE cov: 50 ft: 399 corp: 173/3079b lim: 4096 exec/s: 570053 rss: 36Mb L: 16/34 MS: 4 CopyPart-ChangeBinInt-PersAutoDict-EraseBytes- DE: "\000\000"-
#1380230	REDUCE cov: 50 ft: 399 corp: 173/3077b lim: 4096 exec/s: 460076 rss: 36Mb L: 16/34 MS: 3 EraseBytes-ChangeBinInt-CopyPart-
#1397752	REDUCE cov: 50 ft: 399 corp: 173/3075b lim: 4096 exec/s: 465917 rss: 36Mb L: 25/34 MS: 2 EraseBytes-InsertByte-
#1404724	REDUCE cov: 50 ft: 399 corp: 173/3073b lim: 4096 exec/s: 468241 rss: 36Mb L: 16/34 MS: 2 PersAutoDict-EraseBytes- DE: "\377\377\377y"-
#1471072	REDUCE cov: 50 ft: 399 corp: 173/3071b lim: 4096 exec/s: 490357 rss: 36Mb L: 23/34 MS: 3 ChangeBinInt-EraseBytes-CrossOver-
#1508829	REDUCE cov: 50 ft: 399 corp: 173/3069b lim: 4096 exec/s: 502943 rss: 36Mb L: 17/34 MS: 2 EraseBytes-PersAutoDict- DE: "\377\377\377\377\377\377\377\377"-
#1557119	REDUCE cov: 50 ft: 399 corp: 173/3067b lim: 4096 exec/s: 519039 rss: 36Mb L: 15/34 MS: 5 ChangeBinInt-EraseBytes-InsertByte-PersAutoDict-EraseBytes- DE: "\377\377\377\377"-
#1569556	NEW    cov: 50 ft: 400 corp: 174/3098b lim: 4096 exec/s: 523185 rss: 36Mb L: 31/34 MS: 2 CopyPart-ChangeByte-
#1573012	NEW    cov: 50 ft: 406 corp: 175/3129b lim: 4096 exec/s: 524337 rss: 36Mb L: 31/34 MS: 1 ChangeASCIIInt-
#1573163	NEW    cov: 50 ft: 412 corp: 176/3160b lim: 4096 exec/s: 524387 rss: 36Mb L: 31/34 MS: 1 CrossOver-
#1780545	REDUCE cov: 50 ft: 412 corp: 176/3158b lim: 4096 exec/s: 593515 rss: 36Mb L: 16/34 MS: 2 PersAutoDict-EraseBytes- DE: "\377\377"-
#1806047	REDUCE cov: 50 ft: 412 corp: 176/3156b lim: 4096 exec/s: 451511 rss: 36Mb L: 16/34 MS: 2 ChangeByte-EraseBytes-
#1839099	REDUCE cov: 50 ft: 412 corp: 176/3154b lim: 4096 exec/s: 459774 rss: 36Mb L: 16/34 MS: 2 InsertByte-EraseBytes-
#1840912	REDUCE cov: 50 ft: 412 corp: 176/3152b lim: 4096 exec/s: 460228 rss: 36Mb L: 16/34 MS: 3 ChangeByte-ChangeBinInt-EraseBytes-
#1964534	REDUCE cov: 50 ft: 412 corp: 176/3150b lim: 4096 exec/s: 491133 rss: 36Mb L: 16/34 MS: 2 ChangeByte-EraseBytes-
#1992106	REDUCE cov: 50 ft: 412 corp: 176/3148b lim: 4096 exec/s: 498026 rss: 36Mb L: 16/34 MS: 2 InsertByte-EraseBytes-
#1994719	REDUCE cov: 50 ft: 412 corp: 176/3146b lim: 4096 exec/s: 498679 rss: 36Mb L: 16/34 MS: 3 ChangeByte-CopyPart-EraseBytes-
#2001512	REDUCE cov: 50 ft: 412 corp: 176/3144b lim: 4096 exec/s: 500378 rss: 36Mb L: 16/34 MS: 3 CopyPart-EraseBytes-ChangeBit-
#2039270	REDUCE cov: 50 ft: 412 corp: 176/3142b lim: 4096 exec/s: 509817 rss: 36Mb L: 16/34 MS: 3 EraseBytes-ChangeByte-ChangeByte-
#2097152	pulse  cov: 50 ft: 412 corp: 176/3142b lim: 4096 exec/s: 524288 rss: 36Mb
#2117059	REDUCE cov: 50 ft: 412 corp: 176/3140b lim: 4096 exec/s: 529264 rss: 36Mb L: 16/34 MS: 4 InsertRepeatedBytes-PersAutoDict-ChangeByte-EraseBytes- DE: "\000\000"-
#2132186	REDUCE cov: 50 ft: 412 corp: 176/3138b lim: 4096 exec/s: 533046 rss: 36Mb L: 16/34 MS: 2 EraseBytes-InsertByte-
#2280014	REDUCE cov: 50 ft: 412 corp: 176/3136b lim: 4096 exec/s: 456002 rss: 36Mb L: 16/34 MS: 3 ChangeByte-ShuffleBytes-EraseBytes-
#2289714	REDUCE cov: 50 ft: 412 corp: 176/3134b lim: 4096 exec/s: 457942 rss: 36Mb L: 21/34 MS: 5 ChangeByte-CrossOver-InsertByte-ChangeBinInt-EraseBytes-
#2377017	REDUCE cov: 50 ft: 412 corp: 176/3132b lim: 4096 exec/s: 475403 rss: 36Mb L: 16/34 MS: 3 InsertByte-EraseBytes-ChangeBit-
#2495359	REDUCE cov: 50 ft: 412 corp: 176/3130b lim: 4096 exec/s: 499071 rss: 36Mb L: 18/34 MS: 2 EraseBytes-InsertByte-
#2519129	REDUCE cov: 50 ft: 412 corp: 176/3128b lim: 4096 exec/s: 503825 rss: 36Mb L: 19/34 MS: 5 ChangeBinInt-ShuffleBytes-InsertByte-InsertByte-EraseBytes-
#2636067	REDUCE cov: 50 ft: 412 corp: 176/3126b lim: 4096 exec/s: 527213 rss: 36Mb L: 16/34 MS: 3 CopyPart-EraseBytes-ChangeByte-
#2754047	REDUCE cov: 50 ft: 412 corp: 176/3125b lim: 4096 exec/s: 459007 rss: 36Mb L: 15/34 MS: 5 EraseBytes-ShuffleBytes-ChangeByte-ChangeBit-ChangeByte-
#2917414	REDUCE cov: 50 ft: 412 corp: 176/3123b lim: 4096 exec/s: 486235 rss: 36Mb L: 16/34 MS: 2 ChangeBit-EraseBytes-
#3352646	REDUCE cov: 50 ft: 412 corp: 176/3121b lim: 4096 exec/s: 478949 rss: 36Mb L: 16/34 MS: 2 ChangeByte-EraseBytes-
#3493708	REDUCE cov: 50 ft: 413 corp: 177/3137b lim: 4096 exec/s: 499101 rss: 36Mb L: 16/34 MS: 2 ChangeBinInt-ChangeASCIIInt-
#3501339	NEW    cov: 50 ft: 414 corp: 178/3153b lim: 4096 exec/s: 500191 rss: 36Mb L: 16/34 MS: 1 ChangeBit-
#3616266	REDUCE cov: 50 ft: 414 corp: 178/3151b lim: 4096 exec/s: 452033 rss: 36Mb L: 16/34 MS: 2 ChangeBinInt-EraseBytes-
#3688056	REDUCE cov: 50 ft: 414 corp: 178/3149b lim: 4096 exec/s: 461007 rss: 36Mb L: 16/34 MS: 5 PersAutoDict-ChangeBit-InsertByte-CrossOver-EraseBytes- DE: "\377\377\377y"-
#3948388	REDUCE cov: 50 ft: 414 corp: 178/3147b lim: 4096 exec/s: 493548 rss: 36Mb L: 16/34 MS: 2 PersAutoDict-EraseBytes- DE: "\377\377\377\377\377\377\377\377"-
#4173106	REDUCE cov: 50 ft: 414 corp: 178/3145b lim: 4096 exec/s: 463678 rss: 36Mb L: 16/34 MS: 3 ShuffleBytes-ChangeByte-EraseBytes-
#4194304	pulse  cov: 50 ft: 414 corp: 178/3145b lim: 4096 exec/s: 466033 rss: 36Mb
#4620748	REDUCE cov: 50 ft: 414 corp: 178/3143b lim: 4096 exec/s: 462074 rss: 36Mb L: 16/34 MS: 2 ChangeBinInt-EraseBytes-
#4832605	REDUCE cov: 50 ft: 414 corp: 178/3141b lim: 4096 exec/s: 483260 rss: 36Mb L: 16/34 MS: 2 EraseBytes-InsertByte-
#6861367	REDUCE cov: 50 ft: 414 corp: 178/3139b lim: 4096 exec/s: 457424 rss: 36Mb L: 16/34 MS: 2 ChangeByte-EraseBytes-
#6959722	REDUCE cov: 50 ft: 414 corp: 178/3137b lim: 4096 exec/s: 463981 rss: 36Mb L: 16/34 MS: 5 ChangeByte-ChangeBinInt-EraseBytes-ChangeByte-ChangeByte-
#7034526	REDUCE cov: 50 ft: 414 corp: 178/3136b lim: 4096 exec/s: 468968 rss: 36Mb L: 16/34 MS: 4 InsertByte-ChangeByte-ChangeBit-EraseBytes-
#7149303	REDUCE cov: 50 ft: 414 corp: 178/3134b lim: 4096 exec/s: 476620 rss: 36Mb L: 16/34 MS: 2 EraseBytes-ChangeBit-
#8215231	REDUCE cov: 50 ft: 414 corp: 178/3132b lim: 4096 exec/s: 456401 rss: 36Mb L: 16/34 MS: 3 EraseBytes-ChangeBit-ChangeBinInt-
#8388608	pulse  cov: 50 ft: 414 corp: 178/3132b lim: 4096 exec/s: 466033 rss: 36Mb
#8695863	REDUCE cov: 50 ft: 414 corp: 178/3130b lim: 4096 exec/s: 457677 rss: 36Mb L: 16/34 MS: 2 EraseBytes-ChangeByte-
#8743479	NEW    cov: 50 ft: 415 corp: 179/3146b lim: 4096 exec/s: 460183 rss: 36Mb L: 16/34 MS: 1 ChangeASCIIInt-
#8748332	NEW    cov: 50 ft: 416 corp: 180/3168b lim: 4096 exec/s: 460438 rss: 36Mb L: 22/34 MS: 3 PersAutoDict-CopyPart-CopyPart- DE: "t\000\000\000"-
#8757244	NEW    cov: 50 ft: 417 corp: 181/3184b lim: 4096 exec/s: 460907 rss: 36Mb L: 16/34 MS: 2 ShuffleBytes-ChangeBinInt-
#8807675	NEW    cov: 50 ft: 418 corp: 182/3200b lim: 4096 exec/s: 463561 rss: 36Mb L: 16/34 MS: 1 ChangeBit-
#8910528	NEW    cov: 50 ft: 419 corp: 183/3218b lim: 4096 exec/s: 468975 rss: 36Mb L: 18/34 MS: 3 ShuffleBytes-ChangeByte-ChangeBit-
#8936800	REDUCE cov: 50 ft: 419 corp: 183/3216b lim: 4096 exec/s: 470357 rss: 36Mb L: 16/34 MS: 2 ChangeBinInt-EraseBytes-
#9314220	REDUCE cov: 50 ft: 421 corp: 184/3234b lim: 4096 exec/s: 465711 rss: 36Mb L: 18/34 MS: 5 CMP-CrossOver-PersAutoDict-ChangeBit-CopyPart- DE: "\377\377\377\377\377\377\377\032"-"\000\000"-
#9352159	REDUCE cov: 50 ft: 421 corp: 184/3232b lim: 4096 exec/s: 467607 rss: 36Mb L: 16/34 MS: 4 ShuffleBytes-InsertByte-ChangeBit-EraseBytes-
#11531444	REDUCE cov: 50 ft: 421 corp: 184/3231b lim: 4096 exec/s: 461257 rss: 36Mb L: 15/34 MS: 5 CopyPart-ChangeBit-EraseBytes-ChangeByte-EraseBytes-
#16296454	REDUCE cov: 50 ft: 421 corp: 184/3229b lim: 4096 exec/s: 452679 rss: 36Mb L: 17/34 MS: 5 PersAutoDict-ChangeBinInt-ShuffleBytes-EraseBytes-PersAutoDict- DE: "\001\000\000\000\000\000\000\""-"\377\377\377\377"-
#16681695	NEW    cov: 50 ft: 422 corp: 185/3251b lim: 4096 exec/s: 463380 rss: 36Mb L: 22/34 MS: 1 CrossOver-
#16715106	NEW    cov: 50 ft: 423 corp: 186/3273b lim: 4096 exec/s: 464308 rss: 36Mb L: 22/34 MS: 1 ChangeBit-
#16721502	NEW    cov: 50 ft: 425 corp: 187/3295b lim: 4096 exec/s: 464486 rss: 36Mb L: 22/34 MS: 1 CopyPart-
#16722588	NEW    cov: 50 ft: 426 corp: 188/3317b lim: 4096 exec/s: 464516 rss: 36Mb L: 22/34 MS: 1 ChangeBit-
#16777216	pulse  cov: 50 ft: 426 corp: 188/3317b lim: 4096 exec/s: 453438 rss: 36Mb
#16875004	NEW    cov: 50 ft: 427 corp: 189/3339b lim: 4096 exec/s: 456081 rss: 36Mb L: 22/34 MS: 1 ChangeBit-
#21004044	REDUCE cov: 50 ft: 427 corp: 189/3338b lim: 4096 exec/s: 456609 rss: 36Mb L: 15/34 MS: 5 ChangeByte-ChangeByte-EraseBytes-CopyPart-ChangeBit-
#21276234	REDUCE cov: 50 ft: 427 corp: 189/3337b lim: 4096 exec/s: 452685 rss: 36Mb L: 15/34 MS: 5 ChangeBit-PersAutoDict-ChangeBinInt-EraseBytes-InsertByte- DE: "\000\000\000\000\000\000\000,"-
#24252669	REDUCE cov: 50 ft: 428 corp: 190/3353b lim: 4096 exec/s: 457597 rss: 36Mb L: 16/34 MS: 5 ChangeASCIIInt-ChangeByte-ChangeBinInt-CrossOver-PersAutoDict- DE: "\377\377\377\377\377\377\377\377"-
#34248673	REDUCE cov: 50 ft: 428 corp: 190/3352b lim: 4096 exec/s: 450640 rss: 36Mb L: 15/34 MS: 4 CrossOver-ChangeBinInt-PersAutoDict-EraseBytes- DE: "\377\377\377\377\377\377\377\377"-
#37244307	REDUCE cov: 50 ft: 428 corp: 190/3351b lim: 4096 exec/s: 454198 rss: 36Mb L: 15/34 MS: 4 ChangeBit-ChangeBit-ChangeBinInt-EraseBytes-
#42276036	REDUCE cov: 50 ft: 428 corp: 190/3350b lim: 4096 exec/s: 454581 rss: 36Mb L: 15/34 MS: 4 PersAutoDict-EraseBytes-CMP-EraseBytes- DE: "\377\377\377\377\377\377\377\032"-" \000\000\000\000\000\000\000"-
#43289399	REDUCE cov: 50 ft: 428 corp: 190/3349b lim: 4096 exec/s: 450931 rss: 36Mb L: 21/34 MS: 3 ChangeBit-EraseBytes-CopyPart-
#43794530	REDUCE cov: 50 ft: 428 corp: 190/3348b lim: 4096 exec/s: 451490 rss: 36Mb L: 20/34 MS: 1 EraseBytes-
#45654822	REDUCE cov: 50 ft: 429 corp: 191/3368b lim: 4096 exec/s: 452027 rss: 36Mb L: 20/34 MS: 2 ChangeBit-CopyPart-
#48279199	REDUCE cov: 50 ft: 430 corp: 192/3402b lim: 4096 exec/s: 451207 rss: 36Mb L: 34/34 MS: 2 InsertRepeatedBytes-EraseBytes-
#49398305	REDUCE cov: 50 ft: 430 corp: 192/3401b lim: 4096 exec/s: 453195 rss: 36Mb L: 33/34 MS: 1 EraseBytes-
#50068712	NEW    cov: 50 ft: 431 corp: 193/3421b lim: 4096 exec/s: 451069 rss: 36Mb L: 20/34 MS: 2 ChangeByte-CopyPart-
#50513511	NEW    cov: 50 ft: 432 corp: 194/3453b lim: 4096 exec/s: 451013 rss: 36Mb L: 32/34 MS: 4 CrossOver-CopyPart-ChangeBit-EraseBytes-
#50519122	NEW    cov: 50 ft: 435 corp: 195/3485b lim: 4096 exec/s: 451063 rss: 36Mb L: 32/34 MS: 1 ShuffleBytes-
#67108864	pulse  cov: 50 ft: 435 corp: 195/3485b lim: 4096 exec/s: 450395 rss: 38Mb
#71265963	NEW    cov: 50 ft: 437 corp: 196/3517b lim: 4096 exec/s: 451050 rss: 38Mb L: 32/34 MS: 1 CrossOver-
#74336480	REDUCE cov: 50 ft: 437 corp: 196/3515b lim: 4096 exec/s: 450524 rss: 38Mb L: 20/34 MS: 2 CrossOver-EraseBytes-
#82384417	REDUCE cov: 50 ft: 437 corp: 196/3513b lim: 4096 exec/s: 452661 rss: 38Mb L: 20/34 MS: 2 EraseBytes-ShuffleBytes-
#84102610	REDUCE cov: 50 ft: 437 corp: 196/3512b lim: 4096 exec/s: 452164 rss: 38Mb L: 15/34 MS: 3 EraseBytes-PersAutoDict-InsertByte- DE: "\377\377\377\377"-
#119739005	REDUCE cov: 50 ft: 437 corp: 196/3509b lim: 4096 exec/s: 451845 rss: 38Mb L: 18/34 MS: 5 ChangeASCIIInt-ChangeBit-EraseBytes-ChangeByte-PersAutoDict- DE: "t\000\000\000"-
#124218874	REDUCE cov: 50 ft: 437 corp: 196/3508b lim: 4096 exec/s: 451704 rss: 38Mb L: 15/34 MS: 4 CopyPart-PersAutoDict-EraseBytes-EraseBytes- DE: " \000\000\000\000\000\000\000"-
#124509791	REDUCE cov: 50 ft: 437 corp: 196/3506b lim: 4096 exec/s: 451122 rss: 38Mb L: 20/34 MS: 2 CopyPart-EraseBytes-
#126777976	REDUCE cov: 50 ft: 437 corp: 196/3502b lim: 4096 exec/s: 451167 rss: 38Mb L: 16/34 MS: 5 ShuffleBytes-ChangeBinInt-ChangeByte-ChangeByte-EraseBytes-
#134217728	pulse  cov: 50 ft: 437 corp: 196/3502b lim: 4096 exec/s: 451911 rss: 38Mb
#137560403	REDUCE cov: 50 ft: 437 corp: 196/3500b lim: 4096 exec/s: 451017 rss: 38Mb L: 20/34 MS: 2 EraseBytes-EraseBytes-
#144527720	REDUCE cov: 50 ft: 437 corp: 196/3499b lim: 4096 exec/s: 451649 rss: 38Mb L: 30/34 MS: 2 EraseBytes-ChangeBit-
#146565168	REDUCE cov: 50 ft: 437 corp: 196/3495b lim: 4096 exec/s: 452361 rss: 38Mb L: 16/34 MS: 3 ChangeBit-EraseBytes-ChangeBinInt-
#157858265	REDUCE cov: 50 ft: 437 corp: 196/3493b lim: 4096 exec/s: 452315 rss: 38Mb L: 20/34 MS: 2 CopyPart-EraseBytes-
#158351718	REDUCE cov: 50 ft: 437 corp: 196/3492b lim: 4096 exec/s: 451144 rss: 38Mb L: 15/34 MS: 3 EraseBytes-ChangeBinInt-CopyPart-
#170721837	REDUCE cov: 50 ft: 437 corp: 196/3491b lim: 4096 exec/s: 451645 rss: 38Mb L: 30/34 MS: 4 ChangeBit-CrossOver-ChangeByte-EraseBytes-
#171137655	REDUCE cov: 50 ft: 437 corp: 196/3490b lim: 4096 exec/s: 451550 rss: 38Mb L: 15/34 MS: 3 CrossOver-PersAutoDict-EraseBytes- DE: "t\000\000\000"-
#185683109	REDUCE cov: 50 ft: 437 corp: 196/3489b lim: 4096 exec/s: 451783 rss: 38Mb L: 15/34 MS: 4 ChangeBinInt-ChangeBinInt-ChangeByte-EraseBytes-
#200400903	REDUCE cov: 50 ft: 437 corp: 196/3488b lim: 4096 exec/s: 451353 rss: 38Mb L: 15/34 MS: 4 ChangeBit-ChangeBit-EraseBytes-ChangeBinInt-
#201310405	REDUCE cov: 50 ft: 437 corp: 196/3487b lim: 4096 exec/s: 451368 rss: 38Mb L: 15/34 MS: 2 CrossOver-EraseBytes-
#215172470	REDUCE cov: 50 ft: 437 corp: 196/3486b lim: 4096 exec/s: 452043 rss: 38Mb L: 15/34 MS: 5 ChangeBit-ChangeBinInt-EraseBytes-ChangeBit-PersAutoDict- DE: "\377\377"-
#216135089	REDUCE cov: 50 ft: 437 corp: 196/3482b lim: 4096 exec/s: 452165 rss: 38Mb L: 16/34 MS: 4 ChangeBinInt-ChangeByte-ChangeBinInt-EraseBytes-
#220856412	REDUCE cov: 50 ft: 437 corp: 196/3478b lim: 4096 exec/s: 451649 rss: 38Mb L: 16/34 MS: 3 ChangeBit-ChangeBinInt-EraseBytes-
#224016055	REDUCE cov: 50 ft: 437 corp: 196/3477b lim: 4096 exec/s: 451645 rss: 38Mb L: 15/34 MS: 3 ChangeBit-EraseBytes-InsertByte-
#226201973	REDUCE cov: 50 ft: 437 corp: 196/3473b lim: 4096 exec/s: 451500 rss: 38Mb L: 16/34 MS: 3 ChangeByte-ShuffleBytes-EraseBytes-
#233149587	REDUCE cov: 50 ft: 437 corp: 196/3471b lim: 4096 exec/s: 451840 rss: 38Mb L: 20/34 MS: 4 EraseBytes-ChangeASCIIInt-CrossOver-CrossOver-
#239709657	NEW    cov: 50 ft: 438 corp: 197/3492b lim: 4096 exec/s: 451430 rss: 38Mb L: 21/34 MS: 5 EraseBytes-ChangeByte-EraseBytes-EraseBytes-InsertByte-
#242227129	NEW    cov: 50 ft: 439 corp: 198/3508b lim: 4096 exec/s: 451916 rss: 38Mb L: 16/34 MS: 2 CopyPart-ChangeASCIIInt-
#255908928	REDUCE cov: 50 ft: 439 corp: 198/3507b lim: 4096 exec/s: 452135 rss: 38Mb L: 15/34 MS: 4 InsertByte-EraseBytes-InsertByte-ChangeBinInt-
#267677252	REDUCE cov: 50 ft: 439 corp: 198/3505b lim: 4096 exec/s: 452157 rss: 38Mb L: 20/34 MS: 4 EraseBytes-PersAutoDict-ChangeASCIIInt-CrossOver- DE: "\377\377\377\377"-
==26386== libFuzzer: run interrupted; exiting
==26386== libFuzzer: run interrupted; exiting
