INFO: Running with entropic power schedule (0xFF, 100).
INFO: Seed: 799361486
INFO: Loaded 1 modules   (70 inline 8-bit counters): 70 [0x55d4bccdc030, 0x55d4bccdc076), 
INFO: Loaded 1 PC tables (70 PCs): 70 [0xc000068000,0xc000068460), 
INFO:        7 files found in corpus
INFO: -max_len is not provided; libFuzzer will not generate inputs larger than 4096 bytes
INFO: seed corpus: files: 7 min: 1b max: 403b total: 1285b rss: 29Mb
#8	INITED cov: 11 ft: 22 corp: 2/29b exec/s: 0 rss: 29Mb
#11	NEW    cov: 11 ft: 23 corp: 3/48b lim: 28 exec/s: 0 rss: 29Mb L: 19/28 MS: 3 ChangeByte-ShuffleBytes-InsertRepeatedBytes-
#16	NEW    cov: 11 ft: 25 corp: 4/68b lim: 28 exec/s: 0 rss: 29Mb L: 20/28 MS: 5 CMP-ChangeByte-CopyPart-ChangeBinInt-EraseBytes- DE: "\000\000"-
#29	NEW    cov: 11 ft: 29 corp: 5/78b lim: 28 exec/s: 0 rss: 29Mb L: 10/28 MS: 3 ChangeBinInt-ShuffleBytes-CrossOver-
#40	NEW    cov: 11 ft: 30 corp: 6/90b lim: 28 exec/s: 0 rss: 29Mb L: 12/28 MS: 1 CMP- DE: "\000\000"-
#66	NEW    cov: 11 ft: 32 corp: 7/105b lim: 28 exec/s: 0 rss: 29Mb L: 15/28 MS: 1 InsertRepeatedBytes-
#73	NEW    cov: 11 ft: 33 corp: 8/121b lim: 28 exec/s: 0 rss: 29Mb L: 16/28 MS: 2 PersAutoDict-EraseBytes- DE: "\000\000"-
#74	NEW    cov: 11 ft: 34 corp: 9/123b lim: 28 exec/s: 0 rss: 29Mb L: 2/28 MS: 1 InsertByte-
#92	NEW    cov: 11 ft: 35 corp: 10/134b lim: 28 exec/s: 0 rss: 29Mb L: 11/28 MS: 3 ChangeByte-ChangeBit-InsertByte-
#135	NEW    cov: 11 ft: 36 corp: 11/148b lim: 28 exec/s: 0 rss: 29Mb L: 14/28 MS: 3 PersAutoDict-InsertRepeatedBytes-EraseBytes- DE: "\000\000"-
#552	NEW    cov: 11 ft: 37 corp: 12/177b lim: 32 exec/s: 0 rss: 30Mb L: 29/29 MS: 2 CMP-CopyPart- DE: "\000\000\000\000\000\000\000\""-
#556	NEW    cov: 11 ft: 38 corp: 13/209b lim: 32 exec/s: 0 rss: 30Mb L: 32/32 MS: 4 ShuffleBytes-ChangeBinInt-InsertRepeatedBytes-InsertRepeatedBytes-
#634	REDUCE cov: 11 ft: 38 corp: 13/205b lim: 32 exec/s: 0 rss: 30Mb L: 7/32 MS: 3 ChangeBinInt-ChangeBinInt-EraseBytes-
#683	REDUCE cov: 13 ft: 44 corp: 14/233b lim: 32 exec/s: 0 rss: 30Mb L: 28/32 MS: 4 CrossOver-CopyPart-EraseBytes-CrossOver-
#732	NEW    cov: 13 ft: 45 corp: 15/265b lim: 32 exec/s: 0 rss: 30Mb L: 32/32 MS: 4 CopyPart-CopyPart-ChangeBit-InsertRepeatedBytes-
#733	NEW    cov: 13 ft: 46 corp: 16/297b lim: 32 exec/s: 0 rss: 30Mb L: 32/32 MS: 1 InsertRepeatedBytes-
#755	NEW    cov: 13 ft: 47 corp: 17/326b lim: 32 exec/s: 0 rss: 30Mb L: 29/32 MS: 2 EraseBytes-InsertByte-
#768	NEW    cov: 13 ft: 48 corp: 18/342b lim: 32 exec/s: 0 rss: 30Mb L: 16/32 MS: 3 ChangeBinInt-CrossOver-PersAutoDict- DE: "\000\000"-
#769	NEW    cov: 13 ft: 49 corp: 19/373b lim: 32 exec/s: 0 rss: 30Mb L: 31/32 MS: 1 PersAutoDict- DE: "\000\000"-
#791	REDUCE cov: 13 ft: 49 corp: 19/370b lim: 32 exec/s: 0 rss: 30Mb L: 17/32 MS: 2 ChangeBinInt-EraseBytes-
#843	REDUCE cov: 13 ft: 49 corp: 19/368b lim: 32 exec/s: 0 rss: 30Mb L: 29/32 MS: 2 CrossOver-InsertRepeatedBytes-
#935	NEW    cov: 25 ft: 99 corp: 20/386b lim: 32 exec/s: 0 rss: 30Mb L: 18/32 MS: 2 ChangeBit-PersAutoDict- DE: "\000\000"-
#976	NEW    cov: 25 ft: 100 corp: 21/402b lim: 32 exec/s: 0 rss: 30Mb L: 16/32 MS: 1 CopyPart-
#1000	NEW    cov: 25 ft: 103 corp: 22/424b lim: 32 exec/s: 0 rss: 30Mb L: 22/32 MS: 4 CMP-ChangeByte-ChangeByte-CopyPart- DE: "\000\000\000\000"-
#1071	REDUCE cov: 25 ft: 104 corp: 23/453b lim: 32 exec/s: 0 rss: 30Mb L: 29/32 MS: 1 ChangeBinInt-
#1087	REDUCE cov: 25 ft: 104 corp: 23/442b lim: 32 exec/s: 0 rss: 30Mb L: 18/32 MS: 1 EraseBytes-
#1193	NEW    cov: 25 ft: 106 corp: 24/464b lim: 32 exec/s: 0 rss: 30Mb L: 22/32 MS: 1 ChangeByte-
#1224	REDUCE cov: 25 ft: 107 corp: 25/482b lim: 32 exec/s: 0 rss: 30Mb L: 18/32 MS: 1 ChangeByte-
#1269	REDUCE cov: 25 ft: 107 corp: 25/471b lim: 32 exec/s: 0 rss: 30Mb L: 18/32 MS: 5 ChangeBit-PersAutoDict-InsertByte-CrossOver-CrossOver- DE: "\000\000\000\000"-
#1282	NEW    cov: 25 ft: 108 corp: 26/490b lim: 32 exec/s: 0 rss: 30Mb L: 19/32 MS: 3 EraseBytes-ShuffleBytes-CrossOver-
#1304	NEW    cov: 25 ft: 109 corp: 27/512b lim: 32 exec/s: 0 rss: 30Mb L: 22/32 MS: 2 ChangeBit-CopyPart-
#1307	NEW    cov: 25 ft: 110 corp: 28/528b lim: 32 exec/s: 0 rss: 30Mb L: 16/32 MS: 3 ChangeByte-ChangeBinInt-CrossOver-
#1318	NEW    cov: 25 ft: 111 corp: 29/546b lim: 32 exec/s: 0 rss: 30Mb L: 18/32 MS: 1 PersAutoDict- DE: "\000\000"-
#1525	REDUCE cov: 25 ft: 111 corp: 29/545b lim: 32 exec/s: 0 rss: 30Mb L: 31/32 MS: 2 ChangeByte-EraseBytes-
#1678	NEW    cov: 25 ft: 112 corp: 30/567b lim: 32 exec/s: 0 rss: 30Mb L: 22/32 MS: 3 CrossOver-EraseBytes-PersAutoDict- DE: "\000\000\000\000"-
#1683	REDUCE cov: 25 ft: 112 corp: 30/565b lim: 32 exec/s: 0 rss: 30Mb L: 26/32 MS: 5 EraseBytes-InsertRepeatedBytes-EraseBytes-ShuffleBytes-InsertRepeatedBytes-
#1710	NEW    cov: 30 ft: 127 corp: 31/589b lim: 32 exec/s: 0 rss: 30Mb L: 24/32 MS: 2 CopyPart-PersAutoDict- DE: "\000\000\000\000\000\000\000\""-
#1751	NEW    cov: 30 ft: 129 corp: 32/613b lim: 32 exec/s: 0 rss: 30Mb L: 24/32 MS: 1 CopyPart-
#1763	NEW    cov: 30 ft: 130 corp: 33/632b lim: 32 exec/s: 0 rss: 30Mb L: 19/32 MS: 2 ChangeBinInt-ShuffleBytes-
#1924	NEW    cov: 30 ft: 141 corp: 34/656b lim: 32 exec/s: 0 rss: 30Mb L: 24/32 MS: 1 CopyPart-
#1948	REDUCE cov: 30 ft: 141 corp: 34/654b lim: 32 exec/s: 0 rss: 30Mb L: 16/32 MS: 4 InsertRepeatedBytes-ShuffleBytes-CMP-EraseBytes- DE: "\000\000\000\000\020\300\032\355"-
#2061	REDUCE cov: 30 ft: 141 corp: 34/647b lim: 32 exec/s: 0 rss: 30Mb L: 19/32 MS: 3 EraseBytes-PersAutoDict-InsertRepeatedBytes- DE: "\000\000\000\000\000\000\000\""-
#2177	NEW    cov: 30 ft: 146 corp: 35/671b lim: 32 exec/s: 0 rss: 30Mb L: 24/32 MS: 1 ChangeByte-
#2210	REDUCE cov: 30 ft: 146 corp: 35/670b lim: 32 exec/s: 0 rss: 30Mb L: 18/32 MS: 3 ShuffleBytes-ChangeBit-EraseBytes-
#2256	NEW    cov: 30 ft: 148 corp: 36/692b lim: 32 exec/s: 0 rss: 30Mb L: 22/32 MS: 1 EraseBytes-
#2342	NEW    cov: 30 ft: 149 corp: 37/716b lim: 32 exec/s: 0 rss: 30Mb L: 24/32 MS: 1 EraseBytes-
#2453	NEW    cov: 30 ft: 150 corp: 38/740b lim: 32 exec/s: 0 rss: 30Mb L: 24/32 MS: 1 ChangeByte-
#2489	NEW    cov: 30 ft: 152 corp: 39/764b lim: 32 exec/s: 0 rss: 30Mb L: 24/32 MS: 1 ShuffleBytes-
#2500	NEW    cov: 30 ft: 155 corp: 40/788b lim: 32 exec/s: 0 rss: 30Mb L: 24/32 MS: 1 ChangeByte-
#2517	REDUCE cov: 30 ft: 155 corp: 40/787b lim: 32 exec/s: 0 rss: 30Mb L: 17/32 MS: 2 CMP-CrossOver- DE: "\004\000\000\000\000\000\000\000"-
#2654	NEW    cov: 30 ft: 157 corp: 41/807b lim: 32 exec/s: 0 rss: 30Mb L: 20/32 MS: 2 CMP-EraseBytes- DE: "\377\377"-
#2682	NEW    cov: 30 ft: 159 corp: 42/830b lim: 32 exec/s: 0 rss: 30Mb L: 23/32 MS: 3 InsertByte-InsertRepeatedBytes-EraseBytes-
#2720	REDUCE cov: 30 ft: 159 corp: 42/829b lim: 32 exec/s: 0 rss: 30Mb L: 15/32 MS: 3 CopyPart-CrossOver-CopyPart-
#2834	NEW    cov: 30 ft: 161 corp: 43/847b lim: 32 exec/s: 0 rss: 30Mb L: 18/32 MS: 4 ShuffleBytes-ShuffleBytes-PersAutoDict-CrossOver- DE: "\377\377"-
#2965	REDUCE cov: 30 ft: 161 corp: 43/837b lim: 32 exec/s: 0 rss: 31Mb L: 21/32 MS: 1 EraseBytes-
#3216	NEW    cov: 30 ft: 171 corp: 44/861b lim: 32 exec/s: 0 rss: 31Mb L: 24/32 MS: 1 CrossOver-
#3314	NEW    cov: 30 ft: 173 corp: 45/885b lim: 32 exec/s: 0 rss: 31Mb L: 24/32 MS: 3 ChangeBit-EraseBytes-InsertByte-
#3345	NEW    cov: 30 ft: 175 corp: 46/909b lim: 32 exec/s: 0 rss: 31Mb L: 24/32 MS: 1 ChangeByte-
#3553	NEW    cov: 30 ft: 176 corp: 47/933b lim: 32 exec/s: 0 rss: 31Mb L: 24/32 MS: 3 ChangeBinInt-ShuffleBytes-CMP- DE: "\000\000\000\000\000\000\000\024"-
#3838	REDUCE cov: 30 ft: 176 corp: 47/920b lim: 32 exec/s: 0 rss: 31Mb L: 19/32 MS: 5 ChangeBit-ChangeBit-ChangeByte-ChangeBinInt-EraseBytes-
#3981	REDUCE cov: 30 ft: 176 corp: 47/916b lim: 32 exec/s: 0 rss: 31Mb L: 18/32 MS: 3 ChangeByte-EraseBytes-ChangeBinInt-
#4401	REDUCE cov: 30 ft: 177 corp: 48/938b lim: 32 exec/s: 0 rss: 31Mb L: 22/32 MS: 5 InsertByte-ShuffleBytes-ChangeBit-ChangeBit-ChangeBinInt-
#4940	NEW    cov: 30 ft: 178 corp: 49/971b lim: 37 exec/s: 0 rss: 31Mb L: 33/33 MS: 4 InsertByte-InsertByte-PersAutoDict-InsertRepeatedBytes- DE: "\000\000\000\000\000\000\000\""-
#4975	NEW    cov: 30 ft: 180 corp: 50/1005b lim: 37 exec/s: 0 rss: 31Mb L: 34/34 MS: 5 ChangeBinInt-ShuffleBytes-ChangeByte-CopyPart-InsertByte-
#5106	NEW    cov: 30 ft: 181 corp: 51/1023b lim: 37 exec/s: 0 rss: 31Mb L: 18/34 MS: 1 ChangeByte-
#5327	REDUCE cov: 30 ft: 181 corp: 51/1022b lim: 37 exec/s: 0 rss: 31Mb L: 15/34 MS: 1 EraseBytes-
#5543	NEW    cov: 30 ft: 183 corp: 52/1042b lim: 37 exec/s: 0 rss: 31Mb L: 20/34 MS: 1 ShuffleBytes-
#5559	NEW    cov: 30 ft: 184 corp: 53/1074b lim: 37 exec/s: 0 rss: 31Mb L: 32/34 MS: 1 InsertRepeatedBytes-
#5755	REDUCE cov: 30 ft: 184 corp: 53/1072b lim: 37 exec/s: 0 rss: 31Mb L: 15/34 MS: 1 EraseBytes-
#5757	REDUCE cov: 30 ft: 184 corp: 53/1068b lim: 37 exec/s: 0 rss: 31Mb L: 18/34 MS: 2 CopyPart-EraseBytes-
#6033	REDUCE cov: 30 ft: 184 corp: 53/1057b lim: 37 exec/s: 0 rss: 31Mb L: 21/34 MS: 1 EraseBytes-
#6229	NEW    cov: 30 ft: 185 corp: 54/1080b lim: 37 exec/s: 0 rss: 31Mb L: 23/34 MS: 1 ChangeByte-
#6365	REDUCE cov: 32 ft: 192 corp: 55/1104b lim: 37 exec/s: 0 rss: 31Mb L: 24/34 MS: 1 CrossOver-
#6438	REDUCE cov: 32 ft: 192 corp: 55/1102b lim: 37 exec/s: 0 rss: 31Mb L: 20/34 MS: 3 ChangeByte-CopyPart-EraseBytes-
#6779	NEW    cov: 32 ft: 194 corp: 56/1126b lim: 37 exec/s: 0 rss: 32Mb L: 24/34 MS: 1 ChangeBinInt-
#6974	REDUCE cov: 32 ft: 194 corp: 56/1122b lim: 37 exec/s: 0 rss: 32Mb L: 25/34 MS: 5 InsertByte-PersAutoDict-CrossOver-ShuffleBytes-EraseBytes- DE: "\000\000\000\000\000\000\000\024"-
#6985	NEW    cov: 32 ft: 196 corp: 57/1146b lim: 37 exec/s: 0 rss: 32Mb L: 24/34 MS: 1 CopyPart-
#7736	REDUCE cov: 32 ft: 196 corp: 57/1145b lim: 42 exec/s: 0 rss: 32Mb L: 20/34 MS: 1 EraseBytes-
#8157	NEW    cov: 32 ft: 197 corp: 58/1169b lim: 42 exec/s: 0 rss: 32Mb L: 24/34 MS: 1 ChangeBit-
#8200	REDUCE cov: 32 ft: 197 corp: 58/1165b lim: 42 exec/s: 0 rss: 32Mb L: 15/34 MS: 3 EraseBytes-ShuffleBytes-InsertByte-
#8241	NEW    cov: 32 ft: 198 corp: 59/1189b lim: 42 exec/s: 0 rss: 32Mb L: 24/34 MS: 1 ChangeBinInt-
#8347	REDUCE cov: 32 ft: 198 corp: 59/1187b lim: 42 exec/s: 0 rss: 32Mb L: 18/34 MS: 1 EraseBytes-
#8365	NEW    cov: 32 ft: 203 corp: 60/1211b lim: 42 exec/s: 0 rss: 32Mb L: 24/34 MS: 3 ShuffleBytes-ChangeBit-PersAutoDict- DE: "\000\000"-
#9228	REDUCE cov: 32 ft: 203 corp: 60/1210b lim: 47 exec/s: 0 rss: 32Mb L: 15/34 MS: 3 CopyPart-ShuffleBytes-EraseBytes-
#9320	REDUCE cov: 32 ft: 203 corp: 60/1209b lim: 47 exec/s: 0 rss: 32Mb L: 24/34 MS: 2 ChangeBinInt-EraseBytes-
#9723	REDUCE cov: 32 ft: 203 corp: 60/1206b lim: 47 exec/s: 0 rss: 32Mb L: 15/34 MS: 3 ShuffleBytes-ChangeByte-CrossOver-
#10241	REDUCE cov: 32 ft: 203 corp: 60/1203b lim: 52 exec/s: 0 rss: 32Mb L: 21/34 MS: 3 PersAutoDict-EraseBytes-CopyPart- DE: "\000\000"-
#10261	REDUCE cov: 32 ft: 204 corp: 61/1218b lim: 52 exec/s: 0 rss: 32Mb L: 15/34 MS: 5 ChangeByte-InsertRepeatedBytes-ShuffleBytes-ChangeBit-EraseBytes-
#10454	REDUCE cov: 32 ft: 204 corp: 61/1215b lim: 52 exec/s: 0 rss: 32Mb L: 15/34 MS: 3 InsertByte-InsertRepeatedBytes-EraseBytes-
#10609	REDUCE cov: 32 ft: 204 corp: 61/1214b lim: 52 exec/s: 0 rss: 32Mb L: 15/34 MS: 5 EraseBytes-ChangeByte-ChangeBinInt-InsertByte-CopyPart-
#10616	NEW    cov: 32 ft: 205 corp: 62/1245b lim: 52 exec/s: 0 rss: 32Mb L: 31/34 MS: 2 ShuffleBytes-CopyPart-
#11049	REDUCE cov: 32 ft: 207 corp: 63/1269b lim: 52 exec/s: 0 rss: 32Mb L: 24/34 MS: 3 CopyPart-ChangeBit-CopyPart-
#11812	NEW    cov: 32 ft: 209 corp: 64/1293b lim: 57 exec/s: 0 rss: 33Mb L: 24/34 MS: 3 CrossOver-ChangeByte-EraseBytes-
#11813	REDUCE cov: 32 ft: 209 corp: 64/1291b lim: 57 exec/s: 0 rss: 33Mb L: 19/34 MS: 1 EraseBytes-
#13844	NEW    cov: 32 ft: 211 corp: 65/1322b lim: 73 exec/s: 0 rss: 33Mb L: 31/34 MS: 1 ShuffleBytes-
#13974	REDUCE cov: 32 ft: 211 corp: 65/1318b lim: 73 exec/s: 0 rss: 33Mb L: 16/34 MS: 5 ChangeByte-EraseBytes-ChangeBinInt-ChangeByte-ChangeBinInt-
#14000	NEW    cov: 32 ft: 213 corp: 66/1342b lim: 73 exec/s: 0 rss: 33Mb L: 24/34 MS: 1 ShuffleBytes-
#14211	NEW    cov: 32 ft: 215 corp: 67/1366b lim: 73 exec/s: 0 rss: 33Mb L: 24/34 MS: 1 ChangeBinInt-
#14298	NEW    cov: 46 ft: 271 corp: 68/1390b lim: 73 exec/s: 0 rss: 33Mb L: 24/34 MS: 2 ShuffleBytes-ChangeByte-
#15421	REDUCE cov: 46 ft: 271 corp: 68/1386b lim: 79 exec/s: 0 rss: 33Mb L: 17/34 MS: 3 ChangeBit-InsertByte-EraseBytes-
#16367	NEW    cov: 46 ft: 272 corp: 69/1410b lim: 85 exec/s: 0 rss: 34Mb L: 24/34 MS: 1 ChangeBit-
#17024	REDUCE cov: 46 ft: 272 corp: 69/1408b lim: 91 exec/s: 0 rss: 34Mb L: 16/34 MS: 2 EraseBytes-InsertByte-
#17220	NEW    cov: 46 ft: 273 corp: 70/1432b lim: 91 exec/s: 0 rss: 34Mb L: 24/34 MS: 1 ShuffleBytes-
#17473	NEW    cov: 47 ft: 274 corp: 71/1456b lim: 91 exec/s: 0 rss: 34Mb L: 24/34 MS: 3 ChangeBit-ChangeASCIIInt-CMP- DE: "\000\000"-
#18283	REDUCE cov: 47 ft: 274 corp: 71/1452b lim: 97 exec/s: 0 rss: 34Mb L: 15/34 MS: 5 ChangeBinInt-ChangeBinInt-InsertByte-InsertByte-EraseBytes-
#19104	NEW    cov: 47 ft: 275 corp: 72/1476b lim: 103 exec/s: 0 rss: 34Mb L: 24/34 MS: 1 ChangeBit-
#19515	NEW    cov: 47 ft: 276 corp: 73/1500b lim: 103 exec/s: 0 rss: 34Mb L: 24/34 MS: 1 ChangeBinInt-
#19791	NEW    cov: 47 ft: 278 corp: 74/1524b lim: 103 exec/s: 0 rss: 35Mb L: 24/34 MS: 1 ChangeByte-
#19982	NEW    cov: 47 ft: 286 corp: 75/1555b lim: 103 exec/s: 0 rss: 35Mb L: 31/34 MS: 1 CopyPart-
#21930	NEW    cov: 47 ft: 288 corp: 76/1579b lim: 121 exec/s: 0 rss: 35Mb L: 24/34 MS: 3 PersAutoDict-ChangeASCIIInt-ChangeBinInt- DE: "\000\000"-
#22257	NEW    cov: 47 ft: 289 corp: 77/1597b lim: 121 exec/s: 0 rss: 35Mb L: 18/34 MS: 2 ChangeBit-PersAutoDict- DE: "\004\000\000\000\000\000\000\000"-
#22883	NEW    cov: 47 ft: 290 corp: 78/1621b lim: 127 exec/s: 0 rss: 35Mb L: 24/34 MS: 1 ShuffleBytes-
#24804	NEW    cov: 47 ft: 292 corp: 79/1645b lim: 140 exec/s: 0 rss: 35Mb L: 24/34 MS: 1 ShuffleBytes-
#27825	NEW    cov: 47 ft: 293 corp: 80/1669b lim: 168 exec/s: 0 rss: 35Mb L: 24/34 MS: 1 CrossOver-
#29972	REDUCE cov: 47 ft: 293 corp: 80/1667b lim: 189 exec/s: 0 rss: 35Mb L: 20/34 MS: 2 PersAutoDict-EraseBytes- DE: "\377\377"-
#31515	REDUCE cov: 47 ft: 293 corp: 80/1666b lim: 203 exec/s: 0 rss: 35Mb L: 16/34 MS: 3 CrossOver-ShuffleBytes-EraseBytes-
#32177	REDUCE cov: 47 ft: 293 corp: 80/1664b lim: 203 exec/s: 0 rss: 35Mb L: 16/34 MS: 2 EraseBytes-ChangeBit-
#32628	NEW    cov: 47 ft: 298 corp: 81/1688b lim: 203 exec/s: 0 rss: 35Mb L: 24/34 MS: 1 ChangeBit-
#32969	NEW    cov: 47 ft: 299 corp: 82/1712b lim: 203 exec/s: 0 rss: 35Mb L: 24/34 MS: 1 ChangeBinInt-
#33211	REDUCE cov: 47 ft: 299 corp: 82/1710b lim: 203 exec/s: 0 rss: 35Mb L: 17/34 MS: 2 ChangeBinInt-EraseBytes-
#38529	REDUCE cov: 47 ft: 299 corp: 82/1706b lim: 252 exec/s: 0 rss: 35Mb L: 16/34 MS: 3 CrossOver-EraseBytes-InsertByte-
#40378	REDUCE cov: 47 ft: 299 corp: 82/1705b lim: 267 exec/s: 0 rss: 35Mb L: 31/34 MS: 4 PersAutoDict-EraseBytes-ChangeBit-CrossOver- DE: "\000\000"-
#41807	REDUCE cov: 47 ft: 299 corp: 82/1701b lim: 275 exec/s: 0 rss: 35Mb L: 19/34 MS: 4 ChangeByte-PersAutoDict-ChangeBit-EraseBytes- DE: "\377\377"-
#44662	REDUCE cov: 47 ft: 299 corp: 82/1699b lim: 299 exec/s: 0 rss: 35Mb L: 22/34 MS: 5 ChangeByte-ShuffleBytes-EraseBytes-PersAutoDict-ChangeByte- DE: "\000\000\000\000"-
#45085	REDUCE cov: 47 ft: 299 corp: 82/1698b lim: 299 exec/s: 0 rss: 35Mb L: 16/34 MS: 3 EraseBytes-ShuffleBytes-PersAutoDict- DE: "\377\377"-
#46301	NEW    cov: 47 ft: 301 corp: 83/1722b lim: 307 exec/s: 0 rss: 35Mb L: 24/34 MS: 1 CopyPart-
#47337	NEW    cov: 47 ft: 304 corp: 84/1746b lim: 315 exec/s: 0 rss: 35Mb L: 24/34 MS: 1 ChangeBit-
#47619	REDUCE cov: 47 ft: 304 corp: 84/1744b lim: 315 exec/s: 0 rss: 35Mb L: 22/34 MS: 2 EraseBytes-InsertByte-
#48987	NEW    cov: 48 ft: 309 corp: 85/1768b lim: 323 exec/s: 0 rss: 35Mb L: 24/34 MS: 3 ChangeBit-ChangeByte-ChangeByte-
#50853	NEW    cov: 48 ft: 310 corp: 86/1792b lim: 339 exec/s: 0 rss: 35Mb L: 24/34 MS: 1 CopyPart-
#50895	NEW    cov: 48 ft: 311 corp: 87/1816b lim: 339 exec/s: 0 rss: 35Mb L: 24/34 MS: 2 ShuffleBytes-CrossOver-
#51486	NEW    cov: 48 ft: 313 corp: 88/1840b lim: 339 exec/s: 0 rss: 35Mb L: 24/34 MS: 1 ChangeBit-
#51717	NEW    cov: 48 ft: 314 corp: 89/1864b lim: 339 exec/s: 0 rss: 35Mb L: 24/34 MS: 1 ChangeASCIIInt-
#52639	NEW    cov: 48 ft: 315 corp: 90/1888b lim: 347 exec/s: 0 rss: 35Mb L: 24/34 MS: 2 ShuffleBytes-ChangeByte-
#53195	NEW    cov: 48 ft: 316 corp: 91/1912b lim: 347 exec/s: 0 rss: 35Mb L: 24/34 MS: 1 ChangeASCIIInt-
#53396	NEW    cov: 48 ft: 317 corp: 92/1936b lim: 347 exec/s: 0 rss: 35Mb L: 24/34 MS: 1 ShuffleBytes-
#53517	NEW    cov: 48 ft: 318 corp: 93/1960b lim: 347 exec/s: 0 rss: 35Mb L: 24/34 MS: 1 CrossOver-
#54152	REDUCE cov: 48 ft: 319 corp: 94/1978b lim: 347 exec/s: 0 rss: 35Mb L: 18/34 MS: 5 ChangeByte-CMP-ChangeBinInt-ChangeByte-PersAutoDict- DE: "\001\000\000\000\000\000\000\030"-"\000\000\000\000\020\300\032\355"-
#54898	NEW    cov: 48 ft: 321 corp: 95/2002b lim: 347 exec/s: 0 rss: 35Mb L: 24/34 MS: 1 CopyPart-
#56156	NEW    cov: 48 ft: 322 corp: 96/2026b lim: 355 exec/s: 0 rss: 35Mb L: 24/34 MS: 3 ShuffleBytes-ChangeBit-ChangeASCIIInt-
#57438	REDUCE cov: 48 ft: 322 corp: 96/2024b lim: 363 exec/s: 0 rss: 35Mb L: 22/34 MS: 2 InsertByte-EraseBytes-
#58455	NEW    cov: 48 ft: 323 corp: 97/2048b lim: 371 exec/s: 0 rss: 35Mb L: 24/34 MS: 2 ChangeBit-ShuffleBytes-
#58617	NEW    cov: 48 ft: 324 corp: 98/2072b lim: 371 exec/s: 0 rss: 35Mb L: 24/34 MS: 2 ChangeBinInt-CopyPart-
#58654	NEW    cov: 48 ft: 325 corp: 99/2096b lim: 371 exec/s: 0 rss: 35Mb L: 24/34 MS: 2 ChangeBinInt-ShuffleBytes-
#61517	REDUCE cov: 48 ft: 325 corp: 99/2095b lim: 395 exec/s: 0 rss: 35Mb L: 15/34 MS: 3 CopyPart-EraseBytes-InsertByte-
#62138	NEW    cov: 48 ft: 326 corp: 100/2119b lim: 395 exec/s: 0 rss: 35Mb L: 24/34 MS: 1 CrossOver-
#62844	NEW    cov: 48 ft: 327 corp: 101/2143b lim: 395 exec/s: 0 rss: 35Mb L: 24/34 MS: 1 ChangeBit-
#64674	REDUCE cov: 48 ft: 327 corp: 101/2142b lim: 411 exec/s: 0 rss: 35Mb L: 18/34 MS: 5 EraseBytes-CrossOver-PersAutoDict-EraseBytes-InsertByte- DE: "\377\377"-
#66952	REDUCE cov: 48 ft: 327 corp: 101/2140b lim: 427 exec/s: 0 rss: 35Mb L: 22/34 MS: 3 EraseBytes-CopyPart-ChangeBit-
#72187	REDUCE cov: 48 ft: 327 corp: 101/2136b lim: 475 exec/s: 0 rss: 35Mb L: 20/34 MS: 5 PersAutoDict-InsertByte-PersAutoDict-EraseBytes-PersAutoDict- DE: "\000\000\000\000\000\000\000\024"-"\000\000\000\000"-"\377\377"-
#72699	NEW    cov: 48 ft: 328 corp: 102/2160b lim: 475 exec/s: 0 rss: 35Mb L: 24/34 MS: 2 ChangeBit-ChangeBit-
#75202	REDUCE cov: 48 ft: 328 corp: 102/2158b lim: 499 exec/s: 0 rss: 35Mb L: 22/34 MS: 3 EraseBytes-ShuffleBytes-ChangeBinInt-
#77815	NEW    cov: 48 ft: 330 corp: 103/2182b lim: 524 exec/s: 0 rss: 35Mb L: 24/34 MS: 3 ChangeBinInt-ShuffleBytes-ChangeBinInt-
#79071	REDUCE cov: 48 ft: 330 corp: 103/2181b lim: 533 exec/s: 0 rss: 35Mb L: 15/34 MS: 1 EraseBytes-
#79550	REDUCE cov: 48 ft: 330 corp: 103/2179b lim: 533 exec/s: 0 rss: 35Mb L: 20/34 MS: 4 ChangeByte-EraseBytes-InsertByte-InsertByte-
#81251	REDUCE cov: 48 ft: 330 corp: 103/2178b lim: 542 exec/s: 0 rss: 35Mb L: 17/34 MS: 1 EraseBytes-
#82994	NEW    cov: 48 ft: 331 corp: 104/2209b lim: 551 exec/s: 0 rss: 35Mb L: 31/34 MS: 3 ChangeBit-ChangeBinInt-ChangeBinInt-
#84221	REDUCE cov: 48 ft: 331 corp: 104/2207b lim: 560 exec/s: 0 rss: 35Mb L: 22/34 MS: 2 ChangeByte-EraseBytes-
#86953	REDUCE cov: 48 ft: 331 corp: 104/2205b lim: 587 exec/s: 0 rss: 35Mb L: 17/34 MS: 2 ChangeBinInt-EraseBytes-
#94404	NEW    cov: 48 ft: 332 corp: 105/2229b lim: 659 exec/s: 0 rss: 35Mb L: 24/34 MS: 1 ShuffleBytes-
#96235	NEW    cov: 48 ft: 333 corp: 106/2253b lim: 677 exec/s: 0 rss: 35Mb L: 24/34 MS: 1 ChangeBit-
#97732	NEW    cov: 48 ft: 335 corp: 107/2277b lim: 686 exec/s: 0 rss: 35Mb L: 24/34 MS: 2 ShuffleBytes-ChangeASCIIInt-
#101049	REDUCE cov: 48 ft: 335 corp: 107/2275b lim: 713 exec/s: 0 rss: 35Mb L: 20/34 MS: 2 EraseBytes-InsertByte-
#112152	REDUCE cov: 48 ft: 335 corp: 107/2273b lim: 821 exec/s: 0 rss: 35Mb L: 22/34 MS: 3 ChangeByte-CrossOver-EraseBytes-
#113673	NEW    cov: 48 ft: 337 corp: 108/2297b lim: 830 exec/s: 0 rss: 35Mb L: 24/34 MS: 1 ChangeBit-
#116299	NEW    cov: 48 ft: 338 corp: 109/2321b lim: 848 exec/s: 0 rss: 35Mb L: 24/34 MS: 1 ChangeASCIIInt-
#116449	REDUCE cov: 48 ft: 338 corp: 109/2319b lim: 848 exec/s: 0 rss: 35Mb L: 18/34 MS: 5 ChangeBit-InsertByte-ChangeBinInt-ChangeBinInt-EraseBytes-
#119855	REDUCE cov: 48 ft: 339 corp: 110/2341b lim: 875 exec/s: 0 rss: 35Mb L: 22/34 MS: 1 ChangeASCIIInt-
#130898	REDUCE cov: 48 ft: 339 corp: 110/2339b lim: 983 exec/s: 0 rss: 35Mb L: 20/34 MS: 3 CrossOver-CopyPart-EraseBytes-
#131381	NEW    cov: 48 ft: 340 corp: 111/2361b lim: 983 exec/s: 0 rss: 35Mb L: 22/34 MS: 3 ChangeBit-ChangeASCIIInt-CopyPart-
#131667	NEW    cov: 48 ft: 341 corp: 112/2383b lim: 983 exec/s: 0 rss: 35Mb L: 22/34 MS: 1 ShuffleBytes-
#134574	NEW    cov: 48 ft: 342 corp: 113/2405b lim: 1010 exec/s: 0 rss: 35Mb L: 22/34 MS: 2 PersAutoDict-ShuffleBytes- DE: "\000\000"-
#135525	NEW    cov: 48 ft: 343 corp: 114/2427b lim: 1019 exec/s: 0 rss: 35Mb L: 22/34 MS: 1 ChangeBit-
#136051	NEW    cov: 49 ft: 355 corp: 115/2458b lim: 1019 exec/s: 0 rss: 35Mb L: 31/34 MS: 1 ChangeBit-
#144559	REDUCE cov: 49 ft: 355 corp: 115/2456b lim: 1098 exec/s: 0 rss: 35Mb L: 16/34 MS: 3 ShuffleBytes-ChangeByte-EraseBytes-
#149535	NEW    cov: 49 ft: 356 corp: 116/2478b lim: 1138 exec/s: 0 rss: 35Mb L: 22/34 MS: 1 ShuffleBytes-
#155208	REDUCE cov: 49 ft: 357 corp: 117/2500b lim: 1188 exec/s: 0 rss: 35Mb L: 22/34 MS: 3 InsertByte-EraseBytes-InsertByte-
#155406	NEW    cov: 49 ft: 358 corp: 118/2524b lim: 1188 exec/s: 0 rss: 35Mb L: 24/34 MS: 3 ChangeBinInt-CrossOver-ShuffleBytes-
#155726	REDUCE cov: 49 ft: 358 corp: 118/2522b lim: 1188 exec/s: 0 rss: 35Mb L: 15/34 MS: 5 ChangeBinInt-EraseBytes-ShuffleBytes-ChangeByte-InsertByte-
#157220	REDUCE cov: 49 ft: 358 corp: 118/2515b lim: 1198 exec/s: 0 rss: 35Mb L: 15/34 MS: 4 EraseBytes-ChangeBinInt-ChangeByte-ChangeBit-
#160937	NEW    cov: 49 ft: 359 corp: 119/2539b lim: 1228 exec/s: 0 rss: 35Mb L: 24/34 MS: 2 ChangeBit-CMP- DE: "B\000\000\000"-
#166635	REDUCE cov: 49 ft: 359 corp: 119/2537b lim: 1278 exec/s: 0 rss: 35Mb L: 20/34 MS: 3 EraseBytes-PersAutoDict-CopyPart- DE: "\000\000\000\000"-
#168476	NEW    cov: 49 ft: 360 corp: 120/2559b lim: 1288 exec/s: 0 rss: 35Mb L: 22/34 MS: 1 CopyPart-
#174843	REDUCE cov: 49 ft: 360 corp: 120/2557b lim: 1348 exec/s: 0 rss: 35Mb L: 22/34 MS: 2 InsertByte-EraseBytes-
#178127	REDUCE cov: 49 ft: 360 corp: 120/2553b lim: 1378 exec/s: 0 rss: 35Mb L: 16/34 MS: 4 CrossOver-ChangeBinInt-CrossOver-EraseBytes-
#178558	NEW    cov: 49 ft: 361 corp: 121/2577b lim: 1378 exec/s: 0 rss: 35Mb L: 24/34 MS: 1 CrossOver-
#187009	NEW    cov: 49 ft: 362 corp: 122/2599b lim: 1458 exec/s: 0 rss: 35Mb L: 22/34 MS: 1 CopyPart-
#195006	REDUCE cov: 49 ft: 362 corp: 122/2597b lim: 1528 exec/s: 0 rss: 35Mb L: 22/34 MS: 2 EraseBytes-CrossOver-
#196481	REDUCE cov: 49 ft: 362 corp: 122/2595b lim: 1538 exec/s: 0 rss: 35Mb L: 29/34 MS: 5 CrossOver-EraseBytes-ChangeBit-ShuffleBytes-ChangeByte-
#198699	NEW    cov: 49 ft: 363 corp: 123/2617b lim: 1558 exec/s: 0 rss: 35Mb L: 22/34 MS: 3 ShuffleBytes-ChangeASCIIInt-CopyPart-
#200076	NEW    cov: 49 ft: 364 corp: 124/2635b lim: 1568 exec/s: 0 rss: 35Mb L: 18/34 MS: 2 CrossOver-CMP- DE: "\377\377"-
#215783	NEW    cov: 49 ft: 368 corp: 125/2659b lim: 1718 exec/s: 0 rss: 35Mb L: 24/34 MS: 2 ChangeASCIIInt-ShuffleBytes-
#219615	NEW    cov: 49 ft: 369 corp: 126/2681b lim: 1748 exec/s: 0 rss: 35Mb L: 22/34 MS: 2 ChangeBinInt-ChangeBinInt-
#226073	REDUCE cov: 49 ft: 369 corp: 126/2677b lim: 1808 exec/s: 0 rss: 35Mb L: 16/34 MS: 3 EraseBytes-ChangeBinInt-InsertByte-
#226569	NEW    cov: 49 ft: 370 corp: 127/2701b lim: 1808 exec/s: 0 rss: 35Mb L: 24/34 MS: 1 ChangeASCIIInt-
#231216	REDUCE cov: 49 ft: 370 corp: 127/2699b lim: 1848 exec/s: 0 rss: 35Mb L: 20/34 MS: 2 EraseBytes-ChangeBinInt-
#234201	REDUCE cov: 49 ft: 370 corp: 127/2697b lim: 1868 exec/s: 0 rss: 35Mb L: 22/34 MS: 5 InsertByte-ChangeByte-ShuffleBytes-CopyPart-EraseBytes-
#236182	NEW    cov: 49 ft: 371 corp: 128/2719b lim: 1878 exec/s: 0 rss: 35Mb L: 22/34 MS: 1 ChangeBinInt-
#236672	REDUCE cov: 49 ft: 371 corp: 128/2717b lim: 1878 exec/s: 0 rss: 35Mb L: 20/34 MS: 5 PersAutoDict-EraseBytes-CrossOver-ChangeBit-ChangeBinInt- DE: "\000\000\000\000\000\000\000\024"-
#238492	NEW    cov: 49 ft: 372 corp: 129/2739b lim: 1888 exec/s: 0 rss: 35Mb L: 22/34 MS: 5 EraseBytes-ChangeBit-CopyPart-CopyPart-EraseBytes-
#238784	NEW    cov: 49 ft: 373 corp: 130/2755b lim: 1888 exec/s: 0 rss: 35Mb L: 16/34 MS: 2 ChangeBinInt-EraseBytes-
#239226	NEW    cov: 49 ft: 374 corp: 131/2777b lim: 1888 exec/s: 0 rss: 35Mb L: 22/34 MS: 2 ChangeByte-ChangeBinInt-
#240063	NEW    cov: 49 ft: 375 corp: 132/2799b lim: 1888 exec/s: 0 rss: 35Mb L: 22/34 MS: 2 CopyPart-CopyPart-
#240289	NEW    cov: 49 ft: 377 corp: 133/2821b lim: 1888 exec/s: 0 rss: 35Mb L: 22/34 MS: 1 ShuffleBytes-
#240471	REDUCE cov: 49 ft: 377 corp: 133/2819b lim: 1888 exec/s: 0 rss: 35Mb L: 20/34 MS: 2 EraseBytes-InsertByte-
#241012	REDUCE cov: 49 ft: 378 corp: 134/2839b lim: 1888 exec/s: 0 rss: 35Mb L: 20/34 MS: 1 ShuffleBytes-
#242511	NEW    cov: 49 ft: 379 corp: 135/2859b lim: 1898 exec/s: 0 rss: 35Mb L: 20/34 MS: 4 InsertByte-EraseBytes-ChangeBinInt-ChangeByte-
#242872	NEW    cov: 49 ft: 380 corp: 136/2881b lim: 1898 exec/s: 0 rss: 35Mb L: 22/34 MS: 1 ChangeASCIIInt-
#243233	NEW    cov: 49 ft: 382 corp: 137/2901b lim: 1898 exec/s: 0 rss: 35Mb L: 20/34 MS: 1 CopyPart-
#245599	NEW    cov: 49 ft: 383 corp: 138/2923b lim: 1918 exec/s: 0 rss: 35Mb L: 22/34 MS: 1 ShuffleBytes-
#246725	NEW    cov: 49 ft: 385 corp: 139/2943b lim: 1928 exec/s: 0 rss: 35Mb L: 20/34 MS: 1 ChangeByte-
#253298	REDUCE cov: 49 ft: 385 corp: 139/2941b lim: 1988 exec/s: 0 rss: 35Mb L: 20/34 MS: 3 ChangeByte-CrossOver-InsertByte-
#254150	NEW    cov: 49 ft: 386 corp: 140/2965b lim: 1988 exec/s: 0 rss: 35Mb L: 24/34 MS: 2 PersAutoDict-PersAutoDict- DE: "\000\000\000\000\000\000\000\024"-"\000\000\000\000\000\000\000\""-
#254621	NEW    cov: 49 ft: 387 corp: 141/2985b lim: 1988 exec/s: 0 rss: 35Mb L: 20/34 MS: 1 ChangeBinInt-
#260389	NEW    cov: 49 ft: 388 corp: 142/3009b lim: 2038 exec/s: 0 rss: 35Mb L: 24/34 MS: 3 ChangeByte-ChangeASCIIInt-CMP- DE: "F\000\000\000"-
#260770	NEW    cov: 49 ft: 389 corp: 143/3031b lim: 2038 exec/s: 0 rss: 35Mb L: 22/34 MS: 1 ChangeBinInt-
#263083	REDUCE cov: 49 ft: 389 corp: 143/3029b lim: 2059 exec/s: 0 rss: 35Mb L: 20/34 MS: 3 CrossOver-EraseBytes-ChangeBinInt-
#270727	REDUCE cov: 49 ft: 389 corp: 143/3027b lim: 2125 exec/s: 0 rss: 35Mb L: 22/34 MS: 4 EraseBytes-ChangeByte-ChangeBit-CMP- DE: "\017\000\000\000\000\000\000\000"-
#275250	REDUCE cov: 49 ft: 389 corp: 143/3025b lim: 2169 exec/s: 0 rss: 35Mb L: 22/34 MS: 3 ChangeBit-EraseBytes-ChangeBinInt-
#276141	NEW    cov: 49 ft: 390 corp: 144/3045b lim: 2169 exec/s: 0 rss: 35Mb L: 20/34 MS: 1 ChangeBit-
#282006	REDUCE cov: 49 ft: 390 corp: 144/3041b lim: 2224 exec/s: 0 rss: 35Mb L: 18/34 MS: 5 ShuffleBytes-ChangeBinInt-ShuffleBytes-ShuffleBytes-EraseBytes-
#282268	REDUCE cov: 49 ft: 390 corp: 144/3039b lim: 2224 exec/s: 0 rss: 35Mb L: 20/34 MS: 2 EraseBytes-ChangeByte-
#282693	REDUCE cov: 49 ft: 390 corp: 144/3037b lim: 2224 exec/s: 0 rss: 35Mb L: 22/34 MS: 5 EraseBytes-ChangeBit-InsertByte-CopyPart-EraseBytes-
#283700	REDUCE cov: 49 ft: 390 corp: 144/3035b lim: 2224 exec/s: 0 rss: 35Mb L: 20/34 MS: 2 EraseBytes-InsertByte-
#283958	REDUCE cov: 49 ft: 390 corp: 144/3033b lim: 2224 exec/s: 0 rss: 35Mb L: 27/34 MS: 3 CrossOver-InsertByte-EraseBytes-
#286269	NEW    cov: 49 ft: 391 corp: 145/3057b lim: 2246 exec/s: 0 rss: 35Mb L: 24/34 MS: 1 ChangeBit-
#288566	NEW    cov: 49 ft: 392 corp: 146/3077b lim: 2268 exec/s: 0 rss: 35Mb L: 20/34 MS: 2 ShuffleBytes-ChangeBit-
#293119	NEW    cov: 49 ft: 393 corp: 147/3101b lim: 2312 exec/s: 0 rss: 35Mb L: 24/34 MS: 3 ShuffleBytes-CopyPart-ChangeBinInt-
#296775	NEW    cov: 50 ft: 396 corp: 148/3121b lim: 2345 exec/s: 0 rss: 35Mb L: 20/34 MS: 1 ChangeBinInt-
#300377	REDUCE cov: 50 ft: 396 corp: 148/3119b lim: 2378 exec/s: 0 rss: 35Mb L: 20/34 MS: 2 EraseBytes-ChangeByte-
#312049	REDUCE cov: 50 ft: 396 corp: 148/3117b lim: 2488 exec/s: 0 rss: 35Mb L: 20/34 MS: 2 EraseBytes-ChangeByte-
#336930	NEW    cov: 50 ft: 397 corp: 149/3148b lim: 2730 exec/s: 0 rss: 36Mb L: 31/34 MS: 1 ChangeBinInt-
#336958	REDUCE cov: 50 ft: 397 corp: 149/3140b lim: 2730 exec/s: 0 rss: 36Mb L: 23/34 MS: 3 ShuffleBytes-ChangeBinInt-EraseBytes-
#337790	REDUCE cov: 50 ft: 397 corp: 149/3132b lim: 2730 exec/s: 0 rss: 36Mb L: 15/34 MS: 2 ShuffleBytes-EraseBytes-
#344471	REDUCE cov: 50 ft: 399 corp: 150/3164b lim: 2796 exec/s: 0 rss: 36Mb L: 32/34 MS: 1 InsertRepeatedBytes-
#355004	REDUCE cov: 50 ft: 399 corp: 150/3162b lim: 2895 exec/s: 0 rss: 36Mb L: 30/34 MS: 3 CrossOver-ChangeBit-EraseBytes-
#370926	NEW    cov: 50 ft: 400 corp: 151/3186b lim: 3049 exec/s: 0 rss: 36Mb L: 24/34 MS: 2 ChangeBinInt-ChangeBit-
#376358	NEW    cov: 50 ft: 402 corp: 152/3210b lim: 3093 exec/s: 0 rss: 36Mb L: 24/34 MS: 2 ChangeBit-ChangeBit-
#381426	REDUCE cov: 50 ft: 402 corp: 152/3209b lim: 3137 exec/s: 0 rss: 36Mb L: 17/34 MS: 3 InsertByte-ChangeBit-EraseBytes-
#382157	NEW    cov: 50 ft: 403 corp: 153/3233b lim: 3137 exec/s: 0 rss: 36Mb L: 24/34 MS: 1 ChangeBit-
#387424	REDUCE cov: 50 ft: 403 corp: 153/3231b lim: 3181 exec/s: 0 rss: 36Mb L: 20/34 MS: 2 EraseBytes-ChangeBinInt-
#396720	NEW    cov: 50 ft: 405 corp: 154/3255b lim: 3269 exec/s: 396720 rss: 36Mb L: 24/34 MS: 1 ChangeBit-
#401170	REDUCE cov: 50 ft: 405 corp: 154/3253b lim: 3313 exec/s: 401170 rss: 36Mb L: 16/34 MS: 5 InsertByte-ChangeByte-ShuffleBytes-ShuffleBytes-EraseBytes-
#402282	REDUCE cov: 50 ft: 405 corp: 154/3251b lim: 3324 exec/s: 402282 rss: 36Mb L: 18/34 MS: 2 InsertByte-EraseBytes-
#417936	REDUCE cov: 50 ft: 405 corp: 154/3249b lim: 3478 exec/s: 417936 rss: 36Mb L: 28/34 MS: 4 ChangeBinInt-EraseBytes-ChangeBit-CMP- DE: "\017\000\000\000\000\000\000\000"-
#419894	REDUCE cov: 50 ft: 405 corp: 154/3239b lim: 3489 exec/s: 419894 rss: 36Mb L: 18/34 MS: 3 EraseBytes-InsertByte-ChangeBinInt-
#431653	REDUCE cov: 50 ft: 405 corp: 154/3237b lim: 3599 exec/s: 431653 rss: 36Mb L: 22/34 MS: 4 EraseBytes-CopyPart-InsertByte-ChangeByte-
#445146	REDUCE cov: 50 ft: 405 corp: 154/3235b lim: 3731 exec/s: 445146 rss: 36Mb L: 18/34 MS: 3 ShuffleBytes-EraseBytes-EraseBytes-
#473459	REDUCE cov: 50 ft: 405 corp: 154/3233b lim: 4006 exec/s: 473459 rss: 36Mb L: 20/34 MS: 3 ChangeASCIIInt-ChangeBit-EraseBytes-
#477441	REDUCE cov: 50 ft: 405 corp: 154/3231b lim: 4039 exec/s: 477441 rss: 36Mb L: 20/34 MS: 2 CopyPart-EraseBytes-
#483960	REDUCE cov: 50 ft: 405 corp: 154/3229b lim: 4094 exec/s: 483960 rss: 36Mb L: 22/34 MS: 4 EraseBytes-CopyPart-CMP-ChangeBit- DE: "1\000"-
#491474	REDUCE cov: 50 ft: 405 corp: 154/3227b lim: 4096 exec/s: 491474 rss: 36Mb L: 16/34 MS: 4 ShuffleBytes-ChangeASCIIInt-InsertByte-EraseBytes-
#495253	REDUCE cov: 50 ft: 405 corp: 154/3221b lim: 4096 exec/s: 495253 rss: 36Mb L: 18/34 MS: 4 ChangeBinInt-ChangeBit-EraseBytes-ChangeByte-
#502181	REDUCE cov: 50 ft: 405 corp: 154/3219b lim: 4096 exec/s: 502181 rss: 36Mb L: 15/34 MS: 3 ChangeBinInt-CopyPart-EraseBytes-
#504500	REDUCE cov: 50 ft: 405 corp: 154/3217b lim: 4096 exec/s: 504500 rss: 36Mb L: 18/34 MS: 4 CopyPart-PersAutoDict-EraseBytes-ShuffleBytes- DE: "\377\377"-
#509066	NEW    cov: 50 ft: 406 corp: 155/3241b lim: 4096 exec/s: 509066 rss: 36Mb L: 24/34 MS: 1 ChangeBit-
#535040	REDUCE cov: 50 ft: 406 corp: 155/3239b lim: 4096 exec/s: 535040 rss: 36Mb L: 20/34 MS: 4 ChangeBit-ChangeByte-ChangeBit-EraseBytes-
#552848	REDUCE cov: 50 ft: 406 corp: 155/3237b lim: 4096 exec/s: 552848 rss: 36Mb L: 16/34 MS: 3 EraseBytes-ChangeByte-ChangeByte-
#563352	REDUCE cov: 50 ft: 406 corp: 155/3235b lim: 4096 exec/s: 563352 rss: 36Mb L: 22/34 MS: 4 EraseBytes-CMP-ChangeBinInt-CMP- DE: "\377B"-"\3770"-
#578099	REDUCE cov: 50 ft: 406 corp: 155/3233b lim: 4096 exec/s: 578099 rss: 36Mb L: 20/34 MS: 2 EraseBytes-InsertByte-
#593011	NEW    cov: 50 ft: 407 corp: 156/3257b lim: 4096 exec/s: 593011 rss: 36Mb L: 24/34 MS: 2 ChangeASCIIInt-ChangeBinInt-
#610314	REDUCE cov: 50 ft: 407 corp: 156/3255b lim: 4096 exec/s: 610314 rss: 36Mb L: 18/34 MS: 3 CrossOver-EraseBytes-CMP- DE: "\377\377\377/"-
#620307	REDUCE cov: 50 ft: 407 corp: 156/3253b lim: 4096 exec/s: 620307 rss: 36Mb L: 22/34 MS: 3 CopyPart-EraseBytes-InsertByte-
#624175	REDUCE cov: 50 ft: 407 corp: 156/3251b lim: 4096 exec/s: 624175 rss: 36Mb L: 20/34 MS: 3 ChangeBit-ChangeBit-EraseBytes-
#626161	NEW    cov: 50 ft: 408 corp: 157/3271b lim: 4096 exec/s: 626161 rss: 36Mb L: 20/34 MS: 1 ChangeBit-
#631707	REDUCE cov: 50 ft: 409 corp: 158/3301b lim: 4096 exec/s: 631707 rss: 36Mb L: 30/34 MS: 1 CrossOver-
#639079	REDUCE cov: 50 ft: 409 corp: 158/3299b lim: 4096 exec/s: 639079 rss: 36Mb L: 28/34 MS: 2 InsertByte-EraseBytes-
#669647	NEW    cov: 50 ft: 410 corp: 159/3323b lim: 4096 exec/s: 669647 rss: 36Mb L: 24/34 MS: 3 ChangeASCIIInt-ChangeBit-CrossOver-
#676035	REDUCE cov: 50 ft: 410 corp: 159/3321b lim: 4096 exec/s: 676035 rss: 36Mb L: 16/34 MS: 3 EraseBytes-InsertByte-PersAutoDict- DE: "\377\377"-
#687968	REDUCE cov: 50 ft: 410 corp: 159/3319b lim: 4096 exec/s: 687968 rss: 36Mb L: 26/34 MS: 3 EraseBytes-InsertByte-PersAutoDict- DE: "\377B"-
#726663	REDUCE cov: 50 ft: 410 corp: 159/3315b lim: 4096 exec/s: 726663 rss: 36Mb L: 18/34 MS: 5 ChangeBinInt-ChangeBinInt-ChangeByte-CrossOver-EraseBytes-
#733683	REDUCE cov: 50 ft: 410 corp: 159/3313b lim: 4096 exec/s: 733683 rss: 36Mb L: 18/34 MS: 5 ChangeByte-EraseBytes-ChangeBinInt-ChangeBit-PersAutoDict- DE: "\377B"-
#785497	REDUCE cov: 50 ft: 410 corp: 159/3311b lim: 4096 exec/s: 785497 rss: 36Mb L: 24/34 MS: 4 EraseBytes-ShuffleBytes-CopyPart-EraseBytes-
#813875	REDUCE cov: 50 ft: 410 corp: 159/3309b lim: 4096 exec/s: 813875 rss: 36Mb L: 16/34 MS: 3 EraseBytes-CrossOver-ChangeBinInt-
#819450	REDUCE cov: 50 ft: 410 corp: 159/3307b lim: 4096 exec/s: 819450 rss: 36Mb L: 15/34 MS: 5 ChangeByte-EraseBytes-ChangeByte-ChangeBinInt-CopyPart-
#837968	REDUCE cov: 50 ft: 410 corp: 159/3303b lim: 4096 exec/s: 837968 rss: 36Mb L: 18/34 MS: 3 EraseBytes-ChangeBinInt-ChangeBinInt-
#844005	REDUCE cov: 50 ft: 410 corp: 159/3301b lim: 4096 exec/s: 422002 rss: 36Mb L: 22/34 MS: 2 InsertByte-EraseBytes-
#860257	REDUCE cov: 50 ft: 410 corp: 159/3299b lim: 4096 exec/s: 430128 rss: 36Mb L: 18/34 MS: 2 EraseBytes-ChangeByte-
#866014	REDUCE cov: 50 ft: 410 corp: 159/3297b lim: 4096 exec/s: 433007 rss: 36Mb L: 18/34 MS: 2 CopyPart-EraseBytes-
#889812	REDUCE cov: 50 ft: 410 corp: 159/3295b lim: 4096 exec/s: 444906 rss: 36Mb L: 22/34 MS: 3 PersAutoDict-CopyPart-EraseBytes- DE: "\3770"-
#903584	REDUCE cov: 50 ft: 410 corp: 159/3293b lim: 4096 exec/s: 451792 rss: 36Mb L: 22/34 MS: 2 EraseBytes-InsertByte-
#920044	REDUCE cov: 50 ft: 410 corp: 159/3291b lim: 4096 exec/s: 460022 rss: 36Mb L: 22/34 MS: 5 EraseBytes-InsertByte-CopyPart-EraseBytes-CMP- DE: "\001\000\000\000\000\000\000\030"-
#921681	REDUCE cov: 50 ft: 410 corp: 159/3289b lim: 4096 exec/s: 460840 rss: 36Mb L: 20/34 MS: 2 EraseBytes-InsertByte-
#1028690	REDUCE cov: 50 ft: 410 corp: 159/3287b lim: 4096 exec/s: 514345 rss: 36Mb L: 20/34 MS: 4 ChangeByte-PersAutoDict-ChangeBinInt-EraseBytes- DE: "\000\000\000\000\020\300\032\355"-
#1047194	REDUCE cov: 50 ft: 410 corp: 159/3285b lim: 4096 exec/s: 523597 rss: 36Mb L: 18/34 MS: 4 InsertByte-ShuffleBytes-ChangeBinInt-EraseBytes-
#1048576	pulse  cov: 50 ft: 410 corp: 159/3285b lim: 4096 exec/s: 524288 rss: 36Mb
#1060638	REDUCE cov: 50 ft: 410 corp: 159/3284b lim: 4096 exec/s: 530319 rss: 36Mb L: 21/34 MS: 4 ChangeByte-InsertByte-EraseBytes-ChangeBit-
#1067411	REDUCE cov: 50 ft: 410 corp: 159/3282b lim: 4096 exec/s: 533705 rss: 36Mb L: 18/34 MS: 3 ChangeBit-EraseBytes-ChangeBit-
#1109760	REDUCE cov: 50 ft: 410 corp: 159/3275b lim: 4096 exec/s: 554880 rss: 36Mb L: 24/34 MS: 4 EraseBytes-InsertByte-ChangeBit-PersAutoDict- DE: "B\000\000\000"-
#1131949	REDUCE cov: 50 ft: 410 corp: 159/3274b lim: 4096 exec/s: 565974 rss: 36Mb L: 20/34 MS: 4 ShuffleBytes-EraseBytes-CopyPart-CrossOver-
#1135517	REDUCE cov: 50 ft: 411 corp: 160/3306b lim: 4096 exec/s: 567758 rss: 36Mb L: 32/34 MS: 3 CopyPart-ChangeBit-CopyPart-
#1136535	REDUCE cov: 50 ft: 411 corp: 160/3304b lim: 4096 exec/s: 568267 rss: 36Mb L: 20/34 MS: 3 CopyPart-EraseBytes-PersAutoDict- DE: "\3770"-
#1170679	REDUCE cov: 50 ft: 411 corp: 160/3302b lim: 4096 exec/s: 585339 rss: 36Mb L: 18/34 MS: 4 CopyPart-ChangeBinInt-CopyPart-EraseBytes-
#1207040	NEW    cov: 50 ft: 415 corp: 161/3334b lim: 4096 exec/s: 603520 rss: 36Mb L: 32/34 MS: 1 ChangeBinInt-
#1275038	REDUCE cov: 50 ft: 415 corp: 161/3332b lim: 4096 exec/s: 637519 rss: 36Mb L: 20/34 MS: 3 EraseBytes-ChangeByte-InsertByte-
#1326195	REDUCE cov: 50 ft: 415 corp: 161/3330b lim: 4096 exec/s: 442065 rss: 36Mb L: 18/34 MS: 2 EraseBytes-InsertByte-
#1337058	REDUCE cov: 50 ft: 415 corp: 161/3328b lim: 4096 exec/s: 445686 rss: 36Mb L: 22/34 MS: 3 EraseBytes-PersAutoDict-CopyPart- DE: "\3770"-
#1372078	REDUCE cov: 50 ft: 415 corp: 161/3326b lim: 4096 exec/s: 457359 rss: 36Mb L: 20/34 MS: 5 ChangeBit-ChangeBit-ChangeByte-ChangeBinInt-EraseBytes-
#1392036	REDUCE cov: 50 ft: 415 corp: 161/3324b lim: 4096 exec/s: 464012 rss: 36Mb L: 18/34 MS: 3 InsertByte-ChangeBinInt-EraseBytes-
#1394866	REDUCE cov: 50 ft: 415 corp: 161/3322b lim: 4096 exec/s: 464955 rss: 36Mb L: 22/34 MS: 5 CMP-ChangeASCIIInt-InsertByte-EraseBytes-PersAutoDict- DE: "\0010"-"\000\000\000\000\000\000\000\""-
#1440568	REDUCE cov: 50 ft: 415 corp: 161/3320b lim: 4096 exec/s: 480189 rss: 36Mb L: 16/34 MS: 2 EraseBytes-PersAutoDict- DE: "\377B"-
#1455515	REDUCE cov: 50 ft: 415 corp: 161/3318b lim: 4096 exec/s: 485171 rss: 36Mb L: 20/34 MS: 2 EraseBytes-PersAutoDict- DE: "\3770"-
#1468362	REDUCE cov: 50 ft: 415 corp: 161/3316b lim: 4096 exec/s: 489454 rss: 36Mb L: 20/34 MS: 2 ChangeBit-EraseBytes-
#1540031	REDUCE cov: 50 ft: 415 corp: 161/3314b lim: 4096 exec/s: 513343 rss: 36Mb L: 16/34 MS: 4 ShuffleBytes-ChangeByte-EraseBytes-ChangeBit-
#1602423	REDUCE cov: 50 ft: 415 corp: 161/3312b lim: 4096 exec/s: 534141 rss: 36Mb L: 18/34 MS: 2 CMP-EraseBytes- DE: "\3778"-
#1606505	REDUCE cov: 50 ft: 415 corp: 161/3310b lim: 4096 exec/s: 535501 rss: 36Mb L: 18/34 MS: 2 EraseBytes-PersAutoDict- DE: "\3770"-
#1653775	REDUCE cov: 50 ft: 415 corp: 161/3306b lim: 4096 exec/s: 551258 rss: 36Mb L: 16/34 MS: 5 ChangeBinInt-ChangeBinInt-PersAutoDict-EraseBytes-InsertByte- DE: "\000\000"-
#1665650	REDUCE cov: 50 ft: 415 corp: 161/3303b lim: 4096 exec/s: 555216 rss: 36Mb L: 17/34 MS: 5 EraseBytes-EraseBytes-ChangeBit-ChangeASCIIInt-InsertByte-
#1669777	REDUCE cov: 50 ft: 415 corp: 161/3301b lim: 4096 exec/s: 556592 rss: 36Mb L: 25/34 MS: 2 EraseBytes-PersAutoDict- DE: "\3770"-
#1691916	REDUCE cov: 50 ft: 415 corp: 161/3299b lim: 4096 exec/s: 563972 rss: 36Mb L: 20/34 MS: 4 ShuffleBytes-EraseBytes-ChangeBit-CopyPart-
#1695094	REDUCE cov: 50 ft: 415 corp: 161/3293b lim: 4096 exec/s: 565031 rss: 36Mb L: 16/34 MS: 3 ChangeBinInt-EraseBytes-ChangeBinInt-
#1695193	REDUCE cov: 50 ft: 415 corp: 161/3291b lim: 4096 exec/s: 565064 rss: 36Mb L: 16/34 MS: 4 InsertByte-CopyPart-EraseBytes-PersAutoDict- DE: "\377\377"-
#1716396	REDUCE cov: 50 ft: 415 corp: 161/3287b lim: 4096 exec/s: 572132 rss: 36Mb L: 18/34 MS: 3 ChangeBinInt-EraseBytes-EraseBytes-
#1732853	NEW    cov: 50 ft: 417 corp: 162/3311b lim: 4096 exec/s: 433213 rss: 36Mb L: 24/34 MS: 2 ShuffleBytes-ChangeByte-
#1746319	NEW    cov: 50 ft: 418 corp: 163/3335b lim: 4096 exec/s: 436579 rss: 36Mb L: 24/34 MS: 1 ChangeBit-
#1767156	REDUCE cov: 50 ft: 418 corp: 163/3333b lim: 4096 exec/s: 441789 rss: 36Mb L: 18/34 MS: 2 EraseBytes-ChangeByte-
#1815553	REDUCE cov: 50 ft: 418 corp: 163/3331b lim: 4096 exec/s: 453888 rss: 36Mb L: 20/34 MS: 2 EraseBytes-InsertByte-
#1818061	REDUCE cov: 50 ft: 418 corp: 163/3329b lim: 4096 exec/s: 454515 rss: 36Mb L: 22/34 MS: 3 EraseBytes-ChangeByte-CrossOver-
#1930912	NEW    cov: 50 ft: 420 corp: 164/3353b lim: 4096 exec/s: 482728 rss: 36Mb L: 24/34 MS: 1 ChangeBit-
#1988987	REDUCE cov: 50 ft: 420 corp: 164/3351b lim: 4096 exec/s: 497246 rss: 36Mb L: 18/34 MS: 5 PersAutoDict-EraseBytes-EraseBytes-EraseBytes-CrossOver- DE: "\3778"-
#1994087	REDUCE cov: 50 ft: 420 corp: 164/3349b lim: 4096 exec/s: 498521 rss: 36Mb L: 20/34 MS: 5 InsertByte-PersAutoDict-ChangeBit-PersAutoDict-EraseBytes- DE: "1\000"-"\3770"-
#2002900	REDUCE cov: 50 ft: 420 corp: 164/3345b lim: 4096 exec/s: 500725 rss: 36Mb L: 16/34 MS: 3 EraseBytes-ChangeBit-ChangeBinInt-
#2097152	pulse  cov: 50 ft: 420 corp: 164/3345b lim: 4096 exec/s: 524288 rss: 36Mb
#2098572	REDUCE cov: 50 ft: 420 corp: 164/3343b lim: 4096 exec/s: 524643 rss: 36Mb L: 20/34 MS: 2 EraseBytes-ChangeByte-
#2102820	REDUCE cov: 50 ft: 420 corp: 164/3341b lim: 4096 exec/s: 525705 rss: 36Mb L: 18/34 MS: 3 ShuffleBytes-EraseBytes-InsertByte-
#2178658	REDUCE cov: 50 ft: 420 corp: 164/3339b lim: 4096 exec/s: 435731 rss: 36Mb L: 16/34 MS: 3 InsertByte-CrossOver-EraseBytes-
#2247758	REDUCE cov: 50 ft: 420 corp: 164/3337b lim: 4096 exec/s: 449551 rss: 36Mb L: 16/34 MS: 5 ChangeByte-CrossOver-CopyPart-EraseBytes-CMP- DE: "\377\377\377D"-
#2473015	REDUCE cov: 50 ft: 420 corp: 164/3335b lim: 4096 exec/s: 494603 rss: 36Mb L: 18/34 MS: 2 ChangeByte-EraseBytes-
#2480018	REDUCE cov: 50 ft: 420 corp: 164/3333b lim: 4096 exec/s: 496003 rss: 36Mb L: 23/34 MS: 3 ChangeByte-InsertByte-EraseBytes-
#2529016	REDUCE cov: 50 ft: 420 corp: 164/3331b lim: 4096 exec/s: 505803 rss: 36Mb L: 20/34 MS: 3 ChangeBinInt-ShuffleBytes-EraseBytes-
#2589028	REDUCE cov: 50 ft: 420 corp: 164/3327b lim: 4096 exec/s: 517805 rss: 36Mb L: 16/34 MS: 2 InsertRepeatedBytes-EraseBytes-
#2605741	REDUCE cov: 50 ft: 420 corp: 164/3323b lim: 4096 exec/s: 521148 rss: 36Mb L: 16/34 MS: 3 ChangeBinInt-EraseBytes-InsertByte-
#2655048	REDUCE cov: 50 ft: 420 corp: 164/3321b lim: 4096 exec/s: 442508 rss: 36Mb L: 15/34 MS: 2 EraseBytes-ChangeBit-
#2676378	REDUCE cov: 50 ft: 420 corp: 164/3317b lim: 4096 exec/s: 446063 rss: 36Mb L: 16/34 MS: 5 ShuffleBytes-PersAutoDict-CopyPart-EraseBytes-PersAutoDict- DE: "\377\377\377/"-"\377B"-
#2778470	REDUCE cov: 50 ft: 420 corp: 164/3315b lim: 4096 exec/s: 463078 rss: 36Mb L: 18/34 MS: 2 EraseBytes-ChangeBit-
#2789658	REDUCE cov: 50 ft: 420 corp: 164/3313b lim: 4096 exec/s: 464943 rss: 36Mb L: 20/34 MS: 3 ChangeByte-InsertByte-EraseBytes-
#2833853	REDUCE cov: 50 ft: 420 corp: 164/3311b lim: 4096 exec/s: 472308 rss: 36Mb L: 18/34 MS: 5 ChangeByte-InsertByte-PersAutoDict-ChangeByte-EraseBytes- DE: "\377\377\377/"-
#2858481	REDUCE cov: 50 ft: 420 corp: 164/3309b lim: 4096 exec/s: 476413 rss: 36Mb L: 20/34 MS: 3 ChangeBit-EraseBytes-PersAutoDict- DE: "\377B"-
#3046188	REDUCE cov: 50 ft: 420 corp: 164/3307b lim: 4096 exec/s: 507698 rss: 36Mb L: 20/34 MS: 2 EraseBytes-ChangeBit-
#3055320	REDUCE cov: 50 ft: 420 corp: 164/3305b lim: 4096 exec/s: 509220 rss: 36Mb L: 16/34 MS: 2 ChangeBit-EraseBytes-
#3163675	REDUCE cov: 50 ft: 420 corp: 164/3303b lim: 4096 exec/s: 451953 rss: 36Mb L: 18/34 MS: 5 EraseBytes-ChangeBinInt-ChangeBit-ShuffleBytes-InsertByte-
#3314538	REDUCE cov: 50 ft: 420 corp: 164/3301b lim: 4096 exec/s: 473505 rss: 36Mb L: 18/34 MS: 3 ChangeBit-ChangeByte-EraseBytes-
#3377435	REDUCE cov: 50 ft: 420 corp: 164/3299b lim: 4096 exec/s: 482490 rss: 36Mb L: 20/34 MS: 2 EraseBytes-PersAutoDict- DE: "\377B"-
#3487467	REDUCE cov: 50 ft: 420 corp: 164/3297b lim: 4096 exec/s: 498209 rss: 36Mb L: 16/34 MS: 2 CopyPart-EraseBytes-
#3505705	REDUCE cov: 50 ft: 420 corp: 164/3295b lim: 4096 exec/s: 500815 rss: 36Mb L: 18/34 MS: 3 InsertRepeatedBytes-EraseBytes-ChangeBinInt-
#3738588	REDUCE cov: 50 ft: 420 corp: 164/3293b lim: 4096 exec/s: 467323 rss: 36Mb L: 18/34 MS: 3 ChangeBit-ChangeByte-EraseBytes-
#3865496	REDUCE cov: 50 ft: 420 corp: 164/3289b lim: 4096 exec/s: 483187 rss: 36Mb L: 16/34 MS: 3 EraseBytes-CrossOver-ChangeBinInt-
#3877753	REDUCE cov: 50 ft: 420 corp: 164/3287b lim: 4096 exec/s: 484719 rss: 36Mb L: 18/34 MS: 2 PersAutoDict-EraseBytes- DE: "\377\377"-
#3996482	REDUCE cov: 50 ft: 420 corp: 164/3283b lim: 4096 exec/s: 444053 rss: 36Mb L: 16/34 MS: 4 ChangeBinInt-InsertByte-EraseBytes-ChangeBinInt-
#4094295	REDUCE cov: 50 ft: 420 corp: 164/3282b lim: 4096 exec/s: 454921 rss: 36Mb L: 17/34 MS: 3 ChangeBinInt-EraseBytes-ChangeBit-
#4295652	REDUCE cov: 50 ft: 420 corp: 164/3280b lim: 4096 exec/s: 477294 rss: 36Mb L: 15/34 MS: 2 EraseBytes-InsertByte-
#4354375	REDUCE cov: 50 ft: 420 corp: 164/3279b lim: 4096 exec/s: 483819 rss: 36Mb L: 15/34 MS: 3 ShuffleBytes-ChangeBit-EraseBytes-
#4435305	REDUCE cov: 50 ft: 420 corp: 164/3277b lim: 4096 exec/s: 443530 rss: 36Mb L: 18/34 MS: 5 InsertByte-EraseBytes-ChangeASCIIInt-CopyPart-CopyPart-
#4437523	REDUCE cov: 50 ft: 420 corp: 164/3275b lim: 4096 exec/s: 443752 rss: 36Mb L: 21/34 MS: 3 InsertByte-ChangeBit-EraseBytes-
#4502585	REDUCE cov: 50 ft: 420 corp: 164/3273b lim: 4096 exec/s: 450258 rss: 36Mb L: 19/34 MS: 2 InsertByte-EraseBytes-
#4592293	REDUCE cov: 50 ft: 420 corp: 164/3271b lim: 4096 exec/s: 459229 rss: 36Mb L: 16/34 MS: 3 PersAutoDict-ChangeByte-EraseBytes- DE: "\377\377"-
#4842822	REDUCE cov: 50 ft: 420 corp: 164/3269b lim: 4096 exec/s: 440256 rss: 36Mb L: 22/34 MS: 4 EraseBytes-InsertByte-CopyPart-CopyPart-
#4853845	REDUCE cov: 50 ft: 420 corp: 164/3266b lim: 4096 exec/s: 441258 rss: 36Mb L: 17/34 MS: 3 ChangeBit-PersAutoDict-EraseBytes- DE: "F\000\000\000"-
#5368817	REDUCE cov: 50 ft: 420 corp: 164/3264b lim: 4096 exec/s: 447401 rss: 36Mb L: 18/34 MS: 2 InsertByte-EraseBytes-
#5958856	REDUCE cov: 50 ft: 420 corp: 164/3262b lim: 4096 exec/s: 458373 rss: 36Mb L: 15/34 MS: 4 PersAutoDict-ChangeBit-EraseBytes-InsertByte- DE: "\377B"-
#6150288	REDUCE cov: 50 ft: 420 corp: 164/3260b lim: 4096 exec/s: 473099 rss: 36Mb L: 18/34 MS: 2 EraseBytes-ChangeBinInt-
#6190755	NEW    cov: 50 ft: 422 corp: 165/3285b lim: 4096 exec/s: 442196 rss: 36Mb L: 25/34 MS: 2 InsertByte-ShuffleBytes-
#6216022	REDUCE cov: 50 ft: 422 corp: 165/3280b lim: 4096 exec/s: 444001 rss: 36Mb L: 17/34 MS: 2 EraseBytes-ChangeBit-
#6325781	REDUCE cov: 50 ft: 422 corp: 165/3276b lim: 4096 exec/s: 451841 rss: 36Mb L: 18/34 MS: 4 CopyPart-InsertRepeatedBytes-ChangeByte-EraseBytes-
#6520147	REDUCE cov: 50 ft: 423 corp: 166/3294b lim: 4096 exec/s: 465724 rss: 36Mb L: 18/34 MS: 1 CopyPart-
#6522335	REDUCE cov: 50 ft: 423 corp: 166/3292b lim: 4096 exec/s: 465881 rss: 36Mb L: 16/34 MS: 3 EraseBytes-PersAutoDict-ChangeBinInt- DE: "\000\000\000\000"-
#6524874	REDUCE cov: 50 ft: 423 corp: 166/3290b lim: 4096 exec/s: 466062 rss: 36Mb L: 16/34 MS: 4 ShuffleBytes-ChangeByte-ShuffleBytes-EraseBytes-
#7109607	REDUCE cov: 50 ft: 423 corp: 166/3288b lim: 4096 exec/s: 444350 rss: 36Mb L: 16/34 MS: 3 InsertByte-PersAutoDict-EraseBytes- DE: "\377\377"-
#7477100	NEW    cov: 50 ft: 425 corp: 167/3312b lim: 4096 exec/s: 467318 rss: 36Mb L: 24/34 MS: 3 ShuffleBytes-ChangeBinInt-CrossOver-
#7574718	REDUCE cov: 50 ft: 425 corp: 167/3310b lim: 4096 exec/s: 445571 rss: 36Mb L: 18/34 MS: 3 InsertByte-ChangeBit-EraseBytes-
#7621986	REDUCE cov: 50 ft: 425 corp: 167/3308b lim: 4096 exec/s: 448352 rss: 36Mb L: 18/34 MS: 3 EraseBytes-ShuffleBytes-ChangeByte-
#7720847	NEW    cov: 50 ft: 426 corp: 168/3332b lim: 4096 exec/s: 454167 rss: 36Mb L: 24/34 MS: 1 CopyPart-
#7740337	REDUCE cov: 50 ft: 426 corp: 168/3330b lim: 4096 exec/s: 455313 rss: 36Mb L: 18/34 MS: 5 PersAutoDict-CMP-EraseBytes-PersAutoDict-EraseBytes- DE: "F\000\000\000"-"\030\000\000\000\000\000\000\000"-"\377\377\377/"-
#8269044	REDUCE cov: 50 ft: 426 corp: 168/3328b lim: 4096 exec/s: 459391 rss: 36Mb L: 16/34 MS: 2 CopyPart-EraseBytes-
#8388608	pulse  cov: 50 ft: 426 corp: 168/3328b lim: 4096 exec/s: 441505 rss: 36Mb
#8871116	REDUCE cov: 50 ft: 426 corp: 168/3326b lim: 4096 exec/s: 443555 rss: 36Mb L: 15/34 MS: 2 InsertByte-EraseBytes-
#8958379	REDUCE cov: 50 ft: 426 corp: 168/3324b lim: 4096 exec/s: 447918 rss: 36Mb L: 16/34 MS: 3 ChangeByte-PersAutoDict-EraseBytes- DE: "\377\377"-
#9215589	NEW    cov: 50 ft: 427 corp: 169/3348b lim: 4096 exec/s: 460779 rss: 36Mb L: 24/34 MS: 5 CrossOver-ChangeASCIIInt-InsertByte-ChangeASCIIInt-EraseBytes-
#9484506	NEW    cov: 50 ft: 430 corp: 170/3372b lim: 4096 exec/s: 451643 rss: 36Mb L: 24/34 MS: 2 CrossOver-ShuffleBytes-
#9575438	NEW    cov: 50 ft: 431 corp: 171/3396b lim: 4096 exec/s: 455973 rss: 36Mb L: 24/34 MS: 2 ChangeASCIIInt-CrossOver-
#9593647	REDUCE cov: 50 ft: 431 corp: 171/3394b lim: 4096 exec/s: 456840 rss: 36Mb L: 22/34 MS: 4 CopyPart-ChangeByte-EraseBytes-InsertByte-
#9601978	NEW    cov: 50 ft: 432 corp: 172/3418b lim: 4096 exec/s: 457237 rss: 36Mb L: 24/34 MS: 1 ChangeBit-
#9632292	NEW    cov: 50 ft: 433 corp: 173/3442b lim: 4096 exec/s: 458680 rss: 36Mb L: 24/34 MS: 4 ChangeASCIIInt-ChangeASCIIInt-ChangeASCIIInt-CopyPart-
#10096684	NEW    cov: 50 ft: 434 corp: 174/3466b lim: 4096 exec/s: 458940 rss: 36Mb L: 24/34 MS: 2 CopyPart-ChangeBit-
#10335501	REDUCE cov: 50 ft: 434 corp: 174/3464b lim: 4096 exec/s: 449369 rss: 36Mb L: 16/34 MS: 2 CMP-EraseBytes- DE: "\377\377\377\377\377\377\377\027"-
#10660879	NEW    cov: 50 ft: 435 corp: 175/3488b lim: 4096 exec/s: 444203 rss: 36Mb L: 24/34 MS: 3 ChangeASCIIInt-CopyPart-CopyPart-
#11730376	REDUCE cov: 50 ft: 435 corp: 175/3486b lim: 4096 exec/s: 451168 rss: 36Mb L: 16/34 MS: 2 ChangeBit-EraseBytes-
panic: found special char in iban [recovered]
	panic: found special char in iban

goroutine 17 [running, locked to thread]:
git.ultraware.nl/iddinkgroep/fundament-api.Fuzz.func1()
	git.ultraware.nl/iddinkgroep/fundament-api/fuzz.go:19 +0xa5
panic({0x55d4bc2a6760?, 0x55d4bc2b9c70?})
	runtime/panic.go:914 +0x21f
git.ultraware.nl/iddinkgroep/fundament-api.Fuzz({0xc00038b1a0, 0x18})
	git.ultraware.nl/iddinkgroep/fundament-api/fuzz.go:34 +0x2b9
git.ultraware.nl/iddinkgroep/fundament-api.Fuzz_(...)
	git.ultraware.nl/iddinkgroep/fundament-api/fuzz.1527825026.go:6
main.LLVMFuzzerTestOneInput(...)
	./main.170485750.go:21
==6031== ERROR: libFuzzer: deadly signal
    #0 0x55d4bc1c9630 in __sanitizer_print_stack_trace (/seedai/experiments/libfuzzer/source_iban/libfuzzer+0xaf630) (BuildId: 688cb25bec4564588da2a67f6a2b25148a0fd5d4)
    #1 0x55d4bc195755 in fuzzer::PrintStackTrace() (/seedai/experiments/libfuzzer/source_iban/libfuzzer+0x7b755) (BuildId: 688cb25bec4564588da2a67f6a2b25148a0fd5d4)
    #2 0x55d4bc1743a9 in fuzzer::Fuzzer::CrashCallback() (.part.0) FuzzerLoop.cpp.o
    #3 0x55d4bc17446a in fuzzer::Fuzzer::StaticCrashSignalCallback() (/seedai/experiments/libfuzzer/source_iban/libfuzzer+0x5a46a) (BuildId: 688cb25bec4564588da2a67f6a2b25148a0fd5d4)
    #4 0x7f7067dab70f  (/usr/lib/libc.so.6+0x3e70f) (BuildId: 316d0d3666387f0e8fb98773f51aa1801027c5ab)
    #5 0x55d4bc229160 in runtime.raise.abi0 runtime/sys_linux_amd64.s:153

NOTE: libFuzzer has rudimentary signal handlers.
      Combine libFuzzer with AddressSanitizer or similar for better crash reports.
SUMMARY: libFuzzer: deadly signal
MS: 3 CMP-CopyPart-ChangeByte- DE: "a\000\000\000"-; base unit: b42441c50a30f0e4e29256594bfcf036c9499b30
0x73,0x41,0x30,0x30,0x2d,0x30,0x30,0x30,0x30,0x30,0x30,0x30,0x30,0x30,0x30,0x30,0x30,0x30,0x30,0x36,0x61,0x30,0x31,0x39,
sA00-000000000000006a019
artifact_prefix='./'; Test unit written to ./crash-43f990c171d8b7a09a2b8a0c21f00e214d25ec84
Base64: c0EwMC0wMDAwMDAwMDAwMDAwMDZhMDE5
