INFO: Running with entropic power schedule (0xFF, 100).
INFO: Seed: 2710101235
INFO: Loaded 1 modules   (70 inline 8-bit counters): 70 [0x55882f3a2030, 0x55882f3a2076), 
INFO: Loaded 1 PC tables (70 PCs): 70 [0xc000068000,0xc000068460), 
INFO:        2 files found in corpus
INFO: -max_len is not provided; libFuzzer will not generate inputs larger than 4096 bytes
INFO: seed corpus: files: 2 min: 24b max: 24b total: 48b rss: 29Mb
#3	INITED cov: 41 ft: 143 corp: 2/48b exec/s: 0 rss: 29Mb
#4	NEW    cov: 41 ft: 145 corp: 3/72b lim: 24 exec/s: 0 rss: 29Mb L: 24/24 MS: 1 ChangeBinInt-
#5	NEW    cov: 42 ft: 151 corp: 4/96b lim: 24 exec/s: 0 rss: 29Mb L: 24/24 MS: 1 ChangeBinInt-
#6	NEW    cov: 43 ft: 154 corp: 5/120b lim: 24 exec/s: 0 rss: 29Mb L: 24/24 MS: 1 ChangeBit-
#7	NEW    cov: 43 ft: 155 corp: 6/144b lim: 24 exec/s: 0 rss: 29Mb L: 24/24 MS: 1 ShuffleBytes-
#10	NEW    cov: 44 ft: 160 corp: 7/158b lim: 24 exec/s: 0 rss: 29Mb L: 14/24 MS: 3 ChangeBit-ChangeASCIIInt-CrossOver-
#14	NEW    cov: 44 ft: 164 corp: 8/173b lim: 24 exec/s: 0 rss: 29Mb L: 15/24 MS: 4 ChangeByte-ChangeByte-ChangeBit-CrossOver-
#15	NEW    cov: 44 ft: 166 corp: 9/197b lim: 24 exec/s: 0 rss: 29Mb L: 24/24 MS: 1 CrossOver-
#17	NEW    cov: 44 ft: 170 corp: 10/221b lim: 24 exec/s: 0 rss: 29Mb L: 24/24 MS: 2 ShuffleBytes-ChangeASCIIInt-
#18	NEW    cov: 45 ft: 175 corp: 11/245b lim: 24 exec/s: 0 rss: 29Mb L: 24/24 MS: 1 ChangeBit-
#20	NEW    cov: 45 ft: 176 corp: 12/269b lim: 24 exec/s: 0 rss: 30Mb L: 24/24 MS: 2 ChangeASCIIInt-ShuffleBytes-
#23	NEW    cov: 45 ft: 177 corp: 13/287b lim: 24 exec/s: 0 rss: 30Mb L: 18/24 MS: 3 CopyPart-CrossOver-InsertByte-
#24	NEW    cov: 45 ft: 178 corp: 14/311b lim: 24 exec/s: 0 rss: 30Mb L: 24/24 MS: 1 ShuffleBytes-
#26	NEW    cov: 45 ft: 180 corp: 15/324b lim: 24 exec/s: 0 rss: 30Mb L: 13/24 MS: 2 CopyPart-EraseBytes-
#27	NEW    cov: 45 ft: 192 corp: 16/348b lim: 24 exec/s: 0 rss: 30Mb L: 24/24 MS: 1 CopyPart-
#28	NEW    cov: 45 ft: 193 corp: 17/365b lim: 24 exec/s: 0 rss: 30Mb L: 17/24 MS: 1 CrossOver-
#29	NEW    cov: 45 ft: 197 corp: 18/367b lim: 24 exec/s: 0 rss: 30Mb L: 2/24 MS: 1 CrossOver-
#31	NEW    cov: 45 ft: 198 corp: 19/379b lim: 24 exec/s: 0 rss: 30Mb L: 12/24 MS: 2 ChangeASCIIInt-EraseBytes-
#33	NEW    cov: 45 ft: 205 corp: 20/403b lim: 24 exec/s: 0 rss: 30Mb L: 24/24 MS: 2 ChangeASCIIInt-ChangeByte-
#35	NEW    cov: 45 ft: 206 corp: 21/411b lim: 24 exec/s: 0 rss: 30Mb L: 8/24 MS: 2 ChangeBit-EraseBytes-
#47	NEW    cov: 45 ft: 208 corp: 22/431b lim: 24 exec/s: 0 rss: 30Mb L: 20/24 MS: 2 InsertRepeatedBytes-ChangeBinInt-
#48	NEW    cov: 46 ft: 211 corp: 23/455b lim: 24 exec/s: 0 rss: 30Mb L: 24/24 MS: 1 CMP- DE: "\377\377\3770"-
#54	NEW    cov: 46 ft: 212 corp: 24/479b lim: 24 exec/s: 0 rss: 30Mb L: 24/24 MS: 1 ChangeByte-
#56	NEW    cov: 46 ft: 213 corp: 25/498b lim: 24 exec/s: 0 rss: 30Mb L: 19/24 MS: 2 CrossOver-CopyPart-
#62	REDUCE cov: 46 ft: 213 corp: 25/492b lim: 24 exec/s: 0 rss: 30Mb L: 6/24 MS: 1 EraseBytes-
#63	NEW    cov: 46 ft: 215 corp: 26/516b lim: 24 exec/s: 0 rss: 30Mb L: 24/24 MS: 1 ChangeASCIIInt-
#64	NEW    cov: 46 ft: 216 corp: 27/531b lim: 24 exec/s: 0 rss: 30Mb L: 15/24 MS: 1 EraseBytes-
#66	NEW    cov: 46 ft: 223 corp: 28/553b lim: 24 exec/s: 0 rss: 30Mb L: 22/24 MS: 2 InsertRepeatedBytes-CrossOver-
#69	NEW    cov: 46 ft: 227 corp: 29/577b lim: 24 exec/s: 0 rss: 30Mb L: 24/24 MS: 3 ShuffleBytes-ChangeBit-ShuffleBytes-
#85	NEW    cov: 46 ft: 228 corp: 30/593b lim: 24 exec/s: 0 rss: 30Mb L: 16/24 MS: 1 CopyPart-
#116	NEW    cov: 46 ft: 229 corp: 31/617b lim: 24 exec/s: 0 rss: 30Mb L: 24/24 MS: 1 ChangeByte-
#139	NEW    cov: 46 ft: 230 corp: 32/641b lim: 24 exec/s: 0 rss: 30Mb L: 24/24 MS: 3 PersAutoDict-CMP-InsertRepeatedBytes- DE: "\377\377\3770"-"a\000"-
#152	REDUCE cov: 46 ft: 230 corp: 32/635b lim: 24 exec/s: 0 rss: 30Mb L: 18/24 MS: 3 ChangeByte-PersAutoDict-CrossOver- DE: "\377\377\3770"-
#168	NEW    cov: 46 ft: 232 corp: 33/659b lim: 24 exec/s: 0 rss: 30Mb L: 24/24 MS: 1 ChangeASCIIInt-
#169	NEW    cov: 47 ft: 235 corp: 34/683b lim: 24 exec/s: 0 rss: 30Mb L: 24/24 MS: 1 PersAutoDict- DE: "a\000"-
#201	REDUCE cov: 47 ft: 235 corp: 34/671b lim: 24 exec/s: 0 rss: 30Mb L: 6/24 MS: 2 EraseBytes-EraseBytes-
#284	NEW    cov: 47 ft: 236 corp: 35/695b lim: 24 exec/s: 0 rss: 30Mb L: 24/24 MS: 3 CopyPart-ChangeASCIIInt-CopyPart-
#294	NEW    cov: 47 ft: 239 corp: 36/719b lim: 24 exec/s: 0 rss: 30Mb L: 24/24 MS: 5 EraseBytes-InsertRepeatedBytes-ShuffleBytes-ChangeBinInt-CopyPart-
#320	NEW    cov: 47 ft: 240 corp: 37/743b lim: 24 exec/s: 0 rss: 30Mb L: 24/24 MS: 1 CopyPart-
#339	NEW    cov: 47 ft: 242 corp: 38/767b lim: 24 exec/s: 0 rss: 30Mb L: 24/24 MS: 4 ChangeASCIIInt-ChangeBinInt-CopyPart-ChangeBinInt-
#531	NEW    cov: 47 ft: 243 corp: 39/789b lim: 24 exec/s: 0 rss: 30Mb L: 22/24 MS: 2 ChangeByte-CrossOver-
#598	NEW    cov: 47 ft: 245 corp: 40/813b lim: 24 exec/s: 0 rss: 30Mb L: 24/24 MS: 2 CopyPart-ShuffleBytes-
#606	NEW    cov: 47 ft: 246 corp: 41/837b lim: 24 exec/s: 0 rss: 30Mb L: 24/24 MS: 3 CrossOver-ShuffleBytes-CrossOver-
#621	NEW    cov: 47 ft: 247 corp: 42/861b lim: 24 exec/s: 0 rss: 30Mb L: 24/24 MS: 5 ChangeBit-ChangeASCIIInt-ChangeBit-CrossOver-ChangeBit-
#632	NEW    cov: 47 ft: 248 corp: 43/885b lim: 24 exec/s: 0 rss: 30Mb L: 24/24 MS: 1 CMP- DE: "\377\377\377\377\377\377\377!"-
#698	NEW    cov: 47 ft: 250 corp: 44/907b lim: 24 exec/s: 0 rss: 30Mb L: 22/24 MS: 1 InsertRepeatedBytes-
#806	NEW    cov: 47 ft: 251 corp: 45/922b lim: 24 exec/s: 0 rss: 30Mb L: 15/24 MS: 3 ChangeBit-ChangeASCIIInt-ChangeBit-
#1013	REDUCE cov: 47 ft: 251 corp: 45/921b lim: 24 exec/s: 0 rss: 30Mb L: 5/24 MS: 2 ChangeBit-EraseBytes-
#1016	NEW    cov: 47 ft: 252 corp: 46/945b lim: 24 exec/s: 0 rss: 30Mb L: 24/24 MS: 3 CrossOver-CopyPart-ShuffleBytes-
#1018	NEW    cov: 47 ft: 259 corp: 47/962b lim: 24 exec/s: 0 rss: 30Mb L: 17/24 MS: 2 EraseBytes-ChangeByte-
#1214	NEW    cov: 47 ft: 261 corp: 48/986b lim: 24 exec/s: 0 rss: 30Mb L: 24/24 MS: 1 ChangeASCIIInt-
#1229	REDUCE cov: 47 ft: 261 corp: 48/983b lim: 24 exec/s: 0 rss: 30Mb L: 15/24 MS: 5 ChangeBinInt-InsertRepeatedBytes-CopyPart-ChangeASCIIInt-EraseBytes-
#1295	NEW    cov: 47 ft: 262 corp: 49/1007b lim: 24 exec/s: 0 rss: 30Mb L: 24/24 MS: 1 ChangeBit-
#1312	REDUCE cov: 47 ft: 262 corp: 49/1003b lim: 24 exec/s: 0 rss: 30Mb L: 20/24 MS: 2 ChangeASCIIInt-EraseBytes-
#1385	REDUCE cov: 47 ft: 262 corp: 49/998b lim: 24 exec/s: 0 rss: 30Mb L: 15/24 MS: 3 InsertRepeatedBytes-ChangeBit-EraseBytes-
#1492	NEW    cov: 47 ft: 263 corp: 50/1022b lim: 24 exec/s: 0 rss: 30Mb L: 24/24 MS: 2 ChangeBit-ChangeByte-
#1774	REDUCE cov: 47 ft: 263 corp: 50/1020b lim: 24 exec/s: 0 rss: 30Mb L: 3/24 MS: 2 ChangeByte-EraseBytes-
#1852	NEW    cov: 47 ft: 264 corp: 51/1035b lim: 24 exec/s: 0 rss: 30Mb L: 15/24 MS: 3 ShuffleBytes-ChangeBit-CrossOver-
#2095	NEW    cov: 47 ft: 266 corp: 52/1058b lim: 24 exec/s: 0 rss: 30Mb L: 23/24 MS: 3 InsertRepeatedBytes-ChangeASCIIInt-CopyPart-
#2288	REDUCE cov: 47 ft: 266 corp: 52/1057b lim: 24 exec/s: 0 rss: 30Mb L: 23/24 MS: 3 ChangeBit-EraseBytes-InsertRepeatedBytes-
#2390	REDUCE cov: 47 ft: 266 corp: 52/1056b lim: 24 exec/s: 0 rss: 30Mb L: 23/24 MS: 2 CopyPart-EraseBytes-
#2542	REDUCE cov: 47 ft: 266 corp: 52/1055b lim: 24 exec/s: 0 rss: 30Mb L: 23/24 MS: 2 CrossOver-ChangeByte-
#2844	NEW    cov: 47 ft: 268 corp: 53/1079b lim: 24 exec/s: 0 rss: 30Mb L: 24/24 MS: 2 ShuffleBytes-ChangeASCIIInt-
#2911	NEW    cov: 47 ft: 269 corp: 54/1103b lim: 24 exec/s: 0 rss: 30Mb L: 24/24 MS: 2 CrossOver-ChangeASCIIInt-
#2973	REDUCE cov: 47 ft: 269 corp: 54/1102b lim: 24 exec/s: 0 rss: 31Mb L: 23/24 MS: 2 ChangeBinInt-EraseBytes-
#2974	NEW    cov: 47 ft: 270 corp: 55/1126b lim: 24 exec/s: 0 rss: 31Mb L: 24/24 MS: 1 ChangeBinInt-
#2986	NEW    cov: 47 ft: 272 corp: 56/1150b lim: 24 exec/s: 0 rss: 31Mb L: 24/24 MS: 2 ChangeASCIIInt-CopyPart-
#3082	REDUCE cov: 47 ft: 273 corp: 57/1169b lim: 24 exec/s: 0 rss: 31Mb L: 19/24 MS: 1 PersAutoDict- DE: "\377\377\3770"-
#3462	REDUCE cov: 47 ft: 273 corp: 57/1163b lim: 24 exec/s: 0 rss: 31Mb L: 16/24 MS: 5 ShuffleBytes-CopyPart-EraseBytes-ChangeBinInt-InsertByte-
#3835	REDUCE cov: 47 ft: 273 corp: 57/1160b lim: 24 exec/s: 0 rss: 31Mb L: 3/24 MS: 3 ChangeASCIIInt-ShuffleBytes-EraseBytes-
#4154	REDUCE cov: 47 ft: 273 corp: 57/1157b lim: 24 exec/s: 0 rss: 31Mb L: 21/24 MS: 4 EraseBytes-CopyPart-CopyPart-ChangeASCIIInt-
#4192	REDUCE cov: 47 ft: 274 corp: 58/1180b lim: 24 exec/s: 0 rss: 31Mb L: 23/24 MS: 3 ChangeASCIIInt-ShuffleBytes-ChangeByte-
#4508	NEW    cov: 47 ft: 276 corp: 59/1203b lim: 24 exec/s: 0 rss: 31Mb L: 23/24 MS: 1 ShuffleBytes-
#4519	REDUCE cov: 47 ft: 276 corp: 59/1202b lim: 24 exec/s: 0 rss: 31Mb L: 22/24 MS: 1 EraseBytes-
#4555	REDUCE cov: 47 ft: 278 corp: 60/1224b lim: 24 exec/s: 0 rss: 31Mb L: 22/24 MS: 1 ShuffleBytes-
#4591	NEW    cov: 47 ft: 280 corp: 61/1248b lim: 24 exec/s: 0 rss: 31Mb L: 24/24 MS: 1 CopyPart-
#5008	REDUCE cov: 47 ft: 281 corp: 62/1276b lim: 28 exec/s: 0 rss: 31Mb L: 28/28 MS: 2 InsertByte-InsertRepeatedBytes-
#5417	NEW    cov: 47 ft: 282 corp: 63/1308b lim: 32 exec/s: 0 rss: 31Mb L: 32/32 MS: 4 PersAutoDict-InsertRepeatedBytes-PersAutoDict-CrossOver- DE: "\377\377\3770"-"\377\377\3770"-
#5428	NEW    cov: 47 ft: 283 corp: 64/1337b lim: 32 exec/s: 0 rss: 31Mb L: 29/32 MS: 1 InsertRepeatedBytes-
#5859	NEW    cov: 47 ft: 284 corp: 65/1356b lim: 32 exec/s: 0 rss: 31Mb L: 19/32 MS: 1 ChangeBit-
#5921	REDUCE cov: 47 ft: 284 corp: 65/1350b lim: 32 exec/s: 0 rss: 31Mb L: 18/32 MS: 2 EraseBytes-CopyPart-
#5922	NEW    cov: 47 ft: 286 corp: 66/1373b lim: 32 exec/s: 0 rss: 31Mb L: 23/32 MS: 1 ChangeByte-
#5931	REDUCE cov: 47 ft: 286 corp: 66/1372b lim: 32 exec/s: 0 rss: 31Mb L: 23/32 MS: 4 CopyPart-EraseBytes-CrossOver-InsertByte-
#6527	NEW    cov: 47 ft: 288 corp: 67/1406b lim: 37 exec/s: 0 rss: 31Mb L: 34/34 MS: 1 CrossOver-
#6574	REDUCE cov: 47 ft: 289 corp: 68/1439b lim: 37 exec/s: 0 rss: 31Mb L: 33/34 MS: 2 ChangeByte-InsertRepeatedBytes-
#6702	NEW    cov: 47 ft: 290 corp: 69/1458b lim: 37 exec/s: 0 rss: 31Mb L: 19/34 MS: 3 ChangeBit-ShuffleBytes-InsertRepeatedBytes-
#7428	REDUCE cov: 47 ft: 290 corp: 69/1455b lim: 42 exec/s: 0 rss: 32Mb L: 16/34 MS: 1 EraseBytes-
#7935	REDUCE cov: 47 ft: 290 corp: 69/1454b lim: 47 exec/s: 0 rss: 32Mb L: 23/34 MS: 2 CrossOver-EraseBytes-
#7992	REDUCE cov: 47 ft: 290 corp: 69/1453b lim: 47 exec/s: 0 rss: 32Mb L: 18/34 MS: 2 PersAutoDict-EraseBytes- DE: "a\000"-
#7994	REDUCE cov: 47 ft: 291 corp: 70/1471b lim: 47 exec/s: 0 rss: 32Mb L: 18/34 MS: 2 InsertByte-InsertByte-
#8000	NEW    cov: 47 ft: 293 corp: 71/1495b lim: 47 exec/s: 0 rss: 32Mb L: 24/34 MS: 1 CrossOver-
#8341	REDUCE cov: 47 ft: 295 corp: 72/1513b lim: 47 exec/s: 0 rss: 32Mb L: 18/34 MS: 1 CMP- DE: "\377\377\377\377\377\377\377+"-
#9006	REDUCE cov: 47 ft: 295 corp: 72/1510b lim: 52 exec/s: 0 rss: 32Mb L: 15/34 MS: 5 ShuffleBytes-CopyPart-ChangeBinInt-PersAutoDict-EraseBytes- DE: "\377\377\3770"-
#9320	NEW    cov: 47 ft: 302 corp: 73/1542b lim: 52 exec/s: 0 rss: 32Mb L: 32/34 MS: 4 CrossOver-ChangeBit-CrossOver-CrossOver-
#10046	REDUCE cov: 47 ft: 302 corp: 73/1541b lim: 57 exec/s: 0 rss: 32Mb L: 27/34 MS: 1 CrossOver-
#10656	REDUCE cov: 47 ft: 302 corp: 73/1536b lim: 62 exec/s: 0 rss: 32Mb L: 17/34 MS: 5 PersAutoDict-CMP-ChangeBinInt-ChangeByte-EraseBytes- DE: "\377\377\377\377\377\377\377+"-"/\000\000\000"-
#10858	REDUCE cov: 47 ft: 302 corp: 73/1532b lim: 62 exec/s: 0 rss: 32Mb L: 20/34 MS: 2 CrossOver-ChangeBinInt-
#11264	REDUCE cov: 47 ft: 303 corp: 74/1552b lim: 62 exec/s: 0 rss: 33Mb L: 20/34 MS: 1 ChangeBinInt-
#11509	REDUCE cov: 47 ft: 303 corp: 74/1547b lim: 62 exec/s: 0 rss: 33Mb L: 18/34 MS: 5 EraseBytes-ChangeASCIIInt-ChangeByte-CMP-ChangeByte- DE: "6\000\000\000"-
#12599	REDUCE cov: 47 ft: 303 corp: 74/1546b lim: 67 exec/s: 0 rss: 33Mb L: 16/34 MS: 5 ShuffleBytes-CopyPart-ChangeByte-EraseBytes-CopyPart-
#14648	REDUCE cov: 47 ft: 303 corp: 74/1544b lim: 85 exec/s: 0 rss: 33Mb L: 22/34 MS: 4 ChangeBit-ChangeASCIIInt-CopyPart-EraseBytes-
#14710	NEW    cov: 47 ft: 304 corp: 75/1562b lim: 85 exec/s: 0 rss: 33Mb L: 18/34 MS: 2 ChangeBinInt-ChangeBit-
#15621	NEW    cov: 47 ft: 307 corp: 76/1586b lim: 91 exec/s: 0 rss: 34Mb L: 24/34 MS: 1 ShuffleBytes-
#17487	NEW    cov: 47 ft: 309 corp: 77/1610b lim: 109 exec/s: 0 rss: 34Mb L: 24/34 MS: 1 ChangeBit-
#17576	REDUCE cov: 47 ft: 309 corp: 77/1609b lim: 109 exec/s: 0 rss: 34Mb L: 21/34 MS: 4 ChangeByte-PersAutoDict-EraseBytes-InsertByte- DE: "/\000\000\000"-
#18548	REDUCE cov: 47 ft: 309 corp: 77/1608b lim: 115 exec/s: 0 rss: 34Mb L: 16/34 MS: 2 EraseBytes-CMP- DE: "9\000\000\000"-
#18652	NEW    cov: 47 ft: 312 corp: 78/1632b lim: 115 exec/s: 0 rss: 34Mb L: 24/34 MS: 4 CrossOver-ChangeASCIIInt-ShuffleBytes-ChangeASCIIInt-
#18665	REDUCE cov: 47 ft: 312 corp: 78/1631b lim: 115 exec/s: 0 rss: 34Mb L: 22/34 MS: 3 CopyPart-EraseBytes-CMP- DE: "1\000"-
#19031	REDUCE cov: 47 ft: 312 corp: 78/1630b lim: 115 exec/s: 0 rss: 34Mb L: 23/34 MS: 1 EraseBytes-
#19108	REDUCE cov: 47 ft: 312 corp: 78/1629b lim: 115 exec/s: 0 rss: 34Mb L: 19/34 MS: 2 ChangeASCIIInt-EraseBytes-
#19692	REDUCE cov: 47 ft: 312 corp: 78/1625b lim: 115 exec/s: 0 rss: 34Mb L: 17/34 MS: 4 ShuffleBytes-ChangeBit-ChangeByte-EraseBytes-
#20824	NEW    cov: 48 ft: 315 corp: 79/1647b lim: 121 exec/s: 0 rss: 34Mb L: 22/34 MS: 2 CrossOver-ChangeBinInt-
#21040	NEW    cov: 48 ft: 317 corp: 80/1671b lim: 121 exec/s: 0 rss: 34Mb L: 24/34 MS: 1 ChangeBit-
#21432	REDUCE cov: 48 ft: 317 corp: 80/1670b lim: 121 exec/s: 0 rss: 34Mb L: 20/34 MS: 2 ChangeByte-EraseBytes-
#23454	REDUCE cov: 48 ft: 317 corp: 80/1669b lim: 140 exec/s: 0 rss: 34Mb L: 16/34 MS: 2 InsertByte-EraseBytes-
#26047	REDUCE cov: 48 ft: 317 corp: 80/1668b lim: 161 exec/s: 0 rss: 34Mb L: 22/34 MS: 3 CopyPart-ChangeBinInt-EraseBytes-
#26784	REDUCE cov: 48 ft: 317 corp: 80/1667b lim: 168 exec/s: 0 rss: 34Mb L: 22/34 MS: 2 EraseBytes-PersAutoDict- DE: "6\000\000\000"-
#27260	NEW    cov: 48 ft: 319 corp: 81/1691b lim: 168 exec/s: 0 rss: 34Mb L: 24/34 MS: 1 ChangeByte-
#29682	REDUCE cov: 48 ft: 319 corp: 81/1689b lim: 189 exec/s: 0 rss: 34Mb L: 22/34 MS: 2 PersAutoDict-EraseBytes- DE: "9\000\000\000"-
#31612	REDUCE cov: 48 ft: 319 corp: 81/1688b lim: 203 exec/s: 0 rss: 35Mb L: 31/34 MS: 5 ChangeBit-ChangeASCIIInt-ChangeBit-InsertByte-EraseBytes-
#31868	REDUCE cov: 48 ft: 319 corp: 81/1687b lim: 203 exec/s: 0 rss: 35Mb L: 23/34 MS: 1 EraseBytes-
#32297	REDUCE cov: 48 ft: 319 corp: 81/1686b lim: 203 exec/s: 0 rss: 35Mb L: 15/34 MS: 4 ChangeBinInt-ChangeBit-ChangeASCIIInt-EraseBytes-
#37680	NEW    cov: 48 ft: 321 corp: 82/1708b lim: 252 exec/s: 0 rss: 35Mb L: 22/34 MS: 3 ChangeBit-ChangeByte-CopyPart-
#39461	REDUCE cov: 48 ft: 324 corp: 83/1730b lim: 267 exec/s: 0 rss: 35Mb L: 22/34 MS: 1 CopyPart-
#40257	REDUCE cov: 48 ft: 324 corp: 83/1729b lim: 267 exec/s: 0 rss: 35Mb L: 23/34 MS: 1 EraseBytes-
#41301	REDUCE cov: 48 ft: 324 corp: 83/1726b lim: 275 exec/s: 0 rss: 35Mb L: 16/34 MS: 4 ChangeBit-EraseBytes-ChangeBinInt-PersAutoDict- DE: "\377\377\3770"-
#43602	REDUCE cov: 48 ft: 324 corp: 83/1725b lim: 291 exec/s: 0 rss: 35Mb L: 23/34 MS: 1 EraseBytes-
#44423	NEW    cov: 48 ft: 326 corp: 84/1747b lim: 299 exec/s: 0 rss: 35Mb L: 22/34 MS: 1 ShuffleBytes-
#48464	NEW    cov: 49 ft: 331 corp: 85/1769b lim: 339 exec/s: 0 rss: 35Mb L: 22/34 MS: 1 ChangeByte-
#48816	NEW    cov: 49 ft: 332 corp: 86/1791b lim: 339 exec/s: 0 rss: 35Mb L: 22/34 MS: 2 ShuffleBytes-ChangeASCIIInt-
#50022	NEW    cov: 49 ft: 334 corp: 87/1813b lim: 347 exec/s: 0 rss: 35Mb L: 22/34 MS: 1 ChangeASCIIInt-
#50058	NEW    cov: 49 ft: 335 corp: 88/1835b lim: 347 exec/s: 0 rss: 35Mb L: 22/34 MS: 1 ChangeASCIIInt-
#50339	NEW    cov: 49 ft: 336 corp: 89/1857b lim: 347 exec/s: 0 rss: 35Mb L: 22/34 MS: 1 ShuffleBytes-
#50582	NEW    cov: 49 ft: 337 corp: 90/1879b lim: 347 exec/s: 0 rss: 35Mb L: 22/34 MS: 3 ChangeByte-ChangeBinInt-ChangeBinInt-
#51213	REDUCE cov: 49 ft: 337 corp: 90/1878b lim: 347 exec/s: 0 rss: 35Mb L: 21/34 MS: 1 EraseBytes-
#51519	REDUCE cov: 49 ft: 338 corp: 91/1899b lim: 347 exec/s: 0 rss: 35Mb L: 21/34 MS: 1 ChangeByte-
#51725	NEW    cov: 49 ft: 339 corp: 92/1920b lim: 347 exec/s: 0 rss: 35Mb L: 21/34 MS: 1 ChangeBinInt-
#52838	NEW    cov: 49 ft: 340 corp: 93/1942b lim: 355 exec/s: 0 rss: 35Mb L: 22/34 MS: 3 ShuffleBytes-ChangeBinInt-ChangeASCIIInt-
#52914	NEW    cov: 49 ft: 341 corp: 94/1964b lim: 355 exec/s: 0 rss: 35Mb L: 22/34 MS: 1 ChangeBit-
#54190	NEW    cov: 49 ft: 342 corp: 95/1986b lim: 363 exec/s: 0 rss: 35Mb L: 22/34 MS: 1 ChangeASCIIInt-
#54861	NEW    cov: 49 ft: 343 corp: 96/2010b lim: 363 exec/s: 0 rss: 35Mb L: 24/34 MS: 1 ChangeByte-
#55502	NEW    cov: 49 ft: 344 corp: 97/2031b lim: 363 exec/s: 0 rss: 35Mb L: 21/34 MS: 1 ShuffleBytes-
#56498	NEW    cov: 49 ft: 345 corp: 98/2052b lim: 371 exec/s: 0 rss: 35Mb L: 21/34 MS: 1 ShuffleBytes-
#57664	NEW    cov: 49 ft: 346 corp: 99/2073b lim: 379 exec/s: 0 rss: 35Mb L: 21/34 MS: 1 ShuffleBytes-
#58040	NEW    cov: 49 ft: 347 corp: 100/2097b lim: 379 exec/s: 0 rss: 35Mb L: 24/34 MS: 1 ShuffleBytes-
#58466	NEW    cov: 49 ft: 348 corp: 101/2118b lim: 379 exec/s: 0 rss: 35Mb L: 21/34 MS: 1 ChangeASCIIInt-
#61974	NEW    cov: 49 ft: 349 corp: 102/2139b lim: 411 exec/s: 0 rss: 35Mb L: 21/34 MS: 3 ChangeByte-ChangeBit-ShuffleBytes-
#62529	REDUCE cov: 49 ft: 349 corp: 102/2138b lim: 411 exec/s: 0 rss: 35Mb L: 20/34 MS: 5 CopyPart-ChangeASCIIInt-ChangeASCIIInt-InsertByte-EraseBytes-
#62663	REDUCE cov: 49 ft: 349 corp: 102/2134b lim: 411 exec/s: 0 rss: 35Mb L: 16/34 MS: 4 ChangeBinInt-CopyPart-ChangeASCIIInt-EraseBytes-
#65004	NEW    cov: 49 ft: 350 corp: 103/2152b lim: 427 exec/s: 0 rss: 35Mb L: 18/34 MS: 1 ChangeByte-
#65493	REDUCE cov: 49 ft: 350 corp: 103/2151b lim: 427 exec/s: 0 rss: 35Mb L: 15/34 MS: 4 PersAutoDict-InsertByte-PersAutoDict-EraseBytes- DE: "\377\377\377\377\377\377\377+"-"6\000\000\000"-
#68640	REDUCE cov: 49 ft: 350 corp: 103/2150b lim: 451 exec/s: 0 rss: 35Mb L: 23/34 MS: 2 EraseBytes-ChangeBit-
#68781	NEW    cov: 49 ft: 351 corp: 104/2171b lim: 451 exec/s: 0 rss: 35Mb L: 21/34 MS: 1 ChangeASCIIInt-
#69432	NEW    cov: 49 ft: 352 corp: 105/2193b lim: 451 exec/s: 0 rss: 35Mb L: 22/34 MS: 1 ShuffleBytes-
#69554	REDUCE cov: 49 ft: 352 corp: 105/2192b lim: 451 exec/s: 0 rss: 35Mb L: 22/34 MS: 2 ChangeByte-EraseBytes-
#71210	NEW    cov: 49 ft: 353 corp: 106/2213b lim: 467 exec/s: 0 rss: 35Mb L: 21/34 MS: 1 ShuffleBytes-
#72745	REDUCE cov: 49 ft: 353 corp: 106/2211b lim: 475 exec/s: 0 rss: 35Mb L: 20/34 MS: 5 InsertByte-ChangeBit-ChangeByte-ShuffleBytes-EraseBytes-
#75431	NEW    cov: 49 ft: 357 corp: 107/2235b lim: 499 exec/s: 0 rss: 35Mb L: 24/34 MS: 1 ChangeBit-
#75682	NEW    cov: 49 ft: 358 corp: 108/2259b lim: 499 exec/s: 0 rss: 35Mb L: 24/34 MS: 1 ChangeBit-
#75879	NEW    cov: 49 ft: 359 corp: 109/2280b lim: 499 exec/s: 0 rss: 35Mb L: 21/34 MS: 2 CrossOver-CopyPart-
#76018	REDUCE cov: 49 ft: 359 corp: 109/2279b lim: 499 exec/s: 0 rss: 35Mb L: 23/34 MS: 4 CopyPart-CrossOver-InsertByte-EraseBytes-
#76379	NEW    cov: 49 ft: 360 corp: 110/2303b lim: 499 exec/s: 0 rss: 35Mb L: 24/34 MS: 1 ChangeBit-
#76538	REDUCE cov: 49 ft: 360 corp: 110/2302b lim: 499 exec/s: 0 rss: 35Mb L: 21/34 MS: 4 InsertByte-ShuffleBytes-ChangeASCIIInt-EraseBytes-
#77404	NEW    cov: 49 ft: 361 corp: 111/2326b lim: 507 exec/s: 0 rss: 35Mb L: 24/34 MS: 1 ShuffleBytes-
#78350	NEW    cov: 49 ft: 362 corp: 112/2350b lim: 515 exec/s: 0 rss: 35Mb L: 24/34 MS: 1 ShuffleBytes-
#80088	NEW    cov: 49 ft: 363 corp: 113/2374b lim: 524 exec/s: 0 rss: 35Mb L: 24/34 MS: 3 ChangeBinInt-ChangeBinInt-CopyPart-
#80664	NEW    cov: 49 ft: 364 corp: 114/2395b lim: 524 exec/s: 0 rss: 35Mb L: 21/34 MS: 1 ChangeASCIIInt-
#81976	NEW    cov: 49 ft: 365 corp: 115/2416b lim: 533 exec/s: 0 rss: 35Mb L: 21/34 MS: 2 ChangeBinInt-CopyPart-
#82647	REDUCE cov: 49 ft: 365 corp: 115/2415b lim: 533 exec/s: 0 rss: 35Mb L: 21/34 MS: 1 EraseBytes-
#84868	NEW    cov: 49 ft: 366 corp: 116/2436b lim: 551 exec/s: 0 rss: 35Mb L: 21/34 MS: 1 ChangeByte-
#84917	REDUCE cov: 49 ft: 366 corp: 116/2435b lim: 551 exec/s: 0 rss: 35Mb L: 16/34 MS: 4 ChangeBit-ShuffleBytes-EraseBytes-ChangeByte-
#85977	REDUCE cov: 49 ft: 366 corp: 116/2434b lim: 560 exec/s: 0 rss: 35Mb L: 19/34 MS: 5 InsertByte-ChangeByte-ChangeBinInt-InsertByte-EraseBytes-
#87378	NEW    cov: 49 ft: 367 corp: 117/2458b lim: 569 exec/s: 0 rss: 35Mb L: 24/34 MS: 1 ShuffleBytes-
#88130	NEW    cov: 49 ft: 368 corp: 118/2482b lim: 569 exec/s: 0 rss: 35Mb L: 24/34 MS: 2 ChangeBit-ChangeASCIIInt-
#91871	NEW    cov: 49 ft: 369 corp: 119/2506b lim: 605 exec/s: 0 rss: 35Mb L: 24/34 MS: 1 ChangeBit-
#92854	REDUCE cov: 49 ft: 369 corp: 119/2504b lim: 614 exec/s: 0 rss: 35Mb L: 19/34 MS: 3 ChangeBinInt-EraseBytes-ChangeBinInt-
#94425	REDUCE cov: 49 ft: 369 corp: 119/2503b lim: 623 exec/s: 0 rss: 35Mb L: 23/34 MS: 1 EraseBytes-
#95257	REDUCE cov: 49 ft: 369 corp: 119/2502b lim: 623 exec/s: 0 rss: 35Mb L: 18/34 MS: 2 EraseBytes-CopyPart-
#96838	REDUCE cov: 49 ft: 369 corp: 119/2501b lim: 632 exec/s: 0 rss: 35Mb L: 21/34 MS: 1 EraseBytes-
#103859	REDUCE cov: 49 ft: 369 corp: 119/2500b lim: 695 exec/s: 0 rss: 35Mb L: 15/34 MS: 1 EraseBytes-
#104101	REDUCE cov: 49 ft: 369 corp: 119/2492b lim: 695 exec/s: 0 rss: 35Mb L: 15/34 MS: 2 PersAutoDict-EraseBytes- DE: "\377\377\3770"-
#113888	NEW    cov: 49 ft: 370 corp: 120/2516b lim: 785 exec/s: 0 rss: 35Mb L: 24/34 MS: 2 ChangeByte-ChangeByte-
#114321	REDUCE cov: 49 ft: 370 corp: 120/2515b lim: 785 exec/s: 0 rss: 35Mb L: 21/34 MS: 3 EraseBytes-ChangeASCIIInt-ChangeByte-
#115223	REDUCE cov: 49 ft: 370 corp: 120/2514b lim: 785 exec/s: 0 rss: 35Mb L: 22/34 MS: 2 EraseBytes-CMP- DE: "8\000"-
#115280	REDUCE cov: 49 ft: 370 corp: 120/2512b lim: 785 exec/s: 0 rss: 35Mb L: 17/34 MS: 2 EraseBytes-ChangeByte-
#117213	REDUCE cov: 49 ft: 370 corp: 120/2508b lim: 803 exec/s: 0 rss: 35Mb L: 15/34 MS: 3 ChangeByte-ChangeBinInt-EraseBytes-
#117687	REDUCE cov: 49 ft: 370 corp: 120/2505b lim: 803 exec/s: 0 rss: 35Mb L: 21/34 MS: 4 ChangeBinInt-EraseBytes-InsertByte-ChangeBinInt-
#120458	REDUCE cov: 49 ft: 370 corp: 120/2504b lim: 830 exec/s: 0 rss: 35Mb L: 23/34 MS: 1 EraseBytes-
#128188	REDUCE cov: 49 ft: 370 corp: 120/2503b lim: 902 exec/s: 0 rss: 35Mb L: 21/34 MS: 5 CrossOver-CrossOver-PersAutoDict-CMP-EraseBytes- DE: "\377\377\377\377\377\377\377+"-"/\000"-
#128767	REDUCE cov: 49 ft: 370 corp: 120/2500b lim: 902 exec/s: 0 rss: 35Mb L: 20/34 MS: 4 InsertByte-InsertByte-ShuffleBytes-EraseBytes-
#130043	REDUCE cov: 49 ft: 370 corp: 120/2499b lim: 911 exec/s: 0 rss: 35Mb L: 23/34 MS: 1 EraseBytes-
#132201	REDUCE cov: 49 ft: 370 corp: 120/2497b lim: 929 exec/s: 0 rss: 35Mb L: 16/34 MS: 3 PersAutoDict-ChangeBinInt-EraseBytes- DE: "/\000\000\000"-
#139964	REDUCE cov: 49 ft: 371 corp: 121/2519b lim: 1001 exec/s: 0 rss: 35Mb L: 22/34 MS: 3 InsertByte-ShuffleBytes-CopyPart-
#143594	REDUCE cov: 49 ft: 372 corp: 122/2538b lim: 1028 exec/s: 0 rss: 35Mb L: 19/34 MS: 5 ChangeBit-ChangeASCIIInt-ChangeASCIIInt-InsertByte-ChangeBinInt-
#145000	REDUCE cov: 49 ft: 372 corp: 122/2537b lim: 1038 exec/s: 0 rss: 35Mb L: 23/34 MS: 1 EraseBytes-
#146697	REDUCE cov: 49 ft: 372 corp: 122/2535b lim: 1048 exec/s: 0 rss: 35Mb L: 18/34 MS: 2 InsertByte-EraseBytes-
#151564	REDUCE cov: 49 ft: 372 corp: 122/2533b lim: 1088 exec/s: 0 rss: 35Mb L: 19/34 MS: 2 ChangeBinInt-EraseBytes-
#151835	NEW    cov: 49 ft: 374 corp: 123/2555b lim: 1088 exec/s: 0 rss: 35Mb L: 22/34 MS: 1 CopyPart-
#153301	REDUCE cov: 49 ft: 374 corp: 123/2554b lim: 1098 exec/s: 0 rss: 35Mb L: 17/34 MS: 1 EraseBytes-
#154349	REDUCE cov: 49 ft: 374 corp: 123/2553b lim: 1108 exec/s: 0 rss: 35Mb L: 15/34 MS: 3 ChangeBinInt-ChangeByte-EraseBytes-
#154920	NEW    cov: 49 ft: 375 corp: 124/2575b lim: 1108 exec/s: 0 rss: 35Mb L: 22/34 MS: 1 ChangeBit-
#156317	REDUCE cov: 49 ft: 375 corp: 124/2573b lim: 1118 exec/s: 0 rss: 35Mb L: 22/34 MS: 2 PersAutoDict-EraseBytes- DE: "a\000"-
#165144	REDUCE cov: 49 ft: 375 corp: 124/2569b lim: 1198 exec/s: 0 rss: 35Mb L: 15/34 MS: 2 ChangeBinInt-EraseBytes-
#165630	NEW    cov: 49 ft: 376 corp: 125/2590b lim: 1198 exec/s: 0 rss: 35Mb L: 21/34 MS: 1 CopyPart-
#166696	REDUCE cov: 49 ft: 376 corp: 125/2589b lim: 1208 exec/s: 0 rss: 35Mb L: 20/34 MS: 1 EraseBytes-
#168262	NEW    cov: 49 ft: 377 corp: 126/2611b lim: 1218 exec/s: 0 rss: 35Mb L: 22/34 MS: 1 CopyPart-
#169891	REDUCE cov: 49 ft: 377 corp: 126/2609b lim: 1228 exec/s: 0 rss: 35Mb L: 16/34 MS: 4 CopyPart-EraseBytes-CopyPart-ChangeBit-
#170738	REDUCE cov: 49 ft: 378 corp: 127/2629b lim: 1228 exec/s: 0 rss: 35Mb L: 20/34 MS: 2 ShuffleBytes-CopyPart-
#170979	NEW    cov: 49 ft: 379 corp: 128/2649b lim: 1228 exec/s: 0 rss: 35Mb L: 20/34 MS: 1 ShuffleBytes-
#172486	NEW    cov: 49 ft: 381 corp: 129/2669b lim: 1238 exec/s: 0 rss: 35Mb L: 20/34 MS: 2 CopyPart-ChangeBit-
#173343	NEW    cov: 49 ft: 382 corp: 130/2689b lim: 1238 exec/s: 0 rss: 35Mb L: 20/34 MS: 2 ShuffleBytes-CopyPart-
#175214	REDUCE cov: 49 ft: 382 corp: 130/2688b lim: 1248 exec/s: 0 rss: 35Mb L: 23/34 MS: 1 EraseBytes-
#176590	NEW    cov: 49 ft: 383 corp: 131/2708b lim: 1258 exec/s: 0 rss: 35Mb L: 20/34 MS: 1 ShuffleBytes-
#177709	REDUCE cov: 49 ft: 383 corp: 131/2705b lim: 1268 exec/s: 0 rss: 35Mb L: 16/34 MS: 4 ShuffleBytes-PersAutoDict-ChangeBinInt-EraseBytes- DE: "a\000"-
#182130	REDUCE cov: 49 ft: 383 corp: 131/2704b lim: 1308 exec/s: 0 rss: 35Mb L: 23/34 MS: 1 EraseBytes-
#183911	NEW    cov: 49 ft: 384 corp: 132/2724b lim: 1318 exec/s: 0 rss: 35Mb L: 20/34 MS: 1 ChangeBinInt-
#188597	REDUCE cov: 49 ft: 385 corp: 133/2744b lim: 1358 exec/s: 0 rss: 35Mb L: 20/34 MS: 1 CopyPart-
#190082	REDUCE cov: 49 ft: 385 corp: 133/2743b lim: 1368 exec/s: 0 rss: 35Mb L: 21/34 MS: 5 PersAutoDict-ChangeASCIIInt-InsertByte-EraseBytes-CopyPart- DE: "8\000"-
#190318	REDUCE cov: 49 ft: 385 corp: 133/2742b lim: 1368 exec/s: 0 rss: 35Mb L: 22/34 MS: 1 EraseBytes-
#191954	NEW    cov: 49 ft: 387 corp: 134/2762b lim: 1378 exec/s: 0 rss: 35Mb L: 20/34 MS: 1 CopyPart-
#196878	REDUCE cov: 49 ft: 387 corp: 134/2761b lim: 1418 exec/s: 0 rss: 35Mb L: 20/34 MS: 4 EraseBytes-PersAutoDict-ChangeBinInt-CrossOver- DE: "9\000\000\000"-
#198749	REDUCE cov: 49 ft: 387 corp: 134/2760b lim: 1428 exec/s: 0 rss: 35Mb L: 23/34 MS: 1 EraseBytes-
#201093	REDUCE cov: 49 ft: 387 corp: 134/2758b lim: 1448 exec/s: 0 rss: 35Mb L: 18/34 MS: 4 InsertByte-ChangeASCIIInt-ChangeASCIIInt-EraseBytes-
#206581	REDUCE cov: 49 ft: 387 corp: 134/2757b lim: 1498 exec/s: 0 rss: 35Mb L: 21/34 MS: 3 ShuffleBytes-CopyPart-EraseBytes-
#207192	NEW    cov: 49 ft: 388 corp: 135/2777b lim: 1498 exec/s: 0 rss: 35Mb L: 20/34 MS: 1 ShuffleBytes-
#209159	NEW    cov: 49 ft: 389 corp: 136/2797b lim: 1508 exec/s: 0 rss: 35Mb L: 20/34 MS: 2 ShuffleBytes-ChangeASCIIInt-
#209437	NEW    cov: 49 ft: 390 corp: 137/2817b lim: 1508 exec/s: 0 rss: 35Mb L: 20/34 MS: 3 ChangeBit-ChangeByte-CopyPart-
#210335	NEW    cov: 49 ft: 391 corp: 138/2837b lim: 1508 exec/s: 0 rss: 35Mb L: 20/34 MS: 3 EraseBytes-CrossOver-ChangeASCIIInt-
#210721	NEW    cov: 49 ft: 392 corp: 139/2857b lim: 1508 exec/s: 0 rss: 35Mb L: 20/34 MS: 1 ChangeASCIIInt-
#212182	NEW    cov: 49 ft: 393 corp: 140/2877b lim: 1518 exec/s: 0 rss: 35Mb L: 20/34 MS: 1 ShuffleBytes-
#217488	REDUCE cov: 49 ft: 393 corp: 140/2876b lim: 1568 exec/s: 0 rss: 35Mb L: 20/34 MS: 1 EraseBytes-
#218680	REDUCE cov: 49 ft: 393 corp: 140/2875b lim: 1578 exec/s: 0 rss: 35Mb L: 23/34 MS: 2 InsertByte-EraseBytes-
#220514	REDUCE cov: 49 ft: 393 corp: 140/2873b lim: 1588 exec/s: 0 rss: 35Mb L: 18/34 MS: 4 ShuffleBytes-ChangeASCIIInt-EraseBytes-InsertByte-
#220730	REDUCE cov: 49 ft: 393 corp: 140/2872b lim: 1588 exec/s: 0 rss: 35Mb L: 21/34 MS: 1 EraseBytes-
#222091	NEW    cov: 49 ft: 394 corp: 141/2894b lim: 1598 exec/s: 0 rss: 35Mb L: 22/34 MS: 1 ChangeASCIIInt-
#228364	REDUCE cov: 49 ft: 394 corp: 141/2893b lim: 1658 exec/s: 0 rss: 35Mb L: 21/34 MS: 3 ChangeASCIIInt-EraseBytes-ChangeBinInt-
#236721	REDUCE cov: 49 ft: 394 corp: 141/2892b lim: 1738 exec/s: 0 rss: 35Mb L: 21/34 MS: 2 CMP-EraseBytes- DE: "\001\000\0003"-
#248594	REDUCE cov: 49 ft: 394 corp: 141/2891b lim: 1848 exec/s: 0 rss: 35Mb L: 21/34 MS: 3 ShuffleBytes-EraseBytes-CrossOver-
#249055	REDUCE cov: 49 ft: 394 corp: 141/2890b lim: 1848 exec/s: 0 rss: 35Mb L: 21/34 MS: 1 EraseBytes-
#250176	REDUCE cov: 49 ft: 394 corp: 141/2889b lim: 1858 exec/s: 0 rss: 35Mb L: 20/34 MS: 1 EraseBytes-
#252626	REDUCE cov: 49 ft: 394 corp: 141/2887b lim: 1878 exec/s: 0 rss: 35Mb L: 15/34 MS: 5 EraseBytes-ChangeBinInt-CopyPart-ChangeByte-ChangeBit-
#253147	REDUCE cov: 49 ft: 394 corp: 141/2886b lim: 1878 exec/s: 0 rss: 35Mb L: 22/34 MS: 1 EraseBytes-
#267014	REDUCE cov: 49 ft: 394 corp: 141/2885b lim: 2008 exec/s: 0 rss: 35Mb L: 20/34 MS: 2 ChangeByte-EraseBytes-
#268401	REDUCE cov: 49 ft: 394 corp: 141/2884b lim: 2018 exec/s: 0 rss: 35Mb L: 21/34 MS: 2 ShuffleBytes-EraseBytes-
#277852	REDUCE cov: 49 ft: 394 corp: 141/2883b lim: 2103 exec/s: 0 rss: 35Mb L: 23/34 MS: 1 EraseBytes-
#279920	REDUCE cov: 49 ft: 394 corp: 141/2881b lim: 2114 exec/s: 0 rss: 35Mb L: 20/34 MS: 3 ChangeASCIIInt-EraseBytes-InsertByte-
#281721	REDUCE cov: 49 ft: 394 corp: 141/2880b lim: 2125 exec/s: 0 rss: 35Mb L: 20/34 MS: 1 EraseBytes-
#283044	REDUCE cov: 49 ft: 394 corp: 141/2878b lim: 2136 exec/s: 0 rss: 35Mb L: 18/34 MS: 3 EraseBytes-InsertByte-InsertByte-
#290135	REDUCE cov: 49 ft: 394 corp: 141/2877b lim: 2202 exec/s: 0 rss: 35Mb L: 22/34 MS: 1 EraseBytes-
#291948	REDUCE cov: 49 ft: 394 corp: 141/2875b lim: 2213 exec/s: 0 rss: 35Mb L: 19/34 MS: 3 ShuffleBytes-EraseBytes-ChangeByte-
#301825	NEW    cov: 49 ft: 395 corp: 142/2899b lim: 2301 exec/s: 0 rss: 35Mb L: 24/34 MS: 2 ChangeASCIIInt-ChangeByte-
#312056	REDUCE cov: 49 ft: 395 corp: 142/2898b lim: 2400 exec/s: 0 rss: 35Mb L: 22/34 MS: 1 EraseBytes-
#312597	NEW    cov: 49 ft: 396 corp: 143/2930b lim: 2400 exec/s: 0 rss: 35Mb L: 32/34 MS: 1 CrossOver-
#316913	REDUCE cov: 49 ft: 401 corp: 144/2950b lim: 2433 exec/s: 0 rss: 35Mb L: 20/34 MS: 1 ShuffleBytes-
#324554	NEW    cov: 49 ft: 403 corp: 145/2972b lim: 2499 exec/s: 0 rss: 36Mb L: 22/34 MS: 1 ChangeBinInt-
#328352	REDUCE cov: 49 ft: 403 corp: 145/2971b lim: 2532 exec/s: 0 rss: 36Mb L: 18/34 MS: 3 ChangeASCIIInt-ChangeBinInt-EraseBytes-
#329008	REDUCE cov: 49 ft: 403 corp: 145/2970b lim: 2532 exec/s: 0 rss: 36Mb L: 21/34 MS: 1 EraseBytes-
#336640	REDUCE cov: 49 ft: 403 corp: 145/2968b lim: 2598 exec/s: 0 rss: 36Mb L: 18/34 MS: 2 EraseBytes-InsertByte-
#337351	REDUCE cov: 49 ft: 403 corp: 145/2967b lim: 2598 exec/s: 0 rss: 36Mb L: 23/34 MS: 1 EraseBytes-
#338712	REDUCE cov: 49 ft: 403 corp: 145/2966b lim: 2609 exec/s: 0 rss: 36Mb L: 22/34 MS: 1 EraseBytes-
#344080	REDUCE cov: 49 ft: 403 corp: 145/2964b lim: 2653 exec/s: 0 rss: 36Mb L: 20/34 MS: 3 EraseBytes-ChangeBinInt-InsertByte-
#348221	REDUCE cov: 49 ft: 403 corp: 145/2963b lim: 2686 exec/s: 0 rss: 36Mb L: 23/34 MS: 1 EraseBytes-
#351749	REDUCE cov: 49 ft: 403 corp: 145/2961b lim: 2719 exec/s: 0 rss: 36Mb L: 19/34 MS: 3 ChangeBit-ChangeASCIIInt-EraseBytes-
#353679	REDUCE cov: 49 ft: 403 corp: 145/2957b lim: 2730 exec/s: 0 rss: 36Mb L: 18/34 MS: 5 CMP-CrossOver-EraseBytes-ChangeByte-CopyPart- DE: "\377\377"-
#354607	REDUCE cov: 49 ft: 403 corp: 145/2955b lim: 2730 exec/s: 0 rss: 36Mb L: 22/34 MS: 3 EraseBytes-ChangeASCIIInt-CopyPart-
#358275	REDUCE cov: 49 ft: 403 corp: 145/2954b lim: 2763 exec/s: 0 rss: 36Mb L: 22/34 MS: 3 CopyPart-EraseBytes-ChangeASCIIInt-
#366663	REDUCE cov: 49 ft: 403 corp: 145/2951b lim: 2840 exec/s: 0 rss: 36Mb L: 18/34 MS: 3 ChangeBit-InsertByte-EraseBytes-
#382075	REDUCE cov: 49 ft: 405 corp: 146/2972b lim: 2983 exec/s: 0 rss: 36Mb L: 21/34 MS: 2 InsertByte-CrossOver-
#391441	NEW    cov: 49 ft: 407 corp: 147/2992b lim: 3071 exec/s: 0 rss: 36Mb L: 20/34 MS: 1 ChangeByte-
#393763	NEW    cov: 49 ft: 409 corp: 148/3013b lim: 3093 exec/s: 0 rss: 36Mb L: 21/34 MS: 2 ChangeBit-ShuffleBytes-
#394770	REDUCE cov: 49 ft: 409 corp: 148/3012b lim: 3093 exec/s: 0 rss: 36Mb L: 21/34 MS: 2 CopyPart-EraseBytes-
#398610	REDUCE cov: 49 ft: 409 corp: 148/3011b lim: 3126 exec/s: 0 rss: 36Mb L: 21/34 MS: 5 EraseBytes-ChangeASCIIInt-CrossOver-ChangeByte-EraseBytes-
#407516	REDUCE cov: 49 ft: 409 corp: 148/3010b lim: 3214 exec/s: 407516 rss: 36Mb L: 20/34 MS: 1 EraseBytes-
#409378	REDUCE cov: 49 ft: 409 corp: 148/3009b lim: 3225 exec/s: 409378 rss: 36Mb L: 20/34 MS: 2 EraseBytes-CrossOver-
#416521	REDUCE cov: 49 ft: 409 corp: 148/3007b lim: 3291 exec/s: 416521 rss: 36Mb L: 18/34 MS: 3 ChangeBit-InsertByte-EraseBytes-
#421914	REDUCE cov: 49 ft: 409 corp: 148/3005b lim: 3335 exec/s: 421914 rss: 36Mb L: 18/34 MS: 3 EraseBytes-InsertByte-ChangeByte-
#422875	NEW    cov: 49 ft: 410 corp: 149/3025b lim: 3335 exec/s: 422875 rss: 36Mb L: 20/34 MS: 1 CopyPart-
#424213	REDUCE cov: 49 ft: 410 corp: 149/3023b lim: 3346 exec/s: 424213 rss: 36Mb L: 18/34 MS: 3 ChangeASCIIInt-EraseBytes-InsertByte-
#426606	REDUCE cov: 49 ft: 410 corp: 149/3021b lim: 3368 exec/s: 426606 rss: 36Mb L: 19/34 MS: 3 PersAutoDict-ChangeASCIIInt-EraseBytes- DE: "\377\377\3770"-
#436000	REDUCE cov: 49 ft: 410 corp: 149/3019b lim: 3456 exec/s: 436000 rss: 36Mb L: 18/34 MS: 4 ChangeBit-ChangeBit-ChangeBinInt-EraseBytes-
#441093	REDUCE cov: 49 ft: 410 corp: 149/3017b lim: 3500 exec/s: 441093 rss: 36Mb L: 18/34 MS: 3 ChangeBinInt-ChangeByte-EraseBytes-
#446650	REDUCE cov: 49 ft: 410 corp: 149/3016b lim: 3555 exec/s: 446650 rss: 36Mb L: 21/34 MS: 2 ChangeASCIIInt-EraseBytes-
#446891	REDUCE cov: 49 ft: 410 corp: 149/3015b lim: 3555 exec/s: 446891 rss: 36Mb L: 19/34 MS: 1 EraseBytes-
#455987	REDUCE cov: 49 ft: 410 corp: 149/3014b lim: 3643 exec/s: 455987 rss: 36Mb L: 23/34 MS: 1 EraseBytes-
#460388	REDUCE cov: 49 ft: 410 corp: 149/3013b lim: 3676 exec/s: 460388 rss: 36Mb L: 21/34 MS: 1 EraseBytes-
#464354	REDUCE cov: 49 ft: 410 corp: 149/3012b lim: 3709 exec/s: 464354 rss: 36Mb L: 19/34 MS: 1 EraseBytes-
#479621	REDUCE cov: 49 ft: 410 corp: 149/3010b lim: 3852 exec/s: 479621 rss: 36Mb L: 19/34 MS: 2 EraseBytes-InsertByte-
#481879	REDUCE cov: 49 ft: 410 corp: 149/3008b lim: 3874 exec/s: 481879 rss: 36Mb L: 18/34 MS: 3 ChangeASCIIInt-EraseBytes-InsertByte-
#496945	REDUCE cov: 49 ft: 410 corp: 149/3007b lim: 4017 exec/s: 496945 rss: 36Mb L: 23/34 MS: 1 EraseBytes-
#503211	REDUCE cov: 49 ft: 410 corp: 149/3006b lim: 4072 exec/s: 503211 rss: 36Mb L: 18/34 MS: 1 EraseBytes-
#510176	REDUCE cov: 49 ft: 410 corp: 149/3004b lim: 4096 exec/s: 510176 rss: 36Mb L: 16/34 MS: 5 ChangeBit-ChangeBit-ChangeASCIIInt-ChangeBit-EraseBytes-
#524492	REDUCE cov: 49 ft: 410 corp: 149/3003b lim: 4096 exec/s: 524492 rss: 36Mb L: 22/34 MS: 1 EraseBytes-
#545341	REDUCE cov: 49 ft: 410 corp: 149/3002b lim: 4096 exec/s: 545341 rss: 36Mb L: 21/34 MS: 4 InsertByte-InsertByte-CopyPart-EraseBytes-
#547202	REDUCE cov: 49 ft: 410 corp: 149/3001b lim: 4096 exec/s: 547202 rss: 36Mb L: 23/34 MS: 1 EraseBytes-
#549552	REDUCE cov: 49 ft: 410 corp: 149/3000b lim: 4096 exec/s: 549552 rss: 36Mb L: 15/34 MS: 5 ChangeByte-ChangeBit-EraseBytes-CopyPart-CMP- DE: "/\000"-
#561018	REDUCE cov: 49 ft: 410 corp: 149/2999b lim: 4096 exec/s: 561018 rss: 36Mb L: 22/34 MS: 1 EraseBytes-
#567339	REDUCE cov: 49 ft: 410 corp: 149/2998b lim: 4096 exec/s: 567339 rss: 36Mb L: 20/34 MS: 1 EraseBytes-
#571131	REDUCE cov: 49 ft: 410 corp: 149/2997b lim: 4096 exec/s: 571131 rss: 36Mb L: 20/34 MS: 2 CopyPart-EraseBytes-
#578661	REDUCE cov: 49 ft: 410 corp: 149/2995b lim: 4096 exec/s: 578661 rss: 36Mb L: 18/34 MS: 5 ChangeASCIIInt-ChangeByte-ShuffleBytes-CopyPart-EraseBytes-
#581280	REDUCE cov: 49 ft: 410 corp: 149/2993b lim: 4096 exec/s: 581280 rss: 36Mb L: 16/34 MS: 4 ChangeBit-EraseBytes-ChangeASCIIInt-InsertByte-
#586013	REDUCE cov: 49 ft: 410 corp: 149/2991b lim: 4096 exec/s: 586013 rss: 36Mb L: 16/34 MS: 3 EraseBytes-ChangeBinInt-ChangeBinInt-
#593764	REDUCE cov: 49 ft: 410 corp: 149/2990b lim: 4096 exec/s: 593764 rss: 36Mb L: 21/34 MS: 1 EraseBytes-
#598987	REDUCE cov: 49 ft: 410 corp: 149/2988b lim: 4096 exec/s: 598987 rss: 36Mb L: 19/34 MS: 3 ChangeBit-EraseBytes-ChangeByte-
#601164	REDUCE cov: 49 ft: 410 corp: 149/2986b lim: 4096 exec/s: 601164 rss: 36Mb L: 20/34 MS: 2 ChangeByte-EraseBytes-
#639030	REDUCE cov: 49 ft: 410 corp: 149/2985b lim: 4096 exec/s: 639030 rss: 36Mb L: 23/34 MS: 1 EraseBytes-
#645771	REDUCE cov: 49 ft: 410 corp: 149/2984b lim: 4096 exec/s: 645771 rss: 36Mb L: 20/34 MS: 1 EraseBytes-
#647967	REDUCE cov: 49 ft: 410 corp: 149/2983b lim: 4096 exec/s: 647967 rss: 36Mb L: 23/34 MS: 1 EraseBytes-
#651803	REDUCE cov: 49 ft: 410 corp: 149/2982b lim: 4096 exec/s: 651803 rss: 36Mb L: 22/34 MS: 1 EraseBytes-
#668544	REDUCE cov: 49 ft: 410 corp: 149/2981b lim: 4096 exec/s: 668544 rss: 36Mb L: 22/34 MS: 1 EraseBytes-
#684040	REDUCE cov: 49 ft: 410 corp: 149/2980b lim: 4096 exec/s: 684040 rss: 36Mb L: 20/34 MS: 1 EraseBytes-
#691686	REDUCE cov: 49 ft: 410 corp: 149/2979b lim: 4096 exec/s: 691686 rss: 36Mb L: 23/34 MS: 1 EraseBytes-
#694697	REDUCE cov: 49 ft: 410 corp: 149/2978b lim: 4096 exec/s: 694697 rss: 36Mb L: 22/34 MS: 1 EraseBytes-
#705430	REDUCE cov: 49 ft: 410 corp: 149/2977b lim: 4096 exec/s: 705430 rss: 36Mb L: 22/34 MS: 3 CopyPart-ChangeBinInt-EraseBytes-
#707221	NEW    cov: 49 ft: 412 corp: 150/3001b lim: 4096 exec/s: 707221 rss: 36Mb L: 24/34 MS: 1 ChangeByte-
#709732	REDUCE cov: 49 ft: 412 corp: 150/3000b lim: 4096 exec/s: 709732 rss: 36Mb L: 23/34 MS: 1 EraseBytes-
#719323	REDUCE cov: 49 ft: 412 corp: 150/2999b lim: 4096 exec/s: 719323 rss: 36Mb L: 22/34 MS: 1 EraseBytes-
#727434	REDUCE cov: 49 ft: 412 corp: 150/2998b lim: 4096 exec/s: 727434 rss: 36Mb L: 17/34 MS: 1 EraseBytes-
#735467	REDUCE cov: 49 ft: 412 corp: 150/2997b lim: 4096 exec/s: 735467 rss: 36Mb L: 16/34 MS: 3 CMP-ShuffleBytes-EraseBytes- DE: "5\000"-
#752035	REDUCE cov: 49 ft: 412 corp: 150/2993b lim: 4096 exec/s: 752035 rss: 36Mb L: 16/34 MS: 3 ChangeBinInt-PersAutoDict-EraseBytes- DE: "\377\377"-
#755459	REDUCE cov: 49 ft: 412 corp: 150/2991b lim: 4096 exec/s: 755459 rss: 36Mb L: 17/34 MS: 4 CMP-EraseBytes-ChangeBinInt-InsertByte- DE: "\377\377\377\377\377\377\377\026"-
#765375	REDUCE cov: 49 ft: 414 corp: 151/3011b lim: 4096 exec/s: 765375 rss: 36Mb L: 20/34 MS: 1 ChangeBit-
#768061	REDUCE cov: 49 ft: 414 corp: 151/3010b lim: 4096 exec/s: 768061 rss: 36Mb L: 23/34 MS: 1 EraseBytes-
#784848	REDUCE cov: 49 ft: 414 corp: 151/3009b lim: 4096 exec/s: 784848 rss: 36Mb L: 21/34 MS: 2 EraseBytes-CopyPart-
#784980	REDUCE cov: 49 ft: 414 corp: 151/3008b lim: 4096 exec/s: 784980 rss: 36Mb L: 23/34 MS: 2 ChangeBinInt-EraseBytes-
#799166	REDUCE cov: 49 ft: 414 corp: 151/3007b lim: 4096 exec/s: 799166 rss: 36Mb L: 23/34 MS: 1 EraseBytes-
#805533	REDUCE cov: 49 ft: 414 corp: 151/3006b lim: 4096 exec/s: 805533 rss: 36Mb L: 21/34 MS: 2 InsertByte-EraseBytes-
#824520	REDUCE cov: 49 ft: 414 corp: 151/3005b lim: 4096 exec/s: 824520 rss: 36Mb L: 18/34 MS: 2 PersAutoDict-EraseBytes- DE: "5\000"-
#829562	REDUCE cov: 49 ft: 414 corp: 151/3002b lim: 4096 exec/s: 829562 rss: 36Mb L: 20/34 MS: 2 ChangeByte-EraseBytes-
#838178	REDUCE cov: 49 ft: 414 corp: 151/3001b lim: 4096 exec/s: 838178 rss: 36Mb L: 20/34 MS: 1 EraseBytes-
#843916	REDUCE cov: 49 ft: 414 corp: 151/2999b lim: 4096 exec/s: 421958 rss: 36Mb L: 17/34 MS: 3 ChangeBinInt-InsertByte-EraseBytes-
#846358	REDUCE cov: 49 ft: 414 corp: 151/2998b lim: 4096 exec/s: 423179 rss: 36Mb L: 22/34 MS: 2 CopyPart-EraseBytes-
#896039	REDUCE cov: 49 ft: 414 corp: 151/2997b lim: 4096 exec/s: 448019 rss: 36Mb L: 20/34 MS: 1 EraseBytes-
#896362	REDUCE cov: 49 ft: 414 corp: 151/2995b lim: 4096 exec/s: 448181 rss: 36Mb L: 19/34 MS: 3 CrossOver-EraseBytes-ChangeBit-
#910088	REDUCE cov: 49 ft: 414 corp: 151/2994b lim: 4096 exec/s: 455044 rss: 36Mb L: 22/34 MS: 1 EraseBytes-
#919999	REDUCE cov: 49 ft: 414 corp: 151/2993b lim: 4096 exec/s: 459999 rss: 36Mb L: 23/34 MS: 1 EraseBytes-
#929370	REDUCE cov: 49 ft: 414 corp: 151/2992b lim: 4096 exec/s: 464685 rss: 36Mb L: 22/34 MS: 1 EraseBytes-
#929383	REDUCE cov: 49 ft: 414 corp: 151/2990b lim: 4096 exec/s: 464691 rss: 36Mb L: 18/34 MS: 3 ChangeByte-EraseBytes-InsertByte-
#941849	REDUCE cov: 49 ft: 414 corp: 151/2989b lim: 4096 exec/s: 470924 rss: 36Mb L: 22/34 MS: 1 EraseBytes-
#943897	REDUCE cov: 49 ft: 414 corp: 151/2987b lim: 4096 exec/s: 471948 rss: 36Mb L: 16/34 MS: 3 ChangeBinInt-ChangeBinInt-EraseBytes-
#943973	REDUCE cov: 49 ft: 414 corp: 151/2986b lim: 4096 exec/s: 471986 rss: 36Mb L: 19/34 MS: 1 EraseBytes-
#1011174	REDUCE cov: 49 ft: 414 corp: 151/2985b lim: 4096 exec/s: 505587 rss: 36Mb L: 21/34 MS: 1 EraseBytes-
#1019952	REDUCE cov: 49 ft: 416 corp: 152/3005b lim: 4096 exec/s: 509976 rss: 36Mb L: 20/34 MS: 3 ChangeBit-ChangeASCIIInt-ChangeByte-
#1049712	REDUCE cov: 49 ft: 416 corp: 152/3004b lim: 4096 exec/s: 524856 rss: 36Mb L: 20/34 MS: 5 CopyPart-CopyPart-EraseBytes-ChangeASCIIInt-ChangeBit-
#1090623	REDUCE cov: 49 ft: 416 corp: 152/3003b lim: 4096 exec/s: 545311 rss: 36Mb L: 22/34 MS: 1 EraseBytes-
#1096855	REDUCE cov: 49 ft: 416 corp: 152/3001b lim: 4096 exec/s: 548427 rss: 36Mb L: 18/34 MS: 2 EraseBytes-ChangeByte-
#1099975	REDUCE cov: 49 ft: 416 corp: 152/3000b lim: 4096 exec/s: 549987 rss: 36Mb L: 15/34 MS: 5 ChangeBit-CrossOver-ChangeBinInt-EraseBytes-InsertByte-
#1101453	REDUCE cov: 49 ft: 416 corp: 152/2999b lim: 4096 exec/s: 550726 rss: 36Mb L: 22/34 MS: 3 EraseBytes-ChangeASCIIInt-CrossOver-
#1104942	REDUCE cov: 49 ft: 416 corp: 152/2997b lim: 4096 exec/s: 552471 rss: 36Mb L: 16/34 MS: 4 ChangeByte-EraseBytes-InsertByte-InsertByte-
#1106928	REDUCE cov: 49 ft: 416 corp: 152/2996b lim: 4096 exec/s: 553464 rss: 36Mb L: 20/34 MS: 1 EraseBytes-
#1108229	REDUCE cov: 49 ft: 416 corp: 152/2995b lim: 4096 exec/s: 554114 rss: 36Mb L: 22/34 MS: 1 EraseBytes-
#1111384	REDUCE cov: 49 ft: 416 corp: 152/2993b lim: 4096 exec/s: 555692 rss: 36Mb L: 16/34 MS: 5 InsertByte-ShuffleBytes-ChangeASCIIInt-ShuffleBytes-EraseBytes-
#1122230	REDUCE cov: 49 ft: 416 corp: 152/2992b lim: 4096 exec/s: 561115 rss: 36Mb L: 22/34 MS: 1 EraseBytes-
#1155783	REDUCE cov: 49 ft: 416 corp: 152/2991b lim: 4096 exec/s: 577891 rss: 36Mb L: 21/34 MS: 3 CrossOver-CrossOver-EraseBytes-
#1159372	REDUCE cov: 49 ft: 416 corp: 152/2989b lim: 4096 exec/s: 579686 rss: 36Mb L: 18/34 MS: 4 CopyPart-InsertRepeatedBytes-ChangeBit-EraseBytes-
#1162978	REDUCE cov: 49 ft: 417 corp: 153/3012b lim: 4096 exec/s: 581489 rss: 36Mb L: 23/34 MS: 1 ChangeBit-
#1212634	REDUCE cov: 49 ft: 417 corp: 153/3011b lim: 4096 exec/s: 606317 rss: 36Mb L: 21/34 MS: 1 EraseBytes-
#1229385	REDUCE cov: 49 ft: 417 corp: 153/3010b lim: 4096 exec/s: 614692 rss: 36Mb L: 22/34 MS: 1 EraseBytes-
#1258641	REDUCE cov: 49 ft: 417 corp: 153/3009b lim: 4096 exec/s: 629320 rss: 36Mb L: 20/34 MS: 1 EraseBytes-
#1272907	REDUCE cov: 49 ft: 417 corp: 153/3008b lim: 4096 exec/s: 636453 rss: 36Mb L: 21/34 MS: 1 EraseBytes-
#1310028	REDUCE cov: 49 ft: 417 corp: 153/3007b lim: 4096 exec/s: 436676 rss: 36Mb L: 23/34 MS: 1 EraseBytes-
#1344947	REDUCE cov: 49 ft: 417 corp: 153/3005b lim: 4096 exec/s: 448315 rss: 36Mb L: 16/34 MS: 4 ChangeASCIIInt-ShuffleBytes-ChangeBit-EraseBytes-
#1381048	REDUCE cov: 49 ft: 417 corp: 153/3004b lim: 4096 exec/s: 460349 rss: 36Mb L: 22/34 MS: 1 EraseBytes-
#1422839	REDUCE cov: 49 ft: 417 corp: 153/3003b lim: 4096 exec/s: 474279 rss: 36Mb L: 20/34 MS: 1 EraseBytes-
#1430236	REDUCE cov: 49 ft: 417 corp: 153/3001b lim: 4096 exec/s: 476745 rss: 36Mb L: 16/34 MS: 2 EraseBytes-ChangeByte-
#1452568	REDUCE cov: 49 ft: 417 corp: 153/3000b lim: 4096 exec/s: 484189 rss: 36Mb L: 20/34 MS: 2 ChangeASCIIInt-EraseBytes-
#1481779	REDUCE cov: 49 ft: 417 corp: 153/2999b lim: 4096 exec/s: 493926 rss: 36Mb L: 21/34 MS: 1 EraseBytes-
#1484552	REDUCE cov: 49 ft: 417 corp: 153/2997b lim: 4096 exec/s: 494850 rss: 36Mb L: 16/34 MS: 3 ChangeBinInt-EraseBytes-CopyPart-
#1514443	REDUCE cov: 49 ft: 417 corp: 153/2996b lim: 4096 exec/s: 504814 rss: 36Mb L: 18/34 MS: 1 EraseBytes-
#1542970	REDUCE cov: 49 ft: 417 corp: 153/2995b lim: 4096 exec/s: 514323 rss: 36Mb L: 16/34 MS: 2 ShuffleBytes-EraseBytes-
#1566006	REDUCE cov: 49 ft: 417 corp: 153/2994b lim: 4096 exec/s: 522002 rss: 36Mb L: 20/34 MS: 1 EraseBytes-
#1579244	REDUCE cov: 49 ft: 417 corp: 153/2992b lim: 4096 exec/s: 526414 rss: 36Mb L: 19/34 MS: 3 EraseBytes-InsertByte-InsertByte-
#1584285	REDUCE cov: 49 ft: 417 corp: 153/2991b lim: 4096 exec/s: 528095 rss: 36Mb L: 21/34 MS: 1 EraseBytes-
#1611122	REDUCE cov: 49 ft: 417 corp: 153/2990b lim: 4096 exec/s: 537040 rss: 36Mb L: 21/34 MS: 2 InsertByte-EraseBytes-
#1632028	REDUCE cov: 49 ft: 417 corp: 153/2989b lim: 4096 exec/s: 544009 rss: 36Mb L: 18/34 MS: 1 EraseBytes-
#1704014	REDUCE cov: 49 ft: 417 corp: 153/2988b lim: 4096 exec/s: 568004 rss: 36Mb L: 21/34 MS: 1 EraseBytes-
#1714631	REDUCE cov: 49 ft: 417 corp: 153/2986b lim: 4096 exec/s: 571543 rss: 36Mb L: 16/34 MS: 2 EraseBytes-ChangeByte-
#1738943	REDUCE cov: 49 ft: 417 corp: 153/2985b lim: 4096 exec/s: 579647 rss: 36Mb L: 20/34 MS: 2 ShuffleBytes-EraseBytes-
#1758169	REDUCE cov: 49 ft: 417 corp: 153/2984b lim: 4096 exec/s: 439542 rss: 36Mb L: 19/34 MS: 1 EraseBytes-
#1829183	REDUCE cov: 49 ft: 417 corp: 153/2983b lim: 4096 exec/s: 457295 rss: 36Mb L: 17/34 MS: 4 CrossOver-EraseBytes-PersAutoDict-CopyPart- DE: "\377\377\377\377\377\377\377+"-
#1874312	REDUCE cov: 49 ft: 417 corp: 153/2981b lim: 4096 exec/s: 468578 rss: 36Mb L: 16/34 MS: 4 PersAutoDict-EraseBytes-ChangeBit-ChangeBinInt- DE: "/\000"-
#1877654	REDUCE cov: 49 ft: 417 corp: 153/2980b lim: 4096 exec/s: 469413 rss: 36Mb L: 21/34 MS: 2 InsertByte-EraseBytes-
#1892665	REDUCE cov: 49 ft: 417 corp: 153/2979b lim: 4096 exec/s: 473166 rss: 36Mb L: 20/34 MS: 1 EraseBytes-
#1894598	NEW    cov: 49 ft: 418 corp: 154/3009b lim: 4096 exec/s: 473649 rss: 36Mb L: 30/34 MS: 3 ChangeBit-CopyPart-ChangeBit-
#1896794	REDUCE cov: 49 ft: 418 corp: 154/3008b lim: 4096 exec/s: 474198 rss: 36Mb L: 21/34 MS: 1 EraseBytes-
#1917132	REDUCE cov: 49 ft: 418 corp: 154/3006b lim: 4096 exec/s: 479283 rss: 36Mb L: 18/34 MS: 3 PersAutoDict-EraseBytes-ChangeByte- DE: "/\000"-
#1926749	REDUCE cov: 49 ft: 418 corp: 154/3005b lim: 4096 exec/s: 481687 rss: 36Mb L: 23/34 MS: 2 ChangeByte-EraseBytes-
#1967885	REDUCE cov: 49 ft: 418 corp: 154/3004b lim: 4096 exec/s: 491971 rss: 36Mb L: 20/34 MS: 1 EraseBytes-
#1973832	REDUCE cov: 49 ft: 418 corp: 154/3002b lim: 4096 exec/s: 493458 rss: 36Mb L: 18/34 MS: 2 ChangeByte-EraseBytes-
#1987304	REDUCE cov: 49 ft: 419 corp: 155/3023b lim: 4096 exec/s: 496826 rss: 36Mb L: 21/34 MS: 2 CopyPart-ShuffleBytes-
#1987607	REDUCE cov: 49 ft: 419 corp: 155/3021b lim: 4096 exec/s: 496901 rss: 36Mb L: 19/34 MS: 3 ChangeByte-ShuffleBytes-EraseBytes-
#1988700	NEW    cov: 50 ft: 426 corp: 156/3051b lim: 4096 exec/s: 497175 rss: 36Mb L: 30/34 MS: 3 ChangeBit-CopyPart-ShuffleBytes-
#1994816	REDUCE cov: 50 ft: 426 corp: 156/3050b lim: 4096 exec/s: 498704 rss: 36Mb L: 21/34 MS: 1 EraseBytes-
#1996083	NEW    cov: 50 ft: 432 corp: 157/3080b lim: 4096 exec/s: 499020 rss: 36Mb L: 30/34 MS: 2 CopyPart-EraseBytes-
#2004614	REDUCE cov: 50 ft: 433 corp: 158/3099b lim: 4096 exec/s: 501153 rss: 36Mb L: 19/34 MS: 1 CrossOver-
#2017672	REDUCE cov: 50 ft: 433 corp: 158/3097b lim: 4096 exec/s: 504418 rss: 36Mb L: 17/34 MS: 3 CrossOver-ShuffleBytes-EraseBytes-
#2022504	REDUCE cov: 50 ft: 433 corp: 158/3095b lim: 4096 exec/s: 505626 rss: 36Mb L: 17/34 MS: 2 PersAutoDict-EraseBytes- DE: "\377\377"-
#2022950	REDUCE cov: 50 ft: 433 corp: 158/3094b lim: 4096 exec/s: 505737 rss: 36Mb L: 21/34 MS: 1 EraseBytes-
#2031111	REDUCE cov: 50 ft: 433 corp: 158/3093b lim: 4096 exec/s: 507777 rss: 36Mb L: 20/34 MS: 1 EraseBytes-
#2035523	REDUCE cov: 50 ft: 433 corp: 158/3092b lim: 4096 exec/s: 508880 rss: 36Mb L: 16/34 MS: 2 InsertByte-EraseBytes-
#2055579	REDUCE cov: 50 ft: 433 corp: 158/3091b lim: 4096 exec/s: 513894 rss: 36Mb L: 21/34 MS: 1 EraseBytes-
#2097152	pulse  cov: 50 ft: 433 corp: 158/3091b lim: 4096 exec/s: 524288 rss: 36Mb
#2181616	REDUCE cov: 50 ft: 433 corp: 158/3090b lim: 4096 exec/s: 545404 rss: 36Mb L: 19/34 MS: 2 ChangeASCIIInt-EraseBytes-
#2205297	REDUCE cov: 50 ft: 433 corp: 158/3089b lim: 4096 exec/s: 441059 rss: 36Mb L: 20/34 MS: 1 EraseBytes-
#2225718	REDUCE cov: 50 ft: 433 corp: 158/3088b lim: 4096 exec/s: 445143 rss: 36Mb L: 21/34 MS: 1 EraseBytes-
#2233724	REDUCE cov: 50 ft: 433 corp: 158/3087b lim: 4096 exec/s: 446744 rss: 36Mb L: 21/34 MS: 1 EraseBytes-
#2247230	REDUCE cov: 50 ft: 433 corp: 158/3086b lim: 4096 exec/s: 449446 rss: 36Mb L: 20/34 MS: 1 EraseBytes-
#2254492	NEW    cov: 50 ft: 434 corp: 159/3106b lim: 4096 exec/s: 450898 rss: 36Mb L: 20/34 MS: 2 ChangeByte-CrossOver-
#2264319	REDUCE cov: 50 ft: 434 corp: 159/3105b lim: 4096 exec/s: 452863 rss: 36Mb L: 20/34 MS: 2 CopyPart-EraseBytes-
#2275135	NEW    cov: 50 ft: 435 corp: 160/3125b lim: 4096 exec/s: 455027 rss: 36Mb L: 20/34 MS: 1 ChangeBit-
#2309878	REDUCE cov: 50 ft: 435 corp: 160/3124b lim: 4096 exec/s: 461975 rss: 36Mb L: 22/34 MS: 3 CopyPart-PersAutoDict-EraseBytes- DE: "\001\000\0003"-
#2313829	REDUCE cov: 50 ft: 435 corp: 160/3123b lim: 4096 exec/s: 462765 rss: 36Mb L: 18/34 MS: 1 EraseBytes-
#2336345	REDUCE cov: 50 ft: 435 corp: 160/3122b lim: 4096 exec/s: 467269 rss: 36Mb L: 22/34 MS: 1 EraseBytes-
#2371373	REDUCE cov: 50 ft: 435 corp: 160/3120b lim: 4096 exec/s: 474274 rss: 36Mb L: 16/34 MS: 3 InsertByte-InsertByte-EraseBytes-
#2579904	REDUCE cov: 50 ft: 435 corp: 160/3119b lim: 4096 exec/s: 515980 rss: 36Mb L: 21/34 MS: 1 EraseBytes-
#2660115	REDUCE cov: 50 ft: 435 corp: 160/3118b lim: 4096 exec/s: 443352 rss: 36Mb L: 21/34 MS: 1 EraseBytes-
#2664601	REDUCE cov: 50 ft: 435 corp: 160/3117b lim: 4096 exec/s: 444100 rss: 36Mb L: 21/34 MS: 1 EraseBytes-
#2671038	NEW    cov: 50 ft: 436 corp: 161/3147b lim: 4096 exec/s: 445173 rss: 36Mb L: 30/34 MS: 2 CrossOver-ChangeByte-
#2695394	REDUCE cov: 50 ft: 436 corp: 161/3146b lim: 4096 exec/s: 449232 rss: 36Mb L: 18/34 MS: 1 EraseBytes-
#2747533	REDUCE cov: 50 ft: 436 corp: 161/3145b lim: 4096 exec/s: 457922 rss: 36Mb L: 20/34 MS: 4 ChangeASCIIInt-CopyPart-EraseBytes-CopyPart-
#2766048	REDUCE cov: 50 ft: 436 corp: 161/3143b lim: 4096 exec/s: 461008 rss: 36Mb L: 18/34 MS: 5 ChangeByte-ChangeBinInt-ChangeASCIIInt-ChangeBit-EraseBytes-
#2856199	REDUCE cov: 50 ft: 436 corp: 161/3142b lim: 4096 exec/s: 476033 rss: 36Mb L: 21/34 MS: 1 EraseBytes-
#2862206	REDUCE cov: 50 ft: 436 corp: 161/3140b lim: 4096 exec/s: 477034 rss: 36Mb L: 18/34 MS: 2 EraseBytes-ChangeByte-
#2950126	REDUCE cov: 50 ft: 436 corp: 161/3139b lim: 4096 exec/s: 491687 rss: 36Mb L: 19/34 MS: 5 InsertByte-EraseBytes-ShuffleBytes-ChangeBit-ChangeByte-
#2963907	REDUCE cov: 50 ft: 436 corp: 161/3138b lim: 4096 exec/s: 493984 rss: 36Mb L: 20/34 MS: 1 EraseBytes-
#3061748	REDUCE cov: 50 ft: 436 corp: 161/3137b lim: 4096 exec/s: 510291 rss: 36Mb L: 18/34 MS: 1 EraseBytes-
#3068411	REDUCE cov: 50 ft: 436 corp: 161/3135b lim: 4096 exec/s: 511401 rss: 36Mb L: 16/34 MS: 3 EraseBytes-CopyPart-CopyPart-
#3097094	REDUCE cov: 50 ft: 436 corp: 161/3133b lim: 4096 exec/s: 442442 rss: 36Mb L: 18/34 MS: 3 CrossOver-EraseBytes-ChangeByte-
#3164331	REDUCE cov: 50 ft: 436 corp: 161/3131b lim: 4096 exec/s: 452047 rss: 36Mb L: 19/34 MS: 2 ChangeBit-EraseBytes-
#3210808	REDUCE cov: 50 ft: 436 corp: 161/3130b lim: 4096 exec/s: 458686 rss: 36Mb L: 18/34 MS: 2 ChangeASCIIInt-EraseBytes-
#3253720	REDUCE cov: 50 ft: 436 corp: 161/3128b lim: 4096 exec/s: 464817 rss: 36Mb L: 19/34 MS: 2 EraseBytes-InsertByte-
#3300162	REDUCE cov: 50 ft: 438 corp: 162/3151b lim: 4096 exec/s: 471451 rss: 36Mb L: 23/34 MS: 2 ChangeByte-ChangeASCIIInt-
#3389678	REDUCE cov: 50 ft: 438 corp: 162/3150b lim: 4096 exec/s: 484239 rss: 36Mb L: 20/34 MS: 1 EraseBytes-
#3425205	REDUCE cov: 50 ft: 438 corp: 162/3148b lim: 4096 exec/s: 489315 rss: 36Mb L: 15/34 MS: 2 PersAutoDict-EraseBytes- DE: "\377\377\3770"-
#3453146	REDUCE cov: 50 ft: 438 corp: 162/3147b lim: 4096 exec/s: 493306 rss: 36Mb L: 20/34 MS: 1 EraseBytes-
#3477032	REDUCE cov: 50 ft: 438 corp: 162/3146b lim: 4096 exec/s: 496718 rss: 36Mb L: 18/34 MS: 1 EraseBytes-
#3510064	REDUCE cov: 50 ft: 438 corp: 162/3144b lim: 4096 exec/s: 501437 rss: 36Mb L: 16/34 MS: 2 CMP-EraseBytes- DE: "\377\377\377\377\377\377\377\017"-
#3512435	REDUCE cov: 50 ft: 438 corp: 162/3143b lim: 4096 exec/s: 501776 rss: 36Mb L: 18/34 MS: 1 EraseBytes-
#3539367	REDUCE cov: 50 ft: 438 corp: 162/3142b lim: 4096 exec/s: 505623 rss: 36Mb L: 16/34 MS: 2 ChangeASCIIInt-EraseBytes-
#3632703	REDUCE cov: 50 ft: 438 corp: 162/3141b lim: 4096 exec/s: 454087 rss: 36Mb L: 20/34 MS: 1 EraseBytes-
#3683958	REDUCE cov: 50 ft: 438 corp: 162/3139b lim: 4096 exec/s: 460494 rss: 36Mb L: 16/34 MS: 5 PersAutoDict-CopyPart-PersAutoDict-ChangeBinInt-EraseBytes- DE: "\377\377\377\377\377\377\377\026"-"\377\377\3770"-
#3763467	REDUCE cov: 50 ft: 438 corp: 162/3138b lim: 4096 exec/s: 470433 rss: 36Mb L: 20/34 MS: 4 ShuffleBytes-InsertByte-CrossOver-EraseBytes-
#3769728	REDUCE cov: 50 ft: 438 corp: 162/3137b lim: 4096 exec/s: 471216 rss: 36Mb L: 22/34 MS: 1 EraseBytes-
#3853784	REDUCE cov: 50 ft: 438 corp: 162/3136b lim: 4096 exec/s: 481723 rss: 36Mb L: 20/34 MS: 1 EraseBytes-
#3937870	REDUCE cov: 50 ft: 438 corp: 162/3135b lim: 4096 exec/s: 492233 rss: 36Mb L: 20/34 MS: 1 EraseBytes-
#4047151	REDUCE cov: 50 ft: 438 corp: 162/3134b lim: 4096 exec/s: 449683 rss: 36Mb L: 21/34 MS: 1 EraseBytes-
#4070146	REDUCE cov: 50 ft: 439 corp: 163/3166b lim: 4096 exec/s: 452238 rss: 36Mb L: 32/34 MS: 5 InsertByte-CopyPart-CrossOver-CrossOver-CrossOver-
#4080972	NEW    cov: 50 ft: 442 corp: 164/3198b lim: 4096 exec/s: 453441 rss: 36Mb L: 32/34 MS: 1 ChangeBinInt-
#4175448	REDUCE cov: 50 ft: 442 corp: 164/3197b lim: 4096 exec/s: 463938 rss: 36Mb L: 18/34 MS: 1 EraseBytes-
#4194304	pulse  cov: 50 ft: 442 corp: 164/3197b lim: 4096 exec/s: 466033 rss: 36Mb
#4243504	REDUCE cov: 50 ft: 442 corp: 164/3196b lim: 4096 exec/s: 471500 rss: 36Mb L: 20/34 MS: 1 EraseBytes-
#4359727	REDUCE cov: 50 ft: 442 corp: 164/3194b lim: 4096 exec/s: 484414 rss: 36Mb L: 16/34 MS: 3 ChangeBit-ChangeASCIIInt-EraseBytes-
#4389683	REDUCE cov: 50 ft: 442 corp: 164/3193b lim: 4096 exec/s: 487742 rss: 36Mb L: 20/34 MS: 1 EraseBytes-
#4455985	REDUCE cov: 50 ft: 442 corp: 164/3191b lim: 4096 exec/s: 445598 rss: 36Mb L: 16/34 MS: 2 EraseBytes-InsertByte-
#4468712	REDUCE cov: 50 ft: 442 corp: 164/3190b lim: 4096 exec/s: 446871 rss: 36Mb L: 20/34 MS: 2 ShuffleBytes-EraseBytes-
#4487533	REDUCE cov: 50 ft: 442 corp: 164/3189b lim: 4096 exec/s: 448753 rss: 36Mb L: 20/34 MS: 1 EraseBytes-
#4591569	REDUCE cov: 50 ft: 442 corp: 164/3188b lim: 4096 exec/s: 459156 rss: 36Mb L: 20/34 MS: 1 EraseBytes-
#4622782	REDUCE cov: 50 ft: 442 corp: 164/3186b lim: 4096 exec/s: 462278 rss: 36Mb L: 18/34 MS: 3 EraseBytes-ShuffleBytes-InsertByte-
#4674698	REDUCE cov: 50 ft: 442 corp: 164/3185b lim: 4096 exec/s: 467469 rss: 36Mb L: 20/34 MS: 1 EraseBytes-
#4823074	REDUCE cov: 50 ft: 442 corp: 164/3184b lim: 4096 exec/s: 482307 rss: 36Mb L: 21/34 MS: 1 EraseBytes-
#4837402	REDUCE cov: 50 ft: 442 corp: 164/3182b lim: 4096 exec/s: 483740 rss: 36Mb L: 18/34 MS: 3 ChangeBinInt-CopyPart-EraseBytes-
#4885183	REDUCE cov: 50 ft: 442 corp: 164/3181b lim: 4096 exec/s: 488518 rss: 36Mb L: 20/34 MS: 1 EraseBytes-
#5036110	REDUCE cov: 50 ft: 442 corp: 164/3179b lim: 4096 exec/s: 457828 rss: 36Mb L: 16/34 MS: 2 ChangeByte-EraseBytes-
#5195003	REDUCE cov: 50 ft: 442 corp: 164/3177b lim: 4096 exec/s: 472273 rss: 36Mb L: 16/34 MS: 3 ChangeASCIIInt-PersAutoDict-EraseBytes- DE: "\377\377\3770"-
#5212571	REDUCE cov: 50 ft: 442 corp: 164/3175b lim: 4096 exec/s: 473870 rss: 36Mb L: 18/34 MS: 3 ChangeBit-ChangeByte-EraseBytes-
#5228978	REDUCE cov: 50 ft: 442 corp: 164/3173b lim: 4096 exec/s: 475361 rss: 36Mb L: 18/34 MS: 2 EraseBytes-ChangeByte-
#5304579	REDUCE cov: 50 ft: 442 corp: 164/3172b lim: 4096 exec/s: 482234 rss: 36Mb L: 20/34 MS: 1 EraseBytes-
#5312458	REDUCE cov: 50 ft: 442 corp: 164/3170b lim: 4096 exec/s: 482950 rss: 36Mb L: 18/34 MS: 4 EraseBytes-ShuffleBytes-ChangeBit-ChangeBinInt-
#5418711	REDUCE cov: 50 ft: 442 corp: 164/3168b lim: 4096 exec/s: 451559 rss: 36Mb L: 18/34 MS: 3 EraseBytes-ShuffleBytes-ChangeBinInt-
#5428963	REDUCE cov: 50 ft: 442 corp: 164/3166b lim: 4096 exec/s: 452413 rss: 36Mb L: 16/34 MS: 2 PersAutoDict-EraseBytes- DE: "\377\377\3770"-
#5441574	REDUCE cov: 50 ft: 442 corp: 164/3165b lim: 4096 exec/s: 453464 rss: 36Mb L: 20/34 MS: 1 EraseBytes-
#5474827	REDUCE cov: 50 ft: 442 corp: 164/3161b lim: 4096 exec/s: 456235 rss: 36Mb L: 16/34 MS: 3 ChangeBinInt-ChangeBit-EraseBytes-
#5541561	REDUCE cov: 50 ft: 442 corp: 164/3159b lim: 4096 exec/s: 461796 rss: 36Mb L: 18/34 MS: 4 ChangeByte-CMP-InsertByte-EraseBytes- DE: "l\000\000\000\000\000\000\000"-
#5542358	REDUCE cov: 50 ft: 442 corp: 164/3157b lim: 4096 exec/s: 461863 rss: 36Mb L: 17/34 MS: 2 EraseBytes-ChangeBinInt-
#5559951	REDUCE cov: 50 ft: 442 corp: 164/3153b lim: 4096 exec/s: 463329 rss: 36Mb L: 16/34 MS: 3 PersAutoDict-EraseBytes-PersAutoDict- DE: "\377\377\377\377\377\377\377\026"-"1\000"-
#5746822	REDUCE cov: 50 ft: 442 corp: 164/3152b lim: 4096 exec/s: 478901 rss: 36Mb L: 20/34 MS: 1 EraseBytes-
#5925801	REDUCE cov: 50 ft: 442 corp: 164/3151b lim: 4096 exec/s: 455830 rss: 36Mb L: 20/34 MS: 4 InsertByte-PersAutoDict-EraseBytes-ChangeByte- DE: "l\000\000\000\000\000\000\000"-
#6273297	REDUCE cov: 50 ft: 442 corp: 164/3150b lim: 4096 exec/s: 448092 rss: 36Mb L: 20/34 MS: 1 EraseBytes-
#6932055	REDUCE cov: 50 ft: 442 corp: 164/3148b lim: 4096 exec/s: 462137 rss: 36Mb L: 16/34 MS: 3 ShuffleBytes-ChangeBinInt-EraseBytes-
#7005347	REDUCE cov: 50 ft: 442 corp: 164/3146b lim: 4096 exec/s: 467023 rss: 36Mb L: 16/34 MS: 2 EraseBytes-CrossOver-
#7066030	REDUCE cov: 50 ft: 442 corp: 164/3144b lim: 4096 exec/s: 471068 rss: 36Mb L: 16/34 MS: 3 ChangeASCIIInt-EraseBytes-ChangeByte-
#7202872	REDUCE cov: 50 ft: 443 corp: 165/3164b lim: 4096 exec/s: 450179 rss: 36Mb L: 20/34 MS: 2 CopyPart-ChangeBit-
#7414866	REDUCE cov: 50 ft: 443 corp: 165/3162b lim: 4096 exec/s: 463429 rss: 36Mb L: 18/34 MS: 4 InsertRepeatedBytes-CMP-CopyPart-CrossOver- DE: "\377\377\377\377\377\377\377@"-
#7633894	REDUCE cov: 50 ft: 443 corp: 165/3158b lim: 4096 exec/s: 449052 rss: 36Mb L: 16/34 MS: 3 ChangeBinInt-EraseBytes-PersAutoDict- DE: "\377\377"-
#7690219	REDUCE cov: 50 ft: 443 corp: 165/3156b lim: 4096 exec/s: 452365 rss: 36Mb L: 16/34 MS: 5 InsertByte-ChangeBinInt-ShuffleBytes-ChangeASCIIInt-EraseBytes-
#7855538	REDUCE cov: 50 ft: 443 corp: 165/3154b lim: 4096 exec/s: 462090 rss: 36Mb L: 16/34 MS: 4 ShuffleBytes-ChangeBit-PersAutoDict-EraseBytes- DE: "\377\377\377\377\377\377\377@"-
#7890215	REDUCE cov: 50 ft: 443 corp: 165/3152b lim: 4096 exec/s: 464130 rss: 36Mb L: 16/34 MS: 2 EraseBytes-InsertByte-
#7924209	REDUCE cov: 50 ft: 443 corp: 165/3151b lim: 4096 exec/s: 466129 rss: 36Mb L: 15/34 MS: 4 EraseBytes-ChangeByte-ChangeBinInt-ChangeBit-
#8220102	REDUCE cov: 50 ft: 443 corp: 165/3149b lim: 4096 exec/s: 456672 rss: 36Mb L: 16/34 MS: 3 EraseBytes-ChangeBit-InsertByte-
#8388608	pulse  cov: 50 ft: 443 corp: 165/3149b lim: 4096 exec/s: 466033 rss: 36Mb
#9096339	REDUCE cov: 50 ft: 443 corp: 165/3147b lim: 4096 exec/s: 454816 rss: 36Mb L: 16/34 MS: 2 EraseBytes-InsertByte-
#9669188	REDUCE cov: 50 ft: 443 corp: 165/3145b lim: 4096 exec/s: 460437 rss: 36Mb L: 16/34 MS: 4 PersAutoDict-ChangeBinInt-ChangeBinInt-EraseBytes- DE: "9\000\000\000"-
#9900924	REDUCE cov: 50 ft: 443 corp: 165/3144b lim: 4096 exec/s: 450042 rss: 36Mb L: 16/34 MS: 1 EraseBytes-
#10330348	REDUCE cov: 50 ft: 444 corp: 166/3159b lim: 4096 exec/s: 449145 rss: 36Mb L: 15/34 MS: 4 ChangeByte-CopyPart-ChangeByte-EraseBytes-
#10859249	NEW    cov: 50 ft: 450 corp: 167/3174b lim: 4096 exec/s: 452468 rss: 36Mb L: 15/34 MS: 1 CrossOver-
#11272077	REDUCE cov: 50 ft: 450 corp: 167/3172b lim: 4096 exec/s: 450883 rss: 36Mb L: 16/34 MS: 3 EraseBytes-ChangeBinInt-CopyPart-
#11393081	REDUCE cov: 50 ft: 450 corp: 167/3171b lim: 4096 exec/s: 455723 rss: 36Mb L: 20/34 MS: 4 CopyPart-ChangeBit-ChangeBit-EraseBytes-
#11665068	REDUCE cov: 50 ft: 450 corp: 167/3169b lim: 4096 exec/s: 448656 rss: 36Mb L: 18/34 MS: 2 InsertByte-EraseBytes-
#11718023	REDUCE cov: 50 ft: 450 corp: 167/3167b lim: 4096 exec/s: 450693 rss: 36Mb L: 16/34 MS: 5 ChangeByte-ShuffleBytes-ChangeByte-ChangeByte-EraseBytes-
#12296324	REDUCE cov: 50 ft: 450 corp: 167/3166b lim: 4096 exec/s: 455419 rss: 36Mb L: 18/34 MS: 1 EraseBytes-
#12674512	REDUCE cov: 50 ft: 450 corp: 167/3164b lim: 4096 exec/s: 452661 rss: 36Mb L: 16/34 MS: 3 EraseBytes-CopyPart-ChangeBinInt-
#12740351	REDUCE cov: 50 ft: 450 corp: 167/3162b lim: 4096 exec/s: 455012 rss: 36Mb L: 16/34 MS: 4 InsertByte-InsertByte-ChangeBinInt-EraseBytes-
#13259993	REDUCE cov: 50 ft: 450 corp: 167/3160b lim: 4096 exec/s: 457241 rss: 36Mb L: 16/34 MS: 2 ChangeBinInt-EraseBytes-
#13486705	REDUCE cov: 50 ft: 450 corp: 167/3159b lim: 4096 exec/s: 449556 rss: 36Mb L: 19/34 MS: 2 ChangeASCIIInt-EraseBytes-
#13551732	REDUCE cov: 50 ft: 450 corp: 167/3157b lim: 4096 exec/s: 451724 rss: 36Mb L: 18/34 MS: 2 EraseBytes-ChangeByte-
#15666594	REDUCE cov: 50 ft: 450 corp: 167/3155b lim: 4096 exec/s: 460782 rss: 36Mb L: 16/34 MS: 2 EraseBytes-ChangeBinInt-
#15936005	REDUCE cov: 50 ft: 450 corp: 167/3154b lim: 4096 exec/s: 455314 rss: 36Mb L: 18/34 MS: 1 EraseBytes-
#15967108	REDUCE cov: 50 ft: 450 corp: 167/3152b lim: 4096 exec/s: 456203 rss: 36Mb L: 16/34 MS: 3 CrossOver-EraseBytes-EraseBytes-
#16777216	pulse  cov: 50 ft: 450 corp: 167/3152b lim: 4096 exec/s: 453438 rss: 36Mb
#16789345	REDUCE cov: 50 ft: 450 corp: 167/3150b lim: 4096 exec/s: 453766 rss: 36Mb L: 16/34 MS: 2 EraseBytes-CrossOver-
#17461569	REDUCE cov: 50 ft: 450 corp: 167/3148b lim: 4096 exec/s: 459514 rss: 36Mb L: 16/34 MS: 4 ChangeBit-ChangeByte-EraseBytes-InsertByte-
#18257196	REDUCE cov: 50 ft: 450 corp: 167/3146b lim: 4096 exec/s: 456429 rss: 36Mb L: 16/34 MS: 2 PersAutoDict-EraseBytes- DE: "\377\377"-
#20416375	REDUCE cov: 50 ft: 450 corp: 167/3144b lim: 4096 exec/s: 453697 rss: 36Mb L: 16/34 MS: 4 PersAutoDict-EraseBytes-PersAutoDict-ChangeByte- DE: "\377\377\3770"-"\377\377\3770"-
#20605258	REDUCE cov: 50 ft: 450 corp: 167/3142b lim: 4096 exec/s: 457894 rss: 36Mb L: 16/34 MS: 3 InsertByte-CopyPart-EraseBytes-
#21483688	REDUCE cov: 50 ft: 450 corp: 167/3141b lim: 4096 exec/s: 457099 rss: 36Mb L: 15/34 MS: 5 PersAutoDict-InsertByte-ChangeBit-ChangeBit-EraseBytes- DE: "\377\377\377\377\377\377\377!"-
#22043150	REDUCE cov: 50 ft: 450 corp: 167/3139b lim: 4096 exec/s: 449860 rss: 36Mb L: 16/34 MS: 2 EraseBytes-ChangeBinInt-
#22186561	REDUCE cov: 50 ft: 451 corp: 168/3155b lim: 4096 exec/s: 452786 rss: 36Mb L: 16/34 MS: 1 ChangeASCIIInt-
#22484563	NEW    cov: 50 ft: 452 corp: 169/3171b lim: 4096 exec/s: 449691 rss: 36Mb L: 16/34 MS: 2 ChangeBit-ChangeBit-
#22519615	NEW    cov: 50 ft: 453 corp: 170/3187b lim: 4096 exec/s: 450392 rss: 36Mb L: 16/34 MS: 2 ChangeBit-ChangeASCIIInt-
#22804761	NEW    cov: 50 ft: 454 corp: 171/3208b lim: 4096 exec/s: 456095 rss: 36Mb L: 21/34 MS: 1 InsertByte-
#23844060	NEW    cov: 50 ft: 455 corp: 172/3226b lim: 4096 exec/s: 449887 rss: 36Mb L: 18/34 MS: 4 ChangeByte-PersAutoDict-EraseBytes-CMP- DE: "8\000"-"4\000\000\000"-
#25154942	REDUCE cov: 50 ft: 455 corp: 172/3224b lim: 4096 exec/s: 449195 rss: 36Mb L: 16/34 MS: 2 EraseBytes-ChangeBit-
#27431571	REDUCE cov: 50 ft: 455 corp: 172/3223b lim: 4096 exec/s: 449697 rss: 36Mb L: 15/34 MS: 4 ShuffleBytes-EraseBytes-ChangeBit-CopyPart-
#30032771	REDUCE cov: 50 ft: 455 corp: 172/3221b lim: 4096 exec/s: 448250 rss: 36Mb L: 15/34 MS: 5 ChangeBinInt-InsertByte-InsertByte-ChangeBit-EraseBytes-
#30520843	REDUCE cov: 50 ft: 455 corp: 172/3219b lim: 4096 exec/s: 448835 rss: 36Mb L: 16/34 MS: 2 EraseBytes-ChangeBit-
#37268338	REDUCE cov: 50 ft: 455 corp: 172/3217b lim: 4096 exec/s: 449016 rss: 36Mb L: 18/34 MS: 5 ChangeBinInt-InsertByte-CrossOver-EraseBytes-ShuffleBytes-
#39766145	REDUCE cov: 50 ft: 455 corp: 172/3215b lim: 4096 exec/s: 451888 rss: 37Mb L: 16/34 MS: 2 EraseBytes-ChangeByte-
#39916337	REDUCE cov: 50 ft: 455 corp: 172/3213b lim: 4096 exec/s: 448498 rss: 37Mb L: 18/34 MS: 2 EraseBytes-InsertByte-
#42560704	REDUCE cov: 50 ft: 455 corp: 172/3211b lim: 4096 exec/s: 448007 rss: 37Mb L: 16/34 MS: 2 EraseBytes-ChangeByte-
#43932691	REDUCE cov: 50 ft: 455 corp: 172/3209b lim: 4096 exec/s: 448292 rss: 37Mb L: 16/34 MS: 2 InsertByte-EraseBytes-
#47446084	NEW    cov: 50 ft: 456 corp: 173/3240b lim: 4096 exec/s: 451867 rss: 37Mb L: 31/34 MS: 3 InsertByte-ShuffleBytes-CopyPart-
#47461484	REDUCE cov: 50 ft: 456 corp: 173/3235b lim: 4096 exec/s: 452014 rss: 37Mb L: 15/34 MS: 5 InsertByte-ChangeBit-ChangeByte-EraseBytes-CrossOver-
#54062207	REDUCE cov: 50 ft: 457 corp: 174/3268b lim: 4096 exec/s: 450518 rss: 37Mb L: 33/34 MS: 3 InsertRepeatedBytes-InsertRepeatedBytes-EraseBytes-
#55449014	REDUCE cov: 50 ft: 457 corp: 174/3266b lim: 4096 exec/s: 450804 rss: 37Mb L: 16/34 MS: 2 ChangeBit-EraseBytes-
panic: found special char in iban [recovered]
	panic: found special char in iban

goroutine 17 [running, locked to thread]:
git.ultraware.nl/iddinkgroep/fundament-api.Fuzz.func1()
	git.ultraware.nl/iddinkgroep/fundament-api/fuzz.go:19 +0xa5
panic({0x55882e96c760?, 0x55882e97fc70?})
	runtime/panic.go:914 +0x21f
git.ultraware.nl/iddinkgroep/fundament-api.Fuzz({0xc0003a5e18, 0x15})
	git.ultraware.nl/iddinkgroep/fundament-api/fuzz.go:34 +0x2b9
git.ultraware.nl/iddinkgroep/fundament-api.Fuzz_(...)
	git.ultraware.nl/iddinkgroep/fundament-api/fuzz.1527825026.go:6
main.LLVMFuzzerTestOneInput(...)
	./main.170485750.go:21
==9874== ERROR: libFuzzer: deadly signal
    #0 0x55882e88f630 in __sanitizer_print_stack_trace (/seedai/experiments/libfuzzer/source_iban/libfuzzer+0xaf630) (BuildId: 688cb25bec4564588da2a67f6a2b25148a0fd5d4)
    #1 0x55882e85b755 in fuzzer::PrintStackTrace() (/seedai/experiments/libfuzzer/source_iban/libfuzzer+0x7b755) (BuildId: 688cb25bec4564588da2a67f6a2b25148a0fd5d4)
    #2 0x55882e83a3a9 in fuzzer::Fuzzer::CrashCallback() (.part.0) FuzzerLoop.cpp.o
    #3 0x55882e83a46a in fuzzer::Fuzzer::StaticCrashSignalCallback() (/seedai/experiments/libfuzzer/source_iban/libfuzzer+0x5a46a) (BuildId: 688cb25bec4564588da2a67f6a2b25148a0fd5d4)
    #4 0x7fb1162e670f  (/usr/lib/libc.so.6+0x3e70f) (BuildId: 316d0d3666387f0e8fb98773f51aa1801027c5ab)
    #5 0x55882e8ef160 in runtime.raise.abi0 runtime/sys_linux_amd64.s:153

NOTE: libFuzzer has rudimentary signal handlers.
      Combine libFuzzer with AddressSanitizer or similar for better crash reports.
SUMMARY: libFuzzer: deadly signal
MS: 5 ShuffleBytes-CrossOver-CopyPart-ChangeBit-CrossOver-; base unit: 10012c1200886254b73697ee4942c76a80d70303
0x4c,0x55,0x4c,0x55,0x2d,0x30,0x30,0x30,0x30,0x30,0x30,0x30,0x20,0x30,0x30,0x30,0x30,0x55,0x38,0x4c,0x55,
LULU-0000000 0000U8LU
artifact_prefix='./'; Test unit written to ./crash-e2c738ceed0f178acfdf01066efec084fb0d850b
Base64: TFVMVS0wMDAwMDAwIDAwMDBVOExV
