INFO: Running with entropic power schedule (0xFF, 100).
INFO: Seed: 3526522759
INFO: Loaded 1 modules   (70 inline 8-bit counters): 70 [0x56380b3de030, 0x56380b3de076), 
INFO: Loaded 1 PC tables (70 PCs): 70 [0xc000068000,0xc000068460), 
INFO:        7 files found in corpus
INFO: -max_len is not provided; libFuzzer will not generate inputs larger than 4096 bytes
INFO: seed corpus: files: 7 min: 1b max: 800b total: 1096b rss: 29Mb
#8	INITED cov: 11 ft: 27 corp: 4/43b exec/s: 0 rss: 29Mb
#9	NEW    cov: 11 ft: 29 corp: 5/64b lim: 30 exec/s: 0 rss: 29Mb L: 21/30 MS: 1 InsertRepeatedBytes-
#17	NEW    cov: 11 ft: 30 corp: 6/82b lim: 30 exec/s: 0 rss: 29Mb L: 18/30 MS: 3 InsertRepeatedBytes-EraseBytes-EraseBytes-
#19	REDUCE cov: 11 ft: 30 corp: 6/79b lim: 30 exec/s: 0 rss: 29Mb L: 27/27 MS: 2 EraseBytes-InsertRepeatedBytes-
#28	NEW    cov: 11 ft: 32 corp: 7/93b lim: 30 exec/s: 0 rss: 29Mb L: 14/27 MS: 4 ChangeBit-InsertRepeatedBytes-ChangeBinInt-EraseBytes-
#34	NEW    cov: 11 ft: 33 corp: 8/122b lim: 30 exec/s: 0 rss: 29Mb L: 29/29 MS: 1 CopyPart-
#40	NEW    cov: 11 ft: 35 corp: 9/137b lim: 30 exec/s: 0 rss: 29Mb L: 15/29 MS: 1 CrossOver-
#97	NEW    cov: 11 ft: 36 corp: 10/153b lim: 30 exec/s: 0 rss: 30Mb L: 16/29 MS: 2 ChangeBinInt-EraseBytes-
#126	NEW    cov: 13 ft: 42 corp: 11/168b lim: 30 exec/s: 0 rss: 30Mb L: 15/29 MS: 4 InsertRepeatedBytes-InsertByte-EraseBytes-EraseBytes-
#129	NEW    cov: 13 ft: 43 corp: 12/180b lim: 30 exec/s: 0 rss: 30Mb L: 12/29 MS: 3 ShuffleBytes-CopyPart-EraseBytes-
#360	NEW    cov: 13 ft: 45 corp: 13/196b lim: 30 exec/s: 0 rss: 30Mb L: 16/29 MS: 1 InsertByte-
#491	NEW    cov: 13 ft: 46 corp: 14/211b lim: 30 exec/s: 0 rss: 30Mb L: 15/29 MS: 1 CMP- DE: "\377\377\377\377\377\377\377\015"-
#539	NEW    cov: 13 ft: 47 corp: 15/232b lim: 30 exec/s: 0 rss: 30Mb L: 21/29 MS: 3 InsertRepeatedBytes-CopyPart-CopyPart-
#551	NEW    cov: 13 ft: 48 corp: 16/254b lim: 30 exec/s: 0 rss: 30Mb L: 22/29 MS: 2 PersAutoDict-InsertRepeatedBytes- DE: "\377\377\377\377\377\377\377\015"-
#635	NEW    cov: 13 ft: 49 corp: 17/282b lim: 30 exec/s: 0 rss: 30Mb L: 28/29 MS: 4 ChangeByte-ChangeByte-ShuffleBytes-InsertRepeatedBytes-
#640	NEW    cov: 25 ft: 91 corp: 18/298b lim: 30 exec/s: 0 rss: 30Mb L: 16/29 MS: 5 ChangeBinInt-CopyPart-EraseBytes-ChangeBinInt-ChangeBit-
#651	NEW    cov: 25 ft: 92 corp: 19/326b lim: 30 exec/s: 0 rss: 30Mb L: 28/29 MS: 1 PersAutoDict- DE: "\377\377\377\377\377\377\377\015"-
#689	NEW    cov: 25 ft: 93 corp: 20/350b lim: 30 exec/s: 0 rss: 30Mb L: 24/29 MS: 3 ShuffleBytes-ChangeByte-InsertRepeatedBytes-
#810	NEW    cov: 25 ft: 94 corp: 21/366b lim: 30 exec/s: 0 rss: 30Mb L: 16/29 MS: 1 CrossOver-
#876	NEW    cov: 25 ft: 95 corp: 22/385b lim: 30 exec/s: 0 rss: 30Mb L: 19/29 MS: 1 EraseBytes-
#1077	NEW    cov: 25 ft: 96 corp: 23/401b lim: 30 exec/s: 0 rss: 30Mb L: 16/29 MS: 1 CopyPart-
#1114	NEW    cov: 25 ft: 97 corp: 24/418b lim: 30 exec/s: 0 rss: 30Mb L: 17/29 MS: 2 ShuffleBytes-InsertByte-
#1141	NEW    cov: 25 ft: 98 corp: 25/434b lim: 30 exec/s: 0 rss: 30Mb L: 16/29 MS: 2 CopyPart-ChangeBit-
#1167	NEW    cov: 25 ft: 99 corp: 26/450b lim: 30 exec/s: 0 rss: 30Mb L: 16/29 MS: 1 ChangeByte-
#1176	NEW    cov: 25 ft: 104 corp: 27/470b lim: 30 exec/s: 0 rss: 30Mb L: 20/29 MS: 4 ShuffleBytes-ChangeBinInt-ShuffleBytes-InsertByte-
#1284	NEW    cov: 25 ft: 105 corp: 28/495b lim: 30 exec/s: 0 rss: 30Mb L: 25/29 MS: 3 ChangeBinInt-PersAutoDict-CrossOver- DE: "\377\377\377\377\377\377\377\015"-
#1329	REDUCE cov: 25 ft: 105 corp: 28/486b lim: 30 exec/s: 0 rss: 30Mb L: 16/29 MS: 5 ChangeASCIIInt-ChangeBit-InsertRepeatedBytes-ShuffleBytes-EraseBytes-
#1380	NEW    cov: 25 ft: 109 corp: 29/502b lim: 30 exec/s: 0 rss: 30Mb L: 16/29 MS: 1 CrossOver-
#1567	NEW    cov: 25 ft: 110 corp: 30/518b lim: 30 exec/s: 0 rss: 30Mb L: 16/29 MS: 2 ChangeBit-ChangeBit-
#1577	NEW    cov: 25 ft: 111 corp: 31/538b lim: 30 exec/s: 0 rss: 30Mb L: 20/29 MS: 5 EraseBytes-InsertRepeatedBytes-CopyPart-ShuffleBytes-InsertByte-
#1618	NEW    cov: 25 ft: 113 corp: 32/560b lim: 30 exec/s: 0 rss: 30Mb L: 22/29 MS: 1 InsertByte-
#1964	REDUCE cov: 25 ft: 114 corp: 33/580b lim: 30 exec/s: 0 rss: 30Mb L: 20/29 MS: 1 InsertRepeatedBytes-
#2185	NEW    cov: 25 ft: 115 corp: 34/596b lim: 30 exec/s: 0 rss: 30Mb L: 16/29 MS: 1 ChangeByte-
#2243	NEW    cov: 25 ft: 117 corp: 35/619b lim: 30 exec/s: 0 rss: 30Mb L: 23/29 MS: 3 InsertByte-ShuffleBytes-CopyPart-
#2331	NEW    cov: 25 ft: 119 corp: 36/637b lim: 30 exec/s: 0 rss: 30Mb L: 18/29 MS: 3 ChangeBinInt-InsertByte-InsertByte-
#2449	REDUCE cov: 25 ft: 119 corp: 36/636b lim: 30 exec/s: 0 rss: 30Mb L: 15/29 MS: 3 CopyPart-PersAutoDict-EraseBytes- DE: "\377\377\377\377\377\377\377\015"-
#2455	NEW    cov: 25 ft: 121 corp: 37/659b lim: 30 exec/s: 0 rss: 30Mb L: 23/29 MS: 1 ChangeByte-
#2471	NEW    cov: 25 ft: 122 corp: 38/682b lim: 30 exec/s: 0 rss: 30Mb L: 23/29 MS: 1 CopyPart-
#2502	NEW    cov: 30 ft: 136 corp: 39/705b lim: 30 exec/s: 0 rss: 30Mb L: 23/29 MS: 1 ShuffleBytes-
#2698	NEW    cov: 30 ft: 137 corp: 40/728b lim: 30 exec/s: 0 rss: 30Mb L: 23/29 MS: 1 ChangeByte-
#2720	NEW    cov: 30 ft: 153 corp: 41/751b lim: 30 exec/s: 0 rss: 30Mb L: 23/29 MS: 2 ShuffleBytes-ChangeByte-
#2769	NEW    cov: 30 ft: 154 corp: 42/767b lim: 30 exec/s: 0 rss: 30Mb L: 16/29 MS: 4 CopyPart-ShuffleBytes-ChangeByte-ChangeByte-
#2918	REDUCE cov: 30 ft: 154 corp: 42/765b lim: 30 exec/s: 0 rss: 30Mb L: 15/29 MS: 4 CopyPart-ChangeByte-CrossOver-EraseBytes-
#3098	REDUCE cov: 30 ft: 154 corp: 42/764b lim: 30 exec/s: 0 rss: 31Mb L: 23/29 MS: 5 CrossOver-ChangeBit-InsertByte-InsertRepeatedBytes-CrossOver-
#3469	NEW    cov: 30 ft: 165 corp: 43/788b lim: 30 exec/s: 0 rss: 31Mb L: 24/29 MS: 1 CopyPart-
#3536	NEW    cov: 30 ft: 173 corp: 44/808b lim: 30 exec/s: 0 rss: 31Mb L: 20/29 MS: 2 InsertRepeatedBytes-EraseBytes-
#3656	REDUCE cov: 30 ft: 173 corp: 44/807b lim: 30 exec/s: 0 rss: 31Mb L: 17/29 MS: 5 InsertRepeatedBytes-EraseBytes-CrossOver-ChangeBinInt-EraseBytes-
#3715	REDUCE cov: 30 ft: 173 corp: 44/802b lim: 30 exec/s: 0 rss: 31Mb L: 18/29 MS: 4 ChangeBinInt-CrossOver-ChangeBinInt-CopyPart-
#3730	REDUCE cov: 30 ft: 173 corp: 44/798b lim: 30 exec/s: 0 rss: 31Mb L: 19/29 MS: 5 InsertByte-PersAutoDict-ChangeASCIIInt-ChangeBit-EraseBytes- DE: "\377\377\377\377\377\377\377\015"-
#4139	NEW    cov: 30 ft: 174 corp: 45/831b lim: 34 exec/s: 0 rss: 31Mb L: 33/33 MS: 4 InsertByte-ShuffleBytes-ChangeByte-InsertRepeatedBytes-
#4141	NEW    cov: 30 ft: 175 corp: 46/863b lim: 34 exec/s: 0 rss: 31Mb L: 32/33 MS: 2 InsertByte-InsertRepeatedBytes-
#4142	NEW    cov: 30 ft: 177 corp: 47/886b lim: 34 exec/s: 0 rss: 31Mb L: 23/33 MS: 1 ChangeByte-
#4148	NEW    cov: 30 ft: 179 corp: 48/920b lim: 34 exec/s: 0 rss: 31Mb L: 34/34 MS: 1 InsertByte-
#4222	REDUCE cov: 30 ft: 179 corp: 48/916b lim: 34 exec/s: 0 rss: 31Mb L: 15/34 MS: 4 ChangeByte-CopyPart-ChangeBit-EraseBytes-
#4657	REDUCE cov: 30 ft: 179 corp: 48/910b lim: 34 exec/s: 0 rss: 31Mb L: 22/34 MS: 5 InsertRepeatedBytes-CrossOver-CMP-ShuffleBytes-PersAutoDict- DE: "\001\000"-"\377\377\377\377\377\377\377\015"-
#4857	NEW    cov: 30 ft: 181 corp: 49/934b lim: 34 exec/s: 0 rss: 31Mb L: 24/34 MS: 5 InsertByte-ShuffleBytes-ChangeBinInt-ChangeByte-CopyPart-
#4979	NEW    cov: 30 ft: 183 corp: 50/958b lim: 34 exec/s: 0 rss: 31Mb L: 24/34 MS: 2 ChangeByte-ShuffleBytes-
#5051	NEW    cov: 30 ft: 186 corp: 51/981b lim: 34 exec/s: 0 rss: 31Mb L: 23/34 MS: 2 CopyPart-CopyPart-
#5182	NEW    cov: 30 ft: 188 corp: 52/1005b lim: 34 exec/s: 0 rss: 31Mb L: 24/34 MS: 1 ChangeBinInt-
#5359	NEW    cov: 30 ft: 190 corp: 53/1028b lim: 34 exec/s: 0 rss: 31Mb L: 23/34 MS: 2 CopyPart-PersAutoDict- DE: "\001\000"-
#5713	REDUCE cov: 30 ft: 190 corp: 53/1026b lim: 34 exec/s: 0 rss: 31Mb L: 20/34 MS: 4 PersAutoDict-ChangeBit-ChangeByte-EraseBytes- DE: "\001\000"-
#5927	REDUCE cov: 30 ft: 190 corp: 53/1024b lim: 34 exec/s: 0 rss: 31Mb L: 16/34 MS: 4 ChangeByte-EraseBytes-ChangeByte-CopyPart-
#6788	REDUCE cov: 30 ft: 190 corp: 53/1023b lim: 39 exec/s: 0 rss: 32Mb L: 21/34 MS: 1 EraseBytes-
#6816	NEW    cov: 30 ft: 191 corp: 54/1039b lim: 39 exec/s: 0 rss: 32Mb L: 16/34 MS: 3 PersAutoDict-CrossOver-ChangeByte- DE: "\001\000"-
#7533	REDUCE cov: 30 ft: 191 corp: 54/1037b lim: 44 exec/s: 0 rss: 32Mb L: 18/34 MS: 2 EraseBytes-ChangeByte-
#8274	NEW    cov: 30 ft: 193 corp: 55/1060b lim: 49 exec/s: 0 rss: 32Mb L: 23/34 MS: 1 CopyPart-
#8441	REDUCE cov: 30 ft: 193 corp: 55/1059b lim: 49 exec/s: 0 rss: 32Mb L: 22/34 MS: 2 CrossOver-EraseBytes-
#8734	REDUCE cov: 30 ft: 193 corp: 55/1058b lim: 49 exec/s: 0 rss: 32Mb L: 31/34 MS: 3 ChangeByte-EraseBytes-InsertRepeatedBytes-
#9605	NEW    cov: 30 ft: 195 corp: 56/1081b lim: 54 exec/s: 0 rss: 32Mb L: 23/34 MS: 1 ChangeByte-
#10057	REDUCE cov: 30 ft: 195 corp: 56/1079b lim: 54 exec/s: 0 rss: 32Mb L: 21/34 MS: 2 ChangeByte-EraseBytes-
#11673	NEW    cov: 30 ft: 197 corp: 57/1102b lim: 70 exec/s: 0 rss: 33Mb L: 23/34 MS: 1 ChangeBinInt-
#13564	NEW    cov: 30 ft: 199 corp: 58/1122b lim: 88 exec/s: 0 rss: 33Mb L: 20/34 MS: 1 ShuffleBytes-
#13942	REDUCE cov: 30 ft: 199 corp: 58/1120b lim: 88 exec/s: 0 rss: 33Mb L: 19/34 MS: 3 EraseBytes-ChangeBinInt-CopyPart-
#14103	NEW    cov: 30 ft: 201 corp: 59/1143b lim: 88 exec/s: 0 rss: 33Mb L: 23/34 MS: 1 CrossOver-
#16141	REDUCE cov: 30 ft: 201 corp: 59/1142b lim: 106 exec/s: 0 rss: 34Mb L: 15/34 MS: 3 EraseBytes-InsertByte-CopyPart-
#16230	REDUCE cov: 30 ft: 201 corp: 59/1141b lim: 106 exec/s: 0 rss: 34Mb L: 21/34 MS: 4 EraseBytes-ChangeBinInt-InsertByte-CMP- DE: "\001\000\000\000\000\000\000="-
#16435	REDUCE cov: 30 ft: 201 corp: 59/1140b lim: 106 exec/s: 0 rss: 34Mb L: 23/34 MS: 5 CopyPart-ChangeBinInt-EraseBytes-PersAutoDict-InsertByte- DE: "\001\000"-
#17642	REDUCE cov: 30 ft: 201 corp: 59/1138b lim: 112 exec/s: 0 rss: 34Mb L: 21/34 MS: 2 InsertRepeatedBytes-EraseBytes-
#17798	NEW    cov: 30 ft: 202 corp: 60/1156b lim: 112 exec/s: 0 rss: 34Mb L: 18/34 MS: 1 ChangeBinInt-
#18522	REDUCE cov: 30 ft: 202 corp: 60/1154b lim: 118 exec/s: 0 rss: 34Mb L: 18/34 MS: 4 CrossOver-EraseBytes-ChangeByte-ChangeByte-
#22184	REDUCE cov: 30 ft: 202 corp: 60/1152b lim: 151 exec/s: 0 rss: 34Mb L: 16/34 MS: 2 CopyPart-EraseBytes-
#23999	REDUCE cov: 30 ft: 202 corp: 60/1151b lim: 165 exec/s: 0 rss: 34Mb L: 15/34 MS: 5 InsertByte-PersAutoDict-EraseBytes-ChangeBit-InsertByte- DE: "\001\000"-
#28086	NEW    cov: 30 ft: 204 corp: 61/1174b lim: 200 exec/s: 0 rss: 34Mb L: 23/34 MS: 2 ChangeByte-CopyPart-
#29868	REDUCE cov: 31 ft: 207 corp: 62/1196b lim: 214 exec/s: 0 rss: 34Mb L: 22/34 MS: 2 ChangeBit-ChangeByte-
#30419	NEW    cov: 33 ft: 214 corp: 63/1219b lim: 214 exec/s: 0 rss: 34Mb L: 23/34 MS: 1 CopyPart-
#30911	NEW    cov: 33 ft: 216 corp: 64/1242b lim: 214 exec/s: 0 rss: 34Mb L: 23/34 MS: 2 ShuffleBytes-CrossOver-
#31222	NEW    cov: 33 ft: 217 corp: 65/1265b lim: 214 exec/s: 0 rss: 34Mb L: 23/34 MS: 1 ChangeBinInt-
#31280	NEW    cov: 33 ft: 220 corp: 66/1288b lim: 214 exec/s: 0 rss: 34Mb L: 23/34 MS: 3 ChangeBinInt-ChangeByte-CopyPart-
#31906	NEW    cov: 33 ft: 221 corp: 67/1311b lim: 214 exec/s: 0 rss: 34Mb L: 23/34 MS: 1 ChangeByte-
#35122	NEW    cov: 46 ft: 272 corp: 68/1334b lim: 242 exec/s: 0 rss: 35Mb L: 23/34 MS: 1 ShuffleBytes-
#36029	NEW    cov: 46 ft: 275 corp: 69/1357b lim: 249 exec/s: 0 rss: 35Mb L: 23/34 MS: 2 ShuffleBytes-ChangeBit-
#36400	NEW    cov: 46 ft: 276 corp: 70/1380b lim: 249 exec/s: 0 rss: 35Mb L: 23/34 MS: 1 ChangeBit-
#36721	NEW    cov: 46 ft: 277 corp: 71/1403b lim: 249 exec/s: 0 rss: 35Mb L: 23/34 MS: 1 ShuffleBytes-
#37117	NEW    cov: 47 ft: 278 corp: 72/1426b lim: 249 exec/s: 0 rss: 35Mb L: 23/34 MS: 1 ChangeBit-
#39012	REDUCE cov: 47 ft: 279 corp: 73/1445b lim: 264 exec/s: 0 rss: 35Mb L: 19/34 MS: 5 ChangeBinInt-ChangeByte-InsertByte-ChangeByte-ChangeByte-
#39882	REDUCE cov: 47 ft: 279 corp: 73/1444b lim: 272 exec/s: 0 rss: 35Mb L: 15/34 MS: 5 ShuffleBytes-ChangeBinInt-EraseBytes-CopyPart-ShuffleBytes-
#40028	NEW    cov: 47 ft: 281 corp: 74/1467b lim: 272 exec/s: 0 rss: 35Mb L: 23/34 MS: 1 CopyPart-
#40249	NEW    cov: 47 ft: 282 corp: 75/1490b lim: 272 exec/s: 0 rss: 35Mb L: 23/34 MS: 1 CopyPart-
#43617	REDUCE cov: 47 ft: 282 corp: 75/1488b lim: 304 exec/s: 0 rss: 35Mb L: 16/34 MS: 3 ShuffleBytes-EraseBytes-CMP- DE: "\377y"-
#47151	REDUCE cov: 47 ft: 282 corp: 75/1487b lim: 336 exec/s: 0 rss: 35Mb L: 18/34 MS: 4 InsertByte-CrossOver-ChangeBinInt-EraseBytes-
#48618	NEW    cov: 47 ft: 284 corp: 76/1510b lim: 344 exec/s: 0 rss: 35Mb L: 23/34 MS: 2 ShuffleBytes-ChangeBit-
#49479	NEW    cov: 47 ft: 285 corp: 77/1533b lim: 352 exec/s: 0 rss: 35Mb L: 23/34 MS: 1 ChangeByte-
#49881	NEW    cov: 47 ft: 287 corp: 78/1556b lim: 352 exec/s: 0 rss: 35Mb L: 23/34 MS: 2 CopyPart-ChangeBit-
#50111	REDUCE cov: 47 ft: 287 corp: 78/1554b lim: 352 exec/s: 0 rss: 35Mb L: 16/34 MS: 5 ShuffleBytes-CopyPart-PersAutoDict-ShuffleBytes-EraseBytes- DE: "\377y"-
#53677	REDUCE cov: 49 ft: 295 corp: 79/1576b lim: 384 exec/s: 0 rss: 35Mb L: 22/34 MS: 1 CrossOver-
#66583	REDUCE cov: 49 ft: 295 corp: 79/1575b lim: 512 exec/s: 0 rss: 35Mb L: 17/34 MS: 1 EraseBytes-
#69301	REDUCE cov: 49 ft: 295 corp: 79/1574b lim: 539 exec/s: 0 rss: 35Mb L: 22/34 MS: 3 EraseBytes-ChangeBit-PersAutoDict- DE: "\001\000"-
#71999	REDUCE cov: 49 ft: 295 corp: 79/1572b lim: 557 exec/s: 0 rss: 35Mb L: 16/34 MS: 3 ChangeBit-EraseBytes-InsertByte-
#76178	REDUCE cov: 49 ft: 295 corp: 79/1566b lim: 593 exec/s: 0 rss: 35Mb L: 15/34 MS: 4 PersAutoDict-CopyPart-ChangeASCIIInt-EraseBytes- DE: "\377\377\377\377\377\377\377\015"-
#76399	REDUCE cov: 49 ft: 295 corp: 79/1565b lim: 593 exec/s: 0 rss: 35Mb L: 22/34 MS: 1 EraseBytes-
#78290	REDUCE cov: 49 ft: 295 corp: 79/1564b lim: 611 exec/s: 0 rss: 35Mb L: 22/34 MS: 1 EraseBytes-
#80491	REDUCE cov: 50 ft: 300 corp: 80/1586b lim: 629 exec/s: 0 rss: 35Mb L: 22/34 MS: 1 ChangeByte-
#81227	REDUCE cov: 50 ft: 302 corp: 81/1608b lim: 629 exec/s: 0 rss: 35Mb L: 22/34 MS: 1 CopyPart-
#82634	NEW    cov: 50 ft: 303 corp: 82/1630b lim: 638 exec/s: 0 rss: 35Mb L: 22/34 MS: 2 ChangeBit-ShuffleBytes-
#85265	NEW    cov: 50 ft: 304 corp: 83/1652b lim: 656 exec/s: 0 rss: 35Mb L: 22/34 MS: 1 ShuffleBytes-
#85766	NEW    cov: 50 ft: 307 corp: 84/1675b lim: 656 exec/s: 0 rss: 35Mb L: 23/34 MS: 1 ChangeByte-
#85867	NEW    cov: 50 ft: 308 corp: 85/1697b lim: 656 exec/s: 0 rss: 35Mb L: 22/34 MS: 1 ChangeBinInt-
#87413	REDUCE cov: 50 ft: 309 corp: 86/1719b lim: 665 exec/s: 0 rss: 35Mb L: 22/34 MS: 1 CrossOver-
#88279	NEW    cov: 50 ft: 310 corp: 87/1741b lim: 665 exec/s: 0 rss: 35Mb L: 22/34 MS: 1 ChangeByte-
#88466	REDUCE cov: 50 ft: 310 corp: 87/1739b lim: 665 exec/s: 0 rss: 35Mb L: 20/34 MS: 2 ChangeBinInt-EraseBytes-
#92910	NEW    cov: 50 ft: 311 corp: 88/1761b lim: 701 exec/s: 0 rss: 35Mb L: 22/34 MS: 4 ChangeBinInt-ChangeBinInt-ChangeByte-CrossOver-
#94206	NEW    cov: 50 ft: 312 corp: 89/1783b lim: 710 exec/s: 0 rss: 35Mb L: 22/34 MS: 1 ChangeBinInt-
#95617	NEW    cov: 50 ft: 316 corp: 90/1806b lim: 719 exec/s: 0 rss: 35Mb L: 23/34 MS: 1 ChangeByte-
#95801	REDUCE cov: 50 ft: 316 corp: 90/1805b lim: 719 exec/s: 0 rss: 35Mb L: 21/34 MS: 4 InsertByte-ChangeByte-EraseBytes-CrossOver-
#96593	NEW    cov: 50 ft: 317 corp: 91/1827b lim: 719 exec/s: 0 rss: 35Mb L: 22/34 MS: 2 CMP-ChangeBinInt- DE: "\014\000\000\000\000\000\000\000"-
#99854	REDUCE cov: 50 ft: 317 corp: 91/1826b lim: 746 exec/s: 0 rss: 35Mb L: 22/34 MS: 1 EraseBytes-
#100325	NEW    cov: 50 ft: 318 corp: 92/1848b lim: 746 exec/s: 0 rss: 35Mb L: 22/34 MS: 1 ChangeBit-
#101554	NEW    cov: 50 ft: 321 corp: 93/1870b lim: 755 exec/s: 0 rss: 35Mb L: 22/34 MS: 4 EraseBytes-EraseBytes-ChangeBit-CrossOver-
#102451	REDUCE cov: 50 ft: 321 corp: 93/1868b lim: 755 exec/s: 0 rss: 35Mb L: 20/34 MS: 2 EraseBytes-InsertByte-
#104203	REDUCE cov: 50 ft: 321 corp: 93/1866b lim: 764 exec/s: 0 rss: 35Mb L: 17/34 MS: 2 EraseBytes-ChangeBinInt-
#104800	NEW    cov: 50 ft: 322 corp: 94/1888b lim: 764 exec/s: 0 rss: 35Mb L: 22/34 MS: 2 CopyPart-ShuffleBytes-
#106241	NEW    cov: 50 ft: 323 corp: 95/1910b lim: 773 exec/s: 0 rss: 35Mb L: 22/34 MS: 1 ChangeBit-
#106398	NEW    cov: 50 ft: 324 corp: 96/1932b lim: 773 exec/s: 0 rss: 35Mb L: 22/34 MS: 2 ChangeBit-ChangeBit-
#106564	NEW    cov: 50 ft: 325 corp: 97/1954b lim: 773 exec/s: 0 rss: 35Mb L: 22/34 MS: 1 ShuffleBytes-
#115156	NEW    cov: 50 ft: 327 corp: 98/1976b lim: 854 exec/s: 0 rss: 35Mb L: 22/34 MS: 2 ChangeBinInt-ShuffleBytes-
#115777	NEW    cov: 50 ft: 328 corp: 99/1998b lim: 854 exec/s: 0 rss: 35Mb L: 22/34 MS: 1 ChangeBinInt-
#116093	REDUCE cov: 50 ft: 328 corp: 99/1997b lim: 854 exec/s: 0 rss: 35Mb L: 22/34 MS: 1 EraseBytes-
#122510	NEW    cov: 50 ft: 329 corp: 100/2019b lim: 917 exec/s: 0 rss: 35Mb L: 22/34 MS: 2 ShuffleBytes-ShuffleBytes-
#129143	REDUCE cov: 50 ft: 329 corp: 100/2013b lim: 980 exec/s: 0 rss: 35Mb L: 16/34 MS: 3 CMP-ChangeByte-EraseBytes- DE: "\377\377\377y"-
#130770	REDUCE cov: 50 ft: 330 corp: 101/2029b lim: 989 exec/s: 0 rss: 35Mb L: 16/34 MS: 2 ChangeBit-ChangeBit-
#131609	REDUCE cov: 50 ft: 330 corp: 101/2027b lim: 989 exec/s: 0 rss: 35Mb L: 20/34 MS: 4 ChangeBit-EraseBytes-ChangeBit-ChangeBinInt-
#132242	REDUCE cov: 50 ft: 330 corp: 101/2023b lim: 989 exec/s: 0 rss: 35Mb L: 18/34 MS: 3 EraseBytes-InsertByte-ChangeBinInt-
#134964	NEW    cov: 50 ft: 334 corp: 102/2046b lim: 1016 exec/s: 0 rss: 35Mb L: 23/34 MS: 2 ChangeASCIIInt-ShuffleBytes-
#139676	REDUCE cov: 50 ft: 334 corp: 102/2044b lim: 1055 exec/s: 0 rss: 35Mb L: 19/34 MS: 2 InsertByte-EraseBytes-
#144920	REDUCE cov: 50 ft: 334 corp: 102/2041b lim: 1105 exec/s: 0 rss: 35Mb L: 25/34 MS: 4 InsertByte-EraseBytes-ChangeByte-CMP- DE: "\001A"-
#146188	REDUCE cov: 50 ft: 334 corp: 102/2040b lim: 1115 exec/s: 0 rss: 35Mb L: 18/34 MS: 3 ChangeBit-EraseBytes-PersAutoDict- DE: "\377y"-
#153596	REDUCE cov: 50 ft: 334 corp: 102/2038b lim: 1185 exec/s: 0 rss: 35Mb L: 20/34 MS: 3 ChangeBinInt-ShuffleBytes-EraseBytes-
#157475	REDUCE cov: 50 ft: 334 corp: 102/2036b lim: 1215 exec/s: 0 rss: 35Mb L: 20/34 MS: 4 EraseBytes-EraseBytes-CopyPart-ChangeByte-
#160308	NEW    cov: 50 ft: 335 corp: 103/2058b lim: 1235 exec/s: 0 rss: 35Mb L: 22/34 MS: 3 ShuffleBytes-PersAutoDict-ChangeByte- DE: "\001\000"-
#161185	REDUCE cov: 50 ft: 335 corp: 103/2056b lim: 1235 exec/s: 0 rss: 35Mb L: 20/34 MS: 2 PersAutoDict-EraseBytes- DE: "\377y"-
#161512	NEW    cov: 50 ft: 336 corp: 104/2078b lim: 1235 exec/s: 0 rss: 35Mb L: 22/34 MS: 2 PersAutoDict-PersAutoDict- DE: "\377y"-"\014\000\000\000\000\000\000\000"-
#168220	REDUCE cov: 50 ft: 336 corp: 104/2076b lim: 1295 exec/s: 0 rss: 35Mb L: 20/34 MS: 3 CMP-PersAutoDict-EraseBytes- DE: "\377`"-"\001A"-
#172636	REDUCE cov: 50 ft: 336 corp: 104/2075b lim: 1335 exec/s: 0 rss: 35Mb L: 20/34 MS: 1 EraseBytes-
#178462	NEW    cov: 50 ft: 337 corp: 105/2097b lim: 1385 exec/s: 0 rss: 35Mb L: 22/34 MS: 1 ChangeByte-
#179713	NEW    cov: 50 ft: 338 corp: 106/2119b lim: 1395 exec/s: 0 rss: 35Mb L: 22/34 MS: 1 ShuffleBytes-
#181529	REDUCE cov: 50 ft: 339 corp: 107/2135b lim: 1405 exec/s: 0 rss: 35Mb L: 16/34 MS: 1 ChangeBit-
#182367	NEW    cov: 50 ft: 340 corp: 108/2157b lim: 1405 exec/s: 0 rss: 35Mb L: 22/34 MS: 3 ChangeByte-ChangeBinInt-ChangeByte-
#184938	NEW    cov: 50 ft: 341 corp: 109/2173b lim: 1425 exec/s: 0 rss: 35Mb L: 16/34 MS: 1 ChangeASCIIInt-
#187901	REDUCE cov: 50 ft: 341 corp: 109/2171b lim: 1445 exec/s: 0 rss: 35Mb L: 20/34 MS: 3 CMP-CopyPart-EraseBytes- DE: "\377y"-
#188212	NEW    cov: 50 ft: 342 corp: 110/2194b lim: 1445 exec/s: 0 rss: 35Mb L: 23/34 MS: 1 ChangeBit-
#188318	REDUCE cov: 50 ft: 342 corp: 110/2193b lim: 1445 exec/s: 0 rss: 35Mb L: 22/34 MS: 1 EraseBytes-
#195164	NEW    cov: 50 ft: 343 corp: 111/2209b lim: 1505 exec/s: 0 rss: 35Mb L: 16/34 MS: 1 ChangeBit-
#203526	NEW    cov: 50 ft: 344 corp: 112/2231b lim: 1585 exec/s: 0 rss: 35Mb L: 22/34 MS: 2 ShuffleBytes-ChangeASCIIInt-
#209210	REDUCE cov: 50 ft: 344 corp: 112/2229b lim: 1635 exec/s: 0 rss: 35Mb L: 20/34 MS: 4 ChangeByte-ChangeBinInt-ChangeByte-EraseBytes-
#210164	REDUCE cov: 50 ft: 344 corp: 112/2228b lim: 1635 exec/s: 0 rss: 35Mb L: 22/34 MS: 4 CMP-PersAutoDict-CMP-EraseBytes- DE: "\0007"-"\001\000"-"\001\000\000a"-
#227261	REDUCE cov: 50 ft: 344 corp: 112/2222b lim: 1805 exec/s: 0 rss: 35Mb L: 16/34 MS: 2 PersAutoDict-EraseBytes- DE: "\377\377\377y"-
#229065	REDUCE cov: 50 ft: 344 corp: 112/2220b lim: 1815 exec/s: 0 rss: 35Mb L: 20/34 MS: 4 CopyPart-PersAutoDict-ChangeBit-EraseBytes- DE: "\377y"-
#230196	REDUCE cov: 50 ft: 345 corp: 113/2236b lim: 1825 exec/s: 0 rss: 35Mb L: 16/34 MS: 1 ChangeBit-
#236733	REDUCE cov: 50 ft: 345 corp: 113/2235b lim: 1885 exec/s: 0 rss: 35Mb L: 17/34 MS: 2 PersAutoDict-EraseBytes- DE: "\377\377\377y"-
#243676	REDUCE cov: 50 ft: 345 corp: 113/2233b lim: 1945 exec/s: 0 rss: 35Mb L: 18/34 MS: 3 ChangeBinInt-EraseBytes-InsertByte-
#246593	REDUCE cov: 50 ft: 345 corp: 113/2231b lim: 1965 exec/s: 0 rss: 35Mb L: 18/34 MS: 2 PersAutoDict-EraseBytes- DE: "\377`"-
#267390	REDUCE cov: 50 ft: 345 corp: 113/2229b lim: 2165 exec/s: 0 rss: 35Mb L: 16/34 MS: 2 EraseBytes-ChangeByte-
#271408	REDUCE cov: 50 ft: 345 corp: 113/2223b lim: 2198 exec/s: 0 rss: 35Mb L: 16/34 MS: 3 ChangeBit-ChangeBinInt-EraseBytes-
#279757	REDUCE cov: 50 ft: 345 corp: 113/2221b lim: 2275 exec/s: 0 rss: 35Mb L: 18/34 MS: 4 PersAutoDict-CMP-EraseBytes-InsertByte- DE: "\001\000"-"z\000"-
#280538	REDUCE cov: 50 ft: 346 corp: 114/2241b lim: 2275 exec/s: 0 rss: 35Mb L: 20/34 MS: 1 ChangeBit-
#281868	REDUCE cov: 50 ft: 346 corp: 114/2239b lim: 2286 exec/s: 0 rss: 35Mb L: 18/34 MS: 5 CMP-CrossOver-EraseBytes-CMP-ChangeBit- DE: "\001\000\0000"-"z\000"-
#284301	REDUCE cov: 50 ft: 346 corp: 114/2237b lim: 2308 exec/s: 0 rss: 35Mb L: 18/34 MS: 3 ChangeByte-ShuffleBytes-EraseBytes-
#291872	NEW    cov: 50 ft: 347 corp: 115/2253b lim: 2374 exec/s: 0 rss: 35Mb L: 16/34 MS: 1 CopyPart-
#317099	NEW    cov: 50 ft: 348 corp: 116/2276b lim: 2616 exec/s: 0 rss: 35Mb L: 23/34 MS: 2 ChangeASCIIInt-ChangeByte-
#317248	REDUCE cov: 50 ft: 348 corp: 116/2275b lim: 2616 exec/s: 0 rss: 35Mb L: 22/34 MS: 4 ChangeBinInt-ShuffleBytes-EraseBytes-CopyPart-
#318497	REDUCE cov: 50 ft: 348 corp: 116/2273b lim: 2627 exec/s: 0 rss: 35Mb L: 20/34 MS: 4 InsertByte-ChangeByte-EraseBytes-ChangeByte-
#324250	NEW    cov: 50 ft: 349 corp: 117/2291b lim: 2682 exec/s: 0 rss: 35Mb L: 18/34 MS: 3 EraseBytes-ChangeBinInt-PersAutoDict- DE: "\001A"-
#325091	NEW    cov: 50 ft: 350 corp: 118/2313b lim: 2682 exec/s: 0 rss: 35Mb L: 22/34 MS: 1 ChangeBit-
#326415	NEW    cov: 50 ft: 352 corp: 119/2336b lim: 2693 exec/s: 0 rss: 35Mb L: 23/34 MS: 4 CopyPart-CopyPart-ChangeASCIIInt-ChangeByte-
#327342	REDUCE cov: 50 ft: 352 corp: 119/2334b lim: 2693 exec/s: 0 rss: 35Mb L: 17/34 MS: 2 EraseBytes-ChangeByte-
#330413	REDUCE cov: 50 ft: 354 corp: 120/2356b lim: 2715 exec/s: 0 rss: 35Mb L: 22/34 MS: 1 ChangeBit-
#334535	REDUCE cov: 50 ft: 354 corp: 120/2354b lim: 2748 exec/s: 0 rss: 35Mb L: 15/34 MS: 2 EraseBytes-InsertByte-
#334629	REDUCE cov: 50 ft: 354 corp: 120/2352b lim: 2748 exec/s: 0 rss: 35Mb L: 15/34 MS: 4 InsertByte-PersAutoDict-ShuffleBytes-EraseBytes- DE: "\0007"-
#335351	REDUCE cov: 50 ft: 354 corp: 120/2350b lim: 2748 exec/s: 0 rss: 35Mb L: 20/34 MS: 2 PersAutoDict-EraseBytes- DE: "\377y"-
#340345	REDUCE cov: 50 ft: 354 corp: 120/2348b lim: 2792 exec/s: 0 rss: 35Mb L: 15/34 MS: 4 EraseBytes-ShuffleBytes-CopyPart-EraseBytes-
#349953	REDUCE cov: 50 ft: 354 corp: 120/2346b lim: 2880 exec/s: 0 rss: 35Mb L: 18/34 MS: 3 ShuffleBytes-InsertByte-EraseBytes-
#354289	NEW    cov: 50 ft: 356 corp: 121/2369b lim: 2913 exec/s: 0 rss: 35Mb L: 23/34 MS: 1 CopyPart-
#356108	REDUCE cov: 50 ft: 356 corp: 121/2367b lim: 2924 exec/s: 0 rss: 35Mb L: 20/34 MS: 4 EraseBytes-CopyPart-ChangeBinInt-PersAutoDict- DE: "\377`"-
#356180	REDUCE cov: 50 ft: 357 corp: 122/2385b lim: 2924 exec/s: 0 rss: 35Mb L: 18/34 MS: 2 ChangeBinInt-CopyPart-
#357646	REDUCE cov: 50 ft: 357 corp: 122/2384b lim: 2935 exec/s: 0 rss: 35Mb L: 22/34 MS: 1 EraseBytes-
#358002	REDUCE cov: 50 ft: 357 corp: 122/2383b lim: 2935 exec/s: 0 rss: 35Mb L: 22/34 MS: 1 EraseBytes-
#364093	REDUCE cov: 50 ft: 357 corp: 122/2382b lim: 2990 exec/s: 0 rss: 35Mb L: 22/34 MS: 1 EraseBytes-
#365424	NEW    cov: 50 ft: 358 corp: 123/2400b lim: 3001 exec/s: 0 rss: 35Mb L: 18/34 MS: 1 ShuffleBytes-
#368470	NEW    cov: 50 ft: 359 corp: 124/2418b lim: 3023 exec/s: 0 rss: 35Mb L: 18/34 MS: 1 ChangeASCIIInt-
#369126	NEW    cov: 50 ft: 360 corp: 125/2436b lim: 3023 exec/s: 0 rss: 35Mb L: 18/34 MS: 1 ShuffleBytes-
#373897	NEW    cov: 50 ft: 361 corp: 126/2454b lim: 3067 exec/s: 0 rss: 35Mb L: 18/34 MS: 1 ShuffleBytes-
#378629	REDUCE cov: 50 ft: 361 corp: 126/2453b lim: 3111 exec/s: 0 rss: 35Mb L: 22/34 MS: 2 CrossOver-EraseBytes-
#392810	NEW    cov: 50 ft: 363 corp: 127/2471b lim: 3243 exec/s: 0 rss: 35Mb L: 18/34 MS: 1 CopyPart-
#395256	NEW    cov: 50 ft: 364 corp: 128/2489b lim: 3265 exec/s: 0 rss: 35Mb L: 18/34 MS: 1 ShuffleBytes-
#395258	NEW    cov: 50 ft: 365 corp: 129/2507b lim: 3265 exec/s: 0 rss: 35Mb L: 18/34 MS: 2 ShuffleBytes-ShuffleBytes-
#396530	NEW    cov: 50 ft: 366 corp: 130/2525b lim: 3276 exec/s: 0 rss: 35Mb L: 18/34 MS: 2 ChangeBinInt-ShuffleBytes-
#396591	NEW    cov: 50 ft: 367 corp: 131/2543b lim: 3276 exec/s: 0 rss: 35Mb L: 18/34 MS: 1 ChangeBit-
#397847	NEW    cov: 50 ft: 368 corp: 132/2561b lim: 3287 exec/s: 0 rss: 35Mb L: 18/34 MS: 1 ChangeBit-
#398118	REDUCE cov: 50 ft: 368 corp: 132/2560b lim: 3287 exec/s: 0 rss: 35Mb L: 22/34 MS: 1 EraseBytes-
#398809	NEW    cov: 50 ft: 369 corp: 133/2578b lim: 3287 exec/s: 0 rss: 35Mb L: 18/34 MS: 1 CrossOver-
#399550	NEW    cov: 50 ft: 370 corp: 134/2596b lim: 3287 exec/s: 0 rss: 35Mb L: 18/34 MS: 1 ChangeASCIIInt-
#404392	REDUCE cov: 50 ft: 370 corp: 134/2594b lim: 3331 exec/s: 404392 rss: 35Mb L: 16/34 MS: 3 CopyPart-EraseBytes-ChangeByte-
#428889	NEW    cov: 50 ft: 371 corp: 135/2612b lim: 3573 exec/s: 428889 rss: 35Mb L: 18/34 MS: 2 ChangeASCIIInt-CopyPart-
#430252	NEW    cov: 50 ft: 373 corp: 136/2632b lim: 3584 exec/s: 430252 rss: 35Mb L: 20/34 MS: 3 PersAutoDict-ShuffleBytes-CopyPart- DE: "z\000"-
#431348	NEW    cov: 50 ft: 374 corp: 137/2650b lim: 3584 exec/s: 431348 rss: 35Mb L: 18/34 MS: 1 ChangeASCIIInt-
#436089	NEW    cov: 50 ft: 375 corp: 138/2668b lim: 3628 exec/s: 436089 rss: 35Mb L: 18/34 MS: 1 CopyPart-
#436160	NEW    cov: 50 ft: 376 corp: 139/2686b lim: 3628 exec/s: 436160 rss: 35Mb L: 18/34 MS: 1 ShuffleBytes-
#437401	NEW    cov: 50 ft: 378 corp: 140/2704b lim: 3639 exec/s: 437401 rss: 35Mb L: 18/34 MS: 1 CopyPart-
#437432	NEW    cov: 50 ft: 379 corp: 141/2722b lim: 3639 exec/s: 437432 rss: 35Mb L: 18/34 MS: 1 ChangeByte-
#438013	NEW    cov: 50 ft: 380 corp: 142/2740b lim: 3639 exec/s: 438013 rss: 35Mb L: 18/34 MS: 1 ChangeByte-
#440250	NEW    cov: 50 ft: 381 corp: 143/2758b lim: 3661 exec/s: 440250 rss: 35Mb L: 18/34 MS: 2 PersAutoDict-EraseBytes- DE: "\001\000"-
#441156	NEW    cov: 50 ft: 382 corp: 144/2776b lim: 3661 exec/s: 441156 rss: 35Mb L: 18/34 MS: 1 CopyPart-
#443111	REDUCE cov: 50 ft: 382 corp: 144/2774b lim: 3672 exec/s: 443111 rss: 35Mb L: 16/34 MS: 5 ChangeBit-EraseBytes-CopyPart-ChangeBinInt-PersAutoDict- DE: "\377`"-
#457896	REDUCE cov: 50 ft: 382 corp: 144/2772b lim: 3815 exec/s: 457896 rss: 35Mb L: 18/34 MS: 5 InsertByte-ChangeBinInt-PersAutoDict-CopyPart-EraseBytes- DE: "\001\000"-
#459709	NEW    cov: 50 ft: 383 corp: 145/2790b lim: 3826 exec/s: 459709 rss: 35Mb L: 18/34 MS: 3 ChangeByte-ShuffleBytes-CopyPart-
#469395	REDUCE cov: 50 ft: 383 corp: 145/2789b lim: 3914 exec/s: 469395 rss: 35Mb L: 15/34 MS: 1 EraseBytes-
#487891	NEW    cov: 50 ft: 384 corp: 146/2807b lim: 4090 exec/s: 487891 rss: 35Mb L: 18/34 MS: 1 CopyPart-
#494062	REDUCE cov: 50 ft: 384 corp: 146/2806b lim: 4096 exec/s: 494062 rss: 35Mb L: 22/34 MS: 1 EraseBytes-
#498719	NEW    cov: 50 ft: 386 corp: 147/2829b lim: 4096 exec/s: 498719 rss: 35Mb L: 23/34 MS: 2 ChangeByte-ChangeASCIIInt-
#529069	REDUCE cov: 50 ft: 386 corp: 147/2828b lim: 4096 exec/s: 529069 rss: 35Mb L: 15/34 MS: 5 CopyPart-CopyPart-ChangeBinInt-EraseBytes-ChangeBit-
#652402	NEW    cov: 50 ft: 388 corp: 148/2850b lim: 4096 exec/s: 652402 rss: 36Mb L: 22/34 MS: 3 ShuffleBytes-ChangeASCIIInt-ChangeBinInt-
#678399	REDUCE cov: 50 ft: 388 corp: 148/2848b lim: 4096 exec/s: 678399 rss: 36Mb L: 23/34 MS: 2 EraseBytes-ChangeBinInt-
#678542	REDUCE cov: 50 ft: 388 corp: 148/2846b lim: 4096 exec/s: 678542 rss: 36Mb L: 21/34 MS: 3 PersAutoDict-EraseBytes-InsertByte- DE: "\377\377\377\377\377\377\377\015"-
#690045	REDUCE cov: 50 ft: 388 corp: 148/2844b lim: 4096 exec/s: 690045 rss: 36Mb L: 16/34 MS: 3 ChangeByte-ChangeBinInt-EraseBytes-
#701593	REDUCE cov: 50 ft: 388 corp: 148/2842b lim: 4096 exec/s: 701593 rss: 36Mb L: 16/34 MS: 3 EraseBytes-ChangeByte-ChangeBinInt-
#702981	REDUCE cov: 50 ft: 388 corp: 148/2840b lim: 4096 exec/s: 702981 rss: 36Mb L: 18/34 MS: 3 EraseBytes-ChangeByte-InsertByte-
#712014	REDUCE cov: 50 ft: 388 corp: 148/2838b lim: 4096 exec/s: 712014 rss: 36Mb L: 16/34 MS: 3 CMP-CopyPart-EraseBytes- DE: "\377\377"-
#716151	REDUCE cov: 50 ft: 388 corp: 148/2836b lim: 4096 exec/s: 716151 rss: 36Mb L: 18/34 MS: 2 EraseBytes-InsertByte-
#745692	REDUCE cov: 50 ft: 388 corp: 148/2835b lim: 4096 exec/s: 745692 rss: 36Mb L: 22/34 MS: 1 EraseBytes-
#748949	REDUCE cov: 50 ft: 388 corp: 148/2833b lim: 4096 exec/s: 748949 rss: 36Mb L: 18/34 MS: 2 EraseBytes-CopyPart-
#769611	REDUCE cov: 50 ft: 388 corp: 148/2831b lim: 4096 exec/s: 769611 rss: 36Mb L: 18/34 MS: 2 EraseBytes-ChangeByte-
#792440	REDUCE cov: 50 ft: 388 corp: 148/2827b lim: 4096 exec/s: 792440 rss: 36Mb L: 16/34 MS: 4 PersAutoDict-ChangeBit-ShuffleBytes-EraseBytes- DE: "\377\377"-
#798449	REDUCE cov: 50 ft: 388 corp: 148/2825b lim: 4096 exec/s: 798449 rss: 36Mb L: 16/34 MS: 4 ChangeByte-ChangeBit-ChangeBit-EraseBytes-
#809012	REDUCE cov: 50 ft: 388 corp: 148/2823b lim: 4096 exec/s: 809012 rss: 36Mb L: 16/34 MS: 3 ChangeBit-ChangeBinInt-EraseBytes-
#827896	REDUCE cov: 50 ft: 388 corp: 148/2817b lim: 4096 exec/s: 827896 rss: 36Mb L: 16/34 MS: 4 ChangeBit-ChangeBinInt-EraseBytes-CMP- DE: "\377\377\3770"-
#842945	REDUCE cov: 50 ft: 388 corp: 148/2816b lim: 4096 exec/s: 842945 rss: 36Mb L: 19/34 MS: 4 EraseBytes-CrossOver-ChangeBinInt-PersAutoDict- DE: "\377\377"-
#858396	REDUCE cov: 50 ft: 389 corp: 149/2832b lim: 4096 exec/s: 429198 rss: 36Mb L: 16/34 MS: 1 ChangeBinInt-
#864047	NEW    cov: 50 ft: 390 corp: 150/2848b lim: 4096 exec/s: 432023 rss: 36Mb L: 16/34 MS: 1 ChangeBinInt-
#870399	REDUCE cov: 50 ft: 390 corp: 150/2846b lim: 4096 exec/s: 435199 rss: 36Mb L: 16/34 MS: 2 EraseBytes-ChangeByte-
#877250	REDUCE cov: 50 ft: 390 corp: 150/2845b lim: 4096 exec/s: 438625 rss: 36Mb L: 22/34 MS: 1 EraseBytes-
#885616	REDUCE cov: 50 ft: 390 corp: 150/2844b lim: 4096 exec/s: 442808 rss: 36Mb L: 22/34 MS: 1 EraseBytes-
#899983	REDUCE cov: 50 ft: 390 corp: 150/2842b lim: 4096 exec/s: 449991 rss: 36Mb L: 20/34 MS: 2 EraseBytes-ChangeByte-
#900295	REDUCE cov: 50 ft: 390 corp: 150/2841b lim: 4096 exec/s: 450147 rss: 36Mb L: 17/34 MS: 2 ChangeBinInt-EraseBytes-
#914750	REDUCE cov: 50 ft: 390 corp: 150/2839b lim: 4096 exec/s: 457375 rss: 36Mb L: 16/34 MS: 5 InsertByte-ChangeByte-ChangeByte-ChangeByte-EraseBytes-
#928363	REDUCE cov: 50 ft: 390 corp: 150/2838b lim: 4096 exec/s: 464181 rss: 36Mb L: 18/34 MS: 3 EraseBytes-ShuffleBytes-ChangeBit-
#968311	REDUCE cov: 50 ft: 390 corp: 150/2836b lim: 4096 exec/s: 484155 rss: 36Mb L: 15/34 MS: 3 CopyPart-EraseBytes-EraseBytes-
#997562	REDUCE cov: 50 ft: 390 corp: 150/2835b lim: 4096 exec/s: 498781 rss: 36Mb L: 22/34 MS: 1 EraseBytes-
#1048576	pulse  cov: 50 ft: 390 corp: 150/2835b lim: 4096 exec/s: 524288 rss: 36Mb
#1097975	REDUCE cov: 50 ft: 390 corp: 150/2834b lim: 4096 exec/s: 548987 rss: 36Mb L: 22/34 MS: 3 ChangeBinInt-ChangeBinInt-EraseBytes-
#1104838	REDUCE cov: 50 ft: 390 corp: 150/2830b lim: 4096 exec/s: 552419 rss: 36Mb L: 16/34 MS: 3 InsertByte-EraseBytes-PersAutoDict- DE: "\377\377"-
#1150805	REDUCE cov: 50 ft: 390 corp: 150/2828b lim: 4096 exec/s: 575402 rss: 36Mb L: 16/34 MS: 2 EraseBytes-ChangeByte-
#1156714	REDUCE cov: 50 ft: 390 corp: 150/2826b lim: 4096 exec/s: 578357 rss: 36Mb L: 19/34 MS: 4 PersAutoDict-ChangeBinInt-EraseBytes-ChangeBinInt- DE: "\001\000\000\000\000\000\000="-
#1276987	REDUCE cov: 50 ft: 392 corp: 151/2848b lim: 4096 exec/s: 638493 rss: 36Mb L: 22/34 MS: 3 ChangeASCIIInt-ChangeBit-CopyPart-
#1283253	NEW    cov: 50 ft: 393 corp: 152/2870b lim: 4096 exec/s: 641626 rss: 36Mb L: 22/34 MS: 1 ChangeBit-
#1287481	REDUCE cov: 50 ft: 393 corp: 152/2868b lim: 4096 exec/s: 643740 rss: 36Mb L: 16/34 MS: 3 ChangeBinInt-ChangeByte-EraseBytes-
#1486596	REDUCE cov: 50 ft: 393 corp: 152/2864b lim: 4096 exec/s: 495532 rss: 36Mb L: 16/34 MS: 5 EraseBytes-PersAutoDict-PersAutoDict-InsertByte-InsertByte- DE: "\377y"-"\377y"-
#1534399	REDUCE cov: 50 ft: 394 corp: 153/2880b lim: 4096 exec/s: 511466 rss: 36Mb L: 16/34 MS: 3 CMP-ChangeByte-CopyPart- DE: "c\000\000\000"-
#1534747	REDUCE cov: 50 ft: 394 corp: 153/2879b lim: 4096 exec/s: 511582 rss: 36Mb L: 15/34 MS: 3 InsertByte-CrossOver-EraseBytes-
#1545923	REDUCE cov: 50 ft: 395 corp: 154/2894b lim: 4096 exec/s: 515307 rss: 36Mb L: 15/34 MS: 1 CMP- DE: "\000\000\000\000\000\000\000\000"-
#1860070	REDUCE cov: 50 ft: 395 corp: 154/2892b lim: 4096 exec/s: 465017 rss: 36Mb L: 20/34 MS: 2 EraseBytes-ChangeByte-
#2016547	REDUCE cov: 50 ft: 398 corp: 155/2914b lim: 4096 exec/s: 504136 rss: 36Mb L: 22/34 MS: 2 CrossOver-ChangeASCIIInt-
#2097152	pulse  cov: 50 ft: 398 corp: 155/2914b lim: 4096 exec/s: 524288 rss: 36Mb
#2131744	REDUCE cov: 50 ft: 399 corp: 156/2936b lim: 4096 exec/s: 532936 rss: 36Mb L: 22/34 MS: 2 ChangeBinInt-CrossOver-
#2138105	NEW    cov: 50 ft: 400 corp: 157/2958b lim: 4096 exec/s: 534526 rss: 36Mb L: 22/34 MS: 1 ChangeBit-
#2156557	REDUCE cov: 50 ft: 400 corp: 157/2956b lim: 4096 exec/s: 539139 rss: 36Mb L: 16/34 MS: 2 EraseBytes-ChangeByte-
#2229112	REDUCE cov: 50 ft: 400 corp: 157/2954b lim: 4096 exec/s: 445822 rss: 36Mb L: 16/34 MS: 5 ChangeByte-ChangeASCIIInt-ShuffleBytes-EraseBytes-ChangeBit-
#2272440	REDUCE cov: 50 ft: 400 corp: 157/2952b lim: 4096 exec/s: 454488 rss: 36Mb L: 16/34 MS: 3 EraseBytes-ChangeBit-InsertByte-
#2412181	NEW    cov: 50 ft: 401 corp: 158/2981b lim: 4096 exec/s: 482436 rss: 36Mb L: 29/34 MS: 1 CopyPart-
#2446663	NEW    cov: 50 ft: 405 corp: 159/3010b lim: 4096 exec/s: 489332 rss: 36Mb L: 29/34 MS: 2 ChangeByte-ChangeByte-
#2457985	REDUCE cov: 50 ft: 405 corp: 159/3008b lim: 4096 exec/s: 491597 rss: 36Mb L: 16/34 MS: 2 EraseBytes-ChangeBinInt-
#2462112	REDUCE cov: 50 ft: 405 corp: 159/3006b lim: 4096 exec/s: 492422 rss: 36Mb L: 18/34 MS: 2 EraseBytes-ChangeBit-
#2473010	REDUCE cov: 50 ft: 405 corp: 159/3004b lim: 4096 exec/s: 494602 rss: 36Mb L: 16/34 MS: 3 CrossOver-CMP-EraseBytes- DE: "\377\377\377\377\377\377\377\015"-
#2532193	REDUCE cov: 50 ft: 405 corp: 159/3003b lim: 4096 exec/s: 506438 rss: 36Mb L: 21/34 MS: 3 CopyPart-ChangeBit-EraseBytes-
#2588496	REDUCE cov: 50 ft: 405 corp: 159/3001b lim: 4096 exec/s: 517699 rss: 36Mb L: 16/34 MS: 3 PersAutoDict-EraseBytes-ChangeBinInt- DE: "z\000"-
#2664887	REDUCE cov: 50 ft: 405 corp: 159/3000b lim: 4096 exec/s: 444147 rss: 36Mb L: 22/34 MS: 1 EraseBytes-
#2694044	REDUCE cov: 50 ft: 405 corp: 159/2998b lim: 4096 exec/s: 449007 rss: 36Mb L: 18/34 MS: 2 EraseBytes-PersAutoDict- DE: "\377\377"-
#2730323	REDUCE cov: 50 ft: 405 corp: 159/2997b lim: 4096 exec/s: 455053 rss: 36Mb L: 15/34 MS: 4 EraseBytes-ChangeByte-ChangeBit-ChangeBit-
#2732233	REDUCE cov: 50 ft: 405 corp: 159/2995b lim: 4096 exec/s: 455372 rss: 36Mb L: 16/34 MS: 5 CopyPart-EraseBytes-ChangeByte-CMP-ChangeByte- DE: "\377\377\377M"-
#2817836	REDUCE cov: 50 ft: 405 corp: 159/2994b lim: 4096 exec/s: 469639 rss: 36Mb L: 22/34 MS: 3 ShuffleBytes-CopyPart-EraseBytes-
#2870563	REDUCE cov: 50 ft: 405 corp: 159/2992b lim: 4096 exec/s: 478427 rss: 36Mb L: 18/34 MS: 2 EraseBytes-ShuffleBytes-
#3087305	REDUCE cov: 50 ft: 405 corp: 159/2991b lim: 4096 exec/s: 441043 rss: 36Mb L: 15/34 MS: 2 EraseBytes-ChangeBit-
#3153402	REDUCE cov: 50 ft: 405 corp: 159/2989b lim: 4096 exec/s: 450486 rss: 36Mb L: 17/34 MS: 2 EraseBytes-CopyPart-
#3174176	REDUCE cov: 50 ft: 405 corp: 159/2988b lim: 4096 exec/s: 453453 rss: 36Mb L: 22/34 MS: 4 EraseBytes-ShuffleBytes-ChangeByte-CrossOver-
#3198667	NEW    cov: 50 ft: 406 corp: 160/3022b lim: 4096 exec/s: 456952 rss: 36Mb L: 34/34 MS: 1 InsertRepeatedBytes-
#3225918	REDUCE cov: 50 ft: 406 corp: 160/3020b lim: 4096 exec/s: 460845 rss: 36Mb L: 32/34 MS: 1 EraseBytes-
#3226490	REDUCE cov: 50 ft: 406 corp: 160/3019b lim: 4096 exec/s: 460927 rss: 36Mb L: 15/34 MS: 2 ChangeBit-EraseBytes-
#3230931	REDUCE cov: 50 ft: 406 corp: 160/3018b lim: 4096 exec/s: 461561 rss: 36Mb L: 22/34 MS: 1 EraseBytes-
#3236898	REDUCE cov: 50 ft: 406 corp: 160/3016b lim: 4096 exec/s: 462414 rss: 36Mb L: 16/34 MS: 2 ChangeByte-EraseBytes-
#3512889	REDUCE cov: 50 ft: 406 corp: 160/3015b lim: 4096 exec/s: 439111 rss: 36Mb L: 22/34 MS: 1 EraseBytes-
#4013465	REDUCE cov: 50 ft: 406 corp: 160/3014b lim: 4096 exec/s: 445940 rss: 36Mb L: 22/34 MS: 1 EraseBytes-
#4194304	pulse  cov: 50 ft: 406 corp: 160/3014b lim: 4096 exec/s: 466033 rss: 36Mb
#4381092	REDUCE cov: 50 ft: 406 corp: 160/3013b lim: 4096 exec/s: 486788 rss: 36Mb L: 17/34 MS: 2 ChangeBit-EraseBytes-
#5042584	REDUCE cov: 50 ft: 406 corp: 160/3011b lim: 4096 exec/s: 458416 rss: 36Mb L: 16/34 MS: 2 ChangeBinInt-EraseBytes-
#5213591	REDUCE cov: 50 ft: 406 corp: 160/3009b lim: 4096 exec/s: 473962 rss: 36Mb L: 16/34 MS: 2 InsertByte-EraseBytes-
#5378627	NEW    cov: 50 ft: 407 corp: 161/3031b lim: 4096 exec/s: 448218 rss: 36Mb L: 22/34 MS: 1 ShuffleBytes-
#5503819	REDUCE cov: 50 ft: 407 corp: 161/3029b lim: 4096 exec/s: 458651 rss: 36Mb L: 16/34 MS: 2 InsertByte-EraseBytes-
#5547867	REDUCE cov: 50 ft: 407 corp: 161/3028b lim: 4096 exec/s: 462322 rss: 36Mb L: 17/34 MS: 3 EraseBytes-ChangeBit-ChangeBit-
#6613756	REDUCE cov: 50 ft: 407 corp: 161/3026b lim: 4096 exec/s: 440917 rss: 36Mb L: 20/34 MS: 4 EraseBytes-CopyPart-ShuffleBytes-CopyPart-
#6665683	REDUCE cov: 50 ft: 409 corp: 162/3046b lim: 4096 exec/s: 444378 rss: 36Mb L: 20/34 MS: 2 ChangeBinInt-ChangeBinInt-
#6719365	REDUCE cov: 50 ft: 409 corp: 162/3044b lim: 4096 exec/s: 447957 rss: 36Mb L: 16/34 MS: 2 EraseBytes-ChangeByte-
#6887073	REDUCE cov: 50 ft: 409 corp: 162/3040b lim: 4096 exec/s: 459138 rss: 36Mb L: 16/34 MS: 3 CopyPart-CrossOver-EraseBytes-
#7433970	REDUCE cov: 50 ft: 409 corp: 162/3039b lim: 4096 exec/s: 464623 rss: 36Mb L: 15/34 MS: 2 EraseBytes-ChangeBit-
#7740258	REDUCE cov: 50 ft: 409 corp: 162/3037b lim: 4096 exec/s: 455309 rss: 36Mb L: 16/34 MS: 3 InsertByte-EraseBytes-PersAutoDict- DE: "\377\377"-
#8388608	pulse  cov: 50 ft: 409 corp: 162/3037b lim: 4096 exec/s: 441505 rss: 36Mb
#8518112	REDUCE cov: 50 ft: 409 corp: 162/3035b lim: 4096 exec/s: 448321 rss: 36Mb L: 16/34 MS: 4 PersAutoDict-CopyPart-ShuffleBytes-EraseBytes- DE: "\377\377\377\377\377\377\377\015"-
#8616814	REDUCE cov: 50 ft: 409 corp: 162/3033b lim: 4096 exec/s: 453516 rss: 36Mb L: 16/34 MS: 2 EraseBytes-ChangeBit-
#8648178	REDUCE cov: 50 ft: 409 corp: 162/3031b lim: 4096 exec/s: 455167 rss: 36Mb L: 15/34 MS: 4 InsertByte-ChangeByte-EraseBytes-PersAutoDict- DE: "\377\377\377y"-
#8798266	REDUCE cov: 50 ft: 409 corp: 162/3030b lim: 4096 exec/s: 439913 rss: 36Mb L: 17/34 MS: 3 EraseBytes-ChangeBit-ChangeBit-
#9296863	REDUCE cov: 50 ft: 409 corp: 162/3028b lim: 4096 exec/s: 442707 rss: 36Mb L: 16/34 MS: 2 InsertByte-EraseBytes-
#9725920	REDUCE cov: 50 ft: 409 corp: 162/3027b lim: 4096 exec/s: 442087 rss: 36Mb L: 15/34 MS: 2 EraseBytes-ChangeBinInt-
#9841578	REDUCE cov: 50 ft: 409 corp: 162/3026b lim: 4096 exec/s: 447344 rss: 36Mb L: 21/34 MS: 3 ChangeBit-ChangeBit-EraseBytes-
#10088755	REDUCE cov: 50 ft: 409 corp: 162/3024b lim: 4096 exec/s: 458579 rss: 36Mb L: 16/34 MS: 2 ChangeBinInt-EraseBytes-
#10766503	REDUCE cov: 50 ft: 410 corp: 163/3040b lim: 4096 exec/s: 448604 rss: 36Mb L: 16/34 MS: 3 CMP-EraseBytes-ChangeBit- DE: "\017\000\000\000\000\000\000\000"-
#10768275	REDUCE cov: 50 ft: 410 corp: 163/3039b lim: 4096 exec/s: 448678 rss: 36Mb L: 15/34 MS: 2 EraseBytes-ChangeBinInt-
#11146578	REDUCE cov: 50 ft: 410 corp: 163/3037b lim: 4096 exec/s: 445863 rss: 36Mb L: 16/34 MS: 3 EraseBytes-CopyPart-PersAutoDict- DE: "\377y"-
#11926065	REDUCE cov: 50 ft: 410 corp: 163/3036b lim: 4096 exec/s: 441706 rss: 36Mb L: 17/34 MS: 2 ChangeBit-EraseBytes-
#12166532	REDUCE cov: 50 ft: 410 corp: 163/3034b lim: 4096 exec/s: 450612 rss: 36Mb L: 16/34 MS: 2 EraseBytes-PersAutoDict- DE: "\377\377\3770"-
#12418059	REDUCE cov: 50 ft: 410 corp: 163/3032b lim: 4096 exec/s: 443502 rss: 36Mb L: 15/34 MS: 2 EraseBytes-ChangeBinInt-
#12518026	REDUCE cov: 50 ft: 410 corp: 163/3031b lim: 4096 exec/s: 447072 rss: 36Mb L: 15/34 MS: 2 EraseBytes-ChangeBinInt-
#13567600	REDUCE cov: 50 ft: 410 corp: 163/3030b lim: 4096 exec/s: 452253 rss: 36Mb L: 15/34 MS: 4 ChangeBinInt-InsertByte-ChangeBit-EraseBytes-
#13837378	REDUCE cov: 50 ft: 410 corp: 163/3028b lim: 4096 exec/s: 446367 rss: 36Mb L: 16/34 MS: 3 CopyPart-ShuffleBytes-EraseBytes-
#16204525	REDUCE cov: 50 ft: 410 corp: 163/3027b lim: 4096 exec/s: 450125 rss: 36Mb L: 15/34 MS: 2 EraseBytes-ChangeBit-
#16429157	REDUCE cov: 50 ft: 410 corp: 163/3025b lim: 4096 exec/s: 444031 rss: 36Mb L: 16/34 MS: 2 EraseBytes-PersAutoDict- DE: "\377\377\3770"-
#16622644	REDUCE cov: 50 ft: 410 corp: 163/3024b lim: 4096 exec/s: 449260 rss: 36Mb L: 21/34 MS: 2 EraseBytes-ChangeBit-
#16777216	pulse  cov: 50 ft: 410 corp: 163/3024b lim: 4096 exec/s: 441505 rss: 36Mb
#16896160	REDUCE cov: 50 ft: 417 corp: 164/3039b lim: 4096 exec/s: 444635 rss: 36Mb L: 15/34 MS: 1 CrossOver-
#16944275	NEW    cov: 50 ft: 419 corp: 165/3070b lim: 4096 exec/s: 445901 rss: 36Mb L: 31/34 MS: 5 ShuffleBytes-CrossOver-PersAutoDict-InsertRepeatedBytes-EraseBytes- DE: "\0007"-
#16961496	NEW    cov: 50 ft: 423 corp: 166/3101b lim: 4096 exec/s: 446355 rss: 36Mb L: 31/34 MS: 1 CrossOver-
#16967822	NEW    cov: 50 ft: 424 corp: 167/3132b lim: 4096 exec/s: 446521 rss: 36Mb L: 31/34 MS: 1 CrossOver-
#17005900	REDUCE cov: 50 ft: 424 corp: 167/3131b lim: 4096 exec/s: 447523 rss: 36Mb L: 30/34 MS: 3 EraseBytes-ChangeBit-CopyPart-
#18138562	NEW    cov: 50 ft: 426 corp: 168/3163b lim: 4096 exec/s: 442403 rss: 36Mb L: 32/34 MS: 2 ChangeBinInt-InsertByte-
#18139040	REDUCE cov: 50 ft: 426 corp: 168/3157b lim: 4096 exec/s: 442415 rss: 36Mb L: 26/34 MS: 3 EraseBytes-ShuffleBytes-PersAutoDict- DE: "\377\377\377M"-
#18145265	REDUCE cov: 50 ft: 427 corp: 169/3183b lim: 4096 exec/s: 442567 rss: 36Mb L: 26/34 MS: 5 ChangeByte-ShuffleBytes-CopyPart-ChangeByte-CopyPart-
#18150769	REDUCE cov: 50 ft: 427 corp: 169/3175b lim: 4096 exec/s: 442701 rss: 36Mb L: 18/34 MS: 4 ChangeBinInt-ShuffleBytes-ChangeBinInt-EraseBytes-
#18154496	REDUCE cov: 50 ft: 427 corp: 169/3173b lim: 4096 exec/s: 442792 rss: 36Mb L: 16/34 MS: 2 ChangeByte-EraseBytes-
#18168851	REDUCE cov: 50 ft: 427 corp: 169/3169b lim: 4096 exec/s: 443142 rss: 36Mb L: 22/34 MS: 5 EraseBytes-InsertByte-CrossOver-CopyPart-ChangeByte-
#18188175	REDUCE cov: 50 ft: 427 corp: 169/3167b lim: 4096 exec/s: 443614 rss: 36Mb L: 20/34 MS: 4 ChangeBit-ChangeBit-CrossOver-EraseBytes-
#18192607	REDUCE cov: 50 ft: 427 corp: 169/3165b lim: 4096 exec/s: 443722 rss: 36Mb L: 18/34 MS: 2 InsertByte-EraseBytes-
#18196422	REDUCE cov: 50 ft: 427 corp: 169/3163b lim: 4096 exec/s: 443815 rss: 36Mb L: 16/34 MS: 5 ChangeASCIIInt-CrossOver-PersAutoDict-PersAutoDict-EraseBytes- DE: "\001A"-"\377\377\377y"-
#19017959	REDUCE cov: 50 ft: 427 corp: 169/3161b lim: 4096 exec/s: 442278 rss: 36Mb L: 15/34 MS: 2 EraseBytes-InsertByte-
#19184211	REDUCE cov: 50 ft: 427 corp: 169/3160b lim: 4096 exec/s: 446144 rss: 36Mb L: 15/34 MS: 2 ChangeByte-EraseBytes-
#19543859	REDUCE cov: 50 ft: 427 corp: 169/3159b lim: 4096 exec/s: 444178 rss: 36Mb L: 15/34 MS: 3 EraseBytes-ChangeBit-ChangeBit-
#21429071	REDUCE cov: 50 ft: 428 corp: 170/3192b lim: 4096 exec/s: 446438 rss: 36Mb L: 33/34 MS: 2 InsertRepeatedBytes-EraseBytes-
#22312731	REDUCE cov: 50 ft: 428 corp: 170/3191b lim: 4096 exec/s: 446254 rss: 36Mb L: 15/34 MS: 5 ShuffleBytes-EraseBytes-ShuffleBytes-CopyPart-ChangeByte-
#23648740	REDUCE cov: 50 ft: 428 corp: 170/3190b lim: 4096 exec/s: 446202 rss: 36Mb L: 15/34 MS: 4 EraseBytes-PersAutoDict-ChangeBit-ChangeBinInt- DE: "\377y"-
#25340509	REDUCE cov: 50 ft: 428 corp: 170/3189b lim: 4096 exec/s: 444570 rss: 36Mb L: 15/34 MS: 4 ChangeASCIIInt-ChangeBit-EraseBytes-ChangeASCIIInt-
#25779787	REDUCE cov: 50 ft: 428 corp: 170/3188b lim: 4096 exec/s: 444479 rss: 36Mb L: 15/34 MS: 3 EraseBytes-ChangeBit-InsertByte-
#25871674	REDUCE cov: 50 ft: 428 corp: 170/3187b lim: 4096 exec/s: 446063 rss: 36Mb L: 21/34 MS: 2 ChangeBit-EraseBytes-
#27244945	REDUCE cov: 50 ft: 429 corp: 171/3208b lim: 4096 exec/s: 446638 rss: 36Mb L: 21/34 MS: 1 ChangeASCIIInt-
#28695102	REDUCE cov: 50 ft: 429 corp: 171/3207b lim: 4096 exec/s: 441463 rss: 36Mb L: 15/34 MS: 2 EraseBytes-ChangeBit-
#31783716	REDUCE cov: 50 ft: 430 corp: 172/3229b lim: 4096 exec/s: 441440 rss: 36Mb L: 22/34 MS: 4 CopyPart-EraseBytes-CrossOver-CopyPart-
#31934283	NEW    cov: 50 ft: 433 corp: 173/3251b lim: 4096 exec/s: 443531 rss: 36Mb L: 22/34 MS: 2 ShuffleBytes-CopyPart-
#31960034	NEW    cov: 50 ft: 434 corp: 174/3273b lim: 4096 exec/s: 443889 rss: 36Mb L: 22/34 MS: 1 ChangeBit-
#32039030	NEW    cov: 50 ft: 435 corp: 175/3295b lim: 4096 exec/s: 444986 rss: 36Mb L: 22/34 MS: 1 ChangeBit-
#32066346	NEW    cov: 50 ft: 436 corp: 176/3317b lim: 4096 exec/s: 445365 rss: 36Mb L: 22/34 MS: 1 ChangeBit-
#33554432	pulse  cov: 50 ft: 436 corp: 176/3317b lim: 4096 exec/s: 441505 rss: 36Mb
#34992868	REDUCE cov: 50 ft: 436 corp: 176/3316b lim: 4096 exec/s: 442947 rss: 36Mb L: 15/34 MS: 2 ChangeBit-EraseBytes-
#37307335	NEW    cov: 50 ft: 437 corp: 177/3337b lim: 4096 exec/s: 444134 rss: 36Mb L: 21/34 MS: 2 PersAutoDict-ShuffleBytes- DE: "z\000"-
#37817179	NEW    cov: 50 ft: 438 corp: 178/3359b lim: 4096 exec/s: 439734 rss: 37Mb L: 22/34 MS: 4 ChangeASCIIInt-CopyPart-ChangeBit-CopyPart-
#37820341	NEW    cov: 50 ft: 439 corp: 179/3381b lim: 4096 exec/s: 439771 rss: 37Mb L: 22/34 MS: 2 CopyPart-ChangeBinInt-
panic: found special char in iban [recovered]
	panic: found special char in iban

goroutine 17 [running, locked to thread]:
git.ultraware.nl/iddinkgroep/fundament-api.Fuzz.func1()
	git.ultraware.nl/iddinkgroep/fundament-api/fuzz.go:19 +0xa5
panic({0x56380a9a8760?, 0x56380a9bbc70?})
	runtime/panic.go:914 +0x21f
git.ultraware.nl/iddinkgroep/fundament-api.Fuzz({0xc0003ac2e8, 0x16})
	git.ultraware.nl/iddinkgroep/fundament-api/fuzz.go:34 +0x2b9
git.ultraware.nl/iddinkgroep/fundament-api.Fuzz_(...)
	git.ultraware.nl/iddinkgroep/fundament-api/fuzz.1527825026.go:6
main.LLVMFuzzerTestOneInput(...)
	./main.170485750.go:21
==18661== ERROR: libFuzzer: deadly signal
    #0 0x56380a8cb630 in __sanitizer_print_stack_trace (/seedai/experiments/libfuzzer/source_iban/libfuzzer+0xaf630) (BuildId: 688cb25bec4564588da2a67f6a2b25148a0fd5d4)
    #1 0x56380a897755 in fuzzer::PrintStackTrace() (/seedai/experiments/libfuzzer/source_iban/libfuzzer+0x7b755) (BuildId: 688cb25bec4564588da2a67f6a2b25148a0fd5d4)
    #2 0x56380a8763a9 in fuzzer::Fuzzer::CrashCallback() (.part.0) FuzzerLoop.cpp.o
    #3 0x56380a87646a in fuzzer::Fuzzer::StaticCrashSignalCallback() (/seedai/experiments/libfuzzer/source_iban/libfuzzer+0x5a46a) (BuildId: 688cb25bec4564588da2a67f6a2b25148a0fd5d4)
    #4 0x7f60cf02570f  (/usr/lib/libc.so.6+0x3e70f) (BuildId: 316d0d3666387f0e8fb98773f51aa1801027c5ab)
    #5 0x56380a92b160 in runtime.raise.abi0 runtime/sys_linux_amd64.s:153

NOTE: libFuzzer has rudimentary signal handlers.
      Combine libFuzzer with AddressSanitizer or similar for better crash reports.
SUMMARY: libFuzzer: deadly signal
MS: 1 ChangeBinInt-; base unit: d1410ca782898b28441639edbc57ceba84913db8
0x62,0x68,0x30,0x30,0x2d,0x30,0x30,0x30,0x30,0x30,0x30,0x30,0x30,0x30,0x30,0x30,0x30,0x30,0x30,0x30,0x32,0x53,
bh00-0000000000000002S
artifact_prefix='./'; Test unit written to ./crash-963241864c4412248fa3a2b882bf68a7d9926b81
Base64: YmgwMC0wMDAwMDAwMDAwMDAwMDAyUw==
