INFO: Running with entropic power schedule (0xFF, 100).
INFO: Seed: 2450157417
INFO: Loaded 1 modules   (70 inline 8-bit counters): 70 [0x55d6b14e1030, 0x55d6b14e1076), 
INFO: Loaded 1 PC tables (70 PCs): 70 [0xc000068000,0xc000068460), 
INFO:        6 files found in corpus
INFO: -max_len is not provided; libFuzzer will not generate inputs larger than 4096 bytes
INFO: seed corpus: files: 6 min: 1b max: 52b total: 69b rss: 30Mb
#7	INITED cov: 9 ft: 21 corp: 4/15b exec/s: 0 rss: 30Mb
#65	NEW    cov: 9 ft: 22 corp: 5/22b lim: 9 exec/s: 0 rss: 30Mb L: 7/9 MS: 3 ShuffleBytes-CMP-InsertByte- DE: "\001\000\000\000"-
#429	NEW    cov: 9 ft: 23 corp: 6/34b lim: 12 exec/s: 0 rss: 30Mb L: 12/12 MS: 4 ChangeByte-EraseBytes-PersAutoDict-InsertByte- DE: "\001\000\000\000"-
#735	NEW    cov: 9 ft: 24 corp: 7/47b lim: 15 exec/s: 0 rss: 30Mb L: 13/13 MS: 1 InsertByte-
#763	NEW    cov: 11 ft: 30 corp: 8/62b lim: 15 exec/s: 0 rss: 30Mb L: 15/15 MS: 3 ChangeBit-CopyPart-CMP- DE: "\377\377"-
#784	NEW    cov: 11 ft: 31 corp: 9/76b lim: 15 exec/s: 0 rss: 30Mb L: 14/15 MS: 1 CrossOver-
#1091	NEW    cov: 11 ft: 33 corp: 10/94b lim: 18 exec/s: 0 rss: 30Mb L: 18/18 MS: 2 EraseBytes-InsertRepeatedBytes-
#1102	NEW    cov: 11 ft: 34 corp: 11/110b lim: 18 exec/s: 0 rss: 30Mb L: 16/18 MS: 1 InsertRepeatedBytes-
#1220	REDUCE cov: 11 ft: 34 corp: 11/109b lim: 18 exec/s: 0 rss: 30Mb L: 17/17 MS: 3 CrossOver-ChangeByte-EraseBytes-
#1630	REDUCE cov: 11 ft: 35 corp: 12/131b lim: 22 exec/s: 0 rss: 30Mb L: 22/22 MS: 5 ShuffleBytes-InsertByte-ChangeBinInt-ChangeBit-PersAutoDict- DE: "\001\000\000\000"-
#1922	REDUCE cov: 11 ft: 35 corp: 12/128b lim: 22 exec/s: 0 rss: 30Mb L: 19/19 MS: 2 ShuffleBytes-EraseBytes-
#2758	NEW    cov: 11 ft: 36 corp: 13/156b lim: 30 exec/s: 0 rss: 30Mb L: 28/28 MS: 1 InsertRepeatedBytes-
#2817	NEW    cov: 11 ft: 37 corp: 14/185b lim: 30 exec/s: 0 rss: 30Mb L: 29/29 MS: 4 CrossOver-ChangeBinInt-CopyPart-CopyPart-
#3230	NEW    cov: 11 ft: 39 corp: 15/219b lim: 34 exec/s: 0 rss: 30Mb L: 34/34 MS: 3 CrossOver-ChangeBinInt-InsertRepeatedBytes-
#3298	NEW    cov: 11 ft: 40 corp: 16/252b lim: 34 exec/s: 0 rss: 30Mb L: 33/34 MS: 3 InsertByte-ChangeBinInt-InsertRepeatedBytes-
#3363	NEW    cov: 11 ft: 41 corp: 17/284b lim: 34 exec/s: 0 rss: 30Mb L: 32/34 MS: 5 ChangeBinInt-ChangeByte-CrossOver-ChangeBit-CopyPart-
#4562	REDUCE cov: 11 ft: 41 corp: 17/283b lim: 44 exec/s: 0 rss: 31Mb L: 27/34 MS: 4 InsertRepeatedBytes-EraseBytes-InsertByte-PersAutoDict- DE: "\001\000\000\000"-
#5871	NEW    cov: 13 ft: 47 corp: 18/303b lim: 54 exec/s: 0 rss: 31Mb L: 20/34 MS: 4 CopyPart-CrossOver-CrossOver-InsertByte-
#6247	NEW    cov: 13 ft: 49 corp: 19/323b lim: 54 exec/s: 0 rss: 31Mb L: 20/34 MS: 1 ChangeBinInt-
#6260	NEW    cov: 13 ft: 51 corp: 20/343b lim: 54 exec/s: 0 rss: 31Mb L: 20/34 MS: 3 CrossOver-ChangeBinInt-ChangeBinInt-
#6268	NEW    cov: 13 ft: 53 corp: 21/363b lim: 54 exec/s: 0 rss: 31Mb L: 20/34 MS: 3 ShuffleBytes-ShuffleBytes-ChangeByte-
#6322	NEW    cov: 13 ft: 54 corp: 22/383b lim: 54 exec/s: 0 rss: 31Mb L: 20/34 MS: 4 ShuffleBytes-ShuffleBytes-ChangeBit-ChangeBinInt-
#6468	NEW    cov: 13 ft: 55 corp: 23/411b lim: 54 exec/s: 0 rss: 31Mb L: 28/34 MS: 1 CopyPart-
#6503	NEW    cov: 13 ft: 56 corp: 24/431b lim: 54 exec/s: 0 rss: 31Mb L: 20/34 MS: 5 CopyPart-ShuffleBytes-PersAutoDict-ChangeBinInt-ChangeByte- DE: "\001\000\000\000"-
#6646	REDUCE cov: 13 ft: 56 corp: 24/430b lim: 54 exec/s: 0 rss: 31Mb L: 31/34 MS: 3 CopyPart-InsertRepeatedBytes-CrossOver-
#6664	NEW    cov: 13 ft: 57 corp: 25/450b lim: 54 exec/s: 0 rss: 31Mb L: 20/34 MS: 3 CrossOver-ChangeByte-ShuffleBytes-
#6755	NEW    cov: 25 ft: 105 corp: 26/470b lim: 54 exec/s: 0 rss: 31Mb L: 20/34 MS: 1 ChangeBit-
#7053	NEW    cov: 25 ft: 109 corp: 27/493b lim: 54 exec/s: 0 rss: 31Mb L: 23/34 MS: 3 PersAutoDict-ChangeBit-InsertByte- DE: "\377\377"-
#7306	NEW    cov: 25 ft: 110 corp: 28/517b lim: 54 exec/s: 0 rss: 31Mb L: 24/34 MS: 3 ChangeBit-PersAutoDict-CopyPart- DE: "\001\000\000\000"-
#7349	NEW    cov: 25 ft: 111 corp: 29/537b lim: 54 exec/s: 0 rss: 31Mb L: 20/34 MS: 3 ChangeBinInt-ChangeBinInt-PersAutoDict- DE: "\377\377"-
#7480	NEW    cov: 25 ft: 112 corp: 30/554b lim: 54 exec/s: 0 rss: 31Mb L: 17/34 MS: 1 EraseBytes-
#7609	NEW    cov: 25 ft: 113 corp: 31/578b lim: 54 exec/s: 0 rss: 31Mb L: 24/34 MS: 4 ShuffleBytes-CrossOver-InsertByte-PersAutoDict- DE: "\001\000\000\000"-
#7701	NEW    cov: 25 ft: 115 corp: 32/602b lim: 54 exec/s: 0 rss: 31Mb L: 24/34 MS: 2 CopyPart-ChangeByte-
#7809	REDUCE cov: 25 ft: 115 corp: 32/601b lim: 54 exec/s: 0 rss: 31Mb L: 19/34 MS: 3 InsertRepeatedBytes-EraseBytes-EraseBytes-
#7832	NEW    cov: 25 ft: 118 corp: 33/623b lim: 54 exec/s: 0 rss: 31Mb L: 22/34 MS: 3 ChangeBinInt-InsertByte-InsertByte-
#8378	REDUCE cov: 25 ft: 118 corp: 33/619b lim: 59 exec/s: 0 rss: 31Mb L: 16/34 MS: 1 EraseBytes-
#8752	REDUCE cov: 25 ft: 119 corp: 34/637b lim: 59 exec/s: 0 rss: 31Mb L: 18/34 MS: 4 InsertByte-CopyPart-CrossOver-ChangeByte-
#9047	REDUCE cov: 25 ft: 119 corp: 34/635b lim: 59 exec/s: 0 rss: 32Mb L: 18/34 MS: 5 ChangeByte-CopyPart-InsertByte-ChangeBinInt-EraseBytes-
#9190	NEW    cov: 25 ft: 120 corp: 35/663b lim: 59 exec/s: 0 rss: 32Mb L: 28/34 MS: 3 CMP-ShuffleBytes-CMP- DE: "\"\000\000\000\000\000\000\000"-"\000\000\000\000\000\000\000\000"-
#9592	REDUCE cov: 25 ft: 120 corp: 35/661b lim: 59 exec/s: 0 rss: 32Mb L: 18/34 MS: 2 EraseBytes-InsertByte-
#9650	REDUCE cov: 25 ft: 120 corp: 35/657b lim: 59 exec/s: 0 rss: 32Mb L: 15/34 MS: 3 EraseBytes-CopyPart-InsertByte-
#9847	NEW    cov: 25 ft: 121 corp: 36/681b lim: 59 exec/s: 0 rss: 32Mb L: 24/34 MS: 2 CopyPart-ChangeBinInt-
#10263	REDUCE cov: 25 ft: 122 corp: 37/700b lim: 59 exec/s: 0 rss: 32Mb L: 19/34 MS: 1 InsertByte-
#10298	REDUCE cov: 25 ft: 122 corp: 37/699b lim: 59 exec/s: 0 rss: 32Mb L: 15/34 MS: 5 InsertByte-CopyPart-PersAutoDict-ShuffleBytes-EraseBytes- DE: "\000\000\000\000\000\000\000\000"-
#10560	REDUCE cov: 25 ft: 123 corp: 38/718b lim: 59 exec/s: 0 rss: 32Mb L: 19/34 MS: 2 InsertByte-ChangeBit-
#10916	NEW    cov: 25 ft: 124 corp: 39/740b lim: 59 exec/s: 0 rss: 32Mb L: 22/34 MS: 1 ChangeByte-
#11102	REDUCE cov: 25 ft: 124 corp: 39/738b lim: 59 exec/s: 0 rss: 32Mb L: 17/34 MS: 1 EraseBytes-
#11325	NEW    cov: 25 ft: 125 corp: 40/753b lim: 59 exec/s: 0 rss: 32Mb L: 15/34 MS: 3 ChangeByte-CMP-EraseBytes- DE: "\001\000"-
#11438	REDUCE cov: 25 ft: 125 corp: 40/752b lim: 59 exec/s: 0 rss: 32Mb L: 17/34 MS: 3 ChangeByte-ChangeByte-EraseBytes-
#11479	NEW    cov: 25 ft: 126 corp: 41/769b lim: 59 exec/s: 0 rss: 32Mb L: 17/34 MS: 1 ChangeBinInt-
#11970	NEW    cov: 25 ft: 127 corp: 42/797b lim: 59 exec/s: 0 rss: 32Mb L: 28/34 MS: 1 ChangeBinInt-
#12066	NEW    cov: 25 ft: 128 corp: 43/821b lim: 59 exec/s: 0 rss: 32Mb L: 24/34 MS: 1 ChangeByte-
#12562	NEW    cov: 25 ft: 129 corp: 44/849b lim: 59 exec/s: 0 rss: 32Mb L: 28/34 MS: 1 CopyPart-
#12642	REDUCE cov: 25 ft: 129 corp: 44/847b lim: 59 exec/s: 0 rss: 32Mb L: 22/34 MS: 5 InsertByte-CopyPart-CrossOver-ChangeByte-EraseBytes-
#14423	NEW    cov: 25 ft: 130 corp: 45/866b lim: 76 exec/s: 0 rss: 33Mb L: 19/34 MS: 1 ChangeBinInt-
#14779	REDUCE cov: 25 ft: 130 corp: 45/864b lim: 76 exec/s: 0 rss: 33Mb L: 26/34 MS: 1 EraseBytes-
#14905	NEW    cov: 25 ft: 131 corp: 46/886b lim: 76 exec/s: 0 rss: 33Mb L: 22/34 MS: 1 ChangeBit-
#15251	REDUCE cov: 25 ft: 132 corp: 47/903b lim: 76 exec/s: 0 rss: 33Mb L: 17/34 MS: 1 CMP- DE: "\377\377"-
#16241	REDUCE cov: 25 ft: 132 corp: 47/902b lim: 82 exec/s: 0 rss: 33Mb L: 16/34 MS: 5 InsertRepeatedBytes-ChangeBinInt-ChangeBinInt-PersAutoDict-EraseBytes- DE: "\"\000\000\000\000\000\000\000"-
#17509	REDUCE cov: 25 ft: 132 corp: 47/901b lim: 94 exec/s: 0 rss: 33Mb L: 15/34 MS: 3 InsertRepeatedBytes-EraseBytes-InsertByte-
#18665	REDUCE cov: 25 ft: 132 corp: 47/900b lim: 100 exec/s: 0 rss: 34Mb L: 19/34 MS: 1 EraseBytes-
#20462	REDUCE cov: 25 ft: 132 corp: 47/898b lim: 112 exec/s: 0 rss: 34Mb L: 22/34 MS: 2 EraseBytes-InsertByte-
#21210	REDUCE cov: 25 ft: 132 corp: 47/896b lim: 118 exec/s: 0 rss: 34Mb L: 24/34 MS: 3 CopyPart-EraseBytes-InsertByte-
#21347	REDUCE cov: 25 ft: 132 corp: 47/895b lim: 118 exec/s: 0 rss: 34Mb L: 18/34 MS: 2 InsertByte-EraseBytes-
#22366	REDUCE cov: 25 ft: 132 corp: 47/893b lim: 124 exec/s: 0 rss: 34Mb L: 15/34 MS: 4 InsertRepeatedBytes-EraseBytes-EraseBytes-EraseBytes-
#22938	REDUCE cov: 25 ft: 132 corp: 47/890b lim: 124 exec/s: 0 rss: 34Mb L: 16/34 MS: 2 PersAutoDict-EraseBytes- DE: "\377\377"-
#24238	REDUCE cov: 25 ft: 132 corp: 47/889b lim: 130 exec/s: 0 rss: 34Mb L: 16/34 MS: 5 ShuffleBytes-CopyPart-ChangeBit-CrossOver-EraseBytes-
#24485	REDUCE cov: 25 ft: 132 corp: 47/887b lim: 130 exec/s: 0 rss: 34Mb L: 20/34 MS: 2 EraseBytes-PersAutoDict- DE: "\377\377"-
#25987	REDUCE cov: 25 ft: 132 corp: 47/886b lim: 144 exec/s: 0 rss: 34Mb L: 23/34 MS: 2 CopyPart-EraseBytes-
#26131	REDUCE cov: 25 ft: 132 corp: 47/885b lim: 144 exec/s: 0 rss: 34Mb L: 15/34 MS: 4 ShuffleBytes-ShuffleBytes-InsertByte-EraseBytes-
#27490	REDUCE cov: 25 ft: 132 corp: 47/883b lim: 151 exec/s: 0 rss: 34Mb L: 20/34 MS: 4 EraseBytes-ChangeBit-CrossOver-ChangeBinInt-
#29489	REDUCE cov: 25 ft: 132 corp: 47/880b lim: 165 exec/s: 0 rss: 35Mb L: 15/34 MS: 4 EraseBytes-PersAutoDict-PersAutoDict-ChangeByte- DE: "\377\377"-"\377\377"-
#30868	REDUCE cov: 25 ft: 132 corp: 47/876b lim: 172 exec/s: 0 rss: 35Mb L: 18/34 MS: 4 InsertByte-EraseBytes-ChangeByte-CrossOver-
#33677	REDUCE cov: 25 ft: 132 corp: 47/875b lim: 193 exec/s: 0 rss: 35Mb L: 19/34 MS: 4 ChangeBit-CrossOver-CrossOver-InsertByte-
#34243	REDUCE cov: 25 ft: 133 corp: 48/893b lim: 193 exec/s: 0 rss: 35Mb L: 18/34 MS: 1 ChangeBinInt-
#37195	REDUCE cov: 25 ft: 133 corp: 48/892b lim: 221 exec/s: 0 rss: 35Mb L: 16/34 MS: 2 ChangeBinInt-EraseBytes-
#37237	REDUCE cov: 25 ft: 133 corp: 48/890b lim: 221 exec/s: 0 rss: 35Mb L: 16/34 MS: 2 EraseBytes-ChangeBit-
#39083	REDUCE cov: 25 ft: 133 corp: 48/888b lim: 235 exec/s: 0 rss: 35Mb L: 21/34 MS: 1 EraseBytes-
#39135	REDUCE cov: 25 ft: 133 corp: 48/886b lim: 235 exec/s: 0 rss: 35Mb L: 26/34 MS: 2 EraseBytes-CrossOver-
#45888	REDUCE cov: 25 ft: 133 corp: 48/884b lim: 296 exec/s: 0 rss: 35Mb L: 20/34 MS: 3 InsertByte-CopyPart-EraseBytes-
#49146	REDUCE cov: 25 ft: 133 corp: 48/882b lim: 328 exec/s: 0 rss: 35Mb L: 17/34 MS: 3 CMP-InsertRepeatedBytes-EraseBytes- DE: "\377\377"-
#50884	REDUCE cov: 25 ft: 133 corp: 48/881b lim: 344 exec/s: 0 rss: 35Mb L: 20/34 MS: 3 CrossOver-CMP-EraseBytes- DE: "\377\377\377\377\377\377\377\024"-
#53476	REDUCE cov: 25 ft: 133 corp: 48/880b lim: 368 exec/s: 0 rss: 35Mb L: 16/34 MS: 2 ChangeByte-EraseBytes-
#56521	REDUCE cov: 25 ft: 133 corp: 48/877b lim: 392 exec/s: 0 rss: 35Mb L: 17/34 MS: 5 EraseBytes-ShuffleBytes-ShuffleBytes-ChangeASCIIInt-ChangeBinInt-
#57160	REDUCE cov: 25 ft: 133 corp: 48/875b lim: 392 exec/s: 0 rss: 35Mb L: 17/34 MS: 4 ChangeBit-CopyPart-EraseBytes-InsertByte-
#57640	REDUCE cov: 25 ft: 133 corp: 48/873b lim: 392 exec/s: 0 rss: 35Mb L: 20/34 MS: 5 EraseBytes-CopyPart-ChangeBinInt-ChangeByte-ChangeBit-
#63730	REDUCE cov: 25 ft: 133 corp: 48/871b lim: 448 exec/s: 0 rss: 35Mb L: 22/34 MS: 5 ChangeByte-EraseBytes-PersAutoDict-ShuffleBytes-CMP- DE: "\377\377"-"\000\000\000\000"-
#64191	REDUCE cov: 25 ft: 133 corp: 48/870b lim: 448 exec/s: 0 rss: 35Mb L: 16/34 MS: 1 EraseBytes-
#71633	REDUCE cov: 25 ft: 133 corp: 48/868b lim: 521 exec/s: 0 rss: 35Mb L: 16/34 MS: 2 EraseBytes-ChangeByte-
#72441	REDUCE cov: 25 ft: 133 corp: 48/866b lim: 521 exec/s: 0 rss: 35Mb L: 16/34 MS: 3 ChangeBit-EraseBytes-CrossOver-
#75173	REDUCE cov: 25 ft: 133 corp: 48/865b lim: 548 exec/s: 0 rss: 35Mb L: 15/34 MS: 2 EraseBytes-CopyPart-
#82791	REDUCE cov: 25 ft: 133 corp: 48/861b lim: 620 exec/s: 0 rss: 35Mb L: 20/34 MS: 3 ChangeBit-CopyPart-EraseBytes-
#85022	REDUCE cov: 25 ft: 133 corp: 48/860b lim: 638 exec/s: 0 rss: 35Mb L: 15/34 MS: 1 EraseBytes-
#89492	REDUCE cov: 25 ft: 133 corp: 48/858b lim: 674 exec/s: 0 rss: 35Mb L: 18/34 MS: 5 ShuffleBytes-CopyPart-EraseBytes-CopyPart-InsertByte-
#96460	REDUCE cov: 25 ft: 133 corp: 48/856b lim: 737 exec/s: 0 rss: 35Mb L: 15/34 MS: 3 EraseBytes-PersAutoDict-ChangeBit- DE: "\377\377"-
#98309	REDUCE cov: 30 ft: 147 corp: 49/880b lim: 755 exec/s: 0 rss: 35Mb L: 24/34 MS: 4 CrossOver-CrossOver-ChangeBit-InsertByte-
#100110	NEW    cov: 30 ft: 150 corp: 50/904b lim: 764 exec/s: 0 rss: 35Mb L: 24/34 MS: 1 ShuffleBytes-
#101066	REDUCE cov: 30 ft: 150 corp: 50/903b lim: 773 exec/s: 0 rss: 35Mb L: 19/34 MS: 1 EraseBytes-
#101535	REDUCE cov: 30 ft: 150 corp: 50/901b lim: 773 exec/s: 0 rss: 35Mb L: 18/34 MS: 4 CopyPart-ChangeBit-EraseBytes-InsertByte-
#101876	NEW    cov: 30 ft: 152 corp: 51/925b lim: 773 exec/s: 0 rss: 35Mb L: 24/34 MS: 1 ChangeBit-
#103183	NEW    cov: 30 ft: 154 corp: 52/949b lim: 782 exec/s: 0 rss: 35Mb L: 24/34 MS: 2 InsertByte-EraseBytes-
#106916	NEW    cov: 30 ft: 156 corp: 53/973b lim: 818 exec/s: 0 rss: 35Mb L: 24/34 MS: 3 ShuffleBytes-CrossOver-ShuffleBytes-
#108597	NEW    cov: 30 ft: 165 corp: 54/997b lim: 827 exec/s: 0 rss: 35Mb L: 24/34 MS: 1 CrossOver-
#109283	NEW    cov: 30 ft: 167 corp: 55/1021b lim: 827 exec/s: 0 rss: 35Mb L: 24/34 MS: 1 ChangeBit-
#113083	REDUCE cov: 30 ft: 167 corp: 55/1017b lim: 863 exec/s: 0 rss: 35Mb L: 16/34 MS: 5 EraseBytes-PersAutoDict-InsertByte-ChangeBit-CMP- DE: "\377\377"-"\001\000"-
#113589	NEW    cov: 30 ft: 169 corp: 56/1041b lim: 863 exec/s: 0 rss: 35Mb L: 24/34 MS: 1 ShuffleBytes-
#114910	NEW    cov: 30 ft: 171 corp: 57/1065b lim: 872 exec/s: 0 rss: 35Mb L: 24/34 MS: 1 ChangeBit-
#120621	NEW    cov: 30 ft: 172 corp: 58/1089b lim: 926 exec/s: 0 rss: 35Mb L: 24/34 MS: 1 CopyPart-
#120903	REDUCE cov: 30 ft: 172 corp: 58/1087b lim: 926 exec/s: 0 rss: 35Mb L: 22/34 MS: 2 EraseBytes-ChangeByte-
#123184	NEW    cov: 30 ft: 174 corp: 59/1111b lim: 944 exec/s: 0 rss: 35Mb L: 24/34 MS: 1 ChangeBit-
#124780	NEW    cov: 30 ft: 176 corp: 60/1135b lim: 953 exec/s: 0 rss: 35Mb L: 24/34 MS: 1 ChangeBit-
#124911	NEW    cov: 30 ft: 178 corp: 61/1159b lim: 953 exec/s: 0 rss: 35Mb L: 24/34 MS: 1 ShuffleBytes-
#125096	REDUCE cov: 30 ft: 178 corp: 61/1157b lim: 953 exec/s: 0 rss: 35Mb L: 18/34 MS: 5 CMP-CMP-ChangeBit-EraseBytes-PersAutoDict- DE: "\377\377\377\377"-"X\000\000\000\000\000\000\000"-"\377\377"-
#125568	REDUCE cov: 30 ft: 178 corp: 61/1155b lim: 953 exec/s: 0 rss: 35Mb L: 16/34 MS: 2 PersAutoDict-EraseBytes- DE: "\377\377"-
#126094	NEW    cov: 30 ft: 180 corp: 62/1179b lim: 953 exec/s: 0 rss: 35Mb L: 24/34 MS: 1 ChangeBit-
#126321	NEW    cov: 30 ft: 181 corp: 63/1203b lim: 953 exec/s: 0 rss: 35Mb L: 24/34 MS: 2 CrossOver-ShuffleBytes-
#126819	NEW    cov: 30 ft: 184 corp: 64/1231b lim: 953 exec/s: 0 rss: 35Mb L: 28/34 MS: 3 EraseBytes-ChangeByte-InsertRepeatedBytes-
#128495	NEW    cov: 30 ft: 192 corp: 65/1255b lim: 962 exec/s: 0 rss: 35Mb L: 24/34 MS: 1 ShuffleBytes-
#129386	NEW    cov: 30 ft: 194 corp: 66/1279b lim: 962 exec/s: 0 rss: 35Mb L: 24/34 MS: 1 ChangeBinInt-
#130607	NEW    cov: 30 ft: 196 corp: 67/1303b lim: 971 exec/s: 0 rss: 35Mb L: 24/34 MS: 1 ChangeByte-
#131114	NEW    cov: 30 ft: 198 corp: 68/1327b lim: 971 exec/s: 0 rss: 35Mb L: 24/34 MS: 2 ChangeByte-ChangeBinInt-
#133083	REDUCE cov: 31 ft: 201 corp: 69/1351b lim: 989 exec/s: 0 rss: 35Mb L: 24/34 MS: 4 ChangeByte-ChangeBinInt-InsertByte-InsertByte-
#134386	REDUCE cov: 31 ft: 201 corp: 69/1347b lim: 998 exec/s: 0 rss: 35Mb L: 15/34 MS: 3 PersAutoDict-ChangeBinInt-EraseBytes- DE: "\377\377\377\377"-
#137307	NEW    cov: 31 ft: 206 corp: 70/1375b lim: 1025 exec/s: 0 rss: 35Mb L: 28/34 MS: 1 CopyPart-
#137728	NEW    cov: 33 ft: 211 corp: 71/1403b lim: 1025 exec/s: 0 rss: 35Mb L: 28/34 MS: 1 CopyPart-
#137789	NEW    cov: 33 ft: 212 corp: 72/1431b lim: 1025 exec/s: 0 rss: 35Mb L: 28/34 MS: 1 CopyPart-
#138300	NEW    cov: 33 ft: 213 corp: 73/1459b lim: 1025 exec/s: 0 rss: 35Mb L: 28/34 MS: 1 ChangeBit-
#138341	NEW    cov: 33 ft: 214 corp: 74/1487b lim: 1025 exec/s: 0 rss: 35Mb L: 28/34 MS: 1 ChangeByte-
#140527	NEW    cov: 34 ft: 217 corp: 75/1515b lim: 1045 exec/s: 0 rss: 35Mb L: 28/34 MS: 1 ChangeBit-
#140853	NEW    cov: 34 ft: 218 corp: 76/1543b lim: 1045 exec/s: 0 rss: 35Mb L: 28/34 MS: 1 ChangeBinInt-
#141504	NEW    cov: 34 ft: 219 corp: 77/1571b lim: 1045 exec/s: 0 rss: 35Mb L: 28/34 MS: 1 CopyPart-
#141535	NEW    cov: 34 ft: 220 corp: 78/1599b lim: 1045 exec/s: 0 rss: 35Mb L: 28/34 MS: 1 ChangeBit-
#142047	NEW    cov: 34 ft: 221 corp: 79/1627b lim: 1045 exec/s: 0 rss: 35Mb L: 28/34 MS: 2 CrossOver-EraseBytes-
#145060	NEW    cov: 34 ft: 223 corp: 80/1655b lim: 1065 exec/s: 0 rss: 35Mb L: 28/34 MS: 3 ShuffleBytes-ShuffleBytes-ChangeBinInt-
#145241	NEW    cov: 34 ft: 224 corp: 81/1683b lim: 1065 exec/s: 0 rss: 35Mb L: 28/34 MS: 1 ChangeByte-
#145898	NEW    cov: 46 ft: 281 corp: 82/1711b lim: 1065 exec/s: 0 rss: 35Mb L: 28/34 MS: 2 ChangeBit-ChangeBit-
#156469	NEW    cov: 47 ft: 286 corp: 83/1739b lim: 1165 exec/s: 0 rss: 35Mb L: 28/34 MS: 1 ChangeBit-
#158720	NEW    cov: 47 ft: 287 corp: 84/1767b lim: 1185 exec/s: 0 rss: 35Mb L: 28/34 MS: 1 ChangeByte-
#158921	NEW    cov: 47 ft: 288 corp: 85/1791b lim: 1185 exec/s: 0 rss: 35Mb L: 24/34 MS: 1 ChangeBit-
#159952	REDUCE cov: 47 ft: 288 corp: 85/1790b lim: 1195 exec/s: 0 rss: 35Mb L: 16/34 MS: 1 EraseBytes-
#169648	NEW    cov: 47 ft: 290 corp: 86/1818b lim: 1285 exec/s: 0 rss: 35Mb L: 28/34 MS: 1 ChangeBit-
#170384	REDUCE cov: 47 ft: 291 corp: 87/1834b lim: 1285 exec/s: 0 rss: 35Mb L: 16/34 MS: 1 ChangeBit-
#172225	NEW    cov: 47 ft: 292 corp: 88/1862b lim: 1295 exec/s: 0 rss: 35Mb L: 28/34 MS: 1 ChangeBit-
#173018	NEW    cov: 47 ft: 293 corp: 89/1890b lim: 1295 exec/s: 0 rss: 35Mb L: 28/34 MS: 3 CopyPart-ChangeBit-ChangeBit-
#176439	NEW    cov: 47 ft: 294 corp: 90/1918b lim: 1325 exec/s: 0 rss: 35Mb L: 28/34 MS: 1 ShuffleBytes-
#178905	NEW    cov: 47 ft: 297 corp: 91/1946b lim: 1345 exec/s: 0 rss: 35Mb L: 28/34 MS: 1 ShuffleBytes-
#179646	NEW    cov: 47 ft: 298 corp: 92/1974b lim: 1345 exec/s: 0 rss: 35Mb L: 28/34 MS: 1 ChangeBinInt-
#181372	NEW    cov: 47 ft: 299 corp: 93/2002b lim: 1355 exec/s: 0 rss: 35Mb L: 28/34 MS: 1 ChangeByte-
#184623	NEW    cov: 47 ft: 300 corp: 94/2030b lim: 1385 exec/s: 0 rss: 35Mb L: 28/34 MS: 1 ChangeBit-
#187168	REDUCE cov: 47 ft: 300 corp: 94/2028b lim: 1405 exec/s: 0 rss: 35Mb L: 26/34 MS: 5 EraseBytes-ChangeASCIIInt-ChangeByte-PersAutoDict-ChangeByte- DE: "\"\000\000\000\000\000\000\000"-
#191975	REDUCE cov: 47 ft: 300 corp: 94/2026b lim: 1445 exec/s: 0 rss: 35Mb L: 22/34 MS: 2 EraseBytes-ChangeBit-
#192407	NEW    cov: 47 ft: 301 corp: 95/2054b lim: 1445 exec/s: 0 rss: 35Mb L: 28/34 MS: 2 ShuffleBytes-CrossOver-
#204525	NEW    cov: 47 ft: 302 corp: 96/2082b lim: 1565 exec/s: 0 rss: 35Mb L: 28/34 MS: 3 ChangeBinInt-ShuffleBytes-ChangeBinInt-
#215657	REDUCE cov: 47 ft: 303 corp: 97/2108b lim: 1675 exec/s: 0 rss: 35Mb L: 26/34 MS: 2 ShuffleBytes-CopyPart-
#216014	REDUCE cov: 47 ft: 303 corp: 97/2106b lim: 1675 exec/s: 0 rss: 35Mb L: 24/34 MS: 2 EraseBytes-InsertByte-
#217545	REDUCE cov: 47 ft: 304 corp: 98/2130b lim: 1685 exec/s: 0 rss: 35Mb L: 24/34 MS: 1 ChangeASCIIInt-
#218736	NEW    cov: 47 ft: 305 corp: 99/2154b lim: 1695 exec/s: 0 rss: 35Mb L: 24/34 MS: 1 CopyPart-
#220672	NEW    cov: 47 ft: 307 corp: 100/2182b lim: 1705 exec/s: 0 rss: 35Mb L: 28/34 MS: 1 ChangeBit-
#224638	NEW    cov: 47 ft: 308 corp: 101/2206b lim: 1735 exec/s: 0 rss: 35Mb L: 24/34 MS: 1 ChangeASCIIInt-
#227604	NEW    cov: 47 ft: 309 corp: 102/2230b lim: 1755 exec/s: 0 rss: 35Mb L: 24/34 MS: 1 ChangeASCIIInt-
#230065	NEW    cov: 47 ft: 310 corp: 103/2258b lim: 1775 exec/s: 0 rss: 35Mb L: 28/34 MS: 1 CopyPart-
#230196	NEW    cov: 47 ft: 311 corp: 104/2282b lim: 1775 exec/s: 0 rss: 35Mb L: 24/34 MS: 1 ChangeBit-
#244485	REDUCE cov: 47 ft: 312 corp: 105/2308b lim: 1915 exec/s: 0 rss: 35Mb L: 26/34 MS: 4 ChangeBit-CMP-CopyPart-CopyPart- DE: "\000\000"-
#245021	NEW    cov: 47 ft: 314 corp: 106/2336b lim: 1915 exec/s: 0 rss: 35Mb L: 28/34 MS: 1 ChangeBit-
#252772	NEW    cov: 47 ft: 315 corp: 107/2360b lim: 1985 exec/s: 0 rss: 35Mb L: 24/34 MS: 1 ShuffleBytes-
#259826	NEW    cov: 47 ft: 316 corp: 108/2386b lim: 2055 exec/s: 0 rss: 35Mb L: 26/34 MS: 4 ChangeBit-ChangeByte-ShuffleBytes-ShuffleBytes-
#262561	REDUCE cov: 47 ft: 317 corp: 109/2410b lim: 2077 exec/s: 0 rss: 35Mb L: 24/34 MS: 5 InsertRepeatedBytes-CopyPart-EraseBytes-EraseBytes-EraseBytes-
#262634	NEW    cov: 47 ft: 318 corp: 110/2436b lim: 2077 exec/s: 0 rss: 35Mb L: 26/34 MS: 3 CopyPart-ChangeBit-ShuffleBytes-
#263007	NEW    cov: 47 ft: 319 corp: 111/2460b lim: 2077 exec/s: 0 rss: 35Mb L: 24/34 MS: 3 CopyPart-ShuffleBytes-ShuffleBytes-
#263928	NEW    cov: 47 ft: 320 corp: 112/2484b lim: 2077 exec/s: 0 rss: 35Mb L: 24/34 MS: 1 ChangeASCIIInt-
#263949	NEW    cov: 47 ft: 321 corp: 113/2508b lim: 2077 exec/s: 0 rss: 35Mb L: 24/34 MS: 1 ChangeASCIIInt-
#265335	NEW    cov: 47 ft: 322 corp: 114/2534b lim: 2088 exec/s: 0 rss: 35Mb L: 26/34 MS: 1 ChangeBit-
#267171	NEW    cov: 47 ft: 323 corp: 115/2558b lim: 2099 exec/s: 0 rss: 35Mb L: 24/34 MS: 1 ChangeByte-
#267225	REDUCE cov: 47 ft: 323 corp: 115/2556b lim: 2099 exec/s: 0 rss: 35Mb L: 26/34 MS: 4 CrossOver-ChangeBinInt-ShuffleBytes-EraseBytes-
#267581	NEW    cov: 47 ft: 324 corp: 116/2584b lim: 2099 exec/s: 0 rss: 35Mb L: 28/34 MS: 1 CrossOver-
#267593	NEW    cov: 47 ft: 326 corp: 117/2612b lim: 2099 exec/s: 0 rss: 35Mb L: 28/34 MS: 2 ShuffleBytes-ChangeBit-
#268322	REDUCE cov: 47 ft: 326 corp: 117/2608b lim: 2099 exec/s: 0 rss: 35Mb L: 22/34 MS: 4 PersAutoDict-EraseBytes-ChangeBinInt-EraseBytes- DE: "\"\000\000\000\000\000\000\000"-
#270499	REDUCE cov: 47 ft: 326 corp: 117/2606b lim: 2110 exec/s: 0 rss: 35Mb L: 20/34 MS: 2 EraseBytes-CrossOver-
#280726	REDUCE cov: 47 ft: 327 corp: 118/2628b lim: 2209 exec/s: 0 rss: 35Mb L: 22/34 MS: 2 PersAutoDict-CrossOver- DE: "\001\000"-
#285214	REDUCE cov: 47 ft: 327 corp: 118/2626b lim: 2253 exec/s: 0 rss: 35Mb L: 22/34 MS: 3 PersAutoDict-EraseBytes-InsertByte- DE: "\377\377"-
#287233	REDUCE cov: 47 ft: 327 corp: 118/2624b lim: 2264 exec/s: 0 rss: 35Mb L: 26/34 MS: 4 CrossOver-ChangeByte-ChangeBit-EraseBytes-
#288356	REDUCE cov: 47 ft: 327 corp: 118/2620b lim: 2275 exec/s: 0 rss: 35Mb L: 24/34 MS: 3 ChangeBinInt-EraseBytes-ChangeBinInt-
#296722	NEW    cov: 47 ft: 328 corp: 119/2644b lim: 2352 exec/s: 0 rss: 35Mb L: 24/34 MS: 1 ChangeBit-
#297519	REDUCE cov: 47 ft: 329 corp: 120/2666b lim: 2352 exec/s: 0 rss: 35Mb L: 22/34 MS: 2 CrossOver-ChangeBinInt-
#298355	NEW    cov: 47 ft: 330 corp: 121/2688b lim: 2352 exec/s: 0 rss: 35Mb L: 22/34 MS: 1 ChangeBit-
#312431	NEW    cov: 47 ft: 331 corp: 122/2716b lim: 2484 exec/s: 0 rss: 35Mb L: 28/34 MS: 1 ChangeBit-
#315174	NEW    cov: 47 ft: 332 corp: 123/2740b lim: 2506 exec/s: 0 rss: 35Mb L: 24/34 MS: 3 ChangeByte-ShuffleBytes-ChangeBit-
#321113	REDUCE cov: 47 ft: 332 corp: 123/2734b lim: 2561 exec/s: 0 rss: 35Mb L: 20/34 MS: 4 PersAutoDict-CrossOver-InsertByte-EraseBytes- DE: "\377\377\377\377"-
#322141	REDUCE cov: 47 ft: 332 corp: 123/2732b lim: 2561 exec/s: 0 rss: 35Mb L: 26/34 MS: 3 CMP-EraseBytes-ChangeBit- DE: "\001o"-
#324074	REDUCE cov: 47 ft: 332 corp: 123/2730b lim: 2572 exec/s: 0 rss: 35Mb L: 20/34 MS: 3 ChangeByte-InsertByte-EraseBytes-
#338156	REDUCE cov: 47 ft: 332 corp: 123/2728b lim: 2704 exec/s: 0 rss: 35Mb L: 26/34 MS: 2 EraseBytes-ChangeBit-
#341398	NEW    cov: 47 ft: 333 corp: 124/2750b lim: 2726 exec/s: 0 rss: 35Mb L: 22/34 MS: 2 ShuffleBytes-ChangeByte-
#343386	REDUCE cov: 47 ft: 333 corp: 124/2748b lim: 2737 exec/s: 0 rss: 35Mb L: 22/34 MS: 3 CrossOver-EraseBytes-ChangeBit-
#348686	REDUCE cov: 47 ft: 333 corp: 124/2746b lim: 2781 exec/s: 0 rss: 35Mb L: 24/34 MS: 5 ChangeASCIIInt-ChangeByte-CopyPart-ShuffleBytes-EraseBytes-
#350761	REDUCE cov: 47 ft: 333 corp: 124/2741b lim: 2792 exec/s: 0 rss: 35Mb L: 19/34 MS: 5 CrossOver-ChangeBinInt-CMP-ChangeBit-EraseBytes- DE: "\000\000"-
#352844	REDUCE cov: 47 ft: 333 corp: 124/2739b lim: 2803 exec/s: 0 rss: 35Mb L: 24/34 MS: 3 ChangeBinInt-CopyPart-EraseBytes-
#362439	REDUCE cov: 47 ft: 333 corp: 124/2735b lim: 2891 exec/s: 0 rss: 35Mb L: 20/34 MS: 5 InsertRepeatedBytes-EraseBytes-ChangeByte-ShuffleBytes-InsertByte-
#363497	REDUCE cov: 47 ft: 333 corp: 124/2732b lim: 2891 exec/s: 0 rss: 35Mb L: 21/34 MS: 3 EraseBytes-CrossOver-ChangeBit-
#365543	NEW    cov: 47 ft: 334 corp: 125/2754b lim: 2902 exec/s: 0 rss: 35Mb L: 22/34 MS: 1 ChangeBit-
#367025	REDUCE cov: 47 ft: 335 corp: 126/2780b lim: 2913 exec/s: 0 rss: 35Mb L: 26/34 MS: 2 ChangeBit-ChangeByte-
#367598	REDUCE cov: 47 ft: 335 corp: 126/2778b lim: 2913 exec/s: 0 rss: 35Mb L: 22/34 MS: 3 ChangeByte-InsertByte-EraseBytes-
#368467	NEW    cov: 47 ft: 336 corp: 127/2800b lim: 2913 exec/s: 0 rss: 35Mb L: 22/34 MS: 4 EraseBytes-ShuffleBytes-InsertByte-ShuffleBytes-
#378268	REDUCE cov: 47 ft: 337 corp: 128/2826b lim: 3001 exec/s: 0 rss: 35Mb L: 26/34 MS: 1 CrossOver-
#378829	NEW    cov: 47 ft: 338 corp: 129/2852b lim: 3001 exec/s: 0 rss: 35Mb L: 26/34 MS: 1 CopyPart-
#386938	REDUCE cov: 47 ft: 338 corp: 129/2848b lim: 3078 exec/s: 0 rss: 35Mb L: 18/34 MS: 4 ChangeASCIIInt-ChangeBit-ChangeBinInt-EraseBytes-
#387720	REDUCE cov: 47 ft: 338 corp: 129/2846b lim: 3078 exec/s: 0 rss: 35Mb L: 22/34 MS: 2 CopyPart-EraseBytes-
#397369	REDUCE cov: 47 ft: 338 corp: 129/2844b lim: 3166 exec/s: 0 rss: 35Mb L: 24/34 MS: 4 InsertByte-PersAutoDict-EraseBytes-PersAutoDict- DE: "\377\377\377\377\377\377\377\024"-"\377\377"-
#399543	NEW    cov: 47 ft: 339 corp: 130/2870b lim: 3177 exec/s: 399543 rss: 35Mb L: 26/34 MS: 4 CopyPart-ShuffleBytes-ChangeBinInt-ChangeASCIIInt-
#399986	NEW    cov: 47 ft: 340 corp: 131/2896b lim: 3177 exec/s: 399986 rss: 35Mb L: 26/34 MS: 1 ChangeByte-
#401879	REDUCE cov: 47 ft: 341 corp: 132/2914b lim: 3188 exec/s: 401879 rss: 35Mb L: 18/34 MS: 3 CrossOver-ShuffleBytes-ChangeBinInt-
#408530	NEW    cov: 47 ft: 342 corp: 133/2940b lim: 3254 exec/s: 408530 rss: 35Mb L: 26/34 MS: 1 ChangeASCIIInt-
#411735	NEW    cov: 47 ft: 343 corp: 134/2969b lim: 3276 exec/s: 411735 rss: 35Mb L: 29/34 MS: 5 InsertRepeatedBytes-ChangeBinInt-EraseBytes-EraseBytes-EraseBytes-
#412641	REDUCE cov: 47 ft: 343 corp: 134/2963b lim: 3276 exec/s: 412641 rss: 35Mb L: 23/34 MS: 1 EraseBytes-
#412878	REDUCE cov: 47 ft: 343 corp: 134/2959b lim: 3276 exec/s: 412878 rss: 35Mb L: 19/34 MS: 2 ChangeBit-EraseBytes-
#418469	REDUCE cov: 47 ft: 343 corp: 134/2958b lim: 3331 exec/s: 418469 rss: 35Mb L: 18/34 MS: 1 EraseBytes-
#420495	REDUCE cov: 47 ft: 343 corp: 134/2957b lim: 3342 exec/s: 420495 rss: 35Mb L: 17/34 MS: 1 EraseBytes-
#423128	REDUCE cov: 47 ft: 343 corp: 134/2956b lim: 3364 exec/s: 423128 rss: 35Mb L: 16/34 MS: 3 ShuffleBytes-ChangeASCIIInt-EraseBytes-
#423250	NEW    cov: 47 ft: 345 corp: 135/2982b lim: 3364 exec/s: 423250 rss: 35Mb L: 26/34 MS: 2 ChangeBit-CopyPart-
#424591	NEW    cov: 47 ft: 346 corp: 136/3008b lim: 3375 exec/s: 424591 rss: 35Mb L: 26/34 MS: 1 ChangeASCIIInt-
#425217	NEW    cov: 47 ft: 347 corp: 137/3034b lim: 3375 exec/s: 425217 rss: 35Mb L: 26/34 MS: 1 ShuffleBytes-
#425359	NEW    cov: 47 ft: 348 corp: 138/3060b lim: 3375 exec/s: 425359 rss: 35Mb L: 26/34 MS: 2 ShuffleBytes-ChangeASCIIInt-
#426071	NEW    cov: 47 ft: 349 corp: 139/3086b lim: 3375 exec/s: 426071 rss: 35Mb L: 26/34 MS: 2 ShuffleBytes-ChangeASCIIInt-
#426488	NEW    cov: 47 ft: 350 corp: 140/3112b lim: 3375 exec/s: 426488 rss: 35Mb L: 26/34 MS: 2 ShuffleBytes-CopyPart-
#433039	NEW    cov: 47 ft: 351 corp: 141/3138b lim: 3430 exec/s: 433039 rss: 35Mb L: 26/34 MS: 1 ShuffleBytes-
#440035	NEW    cov: 47 ft: 352 corp: 142/3164b lim: 3496 exec/s: 440035 rss: 35Mb L: 26/34 MS: 1 ShuffleBytes-
#445530	REDUCE cov: 47 ft: 352 corp: 142/3162b lim: 3540 exec/s: 445530 rss: 36Mb L: 24/34 MS: 5 PersAutoDict-ChangeBinInt-ChangeByte-InsertByte-EraseBytes- DE: "\000\000"-
#446511	REDUCE cov: 47 ft: 352 corp: 142/3161b lim: 3540 exec/s: 446511 rss: 36Mb L: 15/34 MS: 1 EraseBytes-
#447990	REDUCE cov: 47 ft: 352 corp: 142/3159b lim: 3551 exec/s: 447990 rss: 36Mb L: 20/34 MS: 4 ChangeByte-ChangeBit-PersAutoDict-EraseBytes- DE: "\001o"-
#462577	REDUCE cov: 47 ft: 352 corp: 142/3157b lim: 3694 exec/s: 462577 rss: 36Mb L: 24/34 MS: 2 EraseBytes-ChangeBinInt-
#465896	REDUCE cov: 47 ft: 352 corp: 142/3153b lim: 3727 exec/s: 465896 rss: 36Mb L: 18/34 MS: 4 CrossOver-PersAutoDict-ChangeBinInt-EraseBytes- DE: "\377\377\377\377"-
#468506	REDUCE cov: 47 ft: 352 corp: 142/3150b lim: 3749 exec/s: 468506 rss: 36Mb L: 23/34 MS: 5 InsertByte-ChangeBit-EraseBytes-ChangeBinInt-InsertByte-
#468584	REDUCE cov: 47 ft: 352 corp: 142/3148b lim: 3749 exec/s: 468584 rss: 36Mb L: 24/34 MS: 3 ChangeByte-EraseBytes-PersAutoDict- DE: "\000\000"-
#471321	REDUCE cov: 47 ft: 352 corp: 142/3146b lim: 3771 exec/s: 471321 rss: 36Mb L: 20/34 MS: 2 EraseBytes-CopyPart-
#472053	REDUCE cov: 47 ft: 352 corp: 142/3144b lim: 3771 exec/s: 472053 rss: 36Mb L: 20/34 MS: 2 EraseBytes-CopyPart-
#476744	NEW    cov: 49 ft: 360 corp: 143/3172b lim: 3815 exec/s: 476744 rss: 36Mb L: 28/34 MS: 1 ChangeBit-
#480262	REDUCE cov: 49 ft: 360 corp: 143/3169b lim: 3848 exec/s: 480262 rss: 36Mb L: 19/34 MS: 3 ChangeByte-EraseBytes-ChangeBinInt-
#483918	REDUCE cov: 49 ft: 361 corp: 144/3193b lim: 3881 exec/s: 483918 rss: 36Mb L: 24/34 MS: 1 CopyPart-
#484689	NEW    cov: 49 ft: 363 corp: 145/3217b lim: 3881 exec/s: 484689 rss: 36Mb L: 24/34 MS: 1 ChangeASCIIInt-
#484832	REDUCE cov: 49 ft: 363 corp: 145/3215b lim: 3881 exec/s: 484832 rss: 36Mb L: 22/34 MS: 3 InsertByte-PersAutoDict-EraseBytes- DE: "\377\377"-
#489188	NEW    cov: 49 ft: 364 corp: 146/3239b lim: 3914 exec/s: 489188 rss: 36Mb L: 24/34 MS: 1 ChangeASCIIInt-
#490170	NEW    cov: 49 ft: 365 corp: 147/3263b lim: 3914 exec/s: 490170 rss: 36Mb L: 24/34 MS: 2 ChangeBit-ChangeASCIIInt-
#523354	REDUCE cov: 49 ft: 365 corp: 147/3261b lim: 4096 exec/s: 523354 rss: 36Mb L: 18/34 MS: 4 ShuffleBytes-EraseBytes-ChangeByte-InsertRepeatedBytes-
#537870	NEW    cov: 49 ft: 372 corp: 148/3289b lim: 4096 exec/s: 537870 rss: 36Mb L: 28/34 MS: 1 CopyPart-
#549199	REDUCE cov: 49 ft: 372 corp: 148/3287b lim: 4096 exec/s: 549199 rss: 36Mb L: 24/34 MS: 4 EraseBytes-ShuffleBytes-PersAutoDict-InsertByte- DE: "\000\000"-
#563679	REDUCE cov: 49 ft: 372 corp: 148/3285b lim: 4096 exec/s: 563679 rss: 36Mb L: 24/34 MS: 5 PersAutoDict-InsertByte-CopyPart-ChangeBinInt-EraseBytes- DE: "\377\377\377\377"-
#577454	REDUCE cov: 49 ft: 372 corp: 148/3281b lim: 4096 exec/s: 577454 rss: 36Mb L: 22/34 MS: 5 EraseBytes-ChangeBit-ChangeBinInt-ChangeBit-ChangeBinInt-
#598322	REDUCE cov: 49 ft: 372 corp: 148/3279b lim: 4096 exec/s: 598322 rss: 36Mb L: 18/34 MS: 3 InsertByte-ChangeBinInt-EraseBytes-
#605509	NEW    cov: 49 ft: 374 corp: 149/3307b lim: 4096 exec/s: 605509 rss: 36Mb L: 28/34 MS: 2 ShuffleBytes-CopyPart-
#627201	REDUCE cov: 49 ft: 374 corp: 149/3302b lim: 4096 exec/s: 627201 rss: 36Mb L: 21/34 MS: 2 EraseBytes-ChangeBit-
#627602	NEW    cov: 49 ft: 378 corp: 150/3330b lim: 4096 exec/s: 627602 rss: 36Mb L: 28/34 MS: 1 CrossOver-
#650881	REDUCE cov: 49 ft: 378 corp: 150/3326b lim: 4096 exec/s: 650881 rss: 36Mb L: 24/34 MS: 4 EraseBytes-EraseBytes-PersAutoDict-CrossOver- DE: "X\000\000\000\000\000\000\000"-
#655248	REDUCE cov: 49 ft: 378 corp: 150/3324b lim: 4096 exec/s: 655248 rss: 36Mb L: 18/34 MS: 2 EraseBytes-InsertByte-
#657947	REDUCE cov: 49 ft: 378 corp: 150/3322b lim: 4096 exec/s: 657947 rss: 36Mb L: 24/34 MS: 4 ChangeByte-ChangeByte-CrossOver-EraseBytes-
#660140	REDUCE cov: 49 ft: 378 corp: 150/3320b lim: 4096 exec/s: 660140 rss: 36Mb L: 16/34 MS: 3 ShuffleBytes-InsertByte-EraseBytes-
#672322	REDUCE cov: 49 ft: 378 corp: 150/3317b lim: 4096 exec/s: 672322 rss: 36Mb L: 21/34 MS: 2 ChangeBit-EraseBytes-
#678351	REDUCE cov: 49 ft: 378 corp: 150/3311b lim: 4096 exec/s: 678351 rss: 36Mb L: 20/34 MS: 4 ChangeBit-PersAutoDict-ChangeBinInt-EraseBytes- DE: "\377\377\377\377"-
#679038	REDUCE cov: 49 ft: 378 corp: 150/3307b lim: 4096 exec/s: 679038 rss: 36Mb L: 22/34 MS: 2 EraseBytes-InsertRepeatedBytes-
#683850	REDUCE cov: 49 ft: 378 corp: 150/3305b lim: 4096 exec/s: 683850 rss: 36Mb L: 24/34 MS: 2 InsertByte-EraseBytes-
#703204	REDUCE cov: 49 ft: 378 corp: 150/3303b lim: 4096 exec/s: 703204 rss: 36Mb L: 21/34 MS: 4 ChangeBinInt-ChangeBinInt-ChangeByte-EraseBytes-
#704131	REDUCE cov: 49 ft: 378 corp: 150/3301b lim: 4096 exec/s: 704131 rss: 36Mb L: 20/34 MS: 2 EraseBytes-CopyPart-
#710899	REDUCE cov: 49 ft: 378 corp: 150/3300b lim: 4096 exec/s: 710899 rss: 36Mb L: 23/34 MS: 3 EraseBytes-PersAutoDict-ChangeBit- DE: "\377\377"-
#711700	NEW    cov: 49 ft: 380 corp: 151/3328b lim: 4096 exec/s: 711700 rss: 36Mb L: 28/34 MS: 1 CopyPart-
#713866	NEW    cov: 49 ft: 381 corp: 152/3356b lim: 4096 exec/s: 713866 rss: 36Mb L: 28/34 MS: 1 ChangeBit-
#727194	REDUCE cov: 49 ft: 381 corp: 152/3355b lim: 4096 exec/s: 727194 rss: 36Mb L: 22/34 MS: 3 InsertByte-ChangeByte-EraseBytes-
#758782	REDUCE cov: 49 ft: 381 corp: 152/3353b lim: 4096 exec/s: 758782 rss: 36Mb L: 24/34 MS: 3 EraseBytes-ChangeBit-ChangeBit-
#761394	REDUCE cov: 49 ft: 381 corp: 152/3351b lim: 4096 exec/s: 761394 rss: 36Mb L: 24/34 MS: 2 EraseBytes-CopyPart-
#770203	REDUCE cov: 49 ft: 381 corp: 152/3349b lim: 4096 exec/s: 770203 rss: 36Mb L: 22/34 MS: 4 ChangeBinInt-InsertByte-EraseBytes-CopyPart-
#787127	NEW    cov: 49 ft: 383 corp: 153/3377b lim: 4096 exec/s: 787127 rss: 36Mb L: 28/34 MS: 4 ChangeASCIIInt-ChangeBit-ChangeASCIIInt-ChangeBinInt-
#814694	REDUCE cov: 49 ft: 383 corp: 153/3375b lim: 4096 exec/s: 814694 rss: 36Mb L: 24/34 MS: 2 EraseBytes-InsertByte-
#839695	NEW    cov: 49 ft: 384 corp: 154/3408b lim: 4096 exec/s: 419847 rss: 36Mb L: 33/34 MS: 1 InsertRepeatedBytes-
#846589	REDUCE cov: 49 ft: 384 corp: 154/3406b lim: 4096 exec/s: 423294 rss: 36Mb L: 24/34 MS: 4 ChangeByte-EraseBytes-CMP-ChangeByte- DE: "\000A"-
#848601	REDUCE cov: 49 ft: 384 corp: 154/3402b lim: 4096 exec/s: 424300 rss: 36Mb L: 20/34 MS: 2 EraseBytes-PersAutoDict- DE: "\377\377"-
#869978	REDUCE cov: 49 ft: 384 corp: 154/3401b lim: 4096 exec/s: 434989 rss: 36Mb L: 32/34 MS: 2 InsertRepeatedBytes-EraseBytes-
#925541	REDUCE cov: 49 ft: 384 corp: 154/3397b lim: 4096 exec/s: 462770 rss: 36Mb L: 20/34 MS: 3 EraseBytes-CMP-ChangeBit- DE: "n\000\000\000"-
#927183	REDUCE cov: 49 ft: 384 corp: 154/3395b lim: 4096 exec/s: 463591 rss: 36Mb L: 20/34 MS: 2 EraseBytes-CMP- DE: "\377/"-
#931781	REDUCE cov: 49 ft: 384 corp: 154/3391b lim: 4096 exec/s: 465890 rss: 36Mb L: 24/34 MS: 3 ShuffleBytes-EraseBytes-ChangeByte-
#940979	REDUCE cov: 49 ft: 384 corp: 154/3389b lim: 4096 exec/s: 470489 rss: 36Mb L: 18/34 MS: 3 ChangeBit-ChangeByte-EraseBytes-
#950823	REDUCE cov: 49 ft: 384 corp: 154/3387b lim: 4096 exec/s: 475411 rss: 36Mb L: 24/34 MS: 4 ChangeBit-EraseBytes-ChangeASCIIInt-ChangeByte-
#959835	REDUCE cov: 49 ft: 384 corp: 154/3385b lim: 4096 exec/s: 479917 rss: 36Mb L: 22/34 MS: 2 EraseBytes-CopyPart-
#969424	REDUCE cov: 49 ft: 384 corp: 154/3383b lim: 4096 exec/s: 484712 rss: 36Mb L: 18/34 MS: 4 EraseBytes-ChangeBinInt-ChangeBit-ChangeByte-
#992558	REDUCE cov: 49 ft: 384 corp: 154/3377b lim: 4096 exec/s: 496279 rss: 36Mb L: 18/34 MS: 4 ChangeBit-ChangeByte-EraseBytes-PersAutoDict- DE: "\377\377\377\377"-
#993520	REDUCE cov: 49 ft: 384 corp: 154/3375b lim: 4096 exec/s: 496760 rss: 36Mb L: 22/34 MS: 2 EraseBytes-InsertByte-
#994373	NEW    cov: 49 ft: 385 corp: 155/3403b lim: 4096 exec/s: 497186 rss: 36Mb L: 28/34 MS: 3 ChangeBinInt-ChangeBit-ShuffleBytes-
#1002325	REDUCE cov: 49 ft: 385 corp: 155/3401b lim: 4096 exec/s: 501162 rss: 36Mb L: 26/34 MS: 2 InsertByte-EraseBytes-
#1035608	REDUCE cov: 49 ft: 385 corp: 155/3397b lim: 4096 exec/s: 517804 rss: 36Mb L: 20/34 MS: 3 PersAutoDict-InsertByte-EraseBytes- DE: "\377\377\377\377"-
#1043252	REDUCE cov: 49 ft: 385 corp: 155/3395b lim: 4096 exec/s: 521626 rss: 36Mb L: 22/34 MS: 4 ChangeBinInt-PersAutoDict-ShuffleBytes-EraseBytes- DE: "\377\377"-
#1079504	REDUCE cov: 49 ft: 385 corp: 155/3393b lim: 4096 exec/s: 539752 rss: 36Mb L: 18/34 MS: 2 EraseBytes-InsertByte-
#1128793	REDUCE cov: 49 ft: 385 corp: 155/3391b lim: 4096 exec/s: 564396 rss: 36Mb L: 22/34 MS: 4 CrossOver-CopyPart-ChangeBinInt-EraseBytes-
#1158984	NEW    cov: 49 ft: 386 corp: 156/3419b lim: 4096 exec/s: 579492 rss: 36Mb L: 28/34 MS: 1 ChangeASCIIInt-
#1178258	REDUCE cov: 49 ft: 386 corp: 156/3417b lim: 4096 exec/s: 589129 rss: 36Mb L: 22/34 MS: 4 InsertByte-ChangeBit-EraseBytes-ChangeBinInt-
#1299065	REDUCE cov: 49 ft: 386 corp: 156/3415b lim: 4096 exec/s: 433021 rss: 36Mb L: 18/34 MS: 2 CopyPart-EraseBytes-
#1321648	REDUCE cov: 49 ft: 386 corp: 156/3409b lim: 4096 exec/s: 440549 rss: 36Mb L: 16/34 MS: 3 EraseBytes-ChangeBit-ChangeBit-
#1424980	REDUCE cov: 49 ft: 386 corp: 156/3407b lim: 4096 exec/s: 474993 rss: 36Mb L: 20/34 MS: 2 EraseBytes-CopyPart-
#1426743	REDUCE cov: 49 ft: 386 corp: 156/3404b lim: 4096 exec/s: 475581 rss: 36Mb L: 19/34 MS: 3 EraseBytes-ChangeBit-InsertByte-
#1428763	NEW    cov: 49 ft: 388 corp: 157/3436b lim: 4096 exec/s: 476254 rss: 36Mb L: 32/34 MS: 5 ChangeBit-ShuffleBytes-PersAutoDict-PersAutoDict-CrossOver- DE: "\001\000"-"\377/"-
#1429511	REDUCE cov: 49 ft: 388 corp: 157/3428b lim: 4096 exec/s: 476503 rss: 36Mb L: 24/34 MS: 3 EraseBytes-ChangeBit-PersAutoDict- DE: "\377\377\377\377"-
#1449493	REDUCE cov: 49 ft: 388 corp: 157/3426b lim: 4096 exec/s: 483164 rss: 36Mb L: 22/34 MS: 2 EraseBytes-ChangeBit-
#1458800	NEW    cov: 49 ft: 392 corp: 158/3454b lim: 4096 exec/s: 486266 rss: 36Mb L: 28/34 MS: 2 ChangeASCIIInt-ChangeASCIIInt-
#1463038	REDUCE cov: 49 ft: 392 corp: 158/3453b lim: 4096 exec/s: 487679 rss: 36Mb L: 20/34 MS: 3 EraseBytes-InsertByte-InsertByte-
#1476918	REDUCE cov: 49 ft: 392 corp: 158/3451b lim: 4096 exec/s: 492306 rss: 36Mb L: 20/34 MS: 5 EraseBytes-ChangeBit-ChangeBinInt-ChangeBit-CrossOver-
#1486292	REDUCE cov: 49 ft: 392 corp: 158/3449b lim: 4096 exec/s: 495430 rss: 36Mb L: 20/34 MS: 4 ChangeASCIIInt-CMP-EraseBytes-ChangeBinInt- DE: "\000\000\000a"-
#1502799	REDUCE cov: 49 ft: 392 corp: 158/3447b lim: 4096 exec/s: 500933 rss: 36Mb L: 18/34 MS: 2 EraseBytes-CopyPart-
#1506296	REDUCE cov: 49 ft: 392 corp: 158/3445b lim: 4096 exec/s: 502098 rss: 36Mb L: 19/34 MS: 2 ChangeByte-EraseBytes-
#1516525	REDUCE cov: 49 ft: 392 corp: 158/3443b lim: 4096 exec/s: 505508 rss: 36Mb L: 24/34 MS: 4 ChangeBit-PersAutoDict-EraseBytes-ChangeBit- DE: "\001\000\000\000"-
#1531486	REDUCE cov: 49 ft: 392 corp: 158/3442b lim: 4096 exec/s: 510495 rss: 36Mb L: 18/34 MS: 1 EraseBytes-
#1550480	REDUCE cov: 49 ft: 392 corp: 158/3440b lim: 4096 exec/s: 516826 rss: 36Mb L: 16/34 MS: 4 ChangeASCIIInt-CopyPart-ChangeBit-EraseBytes-
#1598404	REDUCE cov: 49 ft: 392 corp: 158/3436b lim: 4096 exec/s: 532801 rss: 36Mb L: 22/34 MS: 4 ShuffleBytes-ShuffleBytes-PersAutoDict-EraseBytes- DE: "\377\377\377\377\377\377\377\024"-
#1613236	REDUCE cov: 49 ft: 392 corp: 158/3434b lim: 4096 exec/s: 537745 rss: 36Mb L: 20/34 MS: 2 ChangeBit-EraseBytes-
#1619967	REDUCE cov: 49 ft: 393 corp: 159/3455b lim: 4096 exec/s: 539989 rss: 36Mb L: 21/34 MS: 1 ChangeBit-
#1622283	NEW    cov: 49 ft: 394 corp: 160/3483b lim: 4096 exec/s: 540761 rss: 36Mb L: 28/34 MS: 1 ChangeASCIIInt-
#1661710	REDUCE cov: 49 ft: 394 corp: 160/3481b lim: 4096 exec/s: 553903 rss: 36Mb L: 22/34 MS: 2 ChangeBit-EraseBytes-
#1665922	REDUCE cov: 49 ft: 394 corp: 160/3479b lim: 4096 exec/s: 555307 rss: 36Mb L: 22/34 MS: 2 ChangeByte-EraseBytes-
#1670479	REDUCE cov: 49 ft: 394 corp: 160/3477b lim: 4096 exec/s: 556826 rss: 36Mb L: 18/34 MS: 2 InsertByte-EraseBytes-
#1744118	REDUCE cov: 49 ft: 394 corp: 160/3475b lim: 4096 exec/s: 436029 rss: 36Mb L: 19/34 MS: 4 InsertByte-ChangeByte-ChangeBit-EraseBytes-
#1744296	REDUCE cov: 49 ft: 394 corp: 160/3473b lim: 4096 exec/s: 436074 rss: 36Mb L: 18/34 MS: 3 EraseBytes-ShuffleBytes-PersAutoDict- DE: "\377/"-
#1746304	REDUCE cov: 49 ft: 394 corp: 160/3471b lim: 4096 exec/s: 436576 rss: 36Mb L: 22/34 MS: 3 EraseBytes-ChangeBit-ChangeBinInt-
#1861897	REDUCE cov: 49 ft: 394 corp: 160/3469b lim: 4096 exec/s: 465474 rss: 36Mb L: 20/34 MS: 3 ShuffleBytes-PersAutoDict-EraseBytes- DE: "\377\377\377\377"-
#1882194	REDUCE cov: 49 ft: 394 corp: 160/3467b lim: 4096 exec/s: 470548 rss: 36Mb L: 19/34 MS: 2 EraseBytes-CopyPart-
#1932676	REDUCE cov: 49 ft: 395 corp: 161/3483b lim: 4096 exec/s: 483169 rss: 36Mb L: 16/34 MS: 2 ChangeBit-ShuffleBytes-
#1934470	REDUCE cov: 49 ft: 395 corp: 161/3482b lim: 4096 exec/s: 483617 rss: 36Mb L: 15/34 MS: 4 ShuffleBytes-ChangeByte-ChangeBit-EraseBytes-
#1990035	REDUCE cov: 49 ft: 395 corp: 161/3480b lim: 4096 exec/s: 497508 rss: 36Mb L: 22/34 MS: 5 InsertByte-ShuffleBytes-ChangeASCIIInt-InsertByte-EraseBytes-
#2044647	REDUCE cov: 49 ft: 395 corp: 161/3478b lim: 4096 exec/s: 511161 rss: 36Mb L: 20/34 MS: 2 EraseBytes-CopyPart-
#2101264	REDUCE cov: 49 ft: 395 corp: 161/3476b lim: 4096 exec/s: 525316 rss: 36Mb L: 20/34 MS: 2 ChangeBinInt-EraseBytes-
#2101658	REDUCE cov: 49 ft: 395 corp: 161/3474b lim: 4096 exec/s: 525414 rss: 36Mb L: 22/34 MS: 4 InsertByte-ChangeBit-ChangeByte-EraseBytes-
#2115463	REDUCE cov: 49 ft: 395 corp: 161/3472b lim: 4096 exec/s: 528865 rss: 36Mb L: 22/34 MS: 5 CrossOver-EraseBytes-ChangeBit-InsertByte-ChangeBinInt-
#2129655	REDUCE cov: 49 ft: 395 corp: 161/3470b lim: 4096 exec/s: 532413 rss: 36Mb L: 20/34 MS: 2 EraseBytes-ChangeBit-
#2297172	REDUCE cov: 49 ft: 395 corp: 161/3468b lim: 4096 exec/s: 459434 rss: 36Mb L: 20/34 MS: 2 EraseBytes-CrossOver-
#2312739	REDUCE cov: 49 ft: 395 corp: 161/3466b lim: 4096 exec/s: 462547 rss: 36Mb L: 22/34 MS: 2 CopyPart-EraseBytes-
#2312897	REDUCE cov: 49 ft: 395 corp: 161/3464b lim: 4096 exec/s: 462579 rss: 36Mb L: 16/34 MS: 3 CopyPart-ShuffleBytes-EraseBytes-
#2358915	REDUCE cov: 49 ft: 395 corp: 161/3462b lim: 4096 exec/s: 471783 rss: 36Mb L: 22/34 MS: 3 EraseBytes-ChangeByte-EraseBytes-
#2360502	REDUCE cov: 49 ft: 395 corp: 161/3460b lim: 4096 exec/s: 472100 rss: 36Mb L: 22/34 MS: 2 ChangeByte-EraseBytes-
#2375106	REDUCE cov: 49 ft: 395 corp: 161/3458b lim: 4096 exec/s: 475021 rss: 36Mb L: 22/34 MS: 4 InsertByte-EraseBytes-ChangeByte-ChangeBinInt-
#2440153	NEW    cov: 49 ft: 396 corp: 162/3486b lim: 4096 exec/s: 488030 rss: 36Mb L: 28/34 MS: 2 ChangeBit-ChangeByte-
#2449102	REDUCE cov: 49 ft: 396 corp: 162/3484b lim: 4096 exec/s: 489820 rss: 36Mb L: 20/34 MS: 4 ChangeByte-EraseBytes-ChangeBit-InsertByte-
#2470759	NEW    cov: 49 ft: 397 corp: 163/3512b lim: 4096 exec/s: 494151 rss: 36Mb L: 28/34 MS: 2 ShuffleBytes-CopyPart-
#2481261	REDUCE cov: 49 ft: 397 corp: 163/3508b lim: 4096 exec/s: 496252 rss: 36Mb L: 16/34 MS: 2 ChangeBit-EraseBytes-
#2581783	REDUCE cov: 49 ft: 397 corp: 163/3506b lim: 4096 exec/s: 516356 rss: 36Mb L: 20/34 MS: 2 EraseBytes-InsertByte-
#2658640	REDUCE cov: 49 ft: 397 corp: 163/3504b lim: 4096 exec/s: 443106 rss: 36Mb L: 20/34 MS: 2 EraseBytes-PersAutoDict- DE: "\377/"-
#2695848	REDUCE cov: 49 ft: 397 corp: 163/3502b lim: 4096 exec/s: 449308 rss: 36Mb L: 17/34 MS: 3 CopyPart-ChangeBinInt-EraseBytes-
#2739970	REDUCE cov: 49 ft: 397 corp: 163/3500b lim: 4096 exec/s: 456661 rss: 36Mb L: 16/34 MS: 2 InsertByte-EraseBytes-
#2790808	REDUCE cov: 49 ft: 397 corp: 163/3494b lim: 4096 exec/s: 465134 rss: 36Mb L: 16/34 MS: 3 ChangeBinInt-CopyPart-EraseBytes-
#2952666	REDUCE cov: 49 ft: 397 corp: 163/3492b lim: 4096 exec/s: 492111 rss: 36Mb L: 20/34 MS: 3 CopyPart-ChangeBit-EraseBytes-
#3004206	REDUCE cov: 49 ft: 397 corp: 163/3490b lim: 4096 exec/s: 500701 rss: 36Mb L: 20/34 MS: 5 ShuffleBytes-ChangeASCIIInt-ChangeBinInt-CopyPart-EraseBytes-
#3053620	REDUCE cov: 49 ft: 397 corp: 163/3488b lim: 4096 exec/s: 436231 rss: 36Mb L: 22/34 MS: 4 EraseBytes-ChangeByte-ChangeByte-InsertByte-
#3066039	REDUCE cov: 49 ft: 397 corp: 163/3486b lim: 4096 exec/s: 438005 rss: 36Mb L: 18/34 MS: 4 ChangeASCIIInt-InsertByte-EraseBytes-ChangeBinInt-
#3071439	NEW    cov: 49 ft: 398 corp: 164/3514b lim: 4096 exec/s: 438777 rss: 36Mb L: 28/34 MS: 5 ChangeBit-CopyPart-ChangeBinInt-CrossOver-ChangeBit-
#3082741	REDUCE cov: 49 ft: 398 corp: 164/3512b lim: 4096 exec/s: 440391 rss: 36Mb L: 17/34 MS: 2 ChangeBinInt-EraseBytes-
#3093031	REDUCE cov: 49 ft: 398 corp: 164/3510b lim: 4096 exec/s: 441861 rss: 36Mb L: 20/34 MS: 5 CrossOver-InsertByte-InsertByte-ChangeBinInt-EraseBytes-
#3184401	REDUCE cov: 49 ft: 398 corp: 164/3509b lim: 4096 exec/s: 454914 rss: 36Mb L: 22/34 MS: 5 ShuffleBytes-InsertByte-CopyPart-CopyPart-EraseBytes-
#3241661	REDUCE cov: 49 ft: 398 corp: 164/3505b lim: 4096 exec/s: 463094 rss: 36Mb L: 18/34 MS: 5 ShuffleBytes-CopyPart-EraseBytes-PersAutoDict-ChangeBinInt- DE: "\000\000\000\000"-
#3250148	NEW    cov: 49 ft: 399 corp: 165/3533b lim: 4096 exec/s: 464306 rss: 36Mb L: 28/34 MS: 2 ChangeASCIIInt-ChangeBit-
#3468516	REDUCE cov: 49 ft: 399 corp: 165/3531b lim: 4096 exec/s: 495502 rss: 36Mb L: 15/34 MS: 3 ChangeBinInt-ChangeBit-EraseBytes-
#3508603	REDUCE cov: 49 ft: 399 corp: 165/3529b lim: 4096 exec/s: 438575 rss: 36Mb L: 16/34 MS: 2 EraseBytes-ChangeByte-
#3815835	REDUCE cov: 49 ft: 399 corp: 165/3525b lim: 4096 exec/s: 476979 rss: 36Mb L: 16/34 MS: 2 EraseBytes-ChangeBit-
#3872043	REDUCE cov: 49 ft: 399 corp: 165/3523b lim: 4096 exec/s: 484005 rss: 36Mb L: 20/34 MS: 3 EraseBytes-CrossOver-ChangeBinInt-
#3886748	REDUCE cov: 49 ft: 399 corp: 165/3521b lim: 4096 exec/s: 485843 rss: 36Mb L: 16/34 MS: 5 ChangeBinInt-ChangeBinInt-ChangeBinInt-ChangeASCIIInt-EraseBytes-
#3966750	REDUCE cov: 49 ft: 399 corp: 165/3519b lim: 4096 exec/s: 440750 rss: 36Mb L: 19/34 MS: 2 ChangeBit-EraseBytes-
#3987442	REDUCE cov: 49 ft: 399 corp: 165/3517b lim: 4096 exec/s: 443049 rss: 36Mb L: 17/34 MS: 2 ChangeBit-EraseBytes-
#4029171	REDUCE cov: 49 ft: 399 corp: 165/3514b lim: 4096 exec/s: 447685 rss: 36Mb L: 19/34 MS: 4 ChangeBit-InsertByte-ChangeASCIIInt-EraseBytes-
#4068495	REDUCE cov: 49 ft: 399 corp: 165/3510b lim: 4096 exec/s: 452055 rss: 36Mb L: 18/34 MS: 4 ChangeByte-EraseBytes-ShuffleBytes-PersAutoDict- DE: "\377\377\377\377"-
#4150908	REDUCE cov: 49 ft: 399 corp: 165/3507b lim: 4096 exec/s: 461212 rss: 36Mb L: 21/34 MS: 3 EraseBytes-ChangeBit-CrossOver-
#4179822	REDUCE cov: 49 ft: 399 corp: 165/3505b lim: 4096 exec/s: 464424 rss: 36Mb L: 18/34 MS: 4 ChangeASCIIInt-EraseBytes-InsertByte-InsertByte-
#4194304	pulse  cov: 49 ft: 399 corp: 165/3505b lim: 4096 exec/s: 466033 rss: 36Mb
#4202522	REDUCE cov: 49 ft: 399 corp: 165/3504b lim: 4096 exec/s: 466946 rss: 36Mb L: 15/34 MS: 5 ChangeByte-CrossOver-InsertByte-ChangeBit-EraseBytes-
#4299439	REDUCE cov: 49 ft: 399 corp: 165/3502b lim: 4096 exec/s: 477715 rss: 36Mb L: 22/34 MS: 2 PersAutoDict-EraseBytes- DE: "\377/"-
#4309852	REDUCE cov: 49 ft: 399 corp: 165/3500b lim: 4096 exec/s: 478872 rss: 36Mb L: 22/34 MS: 3 InsertByte-EraseBytes-CopyPart-
#4325234	REDUCE cov: 49 ft: 399 corp: 165/3498b lim: 4096 exec/s: 480581 rss: 36Mb L: 20/34 MS: 2 EraseBytes-InsertByte-
#4488106	REDUCE cov: 49 ft: 399 corp: 165/3496b lim: 4096 exec/s: 448810 rss: 36Mb L: 20/34 MS: 2 ChangeByte-EraseBytes-
#4488619	REDUCE cov: 49 ft: 399 corp: 165/3494b lim: 4096 exec/s: 448861 rss: 36Mb L: 18/34 MS: 3 ChangeASCIIInt-EraseBytes-PersAutoDict- DE: "\377\377\377\377"-
#4652502	REDUCE cov: 49 ft: 399 corp: 165/3489b lim: 4096 exec/s: 465250 rss: 36Mb L: 23/34 MS: 3 EraseBytes-ChangeBit-ChangeBinInt-
#4697145	REDUCE cov: 49 ft: 399 corp: 165/3487b lim: 4096 exec/s: 469714 rss: 36Mb L: 18/34 MS: 3 EraseBytes-ChangeByte-ChangeByte-
#4709901	REDUCE cov: 50 ft: 405 corp: 166/3510b lim: 4096 exec/s: 470990 rss: 36Mb L: 23/34 MS: 1 ChangeBinInt-
#4739738	REDUCE cov: 50 ft: 405 corp: 166/3508b lim: 4096 exec/s: 473973 rss: 36Mb L: 22/34 MS: 2 EraseBytes-ChangeByte-
#5162275	REDUCE cov: 50 ft: 405 corp: 166/3506b lim: 4096 exec/s: 469297 rss: 36Mb L: 18/34 MS: 2 EraseBytes-CMP- DE: "\377\377\377Y"-
#5454547	REDUCE cov: 50 ft: 405 corp: 166/3504b lim: 4096 exec/s: 454545 rss: 36Mb L: 20/34 MS: 2 InsertByte-EraseBytes-
#5506967	REDUCE cov: 50 ft: 405 corp: 166/3502b lim: 4096 exec/s: 458913 rss: 36Mb L: 16/34 MS: 5 InsertByte-ChangeByte-PersAutoDict-ChangeByte-EraseBytes- DE: "\377\377\377\377\377\377\377\024"-
#5603571	REDUCE cov: 50 ft: 405 corp: 166/3500b lim: 4096 exec/s: 466964 rss: 36Mb L: 17/34 MS: 4 InsertByte-ChangeBit-EraseBytes-InsertByte-
#5620394	REDUCE cov: 50 ft: 405 corp: 166/3498b lim: 4096 exec/s: 468366 rss: 36Mb L: 20/34 MS: 3 PersAutoDict-EraseBytes-ChangeBit- DE: "\001\000"-
#5741181	REDUCE cov: 50 ft: 405 corp: 166/3496b lim: 4096 exec/s: 441629 rss: 36Mb L: 18/34 MS: 2 EraseBytes-InsertByte-
#5880378	REDUCE cov: 50 ft: 405 corp: 166/3494b lim: 4096 exec/s: 452336 rss: 36Mb L: 18/34 MS: 2 PersAutoDict-EraseBytes- DE: "\377\377\377\377"-
#6232580	REDUCE cov: 50 ft: 405 corp: 166/3492b lim: 4096 exec/s: 445184 rss: 36Mb L: 18/34 MS: 2 CopyPart-EraseBytes-
#6437222	REDUCE cov: 50 ft: 405 corp: 166/3490b lim: 4096 exec/s: 459801 rss: 36Mb L: 17/34 MS: 2 InsertByte-EraseBytes-
#6438224	REDUCE cov: 50 ft: 405 corp: 166/3488b lim: 4096 exec/s: 459873 rss: 36Mb L: 20/34 MS: 2 ChangeByte-EraseBytes-
#6644108	REDUCE cov: 50 ft: 405 corp: 166/3487b lim: 4096 exec/s: 442940 rss: 36Mb L: 21/34 MS: 4 ChangeBinInt-EraseBytes-ShuffleBytes-PersAutoDict- DE: "\001\000\000\000"-
#6694790	REDUCE cov: 50 ft: 405 corp: 166/3485b lim: 4096 exec/s: 446319 rss: 36Mb L: 16/34 MS: 2 ChangeBit-EraseBytes-
#6846796	NEW    cov: 50 ft: 407 corp: 167/3513b lim: 4096 exec/s: 456453 rss: 36Mb L: 28/34 MS: 1 CopyPart-
#6996909	REDUCE cov: 50 ft: 407 corp: 167/3510b lim: 4096 exec/s: 437306 rss: 36Mb L: 17/34 MS: 3 ChangeBinInt-ShuffleBytes-EraseBytes-
#7142697	REDUCE cov: 50 ft: 407 corp: 167/3508b lim: 4096 exec/s: 446418 rss: 36Mb L: 17/34 MS: 3 CMP-PersAutoDict-EraseBytes- DE: "z\000"-"\377/"-
#7216255	REDUCE cov: 50 ft: 407 corp: 167/3506b lim: 4096 exec/s: 451015 rss: 36Mb L: 18/34 MS: 3 ChangeByte-PersAutoDict-EraseBytes- DE: "\377\377"-
#7474415	REDUCE cov: 50 ft: 407 corp: 167/3504b lim: 4096 exec/s: 439671 rss: 36Mb L: 18/34 MS: 5 ChangeASCIIInt-PersAutoDict-ChangeByte-ChangeByte-EraseBytes- DE: "\377\377\377Y"-
#7552998	REDUCE cov: 50 ft: 407 corp: 167/3502b lim: 4096 exec/s: 444294 rss: 36Mb L: 18/34 MS: 3 CrossOver-ChangeBinInt-EraseBytes-
#7632797	REDUCE cov: 50 ft: 407 corp: 167/3500b lim: 4096 exec/s: 448988 rss: 36Mb L: 22/34 MS: 4 ChangeByte-InsertByte-InsertByte-EraseBytes-
#7728141	REDUCE cov: 50 ft: 407 corp: 167/3495b lim: 4096 exec/s: 454596 rss: 36Mb L: 23/34 MS: 4 CopyPart-ChangeBinInt-ChangeByte-EraseBytes-
#7749524	REDUCE cov: 50 ft: 407 corp: 167/3494b lim: 4096 exec/s: 455854 rss: 36Mb L: 15/34 MS: 3 EraseBytes-ChangeBit-ChangeByte-
#7996942	REDUCE cov: 50 ft: 407 corp: 167/3493b lim: 4096 exec/s: 444274 rss: 36Mb L: 19/34 MS: 3 ChangeBit-EraseBytes-CopyPart-
#8130131	REDUCE cov: 50 ft: 407 corp: 167/3489b lim: 4096 exec/s: 451673 rss: 36Mb L: 20/34 MS: 4 PersAutoDict-PersAutoDict-ChangeBit-EraseBytes- DE: "\001o"-"\377\377\377\377"-
#8225754	REDUCE cov: 50 ft: 407 corp: 167/3487b lim: 4096 exec/s: 456986 rss: 36Mb L: 18/34 MS: 3 EraseBytes-ShuffleBytes-CopyPart-
#8388608	pulse  cov: 50 ft: 407 corp: 167/3487b lim: 4096 exec/s: 441505 rss: 36Mb
#8833064	REDUCE cov: 50 ft: 407 corp: 167/3485b lim: 4096 exec/s: 441653 rss: 36Mb L: 18/34 MS: 5 ChangeBit-ChangeByte-ChangeBinInt-ChangeBit-EraseBytes-
#8914293	REDUCE cov: 50 ft: 407 corp: 167/3484b lim: 4096 exec/s: 445714 rss: 36Mb L: 19/34 MS: 4 PersAutoDict-ChangeBit-EraseBytes-CopyPart- DE: "\000\000"-
#8993358	REDUCE cov: 50 ft: 407 corp: 167/3482b lim: 4096 exec/s: 449667 rss: 36Mb L: 16/34 MS: 5 PersAutoDict-ChangeASCIIInt-ChangeBit-ChangeByte-EraseBytes- DE: "\377\377\377\377\377\377\377\024"-
#9112201	REDUCE cov: 50 ft: 407 corp: 167/3480b lim: 4096 exec/s: 455610 rss: 36Mb L: 19/34 MS: 3 PersAutoDict-EraseBytes-ChangeBit- DE: "\000\000"-
#9701378	REDUCE cov: 50 ft: 407 corp: 167/3475b lim: 4096 exec/s: 440971 rss: 36Mb L: 23/34 MS: 2 ChangeByte-EraseBytes-
#9795493	REDUCE cov: 50 ft: 407 corp: 167/3473b lim: 4096 exec/s: 445249 rss: 36Mb L: 17/34 MS: 5 EraseBytes-CopyPart-ShuffleBytes-EraseBytes-ChangeByte-
#9878630	REDUCE cov: 50 ft: 407 corp: 167/3469b lim: 4096 exec/s: 449028 rss: 36Mb L: 20/34 MS: 2 EraseBytes-CrossOver-
#10033608	REDUCE cov: 50 ft: 407 corp: 167/3468b lim: 4096 exec/s: 456073 rss: 36Mb L: 17/34 MS: 3 ChangeBit-EraseBytes-InsertByte-
#10080381	REDUCE cov: 50 ft: 407 corp: 167/3466b lim: 4096 exec/s: 438277 rss: 36Mb L: 15/34 MS: 3 CMP-ChangeBit-EraseBytes- DE: "\377\377\377b"-
#10165653	REDUCE cov: 50 ft: 407 corp: 167/3464b lim: 4096 exec/s: 441984 rss: 36Mb L: 16/34 MS: 2 EraseBytes-PersAutoDict- DE: "\377\377\377\377"-
#10172440	REDUCE cov: 50 ft: 407 corp: 167/3462b lim: 4096 exec/s: 442280 rss: 36Mb L: 20/34 MS: 2 EraseBytes-InsertByte-
#10708684	REDUCE cov: 50 ft: 407 corp: 167/3460b lim: 4096 exec/s: 446195 rss: 36Mb L: 18/34 MS: 4 ChangeBinInt-InsertRepeatedBytes-ChangeByte-EraseBytes-
#10817441	REDUCE cov: 50 ft: 407 corp: 167/3456b lim: 4096 exec/s: 450726 rss: 36Mb L: 16/34 MS: 2 ChangeByte-EraseBytes-
#10976003	NEW    cov: 50 ft: 408 corp: 168/3485b lim: 4096 exec/s: 439040 rss: 36Mb L: 29/34 MS: 2 InsertByte-CrossOver-
#11046351	REDUCE cov: 50 ft: 408 corp: 168/3481b lim: 4096 exec/s: 441854 rss: 36Mb L: 16/34 MS: 3 ChangeByte-PersAutoDict-EraseBytes- DE: "\001o"-
#11408558	REDUCE cov: 50 ft: 408 corp: 168/3480b lim: 4096 exec/s: 438790 rss: 36Mb L: 17/34 MS: 2 EraseBytes-ChangeBit-
#11443659	REDUCE cov: 50 ft: 408 corp: 168/3479b lim: 4096 exec/s: 440140 rss: 36Mb L: 28/34 MS: 1 EraseBytes-
#11459816	REDUCE cov: 50 ft: 408 corp: 168/3477b lim: 4096 exec/s: 440762 rss: 36Mb L: 17/34 MS: 2 EraseBytes-InsertByte-
#11529575	REDUCE cov: 50 ft: 408 corp: 168/3469b lim: 4096 exec/s: 443445 rss: 36Mb L: 16/34 MS: 4 PersAutoDict-ChangeByte-CopyPart-EraseBytes- DE: "\377\377\377\377"-
#12032093	REDUCE cov: 50 ft: 408 corp: 168/3466b lim: 4096 exec/s: 445633 rss: 36Mb L: 15/34 MS: 3 ShuffleBytes-EraseBytes-ChangeBit-
#12137746	REDUCE cov: 50 ft: 408 corp: 168/3464b lim: 4096 exec/s: 449546 rss: 36Mb L: 19/34 MS: 3 PersAutoDict-CMP-EraseBytes- DE: "\377\377\377Y"-"\000\000\000\000\000\000\000\034"-
#12353234	REDUCE cov: 50 ft: 408 corp: 168/3462b lim: 4096 exec/s: 441186 rss: 36Mb L: 20/34 MS: 3 EraseBytes-ChangeBit-PersAutoDict- DE: "\377\377\377b"-
#12636085	REDUCE cov: 50 ft: 408 corp: 168/3461b lim: 4096 exec/s: 451288 rss: 36Mb L: 18/34 MS: 1 EraseBytes-
#12885082	NEW    cov: 50 ft: 409 corp: 169/3489b lim: 4096 exec/s: 444313 rss: 36Mb L: 28/34 MS: 2 ChangeBit-ChangeBit-
#13182435	REDUCE cov: 50 ft: 409 corp: 169/3487b lim: 4096 exec/s: 439414 rss: 36Mb L: 18/34 MS: 3 ChangeByte-EraseBytes-ChangeByte-
#13265277	NEW    cov: 50 ft: 412 corp: 170/3505b lim: 4096 exec/s: 442175 rss: 36Mb L: 18/34 MS: 2 EraseBytes-ChangeBinInt-
#13565325	REDUCE cov: 50 ft: 414 corp: 171/3533b lim: 4096 exec/s: 437591 rss: 36Mb L: 28/34 MS: 3 CopyPart-ShuffleBytes-ChangeBit-
#13579331	NEW    cov: 50 ft: 415 corp: 172/3561b lim: 4096 exec/s: 438042 rss: 36Mb L: 28/34 MS: 1 ChangeBit-
#13721212	NEW    cov: 50 ft: 416 corp: 173/3589b lim: 4096 exec/s: 442619 rss: 36Mb L: 28/34 MS: 1 ChangeBit-
#14865726	REDUCE cov: 50 ft: 416 corp: 173/3588b lim: 4096 exec/s: 450476 rss: 36Mb L: 15/34 MS: 4 InsertByte-ChangeBinInt-EraseBytes-ChangeBit-
#15677719	REDUCE cov: 50 ft: 416 corp: 173/3586b lim: 4096 exec/s: 447934 rss: 36Mb L: 18/34 MS: 3 InsertByte-CrossOver-EraseBytes-
#15791098	REDUCE cov: 50 ft: 416 corp: 173/3584b lim: 4096 exec/s: 438641 rss: 36Mb L: 18/34 MS: 4 CMP-ShuffleBytes-CMP-EraseBytes- DE: "\377\377\377x"-"d\000"-
#16366881	REDUCE cov: 50 ft: 416 corp: 173/3582b lim: 4096 exec/s: 442348 rss: 36Mb L: 17/34 MS: 3 CMP-ChangeBinInt-EraseBytes- DE: "\000o"-
#16655546	REDUCE cov: 50 ft: 416 corp: 173/3580b lim: 4096 exec/s: 438303 rss: 36Mb L: 26/34 MS: 5 CrossOver-ChangeBinInt-EraseBytes-ShuffleBytes-InsertByte-
#17137766	REDUCE cov: 50 ft: 416 corp: 173/3577b lim: 4096 exec/s: 439429 rss: 36Mb L: 23/34 MS: 5 EraseBytes-ChangeByte-CMP-ChangeByte-ChangeBit- DE: "\016\000\000\000\000\000\000\000"-
#17423035	REDUCE cov: 50 ft: 417 corp: 174/3592b lim: 4096 exec/s: 446744 rss: 37Mb L: 15/34 MS: 4 ChangeByte-CrossOver-ShuffleBytes-EraseBytes-
#17601199	REDUCE cov: 50 ft: 417 corp: 174/3591b lim: 4096 exec/s: 440029 rss: 37Mb L: 19/34 MS: 4 ShuffleBytes-EraseBytes-ChangeBit-ChangeByte-
#17895658	REDUCE cov: 50 ft: 417 corp: 174/3589b lim: 4096 exec/s: 447391 rss: 37Mb L: 21/34 MS: 4 ChangeByte-CopyPart-ChangeBit-EraseBytes-
#18313655	REDUCE cov: 50 ft: 417 corp: 174/3587b lim: 4096 exec/s: 446674 rss: 37Mb L: 15/34 MS: 2 ChangeByte-EraseBytes-
#18320269	REDUCE cov: 50 ft: 417 corp: 174/3585b lim: 4096 exec/s: 446835 rss: 37Mb L: 15/34 MS: 4 ShuffleBytes-PersAutoDict-CrossOver-EraseBytes- DE: "d\000"-
#19138800	NEW    cov: 50 ft: 420 corp: 175/3600b lim: 4096 exec/s: 445088 rss: 37Mb L: 15/34 MS: 1 CrossOver-
panic: found special char in iban [recovered]
	panic: found special char in iban

goroutine 17 [running, locked to thread]:
git.ultraware.nl/iddinkgroep/fundament-api.Fuzz.func1()
	git.ultraware.nl/iddinkgroep/fundament-api/fuzz.go:19 +0xa5
panic({0x55d6b0aab760?, 0x55d6b0abec70?})
	runtime/panic.go:914 +0x21f
git.ultraware.nl/iddinkgroep/fundament-api.Fuzz({0xc000141c40, 0xf})
	git.ultraware.nl/iddinkgroep/fundament-api/fuzz.go:34 +0x2b9
git.ultraware.nl/iddinkgroep/fundament-api.Fuzz_(...)
	git.ultraware.nl/iddinkgroep/fundament-api/fuzz.1527825026.go:6
main.LLVMFuzzerTestOneInput(...)
	./main.170485750.go:21
==22264== ERROR: libFuzzer: deadly signal
    #0 0x55d6b09ce630 in __sanitizer_print_stack_trace (/seedai/experiments/libfuzzer/source_iban/libfuzzer+0xaf630) (BuildId: 688cb25bec4564588da2a67f6a2b25148a0fd5d4)
    #1 0x55d6b099a755 in fuzzer::PrintStackTrace() (/seedai/experiments/libfuzzer/source_iban/libfuzzer+0x7b755) (BuildId: 688cb25bec4564588da2a67f6a2b25148a0fd5d4)
    #2 0x55d6b09793a9 in fuzzer::Fuzzer::CrashCallback() (.part.0) FuzzerLoop.cpp.o
    #3 0x55d6b097946a in fuzzer::Fuzzer::StaticCrashSignalCallback() (/seedai/experiments/libfuzzer/source_iban/libfuzzer+0x5a46a) (BuildId: 688cb25bec4564588da2a67f6a2b25148a0fd5d4)
    #4 0x7f0cb727d70f  (/usr/lib/libc.so.6+0x3e70f) (BuildId: 316d0d3666387f0e8fb98773f51aa1801027c5ab)
    #5 0x55d6b0a2e160 in runtime.raise.abi0 runtime/sys_linux_amd64.s:153

NOTE: libFuzzer has rudimentary signal handlers.
      Combine libFuzzer with AddressSanitizer or similar for better crash reports.
SUMMARY: libFuzzer: deadly signal
MS: 1 ChangeBinInt-; base unit: 9c3b61a44a10afe34813809f530705009a303db9
0x4e,0x6f,0x30,0x30,0x2d,0x30,0x30,0x30,0x30,0x30,0x30,0x30,0x30,0x61,0x41,
No00-00000000aA
artifact_prefix='./'; Test unit written to ./crash-e66637dabe4d327f359a2129bc7b5db7b8575bc8
Base64: Tm8wMC0wMDAwMDAwMGFB
