INFO: Running with entropic power schedule (0xFF, 100).
INFO: Seed: 2619452778
INFO: Loaded 1 modules   (70 inline 8-bit counters): 70 [0x556a2b755030, 0x556a2b755076), 
INFO: Loaded 1 PC tables (70 PCs): 70 [0xc000068000,0xc000068460), 
INFO:        9 files found in corpus
INFO: -max_len is not provided; libFuzzer will not generate inputs larger than 4096 bytes
INFO: seed corpus: files: 9 min: 5b max: 795b total: 1483b rss: 29Mb
#10	INITED cov: 9 ft: 21 corp: 4/35b exec/s: 0 rss: 29Mb
#27	NEW    cov: 9 ft: 22 corp: 5/43b lim: 13 exec/s: 0 rss: 29Mb L: 8/13 MS: 2 CMP-EraseBytes- DE: "\000\000\000\000"-
#84	NEW    cov: 9 ft: 24 corp: 6/45b lim: 13 exec/s: 0 rss: 29Mb L: 2/13 MS: 2 ChangeByte-CrossOver-
#253	REDUCE cov: 9 ft: 24 corp: 6/42b lim: 13 exec/s: 0 rss: 29Mb L: 3/13 MS: 4 ChangeBinInt-CMP-CopyPart-EraseBytes- DE: "\001\000"-
#273	REDUCE cov: 9 ft: 24 corp: 6/36b lim: 13 exec/s: 0 rss: 29Mb L: 2/13 MS: 5 ShuffleBytes-CopyPart-InsertByte-CopyPart-CrossOver-
#385	REDUCE cov: 9 ft: 24 corp: 6/35b lim: 13 exec/s: 0 rss: 30Mb L: 1/13 MS: 2 ChangeBinInt-EraseBytes-
#698	NEW    cov: 11 ft: 30 corp: 7/50b lim: 16 exec/s: 0 rss: 30Mb L: 15/15 MS: 3 InsertRepeatedBytes-ChangeBinInt-InsertRepeatedBytes-
#703	REDUCE cov: 11 ft: 32 corp: 8/66b lim: 16 exec/s: 0 rss: 30Mb L: 16/16 MS: 5 CopyPart-ShuffleBytes-CrossOver-CMP-InsertByte- DE: "\377\377\377\377"-
#709	NEW    cov: 11 ft: 33 corp: 9/80b lim: 16 exec/s: 0 rss: 30Mb L: 14/16 MS: 1 EraseBytes-
#1115	NEW    cov: 11 ft: 35 corp: 10/100b lim: 20 exec/s: 0 rss: 30Mb L: 20/20 MS: 1 PersAutoDict- DE: "\000\000\000\000"-
#1936	NEW    cov: 11 ft: 36 corp: 11/127b lim: 28 exec/s: 0 rss: 30Mb L: 27/27 MS: 1 CopyPart-
#2359	REDUCE cov: 11 ft: 37 corp: 12/156b lim: 32 exec/s: 0 rss: 30Mb L: 29/29 MS: 3 CopyPart-InsertRepeatedBytes-EraseBytes-
#2454	NEW    cov: 11 ft: 38 corp: 13/188b lim: 32 exec/s: 0 rss: 30Mb L: 32/32 MS: 5 ChangeBit-ChangeBit-ChangeByte-CMP-InsertRepeatedBytes- DE: "\001\000"-
#2967	NEW    cov: 11 ft: 40 corp: 14/222b lim: 37 exec/s: 0 rss: 30Mb L: 34/34 MS: 3 ChangeByte-CopyPart-InsertRepeatedBytes-
#2982	NEW    cov: 11 ft: 41 corp: 15/255b lim: 37 exec/s: 0 rss: 30Mb L: 33/34 MS: 5 CrossOver-EraseBytes-CopyPart-EraseBytes-InsertRepeatedBytes-
#3757	NEW    cov: 13 ft: 47 corp: 16/285b lim: 42 exec/s: 0 rss: 30Mb L: 30/34 MS: 5 ChangeByte-CopyPart-EraseBytes-ChangeBinInt-InsertByte-
#3758	NEW    cov: 13 ft: 48 corp: 17/315b lim: 42 exec/s: 0 rss: 30Mb L: 30/34 MS: 1 ChangeByte-
#3809	NEW    cov: 13 ft: 49 corp: 18/346b lim: 42 exec/s: 0 rss: 30Mb L: 31/34 MS: 1 InsertByte-
#3815	NEW    cov: 13 ft: 50 corp: 19/377b lim: 42 exec/s: 0 rss: 30Mb L: 31/34 MS: 1 PersAutoDict- DE: "\000\000\000\000"-
#3818	NEW    cov: 13 ft: 51 corp: 20/394b lim: 42 exec/s: 0 rss: 30Mb L: 17/34 MS: 3 ChangeBinInt-ChangeByte-EraseBytes-
#3875	NEW    cov: 13 ft: 52 corp: 21/410b lim: 42 exec/s: 0 rss: 30Mb L: 16/34 MS: 2 CopyPart-EraseBytes-
#3974	REDUCE cov: 13 ft: 52 corp: 21/401b lim: 42 exec/s: 0 rss: 30Mb L: 22/34 MS: 4 ChangeBit-ChangeByte-EraseBytes-ChangeByte-
#3975	NEW    cov: 13 ft: 53 corp: 22/416b lim: 42 exec/s: 0 rss: 30Mb L: 15/34 MS: 1 EraseBytes-
#4023	NEW    cov: 13 ft: 54 corp: 23/450b lim: 42 exec/s: 0 rss: 30Mb L: 34/34 MS: 3 PersAutoDict-InsertRepeatedBytes-ChangeBinInt- DE: "\377\377\377\377"-
#4049	NEW    cov: 13 ft: 55 corp: 24/466b lim: 42 exec/s: 0 rss: 30Mb L: 16/34 MS: 1 CrossOver-
#4345	REDUCE cov: 25 ft: 104 corp: 25/488b lim: 42 exec/s: 0 rss: 30Mb L: 22/34 MS: 1 CopyPart-
#4393	REDUCE cov: 25 ft: 104 corp: 25/484b lim: 42 exec/s: 0 rss: 31Mb L: 18/34 MS: 3 ChangeByte-EraseBytes-InsertByte-
#4426	REDUCE cov: 25 ft: 104 corp: 25/479b lim: 42 exec/s: 0 rss: 31Mb L: 25/34 MS: 3 ChangeBinInt-ChangeByte-CrossOver-
#4568	REDUCE cov: 25 ft: 104 corp: 25/478b lim: 42 exec/s: 0 rss: 31Mb L: 30/34 MS: 2 ChangeBit-EraseBytes-
#4587	REDUCE cov: 25 ft: 104 corp: 25/477b lim: 42 exec/s: 0 rss: 31Mb L: 31/34 MS: 4 PersAutoDict-ChangeByte-EraseBytes-InsertByte- DE: "\377\377\377\377"-
#4594	NEW    cov: 25 ft: 105 corp: 26/494b lim: 42 exec/s: 0 rss: 31Mb L: 17/34 MS: 2 CrossOver-InsertByte-
#4602	NEW    cov: 25 ft: 110 corp: 27/511b lim: 42 exec/s: 0 rss: 31Mb L: 17/34 MS: 3 ChangeBit-ChangeBit-ChangeByte-
#4737	REDUCE cov: 25 ft: 110 corp: 27/510b lim: 42 exec/s: 0 rss: 31Mb L: 21/34 MS: 5 CopyPart-InsertByte-PersAutoDict-EraseBytes-ChangeBinInt- DE: "\377\377\377\377"-
#4825	NEW    cov: 25 ft: 111 corp: 28/527b lim: 42 exec/s: 0 rss: 31Mb L: 17/34 MS: 3 ShuffleBytes-ChangeByte-ChangeBit-
#5120	NEW    cov: 25 ft: 113 corp: 29/548b lim: 42 exec/s: 0 rss: 31Mb L: 21/34 MS: 5 ChangeBinInt-ShuffleBytes-ChangeByte-InsertRepeatedBytes-EraseBytes-
#5389	REDUCE cov: 25 ft: 113 corp: 29/541b lim: 42 exec/s: 0 rss: 31Mb L: 23/34 MS: 4 ChangeBit-ChangeByte-InsertRepeatedBytes-EraseBytes-
#5395	NEW    cov: 25 ft: 114 corp: 30/558b lim: 42 exec/s: 0 rss: 31Mb L: 17/34 MS: 1 CopyPart-
#5557	NEW    cov: 25 ft: 115 corp: 31/573b lim: 42 exec/s: 0 rss: 31Mb L: 15/34 MS: 2 ShuffleBytes-EraseBytes-
#5720	REDUCE cov: 25 ft: 115 corp: 31/571b lim: 42 exec/s: 0 rss: 31Mb L: 16/34 MS: 3 CrossOver-EraseBytes-ChangeByte-
#6028	REDUCE cov: 25 ft: 116 corp: 32/592b lim: 42 exec/s: 0 rss: 31Mb L: 21/34 MS: 3 CrossOver-CMP-InsertByte- DE: "\000\000\000\000"-
#6720	NEW    cov: 25 ft: 117 corp: 33/608b lim: 47 exec/s: 0 rss: 31Mb L: 16/34 MS: 2 EraseBytes-InsertByte-
#7016	NEW    cov: 25 ft: 118 corp: 34/625b lim: 47 exec/s: 0 rss: 31Mb L: 17/34 MS: 1 ChangeBit-
#7066	REDUCE cov: 25 ft: 118 corp: 34/615b lim: 47 exec/s: 0 rss: 31Mb L: 15/34 MS: 5 CrossOver-CopyPart-CopyPart-EraseBytes-EraseBytes-
#7161	REDUCE cov: 25 ft: 118 corp: 34/613b lim: 47 exec/s: 0 rss: 31Mb L: 15/34 MS: 5 ShuffleBytes-EraseBytes-CMP-ChangeBinInt-InsertByte- DE: "\377\377"-
#7189	REDUCE cov: 25 ft: 118 corp: 34/609b lim: 47 exec/s: 0 rss: 31Mb L: 19/34 MS: 3 ChangeBit-EraseBytes-PersAutoDict- DE: "\001\000"-
#8010	REDUCE cov: 25 ft: 118 corp: 34/607b lim: 52 exec/s: 0 rss: 31Mb L: 15/34 MS: 1 EraseBytes-
#8606	REDUCE cov: 25 ft: 120 corp: 35/622b lim: 57 exec/s: 0 rss: 31Mb L: 15/34 MS: 1 ChangeByte-
#8798	REDUCE cov: 25 ft: 120 corp: 35/616b lim: 57 exec/s: 0 rss: 32Mb L: 24/34 MS: 2 CrossOver-EraseBytes-
#8856	REDUCE cov: 25 ft: 121 corp: 36/633b lim: 57 exec/s: 0 rss: 32Mb L: 17/34 MS: 3 CrossOver-PersAutoDict-CrossOver- DE: "\001\000"-
#11277	REDUCE cov: 25 ft: 121 corp: 36/632b lim: 79 exec/s: 0 rss: 32Mb L: 20/34 MS: 1 EraseBytes-
#12212	REDUCE cov: 25 ft: 121 corp: 36/630b lim: 85 exec/s: 0 rss: 32Mb L: 22/34 MS: 5 EraseBytes-CopyPart-ChangeBinInt-InsertByte-CMP- DE: "\377\377\377\377\377\377\377\024"-
#12959	REDUCE cov: 25 ft: 121 corp: 36/627b lim: 91 exec/s: 0 rss: 32Mb L: 19/34 MS: 2 EraseBytes-PersAutoDict- DE: "\001\000"-
#13626	NEW    cov: 25 ft: 122 corp: 37/644b lim: 97 exec/s: 0 rss: 33Mb L: 17/34 MS: 2 ShuffleBytes-ChangeBinInt-
#13647	NEW    cov: 25 ft: 123 corp: 38/660b lim: 97 exec/s: 0 rss: 33Mb L: 16/34 MS: 1 ChangeBit-
#15158	NEW    cov: 25 ft: 124 corp: 39/677b lim: 109 exec/s: 0 rss: 33Mb L: 17/34 MS: 1 ChangeByte-
#15550	NEW    cov: 30 ft: 142 corp: 40/698b lim: 109 exec/s: 0 rss: 33Mb L: 21/34 MS: 2 EraseBytes-InsertRepeatedBytes-
#16743	REDUCE cov: 30 ft: 142 corp: 40/697b lim: 115 exec/s: 0 rss: 33Mb L: 15/34 MS: 3 ChangeBit-EraseBytes-PersAutoDict- DE: "\377\377\377\377"-
#16884	REDUCE cov: 30 ft: 142 corp: 40/696b lim: 115 exec/s: 0 rss: 33Mb L: 18/34 MS: 1 EraseBytes-
#17567	REDUCE cov: 30 ft: 142 corp: 40/694b lim: 121 exec/s: 0 rss: 33Mb L: 16/34 MS: 3 CopyPart-EraseBytes-CrossOver-
#18125	REDUCE cov: 30 ft: 142 corp: 40/692b lim: 121 exec/s: 0 rss: 34Mb L: 15/34 MS: 3 ChangeBit-PersAutoDict-EraseBytes- DE: "\001\000"-
#20307	NEW    cov: 30 ft: 143 corp: 41/707b lim: 140 exec/s: 0 rss: 34Mb L: 15/34 MS: 2 CopyPart-PersAutoDict- DE: "\377\377\377\377"-
#20778	NEW    cov: 30 ft: 146 corp: 42/728b lim: 140 exec/s: 0 rss: 34Mb L: 21/34 MS: 1 ChangeBit-
#21534	NEW    cov: 30 ft: 154 corp: 43/749b lim: 147 exec/s: 0 rss: 34Mb L: 21/34 MS: 1 ChangeBit-
#21692	NEW    cov: 30 ft: 158 corp: 44/770b lim: 147 exec/s: 0 rss: 34Mb L: 21/34 MS: 3 ShuffleBytes-ChangeBit-ChangeByte-
#21964	NEW    cov: 30 ft: 168 corp: 45/793b lim: 147 exec/s: 0 rss: 34Mb L: 23/34 MS: 2 CopyPart-CMP- DE: "\000\000"-
#22491	REDUCE cov: 30 ft: 168 corp: 45/791b lim: 147 exec/s: 0 rss: 34Mb L: 15/34 MS: 2 ChangeBit-EraseBytes-
#22845	REDUCE cov: 30 ft: 168 corp: 45/788b lim: 147 exec/s: 0 rss: 34Mb L: 16/34 MS: 4 EraseBytes-InsertByte-ChangeBinInt-InsertByte-
#22856	NEW    cov: 30 ft: 170 corp: 46/811b lim: 147 exec/s: 0 rss: 34Mb L: 23/34 MS: 1 CopyPart-
#23482	NEW    cov: 30 ft: 172 corp: 47/832b lim: 147 exec/s: 0 rss: 34Mb L: 21/34 MS: 1 ChangeBinInt-
#23623	REDUCE cov: 30 ft: 172 corp: 47/831b lim: 147 exec/s: 0 rss: 34Mb L: 15/34 MS: 1 EraseBytes-
#24234	NEW    cov: 30 ft: 177 corp: 48/854b lim: 147 exec/s: 0 rss: 34Mb L: 23/34 MS: 1 CopyPart-
#25021	NEW    cov: 30 ft: 179 corp: 49/875b lim: 154 exec/s: 0 rss: 34Mb L: 21/34 MS: 2 ChangeBinInt-ChangeBit-
#25212	NEW    cov: 30 ft: 181 corp: 50/896b lim: 154 exec/s: 0 rss: 34Mb L: 21/34 MS: 1 ChangeBit-
#25310	NEW    cov: 30 ft: 183 corp: 51/918b lim: 154 exec/s: 0 rss: 34Mb L: 22/34 MS: 3 ShuffleBytes-ChangeByte-InsertByte-
#25318	NEW    cov: 30 ft: 185 corp: 52/939b lim: 154 exec/s: 0 rss: 34Mb L: 21/34 MS: 3 CopyPart-ChangeBit-ChangeBit-
#25494	NEW    cov: 30 ft: 186 corp: 53/962b lim: 154 exec/s: 0 rss: 34Mb L: 23/34 MS: 1 ChangeBit-
#25546	REDUCE cov: 30 ft: 187 corp: 54/981b lim: 154 exec/s: 0 rss: 34Mb L: 19/34 MS: 2 PersAutoDict-CrossOver- DE: "\377\377"-
#27057	NEW    cov: 30 ft: 189 corp: 55/1004b lim: 168 exec/s: 0 rss: 34Mb L: 23/34 MS: 1 ShuffleBytes-
#27519	NEW    cov: 30 ft: 191 corp: 56/1025b lim: 168 exec/s: 0 rss: 35Mb L: 21/34 MS: 2 ChangeBinInt-ChangeBinInt-
#28170	NEW    cov: 30 ft: 193 corp: 57/1048b lim: 168 exec/s: 0 rss: 35Mb L: 23/34 MS: 1 ShuffleBytes-
#28598	REDUCE cov: 30 ft: 194 corp: 58/1063b lim: 168 exec/s: 0 rss: 35Mb L: 15/34 MS: 3 ChangeBinInt-ChangeByte-PersAutoDict- DE: "\000\000"-
#29574	NEW    cov: 30 ft: 196 corp: 59/1084b lim: 175 exec/s: 0 rss: 35Mb L: 21/34 MS: 1 ChangeBit-
#30476	NEW    cov: 31 ft: 201 corp: 60/1105b lim: 182 exec/s: 0 rss: 35Mb L: 21/34 MS: 2 ChangeBit-ChangeByte-
#30932	REDUCE cov: 31 ft: 201 corp: 60/1104b lim: 182 exec/s: 0 rss: 35Mb L: 18/34 MS: 1 EraseBytes-
#32558	NEW    cov: 31 ft: 202 corp: 61/1125b lim: 196 exec/s: 0 rss: 35Mb L: 21/34 MS: 1 ChangeByte-
#33804	NEW    cov: 31 ft: 203 corp: 62/1146b lim: 203 exec/s: 0 rss: 35Mb L: 21/34 MS: 1 ChangeByte-
#34097	REDUCE cov: 31 ft: 203 corp: 62/1145b lim: 203 exec/s: 0 rss: 35Mb L: 17/34 MS: 3 ChangeBinInt-CopyPart-EraseBytes-
#37684	NEW    cov: 31 ft: 204 corp: 63/1166b lim: 238 exec/s: 0 rss: 35Mb L: 21/34 MS: 2 ShuffleBytes-ChangeBit-
#37897	NEW    cov: 31 ft: 205 corp: 64/1187b lim: 238 exec/s: 0 rss: 35Mb L: 21/34 MS: 3 ChangeBit-ChangeByte-ShuffleBytes-
#39263	NEW    cov: 31 ft: 206 corp: 65/1208b lim: 245 exec/s: 0 rss: 35Mb L: 21/34 MS: 1 ChangeBit-
#42439	NEW    cov: 31 ft: 207 corp: 66/1229b lim: 275 exec/s: 0 rss: 35Mb L: 21/34 MS: 1 ChangeBinInt-
#44419	REDUCE cov: 31 ft: 207 corp: 66/1219b lim: 291 exec/s: 0 rss: 35Mb L: 24/34 MS: 5 CMP-InsertByte-EraseBytes-PersAutoDict-CMP- DE: "\377\377\377\377"-"\000\000"-"\000\000\000\000"-
#45385	NEW    cov: 31 ft: 208 corp: 67/1240b lim: 299 exec/s: 0 rss: 35Mb L: 21/34 MS: 1 ShuffleBytes-
#47011	NEW    cov: 31 ft: 209 corp: 68/1261b lim: 315 exec/s: 0 rss: 35Mb L: 21/34 MS: 1 ChangeByte-
#50587	REDUCE cov: 31 ft: 209 corp: 68/1260b lim: 347 exec/s: 0 rss: 35Mb L: 20/34 MS: 1 EraseBytes-
#53538	NEW    cov: 31 ft: 210 corp: 69/1281b lim: 371 exec/s: 0 rss: 35Mb L: 21/34 MS: 1 ChangeByte-
#53764	NEW    cov: 31 ft: 211 corp: 70/1302b lim: 371 exec/s: 0 rss: 35Mb L: 21/34 MS: 1 ChangeByte-
#54390	NEW    cov: 31 ft: 212 corp: 71/1323b lim: 371 exec/s: 0 rss: 35Mb L: 21/34 MS: 1 ChangeBit-
#55312	NEW    cov: 31 ft: 213 corp: 72/1344b lim: 379 exec/s: 0 rss: 35Mb L: 21/34 MS: 2 ChangeBinInt-ChangeBit-
#56024	NEW    cov: 31 ft: 215 corp: 73/1365b lim: 379 exec/s: 0 rss: 35Mb L: 21/34 MS: 2 ShuffleBytes-ShuffleBytes-
#56176	NEW    cov: 31 ft: 216 corp: 74/1386b lim: 379 exec/s: 0 rss: 35Mb L: 21/34 MS: 2 ShuffleBytes-ShuffleBytes-
#58413	REDUCE cov: 31 ft: 216 corp: 74/1384b lim: 395 exec/s: 0 rss: 35Mb L: 19/34 MS: 2 ChangeBinInt-EraseBytes-
#59030	NEW    cov: 31 ft: 217 corp: 75/1405b lim: 395 exec/s: 0 rss: 35Mb L: 21/34 MS: 2 ChangeBinInt-ChangeBinInt-
#59315	NEW    cov: 31 ft: 218 corp: 76/1428b lim: 395 exec/s: 0 rss: 35Mb L: 23/34 MS: 5 ChangeBinInt-ShuffleBytes-ChangeBinInt-InsertByte-InsertByte-
#59836	NEW    cov: 31 ft: 219 corp: 77/1451b lim: 395 exec/s: 0 rss: 35Mb L: 23/34 MS: 1 ChangeASCIIInt-
#62222	NEW    cov: 31 ft: 220 corp: 78/1474b lim: 411 exec/s: 0 rss: 35Mb L: 23/34 MS: 1 ChangeBit-
#75238	NEW    cov: 31 ft: 221 corp: 79/1495b lim: 533 exec/s: 0 rss: 35Mb L: 21/34 MS: 1 ShuffleBytes-
#75479	NEW    cov: 31 ft: 222 corp: 80/1516b lim: 533 exec/s: 0 rss: 35Mb L: 21/34 MS: 1 ChangeByte-
#78430	NEW    cov: 32 ft: 225 corp: 81/1537b lim: 560 exec/s: 0 rss: 35Mb L: 21/34 MS: 1 ChangeByte-
#81305	REDUCE cov: 32 ft: 225 corp: 81/1533b lim: 587 exec/s: 0 rss: 35Mb L: 17/34 MS: 5 EraseBytes-CrossOver-EraseBytes-ChangeBit-ChangeBit-
#81979	NEW    cov: 32 ft: 226 corp: 82/1560b lim: 587 exec/s: 0 rss: 35Mb L: 27/34 MS: 4 ChangeByte-ChangeBinInt-InsertRepeatedBytes-EraseBytes-
#83836	REDUCE cov: 32 ft: 226 corp: 82/1558b lim: 605 exec/s: 0 rss: 35Mb L: 15/34 MS: 2 ChangeBinInt-EraseBytes-
#95982	NEW    cov: 32 ft: 227 corp: 83/1585b lim: 722 exec/s: 0 rss: 35Mb L: 27/34 MS: 1 CopyPart-
#104949	REDUCE cov: 32 ft: 227 corp: 83/1583b lim: 803 exec/s: 0 rss: 35Mb L: 15/34 MS: 2 ChangeByte-EraseBytes-
#105567	NEW    cov: 32 ft: 228 corp: 84/1612b lim: 803 exec/s: 0 rss: 35Mb L: 29/34 MS: 3 CMP-CMP-CopyPart- DE: "\035\000\000\000\000\000\000\000"-"#\000\000\000\000\000\000\000"-
#109933	REDUCE cov: 32 ft: 228 corp: 84/1611b lim: 839 exec/s: 0 rss: 35Mb L: 22/34 MS: 1 EraseBytes-
#110425	NEW    cov: 32 ft: 229 corp: 85/1641b lim: 839 exec/s: 0 rss: 35Mb L: 30/34 MS: 2 CrossOver-EraseBytes-
#111681	NEW    cov: 34 ft: 235 corp: 86/1671b lim: 848 exec/s: 0 rss: 35Mb L: 30/34 MS: 1 CopyPart-
#111973	NEW    cov: 34 ft: 236 corp: 87/1701b lim: 848 exec/s: 0 rss: 35Mb L: 30/34 MS: 2 ChangeBinInt-ChangeBit-
#112279	NEW    cov: 34 ft: 237 corp: 88/1722b lim: 848 exec/s: 0 rss: 35Mb L: 21/34 MS: 1 ChangeBinInt-
#112615	NEW    cov: 34 ft: 238 corp: 89/1752b lim: 848 exec/s: 0 rss: 35Mb L: 30/34 MS: 1 ShuffleBytes-
#114176	NEW    cov: 34 ft: 239 corp: 90/1782b lim: 857 exec/s: 0 rss: 35Mb L: 30/34 MS: 1 ChangeByte-
#114697	NEW    cov: 34 ft: 240 corp: 91/1812b lim: 857 exec/s: 0 rss: 35Mb L: 30/34 MS: 1 CopyPart-
#114904	REDUCE cov: 34 ft: 240 corp: 91/1810b lim: 857 exec/s: 0 rss: 35Mb L: 17/34 MS: 2 CopyPart-EraseBytes-
#115366	NEW    cov: 34 ft: 241 corp: 92/1840b lim: 857 exec/s: 0 rss: 35Mb L: 30/34 MS: 2 ShuffleBytes-CopyPart-
#115602	NEW    cov: 34 ft: 242 corp: 93/1861b lim: 857 exec/s: 0 rss: 35Mb L: 21/34 MS: 1 CopyPart-
#115734	NEW    cov: 34 ft: 243 corp: 94/1891b lim: 857 exec/s: 0 rss: 35Mb L: 30/34 MS: 2 ShuffleBytes-ShuffleBytes-
#115765	NEW    cov: 34 ft: 244 corp: 95/1921b lim: 857 exec/s: 0 rss: 35Mb L: 30/34 MS: 1 ChangeBit-
#116316	NEW    cov: 35 ft: 245 corp: 96/1951b lim: 857 exec/s: 0 rss: 35Mb L: 30/34 MS: 1 ChangeBit-
#117377	NEW    cov: 35 ft: 247 corp: 97/1981b lim: 866 exec/s: 0 rss: 35Mb L: 30/34 MS: 1 ChangeBinInt-
#117753	NEW    cov: 47 ft: 298 corp: 98/2011b lim: 866 exec/s: 0 rss: 35Mb L: 30/34 MS: 1 ShuffleBytes-
#118413	REDUCE cov: 47 ft: 298 corp: 98/2010b lim: 866 exec/s: 0 rss: 35Mb L: 26/34 MS: 5 EraseBytes-PersAutoDict-EraseBytes-ShuffleBytes-CopyPart- DE: "\377\377\377\377\377\377\377\024"-
#118817	NEW    cov: 47 ft: 300 corp: 99/2041b lim: 866 exec/s: 0 rss: 35Mb L: 31/34 MS: 4 InsertByte-ShuffleBytes-CrossOver-ChangeByte-
#119188	NEW    cov: 47 ft: 301 corp: 100/2062b lim: 866 exec/s: 0 rss: 35Mb L: 21/34 MS: 1 ShuffleBytes-
#124279	NEW    cov: 47 ft: 302 corp: 101/2083b lim: 911 exec/s: 0 rss: 35Mb L: 21/34 MS: 1 ChangeASCIIInt-
#125806	NEW    cov: 47 ft: 304 corp: 102/2113b lim: 920 exec/s: 0 rss: 35Mb L: 30/34 MS: 2 ChangeByte-ChangeByte-
#129427	NEW    cov: 47 ft: 305 corp: 103/2144b lim: 956 exec/s: 0 rss: 35Mb L: 31/34 MS: 1 CopyPart-
#130345	NEW    cov: 47 ft: 306 corp: 104/2165b lim: 965 exec/s: 0 rss: 35Mb L: 21/34 MS: 3 CrossOver-CopyPart-ChangeBinInt-
#131446	NEW    cov: 47 ft: 311 corp: 105/2196b lim: 974 exec/s: 0 rss: 35Mb L: 31/34 MS: 1 ChangeBit-
#136855	NEW    cov: 47 ft: 314 corp: 106/2226b lim: 1019 exec/s: 0 rss: 35Mb L: 30/34 MS: 4 CrossOver-ChangeBinInt-ChangeBinInt-ShuffleBytes-
#141121	NEW    cov: 47 ft: 316 corp: 107/2256b lim: 1058 exec/s: 0 rss: 35Mb L: 30/34 MS: 1 CopyPart-
#146891	NEW    cov: 49 ft: 324 corp: 108/2287b lim: 1108 exec/s: 0 rss: 35Mb L: 31/34 MS: 5 ChangeByte-ShuffleBytes-ShuffleBytes-ChangeByte-ChangeASCIIInt-
#152442	NEW    cov: 49 ft: 325 corp: 109/2317b lim: 1158 exec/s: 0 rss: 35Mb L: 30/34 MS: 1 ChangeBit-
#159214	REDUCE cov: 49 ft: 325 corp: 109/2316b lim: 1218 exec/s: 0 rss: 35Mb L: 20/34 MS: 2 CrossOver-EraseBytes-
#159941	NEW    cov: 49 ft: 326 corp: 110/2337b lim: 1218 exec/s: 0 rss: 35Mb L: 21/34 MS: 2 ChangeBinInt-ChangeBit-
#161687	REDUCE cov: 49 ft: 326 corp: 110/2336b lim: 1228 exec/s: 0 rss: 35Mb L: 30/34 MS: 1 EraseBytes-
#162543	REDUCE cov: 49 ft: 326 corp: 110/2335b lim: 1228 exec/s: 0 rss: 35Mb L: 30/34 MS: 1 EraseBytes-
#168774	REDUCE cov: 49 ft: 326 corp: 110/2334b lim: 1288 exec/s: 0 rss: 35Mb L: 29/34 MS: 1 EraseBytes-
#175835	NEW    cov: 49 ft: 327 corp: 111/2363b lim: 1358 exec/s: 0 rss: 35Mb L: 29/34 MS: 1 PersAutoDict- DE: "\035\000\000\000\000\000\000\000"-
#177346	REDUCE cov: 49 ft: 327 corp: 111/2362b lim: 1368 exec/s: 0 rss: 35Mb L: 19/34 MS: 1 EraseBytes-
#182597	NEW    cov: 49 ft: 328 corp: 112/2391b lim: 1418 exec/s: 0 rss: 35Mb L: 29/34 MS: 1 PersAutoDict- DE: "\000\000"-
#195653	REDUCE cov: 49 ft: 328 corp: 112/2390b lim: 1538 exec/s: 0 rss: 35Mb L: 20/34 MS: 1 EraseBytes-
#198262	REDUCE cov: 49 ft: 328 corp: 112/2388b lim: 1558 exec/s: 0 rss: 35Mb L: 22/34 MS: 4 EraseBytes-ChangeBinInt-CrossOver-EraseBytes-
#201480	REDUCE cov: 49 ft: 328 corp: 112/2386b lim: 1588 exec/s: 0 rss: 35Mb L: 20/34 MS: 3 CopyPart-ChangeByte-EraseBytes-
#202356	REDUCE cov: 49 ft: 328 corp: 112/2385b lim: 1588 exec/s: 0 rss: 35Mb L: 22/34 MS: 1 EraseBytes-
#205002	REDUCE cov: 49 ft: 329 corp: 113/2403b lim: 1608 exec/s: 0 rss: 35Mb L: 18/34 MS: 1 InsertByte-
#206146	REDUCE cov: 49 ft: 329 corp: 113/2402b lim: 1618 exec/s: 0 rss: 35Mb L: 17/34 MS: 4 PersAutoDict-ShuffleBytes-ShuffleBytes-EraseBytes- DE: "\000\000"-
#206850	REDUCE cov: 49 ft: 329 corp: 113/2400b lim: 1618 exec/s: 0 rss: 35Mb L: 15/34 MS: 4 CrossOver-ShuffleBytes-CMP-EraseBytes- DE: "\377F"-
#206922	REDUCE cov: 49 ft: 331 corp: 114/2419b lim: 1618 exec/s: 0 rss: 35Mb L: 19/34 MS: 2 PersAutoDict-PersAutoDict- DE: "\000\000\000\000"-"\377\377\377\377"-
#210244	REDUCE cov: 49 ft: 331 corp: 114/2417b lim: 1648 exec/s: 0 rss: 35Mb L: 19/34 MS: 2 PersAutoDict-EraseBytes- DE: "\377\377\377\377"-
#210990	REDUCE cov: 49 ft: 332 corp: 115/2432b lim: 1648 exec/s: 0 rss: 35Mb L: 15/34 MS: 1 PersAutoDict- DE: "\035\000\000\000\000\000\000\000"-
#213349	REDUCE cov: 49 ft: 336 corp: 116/2462b lim: 1668 exec/s: 0 rss: 35Mb L: 30/34 MS: 4 ShuffleBytes-ChangeBit-ChangeByte-ChangeBit-
#217730	REDUCE cov: 49 ft: 337 corp: 117/2482b lim: 1708 exec/s: 0 rss: 35Mb L: 20/34 MS: 1 ChangeBinInt-
#222592	REDUCE cov: 49 ft: 342 corp: 118/2512b lim: 1748 exec/s: 0 rss: 35Mb L: 30/34 MS: 2 ChangeASCIIInt-ShuffleBytes-
#225193	NEW    cov: 49 ft: 344 corp: 119/2542b lim: 1768 exec/s: 0 rss: 35Mb L: 30/34 MS: 1 ChangeBit-
#226829	REDUCE cov: 49 ft: 344 corp: 119/2541b lim: 1778 exec/s: 0 rss: 35Mb L: 29/34 MS: 1 EraseBytes-
#233060	REDUCE cov: 49 ft: 346 corp: 120/2571b lim: 1838 exec/s: 0 rss: 35Mb L: 30/34 MS: 1 ChangeBit-
#242650	REDUCE cov: 49 ft: 346 corp: 120/2570b lim: 1928 exec/s: 0 rss: 35Mb L: 15/34 MS: 5 ChangeBinInt-InsertByte-ChangeBinInt-EraseBytes-CMP- DE: "\000\000\000\000\000\000\000\031"-
#247106	NEW    cov: 49 ft: 347 corp: 121/2585b lim: 1968 exec/s: 0 rss: 35Mb L: 15/34 MS: 1 ChangeByte-
#247127	REDUCE cov: 49 ft: 347 corp: 121/2584b lim: 1968 exec/s: 0 rss: 35Mb L: 29/34 MS: 1 EraseBytes-
#247276	REDUCE cov: 49 ft: 347 corp: 121/2582b lim: 1968 exec/s: 0 rss: 35Mb L: 27/34 MS: 4 ChangeByte-ShuffleBytes-CMP-EraseBytes- DE: "\014\000\000\000\000\000\000\000"-
#260277	NEW    cov: 49 ft: 348 corp: 122/2603b lim: 2092 exec/s: 0 rss: 35Mb L: 21/34 MS: 1 ChangeByte-
#267943	REDUCE cov: 49 ft: 348 corp: 122/2602b lim: 2158 exec/s: 0 rss: 35Mb L: 20/34 MS: 1 EraseBytes-
#272105	REDUCE cov: 49 ft: 348 corp: 122/2600b lim: 2191 exec/s: 0 rss: 35Mb L: 18/34 MS: 2 CopyPart-EraseBytes-
#279092	REDUCE cov: 49 ft: 349 corp: 123/2623b lim: 2257 exec/s: 0 rss: 35Mb L: 23/34 MS: 2 CrossOver-EraseBytes-
#279808	REDUCE cov: 49 ft: 349 corp: 123/2622b lim: 2257 exec/s: 0 rss: 35Mb L: 29/34 MS: 1 EraseBytes-
#280366	REDUCE cov: 49 ft: 349 corp: 123/2621b lim: 2257 exec/s: 0 rss: 35Mb L: 29/34 MS: 3 InsertByte-EraseBytes-InsertRepeatedBytes-
#291683	REDUCE cov: 49 ft: 349 corp: 123/2620b lim: 2367 exec/s: 0 rss: 35Mb L: 16/34 MS: 2 ChangeByte-EraseBytes-
#291836	REDUCE cov: 49 ft: 349 corp: 123/2618b lim: 2367 exec/s: 0 rss: 35Mb L: 19/34 MS: 3 ShuffleBytes-InsertByte-EraseBytes-
#303822	REDUCE cov: 49 ft: 349 corp: 123/2617b lim: 2477 exec/s: 0 rss: 35Mb L: 29/34 MS: 1 EraseBytes-
#313314	REDUCE cov: 49 ft: 349 corp: 123/2616b lim: 2565 exec/s: 0 rss: 36Mb L: 20/34 MS: 2 CrossOver-EraseBytes-
#313858	REDUCE cov: 49 ft: 349 corp: 123/2615b lim: 2565 exec/s: 0 rss: 36Mb L: 18/34 MS: 4 ChangeBinInt-InsertByte-EraseBytes-CopyPart-
#322129	REDUCE cov: 49 ft: 349 corp: 123/2614b lim: 2642 exec/s: 0 rss: 36Mb L: 22/34 MS: 1 EraseBytes-
#324575	REDUCE cov: 49 ft: 349 corp: 123/2613b lim: 2664 exec/s: 0 rss: 36Mb L: 18/34 MS: 1 EraseBytes-
#344615	REDUCE cov: 49 ft: 349 corp: 123/2612b lim: 2862 exec/s: 0 rss: 36Mb L: 16/34 MS: 5 ChangeByte-ChangeBinInt-ChangeBinInt-ChangeBinInt-EraseBytes-
#344762	NEW    cov: 49 ft: 350 corp: 124/2642b lim: 2862 exec/s: 0 rss: 36Mb L: 30/34 MS: 2 ChangeASCIIInt-ShuffleBytes-
#356388	REDUCE cov: 49 ft: 351 corp: 125/2661b lim: 2972 exec/s: 0 rss: 36Mb L: 19/34 MS: 1 CrossOver-
#357064	NEW    cov: 49 ft: 352 corp: 126/2680b lim: 2972 exec/s: 0 rss: 36Mb L: 19/34 MS: 1 CopyPart-
#360015	NEW    cov: 49 ft: 356 corp: 127/2710b lim: 2994 exec/s: 0 rss: 36Mb L: 30/34 MS: 1 ChangeByte-
#364196	NEW    cov: 49 ft: 357 corp: 128/2729b lim: 3027 exec/s: 0 rss: 36Mb L: 19/34 MS: 1 ChangeASCIIInt-
#364517	REDUCE cov: 49 ft: 358 corp: 129/2751b lim: 3027 exec/s: 0 rss: 36Mb L: 22/34 MS: 1 CopyPart-
#366343	NEW    cov: 49 ft: 359 corp: 130/2770b lim: 3038 exec/s: 0 rss: 36Mb L: 19/34 MS: 1 ChangeByte-
#375086	NEW    cov: 49 ft: 360 corp: 131/2792b lim: 3115 exec/s: 0 rss: 36Mb L: 22/34 MS: 3 CrossOver-ChangeBit-CopyPart-
#375312	NEW    cov: 49 ft: 361 corp: 132/2814b lim: 3115 exec/s: 0 rss: 36Mb L: 22/34 MS: 1 ShuffleBytes-
#379388	NEW    cov: 49 ft: 362 corp: 133/2833b lim: 3148 exec/s: 0 rss: 36Mb L: 19/34 MS: 1 ChangeASCIIInt-
#385735	REDUCE cov: 49 ft: 362 corp: 133/2832b lim: 3203 exec/s: 0 rss: 36Mb L: 16/34 MS: 2 ChangeByte-EraseBytes-
#394662	REDUCE cov: 49 ft: 362 corp: 133/2831b lim: 3291 exec/s: 0 rss: 36Mb L: 17/34 MS: 2 ChangeByte-EraseBytes-
#408728	REDUCE cov: 49 ft: 362 corp: 133/2830b lim: 3423 exec/s: 0 rss: 36Mb L: 29/34 MS: 1 EraseBytes-
#410344	REDUCE cov: 49 ft: 362 corp: 133/2829b lim: 3434 exec/s: 0 rss: 36Mb L: 29/34 MS: 1 EraseBytes-
#416926	REDUCE cov: 49 ft: 362 corp: 133/2828b lim: 3489 exec/s: 416926 rss: 36Mb L: 29/34 MS: 1 EraseBytes-
#419643	NEW    cov: 49 ft: 364 corp: 134/2858b lim: 3511 exec/s: 419643 rss: 36Mb L: 30/34 MS: 2 CopyPart-ChangeByte-
#424839	REDUCE cov: 49 ft: 364 corp: 134/2857b lim: 3555 exec/s: 424839 rss: 36Mb L: 16/34 MS: 1 EraseBytes-
#425895	NEW    cov: 49 ft: 366 corp: 135/2887b lim: 3555 exec/s: 425895 rss: 36Mb L: 30/34 MS: 1 CopyPart-
#429592	REDUCE cov: 49 ft: 366 corp: 135/2885b lim: 3588 exec/s: 429592 rss: 36Mb L: 20/34 MS: 2 EraseBytes-ChangeByte-
#447143	REDUCE cov: 49 ft: 366 corp: 135/2884b lim: 3753 exec/s: 447143 rss: 36Mb L: 29/34 MS: 1 EraseBytes-
#476823	REDUCE cov: 49 ft: 366 corp: 135/2880b lim: 4039 exec/s: 476823 rss: 36Mb L: 19/34 MS: 5 PersAutoDict-ShuffleBytes-InsertByte-PersAutoDict-EraseBytes- DE: "\001\000"-"\377\377\377\377\377\377\377\024"-
#480811	REDUCE cov: 49 ft: 366 corp: 135/2878b lim: 4072 exec/s: 480811 rss: 36Mb L: 20/34 MS: 3 CrossOver-ChangeByte-EraseBytes-
#484049	REDUCE cov: 49 ft: 366 corp: 135/2877b lim: 4094 exec/s: 484049 rss: 36Mb L: 29/34 MS: 3 ShuffleBytes-InsertByte-EraseBytes-
#487751	REDUCE cov: 49 ft: 366 corp: 135/2873b lim: 4096 exec/s: 487751 rss: 36Mb L: 17/34 MS: 2 CMP-EraseBytes- DE: "\377\377\377\377\377\377\377\000"-
#500308	REDUCE cov: 49 ft: 366 corp: 135/2871b lim: 4096 exec/s: 500308 rss: 36Mb L: 20/34 MS: 2 EraseBytes-InsertByte-
#515729	NEW    cov: 49 ft: 367 corp: 136/2901b lim: 4096 exec/s: 515729 rss: 36Mb L: 30/34 MS: 1 ChangeBinInt-
#517791	REDUCE cov: 49 ft: 367 corp: 136/2899b lim: 4096 exec/s: 517791 rss: 36Mb L: 19/34 MS: 2 EraseBytes-InsertByte-
#527032	REDUCE cov: 49 ft: 367 corp: 136/2898b lim: 4096 exec/s: 527032 rss: 36Mb L: 19/34 MS: 1 EraseBytes-
#527319	REDUCE cov: 49 ft: 367 corp: 136/2894b lim: 4096 exec/s: 527319 rss: 36Mb L: 18/34 MS: 2 EraseBytes-ChangeBinInt-
#532910	REDUCE cov: 49 ft: 367 corp: 136/2893b lim: 4096 exec/s: 532910 rss: 36Mb L: 28/34 MS: 1 EraseBytes-
#535328	NEW    cov: 49 ft: 369 corp: 137/2915b lim: 4096 exec/s: 535328 rss: 36Mb L: 22/34 MS: 3 ShuffleBytes-ChangeBit-ShuffleBytes-
#536624	REDUCE cov: 49 ft: 369 corp: 137/2914b lim: 4096 exec/s: 536624 rss: 36Mb L: 18/34 MS: 1 EraseBytes-
#541030	NEW    cov: 49 ft: 370 corp: 138/2936b lim: 4096 exec/s: 541030 rss: 36Mb L: 22/34 MS: 1 ChangeASCIIInt-
#545517	NEW    cov: 49 ft: 371 corp: 139/2958b lim: 4096 exec/s: 545517 rss: 36Mb L: 22/34 MS: 2 ChangeByte-ChangeASCIIInt-
#546708	REDUCE cov: 49 ft: 372 corp: 140/2974b lim: 4096 exec/s: 546708 rss: 36Mb L: 16/34 MS: 1 CopyPart-
#552464	REDUCE cov: 49 ft: 372 corp: 140/2973b lim: 4096 exec/s: 552464 rss: 36Mb L: 20/34 MS: 1 EraseBytes-
#557565	REDUCE cov: 49 ft: 372 corp: 140/2972b lim: 4096 exec/s: 557565 rss: 36Mb L: 20/34 MS: 1 EraseBytes-
#561564	REDUCE cov: 49 ft: 372 corp: 140/2971b lim: 4096 exec/s: 561564 rss: 36Mb L: 18/34 MS: 4 InsertByte-ShuffleBytes-ChangeBit-EraseBytes-
#577660	REDUCE cov: 49 ft: 372 corp: 140/2970b lim: 4096 exec/s: 577660 rss: 36Mb L: 29/34 MS: 1 EraseBytes-
#579206	REDUCE cov: 49 ft: 372 corp: 140/2969b lim: 4096 exec/s: 579206 rss: 36Mb L: 29/34 MS: 1 EraseBytes-
#584412	REDUCE cov: 49 ft: 372 corp: 140/2968b lim: 4096 exec/s: 584412 rss: 36Mb L: 20/34 MS: 1 EraseBytes-
#593323	REDUCE cov: 49 ft: 372 corp: 140/2967b lim: 4096 exec/s: 593323 rss: 36Mb L: 18/34 MS: 1 EraseBytes-
#594045	NEW    cov: 49 ft: 373 corp: 141/2989b lim: 4096 exec/s: 594045 rss: 36Mb L: 22/34 MS: 2 ShuffleBytes-ChangeASCIIInt-
#594891	NEW    cov: 49 ft: 374 corp: 142/3011b lim: 4096 exec/s: 594891 rss: 36Mb L: 22/34 MS: 1 ChangeByte-
#601032	REDUCE cov: 49 ft: 374 corp: 142/3010b lim: 4096 exec/s: 601032 rss: 36Mb L: 30/34 MS: 1 EraseBytes-
#601253	NEW    cov: 49 ft: 375 corp: 143/3042b lim: 4096 exec/s: 601253 rss: 36Mb L: 32/34 MS: 1 InsertByte-
#608614	REDUCE cov: 49 ft: 375 corp: 143/3041b lim: 4096 exec/s: 608614 rss: 36Mb L: 18/34 MS: 1 EraseBytes-
#615780	NEW    cov: 49 ft: 376 corp: 144/3063b lim: 4096 exec/s: 615780 rss: 36Mb L: 22/34 MS: 1 ChangeBinInt-
#623871	NEW    cov: 49 ft: 377 corp: 145/3085b lim: 4096 exec/s: 623871 rss: 36Mb L: 22/34 MS: 1 CopyPart-
#623994	REDUCE cov: 49 ft: 377 corp: 145/3083b lim: 4096 exec/s: 623994 rss: 36Mb L: 19/34 MS: 3 EraseBytes-ChangeBinInt-CrossOver-
#624060	NEW    cov: 49 ft: 378 corp: 146/3105b lim: 4096 exec/s: 624060 rss: 36Mb L: 22/34 MS: 1 ChangeASCIIInt-
#624126	NEW    cov: 49 ft: 379 corp: 147/3127b lim: 4096 exec/s: 624126 rss: 36Mb L: 22/34 MS: 1 ChangeASCIIInt-
#624987	NEW    cov: 49 ft: 381 corp: 148/3149b lim: 4096 exec/s: 624987 rss: 36Mb L: 22/34 MS: 1 ChangeASCIIInt-
#628893	NEW    cov: 49 ft: 382 corp: 149/3171b lim: 4096 exec/s: 628893 rss: 36Mb L: 22/34 MS: 1 ShuffleBytes-
#629050	NEW    cov: 49 ft: 383 corp: 150/3193b lim: 4096 exec/s: 629050 rss: 36Mb L: 22/34 MS: 2 ShuffleBytes-ChangeByte-
#629367	NEW    cov: 49 ft: 384 corp: 151/3215b lim: 4096 exec/s: 629367 rss: 36Mb L: 22/34 MS: 2 ShuffleBytes-ChangeASCIIInt-
#629513	REDUCE cov: 49 ft: 384 corp: 151/3214b lim: 4096 exec/s: 629513 rss: 36Mb L: 16/34 MS: 1 EraseBytes-
#629705	NEW    cov: 49 ft: 385 corp: 152/3236b lim: 4096 exec/s: 629705 rss: 36Mb L: 22/34 MS: 2 ChangeByte-CopyPart-
#632396	NEW    cov: 49 ft: 386 corp: 153/3258b lim: 4096 exec/s: 632396 rss: 36Mb L: 22/34 MS: 1 ChangeBit-
#633712	NEW    cov: 49 ft: 387 corp: 154/3280b lim: 4096 exec/s: 633712 rss: 36Mb L: 22/34 MS: 1 ChangeASCIIInt-
#634908	NEW    cov: 49 ft: 388 corp: 155/3302b lim: 4096 exec/s: 634908 rss: 36Mb L: 22/34 MS: 1 ChangeBit-
#635264	NEW    cov: 49 ft: 389 corp: 156/3324b lim: 4096 exec/s: 635264 rss: 36Mb L: 22/34 MS: 1 CopyPart-
#663610	REDUCE cov: 49 ft: 389 corp: 156/3323b lim: 4096 exec/s: 663610 rss: 36Mb L: 22/34 MS: 1 EraseBytes-
#681736	REDUCE cov: 49 ft: 389 corp: 156/3322b lim: 4096 exec/s: 681736 rss: 36Mb L: 25/34 MS: 1 EraseBytes-
#690892	REDUCE cov: 49 ft: 389 corp: 156/3321b lim: 4096 exec/s: 690892 rss: 36Mb L: 20/34 MS: 1 EraseBytes-
#694301	REDUCE cov: 49 ft: 389 corp: 156/3319b lim: 4096 exec/s: 694301 rss: 36Mb L: 20/34 MS: 4 ChangeByte-CrossOver-InsertByte-EraseBytes-
#697052	REDUCE cov: 49 ft: 389 corp: 156/3318b lim: 4096 exec/s: 697052 rss: 36Mb L: 29/34 MS: 1 EraseBytes-
#708761	REDUCE cov: 49 ft: 389 corp: 156/3316b lim: 4096 exec/s: 708761 rss: 36Mb L: 20/34 MS: 4 CrossOver-ChangeBinInt-ShuffleBytes-EraseBytes-
#711154	REDUCE cov: 49 ft: 389 corp: 156/3314b lim: 4096 exec/s: 711154 rss: 36Mb L: 20/34 MS: 3 ChangeByte-EraseBytes-PersAutoDict- DE: "\377F"-
#721347	REDUCE cov: 49 ft: 389 corp: 156/3313b lim: 4096 exec/s: 721347 rss: 36Mb L: 18/34 MS: 3 EraseBytes-ChangeBinInt-ChangeBinInt-
#725854	REDUCE cov: 49 ft: 389 corp: 156/3311b lim: 4096 exec/s: 725854 rss: 36Mb L: 20/34 MS: 2 EraseBytes-ChangeBinInt-
#762951	REDUCE cov: 49 ft: 389 corp: 156/3309b lim: 4096 exec/s: 762951 rss: 36Mb L: 20/34 MS: 2 ChangeBit-EraseBytes-
#771443	REDUCE cov: 49 ft: 389 corp: 156/3307b lim: 4096 exec/s: 771443 rss: 36Mb L: 20/34 MS: 2 EraseBytes-InsertByte-
#771515	REDUCE cov: 49 ft: 389 corp: 156/3305b lim: 4096 exec/s: 771515 rss: 36Mb L: 20/34 MS: 2 EraseBytes-PersAutoDict- DE: "\377\377"-
#784567	REDUCE cov: 49 ft: 389 corp: 156/3303b lim: 4096 exec/s: 784567 rss: 36Mb L: 20/34 MS: 2 EraseBytes-CrossOver-
#788123	REDUCE cov: 49 ft: 389 corp: 156/3302b lim: 4096 exec/s: 788123 rss: 36Mb L: 15/34 MS: 1 EraseBytes-
#806366	REDUCE cov: 49 ft: 389 corp: 156/3301b lim: 4096 exec/s: 806366 rss: 36Mb L: 29/34 MS: 3 ChangeBit-EraseBytes-ChangeByte-
#825380	REDUCE cov: 49 ft: 389 corp: 156/3299b lim: 4096 exec/s: 825380 rss: 36Mb L: 20/34 MS: 4 ChangeByte-ShuffleBytes-ChangeBit-EraseBytes-
#830616	REDUCE cov: 49 ft: 389 corp: 156/3298b lim: 4096 exec/s: 830616 rss: 36Mb L: 24/34 MS: 1 EraseBytes-
#866632	REDUCE cov: 49 ft: 389 corp: 156/3297b lim: 4096 exec/s: 433316 rss: 36Mb L: 18/34 MS: 1 EraseBytes-
#881158	REDUCE cov: 49 ft: 390 corp: 157/3317b lim: 4096 exec/s: 440579 rss: 36Mb L: 20/34 MS: 1 ChangeByte-
#884734	REDUCE cov: 49 ft: 391 corp: 158/3337b lim: 4096 exec/s: 442367 rss: 36Mb L: 20/34 MS: 1 ChangeBit-
#886292	REDUCE cov: 49 ft: 391 corp: 158/3335b lim: 4096 exec/s: 443146 rss: 36Mb L: 16/34 MS: 3 ChangeByte-PersAutoDict-EraseBytes- DE: "\377\377\377\377\377\377\377\000"-
#904329	REDUCE cov: 49 ft: 391 corp: 158/3334b lim: 4096 exec/s: 452164 rss: 36Mb L: 20/34 MS: 2 ShuffleBytes-EraseBytes-
#918261	REDUCE cov: 49 ft: 391 corp: 158/3332b lim: 4096 exec/s: 459130 rss: 36Mb L: 19/34 MS: 2 EraseBytes-ChangeBinInt-
#978197	REDUCE cov: 49 ft: 391 corp: 158/3331b lim: 4096 exec/s: 489098 rss: 36Mb L: 18/34 MS: 1 EraseBytes-
#980498	REDUCE cov: 49 ft: 391 corp: 158/3330b lim: 4096 exec/s: 490249 rss: 36Mb L: 29/34 MS: 1 EraseBytes-
#1004115	REDUCE cov: 49 ft: 391 corp: 158/3328b lim: 4096 exec/s: 502057 rss: 36Mb L: 20/34 MS: 2 EraseBytes-CrossOver-
#1018838	REDUCE cov: 49 ft: 391 corp: 158/3327b lim: 4096 exec/s: 509419 rss: 36Mb L: 28/34 MS: 3 ShuffleBytes-EraseBytes-CopyPart-
#1018857	REDUCE cov: 49 ft: 391 corp: 158/3325b lim: 4096 exec/s: 509428 rss: 36Mb L: 20/34 MS: 4 ShuffleBytes-ChangeASCIIInt-EraseBytes-ChangeByte-
#1021065	REDUCE cov: 49 ft: 391 corp: 158/3323b lim: 4096 exec/s: 510532 rss: 36Mb L: 18/34 MS: 3 PersAutoDict-ChangeBit-EraseBytes- DE: "\377\377"-
#1026491	REDUCE cov: 49 ft: 391 corp: 158/3322b lim: 4096 exec/s: 513245 rss: 36Mb L: 29/34 MS: 1 EraseBytes-
#1058577	REDUCE cov: 49 ft: 391 corp: 158/3321b lim: 4096 exec/s: 529288 rss: 36Mb L: 29/34 MS: 1 EraseBytes-
#1121289	REDUCE cov: 49 ft: 391 corp: 158/3320b lim: 4096 exec/s: 560644 rss: 36Mb L: 20/34 MS: 2 ChangeBit-EraseBytes-
#1199670	REDUCE cov: 49 ft: 391 corp: 158/3319b lim: 4096 exec/s: 599835 rss: 36Mb L: 30/34 MS: 1 EraseBytes-
#1208996	REDUCE cov: 49 ft: 391 corp: 158/3318b lim: 4096 exec/s: 604498 rss: 36Mb L: 28/34 MS: 1 EraseBytes-
#1227510	REDUCE cov: 49 ft: 391 corp: 158/3316b lim: 4096 exec/s: 613755 rss: 36Mb L: 18/34 MS: 4 ShuffleBytes-EraseBytes-ShuffleBytes-PersAutoDict- DE: "\377\377\377\377"-
#1244636	REDUCE cov: 49 ft: 391 corp: 158/3315b lim: 4096 exec/s: 622318 rss: 36Mb L: 28/34 MS: 1 EraseBytes-
#1255097	REDUCE cov: 49 ft: 391 corp: 158/3314b lim: 4096 exec/s: 627548 rss: 36Mb L: 16/34 MS: 1 EraseBytes-
#1263917	REDUCE cov: 49 ft: 391 corp: 158/3312b lim: 4096 exec/s: 631958 rss: 36Mb L: 16/34 MS: 5 InsertRepeatedBytes-ChangeBit-ShuffleBytes-EraseBytes-EraseBytes-
#1286778	NEW    cov: 49 ft: 393 corp: 159/3342b lim: 4096 exec/s: 643389 rss: 36Mb L: 30/34 MS: 1 ChangeBit-
#1288749	REDUCE cov: 49 ft: 393 corp: 159/3341b lim: 4096 exec/s: 644374 rss: 36Mb L: 20/34 MS: 1 EraseBytes-
#1384170	REDUCE cov: 49 ft: 393 corp: 159/3340b lim: 4096 exec/s: 461390 rss: 36Mb L: 29/34 MS: 1 EraseBytes-
#1387333	REDUCE cov: 49 ft: 393 corp: 159/3339b lim: 4096 exec/s: 462444 rss: 36Mb L: 18/34 MS: 3 ChangeByte-EraseBytes-ChangeBit-
#1408024	REDUCE cov: 49 ft: 393 corp: 159/3338b lim: 4096 exec/s: 469341 rss: 36Mb L: 29/34 MS: 1 EraseBytes-
#1443700	REDUCE cov: 49 ft: 393 corp: 159/3337b lim: 4096 exec/s: 481233 rss: 36Mb L: 15/34 MS: 1 EraseBytes-
#1455070	REDUCE cov: 49 ft: 393 corp: 159/3336b lim: 4096 exec/s: 485023 rss: 36Mb L: 17/34 MS: 5 ChangeByte-PersAutoDict-InsertByte-EraseBytes-ChangeByte- DE: "\377\377\377\377\377\377\377\024"-
#1466487	REDUCE cov: 49 ft: 393 corp: 159/3334b lim: 4096 exec/s: 488829 rss: 36Mb L: 19/34 MS: 2 EraseBytes-ChangeByte-
#1484894	REDUCE cov: 49 ft: 393 corp: 159/3332b lim: 4096 exec/s: 494964 rss: 36Mb L: 20/34 MS: 2 ChangeByte-EraseBytes-
#1507742	REDUCE cov: 49 ft: 393 corp: 159/3331b lim: 4096 exec/s: 502580 rss: 36Mb L: 28/34 MS: 3 ChangeBinInt-ShuffleBytes-EraseBytes-
#1509899	REDUCE cov: 49 ft: 393 corp: 159/3327b lim: 4096 exec/s: 503299 rss: 36Mb L: 18/34 MS: 2 EraseBytes-PersAutoDict- DE: "\377\377\377\377"-
#1527055	REDUCE cov: 49 ft: 395 corp: 160/3356b lim: 4096 exec/s: 509018 rss: 36Mb L: 29/34 MS: 1 ChangeByte-
#1551696	REDUCE cov: 49 ft: 395 corp: 160/3355b lim: 4096 exec/s: 517232 rss: 36Mb L: 29/34 MS: 1 EraseBytes-
#1563519	REDUCE cov: 49 ft: 395 corp: 160/3353b lim: 4096 exec/s: 521173 rss: 36Mb L: 18/34 MS: 3 ShuffleBytes-EraseBytes-InsertByte-
#1574375	REDUCE cov: 49 ft: 395 corp: 160/3352b lim: 4096 exec/s: 524791 rss: 36Mb L: 28/34 MS: 1 EraseBytes-
#1580202	REDUCE cov: 49 ft: 395 corp: 160/3351b lim: 4096 exec/s: 526734 rss: 36Mb L: 18/34 MS: 2 ChangeBinInt-EraseBytes-
#1655920	REDUCE cov: 49 ft: 395 corp: 160/3349b lim: 4096 exec/s: 551973 rss: 36Mb L: 18/34 MS: 3 InsertByte-EraseBytes-PersAutoDict- DE: "\377\377\377\377"-
#1676984	REDUCE cov: 49 ft: 395 corp: 160/3345b lim: 4096 exec/s: 558994 rss: 36Mb L: 17/34 MS: 4 PersAutoDict-ShuffleBytes-PersAutoDict-EraseBytes- DE: "\001\000"-"\377\377\377\377"-
#1682975	REDUCE cov: 49 ft: 395 corp: 160/3344b lim: 4096 exec/s: 560991 rss: 36Mb L: 18/34 MS: 1 EraseBytes-
#1686967	REDUCE cov: 49 ft: 395 corp: 160/3342b lim: 4096 exec/s: 562322 rss: 36Mb L: 18/34 MS: 2 InsertByte-EraseBytes-
#1695273	REDUCE cov: 49 ft: 395 corp: 160/3341b lim: 4096 exec/s: 565091 rss: 36Mb L: 29/34 MS: 1 EraseBytes-
#1710866	REDUCE cov: 49 ft: 395 corp: 160/3339b lim: 4096 exec/s: 570288 rss: 36Mb L: 18/34 MS: 3 ChangeByte-ChangeBit-EraseBytes-
#1730927	REDUCE cov: 49 ft: 395 corp: 160/3338b lim: 4096 exec/s: 576975 rss: 36Mb L: 18/34 MS: 1 EraseBytes-
#1733378	REDUCE cov: 49 ft: 395 corp: 160/3337b lim: 4096 exec/s: 577792 rss: 36Mb L: 16/34 MS: 1 EraseBytes-
#1776384	REDUCE cov: 49 ft: 395 corp: 160/3336b lim: 4096 exec/s: 444096 rss: 36Mb L: 20/34 MS: 1 EraseBytes-
#1787628	REDUCE cov: 49 ft: 395 corp: 160/3334b lim: 4096 exec/s: 446907 rss: 36Mb L: 20/34 MS: 4 ChangeBinInt-EraseBytes-ShuffleBytes-ChangeBinInt-
#1793250	REDUCE cov: 49 ft: 395 corp: 160/3332b lim: 4096 exec/s: 448312 rss: 36Mb L: 20/34 MS: 2 EraseBytes-ChangeBinInt-
#1833611	REDUCE cov: 49 ft: 395 corp: 160/3331b lim: 4096 exec/s: 458402 rss: 36Mb L: 28/34 MS: 1 EraseBytes-
#1954192	REDUCE cov: 49 ft: 395 corp: 160/3330b lim: 4096 exec/s: 488548 rss: 36Mb L: 29/34 MS: 1 EraseBytes-
#1957200	REDUCE cov: 49 ft: 395 corp: 160/3328b lim: 4096 exec/s: 489300 rss: 36Mb L: 20/34 MS: 3 ChangeByte-EraseBytes-CMP- DE: "\377Y"-
#1979182	REDUCE cov: 49 ft: 395 corp: 160/3326b lim: 4096 exec/s: 494795 rss: 36Mb L: 16/34 MS: 2 CopyPart-EraseBytes-
#1980618	REDUCE cov: 49 ft: 395 corp: 160/3325b lim: 4096 exec/s: 495154 rss: 36Mb L: 29/34 MS: 1 EraseBytes-
#2012277	REDUCE cov: 49 ft: 395 corp: 160/3323b lim: 4096 exec/s: 503069 rss: 36Mb L: 18/34 MS: 4 EraseBytes-ChangeByte-ShuffleBytes-ChangeByte-
#2071953	REDUCE cov: 49 ft: 395 corp: 160/3322b lim: 4096 exec/s: 517988 rss: 36Mb L: 28/34 MS: 1 EraseBytes-
#2097152	pulse  cov: 49 ft: 395 corp: 160/3322b lim: 4096 exec/s: 524288 rss: 36Mb
#2111624	REDUCE cov: 49 ft: 395 corp: 160/3321b lim: 4096 exec/s: 527906 rss: 36Mb L: 20/34 MS: 1 EraseBytes-
#2133622	REDUCE cov: 49 ft: 395 corp: 160/3319b lim: 4096 exec/s: 533405 rss: 36Mb L: 16/34 MS: 3 InsertByte-InsertByte-EraseBytes-
#2134681	REDUCE cov: 49 ft: 395 corp: 160/3318b lim: 4096 exec/s: 533670 rss: 36Mb L: 28/34 MS: 4 ShuffleBytes-ShuffleBytes-ChangeBit-EraseBytes-
#2169577	REDUCE cov: 49 ft: 395 corp: 160/3317b lim: 4096 exec/s: 542394 rss: 36Mb L: 28/34 MS: 1 EraseBytes-
#2215693	REDUCE cov: 49 ft: 395 corp: 160/3316b lim: 4096 exec/s: 443138 rss: 36Mb L: 16/34 MS: 1 EraseBytes-
#2218646	REDUCE cov: 49 ft: 395 corp: 160/3314b lim: 4096 exec/s: 443729 rss: 36Mb L: 18/34 MS: 3 EraseBytes-ChangeByte-InsertRepeatedBytes-
#2384043	NEW    cov: 49 ft: 397 corp: 161/3344b lim: 4096 exec/s: 476808 rss: 36Mb L: 30/34 MS: 2 ShuffleBytes-CrossOver-
#2395326	REDUCE cov: 49 ft: 397 corp: 161/3343b lim: 4096 exec/s: 479065 rss: 36Mb L: 28/34 MS: 3 ShuffleBytes-ChangeByte-EraseBytes-
#2406240	REDUCE cov: 49 ft: 397 corp: 161/3339b lim: 4096 exec/s: 481248 rss: 36Mb L: 16/34 MS: 4 PersAutoDict-EraseBytes-ChangeBinInt-InsertByte- DE: "\377\377\377\377\377\377\377\024"-
#2419507	REDUCE cov: 49 ft: 399 corp: 162/3368b lim: 4096 exec/s: 483901 rss: 36Mb L: 29/34 MS: 2 ChangeByte-ShuffleBytes-
#2433218	REDUCE cov: 49 ft: 399 corp: 162/3367b lim: 4096 exec/s: 486643 rss: 36Mb L: 29/34 MS: 1 EraseBytes-
#2440584	REDUCE cov: 49 ft: 399 corp: 162/3366b lim: 4096 exec/s: 488116 rss: 36Mb L: 20/34 MS: 1 EraseBytes-
#2462426	REDUCE cov: 49 ft: 399 corp: 162/3365b lim: 4096 exec/s: 492485 rss: 36Mb L: 29/34 MS: 2 ChangeBit-EraseBytes-
#2523848	REDUCE cov: 49 ft: 399 corp: 162/3364b lim: 4096 exec/s: 504769 rss: 36Mb L: 26/34 MS: 2 ChangeBit-EraseBytes-
#2529895	REDUCE cov: 49 ft: 399 corp: 162/3362b lim: 4096 exec/s: 505979 rss: 36Mb L: 18/34 MS: 2 EraseBytes-CrossOver-
#2574673	REDUCE cov: 49 ft: 399 corp: 162/3360b lim: 4096 exec/s: 514934 rss: 36Mb L: 20/34 MS: 3 EraseBytes-ChangeASCIIInt-CopyPart-
#2578264	REDUCE cov: 49 ft: 399 corp: 162/3359b lim: 4096 exec/s: 515652 rss: 36Mb L: 16/34 MS: 1 EraseBytes-
#2694415	REDUCE cov: 49 ft: 399 corp: 162/3358b lim: 4096 exec/s: 449069 rss: 36Mb L: 28/34 MS: 1 EraseBytes-
#2713556	REDUCE cov: 49 ft: 399 corp: 162/3357b lim: 4096 exec/s: 452259 rss: 36Mb L: 29/34 MS: 1 EraseBytes-
#2726729	REDUCE cov: 49 ft: 399 corp: 162/3355b lim: 4096 exec/s: 454454 rss: 36Mb L: 20/34 MS: 3 ShuffleBytes-EraseBytes-InsertByte-
#2759235	REDUCE cov: 49 ft: 399 corp: 162/3354b lim: 4096 exec/s: 459872 rss: 36Mb L: 29/34 MS: 1 EraseBytes-
#2817716	REDUCE cov: 49 ft: 399 corp: 162/3353b lim: 4096 exec/s: 469619 rss: 36Mb L: 29/34 MS: 1 EraseBytes-
#2819822	REDUCE cov: 49 ft: 399 corp: 162/3352b lim: 4096 exec/s: 469970 rss: 36Mb L: 29/34 MS: 1 EraseBytes-
#2834195	REDUCE cov: 49 ft: 399 corp: 162/3348b lim: 4096 exec/s: 472365 rss: 36Mb L: 18/34 MS: 3 PersAutoDict-EraseBytes-InsertByte- DE: "\377\377\377\377"-
#2882411	REDUCE cov: 49 ft: 399 corp: 162/3347b lim: 4096 exec/s: 480401 rss: 36Mb L: 28/34 MS: 1 EraseBytes-
#2905858	REDUCE cov: 49 ft: 400 corp: 163/3376b lim: 4096 exec/s: 484309 rss: 36Mb L: 29/34 MS: 2 CopyPart-CopyPart-
#2944989	REDUCE cov: 49 ft: 400 corp: 163/3375b lim: 4096 exec/s: 490831 rss: 36Mb L: 28/34 MS: 1 EraseBytes-
#2966045	REDUCE cov: 49 ft: 400 corp: 163/3374b lim: 4096 exec/s: 494340 rss: 36Mb L: 28/34 MS: 1 EraseBytes-
#2972884	REDUCE cov: 49 ft: 400 corp: 163/3370b lim: 4096 exec/s: 495480 rss: 36Mb L: 16/34 MS: 4 ChangeASCIIInt-EraseBytes-ChangeBinInt-ChangeBinInt-
#3006751	REDUCE cov: 49 ft: 400 corp: 163/3368b lim: 4096 exec/s: 501125 rss: 36Mb L: 16/34 MS: 2 EraseBytes-PersAutoDict- DE: "\377\377"-
#3031456	REDUCE cov: 49 ft: 400 corp: 163/3366b lim: 4096 exec/s: 505242 rss: 36Mb L: 18/34 MS: 5 InsertRepeatedBytes-ChangeBinInt-ChangeASCIIInt-PersAutoDict-EraseBytes- DE: "\377\377"-
#3035047	REDUCE cov: 49 ft: 400 corp: 163/3365b lim: 4096 exec/s: 505841 rss: 36Mb L: 28/34 MS: 1 EraseBytes-
#3036429	REDUCE cov: 49 ft: 400 corp: 163/3363b lim: 4096 exec/s: 506071 rss: 36Mb L: 18/34 MS: 2 ChangeBinInt-EraseBytes-
#3062837	REDUCE cov: 49 ft: 400 corp: 163/3361b lim: 4096 exec/s: 510472 rss: 36Mb L: 16/34 MS: 3 EraseBytes-EraseBytes-InsertByte-
#3065400	REDUCE cov: 49 ft: 400 corp: 163/3359b lim: 4096 exec/s: 510900 rss: 36Mb L: 20/34 MS: 3 ChangeByte-InsertByte-EraseBytes-
#3166770	REDUCE cov: 49 ft: 400 corp: 163/3357b lim: 4096 exec/s: 452395 rss: 36Mb L: 16/34 MS: 5 CopyPart-PersAutoDict-CrossOver-ChangeByte-EraseBytes- DE: "\377\377\377\377\377\377\377\024"-
#3193692	REDUCE cov: 49 ft: 400 corp: 163/3355b lim: 4096 exec/s: 456241 rss: 36Mb L: 20/34 MS: 2 ChangeByte-EraseBytes-
#3363939	REDUCE cov: 49 ft: 400 corp: 163/3353b lim: 4096 exec/s: 480562 rss: 36Mb L: 18/34 MS: 2 EraseBytes-ChangeByte-
#3469705	REDUCE cov: 49 ft: 400 corp: 163/3352b lim: 4096 exec/s: 495672 rss: 36Mb L: 28/34 MS: 1 EraseBytes-
#3668566	REDUCE cov: 49 ft: 400 corp: 163/3351b lim: 4096 exec/s: 458570 rss: 36Mb L: 18/34 MS: 1 EraseBytes-
#3800677	REDUCE cov: 49 ft: 400 corp: 163/3350b lim: 4096 exec/s: 475084 rss: 36Mb L: 18/34 MS: 1 EraseBytes-
#3813128	REDUCE cov: 49 ft: 400 corp: 163/3349b lim: 4096 exec/s: 476641 rss: 36Mb L: 28/34 MS: 1 EraseBytes-
#3818949	REDUCE cov: 49 ft: 400 corp: 163/3348b lim: 4096 exec/s: 477368 rss: 36Mb L: 28/34 MS: 1 EraseBytes-
#3851246	REDUCE cov: 49 ft: 400 corp: 163/3346b lim: 4096 exec/s: 481405 rss: 36Mb L: 18/34 MS: 2 PersAutoDict-EraseBytes- DE: "\377\377\377\377\377\377\377\000"-
#3934782	REDUCE cov: 49 ft: 401 corp: 164/3374b lim: 4096 exec/s: 491847 rss: 36Mb L: 28/34 MS: 1 CopyPart-
#3950953	REDUCE cov: 49 ft: 401 corp: 164/3373b lim: 4096 exec/s: 493869 rss: 36Mb L: 28/34 MS: 1 EraseBytes-
#4001590	REDUCE cov: 49 ft: 401 corp: 164/3371b lim: 4096 exec/s: 444621 rss: 36Mb L: 18/34 MS: 2 ChangeBit-EraseBytes-
#4021001	NEW    cov: 49 ft: 403 corp: 165/3400b lim: 4096 exec/s: 446777 rss: 36Mb L: 29/34 MS: 1 CopyPart-
#4204674	REDUCE cov: 49 ft: 403 corp: 165/3398b lim: 4096 exec/s: 467186 rss: 36Mb L: 18/34 MS: 3 ChangeBit-EraseBytes-ChangeByte-
#4290116	REDUCE cov: 49 ft: 403 corp: 165/3396b lim: 4096 exec/s: 476679 rss: 36Mb L: 16/34 MS: 2 ChangeByte-EraseBytes-
#4406014	REDUCE cov: 49 ft: 403 corp: 165/3394b lim: 4096 exec/s: 489557 rss: 36Mb L: 16/34 MS: 3 EraseBytes-ChangeBinInt-ShuffleBytes-
#4408552	REDUCE cov: 49 ft: 404 corp: 166/3422b lim: 4096 exec/s: 489839 rss: 36Mb L: 28/34 MS: 3 ShuffleBytes-ChangeBit-ChangeASCIIInt-
#4457171	REDUCE cov: 49 ft: 404 corp: 166/3421b lim: 4096 exec/s: 445717 rss: 36Mb L: 28/34 MS: 4 CopyPart-ShuffleBytes-ChangeBit-EraseBytes-
#4520862	REDUCE cov: 49 ft: 404 corp: 166/3420b lim: 4096 exec/s: 452086 rss: 36Mb L: 20/34 MS: 1 EraseBytes-
#4533988	REDUCE cov: 49 ft: 404 corp: 166/3419b lim: 4096 exec/s: 453398 rss: 36Mb L: 28/34 MS: 1 EraseBytes-
#4553960	REDUCE cov: 49 ft: 404 corp: 166/3417b lim: 4096 exec/s: 455396 rss: 36Mb L: 16/34 MS: 2 PersAutoDict-EraseBytes- DE: "\377\377\377\377\377\377\377\024"-
#4823897	REDUCE cov: 49 ft: 404 corp: 166/3416b lim: 4096 exec/s: 482389 rss: 36Mb L: 20/34 MS: 2 ShuffleBytes-EraseBytes-
#4929803	REDUCE cov: 49 ft: 404 corp: 166/3415b lim: 4096 exec/s: 448163 rss: 36Mb L: 28/34 MS: 1 EraseBytes-
#5004719	REDUCE cov: 49 ft: 404 corp: 166/3414b lim: 4096 exec/s: 454974 rss: 36Mb L: 28/34 MS: 1 EraseBytes-
#5057178	REDUCE cov: 49 ft: 404 corp: 166/3412b lim: 4096 exec/s: 459743 rss: 36Mb L: 16/34 MS: 4 EraseBytes-ShuffleBytes-ChangeByte-PersAutoDict- DE: "\377\377"-
#5058069	REDUCE cov: 49 ft: 404 corp: 166/3411b lim: 4096 exec/s: 459824 rss: 36Mb L: 28/34 MS: 1 EraseBytes-
#5102806	REDUCE cov: 49 ft: 404 corp: 166/3409b lim: 4096 exec/s: 463891 rss: 36Mb L: 18/34 MS: 2 CrossOver-EraseBytes-
#5217187	REDUCE cov: 49 ft: 404 corp: 166/3408b lim: 4096 exec/s: 474289 rss: 36Mb L: 28/34 MS: 1 EraseBytes-
#5349798	REDUCE cov: 49 ft: 404 corp: 166/3407b lim: 4096 exec/s: 445816 rss: 36Mb L: 28/34 MS: 1 EraseBytes-
#5477720	REDUCE cov: 49 ft: 404 corp: 166/3405b lim: 4096 exec/s: 456476 rss: 36Mb L: 16/34 MS: 2 ChangeByte-EraseBytes-
#5662216	REDUCE cov: 49 ft: 404 corp: 166/3404b lim: 4096 exec/s: 471851 rss: 36Mb L: 28/34 MS: 1 EraseBytes-
#5665404	REDUCE cov: 49 ft: 405 corp: 167/3433b lim: 4096 exec/s: 472117 rss: 36Mb L: 29/34 MS: 3 ChangeBinInt-ChangeASCIIInt-ChangeASCIIInt-
#5833282	REDUCE cov: 49 ft: 405 corp: 167/3431b lim: 4096 exec/s: 448714 rss: 36Mb L: 18/34 MS: 3 EraseBytes-ShuffleBytes-ChangeBit-
#5877350	REDUCE cov: 49 ft: 405 corp: 167/3429b lim: 4096 exec/s: 452103 rss: 36Mb L: 18/34 MS: 3 ChangeBit-InsertByte-EraseBytes-
#5904091	REDUCE cov: 49 ft: 405 corp: 167/3428b lim: 4096 exec/s: 454160 rss: 36Mb L: 28/34 MS: 1 EraseBytes-
#5987397	REDUCE cov: 49 ft: 406 corp: 168/3456b lim: 4096 exec/s: 460569 rss: 36Mb L: 28/34 MS: 1 ChangeBit-
#5989608	REDUCE cov: 49 ft: 406 corp: 168/3455b lim: 4096 exec/s: 460739 rss: 36Mb L: 29/34 MS: 1 EraseBytes-
#6132096	REDUCE cov: 49 ft: 406 corp: 168/3454b lim: 4096 exec/s: 471699 rss: 36Mb L: 28/34 MS: 3 ChangeBit-CopyPart-EraseBytes-
#6156502	REDUCE cov: 49 ft: 406 corp: 168/3453b lim: 4096 exec/s: 473577 rss: 36Mb L: 15/34 MS: 1 EraseBytes-
#6581445	REDUCE cov: 49 ft: 406 corp: 168/3452b lim: 4096 exec/s: 470103 rss: 36Mb L: 28/34 MS: 3 InsertByte-CrossOver-EraseBytes-
#6834212	REDUCE cov: 49 ft: 406 corp: 168/3451b lim: 4096 exec/s: 455614 rss: 36Mb L: 16/34 MS: 2 ChangeByte-EraseBytes-
#6846888	REDUCE cov: 49 ft: 406 corp: 168/3450b lim: 4096 exec/s: 456459 rss: 36Mb L: 28/34 MS: 1 EraseBytes-
#6867464	REDUCE cov: 49 ft: 406 corp: 168/3449b lim: 4096 exec/s: 457830 rss: 36Mb L: 28/34 MS: 1 EraseBytes-
#6887562	REDUCE cov: 49 ft: 406 corp: 168/3447b lim: 4096 exec/s: 459170 rss: 36Mb L: 18/34 MS: 3 CopyPart-InsertByte-EraseBytes-
#6910282	REDUCE cov: 49 ft: 406 corp: 168/3445b lim: 4096 exec/s: 460685 rss: 36Mb L: 18/34 MS: 5 CrossOver-ChangeASCIIInt-CrossOver-ChangeBit-EraseBytes-
#6990289	REDUCE cov: 49 ft: 406 corp: 168/3443b lim: 4096 exec/s: 466019 rss: 36Mb L: 18/34 MS: 2 EraseBytes-ChangeByte-
#7132577	REDUCE cov: 49 ft: 406 corp: 168/3441b lim: 4096 exec/s: 445786 rss: 36Mb L: 16/34 MS: 3 InsertByte-EraseBytes-InsertByte-
#7338584	REDUCE cov: 49 ft: 406 corp: 168/3439b lim: 4096 exec/s: 458661 rss: 36Mb L: 18/34 MS: 2 CMP-EraseBytes- DE: "\377\377\377\377\377\377\377\016"-
#7565326	REDUCE cov: 49 ft: 406 corp: 168/3438b lim: 4096 exec/s: 445019 rss: 36Mb L: 15/34 MS: 2 EraseBytes-CrossOver-
#7600509	REDUCE cov: 49 ft: 406 corp: 168/3436b lim: 4096 exec/s: 447088 rss: 36Mb L: 18/34 MS: 3 EraseBytes-CopyPart-ChangeBit-
#7692092	REDUCE cov: 49 ft: 406 corp: 168/3434b lim: 4096 exec/s: 452476 rss: 36Mb L: 16/34 MS: 3 CopyPart-CopyPart-EraseBytes-
#8026985	REDUCE cov: 49 ft: 406 corp: 168/3432b lim: 4096 exec/s: 445943 rss: 36Mb L: 18/34 MS: 3 ChangeBinInt-EraseBytes-InsertByte-
#8926417	REDUCE cov: 49 ft: 406 corp: 168/3431b lim: 4096 exec/s: 446320 rss: 36Mb L: 28/34 MS: 2 ShuffleBytes-EraseBytes-
#9198494	REDUCE cov: 49 ft: 406 corp: 168/3429b lim: 4096 exec/s: 459924 rss: 36Mb L: 18/34 MS: 2 EraseBytes-InsertByte-
#10478906	REDUCE cov: 49 ft: 406 corp: 168/3427b lim: 4096 exec/s: 455604 rss: 36Mb L: 16/34 MS: 2 EraseBytes-ChangeBit-
#10512353	REDUCE cov: 49 ft: 406 corp: 168/3425b lim: 4096 exec/s: 457058 rss: 36Mb L: 18/34 MS: 2 EraseBytes-InsertByte-
#11559966	REDUCE cov: 49 ft: 406 corp: 168/3423b lim: 4096 exec/s: 444614 rss: 36Mb L: 18/34 MS: 3 EraseBytes-InsertByte-ChangeASCIIInt-
#11642930	REDUCE cov: 49 ft: 406 corp: 168/3421b lim: 4096 exec/s: 447805 rss: 36Mb L: 16/34 MS: 4 InsertRepeatedBytes-ChangeBit-ChangeByte-EraseBytes-
#11809637	REDUCE cov: 49 ft: 406 corp: 168/3419b lim: 4096 exec/s: 454216 rss: 36Mb L: 16/34 MS: 2 EraseBytes-ChangeByte-
#12027531	REDUCE cov: 49 ft: 406 corp: 168/3417b lim: 4096 exec/s: 445464 rss: 36Mb L: 18/34 MS: 4 ChangeBit-ShuffleBytes-ChangeBinInt-EraseBytes-
#12158172	REDUCE cov: 49 ft: 406 corp: 168/3416b lim: 4096 exec/s: 450302 rss: 36Mb L: 28/34 MS: 1 EraseBytes-
#12776131	REDUCE cov: 49 ft: 406 corp: 168/3408b lim: 4096 exec/s: 456290 rss: 36Mb L: 20/34 MS: 4 CopyPart-EraseBytes-ShuffleBytes-ChangeBinInt-
#13070320	REDUCE cov: 49 ft: 412 corp: 169/3440b lim: 4096 exec/s: 450700 rss: 36Mb L: 32/34 MS: 4 CrossOver-EraseBytes-ShuffleBytes-CrossOver-
#13070591	NEW    cov: 49 ft: 413 corp: 170/3472b lim: 4096 exec/s: 450710 rss: 36Mb L: 32/34 MS: 1 CrossOver-
#13090554	NEW    cov: 49 ft: 418 corp: 171/3504b lim: 4096 exec/s: 451398 rss: 36Mb L: 32/34 MS: 3 ShuffleBytes-CopyPart-ChangeBit-
#13090788	REDUCE cov: 49 ft: 418 corp: 171/3502b lim: 4096 exec/s: 451406 rss: 36Mb L: 18/34 MS: 4 EraseBytes-ChangeBit-ChangeByte-PersAutoDict- DE: "\377\377\377\377"-
#13692814	REDUCE cov: 49 ft: 418 corp: 171/3501b lim: 4096 exec/s: 456427 rss: 36Mb L: 26/34 MS: 1 EraseBytes-
#14033272	REDUCE cov: 49 ft: 418 corp: 171/3499b lim: 4096 exec/s: 452686 rss: 36Mb L: 18/34 MS: 3 ChangeASCIIInt-ChangeBit-EraseBytes-
#15381197	NEW    cov: 49 ft: 419 corp: 172/3532b lim: 4096 exec/s: 452388 rss: 36Mb L: 33/34 MS: 5 InsertRepeatedBytes-EraseBytes-EraseBytes-ShuffleBytes-EraseBytes-
#15777918	REDUCE cov: 49 ft: 419 corp: 172/3531b lim: 4096 exec/s: 450797 rss: 36Mb L: 28/34 MS: 1 EraseBytes-
#16777216	pulse  cov: 49 ft: 419 corp: 172/3531b lim: 4096 exec/s: 453438 rss: 36Mb
#16777831	REDUCE cov: 49 ft: 419 corp: 172/3529b lim: 4096 exec/s: 453454 rss: 36Mb L: 18/34 MS: 3 ChangeByte-EraseBytes-InsertByte-
#17097762	REDUCE cov: 49 ft: 419 corp: 172/3528b lim: 4096 exec/s: 449941 rss: 36Mb L: 28/34 MS: 1 EraseBytes-
#17443674	REDUCE cov: 49 ft: 419 corp: 172/3526b lim: 4096 exec/s: 447273 rss: 36Mb L: 16/34 MS: 2 CrossOver-EraseBytes-
#17487976	REDUCE cov: 49 ft: 419 corp: 172/3524b lim: 4096 exec/s: 448409 rss: 36Mb L: 18/34 MS: 2 PersAutoDict-EraseBytes- DE: "\377Y"-
#18426103	REDUCE cov: 49 ft: 419 corp: 172/3522b lim: 4096 exec/s: 449417 rss: 36Mb L: 16/34 MS: 2 ChangeBit-EraseBytes-
#19883510	REDUCE cov: 49 ft: 419 corp: 172/3520b lim: 4096 exec/s: 451897 rss: 36Mb L: 16/34 MS: 2 InsertByte-EraseBytes-
#20512621	REDUCE cov: 49 ft: 419 corp: 172/3519b lim: 4096 exec/s: 445926 rss: 36Mb L: 28/34 MS: 1 EraseBytes-
#22394173	REDUCE cov: 49 ft: 419 corp: 172/3517b lim: 4096 exec/s: 447883 rss: 36Mb L: 18/34 MS: 2 EraseBytes-CrossOver-
#22498701	REDUCE cov: 49 ft: 419 corp: 172/3515b lim: 4096 exec/s: 449974 rss: 36Mb L: 18/34 MS: 3 EraseBytes-ChangeBit-PersAutoDict- DE: "\377\377\377\377"-
#24678490	REDUCE cov: 49 ft: 419 corp: 172/3511b lim: 4096 exec/s: 448699 rss: 36Mb L: 16/34 MS: 4 EraseBytes-ChangeBinInt-ShuffleBytes-ChangeBit-
#25320603	REDUCE cov: 49 ft: 419 corp: 172/3510b lim: 4096 exec/s: 452153 rss: 36Mb L: 15/34 MS: 3 CopyPart-InsertByte-EraseBytes-
#27730871	REDUCE cov: 49 ft: 419 corp: 172/3508b lim: 4096 exec/s: 447272 rss: 36Mb L: 24/34 MS: 3 EraseBytes-CrossOver-EraseBytes-
#31281831	REDUCE cov: 49 ft: 419 corp: 172/3506b lim: 4096 exec/s: 446883 rss: 36Mb L: 22/34 MS: 5 InsertByte-EraseBytes-ChangeBinInt-PersAutoDict-InsertByte- DE: "#\000\000\000\000\000\000\000"-
#31873109	REDUCE cov: 49 ft: 419 corp: 172/3502b lim: 4096 exec/s: 448917 rss: 36Mb L: 24/34 MS: 3 InsertByte-EraseBytes-ChangeBit-
#33542756	REDUCE cov: 49 ft: 419 corp: 172/3500b lim: 4096 exec/s: 447236 rss: 36Mb L: 18/34 MS: 2 CrossOver-EraseBytes-
#35481670	REDUCE cov: 49 ft: 419 corp: 172/3498b lim: 4096 exec/s: 449135 rss: 36Mb L: 16/34 MS: 4 ChangeASCIIInt-ChangeBit-ChangeBit-EraseBytes-
#35988103	REDUCE cov: 49 ft: 419 corp: 172/3496b lim: 4096 exec/s: 449851 rss: 36Mb L: 18/34 MS: 3 ChangeASCIIInt-EraseBytes-ChangeByte-
#36758391	REDUCE cov: 49 ft: 419 corp: 172/3494b lim: 4096 exec/s: 448273 rss: 36Mb L: 16/34 MS: 3 ChangeBinInt-EraseBytes-InsertByte-
#38708425	REDUCE cov: 49 ft: 419 corp: 172/3493b lim: 4096 exec/s: 450097 rss: 36Mb L: 15/34 MS: 4 CrossOver-EraseBytes-ChangeBit-PersAutoDict- DE: "\377\377\377\377"-
#40463667	REDUCE cov: 49 ft: 419 corp: 172/3489b lim: 4096 exec/s: 449596 rss: 36Mb L: 16/34 MS: 2 EraseBytes-ChangeBinInt-
#43798160	REDUCE cov: 49 ft: 419 corp: 172/3485b lim: 4096 exec/s: 446920 rss: 36Mb L: 24/34 MS: 3 CopyPart-EraseBytes-InsertByte-
#47625868	REDUCE cov: 49 ft: 419 corp: 172/3483b lim: 4096 exec/s: 449300 rss: 36Mb L: 16/34 MS: 3 CMP-ChangeByte-EraseBytes- DE: "\377\377\377\377\377\377\377!"-
#49503891	REDUCE cov: 49 ft: 420 corp: 173/3511b lim: 4096 exec/s: 445981 rss: 36Mb L: 28/34 MS: 3 CopyPart-CrossOver-ChangeByte-
#51004955	REDUCE cov: 49 ft: 420 corp: 173/3507b lim: 4096 exec/s: 447411 rss: 36Mb L: 24/34 MS: 4 ChangeBit-CopyPart-EraseBytes-CrossOver-
#53847332	REDUCE cov: 49 ft: 420 corp: 173/3505b lim: 4096 exec/s: 448727 rss: 36Mb L: 16/34 MS: 2 ChangeBinInt-EraseBytes-
#54461310	REDUCE cov: 49 ft: 420 corp: 173/3504b lim: 4096 exec/s: 446404 rss: 36Mb L: 15/34 MS: 3 ChangeBit-EraseBytes-InsertByte-
#54984058	REDUCE cov: 49 ft: 420 corp: 173/3502b lim: 4096 exec/s: 447024 rss: 36Mb L: 16/34 MS: 3 ChangeBit-EraseBytes-InsertByte-
#55297420	REDUCE cov: 49 ft: 420 corp: 173/3500b lim: 4096 exec/s: 445946 rss: 36Mb L: 16/34 MS: 2 ChangeBit-EraseBytes-
#55883980	REDUCE cov: 49 ft: 420 corp: 173/3499b lim: 4096 exec/s: 447071 rss: 36Mb L: 15/34 MS: 5 ChangeBit-EraseBytes-ChangeByte-ChangeBinInt-CopyPart-
#60112727	REDUCE cov: 49 ft: 421 corp: 174/3527b lim: 4096 exec/s: 448602 rss: 36Mb L: 28/34 MS: 2 CopyPart-ChangeBinInt-
#60817367	NEW    cov: 50 ft: 426 corp: 175/3550b lim: 4096 exec/s: 447186 rss: 36Mb L: 23/34 MS: 5 EraseBytes-ChangeByte-CopyPart-EraseBytes-EraseBytes-
#60952054	NEW    cov: 50 ft: 429 corp: 176/3573b lim: 4096 exec/s: 448176 rss: 36Mb L: 23/34 MS: 2 ShuffleBytes-CopyPart-
#69432246	REDUCE cov: 50 ft: 429 corp: 176/3568b lim: 4096 exec/s: 447949 rss: 36Mb L: 23/34 MS: 2 EraseBytes-CrossOver-
#70816619	REDUCE cov: 50 ft: 429 corp: 176/3564b lim: 4096 exec/s: 445387 rss: 36Mb L: 24/34 MS: 3 CopyPart-CrossOver-EraseBytes-
#71660711	REDUCE cov: 50 ft: 429 corp: 176/3560b lim: 4096 exec/s: 445097 rss: 36Mb L: 24/34 MS: 2 ChangeBit-EraseBytes-
#71680878	REDUCE cov: 50 ft: 429 corp: 176/3556b lim: 4096 exec/s: 445222 rss: 36Mb L: 22/34 MS: 2 ShuffleBytes-EraseBytes-
#77991490	REDUCE cov: 50 ft: 429 corp: 176/3554b lim: 4096 exec/s: 445665 rss: 36Mb L: 16/34 MS: 2 PersAutoDict-EraseBytes- DE: "\377\377\377\377"-
#85512002	REDUCE cov: 50 ft: 429 corp: 176/3552b lim: 4096 exec/s: 445375 rss: 36Mb L: 16/34 MS: 2 EraseBytes-PersAutoDict- DE: "\377\377\377\377"-
#103842331	REDUCE cov: 50 ft: 429 corp: 176/3548b lim: 4096 exec/s: 443770 rss: 36Mb L: 24/34 MS: 4 ChangeByte-CrossOver-EraseBytes-ChangeBit-
#111075269	REDUCE cov: 50 ft: 429 corp: 176/3546b lim: 4096 exec/s: 444301 rss: 36Mb L: 18/34 MS: 3 PersAutoDict-EraseBytes-CopyPart- DE: "\377Y"-
#112937933	REDUCE cov: 50 ft: 429 corp: 176/3542b lim: 4096 exec/s: 442893 rss: 36Mb L: 24/34 MS: 4 EraseBytes-InsertByte-CMP-CopyPart- DE: "\377\377\377\377"-
#114040130	NEW    cov: 50 ft: 430 corp: 177/3565b lim: 4096 exec/s: 443735 rss: 36Mb L: 23/34 MS: 2 ChangeBit-CopyPart-
#119309969	REDUCE cov: 50 ft: 430 corp: 177/3563b lim: 4096 exec/s: 443531 rss: 36Mb L: 16/34 MS: 4 ChangeBit-PersAutoDict-EraseBytes-PersAutoDict- DE: "\377\377\377\377"-"\377\377\377\377"-
#119340687	NEW    cov: 50 ft: 431 corp: 178/3586b lim: 4096 exec/s: 443645 rss: 36Mb L: 23/34 MS: 3 ChangeByte-ChangeBit-CopyPart-
#119357655	REDUCE cov: 50 ft: 431 corp: 178/3584b lim: 4096 exec/s: 443708 rss: 36Mb L: 16/34 MS: 3 EraseBytes-InsertByte-ChangeBinInt-
#119541588	REDUCE cov: 50 ft: 431 corp: 178/3582b lim: 4096 exec/s: 442746 rss: 36Mb L: 16/34 MS: 3 InsertByte-EraseBytes-CrossOver-
#120158672	REDUCE cov: 50 ft: 431 corp: 178/3580b lim: 4096 exec/s: 443389 rss: 36Mb L: 16/34 MS: 4 PersAutoDict-ChangeBit-CopyPart-EraseBytes- DE: "\001\000"-
#120416805	REDUCE cov: 50 ft: 431 corp: 178/3578b lim: 4096 exec/s: 442708 rss: 36Mb L: 16/34 MS: 3 EraseBytes-ChangeBinInt-CopyPart-
#123043640	REDUCE cov: 50 ft: 431 corp: 178/3577b lim: 4096 exec/s: 442603 rss: 36Mb L: 17/34 MS: 5 CrossOver-CopyPart-ShuffleBytes-ChangeBit-EraseBytes-
#126095837	REDUCE cov: 50 ft: 434 corp: 179/3599b lim: 4096 exec/s: 442441 rss: 36Mb L: 22/34 MS: 2 EraseBytes-CopyPart-
#130673846	REDUCE cov: 50 ft: 434 corp: 179/3595b lim: 4096 exec/s: 442962 rss: 36Mb L: 24/34 MS: 4 ShuffleBytes-ChangeByte-EraseBytes-CopyPart-
#133184953	REDUCE cov: 50 ft: 434 corp: 179/3591b lim: 4096 exec/s: 442474 rss: 36Mb L: 24/34 MS: 2 CrossOver-EraseBytes-
#133757270	REDUCE cov: 50 ft: 434 corp: 179/3589b lim: 4096 exec/s: 442904 rss: 36Mb L: 16/34 MS: 2 ChangeBit-EraseBytes-
#134217728	pulse  cov: 50 ft: 434 corp: 179/3589b lim: 4096 exec/s: 442962 rss: 36Mb
#135353472	REDUCE cov: 50 ft: 434 corp: 179/3588b lim: 4096 exec/s: 442331 rss: 36Mb L: 16/34 MS: 2 EraseBytes-ChangeBit-
#143054759	REDUCE cov: 50 ft: 434 corp: 179/3586b lim: 4096 exec/s: 442893 rss: 36Mb L: 16/34 MS: 2 EraseBytes-ChangeBit-
#145138297	REDUCE cov: 50 ft: 434 corp: 179/3585b lim: 4096 exec/s: 442494 rss: 36Mb L: 15/34 MS: 3 ChangeBit-EraseBytes-CrossOver-
#157992700	REDUCE cov: 50 ft: 434 corp: 179/3584b lim: 4096 exec/s: 442556 rss: 36Mb L: 15/34 MS: 3 CopyPart-CrossOver-EraseBytes-
#160161652	REDUCE cov: 50 ft: 434 corp: 179/3576b lim: 4096 exec/s: 442435 rss: 36Mb L: 16/34 MS: 2 EraseBytes-ChangeByte-
#163471429	NEW    cov: 50 ft: 435 corp: 180/3605b lim: 4096 exec/s: 441814 rss: 36Mb L: 29/34 MS: 2 ChangeBinInt-InsertByte-
#168770116	REDUCE cov: 50 ft: 435 corp: 180/3604b lim: 4096 exec/s: 441806 rss: 36Mb L: 15/34 MS: 2 EraseBytes-ChangeByte-
#169115135	REDUCE cov: 50 ft: 435 corp: 180/3601b lim: 4096 exec/s: 441553 rss: 36Mb L: 20/34 MS: 4 ChangeASCIIInt-EraseBytes-ChangeASCIIInt-ChangeBit-
#177539905	REDUCE cov: 50 ft: 435 corp: 180/3600b lim: 4096 exec/s: 441641 rss: 36Mb L: 15/34 MS: 5 ChangeBit-EraseBytes-ChangeBinInt-ChangeBit-PersAutoDict- DE: "\377\377"-
#184314058	NEW    cov: 50 ft: 436 corp: 181/3623b lim: 4096 exec/s: 442000 rss: 36Mb L: 23/34 MS: 3 ShuffleBytes-ChangeBinInt-ChangeASCIIInt-
#203243410	REDUCE cov: 50 ft: 436 corp: 181/3622b lim: 4096 exec/s: 441833 rss: 36Mb L: 21/34 MS: 2 ChangeBit-EraseBytes-
#204440307	REDUCE cov: 50 ft: 436 corp: 181/3620b lim: 4096 exec/s: 441555 rss: 36Mb L: 16/34 MS: 2 ChangeBit-EraseBytes-
#218061055	REDUCE cov: 50 ft: 436 corp: 181/3618b lim: 4096 exec/s: 441419 rss: 36Mb L: 22/34 MS: 3 EraseBytes-ShuffleBytes-ChangeBit-
#230597059	REDUCE cov: 50 ft: 436 corp: 181/3616b lim: 4096 exec/s: 440912 rss: 36Mb L: 16/34 MS: 4 ChangeBit-ChangeBit-CopyPart-EraseBytes-
#232339006	REDUCE cov: 50 ft: 436 corp: 181/3614b lim: 4096 exec/s: 440870 rss: 36Mb L: 16/34 MS: 2 EraseBytes-ChangeBit-
#238605978	REDUCE cov: 50 ft: 436 corp: 181/3612b lim: 4096 exec/s: 441046 rss: 36Mb L: 16/34 MS: 2 ChangeBit-EraseBytes-
#244380055	REDUCE cov: 50 ft: 436 corp: 181/3610b lim: 4096 exec/s: 441119 rss: 36Mb L: 16/34 MS: 2 EraseBytes-ChangeBit-
#245854900	REDUCE cov: 50 ft: 436 corp: 181/3606b lim: 4096 exec/s: 441391 rss: 36Mb L: 18/34 MS: 5 EraseBytes-ShuffleBytes-CopyPart-EraseBytes-ChangeBinInt-
#253666595	REDUCE cov: 50 ft: 436 corp: 181/3602b lim: 4096 exec/s: 441159 rss: 36Mb L: 20/34 MS: 5 EraseBytes-ChangeBit-CopyPart-ChangeASCIIInt-ChangeBit-
==20831== libFuzzer: run interrupted; exiting
==20831== libFuzzer: run interrupted; exiting
