INFO: Running with entropic power schedule (0xFF, 100).
INFO: Seed: 2663782209
INFO: Loaded 1 modules   (70 inline 8-bit counters): 70 [0x556263f0b030, 0x556263f0b076), 
INFO: Loaded 1 PC tables (70 PCs): 70 [0xc000068000,0xc000068460), 
INFO:        8 files found in corpus
INFO: -max_len is not provided; libFuzzer will not generate inputs larger than 4096 bytes
INFO: seed corpus: files: 8 min: 1b max: 19b total: 42b rss: 29Mb
#9	INITED cov: 11 ft: 26 corp: 5/37b exec/s: 0 rss: 29Mb
#26	NEW    cov: 11 ft: 27 corp: 6/39b lim: 19 exec/s: 0 rss: 29Mb L: 2/19 MS: 2 ChangeBinInt-CopyPart-
#49	NEW    cov: 11 ft: 28 corp: 7/55b lim: 19 exec/s: 0 rss: 29Mb L: 16/19 MS: 3 ChangeBit-ChangeByte-CopyPart-
#51	NEW    cov: 11 ft: 29 corp: 8/66b lim: 19 exec/s: 0 rss: 29Mb L: 11/19 MS: 2 ShuffleBytes-CMP- DE: "K\000\000\000\000\000\000\000"-
#55	NEW    cov: 11 ft: 30 corp: 9/84b lim: 19 exec/s: 0 rss: 29Mb L: 18/19 MS: 4 ShuffleBytes-PersAutoDict-CopyPart-CMP- DE: "K\000\000\000\000\000\000\000"-"\000\000"-
#72	NEW    cov: 11 ft: 31 corp: 10/98b lim: 19 exec/s: 0 rss: 29Mb L: 14/19 MS: 2 ShuffleBytes-CrossOver-
#85	NEW    cov: 11 ft: 33 corp: 11/111b lim: 19 exec/s: 0 rss: 29Mb L: 13/19 MS: 3 ChangeByte-InsertRepeatedBytes-PersAutoDict- DE: "\000\000"-
#99	NEW    cov: 11 ft: 35 corp: 12/126b lim: 19 exec/s: 0 rss: 29Mb L: 15/19 MS: 4 CrossOver-CrossOver-ChangeByte-EraseBytes-
#507	REDUCE cov: 11 ft: 35 corp: 12/125b lim: 23 exec/s: 0 rss: 30Mb L: 17/19 MS: 3 EraseBytes-InsertRepeatedBytes-EraseBytes-
#975	REDUCE cov: 11 ft: 36 corp: 13/152b lim: 27 exec/s: 0 rss: 30Mb L: 27/27 MS: 3 InsertRepeatedBytes-CrossOver-CrossOver-
#1076	REDUCE cov: 11 ft: 36 corp: 13/148b lim: 27 exec/s: 0 rss: 30Mb L: 7/27 MS: 1 EraseBytes-
#1360	REDUCE cov: 11 ft: 36 corp: 13/147b lim: 27 exec/s: 0 rss: 30Mb L: 8/27 MS: 4 CrossOver-ShuffleBytes-InsertRepeatedBytes-EraseBytes-
#1886	NEW    cov: 11 ft: 37 corp: 14/178b lim: 31 exec/s: 0 rss: 30Mb L: 31/31 MS: 1 InsertRepeatedBytes-
#1934	NEW    cov: 11 ft: 38 corp: 15/207b lim: 31 exec/s: 0 rss: 30Mb L: 29/31 MS: 3 PersAutoDict-ChangeBinInt-CopyPart- DE: "\000\000"-
#2346	NEW    cov: 13 ft: 44 corp: 16/224b lim: 35 exec/s: 0 rss: 30Mb L: 17/31 MS: 2 CrossOver-ShuffleBytes-
#2352	NEW    cov: 13 ft: 46 corp: 17/240b lim: 35 exec/s: 0 rss: 30Mb L: 16/31 MS: 1 ChangeBinInt-
#2365	NEW    cov: 13 ft: 48 corp: 18/274b lim: 35 exec/s: 0 rss: 30Mb L: 34/34 MS: 3 EraseBytes-PersAutoDict-InsertRepeatedBytes- DE: "K\000\000\000\000\000\000\000"-
#2376	NEW    cov: 13 ft: 49 corp: 19/292b lim: 35 exec/s: 0 rss: 30Mb L: 18/34 MS: 1 PersAutoDict- DE: "\000\000"-
#2393	NEW    cov: 13 ft: 50 corp: 20/325b lim: 35 exec/s: 0 rss: 30Mb L: 33/34 MS: 2 ChangeBit-InsertRepeatedBytes-
#2474	NEW    cov: 13 ft: 52 corp: 21/347b lim: 35 exec/s: 0 rss: 30Mb L: 22/34 MS: 1 InsertRepeatedBytes-
#2669	NEW    cov: 13 ft: 53 corp: 22/372b lim: 35 exec/s: 0 rss: 30Mb L: 25/34 MS: 5 ChangeBit-PersAutoDict-ChangeBit-InsertByte-InsertRepeatedBytes- DE: "K\000\000\000\000\000\000\000"-
#2705	REDUCE cov: 13 ft: 53 corp: 22/368b lim: 35 exec/s: 0 rss: 30Mb L: 21/34 MS: 1 EraseBytes-
#2731	NEW    cov: 13 ft: 54 corp: 23/386b lim: 35 exec/s: 0 rss: 30Mb L: 18/34 MS: 1 ChangeBinInt-
#2732	NEW    cov: 13 ft: 55 corp: 24/405b lim: 35 exec/s: 0 rss: 30Mb L: 19/34 MS: 1 PersAutoDict- DE: "\000\000"-
#2738	REDUCE cov: 13 ft: 56 corp: 25/428b lim: 35 exec/s: 0 rss: 30Mb L: 23/34 MS: 1 PersAutoDict- DE: "\000\000"-
#2869	REDUCE cov: 13 ft: 57 corp: 26/459b lim: 35 exec/s: 0 rss: 30Mb L: 31/34 MS: 1 InsertRepeatedBytes-
#3128	REDUCE cov: 13 ft: 57 corp: 26/451b lim: 35 exec/s: 0 rss: 31Mb L: 23/34 MS: 4 ShuffleBytes-EraseBytes-PersAutoDict-CrossOver- DE: "\000\000"-
#3225	NEW    cov: 25 ft: 107 corp: 27/473b lim: 35 exec/s: 0 rss: 31Mb L: 22/34 MS: 2 ChangeBinInt-ChangeByte-
#3281	NEW    cov: 25 ft: 109 corp: 28/495b lim: 35 exec/s: 0 rss: 31Mb L: 22/34 MS: 1 ChangeByte-
#3343	NEW    cov: 25 ft: 110 corp: 29/517b lim: 35 exec/s: 0 rss: 31Mb L: 22/34 MS: 2 ChangeBit-ChangeBit-
#3399	NEW    cov: 25 ft: 111 corp: 30/539b lim: 35 exec/s: 0 rss: 31Mb L: 22/34 MS: 1 ChangeBinInt-
#3436	NEW    cov: 25 ft: 112 corp: 31/561b lim: 35 exec/s: 0 rss: 31Mb L: 22/34 MS: 2 CopyPart-ChangeByte-
#3535	REDUCE cov: 25 ft: 113 corp: 32/577b lim: 35 exec/s: 0 rss: 31Mb L: 16/34 MS: 4 ChangeBit-PersAutoDict-EraseBytes-EraseBytes- DE: "K\000\000\000\000\000\000\000"-
#3612	REDUCE cov: 25 ft: 114 corp: 33/597b lim: 35 exec/s: 0 rss: 31Mb L: 20/34 MS: 2 ChangeBinInt-CrossOver-
#3626	REDUCE cov: 25 ft: 114 corp: 33/595b lim: 35 exec/s: 0 rss: 31Mb L: 16/34 MS: 4 ChangeBit-InsertByte-ChangeByte-CrossOver-
#3682	NEW    cov: 25 ft: 115 corp: 34/617b lim: 35 exec/s: 0 rss: 31Mb L: 22/34 MS: 1 CMP- DE: "\001\000\000\000\000\000\000\022"-
#3709	REDUCE cov: 25 ft: 115 corp: 34/616b lim: 35 exec/s: 0 rss: 31Mb L: 15/34 MS: 2 InsertByte-EraseBytes-
#3761	NEW    cov: 25 ft: 117 corp: 35/638b lim: 35 exec/s: 0 rss: 31Mb L: 22/34 MS: 2 ChangeBit-ChangeBinInt-
#3762	NEW    cov: 25 ft: 119 corp: 36/658b lim: 35 exec/s: 0 rss: 31Mb L: 20/34 MS: 1 InsertByte-
#3898	REDUCE cov: 25 ft: 119 corp: 36/657b lim: 35 exec/s: 0 rss: 31Mb L: 17/34 MS: 1 EraseBytes-
#4008	REDUCE cov: 25 ft: 119 corp: 36/654b lim: 35 exec/s: 0 rss: 31Mb L: 19/34 MS: 5 InsertRepeatedBytes-CrossOver-EraseBytes-EraseBytes-PersAutoDict- DE: "\000\000"-
#4077	NEW    cov: 25 ft: 120 corp: 37/674b lim: 35 exec/s: 0 rss: 31Mb L: 20/34 MS: 4 ChangeBinInt-CMP-ChangeByte-InsertByte- DE: "#\000\000\000\000\000\000\000"-
#4114	REDUCE cov: 25 ft: 120 corp: 37/673b lim: 35 exec/s: 0 rss: 31Mb L: 18/34 MS: 2 EraseBytes-CopyPart-
#4186	NEW    cov: 25 ft: 121 corp: 38/693b lim: 35 exec/s: 0 rss: 31Mb L: 20/34 MS: 2 ChangeByte-CMP- DE: "\020\000\000\000\000\000\000\000"-
#4239	REDUCE cov: 25 ft: 121 corp: 38/687b lim: 35 exec/s: 0 rss: 31Mb L: 17/34 MS: 3 ChangeByte-EraseBytes-EraseBytes-
#4300	NEW    cov: 25 ft: 123 corp: 39/709b lim: 35 exec/s: 0 rss: 31Mb L: 22/34 MS: 1 ChangeByte-
#4399	REDUCE cov: 25 ft: 123 corp: 39/707b lim: 35 exec/s: 0 rss: 31Mb L: 15/34 MS: 4 CMP-CrossOver-CopyPart-EraseBytes- DE: "\000\000"-
#4435	NEW    cov: 25 ft: 124 corp: 40/727b lim: 35 exec/s: 0 rss: 31Mb L: 20/34 MS: 1 ChangeBinInt-
#4459	NEW    cov: 25 ft: 125 corp: 41/752b lim: 35 exec/s: 0 rss: 31Mb L: 25/34 MS: 4 ShuffleBytes-ChangeBit-InsertRepeatedBytes-EraseBytes-
#4744	REDUCE cov: 25 ft: 125 corp: 41/750b lim: 35 exec/s: 0 rss: 31Mb L: 18/34 MS: 5 ShuffleBytes-InsertRepeatedBytes-EraseBytes-CMP-ChangeByte- DE: "\017\000\000\000\000\000\000\000"-
#4953	REDUCE cov: 25 ft: 125 corp: 41/748b lim: 35 exec/s: 0 rss: 31Mb L: 15/34 MS: 4 CopyPart-CrossOver-EraseBytes-InsertByte-
#4960	REDUCE cov: 25 ft: 125 corp: 41/743b lim: 35 exec/s: 0 rss: 31Mb L: 20/34 MS: 2 CopyPart-EraseBytes-
#5321	REDUCE cov: 25 ft: 125 corp: 41/741b lim: 35 exec/s: 0 rss: 31Mb L: 18/34 MS: 1 EraseBytes-
#6196	NEW    cov: 25 ft: 126 corp: 42/771b lim: 40 exec/s: 0 rss: 31Mb L: 30/34 MS: 5 CopyPart-InsertByte-PersAutoDict-ChangeBit-EraseBytes- DE: "K\000\000\000\000\000\000\000"-
#6839	REDUCE cov: 25 ft: 126 corp: 42/767b lim: 45 exec/s: 0 rss: 31Mb L: 26/34 MS: 3 ChangeBinInt-ShuffleBytes-EraseBytes-
#7104	REDUCE cov: 25 ft: 127 corp: 43/785b lim: 45 exec/s: 0 rss: 31Mb L: 18/34 MS: 5 ChangeByte-InsertByte-CrossOver-CMP-ChangeBinInt- DE: "\001\000\000\000\000\000\000\034"-
#7142	REDUCE cov: 25 ft: 127 corp: 43/782b lim: 45 exec/s: 0 rss: 31Mb L: 23/34 MS: 3 ChangeByte-InsertByte-EraseBytes-
#7155	REDUCE cov: 25 ft: 127 corp: 43/780b lim: 45 exec/s: 0 rss: 31Mb L: 19/34 MS: 3 ChangeBinInt-CopyPart-EraseBytes-
#7887	REDUCE cov: 30 ft: 145 corp: 44/798b lim: 50 exec/s: 0 rss: 31Mb L: 18/34 MS: 2 CopyPart-CrossOver-
#7938	REDUCE cov: 30 ft: 145 corp: 44/790b lim: 50 exec/s: 0 rss: 31Mb L: 15/34 MS: 1 EraseBytes-
#8166	REDUCE cov: 30 ft: 145 corp: 44/788b lim: 50 exec/s: 0 rss: 32Mb L: 16/34 MS: 3 InsertByte-ShuffleBytes-EraseBytes-
#8489	REDUCE cov: 30 ft: 146 corp: 45/808b lim: 50 exec/s: 0 rss: 32Mb L: 20/34 MS: 3 PersAutoDict-InsertByte-InsertByte- DE: "\020\000\000\000\000\000\000\000"-
#9235	NEW    cov: 30 ft: 148 corp: 46/826b lim: 55 exec/s: 0 rss: 32Mb L: 18/34 MS: 1 ChangeByte-
#9416	REDUCE cov: 30 ft: 156 corp: 47/842b lim: 55 exec/s: 0 rss: 32Mb L: 16/34 MS: 1 InsertByte-
#9450	NEW    cov: 30 ft: 158 corp: 48/860b lim: 55 exec/s: 0 rss: 32Mb L: 18/34 MS: 4 EraseBytes-CrossOver-ChangeBinInt-ChangeBinInt-
#9453	REDUCE cov: 30 ft: 158 corp: 48/856b lim: 55 exec/s: 0 rss: 32Mb L: 15/34 MS: 3 InsertByte-InsertByte-EraseBytes-
#9464	NEW    cov: 30 ft: 169 corp: 49/874b lim: 55 exec/s: 0 rss: 32Mb L: 18/34 MS: 1 ChangeBit-
#9480	NEW    cov: 30 ft: 171 corp: 50/892b lim: 55 exec/s: 0 rss: 32Mb L: 18/34 MS: 1 ChangeByte-
#9682	NEW    cov: 30 ft: 173 corp: 51/910b lim: 55 exec/s: 0 rss: 32Mb L: 18/34 MS: 2 ChangeByte-CopyPart-
#9753	NEW    cov: 30 ft: 175 corp: 52/928b lim: 55 exec/s: 0 rss: 32Mb L: 18/34 MS: 1 CopyPart-
#9869	NEW    cov: 30 ft: 181 corp: 53/946b lim: 55 exec/s: 0 rss: 32Mb L: 18/34 MS: 1 ShuffleBytes-
#9897	REDUCE cov: 30 ft: 183 corp: 54/970b lim: 55 exec/s: 0 rss: 32Mb L: 24/34 MS: 3 PersAutoDict-InsertByte-ChangeBit- DE: "\001\000\000\000\000\000\000\022"-
#10113	NEW    cov: 30 ft: 187 corp: 55/988b lim: 55 exec/s: 0 rss: 32Mb L: 18/34 MS: 1 CopyPart-
#10364	NEW    cov: 30 ft: 189 corp: 56/1006b lim: 55 exec/s: 0 rss: 32Mb L: 18/34 MS: 1 ChangeBit-
#10547	REDUCE cov: 30 ft: 190 corp: 57/1026b lim: 55 exec/s: 0 rss: 32Mb L: 20/34 MS: 3 InsertByte-InsertByte-CopyPart-
#10973	NEW    cov: 30 ft: 191 corp: 58/1046b lim: 55 exec/s: 0 rss: 32Mb L: 20/34 MS: 1 ChangeByte-
#10978	NEW    cov: 30 ft: 192 corp: 59/1069b lim: 55 exec/s: 0 rss: 32Mb L: 23/34 MS: 5 ChangeByte-ChangeBit-ChangeByte-ChangeBinInt-CrossOver-
#11099	NEW    cov: 30 ft: 194 corp: 60/1087b lim: 55 exec/s: 0 rss: 32Mb L: 18/34 MS: 1 ChangeBinInt-
#12921	NEW    cov: 30 ft: 196 corp: 61/1105b lim: 71 exec/s: 0 rss: 33Mb L: 18/34 MS: 2 ChangeBinInt-ShuffleBytes-
#12967	NEW    cov: 30 ft: 198 corp: 62/1133b lim: 71 exec/s: 0 rss: 33Mb L: 28/34 MS: 1 CrossOver-
#13676	REDUCE cov: 30 ft: 198 corp: 62/1131b lim: 77 exec/s: 0 rss: 33Mb L: 22/34 MS: 4 ChangeByte-ShuffleBytes-EraseBytes-InsertByte-
#13955	REDUCE cov: 30 ft: 199 corp: 63/1146b lim: 77 exec/s: 0 rss: 33Mb L: 15/34 MS: 4 CopyPart-CMP-ChangeByte-CrossOver- DE: "\035\000\000\000\000\000\000\000"-
#14491	NEW    cov: 30 ft: 201 corp: 64/1164b lim: 77 exec/s: 0 rss: 33Mb L: 18/34 MS: 1 ShuffleBytes-
#14656	REDUCE cov: 30 ft: 201 corp: 64/1163b lim: 77 exec/s: 0 rss: 33Mb L: 15/34 MS: 5 InsertRepeatedBytes-ChangeBinInt-ChangeBit-EraseBytes-CrossOver-
#16723	REDUCE cov: 30 ft: 201 corp: 64/1162b lim: 95 exec/s: 0 rss: 33Mb L: 17/34 MS: 2 CopyPart-EraseBytes-
#22088	REDUCE cov: 30 ft: 201 corp: 64/1156b lim: 145 exec/s: 0 rss: 35Mb L: 17/34 MS: 5 ChangeBinInt-CrossOver-ShuffleBytes-EraseBytes-ChangeBinInt-
#23484	REDUCE cov: 30 ft: 201 corp: 64/1155b lim: 152 exec/s: 0 rss: 35Mb L: 15/34 MS: 1 EraseBytes-
#25317	NEW    cov: 30 ft: 202 corp: 65/1175b lim: 166 exec/s: 0 rss: 35Mb L: 20/34 MS: 3 InsertByte-CopyPart-InsertByte-
#27263	NEW    cov: 31 ft: 207 corp: 66/1193b lim: 180 exec/s: 0 rss: 35Mb L: 18/34 MS: 1 ChangeByte-
#29769	NEW    cov: 31 ft: 208 corp: 67/1211b lim: 201 exec/s: 0 rss: 35Mb L: 18/34 MS: 1 ShuffleBytes-
#31165	NEW    cov: 31 ft: 209 corp: 68/1229b lim: 208 exec/s: 0 rss: 35Mb L: 18/34 MS: 1 ShuffleBytes-
#32053	NEW    cov: 31 ft: 210 corp: 69/1247b lim: 215 exec/s: 0 rss: 35Mb L: 18/34 MS: 3 ShuffleBytes-ChangeBit-ShuffleBytes-
#32669	NEW    cov: 31 ft: 211 corp: 70/1265b lim: 215 exec/s: 0 rss: 35Mb L: 18/34 MS: 1 ShuffleBytes-
#34121	REDUCE cov: 31 ft: 211 corp: 70/1264b lim: 229 exec/s: 0 rss: 35Mb L: 16/34 MS: 2 EraseBytes-ChangeByte-
#35627	NEW    cov: 31 ft: 212 corp: 71/1282b lim: 243 exec/s: 0 rss: 35Mb L: 18/34 MS: 1 CopyPart-
#36558	NEW    cov: 31 ft: 213 corp: 72/1300b lim: 250 exec/s: 0 rss: 35Mb L: 18/34 MS: 1 ShuffleBytes-
#37276	NEW    cov: 33 ft: 222 corp: 73/1320b lim: 257 exec/s: 0 rss: 35Mb L: 20/34 MS: 3 ShuffleBytes-ShuffleBytes-CopyPart-
#37872	NEW    cov: 33 ft: 223 corp: 74/1338b lim: 257 exec/s: 0 rss: 35Mb L: 18/34 MS: 1 ShuffleBytes-
#37883	NEW    cov: 33 ft: 224 corp: 75/1358b lim: 257 exec/s: 0 rss: 35Mb L: 20/34 MS: 1 ChangeByte-
#38574	NEW    cov: 34 ft: 227 corp: 76/1376b lim: 257 exec/s: 0 rss: 35Mb L: 18/34 MS: 1 ChangeByte-
#39366	NEW    cov: 34 ft: 228 corp: 77/1394b lim: 257 exec/s: 0 rss: 35Mb L: 18/34 MS: 2 CrossOver-CrossOver-
#39883	NEW    cov: 35 ft: 229 corp: 78/1414b lim: 257 exec/s: 0 rss: 35Mb L: 20/34 MS: 2 ShuffleBytes-ChangeBit-
#39925	NEW    cov: 35 ft: 230 corp: 79/1434b lim: 257 exec/s: 0 rss: 35Mb L: 20/34 MS: 2 ChangeBit-ShuffleBytes-
#40351	NEW    cov: 35 ft: 231 corp: 80/1454b lim: 257 exec/s: 0 rss: 35Mb L: 20/34 MS: 1 ShuffleBytes-
#41372	NEW    cov: 35 ft: 232 corp: 81/1472b lim: 265 exec/s: 0 rss: 35Mb L: 18/34 MS: 1 ChangeByte-
#43288	NEW    cov: 35 ft: 233 corp: 82/1492b lim: 281 exec/s: 0 rss: 35Mb L: 20/34 MS: 1 CopyPart-
#43549	NEW    cov: 35 ft: 234 corp: 83/1512b lim: 281 exec/s: 0 rss: 35Mb L: 20/34 MS: 1 ShuffleBytes-
#44135	NEW    cov: 35 ft: 235 corp: 84/1532b lim: 281 exec/s: 0 rss: 35Mb L: 20/34 MS: 1 ShuffleBytes-
#45144	REDUCE cov: 35 ft: 235 corp: 84/1530b lim: 289 exec/s: 0 rss: 35Mb L: 20/34 MS: 4 CMP-CopyPart-ShuffleBytes-EraseBytes- DE: "\377\377\377\377"-
#48552	NEW    cov: 35 ft: 237 corp: 85/1550b lim: 321 exec/s: 0 rss: 35Mb L: 20/34 MS: 3 EraseBytes-InsertByte-CrossOver-
#48698	NEW    cov: 35 ft: 238 corp: 86/1570b lim: 321 exec/s: 0 rss: 35Mb L: 20/34 MS: 1 ShuffleBytes-
#49479	NEW    cov: 35 ft: 239 corp: 87/1588b lim: 321 exec/s: 0 rss: 35Mb L: 18/34 MS: 1 ShuffleBytes-
#53370	NEW    cov: 47 ft: 296 corp: 88/1608b lim: 353 exec/s: 0 rss: 36Mb L: 20/34 MS: 1 CopyPart-
#53806	NEW    cov: 47 ft: 297 corp: 89/1626b lim: 353 exec/s: 0 rss: 36Mb L: 18/34 MS: 1 ShuffleBytes-
#62588	NEW    cov: 47 ft: 298 corp: 90/1644b lim: 433 exec/s: 0 rss: 36Mb L: 18/34 MS: 2 ChangeBit-ChangeBinInt-
#63634	NEW    cov: 47 ft: 300 corp: 91/1664b lim: 441 exec/s: 0 rss: 36Mb L: 20/34 MS: 1 ChangeBit-
#69535	NEW    cov: 49 ft: 308 corp: 92/1684b lim: 497 exec/s: 0 rss: 36Mb L: 20/34 MS: 1 ChangeBit-
#69893	REDUCE cov: 49 ft: 308 corp: 92/1682b lim: 497 exec/s: 0 rss: 36Mb L: 16/34 MS: 3 EraseBytes-ChangeByte-InsertByte-
#70659	NEW    cov: 49 ft: 310 corp: 93/1710b lim: 497 exec/s: 0 rss: 36Mb L: 28/34 MS: 1 CrossOver-
#71060	NEW    cov: 49 ft: 312 corp: 94/1730b lim: 497 exec/s: 0 rss: 36Mb L: 20/34 MS: 1 ChangeBit-
#75967	REDUCE cov: 49 ft: 312 corp: 94/1728b lim: 540 exec/s: 0 rss: 36Mb L: 16/34 MS: 2 ChangeBinInt-EraseBytes-
#76618	NEW    cov: 49 ft: 313 corp: 95/1746b lim: 540 exec/s: 0 rss: 36Mb L: 18/34 MS: 1 ShuffleBytes-
#77777	REDUCE cov: 49 ft: 313 corp: 95/1742b lim: 549 exec/s: 0 rss: 36Mb L: 15/34 MS: 4 ChangeByte-ChangeBit-ChangeByte-EraseBytes-
#78449	NEW    cov: 49 ft: 315 corp: 96/1762b lim: 549 exec/s: 0 rss: 36Mb L: 20/34 MS: 2 ChangeBit-ChangeBit-
#80776	REDUCE cov: 49 ft: 315 corp: 96/1761b lim: 567 exec/s: 0 rss: 36Mb L: 15/34 MS: 2 InsertByte-EraseBytes-
#84377	NEW    cov: 49 ft: 317 corp: 97/1781b lim: 594 exec/s: 0 rss: 36Mb L: 20/34 MS: 1 ChangeBit-
#85475	REDUCE cov: 49 ft: 317 corp: 97/1779b lim: 603 exec/s: 0 rss: 36Mb L: 16/34 MS: 3 EraseBytes-ShuffleBytes-ChangeBit-
#85481	NEW    cov: 49 ft: 318 corp: 98/1797b lim: 603 exec/s: 0 rss: 36Mb L: 18/34 MS: 1 ShuffleBytes-
#85732	NEW    cov: 49 ft: 319 corp: 99/1815b lim: 603 exec/s: 0 rss: 36Mb L: 18/34 MS: 1 ChangeBinInt-
#89228	NEW    cov: 49 ft: 320 corp: 100/1835b lim: 630 exec/s: 0 rss: 36Mb L: 20/34 MS: 1 ChangeBit-
#89493	REDUCE cov: 49 ft: 320 corp: 100/1829b lim: 630 exec/s: 0 rss: 36Mb L: 16/34 MS: 5 EraseBytes-ChangeBinInt-ChangeByte-ChangeBinInt-InsertByte-
#113000	REDUCE cov: 49 ft: 320 corp: 100/1827b lim: 855 exec/s: 0 rss: 36Mb L: 18/34 MS: 2 ChangeBinInt-EraseBytes-
#138826	NEW    cov: 49 ft: 321 corp: 101/1847b lim: 1106 exec/s: 0 rss: 36Mb L: 20/34 MS: 1 ChangeBit-
#144684	REDUCE cov: 49 ft: 321 corp: 101/1845b lim: 1156 exec/s: 0 rss: 36Mb L: 16/34 MS: 3 ChangeBit-EraseBytes-CrossOver-
#148464	REDUCE cov: 49 ft: 321 corp: 101/1843b lim: 1186 exec/s: 0 rss: 36Mb L: 16/34 MS: 5 CMP-ChangeBit-ChangeByte-CMP-EraseBytes- DE: "\001\000\000i"-"b\000"-
#149496	REDUCE cov: 49 ft: 321 corp: 101/1841b lim: 1196 exec/s: 0 rss: 36Mb L: 18/34 MS: 2 EraseBytes-CopyPart-
#150613	REDUCE cov: 49 ft: 321 corp: 101/1839b lim: 1206 exec/s: 0 rss: 36Mb L: 15/34 MS: 2 CopyPart-EraseBytes-
#155970	REDUCE cov: 49 ft: 321 corp: 101/1836b lim: 1256 exec/s: 0 rss: 36Mb L: 17/34 MS: 2 ChangeBit-EraseBytes-
#163191	NEW    cov: 49 ft: 322 corp: 102/1854b lim: 1326 exec/s: 0 rss: 36Mb L: 18/34 MS: 1 ShuffleBytes-
#164145	NEW    cov: 49 ft: 323 corp: 103/1872b lim: 1326 exec/s: 0 rss: 36Mb L: 18/34 MS: 4 ChangeBit-ShuffleBytes-ShuffleBytes-ChangeBit-
#165517	NEW    cov: 49 ft: 326 corp: 104/1892b lim: 1336 exec/s: 0 rss: 36Mb L: 20/34 MS: 2 CopyPart-ChangeASCIIInt-
#165598	NEW    cov: 49 ft: 327 corp: 105/1910b lim: 1336 exec/s: 0 rss: 36Mb L: 18/34 MS: 1 ShuffleBytes-
#182940	REDUCE cov: 49 ft: 327 corp: 105/1908b lim: 1506 exec/s: 0 rss: 36Mb L: 16/34 MS: 2 ChangeBit-EraseBytes-
#195021	NEW    cov: 49 ft: 328 corp: 106/1926b lim: 1626 exec/s: 0 rss: 36Mb L: 18/34 MS: 1 ChangeByte-
#195089	REDUCE cov: 49 ft: 328 corp: 106/1922b lim: 1626 exec/s: 0 rss: 36Mb L: 16/34 MS: 3 CrossOver-ChangeBit-EraseBytes-
#195851	REDUCE cov: 49 ft: 329 corp: 107/1938b lim: 1626 exec/s: 0 rss: 36Mb L: 16/34 MS: 2 ShuffleBytes-ChangeBinInt-
#197717	NEW    cov: 49 ft: 330 corp: 108/1954b lim: 1636 exec/s: 0 rss: 36Mb L: 16/34 MS: 1 ChangeBinInt-
#198054	REDUCE cov: 49 ft: 330 corp: 108/1952b lim: 1636 exec/s: 0 rss: 36Mb L: 16/34 MS: 2 EraseBytes-InsertByte-
#205880	NEW    cov: 49 ft: 331 corp: 109/1968b lim: 1706 exec/s: 0 rss: 36Mb L: 16/34 MS: 1 ChangeBit-
#223494	REDUCE cov: 49 ft: 331 corp: 109/1966b lim: 1876 exec/s: 0 rss: 36Mb L: 20/34 MS: 4 CrossOver-InsertByte-ChangeBit-EraseBytes-
#246284	REDUCE cov: 49 ft: 331 corp: 109/1964b lim: 2100 exec/s: 0 rss: 36Mb L: 16/34 MS: 5 ChangeBinInt-EraseBytes-ChangeBit-ChangeBit-CrossOver-
#246906	REDUCE cov: 49 ft: 331 corp: 109/1962b lim: 2100 exec/s: 0 rss: 36Mb L: 16/34 MS: 2 EraseBytes-PersAutoDict- DE: "\377\377\377\377"-
#266954	REDUCE cov: 49 ft: 331 corp: 109/1960b lim: 2298 exec/s: 0 rss: 36Mb L: 18/34 MS: 3 EraseBytes-ChangeBit-ChangeByte-
#267362	REDUCE cov: 49 ft: 331 corp: 109/1958b lim: 2298 exec/s: 0 rss: 36Mb L: 18/34 MS: 3 EraseBytes-ChangeBinInt-PersAutoDict- DE: "\377\377\377\377"-
#288419	NEW    cov: 49 ft: 333 corp: 110/1978b lim: 2507 exec/s: 0 rss: 36Mb L: 20/34 MS: 2 ShuffleBytes-ChangeASCIIInt-
#290082	REDUCE cov: 49 ft: 334 corp: 111/1994b lim: 2518 exec/s: 0 rss: 36Mb L: 16/34 MS: 3 ChangeASCIIInt-ChangeByte-ShuffleBytes-
#299148	NEW    cov: 49 ft: 335 corp: 112/2010b lim: 2606 exec/s: 0 rss: 36Mb L: 16/34 MS: 1 CopyPart-
#300459	NEW    cov: 49 ft: 336 corp: 113/2026b lim: 2617 exec/s: 0 rss: 36Mb L: 16/34 MS: 1 CrossOver-
#302601	NEW    cov: 49 ft: 337 corp: 114/2042b lim: 2628 exec/s: 0 rss: 36Mb L: 16/34 MS: 2 ChangeASCIIInt-CrossOver-
#305678	NEW    cov: 49 ft: 338 corp: 115/2058b lim: 2650 exec/s: 0 rss: 36Mb L: 16/34 MS: 2 ChangeBit-ChangeByte-
#307924	NEW    cov: 49 ft: 339 corp: 116/2074b lim: 2672 exec/s: 0 rss: 36Mb L: 16/34 MS: 1 ChangeBit-
#309571	NEW    cov: 49 ft: 340 corp: 117/2090b lim: 2683 exec/s: 0 rss: 36Mb L: 16/34 MS: 2 ChangeASCIIInt-ChangeASCIIInt-
#310479	NEW    cov: 49 ft: 341 corp: 118/2110b lim: 2683 exec/s: 0 rss: 36Mb L: 20/34 MS: 3 CopyPart-ChangeASCIIInt-ShuffleBytes-
#312611	REDUCE cov: 49 ft: 341 corp: 118/2108b lim: 2694 exec/s: 0 rss: 36Mb L: 20/34 MS: 2 EraseBytes-ChangeBit-
#313642	NEW    cov: 49 ft: 342 corp: 119/2124b lim: 2694 exec/s: 0 rss: 36Mb L: 16/34 MS: 1 ChangeASCIIInt-
#318220	NEW    cov: 49 ft: 343 corp: 120/2140b lim: 2738 exec/s: 0 rss: 36Mb L: 16/34 MS: 3 ChangeByte-ChangeASCIIInt-ChangeBit-
#320449	NEW    cov: 49 ft: 344 corp: 121/2156b lim: 2760 exec/s: 0 rss: 36Mb L: 16/34 MS: 4 InsertByte-CrossOver-EraseBytes-InsertByte-
#321995	NEW    cov: 49 ft: 345 corp: 122/2172b lim: 2771 exec/s: 0 rss: 36Mb L: 16/34 MS: 1 ChangeBit-
#323792	NEW    cov: 49 ft: 346 corp: 123/2188b lim: 2782 exec/s: 0 rss: 36Mb L: 16/34 MS: 2 ChangeASCIIInt-CopyPart-
#324473	NEW    cov: 49 ft: 348 corp: 124/2204b lim: 2782 exec/s: 0 rss: 36Mb L: 16/34 MS: 1 ChangeByte-
#328014	NEW    cov: 49 ft: 349 corp: 125/2220b lim: 2815 exec/s: 0 rss: 36Mb L: 16/34 MS: 1 CrossOver-
#328400	NEW    cov: 49 ft: 351 corp: 126/2236b lim: 2815 exec/s: 0 rss: 36Mb L: 16/34 MS: 1 ChangeASCIIInt-
#331111	NEW    cov: 49 ft: 353 corp: 127/2256b lim: 2837 exec/s: 0 rss: 36Mb L: 20/34 MS: 1 ChangeBinInt-
#332317	NEW    cov: 49 ft: 354 corp: 128/2272b lim: 2848 exec/s: 0 rss: 36Mb L: 16/34 MS: 1 ChangeASCIIInt-
#334041	REDUCE cov: 49 ft: 354 corp: 128/2271b lim: 2859 exec/s: 0 rss: 36Mb L: 19/34 MS: 4 EraseBytes-InsertByte-ChangeByte-ChangeBinInt-
#334288	NEW    cov: 49 ft: 355 corp: 129/2287b lim: 2859 exec/s: 0 rss: 36Mb L: 16/34 MS: 2 ChangeBit-ChangeASCIIInt-
#337144	NEW    cov: 49 ft: 356 corp: 130/2303b lim: 2881 exec/s: 0 rss: 36Mb L: 16/34 MS: 1 ChangeBit-
#343690	NEW    cov: 49 ft: 357 corp: 131/2319b lim: 2936 exec/s: 0 rss: 36Mb L: 16/34 MS: 1 ChangeASCIIInt-
#348271	NEW    cov: 49 ft: 358 corp: 132/2335b lim: 2980 exec/s: 0 rss: 36Mb L: 16/34 MS: 1 CopyPart-
#349207	NEW    cov: 49 ft: 359 corp: 133/2351b lim: 2980 exec/s: 0 rss: 36Mb L: 16/34 MS: 1 CopyPart-
#351164	NEW    cov: 49 ft: 360 corp: 134/2367b lim: 2991 exec/s: 0 rss: 36Mb L: 16/34 MS: 2 ChangeASCIIInt-ChangeASCIIInt-
#356820	NEW    cov: 49 ft: 361 corp: 135/2383b lim: 3046 exec/s: 0 rss: 36Mb L: 16/34 MS: 1 ShuffleBytes-
#358332	REDUCE cov: 49 ft: 361 corp: 135/2381b lim: 3057 exec/s: 0 rss: 36Mb L: 17/34 MS: 2 ChangeByte-EraseBytes-
#360613	NEW    cov: 49 ft: 367 corp: 136/2401b lim: 3079 exec/s: 0 rss: 36Mb L: 20/34 MS: 1 CrossOver-
#368574	NEW    cov: 49 ft: 368 corp: 137/2417b lim: 3156 exec/s: 0 rss: 36Mb L: 16/34 MS: 1 ChangeByte-
#371150	NEW    cov: 49 ft: 369 corp: 138/2433b lim: 3178 exec/s: 0 rss: 36Mb L: 16/34 MS: 1 ChangeASCIIInt-
#372281	NEW    cov: 49 ft: 370 corp: 139/2449b lim: 3189 exec/s: 0 rss: 36Mb L: 16/34 MS: 1 CopyPart-
#374232	NEW    cov: 49 ft: 371 corp: 140/2465b lim: 3200 exec/s: 0 rss: 36Mb L: 16/34 MS: 1 CopyPart-
#374273	NEW    cov: 49 ft: 372 corp: 141/2481b lim: 3200 exec/s: 0 rss: 36Mb L: 16/34 MS: 1 ChangeASCIIInt-
#375549	NEW    cov: 49 ft: 373 corp: 142/2497b lim: 3211 exec/s: 0 rss: 36Mb L: 16/34 MS: 1 ChangeASCIIInt-
#379360	NEW    cov: 49 ft: 374 corp: 143/2513b lim: 3244 exec/s: 0 rss: 36Mb L: 16/34 MS: 1 ChangeASCIIInt-
#382451	NEW    cov: 49 ft: 375 corp: 144/2529b lim: 3266 exec/s: 0 rss: 36Mb L: 16/34 MS: 1 ChangeASCIIInt-
#416372	NEW    cov: 49 ft: 376 corp: 145/2549b lim: 3596 exec/s: 416372 rss: 36Mb L: 20/34 MS: 2 ChangeBit-ShuffleBytes-
#432657	REDUCE cov: 49 ft: 376 corp: 145/2547b lim: 3750 exec/s: 432657 rss: 36Mb L: 16/34 MS: 5 ChangeBinInt-CopyPart-CopyPart-EraseBytes-PersAutoDict- DE: "\377\377\377\377"-
#485585	REDUCE cov: 49 ft: 376 corp: 145/2543b lim: 4096 exec/s: 485585 rss: 36Mb L: 16/34 MS: 3 ChangeBit-ShuffleBytes-EraseBytes-
#520167	NEW    cov: 49 ft: 377 corp: 146/2563b lim: 4096 exec/s: 520167 rss: 36Mb L: 20/34 MS: 2 ShuffleBytes-ChangeBit-
#522085	REDUCE cov: 49 ft: 377 corp: 146/2561b lim: 4096 exec/s: 522085 rss: 36Mb L: 16/34 MS: 3 ShuffleBytes-ChangeBit-EraseBytes-
#557545	REDUCE cov: 49 ft: 377 corp: 146/2560b lim: 4096 exec/s: 557545 rss: 36Mb L: 22/34 MS: 5 PersAutoDict-ChangeBinInt-EraseBytes-ChangeByte-ChangeByte- DE: "b\000"-
#608233	NEW    cov: 49 ft: 378 corp: 147/2580b lim: 4096 exec/s: 608233 rss: 36Mb L: 20/34 MS: 3 ChangeBinInt-CopyPart-ChangeASCIIInt-
#611895	NEW    cov: 49 ft: 384 corp: 148/2600b lim: 4096 exec/s: 611895 rss: 36Mb L: 20/34 MS: 2 ChangeByte-ChangeASCIIInt-
#638059	NEW    cov: 49 ft: 385 corp: 149/2621b lim: 4096 exec/s: 638059 rss: 36Mb L: 21/34 MS: 4 CrossOver-CopyPart-ChangeByte-ChangeBinInt-
#638578	REDUCE cov: 49 ft: 385 corp: 149/2620b lim: 4096 exec/s: 638578 rss: 36Mb L: 20/34 MS: 4 ChangeBinInt-ShuffleBytes-CopyPart-EraseBytes-
#638604	REDUCE cov: 49 ft: 385 corp: 149/2615b lim: 4096 exec/s: 638604 rss: 36Mb L: 15/34 MS: 1 EraseBytes-
#653497	REDUCE cov: 49 ft: 385 corp: 149/2613b lim: 4096 exec/s: 653497 rss: 36Mb L: 20/34 MS: 3 CopyPart-ChangeBinInt-EraseBytes-
#662544	NEW    cov: 49 ft: 386 corp: 150/2633b lim: 4096 exec/s: 662544 rss: 36Mb L: 20/34 MS: 2 CrossOver-ChangeBinInt-
#664381	REDUCE cov: 49 ft: 386 corp: 150/2631b lim: 4096 exec/s: 664381 rss: 36Mb L: 20/34 MS: 2 CrossOver-EraseBytes-
#696475	REDUCE cov: 49 ft: 386 corp: 150/2629b lim: 4096 exec/s: 696475 rss: 36Mb L: 16/34 MS: 4 EraseBytes-ChangeBit-ChangeBit-CrossOver-
#724745	REDUCE cov: 49 ft: 386 corp: 150/2627b lim: 4096 exec/s: 724745 rss: 36Mb L: 20/34 MS: 5 EraseBytes-ChangeBinInt-ChangeBinInt-ChangeByte-ChangeBinInt-
#774272	REDUCE cov: 49 ft: 387 corp: 151/2643b lim: 4096 exec/s: 774272 rss: 36Mb L: 16/34 MS: 2 ShuffleBytes-ChangeBinInt-
#817179	REDUCE cov: 49 ft: 387 corp: 151/2641b lim: 4096 exec/s: 817179 rss: 36Mb L: 16/34 MS: 2 EraseBytes-InsertByte-
#825162	REDUCE cov: 49 ft: 387 corp: 151/2639b lim: 4096 exec/s: 825162 rss: 36Mb L: 18/34 MS: 3 ChangeBit-ChangeBinInt-EraseBytes-
#895796	REDUCE cov: 49 ft: 387 corp: 151/2637b lim: 4096 exec/s: 447898 rss: 36Mb L: 18/34 MS: 4 ChangeByte-CopyPart-EraseBytes-ChangeBinInt-
#915485	REDUCE cov: 49 ft: 387 corp: 151/2635b lim: 4096 exec/s: 457742 rss: 36Mb L: 18/34 MS: 4 EraseBytes-ShuffleBytes-ChangeBinInt-InsertByte-
#931242	NEW    cov: 49 ft: 390 corp: 152/2655b lim: 4096 exec/s: 465621 rss: 36Mb L: 20/34 MS: 2 ChangeASCIIInt-ShuffleBytes-
#951176	REDUCE cov: 49 ft: 390 corp: 152/2654b lim: 4096 exec/s: 475588 rss: 36Mb L: 15/34 MS: 4 ChangeBit-EraseBytes-ShuffleBytes-ChangeBit-
#1036991	REDUCE cov: 49 ft: 390 corp: 152/2652b lim: 4096 exec/s: 518495 rss: 36Mb L: 16/34 MS: 5 ChangeBit-ChangeByte-InsertByte-ChangeByte-EraseBytes-
#1044169	REDUCE cov: 49 ft: 390 corp: 152/2650b lim: 4096 exec/s: 522084 rss: 36Mb L: 16/34 MS: 3 ChangeByte-ChangeBinInt-EraseBytes-
#1048576	pulse  cov: 49 ft: 390 corp: 152/2650b lim: 4096 exec/s: 524288 rss: 36Mb
#1051838	REDUCE cov: 49 ft: 390 corp: 152/2648b lim: 4096 exec/s: 525919 rss: 36Mb L: 18/34 MS: 4 InsertByte-PersAutoDict-ChangeByte-EraseBytes- DE: "b\000"-
#1075050	REDUCE cov: 49 ft: 390 corp: 152/2646b lim: 4096 exec/s: 537525 rss: 36Mb L: 16/34 MS: 2 EraseBytes-ChangeBinInt-
#1103429	REDUCE cov: 49 ft: 390 corp: 152/2644b lim: 4096 exec/s: 551714 rss: 36Mb L: 16/34 MS: 4 ChangeByte-ShuffleBytes-CMP-EraseBytes- DE: "\001z"-
#1106493	REDUCE cov: 49 ft: 390 corp: 152/2642b lim: 4096 exec/s: 553246 rss: 36Mb L: 15/34 MS: 4 ChangeBit-ChangeBinInt-InsertByte-EraseBytes-
#1254220	REDUCE cov: 49 ft: 390 corp: 152/2640b lim: 4096 exec/s: 627110 rss: 36Mb L: 16/34 MS: 2 EraseBytes-ChangeBinInt-
#1273445	REDUCE cov: 49 ft: 390 corp: 152/2638b lim: 4096 exec/s: 636722 rss: 36Mb L: 16/34 MS: 5 ShuffleBytes-EraseBytes-EraseBytes-ChangeBit-CopyPart-
#1440682	REDUCE cov: 49 ft: 390 corp: 152/2636b lim: 4096 exec/s: 480227 rss: 36Mb L: 15/34 MS: 2 EraseBytes-ChangeByte-
#1492004	NEW    cov: 49 ft: 396 corp: 153/2668b lim: 4096 exec/s: 497334 rss: 36Mb L: 32/34 MS: 2 CopyPart-EraseBytes-
#1508485	NEW    cov: 49 ft: 401 corp: 154/2700b lim: 4096 exec/s: 502828 rss: 36Mb L: 32/34 MS: 1 CrossOver-
#1593234	NEW    cov: 49 ft: 402 corp: 155/2728b lim: 4096 exec/s: 531078 rss: 36Mb L: 28/34 MS: 4 ChangeBinInt-ChangeByte-EraseBytes-CrossOver-
#1600556	REDUCE cov: 49 ft: 402 corp: 155/2724b lim: 4096 exec/s: 533518 rss: 36Mb L: 24/34 MS: 2 EraseBytes-CopyPart-
#1634848	REDUCE cov: 49 ft: 402 corp: 155/2720b lim: 4096 exec/s: 544949 rss: 36Mb L: 18/34 MS: 2 EraseBytes-ChangeBinInt-
#1666435	REDUCE cov: 49 ft: 402 corp: 155/2716b lim: 4096 exec/s: 555478 rss: 36Mb L: 20/34 MS: 2 EraseBytes-CopyPart-
#1706235	REDUCE cov: 49 ft: 402 corp: 155/2714b lim: 4096 exec/s: 568745 rss: 36Mb L: 15/34 MS: 5 ChangeBinInt-ShuffleBytes-EraseBytes-InsertByte-InsertByte-
#1777258	REDUCE cov: 49 ft: 402 corp: 155/2712b lim: 4096 exec/s: 444314 rss: 36Mb L: 18/34 MS: 3 ChangeByte-EraseBytes-CopyPart-
#1783627	REDUCE cov: 49 ft: 402 corp: 155/2710b lim: 4096 exec/s: 445906 rss: 36Mb L: 16/34 MS: 4 EraseBytes-CopyPart-ChangeBit-CrossOver-
#1795225	REDUCE cov: 49 ft: 402 corp: 155/2708b lim: 4096 exec/s: 448806 rss: 36Mb L: 16/34 MS: 3 CMP-EraseBytes-InsertByte- DE: "9\000"-
#1835050	NEW    cov: 50 ft: 407 corp: 156/2731b lim: 4096 exec/s: 458762 rss: 36Mb L: 23/34 MS: 5 EraseBytes-CrossOver-ShuffleBytes-ChangeBinInt-EraseBytes-
#1845553	REDUCE cov: 50 ft: 407 corp: 156/2729b lim: 4096 exec/s: 461388 rss: 36Mb L: 16/34 MS: 3 InsertByte-EraseBytes-PersAutoDict- DE: "\377\377\377\377"-
#1980666	REDUCE cov: 50 ft: 407 corp: 156/2727b lim: 4096 exec/s: 495166 rss: 36Mb L: 16/34 MS: 3 ChangeBinInt-EraseBytes-InsertByte-
#2097152	pulse  cov: 50 ft: 407 corp: 156/2727b lim: 4096 exec/s: 524288 rss: 36Mb
#2103015	REDUCE cov: 50 ft: 407 corp: 156/2725b lim: 4096 exec/s: 525753 rss: 36Mb L: 16/34 MS: 4 EraseBytes-ShuffleBytes-CopyPart-ChangeBinInt-
#2112547	NEW    cov: 50 ft: 408 corp: 157/2757b lim: 4096 exec/s: 528136 rss: 36Mb L: 32/34 MS: 2 ShuffleBytes-CrossOver-
#2202071	NEW    cov: 50 ft: 409 corp: 158/2789b lim: 4096 exec/s: 440414 rss: 36Mb L: 32/34 MS: 4 ChangeBit-ChangeBit-ShuffleBytes-ChangeBit-
#2253635	REDUCE cov: 50 ft: 409 corp: 158/2788b lim: 4096 exec/s: 450727 rss: 36Mb L: 15/34 MS: 4 EraseBytes-ShuffleBytes-InsertByte-ChangeBit-
#2419486	NEW    cov: 50 ft: 410 corp: 159/2808b lim: 4096 exec/s: 483897 rss: 36Mb L: 20/34 MS: 1 ChangeBinInt-
#2467072	NEW    cov: 50 ft: 411 corp: 160/2824b lim: 4096 exec/s: 493414 rss: 36Mb L: 16/34 MS: 1 ShuffleBytes-
#2511324	REDUCE cov: 50 ft: 411 corp: 160/2822b lim: 4096 exec/s: 502264 rss: 36Mb L: 18/34 MS: 2 EraseBytes-CrossOver-
#2564490	NEW    cov: 50 ft: 412 corp: 161/2838b lim: 4096 exec/s: 512898 rss: 36Mb L: 16/34 MS: 1 ChangeBit-
#2616482	REDUCE cov: 50 ft: 412 corp: 161/2836b lim: 4096 exec/s: 523296 rss: 36Mb L: 16/34 MS: 2 EraseBytes-InsertByte-
#2692711	REDUCE cov: 50 ft: 412 corp: 161/2835b lim: 4096 exec/s: 448785 rss: 36Mb L: 15/34 MS: 4 ChangeBit-ShuffleBytes-PersAutoDict-EraseBytes- DE: "b\000"-
#2804637	NEW    cov: 50 ft: 413 corp: 162/2855b lim: 4096 exec/s: 467439 rss: 36Mb L: 20/34 MS: 1 ChangeBinInt-
#3104017	NEW    cov: 50 ft: 414 corp: 163/2871b lim: 4096 exec/s: 443431 rss: 36Mb L: 16/34 MS: 5 ChangeByte-ChangeBinInt-ChangeBinInt-ChangeBinInt-PersAutoDict- DE: "\017\000\000\000\000\000\000\000"-
#3365120	REDUCE cov: 50 ft: 414 corp: 163/2869b lim: 4096 exec/s: 480731 rss: 36Mb L: 16/34 MS: 3 EraseBytes-InsertByte-InsertByte-
#3517266	NEW    cov: 50 ft: 415 corp: 164/2889b lim: 4096 exec/s: 502466 rss: 36Mb L: 20/34 MS: 1 ChangeBit-
#3733747	NEW    cov: 50 ft: 417 corp: 165/2909b lim: 4096 exec/s: 466718 rss: 36Mb L: 20/34 MS: 1 CopyPart-
#3797835	REDUCE cov: 50 ft: 417 corp: 165/2905b lim: 4096 exec/s: 474729 rss: 36Mb L: 16/34 MS: 3 CopyPart-ShuffleBytes-EraseBytes-
#3804802	REDUCE cov: 50 ft: 417 corp: 165/2903b lim: 4096 exec/s: 475600 rss: 36Mb L: 18/34 MS: 2 CrossOver-EraseBytes-
#3814859	NEW    cov: 50 ft: 418 corp: 166/2923b lim: 4096 exec/s: 476857 rss: 36Mb L: 20/34 MS: 2 InsertRepeatedBytes-EraseBytes-
#3880102	REDUCE cov: 50 ft: 418 corp: 166/2921b lim: 4096 exec/s: 485012 rss: 36Mb L: 16/34 MS: 3 InsertByte-CrossOver-EraseBytes-
#3978700	REDUCE cov: 50 ft: 418 corp: 166/2919b lim: 4096 exec/s: 497337 rss: 36Mb L: 16/34 MS: 3 InsertByte-EraseBytes-EraseBytes-
#4267534	REDUCE cov: 50 ft: 418 corp: 166/2917b lim: 4096 exec/s: 474170 rss: 36Mb L: 16/34 MS: 4 ChangeBinInt-CrossOver-CopyPart-EraseBytes-
#4424553	NEW    cov: 50 ft: 420 corp: 167/2938b lim: 4096 exec/s: 491617 rss: 36Mb L: 21/34 MS: 4 ChangeBinInt-ChangeASCIIInt-EraseBytes-CrossOver-
#4831068	REDUCE cov: 50 ft: 420 corp: 167/2936b lim: 4096 exec/s: 483106 rss: 36Mb L: 16/34 MS: 5 EraseBytes-EraseBytes-ChangeByte-ChangeBit-CopyPart-
#5200772	REDUCE cov: 50 ft: 420 corp: 167/2934b lim: 4096 exec/s: 472797 rss: 36Mb L: 16/34 MS: 4 ChangeASCIIInt-ChangeBinInt-ChangeByte-EraseBytes-
#5713725	REDUCE cov: 50 ft: 420 corp: 167/2930b lim: 4096 exec/s: 476143 rss: 36Mb L: 16/34 MS: 3 ShuffleBytes-EraseBytes-ShuffleBytes-
#5752904	REDUCE cov: 50 ft: 420 corp: 167/2929b lim: 4096 exec/s: 479408 rss: 36Mb L: 15/34 MS: 4 ChangeBit-EraseBytes-InsertByte-PersAutoDict- DE: "\000\000"-
#7011261	NEW    cov: 50 ft: 422 corp: 168/2949b lim: 4096 exec/s: 467417 rss: 36Mb L: 20/34 MS: 2 CopyPart-CopyPart-
#7301884	REDUCE cov: 50 ft: 422 corp: 168/2945b lim: 4096 exec/s: 456367 rss: 36Mb L: 16/34 MS: 3 CopyPart-PersAutoDict-EraseBytes- DE: "\000\000"-
#7383035	NEW    cov: 50 ft: 423 corp: 169/2965b lim: 4096 exec/s: 461439 rss: 36Mb L: 20/34 MS: 1 CopyPart-
#7776693	REDUCE cov: 50 ft: 423 corp: 169/2961b lim: 4096 exec/s: 457452 rss: 36Mb L: 16/34 MS: 3 ChangeBinInt-ShuffleBytes-EraseBytes-
#8273721	REDUCE cov: 50 ft: 423 corp: 169/2957b lim: 4096 exec/s: 459651 rss: 36Mb L: 16/34 MS: 3 CopyPart-EraseBytes-EraseBytes-
#8388608	pulse  cov: 50 ft: 423 corp: 169/2957b lim: 4096 exec/s: 466033 rss: 36Mb
#8924183	NEW    cov: 50 ft: 425 corp: 170/2977b lim: 4096 exec/s: 469693 rss: 36Mb L: 20/34 MS: 2 ChangeByte-CopyPart-
#8928194	NEW    cov: 50 ft: 427 corp: 171/2997b lim: 4096 exec/s: 469904 rss: 36Mb L: 20/34 MS: 1 ChangeBit-
#8929105	NEW    cov: 50 ft: 429 corp: 172/3017b lim: 4096 exec/s: 469952 rss: 36Mb L: 20/34 MS: 1 ChangeBit-
#9285973	REDUCE cov: 50 ft: 429 corp: 172/3016b lim: 4096 exec/s: 464298 rss: 36Mb L: 15/34 MS: 3 ChangeBinInt-EraseBytes-ChangeBinInt-
#9317986	REDUCE cov: 50 ft: 429 corp: 172/3012b lim: 4096 exec/s: 465899 rss: 36Mb L: 16/34 MS: 3 ChangeASCIIInt-EraseBytes-EraseBytes-
#9412459	NEW    cov: 50 ft: 430 corp: 173/3032b lim: 4096 exec/s: 470622 rss: 36Mb L: 20/34 MS: 3 ChangeBinInt-ChangeBinInt-ChangeASCIIInt-
#9490772	REDUCE cov: 50 ft: 430 corp: 173/3030b lim: 4096 exec/s: 451941 rss: 36Mb L: 18/34 MS: 3 EraseBytes-CMP-ChangeByte- DE: "7\000"-
#9586129	REDUCE cov: 50 ft: 430 corp: 173/3028b lim: 4096 exec/s: 456482 rss: 36Mb L: 18/34 MS: 2 ChangeByte-EraseBytes-
#10077777	REDUCE cov: 50 ft: 430 corp: 173/3026b lim: 4096 exec/s: 458080 rss: 36Mb L: 16/34 MS: 3 ChangeByte-ChangeBit-EraseBytes-
#10858281	REDUCE cov: 50 ft: 430 corp: 173/3024b lim: 4096 exec/s: 452428 rss: 36Mb L: 20/34 MS: 4 ShuffleBytes-EraseBytes-InsertByte-InsertByte-
#11730274	REDUCE cov: 50 ft: 430 corp: 173/3020b lim: 4096 exec/s: 451164 rss: 36Mb L: 16/34 MS: 3 EraseBytes-ChangeBit-CopyPart-
#12032121	REDUCE cov: 50 ft: 430 corp: 173/3016b lim: 4096 exec/s: 462773 rss: 36Mb L: 16/34 MS: 2 ShuffleBytes-EraseBytes-
#12281724	REDUCE cov: 50 ft: 430 corp: 173/3014b lim: 4096 exec/s: 454878 rss: 36Mb L: 16/34 MS: 3 ChangeBinInt-ChangeBit-EraseBytes-
#13877252	REDUCE cov: 50 ft: 430 corp: 173/3010b lim: 4096 exec/s: 462575 rss: 36Mb L: 16/34 MS: 3 EraseBytes-CrossOver-ChangeByte-
#16777216	pulse  cov: 50 ft: 430 corp: 173/3010b lim: 4096 exec/s: 453438 rss: 36Mb
#18373386	REDUCE cov: 50 ft: 430 corp: 173/3009b lim: 4096 exec/s: 459334 rss: 36Mb L: 15/34 MS: 4 EraseBytes-CopyPart-ChangeBit-InsertByte-
#18972880	REDUCE cov: 50 ft: 430 corp: 173/3008b lim: 4096 exec/s: 451735 rss: 36Mb L: 15/34 MS: 4 InsertByte-CopyPart-EraseBytes-ChangeBit-
#21083127	REDUCE cov: 50 ft: 430 corp: 173/3004b lim: 4096 exec/s: 458328 rss: 36Mb L: 16/34 MS: 2 EraseBytes-ChangeBinInt-
#23878602	NEW    cov: 50 ft: 432 corp: 174/3026b lim: 4096 exec/s: 450539 rss: 36Mb L: 22/34 MS: 5 InsertByte-EraseBytes-EraseBytes-InsertRepeatedBytes-InsertRepeatedBytes-
#24000559	REDUCE cov: 50 ft: 432 corp: 174/3022b lim: 4096 exec/s: 452840 rss: 36Mb L: 16/34 MS: 2 EraseBytes-EraseBytes-
#26020814	REDUCE cov: 50 ft: 432 corp: 174/3021b lim: 4096 exec/s: 456505 rss: 36Mb L: 15/34 MS: 5 InsertByte-ShuffleBytes-ChangeByte-ShuffleBytes-EraseBytes-
#27225457	REDUCE cov: 50 ft: 432 corp: 174/3020b lim: 4096 exec/s: 453757 rss: 36Mb L: 15/34 MS: 3 ChangeBit-CrossOver-EraseBytes-
#33554432	pulse  cov: 50 ft: 432 corp: 174/3020b lim: 4096 exec/s: 453438 rss: 36Mb
#35978565	REDUCE cov: 50 ft: 432 corp: 174/3016b lim: 4096 exec/s: 455424 rss: 36Mb L: 16/34 MS: 3 ChangeBit-EraseBytes-ShuffleBytes-
#39702574	REDUCE cov: 50 ft: 432 corp: 174/3015b lim: 4096 exec/s: 451165 rss: 36Mb L: 15/34 MS: 4 ShuffleBytes-EraseBytes-ChangeBinInt-ChangeByte-
#42654043	REDUCE cov: 50 ft: 432 corp: 174/3011b lim: 4096 exec/s: 453766 rss: 36Mb L: 16/34 MS: 4 CopyPart-ShuffleBytes-EraseBytes-EraseBytes-
#46149097	REDUCE cov: 50 ft: 432 corp: 174/3010b lim: 4096 exec/s: 452442 rss: 36Mb L: 15/34 MS: 4 ChangeBit-CrossOver-EraseBytes-ChangeBit-
#53759170	REDUCE cov: 50 ft: 432 corp: 174/3006b lim: 4096 exec/s: 451757 rss: 36Mb L: 16/34 MS: 3 ChangeBinInt-EraseBytes-ChangeBit-
#54022984	REDUCE cov: 50 ft: 432 corp: 174/3002b lim: 4096 exec/s: 450191 rss: 36Mb L: 16/34 MS: 4 ChangeBinInt-ChangeBit-ChangeBit-EraseBytes-
#58334112	NEW    cov: 50 ft: 435 corp: 175/3022b lim: 4096 exec/s: 448723 rss: 36Mb L: 20/34 MS: 3 CopyPart-CopyPart-CopyPart-
panic: found special char in iban [recovered]
	panic: found special char in iban

goroutine 17 [running, locked to thread]:
git.ultraware.nl/iddinkgroep/fundament-api.Fuzz.func1()
	git.ultraware.nl/iddinkgroep/fundament-api/fuzz.go:19 +0xa5
panic({0x5562634d5760?, 0x5562634e8c70?})
	runtime/panic.go:914 +0x21f
git.ultraware.nl/iddinkgroep/fundament-api.Fuzz({0xc0000b0378, 0x14})
	git.ultraware.nl/iddinkgroep/fundament-api/fuzz.go:34 +0x2b9
git.ultraware.nl/iddinkgroep/fundament-api.Fuzz_(...)
	git.ultraware.nl/iddinkgroep/fundament-api/fuzz.1527825026.go:6
main.LLVMFuzzerTestOneInput(...)
	./main.170485750.go:21
==10568== ERROR: libFuzzer: deadly signal
    #0 0x5562633f8630 in __sanitizer_print_stack_trace (/seedai/experiments/libfuzzer/source_iban/libfuzzer+0xaf630) (BuildId: 688cb25bec4564588da2a67f6a2b25148a0fd5d4)
    #1 0x5562633c4755 in fuzzer::PrintStackTrace() (/seedai/experiments/libfuzzer/source_iban/libfuzzer+0x7b755) (BuildId: 688cb25bec4564588da2a67f6a2b25148a0fd5d4)
    #2 0x5562633a33a9 in fuzzer::Fuzzer::CrashCallback() (.part.0) FuzzerLoop.cpp.o
    #3 0x5562633a346a in fuzzer::Fuzzer::StaticCrashSignalCallback() (/seedai/experiments/libfuzzer/source_iban/libfuzzer+0x5a46a) (BuildId: 688cb25bec4564588da2a67f6a2b25148a0fd5d4)
    #4 0x7fc9ad4fb70f  (/usr/lib/libc.so.6+0x3e70f) (BuildId: 316d0d3666387f0e8fb98773f51aa1801027c5ab)
    #5 0x556263458160 in runtime.raise.abi0 runtime/sys_linux_amd64.s:153

NOTE: libFuzzer has rudimentary signal handlers.
      Combine libFuzzer with AddressSanitizer or similar for better crash reports.
SUMMARY: libFuzzer: deadly signal
MS: 1 ChangeByte-; base unit: 3e81762aa6414d406ba0b0c0a70fc40d28d45751
0x62,0x61,0x30,0x30,0x2d,0x30,0x30,0x30,0x30,0x30,0x30,0x30,0x30,0x30,0x30,0x30,0x64,0x30,0x32,0x32,
ba00-00000000000d022
artifact_prefix='./'; Test unit written to ./crash-9b0085e50b46b9e8b7ff92b78f10bca5b3cdf9c1
Base64: YmEwMC0wMDAwMDAwMDAwMGQwMjI=
