INFO: Running with entropic power schedule (0xFF, 100).
INFO: Seed: 2590966664
INFO: Loaded 1 modules   (70 inline 8-bit counters): 70 [0x563074029030, 0x563074029076), 
INFO: Loaded 1 PC tables (70 PCs): 70 [0xc000068000,0xc000068460), 
INFO:        3 files found in corpus
INFO: -max_len is not provided; libFuzzer will not generate inputs larger than 4096 bytes
INFO: seed corpus: files: 3 min: 32b max: 51b total: 116b rss: 30Mb
#4	INITED cov: 10 ft: 21 corp: 2/65b exec/s: 0 rss: 30Mb
#8	NEW    cov: 10 ft: 23 corp: 3/82b lim: 33 exec/s: 0 rss: 30Mb L: 17/33 MS: 4 CopyPart-CMP-ChangeBit-CrossOver- DE: "\377\377"-
#9	NEW    cov: 10 ft: 26 corp: 4/107b lim: 33 exec/s: 0 rss: 30Mb L: 25/33 MS: 1 CrossOver-
#20	NEW    cov: 11 ft: 29 corp: 5/111b lim: 33 exec/s: 0 rss: 30Mb L: 4/33 MS: 1 CrossOver-
#27	NEW    cov: 11 ft: 30 corp: 6/116b lim: 33 exec/s: 0 rss: 30Mb L: 5/33 MS: 2 ChangeASCIIInt-InsertByte-
#40	NEW    cov: 11 ft: 31 corp: 7/143b lim: 33 exec/s: 0 rss: 30Mb L: 27/33 MS: 3 CMP-InsertByte-InsertByte- DE: "\001\000\000\000\000\000\000>"-
#45	NEW    cov: 11 ft: 32 corp: 8/172b lim: 33 exec/s: 0 rss: 30Mb L: 29/33 MS: 5 ChangeByte-CopyPart-InsertByte-InsertRepeatedBytes-InsertByte-
#48	NEW    cov: 11 ft: 34 corp: 9/186b lim: 33 exec/s: 0 rss: 30Mb L: 14/33 MS: 3 InsertRepeatedBytes-PersAutoDict-CrossOver- DE: "\001\000\000\000\000\000\000>"-
#49	NEW    cov: 11 ft: 35 corp: 10/195b lim: 33 exec/s: 0 rss: 30Mb L: 9/33 MS: 1 CrossOver-
#53	NEW    cov: 11 ft: 36 corp: 11/208b lim: 33 exec/s: 0 rss: 30Mb L: 13/33 MS: 4 CrossOver-EraseBytes-ShuffleBytes-PersAutoDict- DE: "\377\377"-
#65	REDUCE cov: 11 ft: 36 corp: 11/204b lim: 33 exec/s: 0 rss: 30Mb L: 21/33 MS: 2 CMP-EraseBytes- DE: "\001\000\000\000\000\000\000\""-
#110	NEW    cov: 11 ft: 37 corp: 12/206b lim: 33 exec/s: 0 rss: 30Mb L: 2/33 MS: 5 EraseBytes-ShuffleBytes-ChangeBit-CrossOver-EraseBytes-
#171	REDUCE cov: 11 ft: 37 corp: 12/205b lim: 33 exec/s: 0 rss: 30Mb L: 1/33 MS: 1 EraseBytes-
#207	NEW    cov: 11 ft: 39 corp: 13/220b lim: 33 exec/s: 0 rss: 30Mb L: 15/33 MS: 1 InsertRepeatedBytes-
#464	REDUCE cov: 11 ft: 39 corp: 13/219b lim: 33 exec/s: 0 rss: 30Mb L: 8/33 MS: 2 CopyPart-EraseBytes-
#504	REDUCE cov: 11 ft: 39 corp: 13/217b lim: 33 exec/s: 0 rss: 30Mb L: 15/33 MS: 5 InsertByte-ShuffleBytes-EraseBytes-InsertByte-EraseBytes-
#850	REDUCE cov: 11 ft: 39 corp: 13/215b lim: 33 exec/s: 0 rss: 30Mb L: 3/33 MS: 1 EraseBytes-
#1382	NEW    cov: 11 ft: 41 corp: 14/249b lim: 38 exec/s: 0 rss: 30Mb L: 34/34 MS: 2 CrossOver-InsertRepeatedBytes-
#1675	REDUCE cov: 11 ft: 41 corp: 14/248b lim: 38 exec/s: 0 rss: 30Mb L: 12/34 MS: 3 InsertByte-PersAutoDict-EraseBytes- DE: "\001\000\000\000\000\000\000\""-
#2383	REDUCE cov: 11 ft: 41 corp: 14/238b lim: 43 exec/s: 0 rss: 30Mb L: 5/34 MS: 3 EraseBytes-ShuffleBytes-EraseBytes-
#5306	NEW    cov: 13 ft: 47 corp: 15/266b lim: 68 exec/s: 0 rss: 31Mb L: 28/34 MS: 3 ShuffleBytes-ChangeByte-InsertByte-
#5348	NEW    cov: 13 ft: 48 corp: 16/294b lim: 68 exec/s: 0 rss: 31Mb L: 28/34 MS: 2 ShuffleBytes-ChangeBinInt-
#5349	NEW    cov: 13 ft: 49 corp: 17/323b lim: 68 exec/s: 0 rss: 31Mb L: 29/34 MS: 1 InsertByte-
#5403	NEW    cov: 13 ft: 50 corp: 18/339b lim: 68 exec/s: 0 rss: 31Mb L: 16/34 MS: 4 CrossOver-EraseBytes-CrossOver-CopyPart-
#5414	NEW    cov: 13 ft: 51 corp: 19/356b lim: 68 exec/s: 0 rss: 31Mb L: 17/34 MS: 1 CrossOver-
#5483	NEW    cov: 13 ft: 52 corp: 20/385b lim: 68 exec/s: 0 rss: 31Mb L: 29/34 MS: 4 ChangeBinInt-CMP-ChangeBinInt-CrossOver- DE: "1\000\000\000\000\000\000\000"-
#5572	NEW    cov: 13 ft: 53 corp: 21/402b lim: 68 exec/s: 0 rss: 31Mb L: 17/34 MS: 4 ChangeASCIIInt-ChangeASCIIInt-ShuffleBytes-InsertByte-
#5797	REDUCE cov: 13 ft: 53 corp: 21/391b lim: 68 exec/s: 0 rss: 31Mb L: 17/34 MS: 5 CMP-ShuffleBytes-PersAutoDict-EraseBytes-PersAutoDict- DE: "\000\000\000\000"-"\377\377"-"\377\377"-
#5968	NEW    cov: 13 ft: 54 corp: 22/407b lim: 68 exec/s: 0 rss: 31Mb L: 16/34 MS: 1 EraseBytes-
#6074	NEW    cov: 25 ft: 100 corp: 23/423b lim: 68 exec/s: 0 rss: 31Mb L: 16/34 MS: 1 ChangeBinInt-
#6224	REDUCE cov: 25 ft: 100 corp: 23/421b lim: 68 exec/s: 0 rss: 31Mb L: 26/34 MS: 5 ChangeByte-CMP-CopyPart-EraseBytes-ChangeBinInt- DE: "#\000\000\000\000\000\000\000"-
#6240	REDUCE cov: 25 ft: 100 corp: 23/420b lim: 68 exec/s: 0 rss: 31Mb L: 25/34 MS: 1 EraseBytes-
#6306	NEW    cov: 25 ft: 101 corp: 24/449b lim: 68 exec/s: 0 rss: 31Mb L: 29/34 MS: 1 ChangeBinInt-
#6352	NEW    cov: 25 ft: 102 corp: 25/465b lim: 68 exec/s: 0 rss: 31Mb L: 16/34 MS: 1 CMP- DE: "\001\000\000\000\000\000\000\017"-
#6635	REDUCE cov: 25 ft: 102 corp: 25/455b lim: 68 exec/s: 0 rss: 31Mb L: 19/34 MS: 3 ShuffleBytes-ChangeByte-EraseBytes-
#6681	NEW    cov: 25 ft: 103 corp: 26/471b lim: 68 exec/s: 0 rss: 31Mb L: 16/34 MS: 1 ChangeBit-
#6799	NEW    cov: 25 ft: 106 corp: 27/491b lim: 68 exec/s: 0 rss: 31Mb L: 20/34 MS: 3 InsertRepeatedBytes-CMP-InsertByte- DE: "\001\000\000\000\000\000\000'"-
#6812	REDUCE cov: 25 ft: 106 corp: 27/490b lim: 68 exec/s: 0 rss: 31Mb L: 16/34 MS: 3 ChangeByte-CopyPart-EraseBytes-
#6924	NEW    cov: 25 ft: 108 corp: 28/510b lim: 68 exec/s: 0 rss: 31Mb L: 20/34 MS: 2 CopyPart-PersAutoDict- DE: "\377\377"-
#6925	NEW    cov: 25 ft: 109 corp: 29/530b lim: 68 exec/s: 0 rss: 31Mb L: 20/34 MS: 1 CopyPart-
#7042	REDUCE cov: 25 ft: 110 corp: 30/546b lim: 68 exec/s: 0 rss: 31Mb L: 16/34 MS: 2 PersAutoDict-ChangeByte- DE: "\001\000\000\000\000\000\000\""-
#7168	NEW    cov: 25 ft: 112 corp: 31/562b lim: 68 exec/s: 0 rss: 31Mb L: 16/34 MS: 1 ChangeBinInt-
#7651	NEW    cov: 25 ft: 113 corp: 32/580b lim: 68 exec/s: 0 rss: 31Mb L: 18/34 MS: 3 PersAutoDict-PersAutoDict-ChangeBit- DE: "\377\377"-"\000\000\000\000"-
#7694	REDUCE cov: 25 ft: 113 corp: 32/576b lim: 68 exec/s: 0 rss: 31Mb L: 21/34 MS: 3 ShuffleBytes-ChangeBinInt-CrossOver-
#7727	REDUCE cov: 25 ft: 113 corp: 32/575b lim: 68 exec/s: 0 rss: 31Mb L: 17/34 MS: 3 ChangeBit-InsertRepeatedBytes-EraseBytes-
#7734	REDUCE cov: 25 ft: 113 corp: 32/574b lim: 68 exec/s: 0 rss: 31Mb L: 15/34 MS: 2 ShuffleBytes-EraseBytes-
#7925	NEW    cov: 25 ft: 114 corp: 33/594b lim: 68 exec/s: 0 rss: 31Mb L: 20/34 MS: 1 PersAutoDict- DE: "\000\000\000\000"-
#8197	NEW    cov: 25 ft: 115 corp: 34/610b lim: 68 exec/s: 0 rss: 31Mb L: 16/34 MS: 2 ShuffleBytes-ChangeByte-
#8316	REDUCE cov: 25 ft: 115 corp: 34/607b lim: 68 exec/s: 0 rss: 31Mb L: 1/34 MS: 4 ChangeASCIIInt-EraseBytes-ShuffleBytes-EraseBytes-
#8427	NEW    cov: 25 ft: 116 corp: 35/627b lim: 68 exec/s: 0 rss: 31Mb L: 20/34 MS: 1 ChangeByte-
#8578	NEW    cov: 25 ft: 117 corp: 36/643b lim: 68 exec/s: 0 rss: 31Mb L: 16/34 MS: 1 ChangeBit-
#8590	REDUCE cov: 25 ft: 119 corp: 37/659b lim: 68 exec/s: 0 rss: 31Mb L: 16/34 MS: 2 ChangeBinInt-ChangeBinInt-
#9054	NEW    cov: 25 ft: 122 corp: 38/679b lim: 68 exec/s: 0 rss: 32Mb L: 20/34 MS: 4 InsertRepeatedBytes-ShuffleBytes-CMP-EraseBytes- DE: "\000\000"-
#9184	REDUCE cov: 25 ft: 122 corp: 38/678b lim: 68 exec/s: 0 rss: 32Mb L: 20/34 MS: 5 InsertByte-EraseBytes-ShuffleBytes-ChangeByte-CMP- DE: "\030\000\000\000\000\000\000\000"-
#9352	REDUCE cov: 25 ft: 122 corp: 38/677b lim: 68 exec/s: 0 rss: 32Mb L: 16/34 MS: 3 ChangeBit-ChangeBit-EraseBytes-
#9850	REDUCE cov: 25 ft: 122 corp: 38/671b lim: 68 exec/s: 0 rss: 32Mb L: 23/34 MS: 3 InsertByte-InsertRepeatedBytes-EraseBytes-
#10143	REDUCE cov: 25 ft: 122 corp: 38/667b lim: 68 exec/s: 0 rss: 32Mb L: 25/34 MS: 3 EraseBytes-ChangeByte-InsertByte-
#10287	NEW    cov: 25 ft: 123 corp: 39/691b lim: 68 exec/s: 0 rss: 32Mb L: 24/34 MS: 4 ChangeByte-ChangeBinInt-ChangeBinInt-PersAutoDict- DE: "\001\000\000\000\000\000\000'"-
#10414	REDUCE cov: 25 ft: 123 corp: 39/689b lim: 68 exec/s: 0 rss: 32Mb L: 15/34 MS: 2 CrossOver-EraseBytes-
#10478	NEW    cov: 25 ft: 124 corp: 40/706b lim: 68 exec/s: 0 rss: 32Mb L: 17/34 MS: 4 ChangeASCIIInt-ChangeBit-CMP-ChangeBit- DE: "\000\000"-
#10786	REDUCE cov: 25 ft: 124 corp: 40/704b lim: 68 exec/s: 0 rss: 32Mb L: 18/34 MS: 3 ChangeBinInt-PersAutoDict-EraseBytes- DE: "\001\000\000\000\000\000\000'"-
#11403	NEW    cov: 25 ft: 125 corp: 41/724b lim: 74 exec/s: 0 rss: 32Mb L: 20/34 MS: 2 ChangeByte-ChangeBit-
#11514	NEW    cov: 25 ft: 126 corp: 42/748b lim: 74 exec/s: 0 rss: 32Mb L: 24/34 MS: 1 ChangeBinInt-
#11567	REDUCE cov: 25 ft: 126 corp: 42/744b lim: 74 exec/s: 0 rss: 32Mb L: 15/34 MS: 3 ChangeBit-EraseBytes-CMP- DE: "\377\377"-
#11729	REDUCE cov: 25 ft: 126 corp: 42/743b lim: 74 exec/s: 0 rss: 32Mb L: 15/34 MS: 2 ChangeBinInt-EraseBytes-
#12135	REDUCE cov: 25 ft: 126 corp: 42/742b lim: 74 exec/s: 0 rss: 32Mb L: 16/34 MS: 1 EraseBytes-
#12956	REDUCE cov: 25 ft: 126 corp: 42/740b lim: 80 exec/s: 0 rss: 32Mb L: 23/34 MS: 1 EraseBytes-
#13084	NEW    cov: 25 ft: 127 corp: 43/764b lim: 80 exec/s: 0 rss: 32Mb L: 24/34 MS: 3 ChangeByte-CopyPart-PersAutoDict- DE: "\001\000\000\000\000\000\000'"-
#13461	REDUCE cov: 25 ft: 127 corp: 43/762b lim: 80 exec/s: 0 rss: 32Mb L: 18/34 MS: 2 EraseBytes-ChangeByte-
#13489	REDUCE cov: 25 ft: 127 corp: 43/761b lim: 80 exec/s: 0 rss: 32Mb L: 16/34 MS: 3 ChangeByte-ChangeBinInt-EraseBytes-
#13537	REDUCE cov: 25 ft: 127 corp: 43/760b lim: 80 exec/s: 0 rss: 32Mb L: 15/34 MS: 3 PersAutoDict-ChangeBit-EraseBytes- DE: "\000\000"-
#13787	REDUCE cov: 25 ft: 127 corp: 43/759b lim: 80 exec/s: 0 rss: 32Mb L: 15/34 MS: 5 InsertByte-ChangeBit-InsertByte-ChangeBinInt-EraseBytes-
#14496	NEW    cov: 25 ft: 128 corp: 44/775b lim: 86 exec/s: 0 rss: 33Mb L: 16/34 MS: 4 PersAutoDict-ChangeBinInt-ChangeByte-ChangeByte- DE: "\377\377"-
#14975	REDUCE cov: 25 ft: 128 corp: 44/774b lim: 86 exec/s: 0 rss: 33Mb L: 15/34 MS: 4 ChangeASCIIInt-CrossOver-CopyPart-CopyPart-
#15191	NEW    cov: 25 ft: 129 corp: 45/798b lim: 86 exec/s: 0 rss: 33Mb L: 24/34 MS: 1 CrossOver-
#17910	REDUCE cov: 25 ft: 129 corp: 45/794b lim: 110 exec/s: 0 rss: 33Mb L: 16/34 MS: 4 ChangeBinInt-CrossOver-InsertByte-EraseBytes-
#18467	REDUCE cov: 25 ft: 129 corp: 45/793b lim: 110 exec/s: 0 rss: 33Mb L: 15/34 MS: 2 EraseBytes-CopyPart-
#18573	REDUCE cov: 25 ft: 129 corp: 45/792b lim: 110 exec/s: 0 rss: 33Mb L: 15/34 MS: 1 EraseBytes-
#18704	NEW    cov: 25 ft: 130 corp: 46/808b lim: 110 exec/s: 0 rss: 33Mb L: 16/34 MS: 1 ChangeBinInt-
#18980	REDUCE cov: 25 ft: 130 corp: 46/806b lim: 110 exec/s: 0 rss: 33Mb L: 21/34 MS: 1 EraseBytes-
#19614	REDUCE cov: 25 ft: 130 corp: 46/804b lim: 116 exec/s: 0 rss: 34Mb L: 18/34 MS: 4 CopyPart-EraseBytes-InsertByte-InsertByte-
#20306	REDUCE cov: 25 ft: 131 corp: 47/819b lim: 122 exec/s: 0 rss: 34Mb L: 15/34 MS: 2 ChangeBinInt-PersAutoDict- DE: "\001\000\000\000\000\000\000\017"-
#20707	REDUCE cov: 25 ft: 131 corp: 47/811b lim: 122 exec/s: 0 rss: 34Mb L: 15/34 MS: 1 EraseBytes-
#23099	NEW    cov: 30 ft: 147 corp: 48/831b lim: 142 exec/s: 0 rss: 34Mb L: 20/34 MS: 2 ShuffleBytes-CopyPart-
#24040	NEW    cov: 30 ft: 148 corp: 49/851b lim: 149 exec/s: 0 rss: 34Mb L: 20/34 MS: 1 ChangeBit-
#27306	NEW    cov: 30 ft: 156 corp: 50/871b lim: 177 exec/s: 0 rss: 34Mb L: 20/34 MS: 1 ShuffleBytes-
#27622	NEW    cov: 30 ft: 162 corp: 51/891b lim: 177 exec/s: 0 rss: 34Mb L: 20/34 MS: 1 ShuffleBytes-
#30003	NEW    cov: 30 ft: 166 corp: 52/911b lim: 198 exec/s: 0 rss: 35Mb L: 20/34 MS: 1 ShuffleBytes-
#30190	REDUCE cov: 30 ft: 166 corp: 52/909b lim: 198 exec/s: 0 rss: 35Mb L: 16/34 MS: 2 InsertByte-EraseBytes-
#30392	NEW    cov: 30 ft: 168 corp: 53/929b lim: 198 exec/s: 0 rss: 35Mb L: 20/34 MS: 2 ChangeBit-ChangeBinInt-
#30858	NEW    cov: 30 ft: 170 corp: 54/949b lim: 198 exec/s: 0 rss: 35Mb L: 20/34 MS: 1 ShuffleBytes-
#30946	NEW    cov: 30 ft: 173 corp: 55/969b lim: 198 exec/s: 0 rss: 35Mb L: 20/34 MS: 3 ChangeByte-ShuffleBytes-CopyPart-
#31150	REDUCE cov: 30 ft: 173 corp: 55/967b lim: 198 exec/s: 0 rss: 35Mb L: 18/34 MS: 4 ShuffleBytes-InsertByte-EraseBytes-ChangeByte-
#31581	NEW    cov: 30 ft: 175 corp: 56/987b lim: 198 exec/s: 0 rss: 35Mb L: 20/34 MS: 1 ShuffleBytes-
#31912	NEW    cov: 30 ft: 176 corp: 57/1007b lim: 198 exec/s: 0 rss: 35Mb L: 20/34 MS: 1 CopyPart-
#33088	NEW    cov: 30 ft: 178 corp: 58/1027b lim: 205 exec/s: 0 rss: 35Mb L: 20/34 MS: 1 ChangeByte-
#33105	REDUCE cov: 30 ft: 178 corp: 58/1026b lim: 205 exec/s: 0 rss: 35Mb L: 15/34 MS: 2 ChangeBit-EraseBytes-
#33193	REDUCE cov: 30 ft: 178 corp: 58/1024b lim: 205 exec/s: 0 rss: 35Mb L: 18/34 MS: 3 ShuffleBytes-ChangeByte-EraseBytes-
#34851	NEW    cov: 30 ft: 179 corp: 59/1048b lim: 219 exec/s: 0 rss: 35Mb L: 24/34 MS: 3 CopyPart-ChangeByte-CopyPart-
#35592	NEW    cov: 30 ft: 180 corp: 60/1068b lim: 226 exec/s: 0 rss: 35Mb L: 20/34 MS: 1 ChangeBinInt-
#37082	REDUCE cov: 30 ft: 180 corp: 60/1066b lim: 240 exec/s: 0 rss: 35Mb L: 22/34 MS: 5 CMP-ChangeBit-CopyPart-EraseBytes-ChangeByte- DE: "\377\377\377\377\377\377\377\023"-
#40868	REDUCE cov: 30 ft: 181 corp: 61/1084b lim: 277 exec/s: 0 rss: 35Mb L: 18/34 MS: 1 ShuffleBytes-
#41334	NEW    cov: 30 ft: 183 corp: 62/1102b lim: 277 exec/s: 0 rss: 35Mb L: 18/34 MS: 1 ShuffleBytes-
#41575	NEW    cov: 30 ft: 185 corp: 63/1122b lim: 277 exec/s: 0 rss: 35Mb L: 20/34 MS: 1 ShuffleBytes-
#46071	NEW    cov: 30 ft: 193 corp: 64/1142b lim: 317 exec/s: 0 rss: 35Mb L: 20/34 MS: 1 ShuffleBytes-
#51884	REDUCE cov: 30 ft: 193 corp: 64/1140b lim: 373 exec/s: 0 rss: 35Mb L: 20/34 MS: 3 ChangeBinInt-InsertByte-EraseBytes-
#52304	NEW    cov: 30 ft: 198 corp: 65/1162b lim: 373 exec/s: 0 rss: 35Mb L: 22/34 MS: 5 ChangeBit-EraseBytes-ChangeByte-EraseBytes-CrossOver-
#52362	REDUCE cov: 30 ft: 198 corp: 65/1161b lim: 373 exec/s: 0 rss: 35Mb L: 15/34 MS: 3 CMP-EraseBytes-InsertByte- DE: "\000\000"-
#54181	REDUCE cov: 30 ft: 198 corp: 65/1159b lim: 389 exec/s: 0 rss: 35Mb L: 18/34 MS: 4 ChangeBit-ChangeByte-EraseBytes-ChangeBit-
#55135	REDUCE cov: 30 ft: 198 corp: 65/1157b lim: 397 exec/s: 0 rss: 35Mb L: 18/34 MS: 4 EraseBytes-InsertByte-ChangeBinInt-CopyPart-
#55295	REDUCE cov: 30 ft: 198 corp: 65/1155b lim: 397 exec/s: 0 rss: 35Mb L: 16/34 MS: 5 ChangeBit-PersAutoDict-EraseBytes-ChangeByte-EraseBytes- DE: "\377\377"-
#55341	NEW    cov: 30 ft: 199 corp: 66/1179b lim: 397 exec/s: 0 rss: 35Mb L: 24/34 MS: 1 ChangeByte-
#56452	NEW    cov: 30 ft: 201 corp: 67/1199b lim: 405 exec/s: 0 rss: 35Mb L: 20/34 MS: 1 ShuffleBytes-
#56628	NEW    cov: 32 ft: 206 corp: 68/1223b lim: 405 exec/s: 0 rss: 35Mb L: 24/34 MS: 1 ChangeBinInt-
#56694	NEW    cov: 32 ft: 209 corp: 69/1247b lim: 405 exec/s: 0 rss: 35Mb L: 24/34 MS: 1 ChangeBit-
#56700	NEW    cov: 32 ft: 210 corp: 70/1271b lim: 405 exec/s: 0 rss: 35Mb L: 24/34 MS: 1 ShuffleBytes-
#56721	NEW    cov: 32 ft: 212 corp: 71/1295b lim: 405 exec/s: 0 rss: 35Mb L: 24/34 MS: 1 ChangeByte-
#56782	NEW    cov: 32 ft: 213 corp: 72/1319b lim: 405 exec/s: 0 rss: 35Mb L: 24/34 MS: 1 CopyPart-
#56884	NEW    cov: 32 ft: 214 corp: 73/1343b lim: 405 exec/s: 0 rss: 35Mb L: 24/34 MS: 2 CrossOver-CopyPart-
#57558	NEW    cov: 33 ft: 215 corp: 74/1367b lim: 405 exec/s: 0 rss: 35Mb L: 24/34 MS: 4 ChangeBit-ChangeASCIIInt-ChangeASCIIInt-ChangeByte-
#57779	NEW    cov: 33 ft: 216 corp: 75/1391b lim: 405 exec/s: 0 rss: 35Mb L: 24/34 MS: 1 CrossOver-
#58045	NEW    cov: 33 ft: 217 corp: 76/1415b lim: 405 exec/s: 0 rss: 35Mb L: 24/34 MS: 1 ShuffleBytes-
#58327	NEW    cov: 33 ft: 218 corp: 77/1439b lim: 405 exec/s: 0 rss: 35Mb L: 24/34 MS: 2 CopyPart-CopyPart-
#61684	NEW    cov: 33 ft: 220 corp: 78/1463b lim: 437 exec/s: 0 rss: 35Mb L: 24/34 MS: 2 ChangeASCIIInt-ChangeBit-
#64740	NEW    cov: 33 ft: 222 corp: 79/1487b lim: 461 exec/s: 0 rss: 35Mb L: 24/34 MS: 1 ChangeBinInt-
#68272	REDUCE cov: 33 ft: 222 corp: 79/1485b lim: 493 exec/s: 0 rss: 35Mb L: 18/34 MS: 2 EraseBytes-CopyPart-
#80319	NEW    cov: 34 ft: 227 corp: 80/1509b lim: 607 exec/s: 0 rss: 35Mb L: 24/34 MS: 2 ChangeBinInt-ChangeByte-
#81720	NEW    cov: 34 ft: 228 corp: 81/1533b lim: 616 exec/s: 0 rss: 35Mb L: 24/34 MS: 1 ChangeBit-
#83866	NEW    cov: 47 ft: 281 corp: 82/1557b lim: 634 exec/s: 0 rss: 35Mb L: 24/34 MS: 1 ChangeBinInt-
#85672	NEW    cov: 48 ft: 289 corp: 83/1581b lim: 643 exec/s: 0 rss: 35Mb L: 24/34 MS: 1 ChangeBit-
#87506	NEW    cov: 48 ft: 290 corp: 84/1605b lim: 661 exec/s: 0 rss: 35Mb L: 24/34 MS: 4 ChangeBit-ChangeBit-CopyPart-ChangeBit-
#87698	NEW    cov: 48 ft: 291 corp: 85/1629b lim: 661 exec/s: 0 rss: 35Mb L: 24/34 MS: 2 CMP-ChangeBinInt- DE: "\001\000\000\000"-
#89619	NEW    cov: 48 ft: 293 corp: 86/1653b lim: 679 exec/s: 0 rss: 35Mb L: 24/34 MS: 1 CrossOver-
#90466	NEW    cov: 48 ft: 294 corp: 87/1677b lim: 679 exec/s: 0 rss: 35Mb L: 24/34 MS: 2 CMP-ChangeByte- DE: "!\000\000\000\000\000\000\000"-
#91205	NEW    cov: 48 ft: 295 corp: 88/1701b lim: 679 exec/s: 0 rss: 35Mb L: 24/34 MS: 4 CMP-ChangeASCIIInt-ShuffleBytes-ChangeBinInt- DE: "\001\000\000\000"-
#91331	NEW    cov: 48 ft: 297 corp: 89/1725b lim: 679 exec/s: 0 rss: 35Mb L: 24/34 MS: 1 ChangeBit-
#92202	NEW    cov: 48 ft: 298 corp: 90/1749b lim: 679 exec/s: 0 rss: 35Mb L: 24/34 MS: 1 ShuffleBytes-
#93188	NEW    cov: 48 ft: 299 corp: 91/1773b lim: 688 exec/s: 0 rss: 35Mb L: 24/34 MS: 1 ChangeBit-
#93244	NEW    cov: 48 ft: 300 corp: 92/1797b lim: 688 exec/s: 0 rss: 35Mb L: 24/34 MS: 1 CrossOver-
#94570	NEW    cov: 48 ft: 301 corp: 93/1821b lim: 697 exec/s: 0 rss: 35Mb L: 24/34 MS: 1 ChangeBinInt-
#94986	NEW    cov: 48 ft: 302 corp: 94/1845b lim: 697 exec/s: 0 rss: 35Mb L: 24/34 MS: 1 ChangeASCIIInt-
#99929	REDUCE cov: 48 ft: 302 corp: 94/1842b lim: 742 exec/s: 0 rss: 35Mb L: 18/34 MS: 3 EraseBytes-ChangeBit-EraseBytes-
#100971	NEW    cov: 48 ft: 303 corp: 95/1866b lim: 751 exec/s: 0 rss: 35Mb L: 24/34 MS: 2 ChangeBinInt-ChangeBinInt-
#102277	NEW    cov: 48 ft: 304 corp: 96/1890b lim: 760 exec/s: 0 rss: 35Mb L: 24/34 MS: 1 ChangeBit-
#102613	NEW    cov: 48 ft: 305 corp: 97/1914b lim: 760 exec/s: 0 rss: 35Mb L: 24/34 MS: 1 ChangeASCIIInt-
#103170	NEW    cov: 48 ft: 306 corp: 98/1938b lim: 760 exec/s: 0 rss: 35Mb L: 24/34 MS: 2 ChangeByte-ShuffleBytes-
#103691	NEW    cov: 48 ft: 307 corp: 99/1962b lim: 760 exec/s: 0 rss: 35Mb L: 24/34 MS: 1 ChangeBinInt-
#103702	NEW    cov: 48 ft: 308 corp: 100/1986b lim: 760 exec/s: 0 rss: 35Mb L: 24/34 MS: 1 CopyPart-
#103739	REDUCE cov: 48 ft: 308 corp: 100/1984b lim: 760 exec/s: 0 rss: 35Mb L: 22/34 MS: 2 InsertByte-EraseBytes-
#105257	REDUCE cov: 48 ft: 308 corp: 100/1982b lim: 769 exec/s: 0 rss: 35Mb L: 16/34 MS: 3 CrossOver-ChangeByte-EraseBytes-
#105718	NEW    cov: 48 ft: 309 corp: 101/2006b lim: 769 exec/s: 0 rss: 35Mb L: 24/34 MS: 1 ChangeBinInt-
#107569	NEW    cov: 48 ft: 310 corp: 102/2030b lim: 787 exec/s: 0 rss: 35Mb L: 24/34 MS: 1 ChangeBinInt-
#108195	NEW    cov: 48 ft: 311 corp: 103/2054b lim: 787 exec/s: 0 rss: 35Mb L: 24/34 MS: 1 ShuffleBytes-
#108466	NEW    cov: 49 ft: 314 corp: 104/2078b lim: 787 exec/s: 0 rss: 35Mb L: 24/34 MS: 1 ChangeByte-
#111264	REDUCE cov: 49 ft: 314 corp: 104/2076b lim: 814 exec/s: 0 rss: 35Mb L: 22/34 MS: 3 CrossOver-CopyPart-EraseBytes-
#113300	NEW    cov: 49 ft: 325 corp: 105/2100b lim: 832 exec/s: 0 rss: 35Mb L: 24/34 MS: 1 ChangeBit-
#117822	NEW    cov: 49 ft: 328 corp: 106/2124b lim: 868 exec/s: 0 rss: 35Mb L: 24/34 MS: 2 ShuffleBytes-ChangeBit-
#118173	NEW    cov: 49 ft: 329 corp: 107/2148b lim: 868 exec/s: 0 rss: 35Mb L: 24/34 MS: 1 ChangeBit-
#118804	NEW    cov: 49 ft: 334 corp: 108/2172b lim: 868 exec/s: 0 rss: 35Mb L: 24/34 MS: 1 ChangeASCIIInt-
#119125	NEW    cov: 49 ft: 340 corp: 109/2196b lim: 868 exec/s: 0 rss: 35Mb L: 24/34 MS: 1 ChangeBit-
#122114	REDUCE cov: 49 ft: 340 corp: 109/2194b lim: 895 exec/s: 0 rss: 35Mb L: 20/34 MS: 4 InsertByte-EraseBytes-InsertByte-CMP- DE: "T\000"-
#124951	NEW    cov: 49 ft: 343 corp: 110/2218b lim: 922 exec/s: 0 rss: 35Mb L: 24/34 MS: 2 ChangeByte-ChangeBinInt-
#127397	NEW    cov: 49 ft: 344 corp: 111/2242b lim: 940 exec/s: 0 rss: 35Mb L: 24/34 MS: 1 CrossOver-
#132814	REDUCE cov: 49 ft: 344 corp: 111/2240b lim: 985 exec/s: 0 rss: 35Mb L: 22/34 MS: 2 EraseBytes-ChangeBit-
#137050	NEW    cov: 49 ft: 345 corp: 112/2264b lim: 1021 exec/s: 0 rss: 35Mb L: 24/34 MS: 1 CopyPart-
#138106	NEW    cov: 49 ft: 347 corp: 113/2288b lim: 1030 exec/s: 0 rss: 35Mb L: 24/34 MS: 1 ChangeBit-
#138478	REDUCE cov: 49 ft: 347 corp: 113/2286b lim: 1030 exec/s: 0 rss: 35Mb L: 22/34 MS: 2 EraseBytes-CrossOver-
#138849	NEW    cov: 49 ft: 348 corp: 114/2310b lim: 1030 exec/s: 0 rss: 35Mb L: 24/34 MS: 1 ChangeASCIIInt-
#142691	NEW    cov: 49 ft: 350 corp: 115/2334b lim: 1060 exec/s: 0 rss: 35Mb L: 24/34 MS: 2 ShuffleBytes-CopyPart-
#143232	NEW    cov: 49 ft: 351 corp: 116/2358b lim: 1060 exec/s: 0 rss: 35Mb L: 24/34 MS: 1 ChangeByte-
#144848	NEW    cov: 49 ft: 352 corp: 117/2382b lim: 1070 exec/s: 0 rss: 35Mb L: 24/34 MS: 1 ChangeBit-
#150909	REDUCE cov: 49 ft: 353 corp: 118/2400b lim: 1130 exec/s: 0 rss: 35Mb L: 18/34 MS: 1 ChangeBit-
#151241	REDUCE cov: 49 ft: 353 corp: 118/2398b lim: 1130 exec/s: 0 rss: 35Mb L: 22/34 MS: 2 ChangeBit-EraseBytes-
#151989	NEW    cov: 49 ft: 354 corp: 119/2422b lim: 1130 exec/s: 0 rss: 35Mb L: 24/34 MS: 3 ShuffleBytes-CopyPart-ChangeBit-
#162110	NEW    cov: 49 ft: 355 corp: 120/2446b lim: 1230 exec/s: 0 rss: 35Mb L: 24/34 MS: 1 ChangeBit-
#162956	NEW    cov: 49 ft: 357 corp: 121/2470b lim: 1230 exec/s: 0 rss: 35Mb L: 24/34 MS: 1 ChangeASCIIInt-
#167638	REDUCE cov: 49 ft: 357 corp: 121/2466b lim: 1270 exec/s: 0 rss: 35Mb L: 20/34 MS: 2 PersAutoDict-EraseBytes- DE: "\377\377"-
#170886	REDUCE cov: 49 ft: 359 corp: 122/2488b lim: 1300 exec/s: 0 rss: 35Mb L: 22/34 MS: 3 ChangeASCIIInt-ChangeASCIIInt-CopyPart-
#172137	NEW    cov: 49 ft: 360 corp: 123/2512b lim: 1310 exec/s: 0 rss: 35Mb L: 24/34 MS: 1 ChangeBit-
#176676	REDUCE cov: 49 ft: 360 corp: 123/2510b lim: 1350 exec/s: 0 rss: 35Mb L: 16/34 MS: 4 PersAutoDict-CMP-ShuffleBytes-EraseBytes- DE: "#\000\000\000\000\000\000\000"-"\377\377\377\377"-
#187428	REDUCE cov: 49 ft: 360 corp: 123/2508b lim: 1450 exec/s: 0 rss: 35Mb L: 22/34 MS: 2 EraseBytes-ChangeByte-
#190484	NEW    cov: 49 ft: 362 corp: 124/2530b lim: 1480 exec/s: 0 rss: 35Mb L: 22/34 MS: 1 CopyPart-
#194296	NEW    cov: 49 ft: 363 corp: 125/2554b lim: 1510 exec/s: 0 rss: 35Mb L: 24/34 MS: 2 CopyPart-CopyPart-
#195052	NEW    cov: 49 ft: 364 corp: 126/2576b lim: 1510 exec/s: 0 rss: 35Mb L: 22/34 MS: 1 ChangeBinInt-
#197528	NEW    cov: 49 ft: 366 corp: 127/2598b lim: 1530 exec/s: 0 rss: 35Mb L: 22/34 MS: 1 ChangeByte-
#198374	NEW    cov: 49 ft: 367 corp: 128/2620b lim: 1530 exec/s: 0 rss: 35Mb L: 22/34 MS: 1 ChangeASCIIInt-
#198705	NEW    cov: 49 ft: 368 corp: 129/2642b lim: 1530 exec/s: 0 rss: 35Mb L: 22/34 MS: 1 ShuffleBytes-
#199691	NEW    cov: 49 ft: 369 corp: 130/2664b lim: 1530 exec/s: 0 rss: 35Mb L: 22/34 MS: 1 ChangeASCIIInt-
#200742	NEW    cov: 49 ft: 370 corp: 131/2686b lim: 1540 exec/s: 0 rss: 35Mb L: 22/34 MS: 1 ChangeBinInt-
#203423	NEW    cov: 49 ft: 371 corp: 132/2708b lim: 1560 exec/s: 0 rss: 35Mb L: 22/34 MS: 1 ChangeBit-
#205521	NEW    cov: 49 ft: 372 corp: 133/2732b lim: 1580 exec/s: 0 rss: 35Mb L: 24/34 MS: 3 ShuffleBytes-ChangeBit-CopyPart-
#207482	NEW    cov: 49 ft: 373 corp: 134/2754b lim: 1590 exec/s: 0 rss: 35Mb L: 22/34 MS: 1 ChangeByte-
#208043	NEW    cov: 49 ft: 374 corp: 135/2776b lim: 1590 exec/s: 0 rss: 35Mb L: 22/34 MS: 1 CopyPart-
#212990	NEW    cov: 49 ft: 375 corp: 136/2800b lim: 1630 exec/s: 0 rss: 35Mb L: 24/34 MS: 2 ChangeASCIIInt-ChangeBit-
#214747	NEW    cov: 49 ft: 376 corp: 137/2824b lim: 1640 exec/s: 0 rss: 35Mb L: 24/34 MS: 2 ChangeBinInt-ShuffleBytes-
#218538	NEW    cov: 49 ft: 377 corp: 138/2846b lim: 1670 exec/s: 0 rss: 35Mb L: 22/34 MS: 1 ChangeBit-
#220464	NEW    cov: 49 ft: 378 corp: 139/2868b lim: 1680 exec/s: 0 rss: 35Mb L: 22/34 MS: 1 CrossOver-
#222440	NEW    cov: 49 ft: 379 corp: 140/2892b lim: 1690 exec/s: 0 rss: 35Mb L: 24/34 MS: 1 ChangeASCIIInt-
#222486	NEW    cov: 49 ft: 380 corp: 141/2916b lim: 1690 exec/s: 0 rss: 35Mb L: 24/34 MS: 1 ChangeByte-
#223392	NEW    cov: 49 ft: 381 corp: 142/2938b lim: 1690 exec/s: 0 rss: 35Mb L: 22/34 MS: 1 ShuffleBytes-
#225810	REDUCE cov: 49 ft: 381 corp: 142/2936b lim: 1710 exec/s: 0 rss: 35Mb L: 22/34 MS: 3 EraseBytes-CopyPart-CrossOver-
#227437	REDUCE cov: 49 ft: 381 corp: 142/2932b lim: 1720 exec/s: 0 rss: 35Mb L: 18/34 MS: 2 EraseBytes-ChangeBinInt-
#232725	NEW    cov: 49 ft: 382 corp: 143/2956b lim: 1770 exec/s: 0 rss: 36Mb L: 24/34 MS: 3 EraseBytes-CrossOver-ChangeByte-
#234251	NEW    cov: 49 ft: 383 corp: 144/2980b lim: 1780 exec/s: 0 rss: 36Mb L: 24/34 MS: 1 ChangeASCIIInt-
#234504	NEW    cov: 49 ft: 384 corp: 145/3004b lim: 1780 exec/s: 0 rss: 36Mb L: 24/34 MS: 3 ChangeByte-ChangeASCIIInt-CopyPart-
#234980	NEW    cov: 49 ft: 385 corp: 146/3028b lim: 1780 exec/s: 0 rss: 36Mb L: 24/34 MS: 1 ChangeASCIIInt-
#236222	NEW    cov: 49 ft: 386 corp: 147/3052b lim: 1790 exec/s: 0 rss: 36Mb L: 24/34 MS: 2 ChangeBinInt-ChangeBinInt-
#238853	NEW    cov: 49 ft: 387 corp: 148/3076b lim: 1810 exec/s: 0 rss: 36Mb L: 24/34 MS: 1 ShuffleBytes-
#239300	REDUCE cov: 49 ft: 387 corp: 148/3074b lim: 1810 exec/s: 0 rss: 36Mb L: 16/34 MS: 2 EraseBytes-InsertByte-
#239741	NEW    cov: 49 ft: 388 corp: 149/3098b lim: 1810 exec/s: 0 rss: 36Mb L: 24/34 MS: 1 CrossOver-
#240068	REDUCE cov: 49 ft: 388 corp: 149/3096b lim: 1810 exec/s: 0 rss: 36Mb L: 22/34 MS: 2 EraseBytes-InsertByte-
#244655	REDUCE cov: 49 ft: 388 corp: 149/3094b lim: 1850 exec/s: 0 rss: 36Mb L: 20/34 MS: 2 InsertByte-EraseBytes-
#246753	REDUCE cov: 49 ft: 388 corp: 149/3092b lim: 1870 exec/s: 0 rss: 36Mb L: 20/34 MS: 3 CopyPart-ChangeBinInt-EraseBytes-
#265212	REDUCE cov: 49 ft: 388 corp: 149/3090b lim: 2050 exec/s: 0 rss: 36Mb L: 22/34 MS: 4 PersAutoDict-PersAutoDict-EraseBytes-EraseBytes- DE: "\001\000\000\000\000\000\000\017"-"T\000"-
#276084	REDUCE cov: 49 ft: 388 corp: 149/3084b lim: 2149 exec/s: 0 rss: 36Mb L: 18/34 MS: 2 CrossOver-EraseBytes-
#290701	REDUCE cov: 49 ft: 388 corp: 149/3082b lim: 2292 exec/s: 0 rss: 36Mb L: 22/34 MS: 2 InsertByte-EraseBytes-
#293770	REDUCE cov: 49 ft: 388 corp: 149/3080b lim: 2314 exec/s: 0 rss: 36Mb L: 20/34 MS: 4 CopyPart-InsertByte-ChangeBit-EraseBytes-
#302959	REDUCE cov: 49 ft: 388 corp: 149/3078b lim: 2402 exec/s: 0 rss: 36Mb L: 22/34 MS: 4 InsertByte-ChangeASCIIInt-CMP-EraseBytes- DE: "\000\000"-
#307410	NEW    cov: 49 ft: 389 corp: 150/3102b lim: 2446 exec/s: 0 rss: 36Mb L: 24/34 MS: 1 CopyPart-
#307791	NEW    cov: 49 ft: 390 corp: 151/3126b lim: 2446 exec/s: 0 rss: 36Mb L: 24/34 MS: 1 CopyPart-
#311383	NEW    cov: 49 ft: 391 corp: 152/3150b lim: 2479 exec/s: 0 rss: 36Mb L: 24/34 MS: 2 ChangeASCIIInt-CrossOver-
#314246	REDUCE cov: 49 ft: 391 corp: 152/3146b lim: 2501 exec/s: 0 rss: 36Mb L: 18/34 MS: 3 ChangeByte-PersAutoDict-EraseBytes- DE: "\377\377\377\377\377\377\377\023"-
#323929	REDUCE cov: 49 ft: 391 corp: 152/3144b lim: 2589 exec/s: 0 rss: 36Mb L: 22/34 MS: 3 CrossOver-ChangeASCIIInt-EraseBytes-
#332642	REDUCE cov: 49 ft: 391 corp: 152/3142b lim: 2666 exec/s: 0 rss: 36Mb L: 16/34 MS: 3 EraseBytes-ChangeBit-InsertByte-
#338982	REDUCE cov: 49 ft: 392 corp: 153/3163b lim: 2721 exec/s: 0 rss: 36Mb L: 21/34 MS: 5 PersAutoDict-EraseBytes-CopyPart-CrossOver-ChangeBinInt- DE: "\377\377"-
#339823	NEW    cov: 49 ft: 394 corp: 154/3191b lim: 2721 exec/s: 0 rss: 36Mb L: 28/34 MS: 1 CrossOver-
#341331	REDUCE cov: 49 ft: 394 corp: 154/3185b lim: 2732 exec/s: 0 rss: 36Mb L: 15/34 MS: 3 EraseBytes-ChangeBit-CopyPart-
#346765	REDUCE cov: 49 ft: 394 corp: 154/3183b lim: 2776 exec/s: 0 rss: 36Mb L: 18/34 MS: 4 ChangeBit-ChangeBinInt-EraseBytes-ChangeByte-
#376962	REDUCE cov: 49 ft: 394 corp: 154/3175b lim: 3073 exec/s: 0 rss: 36Mb L: 20/34 MS: 2 EraseBytes-InsertByte-
#405281	REDUCE cov: 49 ft: 394 corp: 154/3173b lim: 3348 exec/s: 405281 rss: 36Mb L: 22/34 MS: 3 EraseBytes-InsertByte-InsertByte-
#429521	REDUCE cov: 49 ft: 394 corp: 154/3171b lim: 3579 exec/s: 429521 rss: 36Mb L: 22/34 MS: 5 CMP-EraseBytes-EraseBytes-ChangeBit-CMP- DE: "\001\000\000\000\000\000\000\030"-"\0014"-
#452981	REDUCE cov: 49 ft: 394 corp: 154/3169b lim: 3810 exec/s: 452981 rss: 36Mb L: 20/34 MS: 5 ChangeByte-PersAutoDict-EraseBytes-ChangeASCIIInt-InsertByte- DE: "!\000\000\000\000\000\000\000"-
#479345	REDUCE cov: 49 ft: 394 corp: 154/3167b lim: 4063 exec/s: 479345 rss: 36Mb L: 18/34 MS: 4 InsertRepeatedBytes-PersAutoDict-ShuffleBytes-EraseBytes- DE: "\377\377"-
#484387	REDUCE cov: 49 ft: 394 corp: 154/3165b lim: 4096 exec/s: 484387 rss: 36Mb L: 22/34 MS: 2 InsertByte-EraseBytes-
#534155	REDUCE cov: 49 ft: 394 corp: 154/3163b lim: 4096 exec/s: 534155 rss: 36Mb L: 20/34 MS: 3 EraseBytes-ChangeBit-CrossOver-
#537332	REDUCE cov: 49 ft: 394 corp: 154/3161b lim: 4096 exec/s: 537332 rss: 36Mb L: 22/34 MS: 2 CMP-EraseBytes- DE: "\377\377\377@"-
#568017	REDUCE cov: 49 ft: 394 corp: 154/3159b lim: 4096 exec/s: 568017 rss: 36Mb L: 16/34 MS: 5 CrossOver-CMP-ShuffleBytes-CopyPart-EraseBytes- DE: "\000\000\000\000"-
#574439	REDUCE cov: 49 ft: 394 corp: 154/3157b lim: 4096 exec/s: 574439 rss: 36Mb L: 18/34 MS: 2 EraseBytes-ChangeByte-
#577266	REDUCE cov: 49 ft: 394 corp: 154/3155b lim: 4096 exec/s: 577266 rss: 36Mb L: 18/34 MS: 2 ShuffleBytes-EraseBytes-
#579140	REDUCE cov: 49 ft: 394 corp: 154/3153b lim: 4096 exec/s: 579140 rss: 36Mb L: 20/34 MS: 4 ChangeByte-ChangeBit-PersAutoDict-EraseBytes- DE: "\0014"-
#589672	REDUCE cov: 49 ft: 394 corp: 154/3151b lim: 4096 exec/s: 589672 rss: 36Mb L: 20/34 MS: 2 ChangeBinInt-EraseBytes-
#591940	REDUCE cov: 49 ft: 394 corp: 154/3149b lim: 4096 exec/s: 591940 rss: 36Mb L: 22/34 MS: 3 ChangeByte-EraseBytes-InsertByte-
#592793	REDUCE cov: 49 ft: 394 corp: 154/3147b lim: 4096 exec/s: 592793 rss: 36Mb L: 22/34 MS: 3 ShuffleBytes-InsertByte-EraseBytes-
#618137	REDUCE cov: 49 ft: 394 corp: 154/3145b lim: 4096 exec/s: 618137 rss: 36Mb L: 22/34 MS: 4 ShuffleBytes-ChangeBit-ChangeBit-EraseBytes-
#624030	REDUCE cov: 49 ft: 394 corp: 154/3143b lim: 4096 exec/s: 624030 rss: 36Mb L: 22/34 MS: 3 InsertByte-ChangeBinInt-EraseBytes-
#640097	REDUCE cov: 49 ft: 394 corp: 154/3141b lim: 4096 exec/s: 640097 rss: 36Mb L: 20/34 MS: 2 ChangeBinInt-EraseBytes-
#645614	REDUCE cov: 49 ft: 394 corp: 154/3139b lim: 4096 exec/s: 645614 rss: 36Mb L: 20/34 MS: 2 ChangeBinInt-EraseBytes-
#660017	REDUCE cov: 49 ft: 394 corp: 154/3137b lim: 4096 exec/s: 660017 rss: 36Mb L: 16/34 MS: 3 ChangeByte-ChangeByte-EraseBytes-
#694974	REDUCE cov: 49 ft: 394 corp: 154/3133b lim: 4096 exec/s: 694974 rss: 36Mb L: 20/34 MS: 2 EraseBytes-PersAutoDict- DE: "\377\377"-
#732270	NEW    cov: 49 ft: 398 corp: 155/3157b lim: 4096 exec/s: 732270 rss: 36Mb L: 24/34 MS: 1 CrossOver-
#745601	NEW    cov: 49 ft: 399 corp: 156/3181b lim: 4096 exec/s: 745601 rss: 36Mb L: 24/34 MS: 1 ChangeBit-
#754993	REDUCE cov: 49 ft: 399 corp: 156/3179b lim: 4096 exec/s: 754993 rss: 36Mb L: 20/34 MS: 2 EraseBytes-ChangeBit-
#769880	REDUCE cov: 49 ft: 399 corp: 156/3177b lim: 4096 exec/s: 769880 rss: 36Mb L: 20/34 MS: 2 ChangeByte-EraseBytes-
#806687	REDUCE cov: 49 ft: 399 corp: 156/3176b lim: 4096 exec/s: 806687 rss: 36Mb L: 17/34 MS: 2 EraseBytes-InsertByte-
#828882	REDUCE cov: 49 ft: 399 corp: 156/3174b lim: 4096 exec/s: 828882 rss: 36Mb L: 22/34 MS: 5 ChangeBit-CopyPart-ChangeByte-EraseBytes-EraseBytes-
#841125	REDUCE cov: 49 ft: 399 corp: 156/3172b lim: 4096 exec/s: 420562 rss: 36Mb L: 16/34 MS: 3 ShuffleBytes-CopyPart-EraseBytes-
#868649	REDUCE cov: 49 ft: 399 corp: 156/3168b lim: 4096 exec/s: 434324 rss: 36Mb L: 20/34 MS: 4 ChangeByte-EraseBytes-ShuffleBytes-InsertByte-
#868981	REDUCE cov: 49 ft: 399 corp: 156/3166b lim: 4096 exec/s: 434490 rss: 36Mb L: 20/34 MS: 2 ChangeByte-EraseBytes-
#880718	REDUCE cov: 49 ft: 399 corp: 156/3164b lim: 4096 exec/s: 440359 rss: 36Mb L: 20/34 MS: 2 EraseBytes-ChangeBinInt-
#904943	REDUCE cov: 49 ft: 399 corp: 156/3156b lim: 4096 exec/s: 452471 rss: 36Mb L: 16/34 MS: 5 ChangeBinInt-ChangeASCIIInt-CMP-EraseBytes-InsertByte- DE: "Q\000"-
#906990	REDUCE cov: 49 ft: 399 corp: 156/3154b lim: 4096 exec/s: 453495 rss: 36Mb L: 18/34 MS: 2 CopyPart-EraseBytes-
#918107	REDUCE cov: 49 ft: 399 corp: 156/3152b lim: 4096 exec/s: 459053 rss: 36Mb L: 18/34 MS: 2 EraseBytes-ChangeBinInt-
#918709	REDUCE cov: 49 ft: 399 corp: 156/3150b lim: 4096 exec/s: 459354 rss: 36Mb L: 20/34 MS: 2 EraseBytes-ChangeBit-
#920992	REDUCE cov: 49 ft: 399 corp: 156/3148b lim: 4096 exec/s: 460496 rss: 36Mb L: 18/34 MS: 3 EraseBytes-ShuffleBytes-ChangeByte-
#974551	REDUCE cov: 49 ft: 399 corp: 156/3146b lim: 4096 exec/s: 487275 rss: 36Mb L: 20/34 MS: 4 ChangeByte-InsertByte-EraseBytes-InsertByte-
#1026876	REDUCE cov: 49 ft: 399 corp: 156/3144b lim: 4096 exec/s: 513438 rss: 36Mb L: 18/34 MS: 5 ChangeASCIIInt-ChangeByte-ChangeBinInt-ChangeBinInt-EraseBytes-
#1048576	pulse  cov: 49 ft: 399 corp: 156/3144b lim: 4096 exec/s: 524288 rss: 36Mb
#1055893	REDUCE cov: 49 ft: 399 corp: 156/3140b lim: 4096 exec/s: 527946 rss: 36Mb L: 20/34 MS: 2 EraseBytes-ChangeBinInt-
#1067891	REDUCE cov: 49 ft: 399 corp: 156/3136b lim: 4096 exec/s: 533945 rss: 36Mb L: 16/34 MS: 3 PersAutoDict-CrossOver-EraseBytes- DE: "\377\377\377\377\377\377\377\023"-
#1077689	REDUCE cov: 49 ft: 399 corp: 156/3134b lim: 4096 exec/s: 538844 rss: 36Mb L: 18/34 MS: 3 CopyPart-PersAutoDict-EraseBytes- DE: "\0014"-
#1083469	REDUCE cov: 49 ft: 399 corp: 156/3130b lim: 4096 exec/s: 541734 rss: 36Mb L: 16/34 MS: 5 CopyPart-ChangeBit-EraseBytes-CMP-InsertByte- DE: "\377\377\377/"-
#1121327	REDUCE cov: 49 ft: 399 corp: 156/3128b lim: 4096 exec/s: 560663 rss: 36Mb L: 16/34 MS: 3 ChangeBinInt-EraseBytes-ChangeByte-
#1171540	REDUCE cov: 49 ft: 399 corp: 156/3126b lim: 4096 exec/s: 585770 rss: 36Mb L: 20/34 MS: 3 ShuffleBytes-EraseBytes-InsertByte-
#1278228	NEW    cov: 49 ft: 400 corp: 157/3150b lim: 4096 exec/s: 426076 rss: 36Mb L: 24/34 MS: 3 ChangeBinInt-ShuffleBytes-ChangeBinInt-
#1287080	REDUCE cov: 49 ft: 400 corp: 157/3148b lim: 4096 exec/s: 429026 rss: 36Mb L: 20/34 MS: 2 ChangeByte-EraseBytes-
#1287977	REDUCE cov: 49 ft: 400 corp: 157/3146b lim: 4096 exec/s: 429325 rss: 36Mb L: 22/34 MS: 2 EraseBytes-ChangeBit-
#1295255	REDUCE cov: 49 ft: 400 corp: 157/3144b lim: 4096 exec/s: 431751 rss: 36Mb L: 22/34 MS: 3 InsertByte-ChangeASCIIInt-EraseBytes-
#1371119	REDUCE cov: 49 ft: 400 corp: 157/3142b lim: 4096 exec/s: 457039 rss: 36Mb L: 20/34 MS: 4 ShuffleBytes-EraseBytes-ShuffleBytes-InsertByte-
#1386924	REDUCE cov: 49 ft: 400 corp: 157/3140b lim: 4096 exec/s: 462308 rss: 36Mb L: 22/34 MS: 5 ShuffleBytes-ChangeBinInt-EraseBytes-ChangeBit-CopyPart-
#1453871	REDUCE cov: 49 ft: 400 corp: 157/3136b lim: 4096 exec/s: 484623 rss: 36Mb L: 18/34 MS: 2 PersAutoDict-EraseBytes- DE: "\377\377\377/"-
#1456719	REDUCE cov: 49 ft: 400 corp: 157/3134b lim: 4096 exec/s: 485573 rss: 36Mb L: 18/34 MS: 3 PersAutoDict-ShuffleBytes-EraseBytes- DE: "\377\377\377/"-
#1472071	REDUCE cov: 49 ft: 400 corp: 157/3132b lim: 4096 exec/s: 490690 rss: 36Mb L: 18/34 MS: 2 EraseBytes-CrossOver-
#1489608	REDUCE cov: 49 ft: 400 corp: 157/3130b lim: 4096 exec/s: 496536 rss: 36Mb L: 16/34 MS: 2 EraseBytes-CopyPart-
#1499731	REDUCE cov: 49 ft: 400 corp: 157/3128b lim: 4096 exec/s: 499910 rss: 36Mb L: 18/34 MS: 3 EraseBytes-ShuffleBytes-InsertByte-
#1532551	REDUCE cov: 49 ft: 400 corp: 157/3126b lim: 4096 exec/s: 510850 rss: 36Mb L: 16/34 MS: 5 ChangeBit-PersAutoDict-ChangeBit-ChangeBinInt-EraseBytes- DE: "\377\377\377@"-
#1546498	REDUCE cov: 49 ft: 400 corp: 157/3124b lim: 4096 exec/s: 515499 rss: 36Mb L: 20/34 MS: 2 CopyPart-EraseBytes-
#1562835	REDUCE cov: 49 ft: 400 corp: 157/3122b lim: 4096 exec/s: 520945 rss: 36Mb L: 22/34 MS: 2 EraseBytes-ChangeBit-
#1590889	REDUCE cov: 49 ft: 400 corp: 157/3120b lim: 4096 exec/s: 530296 rss: 36Mb L: 18/34 MS: 4 ShuffleBytes-CopyPart-ChangeByte-EraseBytes-
#1593996	REDUCE cov: 49 ft: 400 corp: 157/3118b lim: 4096 exec/s: 531332 rss: 36Mb L: 18/34 MS: 2 PersAutoDict-EraseBytes- DE: "\377\377"-
#1618750	REDUCE cov: 49 ft: 401 corp: 158/3134b lim: 4096 exec/s: 539583 rss: 36Mb L: 16/34 MS: 4 EraseBytes-EraseBytes-ChangeByte-CopyPart-
#1663952	REDUCE cov: 49 ft: 401 corp: 158/3132b lim: 4096 exec/s: 554650 rss: 36Mb L: 22/34 MS: 2 PersAutoDict-EraseBytes- DE: "\377\377"-
#1706284	REDUCE cov: 49 ft: 401 corp: 158/3130b lim: 4096 exec/s: 568761 rss: 36Mb L: 20/34 MS: 2 ChangeByte-EraseBytes-
#1714432	REDUCE cov: 49 ft: 401 corp: 158/3128b lim: 4096 exec/s: 428608 rss: 36Mb L: 18/34 MS: 3 EraseBytes-InsertByte-InsertByte-
#1823740	REDUCE cov: 49 ft: 401 corp: 158/3126b lim: 4096 exec/s: 455935 rss: 36Mb L: 20/34 MS: 3 EraseBytes-ChangeBit-ChangeByte-
#1875859	REDUCE cov: 49 ft: 401 corp: 158/3124b lim: 4096 exec/s: 468964 rss: 36Mb L: 20/34 MS: 4 ChangeASCIIInt-CopyPart-EraseBytes-InsertByte-
#1891532	NEW    cov: 49 ft: 402 corp: 159/3153b lim: 4096 exec/s: 472883 rss: 36Mb L: 29/34 MS: 3 ChangeBit-ChangeBit-CopyPart-
#1919618	NEW    cov: 50 ft: 408 corp: 160/3182b lim: 4096 exec/s: 479904 rss: 36Mb L: 29/34 MS: 1 ShuffleBytes-
#1931257	REDUCE cov: 50 ft: 408 corp: 160/3180b lim: 4096 exec/s: 482814 rss: 36Mb L: 20/34 MS: 4 ChangeASCIIInt-CopyPart-EraseBytes-ChangeBit-
#1937215	REDUCE cov: 50 ft: 408 corp: 160/3178b lim: 4096 exec/s: 484303 rss: 36Mb L: 18/34 MS: 3 ChangeBit-EraseBytes-EraseBytes-
#2000642	REDUCE cov: 50 ft: 408 corp: 160/3176b lim: 4096 exec/s: 500160 rss: 36Mb L: 20/34 MS: 2 EraseBytes-ChangeBinInt-
#2012454	REDUCE cov: 50 ft: 408 corp: 160/3175b lim: 4096 exec/s: 503113 rss: 36Mb L: 28/34 MS: 2 ChangeASCIIInt-EraseBytes-
#2204009	REDUCE cov: 50 ft: 414 corp: 161/3207b lim: 4096 exec/s: 440801 rss: 36Mb L: 32/34 MS: 5 EraseBytes-ChangeBit-ChangeBit-CrossOver-CopyPart-
#2213301	REDUCE cov: 50 ft: 414 corp: 161/3205b lim: 4096 exec/s: 442660 rss: 36Mb L: 20/34 MS: 2 ChangeByte-EraseBytes-
#2229222	NEW    cov: 50 ft: 417 corp: 162/3237b lim: 4096 exec/s: 445844 rss: 36Mb L: 32/34 MS: 1 CrossOver-
#2344550	REDUCE cov: 50 ft: 417 corp: 162/3235b lim: 4096 exec/s: 468910 rss: 36Mb L: 18/34 MS: 3 ChangeByte-EraseBytes-ChangeByte-
#2391848	REDUCE cov: 50 ft: 417 corp: 162/3233b lim: 4096 exec/s: 478369 rss: 36Mb L: 20/34 MS: 3 ChangeByte-InsertByte-EraseBytes-
#2498472	REDUCE cov: 50 ft: 417 corp: 162/3231b lim: 4096 exec/s: 499694 rss: 36Mb L: 18/34 MS: 4 ChangeByte-EraseBytes-ChangeBit-PersAutoDict- DE: "\377\377"-
#2504789	NEW    cov: 50 ft: 418 corp: 163/3255b lim: 4096 exec/s: 500957 rss: 36Mb L: 24/34 MS: 2 ChangeByte-ChangeBinInt-
#2563321	REDUCE cov: 50 ft: 418 corp: 163/3250b lim: 4096 exec/s: 512664 rss: 36Mb L: 19/34 MS: 2 EraseBytes-ChangeBit-
#2669125	REDUCE cov: 50 ft: 418 corp: 163/3248b lim: 4096 exec/s: 444854 rss: 36Mb L: 22/34 MS: 4 EraseBytes-ChangeBinInt-ChangeASCIIInt-InsertByte-
#2684410	REDUCE cov: 50 ft: 418 corp: 163/3244b lim: 4096 exec/s: 447401 rss: 36Mb L: 20/34 MS: 5 ChangeASCIIInt-EraseBytes-ShuffleBytes-PersAutoDict-CrossOver- DE: "Q\000"-
#2709513	REDUCE cov: 50 ft: 418 corp: 163/3242b lim: 4096 exec/s: 451585 rss: 36Mb L: 20/34 MS: 3 CopyPart-PersAutoDict-EraseBytes- DE: "\377\377"-
#2785998	REDUCE cov: 50 ft: 418 corp: 163/3240b lim: 4096 exec/s: 464333 rss: 36Mb L: 16/34 MS: 5 PersAutoDict-EraseBytes-CMP-ChangeByte-ChangeBinInt- DE: "#\000\000\000\000\000\000\000"-"\000\000\000\000\000\000\000\012"-
#2875641	REDUCE cov: 50 ft: 418 corp: 163/3238b lim: 4096 exec/s: 479273 rss: 36Mb L: 20/34 MS: 3 EraseBytes-ShuffleBytes-CMP- DE: "\377@"-
#2895113	REDUCE cov: 50 ft: 418 corp: 163/3236b lim: 4096 exec/s: 482518 rss: 36Mb L: 18/34 MS: 2 ChangeBit-EraseBytes-
#2936246	REDUCE cov: 50 ft: 418 corp: 163/3234b lim: 4096 exec/s: 489374 rss: 36Mb L: 18/34 MS: 3 ChangeBinInt-EraseBytes-CopyPart-
#3002039	REDUCE cov: 50 ft: 418 corp: 163/3232b lim: 4096 exec/s: 500339 rss: 36Mb L: 20/34 MS: 3 ChangeBinInt-CopyPart-EraseBytes-
#3112006	REDUCE cov: 50 ft: 418 corp: 163/3226b lim: 4096 exec/s: 444572 rss: 36Mb L: 16/34 MS: 2 EraseBytes-PersAutoDict- DE: "\377\377\377\377"-
#3113348	REDUCE cov: 50 ft: 418 corp: 163/3224b lim: 4096 exec/s: 444764 rss: 36Mb L: 20/34 MS: 2 ChangeByte-EraseBytes-
#3192410	REDUCE cov: 50 ft: 418 corp: 163/3222b lim: 4096 exec/s: 456058 rss: 36Mb L: 18/34 MS: 2 EraseBytes-ChangeByte-
#3195032	REDUCE cov: 50 ft: 418 corp: 163/3220b lim: 4096 exec/s: 456433 rss: 36Mb L: 18/34 MS: 2 EraseBytes-PersAutoDict- DE: "\377@"-
#3240705	REDUCE cov: 50 ft: 418 corp: 163/3218b lim: 4096 exec/s: 462957 rss: 36Mb L: 18/34 MS: 3 InsertByte-EraseBytes-EraseBytes-
#3315409	REDUCE cov: 50 ft: 418 corp: 163/3217b lim: 4096 exec/s: 473629 rss: 36Mb L: 15/34 MS: 4 ChangeBinInt-EraseBytes-InsertByte-ChangeBit-
#3587360	REDUCE cov: 50 ft: 421 corp: 164/3236b lim: 4096 exec/s: 448420 rss: 36Mb L: 19/34 MS: 1 CrossOver-
#3800224	REDUCE cov: 50 ft: 421 corp: 164/3234b lim: 4096 exec/s: 475028 rss: 36Mb L: 22/34 MS: 4 ChangeBit-InsertByte-EraseBytes-ChangeBit-
#3934888	NEW    cov: 50 ft: 423 corp: 165/3258b lim: 4096 exec/s: 437209 rss: 36Mb L: 24/34 MS: 4 ChangeBit-ShuffleBytes-ChangeByte-ChangeByte-
#4129137	REDUCE cov: 50 ft: 423 corp: 165/3256b lim: 4096 exec/s: 458793 rss: 36Mb L: 18/34 MS: 4 CrossOver-InsertByte-EraseBytes-InsertByte-
#4222114	REDUCE cov: 50 ft: 423 corp: 165/3254b lim: 4096 exec/s: 469123 rss: 36Mb L: 16/34 MS: 2 InsertByte-EraseBytes-
#4256127	REDUCE cov: 50 ft: 424 corp: 166/3276b lim: 4096 exec/s: 472903 rss: 36Mb L: 22/34 MS: 3 ChangeBit-ChangeASCIIInt-ChangeBinInt-
#4265960	REDUCE cov: 50 ft: 424 corp: 166/3274b lim: 4096 exec/s: 473995 rss: 36Mb L: 20/34 MS: 3 ShuffleBytes-EraseBytes-InsertByte-
#4317775	REDUCE cov: 50 ft: 424 corp: 166/3273b lim: 4096 exec/s: 479752 rss: 36Mb L: 15/34 MS: 5 ChangeBit-EraseBytes-ChangeBinInt-ChangeASCIIInt-InsertByte-
#4397418	REDUCE cov: 50 ft: 424 corp: 166/3271b lim: 4096 exec/s: 439741 rss: 36Mb L: 22/34 MS: 3 CrossOver-ChangeASCIIInt-EraseBytes-
#4400426	REDUCE cov: 50 ft: 424 corp: 166/3269b lim: 4096 exec/s: 440042 rss: 36Mb L: 17/34 MS: 3 EraseBytes-ChangeBit-InsertByte-
#4589809	REDUCE cov: 50 ft: 424 corp: 166/3267b lim: 4096 exec/s: 458980 rss: 36Mb L: 18/34 MS: 3 ShuffleBytes-EraseBytes-InsertByte-
#4591161	REDUCE cov: 50 ft: 425 corp: 167/3284b lim: 4096 exec/s: 459116 rss: 36Mb L: 17/34 MS: 2 ChangeByte-ShuffleBytes-
#4608128	REDUCE cov: 50 ft: 425 corp: 167/3282b lim: 4096 exec/s: 460812 rss: 36Mb L: 16/34 MS: 2 PersAutoDict-EraseBytes- DE: "\377\377"-
#4806027	REDUCE cov: 50 ft: 425 corp: 167/3280b lim: 4096 exec/s: 436911 rss: 36Mb L: 18/34 MS: 4 CopyPart-ChangeByte-EraseBytes-InsertByte-
#4939729	REDUCE cov: 50 ft: 425 corp: 167/3278b lim: 4096 exec/s: 449066 rss: 36Mb L: 18/34 MS: 2 EraseBytes-InsertByte-
#5012301	REDUCE cov: 50 ft: 425 corp: 167/3276b lim: 4096 exec/s: 455663 rss: 36Mb L: 20/34 MS: 2 EraseBytes-ChangeByte-
#5210265	REDUCE cov: 50 ft: 425 corp: 167/3274b lim: 4096 exec/s: 473660 rss: 36Mb L: 18/34 MS: 4 PersAutoDict-ChangeByte-InsertByte-EraseBytes- DE: "\377@"-
#5258329	REDUCE cov: 50 ft: 425 corp: 167/3272b lim: 4096 exec/s: 438194 rss: 36Mb L: 20/34 MS: 4 CopyPart-InsertByte-EraseBytes-CrossOver-
#5779372	REDUCE cov: 50 ft: 425 corp: 167/3270b lim: 4096 exec/s: 444567 rss: 36Mb L: 20/34 MS: 3 ChangeBinInt-EraseBytes-PersAutoDict- DE: "\377@"-
#5887779	REDUCE cov: 50 ft: 425 corp: 167/3267b lim: 4096 exec/s: 452906 rss: 36Mb L: 15/34 MS: 2 EraseBytes-ChangeBit-
#5996691	REDUCE cov: 50 ft: 425 corp: 167/3265b lim: 4096 exec/s: 461283 rss: 36Mb L: 16/34 MS: 2 ChangeBinInt-EraseBytes-
#6318569	REDUCE cov: 50 ft: 425 corp: 167/3261b lim: 4096 exec/s: 451326 rss: 36Mb L: 20/34 MS: 3 ShuffleBytes-EraseBytes-ChangeBinInt-
#6558582	REDUCE cov: 50 ft: 425 corp: 167/3259b lim: 4096 exec/s: 468470 rss: 36Mb L: 16/34 MS: 3 EraseBytes-ChangeASCIIInt-ChangeByte-
#6563760	REDUCE cov: 50 ft: 425 corp: 167/3257b lim: 4096 exec/s: 437584 rss: 36Mb L: 20/34 MS: 3 EraseBytes-InsertByte-PersAutoDict- DE: "\377\377"-
#6570933	REDUCE cov: 50 ft: 425 corp: 167/3253b lim: 4096 exec/s: 438062 rss: 36Mb L: 16/34 MS: 3 PersAutoDict-EraseBytes-EraseBytes- DE: "\377\377\377\377\377\377\377\023"-
#6724555	REDUCE cov: 50 ft: 425 corp: 167/3251b lim: 4096 exec/s: 448303 rss: 36Mb L: 16/34 MS: 2 ChangeByte-EraseBytes-
#6973305	REDUCE cov: 50 ft: 425 corp: 167/3249b lim: 4096 exec/s: 464887 rss: 36Mb L: 22/34 MS: 5 EraseBytes-ChangeASCIIInt-CopyPart-EraseBytes-ChangeByte-
#6979102	REDUCE cov: 50 ft: 425 corp: 167/3247b lim: 4096 exec/s: 465273 rss: 36Mb L: 16/34 MS: 2 PersAutoDict-EraseBytes- DE: "\377@"-
#7115974	REDUCE cov: 50 ft: 425 corp: 167/3245b lim: 4096 exec/s: 444748 rss: 36Mb L: 18/34 MS: 2 InsertByte-EraseBytes-
#7304778	REDUCE cov: 50 ft: 425 corp: 167/3243b lim: 4096 exec/s: 456548 rss: 36Mb L: 18/34 MS: 4 InsertByte-PersAutoDict-CopyPart-EraseBytes- DE: "\377@"-
#7515175	REDUCE cov: 50 ft: 425 corp: 167/3241b lim: 4096 exec/s: 442069 rss: 36Mb L: 18/34 MS: 2 ChangeBinInt-EraseBytes-
#7616077	REDUCE cov: 50 ft: 425 corp: 167/3239b lim: 4096 exec/s: 448004 rss: 36Mb L: 15/34 MS: 2 EraseBytes-CopyPart-
#7650416	REDUCE cov: 50 ft: 425 corp: 167/3237b lim: 4096 exec/s: 450024 rss: 36Mb L: 18/34 MS: 4 ChangeBit-ChangeByte-InsertByte-EraseBytes-
#7771359	REDUCE cov: 50 ft: 425 corp: 167/3235b lim: 4096 exec/s: 457138 rss: 36Mb L: 20/34 MS: 3 ChangeBinInt-ChangeBit-EraseBytes-
#7856144	REDUCE cov: 50 ft: 425 corp: 167/3232b lim: 4096 exec/s: 462126 rss: 36Mb L: 19/34 MS: 5 EraseBytes-InsertByte-ChangeBit-InsertByte-EraseBytes-
#7877287	REDUCE cov: 50 ft: 425 corp: 167/3230b lim: 4096 exec/s: 463369 rss: 36Mb L: 18/34 MS: 3 EraseBytes-ChangeASCIIInt-ChangeByte-
#7883515	REDUCE cov: 50 ft: 425 corp: 167/3228b lim: 4096 exec/s: 437973 rss: 36Mb L: 16/34 MS: 3 PersAutoDict-ChangeBit-EraseBytes- DE: "\377\377\377/"-
#8144919	REDUCE cov: 50 ft: 425 corp: 167/3226b lim: 4096 exec/s: 452495 rss: 36Mb L: 16/34 MS: 4 EraseBytes-ChangeBinInt-ChangeByte-InsertByte-
#8388608	pulse  cov: 50 ft: 425 corp: 167/3226b lim: 4096 exec/s: 441505 rss: 36Mb
#8394283	REDUCE cov: 50 ft: 425 corp: 167/3225b lim: 4096 exec/s: 441804 rss: 36Mb L: 15/34 MS: 4 EraseBytes-PersAutoDict-ChangeBit-ChangeBit- DE: "\377@"-
#8603282	NEW    cov: 50 ft: 429 corp: 168/3249b lim: 4096 exec/s: 452804 rss: 36Mb L: 24/34 MS: 4 CrossOver-CrossOver-CopyPart-ChangeBit-
#8605619	REDUCE cov: 50 ft: 429 corp: 168/3247b lim: 4096 exec/s: 452927 rss: 36Mb L: 18/34 MS: 2 PersAutoDict-EraseBytes- DE: "\377\377"-
#8679488	REDUCE cov: 50 ft: 429 corp: 168/3245b lim: 4096 exec/s: 456815 rss: 36Mb L: 18/34 MS: 4 EraseBytes-InsertByte-ChangeBinInt-PersAutoDict- DE: "\377\377\377/"-
#8714315	NEW    cov: 50 ft: 430 corp: 169/3269b lim: 4096 exec/s: 458648 rss: 36Mb L: 24/34 MS: 2 ChangeBit-CopyPart-
panic: found special char in iban [recovered]
	panic: found special char in iban

goroutine 17 [running, locked to thread]:
git.ultraware.nl/iddinkgroep/fundament-api.Fuzz.func1()
	git.ultraware.nl/iddinkgroep/fundament-api/fuzz.go:19 +0xa5
panic({0x5630735f3760?, 0x563073606c70?})
	runtime/panic.go:914 +0x21f
git.ultraware.nl/iddinkgroep/fundament-api.Fuzz({0xc0004b4e70, 0x18})
	git.ultraware.nl/iddinkgroep/fundament-api/fuzz.go:34 +0x2b9
git.ultraware.nl/iddinkgroep/fundament-api.Fuzz_(...)
	git.ultraware.nl/iddinkgroep/fundament-api/fuzz.1527825026.go:6
main.LLVMFuzzerTestOneInput(...)
	./main.170485750.go:21
==17212== ERROR: libFuzzer: deadly signal
    #0 0x563073516630 in __sanitizer_print_stack_trace (/seedai/experiments/libfuzzer/source_iban/libfuzzer+0xaf630) (BuildId: 688cb25bec4564588da2a67f6a2b25148a0fd5d4)
    #1 0x5630734e2755 in fuzzer::PrintStackTrace() (/seedai/experiments/libfuzzer/source_iban/libfuzzer+0x7b755) (BuildId: 688cb25bec4564588da2a67f6a2b25148a0fd5d4)
    #2 0x5630734c13a9 in fuzzer::Fuzzer::CrashCallback() (.part.0) FuzzerLoop.cpp.o
    #3 0x5630734c146a in fuzzer::Fuzzer::StaticCrashSignalCallback() (/seedai/experiments/libfuzzer/source_iban/libfuzzer+0x5a46a) (BuildId: 688cb25bec4564588da2a67f6a2b25148a0fd5d4)
    #4 0x7f661d5a270f  (/usr/lib/libc.so.6+0x3e70f) (BuildId: 316d0d3666387f0e8fb98773f51aa1801027c5ab)
    #5 0x563073576160 in runtime.raise.abi0 runtime/sys_linux_amd64.s:153

NOTE: libFuzzer has rudimentary signal handlers.
      Combine libFuzzer with AddressSanitizer or similar for better crash reports.
SUMMARY: libFuzzer: deadly signal
MS: 1 ChangeByte-; base unit: 698f71413142f43c7ffa8fa45a025880e89abdc3
0x53,0x41,0x30,0x30,0x2d,0x30,0x30,0x30,0x30,0x30,0x30,0x30,0x30,0x30,0x30,0x30,0x30,0x30,0x30,0x30,0x31,0x30,0x71,0x38,
SA00-00000000000000010q8
artifact_prefix='./'; Test unit written to ./crash-389668fc70d502555f546593ea12ad2b8dccbf82
Base64: U0EwMC0wMDAwMDAwMDAwMDAwMDAxMHE4
