INFO: Running with entropic power schedule (0xFF, 100).
INFO: Seed: 3899803043
INFO: Loaded 1 modules   (70 inline 8-bit counters): 70 [0x558c2172a030, 0x558c2172a076), 
INFO: Loaded 1 PC tables (70 PCs): 70 [0xc000068000,0xc000068460), 
INFO:       10 files found in corpus
INFO: -max_len is not provided; libFuzzer will not generate inputs larger than 4096 bytes
INFO: seed corpus: files: 10 min: 5b max: 122b total: 491b rss: 29Mb
#11	INITED cov: 11 ft: 26 corp: 4/68b exec/s: 0 rss: 29Mb
#12	NEW    cov: 11 ft: 29 corp: 5/81b lim: 27 exec/s: 0 rss: 29Mb L: 13/27 MS: 1 CMP- DE: "M\000\000\000\000\000\000\000"-
#24	NEW    cov: 11 ft: 30 corp: 6/99b lim: 27 exec/s: 0 rss: 29Mb L: 18/27 MS: 2 ShuffleBytes-InsertRepeatedBytes-
#38	NEW    cov: 11 ft: 31 corp: 7/115b lim: 27 exec/s: 0 rss: 29Mb L: 16/27 MS: 4 EraseBytes-EraseBytes-ChangeBit-EraseBytes-
#66	NEW    cov: 11 ft: 33 corp: 8/130b lim: 27 exec/s: 0 rss: 29Mb L: 15/27 MS: 3 CrossOver-ChangeBit-CMP- DE: "\377\377\377\377"-
#76	NEW    cov: 11 ft: 34 corp: 9/144b lim: 27 exec/s: 0 rss: 29Mb L: 14/27 MS: 5 CopyPart-InsertRepeatedBytes-CMP-PersAutoDict-CopyPart- DE: "\001\000\000\000\000\000\000\""-"\377\377\377\377"-
#505	NEW    cov: 11 ft: 35 corp: 10/175b lim: 31 exec/s: 0 rss: 30Mb L: 31/31 MS: 4 ChangeBinInt-ChangeBinInt-ChangeBinInt-CrossOver-
#532	NEW    cov: 11 ft: 36 corp: 11/204b lim: 31 exec/s: 0 rss: 30Mb L: 29/31 MS: 2 PersAutoDict-InsertRepeatedBytes- DE: "\001\000\000\000\000\000\000\""-
#575	NEW    cov: 11 ft: 38 corp: 12/206b lim: 31 exec/s: 0 rss: 30Mb L: 2/31 MS: 3 EraseBytes-InsertByte-EraseBytes-
#874	REDUCE cov: 11 ft: 38 corp: 12/199b lim: 31 exec/s: 0 rss: 30Mb L: 19/31 MS: 4 ChangeByte-ChangeASCIIInt-EraseBytes-InsertByte-
#1043	REDUCE cov: 11 ft: 38 corp: 12/198b lim: 31 exec/s: 0 rss: 30Mb L: 17/31 MS: 4 CrossOver-CMP-ChangeBit-EraseBytes- DE: "#\000\000\000\000\000\000\000"-
#1455	NEW    cov: 11 ft: 39 corp: 13/231b lim: 35 exec/s: 0 rss: 30Mb L: 33/33 MS: 2 ChangeBit-PersAutoDict- DE: "\377\377\377\377"-
#1480	NEW    cov: 11 ft: 41 corp: 14/265b lim: 35 exec/s: 0 rss: 30Mb L: 34/34 MS: 5 InsertByte-InsertRepeatedBytes-ChangeBit-PersAutoDict-InsertByte- DE: "#\000\000\000\000\000\000\000"-
#54792	NEW    cov: 13 ft: 47 corp: 15/283b lim: 558 exec/s: 0 rss: 35Mb L: 18/34 MS: 2 ShuffleBytes-PersAutoDict- DE: "#\000\000\000\000\000\000\000"-
#54863	NEW    cov: 13 ft: 49 corp: 16/309b lim: 558 exec/s: 0 rss: 35Mb L: 26/34 MS: 1 PersAutoDict- DE: "\001\000\000\000\000\000\000\""-
#54913	NEW    cov: 13 ft: 50 corp: 17/340b lim: 558 exec/s: 0 rss: 35Mb L: 31/34 MS: 5 CMP-ChangeBinInt-PersAutoDict-InsertRepeatedBytes-EraseBytes- DE: "\377\377\377\377\377\377\377!"-"#\000\000\000\000\000\000\000"-
#55049	NEW    cov: 13 ft: 51 corp: 18/371b lim: 558 exec/s: 0 rss: 35Mb L: 31/34 MS: 1 ChangeByte-
#55114	NEW    cov: 13 ft: 52 corp: 19/402b lim: 558 exec/s: 0 rss: 35Mb L: 31/34 MS: 5 ChangeByte-ChangeBinInt-ChangeBit-ShuffleBytes-ChangeByte-
#55160	NEW    cov: 25 ft: 101 corp: 20/420b lim: 558 exec/s: 0 rss: 35Mb L: 18/34 MS: 1 ChangeBinInt-
#55191	NEW    cov: 25 ft: 102 corp: 21/435b lim: 558 exec/s: 0 rss: 35Mb L: 15/34 MS: 1 EraseBytes-
#55407	NEW    cov: 25 ft: 103 corp: 22/453b lim: 558 exec/s: 0 rss: 35Mb L: 18/34 MS: 1 ChangeByte-
#55453	NEW    cov: 25 ft: 104 corp: 23/472b lim: 558 exec/s: 0 rss: 35Mb L: 19/34 MS: 1 InsertByte-
#55480	NEW    cov: 25 ft: 105 corp: 24/493b lim: 558 exec/s: 0 rss: 35Mb L: 21/34 MS: 2 PersAutoDict-EraseBytes- DE: "M\000\000\000\000\000\000\000"-
#55599	REDUCE cov: 25 ft: 105 corp: 24/492b lim: 558 exec/s: 0 rss: 35Mb L: 20/34 MS: 4 InsertByte-ChangeByte-InsertByte-EraseBytes-
#55991	NEW    cov: 25 ft: 108 corp: 25/510b lim: 558 exec/s: 0 rss: 35Mb L: 18/34 MS: 2 ChangeByte-ChangeByte-
#56017	NEW    cov: 25 ft: 110 corp: 26/530b lim: 558 exec/s: 0 rss: 35Mb L: 20/34 MS: 1 EraseBytes-
#56043	NEW    cov: 25 ft: 111 corp: 27/548b lim: 558 exec/s: 0 rss: 35Mb L: 18/34 MS: 1 ChangeByte-
#56095	NEW    cov: 25 ft: 113 corp: 28/566b lim: 558 exec/s: 0 rss: 35Mb L: 18/34 MS: 2 ChangeBinInt-ChangeByte-
#56101	NEW    cov: 25 ft: 114 corp: 29/584b lim: 558 exec/s: 0 rss: 35Mb L: 18/34 MS: 1 CrossOver-
#56203	REDUCE cov: 25 ft: 115 corp: 30/604b lim: 558 exec/s: 0 rss: 35Mb L: 20/34 MS: 2 CMP-CrossOver- DE: "\377\377"-
#56440	REDUCE cov: 25 ft: 115 corp: 30/602b lim: 558 exec/s: 0 rss: 35Mb L: 18/34 MS: 2 InsertByte-EraseBytes-
#56981	NEW    cov: 25 ft: 116 corp: 31/622b lim: 558 exec/s: 0 rss: 35Mb L: 20/34 MS: 1 CrossOver-
#57112	NEW    cov: 25 ft: 119 corp: 32/642b lim: 558 exec/s: 0 rss: 35Mb L: 20/34 MS: 1 ChangeBinInt-
#57128	NEW    cov: 25 ft: 120 corp: 33/661b lim: 558 exec/s: 0 rss: 35Mb L: 19/34 MS: 1 CopyPart-
#57246	REDUCE cov: 25 ft: 120 corp: 33/658b lim: 558 exec/s: 0 rss: 35Mb L: 16/34 MS: 3 ChangeByte-ShuffleBytes-EraseBytes-
#57407	REDUCE cov: 25 ft: 121 corp: 34/689b lim: 558 exec/s: 0 rss: 35Mb L: 31/34 MS: 1 InsertRepeatedBytes-
#57480	REDUCE cov: 25 ft: 121 corp: 34/688b lim: 558 exec/s: 0 rss: 35Mb L: 15/34 MS: 3 ChangeByte-ChangeByte-EraseBytes-
#57546	REDUCE cov: 25 ft: 121 corp: 34/684b lim: 558 exec/s: 0 rss: 35Mb L: 27/34 MS: 1 EraseBytes-
#57777	REDUCE cov: 25 ft: 121 corp: 34/683b lim: 558 exec/s: 0 rss: 35Mb L: 26/34 MS: 1 EraseBytes-
#57872	REDUCE cov: 25 ft: 121 corp: 34/675b lim: 558 exec/s: 0 rss: 35Mb L: 18/34 MS: 5 CopyPart-InsertByte-ChangeBinInt-ShuffleBytes-EraseBytes-
#58146	REDUCE cov: 25 ft: 122 corp: 35/691b lim: 558 exec/s: 0 rss: 35Mb L: 16/34 MS: 4 ChangeBinInt-InsertByte-ShuffleBytes-ChangeByte-
#58148	NEW    cov: 25 ft: 123 corp: 36/707b lim: 558 exec/s: 0 rss: 35Mb L: 16/34 MS: 2 ChangeByte-ChangeBinInt-
#58331	REDUCE cov: 25 ft: 123 corp: 36/705b lim: 558 exec/s: 0 rss: 35Mb L: 18/34 MS: 3 ChangeBinInt-CopyPart-EraseBytes-
#58937	NEW    cov: 25 ft: 124 corp: 37/725b lim: 558 exec/s: 0 rss: 35Mb L: 20/34 MS: 1 CrossOver-
#59453	NEW    cov: 25 ft: 126 corp: 38/745b lim: 558 exec/s: 0 rss: 35Mb L: 20/34 MS: 1 ChangeBinInt-
#60272	NEW    cov: 25 ft: 127 corp: 39/765b lim: 558 exec/s: 0 rss: 35Mb L: 20/34 MS: 4 ChangeBinInt-InsertByte-InsertByte-CrossOver-
#61398	REDUCE cov: 25 ft: 127 corp: 39/763b lim: 567 exec/s: 0 rss: 35Mb L: 16/34 MS: 1 EraseBytes-
#64619	REDUCE cov: 25 ft: 128 corp: 40/781b lim: 594 exec/s: 0 rss: 35Mb L: 18/34 MS: 1 CopyPart-
#65452	REDUCE cov: 25 ft: 128 corp: 40/774b lim: 594 exec/s: 0 rss: 35Mb L: 24/34 MS: 3 ChangeBinInt-PersAutoDict-EraseBytes- DE: "\377\377\377\377"-
#65700	REDUCE cov: 25 ft: 128 corp: 40/773b lim: 594 exec/s: 0 rss: 35Mb L: 17/34 MS: 3 ChangeBit-ChangeBit-EraseBytes-
#66570	REDUCE cov: 25 ft: 128 corp: 40/772b lim: 594 exec/s: 0 rss: 35Mb L: 23/34 MS: 5 ChangeBinInt-EraseBytes-CopyPart-ChangeBinInt-CrossOver-
#66585	REDUCE cov: 25 ft: 128 corp: 40/770b lim: 594 exec/s: 0 rss: 35Mb L: 21/34 MS: 5 EraseBytes-EraseBytes-ShuffleBytes-PersAutoDict-ChangeByte- DE: "M\000\000\000\000\000\000\000"-
#67368	NEW    cov: 25 ft: 129 corp: 41/790b lim: 594 exec/s: 0 rss: 35Mb L: 20/34 MS: 3 ChangeByte-ChangeByte-InsertByte-
#69379	REDUCE cov: 25 ft: 129 corp: 41/789b lim: 612 exec/s: 0 rss: 35Mb L: 17/34 MS: 1 EraseBytes-
#69576	REDUCE cov: 25 ft: 129 corp: 41/788b lim: 612 exec/s: 0 rss: 35Mb L: 25/34 MS: 2 CopyPart-EraseBytes-
#73505	REDUCE cov: 25 ft: 129 corp: 41/787b lim: 648 exec/s: 0 rss: 35Mb L: 24/34 MS: 4 EraseBytes-PersAutoDict-ChangeBit-ChangeByte- DE: "#\000\000\000\000\000\000\000"-
#73881	NEW    cov: 25 ft: 130 corp: 42/805b lim: 648 exec/s: 0 rss: 35Mb L: 18/34 MS: 1 ChangeByte-
#74812	REDUCE cov: 25 ft: 130 corp: 42/804b lim: 657 exec/s: 0 rss: 35Mb L: 15/34 MS: 1 EraseBytes-
#75606	REDUCE cov: 25 ft: 130 corp: 42/802b lim: 657 exec/s: 0 rss: 35Mb L: 22/34 MS: 4 PersAutoDict-EraseBytes-ShuffleBytes-ChangeBinInt- DE: "#\000\000\000\000\000\000\000"-
#75696	REDUCE cov: 25 ft: 130 corp: 42/799b lim: 657 exec/s: 0 rss: 35Mb L: 19/34 MS: 5 InsertRepeatedBytes-PersAutoDict-CopyPart-CMP-EraseBytes- DE: "M\000\000\000\000\000\000\000"-"\001\000\000\000"-
#77550	REDUCE cov: 25 ft: 130 corp: 42/788b lim: 675 exec/s: 0 rss: 35Mb L: 20/34 MS: 4 EraseBytes-PersAutoDict-ChangeBit-PersAutoDict- DE: "\377\377\377\377"-"\377\377\377\377\377\377\377!"-
#78479	REDUCE cov: 25 ft: 130 corp: 42/786b lim: 684 exec/s: 0 rss: 35Mb L: 16/34 MS: 4 EraseBytes-ChangeBinInt-ChangeBit-ChangeBinInt-
#79402	REDUCE cov: 25 ft: 130 corp: 42/785b lim: 693 exec/s: 0 rss: 35Mb L: 19/34 MS: 3 ChangeByte-EraseBytes-ChangeByte-
#82020	REDUCE cov: 25 ft: 130 corp: 42/783b lim: 711 exec/s: 0 rss: 35Mb L: 17/34 MS: 3 CMP-ChangeBinInt-EraseBytes- DE: "\000\000"-
#86862	REDUCE cov: 25 ft: 130 corp: 42/781b lim: 756 exec/s: 0 rss: 35Mb L: 16/34 MS: 2 InsertByte-EraseBytes-
#89106	REDUCE cov: 25 ft: 130 corp: 42/779b lim: 774 exec/s: 0 rss: 35Mb L: 18/34 MS: 4 EraseBytes-ChangeByte-PersAutoDict-ChangeByte- DE: "\001\000\000\000"-
#89864	NEW    cov: 25 ft: 131 corp: 43/799b lim: 774 exec/s: 0 rss: 35Mb L: 20/34 MS: 3 ChangeBit-ShuffleBytes-ChangeBinInt-
#90174	NEW    cov: 25 ft: 132 corp: 44/820b lim: 774 exec/s: 0 rss: 35Mb L: 21/34 MS: 5 EraseBytes-EraseBytes-EraseBytes-EraseBytes-CrossOver-
#91279	REDUCE cov: 25 ft: 132 corp: 44/819b lim: 783 exec/s: 0 rss: 35Mb L: 16/34 MS: 5 EraseBytes-InsertByte-CMP-InsertByte-ChangeByte- DE: "\377\377\377\377"-
#91907	REDUCE cov: 25 ft: 132 corp: 44/818b lim: 783 exec/s: 0 rss: 35Mb L: 18/34 MS: 3 EraseBytes-InsertByte-ChangeBinInt-
#92213	NEW    cov: 25 ft: 133 corp: 45/834b lim: 783 exec/s: 0 rss: 35Mb L: 16/34 MS: 1 EraseBytes-
#92227	REDUCE cov: 25 ft: 133 corp: 45/829b lim: 783 exec/s: 0 rss: 35Mb L: 16/34 MS: 4 ShuffleBytes-CrossOver-EraseBytes-EraseBytes-
#93053	REDUCE cov: 25 ft: 133 corp: 45/828b lim: 783 exec/s: 0 rss: 35Mb L: 15/34 MS: 1 EraseBytes-
#94386	REDUCE cov: 25 ft: 133 corp: 45/827b lim: 792 exec/s: 0 rss: 35Mb L: 15/34 MS: 3 ChangeBit-CrossOver-EraseBytes-
#96796	REDUCE cov: 25 ft: 133 corp: 45/815b lim: 810 exec/s: 0 rss: 35Mb L: 19/34 MS: 5 EraseBytes-EraseBytes-EraseBytes-EraseBytes-InsertRepeatedBytes-
#98974	REDUCE cov: 25 ft: 133 corp: 45/814b lim: 828 exec/s: 0 rss: 35Mb L: 15/34 MS: 3 EraseBytes-PersAutoDict-EraseBytes- DE: "\001\000\000\000"-
#100603	REDUCE cov: 25 ft: 133 corp: 45/812b lim: 837 exec/s: 0 rss: 35Mb L: 16/34 MS: 4 EraseBytes-CopyPart-ChangeBit-InsertByte-
#101042	REDUCE cov: 25 ft: 133 corp: 45/810b lim: 837 exec/s: 0 rss: 35Mb L: 19/34 MS: 4 ChangeBit-EraseBytes-ChangeBinInt-CrossOver-
#103251	REDUCE cov: 25 ft: 133 corp: 45/808b lim: 855 exec/s: 0 rss: 35Mb L: 15/34 MS: 4 ShuffleBytes-ChangeBinInt-EraseBytes-CMP- DE: "\000\000\000\000"-
#104845	REDUCE cov: 25 ft: 133 corp: 45/806b lim: 864 exec/s: 0 rss: 35Mb L: 16/34 MS: 4 EraseBytes-CMP-CrossOver-ChangeBinInt- DE: "\000\000"-
#105756	REDUCE cov: 25 ft: 133 corp: 45/805b lim: 873 exec/s: 0 rss: 35Mb L: 17/34 MS: 1 EraseBytes-
#110529	REDUCE cov: 25 ft: 133 corp: 45/801b lim: 918 exec/s: 0 rss: 35Mb L: 16/34 MS: 3 ChangeByte-ChangeBit-EraseBytes-
#110804	REDUCE cov: 25 ft: 133 corp: 45/797b lim: 918 exec/s: 0 rss: 35Mb L: 15/34 MS: 5 ChangeByte-ChangeBinInt-ShuffleBytes-EraseBytes-ChangeBinInt-
#113386	REDUCE cov: 25 ft: 133 corp: 45/795b lim: 936 exec/s: 0 rss: 35Mb L: 17/34 MS: 2 EraseBytes-CopyPart-
#117704	REDUCE cov: 25 ft: 133 corp: 45/793b lim: 972 exec/s: 0 rss: 35Mb L: 16/34 MS: 3 ChangeBinInt-EraseBytes-ChangeByte-
#118167	REDUCE cov: 25 ft: 133 corp: 45/792b lim: 972 exec/s: 0 rss: 35Mb L: 16/34 MS: 3 InsertByte-ChangeBit-EraseBytes-
#124628	REDUCE cov: 25 ft: 133 corp: 45/791b lim: 1036 exec/s: 0 rss: 35Mb L: 15/34 MS: 1 EraseBytes-
#125064	NEW    cov: 25 ft: 134 corp: 46/809b lim: 1036 exec/s: 0 rss: 35Mb L: 18/34 MS: 1 CopyPart-
#127678	REDUCE cov: 25 ft: 134 corp: 46/807b lim: 1056 exec/s: 0 rss: 35Mb L: 16/34 MS: 4 EraseBytes-CopyPart-CopyPart-ChangeBit-
#132246	REDUCE cov: 25 ft: 134 corp: 46/805b lim: 1096 exec/s: 0 rss: 35Mb L: 18/34 MS: 3 ChangeBinInt-ChangeByte-EraseBytes-
#137726	REDUCE cov: 25 ft: 134 corp: 46/803b lim: 1146 exec/s: 0 rss: 35Mb L: 15/34 MS: 5 ChangeByte-ShuffleBytes-ChangeBinInt-EraseBytes-InsertByte-
#139258	REDUCE cov: 25 ft: 134 corp: 46/799b lim: 1156 exec/s: 0 rss: 35Mb L: 16/34 MS: 2 EraseBytes-CMP- DE: "\377\377"-
#140781	REDUCE cov: 25 ft: 134 corp: 46/797b lim: 1166 exec/s: 0 rss: 35Mb L: 16/34 MS: 3 EraseBytes-ChangeByte-ChangeBinInt-
#150463	REDUCE cov: 30 ft: 148 corp: 47/813b lim: 1256 exec/s: 0 rss: 35Mb L: 16/34 MS: 2 EraseBytes-CopyPart-
#152592	NEW    cov: 30 ft: 151 corp: 48/831b lim: 1276 exec/s: 0 rss: 35Mb L: 18/34 MS: 4 ShuffleBytes-EraseBytes-CopyPart-ChangeBinInt-
#152649	NEW    cov: 30 ft: 153 corp: 49/847b lim: 1276 exec/s: 0 rss: 35Mb L: 16/34 MS: 2 ShuffleBytes-ChangeBit-
#152755	NEW    cov: 30 ft: 155 corp: 50/865b lim: 1276 exec/s: 0 rss: 35Mb L: 18/34 MS: 1 ChangeByte-
#152973	NEW    cov: 30 ft: 164 corp: 51/883b lim: 1276 exec/s: 0 rss: 35Mb L: 18/34 MS: 3 ChangeBinInt-ChangeBit-CopyPart-
#153027	NEW    cov: 32 ft: 181 corp: 52/903b lim: 1276 exec/s: 0 rss: 35Mb L: 20/34 MS: 4 InsertByte-EraseBytes-EraseBytes-CopyPart-
#153209	NEW    cov: 32 ft: 184 corp: 53/923b lim: 1276 exec/s: 0 rss: 35Mb L: 20/34 MS: 2 ChangeASCIIInt-ChangeBit-
#153650	NEW    cov: 32 ft: 186 corp: 54/939b lim: 1276 exec/s: 0 rss: 35Mb L: 16/34 MS: 1 CrossOver-
#153651	NEW    cov: 32 ft: 187 corp: 55/959b lim: 1276 exec/s: 0 rss: 35Mb L: 20/34 MS: 1 ShuffleBytes-
#153693	NEW    cov: 32 ft: 191 corp: 56/979b lim: 1276 exec/s: 0 rss: 35Mb L: 20/34 MS: 2 ShuffleBytes-CopyPart-
#153769	NEW    cov: 32 ft: 192 corp: 57/999b lim: 1276 exec/s: 0 rss: 35Mb L: 20/34 MS: 1 ShuffleBytes-
#153850	NEW    cov: 32 ft: 194 corp: 58/1019b lim: 1276 exec/s: 0 rss: 35Mb L: 20/34 MS: 1 CrossOver-
#153861	NEW    cov: 32 ft: 197 corp: 59/1039b lim: 1276 exec/s: 0 rss: 35Mb L: 20/34 MS: 1 CopyPart-
#154172	NEW    cov: 32 ft: 199 corp: 60/1057b lim: 1276 exec/s: 0 rss: 35Mb L: 18/34 MS: 1 ShuffleBytes-
#154228	NEW    cov: 32 ft: 204 corp: 61/1077b lim: 1276 exec/s: 0 rss: 35Mb L: 20/34 MS: 1 ChangeBit-
#154265	NEW    cov: 32 ft: 205 corp: 62/1097b lim: 1276 exec/s: 0 rss: 35Mb L: 20/34 MS: 2 ChangeBit-ChangeByte-
#154292	NEW    cov: 33 ft: 210 corp: 63/1115b lim: 1276 exec/s: 0 rss: 35Mb L: 18/34 MS: 2 EraseBytes-InsertByte-
#154523	NEW    cov: 33 ft: 211 corp: 64/1135b lim: 1276 exec/s: 0 rss: 35Mb L: 20/34 MS: 1 ShuffleBytes-
#154594	NEW    cov: 47 ft: 268 corp: 65/1155b lim: 1276 exec/s: 0 rss: 35Mb L: 20/34 MS: 1 ShuffleBytes-
#154660	NEW    cov: 47 ft: 269 corp: 66/1175b lim: 1276 exec/s: 0 rss: 35Mb L: 20/34 MS: 1 ChangeBit-
#154781	NEW    cov: 47 ft: 270 corp: 67/1191b lim: 1276 exec/s: 0 rss: 35Mb L: 16/34 MS: 1 ShuffleBytes-
#154993	NEW    cov: 47 ft: 271 corp: 68/1211b lim: 1276 exec/s: 0 rss: 35Mb L: 20/34 MS: 2 ChangeASCIIInt-ChangeByte-
#155144	NEW    cov: 47 ft: 272 corp: 69/1229b lim: 1276 exec/s: 0 rss: 35Mb L: 18/34 MS: 1 ShuffleBytes-
#155197	NEW    cov: 48 ft: 273 corp: 70/1249b lim: 1276 exec/s: 0 rss: 35Mb L: 20/34 MS: 3 ChangeBinInt-EraseBytes-InsertByte-
#155743	NEW    cov: 48 ft: 274 corp: 71/1269b lim: 1276 exec/s: 0 rss: 35Mb L: 20/34 MS: 1 ChangeBinInt-
#155780	NEW    cov: 48 ft: 275 corp: 72/1289b lim: 1276 exec/s: 0 rss: 35Mb L: 20/34 MS: 2 CopyPart-ShuffleBytes-
#155856	NEW    cov: 48 ft: 276 corp: 73/1309b lim: 1276 exec/s: 0 rss: 35Mb L: 20/34 MS: 1 CopyPart-
#156333	NEW    cov: 48 ft: 277 corp: 74/1329b lim: 1276 exec/s: 0 rss: 35Mb L: 20/34 MS: 2 ChangeBit-ChangeASCIIInt-
#156852	NEW    cov: 48 ft: 278 corp: 75/1349b lim: 1276 exec/s: 0 rss: 35Mb L: 20/34 MS: 4 ChangeByte-ChangeByte-ChangeBinInt-CopyPart-
#157100	NEW    cov: 48 ft: 279 corp: 76/1367b lim: 1276 exec/s: 0 rss: 35Mb L: 18/34 MS: 3 ChangeBinInt-ChangeBit-ChangeBinInt-
#157171	NEW    cov: 48 ft: 280 corp: 77/1385b lim: 1276 exec/s: 0 rss: 35Mb L: 18/34 MS: 1 ChangeBinInt-
#157813	NEW    cov: 48 ft: 281 corp: 78/1403b lim: 1276 exec/s: 0 rss: 35Mb L: 18/34 MS: 2 ChangeBit-ShuffleBytes-
#158617	NEW    cov: 48 ft: 282 corp: 79/1432b lim: 1276 exec/s: 0 rss: 35Mb L: 29/34 MS: 4 CrossOver-InsertByte-ChangeByte-EraseBytes-
#159353	NEW    cov: 48 ft: 283 corp: 80/1452b lim: 1276 exec/s: 0 rss: 35Mb L: 20/34 MS: 1 CopyPart-
#159472	NEW    cov: 48 ft: 284 corp: 81/1470b lim: 1276 exec/s: 0 rss: 35Mb L: 18/34 MS: 4 ChangeByte-ShuffleBytes-ChangeBit-ChangeBit-
#159913	NEW    cov: 48 ft: 286 corp: 82/1488b lim: 1276 exec/s: 0 rss: 35Mb L: 18/34 MS: 1 ChangeBit-
#160679	NEW    cov: 48 ft: 287 corp: 83/1506b lim: 1276 exec/s: 0 rss: 35Mb L: 18/34 MS: 1 ShuffleBytes-
#161200	NEW    cov: 48 ft: 293 corp: 84/1526b lim: 1276 exec/s: 0 rss: 35Mb L: 20/34 MS: 1 ChangeASCIIInt-
#161726	NEW    cov: 48 ft: 294 corp: 85/1544b lim: 1276 exec/s: 0 rss: 35Mb L: 18/34 MS: 1 ChangeBit-
#162329	NEW    cov: 48 ft: 295 corp: 86/1573b lim: 1276 exec/s: 0 rss: 35Mb L: 29/34 MS: 3 ShuffleBytes-InsertByte-EraseBytes-
#162475	NEW    cov: 48 ft: 296 corp: 87/1591b lim: 1276 exec/s: 0 rss: 35Mb L: 18/34 MS: 1 CrossOver-
#164370	REDUCE cov: 48 ft: 296 corp: 87/1589b lim: 1286 exec/s: 0 rss: 35Mb L: 16/34 MS: 5 ChangeBit-ChangeBit-CrossOver-EraseBytes-ChangeByte-
#164406	NEW    cov: 48 ft: 297 corp: 88/1609b lim: 1286 exec/s: 0 rss: 35Mb L: 20/34 MS: 1 CrossOver-
#165454	NEW    cov: 48 ft: 300 corp: 89/1629b lim: 1296 exec/s: 0 rss: 35Mb L: 20/34 MS: 3 ShuffleBytes-CopyPart-ChangeBit-
#165786	NEW    cov: 48 ft: 301 corp: 90/1649b lim: 1296 exec/s: 0 rss: 35Mb L: 20/34 MS: 2 ChangeASCIIInt-ChangeBit-
#165877	NEW    cov: 48 ft: 302 corp: 91/1667b lim: 1296 exec/s: 0 rss: 35Mb L: 18/34 MS: 1 ChangeBit-
#168069	NEW    cov: 48 ft: 303 corp: 92/1687b lim: 1316 exec/s: 0 rss: 35Mb L: 20/34 MS: 2 ShuffleBytes-ChangeBit-
#171580	NEW    cov: 49 ft: 306 corp: 93/1707b lim: 1346 exec/s: 0 rss: 35Mb L: 20/34 MS: 1 ChangeByte-
#174266	NEW    cov: 49 ft: 307 corp: 94/1736b lim: 1366 exec/s: 0 rss: 35Mb L: 29/34 MS: 1 CrossOver-
#178124	NEW    cov: 49 ft: 308 corp: 95/1756b lim: 1396 exec/s: 0 rss: 35Mb L: 20/34 MS: 3 ChangeBinInt-ChangeASCIIInt-ShuffleBytes-
#181395	NEW    cov: 49 ft: 309 corp: 96/1774b lim: 1426 exec/s: 0 rss: 35Mb L: 18/34 MS: 1 ChangeBit-
#187123	NEW    cov: 49 ft: 310 corp: 97/1792b lim: 1476 exec/s: 0 rss: 35Mb L: 18/34 MS: 3 ChangeASCIIInt-CopyPart-ShuffleBytes-
#188789	NEW    cov: 49 ft: 312 corp: 98/1812b lim: 1486 exec/s: 0 rss: 35Mb L: 20/34 MS: 1 CopyPart-
#194250	NEW    cov: 49 ft: 315 corp: 99/1832b lim: 1536 exec/s: 0 rss: 35Mb L: 20/34 MS: 1 ChangeBit-
#196296	NEW    cov: 49 ft: 316 corp: 100/1852b lim: 1556 exec/s: 0 rss: 35Mb L: 20/34 MS: 1 ChangeBit-
#198957	REDUCE cov: 49 ft: 317 corp: 101/1868b lim: 1576 exec/s: 0 rss: 35Mb L: 16/34 MS: 1 ShuffleBytes-
#207173	NEW    cov: 49 ft: 318 corp: 102/1888b lim: 1656 exec/s: 0 rss: 35Mb L: 20/34 MS: 1 ChangeBinInt-
#211390	NEW    cov: 49 ft: 321 corp: 103/1908b lim: 1696 exec/s: 0 rss: 35Mb L: 20/34 MS: 2 ChangeASCIIInt-ChangeBit-
#212237	NEW    cov: 50 ft: 328 corp: 104/1937b lim: 1696 exec/s: 0 rss: 35Mb L: 29/34 MS: 2 ChangeBit-ShuffleBytes-
#223040	REDUCE cov: 50 ft: 328 corp: 104/1935b lim: 1796 exec/s: 0 rss: 35Mb L: 16/34 MS: 3 InsertByte-EraseBytes-PersAutoDict- DE: "\377\377"-
#225376	NEW    cov: 50 ft: 329 corp: 105/1964b lim: 1816 exec/s: 0 rss: 35Mb L: 29/34 MS: 1 ChangeBit-
#231296	REDUCE cov: 50 ft: 329 corp: 105/1962b lim: 1866 exec/s: 0 rss: 35Mb L: 16/34 MS: 5 PersAutoDict-InsertByte-ChangeBit-ChangeByte-EraseBytes- DE: "\001\000\000\000"-
#242455	NEW    cov: 50 ft: 330 corp: 106/1982b lim: 1976 exec/s: 0 rss: 35Mb L: 20/34 MS: 4 ChangeASCIIInt-ChangeBinInt-ChangeBit-ChangeBit-
#243386	NEW    cov: 50 ft: 331 corp: 107/2002b lim: 1976 exec/s: 0 rss: 35Mb L: 20/34 MS: 1 ChangeByte-
#257392	NEW    cov: 50 ft: 333 corp: 108/2022b lim: 2111 exec/s: 0 rss: 35Mb L: 20/34 MS: 1 ChangeByte-
#278110	REDUCE cov: 50 ft: 333 corp: 108/2018b lim: 2309 exec/s: 0 rss: 35Mb L: 16/34 MS: 3 PersAutoDict-ChangeASCIIInt-EraseBytes- DE: "\377\377"-
#290032	REDUCE cov: 50 ft: 333 corp: 108/2016b lim: 2419 exec/s: 0 rss: 35Mb L: 18/34 MS: 2 ChangeByte-EraseBytes-
#290203	NEW    cov: 50 ft: 334 corp: 109/2049b lim: 2419 exec/s: 0 rss: 35Mb L: 33/34 MS: 1 InsertRepeatedBytes-
#301479	NEW    cov: 50 ft: 335 corp: 110/2069b lim: 2529 exec/s: 0 rss: 35Mb L: 20/34 MS: 1 ChangeBit-
#304331	NEW    cov: 50 ft: 337 corp: 111/2098b lim: 2551 exec/s: 0 rss: 35Mb L: 29/34 MS: 2 ChangeBit-ChangeByte-
#313649	NEW    cov: 50 ft: 339 corp: 112/2127b lim: 2639 exec/s: 0 rss: 35Mb L: 29/34 MS: 3 ShuffleBytes-CrossOver-ShuffleBytes-
#315198	REDUCE cov: 50 ft: 339 corp: 112/2125b lim: 2650 exec/s: 0 rss: 35Mb L: 16/34 MS: 4 CopyPart-ChangeASCIIInt-EraseBytes-ChangeBinInt-
#318064	NEW    cov: 50 ft: 341 corp: 113/2145b lim: 2672 exec/s: 0 rss: 35Mb L: 20/34 MS: 1 ChangeBit-
#320146	REDUCE cov: 50 ft: 341 corp: 113/2143b lim: 2683 exec/s: 0 rss: 35Mb L: 16/34 MS: 2 EraseBytes-ChangeBit-
#341052	NEW    cov: 50 ft: 342 corp: 114/2163b lim: 2881 exec/s: 0 rss: 35Mb L: 20/34 MS: 1 ChangeBit-
#349008	NEW    cov: 50 ft: 344 corp: 115/2183b lim: 2958 exec/s: 0 rss: 35Mb L: 20/34 MS: 1 ChangeBit-
#354370	NEW    cov: 50 ft: 345 corp: 116/2201b lim: 3002 exec/s: 0 rss: 35Mb L: 18/34 MS: 2 ChangeBit-ChangeBit-
#358505	REDUCE cov: 50 ft: 345 corp: 116/2199b lim: 3035 exec/s: 0 rss: 35Mb L: 16/34 MS: 5 ChangeByte-ChangeBinInt-EraseBytes-PersAutoDict-InsertByte- DE: "\377\377"-
#370865	NEW    cov: 50 ft: 346 corp: 117/2214b lim: 3156 exec/s: 0 rss: 35Mb L: 15/34 MS: 5 EraseBytes-ShuffleBytes-ChangeASCIIInt-ChangeByte-EraseBytes-
#374301	NEW    cov: 50 ft: 348 corp: 118/2234b lim: 3189 exec/s: 0 rss: 35Mb L: 20/34 MS: 1 CopyPart-
#376509	NEW    cov: 50 ft: 349 corp: 119/2254b lim: 3200 exec/s: 0 rss: 35Mb L: 20/34 MS: 3 ChangeBit-ShuffleBytes-ChangeByte-
#413530	NEW    cov: 50 ft: 350 corp: 120/2283b lim: 3563 exec/s: 0 rss: 35Mb L: 29/34 MS: 1 ChangeBit-
#426378	NEW    cov: 50 ft: 351 corp: 121/2312b lim: 3684 exec/s: 426378 rss: 35Mb L: 29/34 MS: 1 ShuffleBytes-
#442874	NEW    cov: 50 ft: 352 corp: 122/2341b lim: 3838 exec/s: 442874 rss: 35Mb L: 29/34 MS: 1 ChangeBinInt-
#450721	REDUCE cov: 50 ft: 352 corp: 122/2339b lim: 3915 exec/s: 450721 rss: 35Mb L: 18/34 MS: 2 EraseBytes-InsertByte-
#468127	REDUCE cov: 50 ft: 353 corp: 123/2355b lim: 4080 exec/s: 468127 rss: 35Mb L: 16/34 MS: 1 ShuffleBytes-
#478158	REDUCE cov: 50 ft: 353 corp: 123/2354b lim: 4096 exec/s: 478158 rss: 35Mb L: 32/34 MS: 1 EraseBytes-
#489894	NEW    cov: 50 ft: 354 corp: 124/2383b lim: 4096 exec/s: 489894 rss: 35Mb L: 29/34 MS: 1 ChangeBit-
#518721	REDUCE cov: 50 ft: 354 corp: 124/2379b lim: 4096 exec/s: 518721 rss: 36Mb L: 16/34 MS: 2 EraseBytes-PersAutoDict- DE: "\377\377"-
#526403	REDUCE cov: 50 ft: 355 corp: 125/2395b lim: 4096 exec/s: 526403 rss: 36Mb L: 16/34 MS: 2 ChangeASCIIInt-ChangeBit-
#527913	REDUCE cov: 50 ft: 356 corp: 126/2417b lim: 4096 exec/s: 527913 rss: 36Mb L: 22/34 MS: 5 CrossOver-ChangeByte-CrossOver-ChangeBinInt-ShuffleBytes-
#528081	REDUCE cov: 50 ft: 356 corp: 126/2414b lim: 4096 exec/s: 528081 rss: 36Mb L: 19/34 MS: 3 InsertByte-ChangeASCIIInt-EraseBytes-
#528455	REDUCE cov: 50 ft: 356 corp: 126/2410b lim: 4096 exec/s: 528455 rss: 36Mb L: 15/34 MS: 4 InsertByte-InsertByte-InsertByte-EraseBytes-
#576302	REDUCE cov: 50 ft: 356 corp: 126/2408b lim: 4096 exec/s: 576302 rss: 36Mb L: 27/34 MS: 2 InsertByte-EraseBytes-
#616433	NEW    cov: 50 ft: 357 corp: 127/2424b lim: 4096 exec/s: 616433 rss: 36Mb L: 16/34 MS: 1 ChangeBit-
#625030	REDUCE cov: 50 ft: 357 corp: 127/2422b lim: 4096 exec/s: 625030 rss: 36Mb L: 16/34 MS: 2 CopyPart-EraseBytes-
#634183	REDUCE cov: 50 ft: 357 corp: 127/2420b lim: 4096 exec/s: 634183 rss: 36Mb L: 17/34 MS: 3 EraseBytes-CopyPart-InsertByte-
#635644	NEW    cov: 50 ft: 358 corp: 128/2436b lim: 4096 exec/s: 635644 rss: 36Mb L: 16/34 MS: 1 ChangeByte-
#639320	NEW    cov: 50 ft: 359 corp: 129/2452b lim: 4096 exec/s: 639320 rss: 36Mb L: 16/34 MS: 1 ChangeBit-
#651513	REDUCE cov: 50 ft: 359 corp: 129/2450b lim: 4096 exec/s: 651513 rss: 36Mb L: 18/34 MS: 3 EraseBytes-CMP-InsertByte- DE: "\377d"-
#670680	NEW    cov: 50 ft: 360 corp: 130/2470b lim: 4096 exec/s: 670680 rss: 36Mb L: 20/34 MS: 2 ChangeASCIIInt-ChangeBit-
#680717	REDUCE cov: 50 ft: 360 corp: 130/2468b lim: 4096 exec/s: 680717 rss: 36Mb L: 16/34 MS: 2 EraseBytes-InsertByte-
#686290	REDUCE cov: 50 ft: 360 corp: 130/2464b lim: 4096 exec/s: 686290 rss: 36Mb L: 16/34 MS: 3 InsertByte-EraseBytes-PersAutoDict- DE: "\377\377"-
#690336	NEW    cov: 50 ft: 361 corp: 131/2480b lim: 4096 exec/s: 690336 rss: 36Mb L: 16/34 MS: 1 CopyPart-
#690622	NEW    cov: 50 ft: 362 corp: 132/2496b lim: 4096 exec/s: 690622 rss: 36Mb L: 16/34 MS: 1 ChangeBit-
#699350	NEW    cov: 50 ft: 364 corp: 133/2516b lim: 4096 exec/s: 699350 rss: 36Mb L: 20/34 MS: 3 ChangeASCIIInt-ChangeBit-ChangeBinInt-
#703777	REDUCE cov: 50 ft: 364 corp: 133/2514b lim: 4096 exec/s: 703777 rss: 36Mb L: 16/34 MS: 2 EraseBytes-ChangeBinInt-
#706968	NEW    cov: 50 ft: 365 corp: 134/2530b lim: 4096 exec/s: 706968 rss: 36Mb L: 16/34 MS: 1 CrossOver-
#725143	REDUCE cov: 50 ft: 365 corp: 134/2528b lim: 4096 exec/s: 725143 rss: 36Mb L: 18/34 MS: 5 ChangeBit-ChangeByte-EraseBytes-ChangeByte-ChangeByte-
#731164	NEW    cov: 50 ft: 366 corp: 135/2544b lim: 4096 exec/s: 731164 rss: 36Mb L: 16/34 MS: 1 ChangeByte-
#732215	NEW    cov: 50 ft: 367 corp: 136/2560b lim: 4096 exec/s: 732215 rss: 36Mb L: 16/34 MS: 1 ShuffleBytes-
#732937	NEW    cov: 50 ft: 368 corp: 137/2576b lim: 4096 exec/s: 732937 rss: 36Mb L: 16/34 MS: 2 CrossOver-ChangeBit-
#735928	NEW    cov: 50 ft: 369 corp: 138/2592b lim: 4096 exec/s: 735928 rss: 36Mb L: 16/34 MS: 1 CrossOver-
#737099	NEW    cov: 50 ft: 371 corp: 139/2608b lim: 4096 exec/s: 737099 rss: 36Mb L: 16/34 MS: 1 CopyPart-
#748225	NEW    cov: 50 ft: 372 corp: 140/2624b lim: 4096 exec/s: 748225 rss: 36Mb L: 16/34 MS: 1 ChangeBit-
#749471	NEW    cov: 50 ft: 373 corp: 141/2640b lim: 4096 exec/s: 749471 rss: 36Mb L: 16/34 MS: 1 ChangeBit-
#749938	NEW    cov: 50 ft: 374 corp: 142/2656b lim: 4096 exec/s: 749938 rss: 36Mb L: 16/34 MS: 2 ShuffleBytes-CMP- DE: "9\000"-
#750104	NEW    cov: 50 ft: 375 corp: 143/2672b lim: 4096 exec/s: 750104 rss: 36Mb L: 16/34 MS: 1 ChangeASCIIInt-
#750605	NEW    cov: 50 ft: 376 corp: 144/2688b lim: 4096 exec/s: 750605 rss: 36Mb L: 16/34 MS: 1 ChangeBinInt-
#752986	NEW    cov: 50 ft: 377 corp: 145/2704b lim: 4096 exec/s: 752986 rss: 36Mb L: 16/34 MS: 1 ChangeByte-
#755747	NEW    cov: 50 ft: 378 corp: 146/2720b lim: 4096 exec/s: 755747 rss: 36Mb L: 16/34 MS: 1 ChangeASCIIInt-
#763073	NEW    cov: 50 ft: 379 corp: 147/2736b lim: 4096 exec/s: 763073 rss: 36Mb L: 16/34 MS: 1 CopyPart-
#763800	NEW    cov: 50 ft: 380 corp: 148/2752b lim: 4096 exec/s: 763800 rss: 36Mb L: 16/34 MS: 2 ChangeBinInt-ChangeASCIIInt-
#764721	NEW    cov: 50 ft: 381 corp: 149/2768b lim: 4096 exec/s: 764721 rss: 36Mb L: 16/34 MS: 1 ShuffleBytes-
#764722	NEW    cov: 50 ft: 383 corp: 150/2784b lim: 4096 exec/s: 764722 rss: 36Mb L: 16/34 MS: 1 ChangeByte-
#765108	NEW    cov: 50 ft: 384 corp: 151/2800b lim: 4096 exec/s: 765108 rss: 36Mb L: 16/34 MS: 1 ChangeBinInt-
#766494	NEW    cov: 50 ft: 385 corp: 152/2816b lim: 4096 exec/s: 766494 rss: 36Mb L: 16/34 MS: 1 ChangeASCIIInt-
#766645	NEW    cov: 50 ft: 386 corp: 153/2832b lim: 4096 exec/s: 766645 rss: 36Mb L: 16/34 MS: 1 ChangeBinInt-
#768461	NEW    cov: 50 ft: 387 corp: 154/2848b lim: 4096 exec/s: 768461 rss: 36Mb L: 16/34 MS: 1 ChangeBit-
#768922	NEW    cov: 50 ft: 388 corp: 155/2864b lim: 4096 exec/s: 768922 rss: 36Mb L: 16/34 MS: 1 ChangeByte-
#770058	NEW    cov: 50 ft: 389 corp: 156/2880b lim: 4096 exec/s: 770058 rss: 36Mb L: 16/34 MS: 1 ShuffleBytes-
#780219	NEW    cov: 50 ft: 390 corp: 157/2896b lim: 4096 exec/s: 780219 rss: 36Mb L: 16/34 MS: 1 ChangeBit-
#874908	REDUCE cov: 50 ft: 390 corp: 157/2894b lim: 4096 exec/s: 437454 rss: 36Mb L: 27/34 MS: 4 ChangeByte-ChangeBinInt-CopyPart-EraseBytes-
#913845	REDUCE cov: 50 ft: 390 corp: 157/2892b lim: 4096 exec/s: 456922 rss: 36Mb L: 18/34 MS: 2 ChangeBit-EraseBytes-
#1048576	pulse  cov: 50 ft: 390 corp: 157/2892b lim: 4096 exec/s: 524288 rss: 36Mb
#1124983	REDUCE cov: 50 ft: 390 corp: 157/2890b lim: 4096 exec/s: 562491 rss: 36Mb L: 16/34 MS: 3 CrossOver-ChangeByte-EraseBytes-
#1203960	NEW    cov: 50 ft: 393 corp: 158/2919b lim: 4096 exec/s: 601980 rss: 36Mb L: 29/34 MS: 2 ChangeBit-ChangeBit-
#1227726	NEW    cov: 50 ft: 396 corp: 159/2939b lim: 4096 exec/s: 613863 rss: 36Mb L: 20/34 MS: 1 CrossOver-
#1371144	REDUCE cov: 50 ft: 396 corp: 159/2935b lim: 4096 exec/s: 457048 rss: 36Mb L: 16/34 MS: 3 ChangeBinInt-PersAutoDict-EraseBytes- DE: "\377d"-
#1489412	REDUCE cov: 50 ft: 396 corp: 159/2933b lim: 4096 exec/s: 496470 rss: 36Mb L: 16/34 MS: 3 InsertByte-CMP-EraseBytes- DE: "\276\020\020\017\000\000\000\000"-
#1740359	REDUCE cov: 50 ft: 396 corp: 159/2931b lim: 4096 exec/s: 580119 rss: 36Mb L: 16/34 MS: 2 ChangeByte-EraseBytes-
#1960377	REDUCE cov: 50 ft: 396 corp: 159/2929b lim: 4096 exec/s: 490094 rss: 36Mb L: 16/34 MS: 3 EraseBytes-ChangeByte-InsertByte-
#2046799	REDUCE cov: 50 ft: 396 corp: 159/2927b lim: 4096 exec/s: 511699 rss: 36Mb L: 25/34 MS: 2 CopyPart-EraseBytes-
#2259673	REDUCE cov: 50 ft: 396 corp: 159/2925b lim: 4096 exec/s: 451934 rss: 36Mb L: 15/34 MS: 4 ChangeBit-ChangeByte-InsertByte-EraseBytes-
#2390502	NEW    cov: 50 ft: 397 corp: 160/2945b lim: 4096 exec/s: 478100 rss: 36Mb L: 20/34 MS: 4 ChangeBit-ChangeBinInt-ShuffleBytes-ChangeASCIIInt-
#2399063	NEW    cov: 50 ft: 398 corp: 161/2965b lim: 4096 exec/s: 479812 rss: 36Mb L: 20/34 MS: 1 ChangeBit-
#2607140	NEW    cov: 50 ft: 399 corp: 162/2981b lim: 4096 exec/s: 521428 rss: 36Mb L: 16/34 MS: 2 ShuffleBytes-ChangeByte-
#2617110	REDUCE cov: 50 ft: 399 corp: 162/2980b lim: 4096 exec/s: 523422 rss: 36Mb L: 28/34 MS: 5 CMP-EraseBytes-ChangeBinInt-ChangeASCIIInt-CrossOver- DE: "!\000\000\000\000\000\000\000"-
#2938808	REDUCE cov: 50 ft: 401 corp: 163/3010b lim: 4096 exec/s: 489801 rss: 36Mb L: 30/34 MS: 3 CopyPart-ChangeBinInt-CopyPart-
#2995285	REDUCE cov: 50 ft: 401 corp: 163/3008b lim: 4096 exec/s: 499214 rss: 36Mb L: 28/34 MS: 2 EraseBytes-ChangeBinInt-
#2997124	REDUCE cov: 50 ft: 401 corp: 163/3006b lim: 4096 exec/s: 499520 rss: 36Mb L: 26/34 MS: 4 ChangeByte-ChangeBinInt-EraseBytes-InsertByte-
#2997493	REDUCE cov: 50 ft: 401 corp: 163/3004b lim: 4096 exec/s: 499582 rss: 36Mb L: 24/34 MS: 4 CopyPart-EraseBytes-ChangeBinInt-InsertByte-
#3033407	REDUCE cov: 50 ft: 401 corp: 163/3002b lim: 4096 exec/s: 505567 rss: 36Mb L: 22/34 MS: 4 EraseBytes-CopyPart-PersAutoDict-ChangeBinInt- DE: "\001\000\000\000"-
#3093167	REDUCE cov: 50 ft: 401 corp: 163/3000b lim: 4096 exec/s: 515527 rss: 36Mb L: 20/34 MS: 5 PersAutoDict-InsertByte-CMP-PersAutoDict-EraseBytes- DE: "\001\000\000\000"-"y\000\000\000"-"\377\377\377\377\377\377\377!"-
#3138882	REDUCE cov: 50 ft: 401 corp: 163/2998b lim: 4096 exec/s: 448411 rss: 36Mb L: 18/34 MS: 5 EraseBytes-ChangeByte-CopyPart-ShuffleBytes-EraseBytes-
#3140157	REDUCE cov: 50 ft: 401 corp: 163/2996b lim: 4096 exec/s: 448593 rss: 36Mb L: 16/34 MS: 5 CopyPart-EraseBytes-ShuffleBytes-ChangeByte-InsertByte-
#3274425	REDUCE cov: 50 ft: 401 corp: 163/2994b lim: 4096 exec/s: 467775 rss: 36Mb L: 23/34 MS: 3 CopyPart-ChangeByte-EraseBytes-
#3298415	REDUCE cov: 50 ft: 401 corp: 163/2992b lim: 4096 exec/s: 471202 rss: 36Mb L: 16/34 MS: 5 EraseBytes-PersAutoDict-ChangeBit-InsertByte-PersAutoDict- DE: "\000\000"-"\377\377\377\377"-
#3307656	REDUCE cov: 50 ft: 402 corp: 164/3008b lim: 4096 exec/s: 472522 rss: 36Mb L: 16/34 MS: 1 CrossOver-
#3437910	REDUCE cov: 50 ft: 402 corp: 164/3006b lim: 4096 exec/s: 491130 rss: 36Mb L: 16/34 MS: 4 InsertByte-ShuffleBytes-CMP-EraseBytes- DE: "\001a"-
#3478278	REDUCE cov: 50 ft: 402 corp: 164/3004b lim: 4096 exec/s: 496896 rss: 36Mb L: 21/34 MS: 3 CrossOver-InsertByte-EraseBytes-
#4128961	REDUCE cov: 50 ft: 402 corp: 164/3002b lim: 4096 exec/s: 458773 rss: 36Mb L: 27/34 MS: 3 ChangeBinInt-PersAutoDict-EraseBytes- DE: "!\000\000\000\000\000\000\000"-
#4194304	pulse  cov: 50 ft: 402 corp: 164/3002b lim: 4096 exec/s: 466033 rss: 36Mb
#4270619	REDUCE cov: 50 ft: 402 corp: 164/3000b lim: 4096 exec/s: 474513 rss: 36Mb L: 16/34 MS: 3 ChangeByte-EraseBytes-ChangeBit-
#4943041	REDUCE cov: 50 ft: 402 corp: 164/2998b lim: 4096 exec/s: 449367 rss: 36Mb L: 16/34 MS: 2 InsertByte-EraseBytes-
#5226662	NEW    cov: 50 ft: 403 corp: 165/3018b lim: 4096 exec/s: 475151 rss: 36Mb L: 20/34 MS: 1 ChangeBit-
#5512651	REDUCE cov: 50 ft: 403 corp: 165/3017b lim: 4096 exec/s: 459387 rss: 36Mb L: 15/34 MS: 4 ChangeByte-EraseBytes-PersAutoDict-ChangeBit- DE: "9\000"-
#5524498	REDUCE cov: 50 ft: 403 corp: 165/3015b lim: 4096 exec/s: 460374 rss: 36Mb L: 16/34 MS: 2 InsertByte-EraseBytes-
#6741900	REDUCE cov: 50 ft: 403 corp: 165/3013b lim: 4096 exec/s: 449460 rss: 36Mb L: 16/34 MS: 2 CrossOver-EraseBytes-
#6973229	REDUCE cov: 50 ft: 403 corp: 165/3012b lim: 4096 exec/s: 464881 rss: 36Mb L: 15/34 MS: 4 ShuffleBytes-EraseBytes-CMP-ChangeBinInt- DE: "\000\000\000\000\000\000\000 "-
#7740842	REDUCE cov: 50 ft: 403 corp: 165/3010b lim: 4096 exec/s: 455343 rss: 36Mb L: 27/34 MS: 3 EraseBytes-ChangeASCIIInt-ChangeBinInt-
#8388608	pulse  cov: 50 ft: 403 corp: 165/3010b lim: 4096 exec/s: 466033 rss: 36Mb
#8582378	NEW    cov: 50 ft: 404 corp: 166/3026b lim: 4096 exec/s: 451704 rss: 36Mb L: 16/34 MS: 1 ShuffleBytes-
#8743052	REDUCE cov: 50 ft: 404 corp: 166/3024b lim: 4096 exec/s: 460160 rss: 36Mb L: 27/34 MS: 4 ChangeBit-EraseBytes-ChangeASCIIInt-ChangeByte-
#10173847	NEW    cov: 50 ft: 405 corp: 167/3057b lim: 4096 exec/s: 462447 rss: 36Mb L: 33/34 MS: 5 ChangeBinInt-InsertRepeatedBytes-CMP-ChangeByte-EraseBytes- DE: "\377y"-
#11059849	REDUCE cov: 50 ft: 405 corp: 167/3055b lim: 4096 exec/s: 460827 rss: 36Mb L: 16/34 MS: 2 EraseBytes-ChangeByte-
#13443488	REDUCE cov: 50 ft: 405 corp: 167/3053b lim: 4096 exec/s: 448116 rss: 36Mb L: 25/34 MS: 4 CrossOver-InsertRepeatedBytes-ChangeBit-EraseBytes-
#13662870	REDUCE cov: 50 ft: 405 corp: 167/3051b lim: 4096 exec/s: 455429 rss: 36Mb L: 19/34 MS: 2 ChangeByte-EraseBytes-
#13967878	REDUCE cov: 50 ft: 405 corp: 167/3047b lim: 4096 exec/s: 450576 rss: 36Mb L: 15/34 MS: 3 EraseBytes-ChangeBinInt-ChangeBinInt-
#16777216	pulse  cov: 50 ft: 405 corp: 167/3047b lim: 4096 exec/s: 453438 rss: 36Mb
#20005741	NEW    cov: 50 ft: 406 corp: 168/3067b lim: 4096 exec/s: 454675 rss: 36Mb L: 20/34 MS: 3 ChangeASCIIInt-CrossOver-ChangeASCIIInt-
#25902120	REDUCE cov: 50 ft: 406 corp: 168/3065b lim: 4096 exec/s: 446588 rss: 36Mb L: 15/34 MS: 4 CopyPart-ChangeBit-EraseBytes-PersAutoDict- DE: "y\000\000\000"-
#29265668	REDUCE cov: 50 ft: 406 corp: 168/3064b lim: 4096 exec/s: 450241 rss: 36Mb L: 15/34 MS: 3 ChangeBit-ChangeByte-EraseBytes-
#32013178	REDUCE cov: 50 ft: 406 corp: 168/3063b lim: 4096 exec/s: 444627 rss: 36Mb L: 15/34 MS: 5 ChangeBit-InsertByte-ShuffleBytes-ShuffleBytes-EraseBytes-
#33554432	pulse  cov: 50 ft: 406 corp: 168/3063b lim: 4096 exec/s: 447392 rss: 36Mb
#35652336	REDUCE cov: 50 ft: 406 corp: 168/3062b lim: 4096 exec/s: 445654 rss: 36Mb L: 15/34 MS: 3 ChangeBit-CMP-EraseBytes- DE: "{\000"-
#38884665	NEW    cov: 50 ft: 407 corp: 169/3082b lim: 4096 exec/s: 446950 rss: 36Mb L: 20/34 MS: 4 CopyPart-CopyPart-ShuffleBytes-ShuffleBytes-
#38904861	NEW    cov: 50 ft: 408 corp: 170/3102b lim: 4096 exec/s: 447182 rss: 36Mb L: 20/34 MS: 1 ChangeBit-
#38976952	NEW    cov: 50 ft: 409 corp: 171/3122b lim: 4096 exec/s: 448010 rss: 36Mb L: 20/34 MS: 1 ChangeBit-
#39151053	NEW    cov: 50 ft: 410 corp: 172/3142b lim: 4096 exec/s: 444898 rss: 36Mb L: 20/34 MS: 1 CopyPart-
#41594085	NEW    cov: 50 ft: 411 corp: 173/3157b lim: 4096 exec/s: 447248 rss: 36Mb L: 15/34 MS: 2 ShuffleBytes-EraseBytes-
#41595316	NEW    cov: 50 ft: 417 corp: 174/3172b lim: 4096 exec/s: 447261 rss: 36Mb L: 15/34 MS: 1 ChangeBit-
#42431424	REDUCE cov: 50 ft: 417 corp: 174/3171b lim: 4096 exec/s: 446646 rss: 36Mb L: 28/34 MS: 3 ChangeASCIIInt-EraseBytes-ChangeASCIIInt-
#44730641	REDUCE cov: 50 ft: 417 corp: 174/3167b lim: 4096 exec/s: 447306 rss: 36Mb L: 16/34 MS: 2 EraseBytes-ChangeBit-
#46518490	REDUCE cov: 50 ft: 417 corp: 174/3166b lim: 4096 exec/s: 447293 rss: 36Mb L: 15/34 MS: 4 ChangeByte-EraseBytes-CopyPart-EraseBytes-
#48350098	REDUCE cov: 50 ft: 417 corp: 174/3157b lim: 4096 exec/s: 447686 rss: 36Mb L: 18/34 MS: 3 EraseBytes-PersAutoDict-EraseBytes- DE: "{\000"-
#48778130	NEW    cov: 50 ft: 419 corp: 175/3179b lim: 4096 exec/s: 447505 rss: 36Mb L: 22/34 MS: 2 CrossOver-ShuffleBytes-
#49034513	REDUCE cov: 50 ft: 419 corp: 175/3177b lim: 4096 exec/s: 445768 rss: 36Mb L: 25/34 MS: 3 EraseBytes-EraseBytes-InsertByte-
#49043908	REDUCE cov: 50 ft: 419 corp: 175/3175b lim: 4096 exec/s: 445853 rss: 36Mb L: 16/34 MS: 5 ShuffleBytes-EraseBytes-ChangeByte-ChangeByte-InsertByte-
#49621255	REDUCE cov: 50 ft: 419 corp: 175/3174b lim: 4096 exec/s: 447038 rss: 36Mb L: 28/34 MS: 2 CrossOver-EraseBytes-
#51133394	REDUCE cov: 50 ft: 419 corp: 175/3173b lim: 4096 exec/s: 444638 rss: 36Mb L: 15/34 MS: 4 ChangeBit-EraseBytes-ChangeByte-ChangeBinInt-
#53535123	REDUCE cov: 50 ft: 419 corp: 175/3168b lim: 4096 exec/s: 446126 rss: 36Mb L: 23/34 MS: 4 EraseBytes-ChangeASCIIInt-CopyPart-ChangeByte-
#56016052	REDUCE cov: 50 ft: 419 corp: 175/3166b lim: 4096 exec/s: 444571 rss: 36Mb L: 18/34 MS: 4 EraseBytes-InsertByte-ChangeByte-ShuffleBytes-
#57732565	REDUCE cov: 50 ft: 419 corp: 175/3164b lim: 4096 exec/s: 444096 rss: 36Mb L: 16/34 MS: 3 InsertByte-ChangeBit-EraseBytes-
#58292778	REDUCE cov: 50 ft: 419 corp: 175/3163b lim: 4096 exec/s: 444983 rss: 36Mb L: 15/34 MS: 3 ChangeBit-CrossOver-EraseBytes-
#60135310	REDUCE cov: 50 ft: 419 corp: 175/3162b lim: 4096 exec/s: 445446 rss: 36Mb L: 15/34 MS: 2 CrossOver-EraseBytes-
#61683823	REDUCE cov: 50 ft: 419 corp: 175/3161b lim: 4096 exec/s: 443768 rss: 36Mb L: 15/34 MS: 3 ChangeBinInt-ChangeBit-EraseBytes-
#62618590	NEW    cov: 50 ft: 421 corp: 176/3181b lim: 4096 exec/s: 444103 rss: 36Mb L: 20/34 MS: 2 CopyPart-CopyPart-
#65056180	NEW    cov: 50 ft: 422 corp: 177/3201b lim: 4096 exec/s: 445590 rss: 36Mb L: 20/34 MS: 5 ShuffleBytes-CopyPart-ChangeByte-CrossOver-CrossOver-
#65543488	NEW    cov: 50 ft: 423 corp: 178/3221b lim: 4096 exec/s: 445874 rss: 36Mb L: 20/34 MS: 3 CrossOver-ChangeBinInt-ShuffleBytes-
panic: found special char in iban [recovered]
	panic: found special char in iban

goroutine 17 [running, locked to thread]:
git.ultraware.nl/iddinkgroep/fundament-api.Fuzz.func1()
	git.ultraware.nl/iddinkgroep/fundament-api/fuzz.go:19 +0xa5
panic({0x558c20cf4760?, 0x558c20d07c70?})
	runtime/panic.go:914 +0x21f
git.ultraware.nl/iddinkgroep/fundament-api.Fuzz({0xc00021a870, 0x14})
	git.ultraware.nl/iddinkgroep/fundament-api/fuzz.go:34 +0x2b9
git.ultraware.nl/iddinkgroep/fundament-api.Fuzz_(...)
	git.ultraware.nl/iddinkgroep/fundament-api/fuzz.1527825026.go:6
main.LLVMFuzzerTestOneInput(...)
	./main.170485750.go:21
==4624== ERROR: libFuzzer: deadly signal
    #0 0x558c20c17630 in __sanitizer_print_stack_trace (/seedai/experiments/libfuzzer/source_iban/libfuzzer+0xaf630) (BuildId: 688cb25bec4564588da2a67f6a2b25148a0fd5d4)
    #1 0x558c20be3755 in fuzzer::PrintStackTrace() (/seedai/experiments/libfuzzer/source_iban/libfuzzer+0x7b755) (BuildId: 688cb25bec4564588da2a67f6a2b25148a0fd5d4)
    #2 0x558c20bc23a9 in fuzzer::Fuzzer::CrashCallback() (.part.0) FuzzerLoop.cpp.o
    #3 0x558c20bc246a in fuzzer::Fuzzer::StaticCrashSignalCallback() (/seedai/experiments/libfuzzer/source_iban/libfuzzer+0x5a46a) (BuildId: 688cb25bec4564588da2a67f6a2b25148a0fd5d4)
    #4 0x7fba7e96a70f  (/usr/lib/libc.so.6+0x3e70f) (BuildId: 316d0d3666387f0e8fb98773f51aa1801027c5ab)
    #5 0x558c20c77160 in runtime.raise.abi0 runtime/sys_linux_amd64.s:153

NOTE: libFuzzer has rudimentary signal handlers.
      Combine libFuzzer with AddressSanitizer or similar for better crash reports.
SUMMARY: libFuzzer: deadly signal
MS: 1 ChangeByte-; base unit: d0d292efada1e517adbcf65e2f544b8394570239
0x42,0x41,0x36,0x30,0x2d,0x30,0x30,0x30,0x30,0x30,0x30,0x30,0x30,0x30,0x30,0x30,0x30,0x30,0x30,0x42,
BA60-00000000000000B
artifact_prefix='./'; Test unit written to ./crash-7b54676e73c1c002d3d343e80241d7aa1f87b2f7
Base64: QkE2MC0wMDAwMDAwMDAwMDAwMEI=
