INFO: Running with entropic power schedule (0xFF, 100).
INFO: Seed: 3484668793
INFO: Loaded 1 modules   (70 inline 8-bit counters): 70 [0x55a676705030, 0x55a676705076), 
INFO: Loaded 1 PC tables (70 PCs): 70 [0xc000068000,0xc000068460), 
INFO:        9 files found in corpus
INFO: -max_len is not provided; libFuzzer will not generate inputs larger than 4096 bytes
INFO: seed corpus: files: 9 min: 1b max: 408b total: 765b rss: 29Mb
#10	INITED cov: 11 ft: 25 corp: 4/45b exec/s: 0 rss: 29Mb
#13	NEW    cov: 11 ft: 26 corp: 5/47b lim: 30 exec/s: 0 rss: 29Mb L: 2/30 MS: 3 ChangeByte-ShuffleBytes-InsertByte-
#16	NEW    cov: 11 ft: 28 corp: 6/68b lim: 30 exec/s: 0 rss: 29Mb L: 21/30 MS: 3 EraseBytes-InsertByte-InsertRepeatedBytes-
#24	NEW    cov: 11 ft: 29 corp: 7/84b lim: 30 exec/s: 0 rss: 29Mb L: 16/30 MS: 3 ShuffleBytes-CopyPart-EraseBytes-
#38	NEW    cov: 11 ft: 30 corp: 8/87b lim: 30 exec/s: 0 rss: 29Mb L: 3/30 MS: 4 InsertByte-ShuffleBytes-CopyPart-InsertByte-
#41	NEW    cov: 11 ft: 31 corp: 9/111b lim: 30 exec/s: 0 rss: 29Mb L: 24/30 MS: 3 CrossOver-InsertRepeatedBytes-InsertRepeatedBytes-
#57	NEW    cov: 11 ft: 32 corp: 10/123b lim: 30 exec/s: 0 rss: 29Mb L: 12/30 MS: 1 EraseBytes-
#76	NEW    cov: 11 ft: 33 corp: 11/152b lim: 30 exec/s: 0 rss: 29Mb L: 29/30 MS: 4 InsertRepeatedBytes-InsertRepeatedBytes-EraseBytes-CrossOver-
#77	NEW    cov: 11 ft: 34 corp: 12/165b lim: 30 exec/s: 0 rss: 29Mb L: 13/30 MS: 1 InsertRepeatedBytes-
#126	REDUCE cov: 11 ft: 34 corp: 12/162b lim: 30 exec/s: 0 rss: 29Mb L: 27/29 MS: 4 CopyPart-ShuffleBytes-CMP-EraseBytes- DE: "\017\000\000\000\000\000\000\000"-
#178	NEW    cov: 11 ft: 36 corp: 13/177b lim: 30 exec/s: 0 rss: 29Mb L: 15/29 MS: 2 PersAutoDict-CopyPart- DE: "\017\000\000\000\000\000\000\000"-
#214	REDUCE cov: 11 ft: 36 corp: 13/175b lim: 30 exec/s: 0 rss: 29Mb L: 11/29 MS: 1 EraseBytes-
#237	NEW    cov: 11 ft: 37 corp: 14/189b lim: 30 exec/s: 0 rss: 29Mb L: 14/29 MS: 3 InsertByte-ChangeBinInt-EraseBytes-
#598	REDUCE cov: 11 ft: 37 corp: 14/182b lim: 30 exec/s: 0 rss: 30Mb L: 17/29 MS: 1 EraseBytes-
#1006	NEW    cov: 11 ft: 38 corp: 15/213b lim: 34 exec/s: 0 rss: 30Mb L: 31/31 MS: 3 ChangeByte-InsertByte-CrossOver-
#1092	NEW    cov: 11 ft: 39 corp: 16/246b lim: 34 exec/s: 0 rss: 30Mb L: 33/33 MS: 1 InsertRepeatedBytes-
#1142	REDUCE cov: 11 ft: 41 corp: 17/280b lim: 34 exec/s: 0 rss: 30Mb L: 34/34 MS: 5 InsertByte-ChangeByte-CrossOver-ChangeBinInt-CMP- DE: "\016\000\000\000\000\000\000\000"-
#2295	NEW    cov: 13 ft: 47 corp: 18/312b lim: 44 exec/s: 0 rss: 30Mb L: 32/34 MS: 3 InsertByte-InsertByte-InsertByte-
#2336	NEW    cov: 13 ft: 48 corp: 19/344b lim: 44 exec/s: 0 rss: 30Mb L: 32/34 MS: 1 ChangeByte-
#2438	NEW    cov: 13 ft: 49 corp: 20/376b lim: 44 exec/s: 0 rss: 30Mb L: 32/34 MS: 2 CrossOver-ChangeBinInt-
#2485	NEW    cov: 13 ft: 50 corp: 21/407b lim: 44 exec/s: 0 rss: 30Mb L: 31/34 MS: 2 InsertRepeatedBytes-EraseBytes-
#2488	NEW    cov: 13 ft: 51 corp: 22/428b lim: 44 exec/s: 0 rss: 30Mb L: 21/34 MS: 3 ChangeBit-ChangeBit-EraseBytes-
#2594	NEW    cov: 13 ft: 52 corp: 23/449b lim: 44 exec/s: 0 rss: 30Mb L: 21/34 MS: 1 PersAutoDict- DE: "\017\000\000\000\000\000\000\000"-
#2703	NEW    cov: 13 ft: 53 corp: 24/471b lim: 44 exec/s: 0 rss: 30Mb L: 22/34 MS: 4 InsertRepeatedBytes-InsertRepeatedBytes-ChangeBinInt-CrossOver-
#2807	NEW    cov: 13 ft: 54 corp: 25/487b lim: 44 exec/s: 0 rss: 30Mb L: 16/34 MS: 4 ChangeBit-PersAutoDict-InsertRepeatedBytes-CrossOver- DE: "\017\000\000\000\000\000\000\000"-
#2836	NEW    cov: 13 ft: 55 corp: 26/502b lim: 44 exec/s: 0 rss: 30Mb L: 15/34 MS: 4 ChangeASCIIInt-EraseBytes-CopyPart-EraseBytes-
#2862	NEW    cov: 13 ft: 56 corp: 27/533b lim: 44 exec/s: 0 rss: 30Mb L: 31/34 MS: 1 ChangeBit-
#2923	NEW    cov: 13 ft: 57 corp: 28/555b lim: 44 exec/s: 0 rss: 30Mb L: 22/34 MS: 1 ChangeByte-
#3139	REDUCE cov: 13 ft: 57 corp: 28/554b lim: 44 exec/s: 0 rss: 30Mb L: 20/34 MS: 1 EraseBytes-
#3156	NEW    cov: 25 ft: 96 corp: 29/584b lim: 44 exec/s: 0 rss: 30Mb L: 30/34 MS: 2 CopyPart-CopyPart-
#3242	NEW    cov: 25 ft: 110 corp: 30/607b lim: 44 exec/s: 0 rss: 30Mb L: 23/34 MS: 1 InsertByte-
#3411	NEW    cov: 25 ft: 111 corp: 31/635b lim: 44 exec/s: 0 rss: 30Mb L: 28/34 MS: 4 CrossOver-PersAutoDict-ChangeBit-EraseBytes- DE: "\016\000\000\000\000\000\000\000"-
#3728	REDUCE cov: 25 ft: 111 corp: 31/633b lim: 44 exec/s: 0 rss: 30Mb L: 30/34 MS: 2 CopyPart-EraseBytes-
#3793	NEW    cov: 25 ft: 112 corp: 32/666b lim: 44 exec/s: 0 rss: 30Mb L: 33/34 MS: 5 CopyPart-EraseBytes-InsertRepeatedBytes-ChangeBinInt-EraseBytes-
#3871	REDUCE cov: 25 ft: 112 corp: 32/659b lim: 44 exec/s: 0 rss: 30Mb L: 26/34 MS: 3 InsertByte-ChangeBit-EraseBytes-
#3923	REDUCE cov: 25 ft: 112 corp: 32/655b lim: 44 exec/s: 0 rss: 30Mb L: 22/34 MS: 2 PersAutoDict-EraseBytes- DE: "\016\000\000\000\000\000\000\000"-
#4088	NEW    cov: 25 ft: 113 corp: 33/683b lim: 44 exec/s: 0 rss: 30Mb L: 28/34 MS: 5 EraseBytes-ChangeBit-InsertByte-EraseBytes-CrossOver-
#4155	REDUCE cov: 25 ft: 113 corp: 33/682b lim: 44 exec/s: 0 rss: 30Mb L: 8/34 MS: 2 CopyPart-EraseBytes-
#4172	NEW    cov: 25 ft: 115 corp: 34/707b lim: 44 exec/s: 0 rss: 31Mb L: 25/34 MS: 2 CrossOver-PersAutoDict- DE: "\016\000\000\000\000\000\000\000"-
#4185	REDUCE cov: 25 ft: 115 corp: 34/705b lim: 44 exec/s: 0 rss: 31Mb L: 29/34 MS: 3 ShuffleBytes-ChangeBit-EraseBytes-
#4210	REDUCE cov: 25 ft: 115 corp: 34/703b lim: 44 exec/s: 0 rss: 31Mb L: 30/34 MS: 5 EraseBytes-EraseBytes-InsertRepeatedBytes-ChangeASCIIInt-InsertByte-
#4691	REDUCE cov: 25 ft: 115 corp: 34/702b lim: 44 exec/s: 0 rss: 31Mb L: 15/34 MS: 1 EraseBytes-
#4752	NEW    cov: 25 ft: 117 corp: 35/732b lim: 44 exec/s: 0 rss: 31Mb L: 30/34 MS: 1 ChangeBit-
#4760	REDUCE cov: 25 ft: 117 corp: 35/718b lim: 44 exec/s: 0 rss: 31Mb L: 15/34 MS: 3 CrossOver-CopyPart-InsertByte-
#4844	REDUCE cov: 25 ft: 117 corp: 35/712b lim: 44 exec/s: 0 rss: 31Mb L: 26/34 MS: 4 InsertByte-PersAutoDict-CopyPart-EraseBytes- DE: "\017\000\000\000\000\000\000\000"-
#4847	REDUCE cov: 25 ft: 118 corp: 36/739b lim: 44 exec/s: 0 rss: 31Mb L: 27/34 MS: 3 ChangeBit-ShuffleBytes-EraseBytes-
#5174	REDUCE cov: 25 ft: 118 corp: 36/738b lim: 44 exec/s: 0 rss: 31Mb L: 21/34 MS: 2 EraseBytes-PersAutoDict- DE: "\016\000\000\000\000\000\000\000"-
#5192	REDUCE cov: 25 ft: 118 corp: 36/722b lim: 44 exec/s: 0 rss: 31Mb L: 15/34 MS: 3 EraseBytes-ChangeByte-EraseBytes-
#5254	NEW    cov: 25 ft: 123 corp: 37/747b lim: 44 exec/s: 0 rss: 31Mb L: 25/34 MS: 2 CopyPart-PersAutoDict- DE: "\017\000\000\000\000\000\000\000"-
#5493	REDUCE cov: 25 ft: 123 corp: 37/745b lim: 44 exec/s: 0 rss: 31Mb L: 19/34 MS: 4 ChangeByte-InsertByte-ChangeBit-EraseBytes-
#6235	REDUCE cov: 25 ft: 123 corp: 37/741b lim: 49 exec/s: 0 rss: 31Mb L: 15/34 MS: 2 CMP-EraseBytes- DE: "\001\000\000\000"-
#6411	NEW    cov: 25 ft: 124 corp: 38/768b lim: 49 exec/s: 0 rss: 31Mb L: 27/34 MS: 1 ChangeBit-
#6529	REDUCE cov: 25 ft: 125 corp: 39/786b lim: 49 exec/s: 0 rss: 31Mb L: 18/34 MS: 3 ShuffleBytes-CrossOver-InsertRepeatedBytes-
#7776	REDUCE cov: 25 ft: 125 corp: 39/785b lim: 59 exec/s: 0 rss: 31Mb L: 27/34 MS: 2 CopyPart-EraseBytes-
#8297	REDUCE cov: 25 ft: 125 corp: 39/771b lim: 64 exec/s: 0 rss: 31Mb L: 16/34 MS: 1 EraseBytes-
#8758	REDUCE cov: 25 ft: 125 corp: 39/767b lim: 64 exec/s: 0 rss: 31Mb L: 17/34 MS: 1 EraseBytes-
#8936	REDUCE cov: 25 ft: 125 corp: 39/766b lim: 64 exec/s: 0 rss: 31Mb L: 19/34 MS: 3 ShuffleBytes-InsertRepeatedBytes-EraseBytes-
#9128	NEW    cov: 25 ft: 126 corp: 40/791b lim: 64 exec/s: 0 rss: 31Mb L: 25/34 MS: 2 ShuffleBytes-CopyPart-
#9171	NEW    cov: 25 ft: 128 corp: 41/819b lim: 64 exec/s: 0 rss: 31Mb L: 28/34 MS: 3 ShuffleBytes-ChangeByte-ChangeByte-
#9760	REDUCE cov: 25 ft: 128 corp: 41/818b lim: 64 exec/s: 0 rss: 32Mb L: 26/34 MS: 4 ChangeASCIIInt-EraseBytes-PersAutoDict-ChangeBinInt- DE: "\001\000\000\000"-
#9911	REDUCE cov: 25 ft: 129 corp: 42/843b lim: 64 exec/s: 0 rss: 32Mb L: 25/34 MS: 1 PersAutoDict- DE: "\016\000\000\000\000\000\000\000"-
#11317	REDUCE cov: 25 ft: 129 corp: 42/839b lim: 76 exec/s: 0 rss: 32Mb L: 7/34 MS: 1 EraseBytes-
#11644	REDUCE cov: 25 ft: 129 corp: 42/838b lim: 76 exec/s: 0 rss: 32Mb L: 24/34 MS: 2 EraseBytes-InsertByte-
#12616	NEW    cov: 25 ft: 130 corp: 43/868b lim: 82 exec/s: 0 rss: 32Mb L: 30/34 MS: 2 CMP-PersAutoDict- DE: "\000\000"-"\001\000\000\000"-
#13641	REDUCE cov: 25 ft: 130 corp: 43/867b lim: 88 exec/s: 0 rss: 32Mb L: 24/34 MS: 5 ChangeByte-CopyPart-CopyPart-CMP-EraseBytes- DE: "\000\000\000\000"-
#14931	REDUCE cov: 25 ft: 130 corp: 43/866b lim: 100 exec/s: 0 rss: 33Mb L: 18/34 MS: 5 ChangeBit-ChangeBinInt-PersAutoDict-EraseBytes-InsertByte- DE: "\000\000\000\000"-
#15812	NEW    cov: 25 ft: 131 corp: 44/894b lim: 106 exec/s: 0 rss: 33Mb L: 28/34 MS: 1 ChangeBinInt-
#15881	REDUCE cov: 25 ft: 131 corp: 44/893b lim: 106 exec/s: 0 rss: 33Mb L: 21/34 MS: 4 ChangeASCIIInt-EraseBytes-InsertByte-ChangeBinInt-
#16706	REDUCE cov: 25 ft: 131 corp: 44/891b lim: 112 exec/s: 0 rss: 33Mb L: 26/34 MS: 5 ChangeBit-InsertByte-ChangeBit-EraseBytes-CopyPart-
#17419	REDUCE cov: 25 ft: 131 corp: 44/889b lim: 118 exec/s: 0 rss: 33Mb L: 25/34 MS: 3 EraseBytes-CopyPart-CrossOver-
#17578	REDUCE cov: 25 ft: 131 corp: 44/888b lim: 118 exec/s: 0 rss: 33Mb L: 24/34 MS: 4 CMP-EraseBytes-ShuffleBytes-CrossOver- DE: "\001\000"-
#17851	NEW    cov: 25 ft: 132 corp: 45/906b lim: 118 exec/s: 0 rss: 33Mb L: 18/34 MS: 3 ChangeASCIIInt-ShuffleBytes-CopyPart-
#20966	REDUCE cov: 25 ft: 132 corp: 45/905b lim: 144 exec/s: 0 rss: 34Mb L: 25/34 MS: 5 EraseBytes-ChangeBinInt-InsertByte-ChangeBinInt-PersAutoDict- DE: "\000\000\000\000"-
#22616	NEW    cov: 25 ft: 133 corp: 46/929b lim: 158 exec/s: 0 rss: 34Mb L: 24/34 MS: 5 ChangeBinInt-CrossOver-InsertByte-ShuffleBytes-ChangeByte-
#23051	REDUCE cov: 25 ft: 133 corp: 46/926b lim: 158 exec/s: 0 rss: 34Mb L: 22/34 MS: 5 InsertByte-InsertByte-EraseBytes-InsertByte-CrossOver-
#23099	REDUCE cov: 25 ft: 133 corp: 46/924b lim: 158 exec/s: 0 rss: 34Mb L: 16/34 MS: 3 CopyPart-EraseBytes-EraseBytes-
#24813	REDUCE cov: 25 ft: 133 corp: 46/923b lim: 172 exec/s: 0 rss: 34Mb L: 21/34 MS: 4 CopyPart-ChangeBit-CopyPart-EraseBytes-
#25175	REDUCE cov: 25 ft: 133 corp: 46/922b lim: 172 exec/s: 0 rss: 34Mb L: 15/34 MS: 2 ChangeBinInt-EraseBytes-
#28123	REDUCE cov: 25 ft: 133 corp: 46/921b lim: 200 exec/s: 0 rss: 34Mb L: 15/34 MS: 3 PersAutoDict-PersAutoDict-EraseBytes- DE: "\001\000\000\000"-"\001\000\000\000"-
#28455	NEW    cov: 25 ft: 134 corp: 47/951b lim: 200 exec/s: 0 rss: 34Mb L: 30/34 MS: 2 ShuffleBytes-PersAutoDict- DE: "\000\000"-
#34362	REDUCE cov: 25 ft: 134 corp: 47/950b lim: 256 exec/s: 0 rss: 34Mb L: 29/34 MS: 2 CMP-EraseBytes- DE: "\034\000\000\000\000\000\000\000"-
#34859	REDUCE cov: 25 ft: 134 corp: 47/949b lim: 256 exec/s: 0 rss: 34Mb L: 17/34 MS: 2 ChangeASCIIInt-EraseBytes-
#34922	REDUCE cov: 25 ft: 134 corp: 47/946b lim: 256 exec/s: 0 rss: 34Mb L: 18/34 MS: 3 CopyPart-CopyPart-EraseBytes-
#35580	REDUCE cov: 25 ft: 134 corp: 47/945b lim: 256 exec/s: 0 rss: 34Mb L: 23/34 MS: 3 ShuffleBytes-ChangeBinInt-EraseBytes-
#36288	REDUCE cov: 25 ft: 134 corp: 47/943b lim: 256 exec/s: 0 rss: 35Mb L: 28/34 MS: 3 EraseBytes-InsertByte-PersAutoDict- DE: "\034\000\000\000\000\000\000\000"-
#39971	REDUCE cov: 25 ft: 134 corp: 47/942b lim: 288 exec/s: 0 rss: 35Mb L: 29/34 MS: 3 ShuffleBytes-CMP-EraseBytes- DE: "\035\000\000\000\000\000\000\000"-
#40311	REDUCE cov: 25 ft: 134 corp: 47/938b lim: 288 exec/s: 0 rss: 35Mb L: 24/34 MS: 5 InsertByte-ChangeBinInt-ChangeBit-InsertByte-EraseBytes-
#44677	REDUCE cov: 25 ft: 134 corp: 47/937b lim: 328 exec/s: 0 rss: 35Mb L: 27/34 MS: 1 EraseBytes-
#45572	REDUCE cov: 25 ft: 134 corp: 47/930b lim: 336 exec/s: 0 rss: 35Mb L: 20/34 MS: 5 ShuffleBytes-EraseBytes-ChangeBinInt-ChangeASCIIInt-InsertByte-
#45865	REDUCE cov: 25 ft: 134 corp: 47/928b lim: 336 exec/s: 0 rss: 35Mb L: 18/34 MS: 3 CrossOver-EraseBytes-CrossOver-
#50709	REDUCE cov: 25 ft: 134 corp: 47/926b lim: 384 exec/s: 0 rss: 35Mb L: 26/34 MS: 4 ChangeBinInt-ShuffleBytes-ChangeBit-EraseBytes-
#55446	REDUCE cov: 25 ft: 134 corp: 47/925b lim: 424 exec/s: 0 rss: 35Mb L: 17/34 MS: 2 CrossOver-EraseBytes-
#57397	REDUCE cov: 25 ft: 134 corp: 47/924b lim: 440 exec/s: 0 rss: 35Mb L: 23/34 MS: 1 EraseBytes-
#57987	REDUCE cov: 25 ft: 134 corp: 47/922b lim: 440 exec/s: 0 rss: 35Mb L: 16/34 MS: 5 ChangeASCIIInt-EraseBytes-ShuffleBytes-CopyPart-ChangeBit-
#58164	REDUCE cov: 25 ft: 134 corp: 47/921b lim: 440 exec/s: 0 rss: 35Mb L: 23/34 MS: 2 ChangeByte-EraseBytes-
#59171	REDUCE cov: 25 ft: 134 corp: 47/920b lim: 448 exec/s: 0 rss: 35Mb L: 24/34 MS: 2 ChangeByte-EraseBytes-
#60485	REDUCE cov: 25 ft: 134 corp: 47/917b lim: 456 exec/s: 0 rss: 35Mb L: 20/34 MS: 4 EraseBytes-ShuffleBytes-ChangeByte-ChangeBinInt-
#62789	REDUCE cov: 25 ft: 136 corp: 48/939b lim: 472 exec/s: 0 rss: 35Mb L: 22/34 MS: 4 ChangeByte-ShuffleBytes-PersAutoDict-CrossOver- DE: "\034\000\000\000\000\000\000\000"-
#62809	REDUCE cov: 25 ft: 136 corp: 48/937b lim: 472 exec/s: 0 rss: 35Mb L: 19/34 MS: 5 ShuffleBytes-CopyPart-ShuffleBytes-ChangeBinInt-EraseBytes-
#63450	REDUCE cov: 25 ft: 136 corp: 48/936b lim: 472 exec/s: 0 rss: 35Mb L: 22/34 MS: 1 EraseBytes-
#64543	REDUCE cov: 25 ft: 136 corp: 48/933b lim: 480 exec/s: 0 rss: 35Mb L: 21/34 MS: 3 ChangeBinInt-CopyPart-EraseBytes-
#65530	REDUCE cov: 25 ft: 136 corp: 48/931b lim: 488 exec/s: 0 rss: 35Mb L: 27/34 MS: 2 ChangeBit-EraseBytes-
#69970	REDUCE cov: 25 ft: 136 corp: 48/929b lim: 530 exec/s: 0 rss: 35Mb L: 22/34 MS: 5 ChangeBinInt-ChangeByte-CopyPart-ChangeBit-EraseBytes-
#70021	REDUCE cov: 30 ft: 150 corp: 49/955b lim: 530 exec/s: 0 rss: 35Mb L: 26/34 MS: 1 CrossOver-
#70637	REDUCE cov: 30 ft: 150 corp: 49/954b lim: 530 exec/s: 0 rss: 35Mb L: 25/34 MS: 1 EraseBytes-
#74375	REDUCE cov: 30 ft: 150 corp: 49/953b lim: 566 exec/s: 0 rss: 35Mb L: 16/34 MS: 3 ChangeBinInt-EraseBytes-ChangeByte-
#74531	NEW    cov: 30 ft: 152 corp: 50/975b lim: 566 exec/s: 0 rss: 35Mb L: 22/34 MS: 1 ShuffleBytes-
#74612	NEW    cov: 30 ft: 154 corp: 51/997b lim: 566 exec/s: 0 rss: 35Mb L: 22/34 MS: 1 ChangeBinInt-
#76128	NEW    cov: 30 ft: 156 corp: 52/1019b lim: 575 exec/s: 0 rss: 35Mb L: 22/34 MS: 1 ChangeBit-
#76791	REDUCE cov: 30 ft: 156 corp: 52/1017b lim: 575 exec/s: 0 rss: 35Mb L: 20/34 MS: 3 InsertByte-ChangeByte-EraseBytes-
#76877	NEW    cov: 30 ft: 158 corp: 53/1039b lim: 575 exec/s: 0 rss: 35Mb L: 22/34 MS: 1 ChangeBit-
#77530	NEW    cov: 30 ft: 160 corp: 54/1061b lim: 575 exec/s: 0 rss: 35Mb L: 22/34 MS: 3 ChangeBit-ChangeByte-ChangeBit-
#78311	REDUCE cov: 30 ft: 162 corp: 55/1081b lim: 575 exec/s: 0 rss: 35Mb L: 20/34 MS: 1 ChangeBit-
#79358	NEW    cov: 30 ft: 170 corp: 56/1101b lim: 584 exec/s: 0 rss: 35Mb L: 20/34 MS: 2 ChangeByte-ShuffleBytes-
#81181	REDUCE cov: 30 ft: 170 corp: 56/1097b lim: 602 exec/s: 0 rss: 35Mb L: 22/34 MS: 3 EraseBytes-ChangeByte-ChangeBit-
#81526	REDUCE cov: 30 ft: 170 corp: 56/1095b lim: 602 exec/s: 0 rss: 35Mb L: 25/34 MS: 5 CopyPart-InsertByte-InsertByte-InsertByte-EraseBytes-
#82460	REDUCE cov: 30 ft: 170 corp: 56/1091b lim: 611 exec/s: 0 rss: 35Mb L: 21/34 MS: 4 ChangeASCIIInt-CopyPart-EraseBytes-InsertRepeatedBytes-
#82716	NEW    cov: 30 ft: 172 corp: 57/1113b lim: 611 exec/s: 0 rss: 35Mb L: 22/34 MS: 1 CrossOver-
#83352	REDUCE cov: 30 ft: 172 corp: 57/1112b lim: 611 exec/s: 0 rss: 35Mb L: 19/34 MS: 1 EraseBytes-
#85930	REDUCE cov: 30 ft: 172 corp: 57/1110b lim: 629 exec/s: 0 rss: 35Mb L: 20/34 MS: 3 EraseBytes-ChangeBit-CrossOver-
#86086	NEW    cov: 30 ft: 174 corp: 58/1132b lim: 629 exec/s: 0 rss: 35Mb L: 22/34 MS: 1 ChangeBit-
#86195	REDUCE cov: 30 ft: 174 corp: 58/1131b lim: 629 exec/s: 0 rss: 35Mb L: 16/34 MS: 4 EraseBytes-ChangeByte-InsertByte-ChangeBit-
#87333	REDUCE cov: 30 ft: 174 corp: 58/1128b lim: 638 exec/s: 0 rss: 35Mb L: 19/34 MS: 3 ChangeBinInt-CrossOver-EraseBytes-
#87889	NEW    cov: 30 ft: 176 corp: 59/1150b lim: 638 exec/s: 0 rss: 35Mb L: 22/34 MS: 1 CrossOver-
#90293	NEW    cov: 30 ft: 177 corp: 60/1170b lim: 656 exec/s: 0 rss: 35Mb L: 20/34 MS: 4 ChangeBinInt-ChangeBinInt-PersAutoDict-ChangeBinInt- DE: "\001\000"-
#92589	NEW    cov: 30 ft: 179 corp: 61/1192b lim: 674 exec/s: 0 rss: 35Mb L: 22/34 MS: 1 ChangeBit-
#93118	REDUCE cov: 30 ft: 179 corp: 61/1187b lim: 674 exec/s: 0 rss: 35Mb L: 16/34 MS: 4 ChangeByte-ChangeByte-ChangeBinInt-EraseBytes-
#94714	NEW    cov: 30 ft: 181 corp: 62/1207b lim: 683 exec/s: 0 rss: 35Mb L: 20/34 MS: 1 ChangeBinInt-
#95355	NEW    cov: 32 ft: 193 corp: 63/1229b lim: 683 exec/s: 0 rss: 35Mb L: 22/34 MS: 1 CrossOver-
#95492	NEW    cov: 32 ft: 199 corp: 64/1249b lim: 683 exec/s: 0 rss: 35Mb L: 20/34 MS: 2 CopyPart-ChangeByte-
#95548	NEW    cov: 32 ft: 201 corp: 65/1271b lim: 683 exec/s: 0 rss: 35Mb L: 22/34 MS: 1 ChangeBit-
#96229	NEW    cov: 32 ft: 202 corp: 66/1293b lim: 683 exec/s: 0 rss: 35Mb L: 22/34 MS: 1 CrossOver-
#96471	NEW    cov: 32 ft: 203 corp: 67/1315b lim: 683 exec/s: 0 rss: 35Mb L: 22/34 MS: 2 ShuffleBytes-ChangeByte-
#96999	REDUCE cov: 32 ft: 203 corp: 67/1313b lim: 683 exec/s: 0 rss: 35Mb L: 18/34 MS: 3 ShuffleBytes-CopyPart-EraseBytes-
#97440	NEW    cov: 32 ft: 205 corp: 68/1335b lim: 683 exec/s: 0 rss: 35Mb L: 22/34 MS: 1 ChangeBit-
#98306	NEW    cov: 33 ft: 210 corp: 69/1357b lim: 683 exec/s: 0 rss: 35Mb L: 22/34 MS: 1 CopyPart-
#98743	NEW    cov: 33 ft: 211 corp: 70/1379b lim: 683 exec/s: 0 rss: 35Mb L: 22/34 MS: 2 ChangeBit-ShuffleBytes-
#99079	NEW    cov: 33 ft: 212 corp: 71/1401b lim: 683 exec/s: 0 rss: 35Mb L: 22/34 MS: 1 CopyPart-
#99105	NEW    cov: 33 ft: 213 corp: 72/1423b lim: 683 exec/s: 0 rss: 35Mb L: 22/34 MS: 1 ChangeBinInt-
#101321	NEW    cov: 33 ft: 214 corp: 73/1445b lim: 701 exec/s: 0 rss: 35Mb L: 22/34 MS: 1 ShuffleBytes-
#101678	REDUCE cov: 33 ft: 214 corp: 73/1443b lim: 701 exec/s: 0 rss: 35Mb L: 18/34 MS: 2 EraseBytes-ChangeByte-
#102029	NEW    cov: 33 ft: 215 corp: 74/1465b lim: 701 exec/s: 0 rss: 35Mb L: 22/34 MS: 1 ChangeBit-
#102265	NEW    cov: 33 ft: 217 corp: 75/1487b lim: 701 exec/s: 0 rss: 35Mb L: 22/34 MS: 1 ShuffleBytes-
#102381	NEW    cov: 33 ft: 219 corp: 76/1509b lim: 701 exec/s: 0 rss: 35Mb L: 22/34 MS: 1 ChangeBit-
#103357	NEW    cov: 46 ft: 267 corp: 77/1531b lim: 710 exec/s: 0 rss: 35Mb L: 22/34 MS: 1 CopyPart-
#103468	NEW    cov: 46 ft: 268 corp: 78/1553b lim: 710 exec/s: 0 rss: 35Mb L: 22/34 MS: 1 ChangeBit-
#104449	NEW    cov: 46 ft: 272 corp: 79/1575b lim: 719 exec/s: 0 rss: 35Mb L: 22/34 MS: 1 CrossOver-
#118891	REDUCE cov: 46 ft: 272 corp: 79/1573b lim: 854 exec/s: 0 rss: 35Mb L: 24/34 MS: 2 EraseBytes-ChangeBinInt-
#119007	NEW    cov: 46 ft: 273 corp: 80/1595b lim: 854 exec/s: 0 rss: 35Mb L: 22/34 MS: 1 ChangeByte-
#119154	REDUCE cov: 46 ft: 273 corp: 80/1593b lim: 854 exec/s: 0 rss: 35Mb L: 20/34 MS: 2 InsertByte-EraseBytes-
#121015	NEW    cov: 46 ft: 275 corp: 81/1615b lim: 872 exec/s: 0 rss: 35Mb L: 22/34 MS: 1 ChangeBit-
#127451	NEW    cov: 46 ft: 276 corp: 82/1637b lim: 935 exec/s: 0 rss: 35Mb L: 22/34 MS: 1 ChangeBit-
#128787	NEW    cov: 46 ft: 277 corp: 83/1659b lim: 944 exec/s: 0 rss: 35Mb L: 22/34 MS: 1 ChangeByte-
#129193	NEW    cov: 46 ft: 278 corp: 84/1681b lim: 944 exec/s: 0 rss: 35Mb L: 22/34 MS: 1 ChangeBit-
#131999	NEW    cov: 46 ft: 279 corp: 85/1703b lim: 971 exec/s: 0 rss: 35Mb L: 22/34 MS: 1 ChangeBit-
#133673	REDUCE cov: 46 ft: 279 corp: 85/1701b lim: 980 exec/s: 0 rss: 35Mb L: 16/34 MS: 4 ChangeBit-ChangeByte-ShuffleBytes-EraseBytes-
#135978	REDUCE cov: 46 ft: 279 corp: 85/1695b lim: 998 exec/s: 0 rss: 35Mb L: 17/34 MS: 5 CrossOver-CMP-EraseBytes-InsertByte-EraseBytes- DE: "\377\377\377\377"-
#136544	NEW    cov: 46 ft: 281 corp: 86/1717b lim: 998 exec/s: 0 rss: 35Mb L: 22/34 MS: 1 ChangeBinInt-
#140686	NEW    cov: 46 ft: 282 corp: 87/1739b lim: 1035 exec/s: 0 rss: 35Mb L: 22/34 MS: 2 ChangeByte-ChangeBinInt-
#145032	REDUCE cov: 46 ft: 282 corp: 87/1738b lim: 1075 exec/s: 0 rss: 35Mb L: 15/34 MS: 1 EraseBytes-
#146253	NEW    cov: 47 ft: 287 corp: 88/1760b lim: 1085 exec/s: 0 rss: 35Mb L: 22/34 MS: 1 ChangeByte-
#148958	REDUCE cov: 47 ft: 287 corp: 88/1759b lim: 1105 exec/s: 0 rss: 35Mb L: 21/34 MS: 5 ShuffleBytes-CrossOver-EraseBytes-CopyPart-InsertByte-
#151737	NEW    cov: 47 ft: 288 corp: 89/1781b lim: 1125 exec/s: 0 rss: 35Mb L: 22/34 MS: 4 ChangeByte-CrossOver-CrossOver-CopyPart-
#151826	NEW    cov: 47 ft: 289 corp: 90/1803b lim: 1125 exec/s: 0 rss: 35Mb L: 22/34 MS: 4 ChangeByte-ShuffleBytes-ChangeBit-ChangeByte-
#155082	NEW    cov: 47 ft: 290 corp: 91/1825b lim: 1155 exec/s: 0 rss: 35Mb L: 22/34 MS: 1 ChangeBit-
#156069	NEW    cov: 48 ft: 293 corp: 92/1847b lim: 1155 exec/s: 0 rss: 35Mb L: 22/34 MS: 2 EraseBytes-CopyPart-
#156981	NEW    cov: 48 ft: 295 corp: 93/1869b lim: 1155 exec/s: 0 rss: 35Mb L: 22/34 MS: 2 ChangeBit-ChangeBit-
#158277	NEW    cov: 48 ft: 296 corp: 94/1891b lim: 1165 exec/s: 0 rss: 35Mb L: 22/34 MS: 1 ChangeBit-
#158878	NEW    cov: 48 ft: 297 corp: 95/1913b lim: 1165 exec/s: 0 rss: 35Mb L: 22/34 MS: 1 ShuffleBytes-
#160021	NEW    cov: 48 ft: 298 corp: 96/1935b lim: 1175 exec/s: 0 rss: 35Mb L: 22/34 MS: 3 ChangeByte-ShuffleBytes-CopyPart-
#160648	NEW    cov: 50 ft: 306 corp: 97/1957b lim: 1175 exec/s: 0 rss: 35Mb L: 22/34 MS: 2 CopyPart-ChangeBit-
#165975	NEW    cov: 50 ft: 307 corp: 98/1979b lim: 1225 exec/s: 0 rss: 35Mb L: 22/34 MS: 2 CrossOver-PersAutoDict- DE: "\034\000\000\000\000\000\000\000"-
#166052	REDUCE cov: 50 ft: 307 corp: 98/1977b lim: 1225 exec/s: 0 rss: 35Mb L: 20/34 MS: 2 EraseBytes-ChangeByte-
#167616	REDUCE cov: 50 ft: 307 corp: 98/1973b lim: 1235 exec/s: 0 rss: 35Mb L: 15/34 MS: 4 CrossOver-ShuffleBytes-PersAutoDict-EraseBytes- DE: "\377\377\377\377"-
#173847	REDUCE cov: 50 ft: 308 corp: 99/1993b lim: 1295 exec/s: 0 rss: 35Mb L: 20/34 MS: 1 ChangeBinInt-
#174693	NEW    cov: 50 ft: 309 corp: 100/2015b lim: 1295 exec/s: 0 rss: 35Mb L: 22/34 MS: 1 CrossOver-
#178307	REDUCE cov: 50 ft: 309 corp: 100/2013b lim: 1325 exec/s: 0 rss: 35Mb L: 20/34 MS: 4 InsertByte-ChangeBit-InsertByte-EraseBytes-
#189184	NEW    cov: 50 ft: 310 corp: 101/2035b lim: 1425 exec/s: 0 rss: 35Mb L: 22/34 MS: 2 ChangeBinInt-ChangeBinInt-
#193157	REDUCE cov: 50 ft: 310 corp: 101/2033b lim: 1455 exec/s: 0 rss: 35Mb L: 18/34 MS: 3 ChangeBinInt-ChangeBit-EraseBytes-
#193823	NEW    cov: 50 ft: 311 corp: 102/2055b lim: 1455 exec/s: 0 rss: 35Mb L: 22/34 MS: 1 ChangeBit-
#195718	REDUCE cov: 50 ft: 311 corp: 102/2053b lim: 1465 exec/s: 0 rss: 35Mb L: 20/34 MS: 5 CopyPart-ChangeBinInt-CopyPart-CrossOver-EraseBytes-
#208020	REDUCE cov: 50 ft: 311 corp: 102/2052b lim: 1585 exec/s: 0 rss: 35Mb L: 29/34 MS: 2 ChangeBinInt-EraseBytes-
#208646	NEW    cov: 50 ft: 312 corp: 103/2074b lim: 1585 exec/s: 0 rss: 35Mb L: 22/34 MS: 1 ChangeBit-
#215715	REDUCE cov: 50 ft: 312 corp: 103/2072b lim: 1655 exec/s: 0 rss: 35Mb L: 20/34 MS: 4 ChangeBit-EraseBytes-CopyPart-ChangeBinInt-
#216762	REDUCE cov: 50 ft: 312 corp: 103/2068b lim: 1665 exec/s: 0 rss: 35Mb L: 16/34 MS: 2 ChangeBinInt-EraseBytes-
#225283	NEW    cov: 50 ft: 317 corp: 104/2090b lim: 1745 exec/s: 0 rss: 35Mb L: 22/34 MS: 1 ChangeByte-
#231020	NEW    cov: 50 ft: 318 corp: 105/2112b lim: 1795 exec/s: 0 rss: 35Mb L: 22/34 MS: 2 ChangeByte-ChangeBinInt-
#232652	REDUCE cov: 50 ft: 319 corp: 106/2132b lim: 1805 exec/s: 0 rss: 35Mb L: 20/34 MS: 2 ChangeBit-ChangeBit-
#232684	NEW    cov: 50 ft: 320 corp: 107/2154b lim: 1805 exec/s: 0 rss: 35Mb L: 22/34 MS: 2 ShuffleBytes-ChangeByte-
#233266	NEW    cov: 50 ft: 321 corp: 108/2176b lim: 1805 exec/s: 0 rss: 35Mb L: 22/34 MS: 2 ChangeBit-ChangeByte-
#237078	REDUCE cov: 50 ft: 321 corp: 108/2174b lim: 1835 exec/s: 0 rss: 35Mb L: 27/34 MS: 2 EraseBytes-ChangeByte-
#237492	REDUCE cov: 50 ft: 321 corp: 108/2172b lim: 1835 exec/s: 0 rss: 35Mb L: 23/34 MS: 4 ShuffleBytes-CopyPart-EraseBytes-ChangeByte-
#238380	REDUCE cov: 50 ft: 321 corp: 108/2168b lim: 1835 exec/s: 0 rss: 35Mb L: 16/34 MS: 3 PersAutoDict-EraseBytes-CMP- DE: "\377\377\377\377"-"\000Z"-
#239520	REDUCE cov: 50 ft: 321 corp: 108/2166b lim: 1845 exec/s: 0 rss: 35Mb L: 20/34 MS: 5 CMP-ChangeBinInt-CopyPart-InsertByte-EraseBytes- DE: "\377\377\377b"-
#243311	NEW    cov: 50 ft: 322 corp: 109/2199b lim: 1875 exec/s: 0 rss: 35Mb L: 33/34 MS: 1 InsertRepeatedBytes-
#244447	REDUCE cov: 50 ft: 322 corp: 109/2198b lim: 1885 exec/s: 0 rss: 35Mb L: 32/34 MS: 1 EraseBytes-
#246873	NEW    cov: 50 ft: 323 corp: 110/2220b lim: 1905 exec/s: 0 rss: 35Mb L: 22/34 MS: 1 ChangeByte-
#250593	NEW    cov: 50 ft: 324 corp: 111/2238b lim: 1935 exec/s: 0 rss: 35Mb L: 18/34 MS: 5 EraseBytes-CopyPart-ChangeASCIIInt-ChangeBinInt-ChangeBinInt-
#254065	REDUCE cov: 50 ft: 324 corp: 111/2237b lim: 1965 exec/s: 0 rss: 35Mb L: 25/34 MS: 2 ChangeByte-EraseBytes-
#257923	REDUCE cov: 50 ft: 324 corp: 111/2235b lim: 1995 exec/s: 0 rss: 35Mb L: 20/34 MS: 3 ChangeBit-CrossOver-EraseBytes-
#270068	REDUCE cov: 50 ft: 324 corp: 111/2234b lim: 2110 exec/s: 0 rss: 35Mb L: 15/34 MS: 5 ChangeBit-ChangeBinInt-ChangeBit-CopyPart-EraseBytes-
#273274	NEW    cov: 50 ft: 325 corp: 112/2252b lim: 2132 exec/s: 0 rss: 35Mb L: 18/34 MS: 1 CrossOver-
#278269	REDUCE cov: 50 ft: 325 corp: 112/2251b lim: 2176 exec/s: 0 rss: 35Mb L: 24/34 MS: 5 ChangeBit-CrossOver-EraseBytes-ChangeBinInt-InsertByte-
#282375	NEW    cov: 50 ft: 326 corp: 113/2269b lim: 2209 exec/s: 0 rss: 35Mb L: 18/34 MS: 1 ChangeByte-
#284247	REDUCE cov: 50 ft: 326 corp: 113/2267b lim: 2220 exec/s: 0 rss: 35Mb L: 20/34 MS: 2 EraseBytes-CopyPart-
#284463	NEW    cov: 50 ft: 327 corp: 114/2285b lim: 2220 exec/s: 0 rss: 35Mb L: 18/34 MS: 1 ChangeBinInt-
#286565	NEW    cov: 50 ft: 328 corp: 115/2307b lim: 2231 exec/s: 0 rss: 35Mb L: 22/34 MS: 2 ChangeByte-ChangeBit-
#290293	REDUCE cov: 50 ft: 328 corp: 115/2305b lim: 2264 exec/s: 0 rss: 35Mb L: 19/34 MS: 3 EraseBytes-ChangeBinInt-ChangeByte-
#291764	NEW    cov: 50 ft: 329 corp: 116/2323b lim: 2275 exec/s: 0 rss: 35Mb L: 18/34 MS: 1 ChangeBit-
#292633	REDUCE cov: 50 ft: 329 corp: 116/2321b lim: 2275 exec/s: 0 rss: 35Mb L: 20/34 MS: 4 ShuffleBytes-ChangeByte-InsertByte-EraseBytes-
#294747	REDUCE cov: 50 ft: 329 corp: 116/2319b lim: 2286 exec/s: 0 rss: 35Mb L: 18/34 MS: 4 CopyPart-EraseBytes-ShuffleBytes-ChangeByte-
#300993	NEW    cov: 50 ft: 330 corp: 117/2337b lim: 2341 exec/s: 0 rss: 35Mb L: 18/34 MS: 1 ChangeBit-
#303084	NEW    cov: 50 ft: 331 corp: 118/2355b lim: 2352 exec/s: 0 rss: 35Mb L: 18/34 MS: 1 ChangeBit-
#303847	REDUCE cov: 50 ft: 331 corp: 118/2353b lim: 2352 exec/s: 0 rss: 35Mb L: 18/34 MS: 3 ChangeBinInt-ChangeBit-EraseBytes-
#306399	REDUCE cov: 50 ft: 331 corp: 118/2351b lim: 2374 exec/s: 0 rss: 35Mb L: 20/34 MS: 2 CrossOver-EraseBytes-
#323852	REDUCE cov: 50 ft: 331 corp: 118/2349b lim: 2539 exec/s: 0 rss: 35Mb L: 16/34 MS: 3 ChangeBit-ChangeByte-EraseBytes-
#328087	REDUCE cov: 50 ft: 331 corp: 118/2348b lim: 2572 exec/s: 0 rss: 35Mb L: 17/34 MS: 5 CopyPart-CMP-ChangeBinInt-EraseBytes-ChangeBinInt- DE: "\377\377\377u"-
#355374	NEW    cov: 50 ft: 333 corp: 119/2370b lim: 2836 exec/s: 0 rss: 35Mb L: 22/34 MS: 2 ShuffleBytes-ChangeASCIIInt-
#357736	REDUCE cov: 50 ft: 333 corp: 119/2368b lim: 2858 exec/s: 0 rss: 35Mb L: 18/34 MS: 2 EraseBytes-ChangeByte-
#374099	REDUCE cov: 50 ft: 333 corp: 119/2366b lim: 3012 exec/s: 0 rss: 35Mb L: 18/34 MS: 3 ChangeBit-ChangeBit-EraseBytes-
#379474	NEW    cov: 50 ft: 334 corp: 120/2386b lim: 3056 exec/s: 0 rss: 35Mb L: 20/34 MS: 5 EraseBytes-CopyPart-ChangeByte-EraseBytes-ChangeByte-
#407313	NEW    cov: 50 ft: 335 corp: 121/2404b lim: 3331 exec/s: 407313 rss: 35Mb L: 18/34 MS: 2 ShuffleBytes-ChangeByte-
#430848	REDUCE cov: 50 ft: 335 corp: 121/2402b lim: 3562 exec/s: 430848 rss: 35Mb L: 21/34 MS: 5 ChangeBinInt-ChangeByte-ChangeByte-ChangeBit-EraseBytes-
#432203	REDUCE cov: 50 ft: 336 corp: 122/2425b lim: 3573 exec/s: 432203 rss: 35Mb L: 23/34 MS: 5 ChangeBit-CMP-EraseBytes-InsertRepeatedBytes-CopyPart- DE: "\377\377\377`"-
#432464	REDUCE cov: 50 ft: 336 corp: 122/2423b lim: 3573 exec/s: 432464 rss: 35Mb L: 21/34 MS: 1 EraseBytes-
#432674	REDUCE cov: 50 ft: 336 corp: 122/2421b lim: 3573 exec/s: 432674 rss: 35Mb L: 19/34 MS: 5 ChangeBinInt-ChangeBit-CopyPart-ChangeBit-EraseBytes-
#432777	REDUCE cov: 50 ft: 336 corp: 122/2419b lim: 3573 exec/s: 432777 rss: 35Mb L: 20/34 MS: 3 ChangeByte-EraseBytes-InsertByte-
#434897	REDUCE cov: 50 ft: 336 corp: 122/2416b lim: 3584 exec/s: 434897 rss: 35Mb L: 16/34 MS: 5 EraseBytes-EraseBytes-PersAutoDict-CrossOver-EraseBytes- DE: "\001\000"-
#436414	REDUCE cov: 50 ft: 336 corp: 122/2415b lim: 3595 exec/s: 436414 rss: 35Mb L: 15/34 MS: 2 InsertByte-EraseBytes-
#438589	REDUCE cov: 50 ft: 336 corp: 122/2414b lim: 3606 exec/s: 438589 rss: 35Mb L: 18/34 MS: 5 ChangeBit-ChangeBinInt-InsertByte-ChangeASCIIInt-EraseBytes-
#440241	NEW    cov: 50 ft: 337 corp: 123/2441b lim: 3617 exec/s: 440241 rss: 35Mb L: 27/34 MS: 2 CrossOver-CrossOver-
#443423	REDUCE cov: 50 ft: 337 corp: 123/2439b lim: 3639 exec/s: 443423 rss: 35Mb L: 18/34 MS: 2 EraseBytes-ChangeByte-
#443812	REDUCE cov: 50 ft: 337 corp: 123/2437b lim: 3639 exec/s: 443812 rss: 35Mb L: 25/34 MS: 4 ShuffleBytes-InsertByte-EraseBytes-CopyPart-
#446498	NEW    cov: 50 ft: 338 corp: 124/2459b lim: 3661 exec/s: 446498 rss: 35Mb L: 22/34 MS: 1 ChangeByte-
#450774	NEW    cov: 50 ft: 339 corp: 125/2481b lim: 3694 exec/s: 450774 rss: 35Mb L: 22/34 MS: 1 ChangeBit-
#457060	NEW    cov: 50 ft: 340 corp: 126/2499b lim: 3749 exec/s: 457060 rss: 35Mb L: 18/34 MS: 1 ChangeBinInt-
#477241	NEW    cov: 50 ft: 342 corp: 127/2521b lim: 3947 exec/s: 477241 rss: 35Mb L: 22/34 MS: 1 CrossOver-
#493952	NEW    cov: 50 ft: 343 corp: 128/2539b lim: 4096 exec/s: 493952 rss: 35Mb L: 18/34 MS: 1 ChangeByte-
#541337	REDUCE cov: 50 ft: 343 corp: 128/2536b lim: 4096 exec/s: 541337 rss: 35Mb L: 21/34 MS: 5 CMP-PersAutoDict-ChangeBit-InsertByte-EraseBytes- DE: "\377\377\377Y"-"\000Z"-
#555530	NEW    cov: 50 ft: 344 corp: 129/2551b lim: 4096 exec/s: 555530 rss: 35Mb L: 15/34 MS: 3 EraseBytes-EraseBytes-CopyPart-
#570604	REDUCE cov: 50 ft: 344 corp: 129/2550b lim: 4096 exec/s: 570604 rss: 35Mb L: 15/34 MS: 4 CMP-ChangeBinInt-InsertByte-EraseBytes- DE: "\014\000\000\000\000\000\000\000"-
#587377	REDUCE cov: 50 ft: 344 corp: 129/2548b lim: 4096 exec/s: 587377 rss: 35Mb L: 16/34 MS: 3 ShuffleBytes-EraseBytes-CrossOver-
#608863	REDUCE cov: 50 ft: 345 corp: 130/2564b lim: 4096 exec/s: 608863 rss: 35Mb L: 16/34 MS: 1 ChangeBit-
#610510	NEW    cov: 50 ft: 346 corp: 131/2580b lim: 4096 exec/s: 610510 rss: 35Mb L: 16/34 MS: 2 ChangeByte-ChangeBit-
#616822	REDUCE cov: 50 ft: 346 corp: 131/2578b lim: 4096 exec/s: 616822 rss: 35Mb L: 20/34 MS: 2 EraseBytes-InsertByte-
#643209	REDUCE cov: 50 ft: 346 corp: 131/2574b lim: 4096 exec/s: 643209 rss: 35Mb L: 15/34 MS: 2 EraseBytes-CopyPart-
#650932	NEW    cov: 50 ft: 347 corp: 132/2596b lim: 4096 exec/s: 650932 rss: 35Mb L: 22/34 MS: 3 ChangeBit-CopyPart-ChangeBinInt-
#655129	NEW    cov: 50 ft: 348 corp: 133/2614b lim: 4096 exec/s: 655129 rss: 35Mb L: 18/34 MS: 2 ChangeASCIIInt-ChangeByte-
#689543	REDUCE cov: 50 ft: 348 corp: 133/2610b lim: 4096 exec/s: 689543 rss: 36Mb L: 16/34 MS: 4 ChangeBinInt-ChangeBit-CopyPart-EraseBytes-
#703389	NEW    cov: 50 ft: 349 corp: 134/2628b lim: 4096 exec/s: 703389 rss: 36Mb L: 18/34 MS: 1 CopyPart-
#703905	NEW    cov: 50 ft: 350 corp: 135/2646b lim: 4096 exec/s: 703905 rss: 36Mb L: 18/34 MS: 1 ChangeByte-
#708933	REDUCE cov: 50 ft: 350 corp: 135/2644b lim: 4096 exec/s: 708933 rss: 36Mb L: 19/34 MS: 3 ChangeBit-EraseBytes-InsertByte-
#711484	NEW    cov: 50 ft: 351 corp: 136/2662b lim: 4096 exec/s: 711484 rss: 36Mb L: 18/34 MS: 1 ChangeBinInt-
#718010	REDUCE cov: 50 ft: 351 corp: 136/2661b lim: 4096 exec/s: 718010 rss: 36Mb L: 16/34 MS: 1 EraseBytes-
#729672	REDUCE cov: 50 ft: 351 corp: 136/2659b lim: 4096 exec/s: 729672 rss: 36Mb L: 16/34 MS: 2 EraseBytes-ChangeByte-
#731495	REDUCE cov: 50 ft: 351 corp: 136/2657b lim: 4096 exec/s: 731495 rss: 36Mb L: 16/34 MS: 3 ShuffleBytes-ChangeBinInt-EraseBytes-
#749229	REDUCE cov: 50 ft: 351 corp: 136/2655b lim: 4096 exec/s: 749229 rss: 36Mb L: 19/34 MS: 4 EraseBytes-ChangeByte-ChangeBinInt-ChangeBinInt-
#752417	REDUCE cov: 50 ft: 351 corp: 136/2651b lim: 4096 exec/s: 752417 rss: 36Mb L: 21/34 MS: 3 ChangeBit-EraseBytes-ChangeBinInt-
#754908	NEW    cov: 50 ft: 352 corp: 137/2669b lim: 4096 exec/s: 754908 rss: 36Mb L: 18/34 MS: 1 CopyPart-
#756628	REDUCE cov: 50 ft: 352 corp: 137/2666b lim: 4096 exec/s: 756628 rss: 36Mb L: 16/34 MS: 5 ChangeASCIIInt-ChangeBit-CMP-ChangeBit-EraseBytes- DE: "\000w"-
#777626	NEW    cov: 50 ft: 354 corp: 138/2688b lim: 4096 exec/s: 777626 rss: 36Mb L: 22/34 MS: 3 ChangeByte-ChangeBit-CopyPart-
#782987	NEW    cov: 50 ft: 355 corp: 139/2706b lim: 4096 exec/s: 782987 rss: 36Mb L: 18/34 MS: 1 ChangeBit-
#789533	REDUCE cov: 50 ft: 355 corp: 139/2705b lim: 4096 exec/s: 789533 rss: 36Mb L: 21/34 MS: 1 EraseBytes-
#789846	REDUCE cov: 50 ft: 355 corp: 139/2703b lim: 4096 exec/s: 789846 rss: 36Mb L: 16/34 MS: 3 CopyPart-EraseBytes-ChangeBinInt-
#793632	NEW    cov: 50 ft: 356 corp: 140/2721b lim: 4096 exec/s: 793632 rss: 36Mb L: 18/34 MS: 1 CopyPart-
#800804	REDUCE cov: 50 ft: 356 corp: 140/2719b lim: 4096 exec/s: 800804 rss: 36Mb L: 20/34 MS: 2 ChangeByte-EraseBytes-
#803645	NEW    cov: 50 ft: 358 corp: 141/2741b lim: 4096 exec/s: 803645 rss: 36Mb L: 22/34 MS: 1 CopyPart-
#806096	NEW    cov: 50 ft: 359 corp: 142/2759b lim: 4096 exec/s: 806096 rss: 36Mb L: 18/34 MS: 1 CopyPart-
#808992	NEW    cov: 50 ft: 360 corp: 143/2781b lim: 4096 exec/s: 808992 rss: 36Mb L: 22/34 MS: 1 ChangeBit-
#810343	NEW    cov: 50 ft: 361 corp: 144/2799b lim: 4096 exec/s: 810343 rss: 36Mb L: 18/34 MS: 1 CrossOver-
#813239	NEW    cov: 50 ft: 362 corp: 145/2817b lim: 4096 exec/s: 813239 rss: 36Mb L: 18/34 MS: 1 ShuffleBytes-
#814133	NEW    cov: 50 ft: 363 corp: 146/2835b lim: 4096 exec/s: 814133 rss: 36Mb L: 18/34 MS: 4 ChangeBinInt-EraseBytes-CrossOver-EraseBytes-
#815899	NEW    cov: 50 ft: 364 corp: 147/2853b lim: 4096 exec/s: 815899 rss: 36Mb L: 18/34 MS: 1 CopyPart-
#816105	NEW    cov: 50 ft: 365 corp: 148/2871b lim: 4096 exec/s: 816105 rss: 36Mb L: 18/34 MS: 1 ShuffleBytes-
#817321	NEW    cov: 50 ft: 366 corp: 149/2889b lim: 4096 exec/s: 817321 rss: 36Mb L: 18/34 MS: 1 ChangeBinInt-
#817933	NEW    cov: 50 ft: 367 corp: 150/2907b lim: 4096 exec/s: 817933 rss: 36Mb L: 18/34 MS: 2 ChangeASCIIInt-CopyPart-
#818194	NEW    cov: 50 ft: 368 corp: 151/2925b lim: 4096 exec/s: 818194 rss: 36Mb L: 18/34 MS: 1 ShuffleBytes-
#820046	NEW    cov: 50 ft: 369 corp: 152/2943b lim: 4096 exec/s: 820046 rss: 36Mb L: 18/34 MS: 2 InsertByte-EraseBytes-
#820637	NEW    cov: 50 ft: 371 corp: 153/2961b lim: 4096 exec/s: 820637 rss: 36Mb L: 18/34 MS: 1 ShuffleBytes-
#821129	NEW    cov: 50 ft: 372 corp: 154/2979b lim: 4096 exec/s: 821129 rss: 36Mb L: 18/34 MS: 2 ShuffleBytes-ShuffleBytes-
#821585	NEW    cov: 50 ft: 373 corp: 155/2997b lim: 4096 exec/s: 821585 rss: 36Mb L: 18/34 MS: 1 ChangeASCIIInt-
#821701	NEW    cov: 50 ft: 374 corp: 156/3015b lim: 4096 exec/s: 821701 rss: 36Mb L: 18/34 MS: 1 ChangeASCIIInt-
#822132	NEW    cov: 50 ft: 375 corp: 157/3033b lim: 4096 exec/s: 822132 rss: 36Mb L: 18/34 MS: 1 ChangeBit-
#822568	NEW    cov: 50 ft: 376 corp: 158/3051b lim: 4096 exec/s: 822568 rss: 36Mb L: 18/34 MS: 1 ChangeASCIIInt-
#827340	REDUCE cov: 50 ft: 376 corp: 158/3049b lim: 4096 exec/s: 827340 rss: 36Mb L: 16/34 MS: 2 EraseBytes-ChangeByte-
#829688	REDUCE cov: 50 ft: 376 corp: 158/3047b lim: 4096 exec/s: 829688 rss: 36Mb L: 18/34 MS: 3 ShuffleBytes-EraseBytes-InsertByte-
#842208	REDUCE cov: 50 ft: 376 corp: 158/3045b lim: 4096 exec/s: 421104 rss: 36Mb L: 18/34 MS: 5 ChangeBit-ChangeBinInt-CopyPart-EraseBytes-ChangeBit-
#856202	REDUCE cov: 50 ft: 376 corp: 158/3043b lim: 4096 exec/s: 428101 rss: 36Mb L: 18/34 MS: 4 EraseBytes-ChangeBit-ChangeByte-ChangeByte-
#867027	REDUCE cov: 50 ft: 376 corp: 158/3037b lim: 4096 exec/s: 433513 rss: 36Mb L: 15/34 MS: 5 InsertByte-EraseBytes-ChangeBinInt-ShuffleBytes-CopyPart-
#894714	REDUCE cov: 50 ft: 376 corp: 158/3035b lim: 4096 exec/s: 447357 rss: 36Mb L: 16/34 MS: 2 EraseBytes-ChangeByte-
#899216	NEW    cov: 50 ft: 378 corp: 159/3057b lim: 4096 exec/s: 449608 rss: 36Mb L: 22/34 MS: 2 ChangeByte-CrossOver-
#945698	NEW    cov: 50 ft: 380 corp: 160/3079b lim: 4096 exec/s: 472849 rss: 36Mb L: 22/34 MS: 2 ChangeASCIIInt-ChangeByte-
#950874	NEW    cov: 50 ft: 381 corp: 161/3101b lim: 4096 exec/s: 475437 rss: 36Mb L: 22/34 MS: 1 ChangeBit-
#998352	REDUCE cov: 50 ft: 381 corp: 161/3099b lim: 4096 exec/s: 499176 rss: 36Mb L: 16/34 MS: 3 ChangeByte-CopyPart-EraseBytes-
#1001914	REDUCE cov: 50 ft: 382 corp: 162/3116b lim: 4096 exec/s: 500957 rss: 36Mb L: 17/34 MS: 2 InsertByte-ChangeBit-
#1005040	NEW    cov: 50 ft: 384 corp: 163/3138b lim: 4096 exec/s: 502520 rss: 36Mb L: 22/34 MS: 1 ChangeBit-
#1039587	REDUCE cov: 50 ft: 384 corp: 163/3136b lim: 4096 exec/s: 519793 rss: 36Mb L: 16/34 MS: 2 EraseBytes-ChangeByte-
#1102199	REDUCE cov: 50 ft: 384 corp: 163/3134b lim: 4096 exec/s: 551099 rss: 36Mb L: 20/34 MS: 2 EraseBytes-ChangeByte-
#1155292	REDUCE cov: 50 ft: 384 corp: 163/3130b lim: 4096 exec/s: 577646 rss: 36Mb L: 16/34 MS: 3 ChangeByte-EraseBytes-PersAutoDict- DE: "\000Z"-
#1192685	REDUCE cov: 50 ft: 384 corp: 163/3128b lim: 4096 exec/s: 596342 rss: 36Mb L: 18/34 MS: 3 EraseBytes-ChangeBit-InsertByte-
#1210024	REDUCE cov: 50 ft: 384 corp: 163/3120b lim: 4096 exec/s: 605012 rss: 36Mb L: 17/34 MS: 4 EraseBytes-ChangeBit-ShuffleBytes-ChangeBinInt-
#1220238	REDUCE cov: 50 ft: 384 corp: 163/3118b lim: 4096 exec/s: 610119 rss: 36Mb L: 16/34 MS: 4 EraseBytes-InsertRepeatedBytes-PersAutoDict-ChangeByte- DE: "\377\377\377b"-
#1238342	REDUCE cov: 50 ft: 384 corp: 163/3116b lim: 4096 exec/s: 619171 rss: 36Mb L: 16/34 MS: 4 CrossOver-CrossOver-PersAutoDict-EraseBytes- DE: "\377\377\377`"-
#1252049	REDUCE cov: 50 ft: 384 corp: 163/3114b lim: 4096 exec/s: 626024 rss: 36Mb L: 15/34 MS: 2 EraseBytes-InsertByte-
#1261343	REDUCE cov: 50 ft: 384 corp: 163/3112b lim: 4096 exec/s: 630671 rss: 36Mb L: 16/34 MS: 4 InsertByte-ChangeBit-CrossOver-EraseBytes-
#1312525	NEW    cov: 50 ft: 385 corp: 164/3134b lim: 4096 exec/s: 437508 rss: 36Mb L: 22/34 MS: 2 ChangeASCIIInt-CrossOver-
#1336817	REDUCE cov: 50 ft: 385 corp: 164/3132b lim: 4096 exec/s: 445605 rss: 36Mb L: 16/34 MS: 2 ChangeByte-EraseBytes-
#1338413	REDUCE cov: 50 ft: 385 corp: 164/3131b lim: 4096 exec/s: 446137 rss: 36Mb L: 29/34 MS: 1 EraseBytes-
#1352602	REDUCE cov: 50 ft: 385 corp: 164/3129b lim: 4096 exec/s: 450867 rss: 36Mb L: 18/34 MS: 4 InsertByte-EraseBytes-CopyPart-InsertByte-
#1420949	REDUCE cov: 50 ft: 385 corp: 164/3127b lim: 4096 exec/s: 473649 rss: 36Mb L: 16/34 MS: 2 InsertByte-EraseBytes-
#1470823	REDUCE cov: 50 ft: 385 corp: 164/3125b lim: 4096 exec/s: 490274 rss: 36Mb L: 17/34 MS: 4 CopyPart-EraseBytes-EraseBytes-InsertRepeatedBytes-
#1471126	REDUCE cov: 50 ft: 385 corp: 164/3121b lim: 4096 exec/s: 490375 rss: 36Mb L: 15/34 MS: 3 EraseBytes-ChangeBit-PersAutoDict- DE: "\377\377\377`"-
#1492741	REDUCE cov: 50 ft: 385 corp: 164/3120b lim: 4096 exec/s: 497580 rss: 36Mb L: 16/34 MS: 5 ChangeBinInt-ChangeByte-InsertByte-EraseBytes-InsertByte-
#1531521	REDUCE cov: 50 ft: 385 corp: 164/3118b lim: 4096 exec/s: 510507 rss: 36Mb L: 19/34 MS: 5 ShuffleBytes-EraseBytes-ChangeBinInt-ChangeASCIIInt-InsertByte-
#1551958	REDUCE cov: 50 ft: 385 corp: 164/3116b lim: 4096 exec/s: 517319 rss: 36Mb L: 15/34 MS: 2 EraseBytes-CopyPart-
#1575237	REDUCE cov: 50 ft: 385 corp: 164/3114b lim: 4096 exec/s: 525079 rss: 36Mb L: 18/34 MS: 4 InsertByte-ShuffleBytes-ChangeByte-EraseBytes-
#1594240	REDUCE cov: 50 ft: 385 corp: 164/3113b lim: 4096 exec/s: 531413 rss: 36Mb L: 15/34 MS: 3 CopyPart-EraseBytes-CopyPart-
#1675487	REDUCE cov: 50 ft: 385 corp: 164/3111b lim: 4096 exec/s: 558495 rss: 36Mb L: 19/34 MS: 2 EraseBytes-PersAutoDict- DE: "\377\377\377b"-
#1787376	REDUCE cov: 50 ft: 385 corp: 164/3109b lim: 4096 exec/s: 446844 rss: 36Mb L: 16/34 MS: 4 InsertByte-PersAutoDict-EraseBytes-EraseBytes- DE: "\377\377\377u"-
#1817409	REDUCE cov: 50 ft: 385 corp: 164/3107b lim: 4096 exec/s: 454352 rss: 36Mb L: 16/34 MS: 3 ChangeBit-PersAutoDict-EraseBytes- DE: "\377\377\377u"-
#1839928	REDUCE cov: 50 ft: 385 corp: 164/3106b lim: 4096 exec/s: 459982 rss: 36Mb L: 15/34 MS: 4 ShuffleBytes-InsertRepeatedBytes-EraseBytes-PersAutoDict- DE: "\377\377\377Y"-
#1854170	REDUCE cov: 50 ft: 385 corp: 164/3104b lim: 4096 exec/s: 463542 rss: 36Mb L: 16/34 MS: 2 InsertByte-EraseBytes-
#1871544	REDUCE cov: 50 ft: 385 corp: 164/3102b lim: 4096 exec/s: 467886 rss: 36Mb L: 16/34 MS: 4 PersAutoDict-ShuffleBytes-ChangeBinInt-EraseBytes- DE: "\377\377\377`"-
#1882261	REDUCE cov: 50 ft: 385 corp: 164/3100b lim: 4096 exec/s: 470565 rss: 36Mb L: 18/34 MS: 2 ChangeByte-EraseBytes-
#1888703	NEW    cov: 50 ft: 390 corp: 165/3127b lim: 4096 exec/s: 472175 rss: 36Mb L: 27/34 MS: 2 ChangeBit-ShuffleBytes-
#2066709	REDUCE cov: 50 ft: 390 corp: 165/3126b lim: 4096 exec/s: 516677 rss: 36Mb L: 23/34 MS: 1 EraseBytes-
#2089740	NEW    cov: 50 ft: 392 corp: 166/3153b lim: 4096 exec/s: 522435 rss: 36Mb L: 27/34 MS: 1 CrossOver-
#2120228	REDUCE cov: 50 ft: 392 corp: 166/3151b lim: 4096 exec/s: 530057 rss: 36Mb L: 20/34 MS: 3 ChangeBinInt-ChangeBit-EraseBytes-
#2210675	REDUCE cov: 50 ft: 392 corp: 166/3149b lim: 4096 exec/s: 442135 rss: 36Mb L: 16/34 MS: 2 InsertByte-EraseBytes-
#2263332	REDUCE cov: 50 ft: 392 corp: 166/3147b lim: 4096 exec/s: 452666 rss: 36Mb L: 16/34 MS: 2 InsertByte-EraseBytes-
#2415096	REDUCE cov: 50 ft: 392 corp: 166/3145b lim: 4096 exec/s: 483019 rss: 36Mb L: 15/34 MS: 4 ChangeBit-InsertByte-ChangeBit-EraseBytes-
#2434442	NEW    cov: 50 ft: 394 corp: 167/3167b lim: 4096 exec/s: 486888 rss: 36Mb L: 22/34 MS: 1 ChangeBit-
#2736424	REDUCE cov: 50 ft: 394 corp: 167/3165b lim: 4096 exec/s: 456070 rss: 36Mb L: 16/34 MS: 2 PersAutoDict-EraseBytes- DE: "\377\377\377`"-
#2746202	REDUCE cov: 50 ft: 394 corp: 167/3163b lim: 4096 exec/s: 457700 rss: 36Mb L: 16/34 MS: 3 CrossOver-InsertByte-EraseBytes-
#2768074	REDUCE cov: 50 ft: 394 corp: 167/3161b lim: 4096 exec/s: 461345 rss: 36Mb L: 16/34 MS: 2 InsertByte-EraseBytes-
#2797043	REDUCE cov: 50 ft: 394 corp: 167/3159b lim: 4096 exec/s: 466173 rss: 36Mb L: 16/34 MS: 4 ChangeBinInt-InsertByte-EraseBytes-CrossOver-
#2869616	NEW    cov: 50 ft: 397 corp: 168/3181b lim: 4096 exec/s: 478269 rss: 36Mb L: 22/34 MS: 3 ChangeBit-ChangeASCIIInt-ChangeASCIIInt-
#2898727	NEW    cov: 50 ft: 399 corp: 169/3203b lim: 4096 exec/s: 483121 rss: 36Mb L: 22/34 MS: 1 ChangeByte-
#3053204	REDUCE cov: 50 ft: 399 corp: 169/3201b lim: 4096 exec/s: 508867 rss: 36Mb L: 16/34 MS: 2 ChangeBit-EraseBytes-
#3168191	REDUCE cov: 50 ft: 399 corp: 169/3199b lim: 4096 exec/s: 452598 rss: 36Mb L: 16/34 MS: 2 EraseBytes-ChangeBit-
#3263003	REDUCE cov: 50 ft: 399 corp: 169/3197b lim: 4096 exec/s: 466143 rss: 36Mb L: 20/34 MS: 2 PersAutoDict-EraseBytes- DE: "\377\377\377b"-
#3686193	NEW    cov: 50 ft: 401 corp: 170/3217b lim: 4096 exec/s: 460774 rss: 36Mb L: 20/34 MS: 5 ChangeBit-InsertByte-CMP-ChangeBinInt-InsertByte- DE: "/\000"-
#3688615	REDUCE cov: 50 ft: 401 corp: 170/3215b lim: 4096 exec/s: 461076 rss: 36Mb L: 18/34 MS: 2 PersAutoDict-EraseBytes- DE: "\377\377\377\377"-
#3701306	NEW    cov: 50 ft: 402 corp: 171/3237b lim: 4096 exec/s: 462663 rss: 36Mb L: 22/34 MS: 1 CrossOver-
#3786728	REDUCE cov: 50 ft: 402 corp: 171/3235b lim: 4096 exec/s: 473341 rss: 36Mb L: 16/34 MS: 2 ChangeBinInt-EraseBytes-
#3892135	REDUCE cov: 50 ft: 402 corp: 171/3233b lim: 4096 exec/s: 486516 rss: 36Mb L: 16/34 MS: 2 InsertByte-EraseBytes-
#4014013	REDUCE cov: 50 ft: 402 corp: 171/3231b lim: 4096 exec/s: 446001 rss: 36Mb L: 16/34 MS: 3 CMP-EraseBytes-ChangeByte- DE: "1\000"-
#4153896	NEW    cov: 50 ft: 403 corp: 172/3253b lim: 4096 exec/s: 461544 rss: 36Mb L: 22/34 MS: 3 ChangeByte-CopyPart-ShuffleBytes-
#4194304	pulse  cov: 50 ft: 403 corp: 172/3253b lim: 4096 exec/s: 466033 rss: 36Mb
#4332757	NEW    cov: 50 ft: 404 corp: 173/3275b lim: 4096 exec/s: 481417 rss: 36Mb L: 22/34 MS: 1 ChangeBit-
#4544944	REDUCE cov: 50 ft: 404 corp: 173/3273b lim: 4096 exec/s: 454494 rss: 36Mb L: 16/34 MS: 2 PersAutoDict-EraseBytes- DE: "\377\377\377\377"-
#4668268	REDUCE cov: 50 ft: 404 corp: 173/3271b lim: 4096 exec/s: 466826 rss: 36Mb L: 15/34 MS: 4 PersAutoDict-EraseBytes-PersAutoDict-InsertByte- DE: "\377\377\377\377"-"\000\000"-
#4849295	REDUCE cov: 50 ft: 404 corp: 173/3269b lim: 4096 exec/s: 484929 rss: 36Mb L: 20/34 MS: 2 EraseBytes-ChangeByte-
#4955828	REDUCE cov: 50 ft: 404 corp: 173/3267b lim: 4096 exec/s: 450529 rss: 36Mb L: 16/34 MS: 3 ChangeBinInt-ShuffleBytes-EraseBytes-
#5105560	NEW    cov: 50 ft: 406 corp: 174/3294b lim: 4096 exec/s: 464141 rss: 36Mb L: 27/34 MS: 2 ShuffleBytes-CopyPart-
#5213570	REDUCE cov: 50 ft: 406 corp: 174/3292b lim: 4096 exec/s: 473960 rss: 36Mb L: 16/34 MS: 5 ShuffleBytes-EraseBytes-InsertByte-ChangeBinInt-ChangeByte-
#5302802	REDUCE cov: 50 ft: 406 corp: 174/3290b lim: 4096 exec/s: 482072 rss: 36Mb L: 16/34 MS: 2 ChangeBit-EraseBytes-
#5405671	REDUCE cov: 50 ft: 407 corp: 175/3324b lim: 4096 exec/s: 450472 rss: 36Mb L: 34/34 MS: 4 InsertRepeatedBytes-ChangeBit-EraseBytes-EraseBytes-
#5731178	REDUCE cov: 50 ft: 407 corp: 175/3322b lim: 4096 exec/s: 477598 rss: 36Mb L: 16/34 MS: 2 EraseBytes-InsertByte-
#5927040	NEW    cov: 50 ft: 408 corp: 176/3344b lim: 4096 exec/s: 455926 rss: 36Mb L: 22/34 MS: 2 ChangeBinInt-ChangeBinInt-
#6136046	NEW    cov: 50 ft: 409 corp: 177/3366b lim: 4096 exec/s: 472003 rss: 36Mb L: 22/34 MS: 1 ChangeBit-
#6445947	NEW    cov: 50 ft: 410 corp: 178/3388b lim: 4096 exec/s: 460424 rss: 36Mb L: 22/34 MS: 1 CrossOver-
#7173895	REDUCE cov: 50 ft: 410 corp: 178/3386b lim: 4096 exec/s: 448368 rss: 36Mb L: 16/34 MS: 3 ChangeBinInt-ChangeASCIIInt-EraseBytes-
#7286457	REDUCE cov: 50 ft: 410 corp: 178/3379b lim: 4096 exec/s: 455403 rss: 36Mb L: 22/34 MS: 2 ChangeBit-EraseBytes-
#7382784	REDUCE cov: 50 ft: 410 corp: 178/3377b lim: 4096 exec/s: 461424 rss: 36Mb L: 16/34 MS: 2 CopyPart-EraseBytes-
#8388608	pulse  cov: 50 ft: 410 corp: 178/3377b lim: 4096 exec/s: 466033 rss: 36Mb
#8542617	REDUCE cov: 50 ft: 410 corp: 178/3375b lim: 4096 exec/s: 449611 rss: 36Mb L: 16/34 MS: 3 InsertByte-ChangeByte-EraseBytes-
#9284325	REDUCE cov: 50 ft: 410 corp: 178/3373b lim: 4096 exec/s: 464216 rss: 36Mb L: 17/34 MS: 3 CopyPart-EraseBytes-ChangeBinInt-
#9779495	REDUCE cov: 50 ft: 416 corp: 179/3404b lim: 4096 exec/s: 465690 rss: 36Mb L: 31/34 MS: 5 ChangeBinInt-CopyPart-EraseBytes-CopyPart-CrossOver-
#9833676	NEW    cov: 50 ft: 418 corp: 180/3435b lim: 4096 exec/s: 446985 rss: 36Mb L: 31/34 MS: 1 ChangeBit-
#10111368	REDUCE cov: 50 ft: 418 corp: 180/3433b lim: 4096 exec/s: 459607 rss: 36Mb L: 17/34 MS: 2 InsertByte-EraseBytes-
#10396455	REDUCE cov: 50 ft: 418 corp: 180/3431b lim: 4096 exec/s: 452019 rss: 36Mb L: 16/34 MS: 2 ChangeBinInt-EraseBytes-
#10417422	REDUCE cov: 50 ft: 418 corp: 180/3429b lim: 4096 exec/s: 452931 rss: 36Mb L: 16/34 MS: 2 CopyPart-EraseBytes-
#10506290	REDUCE cov: 50 ft: 418 corp: 180/3427b lim: 4096 exec/s: 456795 rss: 36Mb L: 16/34 MS: 3 ChangeBit-InsertByte-EraseBytes-
#10851448	REDUCE cov: 50 ft: 418 corp: 180/3425b lim: 4096 exec/s: 452143 rss: 36Mb L: 16/34 MS: 3 EraseBytes-CrossOver-ChangeASCIIInt-
#11252190	REDUCE cov: 50 ft: 418 corp: 180/3423b lim: 4096 exec/s: 450087 rss: 36Mb L: 16/34 MS: 2 EraseBytes-CMP- DE: "\377O"-
#11586188	REDUCE cov: 50 ft: 418 corp: 180/3422b lim: 4096 exec/s: 463447 rss: 36Mb L: 15/34 MS: 3 ChangeByte-ChangeByte-EraseBytes-
#11631955	NEW    cov: 50 ft: 420 corp: 181/3454b lim: 4096 exec/s: 447382 rss: 36Mb L: 32/34 MS: 2 InsertByte-ChangeBinInt-
#11632452	NEW    cov: 50 ft: 425 corp: 182/3486b lim: 4096 exec/s: 447402 rss: 36Mb L: 32/34 MS: 2 CopyPart-CopyPart-
#11844872	REDUCE cov: 50 ft: 425 corp: 182/3484b lim: 4096 exec/s: 455572 rss: 36Mb L: 16/34 MS: 5 CrossOver-CMP-ChangeByte-EraseBytes-ChangeBit- DE: "g\000"-
#12439552	REDUCE cov: 50 ft: 425 corp: 182/3482b lim: 4096 exec/s: 460724 rss: 36Mb L: 15/34 MS: 5 EraseBytes-EraseBytes-PersAutoDict-InsertByte-PersAutoDict- DE: "\377\377\377`"-"\377\377\377u"-
#13236424	REDUCE cov: 50 ft: 425 corp: 182/3480b lim: 4096 exec/s: 456428 rss: 36Mb L: 16/34 MS: 2 EraseBytes-ChangeBit-
#14450669	REDUCE cov: 50 ft: 425 corp: 182/3478b lim: 4096 exec/s: 451583 rss: 36Mb L: 16/34 MS: 5 ChangeASCIIInt-CrossOver-CMP-InsertByte-EraseBytes- DE: "\0005"-
#19987058	REDUCE cov: 50 ft: 425 corp: 182/3477b lim: 4096 exec/s: 454251 rss: 36Mb L: 17/34 MS: 4 ChangeByte-ChangeASCIIInt-ChangeBit-EraseBytes-
#21631345	NEW    cov: 50 ft: 429 corp: 183/3492b lim: 4096 exec/s: 450653 rss: 36Mb L: 15/34 MS: 2 ChangeByte-ChangeBinInt-
#21677281	NEW    cov: 50 ft: 431 corp: 184/3507b lim: 4096 exec/s: 451610 rss: 36Mb L: 15/34 MS: 1 CrossOver-
#22468299	REDUCE cov: 50 ft: 432 corp: 185/3523b lim: 4096 exec/s: 449365 rss: 36Mb L: 16/34 MS: 3 ChangeASCIIInt-ChangeBit-ChangeBit-
#22492290	NEW    cov: 50 ft: 433 corp: 186/3539b lim: 4096 exec/s: 449845 rss: 36Mb L: 16/34 MS: 1 ChangeByte-
#22497782	REDUCE cov: 50 ft: 433 corp: 186/3537b lim: 4096 exec/s: 449955 rss: 36Mb L: 18/34 MS: 2 ChangeByte-EraseBytes-
#22569203	NEW    cov: 50 ft: 434 corp: 187/3553b lim: 4096 exec/s: 451384 rss: 36Mb L: 16/34 MS: 1 ChangeBit-
#22649863	REDUCE cov: 50 ft: 434 corp: 187/3551b lim: 4096 exec/s: 452997 rss: 36Mb L: 16/34 MS: 5 InsertRepeatedBytes-EraseBytes-ChangeASCIIInt-ChangeBinInt-CrossOver-
#22692035	REDUCE cov: 50 ft: 434 corp: 187/3550b lim: 4096 exec/s: 453840 rss: 36Mb L: 15/34 MS: 2 EraseBytes-ChangeByte-
#23914710	REDUCE cov: 50 ft: 434 corp: 187/3548b lim: 4096 exec/s: 451220 rss: 36Mb L: 20/34 MS: 5 InsertByte-EraseBytes-ChangeByte-ShuffleBytes-CrossOver-
#24660023	REDUCE cov: 50 ft: 434 corp: 187/3546b lim: 4096 exec/s: 448364 rss: 36Mb L: 18/34 MS: 3 ChangeBinInt-EraseBytes-CrossOver-
#26372851	REDUCE cov: 50 ft: 434 corp: 187/3544b lim: 4096 exec/s: 446997 rss: 36Mb L: 16/34 MS: 3 ChangeByte-ShuffleBytes-EraseBytes-
#28473596	REDUCE cov: 50 ft: 434 corp: 187/3543b lim: 4096 exec/s: 451961 rss: 36Mb L: 15/34 MS: 5 ChangeByte-CopyPart-ShuffleBytes-CopyPart-EraseBytes-
#29802530	REDUCE cov: 50 ft: 434 corp: 187/3541b lim: 4096 exec/s: 451553 rss: 36Mb L: 18/34 MS: 4 PersAutoDict-EraseBytes-ChangeBit-InsertByte- DE: "\000\000"-
#30242572	REDUCE cov: 50 ft: 434 corp: 187/3539b lim: 4096 exec/s: 451381 rss: 36Mb L: 15/34 MS: 2 EraseBytes-ChangeBinInt-
#30762984	REDUCE cov: 50 ft: 434 corp: 187/3538b lim: 4096 exec/s: 452396 rss: 36Mb L: 15/34 MS: 2 EraseBytes-ChangeBinInt-
#33554432	pulse  cov: 50 ft: 434 corp: 187/3538b lim: 4096 exec/s: 447392 rss: 36Mb
#35025856	NEW    cov: 50 ft: 435 corp: 188/3559b lim: 4096 exec/s: 449049 rss: 36Mb L: 21/34 MS: 2 EraseBytes-ChangeBinInt-
#40481591	REDUCE cov: 50 ft: 435 corp: 188/3558b lim: 4096 exec/s: 449795 rss: 36Mb L: 15/34 MS: 5 CrossOver-ShuffleBytes-ChangeByte-EraseBytes-InsertByte-
#49275969	REDUCE cov: 50 ft: 435 corp: 188/3557b lim: 4096 exec/s: 447963 rss: 36Mb L: 15/34 MS: 3 CopyPart-ChangeBinInt-EraseBytes-
#57476066	REDUCE cov: 50 ft: 435 corp: 188/3556b lim: 4096 exec/s: 449031 rss: 36Mb L: 15/34 MS: 2 ChangeBinInt-EraseBytes-
#59925670	REDUCE cov: 50 ft: 435 corp: 188/3555b lim: 4096 exec/s: 447206 rss: 36Mb L: 15/34 MS: 4 ChangeASCIIInt-InsertByte-PersAutoDict-EraseBytes- DE: "\377O"-
#75684508	REDUCE cov: 50 ft: 435 corp: 188/3554b lim: 4096 exec/s: 447837 rss: 37Mb L: 15/34 MS: 3 ChangeBit-EraseBytes-ChangeBinInt-
#93200811	REDUCE cov: 50 ft: 435 corp: 188/3546b lim: 4096 exec/s: 445936 rss: 37Mb L: 15/34 MS: 3 CrossOver-EraseBytes-EraseBytes-
#95004405	REDUCE cov: 50 ft: 435 corp: 188/3545b lim: 4096 exec/s: 446030 rss: 37Mb L: 15/34 MS: 4 CrossOver-PersAutoDict-EraseBytes-ChangeBinInt- DE: "\035\000\000\000\000\000\000\000"-
#113771127	REDUCE cov: 50 ft: 435 corp: 188/3543b lim: 4096 exec/s: 446161 rss: 37Mb L: 18/34 MS: 2 InsertByte-EraseBytes-
#117133216	REDUCE cov: 50 ft: 435 corp: 188/3542b lim: 4096 exec/s: 445373 rss: 37Mb L: 21/34 MS: 4 EraseBytes-CopyPart-PersAutoDict-CopyPart- DE: "\0005"-
#118048824	REDUCE cov: 50 ft: 435 corp: 188/3540b lim: 4096 exec/s: 445467 rss: 37Mb L: 20/34 MS: 3 EraseBytes-ChangeBit-CopyPart-
#119409106	REDUCE cov: 50 ft: 435 corp: 188/3538b lim: 4096 exec/s: 445556 rss: 37Mb L: 19/34 MS: 2 EraseBytes-ChangeByte-
#119841488	REDUCE cov: 50 ft: 435 corp: 188/3536b lim: 4096 exec/s: 445507 rss: 37Mb L: 17/34 MS: 2 CopyPart-EraseBytes-
#120408090	REDUCE cov: 50 ft: 435 corp: 188/3535b lim: 4096 exec/s: 445955 rss: 37Mb L: 15/34 MS: 2 EraseBytes-ChangeBinInt-
#121018784	REDUCE cov: 50 ft: 435 corp: 188/3534b lim: 4096 exec/s: 444922 rss: 37Mb L: 28/34 MS: 4 EraseBytes-CrossOver-ChangeBit-CMP- DE: "y\000"-
#121608942	REDUCE cov: 50 ft: 435 corp: 188/3533b lim: 4096 exec/s: 445454 rss: 37Mb L: 15/34 MS: 3 ChangeBinInt-ChangeBit-EraseBytes-
#123071044	REDUCE cov: 50 ft: 435 corp: 188/3532b lim: 4096 exec/s: 445909 rss: 37Mb L: 15/34 MS: 2 ChangeByte-EraseBytes-
#129795317	REDUCE cov: 50 ft: 435 corp: 188/3529b lim: 4096 exec/s: 446032 rss: 37Mb L: 20/34 MS: 3 EraseBytes-CopyPart-ChangeByte-
#133906209	REDUCE cov: 50 ft: 435 corp: 188/3528b lim: 4096 exec/s: 444871 rss: 37Mb L: 15/34 MS: 2 ChangeBinInt-EraseBytes-
#134217728	pulse  cov: 50 ft: 435 corp: 188/3528b lim: 4096 exec/s: 445906 rss: 37Mb
#144889174	REDUCE cov: 50 ft: 435 corp: 188/3526b lim: 4096 exec/s: 444445 rss: 37Mb L: 18/34 MS: 5 EraseBytes-ChangeBit-ChangeBit-ChangeBinInt-ChangeByte-
#148406557	NEW    cov: 50 ft: 437 corp: 189/3541b lim: 4096 exec/s: 445665 rss: 37Mb L: 15/34 MS: 3 EraseBytes-CopyPart-InsertByte-
#148446493	NEW    cov: 50 ft: 438 corp: 190/3556b lim: 4096 exec/s: 444450 rss: 37Mb L: 15/34 MS: 1 ChangeBit-
#148460094	NEW    cov: 50 ft: 439 corp: 191/3571b lim: 4096 exec/s: 444491 rss: 37Mb L: 15/34 MS: 1 ChangeBit-
#149335258	NEW    cov: 50 ft: 440 corp: 192/3586b lim: 4096 exec/s: 444450 rss: 37Mb L: 15/34 MS: 4 ChangeBinInt-ChangeASCIIInt-ChangeASCIIInt-CopyPart-
#150577120	REDUCE cov: 50 ft: 440 corp: 192/3585b lim: 4096 exec/s: 445494 rss: 37Mb L: 15/34 MS: 2 EraseBytes-ChangeBinInt-
#173642624	REDUCE cov: 50 ft: 440 corp: 192/3584b lim: 4096 exec/s: 445237 rss: 37Mb L: 15/34 MS: 4 EraseBytes-ChangeByte-ChangeBinInt-ChangeBit-
#194470227	REDUCE cov: 50 ft: 440 corp: 192/3583b lim: 4096 exec/s: 445011 rss: 37Mb L: 15/34 MS: 3 ChangeBinInt-ChangeByte-EraseBytes-
#213636294	REDUCE cov: 50 ft: 440 corp: 192/3582b lim: 4096 exec/s: 444150 rss: 37Mb L: 15/34 MS: 2 EraseBytes-ChangeBinInt-
#222687094	REDUCE cov: 50 ft: 440 corp: 192/3570b lim: 4096 exec/s: 444485 rss: 37Mb L: 15/34 MS: 5 InsertByte-PersAutoDict-InsertByte-EraseBytes-CrossOver- DE: "\377\377\377u"-
#225874983	REDUCE cov: 50 ft: 440 corp: 192/3569b lim: 4096 exec/s: 444635 rss: 37Mb L: 15/34 MS: 4 ChangeBinInt-EraseBytes-ChangeBit-InsertByte-
==25363== libFuzzer: run interrupted; exiting
==25363== libFuzzer: run interrupted; exiting
