INFO: Running with entropic power schedule (0xFF, 100).
INFO: Seed: 1421941971
INFO: Loaded 1 modules   (70 inline 8-bit counters): 70 [0x5567bf727030, 0x5567bf727076), 
INFO: Loaded 1 PC tables (70 PCs): 70 [0xc000068000,0xc000068460), 
INFO:        8 files found in corpus
INFO: -max_len is not provided; libFuzzer will not generate inputs larger than 5403 bytes
INFO: seed corpus: files: 8 min: 1b max: 5403b total: 16287b rss: 30Mb
#9	INITED cov: 43 ft: 172 corp: 5/78b exec/s: 0 rss: 30Mb
#10	NEW    cov: 43 ft: 173 corp: 6/81b lim: 23 exec/s: 0 rss: 30Mb L: 3/23 MS: 1 CMP- DE: "\0000"-
#11	NEW    cov: 45 ft: 180 corp: 7/101b lim: 23 exec/s: 0 rss: 30Mb L: 20/23 MS: 1 ChangeByte-
#12	NEW    cov: 45 ft: 181 corp: 8/111b lim: 23 exec/s: 0 rss: 30Mb L: 10/23 MS: 1 EraseBytes-
#14	NEW    cov: 45 ft: 182 corp: 9/131b lim: 23 exec/s: 0 rss: 30Mb L: 20/23 MS: 2 PersAutoDict-CMP- DE: "\0000"-"\377\377\377\377\377\377\377\010"-
#16	REDUCE cov: 45 ft: 182 corp: 9/130b lim: 23 exec/s: 0 rss: 30Mb L: 9/23 MS: 2 ShuffleBytes-EraseBytes-
#18	NEW    cov: 45 ft: 184 corp: 10/151b lim: 23 exec/s: 0 rss: 30Mb L: 21/23 MS: 2 ChangeByte-InsertByte-
#19	NEW    cov: 45 ft: 190 corp: 11/171b lim: 23 exec/s: 0 rss: 30Mb L: 20/23 MS: 1 ChangeBinInt-
#20	NEW    cov: 45 ft: 194 corp: 12/193b lim: 23 exec/s: 0 rss: 30Mb L: 22/23 MS: 1 ChangeBit-
#21	NEW    cov: 46 ft: 197 corp: 13/213b lim: 23 exec/s: 0 rss: 30Mb L: 20/23 MS: 1 InsertRepeatedBytes-
#26	NEW    cov: 46 ft: 198 corp: 14/215b lim: 23 exec/s: 0 rss: 30Mb L: 2/23 MS: 5 CopyPart-ShuffleBytes-CopyPart-CopyPart-InsertByte-
#53	NEW    cov: 46 ft: 199 corp: 15/231b lim: 23 exec/s: 0 rss: 30Mb L: 16/23 MS: 2 CopyPart-EraseBytes-
#64	NEW    cov: 46 ft: 201 corp: 16/246b lim: 23 exec/s: 0 rss: 30Mb L: 15/23 MS: 1 EraseBytes-
#70	NEW    cov: 46 ft: 203 corp: 17/260b lim: 23 exec/s: 0 rss: 30Mb L: 14/23 MS: 1 EraseBytes-
#91	NEW    cov: 46 ft: 205 corp: 18/276b lim: 23 exec/s: 0 rss: 30Mb L: 16/23 MS: 1 EraseBytes-
#101	NEW    cov: 46 ft: 206 corp: 19/295b lim: 23 exec/s: 0 rss: 30Mb L: 19/23 MS: 5 ShuffleBytes-CrossOver-ChangeASCIIInt-ShuffleBytes-EraseBytes-
#112	NEW    cov: 46 ft: 209 corp: 20/318b lim: 23 exec/s: 0 rss: 30Mb L: 23/23 MS: 1 ChangeBit-
#113	NEW    cov: 46 ft: 217 corp: 21/340b lim: 23 exec/s: 0 rss: 30Mb L: 22/23 MS: 1 ChangeByte-
#119	NEW    cov: 46 ft: 218 corp: 22/361b lim: 23 exec/s: 0 rss: 30Mb L: 21/23 MS: 1 PersAutoDict- DE: "\0000"-
#152	NEW    cov: 46 ft: 219 corp: 23/384b lim: 23 exec/s: 0 rss: 30Mb L: 23/23 MS: 3 CopyPart-ChangeBit-CopyPart-
#163	NEW    cov: 46 ft: 220 corp: 24/407b lim: 23 exec/s: 0 rss: 30Mb L: 23/23 MS: 1 CrossOver-
#191	NEW    cov: 46 ft: 227 corp: 25/427b lim: 23 exec/s: 0 rss: 30Mb L: 20/23 MS: 3 InsertByte-EraseBytes-InsertByte-
#302	NEW    cov: 46 ft: 229 corp: 26/449b lim: 23 exec/s: 0 rss: 30Mb L: 22/23 MS: 1 ChangeASCIIInt-
#318	NEW    cov: 46 ft: 232 corp: 27/469b lim: 23 exec/s: 0 rss: 30Mb L: 20/23 MS: 1 ChangeBinInt-
#364	NEW    cov: 46 ft: 233 corp: 28/491b lim: 23 exec/s: 0 rss: 30Mb L: 22/23 MS: 1 InsertByte-
#388	REDUCE cov: 46 ft: 233 corp: 28/489b lim: 23 exec/s: 0 rss: 30Mb L: 21/23 MS: 4 ChangeASCIIInt-ShuffleBytes-EraseBytes-CrossOver-
#415	NEW    cov: 46 ft: 235 corp: 29/511b lim: 23 exec/s: 0 rss: 30Mb L: 22/23 MS: 2 CrossOver-CopyPart-
#429	NEW    cov: 46 ft: 237 corp: 30/533b lim: 23 exec/s: 0 rss: 30Mb L: 22/23 MS: 4 EraseBytes-ChangeBit-ChangeASCIIInt-CopyPart-
#449	NEW    cov: 46 ft: 238 corp: 31/553b lim: 23 exec/s: 0 rss: 30Mb L: 20/23 MS: 5 CrossOver-ChangeASCIIInt-ShuffleBytes-ChangeBinInt-ChangeBit-
#480	NEW    cov: 46 ft: 239 corp: 32/575b lim: 23 exec/s: 0 rss: 30Mb L: 22/23 MS: 1 ChangeASCIIInt-
#502	NEW    cov: 46 ft: 240 corp: 33/595b lim: 23 exec/s: 0 rss: 30Mb L: 20/23 MS: 2 CrossOver-InsertByte-
#567	REDUCE cov: 46 ft: 240 corp: 33/594b lim: 23 exec/s: 0 rss: 30Mb L: 19/23 MS: 5 ChangeBit-PersAutoDict-ChangeBinInt-ChangeBinInt-EraseBytes- DE: "\377\377\377\377\377\377\377\010"-
#608	REDUCE cov: 46 ft: 240 corp: 33/593b lim: 23 exec/s: 0 rss: 30Mb L: 19/23 MS: 1 EraseBytes-
#652	NEW    cov: 46 ft: 247 corp: 34/615b lim: 23 exec/s: 0 rss: 30Mb L: 22/23 MS: 4 ShuffleBytes-ChangeASCIIInt-ChangeASCIIInt-CrossOver-
#659	REDUCE cov: 47 ft: 258 corp: 35/635b lim: 23 exec/s: 0 rss: 30Mb L: 20/23 MS: 2 PersAutoDict-InsertRepeatedBytes- DE: "\0000"-
#716	NEW    cov: 47 ft: 260 corp: 36/657b lim: 23 exec/s: 0 rss: 30Mb L: 22/23 MS: 2 ChangeByte-CrossOver-
#718	NEW    cov: 47 ft: 261 corp: 37/677b lim: 23 exec/s: 0 rss: 30Mb L: 20/23 MS: 2 ShuffleBytes-ChangeBit-
#1075	NEW    cov: 47 ft: 262 corp: 38/699b lim: 23 exec/s: 0 rss: 30Mb L: 22/23 MS: 2 ChangeBit-ChangeByte-
#1160	NEW    cov: 47 ft: 263 corp: 39/719b lim: 23 exec/s: 0 rss: 30Mb L: 20/23 MS: 5 CrossOver-CrossOver-CopyPart-ChangeBit-CopyPart-
#1221	NEW    cov: 47 ft: 264 corp: 40/742b lim: 23 exec/s: 0 rss: 30Mb L: 23/23 MS: 1 CrossOver-
#1281	NEW    cov: 47 ft: 265 corp: 41/764b lim: 23 exec/s: 0 rss: 30Mb L: 22/23 MS: 5 ChangeBit-ChangeByte-CrossOver-CMP-ChangeBit- DE: "\001a"-
#1282	NEW    cov: 47 ft: 269 corp: 42/787b lim: 23 exec/s: 0 rss: 30Mb L: 23/23 MS: 1 ShuffleBytes-
#1548	NEW    cov: 47 ft: 271 corp: 43/809b lim: 23 exec/s: 0 rss: 30Mb L: 22/23 MS: 1 CopyPart-
#1564	REDUCE cov: 47 ft: 271 corp: 43/808b lim: 23 exec/s: 0 rss: 30Mb L: 8/23 MS: 1 EraseBytes-
#1657	NEW    cov: 47 ft: 273 corp: 44/828b lim: 23 exec/s: 0 rss: 30Mb L: 20/23 MS: 3 ShuffleBytes-ChangeByte-InsertByte-
#1898	NEW    cov: 47 ft: 274 corp: 45/850b lim: 23 exec/s: 0 rss: 30Mb L: 22/23 MS: 1 CopyPart-
#1911	REDUCE cov: 47 ft: 274 corp: 45/848b lim: 23 exec/s: 0 rss: 30Mb L: 17/23 MS: 3 InsertRepeatedBytes-ChangeBinInt-EraseBytes-
#1938	NEW    cov: 47 ft: 275 corp: 46/871b lim: 23 exec/s: 0 rss: 30Mb L: 23/23 MS: 2 ChangeBit-ChangeByte-
#2100	NEW    cov: 47 ft: 277 corp: 47/893b lim: 23 exec/s: 0 rss: 30Mb L: 22/23 MS: 2 ShuffleBytes-ChangeBit-
#2141	NEW    cov: 47 ft: 279 corp: 48/915b lim: 23 exec/s: 0 rss: 30Mb L: 22/23 MS: 1 CrossOver-
#2177	NEW    cov: 47 ft: 281 corp: 49/937b lim: 23 exec/s: 0 rss: 30Mb L: 22/23 MS: 1 CopyPart-
#2198	NEW    cov: 47 ft: 283 corp: 50/960b lim: 23 exec/s: 0 rss: 30Mb L: 23/23 MS: 1 CMP- DE: "D\000"-
#2260	NEW    cov: 47 ft: 285 corp: 51/982b lim: 23 exec/s: 0 rss: 30Mb L: 22/23 MS: 2 ChangeBinInt-ChangeBit-
#2353	NEW    cov: 47 ft: 286 corp: 52/998b lim: 23 exec/s: 0 rss: 30Mb L: 16/23 MS: 3 CrossOver-CrossOver-InsertRepeatedBytes-
#2354	NEW    cov: 47 ft: 288 corp: 53/1020b lim: 23 exec/s: 0 rss: 30Mb L: 22/23 MS: 1 ChangeASCIIInt-
#2741	NEW    cov: 47 ft: 290 corp: 54/1042b lim: 23 exec/s: 0 rss: 31Mb L: 22/23 MS: 2 ChangeASCIIInt-ChangeByte-
#3155	NEW    cov: 47 ft: 291 corp: 55/1069b lim: 27 exec/s: 0 rss: 31Mb L: 27/27 MS: 4 CrossOver-CrossOver-InsertRepeatedBytes-InsertByte-
#3333	NEW    cov: 47 ft: 293 corp: 56/1091b lim: 27 exec/s: 0 rss: 31Mb L: 22/27 MS: 3 ShuffleBytes-ShuffleBytes-ChangeASCIIInt-
#3449	NEW    cov: 47 ft: 295 corp: 57/1113b lim: 27 exec/s: 0 rss: 31Mb L: 22/27 MS: 1 ChangeASCIIInt-
#3652	NEW    cov: 47 ft: 296 corp: 58/1130b lim: 27 exec/s: 0 rss: 31Mb L: 17/27 MS: 3 InsertByte-CopyPart-ShuffleBytes-
#3937	REDUCE cov: 47 ft: 296 corp: 58/1129b lim: 27 exec/s: 0 rss: 31Mb L: 22/27 MS: 5 CrossOver-CrossOver-CrossOver-CMP-ChangeBinInt- DE: "\001\000\000D"-
#4373	NEW    cov: 47 ft: 297 corp: 59/1158b lim: 31 exec/s: 0 rss: 31Mb L: 29/29 MS: 1 InsertRepeatedBytes-
#4416	NEW    cov: 47 ft: 298 corp: 60/1189b lim: 31 exec/s: 0 rss: 31Mb L: 31/31 MS: 3 ChangeBit-ChangeASCIIInt-InsertRepeatedBytes-
#4842	NEW    cov: 47 ft: 300 corp: 61/1223b lim: 35 exec/s: 0 rss: 31Mb L: 34/34 MS: 1 InsertRepeatedBytes-
#4857	NEW    cov: 47 ft: 301 corp: 62/1256b lim: 35 exec/s: 0 rss: 31Mb L: 33/34 MS: 5 CrossOver-InsertRepeatedBytes-CMP-ChangeBinInt-InsertRepeatedBytes- DE: "\000\000\000\000\000\000\000\026"-
#6108	REDUCE cov: 47 ft: 301 corp: 62/1255b lim: 45 exec/s: 0 rss: 31Mb L: 21/34 MS: 1 EraseBytes-
#8520	REDUCE cov: 47 ft: 301 corp: 62/1253b lim: 65 exec/s: 0 rss: 32Mb L: 15/34 MS: 2 CrossOver-EraseBytes-
#11449	NEW    cov: 47 ft: 303 corp: 63/1274b lim: 89 exec/s: 0 rss: 32Mb L: 21/34 MS: 4 InsertRepeatedBytes-ChangeBinInt-InsertByte-ChangeBit-
#11770	REDUCE cov: 47 ft: 303 corp: 63/1273b lim: 89 exec/s: 0 rss: 32Mb L: 15/34 MS: 1 EraseBytes-
#12162	NEW    cov: 48 ft: 308 corp: 64/1295b lim: 89 exec/s: 0 rss: 33Mb L: 22/34 MS: 2 ChangeBit-CopyPart-
#12670	REDUCE cov: 48 ft: 308 corp: 64/1293b lim: 89 exec/s: 0 rss: 33Mb L: 20/34 MS: 3 EraseBytes-CMP-InsertByte- DE: "\001\000\000\000\000\000\000\031"-
#14573	REDUCE cov: 48 ft: 308 corp: 64/1292b lim: 107 exec/s: 0 rss: 33Mb L: 16/34 MS: 3 ChangeBit-CMP-EraseBytes- DE: "\377/"-
#14738	REDUCE cov: 48 ft: 308 corp: 64/1290b lim: 107 exec/s: 0 rss: 33Mb L: 20/34 MS: 5 ShuffleBytes-ChangeByte-ChangeByte-CrossOver-EraseBytes-
#14850	REDUCE cov: 48 ft: 308 corp: 64/1284b lim: 107 exec/s: 0 rss: 33Mb L: 16/34 MS: 2 PersAutoDict-EraseBytes- DE: "\377\377\377\377\377\377\377\010"-
#15281	REDUCE cov: 48 ft: 308 corp: 64/1282b lim: 107 exec/s: 0 rss: 33Mb L: 19/34 MS: 1 EraseBytes-
#17572	NEW    cov: 48 ft: 309 corp: 65/1304b lim: 125 exec/s: 0 rss: 34Mb L: 22/34 MS: 1 ChangeBit-
#17577	REDUCE cov: 48 ft: 309 corp: 65/1300b lim: 125 exec/s: 0 rss: 34Mb L: 17/34 MS: 5 ChangeByte-PersAutoDict-CrossOver-ChangeByte-InsertByte- DE: "D\000"-
#18519	REDUCE cov: 48 ft: 310 corp: 66/1316b lim: 131 exec/s: 0 rss: 34Mb L: 16/34 MS: 2 ChangeByte-ChangeBinInt-
#18540	REDUCE cov: 48 ft: 311 corp: 67/1331b lim: 131 exec/s: 0 rss: 34Mb L: 15/34 MS: 1 CopyPart-
#19712	REDUCE cov: 48 ft: 311 corp: 67/1327b lim: 138 exec/s: 0 rss: 34Mb L: 16/34 MS: 2 EraseBytes-ChangeBinInt-
#21029	REDUCE cov: 48 ft: 311 corp: 67/1323b lim: 145 exec/s: 0 rss: 34Mb L: 15/34 MS: 2 PersAutoDict-EraseBytes- DE: "\377\377\377\377\377\377\377\010"-
#21420	NEW    cov: 48 ft: 315 corp: 68/1345b lim: 145 exec/s: 0 rss: 34Mb L: 22/34 MS: 1 ChangeBit-
#23340	REDUCE cov: 48 ft: 315 corp: 68/1344b lim: 159 exec/s: 0 rss: 34Mb L: 15/34 MS: 5 ChangeASCIIInt-ChangeBit-ChangeBit-ShuffleBytes-EraseBytes-
#23579	REDUCE cov: 48 ft: 315 corp: 68/1342b lim: 159 exec/s: 0 rss: 34Mb L: 21/34 MS: 4 EraseBytes-ChangeBit-CopyPart-CopyPart-
#24096	NEW    cov: 49 ft: 318 corp: 69/1364b lim: 159 exec/s: 0 rss: 34Mb L: 22/34 MS: 2 ShuffleBytes-ChangeByte-
#25278	REDUCE cov: 49 ft: 318 corp: 69/1363b lim: 166 exec/s: 0 rss: 34Mb L: 15/34 MS: 2 ChangeBit-EraseBytes-
#28432	REDUCE cov: 49 ft: 318 corp: 69/1359b lim: 194 exec/s: 0 rss: 34Mb L: 15/34 MS: 4 ChangeASCIIInt-EraseBytes-ShuffleBytes-CMP- DE: "\001\000\000\000\000\000\000\014"-
#30812	REDUCE cov: 49 ft: 318 corp: 69/1355b lim: 215 exec/s: 0 rss: 34Mb L: 16/34 MS: 5 PersAutoDict-InsertByte-InsertByte-EraseBytes-ChangeByte- DE: "\001a"-
#35584	REDUCE cov: 49 ft: 318 corp: 69/1354b lim: 257 exec/s: 0 rss: 35Mb L: 18/34 MS: 2 EraseBytes-ChangeByte-
#35704	REDUCE cov: 49 ft: 318 corp: 69/1352b lim: 257 exec/s: 0 rss: 35Mb L: 18/34 MS: 5 ChangeASCIIInt-PersAutoDict-ChangeBit-CrossOver-EraseBytes- DE: "\001a"-
#35765	NEW    cov: 49 ft: 319 corp: 70/1374b lim: 257 exec/s: 0 rss: 35Mb L: 22/34 MS: 1 ShuffleBytes-
#36064	REDUCE cov: 49 ft: 319 corp: 70/1373b lim: 257 exec/s: 0 rss: 35Mb L: 22/34 MS: 4 PersAutoDict-CopyPart-ChangeBit-EraseBytes- DE: "\0000"-
#36695	REDUCE cov: 49 ft: 319 corp: 70/1372b lim: 257 exec/s: 0 rss: 35Mb L: 17/34 MS: 1 EraseBytes-
#41844	REDUCE cov: 49 ft: 319 corp: 70/1371b lim: 305 exec/s: 0 rss: 35Mb L: 16/34 MS: 4 CopyPart-PersAutoDict-CopyPart-EraseBytes- DE: "\377/"-
#43292	REDUCE cov: 49 ft: 319 corp: 70/1369b lim: 313 exec/s: 0 rss: 35Mb L: 20/34 MS: 3 ChangeByte-CopyPart-EraseBytes-
#44560	REDUCE cov: 49 ft: 319 corp: 70/1367b lim: 321 exec/s: 0 rss: 35Mb L: 20/34 MS: 3 EraseBytes-ChangeByte-InsertByte-
#48616	NEW    cov: 49 ft: 320 corp: 71/1387b lim: 361 exec/s: 0 rss: 35Mb L: 20/34 MS: 1 ChangeBinInt-
#51394	REDUCE cov: 49 ft: 320 corp: 71/1386b lim: 385 exec/s: 0 rss: 35Mb L: 20/34 MS: 3 ChangeByte-ChangeBinInt-EraseBytes-
#51687	NEW    cov: 50 ft: 325 corp: 72/1408b lim: 385 exec/s: 0 rss: 35Mb L: 22/34 MS: 3 ChangeBit-CopyPart-ChangeBinInt-
#51804	NEW    cov: 50 ft: 327 corp: 73/1430b lim: 385 exec/s: 0 rss: 35Mb L: 22/34 MS: 2 ChangeByte-CrossOver-
#51935	NEW    cov: 50 ft: 329 corp: 74/1452b lim: 385 exec/s: 0 rss: 35Mb L: 22/34 MS: 1 CrossOver-
#52172	NEW    cov: 50 ft: 331 corp: 75/1474b lim: 385 exec/s: 0 rss: 35Mb L: 22/34 MS: 2 CopyPart-ChangeByte-
#52359	NEW    cov: 50 ft: 332 corp: 76/1496b lim: 385 exec/s: 0 rss: 35Mb L: 22/34 MS: 2 ShuffleBytes-ChangeBit-
#52410	NEW    cov: 50 ft: 334 corp: 77/1518b lim: 385 exec/s: 0 rss: 35Mb L: 22/34 MS: 1 ShuffleBytes-
#52442	NEW    cov: 50 ft: 335 corp: 78/1540b lim: 385 exec/s: 0 rss: 35Mb L: 22/34 MS: 2 ChangeBinInt-ChangeASCIIInt-
#52534	NEW    cov: 50 ft: 337 corp: 79/1562b lim: 385 exec/s: 0 rss: 35Mb L: 22/34 MS: 2 ChangeASCIIInt-ChangeBit-
#52925	NEW    cov: 50 ft: 338 corp: 80/1584b lim: 385 exec/s: 0 rss: 35Mb L: 22/34 MS: 1 CopyPart-
#53191	NEW    cov: 50 ft: 339 corp: 81/1606b lim: 385 exec/s: 0 rss: 35Mb L: 22/34 MS: 1 ChangeBit-
#53272	NEW    cov: 50 ft: 340 corp: 82/1628b lim: 385 exec/s: 0 rss: 35Mb L: 22/34 MS: 1 ShuffleBytes-
#53319	NEW    cov: 50 ft: 341 corp: 83/1650b lim: 385 exec/s: 0 rss: 35Mb L: 22/34 MS: 2 ChangeBinInt-ShuffleBytes-
#53545	NEW    cov: 50 ft: 342 corp: 84/1672b lim: 385 exec/s: 0 rss: 35Mb L: 22/34 MS: 1 ChangeASCIIInt-
#54152	NEW    cov: 50 ft: 343 corp: 85/1694b lim: 385 exec/s: 0 rss: 35Mb L: 22/34 MS: 2 ChangeBit-ChangeBit-
#54480	NEW    cov: 50 ft: 344 corp: 86/1716b lim: 385 exec/s: 0 rss: 35Mb L: 22/34 MS: 3 ChangeBit-ChangeASCIIInt-ShuffleBytes-
#54687	NEW    cov: 50 ft: 345 corp: 87/1738b lim: 385 exec/s: 0 rss: 35Mb L: 22/34 MS: 2 PersAutoDict-ChangeByte- DE: "D\000"-
#54713	NEW    cov: 50 ft: 346 corp: 88/1760b lim: 385 exec/s: 0 rss: 35Mb L: 22/34 MS: 1 CopyPart-
#54714	NEW    cov: 50 ft: 347 corp: 89/1782b lim: 385 exec/s: 0 rss: 35Mb L: 22/34 MS: 1 CrossOver-
#54745	NEW    cov: 50 ft: 348 corp: 90/1804b lim: 385 exec/s: 0 rss: 35Mb L: 22/34 MS: 1 ChangeASCIIInt-
#54751	NEW    cov: 50 ft: 349 corp: 91/1826b lim: 385 exec/s: 0 rss: 35Mb L: 22/34 MS: 1 ChangeASCIIInt-
#55497	NEW    cov: 50 ft: 350 corp: 92/1848b lim: 385 exec/s: 0 rss: 35Mb L: 22/34 MS: 1 CopyPart-
#56233	NEW    cov: 50 ft: 351 corp: 93/1870b lim: 385 exec/s: 0 rss: 35Mb L: 22/34 MS: 1 ChangeBit-
#56291	NEW    cov: 50 ft: 352 corp: 94/1892b lim: 385 exec/s: 0 rss: 35Mb L: 22/34 MS: 3 ChangeBit-CopyPart-CopyPart-
#56507	NEW    cov: 50 ft: 353 corp: 95/1914b lim: 385 exec/s: 0 rss: 35Mb L: 22/34 MS: 1 ChangeByte-
#56598	NEW    cov: 50 ft: 354 corp: 96/1936b lim: 385 exec/s: 0 rss: 35Mb L: 22/34 MS: 1 CopyPart-
#56674	NEW    cov: 50 ft: 355 corp: 97/1958b lim: 385 exec/s: 0 rss: 35Mb L: 22/34 MS: 1 CopyPart-
#56815	NEW    cov: 50 ft: 357 corp: 98/1980b lim: 385 exec/s: 0 rss: 35Mb L: 22/34 MS: 1 ChangeBit-
#57001	NEW    cov: 50 ft: 358 corp: 99/2002b lim: 385 exec/s: 0 rss: 35Mb L: 22/34 MS: 1 ChangeBit-
#57037	NEW    cov: 50 ft: 359 corp: 100/2024b lim: 385 exec/s: 0 rss: 35Mb L: 22/34 MS: 1 ChangeASCIIInt-
#57683	NEW    cov: 50 ft: 361 corp: 101/2046b lim: 385 exec/s: 0 rss: 35Mb L: 22/34 MS: 1 CrossOver-
#57769	NEW    cov: 50 ft: 362 corp: 102/2068b lim: 385 exec/s: 0 rss: 35Mb L: 22/34 MS: 1 ChangeBit-
#58430	NEW    cov: 50 ft: 363 corp: 103/2090b lim: 385 exec/s: 0 rss: 35Mb L: 22/34 MS: 1 ChangeASCIIInt-
#58647	NEW    cov: 50 ft: 364 corp: 104/2112b lim: 385 exec/s: 0 rss: 35Mb L: 22/34 MS: 2 ChangeBinInt-ChangeBit-
#59059	REDUCE cov: 50 ft: 364 corp: 104/2111b lim: 385 exec/s: 0 rss: 35Mb L: 15/34 MS: 2 InsertByte-EraseBytes-
#59355	NEW    cov: 50 ft: 365 corp: 105/2133b lim: 385 exec/s: 0 rss: 35Mb L: 22/34 MS: 1 ChangeASCIIInt-
#59946	NEW    cov: 50 ft: 366 corp: 106/2155b lim: 385 exec/s: 0 rss: 35Mb L: 22/34 MS: 1 ChangeASCIIInt-
#60552	NEW    cov: 50 ft: 367 corp: 107/2177b lim: 385 exec/s: 0 rss: 35Mb L: 22/34 MS: 1 CopyPart-
#60882	NEW    cov: 50 ft: 368 corp: 108/2199b lim: 385 exec/s: 0 rss: 35Mb L: 22/34 MS: 5 ChangeBit-PersAutoDict-ShuffleBytes-ShuffleBytes-EraseBytes- DE: "D\000"-
#62564	NEW    cov: 50 ft: 369 corp: 109/2221b lim: 401 exec/s: 0 rss: 35Mb L: 22/34 MS: 2 ShuffleBytes-ChangeASCIIInt-
#63257	NEW    cov: 50 ft: 370 corp: 110/2243b lim: 401 exec/s: 0 rss: 35Mb L: 22/34 MS: 3 ChangeBinInt-ChangeByte-ChangeBit-
#66836	REDUCE cov: 50 ft: 370 corp: 110/2241b lim: 433 exec/s: 0 rss: 35Mb L: 19/34 MS: 4 EraseBytes-ShuffleBytes-PersAutoDict-ChangeByte- DE: "D\000"-
#67621	REDUCE cov: 50 ft: 370 corp: 110/2239b lim: 433 exec/s: 0 rss: 35Mb L: 17/34 MS: 5 CopyPart-ChangeByte-EraseBytes-ChangeBit-ChangeBinInt-
#69494	NEW    cov: 50 ft: 373 corp: 111/2261b lim: 449 exec/s: 0 rss: 35Mb L: 22/34 MS: 3 ChangeBit-ChangeASCIIInt-ChangeByte-
#76152	REDUCE cov: 50 ft: 374 corp: 112/2278b lim: 513 exec/s: 0 rss: 35Mb L: 17/34 MS: 3 ChangeASCIIInt-ChangeASCIIInt-ChangeBinInt-
#76955	REDUCE cov: 50 ft: 374 corp: 112/2276b lim: 513 exec/s: 0 rss: 35Mb L: 18/34 MS: 3 ShuffleBytes-ChangeBit-EraseBytes-
#77643	REDUCE cov: 50 ft: 374 corp: 112/2274b lim: 513 exec/s: 0 rss: 35Mb L: 18/34 MS: 3 PersAutoDict-EraseBytes-CrossOver- DE: "\377/"-
#79743	REDUCE cov: 50 ft: 374 corp: 112/2272b lim: 531 exec/s: 0 rss: 35Mb L: 15/34 MS: 5 InsertByte-EraseBytes-CrossOver-CMP-EraseBytes- DE: "b\000\000\000"-
#80361	REDUCE cov: 50 ft: 374 corp: 112/2270b lim: 531 exec/s: 0 rss: 35Mb L: 20/34 MS: 3 CrossOver-EraseBytes-ChangeBinInt-
#85620	REDUCE cov: 50 ft: 374 corp: 112/2266b lim: 576 exec/s: 0 rss: 35Mb L: 16/34 MS: 4 ChangeBinInt-InsertByte-EraseBytes-InsertByte-
#90672	REDUCE cov: 50 ft: 374 corp: 112/2265b lim: 621 exec/s: 0 rss: 35Mb L: 16/34 MS: 2 EraseBytes-CrossOver-
#98790	REDUCE cov: 50 ft: 374 corp: 112/2263b lim: 693 exec/s: 0 rss: 35Mb L: 15/34 MS: 3 EraseBytes-ChangeByte-InsertByte-
#100907	REDUCE cov: 50 ft: 374 corp: 112/2261b lim: 711 exec/s: 0 rss: 35Mb L: 20/34 MS: 2 EraseBytes-InsertByte-
#104379	REDUCE cov: 50 ft: 374 corp: 112/2257b lim: 738 exec/s: 0 rss: 35Mb L: 18/34 MS: 2 EraseBytes-ChangeBinInt-
#110325	NEW    cov: 50 ft: 375 corp: 113/2279b lim: 792 exec/s: 0 rss: 35Mb L: 22/34 MS: 1 ChangeBit-
#110647	REDUCE cov: 50 ft: 375 corp: 113/2277b lim: 792 exec/s: 0 rss: 35Mb L: 20/34 MS: 2 ChangeByte-EraseBytes-
#111045	REDUCE cov: 50 ft: 375 corp: 113/2275b lim: 792 exec/s: 0 rss: 35Mb L: 20/34 MS: 3 ChangeASCIIInt-InsertByte-EraseBytes-
#118339	REDUCE cov: 50 ft: 375 corp: 113/2273b lim: 864 exec/s: 0 rss: 35Mb L: 20/34 MS: 4 ShuffleBytes-EraseBytes-CopyPart-PersAutoDict- DE: "\377/"-
#124407	REDUCE cov: 50 ft: 375 corp: 113/2271b lim: 918 exec/s: 0 rss: 35Mb L: 16/34 MS: 3 CopyPart-EraseBytes-ChangeByte-
#130057	REDUCE cov: 50 ft: 375 corp: 113/2267b lim: 972 exec/s: 0 rss: 35Mb L: 18/34 MS: 5 CopyPart-EraseBytes-ChangeBit-ChangeBinInt-CopyPart-
#131804	NEW    cov: 50 ft: 377 corp: 114/2287b lim: 981 exec/s: 0 rss: 35Mb L: 20/34 MS: 2 CopyPart-EraseBytes-
#133366	REDUCE cov: 50 ft: 377 corp: 114/2285b lim: 990 exec/s: 0 rss: 35Mb L: 20/34 MS: 2 EraseBytes-ChangeBinInt-
#136007	NEW    cov: 50 ft: 379 corp: 115/2307b lim: 1008 exec/s: 0 rss: 35Mb L: 22/34 MS: 1 ChangeBit-
#146688	REDUCE cov: 50 ft: 379 corp: 115/2305b lim: 1106 exec/s: 0 rss: 35Mb L: 18/34 MS: 1 EraseBytes-
#155811	REDUCE cov: 50 ft: 379 corp: 115/2301b lim: 1196 exec/s: 0 rss: 35Mb L: 18/34 MS: 3 PersAutoDict-EraseBytes-ChangeBinInt- DE: "\001\000\000\000\000\000\000\031"-
#158013	REDUCE cov: 50 ft: 379 corp: 115/2299b lim: 1216 exec/s: 0 rss: 35Mb L: 20/34 MS: 2 EraseBytes-InsertByte-
#159301	REDUCE cov: 50 ft: 379 corp: 115/2297b lim: 1226 exec/s: 0 rss: 35Mb L: 20/34 MS: 3 CrossOver-ShuffleBytes-EraseBytes-
#167704	REDUCE cov: 50 ft: 379 corp: 115/2295b lim: 1306 exec/s: 0 rss: 35Mb L: 20/34 MS: 3 InsertByte-ShuffleBytes-EraseBytes-
#179961	REDUCE cov: 50 ft: 379 corp: 115/2293b lim: 1426 exec/s: 0 rss: 35Mb L: 18/34 MS: 2 InsertByte-EraseBytes-
#180786	NEW    cov: 50 ft: 380 corp: 116/2313b lim: 1426 exec/s: 0 rss: 35Mb L: 20/34 MS: 5 ChangeASCIIInt-ShuffleBytes-ChangeBit-ChangeByte-CopyPart-
#181657	REDUCE cov: 50 ft: 381 corp: 117/2331b lim: 1426 exec/s: 0 rss: 35Mb L: 18/34 MS: 1 CrossOver-
#187718	NEW    cov: 50 ft: 382 corp: 118/2351b lim: 1486 exec/s: 0 rss: 35Mb L: 20/34 MS: 1 CopyPart-
#188842	REDUCE cov: 50 ft: 382 corp: 118/2349b lim: 1496 exec/s: 0 rss: 35Mb L: 18/34 MS: 4 InsertByte-CrossOver-EraseBytes-InsertByte-
#190874	REDUCE cov: 50 ft: 382 corp: 118/2346b lim: 1516 exec/s: 0 rss: 35Mb L: 15/34 MS: 2 EraseBytes-ChangeBinInt-
#197840	NEW    cov: 50 ft: 383 corp: 119/2368b lim: 1576 exec/s: 0 rss: 35Mb L: 22/34 MS: 1 ChangeByte-
#204108	REDUCE cov: 50 ft: 383 corp: 119/2366b lim: 1636 exec/s: 0 rss: 35Mb L: 20/34 MS: 3 ShuffleBytes-EraseBytes-InsertByte-
#204804	NEW    cov: 50 ft: 384 corp: 120/2388b lim: 1636 exec/s: 0 rss: 35Mb L: 22/34 MS: 1 ChangeBit-
#205456	REDUCE cov: 50 ft: 384 corp: 120/2386b lim: 1636 exec/s: 0 rss: 35Mb L: 20/34 MS: 2 ChangeBinInt-EraseBytes-
#209609	REDUCE cov: 50 ft: 384 corp: 120/2384b lim: 1676 exec/s: 0 rss: 35Mb L: 16/34 MS: 3 CMP-EraseBytes-CMP- DE: "\275\351)\017\000\000\000\000"-":\000"-
#231261	REDUCE cov: 50 ft: 384 corp: 120/2382b lim: 1886 exec/s: 0 rss: 36Mb L: 20/34 MS: 2 EraseBytes-InsertByte-
#231457	NEW    cov: 50 ft: 385 corp: 121/2404b lim: 1886 exec/s: 0 rss: 36Mb L: 22/34 MS: 1 ChangeBit-
#238290	REDUCE cov: 50 ft: 385 corp: 121/2402b lim: 1946 exec/s: 0 rss: 36Mb L: 18/34 MS: 3 EraseBytes-PersAutoDict-InsertByte- DE: "\001\000\000D"-
#241248	NEW    cov: 50 ft: 386 corp: 122/2424b lim: 1966 exec/s: 0 rss: 36Mb L: 22/34 MS: 3 ShuffleBytes-ChangeBit-ChangeASCIIInt-
#260364	NEW    cov: 50 ft: 387 corp: 123/2446b lim: 2155 exec/s: 0 rss: 36Mb L: 22/34 MS: 1 CrossOver-
#285469	REDUCE cov: 50 ft: 387 corp: 123/2444b lim: 2397 exec/s: 0 rss: 36Mb L: 16/34 MS: 5 PersAutoDict-PersAutoDict-CrossOver-InsertByte-EraseBytes- DE: ":\000"-":\000"-
#286372	REDUCE cov: 50 ft: 387 corp: 123/2442b lim: 2397 exec/s: 0 rss: 36Mb L: 20/34 MS: 3 ChangeASCIIInt-EraseBytes-InsertByte-
#289079	REDUCE cov: 50 ft: 387 corp: 123/2440b lim: 2419 exec/s: 0 rss: 36Mb L: 20/34 MS: 2 ChangeBinInt-EraseBytes-
#289246	REDUCE cov: 50 ft: 387 corp: 123/2436b lim: 2419 exec/s: 0 rss: 36Mb L: 18/34 MS: 2 CrossOver-EraseBytes-
#296587	NEW    cov: 50 ft: 388 corp: 124/2458b lim: 2485 exec/s: 0 rss: 36Mb L: 22/34 MS: 1 ChangeBit-
#311139	NEW    cov: 50 ft: 392 corp: 125/2476b lim: 2628 exec/s: 0 rss: 36Mb L: 18/34 MS: 2 ChangeASCIIInt-ChangeASCIIInt-
#319200	REDUCE cov: 50 ft: 393 corp: 126/2492b lim: 2705 exec/s: 0 rss: 36Mb L: 16/34 MS: 1 ChangeByte-
#322981	REDUCE cov: 50 ft: 393 corp: 126/2491b lim: 2738 exec/s: 0 rss: 36Mb L: 15/34 MS: 1 EraseBytes-
#330242	NEW    cov: 50 ft: 395 corp: 127/2511b lim: 2804 exec/s: 0 rss: 36Mb L: 20/34 MS: 1 ChangeBit-
#334546	REDUCE cov: 50 ft: 395 corp: 127/2507b lim: 2837 exec/s: 0 rss: 36Mb L: 18/34 MS: 4 ChangeByte-CrossOver-ChangeByte-EraseBytes-
#342330	REDUCE cov: 50 ft: 395 corp: 127/2505b lim: 2914 exec/s: 0 rss: 36Mb L: 18/34 MS: 4 CrossOver-ChangeASCIIInt-EraseBytes-EraseBytes-
#384548	REDUCE cov: 50 ft: 395 corp: 127/2503b lim: 3332 exec/s: 0 rss: 36Mb L: 20/34 MS: 3 InsertByte-ChangeBinInt-EraseBytes-
#384609	NEW    cov: 50 ft: 396 corp: 128/2523b lim: 3332 exec/s: 0 rss: 36Mb L: 20/34 MS: 1 ChangeBit-
#395264	REDUCE cov: 50 ft: 396 corp: 128/2521b lim: 3431 exec/s: 0 rss: 36Mb L: 18/34 MS: 5 ChangeByte-CrossOver-ChangeByte-CrossOver-EraseBytes-
#409058	REDUCE cov: 50 ft: 396 corp: 128/2519b lim: 3563 exec/s: 409058 rss: 36Mb L: 20/34 MS: 2 EraseBytes-ChangeByte-
#417568	REDUCE cov: 50 ft: 396 corp: 128/2517b lim: 3640 exec/s: 417568 rss: 36Mb L: 18/34 MS: 5 CrossOver-EraseBytes-InsertByte-ChangeASCIIInt-ChangeBinInt-
#441212	NEW    cov: 50 ft: 399 corp: 129/2537b lim: 3871 exec/s: 441212 rss: 36Mb L: 20/34 MS: 4 CopyPart-ChangeByte-ChangeByte-ChangeByte-
#459048	NEW    cov: 50 ft: 401 corp: 130/2557b lim: 4047 exec/s: 459048 rss: 36Mb L: 20/34 MS: 1 ChangeBit-
#462275	REDUCE cov: 50 ft: 401 corp: 130/2555b lim: 4069 exec/s: 462275 rss: 36Mb L: 20/34 MS: 2 EraseBytes-PersAutoDict- DE: "\377/"-
#549002	REDUCE cov: 50 ft: 401 corp: 130/2553b lim: 4930 exec/s: 549002 rss: 36Mb L: 16/34 MS: 2 EraseBytes-ChangeBinInt-
#553723	NEW    cov: 50 ft: 402 corp: 131/2573b lim: 4966 exec/s: 553723 rss: 36Mb L: 20/34 MS: 1 ChangeBit-
#570707	REDUCE cov: 50 ft: 402 corp: 131/2571b lim: 5134 exec/s: 570707 rss: 36Mb L: 16/34 MS: 4 ChangeBinInt-ChangeASCIIInt-ChangeBinInt-EraseBytes-
#571049	REDUCE cov: 50 ft: 402 corp: 131/2569b lim: 5134 exec/s: 571049 rss: 36Mb L: 20/34 MS: 2 EraseBytes-ChangeByte-
#571287	NEW    cov: 50 ft: 403 corp: 132/2591b lim: 5134 exec/s: 571287 rss: 36Mb L: 22/34 MS: 3 ShuffleBytes-CopyPart-ChangeBit-
#587586	REDUCE cov: 50 ft: 403 corp: 132/2587b lim: 5290 exec/s: 587586 rss: 36Mb L: 18/34 MS: 4 InsertByte-EraseBytes-ChangeByte-ChangeByte-
#609103	REDUCE cov: 50 ft: 403 corp: 132/2585b lim: 5403 exec/s: 609103 rss: 36Mb L: 18/34 MS: 2 EraseBytes-PersAutoDict- DE: "\377/"-
#616582	REDUCE cov: 50 ft: 403 corp: 132/2583b lim: 5403 exec/s: 616582 rss: 36Mb L: 18/34 MS: 4 PersAutoDict-ShuffleBytes-EraseBytes-CopyPart- DE: ":\000"-
#620219	REDUCE cov: 50 ft: 403 corp: 132/2581b lim: 5403 exec/s: 620219 rss: 36Mb L: 20/34 MS: 2 EraseBytes-InsertByte-
#666401	REDUCE cov: 50 ft: 403 corp: 132/2579b lim: 5403 exec/s: 666401 rss: 36Mb L: 16/34 MS: 2 ChangeBinInt-EraseBytes-
#679693	REDUCE cov: 50 ft: 403 corp: 132/2577b lim: 5403 exec/s: 679693 rss: 36Mb L: 18/34 MS: 2 EraseBytes-ChangeBinInt-
#682030	REDUCE cov: 50 ft: 403 corp: 132/2575b lim: 5403 exec/s: 682030 rss: 36Mb L: 18/34 MS: 2 EraseBytes-ChangeByte-
#686091	NEW    cov: 50 ft: 404 corp: 133/2595b lim: 5403 exec/s: 686091 rss: 36Mb L: 20/34 MS: 1 CopyPart-
#698673	REDUCE cov: 50 ft: 404 corp: 133/2593b lim: 5403 exec/s: 698673 rss: 36Mb L: 16/34 MS: 2 InsertRepeatedBytes-EraseBytes-
#726382	REDUCE cov: 50 ft: 404 corp: 133/2591b lim: 5403 exec/s: 726382 rss: 36Mb L: 20/34 MS: 4 CrossOver-CopyPart-ChangeByte-EraseBytes-
#748730	REDUCE cov: 50 ft: 404 corp: 133/2589b lim: 5403 exec/s: 748730 rss: 36Mb L: 16/34 MS: 3 ChangeASCIIInt-EraseBytes-ChangeByte-
#751381	REDUCE cov: 50 ft: 404 corp: 133/2588b lim: 5403 exec/s: 751381 rss: 36Mb L: 22/34 MS: 1 EraseBytes-
#786464	REDUCE cov: 50 ft: 404 corp: 133/2586b lim: 5403 exec/s: 786464 rss: 36Mb L: 18/34 MS: 3 ChangeASCIIInt-EraseBytes-ChangeBit-
#829443	REDUCE cov: 50 ft: 405 corp: 134/2603b lim: 5403 exec/s: 829443 rss: 36Mb L: 17/34 MS: 4 EraseBytes-PersAutoDict-ChangeASCIIInt-ChangeBinInt- DE: "\275\351)\017\000\000\000\000"-
#883930	REDUCE cov: 50 ft: 405 corp: 134/2601b lim: 5403 exec/s: 441965 rss: 36Mb L: 18/34 MS: 2 CrossOver-EraseBytes-
#944797	REDUCE cov: 50 ft: 405 corp: 134/2599b lim: 5403 exec/s: 472398 rss: 36Mb L: 20/34 MS: 2 EraseBytes-InsertByte-
#959425	NEW    cov: 50 ft: 409 corp: 135/2619b lim: 5403 exec/s: 479712 rss: 36Mb L: 20/34 MS: 3 CopyPart-ShuffleBytes-ChangeBinInt-
#964862	NEW    cov: 50 ft: 410 corp: 136/2639b lim: 5403 exec/s: 482431 rss: 36Mb L: 20/34 MS: 2 CopyPart-ChangeBit-
#975504	NEW    cov: 50 ft: 411 corp: 137/2659b lim: 5403 exec/s: 487752 rss: 36Mb L: 20/34 MS: 2 ShuffleBytes-ChangeBit-
#982265	NEW    cov: 50 ft: 412 corp: 138/2679b lim: 5403 exec/s: 491132 rss: 36Mb L: 20/34 MS: 1 ChangeBit-
#1016283	REDUCE cov: 50 ft: 412 corp: 138/2675b lim: 5403 exec/s: 508141 rss: 36Mb L: 18/34 MS: 3 InsertByte-ChangeByte-EraseBytes-
#1039720	REDUCE cov: 50 ft: 412 corp: 138/2673b lim: 5403 exec/s: 519860 rss: 36Mb L: 16/34 MS: 2 ChangeBinInt-EraseBytes-
#1048576	pulse  cov: 50 ft: 412 corp: 138/2673b lim: 5403 exec/s: 524288 rss: 36Mb
#1125866	NEW    cov: 50 ft: 414 corp: 139/2693b lim: 5403 exec/s: 562933 rss: 36Mb L: 20/34 MS: 1 ChangeByte-
#1146979	REDUCE cov: 50 ft: 414 corp: 139/2689b lim: 5403 exec/s: 573489 rss: 36Mb L: 18/34 MS: 3 EraseBytes-ShuffleBytes-ChangeBinInt-
#1151576	REDUCE cov: 50 ft: 414 corp: 139/2687b lim: 5403 exec/s: 575788 rss: 36Mb L: 20/34 MS: 2 InsertByte-EraseBytes-
#1194970	NEW    cov: 50 ft: 415 corp: 140/2715b lim: 5403 exec/s: 597485 rss: 36Mb L: 28/34 MS: 4 ChangeByte-InsertRepeatedBytes-ShuffleBytes-ChangeBit-
#1272086	NEW    cov: 50 ft: 416 corp: 141/2747b lim: 5403 exec/s: 636043 rss: 36Mb L: 32/34 MS: 1 InsertRepeatedBytes-
#1297801	REDUCE cov: 50 ft: 416 corp: 141/2745b lim: 5403 exec/s: 432600 rss: 36Mb L: 20/34 MS: 5 ChangeASCIIInt-InsertRepeatedBytes-ChangeBit-EraseBytes-PersAutoDict- DE: "\377/"-
#1315158	NEW    cov: 50 ft: 418 corp: 142/2765b lim: 5403 exec/s: 438386 rss: 36Mb L: 20/34 MS: 2 CrossOver-CrossOver-
#1324880	REDUCE cov: 50 ft: 418 corp: 142/2763b lim: 5403 exec/s: 441626 rss: 36Mb L: 20/34 MS: 2 ChangeByte-EraseBytes-
#1330639	REDUCE cov: 50 ft: 418 corp: 142/2761b lim: 5403 exec/s: 443546 rss: 36Mb L: 20/34 MS: 4 CopyPart-ChangeBinInt-EraseBytes-InsertByte-
#1333442	REDUCE cov: 50 ft: 418 corp: 142/2759b lim: 5403 exec/s: 444480 rss: 36Mb L: 18/34 MS: 3 EraseBytes-InsertByte-EraseBytes-
#1405975	REDUCE cov: 50 ft: 418 corp: 142/2755b lim: 5403 exec/s: 468658 rss: 36Mb L: 18/34 MS: 3 ChangeBinInt-CMP-EraseBytes- DE: "\377\377\377y"-
#1560272	REDUCE cov: 50 ft: 418 corp: 142/2753b lim: 5403 exec/s: 520090 rss: 36Mb L: 16/34 MS: 2 CopyPart-EraseBytes-
#1591685	REDUCE cov: 50 ft: 418 corp: 142/2751b lim: 5403 exec/s: 530561 rss: 36Mb L: 18/34 MS: 3 ChangeByte-ChangeASCIIInt-EraseBytes-
#1598707	REDUCE cov: 50 ft: 418 corp: 142/2749b lim: 5403 exec/s: 532902 rss: 36Mb L: 18/34 MS: 2 EraseBytes-ChangeByte-
#1620109	REDUCE cov: 50 ft: 418 corp: 142/2747b lim: 5403 exec/s: 540036 rss: 36Mb L: 20/34 MS: 2 EraseBytes-ChangeByte-
#1760366	REDUCE cov: 50 ft: 418 corp: 142/2743b lim: 5403 exec/s: 440091 rss: 36Mb L: 16/34 MS: 2 EraseBytes-ChangeBinInt-
#1799416	REDUCE cov: 50 ft: 418 corp: 142/2742b lim: 5403 exec/s: 449854 rss: 36Mb L: 15/34 MS: 5 CMP-EraseBytes-ChangeBit-ChangeByte-CopyPart- DE: "\377\377\377\377\377\377\377\025"-
#1927684	REDUCE cov: 50 ft: 418 corp: 142/2741b lim: 5403 exec/s: 481921 rss: 36Mb L: 15/34 MS: 3 EraseBytes-ChangeBit-ChangeBinInt-
#2058457	REDUCE cov: 50 ft: 419 corp: 143/2763b lim: 5403 exec/s: 514614 rss: 36Mb L: 22/34 MS: 3 ChangeByte-ChangeASCIIInt-ChangeASCIIInt-
#2097152	pulse  cov: 50 ft: 419 corp: 143/2763b lim: 5403 exec/s: 524288 rss: 36Mb
#2120065	REDUCE cov: 50 ft: 419 corp: 143/2761b lim: 5403 exec/s: 530016 rss: 36Mb L: 18/34 MS: 3 PersAutoDict-EraseBytes-InsertByte- DE: ":\000"-
#2169838	REDUCE cov: 50 ft: 419 corp: 143/2759b lim: 5403 exec/s: 433967 rss: 36Mb L: 18/34 MS: 3 ShuffleBytes-CrossOver-EraseBytes-
#2180085	REDUCE cov: 50 ft: 419 corp: 143/2757b lim: 5403 exec/s: 436017 rss: 36Mb L: 18/34 MS: 2 PersAutoDict-EraseBytes- DE: "\377/"-
#2275378	REDUCE cov: 50 ft: 419 corp: 143/2755b lim: 5403 exec/s: 455075 rss: 36Mb L: 16/34 MS: 3 ChangeBinInt-EraseBytes-CrossOver-
#2290720	REDUCE cov: 50 ft: 419 corp: 143/2751b lim: 5403 exec/s: 458144 rss: 36Mb L: 17/34 MS: 2 EraseBytes-PersAutoDict- DE: "\377\377\377\377\377\377\377\025"-
#2592584	REDUCE cov: 50 ft: 419 corp: 143/2749b lim: 5403 exec/s: 518516 rss: 36Mb L: 18/34 MS: 4 EraseBytes-CMP-InsertByte-EraseBytes- DE: "\0000"-
#2713391	NEW    cov: 50 ft: 421 corp: 144/2777b lim: 5403 exec/s: 452231 rss: 36Mb L: 28/34 MS: 2 CrossOver-CopyPart-
#2733545	REDUCE cov: 50 ft: 421 corp: 144/2775b lim: 5403 exec/s: 455590 rss: 36Mb L: 20/34 MS: 4 ChangeBit-ChangeByte-ChangeBit-EraseBytes-
#2826123	REDUCE cov: 50 ft: 421 corp: 144/2773b lim: 5403 exec/s: 471020 rss: 36Mb L: 20/34 MS: 3 PersAutoDict-EraseBytes-ChangeByte- DE: "b\000\000\000"-
#3046001	REDUCE cov: 50 ft: 421 corp: 144/2771b lim: 5403 exec/s: 435143 rss: 36Mb L: 18/34 MS: 3 ChangeByte-InsertByte-EraseBytes-
#3343600	REDUCE cov: 50 ft: 421 corp: 144/2769b lim: 5403 exec/s: 477657 rss: 36Mb L: 16/34 MS: 4 ChangeByte-ShuffleBytes-EraseBytes-InsertByte-
#3372802	REDUCE cov: 50 ft: 421 corp: 144/2767b lim: 5403 exec/s: 481828 rss: 36Mb L: 18/34 MS: 2 ChangeByte-EraseBytes-
#3425174	REDUCE cov: 50 ft: 421 corp: 144/2765b lim: 5403 exec/s: 489310 rss: 36Mb L: 16/34 MS: 2 EraseBytes-ChangeBinInt-
#3510867	REDUCE cov: 50 ft: 421 corp: 144/2763b lim: 5403 exec/s: 438858 rss: 36Mb L: 16/34 MS: 3 EraseBytes-ShuffleBytes-ChangeByte-
#3874029	REDUCE cov: 50 ft: 421 corp: 144/2761b lim: 5403 exec/s: 484253 rss: 36Mb L: 18/34 MS: 2 PersAutoDict-EraseBytes- DE: "\377\377\377y"-
#4536591	REDUCE cov: 50 ft: 421 corp: 144/2759b lim: 5403 exec/s: 453659 rss: 36Mb L: 16/34 MS: 2 EraseBytes-ChangeByte-
#4680314	REDUCE cov: 50 ft: 421 corp: 144/2757b lim: 5403 exec/s: 468031 rss: 36Mb L: 20/34 MS: 3 CrossOver-EraseBytes-ChangeByte-
#4680421	REDUCE cov: 50 ft: 421 corp: 144/2755b lim: 5403 exec/s: 468042 rss: 36Mb L: 18/34 MS: 2 EraseBytes-ChangeByte-
#4787604	REDUCE cov: 50 ft: 421 corp: 144/2753b lim: 5403 exec/s: 478760 rss: 36Mb L: 18/34 MS: 3 CMP-EraseBytes-ChangeBinInt- DE: "\017\000\000\000\000\000\000\000"-
#5231978	REDUCE cov: 50 ft: 422 corp: 145/2771b lim: 5403 exec/s: 475634 rss: 36Mb L: 18/34 MS: 4 ChangeByte-ShuffleBytes-ChangeBit-ChangeByte-
#5389267	REDUCE cov: 50 ft: 422 corp: 145/2769b lim: 5403 exec/s: 449105 rss: 36Mb L: 18/34 MS: 4 InsertByte-EraseBytes-ChangeASCIIInt-PersAutoDict- DE: "\377/"-
#5563360	REDUCE cov: 50 ft: 422 corp: 145/2763b lim: 5403 exec/s: 463613 rss: 36Mb L: 16/34 MS: 3 ChangeByte-ChangeBinInt-EraseBytes-
#5627482	REDUCE cov: 50 ft: 422 corp: 145/2761b lim: 5403 exec/s: 468956 rss: 36Mb L: 16/34 MS: 2 EraseBytes-ChangeByte-
#5742655	REDUCE cov: 50 ft: 422 corp: 145/2759b lim: 5403 exec/s: 441742 rss: 36Mb L: 20/34 MS: 3 InsertByte-ChangeBinInt-EraseBytes-
#5796792	REDUCE cov: 50 ft: 422 corp: 145/2757b lim: 5403 exec/s: 445907 rss: 36Mb L: 16/34 MS: 2 CMP-EraseBytes- DE: "\377\377\377C"-
#6098129	REDUCE cov: 50 ft: 422 corp: 145/2755b lim: 5403 exec/s: 469086 rss: 36Mb L: 16/34 MS: 2 ChangeBinInt-EraseBytes-
panic: found special char in iban [recovered]
	panic: found special char in iban

goroutine 17 [running, locked to thread]:
git.ultraware.nl/iddinkgroep/fundament-api.Fuzz.func1()
	git.ultraware.nl/iddinkgroep/fundament-api/fuzz.go:19 +0xa5
panic({0x5567becf1760?, 0x5567bed04c70?})
	runtime/panic.go:914 +0x21f
git.ultraware.nl/iddinkgroep/fundament-api.Fuzz({0xc000152840, 0x16})
	git.ultraware.nl/iddinkgroep/fundament-api/fuzz.go:34 +0x2b9
git.ultraware.nl/iddinkgroep/fundament-api.Fuzz_(...)
	git.ultraware.nl/iddinkgroep/fundament-api/fuzz.1527825026.go:6
main.LLVMFuzzerTestOneInput(...)
	./main.170485750.go:21
==32330== ERROR: libFuzzer: deadly signal
    #0 0x5567bec14630 in __sanitizer_print_stack_trace (/seedai/experiments/libfuzzer/source_iban/libfuzzer+0xaf630) (BuildId: 688cb25bec4564588da2a67f6a2b25148a0fd5d4)
    #1 0x5567bebe0755 in fuzzer::PrintStackTrace() (/seedai/experiments/libfuzzer/source_iban/libfuzzer+0x7b755) (BuildId: 688cb25bec4564588da2a67f6a2b25148a0fd5d4)
    #2 0x5567bebbf3a9 in fuzzer::Fuzzer::CrashCallback() (.part.0) FuzzerLoop.cpp.o
    #3 0x5567bebbf46a in fuzzer::Fuzzer::StaticCrashSignalCallback() (/seedai/experiments/libfuzzer/source_iban/libfuzzer+0x5a46a) (BuildId: 688cb25bec4564588da2a67f6a2b25148a0fd5d4)
    #4 0x7fbf876cc70f  (/usr/lib/libc.so.6+0x3e70f) (BuildId: 316d0d3666387f0e8fb98773f51aa1801027c5ab)
    #5 0x5567bec74160 in runtime.raise.abi0 runtime/sys_linux_amd64.s:153

NOTE: libFuzzer has rudimentary signal handlers.
      Combine libFuzzer with AddressSanitizer or similar for better crash reports.
SUMMARY: libFuzzer: deadly signal
MS: 2 ShuffleBytes-ShuffleBytes-; base unit: 2dd51054f503cc15e3d14153cc1bdb86907bd4e6
0x44,0x45,0x38,0x39,0x2d,0x30,0x30,0x30,0x30,0x30,0x30,0x30,0x30,0x30,0x37,0x37,0x30,0x30,0x30,0x38,0x34,0x37,
DE89-00000000077000847
artifact_prefix='./'; Test unit written to ./crash-23f3940b5c2bbcd1c652c89ca86b54fc8544b123
Base64: REU4OS0wMDAwMDAwMDA3NzAwMDg0Nw==
