INFO: Running with entropic power schedule (0xFF, 100).
INFO: Seed: 3148816269
INFO: Loaded 1 modules   (70 inline 8-bit counters): 70 [0x557b0634b030, 0x557b0634b076), 
INFO: Loaded 1 PC tables (70 PCs): 70 [0xc000068000,0xc000068460), 
INFO:        1 files found in corpus
INFO: -max_len is not provided; libFuzzer will not generate inputs larger than 4096 bytes
INFO: seed corpus: files: 1 min: 1b max: 1b total: 1b rss: 29Mb
#2	INITED cov: 9 ft: 15 corp: 1/1b exec/s: 0 rss: 29Mb
#3	NEW    cov: 9 ft: 16 corp: 2/3b lim: 4 exec/s: 0 rss: 29Mb L: 2/2 MS: 1 CrossOver-
#6	NEW    cov: 9 ft: 19 corp: 3/6b lim: 4 exec/s: 0 rss: 29Mb L: 3/3 MS: 3 ChangeByte-ChangeBit-CrossOver-
#238	NEW    cov: 9 ft: 20 corp: 4/11b lim: 6 exec/s: 0 rss: 29Mb L: 5/5 MS: 2 CopyPart-CrossOver-
#446	NEW    cov: 9 ft: 21 corp: 5/18b lim: 8 exec/s: 0 rss: 29Mb L: 7/7 MS: 3 CrossOver-ChangeBit-InsertByte-
#460	NEW    cov: 9 ft: 22 corp: 6/26b lim: 8 exec/s: 0 rss: 29Mb L: 8/8 MS: 4 ChangeBit-InsertRepeatedBytes-ShuffleBytes-CrossOver-
#1087	NEW    cov: 9 ft: 23 corp: 7/38b lim: 14 exec/s: 0 rss: 30Mb L: 12/12 MS: 2 InsertByte-InsertRepeatedBytes-
#1099	NEW    cov: 9 ft: 24 corp: 8/51b lim: 14 exec/s: 0 rss: 30Mb L: 13/13 MS: 2 ChangeBinInt-CopyPart-
#1143	NEW    cov: 9 ft: 25 corp: 9/65b lim: 14 exec/s: 0 rss: 30Mb L: 14/14 MS: 4 CopyPart-CMP-InsertByte-CrossOver- DE: "L\000\000\000\000\000\000\000"-
#1474	NEW    cov: 11 ft: 31 corp: 10/81b lim: 17 exec/s: 0 rss: 30Mb L: 16/16 MS: 1 InsertRepeatedBytes-
#1479	NEW    cov: 11 ft: 33 corp: 11/96b lim: 17 exec/s: 0 rss: 30Mb L: 15/16 MS: 5 ChangeBinInt-PersAutoDict-PersAutoDict-EraseBytes-InsertRepeatedBytes- DE: "L\000\000\000\000\000\000\000"-"L\000\000\000\000\000\000\000"-
#1492	NEW    cov: 11 ft: 34 corp: 12/113b lim: 17 exec/s: 0 rss: 30Mb L: 17/17 MS: 3 PersAutoDict-InsertByte-InsertRepeatedBytes- DE: "L\000\000\000\000\000\000\000"-
#1915	NEW    cov: 11 ft: 35 corp: 13/132b lim: 21 exec/s: 0 rss: 30Mb L: 19/19 MS: 3 PersAutoDict-ChangeByte-InsertRepeatedBytes- DE: "L\000\000\000\000\000\000\000"-
#2766	NEW    cov: 11 ft: 36 corp: 14/160b lim: 29 exec/s: 0 rss: 30Mb L: 28/28 MS: 1 CopyPart-
#2774	NEW    cov: 11 ft: 37 corp: 15/189b lim: 29 exec/s: 0 rss: 30Mb L: 29/29 MS: 3 CopyPart-ShuffleBytes-InsertRepeatedBytes-
#3183	NEW    cov: 11 ft: 38 corp: 16/220b lim: 33 exec/s: 0 rss: 30Mb L: 31/31 MS: 4 EraseBytes-ChangeBit-CrossOver-InsertRepeatedBytes-
#3209	NEW    cov: 11 ft: 39 corp: 17/253b lim: 33 exec/s: 0 rss: 30Mb L: 33/33 MS: 1 CopyPart-
#3737	NEW    cov: 11 ft: 41 corp: 18/287b lim: 38 exec/s: 0 rss: 30Mb L: 34/34 MS: 3 EraseBytes-CopyPart-InsertRepeatedBytes-
#3922	NEW    cov: 13 ft: 47 corp: 19/313b lim: 38 exec/s: 0 rss: 30Mb L: 26/34 MS: 5 CrossOver-InsertRepeatedBytes-CrossOver-CrossOver-ChangeByte-
#3988	NEW    cov: 13 ft: 48 corp: 20/339b lim: 38 exec/s: 0 rss: 30Mb L: 26/34 MS: 1 CopyPart-
#4004	NEW    cov: 13 ft: 49 corp: 21/365b lim: 38 exec/s: 0 rss: 30Mb L: 26/34 MS: 1 ChangeByte-
#4035	NEW    cov: 13 ft: 50 corp: 22/399b lim: 38 exec/s: 0 rss: 30Mb L: 34/34 MS: 1 CopyPart-
#4189	NEW    cov: 25 ft: 94 corp: 23/419b lim: 38 exec/s: 0 rss: 30Mb L: 20/34 MS: 4 ChangeBit-EraseBytes-CrossOver-CrossOver-
#4217	NEW    cov: 25 ft: 96 corp: 24/442b lim: 38 exec/s: 0 rss: 30Mb L: 23/34 MS: 3 CrossOver-ChangeBit-CopyPart-
#4329	NEW    cov: 25 ft: 97 corp: 25/462b lim: 38 exec/s: 0 rss: 30Mb L: 20/34 MS: 2 ChangeBinInt-EraseBytes-
#4336	NEW    cov: 25 ft: 98 corp: 26/482b lim: 38 exec/s: 0 rss: 30Mb L: 20/34 MS: 2 PersAutoDict-PersAutoDict- DE: "L\000\000\000\000\000\000\000"-"L\000\000\000\000\000\000\000"-
#4377	NEW    cov: 25 ft: 99 corp: 27/502b lim: 38 exec/s: 0 rss: 30Mb L: 20/34 MS: 1 ChangeByte-
#4391	NEW    cov: 25 ft: 100 corp: 28/518b lim: 38 exec/s: 0 rss: 30Mb L: 16/34 MS: 4 CMP-ShuffleBytes-EraseBytes-CMP- DE: "\377\377"-"\001\000\000\000"-
#4439	REDUCE cov: 25 ft: 100 corp: 28/517b lim: 38 exec/s: 0 rss: 30Mb L: 15/34 MS: 3 PersAutoDict-ChangeBit-EraseBytes- DE: "\377\377"-
#4459	NEW    cov: 25 ft: 101 corp: 29/540b lim: 38 exec/s: 0 rss: 30Mb L: 23/34 MS: 5 CrossOver-CMP-ChangeByte-ShuffleBytes-ChangeBit- DE: "\001\000"-
#4594	NEW    cov: 25 ft: 104 corp: 30/560b lim: 38 exec/s: 0 rss: 31Mb L: 20/34 MS: 5 InsertRepeatedBytes-CopyPart-ChangeBinInt-CopyPart-EraseBytes-
#4636	NEW    cov: 25 ft: 105 corp: 31/575b lim: 38 exec/s: 0 rss: 31Mb L: 15/34 MS: 2 CrossOver-EraseBytes-
#4716	NEW    cov: 25 ft: 106 corp: 32/602b lim: 38 exec/s: 0 rss: 31Mb L: 27/34 MS: 5 ShuffleBytes-ChangeByte-ChangeBinInt-ChangeByte-InsertByte-
#4881	REDUCE cov: 25 ft: 106 corp: 32/596b lim: 38 exec/s: 0 rss: 31Mb L: 21/34 MS: 5 InsertRepeatedBytes-ShuffleBytes-CopyPart-ChangeByte-EraseBytes-
#5007	REDUCE cov: 25 ft: 106 corp: 32/588b lim: 38 exec/s: 0 rss: 31Mb L: 18/34 MS: 1 EraseBytes-
#5008	NEW    cov: 25 ft: 108 corp: 33/611b lim: 38 exec/s: 0 rss: 31Mb L: 23/34 MS: 1 PersAutoDict- DE: "L\000\000\000\000\000\000\000"-
#5101	NEW    cov: 25 ft: 111 corp: 34/628b lim: 38 exec/s: 0 rss: 31Mb L: 17/34 MS: 3 ChangeBit-InsertByte-CrossOver-
#5112	NEW    cov: 25 ft: 112 corp: 35/651b lim: 38 exec/s: 0 rss: 31Mb L: 23/34 MS: 1 ChangeBit-
#5241	REDUCE cov: 25 ft: 112 corp: 35/644b lim: 38 exec/s: 0 rss: 31Mb L: 16/34 MS: 4 PersAutoDict-EraseBytes-InsertByte-PersAutoDict- DE: "\377\377"-"\377\377"-
#5578	NEW    cov: 25 ft: 113 corp: 36/664b lim: 38 exec/s: 0 rss: 31Mb L: 20/34 MS: 2 ShuffleBytes-CMP- DE: "\021\000\000\000\000\000\000\000"-
#5844	REDUCE cov: 25 ft: 113 corp: 36/663b lim: 38 exec/s: 0 rss: 31Mb L: 22/34 MS: 1 EraseBytes-
#6246	NEW    cov: 25 ft: 115 corp: 37/683b lim: 38 exec/s: 0 rss: 31Mb L: 20/34 MS: 2 ChangeBinInt-ChangeByte-
#6459	REDUCE cov: 25 ft: 115 corp: 37/682b lim: 38 exec/s: 0 rss: 31Mb L: 22/34 MS: 3 ChangeBinInt-ChangeByte-EraseBytes-
#6484	REDUCE cov: 25 ft: 116 corp: 38/702b lim: 38 exec/s: 0 rss: 31Mb L: 20/34 MS: 5 ChangeBinInt-EraseBytes-ShuffleBytes-InsertByte-InsertByte-
#6810	NEW    cov: 25 ft: 117 corp: 39/722b lim: 38 exec/s: 0 rss: 31Mb L: 20/34 MS: 1 CrossOver-
#7238	REDUCE cov: 25 ft: 117 corp: 39/721b lim: 38 exec/s: 0 rss: 31Mb L: 27/34 MS: 3 CrossOver-ChangeBit-PersAutoDict- DE: "\021\000\000\000\000\000\000\000"-
#7248	REDUCE cov: 25 ft: 117 corp: 39/718b lim: 38 exec/s: 0 rss: 31Mb L: 23/34 MS: 5 CopyPart-InsertRepeatedBytes-InsertByte-CrossOver-CMP- DE: "\377\377\377\377"-
#7269	NEW    cov: 25 ft: 118 corp: 40/735b lim: 38 exec/s: 0 rss: 31Mb L: 17/34 MS: 1 ChangeBinInt-
#7283	NEW    cov: 25 ft: 119 corp: 41/755b lim: 38 exec/s: 0 rss: 31Mb L: 20/34 MS: 4 ShuffleBytes-ShuffleBytes-PersAutoDict-ChangeByte- DE: "\001\000"-
#7649	REDUCE cov: 25 ft: 119 corp: 41/754b lim: 38 exec/s: 0 rss: 31Mb L: 19/34 MS: 1 EraseBytes-
#8771	REDUCE cov: 25 ft: 119 corp: 41/753b lim: 48 exec/s: 0 rss: 32Mb L: 16/34 MS: 2 ChangeBinInt-EraseBytes-
#9454	REDUCE cov: 25 ft: 120 corp: 42/768b lim: 53 exec/s: 0 rss: 32Mb L: 15/34 MS: 3 EraseBytes-CrossOver-PersAutoDict- DE: "\001\000\000\000"-
#9560	REDUCE cov: 25 ft: 121 corp: 43/784b lim: 53 exec/s: 0 rss: 32Mb L: 16/34 MS: 1 ChangeBinInt-
#9826	NEW    cov: 25 ft: 122 corp: 44/804b lim: 53 exec/s: 0 rss: 32Mb L: 20/34 MS: 1 ChangeBit-
#10205	NEW    cov: 25 ft: 123 corp: 45/824b lim: 53 exec/s: 0 rss: 32Mb L: 20/34 MS: 4 ChangeBit-ShuffleBytes-EraseBytes-InsertRepeatedBytes-
#10321	REDUCE cov: 25 ft: 123 corp: 45/819b lim: 53 exec/s: 0 rss: 32Mb L: 15/34 MS: 1 EraseBytes-
#10723	NEW    cov: 25 ft: 124 corp: 46/842b lim: 53 exec/s: 0 rss: 32Mb L: 23/34 MS: 2 CopyPart-ChangeBinInt-
#11001	REDUCE cov: 25 ft: 125 corp: 47/857b lim: 53 exec/s: 0 rss: 32Mb L: 15/34 MS: 3 EraseBytes-ChangeByte-PersAutoDict- DE: "\001\000"-
#11506	REDUCE cov: 25 ft: 125 corp: 47/855b lim: 53 exec/s: 0 rss: 32Mb L: 19/34 MS: 5 ChangeBinInt-ChangeByte-InsertRepeatedBytes-CrossOver-InsertRepeatedBytes-
#12071	REDUCE cov: 25 ft: 125 corp: 47/850b lim: 58 exec/s: 0 rss: 32Mb L: 21/34 MS: 5 EraseBytes-CrossOver-ChangeBit-EraseBytes-PersAutoDict- DE: "L\000\000\000\000\000\000\000"-
#12214	REDUCE cov: 25 ft: 125 corp: 47/846b lim: 58 exec/s: 0 rss: 32Mb L: 16/34 MS: 3 CopyPart-PersAutoDict-EraseBytes- DE: "\001\000\000\000"-
#12304	NEW    cov: 25 ft: 126 corp: 48/867b lim: 58 exec/s: 0 rss: 32Mb L: 21/34 MS: 5 ChangeBinInt-ChangeByte-ChangeBinInt-InsertByte-ChangeBinInt-
#12411	REDUCE cov: 25 ft: 126 corp: 48/866b lim: 58 exec/s: 0 rss: 32Mb L: 21/34 MS: 2 CopyPart-EraseBytes-
#12472	REDUCE cov: 25 ft: 126 corp: 48/864b lim: 58 exec/s: 0 rss: 32Mb L: 18/34 MS: 1 EraseBytes-
#12729	REDUCE cov: 25 ft: 126 corp: 48/863b lim: 58 exec/s: 0 rss: 33Mb L: 19/34 MS: 2 ChangeBit-EraseBytes-
#13458	NEW    cov: 25 ft: 128 corp: 49/887b lim: 63 exec/s: 0 rss: 33Mb L: 24/34 MS: 4 ChangeByte-PersAutoDict-InsertByte-PersAutoDict- DE: "\001\000"-"L\000\000\000\000\000\000\000"-
#13609	REDUCE cov: 25 ft: 128 corp: 49/886b lim: 63 exec/s: 0 rss: 33Mb L: 15/34 MS: 1 EraseBytes-
#14388	REDUCE cov: 25 ft: 128 corp: 49/884b lim: 68 exec/s: 0 rss: 33Mb L: 21/34 MS: 4 EraseBytes-ChangeBit-ChangeBinInt-CrossOver-
#15979	REDUCE cov: 25 ft: 128 corp: 49/879b lim: 80 exec/s: 0 rss: 33Mb L: 16/34 MS: 1 EraseBytes-
#16229	REDUCE cov: 25 ft: 128 corp: 49/869b lim: 80 exec/s: 0 rss: 33Mb L: 24/34 MS: 5 EraseBytes-InsertByte-CopyPart-CrossOver-InsertByte-
#16242	REDUCE cov: 25 ft: 128 corp: 49/865b lim: 80 exec/s: 0 rss: 33Mb L: 20/34 MS: 3 CopyPart-PersAutoDict-EraseBytes- DE: "\377\377"-
#16359	REDUCE cov: 25 ft: 128 corp: 49/863b lim: 80 exec/s: 0 rss: 33Mb L: 15/34 MS: 2 ChangeByte-EraseBytes-
#17390	REDUCE cov: 25 ft: 128 corp: 49/861b lim: 86 exec/s: 0 rss: 33Mb L: 17/34 MS: 1 EraseBytes-
#17402	REDUCE cov: 25 ft: 128 corp: 49/860b lim: 86 exec/s: 0 rss: 33Mb L: 19/34 MS: 2 ChangeBinInt-EraseBytes-
#18019	REDUCE cov: 25 ft: 128 corp: 49/856b lim: 92 exec/s: 0 rss: 34Mb L: 16/34 MS: 2 InsertRepeatedBytes-EraseBytes-
#18684	REDUCE cov: 25 ft: 128 corp: 49/854b lim: 98 exec/s: 0 rss: 34Mb L: 15/34 MS: 5 CrossOver-InsertByte-ShuffleBytes-ChangeByte-EraseBytes-
#20656	REDUCE cov: 25 ft: 128 corp: 49/853b lim: 116 exec/s: 0 rss: 34Mb L: 15/34 MS: 2 CopyPart-EraseBytes-
#23500	REDUCE cov: 25 ft: 128 corp: 49/852b lim: 142 exec/s: 0 rss: 34Mb L: 19/34 MS: 4 ChangeByte-CopyPart-InsertByte-EraseBytes-
#25670	REDUCE cov: 25 ft: 129 corp: 50/870b lim: 163 exec/s: 0 rss: 34Mb L: 18/34 MS: 5 ChangeBinInt-InsertByte-InsertByte-InsertByte-ChangeBit-
#26396	REDUCE cov: 25 ft: 129 corp: 50/868b lim: 170 exec/s: 0 rss: 34Mb L: 17/34 MS: 1 EraseBytes-
#26967	REDUCE cov: 25 ft: 129 corp: 50/866b lim: 170 exec/s: 0 rss: 34Mb L: 16/34 MS: 1 CrossOver-
#28552	REDUCE cov: 25 ft: 129 corp: 50/865b lim: 184 exec/s: 0 rss: 34Mb L: 15/34 MS: 5 CopyPart-PersAutoDict-CopyPart-PersAutoDict-EraseBytes- DE: "\001\000\000\000"-"\001\000\000\000"-
#32719	REDUCE cov: 25 ft: 129 corp: 50/864b lim: 219 exec/s: 0 rss: 34Mb L: 18/34 MS: 2 EraseBytes-ChangeBinInt-
#32947	REDUCE cov: 25 ft: 131 corp: 51/883b lim: 219 exec/s: 0 rss: 34Mb L: 19/34 MS: 3 ShuffleBytes-ChangeBit-PersAutoDict- DE: "\001\000\000\000"-
#34329	REDUCE cov: 25 ft: 131 corp: 51/882b lim: 226 exec/s: 0 rss: 34Mb L: 18/34 MS: 2 EraseBytes-CopyPart-
#34335	REDUCE cov: 25 ft: 131 corp: 51/880b lim: 226 exec/s: 0 rss: 34Mb L: 21/34 MS: 1 EraseBytes-
#35431	REDUCE cov: 25 ft: 131 corp: 51/879b lim: 233 exec/s: 0 rss: 35Mb L: 15/34 MS: 1 EraseBytes-
#37073	REDUCE cov: 25 ft: 131 corp: 51/877b lim: 247 exec/s: 0 rss: 35Mb L: 20/34 MS: 2 InsertByte-EraseBytes-
#37554	REDUCE cov: 25 ft: 131 corp: 51/876b lim: 247 exec/s: 0 rss: 35Mb L: 16/34 MS: 1 EraseBytes-
#39255	NEW    cov: 25 ft: 132 corp: 52/895b lim: 261 exec/s: 0 rss: 35Mb L: 19/34 MS: 1 CMP- DE: "\001\000\000\000"-
#40617	REDUCE cov: 25 ft: 132 corp: 52/893b lim: 269 exec/s: 0 rss: 35Mb L: 16/34 MS: 2 PersAutoDict-EraseBytes- DE: "\377\377"-
#42233	REDUCE cov: 25 ft: 132 corp: 52/892b lim: 285 exec/s: 0 rss: 35Mb L: 17/34 MS: 1 EraseBytes-
#44780	REDUCE cov: 25 ft: 132 corp: 52/891b lim: 309 exec/s: 0 rss: 35Mb L: 22/34 MS: 2 ChangeBit-EraseBytes-
#45707	REDUCE cov: 25 ft: 132 corp: 52/890b lim: 317 exec/s: 0 rss: 35Mb L: 18/34 MS: 2 EraseBytes-ChangeBit-
#47428	REDUCE cov: 25 ft: 132 corp: 52/887b lim: 333 exec/s: 0 rss: 35Mb L: 17/34 MS: 1 EraseBytes-
#47879	REDUCE cov: 25 ft: 133 corp: 53/905b lim: 333 exec/s: 0 rss: 35Mb L: 18/34 MS: 1 ChangeBit-
#49711	REDUCE cov: 25 ft: 133 corp: 53/903b lim: 349 exec/s: 0 rss: 35Mb L: 18/34 MS: 2 ChangeBit-EraseBytes-
#57836	REDUCE cov: 25 ft: 133 corp: 53/897b lim: 429 exec/s: 0 rss: 35Mb L: 16/34 MS: 5 EraseBytes-CMP-InsertByte-InsertByte-CopyPart- DE: "\000\000"-
#59009	REDUCE cov: 25 ft: 133 corp: 53/896b lim: 437 exec/s: 0 rss: 35Mb L: 23/34 MS: 3 PersAutoDict-EraseBytes-CopyPart- DE: "\000\000"-
#59140	REDUCE cov: 25 ft: 133 corp: 53/895b lim: 437 exec/s: 0 rss: 35Mb L: 20/34 MS: 1 EraseBytes-
#63249	REDUCE cov: 25 ft: 133 corp: 53/894b lim: 477 exec/s: 0 rss: 35Mb L: 19/34 MS: 4 PersAutoDict-ChangeBit-EraseBytes-CopyPart- DE: "\001\000"-
#64282	REDUCE cov: 25 ft: 133 corp: 53/892b lim: 485 exec/s: 0 rss: 35Mb L: 15/34 MS: 3 PersAutoDict-EraseBytes-InsertByte- DE: "\377\377"-
#65656	REDUCE cov: 25 ft: 133 corp: 53/887b lim: 493 exec/s: 0 rss: 35Mb L: 15/34 MS: 4 ShuffleBytes-EraseBytes-ChangeBinInt-CrossOver-
#66419	REDUCE cov: 25 ft: 133 corp: 53/886b lim: 493 exec/s: 0 rss: 35Mb L: 15/34 MS: 3 ChangeBit-CopyPart-EraseBytes-
#66491	REDUCE cov: 25 ft: 133 corp: 53/885b lim: 493 exec/s: 0 rss: 35Mb L: 15/34 MS: 2 ShuffleBytes-EraseBytes-
#66901	REDUCE cov: 25 ft: 133 corp: 53/884b lim: 493 exec/s: 0 rss: 35Mb L: 15/34 MS: 5 CopyPart-ChangeByte-InsertByte-EraseBytes-ChangeBinInt-
#67188	REDUCE cov: 25 ft: 133 corp: 53/883b lim: 493 exec/s: 0 rss: 35Mb L: 20/34 MS: 2 ShuffleBytes-EraseBytes-
#68831	REDUCE cov: 25 ft: 133 corp: 53/880b lim: 509 exec/s: 0 rss: 35Mb L: 17/34 MS: 3 ShuffleBytes-EraseBytes-InsertByte-
#71290	REDUCE cov: 25 ft: 133 corp: 53/879b lim: 526 exec/s: 0 rss: 35Mb L: 16/34 MS: 4 EraseBytes-ChangeBinInt-CMP-CopyPart- DE: "\000\000"-
#71516	REDUCE cov: 25 ft: 133 corp: 53/878b lim: 526 exec/s: 0 rss: 35Mb L: 17/34 MS: 1 EraseBytes-
#74168	REDUCE cov: 25 ft: 133 corp: 53/876b lim: 544 exec/s: 0 rss: 35Mb L: 16/34 MS: 2 InsertByte-EraseBytes-
#76931	REDUCE cov: 25 ft: 133 corp: 53/871b lim: 571 exec/s: 0 rss: 35Mb L: 15/34 MS: 3 ChangeByte-EraseBytes-CopyPart-
#81762	REDUCE cov: 25 ft: 133 corp: 53/870b lim: 616 exec/s: 0 rss: 35Mb L: 16/34 MS: 1 EraseBytes-
#83295	REDUCE cov: 25 ft: 133 corp: 53/869b lim: 625 exec/s: 0 rss: 35Mb L: 20/34 MS: 3 ChangeBinInt-EraseBytes-InsertByte-
#83600	REDUCE cov: 25 ft: 133 corp: 53/868b lim: 625 exec/s: 0 rss: 35Mb L: 19/34 MS: 5 EraseBytes-ShuffleBytes-CMP-CrossOver-InsertByte- DE: "\000\000"-
#85281	REDUCE cov: 25 ft: 134 corp: 54/884b lim: 634 exec/s: 0 rss: 35Mb L: 16/34 MS: 1 InsertByte-
#92571	REDUCE cov: 25 ft: 134 corp: 54/881b lim: 706 exec/s: 0 rss: 35Mb L: 16/34 MS: 5 PersAutoDict-CopyPart-ChangeBit-ChangeByte-EraseBytes- DE: "\021\000\000\000\000\000\000\000"-
#96284	REDUCE cov: 25 ft: 134 corp: 54/879b lim: 742 exec/s: 0 rss: 35Mb L: 16/34 MS: 3 CMP-InsertByte-EraseBytes- DE: "\377\377\377\377\377\377\377\021"-
#97380	REDUCE cov: 25 ft: 134 corp: 54/878b lim: 751 exec/s: 0 rss: 35Mb L: 15/34 MS: 1 EraseBytes-
#107192	REDUCE cov: 25 ft: 134 corp: 54/877b lim: 841 exec/s: 0 rss: 35Mb L: 18/34 MS: 2 CMP-EraseBytes- DE: "\000\000\000\000"-
#109329	REDUCE cov: 25 ft: 134 corp: 54/876b lim: 859 exec/s: 0 rss: 35Mb L: 17/34 MS: 2 EraseBytes-InsertByte-
#112743	REDUCE cov: 25 ft: 134 corp: 54/875b lim: 886 exec/s: 0 rss: 35Mb L: 15/34 MS: 4 ChangeBit-CopyPart-EraseBytes-InsertByte-
#113089	REDUCE cov: 25 ft: 134 corp: 54/874b lim: 886 exec/s: 0 rss: 35Mb L: 18/34 MS: 1 EraseBytes-
#133765	REDUCE cov: 25 ft: 134 corp: 54/873b lim: 1090 exec/s: 0 rss: 35Mb L: 22/34 MS: 1 EraseBytes-
#135167	REDUCE cov: 25 ft: 134 corp: 54/872b lim: 1100 exec/s: 0 rss: 35Mb L: 19/34 MS: 2 PersAutoDict-EraseBytes- DE: "\021\000\000\000\000\000\000\000"-
#137169	REDUCE cov: 25 ft: 134 corp: 54/870b lim: 1110 exec/s: 0 rss: 35Mb L: 19/34 MS: 2 EraseBytes-PersAutoDict- DE: "\377\377"-
#141558	REDUCE cov: 25 ft: 134 corp: 54/869b lim: 1150 exec/s: 0 rss: 35Mb L: 19/34 MS: 4 ShuffleBytes-CopyPart-ShuffleBytes-EraseBytes-
#146510	REDUCE cov: 25 ft: 134 corp: 54/868b lim: 1190 exec/s: 0 rss: 35Mb L: 15/34 MS: 2 ChangeBinInt-EraseBytes-
#150572	REDUCE cov: 25 ft: 134 corp: 54/866b lim: 1230 exec/s: 0 rss: 35Mb L: 17/34 MS: 2 EraseBytes-PersAutoDict- DE: "\377\377"-
#159141	REDUCE cov: 25 ft: 134 corp: 54/865b lim: 1310 exec/s: 0 rss: 35Mb L: 16/34 MS: 4 ChangeBinInt-ChangeBinInt-EraseBytes-InsertByte-
#161230	REDUCE cov: 25 ft: 134 corp: 54/864b lim: 1330 exec/s: 0 rss: 35Mb L: 16/34 MS: 4 ShuffleBytes-PersAutoDict-InsertByte-EraseBytes- DE: "\000\000\000\000"-
#162937	REDUCE cov: 25 ft: 134 corp: 54/863b lim: 1340 exec/s: 0 rss: 35Mb L: 17/34 MS: 2 ChangeBinInt-EraseBytes-
#163105	REDUCE cov: 25 ft: 134 corp: 54/861b lim: 1340 exec/s: 0 rss: 35Mb L: 16/34 MS: 3 EraseBytes-ChangeBit-ChangeBinInt-
#166365	REDUCE cov: 25 ft: 134 corp: 54/857b lim: 1370 exec/s: 0 rss: 35Mb L: 15/34 MS: 5 PersAutoDict-EraseBytes-ChangeBit-ShuffleBytes-PersAutoDict- DE: "\000\000"-"\377\377"-
#173481	REDUCE cov: 25 ft: 135 corp: 55/872b lim: 1440 exec/s: 0 rss: 35Mb L: 15/34 MS: 1 ChangeBinInt-
#177688	REDUCE cov: 25 ft: 135 corp: 55/871b lim: 1480 exec/s: 0 rss: 35Mb L: 18/34 MS: 2 EraseBytes-ChangeByte-
#201941	REDUCE cov: 25 ft: 135 corp: 55/870b lim: 1720 exec/s: 0 rss: 35Mb L: 17/34 MS: 3 InsertByte-CopyPart-EraseBytes-
#207590	REDUCE cov: 25 ft: 135 corp: 55/869b lim: 1770 exec/s: 0 rss: 35Mb L: 16/34 MS: 4 ShuffleBytes-EraseBytes-ChangeByte-CMP- DE: "\377\377\377\377"-
#211002	REDUCE cov: 25 ft: 135 corp: 55/867b lim: 1800 exec/s: 0 rss: 35Mb L: 17/34 MS: 2 InsertByte-EraseBytes-
#212000	REDUCE cov: 25 ft: 135 corp: 55/866b lim: 1800 exec/s: 0 rss: 35Mb L: 15/34 MS: 3 InsertByte-EraseBytes-EraseBytes-
#216447	REDUCE cov: 25 ft: 135 corp: 55/865b lim: 1840 exec/s: 0 rss: 35Mb L: 16/34 MS: 2 EraseBytes-CopyPart-
#237736	REDUCE cov: 25 ft: 135 corp: 55/864b lim: 2050 exec/s: 0 rss: 35Mb L: 15/34 MS: 4 EraseBytes-EraseBytes-InsertByte-PersAutoDict- DE: "\377\377\377\377"-
#266295	REDUCE cov: 25 ft: 135 corp: 55/863b lim: 2325 exec/s: 0 rss: 35Mb L: 15/34 MS: 4 ChangeBinInt-EraseBytes-ChangeByte-ChangeBit-
#270066	REDUCE cov: 25 ft: 135 corp: 55/862b lim: 2358 exec/s: 0 rss: 35Mb L: 15/34 MS: 1 EraseBytes-
#293162	REDUCE cov: 25 ft: 135 corp: 55/861b lim: 2578 exec/s: 0 rss: 35Mb L: 16/34 MS: 1 EraseBytes-
#336898	REDUCE cov: 25 ft: 135 corp: 55/860b lim: 3007 exec/s: 0 rss: 35Mb L: 15/34 MS: 1 EraseBytes-
#365262	REDUCE cov: 25 ft: 136 corp: 56/876b lim: 3282 exec/s: 0 rss: 35Mb L: 16/34 MS: 4 ChangeBit-CopyPart-EraseBytes-InsertByte-
#369446	REDUCE cov: 25 ft: 136 corp: 56/875b lim: 3315 exec/s: 0 rss: 35Mb L: 15/34 MS: 4 CrossOver-InsertByte-InsertByte-EraseBytes-
#382563	NEW    cov: 30 ft: 153 corp: 57/891b lim: 3436 exec/s: 0 rss: 35Mb L: 16/34 MS: 2 ChangeBit-ShuffleBytes-
#382628	REDUCE cov: 30 ft: 153 corp: 57/890b lim: 3436 exec/s: 0 rss: 35Mb L: 15/34 MS: 5 CMP-EraseBytes-ShuffleBytes-InsertByte-CrossOver- DE: "\001\000"-
#383049	NEW    cov: 30 ft: 161 corp: 58/906b lim: 3436 exec/s: 0 rss: 35Mb L: 16/34 MS: 1 ShuffleBytes-
#383480	NEW    cov: 30 ft: 163 corp: 59/922b lim: 3436 exec/s: 0 rss: 35Mb L: 16/34 MS: 1 ChangeBinInt-
#387356	NEW    cov: 30 ft: 165 corp: 60/938b lim: 3469 exec/s: 0 rss: 35Mb L: 16/34 MS: 1 ChangeBit-
#387362	NEW    cov: 30 ft: 167 corp: 61/954b lim: 3469 exec/s: 0 rss: 35Mb L: 16/34 MS: 1 ShuffleBytes-
#388113	NEW    cov: 30 ft: 169 corp: 62/970b lim: 3469 exec/s: 0 rss: 35Mb L: 16/34 MS: 1 CopyPart-
#388190	NEW    cov: 30 ft: 171 corp: 63/988b lim: 3469 exec/s: 0 rss: 35Mb L: 18/34 MS: 2 CrossOver-ShuffleBytes-
#388351	NEW    cov: 30 ft: 174 corp: 64/1004b lim: 3469 exec/s: 0 rss: 35Mb L: 16/34 MS: 1 ChangeBinInt-
#388913	NEW    cov: 30 ft: 176 corp: 65/1020b lim: 3469 exec/s: 0 rss: 35Mb L: 16/34 MS: 2 ChangeASCIIInt-ChangeBit-
#389139	NEW    cov: 30 ft: 177 corp: 66/1038b lim: 3469 exec/s: 0 rss: 35Mb L: 18/34 MS: 1 ChangeBinInt-
#389275	NEW    cov: 30 ft: 179 corp: 67/1056b lim: 3469 exec/s: 0 rss: 35Mb L: 18/34 MS: 1 ChangeBit-
#389336	NEW    cov: 30 ft: 181 corp: 68/1072b lim: 3469 exec/s: 0 rss: 35Mb L: 16/34 MS: 1 ChangeBit-
#389388	NEW    cov: 30 ft: 190 corp: 69/1090b lim: 3469 exec/s: 0 rss: 35Mb L: 18/34 MS: 2 CopyPart-EraseBytes-
#389975	NEW    cov: 30 ft: 191 corp: 70/1110b lim: 3469 exec/s: 0 rss: 35Mb L: 20/34 MS: 2 CrossOver-EraseBytes-
#391039	NEW    cov: 30 ft: 193 corp: 71/1126b lim: 3469 exec/s: 0 rss: 35Mb L: 16/34 MS: 4 ChangeByte-EraseBytes-ChangeASCIIInt-CopyPart-
#392403	NEW    cov: 32 ft: 203 corp: 72/1146b lim: 3480 exec/s: 0 rss: 35Mb L: 20/34 MS: 4 ChangeASCIIInt-EraseBytes-CrossOver-CopyPart-
#392599	NEW    cov: 32 ft: 204 corp: 73/1166b lim: 3480 exec/s: 0 rss: 35Mb L: 20/34 MS: 1 ChangeBit-
#392617	NEW    cov: 32 ft: 206 corp: 74/1184b lim: 3480 exec/s: 0 rss: 35Mb L: 18/34 MS: 3 CMP-ChangeASCIIInt-CrossOver- DE: "\001\000"-
#392963	NEW    cov: 32 ft: 207 corp: 75/1204b lim: 3480 exec/s: 0 rss: 35Mb L: 20/34 MS: 1 ChangeBinInt-
#393149	NEW    cov: 32 ft: 208 corp: 76/1224b lim: 3480 exec/s: 0 rss: 35Mb L: 20/34 MS: 1 ChangeByte-
#393291	NEW    cov: 32 ft: 209 corp: 77/1244b lim: 3480 exec/s: 0 rss: 35Mb L: 20/34 MS: 2 ShuffleBytes-PersAutoDict- DE: "\000\000"-
#393922	NEW    cov: 32 ft: 212 corp: 78/1264b lim: 3480 exec/s: 0 rss: 35Mb L: 20/34 MS: 1 ChangeBit-
#394148	NEW    cov: 32 ft: 213 corp: 79/1284b lim: 3480 exec/s: 0 rss: 35Mb L: 20/34 MS: 1 ChangeBit-
#395119	NEW    cov: 33 ft: 214 corp: 80/1304b lim: 3480 exec/s: 0 rss: 35Mb L: 20/34 MS: 1 ChangeByte-
#395161	NEW    cov: 47 ft: 274 corp: 81/1324b lim: 3480 exec/s: 0 rss: 35Mb L: 20/34 MS: 2 ChangeByte-ChangeBit-
#395652	NEW    cov: 47 ft: 276 corp: 82/1342b lim: 3480 exec/s: 0 rss: 35Mb L: 18/34 MS: 1 ChangeBinInt-
#396629	NEW    cov: 47 ft: 277 corp: 83/1362b lim: 3480 exec/s: 0 rss: 35Mb L: 20/34 MS: 2 ShuffleBytes-ChangeByte-
#396650	NEW    cov: 47 ft: 278 corp: 84/1382b lim: 3480 exec/s: 0 rss: 35Mb L: 20/34 MS: 1 ShuffleBytes-
#397271	NEW    cov: 47 ft: 279 corp: 85/1402b lim: 3480 exec/s: 0 rss: 35Mb L: 20/34 MS: 1 ChangeByte-
#397768	NEW    cov: 47 ft: 281 corp: 86/1422b lim: 3480 exec/s: 397768 rss: 35Mb L: 20/34 MS: 2 ChangeByte-ChangeBinInt-
#397989	NEW    cov: 47 ft: 282 corp: 87/1442b lim: 3480 exec/s: 397989 rss: 35Mb L: 20/34 MS: 1 ChangeBit-
#400520	NEW    cov: 47 ft: 284 corp: 88/1462b lim: 3502 exec/s: 400520 rss: 35Mb L: 20/34 MS: 1 ShuffleBytes-
#405562	NEW    cov: 47 ft: 289 corp: 89/1482b lim: 3546 exec/s: 405562 rss: 35Mb L: 20/34 MS: 2 ChangeByte-ChangeBit-
#405614	NEW    cov: 47 ft: 291 corp: 90/1502b lim: 3546 exec/s: 405614 rss: 35Mb L: 20/34 MS: 2 ChangeByte-CopyPart-
#405832	NEW    cov: 47 ft: 293 corp: 91/1522b lim: 3546 exec/s: 405832 rss: 35Mb L: 20/34 MS: 3 CopyPart-ShuffleBytes-ChangeASCIIInt-
#407124	NEW    cov: 47 ft: 295 corp: 92/1542b lim: 3557 exec/s: 407124 rss: 35Mb L: 20/34 MS: 2 ShuffleBytes-ChangeBit-
#407516	NEW    cov: 47 ft: 298 corp: 93/1562b lim: 3557 exec/s: 407516 rss: 35Mb L: 20/34 MS: 2 ChangeBit-ChangeBit-
#408362	NEW    cov: 47 ft: 300 corp: 94/1582b lim: 3557 exec/s: 408362 rss: 35Mb L: 20/34 MS: 1 ChangeBit-
#411963	NEW    cov: 47 ft: 301 corp: 95/1610b lim: 3590 exec/s: 411963 rss: 35Mb L: 28/34 MS: 1 CopyPart-
#414749	REDUCE cov: 47 ft: 301 corp: 95/1609b lim: 3612 exec/s: 414749 rss: 35Mb L: 19/34 MS: 1 EraseBytes-
#415560	NEW    cov: 47 ft: 302 corp: 96/1629b lim: 3612 exec/s: 415560 rss: 35Mb L: 20/34 MS: 1 ChangeBit-
#429076	NEW    cov: 47 ft: 304 corp: 97/1649b lim: 3744 exec/s: 429076 rss: 35Mb L: 20/34 MS: 1 ChangeBit-
#433513	NEW    cov: 47 ft: 306 corp: 98/1669b lim: 3788 exec/s: 433513 rss: 35Mb L: 20/34 MS: 2 ShuffleBytes-ChangeByte-
#436121	NEW    cov: 47 ft: 309 corp: 99/1689b lim: 3810 exec/s: 436121 rss: 35Mb L: 20/34 MS: 3 ShuffleBytes-ChangeByte-ChangeByte-
#442454	NEW    cov: 48 ft: 314 corp: 100/1709b lim: 3865 exec/s: 442454 rss: 35Mb L: 20/34 MS: 3 CMP-EraseBytes-InsertByte- DE: "\017\000\000\000\000\000\000\000"-
#446180	NEW    cov: 48 ft: 315 corp: 101/1729b lim: 3898 exec/s: 446180 rss: 35Mb L: 20/34 MS: 1 ChangeBinInt-
#447471	NEW    cov: 48 ft: 316 corp: 102/1749b lim: 3909 exec/s: 447471 rss: 35Mb L: 20/34 MS: 1 ChangeBit-
#449017	NEW    cov: 48 ft: 317 corp: 103/1769b lim: 3920 exec/s: 449017 rss: 35Mb L: 20/34 MS: 1 ChangeBit-
#449653	NEW    cov: 48 ft: 318 corp: 104/1789b lim: 3920 exec/s: 449653 rss: 35Mb L: 20/34 MS: 1 ShuffleBytes-
#451184	NEW    cov: 48 ft: 319 corp: 105/1809b lim: 3931 exec/s: 451184 rss: 35Mb L: 20/34 MS: 1 CrossOver-
#452425	NEW    cov: 48 ft: 320 corp: 106/1829b lim: 3942 exec/s: 452425 rss: 35Mb L: 20/34 MS: 1 ChangeByte-
#454521	NEW    cov: 48 ft: 322 corp: 107/1849b lim: 3953 exec/s: 454521 rss: 35Mb L: 20/34 MS: 1 ChangeBit-
#455882	NEW    cov: 48 ft: 323 corp: 108/1869b lim: 3964 exec/s: 455882 rss: 35Mb L: 20/34 MS: 1 ChangeBit-
#456773	NEW    cov: 48 ft: 324 corp: 109/1889b lim: 3964 exec/s: 456773 rss: 35Mb L: 20/34 MS: 1 ChangeByte-
#457545	NEW    cov: 48 ft: 325 corp: 110/1909b lim: 3964 exec/s: 457545 rss: 35Mb L: 20/34 MS: 2 ShuffleBytes-ChangeBinInt-
#457771	NEW    cov: 48 ft: 326 corp: 111/1929b lim: 3964 exec/s: 457771 rss: 35Mb L: 20/34 MS: 1 ChangeByte-
#458452	NEW    cov: 48 ft: 327 corp: 112/1949b lim: 3964 exec/s: 458452 rss: 35Mb L: 20/34 MS: 1 ChangeBinInt-
#458458	NEW    cov: 48 ft: 328 corp: 113/1969b lim: 3964 exec/s: 458458 rss: 35Mb L: 20/34 MS: 1 ChangeBit-
#471115	REDUCE cov: 48 ft: 328 corp: 113/1967b lim: 4085 exec/s: 471115 rss: 35Mb L: 18/34 MS: 2 EraseBytes-ChangeByte-
#472416	NEW    cov: 48 ft: 329 corp: 114/1987b lim: 4096 exec/s: 472416 rss: 35Mb L: 20/34 MS: 1 ChangeBit-
#473999	REDUCE cov: 48 ft: 329 corp: 114/1985b lim: 4096 exec/s: 473999 rss: 35Mb L: 18/34 MS: 3 ChangeBinInt-InsertByte-EraseBytes-
#474526	REDUCE cov: 48 ft: 329 corp: 114/1983b lim: 4096 exec/s: 474526 rss: 35Mb L: 16/34 MS: 2 EraseBytes-ChangeByte-
#475487	NEW    cov: 48 ft: 331 corp: 115/2003b lim: 4096 exec/s: 475487 rss: 36Mb L: 20/34 MS: 1 ChangeBit-
#475679	NEW    cov: 48 ft: 332 corp: 116/2023b lim: 4096 exec/s: 475679 rss: 36Mb L: 20/34 MS: 2 CMP-CrossOver- DE: "0\000\000\000"-
#476100	NEW    cov: 48 ft: 333 corp: 117/2043b lim: 4096 exec/s: 476100 rss: 36Mb L: 20/34 MS: 1 ChangeByte-
#484131	NEW    cov: 48 ft: 334 corp: 118/2063b lim: 4096 exec/s: 484131 rss: 36Mb L: 20/34 MS: 1 ChangeByte-
#484978	NEW    cov: 49 ft: 337 corp: 119/2083b lim: 4096 exec/s: 484978 rss: 36Mb L: 20/34 MS: 2 ChangeBit-ChangeByte-
#490644	NEW    cov: 49 ft: 338 corp: 120/2103b lim: 4096 exec/s: 490644 rss: 36Mb L: 20/34 MS: 1 CopyPart-
#497795	NEW    cov: 49 ft: 339 corp: 121/2123b lim: 4096 exec/s: 497795 rss: 36Mb L: 20/34 MS: 1 ChangeBinInt-
#499731	NEW    cov: 49 ft: 341 corp: 122/2143b lim: 4096 exec/s: 499731 rss: 36Mb L: 20/34 MS: 1 CrossOver-
#503521	NEW    cov: 49 ft: 342 corp: 123/2163b lim: 4096 exec/s: 503521 rss: 36Mb L: 20/34 MS: 5 ShuffleBytes-ShuffleBytes-ChangeBinInt-ChangeASCIIInt-ShuffleBytes-
#506229	NEW    cov: 49 ft: 344 corp: 124/2183b lim: 4096 exec/s: 506229 rss: 36Mb L: 20/34 MS: 3 ChangeASCIIInt-CMP-CopyPart- DE: "2\000"-
#508406	NEW    cov: 49 ft: 345 corp: 125/2203b lim: 4096 exec/s: 508406 rss: 36Mb L: 20/34 MS: 2 CopyPart-ChangeBit-
#509132	NEW    cov: 49 ft: 346 corp: 126/2223b lim: 4096 exec/s: 509132 rss: 36Mb L: 20/34 MS: 1 CrossOver-
#511693	NEW    cov: 49 ft: 351 corp: 127/2243b lim: 4096 exec/s: 511693 rss: 36Mb L: 20/34 MS: 1 CopyPart-
#514235	REDUCE cov: 49 ft: 351 corp: 127/2241b lim: 4096 exec/s: 514235 rss: 36Mb L: 18/34 MS: 2 ChangeBinInt-EraseBytes-
#516588	REDUCE cov: 49 ft: 351 corp: 127/2239b lim: 4096 exec/s: 516588 rss: 36Mb L: 18/34 MS: 3 ShuffleBytes-EraseBytes-ChangeBinInt-
#527364	NEW    cov: 49 ft: 352 corp: 128/2259b lim: 4096 exec/s: 527364 rss: 36Mb L: 20/34 MS: 1 ChangeBit-
#529107	REDUCE cov: 49 ft: 352 corp: 128/2257b lim: 4096 exec/s: 529107 rss: 36Mb L: 18/34 MS: 3 EraseBytes-ChangeBit-InsertByte-
#536153	NEW    cov: 49 ft: 353 corp: 129/2277b lim: 4096 exec/s: 536153 rss: 36Mb L: 20/34 MS: 1 ShuffleBytes-
#542180	NEW    cov: 49 ft: 354 corp: 130/2297b lim: 4096 exec/s: 542180 rss: 36Mb L: 20/34 MS: 2 ChangeByte-ShuffleBytes-
#547426	NEW    cov: 49 ft: 355 corp: 131/2317b lim: 4096 exec/s: 547426 rss: 36Mb L: 20/34 MS: 1 ChangeBit-
#551998	NEW    cov: 49 ft: 356 corp: 132/2337b lim: 4096 exec/s: 551998 rss: 36Mb L: 20/34 MS: 2 ChangeBinInt-ChangeBinInt-
#560595	REDUCE cov: 49 ft: 356 corp: 132/2335b lim: 4096 exec/s: 560595 rss: 36Mb L: 18/34 MS: 2 InsertByte-EraseBytes-
#569297	REDUCE cov: 49 ft: 356 corp: 132/2333b lim: 4096 exec/s: 569297 rss: 36Mb L: 18/34 MS: 2 ChangeBinInt-EraseBytes-
#569794	NEW    cov: 49 ft: 357 corp: 133/2353b lim: 4096 exec/s: 569794 rss: 36Mb L: 20/34 MS: 2 ChangeBit-ChangeASCIIInt-
#571000	NEW    cov: 49 ft: 358 corp: 134/2373b lim: 4096 exec/s: 571000 rss: 36Mb L: 20/34 MS: 1 ChangeASCIIInt-
#572630	REDUCE cov: 49 ft: 358 corp: 134/2369b lim: 4096 exec/s: 572630 rss: 36Mb L: 16/34 MS: 5 CMP-EraseBytes-CopyPart-InsertByte-ChangeByte- DE: "\001y"-
#572806	NEW    cov: 49 ft: 359 corp: 135/2389b lim: 4096 exec/s: 572806 rss: 36Mb L: 20/34 MS: 1 ChangeASCIIInt-
#573572	NEW    cov: 49 ft: 360 corp: 136/2409b lim: 4096 exec/s: 573572 rss: 36Mb L: 20/34 MS: 1 ShuffleBytes-
#573753	NEW    cov: 49 ft: 361 corp: 137/2429b lim: 4096 exec/s: 573753 rss: 36Mb L: 20/34 MS: 1 ChangeASCIIInt-
#573859	NEW    cov: 49 ft: 362 corp: 138/2449b lim: 4096 exec/s: 573859 rss: 36Mb L: 20/34 MS: 1 ChangeByte-
#574855	NEW    cov: 49 ft: 363 corp: 139/2469b lim: 4096 exec/s: 574855 rss: 36Mb L: 20/34 MS: 1 CrossOver-
#575964	REDUCE cov: 49 ft: 363 corp: 139/2467b lim: 4096 exec/s: 575964 rss: 36Mb L: 18/34 MS: 4 CrossOver-ChangeBinInt-InsertByte-EraseBytes-
#586246	REDUCE cov: 49 ft: 363 corp: 139/2465b lim: 4096 exec/s: 586246 rss: 36Mb L: 18/34 MS: 2 EraseBytes-ChangeBit-
#589160	NEW    cov: 49 ft: 364 corp: 140/2485b lim: 4096 exec/s: 589160 rss: 36Mb L: 20/34 MS: 4 ShuffleBytes-CopyPart-ChangeASCIIInt-CopyPart-
#592931	NEW    cov: 49 ft: 366 corp: 141/2505b lim: 4096 exec/s: 592931 rss: 36Mb L: 20/34 MS: 1 ChangeASCIIInt-
#603118	NEW    cov: 49 ft: 367 corp: 142/2525b lim: 4096 exec/s: 603118 rss: 36Mb L: 20/34 MS: 2 ChangeASCIIInt-ChangeASCIIInt-
#606679	NEW    cov: 49 ft: 368 corp: 143/2545b lim: 4096 exec/s: 606679 rss: 36Mb L: 20/34 MS: 1 CopyPart-
#609430	NEW    cov: 49 ft: 369 corp: 144/2565b lim: 4096 exec/s: 609430 rss: 36Mb L: 20/34 MS: 1 ShuffleBytes-
#611001	NEW    cov: 49 ft: 370 corp: 145/2585b lim: 4096 exec/s: 611001 rss: 36Mb L: 20/34 MS: 1 ChangeASCIIInt-
#612472	NEW    cov: 49 ft: 372 corp: 146/2605b lim: 4096 exec/s: 612472 rss: 36Mb L: 20/34 MS: 1 CopyPart-
#621752	NEW    cov: 49 ft: 374 corp: 147/2625b lim: 4096 exec/s: 621752 rss: 36Mb L: 20/34 MS: 5 ChangeByte-ChangeBinInt-CrossOver-CopyPart-EraseBytes-
#621808	NEW    cov: 49 ft: 375 corp: 148/2645b lim: 4096 exec/s: 621808 rss: 36Mb L: 20/34 MS: 1 ChangeBit-
#622469	NEW    cov: 49 ft: 376 corp: 149/2665b lim: 4096 exec/s: 622469 rss: 36Mb L: 20/34 MS: 1 CrossOver-
#623541	NEW    cov: 49 ft: 377 corp: 150/2685b lim: 4096 exec/s: 623541 rss: 36Mb L: 20/34 MS: 2 ShuffleBytes-ShuffleBytes-
#624018	REDUCE cov: 49 ft: 377 corp: 150/2683b lim: 4096 exec/s: 624018 rss: 36Mb L: 18/34 MS: 2 EraseBytes-ChangeBinInt-
#625974	NEW    cov: 49 ft: 378 corp: 151/2703b lim: 4096 exec/s: 625974 rss: 36Mb L: 20/34 MS: 1 ChangeASCIIInt-
#626875	NEW    cov: 49 ft: 379 corp: 152/2723b lim: 4096 exec/s: 626875 rss: 36Mb L: 20/34 MS: 1 ChangeASCIIInt-
#628826	NEW    cov: 49 ft: 380 corp: 153/2743b lim: 4096 exec/s: 628826 rss: 36Mb L: 20/34 MS: 1 CopyPart-
#628972	NEW    cov: 49 ft: 382 corp: 154/2763b lim: 4096 exec/s: 628972 rss: 36Mb L: 20/34 MS: 1 ChangeBit-
#634284	NEW    cov: 49 ft: 383 corp: 155/2783b lim: 4096 exec/s: 634284 rss: 36Mb L: 20/34 MS: 2 InsertByte-EraseBytes-
#635690	NEW    cov: 49 ft: 384 corp: 156/2803b lim: 4096 exec/s: 635690 rss: 36Mb L: 20/34 MS: 1 ChangeBit-
#637091	NEW    cov: 49 ft: 385 corp: 157/2823b lim: 4096 exec/s: 637091 rss: 36Mb L: 20/34 MS: 1 ChangeASCIIInt-
#640067	NEW    cov: 49 ft: 386 corp: 158/2843b lim: 4096 exec/s: 640067 rss: 36Mb L: 20/34 MS: 1 ChangeASCIIInt-
#644163	NEW    cov: 49 ft: 387 corp: 159/2863b lim: 4096 exec/s: 644163 rss: 36Mb L: 20/34 MS: 1 CopyPart-
#649760	REDUCE cov: 49 ft: 387 corp: 159/2861b lim: 4096 exec/s: 649760 rss: 36Mb L: 18/34 MS: 2 InsertByte-EraseBytes-
#653962	REDUCE cov: 49 ft: 387 corp: 159/2859b lim: 4096 exec/s: 653962 rss: 36Mb L: 18/34 MS: 2 ChangeBit-EraseBytes-
#673059	REDUCE cov: 49 ft: 387 corp: 159/2855b lim: 4096 exec/s: 673059 rss: 36Mb L: 16/34 MS: 2 ChangeBinInt-EraseBytes-
#679658	NEW    cov: 49 ft: 388 corp: 160/2875b lim: 4096 exec/s: 679658 rss: 36Mb L: 20/34 MS: 4 ShuffleBytes-ChangeASCIIInt-ChangeBit-ShuffleBytes-
#683516	REDUCE cov: 49 ft: 388 corp: 160/2873b lim: 4096 exec/s: 683516 rss: 36Mb L: 16/34 MS: 3 ChangeBinInt-CopyPart-EraseBytes-
#705085	REDUCE cov: 49 ft: 388 corp: 160/2871b lim: 4096 exec/s: 705085 rss: 36Mb L: 18/34 MS: 4 InsertByte-ShuffleBytes-EraseBytes-ChangeASCIIInt-
#714684	REDUCE cov: 49 ft: 388 corp: 160/2869b lim: 4096 exec/s: 714684 rss: 36Mb L: 16/34 MS: 4 InsertByte-InsertByte-CMP-EraseBytes- DE: "{\000"-
#714771	REDUCE cov: 49 ft: 388 corp: 160/2867b lim: 4096 exec/s: 714771 rss: 36Mb L: 18/34 MS: 2 EraseBytes-ChangeByte-
#739008	NEW    cov: 49 ft: 389 corp: 161/2887b lim: 4096 exec/s: 739008 rss: 36Mb L: 20/34 MS: 2 ChangeBit-CopyPart-
#742854	NEW    cov: 49 ft: 390 corp: 162/2907b lim: 4096 exec/s: 742854 rss: 36Mb L: 20/34 MS: 1 ChangeBit-
#768602	REDUCE cov: 49 ft: 390 corp: 162/2905b lim: 4096 exec/s: 768602 rss: 36Mb L: 18/34 MS: 3 ChangeBinInt-EraseBytes-ChangeByte-
#769905	REDUCE cov: 49 ft: 390 corp: 162/2903b lim: 4096 exec/s: 769905 rss: 36Mb L: 18/34 MS: 3 ChangeByte-EraseBytes-ChangeBinInt-
#774949	REDUCE cov: 49 ft: 390 corp: 162/2901b lim: 4096 exec/s: 774949 rss: 36Mb L: 16/34 MS: 4 ChangeASCIIInt-ChangeASCIIInt-EraseBytes-ChangeByte-
#794547	REDUCE cov: 49 ft: 390 corp: 162/2899b lim: 4096 exec/s: 794547 rss: 36Mb L: 16/34 MS: 3 ChangeByte-EraseBytes-InsertByte-
#805455	REDUCE cov: 49 ft: 390 corp: 162/2897b lim: 4096 exec/s: 805455 rss: 36Mb L: 18/34 MS: 3 EraseBytes-ChangeByte-InsertByte-
#808262	REDUCE cov: 49 ft: 390 corp: 162/2895b lim: 4096 exec/s: 404131 rss: 36Mb L: 18/34 MS: 2 EraseBytes-ChangeBit-
#817199	REDUCE cov: 49 ft: 390 corp: 162/2893b lim: 4096 exec/s: 408599 rss: 36Mb L: 18/34 MS: 2 ChangeBit-EraseBytes-
#858503	REDUCE cov: 49 ft: 390 corp: 162/2891b lim: 4096 exec/s: 429251 rss: 36Mb L: 18/34 MS: 4 InsertByte-InsertByte-EraseBytes-InsertByte-
#859759	REDUCE cov: 49 ft: 390 corp: 162/2890b lim: 4096 exec/s: 429879 rss: 36Mb L: 17/34 MS: 1 EraseBytes-
#863896	REDUCE cov: 49 ft: 390 corp: 162/2888b lim: 4096 exec/s: 431948 rss: 36Mb L: 18/34 MS: 2 ChangeByte-EraseBytes-
#874284	REDUCE cov: 49 ft: 390 corp: 162/2884b lim: 4096 exec/s: 437142 rss: 36Mb L: 16/34 MS: 3 ChangeByte-ChangeBinInt-EraseBytes-
#885048	REDUCE cov: 49 ft: 390 corp: 162/2882b lim: 4096 exec/s: 442524 rss: 36Mb L: 18/34 MS: 4 EraseBytes-EraseBytes-CopyPart-InsertByte-
#915025	REDUCE cov: 49 ft: 390 corp: 162/2880b lim: 4096 exec/s: 457512 rss: 36Mb L: 16/34 MS: 2 InsertRepeatedBytes-EraseBytes-
#920248	REDUCE cov: 49 ft: 390 corp: 162/2878b lim: 4096 exec/s: 460124 rss: 36Mb L: 18/34 MS: 3 EraseBytes-ShuffleBytes-InsertByte-
#924666	NEW    cov: 49 ft: 391 corp: 163/2898b lim: 4096 exec/s: 462333 rss: 36Mb L: 20/34 MS: 3 ChangeByte-ChangeByte-CopyPart-
#946764	REDUCE cov: 49 ft: 391 corp: 163/2896b lim: 4096 exec/s: 473382 rss: 36Mb L: 16/34 MS: 3 ChangeBinInt-ChangeBit-EraseBytes-
#962955	NEW    cov: 49 ft: 393 corp: 164/2916b lim: 4096 exec/s: 481477 rss: 36Mb L: 20/34 MS: 1 CrossOver-
#978563	NEW    cov: 49 ft: 395 corp: 165/2936b lim: 4096 exec/s: 489281 rss: 36Mb L: 20/34 MS: 3 ChangeASCIIInt-CopyPart-ChangeBit-
#983690	REDUCE cov: 49 ft: 395 corp: 165/2934b lim: 4096 exec/s: 491845 rss: 36Mb L: 16/34 MS: 2 EraseBytes-ChangeBit-
#1048576	pulse  cov: 49 ft: 395 corp: 165/2934b lim: 4096 exec/s: 524288 rss: 36Mb
#1053569	REDUCE cov: 49 ft: 395 corp: 165/2932b lim: 4096 exec/s: 526784 rss: 36Mb L: 18/34 MS: 4 CopyPart-EraseBytes-ChangeByte-EraseBytes-
#1087022	REDUCE cov: 49 ft: 395 corp: 165/2930b lim: 4096 exec/s: 543511 rss: 36Mb L: 18/34 MS: 3 ChangeBit-InsertByte-EraseBytes-
#1134249	REDUCE cov: 49 ft: 395 corp: 165/2928b lim: 4096 exec/s: 567124 rss: 36Mb L: 16/34 MS: 2 ChangeBinInt-EraseBytes-
#1138033	REDUCE cov: 49 ft: 395 corp: 165/2926b lim: 4096 exec/s: 569016 rss: 36Mb L: 18/34 MS: 4 ChangeBit-EraseBytes-ChangeBit-ShuffleBytes-
#1166450	REDUCE cov: 49 ft: 395 corp: 165/2924b lim: 4096 exec/s: 583225 rss: 36Mb L: 18/34 MS: 2 EraseBytes-InsertByte-
#1172056	NEW    cov: 49 ft: 397 corp: 166/2952b lim: 4096 exec/s: 586028 rss: 36Mb L: 28/34 MS: 1 ChangeBit-
#1214270	REDUCE cov: 49 ft: 397 corp: 166/2950b lim: 4096 exec/s: 607135 rss: 36Mb L: 18/34 MS: 4 ChangeByte-InsertByte-ShuffleBytes-EraseBytes-
#1220069	REDUCE cov: 49 ft: 397 corp: 166/2948b lim: 4096 exec/s: 610034 rss: 36Mb L: 18/34 MS: 4 ChangeBinInt-InsertByte-EraseBytes-ChangeByte-
#1223391	REDUCE cov: 49 ft: 397 corp: 166/2946b lim: 4096 exec/s: 611695 rss: 36Mb L: 18/34 MS: 2 EraseBytes-ChangeBinInt-
#1247999	REDUCE cov: 49 ft: 397 corp: 166/2944b lim: 4096 exec/s: 415999 rss: 36Mb L: 18/34 MS: 3 ShuffleBytes-EraseBytes-InsertByte-
#1267572	REDUCE cov: 49 ft: 397 corp: 166/2942b lim: 4096 exec/s: 422524 rss: 36Mb L: 18/34 MS: 3 CrossOver-ChangeBinInt-EraseBytes-
#1289758	NEW    cov: 49 ft: 398 corp: 167/2962b lim: 4096 exec/s: 429919 rss: 36Mb L: 20/34 MS: 1 CopyPart-
#1295509	REDUCE cov: 49 ft: 398 corp: 167/2961b lim: 4096 exec/s: 431836 rss: 36Mb L: 18/34 MS: 1 EraseBytes-
#1320510	REDUCE cov: 49 ft: 398 corp: 167/2960b lim: 4096 exec/s: 440170 rss: 36Mb L: 16/34 MS: 1 EraseBytes-
#1349557	REDUCE cov: 49 ft: 398 corp: 167/2958b lim: 4096 exec/s: 449852 rss: 36Mb L: 16/34 MS: 2 EraseBytes-PersAutoDict- DE: "\377\377"-
#1382085	REDUCE cov: 49 ft: 398 corp: 167/2956b lim: 4096 exec/s: 460695 rss: 36Mb L: 18/34 MS: 3 InsertByte-ChangeASCIIInt-EraseBytes-
#1419232	REDUCE cov: 49 ft: 398 corp: 167/2952b lim: 4096 exec/s: 473077 rss: 36Mb L: 16/34 MS: 2 EraseBytes-ChangeBinInt-
#1483779	REDUCE cov: 49 ft: 398 corp: 167/2950b lim: 4096 exec/s: 494593 rss: 36Mb L: 18/34 MS: 2 ChangeByte-EraseBytes-
#1488386	REDUCE cov: 49 ft: 398 corp: 167/2948b lim: 4096 exec/s: 496128 rss: 36Mb L: 18/34 MS: 2 ChangeByte-EraseBytes-
#1488393	REDUCE cov: 49 ft: 398 corp: 167/2944b lim: 4096 exec/s: 496131 rss: 36Mb L: 16/34 MS: 2 EraseBytes-PersAutoDict- DE: "\377\377"-
#1519736	NEW    cov: 49 ft: 399 corp: 168/2964b lim: 4096 exec/s: 506578 rss: 36Mb L: 20/34 MS: 3 ShuffleBytes-CopyPart-ChangeASCIIInt-
#1537879	NEW    cov: 49 ft: 400 corp: 169/2984b lim: 4096 exec/s: 512626 rss: 36Mb L: 20/34 MS: 3 ChangeASCIIInt-CrossOver-ChangeASCIIInt-
#1565806	REDUCE cov: 49 ft: 400 corp: 169/2982b lim: 4096 exec/s: 521935 rss: 36Mb L: 16/34 MS: 2 ChangeByte-EraseBytes-
#1603801	REDUCE cov: 49 ft: 400 corp: 169/2980b lim: 4096 exec/s: 534600 rss: 36Mb L: 18/34 MS: 5 ShuffleBytes-ChangeBit-PersAutoDict-EraseBytes-ChangeByte- DE: "\001y"-
#1698838	REDUCE cov: 49 ft: 400 corp: 169/2978b lim: 4096 exec/s: 424709 rss: 36Mb L: 18/34 MS: 2 ChangeByte-EraseBytes-
#1701205	REDUCE cov: 49 ft: 400 corp: 169/2977b lim: 4096 exec/s: 425301 rss: 36Mb L: 17/34 MS: 2 CrossOver-EraseBytes-
#1741553	REDUCE cov: 49 ft: 400 corp: 169/2975b lim: 4096 exec/s: 435388 rss: 36Mb L: 16/34 MS: 3 EraseBytes-ChangeByte-EraseBytes-
#1813985	REDUCE cov: 49 ft: 400 corp: 169/2973b lim: 4096 exec/s: 453496 rss: 36Mb L: 16/34 MS: 2 EraseBytes-ChangeByte-
#1842982	REDUCE cov: 49 ft: 400 corp: 169/2971b lim: 4096 exec/s: 460745 rss: 36Mb L: 16/34 MS: 2 EraseBytes-InsertByte-
#1990299	REDUCE cov: 49 ft: 400 corp: 169/2969b lim: 4096 exec/s: 497574 rss: 36Mb L: 18/34 MS: 2 EraseBytes-ChangeBinInt-
#1994424	REDUCE cov: 49 ft: 400 corp: 169/2967b lim: 4096 exec/s: 498606 rss: 36Mb L: 18/34 MS: 5 ChangeBinInt-EraseBytes-InsertByte-PersAutoDict-ChangeBinInt- DE: "0\000\000\000"-
#2046206	REDUCE cov: 49 ft: 400 corp: 169/2965b lim: 4096 exec/s: 511551 rss: 36Mb L: 16/34 MS: 2 EraseBytes-ChangeByte-
#2071696	REDUCE cov: 49 ft: 400 corp: 169/2963b lim: 4096 exec/s: 517924 rss: 36Mb L: 16/34 MS: 5 CrossOver-ShuffleBytes-EraseBytes-ChangeBit-EraseBytes-
#2084697	NEW    cov: 49 ft: 401 corp: 170/2983b lim: 4096 exec/s: 521174 rss: 36Mb L: 20/34 MS: 1 CopyPart-
#2091410	REDUCE cov: 49 ft: 401 corp: 170/2981b lim: 4096 exec/s: 522852 rss: 36Mb L: 18/34 MS: 3 InsertByte-InsertByte-EraseBytes-
#2097152	pulse  cov: 49 ft: 401 corp: 170/2981b lim: 4096 exec/s: 524288 rss: 36Mb
#2128026	NEW    cov: 49 ft: 402 corp: 171/3001b lim: 4096 exec/s: 425605 rss: 36Mb L: 20/34 MS: 1 ChangeBit-
#2129502	NEW    cov: 49 ft: 403 corp: 172/3021b lim: 4096 exec/s: 425900 rss: 36Mb L: 20/34 MS: 1 ChangeBit-
#2150119	REDUCE cov: 49 ft: 403 corp: 172/3019b lim: 4096 exec/s: 430023 rss: 36Mb L: 16/34 MS: 2 EraseBytes-ChangeByte-
#2180360	REDUCE cov: 49 ft: 403 corp: 172/3018b lim: 4096 exec/s: 436072 rss: 36Mb L: 16/34 MS: 1 EraseBytes-
#2190123	REDUCE cov: 49 ft: 403 corp: 172/3016b lim: 4096 exec/s: 438024 rss: 36Mb L: 16/34 MS: 3 EraseBytes-ChangeByte-InsertByte-
#2195349	NEW    cov: 49 ft: 404 corp: 173/3049b lim: 4096 exec/s: 439069 rss: 36Mb L: 33/34 MS: 1 CrossOver-
#2399945	REDUCE cov: 49 ft: 404 corp: 173/3048b lim: 4096 exec/s: 479989 rss: 36Mb L: 32/34 MS: 1 EraseBytes-
#2568292	REDUCE cov: 49 ft: 404 corp: 173/3046b lim: 4096 exec/s: 428048 rss: 36Mb L: 16/34 MS: 2 InsertByte-EraseBytes-
panic: found special char in iban [recovered]
	panic: found special char in iban

goroutine 17 [running, locked to thread]:
git.ultraware.nl/iddinkgroep/fundament-api.Fuzz.func1()
	git.ultraware.nl/iddinkgroep/fundament-api/fuzz.go:19 +0xa5
panic({0x557b05915760?, 0x557b05928c70?})
	runtime/panic.go:914 +0x21f
git.ultraware.nl/iddinkgroep/fundament-api.Fuzz({0xc0001f13c8, 0x14})
	git.ultraware.nl/iddinkgroep/fundament-api/fuzz.go:34 +0x2b9
git.ultraware.nl/iddinkgroep/fundament-api.Fuzz_(...)
	git.ultraware.nl/iddinkgroep/fundament-api/fuzz.1527825026.go:6
main.LLVMFuzzerTestOneInput(...)
	./main.170485750.go:21
==9042== ERROR: libFuzzer: deadly signal
    #0 0x557b05838630 in __sanitizer_print_stack_trace (/seedai/experiments/libfuzzer/source_iban/libfuzzer+0xaf630) (BuildId: 688cb25bec4564588da2a67f6a2b25148a0fd5d4)
    #1 0x557b05804755 in fuzzer::PrintStackTrace() (/seedai/experiments/libfuzzer/source_iban/libfuzzer+0x7b755) (BuildId: 688cb25bec4564588da2a67f6a2b25148a0fd5d4)
    #2 0x557b057e33a9 in fuzzer::Fuzzer::CrashCallback() (.part.0) FuzzerLoop.cpp.o
    #3 0x557b057e346a in fuzzer::Fuzzer::StaticCrashSignalCallback() (/seedai/experiments/libfuzzer/source_iban/libfuzzer+0x5a46a) (BuildId: 688cb25bec4564588da2a67f6a2b25148a0fd5d4)
    #4 0x7ff7abe4870f  (/usr/lib/libc.so.6+0x3e70f) (BuildId: 316d0d3666387f0e8fb98773f51aa1801027c5ab)
    #5 0x557b05898160 in runtime.raise.abi0 runtime/sys_linux_amd64.s:153

NOTE: libFuzzer has rudimentary signal handlers.
      Combine libFuzzer with AddressSanitizer or similar for better crash reports.
SUMMARY: libFuzzer: deadly signal
MS: 1 ChangeBinInt-; base unit: ff98d3e0d013543816ee3776e640861491471bf3
0x41,0x74,0x74,0x30,0x2d,0x30,0x30,0x30,0x30,0x30,0x30,0x30,0x30,0x30,0x31,0x41,0x74,0x74,0x31,0x74,
Att0-0000000001Att1t
artifact_prefix='./'; Test unit written to ./crash-2cc9f0ebaa8b993539d077a47a0376700c4b1b2a
Base64: QXR0MC0wMDAwMDAwMDAxQXR0MXQ=
