INFO: Running with entropic power schedule (0xFF, 100).
INFO: Seed: 604233268
INFO: Loaded 1 modules   (70 inline 8-bit counters): 70 [0x55da57fa5030, 0x55da57fa5076), 
INFO: Loaded 1 PC tables (70 PCs): 70 [0xc000068000,0xc000068460), 
INFO:       14 files found in corpus
INFO: -max_len is not provided; libFuzzer will not generate inputs larger than 4096 bytes
INFO: seed corpus: files: 14 min: 1b max: 18b total: 102b rss: 30Mb
#15	INITED cov: 11 ft: 28 corp: 7/55b exec/s: 0 rss: 30Mb
#18	NEW    cov: 11 ft: 29 corp: 8/71b lim: 18 exec/s: 0 rss: 30Mb L: 16/18 MS: 3 CopyPart-ChangeBinInt-CopyPart-
#34	NEW    cov: 11 ft: 30 corp: 9/73b lim: 18 exec/s: 0 rss: 30Mb L: 2/18 MS: 1 EraseBytes-
#35	NEW    cov: 11 ft: 31 corp: 10/86b lim: 18 exec/s: 0 rss: 30Mb L: 13/18 MS: 1 CrossOver-
#59	NEW    cov: 11 ft: 32 corp: 11/100b lim: 18 exec/s: 0 rss: 30Mb L: 14/18 MS: 4 ShuffleBytes-ShuffleBytes-CopyPart-CrossOver-
#88	NEW    cov: 11 ft: 34 corp: 12/115b lim: 18 exec/s: 0 rss: 30Mb L: 15/18 MS: 4 InsertRepeatedBytes-CopyPart-ShuffleBytes-InsertRepeatedBytes-
#119	NEW    cov: 13 ft: 40 corp: 13/132b lim: 18 exec/s: 0 rss: 30Mb L: 17/18 MS: 1 CopyPart-
#160	NEW    cov: 13 ft: 42 corp: 14/148b lim: 18 exec/s: 0 rss: 30Mb L: 16/18 MS: 1 InsertRepeatedBytes-
#171	NEW    cov: 30 ft: 93 corp: 15/166b lim: 18 exec/s: 0 rss: 30Mb L: 18/18 MS: 1 CrossOver-
#183	NEW    cov: 31 ft: 100 corp: 16/184b lim: 18 exec/s: 0 rss: 30Mb L: 18/18 MS: 2 CrossOver-ChangeBinInt-
#189	NEW    cov: 31 ft: 101 corp: 17/200b lim: 18 exec/s: 0 rss: 30Mb L: 16/18 MS: 1 EraseBytes-
#210	NEW    cov: 32 ft: 108 corp: 18/218b lim: 18 exec/s: 0 rss: 30Mb L: 18/18 MS: 1 ChangeByte-
#237	NEW    cov: 32 ft: 109 corp: 19/233b lim: 18 exec/s: 0 rss: 30Mb L: 15/18 MS: 2 EraseBytes-EraseBytes-
#243	NEW    cov: 32 ft: 112 corp: 20/251b lim: 18 exec/s: 0 rss: 30Mb L: 18/18 MS: 1 ChangeByte-
#244	REDUCE cov: 32 ft: 112 corp: 20/250b lim: 18 exec/s: 0 rss: 30Mb L: 17/18 MS: 1 EraseBytes-
#270	NEW    cov: 32 ft: 118 corp: 21/268b lim: 18 exec/s: 0 rss: 30Mb L: 18/18 MS: 1 CopyPart-
#294	NEW    cov: 33 ft: 122 corp: 22/286b lim: 18 exec/s: 0 rss: 30Mb L: 18/18 MS: 4 CopyPart-ShuffleBytes-ShuffleBytes-ChangeByte-
#301	NEW    cov: 33 ft: 124 corp: 23/304b lim: 18 exec/s: 0 rss: 30Mb L: 18/18 MS: 2 InsertByte-ChangeBit-
#314	NEW    cov: 33 ft: 133 corp: 24/322b lim: 18 exec/s: 0 rss: 30Mb L: 18/18 MS: 3 ShuffleBytes-CopyPart-ChangeByte-
#316	NEW    cov: 33 ft: 134 corp: 25/340b lim: 18 exec/s: 0 rss: 30Mb L: 18/18 MS: 2 ShuffleBytes-ChangeByte-
#370	NEW    cov: 33 ft: 135 corp: 26/357b lim: 18 exec/s: 0 rss: 30Mb L: 17/18 MS: 4 ChangeBinInt-CMP-CrossOver-CrossOver- DE: "\377\377\377\377\377\377\377\015"-
#397	NEW    cov: 33 ft: 136 corp: 27/375b lim: 18 exec/s: 0 rss: 30Mb L: 18/18 MS: 2 InsertByte-InsertByte-
#414	NEW    cov: 33 ft: 148 corp: 28/393b lim: 18 exec/s: 0 rss: 30Mb L: 18/18 MS: 2 CMP-InsertByte- DE: "\001\000\000\000"-
#430	NEW    cov: 33 ft: 151 corp: 29/411b lim: 18 exec/s: 0 rss: 30Mb L: 18/18 MS: 1 CopyPart-
#435	REDUCE cov: 33 ft: 151 corp: 29/409b lim: 18 exec/s: 0 rss: 30Mb L: 15/18 MS: 5 ChangeASCIIInt-CopyPart-ChangeBinInt-CrossOver-InsertByte-
#447	NEW    cov: 33 ft: 153 corp: 30/427b lim: 18 exec/s: 0 rss: 30Mb L: 18/18 MS: 2 CopyPart-CrossOver-
#470	NEW    cov: 33 ft: 155 corp: 31/445b lim: 18 exec/s: 0 rss: 30Mb L: 18/18 MS: 3 ChangeByte-CrossOver-ChangeASCIIInt-
#481	NEW    cov: 33 ft: 156 corp: 32/463b lim: 18 exec/s: 0 rss: 30Mb L: 18/18 MS: 1 ChangeBinInt-
#542	NEW    cov: 33 ft: 157 corp: 33/481b lim: 18 exec/s: 0 rss: 30Mb L: 18/18 MS: 1 ChangeBit-
#583	NEW    cov: 33 ft: 159 corp: 34/499b lim: 18 exec/s: 0 rss: 30Mb L: 18/18 MS: 1 CrossOver-
#595	NEW    cov: 33 ft: 162 corp: 35/517b lim: 18 exec/s: 0 rss: 30Mb L: 18/18 MS: 2 PersAutoDict-ChangeByte- DE: "\001\000\000\000"-
#648	NEW    cov: 33 ft: 164 corp: 36/535b lim: 18 exec/s: 0 rss: 30Mb L: 18/18 MS: 3 ChangeBit-ChangeBit-ChangeBinInt-
#668	NEW    cov: 33 ft: 170 corp: 37/551b lim: 18 exec/s: 0 rss: 30Mb L: 16/18 MS: 5 EraseBytes-CrossOver-ChangeBinInt-CrossOver-InsertByte-
#684	NEW    cov: 33 ft: 172 corp: 38/569b lim: 18 exec/s: 0 rss: 30Mb L: 18/18 MS: 1 ShuffleBytes-
#742	NEW    cov: 33 ft: 174 corp: 39/587b lim: 18 exec/s: 0 rss: 30Mb L: 18/18 MS: 3 CopyPart-ShuffleBytes-ChangeBinInt-
#760	NEW    cov: 33 ft: 175 corp: 40/605b lim: 18 exec/s: 0 rss: 30Mb L: 18/18 MS: 3 ShuffleBytes-ChangeBinInt-ChangeByte-
#791	NEW    cov: 33 ft: 177 corp: 41/623b lim: 18 exec/s: 0 rss: 30Mb L: 18/18 MS: 1 ChangeByte-
#814	NEW    cov: 33 ft: 179 corp: 42/641b lim: 18 exec/s: 0 rss: 30Mb L: 18/18 MS: 3 ShuffleBytes-ChangeBinInt-ShuffleBytes-
#825	NEW    cov: 33 ft: 180 corp: 43/659b lim: 18 exec/s: 0 rss: 30Mb L: 18/18 MS: 1 CrossOver-
#856	NEW    cov: 33 ft: 182 corp: 44/677b lim: 18 exec/s: 0 rss: 30Mb L: 18/18 MS: 1 ShuffleBytes-
#932	NEW    cov: 46 ft: 227 corp: 45/695b lim: 18 exec/s: 0 rss: 30Mb L: 18/18 MS: 1 ChangeBit-
#938	NEW    cov: 46 ft: 228 corp: 46/713b lim: 18 exec/s: 0 rss: 30Mb L: 18/18 MS: 1 ChangeByte-
#963	NEW    cov: 46 ft: 229 corp: 47/728b lim: 18 exec/s: 0 rss: 30Mb L: 15/18 MS: 5 ChangeBit-ChangeByte-EraseBytes-ShuffleBytes-ChangeBit-
#1017	REDUCE cov: 46 ft: 229 corp: 47/727b lim: 18 exec/s: 0 rss: 30Mb L: 8/18 MS: 4 InsertRepeatedBytes-CrossOver-EraseBytes-InsertByte-
#1053	NEW    cov: 46 ft: 234 corp: 48/745b lim: 18 exec/s: 0 rss: 30Mb L: 18/18 MS: 1 CrossOver-
#1457	NEW    cov: 46 ft: 235 corp: 49/763b lim: 18 exec/s: 0 rss: 30Mb L: 18/18 MS: 4 ChangeByte-CopyPart-CopyPart-ChangeBit-
#1529	NEW    cov: 46 ft: 237 corp: 50/781b lim: 18 exec/s: 0 rss: 30Mb L: 18/18 MS: 2 ShuffleBytes-CrossOver-
#1552	NEW    cov: 46 ft: 238 corp: 51/799b lim: 18 exec/s: 0 rss: 30Mb L: 18/18 MS: 3 ChangeBit-ChangeBit-CopyPart-
#1617	NEW    cov: 46 ft: 240 corp: 52/817b lim: 18 exec/s: 0 rss: 30Mb L: 18/18 MS: 5 ChangeBit-CrossOver-CopyPart-ChangeBinInt-CopyPart-
#1741	NEW    cov: 46 ft: 242 corp: 53/835b lim: 18 exec/s: 0 rss: 30Mb L: 18/18 MS: 4 ShuffleBytes-CMP-ChangeByte-CMP- DE: "\377\377\377\377"-"\017\000\000\000\000\000\000\000"-
#2143	NEW    cov: 46 ft: 244 corp: 54/853b lim: 18 exec/s: 0 rss: 30Mb L: 18/18 MS: 2 CopyPart-CrossOver-
#2356	NEW    cov: 46 ft: 246 corp: 55/871b lim: 18 exec/s: 0 rss: 30Mb L: 18/18 MS: 3 CrossOver-CrossOver-ChangeBinInt-
#2366	NEW    cov: 46 ft: 247 corp: 56/887b lim: 18 exec/s: 0 rss: 30Mb L: 16/18 MS: 5 EraseBytes-EraseBytes-ShuffleBytes-ShuffleBytes-CrossOver-
#2377	NEW    cov: 46 ft: 248 corp: 57/905b lim: 18 exec/s: 0 rss: 30Mb L: 18/18 MS: 1 ChangeBinInt-
#2785	NEW    cov: 46 ft: 249 corp: 58/927b lim: 22 exec/s: 0 rss: 31Mb L: 22/22 MS: 3 CMP-CrossOver-InsertRepeatedBytes- DE: "\000\000\000\000\016Pi\342"-
#3563	NEW    cov: 46 ft: 250 corp: 59/952b lim: 26 exec/s: 0 rss: 31Mb L: 25/25 MS: 3 ChangeByte-InsertRepeatedBytes-EraseBytes-
#3996	NEW    cov: 46 ft: 251 corp: 60/982b lim: 30 exec/s: 0 rss: 31Mb L: 30/30 MS: 3 EraseBytes-ChangeBinInt-InsertRepeatedBytes-
#4007	NEW    cov: 47 ft: 256 corp: 61/1000b lim: 30 exec/s: 0 rss: 31Mb L: 18/30 MS: 1 ChangeByte-
#4061	REDUCE cov: 47 ft: 257 corp: 62/1029b lim: 30 exec/s: 0 rss: 31Mb L: 29/30 MS: 4 InsertRepeatedBytes-InsertRepeatedBytes-CrossOver-InsertByte-
#4067	NEW    cov: 47 ft: 260 corp: 63/1047b lim: 30 exec/s: 0 rss: 31Mb L: 18/30 MS: 1 CopyPart-
#4176	REDUCE cov: 47 ft: 260 corp: 63/1044b lim: 30 exec/s: 0 rss: 31Mb L: 19/30 MS: 4 CrossOver-InsertRepeatedBytes-EraseBytes-EraseBytes-
#4448	REDUCE cov: 47 ft: 260 corp: 63/1037b lim: 30 exec/s: 0 rss: 31Mb L: 18/30 MS: 2 InsertRepeatedBytes-EraseBytes-
#4785	NEW    cov: 47 ft: 261 corp: 64/1062b lim: 30 exec/s: 0 rss: 31Mb L: 25/30 MS: 2 InsertByte-CMP- DE: "\377\377\377\377\377\377\377\016"-
#4787	NEW    cov: 47 ft: 263 corp: 65/1080b lim: 30 exec/s: 0 rss: 31Mb L: 18/30 MS: 2 ChangeByte-ChangeByte-
#5088	NEW    cov: 47 ft: 264 corp: 66/1098b lim: 30 exec/s: 0 rss: 31Mb L: 18/30 MS: 1 ChangeBit-
#5173	NEW    cov: 47 ft: 265 corp: 67/1113b lim: 30 exec/s: 0 rss: 31Mb L: 15/30 MS: 5 ChangeBinInt-ChangeByte-CopyPart-InsertByte-EraseBytes-
#5618	NEW    cov: 47 ft: 267 corp: 68/1147b lim: 34 exec/s: 0 rss: 31Mb L: 34/34 MS: 5 PersAutoDict-EraseBytes-InsertRepeatedBytes-ChangeBinInt-InsertRepeatedBytes- DE: "\017\000\000\000\000\000\000\000"-
#5677	NEW    cov: 47 ft: 268 corp: 69/1179b lim: 34 exec/s: 0 rss: 31Mb L: 32/34 MS: 4 InsertRepeatedBytes-PersAutoDict-ChangeBinInt-CopyPart- DE: "\377\377\377\377\377\377\377\015"-
#5681	NEW    cov: 47 ft: 269 corp: 70/1212b lim: 34 exec/s: 0 rss: 31Mb L: 33/34 MS: 4 ChangeBit-ChangeByte-CrossOver-InsertByte-
#6031	REDUCE cov: 47 ft: 269 corp: 70/1211b lim: 34 exec/s: 0 rss: 31Mb L: 31/34 MS: 5 ChangeByte-ShuffleBytes-CrossOver-ChangeBinInt-InsertRepeatedBytes-
#6303	NEW    cov: 47 ft: 270 corp: 71/1237b lim: 34 exec/s: 0 rss: 31Mb L: 26/34 MS: 2 PersAutoDict-ChangeBit- DE: "\377\377\377\377\377\377\377\015"-
#6309	NEW    cov: 47 ft: 271 corp: 72/1255b lim: 34 exec/s: 0 rss: 31Mb L: 18/34 MS: 1 ChangeBit-
#6679	REDUCE cov: 47 ft: 271 corp: 72/1252b lim: 34 exec/s: 0 rss: 31Mb L: 27/34 MS: 5 ShuffleBytes-PersAutoDict-EraseBytes-CMP-CrossOver- DE: "\017\000\000\000\000\000\000\000"-"\001\000"-
#6806	REDUCE cov: 47 ft: 271 corp: 72/1249b lim: 34 exec/s: 0 rss: 31Mb L: 15/34 MS: 2 ChangeBit-EraseBytes-
#7597	REDUCE cov: 47 ft: 271 corp: 72/1241b lim: 39 exec/s: 0 rss: 32Mb L: 18/34 MS: 1 EraseBytes-
#10028	NEW    cov: 47 ft: 276 corp: 73/1259b lim: 59 exec/s: 0 rss: 32Mb L: 18/34 MS: 1 ChangeBit-
#10409	REDUCE cov: 47 ft: 276 corp: 73/1258b lim: 59 exec/s: 0 rss: 32Mb L: 15/34 MS: 1 EraseBytes-
#10685	REDUCE cov: 47 ft: 276 corp: 73/1255b lim: 59 exec/s: 0 rss: 32Mb L: 15/34 MS: 1 EraseBytes-
#10808	REDUCE cov: 47 ft: 276 corp: 73/1253b lim: 59 exec/s: 0 rss: 32Mb L: 16/34 MS: 3 InsertByte-ShuffleBytes-EraseBytes-
#10884	NEW    cov: 49 ft: 284 corp: 74/1271b lim: 59 exec/s: 0 rss: 32Mb L: 18/34 MS: 1 ChangeASCIIInt-
#11090	NEW    cov: 49 ft: 285 corp: 75/1289b lim: 59 exec/s: 0 rss: 32Mb L: 18/34 MS: 1 CrossOver-
#11661	NEW    cov: 49 ft: 286 corp: 76/1307b lim: 64 exec/s: 0 rss: 32Mb L: 18/34 MS: 1 ChangeBit-
#12504	NEW    cov: 49 ft: 287 corp: 77/1325b lim: 70 exec/s: 0 rss: 33Mb L: 18/34 MS: 3 ChangeByte-ShuffleBytes-ChangeASCIIInt-
#13960	NEW    cov: 49 ft: 288 corp: 78/1343b lim: 82 exec/s: 0 rss: 33Mb L: 18/34 MS: 1 ChangeBinInt-
#15724	REDUCE cov: 49 ft: 288 corp: 78/1342b lim: 94 exec/s: 0 rss: 33Mb L: 15/34 MS: 4 ChangeBinInt-ShuffleBytes-ChangeBit-EraseBytes-
#15922	REDUCE cov: 49 ft: 288 corp: 78/1340b lim: 94 exec/s: 0 rss: 33Mb L: 16/34 MS: 3 EraseBytes-ChangeByte-InsertByte-
#17739	NEW    cov: 49 ft: 291 corp: 79/1358b lim: 112 exec/s: 0 rss: 34Mb L: 18/34 MS: 2 ShuffleBytes-ChangeBit-
#19081	REDUCE cov: 49 ft: 291 corp: 79/1356b lim: 124 exec/s: 0 rss: 34Mb L: 16/34 MS: 2 ChangeBit-EraseBytes-
#19967	NEW    cov: 49 ft: 292 corp: 80/1374b lim: 130 exec/s: 0 rss: 34Mb L: 18/34 MS: 1 ChangeByte-
#20362	REDUCE cov: 49 ft: 292 corp: 80/1372b lim: 130 exec/s: 0 rss: 34Mb L: 16/34 MS: 5 ShuffleBytes-EraseBytes-ChangeByte-ShuffleBytes-InsertByte-
#20933	NEW    cov: 49 ft: 293 corp: 81/1390b lim: 130 exec/s: 0 rss: 34Mb L: 18/34 MS: 1 ShuffleBytes-
#21721	NEW    cov: 49 ft: 294 corp: 82/1408b lim: 137 exec/s: 0 rss: 34Mb L: 18/34 MS: 3 ShuffleBytes-ChangeByte-ChangeBinInt-
#22279	REDUCE cov: 49 ft: 294 corp: 82/1406b lim: 137 exec/s: 0 rss: 34Mb L: 16/34 MS: 3 EraseBytes-ShuffleBytes-ChangeByte-
#23621	REDUCE cov: 49 ft: 294 corp: 82/1404b lim: 144 exec/s: 0 rss: 34Mb L: 16/34 MS: 2 ChangeBit-EraseBytes-
#25773	NEW    cov: 49 ft: 295 corp: 83/1422b lim: 165 exec/s: 0 rss: 34Mb L: 18/34 MS: 2 ChangeBinInt-CopyPart-
#26214	NEW    cov: 49 ft: 302 corp: 84/1440b lim: 165 exec/s: 0 rss: 34Mb L: 18/34 MS: 1 ChangeBinInt-
#26690	REDUCE cov: 49 ft: 302 corp: 84/1439b lim: 165 exec/s: 0 rss: 34Mb L: 15/34 MS: 1 EraseBytes-
#27568	REDUCE cov: 49 ft: 302 corp: 84/1437b lim: 172 exec/s: 0 rss: 34Mb L: 16/34 MS: 3 PersAutoDict-ChangeByte-EraseBytes- DE: "\000\000\000\000\016Pi\342"-
#33439	NEW    cov: 50 ft: 305 corp: 85/1455b lim: 228 exec/s: 0 rss: 34Mb L: 18/34 MS: 1 ChangeByte-
#33880	NEW    cov: 50 ft: 306 corp: 86/1473b lim: 228 exec/s: 0 rss: 34Mb L: 18/34 MS: 1 ChangeBinInt-
#37749	NEW    cov: 50 ft: 307 corp: 87/1491b lim: 264 exec/s: 0 rss: 35Mb L: 18/34 MS: 4 CrossOver-PersAutoDict-EraseBytes-CopyPart- DE: "\001\000"-
#42165	NEW    cov: 50 ft: 308 corp: 88/1509b lim: 304 exec/s: 0 rss: 35Mb L: 18/34 MS: 1 ChangeBit-
#44123	REDUCE cov: 50 ft: 308 corp: 88/1507b lim: 320 exec/s: 0 rss: 35Mb L: 15/34 MS: 3 CopyPart-EraseBytes-ChangeBinInt-
#45744	NEW    cov: 50 ft: 309 corp: 89/1525b lim: 336 exec/s: 0 rss: 35Mb L: 18/34 MS: 1 ChangeBit-
#46796	NEW    cov: 50 ft: 310 corp: 90/1543b lim: 344 exec/s: 0 rss: 35Mb L: 18/34 MS: 2 CrossOver-ShuffleBytes-
#53541	NEW    cov: 50 ft: 312 corp: 91/1561b lim: 408 exec/s: 0 rss: 35Mb L: 18/34 MS: 5 ShuffleBytes-ChangeBit-ChangeBinInt-ChangeBinInt-ChangeBinInt-
#57017	NEW    cov: 50 ft: 313 corp: 92/1579b lim: 440 exec/s: 0 rss: 35Mb L: 18/34 MS: 1 ChangeByte-
#63240	REDUCE cov: 50 ft: 313 corp: 92/1577b lim: 496 exec/s: 0 rss: 35Mb L: 16/34 MS: 3 ShuffleBytes-InsertRepeatedBytes-EraseBytes-
#63516	NEW    cov: 50 ft: 318 corp: 93/1595b lim: 496 exec/s: 0 rss: 35Mb L: 18/34 MS: 1 ChangeBinInt-
#69367	REDUCE cov: 50 ft: 319 corp: 94/1624b lim: 548 exec/s: 0 rss: 35Mb L: 29/34 MS: 1 CopyPart-
#70369	NEW    cov: 50 ft: 320 corp: 95/1653b lim: 557 exec/s: 0 rss: 35Mb L: 29/34 MS: 2 ChangeBit-ChangeBinInt-
#70995	NEW    cov: 50 ft: 322 corp: 96/1671b lim: 557 exec/s: 0 rss: 35Mb L: 18/34 MS: 1 ChangeByte-
#72279	NEW    cov: 50 ft: 324 corp: 97/1689b lim: 566 exec/s: 0 rss: 35Mb L: 18/34 MS: 4 ChangeBit-ChangeBit-ChangeASCIIInt-ShuffleBytes-
#78165	NEW    cov: 50 ft: 325 corp: 98/1707b lim: 620 exec/s: 0 rss: 35Mb L: 18/34 MS: 1 ChangeASCIIInt-
#82481	NEW    cov: 50 ft: 326 corp: 99/1725b lim: 656 exec/s: 0 rss: 35Mb L: 18/34 MS: 1 ChangeASCIIInt-
#83322	NEW    cov: 50 ft: 327 corp: 100/1743b lim: 656 exec/s: 0 rss: 35Mb L: 18/34 MS: 1 ShuffleBytes-
#83489	REDUCE cov: 50 ft: 327 corp: 100/1741b lim: 656 exec/s: 0 rss: 35Mb L: 16/34 MS: 2 InsertByte-EraseBytes-
#105800	NEW    cov: 50 ft: 328 corp: 101/1759b lim: 872 exec/s: 0 rss: 35Mb L: 18/34 MS: 1 ShuffleBytes-
#109287	REDUCE cov: 50 ft: 328 corp: 101/1757b lim: 899 exec/s: 0 rss: 35Mb L: 16/34 MS: 2 EraseBytes-ChangeByte-
#111409	REDUCE cov: 50 ft: 328 corp: 101/1755b lim: 917 exec/s: 0 rss: 35Mb L: 16/34 MS: 2 InsertByte-EraseBytes-
#111956	NEW    cov: 50 ft: 331 corp: 102/1773b lim: 917 exec/s: 0 rss: 35Mb L: 18/34 MS: 2 CopyPart-ChangeASCIIInt-
#113097	REDUCE cov: 50 ft: 332 corp: 103/1789b lim: 926 exec/s: 0 rss: 35Mb L: 16/34 MS: 1 ShuffleBytes-
#113825	REDUCE cov: 50 ft: 332 corp: 103/1787b lim: 926 exec/s: 0 rss: 35Mb L: 16/34 MS: 3 EraseBytes-ChangeBit-EraseBytes-
#117062	NEW    cov: 50 ft: 333 corp: 104/1805b lim: 953 exec/s: 0 rss: 35Mb L: 18/34 MS: 2 ChangeBit-ChangeBit-
#128321	REDUCE cov: 50 ft: 333 corp: 104/1803b lim: 1055 exec/s: 0 rss: 35Mb L: 16/34 MS: 4 ChangeBit-InsertByte-EraseBytes-InsertByte-
#130288	NEW    cov: 50 ft: 334 corp: 105/1821b lim: 1065 exec/s: 0 rss: 35Mb L: 18/34 MS: 2 ChangeASCIIInt-ChangeBit-
#137800	REDUCE cov: 50 ft: 334 corp: 105/1819b lim: 1135 exec/s: 0 rss: 35Mb L: 16/34 MS: 2 EraseBytes-ChangeByte-
#142790	REDUCE cov: 50 ft: 334 corp: 105/1817b lim: 1175 exec/s: 0 rss: 35Mb L: 27/34 MS: 5 CrossOver-EraseBytes-ChangeBit-InsertByte-EraseBytes-
#143528	REDUCE cov: 50 ft: 334 corp: 105/1815b lim: 1175 exec/s: 0 rss: 35Mb L: 16/34 MS: 3 ChangeBit-PersAutoDict-EraseBytes- DE: "\377\377\377\377"-
#144359	NEW    cov: 50 ft: 342 corp: 106/1833b lim: 1175 exec/s: 0 rss: 35Mb L: 18/34 MS: 1 CopyPart-
#144525	NEW    cov: 50 ft: 343 corp: 107/1851b lim: 1175 exec/s: 0 rss: 35Mb L: 18/34 MS: 1 ChangeBit-
#147062	NEW    cov: 50 ft: 344 corp: 108/1869b lim: 1195 exec/s: 0 rss: 35Mb L: 18/34 MS: 2 ChangeByte-CopyPart-
#147368	NEW    cov: 50 ft: 345 corp: 109/1887b lim: 1195 exec/s: 0 rss: 35Mb L: 18/34 MS: 1 ChangeBit-
#148712	NEW    cov: 50 ft: 346 corp: 110/1903b lim: 1205 exec/s: 0 rss: 35Mb L: 16/34 MS: 4 CopyPart-ChangeBit-ShuffleBytes-EraseBytes-
#150823	NEW    cov: 50 ft: 347 corp: 111/1921b lim: 1225 exec/s: 0 rss: 35Mb L: 18/34 MS: 1 ChangeBit-
#152692	REDUCE cov: 50 ft: 347 corp: 111/1919b lim: 1235 exec/s: 0 rss: 35Mb L: 16/34 MS: 4 ChangeByte-ChangeBinInt-EraseBytes-CopyPart-
#153718	NEW    cov: 50 ft: 348 corp: 112/1935b lim: 1245 exec/s: 0 rss: 35Mb L: 16/34 MS: 1 CopyPart-
#157099	NEW    cov: 50 ft: 349 corp: 113/1951b lim: 1275 exec/s: 0 rss: 35Mb L: 16/34 MS: 1 ChangeBinInt-
#159135	NEW    cov: 50 ft: 350 corp: 114/1969b lim: 1295 exec/s: 0 rss: 35Mb L: 18/34 MS: 1 ChangeByte-
#166686	NEW    cov: 50 ft: 353 corp: 115/1987b lim: 1365 exec/s: 0 rss: 35Mb L: 18/34 MS: 1 ChangeBit-
#174653	NEW    cov: 50 ft: 354 corp: 116/2003b lim: 1435 exec/s: 0 rss: 35Mb L: 16/34 MS: 2 ChangeASCIIInt-ChangeBit-
#177024	NEW    cov: 50 ft: 358 corp: 117/2032b lim: 1455 exec/s: 0 rss: 35Mb L: 29/34 MS: 1 ChangeBit-
#180657	REDUCE cov: 50 ft: 358 corp: 117/2030b lim: 1485 exec/s: 0 rss: 35Mb L: 16/34 MS: 3 EraseBytes-ChangeByte-InsertByte-
#182413	NEW    cov: 50 ft: 359 corp: 118/2048b lim: 1495 exec/s: 0 rss: 35Mb L: 18/34 MS: 1 CopyPart-
#187982	REDUCE cov: 50 ft: 360 corp: 119/2064b lim: 1545 exec/s: 0 rss: 35Mb L: 16/34 MS: 4 PersAutoDict-InsertByte-EraseBytes-ChangeByte- DE: "\001\000\000\000"-
#200083	NEW    cov: 50 ft: 361 corp: 120/2080b lim: 1665 exec/s: 0 rss: 35Mb L: 16/34 MS: 1 CopyPart-
#200626	REDUCE cov: 50 ft: 361 corp: 120/2078b lim: 1665 exec/s: 0 rss: 35Mb L: 16/34 MS: 3 CopyPart-ChangeBit-EraseBytes-
#201402	NEW    cov: 50 ft: 362 corp: 121/2094b lim: 1665 exec/s: 0 rss: 35Mb L: 16/34 MS: 1 ChangeByte-
#201964	NEW    cov: 50 ft: 363 corp: 122/2123b lim: 1665 exec/s: 0 rss: 35Mb L: 29/34 MS: 2 ChangeBit-ShuffleBytes-
#215288	NEW    cov: 50 ft: 364 corp: 123/2141b lim: 1795 exec/s: 0 rss: 35Mb L: 18/34 MS: 4 EraseBytes-InsertRepeatedBytes-EraseBytes-CopyPart-
#215410	NEW    cov: 50 ft: 365 corp: 124/2159b lim: 1795 exec/s: 0 rss: 35Mb L: 18/34 MS: 2 ShuffleBytes-ChangeByte-
#218056	NEW    cov: 50 ft: 366 corp: 125/2177b lim: 1815 exec/s: 0 rss: 35Mb L: 18/34 MS: 1 ChangeBit-
#225272	NEW    cov: 50 ft: 367 corp: 126/2193b lim: 1885 exec/s: 0 rss: 35Mb L: 16/34 MS: 1 ChangeASCIIInt-
#227272	REDUCE cov: 50 ft: 367 corp: 126/2189b lim: 1895 exec/s: 0 rss: 35Mb L: 23/34 MS: 5 EraseBytes-InsertByte-ChangeBit-EraseBytes-ChangeBinInt-
#228097	NEW    cov: 50 ft: 368 corp: 127/2207b lim: 1895 exec/s: 0 rss: 35Mb L: 18/34 MS: 5 PersAutoDict-ChangeByte-CrossOver-InsertByte-InsertByte- DE: "\001\000"-
#235858	NEW    cov: 50 ft: 369 corp: 128/2223b lim: 1965 exec/s: 0 rss: 35Mb L: 16/34 MS: 1 ChangeASCIIInt-
#242655	REDUCE cov: 50 ft: 369 corp: 128/2221b lim: 2025 exec/s: 0 rss: 35Mb L: 16/34 MS: 2 ChangeByte-EraseBytes-
#255968	REDUCE cov: 50 ft: 369 corp: 128/2219b lim: 2154 exec/s: 0 rss: 35Mb L: 16/34 MS: 3 PersAutoDict-EraseBytes-InsertByte- DE: "\377\377\377\377"-
#265299	REDUCE cov: 50 ft: 369 corp: 128/2218b lim: 2242 exec/s: 0 rss: 35Mb L: 15/34 MS: 1 EraseBytes-
#274974	REDUCE cov: 50 ft: 369 corp: 128/2216b lim: 2330 exec/s: 0 rss: 35Mb L: 16/34 MS: 5 ChangeBinInt-CopyPart-PersAutoDict-InsertByte-EraseBytes- DE: "\001\000\000\000"-
#294046	NEW    cov: 50 ft: 370 corp: 129/2232b lim: 2517 exec/s: 0 rss: 35Mb L: 16/34 MS: 2 ChangeASCIIInt-ChangeByte-
#295467	NEW    cov: 50 ft: 371 corp: 130/2248b lim: 2528 exec/s: 0 rss: 35Mb L: 16/34 MS: 1 ChangeASCIIInt-
#309264	REDUCE cov: 50 ft: 371 corp: 130/2246b lim: 2660 exec/s: 0 rss: 35Mb L: 16/34 MS: 2 EraseBytes-ChangeBinInt-
#319621	REDUCE cov: 50 ft: 371 corp: 130/2244b lim: 2759 exec/s: 0 rss: 35Mb L: 16/34 MS: 2 ChangeByte-EraseBytes-
#321289	REDUCE cov: 50 ft: 371 corp: 130/2242b lim: 2770 exec/s: 0 rss: 35Mb L: 16/34 MS: 3 ChangeBinInt-CMP-EraseBytes- DE: "y\000"-
#366525	NEW    cov: 50 ft: 372 corp: 131/2271b lim: 3210 exec/s: 0 rss: 35Mb L: 29/34 MS: 1 ChangeBit-
#370086	REDUCE cov: 50 ft: 373 corp: 132/2287b lim: 3243 exec/s: 0 rss: 35Mb L: 16/34 MS: 1 ChangeBit-
#378207	NEW    cov: 50 ft: 374 corp: 133/2303b lim: 3320 exec/s: 0 rss: 35Mb L: 16/34 MS: 1 CopyPart-
#379503	NEW    cov: 50 ft: 375 corp: 134/2319b lim: 3331 exec/s: 0 rss: 35Mb L: 16/34 MS: 1 ChangeASCIIInt-
#379904	NEW    cov: 50 ft: 376 corp: 135/2335b lim: 3331 exec/s: 0 rss: 35Mb L: 16/34 MS: 1 ChangeASCIIInt-
#379940	NEW    cov: 50 ft: 378 corp: 136/2351b lim: 3331 exec/s: 0 rss: 35Mb L: 16/34 MS: 1 CopyPart-
#381771	NEW    cov: 50 ft: 379 corp: 137/2367b lim: 3342 exec/s: 0 rss: 35Mb L: 16/34 MS: 1 ChangeBinInt-
#382617	NEW    cov: 50 ft: 380 corp: 138/2383b lim: 3342 exec/s: 0 rss: 35Mb L: 16/34 MS: 1 ChangeBinInt-
#383728	NEW    cov: 50 ft: 381 corp: 139/2399b lim: 3353 exec/s: 0 rss: 35Mb L: 16/34 MS: 1 ChangeBit-
#394554	NEW    cov: 50 ft: 382 corp: 140/2415b lim: 3452 exec/s: 0 rss: 35Mb L: 16/34 MS: 1 ChangeASCIIInt-
#397140	NEW    cov: 50 ft: 384 corp: 141/2431b lim: 3474 exec/s: 0 rss: 35Mb L: 16/34 MS: 1 CopyPart-
#398176	NEW    cov: 50 ft: 385 corp: 142/2447b lim: 3474 exec/s: 0 rss: 35Mb L: 16/34 MS: 1 ChangeASCIIInt-
#398322	NEW    cov: 50 ft: 386 corp: 143/2463b lim: 3474 exec/s: 0 rss: 35Mb L: 16/34 MS: 1 CopyPart-
#399428	NEW    cov: 50 ft: 387 corp: 144/2479b lim: 3485 exec/s: 0 rss: 35Mb L: 16/34 MS: 1 ShuffleBytes-
#400784	NEW    cov: 50 ft: 388 corp: 145/2495b lim: 3496 exec/s: 0 rss: 35Mb L: 16/34 MS: 1 ChangeASCIIInt-
#406875	NEW    cov: 50 ft: 389 corp: 146/2511b lim: 3551 exec/s: 0 rss: 35Mb L: 16/34 MS: 1 ChangeASCIIInt-
#412651	NEW    cov: 50 ft: 390 corp: 147/2527b lim: 3606 exec/s: 0 rss: 35Mb L: 16/34 MS: 1 ChangeASCIIInt-
#416184	REDUCE cov: 50 ft: 390 corp: 147/2525b lim: 3639 exec/s: 416184 rss: 35Mb L: 16/34 MS: 4 ShuffleBytes-EraseBytes-ChangeByte-ChangeByte-
#417225	NEW    cov: 50 ft: 391 corp: 148/2541b lim: 3639 exec/s: 417225 rss: 35Mb L: 16/34 MS: 1 ChangeASCIIInt-
#418971	NEW    cov: 50 ft: 392 corp: 149/2557b lim: 3650 exec/s: 418971 rss: 35Mb L: 16/34 MS: 1 ChangeBinInt-
#422065	REDUCE cov: 50 ft: 392 corp: 149/2555b lim: 3672 exec/s: 422065 rss: 35Mb L: 21/34 MS: 4 ShuffleBytes-ChangeBinInt-EraseBytes-ChangeByte-
#446806	NEW    cov: 50 ft: 393 corp: 150/2573b lim: 3914 exec/s: 446806 rss: 35Mb L: 18/34 MS: 1 ChangeBit-
#463183	REDUCE cov: 50 ft: 393 corp: 150/2571b lim: 4068 exec/s: 463183 rss: 35Mb L: 16/34 MS: 2 EraseBytes-ChangeByte-
#471219	NEW    cov: 50 ft: 394 corp: 151/2600b lim: 4096 exec/s: 471219 rss: 35Mb L: 29/34 MS: 1 ChangeBit-
#481103	REDUCE cov: 50 ft: 394 corp: 151/2598b lim: 4096 exec/s: 481103 rss: 35Mb L: 16/34 MS: 4 ChangeByte-ChangeBinInt-CopyPart-EraseBytes-
#533284	NEW    cov: 50 ft: 395 corp: 152/2614b lim: 4096 exec/s: 533284 rss: 35Mb L: 16/34 MS: 1 ChangeBit-
#576662	REDUCE cov: 50 ft: 396 corp: 153/2630b lim: 4096 exec/s: 576662 rss: 35Mb L: 16/34 MS: 3 ChangeBit-ChangeBinInt-ChangeBit-
#599174	REDUCE cov: 50 ft: 396 corp: 153/2628b lim: 4096 exec/s: 599174 rss: 35Mb L: 19/34 MS: 2 CopyPart-EraseBytes-
#707662	REDUCE cov: 50 ft: 396 corp: 153/2626b lim: 4096 exec/s: 707662 rss: 35Mb L: 16/34 MS: 3 ChangeBinInt-EraseBytes-ChangeByte-
#782505	REDUCE cov: 50 ft: 396 corp: 153/2624b lim: 4096 exec/s: 782505 rss: 35Mb L: 16/34 MS: 3 EraseBytes-ChangeByte-ChangeByte-
#879057	REDUCE cov: 50 ft: 396 corp: 153/2622b lim: 4096 exec/s: 439528 rss: 36Mb L: 16/34 MS: 2 ChangeBinInt-EraseBytes-
#939243	NEW    cov: 50 ft: 397 corp: 154/2640b lim: 4096 exec/s: 469621 rss: 36Mb L: 18/34 MS: 1 ChangeBit-
#960034	NEW    cov: 50 ft: 398 corp: 155/2658b lim: 4096 exec/s: 480017 rss: 36Mb L: 18/34 MS: 1 ChangeBit-
#989917	REDUCE cov: 50 ft: 398 corp: 155/2654b lim: 4096 exec/s: 494958 rss: 36Mb L: 25/34 MS: 3 InsertByte-ChangeBinInt-EraseBytes-
#1003167	REDUCE cov: 50 ft: 398 corp: 155/2652b lim: 4096 exec/s: 501583 rss: 36Mb L: 23/34 MS: 5 ChangeBit-InsertByte-InsertByte-CrossOver-EraseBytes-
#1048576	pulse  cov: 50 ft: 398 corp: 155/2652b lim: 4096 exec/s: 524288 rss: 36Mb
#1094676	REDUCE cov: 50 ft: 398 corp: 155/2650b lim: 4096 exec/s: 547338 rss: 36Mb L: 21/34 MS: 4 CopyPart-ChangeByte-EraseBytes-ChangeBit-
#1149674	REDUCE cov: 50 ft: 398 corp: 155/2648b lim: 4096 exec/s: 574837 rss: 36Mb L: 16/34 MS: 3 ChangeBinInt-ChangeBit-EraseBytes-
#1150653	REDUCE cov: 50 ft: 398 corp: 155/2646b lim: 4096 exec/s: 575326 rss: 36Mb L: 19/34 MS: 4 PersAutoDict-ChangeBit-EraseBytes-PersAutoDict- DE: "\377\377\377\377\377\377\377\016"-"\377\377\377\377\377\377\377\015"-
#1292055	REDUCE cov: 50 ft: 398 corp: 155/2644b lim: 4096 exec/s: 646027 rss: 36Mb L: 16/34 MS: 2 ChangeBinInt-EraseBytes-
#1361383	REDUCE cov: 50 ft: 398 corp: 155/2643b lim: 4096 exec/s: 453794 rss: 36Mb L: 15/34 MS: 3 ChangeBinInt-EraseBytes-InsertByte-
#1412386	NEW    cov: 50 ft: 399 corp: 156/2663b lim: 4096 exec/s: 470795 rss: 36Mb L: 20/34 MS: 3 ChangeBit-InsertByte-InsertByte-
#1412909	REDUCE cov: 50 ft: 399 corp: 156/2658b lim: 4096 exec/s: 470969 rss: 36Mb L: 15/34 MS: 3 EraseBytes-PersAutoDict-InsertByte- DE: "\001\000"-
#1598466	NEW    cov: 50 ft: 400 corp: 157/2673b lim: 4096 exec/s: 532822 rss: 36Mb L: 15/34 MS: 2 ChangeBit-ChangeBinInt-
#1629003	NEW    cov: 50 ft: 402 corp: 158/2691b lim: 4096 exec/s: 543001 rss: 36Mb L: 18/34 MS: 2 ChangeByte-ChangeBit-
#1879786	REDUCE cov: 50 ft: 402 corp: 158/2690b lim: 4096 exec/s: 469946 rss: 36Mb L: 15/34 MS: 3 CopyPart-ChangeBit-EraseBytes-
#1887749	REDUCE cov: 50 ft: 402 corp: 158/2688b lim: 4096 exec/s: 471937 rss: 36Mb L: 17/34 MS: 3 InsertByte-EraseBytes-ChangeBinInt-
#1926990	NEW    cov: 50 ft: 404 corp: 159/2706b lim: 4096 exec/s: 481747 rss: 36Mb L: 18/34 MS: 1 ChangeBit-
#2008891	NEW    cov: 50 ft: 405 corp: 160/2735b lim: 4096 exec/s: 502222 rss: 36Mb L: 29/34 MS: 1 PersAutoDict- DE: "y\000"-
#2044687	NEW    cov: 50 ft: 406 corp: 161/2767b lim: 4096 exec/s: 511171 rss: 36Mb L: 32/34 MS: 1 InsertRepeatedBytes-
#2131014	REDUCE cov: 50 ft: 406 corp: 161/2765b lim: 4096 exec/s: 532753 rss: 36Mb L: 16/34 MS: 2 ChangeBinInt-EraseBytes-
#2136127	REDUCE cov: 50 ft: 406 corp: 161/2763b lim: 4096 exec/s: 534031 rss: 36Mb L: 16/34 MS: 3 ShuffleBytes-ChangeBit-EraseBytes-
#2678936	REDUCE cov: 50 ft: 406 corp: 161/2761b lim: 4096 exec/s: 535787 rss: 36Mb L: 17/34 MS: 4 EraseBytes-EraseBytes-CMP-PersAutoDict- DE: "8\000"-"\377\377\377\377\377\377\377\016"-
#2707094	NEW    cov: 50 ft: 408 corp: 162/2779b lim: 4096 exec/s: 451182 rss: 36Mb L: 18/34 MS: 3 CopyPart-ChangeBinInt-ShuffleBytes-
#2899912	REDUCE cov: 50 ft: 408 corp: 162/2777b lim: 4096 exec/s: 483318 rss: 36Mb L: 27/34 MS: 3 CopyPart-EraseBytes-ChangeByte-
#2960547	NEW    cov: 50 ft: 409 corp: 163/2795b lim: 4096 exec/s: 493424 rss: 36Mb L: 18/34 MS: 5 CrossOver-ChangeBit-CrossOver-EraseBytes-EraseBytes-
#3141476	REDUCE cov: 50 ft: 409 corp: 163/2793b lim: 4096 exec/s: 448782 rss: 36Mb L: 15/34 MS: 4 ShuffleBytes-ChangeByte-PersAutoDict-EraseBytes- DE: "\377\377\377\377\377\377\377\015"-
#3217753	NEW    cov: 50 ft: 411 corp: 164/2811b lim: 4096 exec/s: 459679 rss: 36Mb L: 18/34 MS: 2 CrossOver-ChangeASCIIInt-
#3263654	REDUCE cov: 50 ft: 412 corp: 165/2838b lim: 4096 exec/s: 466236 rss: 36Mb L: 27/34 MS: 1 ChangeBinInt-
#3519970	NEW    cov: 50 ft: 413 corp: 166/2856b lim: 4096 exec/s: 502852 rss: 36Mb L: 18/34 MS: 1 CopyPart-
#3760268	REDUCE cov: 50 ft: 413 corp: 166/2854b lim: 4096 exec/s: 470033 rss: 36Mb L: 27/34 MS: 3 ShuffleBytes-InsertByte-EraseBytes-
#3827995	REDUCE cov: 50 ft: 413 corp: 166/2848b lim: 4096 exec/s: 478499 rss: 36Mb L: 23/34 MS: 2 ChangeBinInt-EraseBytes-
#4194304	pulse  cov: 50 ft: 413 corp: 166/2848b lim: 4096 exec/s: 466033 rss: 36Mb
#4326502	REDUCE cov: 50 ft: 413 corp: 166/2846b lim: 4096 exec/s: 480722 rss: 36Mb L: 25/34 MS: 2 CrossOver-EraseBytes-
#4964253	NEW    cov: 50 ft: 414 corp: 167/2864b lim: 4096 exec/s: 451295 rss: 36Mb L: 18/34 MS: 1 CopyPart-
#5051826	REDUCE cov: 50 ft: 414 corp: 167/2862b lim: 4096 exec/s: 459256 rss: 36Mb L: 16/34 MS: 3 ChangeByte-ChangeByte-EraseBytes-
#5156154	REDUCE cov: 50 ft: 414 corp: 167/2860b lim: 4096 exec/s: 468741 rss: 36Mb L: 25/34 MS: 3 InsertByte-PersAutoDict-EraseBytes- DE: "8\000"-
#6381781	REDUCE cov: 50 ft: 414 corp: 167/2859b lim: 4096 exec/s: 455841 rss: 36Mb L: 15/34 MS: 2 ChangeBit-EraseBytes-
#6881728	REDUCE cov: 50 ft: 414 corp: 167/2858b lim: 4096 exec/s: 458781 rss: 36Mb L: 15/34 MS: 2 ChangeBinInt-EraseBytes-
#7180747	REDUCE cov: 50 ft: 414 corp: 167/2855b lim: 4096 exec/s: 478716 rss: 36Mb L: 15/34 MS: 4 ChangeBit-ChangeBit-ChangeBit-EraseBytes-
#7318596	NEW    cov: 50 ft: 417 corp: 168/2878b lim: 4096 exec/s: 457412 rss: 36Mb L: 23/34 MS: 4 CrossOver-CopyPart-ChangeBit-EraseBytes-
#7982531	REDUCE cov: 50 ft: 420 corp: 169/2893b lim: 4096 exec/s: 469560 rss: 36Mb L: 15/34 MS: 5 ChangeBinInt-ShuffleBytes-ChangeByte-ShuffleBytes-CrossOver-
#8466898	REDUCE cov: 50 ft: 420 corp: 169/2891b lim: 4096 exec/s: 470383 rss: 36Mb L: 23/34 MS: 2 EraseBytes-CopyPart-
#10447100	REDUCE cov: 50 ft: 420 corp: 169/2890b lim: 4096 exec/s: 454221 rss: 36Mb L: 15/34 MS: 2 ChangeBit-EraseBytes-
panic: found special char in iban [recovered]
	panic: found special char in iban

goroutine 17 [running, locked to thread]:
git.ultraware.nl/iddinkgroep/fundament-api.Fuzz.func1()
	git.ultraware.nl/iddinkgroep/fundament-api/fuzz.go:19 +0xa5
panic({0x55da5756f760?, 0x55da57582c70?})
	runtime/panic.go:914 +0x21f
git.ultraware.nl/iddinkgroep/fundament-api.Fuzz({0xc0003900a0, 0xf})
	git.ultraware.nl/iddinkgroep/fundament-api/fuzz.go:34 +0x2b9
git.ultraware.nl/iddinkgroep/fundament-api.Fuzz_(...)
	git.ultraware.nl/iddinkgroep/fundament-api/fuzz.1527825026.go:6
main.LLVMFuzzerTestOneInput(...)
	./main.170485750.go:21
==29608== ERROR: libFuzzer: deadly signal
    #0 0x55da57492630 in __sanitizer_print_stack_trace (/seedai/experiments/libfuzzer/source_iban/libfuzzer+0xaf630) (BuildId: 688cb25bec4564588da2a67f6a2b25148a0fd5d4)
    #1 0x55da5745e755 in fuzzer::PrintStackTrace() (/seedai/experiments/libfuzzer/source_iban/libfuzzer+0x7b755) (BuildId: 688cb25bec4564588da2a67f6a2b25148a0fd5d4)
    #2 0x55da5743d3a9 in fuzzer::Fuzzer::CrashCallback() (.part.0) FuzzerLoop.cpp.o
    #3 0x55da5743d46a in fuzzer::Fuzzer::StaticCrashSignalCallback() (/seedai/experiments/libfuzzer/source_iban/libfuzzer+0x5a46a) (BuildId: 688cb25bec4564588da2a67f6a2b25148a0fd5d4)
    #4 0x7f27793f570f  (/usr/lib/libc.so.6+0x3e70f) (BuildId: 316d0d3666387f0e8fb98773f51aa1801027c5ab)
    #5 0x55da574f2160 in runtime.raise.abi0 runtime/sys_linux_amd64.s:153

NOTE: libFuzzer has rudimentary signal handlers.
      Combine libFuzzer with AddressSanitizer or similar for better crash reports.
SUMMARY: libFuzzer: deadly signal
MS: 2 ChangeASCIIInt-CopyPart-; base unit: 628c5a0d06ac6e9fdd8ebe6405478e1a65db3311
0x6e,0x6f,0x30,0x30,0x2d,0x30,0x30,0x30,0x30,0x30,0x30,0x30,0x30,0x41,0x41,
no00-00000000AA
artifact_prefix='./'; Test unit written to ./crash-f6508853eb04fa38e2ce575eb4b5c4ae5e1b72ec
Base64: bm8wMC0wMDAwMDAwMEFB
